2022-06-13T02:22:17.526419091Z stdout F 2022-06-13T02:22:17.526196Z	info	Istio iptables environment:
2022-06-13T02:22:17.526454552Z stdout F ENVOY_PORT=
2022-06-13T02:22:17.526459514Z stdout F INBOUND_CAPTURE_PORT=
2022-06-13T02:22:17.526462491Z stdout F ISTIO_INBOUND_INTERCEPTION_MODE=
2022-06-13T02:22:17.526465166Z stdout F ISTIO_INBOUND_TPROXY_ROUTE_TABLE=
2022-06-13T02:22:17.526467439Z stdout F ISTIO_INBOUND_PORTS=
2022-06-13T02:22:17.526469856Z stdout F ISTIO_OUTBOUND_PORTS=
2022-06-13T02:22:17.526472067Z stdout F ISTIO_LOCAL_EXCLUDE_PORTS=
2022-06-13T02:22:17.526474259Z stdout F ISTIO_EXCLUDE_INTERFACES=
2022-06-13T02:22:17.52647641Z stdout F ISTIO_SERVICE_CIDR=
2022-06-13T02:22:17.526478699Z stdout F ISTIO_SERVICE_EXCLUDE_CIDR=
2022-06-13T02:22:17.526480866Z stdout F ISTIO_META_DNS_CAPTURE=
2022-06-13T02:22:17.526483135Z stdout F INVALID_DROP=
2022-06-13T02:22:17.526485287Z stdout F 
2022-06-13T02:22:17.526487649Z stdout F 2022-06-13T02:22:17.526252Z	info	Istio iptables variables:
2022-06-13T02:22:17.526489851Z stdout F PROXY_PORT=15001
2022-06-13T02:22:17.526492126Z stdout F PROXY_INBOUND_CAPTURE_PORT=15006
2022-06-13T02:22:17.526494334Z stdout F PROXY_TUNNEL_PORT=15008
2022-06-13T02:22:17.526496591Z stdout F PROXY_UID=1337
2022-06-13T02:22:17.526498857Z stdout F PROXY_GID=1337
2022-06-13T02:22:17.52650112Z stdout F INBOUND_INTERCEPTION_MODE=REDIRECT
2022-06-13T02:22:17.526503388Z stdout F INBOUND_TPROXY_MARK=1337
2022-06-13T02:22:17.52650569Z stdout F INBOUND_TPROXY_ROUTE_TABLE=133
2022-06-13T02:22:17.526508229Z stdout F INBOUND_PORTS_INCLUDE=*
2022-06-13T02:22:17.526522889Z stdout F INBOUND_PORTS_EXCLUDE=15090,15021,15020
2022-06-13T02:22:17.52652566Z stdout F OUTBOUND_IP_RANGES_INCLUDE=*
2022-06-13T02:22:17.526527929Z stdout F OUTBOUND_IP_RANGES_EXCLUDE=
2022-06-13T02:22:17.52653012Z stdout F OUTBOUND_PORTS_INCLUDE=
2022-06-13T02:22:17.526533283Z stdout F OUTBOUND_PORTS_EXCLUDE=
2022-06-13T02:22:17.526535525Z stdout F KUBE_VIRT_INTERFACES=
2022-06-13T02:22:17.526537839Z stdout F ENABLE_INBOUND_IPV6=false
2022-06-13T02:22:17.526540019Z stdout F DNS_CAPTURE=false
2022-06-13T02:22:17.526542238Z stdout F DROP_INVALID=false
2022-06-13T02:22:17.526544425Z stdout F CAPTURE_ALL_DNS=false
2022-06-13T02:22:17.526546613Z stdout F DNS_SERVERS=[],[]
2022-06-13T02:22:17.526548891Z stdout F OUTPUT_PATH=
2022-06-13T02:22:17.526551113Z stdout F NETWORK_NAMESPACE=
2022-06-13T02:22:17.526553366Z stdout F CNI_MODE=false
2022-06-13T02:22:17.526555764Z stdout F EXCLUDE_INTERFACES=
2022-06-13T02:22:17.526557873Z stdout F 
2022-06-13T02:22:17.535110549Z stdout F 2022-06-13T02:22:17.527921Z	info	Writing following contents to rules file: /tmp/iptables-rules-1655086937526291766.txt4075404089
2022-06-13T02:22:17.53514974Z stdout F * nat
2022-06-13T02:22:17.535161508Z stdout F -N ISTIO_INBOUND
2022-06-13T02:22:17.535167116Z stdout F -N ISTIO_REDIRECT
2022-06-13T02:22:17.535171023Z stdout F -N ISTIO_IN_REDIRECT
2022-06-13T02:22:17.535175129Z stdout F -N ISTIO_OUTPUT
2022-06-13T02:22:17.535179387Z stdout F -A ISTIO_INBOUND -p tcp --dport 15008 -j RETURN
2022-06-13T02:22:17.535186935Z stdout F -A ISTIO_REDIRECT -p tcp -j REDIRECT --to-ports 15001
2022-06-13T02:22:17.5351958Z stdout F -A ISTIO_IN_REDIRECT -p tcp -j REDIRECT --to-ports 15006
2022-06-13T02:22:17.535201959Z stdout F -A PREROUTING -p tcp -j ISTIO_INBOUND
2022-06-13T02:22:17.535207721Z stdout F -A ISTIO_INBOUND -p tcp --dport 15090 -j RETURN
2022-06-13T02:22:17.535248096Z stdout F -A ISTIO_INBOUND -p tcp --dport 15021 -j RETURN
2022-06-13T02:22:17.535255757Z stdout F -A ISTIO_INBOUND -p tcp --dport 15020 -j RETURN
2022-06-13T02:22:17.535260784Z stdout F -A ISTIO_INBOUND -p tcp -j ISTIO_IN_REDIRECT
2022-06-13T02:22:17.535265482Z stdout F -A OUTPUT -p tcp -j ISTIO_OUTPUT
2022-06-13T02:22:17.535269768Z stdout F -A ISTIO_OUTPUT -o lo -s 127.0.0.6/32 -j RETURN
2022-06-13T02:22:17.535274616Z stdout F -A ISTIO_OUTPUT -o lo ! -d 127.0.0.1/32 -m owner --uid-owner 1337 -j ISTIO_IN_REDIRECT
2022-06-13T02:22:17.535278763Z stdout F -A ISTIO_OUTPUT -o lo -m owner ! --uid-owner 1337 -j RETURN
2022-06-13T02:22:17.535282864Z stdout F -A ISTIO_OUTPUT -m owner --uid-owner 1337 -j RETURN
2022-06-13T02:22:17.535326539Z stdout F -A ISTIO_OUTPUT -o lo ! -d 127.0.0.1/32 -m owner --gid-owner 1337 -j ISTIO_IN_REDIRECT
2022-06-13T02:22:17.535335594Z stdout F -A ISTIO_OUTPUT -o lo -m owner ! --gid-owner 1337 -j RETURN
2022-06-13T02:22:17.535340926Z stdout F -A ISTIO_OUTPUT -m owner --gid-owner 1337 -j RETURN
2022-06-13T02:22:17.535345662Z stdout F -A ISTIO_OUTPUT -d 127.0.0.1/32 -j RETURN
2022-06-13T02:22:17.535350139Z stdout F -A ISTIO_OUTPUT -j ISTIO_REDIRECT
2022-06-13T02:22:17.535354576Z stdout F COMMIT
2022-06-13T02:22:17.535359344Z stdout F 2022-06-13T02:22:17.527988Z	info	Running command: iptables-restore --noflush /tmp/iptables-rules-1655086937526291766.txt4075404089
2022-06-13T02:22:17.542961917Z stdout F 2022-06-13T02:22:17.537161Z	info	Writing following contents to rules file: /tmp/ip6tables-rules-1655086937537084832.txt1644938478
2022-06-13T02:22:17.542982271Z stdout F 
2022-06-13T02:22:17.542988262Z stdout F 2022-06-13T02:22:17.537289Z	info	Running command: ip6tables-restore --noflush /tmp/ip6tables-rules-1655086937537084832.txt1644938478
2022-06-13T02:22:17.542993263Z stdout F 2022-06-13T02:22:17.541433Z	info	Running command: iptables-save 
2022-06-13T02:22:17.551191937Z stdout F 2022-06-13T02:22:17.546887Z	info	Command output: 
2022-06-13T02:22:17.551218401Z stdout F # Generated by iptables-save v1.8.4 on Mon Jun 13 02:22:17 2022
2022-06-13T02:22:17.551225342Z stdout F *nat
2022-06-13T02:22:17.551230476Z stdout F :PREROUTING ACCEPT [0:0]
2022-06-13T02:22:17.551233844Z stdout F :INPUT ACCEPT [0:0]
2022-06-13T02:22:17.551236533Z stdout F :OUTPUT ACCEPT [0:0]
2022-06-13T02:22:17.551240001Z stdout F :POSTROUTING ACCEPT [0:0]
2022-06-13T02:22:17.551243885Z stdout F :ISTIO_INBOUND - [0:0]
2022-06-13T02:22:17.551247886Z stdout F :ISTIO_IN_REDIRECT - [0:0]
2022-06-13T02:22:17.551251732Z stdout F :ISTIO_OUTPUT - [0:0]
2022-06-13T02:22:17.551255675Z stdout F :ISTIO_REDIRECT - [0:0]
2022-06-13T02:22:17.551259955Z stdout F -A PREROUTING -p tcp -j ISTIO_INBOUND
2022-06-13T02:22:17.551264025Z stdout F -A OUTPUT -p tcp -j ISTIO_OUTPUT
2022-06-13T02:22:17.551268164Z stdout F -A ISTIO_INBOUND -p tcp -m tcp --dport 15008 -j RETURN
2022-06-13T02:22:17.551272061Z stdout F -A ISTIO_INBOUND -p tcp -m tcp --dport 15090 -j RETURN
2022-06-13T02:22:17.551275794Z stdout F -A ISTIO_INBOUND -p tcp -m tcp --dport 15021 -j RETURN
2022-06-13T02:22:17.551279526Z stdout F -A ISTIO_INBOUND -p tcp -m tcp --dport 15020 -j RETURN
2022-06-13T02:22:17.551283459Z stdout F -A ISTIO_INBOUND -p tcp -j ISTIO_IN_REDIRECT
2022-06-13T02:22:17.551287408Z stdout F -A ISTIO_IN_REDIRECT -p tcp -j REDIRECT --to-ports 15006
2022-06-13T02:22:17.551293941Z stdout F -A ISTIO_OUTPUT -s 127.0.0.6/32 -o lo -j RETURN
2022-06-13T02:22:17.551298616Z stdout F -A ISTIO_OUTPUT ! -d 127.0.0.1/32 -o lo -m owner --uid-owner 1337 -j ISTIO_IN_REDIRECT
2022-06-13T02:22:17.551302654Z stdout F -A ISTIO_OUTPUT -o lo -m owner ! --uid-owner 1337 -j RETURN
2022-06-13T02:22:17.551306522Z stdout F -A ISTIO_OUTPUT -m owner --uid-owner 1337 -j RETURN
2022-06-13T02:22:17.551310544Z stdout F -A ISTIO_OUTPUT ! -d 127.0.0.1/32 -o lo -m owner --gid-owner 1337 -j ISTIO_IN_REDIRECT
2022-06-13T02:22:17.551314542Z stdout F -A ISTIO_OUTPUT -o lo -m owner ! --gid-owner 1337 -j RETURN
2022-06-13T02:22:17.551318442Z stdout F -A ISTIO_OUTPUT -m owner --gid-owner 1337 -j RETURN
2022-06-13T02:22:17.551322441Z stdout F -A ISTIO_OUTPUT -d 127.0.0.1/32 -j RETURN
2022-06-13T02:22:17.551326677Z stdout F -A ISTIO_OUTPUT -j ISTIO_REDIRECT
2022-06-13T02:22:17.55133039Z stdout F -A ISTIO_REDIRECT -p tcp -j REDIRECT --to-ports 15001
2022-06-13T02:22:17.551334378Z stdout F COMMIT
2022-06-13T02:22:17.55133839Z stdout F # Completed on Mon Jun 13 02:22:17 2022
2022-06-13T02:22:17.551342149Z stdout F 
