2022-04-27T06:24:25.233955141Z stdout F 
2022-04-27T06:24:25.234029793Z stdout F   .   ____          _            __ _ _
2022-04-27T06:24:25.234047897Z stdout F  /\\ / ___'_ __ _ _(_)_ __  __ _ \ \ \ \
2022-04-27T06:24:25.234059219Z stdout F ( ( )\___ | '_ | '_| | '_ \/ _` | \ \ \ \
2022-04-27T06:24:25.234068116Z stdout F  \\/  ___)| |_)| | | | | || (_| |  ) ) ) )
2022-04-27T06:24:25.234076266Z stdout F   '  |____| .__|_| |_|_| |_\__, | / / / /
2022-04-27T06:24:25.23408522Z stdout F  =========|_|==============|___/=/_/_/_/
2022-04-27T06:24:26.101963164Z stdout F  :: Spring Boot ::       (v1.5.22.RELEASE)
2022-04-27T06:24:26.102012643Z stdout F 
2022-04-27T06:24:55.520000222Z stdout F 2022-04-27 14:24:54.508  INFO 1 --- [           main] execute.ExecuteApplication               : Starting ExecuteApplication v1.0 on ts-execute-service-7f968576b4-524j2 with PID 1 (/app/ts-execute-service-1.0.jar started by root in /)
2022-04-27T06:24:55.520114379Z stdout F 2022-04-27 14:24:55.517  INFO 1 --- [           main] execute.ExecuteApplication               : No active profile set, falling back to default profiles: default
2022-04-27T06:25:03.572802357Z stdout F 2022-04-27 14:25:03.571  INFO 1 --- [           main] ationConfigEmbeddedWebApplicationContext : Refreshing org.springframework.boot.context.embedded.AnnotationConfigEmbeddedWebApplicationContext@deb6432: startup date [Wed Apr 27 14:25:03 CST 2022]; root of context hierarchy
2022-04-27T06:26:43.126828409Z stdout F 2022-04-27 14:26:42.693  INFO 1 --- [           main] o.s.i.config.IntegrationRegistrar        : No bean named 'integrationHeaderChannelRegistry' has been explicitly defined. Therefore, a default DefaultHeaderChannelRegistry will be created.
2022-04-27T06:27:35.589885646Z stdout F 2022-04-27 14:27:35.497  INFO 1 --- [           main] faultConfiguringBeanFactoryPostProcessor : No bean named 'errorChannel' has been explicitly defined. Therefore, a default PublishSubscribeChannel will be created.
2022-04-27T06:27:36.317889584Z stdout F 2022-04-27 14:27:36.317  INFO 1 --- [           main] faultConfiguringBeanFactoryPostProcessor : No bean named 'taskScheduler' has been explicitly defined. Therefore, a default ThreadPoolTaskScheduler will be created.
2022-04-27T06:27:48.614052301Z stdout F 2022-04-27 14:27:48.611  INFO 1 --- [           main] trationDelegate$BeanPostProcessorChecker : Bean 'org.springframework.security.config.annotation.configuration.ObjectPostProcessorConfiguration' of type [org.springframework.security.config.annotation.configuration.ObjectPostProcessorConfiguration$$EnhancerBySpringCGLIB$$9bf9f108] is not eligible for getting processed by all BeanPostProcessors (for example: not eligible for auto-proxying)
2022-04-27T06:27:48.730938137Z stdout F 2022-04-27 14:27:48.730  INFO 1 --- [           main] trationDelegate$BeanPostProcessorChecker : Bean 'objectPostProcessor' of type [org.springframework.security.config.annotation.configuration.AutowireBeanFactoryObjectPostProcessor] is not eligible for getting processed by all BeanPostProcessors (for example: not eligible for auto-proxying)
2022-04-27T06:27:48.745317999Z stdout F 2022-04-27 14:27:48.744  INFO 1 --- [           main] trationDelegate$BeanPostProcessorChecker : Bean 'org.springframework.security.access.expression.method.DefaultMethodSecurityExpressionHandler@71809907' of type [org.springframework.security.access.expression.method.DefaultMethodSecurityExpressionHandler] is not eligible for getting processed by all BeanPostProcessors (for example: not eligible for auto-proxying)
2022-04-27T06:27:48.816688746Z stdout F 2022-04-27 14:27:48.816  INFO 1 --- [           main] trationDelegate$BeanPostProcessorChecker : Bean 'org.springframework.security.config.annotation.method.configuration.GlobalMethodSecurityConfiguration' of type [org.springframework.security.config.annotation.method.configuration.GlobalMethodSecurityConfiguration$$EnhancerBySpringCGLIB$$c0ce93ba] is not eligible for getting processed by all BeanPostProcessors (for example: not eligible for auto-proxying)
2022-04-27T06:27:48.856337416Z stdout F 2022-04-27 14:27:48.851  INFO 1 --- [           main] trationDelegate$BeanPostProcessorChecker : Bean 'methodSecurityMetadataSource' of type [org.springframework.security.access.method.DelegatingMethodSecurityMetadataSource] is not eligible for getting processed by all BeanPostProcessors (for example: not eligible for auto-proxying)
2022-04-27T06:27:53.239745024Z stdout F 2022-04-27 14:27:53.235  INFO 1 --- [           main] trationDelegate$BeanPostProcessorChecker : Bean 'integrationGlobalProperties' of type [org.springframework.beans.factory.config.PropertiesFactoryBean] is not eligible for getting processed by all BeanPostProcessors (for example: not eligible for auto-proxying)
2022-04-27T06:27:53.303730752Z stdout F 2022-04-27 14:27:53.301  INFO 1 --- [           main] trationDelegate$BeanPostProcessorChecker : Bean 'integrationGlobalProperties' of type [java.util.Properties] is not eligible for getting processed by all BeanPostProcessors (for example: not eligible for auto-proxying)
2022-04-27T06:28:26.633241761Z stdout F 2022-04-27 14:28:26.564  INFO 1 --- [           main] s.b.c.e.t.TomcatEmbeddedServletContainer : Tomcat initialized with port(s): 12386 (http)
2022-04-27T06:28:31.997309596Z stdout F 2022-04-27 14:28:31.995  INFO 1 --- [           main] o.apache.catalina.core.StandardService   : Starting service [Tomcat]
2022-04-27T06:28:32.047027852Z stdout F 2022-04-27 14:28:31.996  INFO 1 --- [           main] org.apache.catalina.core.StandardEngine  : Starting Servlet Engine: Apache Tomcat/8.5.43
2022-04-27T06:28:43.181724864Z stdout F 2022-04-27 14:28:43.056  INFO 1 --- [ost-startStop-1] o.a.c.c.C.[Tomcat].[localhost].[/]       : Initializing Spring embedded WebApplicationContext
2022-04-27T06:28:43.181793752Z stdout F 2022-04-27 14:28:43.178  INFO 1 --- [ost-startStop-1] o.s.web.context.ContextLoader            : Root WebApplicationContext: initialization completed in 219640 ms
2022-04-27T06:30:37.301153612Z stdout F 2022-04-27 14:30:37.104  INFO 1 --- [ost-startStop-1] o.s.b.w.servlet.FilterRegistrationBean   : Mapping filter: 'metricsFilter' to: [/*]
2022-04-27T06:30:37.331491414Z stdout F 2022-04-27 14:30:37.330  INFO 1 --- [ost-startStop-1] o.s.b.w.servlet.FilterRegistrationBean   : Mapping filter: 'characterEncodingFilter' to: [/*]
2022-04-27T06:30:37.331523632Z stdout F 2022-04-27 14:30:37.330  INFO 1 --- [ost-startStop-1] o.s.b.w.servlet.FilterRegistrationBean   : Mapping filter: 'hiddenHttpMethodFilter' to: [/*]
2022-04-27T06:30:37.331778838Z stdout F 2022-04-27 14:30:37.331  INFO 1 --- [ost-startStop-1] o.s.b.w.servlet.FilterRegistrationBean   : Mapping filter: 'httpPutFormContentFilter' to: [/*]
2022-04-27T06:30:37.331812082Z stdout F 2022-04-27 14:30:37.331  INFO 1 --- [ost-startStop-1] o.s.b.w.servlet.FilterRegistrationBean   : Mapping filter: 'requestContextFilter' to: [/*]
2022-04-27T06:30:37.591075155Z stdout F 2022-04-27 14:30:37.590  INFO 1 --- [ost-startStop-1] .s.DelegatingFilterProxyRegistrationBean : Mapping filter: 'springSecurityFilterChain' to: [/*]
2022-04-27T06:30:37.591101736Z stdout F 2022-04-27 14:30:37.590  INFO 1 --- [ost-startStop-1] o.s.b.w.servlet.FilterRegistrationBean   : Mapping filter: 'webRequestLoggingFilter' to: [/*]
2022-04-27T06:30:37.59120614Z stdout F 2022-04-27 14:30:37.590  INFO 1 --- [ost-startStop-1] o.s.b.w.servlet.FilterRegistrationBean   : Mapping filter: 'applicationContextIdFilter' to: [/*]
2022-04-27T06:30:37.654219682Z stdout F 2022-04-27 14:30:37.591  INFO 1 --- [ost-startStop-1] o.s.b.w.servlet.ServletRegistrationBean  : Mapping servlet: 'dispatcherServlet' to [/]
2022-04-27T06:32:53.320126074Z stdout F 2022-04-27 14:32:53.239  INFO 1 --- [           main] s.w.s.m.m.a.RequestMappingHandlerMapping : Mapped "{[/api/v1/executeservice/execute/collected/{orderId}],methods=[GET]}" onto public org.springframework.http.HttpEntity execute.controller.ExecuteControlller.collectTicket(java.lang.String,org.springframework.http.HttpHeaders)
2022-04-27T06:32:53.402595601Z stdout F 2022-04-27 14:32:53.389  INFO 1 --- [           main] s.w.s.m.m.a.RequestMappingHandlerMapping : Mapped "{[/api/v1/executeservice/execute/execute/{orderId}],methods=[GET]}" onto public org.springframework.http.HttpEntity execute.controller.ExecuteControlller.executeTicket(java.lang.String,org.springframework.http.HttpHeaders)
2022-04-27T06:32:53.518124061Z stdout F 2022-04-27 14:32:53.517  INFO 1 --- [           main] s.w.s.m.m.a.RequestMappingHandlerMapping : Mapped "{[/api/v1/executeservice/welcome],methods=[GET]}" onto public java.lang.String execute.controller.ExecuteControlller.home(org.springframework.http.HttpHeaders)
2022-04-27T06:32:53.560904332Z stdout F 2022-04-27 14:32:53.528  INFO 1 --- [           main] s.w.s.m.m.a.RequestMappingHandlerMapping : Mapped "{[/v2/api-docs],methods=[GET],produces=[application/json || application/hal+json]}" onto public org.springframework.http.ResponseEntity<springfox.documentation.spring.web.json.Json> springfox.documentation.swagger2.web.Swagger2Controller.getDocumentation(java.lang.String,javax.servlet.http.HttpServletRequest)
2022-04-27T06:32:53.702024101Z stdout F 2022-04-27 14:32:53.700  INFO 1 --- [           main] s.w.s.m.m.a.RequestMappingHandlerMapping : Mapped "{[/configuration/ui]}" onto org.springframework.http.ResponseEntity<springfox.documentation.swagger.web.UiConfiguration> springfox.documentation.swagger.web.ApiResourceController.uiConfiguration()
2022-04-27T06:32:53.824575985Z stdout F 2022-04-27 14:32:53.823  INFO 1 --- [           main] s.w.s.m.m.a.RequestMappingHandlerMapping : Mapped "{[/swagger-resources]}" onto org.springframework.http.ResponseEntity<java.util.List<springfox.documentation.swagger.web.SwaggerResource>> springfox.documentation.swagger.web.ApiResourceController.swaggerResources()
2022-04-27T06:32:53.878306428Z stdout F 2022-04-27 14:32:53.877  INFO 1 --- [           main] s.w.s.m.m.a.RequestMappingHandlerMapping : Mapped "{[/configuration/security]}" onto org.springframework.http.ResponseEntity<springfox.documentation.swagger.web.SecurityConfiguration> springfox.documentation.swagger.web.ApiResourceController.securityConfiguration()
2022-04-27T06:32:54.181577374Z stdout F 2022-04-27 14:32:54.067  INFO 1 --- [           main] s.w.s.m.m.a.RequestMappingHandlerMapping : Mapped "{[/error],produces=[text/html]}" onto public org.springframework.web.servlet.ModelAndView org.springframework.boot.autoconfigure.web.BasicErrorController.errorHtml(javax.servlet.http.HttpServletRequest,javax.servlet.http.HttpServletResponse)
2022-04-27T06:32:54.184533261Z stdout F 2022-04-27 14:32:54.181  INFO 1 --- [           main] s.w.s.m.m.a.RequestMappingHandlerMapping : Mapped "{[/error]}" onto public org.springframework.http.ResponseEntity<java.util.Map<java.lang.String, java.lang.Object>> org.springframework.boot.autoconfigure.web.BasicErrorController.error(javax.servlet.http.HttpServletRequest)
2022-04-27T06:33:21.140183625Z stdout F 2022-04-27 14:33:21.022  INFO 1 --- [           main] o.s.b.a.e.mvc.EndpointHandlerMapping     : Mapped "{[/auditevents || /auditevents.json],methods=[GET],produces=[application/vnd.spring-boot.actuator.v1+json || application/json]}" onto public org.springframework.http.ResponseEntity<?> org.springframework.boot.actuate.endpoint.mvc.AuditEventsMvcEndpoint.findByPrincipalAndAfterAndType(java.lang.String,java.util.Date,java.lang.String)
2022-04-27T06:33:21.219942065Z stdout F 2022-04-27 14:33:21.217  INFO 1 --- [           main] o.s.b.a.e.mvc.EndpointHandlerMapping     : Mapped "{[/beans || /beans.json],methods=[GET],produces=[application/vnd.spring-boot.actuator.v1+json || application/json]}" onto public java.lang.Object org.springframework.boot.actuate.endpoint.mvc.EndpointMvcAdapter.invoke()
2022-04-27T06:33:21.221419318Z stdout F 2022-04-27 14:33:21.219  INFO 1 --- [           main] o.s.b.a.e.mvc.EndpointHandlerMapping     : Mapped "{[/mappings || /mappings.json],methods=[GET],produces=[application/vnd.spring-boot.actuator.v1+json || application/json]}" onto public java.lang.Object org.springframework.boot.actuate.endpoint.mvc.EndpointMvcAdapter.invoke()
2022-04-27T06:33:21.341252624Z stdout F 2022-04-27 14:33:21.339  INFO 1 --- [           main] o.s.b.a.e.mvc.EndpointHandlerMapping     : Mapped "{[/trace || /trace.json],methods=[GET],produces=[application/vnd.spring-boot.actuator.v1+json || application/json]}" onto public java.lang.Object org.springframework.boot.actuate.endpoint.mvc.EndpointMvcAdapter.invoke()
2022-04-27T06:33:21.617508817Z stdout F 2022-04-27 14:33:21.494  INFO 1 --- [           main] o.s.b.a.e.mvc.EndpointHandlerMapping     : Mapped "{[/env/{name:.*}],methods=[GET],produces=[application/vnd.spring-boot.actuator.v1+json || application/json]}" onto public java.lang.Object org.springframework.boot.actuate.endpoint.mvc.EnvironmentMvcEndpoint.value(java.lang.String)
2022-04-27T06:33:21.617543766Z stdout F 2022-04-27 14:33:21.615  INFO 1 --- [           main] o.s.b.a.e.mvc.EndpointHandlerMapping     : Mapped "{[/env || /env.json],methods=[GET],produces=[application/vnd.spring-boot.actuator.v1+json || application/json]}" onto public java.lang.Object org.springframework.boot.actuate.endpoint.mvc.EndpointMvcAdapter.invoke()
2022-04-27T06:33:21.84207312Z stdout F 2022-04-27 14:33:21.799  INFO 1 --- [           main] o.s.b.a.e.mvc.EndpointHandlerMapping     : Mapped "{[/metrics/{name:.*}],methods=[GET],produces=[application/vnd.spring-boot.actuator.v1+json || application/json]}" onto public java.lang.Object org.springframework.boot.actuate.endpoint.mvc.MetricsMvcEndpoint.value(java.lang.String)
2022-04-27T06:33:21.842124136Z stdout F 2022-04-27 14:33:21.841  INFO 1 --- [           main] o.s.b.a.e.mvc.EndpointHandlerMapping     : Mapped "{[/metrics || /metrics.json],methods=[GET],produces=[application/vnd.spring-boot.actuator.v1+json || application/json]}" onto public java.lang.Object org.springframework.boot.actuate.endpoint.mvc.EndpointMvcAdapter.invoke()
2022-04-27T06:33:22.09468548Z stdout F 2022-04-27 14:33:22.089  INFO 1 --- [           main] o.s.b.a.e.mvc.EndpointHandlerMapping     : Mapped "{[/configprops || /configprops.json],methods=[GET],produces=[application/vnd.spring-boot.actuator.v1+json || application/json]}" onto public java.lang.Object org.springframework.boot.actuate.endpoint.mvc.EndpointMvcAdapter.invoke()
2022-04-27T06:33:22.266596068Z stdout F 2022-04-27 14:33:22.264  INFO 1 --- [           main] o.s.b.a.e.mvc.EndpointHandlerMapping     : Mapped "{[/heapdump || /heapdump.json],methods=[GET],produces=[application/octet-stream]}" onto public void org.springframework.boot.actuate.endpoint.mvc.HeapdumpMvcEndpoint.invoke(boolean,javax.servlet.http.HttpServletRequest,javax.servlet.http.HttpServletResponse) throws java.io.IOException,javax.servlet.ServletException
2022-04-27T06:33:22.376720754Z stdout F 2022-04-27 14:33:22.367  INFO 1 --- [           main] o.s.b.a.e.mvc.EndpointHandlerMapping     : Mapped "{[/health || /health.json],methods=[GET],produces=[application/vnd.spring-boot.actuator.v1+json || application/json]}" onto public java.lang.Object org.springframework.boot.actuate.endpoint.mvc.HealthMvcEndpoint.invoke(javax.servlet.http.HttpServletRequest,java.security.Principal)
2022-04-27T06:33:22.531743893Z stdout F 2022-04-27 14:33:22.529  INFO 1 --- [           main] o.s.b.a.e.mvc.EndpointHandlerMapping     : Mapped "{[/loggers/{name:.*}],methods=[GET],produces=[application/vnd.spring-boot.actuator.v1+json || application/json]}" onto public java.lang.Object org.springframework.boot.actuate.endpoint.mvc.LoggersMvcEndpoint.get(java.lang.String)
2022-04-27T06:33:22.531814377Z stdout F 2022-04-27 14:33:22.530  INFO 1 --- [           main] o.s.b.a.e.mvc.EndpointHandlerMapping     : Mapped "{[/loggers/{name:.*}],methods=[POST],consumes=[application/vnd.spring-boot.actuator.v1+json || application/json],produces=[application/vnd.spring-boot.actuator.v1+json || application/json]}" onto public java.lang.Object org.springframework.boot.actuate.endpoint.mvc.LoggersMvcEndpoint.set(java.lang.String,java.util.Map<java.lang.String, java.lang.String>)
2022-04-27T06:33:22.531828682Z stdout F 2022-04-27 14:33:22.531  INFO 1 --- [           main] o.s.b.a.e.mvc.EndpointHandlerMapping     : Mapped "{[/loggers || /loggers.json],methods=[GET],produces=[application/vnd.spring-boot.actuator.v1+json || application/json]}" onto public java.lang.Object org.springframework.boot.actuate.endpoint.mvc.EndpointMvcAdapter.invoke()
2022-04-27T06:33:22.588685884Z stdout F 2022-04-27 14:33:22.585  INFO 1 --- [           main] o.s.b.a.e.mvc.EndpointHandlerMapping     : Mapped "{[/info || /info.json],methods=[GET],produces=[application/vnd.spring-boot.actuator.v1+json || application/json]}" onto public java.lang.Object org.springframework.boot.actuate.endpoint.mvc.EndpointMvcAdapter.invoke()
2022-04-27T06:33:22.608157527Z stdout F 2022-04-27 14:33:22.607  INFO 1 --- [           main] o.s.b.a.e.mvc.EndpointHandlerMapping     : Mapped "{[/autoconfig || /autoconfig.json],methods=[GET],produces=[application/vnd.spring-boot.actuator.v1+json || application/json]}" onto public java.lang.Object org.springframework.boot.actuate.endpoint.mvc.EndpointMvcAdapter.invoke()
2022-04-27T06:33:22.760906094Z stdout F 2022-04-27 14:33:22.758  INFO 1 --- [           main] o.s.b.a.e.mvc.EndpointHandlerMapping     : Mapped "{[/dump || /dump.json],methods=[GET],produces=[application/vnd.spring-boot.actuator.v1+json || application/json]}" onto public java.lang.Object org.springframework.boot.actuate.endpoint.mvc.EndpointMvcAdapter.invoke()
2022-04-27T06:33:40.676783148Z stdout F 2022-04-27 14:33:40.672  INFO 1 --- [           main] b.a.s.AuthenticationManagerConfiguration : 
2022-04-27T06:33:40.676823893Z stdout F 
2022-04-27T06:33:40.676830572Z stdout F Using default security password: 1c970b13-98d7-4c17-b528-6cddd64a7ad0
2022-04-27T06:33:40.67683403Z stdout F 
2022-04-27T06:33:49.271438323Z stdout F 2022-04-27 14:33:49.267  INFO 1 --- [           main] o.s.s.web.DefaultSecurityFilterChain     : Creating filter chain: org.springframework.security.web.util.matcher.AnyRequestMatcher@1, [org.springframework.security.web.context.request.async.WebAsyncManagerIntegrationFilter@78e4deb0, org.springframework.security.web.context.SecurityContextPersistenceFilter@63376bed, org.springframework.security.web.header.HeaderWriterFilter@1a942c18, org.springframework.security.web.authentication.logout.LogoutFilter@2ddc9a9f, edu.fudan.common.security.jwt.JWTFilter@6e9175d8, org.springframework.security.web.savedrequest.RequestCacheAwareFilter@d86a6f, org.springframework.security.web.servletapi.SecurityContextHolderAwareRequestFilter@3646a422, org.springframework.security.web.authentication.AnonymousAuthenticationFilter@7d0b7e3c, org.springframework.security.web.session.SessionManagementFilter@71ba6d4e, org.springframework.security.web.access.ExceptionTranslationFilter@60099951, org.springframework.security.web.access.intercept.FilterSecurityInterceptor@76a4ebf2]
2022-04-27T06:33:52.039116304Z stdout F 2022-04-27 14:33:51.965  INFO 1 --- [           main] o.s.w.s.handler.SimpleUrlHandlerMapping  : Mapped URL path [/webjars/**] onto handler of type [class org.springframework.web.servlet.resource.ResourceHttpRequestHandler]
2022-04-27T06:33:52.039520169Z stdout F 2022-04-27 14:33:52.038  INFO 1 --- [           main] o.s.w.s.handler.SimpleUrlHandlerMapping  : Mapped URL path [/**] onto handler of type [class org.springframework.web.servlet.resource.ResourceHttpRequestHandler]
2022-04-27T06:34:00.103847835Z stdout F 2022-04-27 14:34:00.102  INFO 1 --- [           main] o.s.w.s.handler.SimpleUrlHandlerMapping  : Mapped URL path [/**/favicon.ico] onto handler of type [class org.springframework.web.servlet.resource.ResourceHttpRequestHandler]
2022-04-27T06:34:10.075956113Z stdout F 2022-04-27 14:34:10.075  INFO 1 --- [           main] o.s.s.web.DefaultSecurityFilterChain     : Creating filter chain: org.springframework.boot.actuate.autoconfigure.ManagementWebSecurityAutoConfiguration$LazyEndpointPathRequestMatcher@6440112d, [org.springframework.security.web.context.request.async.WebAsyncManagerIntegrationFilter@31ea9581, org.springframework.security.web.context.SecurityContextPersistenceFilter@76b1e9b8, org.springframework.security.web.header.HeaderWriterFilter@74ea2410, org.springframework.web.filter.CorsFilter@231f98ef, org.springframework.security.web.authentication.logout.LogoutFilter@248e319b, org.springframework.security.web.authentication.www.BasicAuthenticationFilter@7ef82753, org.springframework.security.web.savedrequest.RequestCacheAwareFilter@27406a17, org.springframework.security.web.servletapi.SecurityContextHolderAwareRequestFilter@2af004b, org.springframework.security.web.authentication.AnonymousAuthenticationFilter@7c137fd5, org.springframework.security.web.session.SessionManagementFilter@17f62e33, org.springframework.security.web.access.ExceptionTranslationFilter@25ce9dc4, org.springframework.security.web.access.intercept.FilterSecurityInterceptor@117159c0]
2022-04-27T06:34:33.199852514Z stdout F 2022-04-27 14:34:33.198  INFO 1 --- [           main] s.w.s.m.m.a.RequestMappingHandlerAdapter : Looking for @ControllerAdvice: org.springframework.boot.context.embedded.AnnotationConfigEmbeddedWebApplicationContext@deb6432: startup date [Wed Apr 27 14:25:03 CST 2022]; root of context hierarchy
2022-04-27T06:34:58.623116619Z stdout F 2022-04-27 14:34:58.621  INFO 1 --- [           main] o.s.s.c.ThreadPoolTaskScheduler          : Initializing ExecutorService 'taskScheduler'
2022-04-27T06:35:18.169745625Z stdout F 2022-04-27 14:35:18.168  INFO 1 --- [           main] o.s.j.e.a.AnnotationMBeanExporter        : Registering beans for JMX exposure on startup
2022-04-27T06:35:18.869613991Z stdout F 2022-04-27 14:35:18.869  INFO 1 --- [           main] o.s.c.support.DefaultLifecycleProcessor  : Starting beans in phase 0
2022-04-27T06:35:21.265735275Z stdout F 2022-04-27 14:35:21.264  INFO 1 --- [           main] o.s.i.endpoint.EventDrivenConsumer       : Adding {logging-channel-adapter:_org.springframework.integration.errorLogger} as a subscriber to the 'errorChannel' channel
2022-04-27T06:35:21.266327114Z stdout F 2022-04-27 14:35:21.265  INFO 1 --- [           main] o.s.i.channel.PublishSubscribeChannel    : Channel 'ts-execute-service:12386.errorChannel' has 1 subscriber(s).
2022-04-27T06:35:21.266520629Z stdout F 2022-04-27 14:35:21.266  INFO 1 --- [           main] o.s.i.endpoint.EventDrivenConsumer       : started _org.springframework.integration.errorLogger
2022-04-27T06:35:21.929004722Z stdout F 2022-04-27 14:35:21.860  INFO 1 --- [           main] d.s.w.p.DocumentationPluginsBootstrapper : Context refreshed
2022-04-27T06:35:22.763099193Z stdout F 2022-04-27 14:35:22.735  INFO 1 --- [           main] d.s.w.p.DocumentationPluginsBootstrapper : Found 1 custom documentation plugin(s)
2022-04-27T06:35:23.028709945Z stdout F 2022-04-27 14:35:23.028  INFO 1 --- [           main] s.d.s.w.s.ApiListingReferenceScanner     : Scanning for api listing references
2022-04-27T06:35:27.509999436Z stdout F 2022-04-27 14:35:27.509  INFO 1 --- [           main] .d.s.w.r.o.CachingOperationNameGenerator : Generating unique operation named: findByPrincipalAndAfterAndTypeUsingGET_1
2022-04-27T06:35:30.630051808Z stdout F 2022-04-27 14:35:30.614  INFO 1 --- [           main] .d.s.w.r.o.CachingOperationNameGenerator : Generating unique operation named: invokeUsingGET_1
2022-04-27T06:35:30.645791791Z stdout F 2022-04-27 14:35:30.640  INFO 1 --- [           main] .d.s.w.r.o.CachingOperationNameGenerator : Generating unique operation named: invokeUsingGET_2
2022-04-27T06:35:30.745828126Z stdout F 2022-04-27 14:35:30.642  INFO 1 --- [           main] .d.s.w.r.o.CachingOperationNameGenerator : Generating unique operation named: invokeUsingGET_3
2022-04-27T06:35:30.850207185Z stdout F 2022-04-27 14:35:30.849  INFO 1 --- [           main] .d.s.w.r.o.CachingOperationNameGenerator : Generating unique operation named: invokeUsingGET_4
2022-04-27T06:35:30.976002297Z stdout F 2022-04-27 14:35:30.951  INFO 1 --- [           main] .d.s.w.r.o.CachingOperationNameGenerator : Generating unique operation named: invokeUsingGET_5
2022-04-27T06:35:30.976189167Z stdout F 2022-04-27 14:35:30.972  INFO 1 --- [           main] .d.s.w.r.o.CachingOperationNameGenerator : Generating unique operation named: invokeUsingGET_6
2022-04-27T06:35:31.20447674Z stdout F 2022-04-27 14:35:31.203  INFO 1 --- [           main] .d.s.w.r.o.CachingOperationNameGenerator : Generating unique operation named: invokeUsingGET_7
2022-04-27T06:35:31.324400687Z stdout F 2022-04-27 14:35:31.322  INFO 1 --- [           main] .d.s.w.r.o.CachingOperationNameGenerator : Generating unique operation named: invokeUsingGET_8
2022-04-27T06:35:31.341071418Z stdout F 2022-04-27 14:35:31.340  INFO 1 --- [           main] .d.s.w.r.o.CachingOperationNameGenerator : Generating unique operation named: invokeUsingGET_9
2022-04-27T06:35:31.743845502Z stdout F 2022-04-27 14:35:31.743  INFO 1 --- [           main] .d.s.w.r.o.CachingOperationNameGenerator : Generating unique operation named: invokeUsingGET_10
2022-04-27T06:35:31.815555284Z stdout F 2022-04-27 14:35:31.812  INFO 1 --- [           main] .d.s.w.r.o.CachingOperationNameGenerator : Generating unique operation named: invokeUsingGET_11
2022-04-27T06:35:31.984126342Z stdout F 2022-04-27 14:35:31.983  INFO 1 --- [           main] .d.s.w.r.o.CachingOperationNameGenerator : Generating unique operation named: invokeUsingGET_12
2022-04-27T06:35:32.142158161Z stdout F 2022-04-27 14:35:32.135  INFO 1 --- [           main] .d.s.w.r.o.CachingOperationNameGenerator : Generating unique operation named: invokeUsingGET_13
2022-04-27T06:35:32.261468576Z stdout F 2022-04-27 14:35:32.258  INFO 1 --- [           main] .d.s.w.r.o.CachingOperationNameGenerator : Generating unique operation named: invokeUsingGET_14
2022-04-27T06:35:32.369306877Z stdout F 2022-04-27 14:35:32.329  INFO 1 --- [           main] .d.s.w.r.o.CachingOperationNameGenerator : Generating unique operation named: invokeUsingGET_15
2022-04-27T06:35:33.088622565Z stdout F 2022-04-27 14:35:33.088  INFO 1 --- [           main] .d.s.w.r.o.CachingOperationNameGenerator : Generating unique operation named: invokeUsingGET_16
2022-04-27T06:35:33.119423413Z stdout F 2022-04-27 14:35:33.118  INFO 1 --- [           main] .d.s.w.r.o.CachingOperationNameGenerator : Generating unique operation named: invokeUsingGET_17
2022-04-27T06:35:33.274314631Z stdout F 2022-04-27 14:35:33.272  INFO 1 --- [           main] .d.s.w.r.o.CachingOperationNameGenerator : Generating unique operation named: invokeUsingGET_18
2022-04-27T06:35:33.394345188Z stdout F 2022-04-27 14:35:33.393  INFO 1 --- [           main] .d.s.w.r.o.CachingOperationNameGenerator : Generating unique operation named: invokeUsingGET_19
2022-04-27T06:35:33.989403795Z stdout F 2022-04-27 14:35:33.976  INFO 1 --- [           main] .d.s.w.r.o.CachingOperationNameGenerator : Generating unique operation named: invokeUsingGET_20
2022-04-27T06:35:34.24106701Z stdout F 2022-04-27 14:35:34.240  INFO 1 --- [           main] .d.s.w.r.o.CachingOperationNameGenerator : Generating unique operation named: invokeUsingGET_21
2022-04-27T06:35:34.527507832Z stdout F 2022-04-27 14:35:34.527  INFO 1 --- [           main] .d.s.w.r.o.CachingOperationNameGenerator : Generating unique operation named: invokeUsingGET_22
2022-04-27T06:35:35.636919405Z stdout F 2022-04-27 14:35:35.031  INFO 1 --- [           main] .d.s.w.r.o.CachingOperationNameGenerator : Generating unique operation named: invokeUsingGET_23
2022-04-27T06:35:36.155273414Z stdout F 2022-04-27 14:35:36.151  INFO 1 --- [           main] .d.s.w.r.o.CachingOperationNameGenerator : Generating unique operation named: valueUsingGET_1
2022-04-27T06:35:37.607380247Z stdout F 2022-04-27 14:35:37.602  INFO 1 --- [           main] s.b.c.e.t.TomcatEmbeddedServletContainer : Tomcat started on port(s): 12386 (http)
2022-04-27T06:35:38.035243952Z stdout F 2022-04-27 14:35:38.034  INFO 1 --- [           main] execute.ExecuteApplication               : Started ExecuteApplication in 693.562 seconds (JVM running for 721.115)
