2022-05-25T12:11:36.737978414Z stdout F 2022-05-25T12:11:36.736104Z	info	Istio iptables environment:
2022-05-25T12:11:36.738326606Z stdout F ENVOY_PORT=
2022-05-25T12:11:36.738359677Z stdout F INBOUND_CAPTURE_PORT=
2022-05-25T12:11:36.738368325Z stdout F ISTIO_INBOUND_INTERCEPTION_MODE=
2022-05-25T12:11:36.738373301Z stdout F ISTIO_INBOUND_TPROXY_ROUTE_TABLE=
2022-05-25T12:11:36.738391361Z stdout F ISTIO_INBOUND_PORTS=
2022-05-25T12:11:36.738400855Z stdout F ISTIO_OUTBOUND_PORTS=
2022-05-25T12:11:36.738405423Z stdout F ISTIO_LOCAL_EXCLUDE_PORTS=
2022-05-25T12:11:36.738419075Z stdout F ISTIO_EXCLUDE_INTERFACES=
2022-05-25T12:11:36.738428105Z stdout F ISTIO_SERVICE_CIDR=
2022-05-25T12:11:36.738432465Z stdout F ISTIO_SERVICE_EXCLUDE_CIDR=
2022-05-25T12:11:36.738436269Z stdout F ISTIO_META_DNS_CAPTURE=
2022-05-25T12:11:36.738440487Z stdout F INVALID_DROP=
2022-05-25T12:11:36.73844405Z stdout F 
2022-05-25T12:11:36.738463734Z stdout F 2022-05-25T12:11:36.736622Z	info	Istio iptables variables:
2022-05-25T12:11:36.738469331Z stdout F PROXY_PORT=15001
2022-05-25T12:11:36.738473946Z stdout F PROXY_INBOUND_CAPTURE_PORT=15006
2022-05-25T12:11:36.738478129Z stdout F PROXY_TUNNEL_PORT=15008
2022-05-25T12:11:36.738482451Z stdout F PROXY_UID=1337
2022-05-25T12:11:36.738506353Z stdout F PROXY_GID=1337
2022-05-25T12:11:36.738514127Z stdout F INBOUND_INTERCEPTION_MODE=REDIRECT
2022-05-25T12:11:36.738634438Z stdout F INBOUND_TPROXY_MARK=1337
2022-05-25T12:11:36.738645472Z stdout F INBOUND_TPROXY_ROUTE_TABLE=133
2022-05-25T12:11:36.738650537Z stdout F INBOUND_PORTS_INCLUDE=*
2022-05-25T12:11:36.738654793Z stdout F INBOUND_PORTS_EXCLUDE=15090,15021,15020
2022-05-25T12:11:36.738658568Z stdout F OUTBOUND_IP_RANGES_INCLUDE=*
2022-05-25T12:11:36.738662766Z stdout F OUTBOUND_IP_RANGES_EXCLUDE=
2022-05-25T12:11:36.738666989Z stdout F OUTBOUND_PORTS_INCLUDE=
2022-05-25T12:11:36.738672168Z stdout F OUTBOUND_PORTS_EXCLUDE=
2022-05-25T12:11:36.738682673Z stdout F KUBE_VIRT_INTERFACES=
2022-05-25T12:11:36.738689492Z stdout F ENABLE_INBOUND_IPV6=false
2022-05-25T12:11:36.738693653Z stdout F DNS_CAPTURE=false
2022-05-25T12:11:36.738705397Z stdout F DROP_INVALID=false
2022-05-25T12:11:36.738710682Z stdout F CAPTURE_ALL_DNS=false
2022-05-25T12:11:36.73871915Z stdout F DNS_SERVERS=[],[]
2022-05-25T12:11:36.738730147Z stdout F OUTPUT_PATH=
2022-05-25T12:11:36.738740257Z stdout F NETWORK_NAMESPACE=
2022-05-25T12:11:36.738747207Z stdout F CNI_MODE=false
2022-05-25T12:11:36.73875684Z stdout F EXCLUDE_INTERFACES=
2022-05-25T12:11:36.738764218Z stdout F 
2022-05-25T12:11:36.771416295Z stdout F 2022-05-25T12:11:36.768706Z	info	Writing following contents to rules file: /tmp/iptables-rules-1653480696736971302.txt3557062341
2022-05-25T12:11:36.77150604Z stdout F * nat
2022-05-25T12:11:36.771662772Z stdout F -N ISTIO_INBOUND
2022-05-25T12:11:36.771679064Z stdout F -N ISTIO_REDIRECT
2022-05-25T12:11:36.771684048Z stdout F -N ISTIO_IN_REDIRECT
2022-05-25T12:11:36.771688387Z stdout F -N ISTIO_OUTPUT
2022-05-25T12:11:36.771705831Z stdout F -A ISTIO_INBOUND -p tcp --dport 15008 -j RETURN
2022-05-25T12:11:36.771712047Z stdout F -A ISTIO_REDIRECT -p tcp -j REDIRECT --to-ports 15001
2022-05-25T12:11:36.771716183Z stdout F -A ISTIO_IN_REDIRECT -p tcp -j REDIRECT --to-ports 15006
2022-05-25T12:11:36.771720092Z stdout F -A PREROUTING -p tcp -j ISTIO_INBOUND
2022-05-25T12:11:36.771723745Z stdout F -A ISTIO_INBOUND -p tcp --dport 15090 -j RETURN
2022-05-25T12:11:36.771727422Z stdout F -A ISTIO_INBOUND -p tcp --dport 15021 -j RETURN
2022-05-25T12:11:36.771731087Z stdout F -A ISTIO_INBOUND -p tcp --dport 15020 -j RETURN
2022-05-25T12:11:36.771734818Z stdout F -A ISTIO_INBOUND -p tcp -j ISTIO_IN_REDIRECT
2022-05-25T12:11:36.771749042Z stdout F -A OUTPUT -p tcp -j ISTIO_OUTPUT
2022-05-25T12:11:36.771758065Z stdout F -A ISTIO_OUTPUT -o lo -s 127.0.0.6/32 -j RETURN
2022-05-25T12:11:36.771762907Z stdout F -A ISTIO_OUTPUT -o lo ! -d 127.0.0.1/32 -m owner --uid-owner 1337 -j ISTIO_IN_REDIRECT
2022-05-25T12:11:36.771766671Z stdout F -A ISTIO_OUTPUT -o lo -m owner ! --uid-owner 1337 -j RETURN
2022-05-25T12:11:36.77180237Z stdout F -A ISTIO_OUTPUT -m owner --uid-owner 1337 -j RETURN
2022-05-25T12:11:36.771808822Z stdout F -A ISTIO_OUTPUT -o lo ! -d 127.0.0.1/32 -m owner --gid-owner 1337 -j ISTIO_IN_REDIRECT
2022-05-25T12:11:36.771812803Z stdout F -A ISTIO_OUTPUT -o lo -m owner ! --gid-owner 1337 -j RETURN
2022-05-25T12:11:36.771816637Z stdout F -A ISTIO_OUTPUT -m owner --gid-owner 1337 -j RETURN
2022-05-25T12:11:36.77182032Z stdout F -A ISTIO_OUTPUT -d 127.0.0.1/32 -j RETURN
2022-05-25T12:11:36.771824023Z stdout F -A ISTIO_OUTPUT -j ISTIO_REDIRECT
2022-05-25T12:11:36.771827708Z stdout F COMMIT
2022-05-25T12:11:36.771846434Z stdout F 2022-05-25T12:11:36.768824Z	info	Running command: iptables-restore --noflush /tmp/iptables-rules-1653480696736971302.txt3557062341
2022-05-25T12:11:37.398348656Z stdout F 2022-05-25T12:11:37.388228Z	info	Writing following contents to rules file: /tmp/ip6tables-rules-1653480697388007950.txt418053146
2022-05-25T12:11:37.398405636Z stdout F 
2022-05-25T12:11:37.398416936Z stdout F 2022-05-25T12:11:37.388382Z	info	Running command: ip6tables-restore --noflush /tmp/ip6tables-rules-1653480697388007950.txt418053146
2022-05-25T12:11:37.398438201Z stdout F 2022-05-25T12:11:37.393908Z	info	Running command: iptables-save 
2022-05-25T12:11:37.474950794Z stdout F 2022-05-25T12:11:37.469298Z	info	Command output: 
2022-05-25T12:11:37.475003415Z stdout F # Generated by iptables-save v1.8.4 on Wed May 25 12:11:37 2022
2022-05-25T12:11:37.475024484Z stdout F *nat
2022-05-25T12:11:37.475035633Z stdout F :PREROUTING ACCEPT [0:0]
2022-05-25T12:11:37.475040278Z stdout F :INPUT ACCEPT [0:0]
2022-05-25T12:11:37.475045186Z stdout F :OUTPUT ACCEPT [0:0]
2022-05-25T12:11:37.475049876Z stdout F :POSTROUTING ACCEPT [0:0]
2022-05-25T12:11:37.475088666Z stdout F :ISTIO_INBOUND - [0:0]
2022-05-25T12:11:37.475098293Z stdout F :ISTIO_IN_REDIRECT - [0:0]
2022-05-25T12:11:37.475110228Z stdout F :ISTIO_OUTPUT - [0:0]
2022-05-25T12:11:37.475131001Z stdout F :ISTIO_REDIRECT - [0:0]
2022-05-25T12:11:37.475137899Z stdout F -A PREROUTING -p tcp -j ISTIO_INBOUND
2022-05-25T12:11:37.475142442Z stdout F -A OUTPUT -p tcp -j ISTIO_OUTPUT
2022-05-25T12:11:37.475146837Z stdout F -A ISTIO_INBOUND -p tcp -m tcp --dport 15008 -j RETURN
2022-05-25T12:11:37.475150905Z stdout F -A ISTIO_INBOUND -p tcp -m tcp --dport 15090 -j RETURN
2022-05-25T12:11:37.475170955Z stdout F -A ISTIO_INBOUND -p tcp -m tcp --dport 15021 -j RETURN
2022-05-25T12:11:37.475183399Z stdout F -A ISTIO_INBOUND -p tcp -m tcp --dport 15020 -j RETURN
2022-05-25T12:11:37.475207664Z stdout F -A ISTIO_INBOUND -p tcp -j ISTIO_IN_REDIRECT
2022-05-25T12:11:37.475222282Z stdout F -A ISTIO_IN_REDIRECT -p tcp -j REDIRECT --to-ports 15006
2022-05-25T12:11:37.475231677Z stdout F -A ISTIO_OUTPUT -s 127.0.0.6/32 -o lo -j RETURN
2022-05-25T12:11:37.475243179Z stdout F -A ISTIO_OUTPUT ! -d 127.0.0.1/32 -o lo -m owner --uid-owner 1337 -j ISTIO_IN_REDIRECT
2022-05-25T12:11:37.475250916Z stdout F -A ISTIO_OUTPUT -o lo -m owner ! --uid-owner 1337 -j RETURN
2022-05-25T12:11:37.475255982Z stdout F -A ISTIO_OUTPUT -m owner --uid-owner 1337 -j RETURN
2022-05-25T12:11:37.475267695Z stdout F -A ISTIO_OUTPUT ! -d 127.0.0.1/32 -o lo -m owner --gid-owner 1337 -j ISTIO_IN_REDIRECT
2022-05-25T12:11:37.475273163Z stdout F -A ISTIO_OUTPUT -o lo -m owner ! --gid-owner 1337 -j RETURN
2022-05-25T12:11:37.475282597Z stdout F -A ISTIO_OUTPUT -m owner --gid-owner 1337 -j RETURN
2022-05-25T12:11:37.475289149Z stdout F -A ISTIO_OUTPUT -d 127.0.0.1/32 -j RETURN
2022-05-25T12:11:37.475293339Z stdout F -A ISTIO_OUTPUT -j ISTIO_REDIRECT
2022-05-25T12:11:37.475297343Z stdout F -A ISTIO_REDIRECT -p tcp -j REDIRECT --to-ports 15001
2022-05-25T12:11:37.475302281Z stdout F COMMIT
2022-05-25T12:11:37.475306744Z stdout F # Completed on Wed May 25 12:11:37 2022
2022-05-25T12:11:37.475310372Z stdout F 
