2022-04-30T04:28:36.887847673Z stdout F 2022-04-30T04:28:36.887498Z	info	Istio iptables environment:
2022-04-30T04:28:36.887958616Z stdout F ENVOY_PORT=
2022-04-30T04:28:36.887968021Z stdout F INBOUND_CAPTURE_PORT=
2022-04-30T04:28:36.887972416Z stdout F ISTIO_INBOUND_INTERCEPTION_MODE=
2022-04-30T04:28:36.887976091Z stdout F ISTIO_INBOUND_TPROXY_ROUTE_TABLE=
2022-04-30T04:28:36.887979255Z stdout F ISTIO_INBOUND_PORTS=
2022-04-30T04:28:36.887982395Z stdout F ISTIO_OUTBOUND_PORTS=
2022-04-30T04:28:36.887985427Z stdout F ISTIO_LOCAL_EXCLUDE_PORTS=
2022-04-30T04:28:36.887988446Z stdout F ISTIO_EXCLUDE_INTERFACES=
2022-04-30T04:28:36.887991378Z stdout F ISTIO_SERVICE_CIDR=
2022-04-30T04:28:36.887994394Z stdout F ISTIO_SERVICE_EXCLUDE_CIDR=
2022-04-30T04:28:36.887997358Z stdout F ISTIO_META_DNS_CAPTURE=
2022-04-30T04:28:36.888000452Z stdout F INVALID_DROP=
2022-04-30T04:28:36.88800339Z stdout F 
2022-04-30T04:28:36.88800681Z stdout F 2022-04-30T04:28:36.887567Z	info	Istio iptables variables:
2022-04-30T04:28:36.888009953Z stdout F PROXY_PORT=15001
2022-04-30T04:28:36.888013305Z stdout F PROXY_INBOUND_CAPTURE_PORT=15006
2022-04-30T04:28:36.888016406Z stdout F PROXY_TUNNEL_PORT=15008
2022-04-30T04:28:36.888019464Z stdout F PROXY_UID=1337
2022-04-30T04:28:36.88802258Z stdout F PROXY_GID=1337
2022-04-30T04:28:36.888025643Z stdout F INBOUND_INTERCEPTION_MODE=REDIRECT
2022-04-30T04:28:36.888028685Z stdout F INBOUND_TPROXY_MARK=1337
2022-04-30T04:28:36.888031707Z stdout F INBOUND_TPROXY_ROUTE_TABLE=133
2022-04-30T04:28:36.888034722Z stdout F INBOUND_PORTS_INCLUDE=*
2022-04-30T04:28:36.888037751Z stdout F INBOUND_PORTS_EXCLUDE=15090,15021,15020
2022-04-30T04:28:36.888040787Z stdout F OUTBOUND_IP_RANGES_INCLUDE=*
2022-04-30T04:28:36.888043755Z stdout F OUTBOUND_IP_RANGES_EXCLUDE=
2022-04-30T04:28:36.888046786Z stdout F OUTBOUND_PORTS_INCLUDE=
2022-04-30T04:28:36.888050047Z stdout F OUTBOUND_PORTS_EXCLUDE=
2022-04-30T04:28:36.888053073Z stdout F KUBE_VIRT_INTERFACES=
2022-04-30T04:28:36.888056026Z stdout F ENABLE_INBOUND_IPV6=false
2022-04-30T04:28:36.88805898Z stdout F DNS_CAPTURE=false
2022-04-30T04:28:36.888061998Z stdout F DROP_INVALID=false
2022-04-30T04:28:36.888067091Z stdout F CAPTURE_ALL_DNS=false
2022-04-30T04:28:36.888070232Z stdout F DNS_SERVERS=[],[]
2022-04-30T04:28:36.888073525Z stdout F OUTPUT_PATH=
2022-04-30T04:28:36.888076619Z stdout F NETWORK_NAMESPACE=
2022-04-30T04:28:36.888079722Z stdout F CNI_MODE=false
2022-04-30T04:28:36.888082833Z stdout F EXCLUDE_INTERFACES=
2022-04-30T04:28:36.88808567Z stdout F 
2022-04-30T04:28:36.888136931Z stdout F 2022-04-30T04:28:36.887842Z	info	Writing following contents to rules file: /tmp/iptables-rules-1651292916887609269.txt788860430
2022-04-30T04:28:36.888146411Z stdout F * nat
2022-04-30T04:28:36.888150159Z stdout F -N ISTIO_INBOUND
2022-04-30T04:28:36.888153196Z stdout F -N ISTIO_REDIRECT
2022-04-30T04:28:36.888156231Z stdout F -N ISTIO_IN_REDIRECT
2022-04-30T04:28:36.888159284Z stdout F -N ISTIO_OUTPUT
2022-04-30T04:28:36.888162487Z stdout F -A ISTIO_INBOUND -p tcp --dport 15008 -j RETURN
2022-04-30T04:28:36.88816562Z stdout F -A ISTIO_REDIRECT -p tcp -j REDIRECT --to-ports 15001
2022-04-30T04:28:36.888168706Z stdout F -A ISTIO_IN_REDIRECT -p tcp -j REDIRECT --to-ports 15006
2022-04-30T04:28:36.888171795Z stdout F -A PREROUTING -p tcp -j ISTIO_INBOUND
2022-04-30T04:28:36.888174746Z stdout F -A ISTIO_INBOUND -p tcp --dport 15090 -j RETURN
2022-04-30T04:28:36.888177839Z stdout F -A ISTIO_INBOUND -p tcp --dport 15021 -j RETURN
2022-04-30T04:28:36.88818077Z stdout F -A ISTIO_INBOUND -p tcp --dport 15020 -j RETURN
2022-04-30T04:28:36.888183707Z stdout F -A ISTIO_INBOUND -p tcp -j ISTIO_IN_REDIRECT
2022-04-30T04:28:36.888186717Z stdout F -A OUTPUT -p tcp -j ISTIO_OUTPUT
2022-04-30T04:28:36.888189699Z stdout F -A ISTIO_OUTPUT -o lo -s 127.0.0.6/32 -j RETURN
2022-04-30T04:28:36.888193153Z stdout F -A ISTIO_OUTPUT -o lo ! -d 127.0.0.1/32 -m owner --uid-owner 1337 -j ISTIO_IN_REDIRECT
2022-04-30T04:28:36.888196084Z stdout F -A ISTIO_OUTPUT -o lo -m owner ! --uid-owner 1337 -j RETURN
2022-04-30T04:28:36.888199143Z stdout F -A ISTIO_OUTPUT -m owner --uid-owner 1337 -j RETURN
2022-04-30T04:28:36.888211773Z stdout F -A ISTIO_OUTPUT -o lo ! -d 127.0.0.1/32 -m owner --gid-owner 1337 -j ISTIO_IN_REDIRECT
2022-04-30T04:28:36.888215176Z stdout F -A ISTIO_OUTPUT -o lo -m owner ! --gid-owner 1337 -j RETURN
2022-04-30T04:28:36.888219189Z stdout F -A ISTIO_OUTPUT -m owner --gid-owner 1337 -j RETURN
2022-04-30T04:28:36.88822398Z stdout F -A ISTIO_OUTPUT -d 127.0.0.1/32 -j RETURN
2022-04-30T04:28:36.888228212Z stdout F -A ISTIO_OUTPUT -j ISTIO_REDIRECT
2022-04-30T04:28:36.888231423Z stdout F COMMIT
2022-04-30T04:28:36.888235266Z stdout F 2022-04-30T04:28:36.887951Z	info	Running command: iptables-restore --noflush /tmp/iptables-rules-1651292916887609269.txt788860430
2022-04-30T04:28:36.901088836Z stdout F 2022-04-30T04:28:36.898299Z	info	Writing following contents to rules file: /tmp/ip6tables-rules-1651292916898212072.txt1038797958
2022-04-30T04:28:36.901111469Z stdout F 
2022-04-30T04:28:36.901116368Z stdout F 2022-04-30T04:28:36.898347Z	info	Running command: ip6tables-restore --noflush /tmp/ip6tables-rules-1651292916898212072.txt1038797958
2022-04-30T04:28:36.90364304Z stdout F 2022-04-30T04:28:36.903340Z	info	Running command: iptables-save 
2022-04-30T04:28:36.909383036Z stdout F 2022-04-30T04:28:36.908562Z	info	Command output: 
2022-04-30T04:28:36.909411928Z stdout F # Generated by iptables-save v1.8.4 on Sat Apr 30 04:28:36 2022
2022-04-30T04:28:36.909420149Z stdout F *nat
2022-04-30T04:28:36.909426592Z stdout F :PREROUTING ACCEPT [0:0]
2022-04-30T04:28:36.90943179Z stdout F :INPUT ACCEPT [0:0]
2022-04-30T04:28:36.909437243Z stdout F :OUTPUT ACCEPT [0:0]
2022-04-30T04:28:36.909442763Z stdout F :POSTROUTING ACCEPT [0:0]
2022-04-30T04:28:36.909448107Z stdout F :ISTIO_INBOUND - [0:0]
2022-04-30T04:28:36.909453289Z stdout F :ISTIO_IN_REDIRECT - [0:0]
2022-04-30T04:28:36.909458367Z stdout F :ISTIO_OUTPUT - [0:0]
2022-04-30T04:28:36.909463666Z stdout F :ISTIO_REDIRECT - [0:0]
2022-04-30T04:28:36.909469736Z stdout F -A PREROUTING -p tcp -j ISTIO_INBOUND
2022-04-30T04:28:36.909473416Z stdout F -A OUTPUT -p tcp -j ISTIO_OUTPUT
2022-04-30T04:28:36.909476511Z stdout F -A ISTIO_INBOUND -p tcp -m tcp --dport 15008 -j RETURN
2022-04-30T04:28:36.909480099Z stdout F -A ISTIO_INBOUND -p tcp -m tcp --dport 15090 -j RETURN
2022-04-30T04:28:36.909483144Z stdout F -A ISTIO_INBOUND -p tcp -m tcp --dport 15021 -j RETURN
2022-04-30T04:28:36.909487211Z stdout F -A ISTIO_INBOUND -p tcp -m tcp --dport 15020 -j RETURN
2022-04-30T04:28:36.909492137Z stdout F -A ISTIO_INBOUND -p tcp -j ISTIO_IN_REDIRECT
2022-04-30T04:28:36.909497611Z stdout F -A ISTIO_IN_REDIRECT -p tcp -j REDIRECT --to-ports 15006
2022-04-30T04:28:36.909501131Z stdout F -A ISTIO_OUTPUT -s 127.0.0.6/32 -o lo -j RETURN
2022-04-30T04:28:36.909504835Z stdout F -A ISTIO_OUTPUT ! -d 127.0.0.1/32 -o lo -m owner --uid-owner 1337 -j ISTIO_IN_REDIRECT
2022-04-30T04:28:36.909507854Z stdout F -A ISTIO_OUTPUT -o lo -m owner ! --uid-owner 1337 -j RETURN
2022-04-30T04:28:36.909510827Z stdout F -A ISTIO_OUTPUT -m owner --uid-owner 1337 -j RETURN
2022-04-30T04:28:36.909513861Z stdout F -A ISTIO_OUTPUT ! -d 127.0.0.1/32 -o lo -m owner --gid-owner 1337 -j ISTIO_IN_REDIRECT
2022-04-30T04:28:36.909519585Z stdout F -A ISTIO_OUTPUT -o lo -m owner ! --gid-owner 1337 -j RETURN
2022-04-30T04:28:36.909522718Z stdout F -A ISTIO_OUTPUT -m owner --gid-owner 1337 -j RETURN
2022-04-30T04:28:36.909525757Z stdout F -A ISTIO_OUTPUT -d 127.0.0.1/32 -j RETURN
2022-04-30T04:28:36.909528743Z stdout F -A ISTIO_OUTPUT -j ISTIO_REDIRECT
2022-04-30T04:28:36.909531769Z stdout F -A ISTIO_REDIRECT -p tcp -j REDIRECT --to-ports 15001
2022-04-30T04:28:36.90953497Z stdout F COMMIT
2022-04-30T04:28:36.909538159Z stdout F # Completed on Sat Apr 30 04:28:36 2022
2022-04-30T04:28:36.909541077Z stdout F 
