2022-04-27T06:21:17.796272227Z stdout F 
2022-04-27T06:21:17.796475675Z stdout F   .   ____          _            __ _ _
2022-04-27T06:21:17.796504695Z stdout F  /\\ / ___'_ __ _ _(_)_ __  __ _ \ \ \ \
2022-04-27T06:21:17.796514502Z stdout F ( ( )\___ | '_ | '_| | '_ \/ _` | \ \ \ \
2022-04-27T06:21:17.796521108Z stdout F  \\/  ___)| |_)| | | | | || (_| |  ) ) ) )
2022-04-27T06:21:17.796526307Z stdout F   '  |____| .__|_| |_|_| |_\__, | / / / /
2022-04-27T06:21:17.79653141Z stdout F  =========|_|==============|___/=/_/_/_/
2022-04-27T06:21:17.890084537Z stdout F  :: Spring Boot ::       (v1.5.22.RELEASE)
2022-04-27T06:21:17.890245352Z stdout F 
2022-04-27T06:21:21.188904836Z stdout F 2022-04-27 14:21:21.096  INFO 1 --- [           main] admintravel.AdminTravelApplication       : Starting AdminTravelApplication v1.0 on ts-admin-travel-service-5494585f-q7s9s with PID 1 (/app/ts-admin-travel-service-1.0.jar started by root in /)
2022-04-27T06:21:21.188937853Z stdout F 2022-04-27 14:21:21.186  INFO 1 --- [           main] admintravel.AdminTravelApplication       : No active profile set, falling back to default profiles: default
2022-04-27T06:21:22.682924671Z stdout F 2022-04-27 14:21:22.682  INFO 1 --- [           main] ationConfigEmbeddedWebApplicationContext : Refreshing org.springframework.boot.context.embedded.AnnotationConfigEmbeddedWebApplicationContext@deb6432: startup date [Wed Apr 27 14:21:22 CST 2022]; root of context hierarchy
2022-04-27T06:21:50.795582736Z stdout F 2022-04-27 14:21:50.794  INFO 1 --- [           main] o.s.i.config.IntegrationRegistrar        : No bean named 'integrationHeaderChannelRegistry' has been explicitly defined. Therefore, a default DefaultHeaderChannelRegistry will be created.
2022-04-27T06:21:56.525671511Z stdout F 2022-04-27 14:21:56.523  INFO 1 --- [           main] faultConfiguringBeanFactoryPostProcessor : No bean named 'errorChannel' has been explicitly defined. Therefore, a default PublishSubscribeChannel will be created.
2022-04-27T06:21:56.580489359Z stdout F 2022-04-27 14:21:56.578  INFO 1 --- [           main] faultConfiguringBeanFactoryPostProcessor : No bean named 'taskScheduler' has been explicitly defined. Therefore, a default ThreadPoolTaskScheduler will be created.
2022-04-27T06:21:59.584685508Z stdout F 2022-04-27 14:21:59.583  INFO 1 --- [           main] trationDelegate$BeanPostProcessorChecker : Bean 'org.springframework.security.config.annotation.configuration.ObjectPostProcessorConfiguration' of type [org.springframework.security.config.annotation.configuration.ObjectPostProcessorConfiguration$$EnhancerBySpringCGLIB$$6f990e1f] is not eligible for getting processed by all BeanPostProcessors (for example: not eligible for auto-proxying)
2022-04-27T06:21:59.811210444Z stdout F 2022-04-27 14:21:59.810  INFO 1 --- [           main] trationDelegate$BeanPostProcessorChecker : Bean 'objectPostProcessor' of type [org.springframework.security.config.annotation.configuration.AutowireBeanFactoryObjectPostProcessor] is not eligible for getting processed by all BeanPostProcessors (for example: not eligible for auto-proxying)
2022-04-27T06:21:59.815384588Z stdout F 2022-04-27 14:21:59.814  INFO 1 --- [           main] trationDelegate$BeanPostProcessorChecker : Bean 'org.springframework.security.access.expression.method.DefaultMethodSecurityExpressionHandler@4f18837a' of type [org.springframework.security.access.expression.method.DefaultMethodSecurityExpressionHandler] is not eligible for getting processed by all BeanPostProcessors (for example: not eligible for auto-proxying)
2022-04-27T06:22:00.19736058Z stdout F 2022-04-27 14:22:00.196  INFO 1 --- [           main] trationDelegate$BeanPostProcessorChecker : Bean 'org.springframework.security.config.annotation.method.configuration.GlobalMethodSecurityConfiguration' of type [org.springframework.security.config.annotation.method.configuration.GlobalMethodSecurityConfiguration$$EnhancerBySpringCGLIB$$946db0d1] is not eligible for getting processed by all BeanPostProcessors (for example: not eligible for auto-proxying)
2022-04-27T06:22:00.515650871Z stdout F 2022-04-27 14:22:00.512  INFO 1 --- [           main] trationDelegate$BeanPostProcessorChecker : Bean 'methodSecurityMetadataSource' of type [org.springframework.security.access.method.DelegatingMethodSecurityMetadataSource] is not eligible for getting processed by all BeanPostProcessors (for example: not eligible for auto-proxying)
2022-04-27T06:22:01.572436001Z stdout F 2022-04-27 14:22:01.570  INFO 1 --- [           main] trationDelegate$BeanPostProcessorChecker : Bean 'integrationGlobalProperties' of type [org.springframework.beans.factory.config.PropertiesFactoryBean] is not eligible for getting processed by all BeanPostProcessors (for example: not eligible for auto-proxying)
2022-04-27T06:22:01.608868635Z stdout F 2022-04-27 14:22:01.608  INFO 1 --- [           main] trationDelegate$BeanPostProcessorChecker : Bean 'integrationGlobalProperties' of type [java.util.Properties] is not eligible for getting processed by all BeanPostProcessors (for example: not eligible for auto-proxying)
2022-04-27T06:22:10.692288711Z stdout F 2022-04-27 14:22:10.690  INFO 1 --- [           main] s.b.c.e.t.TomcatEmbeddedServletContainer : Tomcat initialized with port(s): 16114 (http)
2022-04-27T06:22:11.391862871Z stdout F 2022-04-27 14:22:11.384  INFO 1 --- [           main] o.apache.catalina.core.StandardService   : Starting service [Tomcat]
2022-04-27T06:22:11.391917156Z stdout F 2022-04-27 14:22:11.385  INFO 1 --- [           main] org.apache.catalina.core.StandardEngine  : Starting Servlet Engine: Apache Tomcat/8.5.43
2022-04-27T06:22:13.054734845Z stdout F 2022-04-27 14:22:13.013  INFO 1 --- [ost-startStop-1] o.a.c.c.C.[Tomcat].[localhost].[/]       : Initializing Spring embedded WebApplicationContext
2022-04-27T06:22:13.055028686Z stdout F 2022-04-27 14:22:13.054  INFO 1 --- [ost-startStop-1] o.s.web.context.ContextLoader            : Root WebApplicationContext: initialization completed in 50464 ms
2022-04-27T06:22:22.454681158Z stdout F 2022-04-27 14:22:22.433  INFO 1 --- [ost-startStop-1] o.s.b.w.servlet.FilterRegistrationBean   : Mapping filter: 'metricsFilter' to: [/*]
2022-04-27T06:22:22.454724593Z stdout F 2022-04-27 14:22:22.454  INFO 1 --- [ost-startStop-1] o.s.b.w.servlet.FilterRegistrationBean   : Mapping filter: 'characterEncodingFilter' to: [/*]
2022-04-27T06:22:22.475855114Z stdout F 2022-04-27 14:22:22.454  INFO 1 --- [ost-startStop-1] o.s.b.w.servlet.FilterRegistrationBean   : Mapping filter: 'hiddenHttpMethodFilter' to: [/*]
2022-04-27T06:22:22.47981778Z stdout F 2022-04-27 14:22:22.478  INFO 1 --- [ost-startStop-1] o.s.b.w.servlet.FilterRegistrationBean   : Mapping filter: 'httpPutFormContentFilter' to: [/*]
2022-04-27T06:22:22.47990917Z stdout F 2022-04-27 14:22:22.478  INFO 1 --- [ost-startStop-1] o.s.b.w.servlet.FilterRegistrationBean   : Mapping filter: 'requestContextFilter' to: [/*]
2022-04-27T06:22:22.523368207Z stdout F 2022-04-27 14:22:22.522  INFO 1 --- [ost-startStop-1] .s.DelegatingFilterProxyRegistrationBean : Mapping filter: 'springSecurityFilterChain' to: [/*]
2022-04-27T06:22:22.524900045Z stdout F 2022-04-27 14:22:22.523  INFO 1 --- [ost-startStop-1] o.s.b.w.servlet.FilterRegistrationBean   : Mapping filter: 'webRequestLoggingFilter' to: [/*]
2022-04-27T06:22:22.548995952Z stdout F 2022-04-27 14:22:22.545  INFO 1 --- [ost-startStop-1] o.s.b.w.servlet.FilterRegistrationBean   : Mapping filter: 'applicationContextIdFilter' to: [/*]
2022-04-27T06:22:22.549928973Z stdout F 2022-04-27 14:22:22.546  INFO 1 --- [ost-startStop-1] o.s.b.w.servlet.ServletRegistrationBean  : Mapping servlet: 'dispatcherServlet' to [/]
2022-04-27T06:23:07.710267915Z stdout F 2022-04-27 14:23:07.695  INFO 1 --- [           main] s.w.s.m.m.a.RequestMappingHandlerMapping : Mapped "{[/api/v1/admintravelservice/admintravel],methods=[GET]}" onto public org.springframework.http.HttpEntity admintravel.controller.AdminTravelController.getAllTravels(org.springframework.http.HttpHeaders)
2022-04-27T06:23:07.739363067Z stdout F 2022-04-27 14:23:07.738  INFO 1 --- [           main] s.w.s.m.m.a.RequestMappingHandlerMapping : Mapped "{[/api/v1/admintravelservice/admintravel],methods=[POST]}" onto public org.springframework.http.HttpEntity admintravel.controller.AdminTravelController.addTravel(admintravel.entity.TravelInfo,org.springframework.http.HttpHeaders)
2022-04-27T06:23:07.77420706Z stdout F 2022-04-27 14:23:07.771  INFO 1 --- [           main] s.w.s.m.m.a.RequestMappingHandlerMapping : Mapped "{[/api/v1/admintravelservice/admintravel],methods=[PUT]}" onto public org.springframework.http.HttpEntity admintravel.controller.AdminTravelController.updateTravel(admintravel.entity.TravelInfo,org.springframework.http.HttpHeaders)
2022-04-27T06:23:07.774352284Z stdout F 2022-04-27 14:23:07.772  INFO 1 --- [           main] s.w.s.m.m.a.RequestMappingHandlerMapping : Mapped "{[/api/v1/admintravelservice/admintravel/{tripId}],methods=[DELETE]}" onto public org.springframework.http.HttpEntity admintravel.controller.AdminTravelController.deleteTravel(java.lang.String,org.springframework.http.HttpHeaders)
2022-04-27T06:23:07.774378208Z stdout F 2022-04-27 14:23:07.772  INFO 1 --- [           main] s.w.s.m.m.a.RequestMappingHandlerMapping : Mapped "{[/api/v1/admintravelservice/welcome],methods=[GET]}" onto public java.lang.String admintravel.controller.AdminTravelController.home(org.springframework.http.HttpHeaders)
2022-04-27T06:23:07.798077754Z stdout F 2022-04-27 14:23:07.796  INFO 1 --- [           main] s.w.s.m.m.a.RequestMappingHandlerMapping : Mapped "{[/v2/api-docs],methods=[GET],produces=[application/json || application/hal+json]}" onto public org.springframework.http.ResponseEntity<springfox.documentation.spring.web.json.Json> springfox.documentation.swagger2.web.Swagger2Controller.getDocumentation(java.lang.String,javax.servlet.http.HttpServletRequest)
2022-04-27T06:23:07.830627254Z stdout F 2022-04-27 14:23:07.830  INFO 1 --- [           main] s.w.s.m.m.a.RequestMappingHandlerMapping : Mapped "{[/configuration/ui]}" onto org.springframework.http.ResponseEntity<springfox.documentation.swagger.web.UiConfiguration> springfox.documentation.swagger.web.ApiResourceController.uiConfiguration()
2022-04-27T06:23:07.898311001Z stdout F 2022-04-27 14:23:07.869  INFO 1 --- [           main] s.w.s.m.m.a.RequestMappingHandlerMapping : Mapped "{[/configuration/security]}" onto org.springframework.http.ResponseEntity<springfox.documentation.swagger.web.SecurityConfiguration> springfox.documentation.swagger.web.ApiResourceController.securityConfiguration()
2022-04-27T06:23:07.898395638Z stdout F 2022-04-27 14:23:07.892  INFO 1 --- [           main] s.w.s.m.m.a.RequestMappingHandlerMapping : Mapped "{[/swagger-resources]}" onto org.springframework.http.ResponseEntity<java.util.List<springfox.documentation.swagger.web.SwaggerResource>> springfox.documentation.swagger.web.ApiResourceController.swaggerResources()
2022-04-27T06:23:07.898440105Z stdout F 2022-04-27 14:23:07.896  INFO 1 --- [           main] s.w.s.m.m.a.RequestMappingHandlerMapping : Mapped "{[/error],produces=[text/html]}" onto public org.springframework.web.servlet.ModelAndView org.springframework.boot.autoconfigure.web.BasicErrorController.errorHtml(javax.servlet.http.HttpServletRequest,javax.servlet.http.HttpServletResponse)
2022-04-27T06:23:07.898452599Z stdout F 2022-04-27 14:23:07.897  INFO 1 --- [           main] s.w.s.m.m.a.RequestMappingHandlerMapping : Mapped "{[/error]}" onto public org.springframework.http.ResponseEntity<java.util.Map<java.lang.String, java.lang.Object>> org.springframework.boot.autoconfigure.web.BasicErrorController.error(javax.servlet.http.HttpServletRequest)
2022-04-27T06:23:19.579005468Z stdout F 2022-04-27 14:23:19.572  INFO 1 --- [           main] o.s.b.a.e.mvc.EndpointHandlerMapping     : Mapped "{[/env/{name:.*}],methods=[GET],produces=[application/vnd.spring-boot.actuator.v1+json || application/json]}" onto public java.lang.Object org.springframework.boot.actuate.endpoint.mvc.EnvironmentMvcEndpoint.value(java.lang.String)
2022-04-27T06:23:19.579051709Z stdout F 2022-04-27 14:23:19.573  INFO 1 --- [           main] o.s.b.a.e.mvc.EndpointHandlerMapping     : Mapped "{[/env || /env.json],methods=[GET],produces=[application/vnd.spring-boot.actuator.v1+json || application/json]}" onto public java.lang.Object org.springframework.boot.actuate.endpoint.mvc.EndpointMvcAdapter.invoke()
2022-04-27T06:23:19.579120875Z stdout F 2022-04-27 14:23:19.575  INFO 1 --- [           main] o.s.b.a.e.mvc.EndpointHandlerMapping     : Mapped "{[/heapdump || /heapdump.json],methods=[GET],produces=[application/octet-stream]}" onto public void org.springframework.boot.actuate.endpoint.mvc.HeapdumpMvcEndpoint.invoke(boolean,javax.servlet.http.HttpServletRequest,javax.servlet.http.HttpServletResponse) throws java.io.IOException,javax.servlet.ServletException
2022-04-27T06:23:19.579139878Z stdout F 2022-04-27 14:23:19.577  INFO 1 --- [           main] o.s.b.a.e.mvc.EndpointHandlerMapping     : Mapped "{[/auditevents || /auditevents.json],methods=[GET],produces=[application/vnd.spring-boot.actuator.v1+json || application/json]}" onto public org.springframework.http.ResponseEntity<?> org.springframework.boot.actuate.endpoint.mvc.AuditEventsMvcEndpoint.findByPrincipalAndAfterAndType(java.lang.String,java.util.Date,java.lang.String)
2022-04-27T06:23:19.579148039Z stdout F 2022-04-27 14:23:19.578  INFO 1 --- [           main] o.s.b.a.e.mvc.EndpointHandlerMapping     : Mapped "{[/beans || /beans.json],methods=[GET],produces=[application/vnd.spring-boot.actuator.v1+json || application/json]}" onto public java.lang.Object org.springframework.boot.actuate.endpoint.mvc.EndpointMvcAdapter.invoke()
2022-04-27T06:23:19.582921839Z stdout F 2022-04-27 14:23:19.579  INFO 1 --- [           main] o.s.b.a.e.mvc.EndpointHandlerMapping     : Mapped "{[/trace || /trace.json],methods=[GET],produces=[application/vnd.spring-boot.actuator.v1+json || application/json]}" onto public java.lang.Object org.springframework.boot.actuate.endpoint.mvc.EndpointMvcAdapter.invoke()
2022-04-27T06:23:19.582962698Z stdout F 2022-04-27 14:23:19.581  INFO 1 --- [           main] o.s.b.a.e.mvc.EndpointHandlerMapping     : Mapped "{[/health || /health.json],methods=[GET],produces=[application/vnd.spring-boot.actuator.v1+json || application/json]}" onto public java.lang.Object org.springframework.boot.actuate.endpoint.mvc.HealthMvcEndpoint.invoke(javax.servlet.http.HttpServletRequest,java.security.Principal)
2022-04-27T06:23:19.582990349Z stdout F 2022-04-27 14:23:19.582  INFO 1 --- [           main] o.s.b.a.e.mvc.EndpointHandlerMapping     : Mapped "{[/configprops || /configprops.json],methods=[GET],produces=[application/vnd.spring-boot.actuator.v1+json || application/json]}" onto public java.lang.Object org.springframework.boot.actuate.endpoint.mvc.EndpointMvcAdapter.invoke()
2022-04-27T06:23:19.598203774Z stdout F 2022-04-27 14:23:19.597  INFO 1 --- [           main] o.s.b.a.e.mvc.EndpointHandlerMapping     : Mapped "{[/info || /info.json],methods=[GET],produces=[application/vnd.spring-boot.actuator.v1+json || application/json]}" onto public java.lang.Object org.springframework.boot.actuate.endpoint.mvc.EndpointMvcAdapter.invoke()
2022-04-27T06:23:19.601661695Z stdout F 2022-04-27 14:23:19.598  INFO 1 --- [           main] o.s.b.a.e.mvc.EndpointHandlerMapping     : Mapped "{[/mappings || /mappings.json],methods=[GET],produces=[application/vnd.spring-boot.actuator.v1+json || application/json]}" onto public java.lang.Object org.springframework.boot.actuate.endpoint.mvc.EndpointMvcAdapter.invoke()
2022-04-27T06:23:19.608750003Z stdout F 2022-04-27 14:23:19.600  INFO 1 --- [           main] o.s.b.a.e.mvc.EndpointHandlerMapping     : Mapped "{[/autoconfig || /autoconfig.json],methods=[GET],produces=[application/vnd.spring-boot.actuator.v1+json || application/json]}" onto public java.lang.Object org.springframework.boot.actuate.endpoint.mvc.EndpointMvcAdapter.invoke()
2022-04-27T06:23:19.612857952Z stdout F 2022-04-27 14:23:19.609  INFO 1 --- [           main] o.s.b.a.e.mvc.EndpointHandlerMapping     : Mapped "{[/loggers/{name:.*}],methods=[GET],produces=[application/vnd.spring-boot.actuator.v1+json || application/json]}" onto public java.lang.Object org.springframework.boot.actuate.endpoint.mvc.LoggersMvcEndpoint.get(java.lang.String)
2022-04-27T06:23:19.612948559Z stdout F 2022-04-27 14:23:19.610  INFO 1 --- [           main] o.s.b.a.e.mvc.EndpointHandlerMapping     : Mapped "{[/loggers/{name:.*}],methods=[POST],consumes=[application/vnd.spring-boot.actuator.v1+json || application/json],produces=[application/vnd.spring-boot.actuator.v1+json || application/json]}" onto public java.lang.Object org.springframework.boot.actuate.endpoint.mvc.LoggersMvcEndpoint.set(java.lang.String,java.util.Map<java.lang.String, java.lang.String>)
2022-04-27T06:23:19.612962118Z stdout F 2022-04-27 14:23:19.611  INFO 1 --- [           main] o.s.b.a.e.mvc.EndpointHandlerMapping     : Mapped "{[/loggers || /loggers.json],methods=[GET],produces=[application/vnd.spring-boot.actuator.v1+json || application/json]}" onto public java.lang.Object org.springframework.boot.actuate.endpoint.mvc.EndpointMvcAdapter.invoke()
2022-04-27T06:23:19.618323934Z stdout F 2022-04-27 14:23:19.612  INFO 1 --- [           main] o.s.b.a.e.mvc.EndpointHandlerMapping     : Mapped "{[/metrics/{name:.*}],methods=[GET],produces=[application/vnd.spring-boot.actuator.v1+json || application/json]}" onto public java.lang.Object org.springframework.boot.actuate.endpoint.mvc.MetricsMvcEndpoint.value(java.lang.String)
2022-04-27T06:23:19.618358304Z stdout F 2022-04-27 14:23:19.616  INFO 1 --- [           main] o.s.b.a.e.mvc.EndpointHandlerMapping     : Mapped "{[/metrics || /metrics.json],methods=[GET],produces=[application/vnd.spring-boot.actuator.v1+json || application/json]}" onto public java.lang.Object org.springframework.boot.actuate.endpoint.mvc.EndpointMvcAdapter.invoke()
2022-04-27T06:23:19.61836801Z stdout F 2022-04-27 14:23:19.617  INFO 1 --- [           main] o.s.b.a.e.mvc.EndpointHandlerMapping     : Mapped "{[/dump || /dump.json],methods=[GET],produces=[application/vnd.spring-boot.actuator.v1+json || application/json]}" onto public java.lang.Object org.springframework.boot.actuate.endpoint.mvc.EndpointMvcAdapter.invoke()
2022-04-27T06:23:26.735577203Z stdout F 2022-04-27 14:23:26.734  INFO 1 --- [           main] b.a.s.AuthenticationManagerConfiguration : 
2022-04-27T06:23:26.735613954Z stdout F 
2022-04-27T06:23:26.735620999Z stdout F Using default security password: 7eae3e7a-86b5-403f-9b44-8809c487d49b
2022-04-27T06:23:26.73567954Z stdout F 
2022-04-27T06:23:30.994046803Z stdout F 2022-04-27 14:23:30.993  INFO 1 --- [           main] o.s.s.web.DefaultSecurityFilterChain     : Creating filter chain: org.springframework.security.web.util.matcher.AnyRequestMatcher@1, [org.springframework.security.web.context.request.async.WebAsyncManagerIntegrationFilter@248e319b, org.springframework.security.web.context.SecurityContextPersistenceFilter@7526515b, org.springframework.security.web.header.HeaderWriterFilter@f0c8a99, org.springframework.security.web.authentication.logout.LogoutFilter@2e8c1c9b, edu.fudan.common.security.jwt.JWTFilter@5d0bf09b, org.springframework.security.web.savedrequest.RequestCacheAwareFilter@54c5a2ff, org.springframework.security.web.servletapi.SecurityContextHolderAwareRequestFilter@11392934, org.springframework.security.web.authentication.AnonymousAuthenticationFilter@793f29ff, org.springframework.security.web.session.SessionManagementFilter@26d9b808, org.springframework.security.web.access.ExceptionTranslationFilter@2e385cce, org.springframework.security.web.access.intercept.FilterSecurityInterceptor@25ce9dc4]
2022-04-27T06:23:33.871634982Z stdout F 2022-04-27 14:23:33.870  INFO 1 --- [           main] o.s.w.s.handler.SimpleUrlHandlerMapping  : Mapped URL path [/webjars/**] onto handler of type [class org.springframework.web.servlet.resource.ResourceHttpRequestHandler]
2022-04-27T06:23:33.871664466Z stdout F 2022-04-27 14:23:33.871  INFO 1 --- [           main] o.s.w.s.handler.SimpleUrlHandlerMapping  : Mapped URL path [/**] onto handler of type [class org.springframework.web.servlet.resource.ResourceHttpRequestHandler]
2022-04-27T06:23:34.922725551Z stdout F 2022-04-27 14:23:34.922  INFO 1 --- [           main] o.s.w.s.handler.SimpleUrlHandlerMapping  : Mapped URL path [/**/favicon.ico] onto handler of type [class org.springframework.web.servlet.resource.ResourceHttpRequestHandler]
2022-04-27T06:23:35.384306516Z stdout F 2022-04-27 14:23:35.382  INFO 1 --- [           main] o.s.s.web.DefaultSecurityFilterChain     : Creating filter chain: org.springframework.boot.actuate.autoconfigure.ManagementWebSecurityAutoConfiguration$LazyEndpointPathRequestMatcher@d737b89, [org.springframework.security.web.context.request.async.WebAsyncManagerIntegrationFilter@8519cb4, org.springframework.security.web.context.SecurityContextPersistenceFilter@2034b64c, org.springframework.security.web.header.HeaderWriterFilter@1ca3b418, org.springframework.web.filter.CorsFilter@35dab4eb, org.springframework.security.web.authentication.logout.LogoutFilter@7161d8d1, org.springframework.security.web.authentication.www.BasicAuthenticationFilter@3a7442c7, org.springframework.security.web.savedrequest.RequestCacheAwareFilter@75d3a5e0, org.springframework.security.web.servletapi.SecurityContextHolderAwareRequestFilter@74d1dc36, org.springframework.security.web.authentication.AnonymousAuthenticationFilter@2d901eb0, org.springframework.security.web.session.SessionManagementFilter@58cbafc2, org.springframework.security.web.access.ExceptionTranslationFilter@235ecd9f, org.springframework.security.web.access.intercept.FilterSecurityInterceptor@5149d738]
2022-04-27T06:23:42.823815383Z stdout F 2022-04-27 14:23:42.822  INFO 1 --- [           main] s.w.s.m.m.a.RequestMappingHandlerAdapter : Looking for @ControllerAdvice: org.springframework.boot.context.embedded.AnnotationConfigEmbeddedWebApplicationContext@deb6432: startup date [Wed Apr 27 14:21:22 CST 2022]; root of context hierarchy
2022-04-27T06:23:59.538730526Z stdout F 2022-04-27 14:23:59.537  INFO 1 --- [           main] o.s.s.c.ThreadPoolTaskScheduler          : Initializing ExecutorService 'taskScheduler'
2022-04-27T06:24:20.771833957Z stdout F 2022-04-27 14:24:20.770  INFO 1 --- [           main] o.s.j.e.a.AnnotationMBeanExporter        : Registering beans for JMX exposure on startup
2022-04-27T06:24:22.269835159Z stdout F 2022-04-27 14:24:22.269  INFO 1 --- [           main] o.s.c.support.DefaultLifecycleProcessor  : Starting beans in phase 0
2022-04-27T06:24:34.169436378Z stdout F 2022-04-27 14:24:34.168  INFO 1 --- [           main] o.s.i.endpoint.EventDrivenConsumer       : Adding {logging-channel-adapter:_org.springframework.integration.errorLogger} as a subscriber to the 'errorChannel' channel
2022-04-27T06:24:34.173966986Z stdout F 2022-04-27 14:24:34.171  INFO 1 --- [           main] o.s.i.channel.PublishSubscribeChannel    : Channel 'ts-admin-travel-service:16114.errorChannel' has 1 subscriber(s).
2022-04-27T06:24:34.17402434Z stdout F 2022-04-27 14:24:34.172  INFO 1 --- [           main] o.s.i.endpoint.EventDrivenConsumer       : started _org.springframework.integration.errorLogger
2022-04-27T06:24:35.44679163Z stdout F 2022-04-27 14:24:35.444  INFO 1 --- [           main] d.s.w.p.DocumentationPluginsBootstrapper : Context refreshed
2022-04-27T06:24:36.768238328Z stdout F 2022-04-27 14:24:36.676  INFO 1 --- [           main] d.s.w.p.DocumentationPluginsBootstrapper : Found 1 custom documentation plugin(s)
2022-04-27T06:24:37.5497358Z stdout F 2022-04-27 14:24:37.545  INFO 1 --- [           main] s.d.s.w.s.ApiListingReferenceScanner     : Scanning for api listing references
2022-04-27T06:25:07.46722555Z stdout F 2022-04-27 14:25:07.463  INFO 1 --- [           main] .d.s.w.r.o.CachingOperationNameGenerator : Generating unique operation named: findByPrincipalAndAfterAndTypeUsingGET_1
2022-04-27T06:25:09.249558727Z stdout F 2022-04-27 14:25:09.248  INFO 1 --- [           main] .d.s.w.r.o.CachingOperationNameGenerator : Generating unique operation named: invokeUsingGET_1
2022-04-27T06:25:09.358667075Z stdout F 2022-04-27 14:25:09.357  INFO 1 --- [           main] .d.s.w.r.o.CachingOperationNameGenerator : Generating unique operation named: invokeUsingGET_2
2022-04-27T06:25:09.458713593Z stdout F 2022-04-27 14:25:09.457  INFO 1 --- [           main] .d.s.w.r.o.CachingOperationNameGenerator : Generating unique operation named: invokeUsingGET_3
2022-04-27T06:25:09.640401176Z stdout F 2022-04-27 14:25:09.609  INFO 1 --- [           main] .d.s.w.r.o.CachingOperationNameGenerator : Generating unique operation named: invokeUsingGET_4
2022-04-27T06:25:09.713279529Z stdout F 2022-04-27 14:25:09.710  INFO 1 --- [           main] .d.s.w.r.o.CachingOperationNameGenerator : Generating unique operation named: invokeUsingGET_5
2022-04-27T06:25:09.874016406Z stdout F 2022-04-27 14:25:09.873  INFO 1 --- [           main] .d.s.w.r.o.CachingOperationNameGenerator : Generating unique operation named: invokeUsingGET_6
2022-04-27T06:25:10.083616099Z stdout F 2022-04-27 14:25:10.080  INFO 1 --- [           main] .d.s.w.r.o.CachingOperationNameGenerator : Generating unique operation named: invokeUsingGET_7
2022-04-27T06:25:10.140535457Z stdout F 2022-04-27 14:25:10.137  INFO 1 --- [           main] .d.s.w.r.o.CachingOperationNameGenerator : Generating unique operation named: invokeUsingGET_8
2022-04-27T06:25:10.164630493Z stdout F 2022-04-27 14:25:10.161  INFO 1 --- [           main] .d.s.w.r.o.CachingOperationNameGenerator : Generating unique operation named: invokeUsingGET_9
2022-04-27T06:25:10.21796423Z stdout F 2022-04-27 14:25:10.216  INFO 1 --- [           main] .d.s.w.r.o.CachingOperationNameGenerator : Generating unique operation named: invokeUsingGET_10
2022-04-27T06:25:10.331720877Z stdout F 2022-04-27 14:25:10.330  INFO 1 --- [           main] .d.s.w.r.o.CachingOperationNameGenerator : Generating unique operation named: invokeUsingGET_11
2022-04-27T06:25:10.48980187Z stdout F 2022-04-27 14:25:10.485  INFO 1 --- [           main] .d.s.w.r.o.CachingOperationNameGenerator : Generating unique operation named: invokeUsingGET_12
2022-04-27T06:25:10.660423423Z stdout F 2022-04-27 14:25:10.659  INFO 1 --- [           main] .d.s.w.r.o.CachingOperationNameGenerator : Generating unique operation named: invokeUsingGET_13
2022-04-27T06:25:11.538684284Z stdout F 2022-04-27 14:25:11.537  INFO 1 --- [           main] .d.s.w.r.o.CachingOperationNameGenerator : Generating unique operation named: invokeUsingGET_14
2022-04-27T06:25:12.041311475Z stdout F 2022-04-27 14:25:12.038  INFO 1 --- [           main] .d.s.w.r.o.CachingOperationNameGenerator : Generating unique operation named: invokeUsingGET_15
2022-04-27T06:25:12.355510825Z stdout F 2022-04-27 14:25:12.353  INFO 1 --- [           main] .d.s.w.r.o.CachingOperationNameGenerator : Generating unique operation named: invokeUsingGET_16
2022-04-27T06:25:12.384200009Z stdout F 2022-04-27 14:25:12.378  INFO 1 --- [           main] .d.s.w.r.o.CachingOperationNameGenerator : Generating unique operation named: invokeUsingGET_17
2022-04-27T06:25:12.480402709Z stdout F 2022-04-27 14:25:12.463  INFO 1 --- [           main] .d.s.w.r.o.CachingOperationNameGenerator : Generating unique operation named: invokeUsingGET_18
2022-04-27T06:25:12.523586714Z stdout F 2022-04-27 14:25:12.521  INFO 1 --- [           main] .d.s.w.r.o.CachingOperationNameGenerator : Generating unique operation named: invokeUsingGET_19
2022-04-27T06:25:12.615138604Z stdout F 2022-04-27 14:25:12.610  INFO 1 --- [           main] .d.s.w.r.o.CachingOperationNameGenerator : Generating unique operation named: invokeUsingGET_20
2022-04-27T06:25:12.639000912Z stdout F 2022-04-27 14:25:12.636  INFO 1 --- [           main] .d.s.w.r.o.CachingOperationNameGenerator : Generating unique operation named: invokeUsingGET_21
2022-04-27T06:25:12.87325519Z stdout F 2022-04-27 14:25:12.872  INFO 1 --- [           main] .d.s.w.r.o.CachingOperationNameGenerator : Generating unique operation named: invokeUsingGET_22
2022-04-27T06:25:12.960615608Z stdout F 2022-04-27 14:25:12.960  INFO 1 --- [           main] .d.s.w.r.o.CachingOperationNameGenerator : Generating unique operation named: invokeUsingGET_23
2022-04-27T06:25:13.024584631Z stdout F 2022-04-27 14:25:13.023  INFO 1 --- [           main] .d.s.w.r.o.CachingOperationNameGenerator : Generating unique operation named: valueUsingGET_1
2022-04-27T06:25:15.825017002Z stdout F 2022-04-27 14:25:15.821  INFO 1 --- [           main] s.b.c.e.t.TomcatEmbeddedServletContainer : Tomcat started on port(s): 16114 (http)
2022-04-27T06:25:16.735455204Z stdout F 2022-04-27 14:25:16.734  INFO 1 --- [           main] admintravel.AdminTravelApplication       : Started AdminTravelApplication in 243.87 seconds (JVM running for 248.354)
