2022-05-25T10:52:26.806495097Z stdout F 2022-05-25T10:52:26.805110Z	info	Istio iptables environment:
2022-05-25T10:52:26.806549895Z stdout F ENVOY_PORT=
2022-05-25T10:52:26.806556683Z stdout F INBOUND_CAPTURE_PORT=
2022-05-25T10:52:26.806560566Z stdout F ISTIO_INBOUND_INTERCEPTION_MODE=
2022-05-25T10:52:26.806563259Z stdout F ISTIO_INBOUND_TPROXY_ROUTE_TABLE=
2022-05-25T10:52:26.806565577Z stdout F ISTIO_INBOUND_PORTS=
2022-05-25T10:52:26.806567869Z stdout F ISTIO_OUTBOUND_PORTS=
2022-05-25T10:52:26.806570183Z stdout F ISTIO_LOCAL_EXCLUDE_PORTS=
2022-05-25T10:52:26.806572537Z stdout F ISTIO_EXCLUDE_INTERFACES=
2022-05-25T10:52:26.806574856Z stdout F ISTIO_SERVICE_CIDR=
2022-05-25T10:52:26.806577197Z stdout F ISTIO_SERVICE_EXCLUDE_CIDR=
2022-05-25T10:52:26.806579619Z stdout F ISTIO_META_DNS_CAPTURE=
2022-05-25T10:52:26.806582318Z stdout F INVALID_DROP=
2022-05-25T10:52:26.806584603Z stdout F 
2022-05-25T10:52:26.806586979Z stdout F 2022-05-25T10:52:26.805283Z	info	Istio iptables variables:
2022-05-25T10:52:26.806589274Z stdout F PROXY_PORT=15001
2022-05-25T10:52:26.806591648Z stdout F PROXY_INBOUND_CAPTURE_PORT=15006
2022-05-25T10:52:26.806593981Z stdout F PROXY_TUNNEL_PORT=15008
2022-05-25T10:52:26.806596365Z stdout F PROXY_UID=1337
2022-05-25T10:52:26.806598845Z stdout F PROXY_GID=1337
2022-05-25T10:52:26.806601242Z stdout F INBOUND_INTERCEPTION_MODE=REDIRECT
2022-05-25T10:52:26.806603573Z stdout F INBOUND_TPROXY_MARK=1337
2022-05-25T10:52:26.806605881Z stdout F INBOUND_TPROXY_ROUTE_TABLE=133
2022-05-25T10:52:26.806608181Z stdout F INBOUND_PORTS_INCLUDE=*
2022-05-25T10:52:26.8066105Z stdout F INBOUND_PORTS_EXCLUDE=15090,15021,15020
2022-05-25T10:52:26.806612883Z stdout F OUTBOUND_IP_RANGES_INCLUDE=*
2022-05-25T10:52:26.806615214Z stdout F OUTBOUND_IP_RANGES_EXCLUDE=
2022-05-25T10:52:26.806617585Z stdout F OUTBOUND_PORTS_INCLUDE=
2022-05-25T10:52:26.806619896Z stdout F OUTBOUND_PORTS_EXCLUDE=
2022-05-25T10:52:26.806622199Z stdout F KUBE_VIRT_INTERFACES=
2022-05-25T10:52:26.806624562Z stdout F ENABLE_INBOUND_IPV6=false
2022-05-25T10:52:26.806626877Z stdout F DNS_CAPTURE=false
2022-05-25T10:52:26.806629386Z stdout F DROP_INVALID=false
2022-05-25T10:52:26.806631737Z stdout F CAPTURE_ALL_DNS=false
2022-05-25T10:52:26.806634104Z stdout F DNS_SERVERS=[],[]
2022-05-25T10:52:26.806636557Z stdout F OUTPUT_PATH=
2022-05-25T10:52:26.80663893Z stdout F NETWORK_NAMESPACE=
2022-05-25T10:52:26.80664138Z stdout F CNI_MODE=false
2022-05-25T10:52:26.806644205Z stdout F EXCLUDE_INTERFACES=
2022-05-25T10:52:26.806646489Z stdout F 
2022-05-25T10:52:26.806970607Z stdout F 2022-05-25T10:52:26.805903Z	info	Writing following contents to rules file: /tmp/iptables-rules-1653475946805472038.txt297543181
2022-05-25T10:52:26.806979812Z stdout F * nat
2022-05-25T10:52:26.806982654Z stdout F -N ISTIO_INBOUND
2022-05-25T10:52:26.806985139Z stdout F -N ISTIO_REDIRECT
2022-05-25T10:52:26.806987521Z stdout F -N ISTIO_IN_REDIRECT
2022-05-25T10:52:26.806989914Z stdout F -N ISTIO_OUTPUT
2022-05-25T10:52:26.806992316Z stdout F -A ISTIO_INBOUND -p tcp --dport 15008 -j RETURN
2022-05-25T10:52:26.806994696Z stdout F -A ISTIO_REDIRECT -p tcp -j REDIRECT --to-ports 15001
2022-05-25T10:52:26.806997037Z stdout F -A ISTIO_IN_REDIRECT -p tcp -j REDIRECT --to-ports 15006
2022-05-25T10:52:26.80699935Z stdout F -A PREROUTING -p tcp -j ISTIO_INBOUND
2022-05-25T10:52:26.807001831Z stdout F -A ISTIO_INBOUND -p tcp --dport 15090 -j RETURN
2022-05-25T10:52:26.80700435Z stdout F -A ISTIO_INBOUND -p tcp --dport 15021 -j RETURN
2022-05-25T10:52:26.807008541Z stdout F -A ISTIO_INBOUND -p tcp --dport 15020 -j RETURN
2022-05-25T10:52:26.807010995Z stdout F -A ISTIO_INBOUND -p tcp -j ISTIO_IN_REDIRECT
2022-05-25T10:52:26.807013455Z stdout F -A OUTPUT -p tcp -j ISTIO_OUTPUT
2022-05-25T10:52:26.807049072Z stdout F -A ISTIO_OUTPUT -o lo -s 127.0.0.6/32 -j RETURN
2022-05-25T10:52:26.807064562Z stdout F -A ISTIO_OUTPUT -o lo ! -d 127.0.0.1/32 -m owner --uid-owner 1337 -j ISTIO_IN_REDIRECT
2022-05-25T10:52:26.807077185Z stdout F -A ISTIO_OUTPUT -o lo -m owner ! --uid-owner 1337 -j RETURN
2022-05-25T10:52:26.807085231Z stdout F -A ISTIO_OUTPUT -m owner --uid-owner 1337 -j RETURN
2022-05-25T10:52:26.807236331Z stdout F -A ISTIO_OUTPUT -o lo ! -d 127.0.0.1/32 -m owner --gid-owner 1337 -j ISTIO_IN_REDIRECT
2022-05-25T10:52:26.807273797Z stdout F -A ISTIO_OUTPUT -o lo -m owner ! --gid-owner 1337 -j RETURN
2022-05-25T10:52:26.807280223Z stdout F -A ISTIO_OUTPUT -m owner --gid-owner 1337 -j RETURN
2022-05-25T10:52:26.80728754Z stdout F -A ISTIO_OUTPUT -d 127.0.0.1/32 -j RETURN
2022-05-25T10:52:26.807298889Z stdout F -A ISTIO_OUTPUT -j ISTIO_REDIRECT
2022-05-25T10:52:26.807311242Z stdout F COMMIT
2022-05-25T10:52:26.807317772Z stdout F 2022-05-25T10:52:26.806054Z	info	Running command: iptables-restore --noflush /tmp/iptables-rules-1653475946805472038.txt297543181
2022-05-25T10:52:27.007044464Z stdout F 2022-05-25T10:52:26.997232Z	info	Writing following contents to rules file: /tmp/ip6tables-rules-1653475946979018232.txt2358705455
2022-05-25T10:52:27.007130021Z stdout F 
2022-05-25T10:52:27.00714145Z stdout F 2022-05-25T10:52:26.997383Z	info	Running command: ip6tables-restore --noflush /tmp/ip6tables-rules-1653475946979018232.txt2358705455
2022-05-25T10:52:27.124391747Z stdout F 2022-05-25T10:52:27.117992Z	info	Running command: iptables-save 
2022-05-25T10:52:27.183340403Z stdout F 2022-05-25T10:52:27.180823Z	info	Command output: 
2022-05-25T10:52:27.183374648Z stdout F # Generated by iptables-save v1.8.4 on Wed May 25 10:52:27 2022
2022-05-25T10:52:27.183380614Z stdout F *nat
2022-05-25T10:52:27.183385544Z stdout F :PREROUTING ACCEPT [0:0]
2022-05-25T10:52:27.183389677Z stdout F :INPUT ACCEPT [0:0]
2022-05-25T10:52:27.18339375Z stdout F :OUTPUT ACCEPT [0:0]
2022-05-25T10:52:27.183398528Z stdout F :POSTROUTING ACCEPT [0:0]
2022-05-25T10:52:27.183402804Z stdout F :ISTIO_INBOUND - [0:0]
2022-05-25T10:52:27.183406833Z stdout F :ISTIO_IN_REDIRECT - [0:0]
2022-05-25T10:52:27.183410971Z stdout F :ISTIO_OUTPUT - [0:0]
2022-05-25T10:52:27.183415256Z stdout F :ISTIO_REDIRECT - [0:0]
2022-05-25T10:52:27.183419829Z stdout F -A PREROUTING -p tcp -j ISTIO_INBOUND
2022-05-25T10:52:27.183423795Z stdout F -A OUTPUT -p tcp -j ISTIO_OUTPUT
2022-05-25T10:52:27.18342779Z stdout F -A ISTIO_INBOUND -p tcp -m tcp --dport 15008 -j RETURN
2022-05-25T10:52:27.183431723Z stdout F -A ISTIO_INBOUND -p tcp -m tcp --dport 15090 -j RETURN
2022-05-25T10:52:27.183435754Z stdout F -A ISTIO_INBOUND -p tcp -m tcp --dport 15021 -j RETURN
2022-05-25T10:52:27.183439661Z stdout F -A ISTIO_INBOUND -p tcp -m tcp --dport 15020 -j RETURN
2022-05-25T10:52:27.183443996Z stdout F -A ISTIO_INBOUND -p tcp -j ISTIO_IN_REDIRECT
2022-05-25T10:52:27.183448159Z stdout F -A ISTIO_IN_REDIRECT -p tcp -j REDIRECT --to-ports 15006
2022-05-25T10:52:27.183452063Z stdout F -A ISTIO_OUTPUT -s 127.0.0.6/32 -o lo -j RETURN
2022-05-25T10:52:27.183456608Z stdout F -A ISTIO_OUTPUT ! -d 127.0.0.1/32 -o lo -m owner --uid-owner 1337 -j ISTIO_IN_REDIRECT
2022-05-25T10:52:27.183460845Z stdout F -A ISTIO_OUTPUT -o lo -m owner ! --uid-owner 1337 -j RETURN
2022-05-25T10:52:27.18346465Z stdout F -A ISTIO_OUTPUT -m owner --uid-owner 1337 -j RETURN
2022-05-25T10:52:27.183468713Z stdout F -A ISTIO_OUTPUT ! -d 127.0.0.1/32 -o lo -m owner --gid-owner 1337 -j ISTIO_IN_REDIRECT
2022-05-25T10:52:27.183472894Z stdout F -A ISTIO_OUTPUT -o lo -m owner ! --gid-owner 1337 -j RETURN
2022-05-25T10:52:27.183476902Z stdout F -A ISTIO_OUTPUT -m owner --gid-owner 1337 -j RETURN
2022-05-25T10:52:27.183480771Z stdout F -A ISTIO_OUTPUT -d 127.0.0.1/32 -j RETURN
2022-05-25T10:52:27.183485005Z stdout F -A ISTIO_OUTPUT -j ISTIO_REDIRECT
2022-05-25T10:52:27.183489017Z stdout F -A ISTIO_REDIRECT -p tcp -j REDIRECT --to-ports 15001
2022-05-25T10:52:27.183493371Z stdout F COMMIT
2022-05-25T10:52:27.183497524Z stdout F # Completed on Wed May 25 10:52:27 2022
2022-05-25T10:52:27.183501376Z stdout F 
