2022-05-26T05:25:30.526820231Z stdout F 2022-05-26T05:25:30.525957Z	info	Istio iptables environment:
2022-05-26T05:25:30.526847311Z stdout F ENVOY_PORT=
2022-05-26T05:25:30.526880113Z stdout F INBOUND_CAPTURE_PORT=
2022-05-26T05:25:30.526883797Z stdout F ISTIO_INBOUND_INTERCEPTION_MODE=
2022-05-26T05:25:30.526886395Z stdout F ISTIO_INBOUND_TPROXY_ROUTE_TABLE=
2022-05-26T05:25:30.526888504Z stdout F ISTIO_INBOUND_PORTS=
2022-05-26T05:25:30.526890529Z stdout F ISTIO_OUTBOUND_PORTS=
2022-05-26T05:25:30.526892734Z stdout F ISTIO_LOCAL_EXCLUDE_PORTS=
2022-05-26T05:25:30.526894802Z stdout F ISTIO_EXCLUDE_INTERFACES=
2022-05-26T05:25:30.526896818Z stdout F ISTIO_SERVICE_CIDR=
2022-05-26T05:25:30.526898835Z stdout F ISTIO_SERVICE_EXCLUDE_CIDR=
2022-05-26T05:25:30.526900878Z stdout F ISTIO_META_DNS_CAPTURE=
2022-05-26T05:25:30.526902937Z stdout F INVALID_DROP=
2022-05-26T05:25:30.526904892Z stdout F 
2022-05-26T05:25:30.526907003Z stdout F 2022-05-26T05:25:30.525985Z	info	Istio iptables variables:
2022-05-26T05:25:30.52690914Z stdout F PROXY_PORT=15001
2022-05-26T05:25:30.526911276Z stdout F PROXY_INBOUND_CAPTURE_PORT=15006
2022-05-26T05:25:30.526913621Z stdout F PROXY_TUNNEL_PORT=15008
2022-05-26T05:25:30.526915672Z stdout F PROXY_UID=1337
2022-05-26T05:25:30.526917765Z stdout F PROXY_GID=1337
2022-05-26T05:25:30.526919833Z stdout F INBOUND_INTERCEPTION_MODE=REDIRECT
2022-05-26T05:25:30.526921887Z stdout F INBOUND_TPROXY_MARK=1337
2022-05-26T05:25:30.526923912Z stdout F INBOUND_TPROXY_ROUTE_TABLE=133
2022-05-26T05:25:30.52692599Z stdout F INBOUND_PORTS_INCLUDE=*
2022-05-26T05:25:30.526928089Z stdout F INBOUND_PORTS_EXCLUDE=15090,15021,15020
2022-05-26T05:25:30.526930083Z stdout F OUTBOUND_IP_RANGES_INCLUDE=*
2022-05-26T05:25:30.526932128Z stdout F OUTBOUND_IP_RANGES_EXCLUDE=
2022-05-26T05:25:30.526934122Z stdout F OUTBOUND_PORTS_INCLUDE=
2022-05-26T05:25:30.526936131Z stdout F OUTBOUND_PORTS_EXCLUDE=
2022-05-26T05:25:30.526938122Z stdout F KUBE_VIRT_INTERFACES=
2022-05-26T05:25:30.526942836Z stdout F ENABLE_INBOUND_IPV6=false
2022-05-26T05:25:30.526945126Z stdout F DNS_CAPTURE=false
2022-05-26T05:25:30.526947248Z stdout F DROP_INVALID=false
2022-05-26T05:25:30.526949279Z stdout F CAPTURE_ALL_DNS=false
2022-05-26T05:25:30.526951358Z stdout F DNS_SERVERS=[],[]
2022-05-26T05:25:30.526953481Z stdout F OUTPUT_PATH=
2022-05-26T05:25:30.526955513Z stdout F NETWORK_NAMESPACE=
2022-05-26T05:25:30.526957593Z stdout F CNI_MODE=false
2022-05-26T05:25:30.526959652Z stdout F EXCLUDE_INTERFACES=
2022-05-26T05:25:30.526961669Z stdout F 
2022-05-26T05:25:30.526964353Z stdout F 2022-05-26T05:25:30.526197Z	info	Writing following contents to rules file: /tmp/iptables-rules-1653542730526041401.txt2664124957
2022-05-26T05:25:30.526967518Z stdout F * nat
2022-05-26T05:25:30.526970877Z stdout F -N ISTIO_INBOUND
2022-05-26T05:25:30.526974335Z stdout F -N ISTIO_REDIRECT
2022-05-26T05:25:30.52697794Z stdout F -N ISTIO_IN_REDIRECT
2022-05-26T05:25:30.526980673Z stdout F -N ISTIO_OUTPUT
2022-05-26T05:25:30.526983048Z stdout F -A ISTIO_INBOUND -p tcp --dport 15008 -j RETURN
2022-05-26T05:25:30.526985241Z stdout F -A ISTIO_REDIRECT -p tcp -j REDIRECT --to-ports 15001
2022-05-26T05:25:30.526987253Z stdout F -A ISTIO_IN_REDIRECT -p tcp -j REDIRECT --to-ports 15006
2022-05-26T05:25:30.526989232Z stdout F -A PREROUTING -p tcp -j ISTIO_INBOUND
2022-05-26T05:25:30.526991235Z stdout F -A ISTIO_INBOUND -p tcp --dport 15090 -j RETURN
2022-05-26T05:25:30.526993269Z stdout F -A ISTIO_INBOUND -p tcp --dport 15021 -j RETURN
2022-05-26T05:25:30.526995258Z stdout F -A ISTIO_INBOUND -p tcp --dport 15020 -j RETURN
2022-05-26T05:25:30.526997257Z stdout F -A ISTIO_INBOUND -p tcp -j ISTIO_IN_REDIRECT
2022-05-26T05:25:30.526999399Z stdout F -A OUTPUT -p tcp -j ISTIO_OUTPUT
2022-05-26T05:25:30.527001473Z stdout F -A ISTIO_OUTPUT -o lo -s 127.0.0.6/32 -j RETURN
2022-05-26T05:25:30.527003646Z stdout F -A ISTIO_OUTPUT -o lo ! -d 127.0.0.1/32 -m owner --uid-owner 1337 -j ISTIO_IN_REDIRECT
2022-05-26T05:25:30.527005631Z stdout F -A ISTIO_OUTPUT -o lo -m owner ! --uid-owner 1337 -j RETURN
2022-05-26T05:25:30.527014337Z stdout F -A ISTIO_OUTPUT -m owner --uid-owner 1337 -j RETURN
2022-05-26T05:25:30.527016883Z stdout F -A ISTIO_OUTPUT -o lo ! -d 127.0.0.1/32 -m owner --gid-owner 1337 -j ISTIO_IN_REDIRECT
2022-05-26T05:25:30.527018879Z stdout F -A ISTIO_OUTPUT -o lo -m owner ! --gid-owner 1337 -j RETURN
2022-05-26T05:25:30.52702084Z stdout F -A ISTIO_OUTPUT -m owner --gid-owner 1337 -j RETURN
2022-05-26T05:25:30.527022853Z stdout F -A ISTIO_OUTPUT -d 127.0.0.1/32 -j RETURN
2022-05-26T05:25:30.527024945Z stdout F -A ISTIO_OUTPUT -j ISTIO_REDIRECT
2022-05-26T05:25:30.527027036Z stdout F COMMIT
2022-05-26T05:25:30.527029625Z stdout F 2022-05-26T05:25:30.526285Z	info	Running command: iptables-restore --noflush /tmp/iptables-rules-1653542730526041401.txt2664124957
2022-05-26T05:25:30.532931362Z stdout F 2022-05-26T05:25:30.531443Z	info	Writing following contents to rules file: /tmp/ip6tables-rules-1653542730530949049.txt557642101
2022-05-26T05:25:30.532953349Z stdout F 
2022-05-26T05:25:30.532959641Z stdout F 2022-05-26T05:25:30.531532Z	info	Running command: ip6tables-restore --noflush /tmp/ip6tables-rules-1653542730530949049.txt557642101
2022-05-26T05:25:30.534518317Z stdout F 2022-05-26T05:25:30.533932Z	info	Running command: iptables-save 
2022-05-26T05:25:30.54017999Z stdout F 2022-05-26T05:25:30.539202Z	info	Command output: 
2022-05-26T05:25:30.540223744Z stdout F # Generated by iptables-save v1.8.4 on Thu May 26 05:25:30 2022
2022-05-26T05:25:30.540231099Z stdout F *nat
2022-05-26T05:25:30.540234466Z stdout F :PREROUTING ACCEPT [0:0]
2022-05-26T05:25:30.540236719Z stdout F :INPUT ACCEPT [0:0]
2022-05-26T05:25:30.540238963Z stdout F :OUTPUT ACCEPT [0:0]
2022-05-26T05:25:30.540241762Z stdout F :POSTROUTING ACCEPT [0:0]
2022-05-26T05:25:30.54024405Z stdout F :ISTIO_INBOUND - [0:0]
2022-05-26T05:25:30.540246326Z stdout F :ISTIO_IN_REDIRECT - [0:0]
2022-05-26T05:25:30.540248543Z stdout F :ISTIO_OUTPUT - [0:0]
2022-05-26T05:25:30.5402508Z stdout F :ISTIO_REDIRECT - [0:0]
2022-05-26T05:25:30.540253883Z stdout F -A PREROUTING -p tcp -j ISTIO_INBOUND
2022-05-26T05:25:30.540256213Z stdout F -A OUTPUT -p tcp -j ISTIO_OUTPUT
2022-05-26T05:25:30.540258448Z stdout F -A ISTIO_INBOUND -p tcp -m tcp --dport 15008 -j RETURN
2022-05-26T05:25:30.54026073Z stdout F -A ISTIO_INBOUND -p tcp -m tcp --dport 15090 -j RETURN
2022-05-26T05:25:30.540262936Z stdout F -A ISTIO_INBOUND -p tcp -m tcp --dport 15021 -j RETURN
2022-05-26T05:25:30.540265121Z stdout F -A ISTIO_INBOUND -p tcp -m tcp --dport 15020 -j RETURN
2022-05-26T05:25:30.540267285Z stdout F -A ISTIO_INBOUND -p tcp -j ISTIO_IN_REDIRECT
2022-05-26T05:25:30.540269433Z stdout F -A ISTIO_IN_REDIRECT -p tcp -j REDIRECT --to-ports 15006
2022-05-26T05:25:30.540271538Z stdout F -A ISTIO_OUTPUT -s 127.0.0.6/32 -o lo -j RETURN
2022-05-26T05:25:30.540276815Z stdout F -A ISTIO_OUTPUT ! -d 127.0.0.1/32 -o lo -m owner --uid-owner 1337 -j ISTIO_IN_REDIRECT
2022-05-26T05:25:30.540279147Z stdout F -A ISTIO_OUTPUT -o lo -m owner ! --uid-owner 1337 -j RETURN
2022-05-26T05:25:30.540281359Z stdout F -A ISTIO_OUTPUT -m owner --uid-owner 1337 -j RETURN
2022-05-26T05:25:30.540283571Z stdout F -A ISTIO_OUTPUT ! -d 127.0.0.1/32 -o lo -m owner --gid-owner 1337 -j ISTIO_IN_REDIRECT
2022-05-26T05:25:30.540285684Z stdout F -A ISTIO_OUTPUT -o lo -m owner ! --gid-owner 1337 -j RETURN
2022-05-26T05:25:30.540287787Z stdout F -A ISTIO_OUTPUT -m owner --gid-owner 1337 -j RETURN
2022-05-26T05:25:30.540289917Z stdout F -A ISTIO_OUTPUT -d 127.0.0.1/32 -j RETURN
2022-05-26T05:25:30.540292079Z stdout F -A ISTIO_OUTPUT -j ISTIO_REDIRECT
2022-05-26T05:25:30.54029421Z stdout F -A ISTIO_REDIRECT -p tcp -j REDIRECT --to-ports 15001
2022-05-26T05:25:30.540296669Z stdout F COMMIT
2022-05-26T05:25:30.54029893Z stdout F # Completed on Thu May 26 05:25:30 2022
2022-05-26T05:25:30.540301046Z stdout F 
