2022-05-09T11:48:08.541282767Z stdout F 2022-05-09T11:48:08.534074Z	info	Istio iptables environment:
2022-05-09T11:48:08.541377453Z stdout F ENVOY_PORT=
2022-05-09T11:48:08.541392862Z stdout F INBOUND_CAPTURE_PORT=
2022-05-09T11:48:08.541402352Z stdout F ISTIO_INBOUND_INTERCEPTION_MODE=
2022-05-09T11:48:08.541411244Z stdout F ISTIO_INBOUND_TPROXY_ROUTE_TABLE=
2022-05-09T11:48:08.541419009Z stdout F ISTIO_INBOUND_PORTS=
2022-05-09T11:48:08.541426269Z stdout F ISTIO_OUTBOUND_PORTS=
2022-05-09T11:48:08.541433382Z stdout F ISTIO_LOCAL_EXCLUDE_PORTS=
2022-05-09T11:48:08.541440209Z stdout F ISTIO_EXCLUDE_INTERFACES=
2022-05-09T11:48:08.541447242Z stdout F ISTIO_SERVICE_CIDR=
2022-05-09T11:48:08.541454234Z stdout F ISTIO_SERVICE_EXCLUDE_CIDR=
2022-05-09T11:48:08.541461084Z stdout F ISTIO_META_DNS_CAPTURE=
2022-05-09T11:48:08.541467945Z stdout F INVALID_DROP=
2022-05-09T11:48:08.541474066Z stdout F 
2022-05-09T11:48:08.541481041Z stdout F 2022-05-09T11:48:08.534217Z	info	Istio iptables variables:
2022-05-09T11:48:08.541487779Z stdout F PROXY_PORT=15001
2022-05-09T11:48:08.541494649Z stdout F PROXY_INBOUND_CAPTURE_PORT=15006
2022-05-09T11:48:08.54150149Z stdout F PROXY_TUNNEL_PORT=15008
2022-05-09T11:48:08.541508583Z stdout F PROXY_UID=1337
2022-05-09T11:48:08.541515286Z stdout F PROXY_GID=1337
2022-05-09T11:48:08.541522039Z stdout F INBOUND_INTERCEPTION_MODE=REDIRECT
2022-05-09T11:48:08.541528432Z stdout F INBOUND_TPROXY_MARK=1337
2022-05-09T11:48:08.541534968Z stdout F INBOUND_TPROXY_ROUTE_TABLE=133
2022-05-09T11:48:08.541541828Z stdout F INBOUND_PORTS_INCLUDE=*
2022-05-09T11:48:08.541548508Z stdout F INBOUND_PORTS_EXCLUDE=15090,15021,15020
2022-05-09T11:48:08.54155541Z stdout F OUTBOUND_IP_RANGES_INCLUDE=*
2022-05-09T11:48:08.541561903Z stdout F OUTBOUND_IP_RANGES_EXCLUDE=
2022-05-09T11:48:08.541568426Z stdout F OUTBOUND_PORTS_INCLUDE=
2022-05-09T11:48:08.541574843Z stdout F OUTBOUND_PORTS_EXCLUDE=
2022-05-09T11:48:08.541581107Z stdout F KUBE_VIRT_INTERFACES=
2022-05-09T11:48:08.54158757Z stdout F ENABLE_INBOUND_IPV6=false
2022-05-09T11:48:08.541593946Z stdout F DNS_CAPTURE=false
2022-05-09T11:48:08.541600525Z stdout F DROP_INVALID=false
2022-05-09T11:48:08.541607052Z stdout F CAPTURE_ALL_DNS=false
2022-05-09T11:48:08.541613415Z stdout F DNS_SERVERS=[],[]
2022-05-09T11:48:08.541620364Z stdout F OUTPUT_PATH=
2022-05-09T11:48:08.541626728Z stdout F NETWORK_NAMESPACE=
2022-05-09T11:48:08.541633144Z stdout F CNI_MODE=false
2022-05-09T11:48:08.541639652Z stdout F EXCLUDE_INTERFACES=
2022-05-09T11:48:08.541646075Z stdout F 
2022-05-09T11:48:08.541653533Z stdout F 2022-05-09T11:48:08.534660Z	info	Writing following contents to rules file: /tmp/iptables-rules-1652096888534318981.txt3502316256
2022-05-09T11:48:08.54166052Z stdout F * nat
2022-05-09T11:48:08.541666649Z stdout F -N ISTIO_INBOUND
2022-05-09T11:48:08.541673228Z stdout F -N ISTIO_REDIRECT
2022-05-09T11:48:08.541680278Z stdout F -N ISTIO_IN_REDIRECT
2022-05-09T11:48:08.541687084Z stdout F -N ISTIO_OUTPUT
2022-05-09T11:48:08.54169365Z stdout F -A ISTIO_INBOUND -p tcp --dport 15008 -j RETURN
2022-05-09T11:48:08.541700135Z stdout F -A ISTIO_REDIRECT -p tcp -j REDIRECT --to-ports 15001
2022-05-09T11:48:08.541707066Z stdout F -A ISTIO_IN_REDIRECT -p tcp -j REDIRECT --to-ports 15006
2022-05-09T11:48:08.541713423Z stdout F -A PREROUTING -p tcp -j ISTIO_INBOUND
2022-05-09T11:48:08.541720116Z stdout F -A ISTIO_INBOUND -p tcp --dport 15090 -j RETURN
2022-05-09T11:48:08.541726622Z stdout F -A ISTIO_INBOUND -p tcp --dport 15021 -j RETURN
2022-05-09T11:48:08.541733377Z stdout F -A ISTIO_INBOUND -p tcp --dport 15020 -j RETURN
2022-05-09T11:48:08.541898734Z stdout F -A ISTIO_INBOUND -p tcp -j ISTIO_IN_REDIRECT
2022-05-09T11:48:08.541917765Z stdout F -A OUTPUT -p tcp -j ISTIO_OUTPUT
2022-05-09T11:48:08.541926254Z stdout F -A ISTIO_OUTPUT -o lo -s 127.0.0.6/32 -j RETURN
2022-05-09T11:48:08.541933932Z stdout F -A ISTIO_OUTPUT -o lo ! -d 127.0.0.1/32 -m owner --uid-owner 1337 -j ISTIO_IN_REDIRECT
2022-05-09T11:48:08.54194056Z stdout F -A ISTIO_OUTPUT -o lo -m owner ! --uid-owner 1337 -j RETURN
2022-05-09T11:48:08.54194715Z stdout F -A ISTIO_OUTPUT -m owner --uid-owner 1337 -j RETURN
2022-05-09T11:48:08.554679454Z stdout F -A ISTIO_OUTPUT -o lo ! -d 127.0.0.1/32 -m owner --gid-owner 1337 -j ISTIO_IN_REDIRECT
2022-05-09T11:48:08.554709916Z stdout F -A ISTIO_OUTPUT -o lo -m owner ! --gid-owner 1337 -j RETURN
2022-05-09T11:48:08.554739099Z stdout F -A ISTIO_OUTPUT -m owner --gid-owner 1337 -j RETURN
2022-05-09T11:48:08.554753279Z stdout F -A ISTIO_OUTPUT -d 127.0.0.1/32 -j RETURN
2022-05-09T11:48:08.554760798Z stdout F -A ISTIO_OUTPUT -j ISTIO_REDIRECT
2022-05-09T11:48:08.554768256Z stdout F COMMIT
2022-05-09T11:48:08.555005771Z stdout F 2022-05-09T11:48:08.534728Z	info	Running command: iptables-restore --noflush /tmp/iptables-rules-1652096888534318981.txt3502316256
2022-05-09T11:48:08.712536846Z stdout F 2022-05-09T11:48:08.691182Z	info	Writing following contents to rules file: /tmp/ip6tables-rules-1652096888691015620.txt1500023204
2022-05-09T11:48:08.712591287Z stdout F 
2022-05-09T11:48:08.712605085Z stdout F 2022-05-09T11:48:08.691330Z	info	Running command: ip6tables-restore --noflush /tmp/ip6tables-rules-1652096888691015620.txt1500023204
2022-05-09T11:48:08.736271424Z stdout F 2022-05-09T11:48:08.734682Z	info	Running command: iptables-save 
2022-05-09T11:48:08.829229494Z stdout F 2022-05-09T11:48:08.828634Z	info	Command output: 
2022-05-09T11:48:08.829273848Z stdout F # Generated by iptables-save v1.8.4 on Mon May  9 11:48:08 2022
2022-05-09T11:48:08.829285464Z stdout F *nat
2022-05-09T11:48:08.829296616Z stdout F :PREROUTING ACCEPT [0:0]
2022-05-09T11:48:08.829314562Z stdout F :INPUT ACCEPT [0:0]
2022-05-09T11:48:08.829333917Z stdout F :OUTPUT ACCEPT [0:0]
2022-05-09T11:48:08.829356844Z stdout F :POSTROUTING ACCEPT [0:0]
2022-05-09T11:48:08.829372333Z stdout F :ISTIO_INBOUND - [0:0]
2022-05-09T11:48:08.829386717Z stdout F :ISTIO_IN_REDIRECT - [0:0]
2022-05-09T11:48:08.82939985Z stdout F :ISTIO_OUTPUT - [0:0]
2022-05-09T11:48:08.829407683Z stdout F :ISTIO_REDIRECT - [0:0]
2022-05-09T11:48:08.829426073Z stdout F -A PREROUTING -p tcp -j ISTIO_INBOUND
2022-05-09T11:48:08.82943491Z stdout F -A OUTPUT -p tcp -j ISTIO_OUTPUT
2022-05-09T11:48:08.829441061Z stdout F -A ISTIO_INBOUND -p tcp -m tcp --dport 15008 -j RETURN
2022-05-09T11:48:08.829447396Z stdout F -A ISTIO_INBOUND -p tcp -m tcp --dport 15090 -j RETURN
2022-05-09T11:48:08.829453768Z stdout F -A ISTIO_INBOUND -p tcp -m tcp --dport 15021 -j RETURN
2022-05-09T11:48:08.829460496Z stdout F -A ISTIO_INBOUND -p tcp -m tcp --dport 15020 -j RETURN
2022-05-09T11:48:08.829466687Z stdout F -A ISTIO_INBOUND -p tcp -j ISTIO_IN_REDIRECT
2022-05-09T11:48:08.82947359Z stdout F -A ISTIO_IN_REDIRECT -p tcp -j REDIRECT --to-ports 15006
2022-05-09T11:48:08.829479732Z stdout F -A ISTIO_OUTPUT -s 127.0.0.6/32 -o lo -j RETURN
2022-05-09T11:48:08.829486385Z stdout F -A ISTIO_OUTPUT ! -d 127.0.0.1/32 -o lo -m owner --uid-owner 1337 -j ISTIO_IN_REDIRECT
2022-05-09T11:48:08.829500159Z stdout F -A ISTIO_OUTPUT -o lo -m owner ! --uid-owner 1337 -j RETURN
2022-05-09T11:48:08.82951762Z stdout F -A ISTIO_OUTPUT -m owner --uid-owner 1337 -j RETURN
2022-05-09T11:48:08.829533451Z stdout F -A ISTIO_OUTPUT ! -d 127.0.0.1/32 -o lo -m owner --gid-owner 1337 -j ISTIO_IN_REDIRECT
2022-05-09T11:48:08.829549481Z stdout F -A ISTIO_OUTPUT -o lo -m owner ! --gid-owner 1337 -j RETURN
2022-05-09T11:48:08.829557866Z stdout F -A ISTIO_OUTPUT -m owner --gid-owner 1337 -j RETURN
2022-05-09T11:48:08.829575072Z stdout F -A ISTIO_OUTPUT -d 127.0.0.1/32 -j RETURN
2022-05-09T11:48:08.829585513Z stdout F -A ISTIO_OUTPUT -j ISTIO_REDIRECT
2022-05-09T11:48:08.829593106Z stdout F -A ISTIO_REDIRECT -p tcp -j REDIRECT --to-ports 15001
2022-05-09T11:48:08.829600482Z stdout F COMMIT
2022-05-09T11:48:08.82961047Z stdout F # Completed on Mon May  9 11:48:08 2022
2022-05-09T11:48:08.829627669Z stdout F 
