2022-04-30T04:39:19.15538354Z stdout F 
2022-04-30T04:39:19.155447711Z stdout F   .   ____          _            __ _ _
2022-04-30T04:39:19.155459558Z stdout F  /\\ / ___'_ __ _ _(_)_ __  __ _ \ \ \ \
2022-04-30T04:39:19.155465331Z stdout F ( ( )\___ | '_ | '_| | '_ \/ _` | \ \ \ \
2022-04-30T04:39:19.155470609Z stdout F  \\/  ___)| |_)| | | | | || (_| |  ) ) ) )
2022-04-30T04:39:19.155475143Z stdout F   '  |____| .__|_| |_|_| |_\__, | / / / /
2022-04-30T04:39:19.155479881Z stdout F  =========|_|==============|___/=/_/_/_/
2022-04-30T04:39:19.25828847Z stdout F  :: Spring Boot ::       (v1.5.22.RELEASE)
2022-04-30T04:39:19.258323154Z stdout F 
2022-04-30T04:39:28.026265791Z stdout F 2022-04-30 12:39:27.809  INFO 1 --- [           main] travelplan.TravelPlanApplication         : Starting TravelPlanApplication v1.0 on ts-travel-plan-service-5bb854f799-lrlln with PID 1 (/app/ts-travel-plan-service-1.0.jar started by root in /)
2022-04-30T04:39:28.089213188Z stdout F 2022-04-30 12:39:28.086  INFO 1 --- [           main] travelplan.TravelPlanApplication         : No active profile set, falling back to default profiles: default
2022-04-30T04:39:33.251308189Z stdout F 2022-04-30 12:39:33.250  INFO 1 --- [           main] ationConfigEmbeddedWebApplicationContext : Refreshing org.springframework.boot.context.embedded.AnnotationConfigEmbeddedWebApplicationContext@deb6432: startup date [Sat Apr 30 12:39:33 CST 2022]; root of context hierarchy
2022-04-30T04:41:55.897904481Z stdout F 2022-04-30 12:41:55.896  INFO 1 --- [           main] o.s.i.config.IntegrationRegistrar        : No bean named 'integrationHeaderChannelRegistry' has been explicitly defined. Therefore, a default DefaultHeaderChannelRegistry will be created.
2022-04-30T04:42:11.384332057Z stdout F 2022-04-30 12:42:11.383  INFO 1 --- [           main] faultConfiguringBeanFactoryPostProcessor : No bean named 'errorChannel' has been explicitly defined. Therefore, a default PublishSubscribeChannel will be created.
2022-04-30T04:42:12.179445109Z stdout F 2022-04-30 12:42:12.171  INFO 1 --- [           main] faultConfiguringBeanFactoryPostProcessor : No bean named 'taskScheduler' has been explicitly defined. Therefore, a default ThreadPoolTaskScheduler will be created.
2022-04-30T04:42:19.461990663Z stdout F 2022-04-30 12:42:19.461  INFO 1 --- [           main] trationDelegate$BeanPostProcessorChecker : Bean 'org.springframework.security.config.annotation.configuration.ObjectPostProcessorConfiguration' of type [org.springframework.security.config.annotation.configuration.ObjectPostProcessorConfiguration$$EnhancerBySpringCGLIB$$e5c981a5] is not eligible for getting processed by all BeanPostProcessors (for example: not eligible for auto-proxying)
2022-04-30T04:42:19.742051249Z stdout F 2022-04-30 12:42:19.739  INFO 1 --- [           main] trationDelegate$BeanPostProcessorChecker : Bean 'objectPostProcessor' of type [org.springframework.security.config.annotation.configuration.AutowireBeanFactoryObjectPostProcessor] is not eligible for getting processed by all BeanPostProcessors (for example: not eligible for auto-proxying)
2022-04-30T04:42:19.762172325Z stdout F 2022-04-30 12:42:19.761  INFO 1 --- [           main] trationDelegate$BeanPostProcessorChecker : Bean 'org.springframework.security.access.expression.method.DefaultMethodSecurityExpressionHandler@44ebcd03' of type [org.springframework.security.access.expression.method.DefaultMethodSecurityExpressionHandler] is not eligible for getting processed by all BeanPostProcessors (for example: not eligible for auto-proxying)
2022-04-30T04:42:20.032670752Z stdout F 2022-04-30 12:42:20.032  INFO 1 --- [           main] trationDelegate$BeanPostProcessorChecker : Bean 'org.springframework.security.config.annotation.method.configuration.GlobalMethodSecurityConfiguration' of type [org.springframework.security.config.annotation.method.configuration.GlobalMethodSecurityConfiguration$$EnhancerBySpringCGLIB$$a9e2457] is not eligible for getting processed by all BeanPostProcessors (for example: not eligible for auto-proxying)
2022-04-30T04:42:20.515386879Z stdout F 2022-04-30 12:42:20.514  INFO 1 --- [           main] trationDelegate$BeanPostProcessorChecker : Bean 'methodSecurityMetadataSource' of type [org.springframework.security.access.method.DelegatingMethodSecurityMetadataSource] is not eligible for getting processed by all BeanPostProcessors (for example: not eligible for auto-proxying)
2022-04-30T04:42:21.168455071Z stdout F 2022-04-30 12:42:21.158  INFO 1 --- [           main] trationDelegate$BeanPostProcessorChecker : Bean 'integrationGlobalProperties' of type [org.springframework.beans.factory.config.PropertiesFactoryBean] is not eligible for getting processed by all BeanPostProcessors (for example: not eligible for auto-proxying)
2022-04-30T04:42:21.209413772Z stdout F 2022-04-30 12:42:21.208  INFO 1 --- [           main] trationDelegate$BeanPostProcessorChecker : Bean 'integrationGlobalProperties' of type [java.util.Properties] is not eligible for getting processed by all BeanPostProcessors (for example: not eligible for auto-proxying)
2022-04-30T04:42:48.290757041Z stdout F 2022-04-30 12:42:48.289  INFO 1 --- [           main] s.b.c.e.t.TomcatEmbeddedServletContainer : Tomcat initialized with port(s): 14322 (http)
2022-04-30T04:42:52.424863387Z stdout F 2022-04-30 12:42:52.423  INFO 1 --- [           main] o.apache.catalina.core.StandardService   : Starting service [Tomcat]
2022-04-30T04:42:52.435694355Z stdout F 2022-04-30 12:42:52.434  INFO 1 --- [           main] org.apache.catalina.core.StandardEngine  : Starting Servlet Engine: Apache Tomcat/8.5.43
2022-04-30T04:43:02.732191072Z stdout F 2022-04-30 12:43:02.690  INFO 1 --- [ost-startStop-1] o.a.c.c.C.[Tomcat].[localhost].[/]       : Initializing Spring embedded WebApplicationContext
2022-04-30T04:43:02.732738216Z stdout F 2022-04-30 12:43:02.731  INFO 1 --- [ost-startStop-1] o.s.web.context.ContextLoader            : Root WebApplicationContext: initialization completed in 209484 ms
2022-04-30T04:43:23.386278539Z stdout F 2022-04-30 12:43:23.378  INFO 1 --- [ost-startStop-1] o.s.b.w.servlet.FilterRegistrationBean   : Mapping filter: 'metricsFilter' to: [/*]
2022-04-30T04:43:23.399855367Z stdout F 2022-04-30 12:43:23.399  INFO 1 --- [ost-startStop-1] o.s.b.w.servlet.FilterRegistrationBean   : Mapping filter: 'characterEncodingFilter' to: [/*]
2022-04-30T04:43:23.428069819Z stdout F 2022-04-30 12:43:23.422  INFO 1 --- [ost-startStop-1] o.s.b.w.servlet.FilterRegistrationBean   : Mapping filter: 'hiddenHttpMethodFilter' to: [/*]
2022-04-30T04:43:23.43919625Z stdout F 2022-04-30 12:43:23.438  INFO 1 --- [ost-startStop-1] o.s.b.w.servlet.FilterRegistrationBean   : Mapping filter: 'httpPutFormContentFilter' to: [/*]
2022-04-30T04:43:23.447303733Z stdout F 2022-04-30 12:43:23.446  INFO 1 --- [ost-startStop-1] o.s.b.w.servlet.FilterRegistrationBean   : Mapping filter: 'requestContextFilter' to: [/*]
2022-04-30T04:43:23.461973726Z stdout F 2022-04-30 12:43:23.461  INFO 1 --- [ost-startStop-1] .s.DelegatingFilterProxyRegistrationBean : Mapping filter: 'springSecurityFilterChain' to: [/*]
2022-04-30T04:43:23.493812161Z stdout F 2022-04-30 12:43:23.492  INFO 1 --- [ost-startStop-1] o.s.b.w.servlet.FilterRegistrationBean   : Mapping filter: 'webRequestLoggingFilter' to: [/*]
2022-04-30T04:43:23.502625241Z stdout F 2022-04-30 12:43:23.501  INFO 1 --- [ost-startStop-1] o.s.b.w.servlet.FilterRegistrationBean   : Mapping filter: 'applicationContextIdFilter' to: [/*]
2022-04-30T04:43:23.511654887Z stdout F 2022-04-30 12:43:23.507  INFO 1 --- [ost-startStop-1] o.s.b.w.servlet.ServletRegistrationBean  : Mapping servlet: 'dispatcherServlet' to [/]
2022-04-30T04:44:13.111940189Z stdout F 2022-04-30 12:44:13.101  INFO 1 --- [           main] s.w.s.m.m.a.RequestMappingHandlerMapping : Mapped "{[/api/v1/travelplanservice/travelPlan/transferResult],methods=[POST]}" onto public org.springframework.http.HttpEntity travelplan.controller.TravelPlanController.getTransferResult(travelplan.entity.TransferTravelInfo,org.springframework.http.HttpHeaders)
2022-04-30T04:44:13.13844842Z stdout F 2022-04-30 12:44:13.137  INFO 1 --- [           main] s.w.s.m.m.a.RequestMappingHandlerMapping : Mapped "{[/api/v1/travelplanservice/travelPlan/cheapest],methods=[POST]}" onto public org.springframework.http.HttpEntity travelplan.controller.TravelPlanController.getByCheapest(travelplan.entity.TripInfo,org.springframework.http.HttpHeaders)
2022-04-30T04:44:13.138982855Z stdout F 2022-04-30 12:44:13.138  INFO 1 --- [           main] s.w.s.m.m.a.RequestMappingHandlerMapping : Mapped "{[/api/v1/travelplanservice/travelPlan/quickest],methods=[POST]}" onto public org.springframework.http.HttpEntity travelplan.controller.TravelPlanController.getByQuickest(travelplan.entity.TripInfo,org.springframework.http.HttpHeaders)
2022-04-30T04:44:13.158877086Z stdout F 2022-04-30 12:44:13.158  INFO 1 --- [           main] s.w.s.m.m.a.RequestMappingHandlerMapping : Mapped "{[/api/v1/travelplanservice/travelPlan/minStation],methods=[POST]}" onto public org.springframework.http.HttpEntity travelplan.controller.TravelPlanController.getByMinStation(travelplan.entity.TripInfo,org.springframework.http.HttpHeaders)
2022-04-30T04:44:13.159144091Z stdout F 2022-04-30 12:44:13.158  INFO 1 --- [           main] s.w.s.m.m.a.RequestMappingHandlerMapping : Mapped "{[/api/v1/travelplanservice/welcome],methods=[GET]}" onto public java.lang.String travelplan.controller.TravelPlanController.home()
2022-04-30T04:44:13.160800624Z stdout F 2022-04-30 12:44:13.160  INFO 1 --- [           main] s.w.s.m.m.a.RequestMappingHandlerMapping : Mapped "{[/v2/api-docs],methods=[GET],produces=[application/json || application/hal+json]}" onto public org.springframework.http.ResponseEntity<springfox.documentation.spring.web.json.Json> springfox.documentation.swagger2.web.Swagger2Controller.getDocumentation(java.lang.String,javax.servlet.http.HttpServletRequest)
2022-04-30T04:44:13.219075712Z stdout F 2022-04-30 12:44:13.207  INFO 1 --- [           main] s.w.s.m.m.a.RequestMappingHandlerMapping : Mapped "{[/configuration/ui]}" onto org.springframework.http.ResponseEntity<springfox.documentation.swagger.web.UiConfiguration> springfox.documentation.swagger.web.ApiResourceController.uiConfiguration()
2022-04-30T04:44:13.221370235Z stdout F 2022-04-30 12:44:13.220  INFO 1 --- [           main] s.w.s.m.m.a.RequestMappingHandlerMapping : Mapped "{[/configuration/security]}" onto org.springframework.http.ResponseEntity<springfox.documentation.swagger.web.SecurityConfiguration> springfox.documentation.swagger.web.ApiResourceController.securityConfiguration()
2022-04-30T04:44:13.254415266Z stdout F 2022-04-30 12:44:13.253  INFO 1 --- [           main] s.w.s.m.m.a.RequestMappingHandlerMapping : Mapped "{[/swagger-resources]}" onto org.springframework.http.ResponseEntity<java.util.List<springfox.documentation.swagger.web.SwaggerResource>> springfox.documentation.swagger.web.ApiResourceController.swaggerResources()
2022-04-30T04:44:13.274022615Z stdout F 2022-04-30 12:44:13.273  INFO 1 --- [           main] s.w.s.m.m.a.RequestMappingHandlerMapping : Mapped "{[/error],produces=[text/html]}" onto public org.springframework.web.servlet.ModelAndView org.springframework.boot.autoconfigure.web.BasicErrorController.errorHtml(javax.servlet.http.HttpServletRequest,javax.servlet.http.HttpServletResponse)
2022-04-30T04:44:13.27464469Z stdout F 2022-04-30 12:44:13.274  INFO 1 --- [           main] s.w.s.m.m.a.RequestMappingHandlerMapping : Mapped "{[/error]}" onto public org.springframework.http.ResponseEntity<java.util.Map<java.lang.String, java.lang.Object>> org.springframework.boot.autoconfigure.web.BasicErrorController.error(javax.servlet.http.HttpServletRequest)
2022-04-30T04:44:23.809142439Z stdout F 2022-04-30 12:44:23.806  INFO 1 --- [           main] o.s.b.a.e.mvc.EndpointHandlerMapping     : Mapped "{[/auditevents || /auditevents.json],methods=[GET],produces=[application/vnd.spring-boot.actuator.v1+json || application/json]}" onto public org.springframework.http.ResponseEntity<?> org.springframework.boot.actuate.endpoint.mvc.AuditEventsMvcEndpoint.findByPrincipalAndAfterAndType(java.lang.String,java.util.Date,java.lang.String)
2022-04-30T04:44:23.843170932Z stdout F 2022-04-30 12:44:23.841  INFO 1 --- [           main] o.s.b.a.e.mvc.EndpointHandlerMapping     : Mapped "{[/info || /info.json],methods=[GET],produces=[application/vnd.spring-boot.actuator.v1+json || application/json]}" onto public java.lang.Object org.springframework.boot.actuate.endpoint.mvc.EndpointMvcAdapter.invoke()
2022-04-30T04:44:23.871181234Z stdout F 2022-04-30 12:44:23.870  INFO 1 --- [           main] o.s.b.a.e.mvc.EndpointHandlerMapping     : Mapped "{[/env/{name:.*}],methods=[GET],produces=[application/vnd.spring-boot.actuator.v1+json || application/json]}" onto public java.lang.Object org.springframework.boot.actuate.endpoint.mvc.EnvironmentMvcEndpoint.value(java.lang.String)
2022-04-30T04:44:23.89308922Z stdout F 2022-04-30 12:44:23.890  INFO 1 --- [           main] o.s.b.a.e.mvc.EndpointHandlerMapping     : Mapped "{[/env || /env.json],methods=[GET],produces=[application/vnd.spring-boot.actuator.v1+json || application/json]}" onto public java.lang.Object org.springframework.boot.actuate.endpoint.mvc.EndpointMvcAdapter.invoke()
2022-04-30T04:44:23.930036594Z stdout F 2022-04-30 12:44:23.929  INFO 1 --- [           main] o.s.b.a.e.mvc.EndpointHandlerMapping     : Mapped "{[/heapdump || /heapdump.json],methods=[GET],produces=[application/octet-stream]}" onto public void org.springframework.boot.actuate.endpoint.mvc.HeapdumpMvcEndpoint.invoke(boolean,javax.servlet.http.HttpServletRequest,javax.servlet.http.HttpServletResponse) throws java.io.IOException,javax.servlet.ServletException
2022-04-30T04:44:23.948827116Z stdout F 2022-04-30 12:44:23.948  INFO 1 --- [           main] o.s.b.a.e.mvc.EndpointHandlerMapping     : Mapped "{[/dump || /dump.json],methods=[GET],produces=[application/vnd.spring-boot.actuator.v1+json || application/json]}" onto public java.lang.Object org.springframework.boot.actuate.endpoint.mvc.EndpointMvcAdapter.invoke()
2022-04-30T04:44:23.950401885Z stdout F 2022-04-30 12:44:23.950  INFO 1 --- [           main] o.s.b.a.e.mvc.EndpointHandlerMapping     : Mapped "{[/metrics/{name:.*}],methods=[GET],produces=[application/vnd.spring-boot.actuator.v1+json || application/json]}" onto public java.lang.Object org.springframework.boot.actuate.endpoint.mvc.MetricsMvcEndpoint.value(java.lang.String)
2022-04-30T04:44:23.950949828Z stdout F 2022-04-30 12:44:23.950  INFO 1 --- [           main] o.s.b.a.e.mvc.EndpointHandlerMapping     : Mapped "{[/metrics || /metrics.json],methods=[GET],produces=[application/vnd.spring-boot.actuator.v1+json || application/json]}" onto public java.lang.Object org.springframework.boot.actuate.endpoint.mvc.EndpointMvcAdapter.invoke()
2022-04-30T04:44:23.952379389Z stdout F 2022-04-30 12:44:23.951  INFO 1 --- [           main] o.s.b.a.e.mvc.EndpointHandlerMapping     : Mapped "{[/trace || /trace.json],methods=[GET],produces=[application/vnd.spring-boot.actuator.v1+json || application/json]}" onto public java.lang.Object org.springframework.boot.actuate.endpoint.mvc.EndpointMvcAdapter.invoke()
2022-04-30T04:44:23.959652957Z stdout F 2022-04-30 12:44:23.959  INFO 1 --- [           main] o.s.b.a.e.mvc.EndpointHandlerMapping     : Mapped "{[/beans || /beans.json],methods=[GET],produces=[application/vnd.spring-boot.actuator.v1+json || application/json]}" onto public java.lang.Object org.springframework.boot.actuate.endpoint.mvc.EndpointMvcAdapter.invoke()
2022-04-30T04:44:23.962563577Z stdout F 2022-04-30 12:44:23.961  INFO 1 --- [           main] o.s.b.a.e.mvc.EndpointHandlerMapping     : Mapped "{[/health || /health.json],methods=[GET],produces=[application/vnd.spring-boot.actuator.v1+json || application/json]}" onto public java.lang.Object org.springframework.boot.actuate.endpoint.mvc.HealthMvcEndpoint.invoke(javax.servlet.http.HttpServletRequest,java.security.Principal)
2022-04-30T04:44:23.972995602Z stdout F 2022-04-30 12:44:23.972  INFO 1 --- [           main] o.s.b.a.e.mvc.EndpointHandlerMapping     : Mapped "{[/configprops || /configprops.json],methods=[GET],produces=[application/vnd.spring-boot.actuator.v1+json || application/json]}" onto public java.lang.Object org.springframework.boot.actuate.endpoint.mvc.EndpointMvcAdapter.invoke()
2022-04-30T04:44:23.997951393Z stdout F 2022-04-30 12:44:23.986  INFO 1 --- [           main] o.s.b.a.e.mvc.EndpointHandlerMapping     : Mapped "{[/loggers/{name:.*}],methods=[GET],produces=[application/vnd.spring-boot.actuator.v1+json || application/json]}" onto public java.lang.Object org.springframework.boot.actuate.endpoint.mvc.LoggersMvcEndpoint.get(java.lang.String)
2022-04-30T04:44:23.999094447Z stdout F 2022-04-30 12:44:23.998  INFO 1 --- [           main] o.s.b.a.e.mvc.EndpointHandlerMapping     : Mapped "{[/loggers/{name:.*}],methods=[POST],consumes=[application/vnd.spring-boot.actuator.v1+json || application/json],produces=[application/vnd.spring-boot.actuator.v1+json || application/json]}" onto public java.lang.Object org.springframework.boot.actuate.endpoint.mvc.LoggersMvcEndpoint.set(java.lang.String,java.util.Map<java.lang.String, java.lang.String>)
2022-04-30T04:44:24.013800611Z stdout F 2022-04-30 12:44:24.013  INFO 1 --- [           main] o.s.b.a.e.mvc.EndpointHandlerMapping     : Mapped "{[/loggers || /loggers.json],methods=[GET],produces=[application/vnd.spring-boot.actuator.v1+json || application/json]}" onto public java.lang.Object org.springframework.boot.actuate.endpoint.mvc.EndpointMvcAdapter.invoke()
2022-04-30T04:44:24.018987122Z stdout F 2022-04-30 12:44:24.018  INFO 1 --- [           main] o.s.b.a.e.mvc.EndpointHandlerMapping     : Mapped "{[/mappings || /mappings.json],methods=[GET],produces=[application/vnd.spring-boot.actuator.v1+json || application/json]}" onto public java.lang.Object org.springframework.boot.actuate.endpoint.mvc.EndpointMvcAdapter.invoke()
2022-04-30T04:44:24.025179239Z stdout F 2022-04-30 12:44:24.024  INFO 1 --- [           main] o.s.b.a.e.mvc.EndpointHandlerMapping     : Mapped "{[/autoconfig || /autoconfig.json],methods=[GET],produces=[application/vnd.spring-boot.actuator.v1+json || application/json]}" onto public java.lang.Object org.springframework.boot.actuate.endpoint.mvc.EndpointMvcAdapter.invoke()
2022-04-30T04:44:30.516562023Z stdout F 2022-04-30 12:44:30.515  INFO 1 --- [           main] b.a.s.AuthenticationManagerConfiguration : 
2022-04-30T04:44:30.516601157Z stdout F 
2022-04-30T04:44:30.516607332Z stdout F Using default security password: c7b3dadc-8ad5-424c-8fd7-1bb3c8933ce6
2022-04-30T04:44:30.516610706Z stdout F 
2022-04-30T04:44:34.853034526Z stdout F 2022-04-30 12:44:34.852  INFO 1 --- [           main] o.s.s.web.DefaultSecurityFilterChain     : Creating filter chain: org.springframework.security.web.util.matcher.AnyRequestMatcher@1, [org.springframework.security.web.context.request.async.WebAsyncManagerIntegrationFilter@2af004b, org.springframework.security.web.context.SecurityContextPersistenceFilter@644baf4a, org.springframework.security.web.header.HeaderWriterFilter@46cdf8bd, org.springframework.security.web.authentication.logout.LogoutFilter@76a4ebf2, edu.fudan.common.security.jwt.JWTFilter@248e319b, org.springframework.security.web.savedrequest.RequestCacheAwareFilter@1ed4ae0f, org.springframework.security.web.servletapi.SecurityContextHolderAwareRequestFilter@2a265ea9, org.springframework.security.web.authentication.AnonymousAuthenticationFilter@5d0bf09b, org.springframework.security.web.session.SessionManagementFilter@740cae06, org.springframework.security.web.access.ExceptionTranslationFilter@3e27aa33, org.springframework.security.web.access.intercept.FilterSecurityInterceptor@173ed316]
2022-04-30T04:44:37.224309966Z stdout F 2022-04-30 12:44:37.221  INFO 1 --- [           main] o.s.w.s.handler.SimpleUrlHandlerMapping  : Mapped URL path [/webjars/**] onto handler of type [class org.springframework.web.servlet.resource.ResourceHttpRequestHandler]
2022-04-30T04:44:37.227183844Z stdout F 2022-04-30 12:44:37.224  INFO 1 --- [           main] o.s.w.s.handler.SimpleUrlHandlerMapping  : Mapped URL path [/**] onto handler of type [class org.springframework.web.servlet.resource.ResourceHttpRequestHandler]
2022-04-30T04:44:41.211952891Z stdout F 2022-04-30 12:44:41.211  INFO 1 --- [           main] o.s.w.s.handler.SimpleUrlHandlerMapping  : Mapped URL path [/**/favicon.ico] onto handler of type [class org.springframework.web.servlet.resource.ResourceHttpRequestHandler]
2022-04-30T04:44:41.721541145Z stdout F 2022-04-30 12:44:41.720  INFO 1 --- [           main] o.s.s.web.DefaultSecurityFilterChain     : Creating filter chain: org.springframework.boot.actuate.autoconfigure.ManagementWebSecurityAutoConfiguration$LazyEndpointPathRequestMatcher@5b247367, [org.springframework.security.web.context.request.async.WebAsyncManagerIntegrationFilter@268f106e, org.springframework.security.web.context.SecurityContextPersistenceFilter@58cbafc2, org.springframework.security.web.header.HeaderWriterFilter@235ecd9f, org.springframework.web.filter.CorsFilter@6e9a5ed8, org.springframework.security.web.authentication.logout.LogoutFilter@74d1dc36, org.springframework.security.web.authentication.www.BasicAuthenticationFilter@6bbe85a8, org.springframework.security.web.savedrequest.RequestCacheAwareFilter@2034b64c, org.springframework.security.web.servletapi.SecurityContextHolderAwareRequestFilter@75d3a5e0, org.springframework.security.web.authentication.AnonymousAuthenticationFilter@7e057f43, org.springframework.security.web.session.SessionManagementFilter@1ca3b418, org.springframework.security.web.access.ExceptionTranslationFilter@202b0582, org.springframework.security.web.access.intercept.FilterSecurityInterceptor@53045c6c]
2022-04-30T04:44:43.913779528Z stdout F 2022-04-30 12:44:43.897  INFO 1 --- [           main] s.w.s.m.m.a.RequestMappingHandlerAdapter : Looking for @ControllerAdvice: org.springframework.boot.context.embedded.AnnotationConfigEmbeddedWebApplicationContext@deb6432: startup date [Sat Apr 30 12:39:33 CST 2022]; root of context hierarchy
2022-04-30T04:44:49.375832349Z stdout F 2022-04-30 12:44:49.375  INFO 1 --- [           main] o.s.s.c.ThreadPoolTaskScheduler          : Initializing ExecutorService 'taskScheduler'
2022-04-30T04:44:56.15168667Z stdout F 2022-04-30 12:44:56.150  INFO 1 --- [           main] o.s.j.e.a.AnnotationMBeanExporter        : Registering beans for JMX exposure on startup
2022-04-30T04:44:56.457365948Z stdout F 2022-04-30 12:44:56.456  INFO 1 --- [           main] o.s.c.support.DefaultLifecycleProcessor  : Starting beans in phase 0
2022-04-30T04:44:57.66946224Z stdout F 2022-04-30 12:44:57.668  INFO 1 --- [           main] o.s.i.endpoint.EventDrivenConsumer       : Adding {logging-channel-adapter:_org.springframework.integration.errorLogger} as a subscriber to the 'errorChannel' channel
2022-04-30T04:44:57.670016952Z stdout F 2022-04-30 12:44:57.669  INFO 1 --- [           main] o.s.i.channel.PublishSubscribeChannel    : Channel 'ts-travel-plan-service:14322.errorChannel' has 1 subscriber(s).
2022-04-30T04:44:57.670047839Z stdout F 2022-04-30 12:44:57.669  INFO 1 --- [           main] o.s.i.endpoint.EventDrivenConsumer       : started _org.springframework.integration.errorLogger
2022-04-30T04:44:57.936670682Z stdout F 2022-04-30 12:44:57.935  INFO 1 --- [           main] d.s.w.p.DocumentationPluginsBootstrapper : Context refreshed
2022-04-30T04:44:59.664559849Z stdout F 2022-04-30 12:44:59.629  INFO 1 --- [           main] d.s.w.p.DocumentationPluginsBootstrapper : Found 1 custom documentation plugin(s)
2022-04-30T04:45:00.030238056Z stdout F 2022-04-30 12:45:00.029  INFO 1 --- [           main] s.d.s.w.s.ApiListingReferenceScanner     : Scanning for api listing references
2022-04-30T04:45:01.816962427Z stdout F 2022-04-30 12:45:01.816  INFO 1 --- [           main] .d.s.w.r.o.CachingOperationNameGenerator : Generating unique operation named: findByPrincipalAndAfterAndTypeUsingGET_1
2022-04-30T04:45:03.617459204Z stdout F 2022-04-30 12:45:03.616  INFO 1 --- [           main] .d.s.w.r.o.CachingOperationNameGenerator : Generating unique operation named: invokeUsingGET_1
2022-04-30T04:45:03.641310459Z stdout F 2022-04-30 12:45:03.635  INFO 1 --- [           main] .d.s.w.r.o.CachingOperationNameGenerator : Generating unique operation named: invokeUsingGET_2
2022-04-30T04:45:03.655523229Z stdout F 2022-04-30 12:45:03.653  INFO 1 --- [           main] .d.s.w.r.o.CachingOperationNameGenerator : Generating unique operation named: invokeUsingGET_3
2022-04-30T04:45:03.713609385Z stdout F 2022-04-30 12:45:03.708  INFO 1 --- [           main] .d.s.w.r.o.CachingOperationNameGenerator : Generating unique operation named: invokeUsingGET_4
2022-04-30T04:45:03.713679623Z stdout F 2022-04-30 12:45:03.711  INFO 1 --- [           main] .d.s.w.r.o.CachingOperationNameGenerator : Generating unique operation named: invokeUsingGET_5
2022-04-30T04:45:03.750185807Z stdout F 2022-04-30 12:45:03.749  INFO 1 --- [           main] .d.s.w.r.o.CachingOperationNameGenerator : Generating unique operation named: invokeUsingGET_6
2022-04-30T04:45:03.765534276Z stdout F 2022-04-30 12:45:03.764  INFO 1 --- [           main] .d.s.w.r.o.CachingOperationNameGenerator : Generating unique operation named: invokeUsingGET_7
2022-04-30T04:45:03.816576257Z stdout F 2022-04-30 12:45:03.814  INFO 1 --- [           main] .d.s.w.r.o.CachingOperationNameGenerator : Generating unique operation named: invokeUsingGET_8
2022-04-30T04:45:03.830860013Z stdout F 2022-04-30 12:45:03.829  INFO 1 --- [           main] .d.s.w.r.o.CachingOperationNameGenerator : Generating unique operation named: invokeUsingGET_9
2022-04-30T04:45:03.844508411Z stdout F 2022-04-30 12:45:03.843  INFO 1 --- [           main] .d.s.w.r.o.CachingOperationNameGenerator : Generating unique operation named: invokeUsingGET_10
2022-04-30T04:45:03.860226849Z stdout F 2022-04-30 12:45:03.859  INFO 1 --- [           main] .d.s.w.r.o.CachingOperationNameGenerator : Generating unique operation named: invokeUsingGET_11
2022-04-30T04:45:03.924917016Z stdout F 2022-04-30 12:45:03.924  INFO 1 --- [           main] .d.s.w.r.o.CachingOperationNameGenerator : Generating unique operation named: invokeUsingGET_12
2022-04-30T04:45:03.935444107Z stdout F 2022-04-30 12:45:03.934  INFO 1 --- [           main] .d.s.w.r.o.CachingOperationNameGenerator : Generating unique operation named: invokeUsingGET_13
2022-04-30T04:45:04.009096292Z stdout F 2022-04-30 12:45:04.008  INFO 1 --- [           main] .d.s.w.r.o.CachingOperationNameGenerator : Generating unique operation named: invokeUsingGET_14
2022-04-30T04:45:04.029701398Z stdout F 2022-04-30 12:45:04.029  INFO 1 --- [           main] .d.s.w.r.o.CachingOperationNameGenerator : Generating unique operation named: invokeUsingGET_15
2022-04-30T04:45:04.309022455Z stdout F 2022-04-30 12:45:04.308  INFO 1 --- [           main] .d.s.w.r.o.CachingOperationNameGenerator : Generating unique operation named: invokeUsingGET_16
2022-04-30T04:45:04.315218905Z stdout F 2022-04-30 12:45:04.314  INFO 1 --- [           main] .d.s.w.r.o.CachingOperationNameGenerator : Generating unique operation named: invokeUsingGET_17
2022-04-30T04:45:04.328949752Z stdout F 2022-04-30 12:45:04.328  INFO 1 --- [           main] .d.s.w.r.o.CachingOperationNameGenerator : Generating unique operation named: invokeUsingGET_18
2022-04-30T04:45:04.413373894Z stdout F 2022-04-30 12:45:04.412  INFO 1 --- [           main] .d.s.w.r.o.CachingOperationNameGenerator : Generating unique operation named: invokeUsingGET_19
2022-04-30T04:45:04.514507592Z stdout F 2022-04-30 12:45:04.513  INFO 1 --- [           main] .d.s.w.r.o.CachingOperationNameGenerator : Generating unique operation named: invokeUsingGET_20
2022-04-30T04:45:04.526115596Z stdout F 2022-04-30 12:45:04.525  INFO 1 --- [           main] .d.s.w.r.o.CachingOperationNameGenerator : Generating unique operation named: invokeUsingGET_21
2022-04-30T04:45:04.614225584Z stdout F 2022-04-30 12:45:04.613  INFO 1 --- [           main] .d.s.w.r.o.CachingOperationNameGenerator : Generating unique operation named: invokeUsingGET_22
2022-04-30T04:45:04.616138074Z stdout F 2022-04-30 12:45:04.615  INFO 1 --- [           main] .d.s.w.r.o.CachingOperationNameGenerator : Generating unique operation named: invokeUsingGET_23
2022-04-30T04:45:04.63069998Z stdout F 2022-04-30 12:45:04.630  INFO 1 --- [           main] .d.s.w.r.o.CachingOperationNameGenerator : Generating unique operation named: valueUsingGET_1
2022-04-30T04:45:06.032208963Z stdout F 2022-04-30 12:45:06.031  INFO 1 --- [           main] s.b.c.e.t.TomcatEmbeddedServletContainer : Tomcat started on port(s): 14322 (http)
2022-04-30T04:45:06.112929006Z stdout F 2022-04-30 12:45:06.112  INFO 1 --- [           main] travelplan.TravelPlanApplication         : Started TravelPlanApplication in 414.952 seconds (JVM running for 454.378)
