2022-05-25T10:54:16.100570635Z stdout F 2022-05-25 18:54:15.450  INFO [bootstrap,,,] 1 --- [           main] s.c.a.AnnotationConfigApplicationContext : Refreshing org.springframework.context.annotation.AnnotationConfigApplicationContext@48533e64: startup date [Wed May 25 18:54:14 CST 2022]; root of context hierarchy
2022-05-25T10:54:51.802316703Z stdout F 2022-05-25 18:54:51.801  INFO [bootstrap,,,] 1 --- [           main] trationDelegate$BeanPostProcessorChecker : Bean 'configurationPropertiesRebinderAutoConfiguration' of type [org.springframework.cloud.autoconfigure.ConfigurationPropertiesRebinderAutoConfiguration$$EnhancerBySpringCGLIB$$3c5b44cd] is not eligible for getting processed by all BeanPostProcessors (for example: not eligible for auto-proxying)
2022-05-25T10:56:05.35573546Z stdout F 
2022-05-25T10:56:05.355814333Z stdout F   .   ____          _            __ _ _
2022-05-25T10:56:05.419862589Z stdout F  /\\ / ___'_ __ _ _(_)_ __  __ _ \ \ \ \
2022-05-25T10:56:05.419905136Z stdout F ( ( )\___ | '_ | '_| | '_ \/ _` | \ \ \ \
2022-05-25T10:56:05.41991131Z stdout F  \\/  ___)| |_)| | | | | || (_| |  ) ) ) )
2022-05-25T10:56:05.419928337Z stdout F   '  |____| .__|_| |_|_| |_\__, | / / / /
2022-05-25T10:56:05.420214083Z stdout F  =========|_|==============|___/=/_/_/_/
2022-05-25T10:56:05.435050936Z stdout F  :: Spring Boot ::       (v1.5.22.RELEASE)
2022-05-25T10:56:05.435089885Z stdout F 
2022-05-25T10:56:07.796335592Z stdout F 2022-05-25 18:56:07.711  INFO [ts-admin-route-service,,,] 1 --- [           main] adminroute.AdminRouteApplication         : No active profile set, falling back to default profiles: default
2022-05-25T10:56:14.717985278Z stdout F 2022-05-25 18:56:14.717  INFO [ts-admin-route-service,,,] 1 --- [           main] ationConfigEmbeddedWebApplicationContext : Refreshing org.springframework.boot.context.embedded.AnnotationConfigEmbeddedWebApplicationContext@d2cc05a: startup date [Wed May 25 18:56:14 CST 2022]; parent: org.springframework.context.annotation.AnnotationConfigApplicationContext@48533e64
2022-05-25T10:57:28.699164537Z stdout F 2022-05-25 18:57:28.626  INFO [ts-admin-route-service,,,] 1 --- [           main] o.s.i.config.IntegrationRegistrar        : No bean named 'integrationHeaderChannelRegistry' has been explicitly defined. Therefore, a default DefaultHeaderChannelRegistry will be created.
2022-05-25T10:57:55.341259687Z stdout F 2022-05-25 18:57:55.340  INFO [ts-admin-route-service,,,] 1 --- [           main] o.s.cloud.context.scope.GenericScope     : BeanFactory id=8c710257-eae6-3b13-8ae4-1a671717b6b0
2022-05-25T10:57:57.113727886Z stdout F 2022-05-25 18:57:57.111  INFO [ts-admin-route-service,,,] 1 --- [           main] faultConfiguringBeanFactoryPostProcessor : No bean named 'errorChannel' has been explicitly defined. Therefore, a default PublishSubscribeChannel will be created.
2022-05-25T10:57:57.568641287Z stdout F 2022-05-25 18:57:57.561  INFO [ts-admin-route-service,,,] 1 --- [           main] faultConfiguringBeanFactoryPostProcessor : No bean named 'taskScheduler' has been explicitly defined. Therefore, a default ThreadPoolTaskScheduler will be created.
2022-05-25T10:58:02.403264182Z stdout F 2022-05-25 18:58:02.402  INFO [ts-admin-route-service,,,] 1 --- [           main] trationDelegate$BeanPostProcessorChecker : Bean 'org.springframework.cloud.sleuth.instrument.async.AsyncDefaultAutoConfiguration$DefaultAsyncConfigurerSupport' of type [org.springframework.cloud.sleuth.instrument.async.AsyncDefaultAutoConfiguration$DefaultAsyncConfigurerSupport$$EnhancerBySpringCGLIB$$5d82df93] is not eligible for getting processed by all BeanPostProcessors (for example: not eligible for auto-proxying)
2022-05-25T10:58:07.953914274Z stdout F 2022-05-25 18:58:07.923  INFO [ts-admin-route-service,,,] 1 --- [           main] trationDelegate$BeanPostProcessorChecker : Bean 'org.springframework.cloud.sleuth.annotation.SleuthAnnotationAutoConfiguration' of type [org.springframework.cloud.sleuth.annotation.SleuthAnnotationAutoConfiguration$$EnhancerBySpringCGLIB$$22a68802] is not eligible for getting processed by all BeanPostProcessors (for example: not eligible for auto-proxying)
2022-05-25T10:58:21.281553783Z stdout F 2022-05-25 18:58:21.140  INFO [ts-admin-route-service,,,] 1 --- [           main] trationDelegate$BeanPostProcessorChecker : Bean 'sleuthAdvisorConfig' of type [org.springframework.cloud.sleuth.annotation.SleuthAdvisorConfig] is not eligible for getting processed by all BeanPostProcessors (for example: not eligible for auto-proxying)
2022-05-25T10:58:22.654526455Z stdout F 2022-05-25 18:58:22.653  INFO [ts-admin-route-service,,,] 1 --- [           main] trationDelegate$BeanPostProcessorChecker : Bean 'org.springframework.security.config.annotation.configuration.ObjectPostProcessorConfiguration' of type [org.springframework.security.config.annotation.configuration.ObjectPostProcessorConfiguration$$EnhancerBySpringCGLIB$$b8ef0a0a] is not eligible for getting processed by all BeanPostProcessors (for example: not eligible for auto-proxying)
2022-05-25T10:58:23.355453191Z stdout F 2022-05-25 18:58:23.354  INFO [ts-admin-route-service,,,] 1 --- [           main] trationDelegate$BeanPostProcessorChecker : Bean 'objectPostProcessor' of type [org.springframework.security.config.annotation.configuration.AutowireBeanFactoryObjectPostProcessor] is not eligible for getting processed by all BeanPostProcessors (for example: not eligible for auto-proxying)
2022-05-25T10:58:23.54641864Z stdout F 2022-05-25 18:58:23.545  INFO [ts-admin-route-service,,,] 1 --- [           main] trationDelegate$BeanPostProcessorChecker : Bean 'org.springframework.security.access.expression.method.DefaultMethodSecurityExpressionHandler@46d59067' of type [org.springframework.security.access.expression.method.DefaultMethodSecurityExpressionHandler] is not eligible for getting processed by all BeanPostProcessors (for example: not eligible for auto-proxying)
2022-05-25T10:58:24.432351055Z stdout F 2022-05-25 18:58:24.431  INFO [ts-admin-route-service,,,] 1 --- [           main] trationDelegate$BeanPostProcessorChecker : Bean 'org.springframework.security.config.annotation.method.configuration.GlobalMethodSecurityConfiguration' of type [org.springframework.security.config.annotation.method.configuration.GlobalMethodSecurityConfiguration$$EnhancerBySpringCGLIB$$ddc3acbc] is not eligible for getting processed by all BeanPostProcessors (for example: not eligible for auto-proxying)
2022-05-25T10:58:26.417431844Z stdout F 2022-05-25 18:58:26.415  INFO [ts-admin-route-service,,,] 1 --- [           main] trationDelegate$BeanPostProcessorChecker : Bean 'methodSecurityMetadataSource' of type [org.springframework.security.access.method.DelegatingMethodSecurityMetadataSource] is not eligible for getting processed by all BeanPostProcessors (for example: not eligible for auto-proxying)
2022-05-25T10:58:30.678451773Z stdout F 2022-05-25 18:58:30.677  INFO [ts-admin-route-service,,,] 1 --- [           main] trationDelegate$BeanPostProcessorChecker : Bean 'integrationGlobalProperties' of type [org.springframework.beans.factory.config.PropertiesFactoryBean] is not eligible for getting processed by all BeanPostProcessors (for example: not eligible for auto-proxying)
2022-05-25T10:58:31.012499379Z stdout F 2022-05-25 18:58:31.011  INFO [ts-admin-route-service,,,] 1 --- [           main] trationDelegate$BeanPostProcessorChecker : Bean 'integrationGlobalProperties' of type [java.util.Properties] is not eligible for getting processed by all BeanPostProcessors (for example: not eligible for auto-proxying)
2022-05-25T10:58:34.780175959Z stdout F 2022-05-25 18:58:34.774  INFO [ts-admin-route-service,,,] 1 --- [           main] trationDelegate$BeanPostProcessorChecker : Bean 'org.springframework.cloud.autoconfigure.ConfigurationPropertiesRebinderAutoConfiguration' of type [org.springframework.cloud.autoconfigure.ConfigurationPropertiesRebinderAutoConfiguration$$EnhancerBySpringCGLIB$$3c5b44cd] is not eligible for getting processed by all BeanPostProcessors (for example: not eligible for auto-proxying)
2022-05-25T10:58:36.27678365Z stdout F 2022-05-25 18:58:36.275  INFO [ts-admin-route-service,,,] 1 --- [           main] trationDelegate$BeanPostProcessorChecker : Bean 'org.springframework.cloud.sleuth.instrument.async.AsyncDefaultAutoConfiguration' of type [org.springframework.cloud.sleuth.instrument.async.AsyncDefaultAutoConfiguration$$EnhancerBySpringCGLIB$$824edef] is not eligible for getting processed by all BeanPostProcessors (for example: not eligible for auto-proxying)
2022-05-25T10:58:37.914161919Z stdout F 2022-05-25 18:58:37.913  INFO [ts-admin-route-service,,,] 1 --- [           main] trationDelegate$BeanPostProcessorChecker : Bean 'org.springframework.cloud.sleuth.instrument.web.client.TraceWebClientAutoConfiguration' of type [org.springframework.cloud.sleuth.instrument.web.client.TraceWebClientAutoConfiguration$$EnhancerBySpringCGLIB$$ccd40d4f] is not eligible for getting processed by all BeanPostProcessors (for example: not eligible for auto-proxying)
2022-05-25T11:00:29.655030519Z stdout F 2022-05-25 19:00:29.582  INFO [ts-admin-route-service,,,] 1 --- [           main] s.b.c.e.t.TomcatEmbeddedServletContainer : Tomcat initialized with port(s): 16113 (http)
2022-05-25T11:00:33.02750067Z stdout F 2022-05-25 19:00:33.026  INFO [ts-admin-route-service,,,] 1 --- [           main] o.apache.catalina.core.StandardService   : Starting service [Tomcat]
2022-05-25T11:00:33.02859059Z stdout F 2022-05-25 19:00:33.027  INFO [ts-admin-route-service,,,] 1 --- [           main] org.apache.catalina.core.StandardEngine  : Starting Servlet Engine: Apache Tomcat/8.5.43
2022-05-25T11:00:44.966790105Z stdout F 2022-05-25 19:00:44.935  INFO [ts-admin-route-service,,,] 1 --- [ost-startStop-1] o.a.c.c.C.[Tomcat].[localhost].[/]       : Initializing Spring embedded WebApplicationContext
2022-05-25T11:00:44.967343241Z stdout F 2022-05-25 19:00:44.966  INFO [ts-admin-route-service,,,] 1 --- [ost-startStop-1] o.s.web.context.ContextLoader            : Root WebApplicationContext: initialization completed in 270249 ms
2022-05-25T11:02:37.71949045Z stdout F 2022-05-25 19:02:37.717  INFO [ts-admin-route-service,,,] 1 --- [ost-startStop-1] o.s.b.w.servlet.FilterRegistrationBean   : Mapping filter: 'metricsFilter' to: [/*]
2022-05-25T11:02:37.721152038Z stdout F 2022-05-25 19:02:37.718  INFO [ts-admin-route-service,,,] 1 --- [ost-startStop-1] o.s.b.w.servlet.FilterRegistrationBean   : Mapping filter: 'characterEncodingFilter' to: [/*]
2022-05-25T11:02:37.721189249Z stdout F 2022-05-25 19:02:37.718  INFO [ts-admin-route-service,,,] 1 --- [ost-startStop-1] o.s.b.w.servlet.FilterRegistrationBean   : Mapping filter: 'traceFilter' to: [/*]
2022-05-25T11:02:37.766646638Z stdout F 2022-05-25 19:02:37.719  INFO [ts-admin-route-service,,,] 1 --- [ost-startStop-1] o.s.b.w.servlet.FilterRegistrationBean   : Mapping filter: 'hiddenHttpMethodFilter' to: [/*]
2022-05-25T11:02:37.768334643Z stdout F 2022-05-25 19:02:37.766  INFO [ts-admin-route-service,,,] 1 --- [ost-startStop-1] o.s.b.w.servlet.FilterRegistrationBean   : Mapping filter: 'httpPutFormContentFilter' to: [/*]
2022-05-25T11:02:37.768374539Z stdout F 2022-05-25 19:02:37.766  INFO [ts-admin-route-service,,,] 1 --- [ost-startStop-1] o.s.b.w.servlet.FilterRegistrationBean   : Mapping filter: 'requestContextFilter' to: [/*]
2022-05-25T11:02:37.769356282Z stdout F 2022-05-25 19:02:37.768  INFO [ts-admin-route-service,,,] 1 --- [ost-startStop-1] .s.DelegatingFilterProxyRegistrationBean : Mapping filter: 'springSecurityFilterChain' to: [/*]
2022-05-25T11:02:37.770765641Z stdout F 2022-05-25 19:02:37.769  INFO [ts-admin-route-service,,,] 1 --- [ost-startStop-1] o.s.b.w.servlet.FilterRegistrationBean   : Mapping filter: 'webRequestLoggingFilter' to: [/*]
2022-05-25T11:02:37.770798974Z stdout F 2022-05-25 19:02:37.769  INFO [ts-admin-route-service,,,] 1 --- [ost-startStop-1] o.s.b.w.servlet.FilterRegistrationBean   : Mapping filter: 'applicationContextIdFilter' to: [/*]
2022-05-25T11:02:37.770807998Z stdout F 2022-05-25 19:02:37.769  INFO [ts-admin-route-service,,,] 1 --- [ost-startStop-1] o.s.b.w.servlet.ServletRegistrationBean  : Mapping servlet: 'dispatcherServlet' to [/]
2022-05-25T11:07:19.590260153Z stdout F 2022-05-25 19:07:18.876  INFO [ts-admin-route-service,,,] 1 --- [           main] s.w.s.m.m.a.RequestMappingHandlerMapping : Mapped "{[/api/v1/adminrouteservice/welcome],methods=[GET]}" onto public java.lang.String adminroute.controller.AdminRouteController.home(org.springframework.http.HttpHeaders)
2022-05-25T11:07:19.950013958Z stdout F 2022-05-25 19:07:19.949  INFO [ts-admin-route-service,,,] 1 --- [           main] s.w.s.m.m.a.RequestMappingHandlerMapping : Mapped "{[/api/v1/adminrouteservice/adminroute],methods=[GET]}" onto public org.springframework.http.HttpEntity adminroute.controller.AdminRouteController.getAllRoutes(org.springframework.http.HttpHeaders)
2022-05-25T11:07:20.138174238Z stdout F 2022-05-25 19:07:20.137  INFO [ts-admin-route-service,,,] 1 --- [           main] s.w.s.m.m.a.RequestMappingHandlerMapping : Mapped "{[/api/v1/adminrouteservice/adminroute],methods=[POST]}" onto public org.springframework.http.HttpEntity adminroute.controller.AdminRouteController.addRoute(adminroute.entity.RouteInfo,org.springframework.http.HttpHeaders)
2022-05-25T11:07:20.154075146Z stdout F 2022-05-25 19:07:20.153  INFO [ts-admin-route-service,,,] 1 --- [           main] s.w.s.m.m.a.RequestMappingHandlerMapping : Mapped "{[/api/v1/adminrouteservice/adminroute/{routeId}],methods=[DELETE]}" onto public org.springframework.http.HttpEntity adminroute.controller.AdminRouteController.deleteRoute(java.lang.String,org.springframework.http.HttpHeaders)
2022-05-25T11:07:20.363574308Z stdout F 2022-05-25 19:07:20.337  INFO [ts-admin-route-service,,,] 1 --- [           main] s.w.s.m.m.a.RequestMappingHandlerMapping : Mapped "{[/v2/api-docs],methods=[GET],produces=[application/json || application/hal+json]}" onto public org.springframework.http.ResponseEntity<springfox.documentation.spring.web.json.Json> springfox.documentation.swagger2.web.Swagger2Controller.getDocumentation(java.lang.String,javax.servlet.http.HttpServletRequest)
2022-05-25T11:07:20.714339251Z stdout F 2022-05-25 19:07:20.710  INFO [ts-admin-route-service,,,] 1 --- [           main] s.w.s.m.m.a.RequestMappingHandlerMapping : Mapped "{[/configuration/ui]}" onto org.springframework.http.ResponseEntity<springfox.documentation.swagger.web.UiConfiguration> springfox.documentation.swagger.web.ApiResourceController.uiConfiguration()
2022-05-25T11:07:21.698003127Z stdout F 2022-05-25 19:07:21.381  INFO [ts-admin-route-service,,,] 1 --- [           main] s.w.s.m.m.a.RequestMappingHandlerMapping : Mapped "{[/configuration/security]}" onto org.springframework.http.ResponseEntity<springfox.documentation.swagger.web.SecurityConfiguration> springfox.documentation.swagger.web.ApiResourceController.securityConfiguration()
2022-05-25T11:07:22.301251057Z stdout F 2022-05-25 19:07:22.241  INFO [ts-admin-route-service,,,] 1 --- [           main] s.w.s.m.m.a.RequestMappingHandlerMapping : Mapped "{[/swagger-resources]}" onto org.springframework.http.ResponseEntity<java.util.List<springfox.documentation.swagger.web.SwaggerResource>> springfox.documentation.swagger.web.ApiResourceController.swaggerResources()
2022-05-25T11:07:23.081874332Z stdout F 2022-05-25 19:07:23.046  INFO [ts-admin-route-service,,,] 1 --- [           main] s.w.s.m.m.a.RequestMappingHandlerMapping : Mapped "{[/error],produces=[text/html]}" onto public org.springframework.web.servlet.ModelAndView org.springframework.boot.autoconfigure.web.BasicErrorController.errorHtml(javax.servlet.http.HttpServletRequest,javax.servlet.http.HttpServletResponse)
2022-05-25T11:07:23.083613083Z stdout F 2022-05-25 19:07:23.082  INFO [ts-admin-route-service,,,] 1 --- [           main] s.w.s.m.m.a.RequestMappingHandlerMapping : Mapped "{[/error]}" onto public org.springframework.http.ResponseEntity<java.util.Map<java.lang.String, java.lang.Object>> org.springframework.boot.autoconfigure.web.BasicErrorController.error(javax.servlet.http.HttpServletRequest)
2022-05-25T11:11:18.475114097Z stdout F 2022-05-25 19:11:18.354  INFO [ts-admin-route-service,,,] 1 --- [           main] o.s.b.a.e.mvc.EndpointHandlerMapping     : Mapped "{[/dump || /dump.json],methods=[GET],produces=[application/vnd.spring-boot.actuator.v1+json || application/json]}" onto public java.lang.Object org.springframework.boot.actuate.endpoint.mvc.EndpointMvcAdapter.invoke()
2022-05-25T11:11:18.551033546Z stdout F 2022-05-25 19:11:18.550  INFO [ts-admin-route-service,,,] 1 --- [           main] o.s.b.a.e.mvc.EndpointHandlerMapping     : Mapped "{[/autoconfig || /autoconfig.json],methods=[GET],produces=[application/vnd.spring-boot.actuator.v1+json || application/json]}" onto public java.lang.Object org.springframework.boot.actuate.endpoint.mvc.EndpointMvcAdapter.invoke()
2022-05-25T11:11:18.676322799Z stdout F 2022-05-25 19:11:18.675  INFO [ts-admin-route-service,,,] 1 --- [           main] o.s.b.a.e.mvc.EndpointHandlerMapping     : Mapped "{[/heapdump || /heapdump.json],methods=[GET],produces=[application/octet-stream]}" onto public void org.springframework.boot.actuate.endpoint.mvc.HeapdumpMvcEndpoint.invoke(boolean,javax.servlet.http.HttpServletRequest,javax.servlet.http.HttpServletResponse) throws java.io.IOException,javax.servlet.ServletException
2022-05-25T11:11:19.025564707Z stdout F 2022-05-25 19:11:18.793  INFO [ts-admin-route-service,,,] 1 --- [           main] o.s.b.a.e.mvc.EndpointHandlerMapping     : Mapped "{[/features || /features.json],methods=[GET],produces=[application/vnd.spring-boot.actuator.v1+json || application/json]}" onto public java.lang.Object org.springframework.boot.actuate.endpoint.mvc.EndpointMvcAdapter.invoke()
2022-05-25T11:11:19.266236348Z stdout F 2022-05-25 19:11:19.265  INFO [ts-admin-route-service,,,] 1 --- [           main] o.s.b.a.e.mvc.EndpointHandlerMapping     : Mapped "{[/loggers/{name:.*}],methods=[GET],produces=[application/vnd.spring-boot.actuator.v1+json || application/json]}" onto public java.lang.Object org.springframework.boot.actuate.endpoint.mvc.LoggersMvcEndpoint.get(java.lang.String)
2022-05-25T11:11:19.279751469Z stdout F 2022-05-25 19:11:19.275  INFO [ts-admin-route-service,,,] 1 --- [           main] o.s.b.a.e.mvc.EndpointHandlerMapping     : Mapped "{[/loggers/{name:.*}],methods=[POST],consumes=[application/vnd.spring-boot.actuator.v1+json || application/json],produces=[application/vnd.spring-boot.actuator.v1+json || application/json]}" onto public java.lang.Object org.springframework.boot.actuate.endpoint.mvc.LoggersMvcEndpoint.set(java.lang.String,java.util.Map<java.lang.String, java.lang.String>)
2022-05-25T11:11:19.279799157Z stdout F 2022-05-25 19:11:19.277  INFO [ts-admin-route-service,,,] 1 --- [           main] o.s.b.a.e.mvc.EndpointHandlerMapping     : Mapped "{[/loggers || /loggers.json],methods=[GET],produces=[application/vnd.spring-boot.actuator.v1+json || application/json]}" onto public java.lang.Object org.springframework.boot.actuate.endpoint.mvc.EndpointMvcAdapter.invoke()
2022-05-25T11:11:19.298267578Z stdout F 2022-05-25 19:11:19.296  INFO [ts-admin-route-service,,,] 1 --- [           main] o.s.b.a.e.mvc.EndpointHandlerMapping     : Mapped "{[/health || /health.json],methods=[GET],produces=[application/vnd.spring-boot.actuator.v1+json || application/json]}" onto public java.lang.Object org.springframework.boot.actuate.endpoint.mvc.HealthMvcEndpoint.invoke(javax.servlet.http.HttpServletRequest,java.security.Principal)
2022-05-25T11:11:19.394384981Z stdout F 2022-05-25 19:11:19.393  INFO [ts-admin-route-service,,,] 1 --- [           main] o.s.b.a.e.mvc.EndpointHandlerMapping     : Mapped "{[/refresh || /refresh.json],methods=[POST]}" onto public java.lang.Object org.springframework.cloud.endpoint.GenericPostableMvcEndpoint.invoke()
2022-05-25T11:11:19.446421065Z stdout F 2022-05-25 19:11:19.445  INFO [ts-admin-route-service,,,] 1 --- [           main] o.s.b.a.e.mvc.EndpointHandlerMapping     : Mapped "{[/info || /info.json],methods=[GET],produces=[application/vnd.spring-boot.actuator.v1+json || application/json]}" onto public java.lang.Object org.springframework.boot.actuate.endpoint.mvc.EndpointMvcAdapter.invoke()
2022-05-25T11:11:19.460286258Z stdout F 2022-05-25 19:11:19.459  INFO [ts-admin-route-service,,,] 1 --- [           main] o.s.b.a.e.mvc.EndpointHandlerMapping     : Mapped "{[/env],methods=[POST]}" onto public java.lang.Object org.springframework.cloud.context.environment.EnvironmentManagerMvcEndpoint.value(java.util.Map<java.lang.String, java.lang.String>)
2022-05-25T11:11:19.46054403Z stdout F 2022-05-25 19:11:19.460  INFO [ts-admin-route-service,,,] 1 --- [           main] o.s.b.a.e.mvc.EndpointHandlerMapping     : Mapped "{[/env/reset],methods=[POST]}" onto public java.util.Map<java.lang.String, java.lang.Object> org.springframework.cloud.context.environment.EnvironmentManagerMvcEndpoint.reset()
2022-05-25T11:11:19.461440691Z stdout F 2022-05-25 19:11:19.460  INFO [ts-admin-route-service,,,] 1 --- [           main] o.s.b.a.e.mvc.EndpointHandlerMapping     : Mapped "{[/beans || /beans.json],methods=[GET],produces=[application/vnd.spring-boot.actuator.v1+json || application/json]}" onto public java.lang.Object org.springframework.boot.actuate.endpoint.mvc.EndpointMvcAdapter.invoke()
2022-05-25T11:11:19.580249293Z stdout F 2022-05-25 19:11:19.570  INFO [ts-admin-route-service,,,] 1 --- [           main] o.s.b.a.e.mvc.EndpointHandlerMapping     : Mapped "{[/auditevents || /auditevents.json],methods=[GET],produces=[application/vnd.spring-boot.actuator.v1+json || application/json]}" onto public org.springframework.http.ResponseEntity<?> org.springframework.boot.actuate.endpoint.mvc.AuditEventsMvcEndpoint.findByPrincipalAndAfterAndType(java.lang.String,java.util.Date,java.lang.String)
2022-05-25T11:11:19.673342176Z stdout F 2022-05-25 19:11:19.670  INFO [ts-admin-route-service,,,] 1 --- [           main] o.s.b.a.e.mvc.EndpointHandlerMapping     : Mapped "{[/mappings || /mappings.json],methods=[GET],produces=[application/vnd.spring-boot.actuator.v1+json || application/json]}" onto public java.lang.Object org.springframework.boot.actuate.endpoint.mvc.EndpointMvcAdapter.invoke()
2022-05-25T11:11:19.864233858Z stdout F 2022-05-25 19:11:19.849  INFO [ts-admin-route-service,,,] 1 --- [           main] o.s.b.a.e.mvc.EndpointHandlerMapping     : Mapped "{[/metrics/{name:.*}],methods=[GET],produces=[application/vnd.spring-boot.actuator.v1+json || application/json]}" onto public java.lang.Object org.springframework.boot.actuate.endpoint.mvc.MetricsMvcEndpoint.value(java.lang.String)
2022-05-25T11:11:19.902691847Z stdout F 2022-05-25 19:11:19.901  INFO [ts-admin-route-service,,,] 1 --- [           main] o.s.b.a.e.mvc.EndpointHandlerMapping     : Mapped "{[/metrics || /metrics.json],methods=[GET],produces=[application/vnd.spring-boot.actuator.v1+json || application/json]}" onto public java.lang.Object org.springframework.boot.actuate.endpoint.mvc.EndpointMvcAdapter.invoke()
2022-05-25T11:11:19.952043204Z stdout F 2022-05-25 19:11:19.951  INFO [ts-admin-route-service,,,] 1 --- [           main] o.s.b.a.e.mvc.EndpointHandlerMapping     : Mapped "{[/configprops || /configprops.json],methods=[GET],produces=[application/vnd.spring-boot.actuator.v1+json || application/json]}" onto public java.lang.Object org.springframework.boot.actuate.endpoint.mvc.EndpointMvcAdapter.invoke()
2022-05-25T11:11:20.174700932Z stdout F 2022-05-25 19:11:20.057  INFO [ts-admin-route-service,,,] 1 --- [           main] o.s.b.a.e.mvc.EndpointHandlerMapping     : Mapped "{[/trace || /trace.json],methods=[GET],produces=[application/vnd.spring-boot.actuator.v1+json || application/json]}" onto public java.lang.Object org.springframework.boot.actuate.endpoint.mvc.EndpointMvcAdapter.invoke()
2022-05-25T11:11:20.224301772Z stdout F 2022-05-25 19:11:20.223  INFO [ts-admin-route-service,,,] 1 --- [           main] o.s.b.a.e.mvc.EndpointHandlerMapping     : Mapped "{[/env/{name:.*}],methods=[GET],produces=[application/vnd.spring-boot.actuator.v1+json || application/json]}" onto public java.lang.Object org.springframework.boot.actuate.endpoint.mvc.EnvironmentMvcEndpoint.value(java.lang.String)
2022-05-25T11:11:20.270483689Z stdout F 2022-05-25 19:11:20.269  INFO [ts-admin-route-service,,,] 1 --- [           main] o.s.b.a.e.mvc.EndpointHandlerMapping     : Mapped "{[/env || /env.json],methods=[GET],produces=[application/vnd.spring-boot.actuator.v1+json || application/json]}" onto public java.lang.Object org.springframework.boot.actuate.endpoint.mvc.EndpointMvcAdapter.invoke()
2022-05-25T11:12:00.789977567Z stdout F 2022-05-25 19:12:00.632  INFO [ts-admin-route-service,,,] 1 --- [           main] b.a.s.AuthenticationManagerConfiguration : 
2022-05-25T11:12:00.790071947Z stdout F 
2022-05-25T11:12:00.790097693Z stdout F Using default security password: ee52e3ca-8693-4794-aac1-4ff0aff0fb75
2022-05-25T11:12:00.790109987Z stdout F 
2022-05-25T11:12:45.661477485Z stdout F 2022-05-25 19:12:45.600  INFO [ts-admin-route-service,,,] 1 --- [           main] o.s.s.web.DefaultSecurityFilterChain     : Creating filter chain: org.springframework.security.web.util.matcher.AnyRequestMatcher@1, [org.springframework.security.web.context.request.async.WebAsyncManagerIntegrationFilter@720653c2, org.springframework.security.web.context.SecurityContextPersistenceFilter@648ee871, org.springframework.security.web.header.HeaderWriterFilter@30feffc, org.springframework.security.web.authentication.logout.LogoutFilter@7c2327fa, edu.fudan.common.security.jwt.JWTFilter@45f24169, org.springframework.security.web.savedrequest.RequestCacheAwareFilter@2189e7a7, org.springframework.security.web.servletapi.SecurityContextHolderAwareRequestFilter@a10c1b5, org.springframework.security.web.authentication.AnonymousAuthenticationFilter@6ad5923a, org.springframework.security.web.session.SessionManagementFilter@bcb09a6, org.springframework.security.web.access.ExceptionTranslationFilter@5f78de22, org.springframework.security.web.access.intercept.FilterSecurityInterceptor@d02f8d]
2022-05-25T11:13:35.945331678Z stdout F 2022-05-25 19:13:35.800  INFO [ts-admin-route-service,,,] 1 --- [           main] o.s.w.s.handler.SimpleUrlHandlerMapping  : Mapped URL path [/webjars/**] onto handler of type [class org.springframework.web.servlet.resource.ResourceHttpRequestHandler]
2022-05-25T11:13:35.95775301Z stdout F 2022-05-25 19:13:35.946  INFO [ts-admin-route-service,,,] 1 --- [           main] o.s.w.s.handler.SimpleUrlHandlerMapping  : Mapped URL path [/**] onto handler of type [class org.springframework.web.servlet.resource.ResourceHttpRequestHandler]
2022-05-25T11:13:45.654221236Z stdout F 2022-05-25 19:13:45.582  INFO [ts-admin-route-service,,,] 1 --- [           main] o.s.w.s.handler.SimpleUrlHandlerMapping  : Mapped URL path [/**/favicon.ico] onto handler of type [class org.springframework.web.servlet.resource.ResourceHttpRequestHandler]
2022-05-25T11:13:59.425642044Z stdout F 2022-05-25 19:13:59.424  INFO [ts-admin-route-service,,,] 1 --- [           main] o.s.s.web.DefaultSecurityFilterChain     : Creating filter chain: org.springframework.boot.actuate.autoconfigure.ManagementWebSecurityAutoConfiguration$LazyEndpointPathRequestMatcher@29182679, [org.springframework.security.web.context.request.async.WebAsyncManagerIntegrationFilter@57bd802b, org.springframework.security.web.context.SecurityContextPersistenceFilter@7b60c3e, org.springframework.security.web.header.HeaderWriterFilter@312afbc7, org.springframework.web.filter.CorsFilter@5cbb84b1, org.springframework.security.web.authentication.logout.LogoutFilter@466d49f0, org.springframework.security.web.authentication.www.BasicAuthenticationFilter@6a74d228, org.springframework.security.web.savedrequest.RequestCacheAwareFilter@3fbfa96, org.springframework.security.web.servletapi.SecurityContextHolderAwareRequestFilter@6569dded, org.springframework.security.web.authentication.AnonymousAuthenticationFilter@2c779e5, org.springframework.security.web.session.SessionManagementFilter@599f571f, org.springframework.security.web.access.ExceptionTranslationFilter@15723761, org.springframework.security.web.access.intercept.FilterSecurityInterceptor@72458efc]
2022-05-25T11:15:40.440315234Z stdout F 2022-05-25 19:15:38.967  INFO [ts-admin-route-service,,,] 1 --- [           main] s.w.s.m.m.a.RequestMappingHandlerAdapter : Looking for @ControllerAdvice: org.springframework.boot.context.embedded.AnnotationConfigEmbeddedWebApplicationContext@d2cc05a: startup date [Wed May 25 18:56:14 CST 2022]; parent: org.springframework.context.annotation.AnnotationConfigApplicationContext@48533e64
2022-05-25T11:17:42.361156501Z stdout F 2022-05-25 19:17:42.326  INFO [ts-admin-route-service,,,] 1 --- [           main] o.s.s.c.ThreadPoolTaskScheduler          : Initializing ExecutorService  'taskScheduler'
2022-05-25T11:18:27.148944453Z stdout F 2022-05-25 19:18:27.148  INFO [ts-admin-route-service,,,] 1 --- [           main] o.s.s.c.ThreadPoolTaskScheduler          : Initializing ExecutorService 
2022-05-25T11:18:47.105420072Z stdout F 2022-05-25 19:18:47.102  INFO [ts-admin-route-service,,,] 1 --- [           main] o.s.j.e.a.AnnotationMBeanExporter        : Registering beans for JMX exposure on startup
2022-05-25T11:18:47.847738522Z stdout F 2022-05-25 19:18:47.847  INFO [ts-admin-route-service,,,] 1 --- [           main] o.s.j.e.a.AnnotationMBeanExporter        : Bean with name 'configurationPropertiesRebinder' has been autodetected for JMX exposure
2022-05-25T11:18:47.957788047Z stdout F 2022-05-25 19:18:47.956  INFO [ts-admin-route-service,,,] 1 --- [           main] o.s.j.e.a.AnnotationMBeanExporter        : Bean with name 'refreshEndpoint' has been autodetected for JMX exposure
2022-05-25T11:18:47.975787791Z stdout F 2022-05-25 19:18:47.975  INFO [ts-admin-route-service,,,] 1 --- [           main] o.s.j.e.a.AnnotationMBeanExporter        : Bean with name 'environmentManager' has been autodetected for JMX exposure
2022-05-25T11:18:48.019122153Z stdout F 2022-05-25 19:18:48.018  INFO [ts-admin-route-service,,,] 1 --- [           main] o.s.j.e.a.AnnotationMBeanExporter        : Bean with name 'refreshScope' has been autodetected for JMX exposure
2022-05-25T11:18:48.345694088Z stdout F 2022-05-25 19:18:48.345  INFO [ts-admin-route-service,,,] 1 --- [           main] o.s.j.e.a.AnnotationMBeanExporter        : Located managed bean 'environmentManager': registering with JMX server as MBean [org.springframework.cloud.context.environment:name=environmentManager,type=EnvironmentManager]
2022-05-25T11:18:49.993478986Z stdout F 2022-05-25 19:18:49.992  INFO [ts-admin-route-service,,,] 1 --- [           main] o.s.j.e.a.AnnotationMBeanExporter        : Located managed bean 'refreshScope': registering with JMX server as MBean [org.springframework.cloud.context.scope.refresh:name=refreshScope,type=RefreshScope]
2022-05-25T11:18:50.909695669Z stdout F 2022-05-25 19:18:50.908  INFO [ts-admin-route-service,,,] 1 --- [           main] o.s.j.e.a.AnnotationMBeanExporter        : Located managed bean 'configurationPropertiesRebinder': registering with JMX server as MBean [org.springframework.cloud.context.properties:name=configurationPropertiesRebinder,context=d2cc05a,type=ConfigurationPropertiesRebinder]
2022-05-25T11:18:51.840310128Z stdout F 2022-05-25 19:18:51.839  INFO [ts-admin-route-service,,,] 1 --- [           main] o.s.j.e.a.AnnotationMBeanExporter        : Located managed bean 'refreshEndpoint': registering with JMX server as MBean [org.springframework.cloud.endpoint:name=refreshEndpoint,type=RefreshEndpoint]
2022-05-25T11:20:16.609277118Z stdout F 2022-05-25 19:20:16.571  INFO [ts-admin-route-service,,,] 1 --- [           main] o.s.c.support.DefaultLifecycleProcessor  : Starting beans in phase 0
2022-05-25T11:20:20.191033621Z stdout F 2022-05-25 19:20:20.115  INFO [ts-admin-route-service,,,] 1 --- [           main] o.s.i.endpoint.EventDrivenConsumer       : Adding {logging-channel-adapter:_org.springframework.integration.errorLogger} as a subscriber to the 'errorChannel' channel
2022-05-25T11:20:20.202772495Z stdout F 2022-05-25 19:20:20.201  INFO [ts-admin-route-service,,,] 1 --- [           main] o.s.i.channel.PublishSubscribeChannel    : Channel 'ts-admin-route-service:16113.errorChannel' has 1 subscriber(s).
2022-05-25T11:20:20.202892344Z stdout F 2022-05-25 19:20:20.202  INFO [ts-admin-route-service,,,] 1 --- [           main] o.s.i.endpoint.EventDrivenConsumer       : started _org.springframework.integration.errorLogger
2022-05-25T11:20:23.855590784Z stdout F 2022-05-25 19:20:23.854  INFO [ts-admin-route-service,,,] 1 --- [           main] d.s.w.p.DocumentationPluginsBootstrapper : Context refreshed
2022-05-25T11:20:29.168042985Z stdout F 2022-05-25 19:20:29.092  INFO [ts-admin-route-service,,,] 1 --- [           main] d.s.w.p.DocumentationPluginsBootstrapper : Found 1 custom documentation plugin(s)
2022-05-25T11:20:29.736156577Z stdout F 2022-05-25 19:20:29.735  INFO [ts-admin-route-service,,,] 1 --- [           main] s.d.s.w.s.ApiListingReferenceScanner     : Scanning for api listing references
2022-05-25T11:20:42.481877766Z stdout F 2022-05-25 19:20:42.467  INFO [ts-admin-route-service,,,] 1 --- [           main] .d.s.w.r.o.CachingOperationNameGenerator : Generating unique operation named: findByPrincipalAndAfterAndTypeUsingGET_1
2022-05-25T11:20:47.763947826Z stdout F 2022-05-25 19:20:47.762  INFO [ts-admin-route-service,,,] 1 --- [           main] .d.s.w.r.o.CachingOperationNameGenerator : Generating unique operation named: invokeUsingGET_1
2022-05-25T11:20:48.135645529Z stdout F 2022-05-25 19:20:48.134  INFO [ts-admin-route-service,,,] 1 --- [           main] .d.s.w.r.o.CachingOperationNameGenerator : Generating unique operation named: invokeUsingGET_2
2022-05-25T11:20:48.45665671Z stdout F 2022-05-25 19:20:48.455  INFO [ts-admin-route-service,,,] 1 --- [           main] .d.s.w.r.o.CachingOperationNameGenerator : Generating unique operation named: invokeUsingGET_3
2022-05-25T11:20:48.709035446Z stdout F 2022-05-25 19:20:48.708  INFO [ts-admin-route-service,,,] 1 --- [           main] .d.s.w.r.o.CachingOperationNameGenerator : Generating unique operation named: invokeUsingGET_4
2022-05-25T11:20:48.711252242Z stdout F 2022-05-25 19:20:48.710  INFO [ts-admin-route-service,,,] 1 --- [           main] .d.s.w.r.o.CachingOperationNameGenerator : Generating unique operation named: invokeUsingGET_5
2022-05-25T11:20:48.929233039Z stdout F 2022-05-25 19:20:48.927  INFO [ts-admin-route-service,,,] 1 --- [           main] .d.s.w.r.o.CachingOperationNameGenerator : Generating unique operation named: invokeUsingGET_6
2022-05-25T11:20:48.996099053Z stdout F 2022-05-25 19:20:48.994  INFO [ts-admin-route-service,,,] 1 --- [           main] .d.s.w.r.o.CachingOperationNameGenerator : Generating unique operation named: invokeUsingGET_7
2022-05-25T11:20:49.461538008Z stdout F 2022-05-25 19:20:49.460  INFO [ts-admin-route-service,,,] 1 --- [           main] .d.s.w.r.o.CachingOperationNameGenerator : Generating unique operation named: invokeUsingGET_8
2022-05-25T11:20:49.51631033Z stdout F 2022-05-25 19:20:49.514  INFO [ts-admin-route-service,,,] 1 --- [           main] .d.s.w.r.o.CachingOperationNameGenerator : Generating unique operation named: invokeUsingGET_9
2022-05-25T11:20:49.687988331Z stdout F 2022-05-25 19:20:49.687  INFO [ts-admin-route-service,,,] 1 --- [           main] .d.s.w.r.o.CachingOperationNameGenerator : Generating unique operation named: invokeUsingGET_10
2022-05-25T11:20:49.698521845Z stdout F 2022-05-25 19:20:49.698  INFO [ts-admin-route-service,,,] 1 --- [           main] .d.s.w.r.o.CachingOperationNameGenerator : Generating unique operation named: invokeUsingGET_11
2022-05-25T11:20:49.774599368Z stdout F 2022-05-25 19:20:49.773  INFO [ts-admin-route-service,,,] 1 --- [           main] .d.s.w.r.o.CachingOperationNameGenerator : Generating unique operation named: invokeUsingGET_12
2022-05-25T11:20:49.839885749Z stdout F 2022-05-25 19:20:49.809  INFO [ts-admin-route-service,,,] 1 --- [           main] .d.s.w.r.o.CachingOperationNameGenerator : Generating unique operation named: invokeUsingGET_13
2022-05-25T11:20:49.914286837Z stdout F 2022-05-25 19:20:49.913  INFO [ts-admin-route-service,,,] 1 --- [           main] .d.s.w.r.o.CachingOperationNameGenerator : Generating unique operation named: invokeUsingGET_14
2022-05-25T11:20:50.116302053Z stdout F 2022-05-25 19:20:49.916  INFO [ts-admin-route-service,,,] 1 --- [           main] .d.s.w.r.o.CachingOperationNameGenerator : Generating unique operation named: invokeUsingGET_15
2022-05-25T11:20:50.6536876Z stdout F 2022-05-25 19:20:50.494  INFO [ts-admin-route-service,,,] 1 --- [           main] .d.s.w.r.o.CachingOperationNameGenerator : Generating unique operation named: invokeUsingGET_16
2022-05-25T11:20:51.010112506Z stdout F 2022-05-25 19:20:51.008  INFO [ts-admin-route-service,,,] 1 --- [           main] .d.s.w.r.o.CachingOperationNameGenerator : Generating unique operation named: invokeUsingGET_17
2022-05-25T11:20:52.563411296Z stdout F 2022-05-25 19:20:52.561  INFO [ts-admin-route-service,,,] 1 --- [           main] .d.s.w.r.o.CachingOperationNameGenerator : Generating unique operation named: invokeUsingPOST_1
2022-05-25T11:20:53.844007822Z stdout F 2022-05-25 19:20:53.843  INFO [ts-admin-route-service,,,] 1 --- [           main] .d.s.w.r.o.CachingOperationNameGenerator : Generating unique operation named: invokeUsingGET_18
2022-05-25T11:20:53.992172787Z stdout F 2022-05-25 19:20:53.977  INFO [ts-admin-route-service,,,] 1 --- [           main] .d.s.w.r.o.CachingOperationNameGenerator : Generating unique operation named: invokeUsingGET_19
2022-05-25T11:20:54.606634241Z stdout F 2022-05-25 19:20:54.605  INFO [ts-admin-route-service,,,] 1 --- [           main] .d.s.w.r.o.CachingOperationNameGenerator : Generating unique operation named: invokeUsingGET_20
2022-05-25T11:20:55.489810147Z stdout F 2022-05-25 19:20:55.488  INFO [ts-admin-route-service,,,] 1 --- [           main] .d.s.w.r.o.CachingOperationNameGenerator : Generating unique operation named: invokeUsingGET_21
2022-05-25T11:20:55.948189849Z stdout F 2022-05-25 19:20:55.892  INFO [ts-admin-route-service,,,] 1 --- [           main] .d.s.w.r.o.CachingOperationNameGenerator : Generating unique operation named: invokeUsingGET_22
2022-05-25T11:20:55.99024797Z stdout F 2022-05-25 19:20:55.988  INFO [ts-admin-route-service,,,] 1 --- [           main] .d.s.w.r.o.CachingOperationNameGenerator : Generating unique operation named: invokeUsingGET_23
2022-05-25T11:20:56.737443134Z stdout F 2022-05-25 19:20:56.736  INFO [ts-admin-route-service,,,] 1 --- [           main] .d.s.w.r.o.CachingOperationNameGenerator : Generating unique operation named: invokeUsingGET_24
2022-05-25T11:20:56.838506661Z stdout F 2022-05-25 19:20:56.837  INFO [ts-admin-route-service,,,] 1 --- [           main] .d.s.w.r.o.CachingOperationNameGenerator : Generating unique operation named: invokeUsingGET_25
2022-05-25T11:20:57.101490117Z stdout F 2022-05-25 19:20:57.100  INFO [ts-admin-route-service,,,] 1 --- [           main] .d.s.w.r.o.CachingOperationNameGenerator : Generating unique operation named: valueUsingGET_1
2022-05-25T11:21:04.054992439Z stdout F 2022-05-25 19:21:04.054  INFO [ts-admin-route-service,,,] 1 --- [           main] s.b.c.e.t.TomcatEmbeddedServletContainer : Tomcat started on port(s): 16113 (http)
2022-05-25T11:21:04.49987199Z stdout F 2022-05-25 19:21:04.499  INFO [ts-admin-route-service,,,] 1 --- [           main] adminroute.AdminRouteApplication         : Started AdminRouteApplication in 1649.869 seconds (JVM running for 1722.157)
