2022-05-09T21:45:58.426178373Z stdout F 2022-05-09T21:45:58.425592Z	info	Istio iptables environment:
2022-05-09T21:45:58.426235937Z stdout F ENVOY_PORT=
2022-05-09T21:45:58.426246652Z stdout F INBOUND_CAPTURE_PORT=
2022-05-09T21:45:58.426252984Z stdout F ISTIO_INBOUND_INTERCEPTION_MODE=
2022-05-09T21:45:58.426257941Z stdout F ISTIO_INBOUND_TPROXY_ROUTE_TABLE=
2022-05-09T21:45:58.426262243Z stdout F ISTIO_INBOUND_PORTS=
2022-05-09T21:45:58.4262666Z stdout F ISTIO_OUTBOUND_PORTS=
2022-05-09T21:45:58.426270909Z stdout F ISTIO_LOCAL_EXCLUDE_PORTS=
2022-05-09T21:45:58.426275083Z stdout F ISTIO_EXCLUDE_INTERFACES=
2022-05-09T21:45:58.426285444Z stdout F ISTIO_SERVICE_CIDR=
2022-05-09T21:45:58.426297244Z stdout F ISTIO_SERVICE_EXCLUDE_CIDR=
2022-05-09T21:45:58.426302618Z stdout F ISTIO_META_DNS_CAPTURE=
2022-05-09T21:45:58.426313853Z stdout F INVALID_DROP=
2022-05-09T21:45:58.426320744Z stdout F 
2022-05-09T21:45:58.427269069Z stdout F 2022-05-09T21:45:58.425875Z	info	Istio iptables variables:
2022-05-09T21:45:58.427291594Z stdout F PROXY_PORT=15001
2022-05-09T21:45:58.427298009Z stdout F PROXY_INBOUND_CAPTURE_PORT=15006
2022-05-09T21:45:58.427302582Z stdout F PROXY_TUNNEL_PORT=15008
2022-05-09T21:45:58.427416001Z stdout F PROXY_UID=1337
2022-05-09T21:45:58.427427414Z stdout F PROXY_GID=1337
2022-05-09T21:45:58.427432892Z stdout F INBOUND_INTERCEPTION_MODE=REDIRECT
2022-05-09T21:45:58.427437513Z stdout F INBOUND_TPROXY_MARK=1337
2022-05-09T21:45:58.427441673Z stdout F INBOUND_TPROXY_ROUTE_TABLE=133
2022-05-09T21:45:58.427445723Z stdout F INBOUND_PORTS_INCLUDE=*
2022-05-09T21:45:58.427449854Z stdout F INBOUND_PORTS_EXCLUDE=15090,15021,15020
2022-05-09T21:45:58.427453506Z stdout F OUTBOUND_IP_RANGES_INCLUDE=*
2022-05-09T21:45:58.427567703Z stdout F OUTBOUND_IP_RANGES_EXCLUDE=
2022-05-09T21:45:58.427582693Z stdout F OUTBOUND_PORTS_INCLUDE=
2022-05-09T21:45:58.427587684Z stdout F OUTBOUND_PORTS_EXCLUDE=
2022-05-09T21:45:58.427591598Z stdout F KUBE_VIRT_INTERFACES=
2022-05-09T21:45:58.427595765Z stdout F ENABLE_INBOUND_IPV6=false
2022-05-09T21:45:58.427599706Z stdout F DNS_CAPTURE=false
2022-05-09T21:45:58.42760344Z stdout F DROP_INVALID=false
2022-05-09T21:45:58.427607636Z stdout F CAPTURE_ALL_DNS=false
2022-05-09T21:45:58.427611632Z stdout F DNS_SERVERS=[],[]
2022-05-09T21:45:58.427616325Z stdout F OUTPUT_PATH=
2022-05-09T21:45:58.427620122Z stdout F NETWORK_NAMESPACE=
2022-05-09T21:45:58.427623998Z stdout F CNI_MODE=false
2022-05-09T21:45:58.427627899Z stdout F EXCLUDE_INTERFACES=
2022-05-09T21:45:58.427631819Z stdout F 
2022-05-09T21:45:58.428315004Z stdout F 2022-05-09T21:45:58.426901Z	info	Writing following contents to rules file: /tmp/iptables-rules-1652132758426002177.txt3586948922
2022-05-09T21:45:58.428334846Z stdout F * nat
2022-05-09T21:45:58.428342313Z stdout F -N ISTIO_INBOUND
2022-05-09T21:45:58.428347996Z stdout F -N ISTIO_REDIRECT
2022-05-09T21:45:58.428455907Z stdout F -N ISTIO_IN_REDIRECT
2022-05-09T21:45:58.428476781Z stdout F -N ISTIO_OUTPUT
2022-05-09T21:45:58.428488517Z stdout F -A ISTIO_INBOUND -p tcp --dport 15008 -j RETURN
2022-05-09T21:45:58.42849786Z stdout F -A ISTIO_REDIRECT -p tcp -j REDIRECT --to-ports 15001
2022-05-09T21:45:58.428617261Z stdout F -A ISTIO_IN_REDIRECT -p tcp -j REDIRECT --to-ports 15006
2022-05-09T21:45:58.428633451Z stdout F -A PREROUTING -p tcp -j ISTIO_INBOUND
2022-05-09T21:45:58.428639684Z stdout F -A ISTIO_INBOUND -p tcp --dport 15090 -j RETURN
2022-05-09T21:45:58.428645347Z stdout F -A ISTIO_INBOUND -p tcp --dport 15021 -j RETURN
2022-05-09T21:45:58.428649663Z stdout F -A ISTIO_INBOUND -p tcp --dport 15020 -j RETURN
2022-05-09T21:45:58.428653645Z stdout F -A ISTIO_INBOUND -p tcp -j ISTIO_IN_REDIRECT
2022-05-09T21:45:58.428658094Z stdout F -A OUTPUT -p tcp -j ISTIO_OUTPUT
2022-05-09T21:45:58.428664712Z stdout F -A ISTIO_OUTPUT -o lo -s 127.0.0.6/32 -j RETURN
2022-05-09T21:45:58.428751334Z stdout F -A ISTIO_OUTPUT -o lo ! -d 127.0.0.1/32 -m owner --uid-owner 1337 -j ISTIO_IN_REDIRECT
2022-05-09T21:45:58.42876258Z stdout F -A ISTIO_OUTPUT -o lo -m owner ! --uid-owner 1337 -j RETURN
2022-05-09T21:45:58.428782243Z stdout F -A ISTIO_OUTPUT -m owner --uid-owner 1337 -j RETURN
2022-05-09T21:45:58.42878804Z stdout F -A ISTIO_OUTPUT -o lo ! -d 127.0.0.1/32 -m owner --gid-owner 1337 -j ISTIO_IN_REDIRECT
2022-05-09T21:45:58.428792444Z stdout F -A ISTIO_OUTPUT -o lo -m owner ! --gid-owner 1337 -j RETURN
2022-05-09T21:45:58.42879684Z stdout F -A ISTIO_OUTPUT -m owner --gid-owner 1337 -j RETURN
2022-05-09T21:45:58.428801375Z stdout F -A ISTIO_OUTPUT -d 127.0.0.1/32 -j RETURN
2022-05-09T21:45:58.428805811Z stdout F -A ISTIO_OUTPUT -j ISTIO_REDIRECT
2022-05-09T21:45:58.428810407Z stdout F COMMIT
2022-05-09T21:45:58.428815046Z stdout F 2022-05-09T21:45:58.427072Z	info	Running command: iptables-restore --noflush /tmp/iptables-rules-1652132758426002177.txt3586948922
2022-05-09T21:45:58.440716621Z stdout F 2022-05-09T21:45:58.439867Z	info	Writing following contents to rules file: /tmp/ip6tables-rules-1652132758439696403.txt2388737934
2022-05-09T21:45:58.440744103Z stdout F 
2022-05-09T21:45:58.440750918Z stdout F 2022-05-09T21:45:58.440016Z	info	Running command: ip6tables-restore --noflush /tmp/ip6tables-rules-1652132758439696403.txt2388737934
2022-05-09T21:45:58.444843606Z stdout F 2022-05-09T21:45:58.444346Z	info	Running command: iptables-save 
2022-05-09T21:45:58.454887663Z stdout F 2022-05-09T21:45:58.453310Z	info	Command output: 
2022-05-09T21:45:58.454930903Z stdout F # Generated by iptables-save v1.8.4 on Mon May  9 21:45:58 2022
2022-05-09T21:45:58.454943943Z stdout F *nat
2022-05-09T21:45:58.454951923Z stdout F :PREROUTING ACCEPT [0:0]
2022-05-09T21:45:58.454956699Z stdout F :INPUT ACCEPT [0:0]
2022-05-09T21:45:58.454960814Z stdout F :OUTPUT ACCEPT [0:0]
2022-05-09T21:45:58.454965705Z stdout F :POSTROUTING ACCEPT [0:0]
2022-05-09T21:45:58.454969595Z stdout F :ISTIO_INBOUND - [0:0]
2022-05-09T21:45:58.454973501Z stdout F :ISTIO_IN_REDIRECT - [0:0]
2022-05-09T21:45:58.454977381Z stdout F :ISTIO_OUTPUT - [0:0]
2022-05-09T21:45:58.454980972Z stdout F :ISTIO_REDIRECT - [0:0]
2022-05-09T21:45:58.454985639Z stdout F -A PREROUTING -p tcp -j ISTIO_INBOUND
2022-05-09T21:45:58.454989558Z stdout F -A OUTPUT -p tcp -j ISTIO_OUTPUT
2022-05-09T21:45:58.454993271Z stdout F -A ISTIO_INBOUND -p tcp -m tcp --dport 15008 -j RETURN
2022-05-09T21:45:58.454997254Z stdout F -A ISTIO_INBOUND -p tcp -m tcp --dport 15090 -j RETURN
2022-05-09T21:45:58.45500162Z stdout F -A ISTIO_INBOUND -p tcp -m tcp --dport 15021 -j RETURN
2022-05-09T21:45:58.455005408Z stdout F -A ISTIO_INBOUND -p tcp -m tcp --dport 15020 -j RETURN
2022-05-09T21:45:58.455009113Z stdout F -A ISTIO_INBOUND -p tcp -j ISTIO_IN_REDIRECT
2022-05-09T21:45:58.455013149Z stdout F -A ISTIO_IN_REDIRECT -p tcp -j REDIRECT --to-ports 15006
2022-05-09T21:45:58.455017117Z stdout F -A ISTIO_OUTPUT -s 127.0.0.6/32 -o lo -j RETURN
2022-05-09T21:45:58.455024349Z stdout F -A ISTIO_OUTPUT ! -d 127.0.0.1/32 -o lo -m owner --uid-owner 1337 -j ISTIO_IN_REDIRECT
2022-05-09T21:45:58.455032814Z stdout F -A ISTIO_OUTPUT -o lo -m owner ! --uid-owner 1337 -j RETURN
2022-05-09T21:45:58.455037006Z stdout F -A ISTIO_OUTPUT -m owner --uid-owner 1337 -j RETURN
2022-05-09T21:45:58.455041066Z stdout F -A ISTIO_OUTPUT ! -d 127.0.0.1/32 -o lo -m owner --gid-owner 1337 -j ISTIO_IN_REDIRECT
2022-05-09T21:45:58.455045644Z stdout F -A ISTIO_OUTPUT -o lo -m owner ! --gid-owner 1337 -j RETURN
2022-05-09T21:45:58.45505018Z stdout F -A ISTIO_OUTPUT -m owner --gid-owner 1337 -j RETURN
2022-05-09T21:45:58.455067102Z stdout F -A ISTIO_OUTPUT -d 127.0.0.1/32 -j RETURN
2022-05-09T21:45:58.455079038Z stdout F -A ISTIO_OUTPUT -j ISTIO_REDIRECT
2022-05-09T21:45:58.455088108Z stdout F -A ISTIO_REDIRECT -p tcp -j REDIRECT --to-ports 15001
2022-05-09T21:45:58.455096021Z stdout F COMMIT
2022-05-09T21:45:58.455105504Z stdout F # Completed on Mon May  9 21:45:58 2022
2022-05-09T21:45:58.455111321Z stdout F 
