2022-04-27T06:19:43.670524204Z stdout F 2022-04-27T06:19:43.614868Z	info	Istio iptables environment:
2022-04-27T06:19:43.671714695Z stdout F ENVOY_PORT=
2022-04-27T06:19:43.671747349Z stdout F INBOUND_CAPTURE_PORT=
2022-04-27T06:19:43.671760708Z stdout F ISTIO_INBOUND_INTERCEPTION_MODE=
2022-04-27T06:19:43.671775241Z stdout F ISTIO_INBOUND_TPROXY_ROUTE_TABLE=
2022-04-27T06:19:43.671795911Z stdout F ISTIO_INBOUND_PORTS=
2022-04-27T06:19:43.67180927Z stdout F ISTIO_OUTBOUND_PORTS=
2022-04-27T06:19:43.6718198Z stdout F ISTIO_LOCAL_EXCLUDE_PORTS=
2022-04-27T06:19:43.671828855Z stdout F ISTIO_EXCLUDE_INTERFACES=
2022-04-27T06:19:43.671838031Z stdout F ISTIO_SERVICE_CIDR=
2022-04-27T06:19:43.671847609Z stdout F ISTIO_SERVICE_EXCLUDE_CIDR=
2022-04-27T06:19:43.680161833Z stdout F ISTIO_META_DNS_CAPTURE=
2022-04-27T06:19:43.683099159Z stdout F INVALID_DROP=
2022-04-27T06:19:43.683121986Z stdout F 
2022-04-27T06:19:43.683134534Z stdout F 2022-04-27T06:19:43.615069Z	info	Istio iptables variables:
2022-04-27T06:19:43.683145011Z stdout F PROXY_PORT=15001
2022-04-27T06:19:43.683158049Z stdout F PROXY_INBOUND_CAPTURE_PORT=15006
2022-04-27T06:19:43.683168988Z stdout F PROXY_TUNNEL_PORT=15008
2022-04-27T06:19:43.683178758Z stdout F PROXY_UID=1337
2022-04-27T06:19:43.683188195Z stdout F PROXY_GID=1337
2022-04-27T06:19:43.683215578Z stdout F INBOUND_INTERCEPTION_MODE=REDIRECT
2022-04-27T06:19:43.683236625Z stdout F INBOUND_TPROXY_MARK=1337
2022-04-27T06:19:43.68325723Z stdout F INBOUND_TPROXY_ROUTE_TABLE=133
2022-04-27T06:19:43.683273788Z stdout F INBOUND_PORTS_INCLUDE=*
2022-04-27T06:19:43.683288648Z stdout F INBOUND_PORTS_EXCLUDE=15090,15021,15020
2022-04-27T06:19:43.683310103Z stdout F OUTBOUND_IP_RANGES_INCLUDE=*
2022-04-27T06:19:43.683326159Z stdout F OUTBOUND_IP_RANGES_EXCLUDE=
2022-04-27T06:19:43.683416892Z stdout F OUTBOUND_PORTS_INCLUDE=
2022-04-27T06:19:43.683430636Z stdout F OUTBOUND_PORTS_EXCLUDE=
2022-04-27T06:19:43.683440462Z stdout F KUBE_VIRT_INTERFACES=
2022-04-27T06:19:43.68344873Z stdout F ENABLE_INBOUND_IPV6=false
2022-04-27T06:19:43.683456875Z stdout F DNS_CAPTURE=false
2022-04-27T06:19:43.68346496Z stdout F DROP_INVALID=false
2022-04-27T06:19:43.683472988Z stdout F CAPTURE_ALL_DNS=false
2022-04-27T06:19:43.683481495Z stdout F DNS_SERVERS=[],[]
2022-04-27T06:19:43.683490933Z stdout F OUTPUT_PATH=
2022-04-27T06:19:43.683499668Z stdout F NETWORK_NAMESPACE=
2022-04-27T06:19:43.683508837Z stdout F CNI_MODE=false
2022-04-27T06:19:43.683517751Z stdout F EXCLUDE_INTERFACES=
2022-04-27T06:19:43.683525852Z stdout F 
2022-04-27T06:19:43.683537977Z stdout F 2022-04-27T06:19:43.615746Z	info	Writing following contents to rules file: /tmp/iptables-rules-1651040383615214673.txt4063476879
2022-04-27T06:19:43.683547902Z stdout F * nat
2022-04-27T06:19:43.683557049Z stdout F -N ISTIO_INBOUND
2022-04-27T06:19:43.683566672Z stdout F -N ISTIO_REDIRECT
2022-04-27T06:19:43.68364224Z stdout F -N ISTIO_IN_REDIRECT
2022-04-27T06:19:43.683679946Z stdout F -N ISTIO_OUTPUT
2022-04-27T06:19:43.683703817Z stdout F -A ISTIO_INBOUND -p tcp --dport 15008 -j RETURN
2022-04-27T06:19:43.683729535Z stdout F -A ISTIO_REDIRECT -p tcp -j REDIRECT --to-ports 15001
2022-04-27T06:19:43.683755005Z stdout F -A ISTIO_IN_REDIRECT -p tcp -j REDIRECT --to-ports 15006
2022-04-27T06:19:43.683773393Z stdout F -A PREROUTING -p tcp -j ISTIO_INBOUND
2022-04-27T06:19:43.68379317Z stdout F -A ISTIO_INBOUND -p tcp --dport 15090 -j RETURN
2022-04-27T06:19:43.683809811Z stdout F -A ISTIO_INBOUND -p tcp --dport 15021 -j RETURN
2022-04-27T06:19:43.683832979Z stdout F -A ISTIO_INBOUND -p tcp --dport 15020 -j RETURN
2022-04-27T06:19:43.683847025Z stdout F -A ISTIO_INBOUND -p tcp -j ISTIO_IN_REDIRECT
2022-04-27T06:19:43.683857794Z stdout F -A OUTPUT -p tcp -j ISTIO_OUTPUT
2022-04-27T06:19:43.683866381Z stdout F -A ISTIO_OUTPUT -o lo -s 127.0.0.6/32 -j RETURN
2022-04-27T06:19:43.683875388Z stdout F -A ISTIO_OUTPUT -o lo ! -d 127.0.0.1/32 -m owner --uid-owner 1337 -j ISTIO_IN_REDIRECT
2022-04-27T06:19:43.683884385Z stdout F -A ISTIO_OUTPUT -o lo -m owner ! --uid-owner 1337 -j RETURN
2022-04-27T06:19:43.68390797Z stdout F -A ISTIO_OUTPUT -m owner --uid-owner 1337 -j RETURN
2022-04-27T06:19:43.683947112Z stdout F -A ISTIO_OUTPUT -o lo ! -d 127.0.0.1/32 -m owner --gid-owner 1337 -j ISTIO_IN_REDIRECT
2022-04-27T06:19:43.683958577Z stdout F -A ISTIO_OUTPUT -o lo -m owner ! --gid-owner 1337 -j RETURN
2022-04-27T06:19:43.683967436Z stdout F -A ISTIO_OUTPUT -m owner --gid-owner 1337 -j RETURN
2022-04-27T06:19:43.683975979Z stdout F -A ISTIO_OUTPUT -d 127.0.0.1/32 -j RETURN
2022-04-27T06:19:43.68398464Z stdout F -A ISTIO_OUTPUT -j ISTIO_REDIRECT
2022-04-27T06:19:43.684002934Z stdout F COMMIT
2022-04-27T06:19:43.684049293Z stdout F 2022-04-27T06:19:43.616330Z	info	Running command: iptables-restore --noflush /tmp/iptables-rules-1651040383615214673.txt4063476879
2022-04-27T06:19:43.68407222Z stdout F 2022-04-27T06:19:43.663302Z	info	Writing following contents to rules file: /tmp/ip6tables-rules-1651040383663156214.txt400842897
2022-04-27T06:19:43.684095803Z stdout F 
2022-04-27T06:19:43.684109979Z stdout F 2022-04-27T06:19:43.663429Z	info	Running command: ip6tables-restore --noflush /tmp/ip6tables-rules-1651040383663156214.txt400842897
2022-04-27T06:19:43.70337446Z stdout F 2022-04-27T06:19:43.684932Z	info	Running command: iptables-save 
2022-04-27T06:19:43.74281584Z stdout F 2022-04-27T06:19:43.720937Z	info	Command output: 
2022-04-27T06:19:43.742875475Z stdout F # Generated by iptables-save v1.8.4 on Wed Apr 27 06:19:43 2022
2022-04-27T06:19:43.742891608Z stdout F *nat
2022-04-27T06:19:43.742903595Z stdout F :PREROUTING ACCEPT [0:0]
2022-04-27T06:19:43.742913602Z stdout F :INPUT ACCEPT [0:0]
2022-04-27T06:19:43.74292278Z stdout F :OUTPUT ACCEPT [0:0]
2022-04-27T06:19:43.742935317Z stdout F :POSTROUTING ACCEPT [0:0]
2022-04-27T06:19:43.74294572Z stdout F :ISTIO_INBOUND - [0:0]
2022-04-27T06:19:43.742955062Z stdout F :ISTIO_IN_REDIRECT - [0:0]
2022-04-27T06:19:43.742963613Z stdout F :ISTIO_OUTPUT - [0:0]
2022-04-27T06:19:43.742972148Z stdout F :ISTIO_REDIRECT - [0:0]
2022-04-27T06:19:43.742983259Z stdout F -A PREROUTING -p tcp -j ISTIO_INBOUND
2022-04-27T06:19:43.742992154Z stdout F -A OUTPUT -p tcp -j ISTIO_OUTPUT
2022-04-27T06:19:43.743000502Z stdout F -A ISTIO_INBOUND -p tcp -m tcp --dport 15008 -j RETURN
2022-04-27T06:19:43.743008376Z stdout F -A ISTIO_INBOUND -p tcp -m tcp --dport 15090 -j RETURN
2022-04-27T06:19:43.743102822Z stdout F -A ISTIO_INBOUND -p tcp -m tcp --dport 15021 -j RETURN
2022-04-27T06:19:43.743122555Z stdout F -A ISTIO_INBOUND -p tcp -m tcp --dport 15020 -j RETURN
2022-04-27T06:19:43.743131486Z stdout F -A ISTIO_INBOUND -p tcp -j ISTIO_IN_REDIRECT
2022-04-27T06:19:43.743139539Z stdout F -A ISTIO_IN_REDIRECT -p tcp -j REDIRECT --to-ports 15006
2022-04-27T06:19:43.743147316Z stdout F -A ISTIO_OUTPUT -s 127.0.0.6/32 -o lo -j RETURN
2022-04-27T06:19:43.743282845Z stdout F -A ISTIO_OUTPUT ! -d 127.0.0.1/32 -o lo -m owner --uid-owner 1337 -j ISTIO_IN_REDIRECT
2022-04-27T06:19:43.743294698Z stdout F -A ISTIO_OUTPUT -o lo -m owner ! --uid-owner 1337 -j RETURN
2022-04-27T06:19:43.743579192Z stdout F -A ISTIO_OUTPUT -m owner --uid-owner 1337 -j RETURN
2022-04-27T06:19:43.743594673Z stdout F -A ISTIO_OUTPUT ! -d 127.0.0.1/32 -o lo -m owner --gid-owner 1337 -j ISTIO_IN_REDIRECT
2022-04-27T06:19:43.74360525Z stdout F -A ISTIO_OUTPUT -o lo -m owner ! --gid-owner 1337 -j RETURN
2022-04-27T06:19:43.743614446Z stdout F -A ISTIO_OUTPUT -m owner --gid-owner 1337 -j RETURN
2022-04-27T06:19:43.743624008Z stdout F -A ISTIO_OUTPUT -d 127.0.0.1/32 -j RETURN
2022-04-27T06:19:43.743921892Z stdout F -A ISTIO_OUTPUT -j ISTIO_REDIRECT
2022-04-27T06:19:43.744030349Z stdout F -A ISTIO_REDIRECT -p tcp -j REDIRECT --to-ports 15001
2022-04-27T06:19:43.744056205Z stdout F COMMIT
2022-04-27T06:19:43.744066746Z stdout F # Completed on Wed Apr 27 06:19:43 2022
2022-04-27T06:19:43.744074864Z stdout F 
