2022-05-09T06:52:52.353052886Z stdout F 2022-05-09T06:52:52.351405Z	info	Istio iptables environment:
2022-05-09T06:52:52.353101737Z stdout F ENVOY_PORT=
2022-05-09T06:52:52.353109918Z stdout F INBOUND_CAPTURE_PORT=
2022-05-09T06:52:52.353115568Z stdout F ISTIO_INBOUND_INTERCEPTION_MODE=
2022-05-09T06:52:52.353120377Z stdout F ISTIO_INBOUND_TPROXY_ROUTE_TABLE=
2022-05-09T06:52:52.353124436Z stdout F ISTIO_INBOUND_PORTS=
2022-05-09T06:52:52.353128745Z stdout F ISTIO_OUTBOUND_PORTS=
2022-05-09T06:52:52.353133175Z stdout F ISTIO_LOCAL_EXCLUDE_PORTS=
2022-05-09T06:52:52.353137262Z stdout F ISTIO_EXCLUDE_INTERFACES=
2022-05-09T06:52:52.353141295Z stdout F ISTIO_SERVICE_CIDR=
2022-05-09T06:52:52.353145238Z stdout F ISTIO_SERVICE_EXCLUDE_CIDR=
2022-05-09T06:52:52.353149175Z stdout F ISTIO_META_DNS_CAPTURE=
2022-05-09T06:52:52.353158401Z stdout F INVALID_DROP=
2022-05-09T06:52:52.353199155Z stdout F 
2022-05-09T06:52:52.353215321Z stdout F 2022-05-09T06:52:52.351494Z	info	Istio iptables variables:
2022-05-09T06:52:52.353226352Z stdout F PROXY_PORT=15001
2022-05-09T06:52:52.353231596Z stdout F PROXY_INBOUND_CAPTURE_PORT=15006
2022-05-09T06:52:52.353235444Z stdout F PROXY_TUNNEL_PORT=15008
2022-05-09T06:52:52.353239212Z stdout F PROXY_UID=1337
2022-05-09T06:52:52.353243239Z stdout F PROXY_GID=1337
2022-05-09T06:52:52.35324723Z stdout F INBOUND_INTERCEPTION_MODE=REDIRECT
2022-05-09T06:52:52.353251112Z stdout F INBOUND_TPROXY_MARK=1337
2022-05-09T06:52:52.353255115Z stdout F INBOUND_TPROXY_ROUTE_TABLE=133
2022-05-09T06:52:52.353259001Z stdout F INBOUND_PORTS_INCLUDE=*
2022-05-09T06:52:52.353263019Z stdout F INBOUND_PORTS_EXCLUDE=15090,15021,15020
2022-05-09T06:52:52.353267078Z stdout F OUTBOUND_IP_RANGES_INCLUDE=*
2022-05-09T06:52:52.353271362Z stdout F OUTBOUND_IP_RANGES_EXCLUDE=
2022-05-09T06:52:52.35327567Z stdout F OUTBOUND_PORTS_INCLUDE=
2022-05-09T06:52:52.353279737Z stdout F OUTBOUND_PORTS_EXCLUDE=
2022-05-09T06:52:52.353283887Z stdout F KUBE_VIRT_INTERFACES=
2022-05-09T06:52:52.353287665Z stdout F ENABLE_INBOUND_IPV6=false
2022-05-09T06:52:52.353291554Z stdout F DNS_CAPTURE=false
2022-05-09T06:52:52.353295173Z stdout F DROP_INVALID=false
2022-05-09T06:52:52.353298886Z stdout F CAPTURE_ALL_DNS=false
2022-05-09T06:52:52.353302986Z stdout F DNS_SERVERS=[],[]
2022-05-09T06:52:52.353306814Z stdout F OUTPUT_PATH=
2022-05-09T06:52:52.353310648Z stdout F NETWORK_NAMESPACE=
2022-05-09T06:52:52.353314962Z stdout F CNI_MODE=false
2022-05-09T06:52:52.353318787Z stdout F EXCLUDE_INTERFACES=
2022-05-09T06:52:52.353322227Z stdout F 
2022-05-09T06:52:52.353326659Z stdout F 2022-05-09T06:52:52.351891Z	info	Writing following contents to rules file: /tmp/iptables-rules-1652079172351640624.txt113537130
2022-05-09T06:52:52.353333624Z stdout F * nat
2022-05-09T06:52:52.353342062Z stdout F -N ISTIO_INBOUND
2022-05-09T06:52:52.353347313Z stdout F -N ISTIO_REDIRECT
2022-05-09T06:52:52.353351646Z stdout F -N ISTIO_IN_REDIRECT
2022-05-09T06:52:52.353355631Z stdout F -N ISTIO_OUTPUT
2022-05-09T06:52:52.353359907Z stdout F -A ISTIO_INBOUND -p tcp --dport 15008 -j RETURN
2022-05-09T06:52:52.35336435Z stdout F -A ISTIO_REDIRECT -p tcp -j REDIRECT --to-ports 15001
2022-05-09T06:52:52.353369099Z stdout F -A ISTIO_IN_REDIRECT -p tcp -j REDIRECT --to-ports 15006
2022-05-09T06:52:52.353373275Z stdout F -A PREROUTING -p tcp -j ISTIO_INBOUND
2022-05-09T06:52:52.353377615Z stdout F -A ISTIO_INBOUND -p tcp --dport 15090 -j RETURN
2022-05-09T06:52:52.353381606Z stdout F -A ISTIO_INBOUND -p tcp --dport 15021 -j RETURN
2022-05-09T06:52:52.353385394Z stdout F -A ISTIO_INBOUND -p tcp --dport 15020 -j RETURN
2022-05-09T06:52:52.353394204Z stdout F -A ISTIO_INBOUND -p tcp -j ISTIO_IN_REDIRECT
2022-05-09T06:52:52.353401633Z stdout F -A OUTPUT -p tcp -j ISTIO_OUTPUT
2022-05-09T06:52:52.353406889Z stdout F -A ISTIO_OUTPUT -o lo -s 127.0.0.6/32 -j RETURN
2022-05-09T06:52:52.353412405Z stdout F -A ISTIO_OUTPUT -o lo ! -d 127.0.0.1/32 -m owner --uid-owner 1337 -j ISTIO_IN_REDIRECT
2022-05-09T06:52:52.353417325Z stdout F -A ISTIO_OUTPUT -o lo -m owner ! --uid-owner 1337 -j RETURN
2022-05-09T06:52:52.353433342Z stdout F -A ISTIO_OUTPUT -m owner --uid-owner 1337 -j RETURN
2022-05-09T06:52:52.353439853Z stdout F -A ISTIO_OUTPUT -o lo ! -d 127.0.0.1/32 -m owner --gid-owner 1337 -j ISTIO_IN_REDIRECT
2022-05-09T06:52:52.353444311Z stdout F -A ISTIO_OUTPUT -o lo -m owner ! --gid-owner 1337 -j RETURN
2022-05-09T06:52:52.353448172Z stdout F -A ISTIO_OUTPUT -m owner --gid-owner 1337 -j RETURN
2022-05-09T06:52:52.353451673Z stdout F -A ISTIO_OUTPUT -d 127.0.0.1/32 -j RETURN
2022-05-09T06:52:52.353455469Z stdout F -A ISTIO_OUTPUT -j ISTIO_REDIRECT
2022-05-09T06:52:52.35345977Z stdout F COMMIT
2022-05-09T06:52:52.353464213Z stdout F 2022-05-09T06:52:52.351985Z	info	Running command: iptables-restore --noflush /tmp/iptables-rules-1652079172351640624.txt113537130
2022-05-09T06:52:52.368548702Z stdout F 2022-05-09T06:52:52.364074Z	info	Writing following contents to rules file: /tmp/ip6tables-rules-1652079172363991310.txt520405891
2022-05-09T06:52:52.368572914Z stdout F 
2022-05-09T06:52:52.368580624Z stdout F 2022-05-09T06:52:52.364138Z	info	Running command: ip6tables-restore --noflush /tmp/ip6tables-rules-1652079172363991310.txt520405891
2022-05-09T06:52:52.368586553Z stdout F 2022-05-09T06:52:52.367169Z	info	Running command: iptables-save 
2022-05-09T06:52:52.376300872Z stdout F 2022-05-09T06:52:52.375787Z	info	Command output: 
2022-05-09T06:52:52.376583274Z stdout F # Generated by iptables-save v1.8.4 on Mon May  9 06:52:52 2022
2022-05-09T06:52:52.376663834Z stdout F *nat
2022-05-09T06:52:52.376677886Z stdout F :PREROUTING ACCEPT [0:0]
2022-05-09T06:52:52.37709203Z stdout F :INPUT ACCEPT [0:0]
2022-05-09T06:52:52.37710608Z stdout F :OUTPUT ACCEPT [0:0]
2022-05-09T06:52:52.377112719Z stdout F :POSTROUTING ACCEPT [0:0]
2022-05-09T06:52:52.377117532Z stdout F :ISTIO_INBOUND - [0:0]
2022-05-09T06:52:52.377122181Z stdout F :ISTIO_IN_REDIRECT - [0:0]
2022-05-09T06:52:52.377126639Z stdout F :ISTIO_OUTPUT - [0:0]
2022-05-09T06:52:52.377130918Z stdout F :ISTIO_REDIRECT - [0:0]
2022-05-09T06:52:52.377135742Z stdout F -A PREROUTING -p tcp -j ISTIO_INBOUND
2022-05-09T06:52:52.377139993Z stdout F -A OUTPUT -p tcp -j ISTIO_OUTPUT
2022-05-09T06:52:52.377144787Z stdout F -A ISTIO_INBOUND -p tcp -m tcp --dport 15008 -j RETURN
2022-05-09T06:52:52.377148852Z stdout F -A ISTIO_INBOUND -p tcp -m tcp --dport 15090 -j RETURN
2022-05-09T06:52:52.377152753Z stdout F -A ISTIO_INBOUND -p tcp -m tcp --dport 15021 -j RETURN
2022-05-09T06:52:52.377156842Z stdout F -A ISTIO_INBOUND -p tcp -m tcp --dport 15020 -j RETURN
2022-05-09T06:52:52.377160999Z stdout F -A ISTIO_INBOUND -p tcp -j ISTIO_IN_REDIRECT
2022-05-09T06:52:52.377164725Z stdout F -A ISTIO_IN_REDIRECT -p tcp -j REDIRECT --to-ports 15006
2022-05-09T06:52:52.377266882Z stdout F -A ISTIO_OUTPUT -s 127.0.0.6/32 -o lo -j RETURN
2022-05-09T06:52:52.377278248Z stdout F -A ISTIO_OUTPUT ! -d 127.0.0.1/32 -o lo -m owner --uid-owner 1337 -j ISTIO_IN_REDIRECT
2022-05-09T06:52:52.377284076Z stdout F -A ISTIO_OUTPUT -o lo -m owner ! --uid-owner 1337 -j RETURN
2022-05-09T06:52:52.377288568Z stdout F -A ISTIO_OUTPUT -m owner --uid-owner 1337 -j RETURN
2022-05-09T06:52:52.37729274Z stdout F -A ISTIO_OUTPUT ! -d 127.0.0.1/32 -o lo -m owner --gid-owner 1337 -j ISTIO_IN_REDIRECT
2022-05-09T06:52:52.377297169Z stdout F -A ISTIO_OUTPUT -o lo -m owner ! --gid-owner 1337 -j RETURN
2022-05-09T06:52:52.377302126Z stdout F -A ISTIO_OUTPUT -m owner --gid-owner 1337 -j RETURN
2022-05-09T06:52:52.377305996Z stdout F -A ISTIO_OUTPUT -d 127.0.0.1/32 -j RETURN
2022-05-09T06:52:52.377309952Z stdout F -A ISTIO_OUTPUT -j ISTIO_REDIRECT
2022-05-09T06:52:52.377333005Z stdout F -A ISTIO_REDIRECT -p tcp -j REDIRECT --to-ports 15001
2022-05-09T06:52:52.377344705Z stdout F COMMIT
2022-05-09T06:52:52.377354048Z stdout F # Completed on Mon May  9 06:52:52 2022
2022-05-09T06:52:52.377360344Z stdout F 
