2022-06-13T02:22:32.028527984Z stdout F 2022-06-13T02:22:32.028096Z	info	Istio iptables environment:
2022-06-13T02:22:32.028580378Z stdout F ENVOY_PORT=
2022-06-13T02:22:32.0285942Z stdout F INBOUND_CAPTURE_PORT=
2022-06-13T02:22:32.028608057Z stdout F ISTIO_INBOUND_INTERCEPTION_MODE=
2022-06-13T02:22:32.028619942Z stdout F ISTIO_INBOUND_TPROXY_ROUTE_TABLE=
2022-06-13T02:22:32.028626949Z stdout F ISTIO_INBOUND_PORTS=
2022-06-13T02:22:32.028631186Z stdout F ISTIO_OUTBOUND_PORTS=
2022-06-13T02:22:32.02863967Z stdout F ISTIO_LOCAL_EXCLUDE_PORTS=
2022-06-13T02:22:32.028653427Z stdout F ISTIO_EXCLUDE_INTERFACES=
2022-06-13T02:22:32.028663015Z stdout F ISTIO_SERVICE_CIDR=
2022-06-13T02:22:32.028667713Z stdout F ISTIO_SERVICE_EXCLUDE_CIDR=
2022-06-13T02:22:32.028671718Z stdout F ISTIO_META_DNS_CAPTURE=
2022-06-13T02:22:32.028676001Z stdout F INVALID_DROP=
2022-06-13T02:22:32.028680712Z stdout F 
2022-06-13T02:22:32.028685024Z stdout F 2022-06-13T02:22:32.028187Z	info	Istio iptables variables:
2022-06-13T02:22:32.02869362Z stdout F PROXY_PORT=15001
2022-06-13T02:22:32.028701714Z stdout F PROXY_INBOUND_CAPTURE_PORT=15006
2022-06-13T02:22:32.02871178Z stdout F PROXY_TUNNEL_PORT=15008
2022-06-13T02:22:32.02871854Z stdout F PROXY_UID=1337
2022-06-13T02:22:32.028724246Z stdout F PROXY_GID=1337
2022-06-13T02:22:32.028727154Z stdout F INBOUND_INTERCEPTION_MODE=REDIRECT
2022-06-13T02:22:32.028729776Z stdout F INBOUND_TPROXY_MARK=1337
2022-06-13T02:22:32.028732199Z stdout F INBOUND_TPROXY_ROUTE_TABLE=133
2022-06-13T02:22:32.028734608Z stdout F INBOUND_PORTS_INCLUDE=*
2022-06-13T02:22:32.028737118Z stdout F INBOUND_PORTS_EXCLUDE=15090,15021,15020
2022-06-13T02:22:32.028739553Z stdout F OUTBOUND_IP_RANGES_INCLUDE=*
2022-06-13T02:22:32.028742241Z stdout F OUTBOUND_IP_RANGES_EXCLUDE=
2022-06-13T02:22:32.028744659Z stdout F OUTBOUND_PORTS_INCLUDE=
2022-06-13T02:22:32.028747065Z stdout F OUTBOUND_PORTS_EXCLUDE=
2022-06-13T02:22:32.028749544Z stdout F KUBE_VIRT_INTERFACES=
2022-06-13T02:22:32.028752023Z stdout F ENABLE_INBOUND_IPV6=false
2022-06-13T02:22:32.028754403Z stdout F DNS_CAPTURE=false
2022-06-13T02:22:32.028756868Z stdout F DROP_INVALID=false
2022-06-13T02:22:32.028759261Z stdout F CAPTURE_ALL_DNS=false
2022-06-13T02:22:32.028761954Z stdout F DNS_SERVERS=[],[]
2022-06-13T02:22:32.028764527Z stdout F OUTPUT_PATH=
2022-06-13T02:22:32.028766953Z stdout F NETWORK_NAMESPACE=
2022-06-13T02:22:32.028769474Z stdout F CNI_MODE=false
2022-06-13T02:22:32.028771951Z stdout F EXCLUDE_INTERFACES=
2022-06-13T02:22:32.028774228Z stdout F 
2022-06-13T02:22:32.028784409Z stdout F 2022-06-13T02:22:32.028503Z	info	Writing following contents to rules file: /tmp/iptables-rules-1655086952028282923.txt567775535
2022-06-13T02:22:32.028787603Z stdout F * nat
2022-06-13T02:22:32.02879015Z stdout F -N ISTIO_INBOUND
2022-06-13T02:22:32.028792615Z stdout F -N ISTIO_REDIRECT
2022-06-13T02:22:32.028795189Z stdout F -N ISTIO_IN_REDIRECT
2022-06-13T02:22:32.028798433Z stdout F -N ISTIO_OUTPUT
2022-06-13T02:22:32.028802084Z stdout F -A ISTIO_INBOUND -p tcp --dport 15008 -j RETURN
2022-06-13T02:22:32.02880458Z stdout F -A ISTIO_REDIRECT -p tcp -j REDIRECT --to-ports 15001
2022-06-13T02:22:32.028807159Z stdout F -A ISTIO_IN_REDIRECT -p tcp -j REDIRECT --to-ports 15006
2022-06-13T02:22:32.028809564Z stdout F -A PREROUTING -p tcp -j ISTIO_INBOUND
2022-06-13T02:22:32.028811973Z stdout F -A ISTIO_INBOUND -p tcp --dport 15090 -j RETURN
2022-06-13T02:22:32.02881436Z stdout F -A ISTIO_INBOUND -p tcp --dport 15021 -j RETURN
2022-06-13T02:22:32.028816939Z stdout F -A ISTIO_INBOUND -p tcp --dport 15020 -j RETURN
2022-06-13T02:22:32.028819331Z stdout F -A ISTIO_INBOUND -p tcp -j ISTIO_IN_REDIRECT
2022-06-13T02:22:32.028821741Z stdout F -A OUTPUT -p tcp -j ISTIO_OUTPUT
2022-06-13T02:22:32.028824118Z stdout F -A ISTIO_OUTPUT -o lo -s 127.0.0.6/32 -j RETURN
2022-06-13T02:22:32.028826834Z stdout F -A ISTIO_OUTPUT -o lo ! -d 127.0.0.1/32 -m owner --uid-owner 1337 -j ISTIO_IN_REDIRECT
2022-06-13T02:22:32.028829303Z stdout F -A ISTIO_OUTPUT -o lo -m owner ! --uid-owner 1337 -j RETURN
2022-06-13T02:22:32.028843688Z stdout F -A ISTIO_OUTPUT -m owner --uid-owner 1337 -j RETURN
2022-06-13T02:22:32.028857153Z stdout F -A ISTIO_OUTPUT -o lo ! -d 127.0.0.1/32 -m owner --gid-owner 1337 -j ISTIO_IN_REDIRECT
2022-06-13T02:22:32.028862127Z stdout F -A ISTIO_OUTPUT -o lo -m owner ! --gid-owner 1337 -j RETURN
2022-06-13T02:22:32.028866716Z stdout F -A ISTIO_OUTPUT -m owner --gid-owner 1337 -j RETURN
2022-06-13T02:22:32.028870661Z stdout F -A ISTIO_OUTPUT -d 127.0.0.1/32 -j RETURN
2022-06-13T02:22:32.028881124Z stdout F -A ISTIO_OUTPUT -j ISTIO_REDIRECT
2022-06-13T02:22:32.028887895Z stdout F COMMIT
2022-06-13T02:22:32.028894271Z stdout F 2022-06-13T02:22:32.028695Z	info	Running command: iptables-restore --noflush /tmp/iptables-rules-1655086952028282923.txt567775535
2022-06-13T02:22:32.036065665Z stdout F 2022-06-13T02:22:32.035656Z	info	Writing following contents to rules file: /tmp/ip6tables-rules-1655086952035542493.txt4000463742
2022-06-13T02:22:32.036089872Z stdout F 
2022-06-13T02:22:32.036104917Z stdout F 2022-06-13T02:22:32.035724Z	info	Running command: ip6tables-restore --noflush /tmp/ip6tables-rules-1655086952035542493.txt4000463742
2022-06-13T02:22:32.038359791Z stdout F 2022-06-13T02:22:32.038132Z	info	Running command: iptables-save 
2022-06-13T02:22:32.04439723Z stdout F 2022-06-13T02:22:32.042834Z	info	Command output: 
2022-06-13T02:22:32.044419436Z stdout F # Generated by iptables-save v1.8.4 on Mon Jun 13 02:22:32 2022
2022-06-13T02:22:32.044426018Z stdout F *nat
2022-06-13T02:22:32.044430979Z stdout F :PREROUTING ACCEPT [0:0]
2022-06-13T02:22:32.044434899Z stdout F :INPUT ACCEPT [0:0]
2022-06-13T02:22:32.044438487Z stdout F :OUTPUT ACCEPT [0:0]
2022-06-13T02:22:32.044442224Z stdout F :POSTROUTING ACCEPT [0:0]
2022-06-13T02:22:32.04444588Z stdout F :ISTIO_INBOUND - [0:0]
2022-06-13T02:22:32.044449612Z stdout F :ISTIO_IN_REDIRECT - [0:0]
2022-06-13T02:22:32.044453153Z stdout F :ISTIO_OUTPUT - [0:0]
2022-06-13T02:22:32.0444567Z stdout F :ISTIO_REDIRECT - [0:0]
2022-06-13T02:22:32.044461024Z stdout F -A PREROUTING -p tcp -j ISTIO_INBOUND
2022-06-13T02:22:32.044465071Z stdout F -A OUTPUT -p tcp -j ISTIO_OUTPUT
2022-06-13T02:22:32.044468587Z stdout F -A ISTIO_INBOUND -p tcp -m tcp --dport 15008 -j RETURN
2022-06-13T02:22:32.044472267Z stdout F -A ISTIO_INBOUND -p tcp -m tcp --dport 15090 -j RETURN
2022-06-13T02:22:32.044475936Z stdout F -A ISTIO_INBOUND -p tcp -m tcp --dport 15021 -j RETURN
2022-06-13T02:22:32.044480161Z stdout F -A ISTIO_INBOUND -p tcp -m tcp --dport 15020 -j RETURN
2022-06-13T02:22:32.044484146Z stdout F -A ISTIO_INBOUND -p tcp -j ISTIO_IN_REDIRECT
2022-06-13T02:22:32.044488218Z stdout F -A ISTIO_IN_REDIRECT -p tcp -j REDIRECT --to-ports 15006
2022-06-13T02:22:32.044491903Z stdout F -A ISTIO_OUTPUT -s 127.0.0.6/32 -o lo -j RETURN
2022-06-13T02:22:32.044495739Z stdout F -A ISTIO_OUTPUT ! -d 127.0.0.1/32 -o lo -m owner --uid-owner 1337 -j ISTIO_IN_REDIRECT
2022-06-13T02:22:32.044499511Z stdout F -A ISTIO_OUTPUT -o lo -m owner ! --uid-owner 1337 -j RETURN
2022-06-13T02:22:32.044503154Z stdout F -A ISTIO_OUTPUT -m owner --uid-owner 1337 -j RETURN
2022-06-13T02:22:32.044506647Z stdout F -A ISTIO_OUTPUT ! -d 127.0.0.1/32 -o lo -m owner --gid-owner 1337 -j ISTIO_IN_REDIRECT
2022-06-13T02:22:32.044512801Z stdout F -A ISTIO_OUTPUT -o lo -m owner ! --gid-owner 1337 -j RETURN
2022-06-13T02:22:32.044523842Z stdout F -A ISTIO_OUTPUT -m owner --gid-owner 1337 -j RETURN
2022-06-13T02:22:32.04453329Z stdout F -A ISTIO_OUTPUT -d 127.0.0.1/32 -j RETURN
2022-06-13T02:22:32.044538297Z stdout F -A ISTIO_OUTPUT -j ISTIO_REDIRECT
2022-06-13T02:22:32.044542795Z stdout F -A ISTIO_REDIRECT -p tcp -j REDIRECT --to-ports 15001
2022-06-13T02:22:32.044547074Z stdout F COMMIT
2022-06-13T02:22:32.0445515Z stdout F # Completed on Mon Jun 13 02:22:32 2022
2022-06-13T02:22:32.044555637Z stdout F 
