2022-05-09T11:47:42.118697562Z stdout F 2022-05-09T11:47:42.118256Z	info	Istio iptables environment:
2022-05-09T11:47:42.118742201Z stdout F ENVOY_PORT=
2022-05-09T11:47:42.118751031Z stdout F INBOUND_CAPTURE_PORT=
2022-05-09T11:47:42.118756414Z stdout F ISTIO_INBOUND_INTERCEPTION_MODE=
2022-05-09T11:47:42.118761773Z stdout F ISTIO_INBOUND_TPROXY_ROUTE_TABLE=
2022-05-09T11:47:42.118766502Z stdout F ISTIO_INBOUND_PORTS=
2022-05-09T11:47:42.118770795Z stdout F ISTIO_OUTBOUND_PORTS=
2022-05-09T11:47:42.118775047Z stdout F ISTIO_LOCAL_EXCLUDE_PORTS=
2022-05-09T11:47:42.118779292Z stdout F ISTIO_EXCLUDE_INTERFACES=
2022-05-09T11:47:42.118783538Z stdout F ISTIO_SERVICE_CIDR=
2022-05-09T11:47:42.118787881Z stdout F ISTIO_SERVICE_EXCLUDE_CIDR=
2022-05-09T11:47:42.118792261Z stdout F ISTIO_META_DNS_CAPTURE=
2022-05-09T11:47:42.118796388Z stdout F INVALID_DROP=
2022-05-09T11:47:42.118800451Z stdout F 
2022-05-09T11:47:42.118804941Z stdout F 2022-05-09T11:47:42.118340Z	info	Istio iptables variables:
2022-05-09T11:47:42.118809379Z stdout F PROXY_PORT=15001
2022-05-09T11:47:42.118813727Z stdout F PROXY_INBOUND_CAPTURE_PORT=15006
2022-05-09T11:47:42.118817915Z stdout F PROXY_TUNNEL_PORT=15008
2022-05-09T11:47:42.118822045Z stdout F PROXY_UID=1337
2022-05-09T11:47:42.118826367Z stdout F PROXY_GID=1337
2022-05-09T11:47:42.118830685Z stdout F INBOUND_INTERCEPTION_MODE=REDIRECT
2022-05-09T11:47:42.118834993Z stdout F INBOUND_TPROXY_MARK=1337
2022-05-09T11:47:42.118839274Z stdout F INBOUND_TPROXY_ROUTE_TABLE=133
2022-05-09T11:47:42.118843486Z stdout F INBOUND_PORTS_INCLUDE=*
2022-05-09T11:47:42.118847823Z stdout F INBOUND_PORTS_EXCLUDE=15090,15021,15020
2022-05-09T11:47:42.118852096Z stdout F OUTBOUND_IP_RANGES_INCLUDE=*
2022-05-09T11:47:42.11885639Z stdout F OUTBOUND_IP_RANGES_EXCLUDE=
2022-05-09T11:47:42.11886087Z stdout F OUTBOUND_PORTS_INCLUDE=
2022-05-09T11:47:42.11886933Z stdout F OUTBOUND_PORTS_EXCLUDE=
2022-05-09T11:47:42.11887405Z stdout F KUBE_VIRT_INTERFACES=
2022-05-09T11:47:42.118878406Z stdout F ENABLE_INBOUND_IPV6=false
2022-05-09T11:47:42.118882614Z stdout F DNS_CAPTURE=false
2022-05-09T11:47:42.118886756Z stdout F DROP_INVALID=false
2022-05-09T11:47:42.118891023Z stdout F CAPTURE_ALL_DNS=false
2022-05-09T11:47:42.11889524Z stdout F DNS_SERVERS=[],[]
2022-05-09T11:47:42.118899826Z stdout F OUTPUT_PATH=
2022-05-09T11:47:42.118904152Z stdout F NETWORK_NAMESPACE=
2022-05-09T11:47:42.118908556Z stdout F CNI_MODE=false
2022-05-09T11:47:42.118912924Z stdout F EXCLUDE_INTERFACES=
2022-05-09T11:47:42.118916961Z stdout F 
2022-05-09T11:47:42.118971409Z stdout F 2022-05-09T11:47:42.118621Z	info	Writing following contents to rules file: /tmp/iptables-rules-1652096862118385096.txt3499809775
2022-05-09T11:47:42.118980015Z stdout F * nat
2022-05-09T11:47:42.118984857Z stdout F -N ISTIO_INBOUND
2022-05-09T11:47:42.11898919Z stdout F -N ISTIO_REDIRECT
2022-05-09T11:47:42.118993487Z stdout F -N ISTIO_IN_REDIRECT
2022-05-09T11:47:42.118997842Z stdout F -N ISTIO_OUTPUT
2022-05-09T11:47:42.119002554Z stdout F -A ISTIO_INBOUND -p tcp --dport 15008 -j RETURN
2022-05-09T11:47:42.119007249Z stdout F -A ISTIO_REDIRECT -p tcp -j REDIRECT --to-ports 15001
2022-05-09T11:47:42.119011441Z stdout F -A ISTIO_IN_REDIRECT -p tcp -j REDIRECT --to-ports 15006
2022-05-09T11:47:42.119015706Z stdout F -A PREROUTING -p tcp -j ISTIO_INBOUND
2022-05-09T11:47:42.119019856Z stdout F -A ISTIO_INBOUND -p tcp --dport 15090 -j RETURN
2022-05-09T11:47:42.119024196Z stdout F -A ISTIO_INBOUND -p tcp --dport 15021 -j RETURN
2022-05-09T11:47:42.11902848Z stdout F -A ISTIO_INBOUND -p tcp --dport 15020 -j RETURN
2022-05-09T11:47:42.119032687Z stdout F -A ISTIO_INBOUND -p tcp -j ISTIO_IN_REDIRECT
2022-05-09T11:47:42.119036832Z stdout F -A OUTPUT -p tcp -j ISTIO_OUTPUT
2022-05-09T11:47:42.119041257Z stdout F -A ISTIO_OUTPUT -o lo -s 127.0.0.6/32 -j RETURN
2022-05-09T11:47:42.119048578Z stdout F -A ISTIO_OUTPUT -o lo ! -d 127.0.0.1/32 -m owner --uid-owner 1337 -j ISTIO_IN_REDIRECT
2022-05-09T11:47:42.11905324Z stdout F -A ISTIO_OUTPUT -o lo -m owner ! --uid-owner 1337 -j RETURN
2022-05-09T11:47:42.119059726Z stdout F -A ISTIO_OUTPUT -m owner --uid-owner 1337 -j RETURN
2022-05-09T11:47:42.11907415Z stdout F -A ISTIO_OUTPUT -o lo ! -d 127.0.0.1/32 -m owner --gid-owner 1337 -j ISTIO_IN_REDIRECT
2022-05-09T11:47:42.11907922Z stdout F -A ISTIO_OUTPUT -o lo -m owner ! --gid-owner 1337 -j RETURN
2022-05-09T11:47:42.119083565Z stdout F -A ISTIO_OUTPUT -m owner --gid-owner 1337 -j RETURN
2022-05-09T11:47:42.119087817Z stdout F -A ISTIO_OUTPUT -d 127.0.0.1/32 -j RETURN
2022-05-09T11:47:42.119092197Z stdout F -A ISTIO_OUTPUT -j ISTIO_REDIRECT
2022-05-09T11:47:42.119096666Z stdout F COMMIT
2022-05-09T11:47:42.119102919Z stdout F 2022-05-09T11:47:42.118718Z	info	Running command: iptables-restore --noflush /tmp/iptables-rules-1652096862118385096.txt3499809775
2022-05-09T11:47:42.124001701Z stdout F 2022-05-09T11:47:42.123725Z	info	Writing following contents to rules file: /tmp/ip6tables-rules-1652096862123631157.txt1869593701
2022-05-09T11:47:42.124024648Z stdout F 
2022-05-09T11:47:42.124029923Z stdout F 2022-05-09T11:47:42.123800Z	info	Running command: ip6tables-restore --noflush /tmp/ip6tables-rules-1652096862123631157.txt1869593701
2022-05-09T11:47:42.129426549Z stdout F 2022-05-09T11:47:42.129158Z	info	Running command: iptables-save 
2022-05-09T11:47:42.139357193Z stdout F 2022-05-09T11:47:42.138835Z	info	Command output: 
2022-05-09T11:47:42.13939665Z stdout F # Generated by iptables-save v1.8.4 on Mon May  9 11:47:42 2022
2022-05-09T11:47:42.139404085Z stdout F *nat
2022-05-09T11:47:42.139410508Z stdout F :PREROUTING ACCEPT [0:0]
2022-05-09T11:47:42.139415841Z stdout F :INPUT ACCEPT [0:0]
2022-05-09T11:47:42.139421175Z stdout F :OUTPUT ACCEPT [0:0]
2022-05-09T11:47:42.139426917Z stdout F :POSTROUTING ACCEPT [0:0]
2022-05-09T11:47:42.139432199Z stdout F :ISTIO_INBOUND - [0:0]
2022-05-09T11:47:42.139437442Z stdout F :ISTIO_IN_REDIRECT - [0:0]
2022-05-09T11:47:42.139442625Z stdout F :ISTIO_OUTPUT - [0:0]
2022-05-09T11:47:42.139448052Z stdout F :ISTIO_REDIRECT - [0:0]
2022-05-09T11:47:42.139454129Z stdout F -A PREROUTING -p tcp -j ISTIO_INBOUND
2022-05-09T11:47:42.139459451Z stdout F -A OUTPUT -p tcp -j ISTIO_OUTPUT
2022-05-09T11:47:42.139468049Z stdout F -A ISTIO_INBOUND -p tcp -m tcp --dport 15008 -j RETURN
2022-05-09T11:47:42.139473486Z stdout F -A ISTIO_INBOUND -p tcp -m tcp --dport 15090 -j RETURN
2022-05-09T11:47:42.13947878Z stdout F -A ISTIO_INBOUND -p tcp -m tcp --dport 15021 -j RETURN
2022-05-09T11:47:42.139484052Z stdout F -A ISTIO_INBOUND -p tcp -m tcp --dport 15020 -j RETURN
2022-05-09T11:47:42.139489188Z stdout F -A ISTIO_INBOUND -p tcp -j ISTIO_IN_REDIRECT
2022-05-09T11:47:42.139494422Z stdout F -A ISTIO_IN_REDIRECT -p tcp -j REDIRECT --to-ports 15006
2022-05-09T11:47:42.139499604Z stdout F -A ISTIO_OUTPUT -s 127.0.0.6/32 -o lo -j RETURN
2022-05-09T11:47:42.139505353Z stdout F -A ISTIO_OUTPUT ! -d 127.0.0.1/32 -o lo -m owner --uid-owner 1337 -j ISTIO_IN_REDIRECT
2022-05-09T11:47:42.139513299Z stdout F -A ISTIO_OUTPUT -o lo -m owner ! --uid-owner 1337 -j RETURN
2022-05-09T11:47:42.139521449Z stdout F -A ISTIO_OUTPUT -m owner --uid-owner 1337 -j RETURN
2022-05-09T11:47:42.13956982Z stdout F -A ISTIO_OUTPUT ! -d 127.0.0.1/32 -o lo -m owner --gid-owner 1337 -j ISTIO_IN_REDIRECT
2022-05-09T11:47:42.139573192Z stdout F -A ISTIO_OUTPUT -o lo -m owner ! --gid-owner 1337 -j RETURN
2022-05-09T11:47:42.139576326Z stdout F -A ISTIO_OUTPUT -m owner --gid-owner 1337 -j RETURN
2022-05-09T11:47:42.139578995Z stdout F -A ISTIO_OUTPUT -d 127.0.0.1/32 -j RETURN
2022-05-09T11:47:42.139581582Z stdout F -A ISTIO_OUTPUT -j ISTIO_REDIRECT
2022-05-09T11:47:42.139584164Z stdout F -A ISTIO_REDIRECT -p tcp -j REDIRECT --to-ports 15001
2022-05-09T11:47:42.139587149Z stdout F COMMIT
2022-05-09T11:47:42.139589872Z stdout F # Completed on Mon May  9 11:47:42 2022
2022-05-09T11:47:42.139592335Z stdout F 
