2022-04-30T04:28:40.280706636Z stdout F 2022-04-30T04:28:40.280404Z	info	Istio iptables environment:
2022-04-30T04:28:40.280746509Z stdout F ENVOY_PORT=
2022-04-30T04:28:40.280753582Z stdout F INBOUND_CAPTURE_PORT=
2022-04-30T04:28:40.280758017Z stdout F ISTIO_INBOUND_INTERCEPTION_MODE=
2022-04-30T04:28:40.280762109Z stdout F ISTIO_INBOUND_TPROXY_ROUTE_TABLE=
2022-04-30T04:28:40.280765648Z stdout F ISTIO_INBOUND_PORTS=
2022-04-30T04:28:40.280769103Z stdout F ISTIO_OUTBOUND_PORTS=
2022-04-30T04:28:40.280772554Z stdout F ISTIO_LOCAL_EXCLUDE_PORTS=
2022-04-30T04:28:40.280776086Z stdout F ISTIO_EXCLUDE_INTERFACES=
2022-04-30T04:28:40.280779436Z stdout F ISTIO_SERVICE_CIDR=
2022-04-30T04:28:40.280783163Z stdout F ISTIO_SERVICE_EXCLUDE_CIDR=
2022-04-30T04:28:40.280786601Z stdout F ISTIO_META_DNS_CAPTURE=
2022-04-30T04:28:40.280789992Z stdout F INVALID_DROP=
2022-04-30T04:28:40.280793277Z stdout F 
2022-04-30T04:28:40.280796796Z stdout F 2022-04-30T04:28:40.280488Z	info	Istio iptables variables:
2022-04-30T04:28:40.280800252Z stdout F PROXY_PORT=15001
2022-04-30T04:28:40.280803725Z stdout F PROXY_INBOUND_CAPTURE_PORT=15006
2022-04-30T04:28:40.280807158Z stdout F PROXY_TUNNEL_PORT=15008
2022-04-30T04:28:40.280810696Z stdout F PROXY_UID=1337
2022-04-30T04:28:40.280814504Z stdout F PROXY_GID=1337
2022-04-30T04:28:40.280818401Z stdout F INBOUND_INTERCEPTION_MODE=REDIRECT
2022-04-30T04:28:40.280821845Z stdout F INBOUND_TPROXY_MARK=1337
2022-04-30T04:28:40.280825245Z stdout F INBOUND_TPROXY_ROUTE_TABLE=133
2022-04-30T04:28:40.280828571Z stdout F INBOUND_PORTS_INCLUDE=*
2022-04-30T04:28:40.2808319Z stdout F INBOUND_PORTS_EXCLUDE=15090,15021,15020
2022-04-30T04:28:40.280835334Z stdout F OUTBOUND_IP_RANGES_INCLUDE=*
2022-04-30T04:28:40.280838624Z stdout F OUTBOUND_IP_RANGES_EXCLUDE=
2022-04-30T04:28:40.280897Z stdout F OUTBOUND_PORTS_INCLUDE=
2022-04-30T04:28:40.280909515Z stdout F OUTBOUND_PORTS_EXCLUDE=
2022-04-30T04:28:40.280913419Z stdout F KUBE_VIRT_INTERFACES=
2022-04-30T04:28:40.2809169Z stdout F ENABLE_INBOUND_IPV6=false
2022-04-30T04:28:40.280920316Z stdout F DNS_CAPTURE=false
2022-04-30T04:28:40.280923769Z stdout F DROP_INVALID=false
2022-04-30T04:28:40.280927151Z stdout F CAPTURE_ALL_DNS=false
2022-04-30T04:28:40.280930615Z stdout F DNS_SERVERS=[],[]
2022-04-30T04:28:40.280934159Z stdout F OUTPUT_PATH=
2022-04-30T04:28:40.280938297Z stdout F NETWORK_NAMESPACE=
2022-04-30T04:28:40.280941798Z stdout F CNI_MODE=false
2022-04-30T04:28:40.28094536Z stdout F EXCLUDE_INTERFACES=
2022-04-30T04:28:40.280948659Z stdout F 
2022-04-30T04:28:40.280964628Z stdout F 2022-04-30T04:28:40.280745Z	info	Writing following contents to rules file: /tmp/iptables-rules-1651292920280541619.txt4294706464
2022-04-30T04:28:40.280969282Z stdout F * nat
2022-04-30T04:28:40.280972826Z stdout F -N ISTIO_INBOUND
2022-04-30T04:28:40.280976188Z stdout F -N ISTIO_REDIRECT
2022-04-30T04:28:40.280979623Z stdout F -N ISTIO_IN_REDIRECT
2022-04-30T04:28:40.28098305Z stdout F -N ISTIO_OUTPUT
2022-04-30T04:28:40.280986616Z stdout F -A ISTIO_INBOUND -p tcp --dport 15008 -j RETURN
2022-04-30T04:28:40.280990281Z stdout F -A ISTIO_REDIRECT -p tcp -j REDIRECT --to-ports 15001
2022-04-30T04:28:40.280993787Z stdout F -A ISTIO_IN_REDIRECT -p tcp -j REDIRECT --to-ports 15006
2022-04-30T04:28:40.280997166Z stdout F -A PREROUTING -p tcp -j ISTIO_INBOUND
2022-04-30T04:28:40.281000651Z stdout F -A ISTIO_INBOUND -p tcp --dport 15090 -j RETURN
2022-04-30T04:28:40.281004203Z stdout F -A ISTIO_INBOUND -p tcp --dport 15021 -j RETURN
2022-04-30T04:28:40.281008312Z stdout F -A ISTIO_INBOUND -p tcp --dport 15020 -j RETURN
2022-04-30T04:28:40.281011806Z stdout F -A ISTIO_INBOUND -p tcp -j ISTIO_IN_REDIRECT
2022-04-30T04:28:40.281015315Z stdout F -A OUTPUT -p tcp -j ISTIO_OUTPUT
2022-04-30T04:28:40.281018989Z stdout F -A ISTIO_OUTPUT -o lo -s 127.0.0.6/32 -j RETURN
2022-04-30T04:28:40.281023428Z stdout F -A ISTIO_OUTPUT -o lo ! -d 127.0.0.1/32 -m owner --uid-owner 1337 -j ISTIO_IN_REDIRECT
2022-04-30T04:28:40.281026974Z stdout F -A ISTIO_OUTPUT -o lo -m owner ! --uid-owner 1337 -j RETURN
2022-04-30T04:28:40.28103043Z stdout F -A ISTIO_OUTPUT -m owner --uid-owner 1337 -j RETURN
2022-04-30T04:28:40.281044988Z stdout F -A ISTIO_OUTPUT -o lo ! -d 127.0.0.1/32 -m owner --gid-owner 1337 -j ISTIO_IN_REDIRECT
2022-04-30T04:28:40.281049023Z stdout F -A ISTIO_OUTPUT -o lo -m owner ! --gid-owner 1337 -j RETURN
2022-04-30T04:28:40.281052432Z stdout F -A ISTIO_OUTPUT -m owner --gid-owner 1337 -j RETURN
2022-04-30T04:28:40.2810559Z stdout F -A ISTIO_OUTPUT -d 127.0.0.1/32 -j RETURN
2022-04-30T04:28:40.281059312Z stdout F -A ISTIO_OUTPUT -j ISTIO_REDIRECT
2022-04-30T04:28:40.281062864Z stdout F COMMIT
2022-04-30T04:28:40.281071902Z stdout F 2022-04-30T04:28:40.280839Z	info	Running command: iptables-restore --noflush /tmp/iptables-rules-1651292920280541619.txt4294706464
2022-04-30T04:28:40.28654861Z stdout F 2022-04-30T04:28:40.286100Z	info	Writing following contents to rules file: /tmp/ip6tables-rules-1651292920286019024.txt3463037646
2022-04-30T04:28:40.286576911Z stdout F 
2022-04-30T04:28:40.286583187Z stdout F 2022-04-30T04:28:40.286236Z	info	Running command: ip6tables-restore --noflush /tmp/ip6tables-rules-1651292920286019024.txt3463037646
2022-04-30T04:28:40.310257385Z stdout F 2022-04-30T04:28:40.310096Z	info	Running command: iptables-save 
2022-04-30T04:28:40.315203684Z stdout F 2022-04-30T04:28:40.314496Z	info	Command output: 
2022-04-30T04:28:40.315236193Z stdout F # Generated by iptables-save v1.8.4 on Sat Apr 30 04:28:40 2022
2022-04-30T04:28:40.315246903Z stdout F *nat
2022-04-30T04:28:40.315255183Z stdout F :PREROUTING ACCEPT [0:0]
2022-04-30T04:28:40.315261546Z stdout F :INPUT ACCEPT [0:0]
2022-04-30T04:28:40.315267357Z stdout F :OUTPUT ACCEPT [0:0]
2022-04-30T04:28:40.315273602Z stdout F :POSTROUTING ACCEPT [0:0]
2022-04-30T04:28:40.315279324Z stdout F :ISTIO_INBOUND - [0:0]
2022-04-30T04:28:40.315285207Z stdout F :ISTIO_IN_REDIRECT - [0:0]
2022-04-30T04:28:40.315291017Z stdout F :ISTIO_OUTPUT - [0:0]
2022-04-30T04:28:40.315296643Z stdout F :ISTIO_REDIRECT - [0:0]
2022-04-30T04:28:40.315302869Z stdout F -A PREROUTING -p tcp -j ISTIO_INBOUND
2022-04-30T04:28:40.315316538Z stdout F -A OUTPUT -p tcp -j ISTIO_OUTPUT
2022-04-30T04:28:40.315325495Z stdout F -A ISTIO_INBOUND -p tcp -m tcp --dport 15008 -j RETURN
2022-04-30T04:28:40.315329976Z stdout F -A ISTIO_INBOUND -p tcp -m tcp --dport 15090 -j RETURN
2022-04-30T04:28:40.315333636Z stdout F -A ISTIO_INBOUND -p tcp -m tcp --dport 15021 -j RETURN
2022-04-30T04:28:40.315336971Z stdout F -A ISTIO_INBOUND -p tcp -m tcp --dport 15020 -j RETURN
2022-04-30T04:28:40.315340381Z stdout F -A ISTIO_INBOUND -p tcp -j ISTIO_IN_REDIRECT
2022-04-30T04:28:40.315343787Z stdout F -A ISTIO_IN_REDIRECT -p tcp -j REDIRECT --to-ports 15006
2022-04-30T04:28:40.315347113Z stdout F -A ISTIO_OUTPUT -s 127.0.0.6/32 -o lo -j RETURN
2022-04-30T04:28:40.315351346Z stdout F -A ISTIO_OUTPUT ! -d 127.0.0.1/32 -o lo -m owner --uid-owner 1337 -j ISTIO_IN_REDIRECT
2022-04-30T04:28:40.315354763Z stdout F -A ISTIO_OUTPUT -o lo -m owner ! --uid-owner 1337 -j RETURN
2022-04-30T04:28:40.315358159Z stdout F -A ISTIO_OUTPUT -m owner --uid-owner 1337 -j RETURN
2022-04-30T04:28:40.315361569Z stdout F -A ISTIO_OUTPUT ! -d 127.0.0.1/32 -o lo -m owner --gid-owner 1337 -j ISTIO_IN_REDIRECT
2022-04-30T04:28:40.315364927Z stdout F -A ISTIO_OUTPUT -o lo -m owner ! --gid-owner 1337 -j RETURN
2022-04-30T04:28:40.315368321Z stdout F -A ISTIO_OUTPUT -m owner --gid-owner 1337 -j RETURN
2022-04-30T04:28:40.315371697Z stdout F -A ISTIO_OUTPUT -d 127.0.0.1/32 -j RETURN
2022-04-30T04:28:40.315375106Z stdout F -A ISTIO_OUTPUT -j ISTIO_REDIRECT
2022-04-30T04:28:40.315378474Z stdout F -A ISTIO_REDIRECT -p tcp -j REDIRECT --to-ports 15001
2022-04-30T04:28:40.315381958Z stdout F COMMIT
2022-04-30T04:28:40.315385484Z stdout F # Completed on Sat Apr 30 04:28:40 2022
2022-04-30T04:28:40.315388825Z stdout F 
