2022-05-09T21:45:57.351960665Z stdout F 2022-05-09T21:45:57.350279Z	info	Istio iptables environment:
2022-05-09T21:45:57.352014269Z stdout F ENVOY_PORT=
2022-05-09T21:45:57.352086844Z stdout F INBOUND_CAPTURE_PORT=
2022-05-09T21:45:57.352106243Z stdout F ISTIO_INBOUND_INTERCEPTION_MODE=
2022-05-09T21:45:57.352112267Z stdout F ISTIO_INBOUND_TPROXY_ROUTE_TABLE=
2022-05-09T21:45:57.352116673Z stdout F ISTIO_INBOUND_PORTS=
2022-05-09T21:45:57.352120958Z stdout F ISTIO_OUTBOUND_PORTS=
2022-05-09T21:45:57.352125163Z stdout F ISTIO_LOCAL_EXCLUDE_PORTS=
2022-05-09T21:45:57.352129394Z stdout F ISTIO_EXCLUDE_INTERFACES=
2022-05-09T21:45:57.352133576Z stdout F ISTIO_SERVICE_CIDR=
2022-05-09T21:45:57.352137839Z stdout F ISTIO_SERVICE_EXCLUDE_CIDR=
2022-05-09T21:45:57.35214204Z stdout F ISTIO_META_DNS_CAPTURE=
2022-05-09T21:45:57.35214688Z stdout F INVALID_DROP=
2022-05-09T21:45:57.352150895Z stdout F 
2022-05-09T21:45:57.352155417Z stdout F 2022-05-09T21:45:57.350438Z	info	Istio iptables variables:
2022-05-09T21:45:57.352159727Z stdout F PROXY_PORT=15001
2022-05-09T21:45:57.352164018Z stdout F PROXY_INBOUND_CAPTURE_PORT=15006
2022-05-09T21:45:57.352168301Z stdout F PROXY_TUNNEL_PORT=15008
2022-05-09T21:45:57.352172534Z stdout F PROXY_UID=1337
2022-05-09T21:45:57.352176808Z stdout F PROXY_GID=1337
2022-05-09T21:45:57.352181111Z stdout F INBOUND_INTERCEPTION_MODE=REDIRECT
2022-05-09T21:45:57.352185358Z stdout F INBOUND_TPROXY_MARK=1337
2022-05-09T21:45:57.352189586Z stdout F INBOUND_TPROXY_ROUTE_TABLE=133
2022-05-09T21:45:57.352195571Z stdout F INBOUND_PORTS_INCLUDE=*
2022-05-09T21:45:57.352205735Z stdout F INBOUND_PORTS_EXCLUDE=15090,15021,15020
2022-05-09T21:45:57.352210767Z stdout F OUTBOUND_IP_RANGES_INCLUDE=*
2022-05-09T21:45:57.352215038Z stdout F OUTBOUND_IP_RANGES_EXCLUDE=
2022-05-09T21:45:57.352219233Z stdout F OUTBOUND_PORTS_INCLUDE=
2022-05-09T21:45:57.352223414Z stdout F OUTBOUND_PORTS_EXCLUDE=
2022-05-09T21:45:57.352227606Z stdout F KUBE_VIRT_INTERFACES=
2022-05-09T21:45:57.352231872Z stdout F ENABLE_INBOUND_IPV6=false
2022-05-09T21:45:57.352250349Z stdout F DNS_CAPTURE=false
2022-05-09T21:45:57.352259749Z stdout F DROP_INVALID=false
2022-05-09T21:45:57.352264294Z stdout F CAPTURE_ALL_DNS=false
2022-05-09T21:45:57.352268546Z stdout F DNS_SERVERS=[],[]
2022-05-09T21:45:57.35227287Z stdout F OUTPUT_PATH=
2022-05-09T21:45:57.352277113Z stdout F NETWORK_NAMESPACE=
2022-05-09T21:45:57.352281337Z stdout F CNI_MODE=false
2022-05-09T21:45:57.352285647Z stdout F EXCLUDE_INTERFACES=
2022-05-09T21:45:57.352289623Z stdout F 
2022-05-09T21:45:57.354021321Z stdout F 2022-05-09T21:45:57.351012Z	info	Writing following contents to rules file: /tmp/iptables-rules-1652132757350730801.txt3357565655
2022-05-09T21:45:57.354066455Z stdout F * nat
2022-05-09T21:45:57.354079819Z stdout F -N ISTIO_INBOUND
2022-05-09T21:45:57.354086619Z stdout F -N ISTIO_REDIRECT
2022-05-09T21:45:57.354091689Z stdout F -N ISTIO_IN_REDIRECT
2022-05-09T21:45:57.354096661Z stdout F -N ISTIO_OUTPUT
2022-05-09T21:45:57.354101981Z stdout F -A ISTIO_INBOUND -p tcp --dport 15008 -j RETURN
2022-05-09T21:45:57.354107228Z stdout F -A ISTIO_REDIRECT -p tcp -j REDIRECT --to-ports 15001
2022-05-09T21:45:57.354112238Z stdout F -A ISTIO_IN_REDIRECT -p tcp -j REDIRECT --to-ports 15006
2022-05-09T21:45:57.354116679Z stdout F -A PREROUTING -p tcp -j ISTIO_INBOUND
2022-05-09T21:45:57.354121297Z stdout F -A ISTIO_INBOUND -p tcp --dport 15090 -j RETURN
2022-05-09T21:45:57.354128777Z stdout F -A ISTIO_INBOUND -p tcp --dport 15021 -j RETURN
2022-05-09T21:45:57.354138083Z stdout F -A ISTIO_INBOUND -p tcp --dport 15020 -j RETURN
2022-05-09T21:45:57.354143147Z stdout F -A ISTIO_INBOUND -p tcp -j ISTIO_IN_REDIRECT
2022-05-09T21:45:57.354148582Z stdout F -A OUTPUT -p tcp -j ISTIO_OUTPUT
2022-05-09T21:45:57.354153096Z stdout F -A ISTIO_OUTPUT -o lo -s 127.0.0.6/32 -j RETURN
2022-05-09T21:45:57.354158237Z stdout F -A ISTIO_OUTPUT -o lo ! -d 127.0.0.1/32 -m owner --uid-owner 1337 -j ISTIO_IN_REDIRECT
2022-05-09T21:45:57.354163004Z stdout F -A ISTIO_OUTPUT -o lo -m owner ! --uid-owner 1337 -j RETURN
2022-05-09T21:45:57.354185157Z stdout F -A ISTIO_OUTPUT -m owner --uid-owner 1337 -j RETURN
2022-05-09T21:45:57.354190845Z stdout F -A ISTIO_OUTPUT -o lo ! -d 127.0.0.1/32 -m owner --gid-owner 1337 -j ISTIO_IN_REDIRECT
2022-05-09T21:45:57.354195912Z stdout F -A ISTIO_OUTPUT -o lo -m owner ! --gid-owner 1337 -j RETURN
2022-05-09T21:45:57.35421286Z stdout F -A ISTIO_OUTPUT -m owner --gid-owner 1337 -j RETURN
2022-05-09T21:45:57.354235391Z stdout F -A ISTIO_OUTPUT -d 127.0.0.1/32 -j RETURN
2022-05-09T21:45:57.354241411Z stdout F -A ISTIO_OUTPUT -j ISTIO_REDIRECT
2022-05-09T21:45:57.354247142Z stdout F COMMIT
2022-05-09T21:45:57.354253148Z stdout F 2022-05-09T21:45:57.351125Z	info	Running command: iptables-restore --noflush /tmp/iptables-rules-1652132757350730801.txt3357565655
2022-05-09T21:45:57.383976703Z stdout F 2022-05-09T21:45:57.380900Z	info	Writing following contents to rules file: /tmp/ip6tables-rules-1652132757380787293.txt1433918138
2022-05-09T21:45:57.386720587Z stdout F 
2022-05-09T21:45:57.387326666Z stdout F 2022-05-09T21:45:57.381009Z	info	Running command: ip6tables-restore --noflush /tmp/ip6tables-rules-1652132757380787293.txt1433918138
2022-05-09T21:45:57.387783288Z stdout F 2022-05-09T21:45:57.386780Z	info	Running command: iptables-save 
2022-05-09T21:45:57.39584309Z stdout F 2022-05-09T21:45:57.394448Z	info	Command output: 
2022-05-09T21:45:57.395876608Z stdout F # Generated by iptables-save v1.8.4 on Mon May  9 21:45:57 2022
2022-05-09T21:45:57.395883921Z stdout F *nat
2022-05-09T21:45:57.395890061Z stdout F :PREROUTING ACCEPT [0:0]
2022-05-09T21:45:57.395894371Z stdout F :INPUT ACCEPT [0:0]
2022-05-09T21:45:57.395898551Z stdout F :OUTPUT ACCEPT [0:0]
2022-05-09T21:45:57.395903792Z stdout F :POSTROUTING ACCEPT [0:0]
2022-05-09T21:45:57.395907961Z stdout F :ISTIO_INBOUND - [0:0]
2022-05-09T21:45:57.395912155Z stdout F :ISTIO_IN_REDIRECT - [0:0]
2022-05-09T21:45:57.39591629Z stdout F :ISTIO_OUTPUT - [0:0]
2022-05-09T21:45:57.395920454Z stdout F :ISTIO_REDIRECT - [0:0]
2022-05-09T21:45:57.395925836Z stdout F -A PREROUTING -p tcp -j ISTIO_INBOUND
2022-05-09T21:45:57.395930063Z stdout F -A OUTPUT -p tcp -j ISTIO_OUTPUT
2022-05-09T21:45:57.395938623Z stdout F -A ISTIO_INBOUND -p tcp -m tcp --dport 15008 -j RETURN
2022-05-09T21:45:57.395946791Z stdout F -A ISTIO_INBOUND -p tcp -m tcp --dport 15090 -j RETURN
2022-05-09T21:45:57.395951483Z stdout F -A ISTIO_INBOUND -p tcp -m tcp --dport 15021 -j RETURN
2022-05-09T21:45:57.395955547Z stdout F -A ISTIO_INBOUND -p tcp -m tcp --dport 15020 -j RETURN
2022-05-09T21:45:57.395959595Z stdout F -A ISTIO_INBOUND -p tcp -j ISTIO_IN_REDIRECT
2022-05-09T21:45:57.395963713Z stdout F -A ISTIO_IN_REDIRECT -p tcp -j REDIRECT --to-ports 15006
2022-05-09T21:45:57.3959678Z stdout F -A ISTIO_OUTPUT -s 127.0.0.6/32 -o lo -j RETURN
2022-05-09T21:45:57.39597248Z stdout F -A ISTIO_OUTPUT ! -d 127.0.0.1/32 -o lo -m owner --uid-owner 1337 -j ISTIO_IN_REDIRECT
2022-05-09T21:45:57.396256713Z stdout F -A ISTIO_OUTPUT -o lo -m owner ! --uid-owner 1337 -j RETURN
2022-05-09T21:45:57.396269876Z stdout F -A ISTIO_OUTPUT -m owner --uid-owner 1337 -j RETURN
2022-05-09T21:45:57.396274848Z stdout F -A ISTIO_OUTPUT ! -d 127.0.0.1/32 -o lo -m owner --gid-owner 1337 -j ISTIO_IN_REDIRECT
2022-05-09T21:45:57.396278994Z stdout F -A ISTIO_OUTPUT -o lo -m owner ! --gid-owner 1337 -j RETURN
2022-05-09T21:45:57.396283153Z stdout F -A ISTIO_OUTPUT -m owner --gid-owner 1337 -j RETURN
2022-05-09T21:45:57.396287568Z stdout F -A ISTIO_OUTPUT -d 127.0.0.1/32 -j RETURN
2022-05-09T21:45:57.396291646Z stdout F -A ISTIO_OUTPUT -j ISTIO_REDIRECT
2022-05-09T21:45:57.396295714Z stdout F -A ISTIO_REDIRECT -p tcp -j REDIRECT --to-ports 15001
2022-05-09T21:45:57.396300193Z stdout F COMMIT
2022-05-09T21:45:57.396304345Z stdout F # Completed on Mon May  9 21:45:57 2022
2022-05-09T21:45:57.396308284Z stdout F 
