2022-05-25T10:52:15.266489986Z stdout F 2022-05-25T10:52:15.263323Z	info	Istio iptables environment:
2022-05-25T10:52:15.266543727Z stdout F ENVOY_PORT=
2022-05-25T10:52:15.266554495Z stdout F INBOUND_CAPTURE_PORT=
2022-05-25T10:52:15.266560806Z stdout F ISTIO_INBOUND_INTERCEPTION_MODE=
2022-05-25T10:52:15.266565276Z stdout F ISTIO_INBOUND_TPROXY_ROUTE_TABLE=
2022-05-25T10:52:15.26656937Z stdout F ISTIO_INBOUND_PORTS=
2022-05-25T10:52:15.266573238Z stdout F ISTIO_OUTBOUND_PORTS=
2022-05-25T10:52:15.26657967Z stdout F ISTIO_LOCAL_EXCLUDE_PORTS=
2022-05-25T10:52:15.266591629Z stdout F ISTIO_EXCLUDE_INTERFACES=
2022-05-25T10:52:15.266604187Z stdout F ISTIO_SERVICE_CIDR=
2022-05-25T10:52:15.266609797Z stdout F ISTIO_SERVICE_EXCLUDE_CIDR=
2022-05-25T10:52:15.266613509Z stdout F ISTIO_META_DNS_CAPTURE=
2022-05-25T10:52:15.266617342Z stdout F INVALID_DROP=
2022-05-25T10:52:15.266621132Z stdout F 
2022-05-25T10:52:15.266625442Z stdout F 2022-05-25T10:52:15.263386Z	info	Istio iptables variables:
2022-05-25T10:52:15.266629164Z stdout F PROXY_PORT=15001
2022-05-25T10:52:15.266633427Z stdout F PROXY_INBOUND_CAPTURE_PORT=15006
2022-05-25T10:52:15.266636899Z stdout F PROXY_TUNNEL_PORT=15008
2022-05-25T10:52:15.266640549Z stdout F PROXY_UID=1337
2022-05-25T10:52:15.266644279Z stdout F PROXY_GID=1337
2022-05-25T10:52:15.266647801Z stdout F INBOUND_INTERCEPTION_MODE=REDIRECT
2022-05-25T10:52:15.266653735Z stdout F INBOUND_TPROXY_MARK=1337
2022-05-25T10:52:15.266664495Z stdout F INBOUND_TPROXY_ROUTE_TABLE=133
2022-05-25T10:52:15.266674011Z stdout F INBOUND_PORTS_INCLUDE=*
2022-05-25T10:52:15.266679136Z stdout F INBOUND_PORTS_EXCLUDE=15090,15021,15020
2022-05-25T10:52:15.266683523Z stdout F OUTBOUND_IP_RANGES_INCLUDE=*
2022-05-25T10:52:15.266687442Z stdout F OUTBOUND_IP_RANGES_EXCLUDE=
2022-05-25T10:52:15.266690756Z stdout F OUTBOUND_PORTS_INCLUDE=
2022-05-25T10:52:15.266694541Z stdout F OUTBOUND_PORTS_EXCLUDE=
2022-05-25T10:52:15.266698273Z stdout F KUBE_VIRT_INTERFACES=
2022-05-25T10:52:15.266702169Z stdout F ENABLE_INBOUND_IPV6=false
2022-05-25T10:52:15.266705651Z stdout F DNS_CAPTURE=false
2022-05-25T10:52:15.266709123Z stdout F DROP_INVALID=false
2022-05-25T10:52:15.266712532Z stdout F CAPTURE_ALL_DNS=false
2022-05-25T10:52:15.266716223Z stdout F DNS_SERVERS=[],[]
2022-05-25T10:52:15.266720023Z stdout F OUTPUT_PATH=
2022-05-25T10:52:15.266724007Z stdout F NETWORK_NAMESPACE=
2022-05-25T10:52:15.266727821Z stdout F CNI_MODE=false
2022-05-25T10:52:15.266731672Z stdout F EXCLUDE_INTERFACES=
2022-05-25T10:52:15.266734955Z stdout F 
2022-05-25T10:52:15.26674015Z stdout F 2022-05-25T10:52:15.263666Z	info	Writing following contents to rules file: /tmp/iptables-rules-1653475935263441809.txt1516576570
2022-05-25T10:52:15.266744049Z stdout F * nat
2022-05-25T10:52:15.266747529Z stdout F -N ISTIO_INBOUND
2022-05-25T10:52:15.266750951Z stdout F -N ISTIO_REDIRECT
2022-05-25T10:52:15.266754206Z stdout F -N ISTIO_IN_REDIRECT
2022-05-25T10:52:15.266757669Z stdout F -N ISTIO_OUTPUT
2022-05-25T10:52:15.266761248Z stdout F -A ISTIO_INBOUND -p tcp --dport 15008 -j RETURN
2022-05-25T10:52:15.266764905Z stdout F -A ISTIO_REDIRECT -p tcp -j REDIRECT --to-ports 15001
2022-05-25T10:52:15.266768795Z stdout F -A ISTIO_IN_REDIRECT -p tcp -j REDIRECT --to-ports 15006
2022-05-25T10:52:15.266772404Z stdout F -A PREROUTING -p tcp -j ISTIO_INBOUND
2022-05-25T10:52:15.266775894Z stdout F -A ISTIO_INBOUND -p tcp --dport 15090 -j RETURN
2022-05-25T10:52:15.266779193Z stdout F -A ISTIO_INBOUND -p tcp --dport 15021 -j RETURN
2022-05-25T10:52:15.266782556Z stdout F -A ISTIO_INBOUND -p tcp --dport 15020 -j RETURN
2022-05-25T10:52:15.266786117Z stdout F -A ISTIO_INBOUND -p tcp -j ISTIO_IN_REDIRECT
2022-05-25T10:52:15.266789326Z stdout F -A OUTPUT -p tcp -j ISTIO_OUTPUT
2022-05-25T10:52:15.266793204Z stdout F -A ISTIO_OUTPUT -o lo -s 127.0.0.6/32 -j RETURN
2022-05-25T10:52:15.266797121Z stdout F -A ISTIO_OUTPUT -o lo ! -d 127.0.0.1/32 -m owner --uid-owner 1337 -j ISTIO_IN_REDIRECT
2022-05-25T10:52:15.266800664Z stdout F -A ISTIO_OUTPUT -o lo -m owner ! --uid-owner 1337 -j RETURN
2022-05-25T10:52:15.266833533Z stdout F -A ISTIO_OUTPUT -m owner --uid-owner 1337 -j RETURN
2022-05-25T10:52:15.266840439Z stdout F -A ISTIO_OUTPUT -o lo ! -d 127.0.0.1/32 -m owner --gid-owner 1337 -j ISTIO_IN_REDIRECT
2022-05-25T10:52:15.266844447Z stdout F -A ISTIO_OUTPUT -o lo -m owner ! --gid-owner 1337 -j RETURN
2022-05-25T10:52:15.266848396Z stdout F -A ISTIO_OUTPUT -m owner --gid-owner 1337 -j RETURN
2022-05-25T10:52:15.266852114Z stdout F -A ISTIO_OUTPUT -d 127.0.0.1/32 -j RETURN
2022-05-25T10:52:15.266855944Z stdout F -A ISTIO_OUTPUT -j ISTIO_REDIRECT
2022-05-25T10:52:15.266859678Z stdout F COMMIT
2022-05-25T10:52:15.266864473Z stdout F 2022-05-25T10:52:15.263715Z	info	Running command: iptables-restore --noflush /tmp/iptables-rules-1653475935263441809.txt1516576570
2022-05-25T10:52:15.2816402Z stdout F 2022-05-25T10:52:15.279884Z	info	Writing following contents to rules file: /tmp/ip6tables-rules-1653475935272443871.txt1601704698
2022-05-25T10:52:15.281660629Z stdout F 
2022-05-25T10:52:15.281664724Z stdout F 2022-05-25T10:52:15.280115Z	info	Running command: ip6tables-restore --noflush /tmp/ip6tables-rules-1653475935272443871.txt1601704698
2022-05-25T10:52:15.28764705Z stdout F 2022-05-25T10:52:15.284617Z	info	Running command: iptables-save 
2022-05-25T10:52:15.329176867Z stdout F 2022-05-25T10:52:15.326824Z	info	Command output: 
2022-05-25T10:52:15.329189007Z stdout F # Generated by iptables-save v1.8.4 on Wed May 25 10:52:15 2022
2022-05-25T10:52:15.329194087Z stdout F *nat
2022-05-25T10:52:15.32919881Z stdout F :PREROUTING ACCEPT [0:0]
2022-05-25T10:52:15.329203095Z stdout F :INPUT ACCEPT [0:0]
2022-05-25T10:52:15.329207224Z stdout F :OUTPUT ACCEPT [0:0]
2022-05-25T10:52:15.329211505Z stdout F :POSTROUTING ACCEPT [0:0]
2022-05-25T10:52:15.329215419Z stdout F :ISTIO_INBOUND - [0:0]
2022-05-25T10:52:15.329219499Z stdout F :ISTIO_IN_REDIRECT - [0:0]
2022-05-25T10:52:15.329225391Z stdout F :ISTIO_OUTPUT - [0:0]
2022-05-25T10:52:15.329235327Z stdout F :ISTIO_REDIRECT - [0:0]
2022-05-25T10:52:15.329247672Z stdout F -A PREROUTING -p tcp -j ISTIO_INBOUND
2022-05-25T10:52:15.329258226Z stdout F -A OUTPUT -p tcp -j ISTIO_OUTPUT
2022-05-25T10:52:15.329266175Z stdout F -A ISTIO_INBOUND -p tcp -m tcp --dport 15008 -j RETURN
2022-05-25T10:52:15.329270598Z stdout F -A ISTIO_INBOUND -p tcp -m tcp --dport 15090 -j RETURN
2022-05-25T10:52:15.329275523Z stdout F -A ISTIO_INBOUND -p tcp -m tcp --dport 15021 -j RETURN
2022-05-25T10:52:15.329279907Z stdout F -A ISTIO_INBOUND -p tcp -m tcp --dport 15020 -j RETURN
2022-05-25T10:52:15.329283586Z stdout F -A ISTIO_INBOUND -p tcp -j ISTIO_IN_REDIRECT
2022-05-25T10:52:15.329287236Z stdout F -A ISTIO_IN_REDIRECT -p tcp -j REDIRECT --to-ports 15006
2022-05-25T10:52:15.32929114Z stdout F -A ISTIO_OUTPUT -s 127.0.0.6/32 -o lo -j RETURN
2022-05-25T10:52:15.329295661Z stdout F -A ISTIO_OUTPUT ! -d 127.0.0.1/32 -o lo -m owner --uid-owner 1337 -j ISTIO_IN_REDIRECT
2022-05-25T10:52:15.329327643Z stdout F -A ISTIO_OUTPUT -o lo -m owner ! --uid-owner 1337 -j RETURN
2022-05-25T10:52:15.329338251Z stdout F -A ISTIO_OUTPUT -m owner --uid-owner 1337 -j RETURN
2022-05-25T10:52:15.329342669Z stdout F -A ISTIO_OUTPUT ! -d 127.0.0.1/32 -o lo -m owner --gid-owner 1337 -j ISTIO_IN_REDIRECT
2022-05-25T10:52:15.329346396Z stdout F -A ISTIO_OUTPUT -o lo -m owner ! --gid-owner 1337 -j RETURN
2022-05-25T10:52:15.329349733Z stdout F -A ISTIO_OUTPUT -m owner --gid-owner 1337 -j RETURN
2022-05-25T10:52:15.329353519Z stdout F -A ISTIO_OUTPUT -d 127.0.0.1/32 -j RETURN
2022-05-25T10:52:15.329357047Z stdout F -A ISTIO_OUTPUT -j ISTIO_REDIRECT
2022-05-25T10:52:15.329360444Z stdout F -A ISTIO_REDIRECT -p tcp -j REDIRECT --to-ports 15001
2022-05-25T10:52:15.329364352Z stdout F COMMIT
2022-05-25T10:52:15.329368174Z stdout F # Completed on Wed May 25 10:52:15 2022
2022-05-25T10:52:15.329371961Z stdout F 
