2022-05-26T05:25:20.093938853Z stdout F 2022-05-26T05:25:20.093612Z	info	Istio iptables environment:
2022-05-26T05:25:20.094009133Z stdout F ENVOY_PORT=
2022-05-26T05:25:20.094016481Z stdout F INBOUND_CAPTURE_PORT=
2022-05-26T05:25:20.094020068Z stdout F ISTIO_INBOUND_INTERCEPTION_MODE=
2022-05-26T05:25:20.094023035Z stdout F ISTIO_INBOUND_TPROXY_ROUTE_TABLE=
2022-05-26T05:25:20.094025607Z stdout F ISTIO_INBOUND_PORTS=
2022-05-26T05:25:20.094028407Z stdout F ISTIO_OUTBOUND_PORTS=
2022-05-26T05:25:20.094030951Z stdout F ISTIO_LOCAL_EXCLUDE_PORTS=
2022-05-26T05:25:20.094033411Z stdout F ISTIO_EXCLUDE_INTERFACES=
2022-05-26T05:25:20.094035733Z stdout F ISTIO_SERVICE_CIDR=
2022-05-26T05:25:20.094038224Z stdout F ISTIO_SERVICE_EXCLUDE_CIDR=
2022-05-26T05:25:20.094040648Z stdout F ISTIO_META_DNS_CAPTURE=
2022-05-26T05:25:20.094043031Z stdout F INVALID_DROP=
2022-05-26T05:25:20.094045467Z stdout F 
2022-05-26T05:25:20.0940489Z stdout F 2022-05-26T05:25:20.093707Z	info	Istio iptables variables:
2022-05-26T05:25:20.094052057Z stdout F PROXY_PORT=15001
2022-05-26T05:25:20.094054548Z stdout F PROXY_INBOUND_CAPTURE_PORT=15006
2022-05-26T05:25:20.094056871Z stdout F PROXY_TUNNEL_PORT=15008
2022-05-26T05:25:20.094059404Z stdout F PROXY_UID=1337
2022-05-26T05:25:20.094061835Z stdout F PROXY_GID=1337
2022-05-26T05:25:20.094064225Z stdout F INBOUND_INTERCEPTION_MODE=REDIRECT
2022-05-26T05:25:20.094066618Z stdout F INBOUND_TPROXY_MARK=1337
2022-05-26T05:25:20.094069071Z stdout F INBOUND_TPROXY_ROUTE_TABLE=133
2022-05-26T05:25:20.094071385Z stdout F INBOUND_PORTS_INCLUDE=*
2022-05-26T05:25:20.094073696Z stdout F INBOUND_PORTS_EXCLUDE=15090,15021,15020
2022-05-26T05:25:20.09407601Z stdout F OUTBOUND_IP_RANGES_INCLUDE=*
2022-05-26T05:25:20.094078381Z stdout F OUTBOUND_IP_RANGES_EXCLUDE=
2022-05-26T05:25:20.094080687Z stdout F OUTBOUND_PORTS_INCLUDE=
2022-05-26T05:25:20.094083004Z stdout F OUTBOUND_PORTS_EXCLUDE=
2022-05-26T05:25:20.094085298Z stdout F KUBE_VIRT_INTERFACES=
2022-05-26T05:25:20.094087738Z stdout F ENABLE_INBOUND_IPV6=false
2022-05-26T05:25:20.094090035Z stdout F DNS_CAPTURE=false
2022-05-26T05:25:20.094092362Z stdout F DROP_INVALID=false
2022-05-26T05:25:20.094095023Z stdout F CAPTURE_ALL_DNS=false
2022-05-26T05:25:20.094097442Z stdout F DNS_SERVERS=[],[]
2022-05-26T05:25:20.094099781Z stdout F OUTPUT_PATH=
2022-05-26T05:25:20.094102146Z stdout F NETWORK_NAMESPACE=
2022-05-26T05:25:20.094104477Z stdout F CNI_MODE=false
2022-05-26T05:25:20.094106945Z stdout F EXCLUDE_INTERFACES=
2022-05-26T05:25:20.094109154Z stdout F 
2022-05-26T05:25:20.094441465Z stdout F 2022-05-26T05:25:20.094088Z	info	Writing following contents to rules file: /tmp/iptables-rules-1653542720093845901.txt423770124
2022-05-26T05:25:20.094456788Z stdout F * nat
2022-05-26T05:25:20.094461069Z stdout F -N ISTIO_INBOUND
2022-05-26T05:25:20.094464392Z stdout F -N ISTIO_REDIRECT
2022-05-26T05:25:20.09446695Z stdout F -N ISTIO_IN_REDIRECT
2022-05-26T05:25:20.09446971Z stdout F -N ISTIO_OUTPUT
2022-05-26T05:25:20.094472734Z stdout F -A ISTIO_INBOUND -p tcp --dport 15008 -j RETURN
2022-05-26T05:25:20.094475581Z stdout F -A ISTIO_REDIRECT -p tcp -j REDIRECT --to-ports 15001
2022-05-26T05:25:20.094477933Z stdout F -A ISTIO_IN_REDIRECT -p tcp -j REDIRECT --to-ports 15006
2022-05-26T05:25:20.094480209Z stdout F -A PREROUTING -p tcp -j ISTIO_INBOUND
2022-05-26T05:25:20.094482512Z stdout F -A ISTIO_INBOUND -p tcp --dport 15090 -j RETURN
2022-05-26T05:25:20.094484815Z stdout F -A ISTIO_INBOUND -p tcp --dport 15021 -j RETURN
2022-05-26T05:25:20.094487151Z stdout F -A ISTIO_INBOUND -p tcp --dport 15020 -j RETURN
2022-05-26T05:25:20.094489558Z stdout F -A ISTIO_INBOUND -p tcp -j ISTIO_IN_REDIRECT
2022-05-26T05:25:20.094492211Z stdout F -A OUTPUT -p tcp -j ISTIO_OUTPUT
2022-05-26T05:25:20.094494581Z stdout F -A ISTIO_OUTPUT -o lo -s 127.0.0.6/32 -j RETURN
2022-05-26T05:25:20.094497264Z stdout F -A ISTIO_OUTPUT -o lo ! -d 127.0.0.1/32 -m owner --uid-owner 1337 -j ISTIO_IN_REDIRECT
2022-05-26T05:25:20.094499558Z stdout F -A ISTIO_OUTPUT -o lo -m owner ! --uid-owner 1337 -j RETURN
2022-05-26T05:25:20.094502042Z stdout F -A ISTIO_OUTPUT -m owner --uid-owner 1337 -j RETURN
2022-05-26T05:25:20.094513213Z stdout F -A ISTIO_OUTPUT -o lo ! -d 127.0.0.1/32 -m owner --gid-owner 1337 -j ISTIO_IN_REDIRECT
2022-05-26T05:25:20.094516067Z stdout F -A ISTIO_OUTPUT -o lo -m owner ! --gid-owner 1337 -j RETURN
2022-05-26T05:25:20.094518506Z stdout F -A ISTIO_OUTPUT -m owner --gid-owner 1337 -j RETURN
2022-05-26T05:25:20.094520882Z stdout F -A ISTIO_OUTPUT -d 127.0.0.1/32 -j RETURN
2022-05-26T05:25:20.094523184Z stdout F -A ISTIO_OUTPUT -j ISTIO_REDIRECT
2022-05-26T05:25:20.09452554Z stdout F COMMIT
2022-05-26T05:25:20.094528436Z stdout F 2022-05-26T05:25:20.094262Z	info	Running command: iptables-restore --noflush /tmp/iptables-rules-1653542720093845901.txt423770124
2022-05-26T05:25:20.103812967Z stdout F 2022-05-26T05:25:20.103502Z	info	Writing following contents to rules file: /tmp/ip6tables-rules-1653542720103447968.txt3440651953
2022-05-26T05:25:20.103838823Z stdout F 
2022-05-26T05:25:20.103846301Z stdout F 2022-05-26T05:25:20.103560Z	info	Running command: ip6tables-restore --noflush /tmp/ip6tables-rules-1653542720103447968.txt3440651953
2022-05-26T05:25:20.110576599Z stdout F 2022-05-26T05:25:20.110277Z	info	Running command: iptables-save 
2022-05-26T05:25:20.118335453Z stdout F 2022-05-26T05:25:20.118032Z	info	Command output: 
2022-05-26T05:25:20.118359323Z stdout F # Generated by iptables-save v1.8.4 on Thu May 26 05:25:20 2022
2022-05-26T05:25:20.118365838Z stdout F *nat
2022-05-26T05:25:20.118370638Z stdout F :PREROUTING ACCEPT [0:0]
2022-05-26T05:25:20.118374384Z stdout F :INPUT ACCEPT [0:0]
2022-05-26T05:25:20.11837792Z stdout F :OUTPUT ACCEPT [0:0]
2022-05-26T05:25:20.118381907Z stdout F :POSTROUTING ACCEPT [0:0]
2022-05-26T05:25:20.118386238Z stdout F :ISTIO_INBOUND - [0:0]
2022-05-26T05:25:20.118391545Z stdout F :ISTIO_IN_REDIRECT - [0:0]
2022-05-26T05:25:20.11839554Z stdout F :ISTIO_OUTPUT - [0:0]
2022-05-26T05:25:20.118399268Z stdout F :ISTIO_REDIRECT - [0:0]
2022-05-26T05:25:20.11840318Z stdout F -A PREROUTING -p tcp -j ISTIO_INBOUND
2022-05-26T05:25:20.118409493Z stdout F -A OUTPUT -p tcp -j ISTIO_OUTPUT
2022-05-26T05:25:20.118413011Z stdout F -A ISTIO_INBOUND -p tcp -m tcp --dport 15008 -j RETURN
2022-05-26T05:25:20.118416273Z stdout F -A ISTIO_INBOUND -p tcp -m tcp --dport 15090 -j RETURN
2022-05-26T05:25:20.118419499Z stdout F -A ISTIO_INBOUND -p tcp -m tcp --dport 15021 -j RETURN
2022-05-26T05:25:20.118422638Z stdout F -A ISTIO_INBOUND -p tcp -m tcp --dport 15020 -j RETURN
2022-05-26T05:25:20.118425885Z stdout F -A ISTIO_INBOUND -p tcp -j ISTIO_IN_REDIRECT
2022-05-26T05:25:20.118429108Z stdout F -A ISTIO_IN_REDIRECT -p tcp -j REDIRECT --to-ports 15006
2022-05-26T05:25:20.118432482Z stdout F -A ISTIO_OUTPUT -s 127.0.0.6/32 -o lo -j RETURN
2022-05-26T05:25:20.118436288Z stdout F -A ISTIO_OUTPUT ! -d 127.0.0.1/32 -o lo -m owner --uid-owner 1337 -j ISTIO_IN_REDIRECT
2022-05-26T05:25:20.118439417Z stdout F -A ISTIO_OUTPUT -o lo -m owner ! --uid-owner 1337 -j RETURN
2022-05-26T05:25:20.118442673Z stdout F -A ISTIO_OUTPUT -m owner --uid-owner 1337 -j RETURN
2022-05-26T05:25:20.118445946Z stdout F -A ISTIO_OUTPUT ! -d 127.0.0.1/32 -o lo -m owner --gid-owner 1337 -j ISTIO_IN_REDIRECT
2022-05-26T05:25:20.118449236Z stdout F -A ISTIO_OUTPUT -o lo -m owner ! --gid-owner 1337 -j RETURN
2022-05-26T05:25:20.118452407Z stdout F -A ISTIO_OUTPUT -m owner --gid-owner 1337 -j RETURN
2022-05-26T05:25:20.118455662Z stdout F -A ISTIO_OUTPUT -d 127.0.0.1/32 -j RETURN
2022-05-26T05:25:20.118458884Z stdout F -A ISTIO_OUTPUT -j ISTIO_REDIRECT
2022-05-26T05:25:20.118462194Z stdout F -A ISTIO_REDIRECT -p tcp -j REDIRECT --to-ports 15001
2022-05-26T05:25:20.118465849Z stdout F COMMIT
2022-05-26T05:25:20.11846914Z stdout F # Completed on Thu May 26 05:25:20 2022
2022-05-26T05:25:20.118472188Z stdout F 
