2022-05-26T05:25:15.623881687Z stdout F 2022-05-26T05:25:15.623286Z	info	Istio iptables environment:
2022-05-26T05:25:15.623910425Z stdout F ENVOY_PORT=
2022-05-26T05:25:15.623915085Z stdout F INBOUND_CAPTURE_PORT=
2022-05-26T05:25:15.623918503Z stdout F ISTIO_INBOUND_INTERCEPTION_MODE=
2022-05-26T05:25:15.623921395Z stdout F ISTIO_INBOUND_TPROXY_ROUTE_TABLE=
2022-05-26T05:25:15.623958791Z stdout F ISTIO_INBOUND_PORTS=
2022-05-26T05:25:15.623961867Z stdout F ISTIO_OUTBOUND_PORTS=
2022-05-26T05:25:15.623964151Z stdout F ISTIO_LOCAL_EXCLUDE_PORTS=
2022-05-26T05:25:15.623966485Z stdout F ISTIO_EXCLUDE_INTERFACES=
2022-05-26T05:25:15.623968724Z stdout F ISTIO_SERVICE_CIDR=
2022-05-26T05:25:15.623971064Z stdout F ISTIO_SERVICE_EXCLUDE_CIDR=
2022-05-26T05:25:15.623973513Z stdout F ISTIO_META_DNS_CAPTURE=
2022-05-26T05:25:15.623975891Z stdout F INVALID_DROP=
2022-05-26T05:25:15.623978047Z stdout F 
2022-05-26T05:25:15.626237052Z stdout F 2022-05-26T05:25:15.624392Z	info	Istio iptables variables:
2022-05-26T05:25:15.626253192Z stdout F PROXY_PORT=15001
2022-05-26T05:25:15.626257022Z stdout F PROXY_INBOUND_CAPTURE_PORT=15006
2022-05-26T05:25:15.626259926Z stdout F PROXY_TUNNEL_PORT=15008
2022-05-26T05:25:15.626262841Z stdout F PROXY_UID=1337
2022-05-26T05:25:15.626265371Z stdout F PROXY_GID=1337
2022-05-26T05:25:15.626267925Z stdout F INBOUND_INTERCEPTION_MODE=REDIRECT
2022-05-26T05:25:15.626270313Z stdout F INBOUND_TPROXY_MARK=1337
2022-05-26T05:25:15.626272662Z stdout F INBOUND_TPROXY_ROUTE_TABLE=133
2022-05-26T05:25:15.626274983Z stdout F INBOUND_PORTS_INCLUDE=*
2022-05-26T05:25:15.626277321Z stdout F INBOUND_PORTS_EXCLUDE=15090,15021,15020
2022-05-26T05:25:15.626279637Z stdout F OUTBOUND_IP_RANGES_INCLUDE=*
2022-05-26T05:25:15.62628204Z stdout F OUTBOUND_IP_RANGES_EXCLUDE=
2022-05-26T05:25:15.626284474Z stdout F OUTBOUND_PORTS_INCLUDE=
2022-05-26T05:25:15.626286785Z stdout F OUTBOUND_PORTS_EXCLUDE=
2022-05-26T05:25:15.626289055Z stdout F KUBE_VIRT_INTERFACES=
2022-05-26T05:25:15.626291357Z stdout F ENABLE_INBOUND_IPV6=false
2022-05-26T05:25:15.626293941Z stdout F DNS_CAPTURE=false
2022-05-26T05:25:15.626296328Z stdout F DROP_INVALID=false
2022-05-26T05:25:15.626298674Z stdout F CAPTURE_ALL_DNS=false
2022-05-26T05:25:15.626301126Z stdout F DNS_SERVERS=[],[]
2022-05-26T05:25:15.626303526Z stdout F OUTPUT_PATH=
2022-05-26T05:25:15.626305865Z stdout F NETWORK_NAMESPACE=
2022-05-26T05:25:15.626308211Z stdout F CNI_MODE=false
2022-05-26T05:25:15.626310551Z stdout F EXCLUDE_INTERFACES=
2022-05-26T05:25:15.626312765Z stdout F 
2022-05-26T05:25:15.626315155Z stdout F 2022-05-26T05:25:15.624732Z	info	Writing following contents to rules file: /tmp/iptables-rules-1653542715624501302.txt1863224010
2022-05-26T05:25:15.62631741Z stdout F * nat
2022-05-26T05:25:15.626319907Z stdout F -N ISTIO_INBOUND
2022-05-26T05:25:15.626322305Z stdout F -N ISTIO_REDIRECT
2022-05-26T05:25:15.626324693Z stdout F -N ISTIO_IN_REDIRECT
2022-05-26T05:25:15.626327036Z stdout F -N ISTIO_OUTPUT
2022-05-26T05:25:15.626329425Z stdout F -A ISTIO_INBOUND -p tcp --dport 15008 -j RETURN
2022-05-26T05:25:15.626331767Z stdout F -A ISTIO_REDIRECT -p tcp -j REDIRECT --to-ports 15001
2022-05-26T05:25:15.626334101Z stdout F -A ISTIO_IN_REDIRECT -p tcp -j REDIRECT --to-ports 15006
2022-05-26T05:25:15.626336374Z stdout F -A PREROUTING -p tcp -j ISTIO_INBOUND
2022-05-26T05:25:15.626338761Z stdout F -A ISTIO_INBOUND -p tcp --dport 15090 -j RETURN
2022-05-26T05:25:15.626341037Z stdout F -A ISTIO_INBOUND -p tcp --dport 15021 -j RETURN
2022-05-26T05:25:15.626343314Z stdout F -A ISTIO_INBOUND -p tcp --dport 15020 -j RETURN
2022-05-26T05:25:15.626345631Z stdout F -A ISTIO_INBOUND -p tcp -j ISTIO_IN_REDIRECT
2022-05-26T05:25:15.626347896Z stdout F -A OUTPUT -p tcp -j ISTIO_OUTPUT
2022-05-26T05:25:15.62635181Z stdout F -A ISTIO_OUTPUT -o lo -s 127.0.0.6/32 -j RETURN
2022-05-26T05:25:15.626354339Z stdout F -A ISTIO_OUTPUT -o lo ! -d 127.0.0.1/32 -m owner --uid-owner 1337 -j ISTIO_IN_REDIRECT
2022-05-26T05:25:15.626356723Z stdout F -A ISTIO_OUTPUT -o lo -m owner ! --uid-owner 1337 -j RETURN
2022-05-26T05:25:15.626369837Z stdout F -A ISTIO_OUTPUT -m owner --uid-owner 1337 -j RETURN
2022-05-26T05:25:15.626372831Z stdout F -A ISTIO_OUTPUT -o lo ! -d 127.0.0.1/32 -m owner --gid-owner 1337 -j ISTIO_IN_REDIRECT
2022-05-26T05:25:15.626375149Z stdout F -A ISTIO_OUTPUT -o lo -m owner ! --gid-owner 1337 -j RETURN
2022-05-26T05:25:15.626377362Z stdout F -A ISTIO_OUTPUT -m owner --gid-owner 1337 -j RETURN
2022-05-26T05:25:15.626379727Z stdout F -A ISTIO_OUTPUT -d 127.0.0.1/32 -j RETURN
2022-05-26T05:25:15.626382061Z stdout F -A ISTIO_OUTPUT -j ISTIO_REDIRECT
2022-05-26T05:25:15.626384408Z stdout F COMMIT
2022-05-26T05:25:15.626387158Z stdout F 2022-05-26T05:25:15.624825Z	info	Running command: iptables-restore --noflush /tmp/iptables-rules-1653542715624501302.txt1863224010
2022-05-26T05:25:15.667408656Z stdout F 2022-05-26T05:25:15.664302Z	info	Writing following contents to rules file: /tmp/ip6tables-rules-1653542715664169390.txt3484355792
2022-05-26T05:25:15.667429613Z stdout F 
2022-05-26T05:25:15.667439863Z stdout F 2022-05-26T05:25:15.664340Z	info	Running command: ip6tables-restore --noflush /tmp/ip6tables-rules-1653542715664169390.txt3484355792
2022-05-26T05:25:15.679411349Z stdout F 2022-05-26T05:25:15.678614Z	info	Running command: iptables-save 
2022-05-26T05:25:15.686145305Z stdout F 2022-05-26T05:25:15.684955Z	info	Command output: 
2022-05-26T05:25:15.686170997Z stdout F # Generated by iptables-save v1.8.4 on Thu May 26 05:25:15 2022
2022-05-26T05:25:15.686176321Z stdout F *nat
2022-05-26T05:25:15.686180685Z stdout F :PREROUTING ACCEPT [0:0]
2022-05-26T05:25:15.686184461Z stdout F :INPUT ACCEPT [0:0]
2022-05-26T05:25:15.686188161Z stdout F :OUTPUT ACCEPT [0:0]
2022-05-26T05:25:15.686192249Z stdout F :POSTROUTING ACCEPT [0:0]
2022-05-26T05:25:15.686195914Z stdout F :ISTIO_INBOUND - [0:0]
2022-05-26T05:25:15.686199537Z stdout F :ISTIO_IN_REDIRECT - [0:0]
2022-05-26T05:25:15.686203734Z stdout F :ISTIO_OUTPUT - [0:0]
2022-05-26T05:25:15.68620773Z stdout F :ISTIO_REDIRECT - [0:0]
2022-05-26T05:25:15.686212246Z stdout F -A PREROUTING -p tcp -j ISTIO_INBOUND
2022-05-26T05:25:15.686216085Z stdout F -A OUTPUT -p tcp -j ISTIO_OUTPUT
2022-05-26T05:25:15.686219795Z stdout F -A ISTIO_INBOUND -p tcp -m tcp --dport 15008 -j RETURN
2022-05-26T05:25:15.686223534Z stdout F -A ISTIO_INBOUND -p tcp -m tcp --dport 15090 -j RETURN
2022-05-26T05:25:15.686227124Z stdout F -A ISTIO_INBOUND -p tcp -m tcp --dport 15021 -j RETURN
2022-05-26T05:25:15.68623101Z stdout F -A ISTIO_INBOUND -p tcp -m tcp --dport 15020 -j RETURN
2022-05-26T05:25:15.686234997Z stdout F -A ISTIO_INBOUND -p tcp -j ISTIO_IN_REDIRECT
2022-05-26T05:25:15.686238743Z stdout F -A ISTIO_IN_REDIRECT -p tcp -j REDIRECT --to-ports 15006
2022-05-26T05:25:15.686242513Z stdout F -A ISTIO_OUTPUT -s 127.0.0.6/32 -o lo -j RETURN
2022-05-26T05:25:15.68624667Z stdout F -A ISTIO_OUTPUT ! -d 127.0.0.1/32 -o lo -m owner --uid-owner 1337 -j ISTIO_IN_REDIRECT
2022-05-26T05:25:15.686250524Z stdout F -A ISTIO_OUTPUT -o lo -m owner ! --uid-owner 1337 -j RETURN
2022-05-26T05:25:15.686254291Z stdout F -A ISTIO_OUTPUT -m owner --uid-owner 1337 -j RETURN
2022-05-26T05:25:15.686260952Z stdout F -A ISTIO_OUTPUT ! -d 127.0.0.1/32 -o lo -m owner --gid-owner 1337 -j ISTIO_IN_REDIRECT
2022-05-26T05:25:15.686265195Z stdout F -A ISTIO_OUTPUT -o lo -m owner ! --gid-owner 1337 -j RETURN
2022-05-26T05:25:15.686269166Z stdout F -A ISTIO_OUTPUT -m owner --gid-owner 1337 -j RETURN
2022-05-26T05:25:15.686272892Z stdout F -A ISTIO_OUTPUT -d 127.0.0.1/32 -j RETURN
2022-05-26T05:25:15.686276935Z stdout F -A ISTIO_OUTPUT -j ISTIO_REDIRECT
2022-05-26T05:25:15.686280723Z stdout F -A ISTIO_REDIRECT -p tcp -j REDIRECT --to-ports 15001
2022-05-26T05:25:15.686284648Z stdout F COMMIT
2022-05-26T05:25:15.686288723Z stdout F # Completed on Thu May 26 05:25:15 2022
2022-05-26T05:25:15.686292549Z stdout F 
