2022-04-30T04:28:32.863443047Z stdout F 2022-04-30T04:28:32.863071Z	info	Istio iptables environment:
2022-04-30T04:28:32.863535507Z stdout F ENVOY_PORT=
2022-04-30T04:28:32.8635482Z stdout F INBOUND_CAPTURE_PORT=
2022-04-30T04:28:32.863554256Z stdout F ISTIO_INBOUND_INTERCEPTION_MODE=
2022-04-30T04:28:32.863567523Z stdout F ISTIO_INBOUND_TPROXY_ROUTE_TABLE=
2022-04-30T04:28:32.863573786Z stdout F ISTIO_INBOUND_PORTS=
2022-04-30T04:28:32.86357878Z stdout F ISTIO_OUTBOUND_PORTS=
2022-04-30T04:28:32.863583271Z stdout F ISTIO_LOCAL_EXCLUDE_PORTS=
2022-04-30T04:28:32.863587797Z stdout F ISTIO_EXCLUDE_INTERFACES=
2022-04-30T04:28:32.863592087Z stdout F ISTIO_SERVICE_CIDR=
2022-04-30T04:28:32.863596453Z stdout F ISTIO_SERVICE_EXCLUDE_CIDR=
2022-04-30T04:28:32.863600851Z stdout F ISTIO_META_DNS_CAPTURE=
2022-04-30T04:28:32.863605148Z stdout F INVALID_DROP=
2022-04-30T04:28:32.863609441Z stdout F 
2022-04-30T04:28:32.863613723Z stdout F 2022-04-30T04:28:32.863105Z	info	Istio iptables variables:
2022-04-30T04:28:32.8636181Z stdout F PROXY_PORT=15001
2022-04-30T04:28:32.863622835Z stdout F PROXY_INBOUND_CAPTURE_PORT=15006
2022-04-30T04:28:32.863627405Z stdout F PROXY_TUNNEL_PORT=15008
2022-04-30T04:28:32.863632624Z stdout F PROXY_UID=1337
2022-04-30T04:28:32.863637507Z stdout F PROXY_GID=1337
2022-04-30T04:28:32.863642651Z stdout F INBOUND_INTERCEPTION_MODE=REDIRECT
2022-04-30T04:28:32.863647756Z stdout F INBOUND_TPROXY_MARK=1337
2022-04-30T04:28:32.863652673Z stdout F INBOUND_TPROXY_ROUTE_TABLE=133
2022-04-30T04:28:32.863657187Z stdout F INBOUND_PORTS_INCLUDE=*
2022-04-30T04:28:32.863661881Z stdout F INBOUND_PORTS_EXCLUDE=15090,15021,15020
2022-04-30T04:28:32.86366591Z stdout F OUTBOUND_IP_RANGES_INCLUDE=*
2022-04-30T04:28:32.863670202Z stdout F OUTBOUND_IP_RANGES_EXCLUDE=
2022-04-30T04:28:32.863674478Z stdout F OUTBOUND_PORTS_INCLUDE=
2022-04-30T04:28:32.863678702Z stdout F OUTBOUND_PORTS_EXCLUDE=
2022-04-30T04:28:32.863683132Z stdout F KUBE_VIRT_INTERFACES=
2022-04-30T04:28:32.863687622Z stdout F ENABLE_INBOUND_IPV6=false
2022-04-30T04:28:32.863697087Z stdout F DNS_CAPTURE=false
2022-04-30T04:28:32.863711747Z stdout F DROP_INVALID=false
2022-04-30T04:28:32.863779527Z stdout F CAPTURE_ALL_DNS=false
2022-04-30T04:28:32.863800206Z stdout F DNS_SERVERS=[],[]
2022-04-30T04:28:32.863883342Z stdout F OUTPUT_PATH=
2022-04-30T04:28:32.863897075Z stdout F NETWORK_NAMESPACE=
2022-04-30T04:28:32.863902947Z stdout F CNI_MODE=false
2022-04-30T04:28:32.863943296Z stdout F EXCLUDE_INTERFACES=
2022-04-30T04:28:32.863951725Z stdout F 
2022-04-30T04:28:32.863971556Z stdout F 2022-04-30T04:28:32.863369Z	info	Writing following contents to rules file: /tmp/iptables-rules-1651292912863162268.txt1412341753
2022-04-30T04:28:32.863978715Z stdout F * nat
2022-04-30T04:28:32.863983727Z stdout F -N ISTIO_INBOUND
2022-04-30T04:28:32.863988562Z stdout F -N ISTIO_REDIRECT
2022-04-30T04:28:32.86399323Z stdout F -N ISTIO_IN_REDIRECT
2022-04-30T04:28:32.863998395Z stdout F -N ISTIO_OUTPUT
2022-04-30T04:28:32.864003701Z stdout F -A ISTIO_INBOUND -p tcp --dport 15008 -j RETURN
2022-04-30T04:28:32.864009479Z stdout F -A ISTIO_REDIRECT -p tcp -j REDIRECT --to-ports 15001
2022-04-30T04:28:32.864014555Z stdout F -A ISTIO_IN_REDIRECT -p tcp -j REDIRECT --to-ports 15006
2022-04-30T04:28:32.864019272Z stdout F -A PREROUTING -p tcp -j ISTIO_INBOUND
2022-04-30T04:28:32.864024134Z stdout F -A ISTIO_INBOUND -p tcp --dport 15090 -j RETURN
2022-04-30T04:28:32.864029183Z stdout F -A ISTIO_INBOUND -p tcp --dport 15021 -j RETURN
2022-04-30T04:28:32.864034434Z stdout F -A ISTIO_INBOUND -p tcp --dport 15020 -j RETURN
2022-04-30T04:28:32.864040026Z stdout F -A ISTIO_INBOUND -p tcp -j ISTIO_IN_REDIRECT
2022-04-30T04:28:32.864044819Z stdout F -A OUTPUT -p tcp -j ISTIO_OUTPUT
2022-04-30T04:28:32.864049253Z stdout F -A ISTIO_OUTPUT -o lo -s 127.0.0.6/32 -j RETURN
2022-04-30T04:28:32.864054192Z stdout F -A ISTIO_OUTPUT -o lo ! -d 127.0.0.1/32 -m owner --uid-owner 1337 -j ISTIO_IN_REDIRECT
2022-04-30T04:28:32.864058759Z stdout F -A ISTIO_OUTPUT -o lo -m owner ! --uid-owner 1337 -j RETURN
2022-04-30T04:28:32.864063157Z stdout F -A ISTIO_OUTPUT -m owner --uid-owner 1337 -j RETURN
2022-04-30T04:28:32.864083537Z stdout F -A ISTIO_OUTPUT -o lo ! -d 127.0.0.1/32 -m owner --gid-owner 1337 -j ISTIO_IN_REDIRECT
2022-04-30T04:28:32.864089612Z stdout F -A ISTIO_OUTPUT -o lo -m owner ! --gid-owner 1337 -j RETURN
2022-04-30T04:28:32.864094423Z stdout F -A ISTIO_OUTPUT -m owner --gid-owner 1337 -j RETURN
2022-04-30T04:28:32.864099215Z stdout F -A ISTIO_OUTPUT -d 127.0.0.1/32 -j RETURN
2022-04-30T04:28:32.86410392Z stdout F -A ISTIO_OUTPUT -j ISTIO_REDIRECT
2022-04-30T04:28:32.864108788Z stdout F COMMIT
2022-04-30T04:28:32.864114534Z stdout F 2022-04-30T04:28:32.863530Z	info	Running command: iptables-restore --noflush /tmp/iptables-rules-1651292912863162268.txt1412341753
2022-04-30T04:28:32.889952519Z stdout F 2022-04-30T04:28:32.888936Z	info	Writing following contents to rules file: /tmp/ip6tables-rules-1651292912888844887.txt2544363065
2022-04-30T04:28:32.889984045Z stdout F 
2022-04-30T04:28:32.889991613Z stdout F 2022-04-30T04:28:32.889097Z	info	Running command: ip6tables-restore --noflush /tmp/ip6tables-rules-1651292912888844887.txt2544363065
2022-04-30T04:28:32.902872548Z stdout F 2022-04-30T04:28:32.900025Z	info	Running command: iptables-save 
2022-04-30T04:28:32.907426862Z stdout F 2022-04-30T04:28:32.906591Z	info	Command output: 
2022-04-30T04:28:32.907457651Z stdout F # Generated by iptables-save v1.8.4 on Sat Apr 30 04:28:32 2022
2022-04-30T04:28:32.907462466Z stdout F *nat
2022-04-30T04:28:32.907466951Z stdout F :PREROUTING ACCEPT [0:0]
2022-04-30T04:28:32.907469956Z stdout F :INPUT ACCEPT [0:0]
2022-04-30T04:28:32.907472916Z stdout F :OUTPUT ACCEPT [0:0]
2022-04-30T04:28:32.907476504Z stdout F :POSTROUTING ACCEPT [0:0]
2022-04-30T04:28:32.90747937Z stdout F :ISTIO_INBOUND - [0:0]
2022-04-30T04:28:32.907482354Z stdout F :ISTIO_IN_REDIRECT - [0:0]
2022-04-30T04:28:32.90748527Z stdout F :ISTIO_OUTPUT - [0:0]
2022-04-30T04:28:32.907488207Z stdout F :ISTIO_REDIRECT - [0:0]
2022-04-30T04:28:32.907491703Z stdout F -A PREROUTING -p tcp -j ISTIO_INBOUND
2022-04-30T04:28:32.90749515Z stdout F -A OUTPUT -p tcp -j ISTIO_OUTPUT
2022-04-30T04:28:32.907498139Z stdout F -A ISTIO_INBOUND -p tcp -m tcp --dport 15008 -j RETURN
2022-04-30T04:28:32.907501723Z stdout F -A ISTIO_INBOUND -p tcp -m tcp --dport 15090 -j RETURN
2022-04-30T04:28:32.90750468Z stdout F -A ISTIO_INBOUND -p tcp -m tcp --dport 15021 -j RETURN
2022-04-30T04:28:32.90750767Z stdout F -A ISTIO_INBOUND -p tcp -m tcp --dport 15020 -j RETURN
2022-04-30T04:28:32.907510515Z stdout F -A ISTIO_INBOUND -p tcp -j ISTIO_IN_REDIRECT
2022-04-30T04:28:32.907513412Z stdout F -A ISTIO_IN_REDIRECT -p tcp -j REDIRECT --to-ports 15006
2022-04-30T04:28:32.907518859Z stdout F -A ISTIO_OUTPUT -s 127.0.0.6/32 -o lo -j RETURN
2022-04-30T04:28:32.907522326Z stdout F -A ISTIO_OUTPUT ! -d 127.0.0.1/32 -o lo -m owner --uid-owner 1337 -j ISTIO_IN_REDIRECT
2022-04-30T04:28:32.907525323Z stdout F -A ISTIO_OUTPUT -o lo -m owner ! --uid-owner 1337 -j RETURN
2022-04-30T04:28:32.90752822Z stdout F -A ISTIO_OUTPUT -m owner --uid-owner 1337 -j RETURN
2022-04-30T04:28:32.90755558Z stdout F -A ISTIO_OUTPUT ! -d 127.0.0.1/32 -o lo -m owner --gid-owner 1337 -j ISTIO_IN_REDIRECT
2022-04-30T04:28:32.90756564Z stdout F -A ISTIO_OUTPUT -o lo -m owner ! --gid-owner 1337 -j RETURN
2022-04-30T04:28:32.907568941Z stdout F -A ISTIO_OUTPUT -m owner --gid-owner 1337 -j RETURN
2022-04-30T04:28:32.907571965Z stdout F -A ISTIO_OUTPUT -d 127.0.0.1/32 -j RETURN
2022-04-30T04:28:32.907574892Z stdout F -A ISTIO_OUTPUT -j ISTIO_REDIRECT
2022-04-30T04:28:32.907577763Z stdout F -A ISTIO_REDIRECT -p tcp -j REDIRECT --to-ports 15001
2022-04-30T04:28:32.907581138Z stdout F COMMIT
2022-04-30T04:28:32.907584183Z stdout F # Completed on Sat Apr 30 04:28:32 2022
2022-04-30T04:28:32.90758698Z stdout F 
