2022-04-27T06:19:49.188694495Z stdout F 2022-04-27T06:19:49.142862Z	info	Istio iptables environment:
2022-04-27T06:19:49.188896029Z stdout F ENVOY_PORT=
2022-04-27T06:19:49.188916219Z stdout F INBOUND_CAPTURE_PORT=
2022-04-27T06:19:49.188924696Z stdout F ISTIO_INBOUND_INTERCEPTION_MODE=
2022-04-27T06:19:49.188931867Z stdout F ISTIO_INBOUND_TPROXY_ROUTE_TABLE=
2022-04-27T06:19:49.18893844Z stdout F ISTIO_INBOUND_PORTS=
2022-04-27T06:19:49.1889691Z stdout F ISTIO_OUTBOUND_PORTS=
2022-04-27T06:19:49.18899093Z stdout F ISTIO_LOCAL_EXCLUDE_PORTS=
2022-04-27T06:19:49.189012225Z stdout F ISTIO_EXCLUDE_INTERFACES=
2022-04-27T06:19:49.189029509Z stdout F ISTIO_SERVICE_CIDR=
2022-04-27T06:19:49.18904119Z stdout F ISTIO_SERVICE_EXCLUDE_CIDR=
2022-04-27T06:19:49.189055393Z stdout F ISTIO_META_DNS_CAPTURE=
2022-04-27T06:19:49.189168764Z stdout F INVALID_DROP=
2022-04-27T06:19:49.18918119Z stdout F 
2022-04-27T06:19:49.189192723Z stdout F 2022-04-27T06:19:49.143190Z	info	Istio iptables variables:
2022-04-27T06:19:49.189203337Z stdout F PROXY_PORT=15001
2022-04-27T06:19:49.18922204Z stdout F PROXY_INBOUND_CAPTURE_PORT=15006
2022-04-27T06:19:49.189249051Z stdout F PROXY_TUNNEL_PORT=15008
2022-04-27T06:19:49.189277546Z stdout F PROXY_UID=1337
2022-04-27T06:19:49.189290903Z stdout F PROXY_GID=1337
2022-04-27T06:19:49.189299812Z stdout F INBOUND_INTERCEPTION_MODE=REDIRECT
2022-04-27T06:19:49.189309407Z stdout F INBOUND_TPROXY_MARK=1337
2022-04-27T06:19:49.189319096Z stdout F INBOUND_TPROXY_ROUTE_TABLE=133
2022-04-27T06:19:49.189328808Z stdout F INBOUND_PORTS_INCLUDE=*
2022-04-27T06:19:49.189338381Z stdout F INBOUND_PORTS_EXCLUDE=15090,15021,15020
2022-04-27T06:19:49.189348271Z stdout F OUTBOUND_IP_RANGES_INCLUDE=*
2022-04-27T06:19:49.189358302Z stdout F OUTBOUND_IP_RANGES_EXCLUDE=
2022-04-27T06:19:49.189368407Z stdout F OUTBOUND_PORTS_INCLUDE=
2022-04-27T06:19:49.189378767Z stdout F OUTBOUND_PORTS_EXCLUDE=
2022-04-27T06:19:49.189388928Z stdout F KUBE_VIRT_INTERFACES=
2022-04-27T06:19:49.189399298Z stdout F ENABLE_INBOUND_IPV6=false
2022-04-27T06:19:49.189410217Z stdout F DNS_CAPTURE=false
2022-04-27T06:19:49.189421184Z stdout F DROP_INVALID=false
2022-04-27T06:19:49.189430741Z stdout F CAPTURE_ALL_DNS=false
2022-04-27T06:19:49.189450879Z stdout F DNS_SERVERS=[],[]
2022-04-27T06:19:49.189469027Z stdout F OUTPUT_PATH=
2022-04-27T06:19:49.189492045Z stdout F NETWORK_NAMESPACE=
2022-04-27T06:19:49.189502412Z stdout F CNI_MODE=false
2022-04-27T06:19:49.189513739Z stdout F EXCLUDE_INTERFACES=
2022-04-27T06:19:49.189523641Z stdout F 
2022-04-27T06:19:49.436842699Z stdout F 2022-04-27T06:19:49.403396Z	info	Writing following contents to rules file: /tmp/iptables-rules-1651040389143395770.txt1225489063
2022-04-27T06:19:49.437118468Z stdout F * nat
2022-04-27T06:19:49.437156019Z stdout F -N ISTIO_INBOUND
2022-04-27T06:19:49.437171738Z stdout F -N ISTIO_REDIRECT
2022-04-27T06:19:49.437183118Z stdout F -N ISTIO_IN_REDIRECT
2022-04-27T06:19:49.437193993Z stdout F -N ISTIO_OUTPUT
2022-04-27T06:19:49.437205919Z stdout F -A ISTIO_INBOUND -p tcp --dport 15008 -j RETURN
2022-04-27T06:19:49.437217485Z stdout F -A ISTIO_REDIRECT -p tcp -j REDIRECT --to-ports 15001
2022-04-27T06:19:49.437228207Z stdout F -A ISTIO_IN_REDIRECT -p tcp -j REDIRECT --to-ports 15006
2022-04-27T06:19:49.437238679Z stdout F -A PREROUTING -p tcp -j ISTIO_INBOUND
2022-04-27T06:19:49.437249672Z stdout F -A ISTIO_INBOUND -p tcp --dport 15090 -j RETURN
2022-04-27T06:19:49.437261334Z stdout F -A ISTIO_INBOUND -p tcp --dport 15021 -j RETURN
2022-04-27T06:19:49.43727271Z stdout F -A ISTIO_INBOUND -p tcp --dport 15020 -j RETURN
2022-04-27T06:19:49.437290303Z stdout F -A ISTIO_INBOUND -p tcp -j ISTIO_IN_REDIRECT
2022-04-27T06:19:49.437394352Z stdout F -A OUTPUT -p tcp -j ISTIO_OUTPUT
2022-04-27T06:19:49.437426004Z stdout F -A ISTIO_OUTPUT -o lo -s 127.0.0.6/32 -j RETURN
2022-04-27T06:19:49.437443991Z stdout F -A ISTIO_OUTPUT -o lo ! -d 127.0.0.1/32 -m owner --uid-owner 1337 -j ISTIO_IN_REDIRECT
2022-04-27T06:19:49.437469828Z stdout F -A ISTIO_OUTPUT -o lo -m owner ! --uid-owner 1337 -j RETURN
2022-04-27T06:19:49.437482492Z stdout F -A ISTIO_OUTPUT -m owner --uid-owner 1337 -j RETURN
2022-04-27T06:19:49.437534166Z stdout F -A ISTIO_OUTPUT -o lo ! -d 127.0.0.1/32 -m owner --gid-owner 1337 -j ISTIO_IN_REDIRECT
2022-04-27T06:19:49.437553468Z stdout F -A ISTIO_OUTPUT -o lo -m owner ! --gid-owner 1337 -j RETURN
2022-04-27T06:19:49.437566367Z stdout F -A ISTIO_OUTPUT -m owner --gid-owner 1337 -j RETURN
2022-04-27T06:19:49.437578235Z stdout F -A ISTIO_OUTPUT -d 127.0.0.1/32 -j RETURN
2022-04-27T06:19:49.437590055Z stdout F -A ISTIO_OUTPUT -j ISTIO_REDIRECT
2022-04-27T06:19:49.437601962Z stdout F COMMIT
2022-04-27T06:19:49.437614197Z stdout F 2022-04-27T06:19:49.404221Z	info	Running command: iptables-restore --noflush /tmp/iptables-rules-1651040389143395770.txt1225489063
2022-04-27T06:19:49.993469727Z stdout F 2022-04-27T06:19:49.985695Z	info	Writing following contents to rules file: /tmp/ip6tables-rules-1651040389985502688.txt2917400525
2022-04-27T06:19:49.993539247Z stdout F 
2022-04-27T06:19:49.99355939Z stdout F 2022-04-27T06:19:49.985858Z	info	Running command: ip6tables-restore --noflush /tmp/ip6tables-rules-1651040389985502688.txt2917400525
2022-04-27T06:19:50.229769905Z stdout F 2022-04-27T06:19:50.199460Z	info	Running command: iptables-save 
2022-04-27T06:19:50.229831063Z stdout F 2022-04-27T06:19:50.216051Z	info	Command output: 
2022-04-27T06:19:50.229848272Z stdout F # Generated by iptables-save v1.8.4 on Wed Apr 27 06:19:50 2022
2022-04-27T06:19:50.229940622Z stdout F *nat
2022-04-27T06:19:50.22996082Z stdout F :PREROUTING ACCEPT [0:0]
2022-04-27T06:19:50.22997425Z stdout F :INPUT ACCEPT [0:0]
2022-04-27T06:19:50.229985848Z stdout F :OUTPUT ACCEPT [0:0]
2022-04-27T06:19:50.229998396Z stdout F :POSTROUTING ACCEPT [0:0]
2022-04-27T06:19:50.230008583Z stdout F :ISTIO_INBOUND - [0:0]
2022-04-27T06:19:50.2301452Z stdout F :ISTIO_IN_REDIRECT - [0:0]
2022-04-27T06:19:50.230174165Z stdout F :ISTIO_OUTPUT - [0:0]
2022-04-27T06:19:50.230186572Z stdout F :ISTIO_REDIRECT - [0:0]
2022-04-27T06:19:50.230197425Z stdout F -A PREROUTING -p tcp -j ISTIO_INBOUND
2022-04-27T06:19:50.230207493Z stdout F -A OUTPUT -p tcp -j ISTIO_OUTPUT
2022-04-27T06:19:50.230218167Z stdout F -A ISTIO_INBOUND -p tcp -m tcp --dport 15008 -j RETURN
2022-04-27T06:19:50.230227572Z stdout F -A ISTIO_INBOUND -p tcp -m tcp --dport 15090 -j RETURN
2022-04-27T06:19:50.230237302Z stdout F -A ISTIO_INBOUND -p tcp -m tcp --dport 15021 -j RETURN
2022-04-27T06:19:50.23024744Z stdout F -A ISTIO_INBOUND -p tcp -m tcp --dport 15020 -j RETURN
2022-04-27T06:19:50.230258329Z stdout F -A ISTIO_INBOUND -p tcp -j ISTIO_IN_REDIRECT
2022-04-27T06:19:50.230267Z stdout F -A ISTIO_IN_REDIRECT -p tcp -j REDIRECT --to-ports 15006
2022-04-27T06:19:50.23027631Z stdout F -A ISTIO_OUTPUT -s 127.0.0.6/32 -o lo -j RETURN
2022-04-27T06:19:50.23028643Z stdout F -A ISTIO_OUTPUT ! -d 127.0.0.1/32 -o lo -m owner --uid-owner 1337 -j ISTIO_IN_REDIRECT
2022-04-27T06:19:50.230296135Z stdout F -A ISTIO_OUTPUT -o lo -m owner ! --uid-owner 1337 -j RETURN
2022-04-27T06:19:50.230466207Z stdout F -A ISTIO_OUTPUT -m owner --uid-owner 1337 -j RETURN
2022-04-27T06:19:50.230502397Z stdout F -A ISTIO_OUTPUT ! -d 127.0.0.1/32 -o lo -m owner --gid-owner 1337 -j ISTIO_IN_REDIRECT
2022-04-27T06:19:50.230517163Z stdout F -A ISTIO_OUTPUT -o lo -m owner ! --gid-owner 1337 -j RETURN
2022-04-27T06:19:50.230528178Z stdout F -A ISTIO_OUTPUT -m owner --gid-owner 1337 -j RETURN
2022-04-27T06:19:50.230538678Z stdout F -A ISTIO_OUTPUT -d 127.0.0.1/32 -j RETURN
2022-04-27T06:19:50.2305485Z stdout F -A ISTIO_OUTPUT -j ISTIO_REDIRECT
2022-04-27T06:19:50.230559171Z stdout F -A ISTIO_REDIRECT -p tcp -j REDIRECT --to-ports 15001
2022-04-27T06:19:50.230569562Z stdout F COMMIT
2022-04-27T06:19:50.230580287Z stdout F # Completed on Wed Apr 27 06:19:50 2022
2022-04-27T06:19:50.23059013Z stdout F 
