2022-05-09T06:51:05.913612662Z stdout F 2022-05-09T06:51:05.913152Z	info	Istio iptables environment:
2022-05-09T06:51:05.913657043Z stdout F ENVOY_PORT=
2022-05-09T06:51:05.913666099Z stdout F INBOUND_CAPTURE_PORT=
2022-05-09T06:51:05.913672111Z stdout F ISTIO_INBOUND_INTERCEPTION_MODE=
2022-05-09T06:51:05.913677617Z stdout F ISTIO_INBOUND_TPROXY_ROUTE_TABLE=
2022-05-09T06:51:05.913682375Z stdout F ISTIO_INBOUND_PORTS=
2022-05-09T06:51:05.913686715Z stdout F ISTIO_OUTBOUND_PORTS=
2022-05-09T06:51:05.913691455Z stdout F ISTIO_LOCAL_EXCLUDE_PORTS=
2022-05-09T06:51:05.913696537Z stdout F ISTIO_EXCLUDE_INTERFACES=
2022-05-09T06:51:05.913701469Z stdout F ISTIO_SERVICE_CIDR=
2022-05-09T06:51:05.913706002Z stdout F ISTIO_SERVICE_EXCLUDE_CIDR=
2022-05-09T06:51:05.913710332Z stdout F ISTIO_META_DNS_CAPTURE=
2022-05-09T06:51:05.913714973Z stdout F INVALID_DROP=
2022-05-09T06:51:05.913719422Z stdout F 
2022-05-09T06:51:05.913724418Z stdout F 2022-05-09T06:51:05.913252Z	info	Istio iptables variables:
2022-05-09T06:51:05.913729048Z stdout F PROXY_PORT=15001
2022-05-09T06:51:05.913733462Z stdout F PROXY_INBOUND_CAPTURE_PORT=15006
2022-05-09T06:51:05.913738076Z stdout F PROXY_TUNNEL_PORT=15008
2022-05-09T06:51:05.913742928Z stdout F PROXY_UID=1337
2022-05-09T06:51:05.913748079Z stdout F PROXY_GID=1337
2022-05-09T06:51:05.913752588Z stdout F INBOUND_INTERCEPTION_MODE=REDIRECT
2022-05-09T06:51:05.913757315Z stdout F INBOUND_TPROXY_MARK=1337
2022-05-09T06:51:05.913762037Z stdout F INBOUND_TPROXY_ROUTE_TABLE=133
2022-05-09T06:51:05.913766954Z stdout F INBOUND_PORTS_INCLUDE=*
2022-05-09T06:51:05.913771598Z stdout F INBOUND_PORTS_EXCLUDE=15090,15021,15020
2022-05-09T06:51:05.913776025Z stdout F OUTBOUND_IP_RANGES_INCLUDE=*
2022-05-09T06:51:05.913780452Z stdout F OUTBOUND_IP_RANGES_EXCLUDE=
2022-05-09T06:51:05.913784986Z stdout F OUTBOUND_PORTS_INCLUDE=
2022-05-09T06:51:05.913789732Z stdout F OUTBOUND_PORTS_EXCLUDE=
2022-05-09T06:51:05.913794722Z stdout F KUBE_VIRT_INTERFACES=
2022-05-09T06:51:05.91379934Z stdout F ENABLE_INBOUND_IPV6=false
2022-05-09T06:51:05.913803863Z stdout F DNS_CAPTURE=false
2022-05-09T06:51:05.913808624Z stdout F DROP_INVALID=false
2022-05-09T06:51:05.913813214Z stdout F CAPTURE_ALL_DNS=false
2022-05-09T06:51:05.913818014Z stdout F DNS_SERVERS=[],[]
2022-05-09T06:51:05.913822889Z stdout F OUTPUT_PATH=
2022-05-09T06:51:05.91382746Z stdout F NETWORK_NAMESPACE=
2022-05-09T06:51:05.913832052Z stdout F CNI_MODE=false
2022-05-09T06:51:05.913836651Z stdout F EXCLUDE_INTERFACES=
2022-05-09T06:51:05.913841239Z stdout F 
2022-05-09T06:51:05.913857992Z stdout F 2022-05-09T06:51:05.913587Z	info	Writing following contents to rules file: /tmp/iptables-rules-1652079065913347294.txt1742991965
2022-05-09T06:51:05.913864659Z stdout F * nat
2022-05-09T06:51:05.913869944Z stdout F -N ISTIO_INBOUND
2022-05-09T06:51:05.913874436Z stdout F -N ISTIO_REDIRECT
2022-05-09T06:51:05.913879026Z stdout F -N ISTIO_IN_REDIRECT
2022-05-09T06:51:05.913883627Z stdout F -N ISTIO_OUTPUT
2022-05-09T06:51:05.913888604Z stdout F -A ISTIO_INBOUND -p tcp --dport 15008 -j RETURN
2022-05-09T06:51:05.913893355Z stdout F -A ISTIO_REDIRECT -p tcp -j REDIRECT --to-ports 15001
2022-05-09T06:51:05.913897873Z stdout F -A ISTIO_IN_REDIRECT -p tcp -j REDIRECT --to-ports 15006
2022-05-09T06:51:05.913902352Z stdout F -A PREROUTING -p tcp -j ISTIO_INBOUND
2022-05-09T06:51:05.913907212Z stdout F -A ISTIO_INBOUND -p tcp --dport 15090 -j RETURN
2022-05-09T06:51:05.913912159Z stdout F -A ISTIO_INBOUND -p tcp --dport 15021 -j RETURN
2022-05-09T06:51:05.913916896Z stdout F -A ISTIO_INBOUND -p tcp --dport 15020 -j RETURN
2022-05-09T06:51:05.91392148Z stdout F -A ISTIO_INBOUND -p tcp -j ISTIO_IN_REDIRECT
2022-05-09T06:51:05.913926469Z stdout F -A OUTPUT -p tcp -j ISTIO_OUTPUT
2022-05-09T06:51:05.913931275Z stdout F -A ISTIO_OUTPUT -o lo -s 127.0.0.6/32 -j RETURN
2022-05-09T06:51:05.913936492Z stdout F -A ISTIO_OUTPUT -o lo ! -d 127.0.0.1/32 -m owner --uid-owner 1337 -j ISTIO_IN_REDIRECT
2022-05-09T06:51:05.913988153Z stdout F -A ISTIO_OUTPUT -o lo -m owner ! --uid-owner 1337 -j RETURN
2022-05-09T06:51:05.91400892Z stdout F -A ISTIO_OUTPUT -m owner --uid-owner 1337 -j RETURN
2022-05-09T06:51:05.914015516Z stdout F -A ISTIO_OUTPUT -o lo ! -d 127.0.0.1/32 -m owner --gid-owner 1337 -j ISTIO_IN_REDIRECT
2022-05-09T06:51:05.914020534Z stdout F -A ISTIO_OUTPUT -o lo -m owner ! --gid-owner 1337 -j RETURN
2022-05-09T06:51:05.914025299Z stdout F -A ISTIO_OUTPUT -m owner --gid-owner 1337 -j RETURN
2022-05-09T06:51:05.914029948Z stdout F -A ISTIO_OUTPUT -d 127.0.0.1/32 -j RETURN
2022-05-09T06:51:05.914034368Z stdout F -A ISTIO_OUTPUT -j ISTIO_REDIRECT
2022-05-09T06:51:05.914038888Z stdout F COMMIT
2022-05-09T06:51:05.914052889Z stdout F 2022-05-09T06:51:05.913693Z	info	Running command: iptables-restore --noflush /tmp/iptables-rules-1652079065913347294.txt1742991965
2022-05-09T06:51:05.919237863Z stdout F 2022-05-09T06:51:05.918681Z	info	Writing following contents to rules file: /tmp/ip6tables-rules-1652079065918614760.txt631344700
2022-05-09T06:51:05.919270954Z stdout F 
2022-05-09T06:51:05.919282249Z stdout F 2022-05-09T06:51:05.918738Z	info	Running command: ip6tables-restore --noflush /tmp/ip6tables-rules-1652079065918614760.txt631344700
2022-05-09T06:51:05.922689173Z stdout F 2022-05-09T06:51:05.922106Z	info	Running command: iptables-save 
2022-05-09T06:51:05.926888218Z stdout F 2022-05-09T06:51:05.926610Z	info	Command output: 
2022-05-09T06:51:05.926912665Z stdout F # Generated by iptables-save v1.8.4 on Mon May  9 06:51:05 2022
2022-05-09T06:51:05.926920478Z stdout F *nat
2022-05-09T06:51:05.926966088Z stdout F :PREROUTING ACCEPT [0:0]
2022-05-09T06:51:05.926971269Z stdout F :INPUT ACCEPT [0:0]
2022-05-09T06:51:05.926974879Z stdout F :OUTPUT ACCEPT [0:0]
2022-05-09T06:51:05.926978845Z stdout F :POSTROUTING ACCEPT [0:0]
2022-05-09T06:51:05.926982275Z stdout F :ISTIO_INBOUND - [0:0]
2022-05-09T06:51:05.926988541Z stdout F :ISTIO_IN_REDIRECT - [0:0]
2022-05-09T06:51:05.927056988Z stdout F :ISTIO_OUTPUT - [0:0]
2022-05-09T06:51:05.927067126Z stdout F :ISTIO_REDIRECT - [0:0]
2022-05-09T06:51:05.927117872Z stdout F -A PREROUTING -p tcp -j ISTIO_INBOUND
2022-05-09T06:51:05.927123614Z stdout F -A OUTPUT -p tcp -j ISTIO_OUTPUT
2022-05-09T06:51:05.927128323Z stdout F -A ISTIO_INBOUND -p tcp -m tcp --dport 15008 -j RETURN
2022-05-09T06:51:05.927134727Z stdout F -A ISTIO_INBOUND -p tcp -m tcp --dport 15090 -j RETURN
2022-05-09T06:51:05.927143624Z stdout F -A ISTIO_INBOUND -p tcp -m tcp --dport 15021 -j RETURN
2022-05-09T06:51:05.927148374Z stdout F -A ISTIO_INBOUND -p tcp -m tcp --dport 15020 -j RETURN
2022-05-09T06:51:05.927152499Z stdout F -A ISTIO_INBOUND -p tcp -j ISTIO_IN_REDIRECT
2022-05-09T06:51:05.927156514Z stdout F -A ISTIO_IN_REDIRECT -p tcp -j REDIRECT --to-ports 15006
2022-05-09T06:51:05.927160598Z stdout F -A ISTIO_OUTPUT -s 127.0.0.6/32 -o lo -j RETURN
2022-05-09T06:51:05.927165727Z stdout F -A ISTIO_OUTPUT ! -d 127.0.0.1/32 -o lo -m owner --uid-owner 1337 -j ISTIO_IN_REDIRECT
2022-05-09T06:51:05.927170258Z stdout F -A ISTIO_OUTPUT -o lo -m owner ! --uid-owner 1337 -j RETURN
2022-05-09T06:51:05.9271746Z stdout F -A ISTIO_OUTPUT -m owner --uid-owner 1337 -j RETURN
2022-05-09T06:51:05.927179451Z stdout F -A ISTIO_OUTPUT ! -d 127.0.0.1/32 -o lo -m owner --gid-owner 1337 -j ISTIO_IN_REDIRECT
2022-05-09T06:51:05.927183923Z stdout F -A ISTIO_OUTPUT -o lo -m owner ! --gid-owner 1337 -j RETURN
2022-05-09T06:51:05.927188215Z stdout F -A ISTIO_OUTPUT -m owner --gid-owner 1337 -j RETURN
2022-05-09T06:51:05.927192533Z stdout F -A ISTIO_OUTPUT -d 127.0.0.1/32 -j RETURN
2022-05-09T06:51:05.927196816Z stdout F -A ISTIO_OUTPUT -j ISTIO_REDIRECT
2022-05-09T06:51:05.927200964Z stdout F -A ISTIO_REDIRECT -p tcp -j REDIRECT --to-ports 15001
2022-05-09T06:51:05.927205765Z stdout F COMMIT
2022-05-09T06:51:05.927210322Z stdout F # Completed on Mon May  9 06:51:05 2022
2022-05-09T06:51:05.927214458Z stdout F 
