2022-05-25T10:52:07.542912577Z stdout F 2022-05-25T10:52:07.542661Z	info	Istio iptables environment:
2022-05-25T10:52:07.542989561Z stdout F ENVOY_PORT=
2022-05-25T10:52:07.542996338Z stdout F INBOUND_CAPTURE_PORT=
2022-05-25T10:52:07.542999796Z stdout F ISTIO_INBOUND_INTERCEPTION_MODE=
2022-05-25T10:52:07.543002921Z stdout F ISTIO_INBOUND_TPROXY_ROUTE_TABLE=
2022-05-25T10:52:07.543005465Z stdout F ISTIO_INBOUND_PORTS=
2022-05-25T10:52:07.543007948Z stdout F ISTIO_OUTBOUND_PORTS=
2022-05-25T10:52:07.543010695Z stdout F ISTIO_LOCAL_EXCLUDE_PORTS=
2022-05-25T10:52:07.543013174Z stdout F ISTIO_EXCLUDE_INTERFACES=
2022-05-25T10:52:07.543015575Z stdout F ISTIO_SERVICE_CIDR=
2022-05-25T10:52:07.543017983Z stdout F ISTIO_SERVICE_EXCLUDE_CIDR=
2022-05-25T10:52:07.543020386Z stdout F ISTIO_META_DNS_CAPTURE=
2022-05-25T10:52:07.543022806Z stdout F INVALID_DROP=
2022-05-25T10:52:07.54302518Z stdout F 
2022-05-25T10:52:07.543027819Z stdout F 2022-05-25T10:52:07.542791Z	info	Istio iptables variables:
2022-05-25T10:52:07.543030357Z stdout F PROXY_PORT=15001
2022-05-25T10:52:07.543033122Z stdout F PROXY_INBOUND_CAPTURE_PORT=15006
2022-05-25T10:52:07.543035562Z stdout F PROXY_TUNNEL_PORT=15008
2022-05-25T10:52:07.543038052Z stdout F PROXY_UID=1337
2022-05-25T10:52:07.543040488Z stdout F PROXY_GID=1337
2022-05-25T10:52:07.543042888Z stdout F INBOUND_INTERCEPTION_MODE=REDIRECT
2022-05-25T10:52:07.543045314Z stdout F INBOUND_TPROXY_MARK=1337
2022-05-25T10:52:07.543047641Z stdout F INBOUND_TPROXY_ROUTE_TABLE=133
2022-05-25T10:52:07.543050049Z stdout F INBOUND_PORTS_INCLUDE=*
2022-05-25T10:52:07.543052409Z stdout F INBOUND_PORTS_EXCLUDE=15090,15021,15020
2022-05-25T10:52:07.543054825Z stdout F OUTBOUND_IP_RANGES_INCLUDE=*
2022-05-25T10:52:07.543057185Z stdout F OUTBOUND_IP_RANGES_EXCLUDE=
2022-05-25T10:52:07.543059866Z stdout F OUTBOUND_PORTS_INCLUDE=
2022-05-25T10:52:07.543062204Z stdout F OUTBOUND_PORTS_EXCLUDE=
2022-05-25T10:52:07.543064506Z stdout F KUBE_VIRT_INTERFACES=
2022-05-25T10:52:07.543066881Z stdout F ENABLE_INBOUND_IPV6=false
2022-05-25T10:52:07.543069998Z stdout F DNS_CAPTURE=false
2022-05-25T10:52:07.543075913Z stdout F DROP_INVALID=false
2022-05-25T10:52:07.543078538Z stdout F CAPTURE_ALL_DNS=false
2022-05-25T10:52:07.543080988Z stdout F DNS_SERVERS=[],[]
2022-05-25T10:52:07.543083704Z stdout F OUTPUT_PATH=
2022-05-25T10:52:07.543086323Z stdout F NETWORK_NAMESPACE=
2022-05-25T10:52:07.543088886Z stdout F CNI_MODE=false
2022-05-25T10:52:07.543091432Z stdout F EXCLUDE_INTERFACES=
2022-05-25T10:52:07.543094Z stdout F 
2022-05-25T10:52:07.543365222Z stdout F 2022-05-25T10:52:07.543148Z	info	Writing following contents to rules file: /tmp/iptables-rules-1653475927542936183.txt1315629681
2022-05-25T10:52:07.543422442Z stdout F * nat
2022-05-25T10:52:07.54343396Z stdout F -N ISTIO_INBOUND
2022-05-25T10:52:07.543439927Z stdout F -N ISTIO_REDIRECT
2022-05-25T10:52:07.543444943Z stdout F -N ISTIO_IN_REDIRECT
2022-05-25T10:52:07.543449846Z stdout F -N ISTIO_OUTPUT
2022-05-25T10:52:07.54345472Z stdout F -A ISTIO_INBOUND -p tcp --dport 15008 -j RETURN
2022-05-25T10:52:07.543459808Z stdout F -A ISTIO_REDIRECT -p tcp -j REDIRECT --to-ports 15001
2022-05-25T10:52:07.543464137Z stdout F -A ISTIO_IN_REDIRECT -p tcp -j REDIRECT --to-ports 15006
2022-05-25T10:52:07.543468294Z stdout F -A PREROUTING -p tcp -j ISTIO_INBOUND
2022-05-25T10:52:07.54347212Z stdout F -A ISTIO_INBOUND -p tcp --dport 15090 -j RETURN
2022-05-25T10:52:07.543476264Z stdout F -A ISTIO_INBOUND -p tcp --dport 15021 -j RETURN
2022-05-25T10:52:07.543533442Z stdout F -A ISTIO_INBOUND -p tcp --dport 15020 -j RETURN
2022-05-25T10:52:07.543542221Z stdout F -A ISTIO_INBOUND -p tcp -j ISTIO_IN_REDIRECT
2022-05-25T10:52:07.543547621Z stdout F -A OUTPUT -p tcp -j ISTIO_OUTPUT
2022-05-25T10:52:07.543552083Z stdout F -A ISTIO_OUTPUT -o lo -s 127.0.0.6/32 -j RETURN
2022-05-25T10:52:07.543556799Z stdout F -A ISTIO_OUTPUT -o lo ! -d 127.0.0.1/32 -m owner --uid-owner 1337 -j ISTIO_IN_REDIRECT
2022-05-25T10:52:07.54356137Z stdout F -A ISTIO_OUTPUT -o lo -m owner ! --uid-owner 1337 -j RETURN
2022-05-25T10:52:07.543565614Z stdout F -A ISTIO_OUTPUT -m owner --uid-owner 1337 -j RETURN
2022-05-25T10:52:07.543583161Z stdout F -A ISTIO_OUTPUT -o lo ! -d 127.0.0.1/32 -m owner --gid-owner 1337 -j ISTIO_IN_REDIRECT
2022-05-25T10:52:07.543587995Z stdout F -A ISTIO_OUTPUT -o lo -m owner ! --gid-owner 1337 -j RETURN
2022-05-25T10:52:07.543591922Z stdout F -A ISTIO_OUTPUT -m owner --gid-owner 1337 -j RETURN
2022-05-25T10:52:07.543596128Z stdout F -A ISTIO_OUTPUT -d 127.0.0.1/32 -j RETURN
2022-05-25T10:52:07.543600263Z stdout F -A ISTIO_OUTPUT -j ISTIO_REDIRECT
2022-05-25T10:52:07.543604352Z stdout F COMMIT
2022-05-25T10:52:07.543613769Z stdout F 2022-05-25T10:52:07.543306Z	info	Running command: iptables-restore --noflush /tmp/iptables-rules-1653475927542936183.txt1315629681
2022-05-25T10:52:07.554958187Z stdout F 2022-05-25T10:52:07.554717Z	info	Writing following contents to rules file: /tmp/ip6tables-rules-1653475927554485563.txt1865751038
2022-05-25T10:52:07.554987882Z stdout F 
2022-05-25T10:52:07.555002071Z stdout F 2022-05-25T10:52:07.554749Z	info	Running command: ip6tables-restore --noflush /tmp/ip6tables-rules-1653475927554485563.txt1865751038
2022-05-25T10:52:07.560094295Z stdout F 2022-05-25T10:52:07.559788Z	info	Running command: iptables-save 
2022-05-25T10:52:07.564955486Z stdout F 2022-05-25T10:52:07.564526Z	info	Command output: 
2022-05-25T10:52:07.564981811Z stdout F # Generated by iptables-save v1.8.4 on Wed May 25 10:52:07 2022
2022-05-25T10:52:07.564985653Z stdout F *nat
2022-05-25T10:52:07.565000424Z stdout F :PREROUTING ACCEPT [0:0]
2022-05-25T10:52:07.565009791Z stdout F :INPUT ACCEPT [0:0]
2022-05-25T10:52:07.565014477Z stdout F :OUTPUT ACCEPT [0:0]
2022-05-25T10:52:07.565018096Z stdout F :POSTROUTING ACCEPT [0:0]
2022-05-25T10:52:07.565020624Z stdout F :ISTIO_INBOUND - [0:0]
2022-05-25T10:52:07.565023091Z stdout F :ISTIO_IN_REDIRECT - [0:0]
2022-05-25T10:52:07.565025464Z stdout F :ISTIO_OUTPUT - [0:0]
2022-05-25T10:52:07.565027955Z stdout F :ISTIO_REDIRECT - [0:0]
2022-05-25T10:52:07.565030874Z stdout F -A PREROUTING -p tcp -j ISTIO_INBOUND
2022-05-25T10:52:07.565033251Z stdout F -A OUTPUT -p tcp -j ISTIO_OUTPUT
2022-05-25T10:52:07.565035707Z stdout F -A ISTIO_INBOUND -p tcp -m tcp --dport 15008 -j RETURN
2022-05-25T10:52:07.565038089Z stdout F -A ISTIO_INBOUND -p tcp -m tcp --dport 15090 -j RETURN
2022-05-25T10:52:07.565040465Z stdout F -A ISTIO_INBOUND -p tcp -m tcp --dport 15021 -j RETURN
2022-05-25T10:52:07.565042842Z stdout F -A ISTIO_INBOUND -p tcp -m tcp --dport 15020 -j RETURN
2022-05-25T10:52:07.565045239Z stdout F -A ISTIO_INBOUND -p tcp -j ISTIO_IN_REDIRECT
2022-05-25T10:52:07.565047615Z stdout F -A ISTIO_IN_REDIRECT -p tcp -j REDIRECT --to-ports 15006
2022-05-25T10:52:07.565049965Z stdout F -A ISTIO_OUTPUT -s 127.0.0.6/32 -o lo -j RETURN
2022-05-25T10:52:07.565053065Z stdout F -A ISTIO_OUTPUT ! -d 127.0.0.1/32 -o lo -m owner --uid-owner 1337 -j ISTIO_IN_REDIRECT
2022-05-25T10:52:07.565055591Z stdout F -A ISTIO_OUTPUT -o lo -m owner ! --uid-owner 1337 -j RETURN
2022-05-25T10:52:07.565057922Z stdout F -A ISTIO_OUTPUT -m owner --uid-owner 1337 -j RETURN
2022-05-25T10:52:07.565061029Z stdout F -A ISTIO_OUTPUT ! -d 127.0.0.1/32 -o lo -m owner --gid-owner 1337 -j ISTIO_IN_REDIRECT
2022-05-25T10:52:07.565064695Z stdout F -A ISTIO_OUTPUT -o lo -m owner ! --gid-owner 1337 -j RETURN
2022-05-25T10:52:07.565069176Z stdout F -A ISTIO_OUTPUT -m owner --gid-owner 1337 -j RETURN
2022-05-25T10:52:07.565072944Z stdout F -A ISTIO_OUTPUT -d 127.0.0.1/32 -j RETURN
2022-05-25T10:52:07.565076825Z stdout F -A ISTIO_OUTPUT -j ISTIO_REDIRECT
2022-05-25T10:52:07.565080847Z stdout F -A ISTIO_REDIRECT -p tcp -j REDIRECT --to-ports 15001
2022-05-25T10:52:07.565092068Z stdout F COMMIT
2022-05-25T10:52:07.565101589Z stdout F # Completed on Wed May 25 10:52:07 2022
2022-05-25T10:52:07.565111569Z stdout F 
