2022-05-09T07:06:11.672773191Z stderr F [2022-05-09 15:06:11 +0800] [1] [INFO] Starting gunicorn 20.0.4
2022-05-09T07:06:11.688691017Z stderr F [2022-05-09 15:06:11 +0800] [1] [INFO] Listening at: http://0.0.0.0:17001 (1)
2022-05-09T07:06:11.688728548Z stderr F [2022-05-09 15:06:11 +0800] [1] [INFO] Using worker: sync
2022-05-09T07:06:11.814003199Z stderr F [2022-05-09 15:06:11 +0800] [13] [INFO] Booting worker with pid: 13
2022-05-09T07:06:11.821201703Z stderr F [2022-05-09 15:06:11 +0800] [14] [INFO] Booting worker with pid: 14
2022-05-09T07:06:12.249540881Z stderr F [2022-05-09 15:06:12 +0800] [15] [INFO] Booting worker with pid: 15
2022-05-09T07:06:12.865937947Z stderr F [2022-05-09 15:06:12 +0800] [16] [INFO] Booting worker with pid: 16
2022-05-09T07:06:52.111989527Z stderr F [2022-05-09 15:06:42 +0800] [1] [CRITICAL] WORKER TIMEOUT (pid:13)
2022-05-09T07:06:54.01653128Z stderr F [2022-05-09 15:06:54 +0800] [1] [CRITICAL] WORKER TIMEOUT (pid:14)
2022-05-09T07:06:55.865378639Z stderr F [2022-05-09 15:06:54 +0800] [1] [CRITICAL] WORKER TIMEOUT (pid:15)
2022-05-09T07:06:55.874533041Z stderr F [2022-05-09 15:06:54 +0800] [1] [CRITICAL] WORKER TIMEOUT (pid:16)
2022-05-09T07:07:06.210661869Z stderr F [2022-05-09 15:07:06 +0800] [24] [INFO] Booting worker with pid: 24
2022-05-09T07:07:06.945883835Z stderr F [2022-05-09 15:07:06 +0800] [25] [INFO] Booting worker with pid: 25
2022-05-09T07:07:07.951699742Z stderr F [2022-05-09 15:07:07 +0800] [27] [INFO] Booting worker with pid: 27
2022-05-09T07:07:08.319590375Z stderr F [2022-05-09 15:07:07 +0800] [26] [INFO] Booting worker with pid: 26
2022-05-09T07:07:36.221240339Z stderr F [2022-05-09 15:07:36 +0800] [1] [CRITICAL] WORKER TIMEOUT (pid:24)
2022-05-09T07:07:36.230764887Z stderr F [2022-05-09 15:07:36 +0800] [1] [CRITICAL] WORKER TIMEOUT (pid:25)
2022-05-09T07:07:37.312357639Z stderr F [2022-05-09 15:07:37 +0800] [1] [CRITICAL] WORKER TIMEOUT (pid:26)
2022-05-09T07:07:38.375148573Z stderr F [2022-05-09 15:07:38 +0800] [1] [CRITICAL] WORKER TIMEOUT (pid:27)
2022-05-09T07:07:38.675452459Z stderr F [2022-05-09 15:07:38 +0800] [27] [ERROR] Exception in worker process
2022-05-09T07:07:38.675491583Z stderr F Traceback (most recent call last):
2022-05-09T07:07:38.675499207Z stderr F   File "/usr/local/lib/python3.9/site-packages/gunicorn/arbiter.py", line 583, in spawn_worker
2022-05-09T07:07:38.675504856Z stderr F     worker.init_process()
2022-05-09T07:07:38.675513986Z stderr F   File "/usr/local/lib/python3.9/site-packages/gunicorn/workers/base.py", line 119, in init_process
2022-05-09T07:07:38.675520579Z stderr F     self.load_wsgi()
2022-05-09T07:07:38.675526423Z stderr F   File "/usr/local/lib/python3.9/site-packages/gunicorn/workers/base.py", line 144, in load_wsgi
2022-05-09T07:07:38.675531151Z stderr F     self.wsgi = self.app.wsgi()
2022-05-09T07:07:38.675535543Z stderr F   File "/usr/local/lib/python3.9/site-packages/gunicorn/app/base.py", line 67, in wsgi
2022-05-09T07:07:38.675540171Z stderr F     self.callable = self.load()
2022-05-09T07:07:38.675544909Z stderr F   File "/usr/local/lib/python3.9/site-packages/gunicorn/app/wsgiapp.py", line 49, in load
2022-05-09T07:07:38.675549805Z stderr F     return self.load_wsgiapp()
2022-05-09T07:07:38.675554363Z stderr F   File "/usr/local/lib/python3.9/site-packages/gunicorn/app/wsgiapp.py", line 39, in load_wsgiapp
2022-05-09T07:07:38.675559179Z stderr F     return util.import_app(self.app_uri)
2022-05-09T07:07:38.675564073Z stderr F   File "/usr/local/lib/python3.9/site-packages/gunicorn/util.py", line 358, in import_app
2022-05-09T07:07:38.675568683Z stderr F     mod = importlib.import_module(module)
2022-05-09T07:07:38.675576659Z stderr F   File "/usr/local/lib/python3.9/importlib/__init__.py", line 127, in import_module
2022-05-09T07:07:38.675586156Z stderr F     return _bootstrap._gcd_import(name[level:], package, level)
2022-05-09T07:07:38.675592125Z stderr F   File "<frozen importlib._bootstrap>", line 1030, in _gcd_import
2022-05-09T07:07:38.675597716Z stderr F   File "<frozen importlib._bootstrap>", line 1007, in _find_and_load
2022-05-09T07:07:38.675622055Z stderr F   File "<frozen importlib._bootstrap>", line 986, in _find_and_load_unlocked
2022-05-09T07:07:38.675627973Z stderr F   File "<frozen importlib._bootstrap>", line 680, in _load_unlocked
2022-05-09T07:07:38.675632537Z stderr F   File "<frozen importlib._bootstrap_external>", line 850, in exec_module
2022-05-09T07:07:38.675636907Z stderr F   File "<frozen importlib._bootstrap>", line 228, in _call_with_frames_removed
2022-05-09T07:07:38.675641544Z stderr F   File "/app/app.py", line 10, in <module>
2022-05-09T07:07:38.675646141Z stderr F     from face_detect import check
2022-05-09T07:07:38.675650634Z stderr F   File "/app/face_detect.py", line 2, in <module>
2022-05-09T07:07:38.675658008Z stderr F     import dlib
2022-05-09T07:07:38.675668725Z stderr F   File "/usr/local/lib/python3.9/site-packages/dlib/__init__.py", line 19, in <module>
2022-05-09T07:07:38.675674991Z stderr F     from _dlib_pybind11 import *
2022-05-09T07:07:38.675679553Z stderr F ImportError: SystemExit: 1
2022-05-09T07:07:38.675684245Z stderr F 
2022-05-09T07:07:38.675695182Z stderr F At:
2022-05-09T07:07:38.675703981Z stderr F   /usr/local/lib/python3.9/site-packages/gunicorn/workers/base.py(201): handle_abort
2022-05-09T07:07:38.675710516Z stderr F   <frozen importlib._bootstrap>(228): _call_with_frames_removed
2022-05-09T07:07:38.675715505Z stderr F   <frozen importlib._bootstrap_external>(1173): create_module
2022-05-09T07:07:38.675720203Z stderr F   <frozen importlib._bootstrap>(565): module_from_spec
2022-05-09T07:07:38.675724718Z stderr F   <frozen importlib._bootstrap>(666): _load_unlocked
2022-05-09T07:07:38.675728818Z stderr F   <frozen importlib._bootstrap>(986): _find_and_load_unlocked
2022-05-09T07:07:38.675733269Z stderr F   <frozen importlib._bootstrap>(1007): _find_and_load
2022-05-09T07:07:38.675737594Z stderr F   /usr/local/lib/python3.9/site-packages/dlib/__init__.py(19): <module>
2022-05-09T07:07:38.67574175Z stderr F   <frozen importlib._bootstrap>(228): _call_with_frames_removed
2022-05-09T07:07:38.67574627Z stderr F   <frozen importlib._bootstrap_external>(850): exec_module
2022-05-09T07:07:38.675750833Z stderr F   <frozen importlib._bootstrap>(680): _load_unlocked
2022-05-09T07:07:38.675755401Z stderr F   <frozen importlib._bootstrap>(986): _find_and_load_unlocked
2022-05-09T07:07:38.675760148Z stderr F   <frozen importlib._bootstrap>(1007): _find_and_load
2022-05-09T07:07:38.675764332Z stderr F   /app/face_detect.py(2): <module>
2022-05-09T07:07:38.675768815Z stderr F   <frozen importlib._bootstrap>(228): _call_with_frames_removed
2022-05-09T07:07:38.675773881Z stderr F   <frozen importlib._bootstrap_external>(850): exec_module
2022-05-09T07:07:38.675778672Z stderr F   <frozen importlib._bootstrap>(680): _load_unlocked
2022-05-09T07:07:38.675783913Z stderr F   <frozen importlib._bootstrap>(986): _find_and_load_unlocked
2022-05-09T07:07:38.675789158Z stderr F   <frozen importlib._bootstrap>(1007): _find_and_load
2022-05-09T07:07:38.67579444Z stderr F   /app/app.py(10): <module>
2022-05-09T07:07:38.675799815Z stderr F   <frozen importlib._bootstrap>(228): _call_with_frames_removed
2022-05-09T07:07:38.675804779Z stderr F   <frozen importlib._bootstrap_external>(850): exec_module
2022-05-09T07:07:38.675809856Z stderr F   <frozen importlib._bootstrap>(680): _load_unlocked
2022-05-09T07:07:38.675815067Z stderr F   <frozen importlib._bootstrap>(986): _find_and_load_unlocked
2022-05-09T07:07:38.675819983Z stderr F   <frozen importlib._bootstrap>(1007): _find_and_load
2022-05-09T07:07:38.675824504Z stderr F   <frozen importlib._bootstrap>(1030): _gcd_import
2022-05-09T07:07:38.675829329Z stderr F   /usr/local/lib/python3.9/importlib/__init__.py(127): import_module
2022-05-09T07:07:38.675834296Z stderr F   /usr/local/lib/python3.9/site-packages/gunicorn/util.py(358): import_app
2022-05-09T07:07:38.675839272Z stderr F   /usr/local/lib/python3.9/site-packages/gunicorn/app/wsgiapp.py(39): load_wsgiapp
2022-05-09T07:07:38.675844206Z stderr F   /usr/local/lib/python3.9/site-packages/gunicorn/app/wsgiapp.py(49): load
2022-05-09T07:07:38.67585948Z stderr F   /usr/local/lib/python3.9/site-packages/gunicorn/app/base.py(67): wsgi
2022-05-09T07:07:38.675865146Z stderr F   /usr/local/lib/python3.9/site-packages/gunicorn/workers/base.py(144): load_wsgi
2022-05-09T07:07:38.675869586Z stderr F   /usr/local/lib/python3.9/site-packages/gunicorn/workers/base.py(119): init_process
2022-05-09T07:07:38.675873999Z stderr F   /usr/local/lib/python3.9/site-packages/gunicorn/arbiter.py(583): spawn_worker
2022-05-09T07:07:38.675878686Z stderr F   /usr/local/lib/python3.9/site-packages/gunicorn/arbiter.py(616): spawn_workers
2022-05-09T07:07:38.675994704Z stderr F   /usr/local/lib/python3.9/site-packages/gunicorn/arbiter.py(545): manage_workers
2022-05-09T07:07:38.67600863Z stderr F   /usr/local/lib/python3.9/site-packages/gunicorn/arbiter.py(211): run
2022-05-09T07:07:38.676014348Z stderr F   /usr/local/lib/python3.9/site-packages/gunicorn/app/base.py(72): run
2022-05-09T07:07:38.676018595Z stderr F   /usr/local/lib/python3.9/site-packages/gunicorn/app/base.py(228): run
2022-05-09T07:07:38.676022787Z stderr F   /usr/local/lib/python3.9/site-packages/gunicorn/app/wsgiapp.py(58): run
2022-05-09T07:07:38.67602797Z stderr F   /usr/local/bin/gunicorn(8): <module>
2022-05-09T07:07:38.676032433Z stderr F 
2022-05-09T07:07:38.690147709Z stderr F [2022-05-09 15:07:38 +0800] [27] [INFO] Worker exiting (pid: 27)
2022-05-09T07:07:39.432696021Z stderr F [2022-05-09 15:07:39 +0800] [56] [INFO] Booting worker with pid: 56
2022-05-09T07:07:40.121404476Z stderr F [2022-05-09 15:07:39 +0800] [57] [INFO] Booting worker with pid: 57
2022-05-09T07:07:40.36156074Z stderr F [2022-05-09 15:07:40 +0800] [58] [INFO] Booting worker with pid: 58
2022-05-09T07:07:40.450349652Z stderr F [2022-05-09 15:07:40 +0800] [59] [INFO] Booting worker with pid: 59
2022-05-09T07:08:10.397185618Z stderr F [2022-05-09 15:08:09 +0800] [1] [CRITICAL] WORKER TIMEOUT (pid:56)
2022-05-09T07:08:10.397287526Z stderr F [2022-05-09 15:08:10 +0800] [1] [CRITICAL] WORKER TIMEOUT (pid:57)
2022-05-09T07:08:10.397331015Z stderr F [2022-05-09 15:08:10 +0800] [1] [CRITICAL] WORKER TIMEOUT (pid:58)
2022-05-09T07:08:10.397358932Z stderr F [2022-05-09 15:08:10 +0800] [1] [CRITICAL] WORKER TIMEOUT (pid:59)
2022-05-09T07:08:10.411347072Z stderr F [2022-05-09 15:08:10 +0800] [59] [INFO] Worker exiting (pid: 59)
2022-05-09T07:08:10.692083421Z stderr F [2022-05-09 15:08:10 +0800] [56] [INFO] Worker exiting (pid: 56)
2022-05-09T07:08:10.82923792Z stderr F [2022-05-09 15:08:10 +0800] [58] [INFO] Worker exiting (pid: 58)
2022-05-09T07:08:12.212534052Z stderr F [2022-05-09 15:08:12 +0800] [57] [INFO] Worker exiting (pid: 57)
2022-05-09T07:08:14.306424699Z stderr F [2022-05-09 15:08:14 +0800] [61] [INFO] Booting worker with pid: 61
2022-05-09T07:08:14.434090761Z stderr F [2022-05-09 15:08:14 +0800] [60] [INFO] Booting worker with pid: 60
2022-05-09T07:08:15.23795352Z stderr F [2022-05-09 15:08:15 +0800] [62] [INFO] Booting worker with pid: 62
2022-05-09T07:08:26.318910869Z stderr F [2022-05-09 15:08:22 +0800] [63] [INFO] Booting worker with pid: 63
2022-05-09T07:08:44.451561822Z stderr F [2022-05-09 15:08:44 +0800] [1] [CRITICAL] WORKER TIMEOUT (pid:60)
2022-05-09T07:08:44.504877213Z stderr F [2022-05-09 15:08:44 +0800] [1] [CRITICAL] WORKER TIMEOUT (pid:61)
2022-05-09T07:08:44.576015722Z stderr F [2022-05-09 15:08:44 +0800] [1] [CRITICAL] WORKER TIMEOUT (pid:62)
2022-05-09T07:08:44.60018486Z stderr F [2022-05-09 15:08:44 +0800] [60] [INFO] Worker exiting (pid: 60)
2022-05-09T07:08:44.679597228Z stderr F [2022-05-09 15:08:44 +0800] [62] [INFO] Worker exiting (pid: 62)
2022-05-09T07:08:44.900833587Z stderr F [2022-05-09 15:08:44 +0800] [61] [INFO] Worker exiting (pid: 61)
2022-05-09T07:08:45.648407806Z stderr F [2022-05-09 15:08:45 +0800] [1] [CRITICAL] WORKER TIMEOUT (pid:63)
2022-05-09T07:08:46.545863207Z stderr F [2022-05-09 15:08:46 +0800] [64] [INFO] Booting worker with pid: 64
2022-05-09T07:08:46.899047922Z stderr F [2022-05-09 15:08:46 +0800] [65] [INFO] Booting worker with pid: 65
2022-05-09T07:08:47.109246474Z stderr F [2022-05-09 15:08:46 +0800] [67] [INFO] Booting worker with pid: 67
2022-05-09T07:08:47.24238359Z stderr F [2022-05-09 15:08:47 +0800] [66] [INFO] Booting worker with pid: 66
2022-05-09T07:09:16.396108402Z stderr F [2022-05-09 15:09:16 +0800] [1] [CRITICAL] WORKER TIMEOUT (pid:64)
2022-05-09T07:09:16.396164152Z stderr F [2022-05-09 15:09:16 +0800] [1] [CRITICAL] WORKER TIMEOUT (pid:65)
2022-05-09T07:09:17.10648079Z stderr F [2022-05-09 15:09:17 +0800] [64] [INFO] Worker exiting (pid: 64)
2022-05-09T07:09:17.278164402Z stderr F [2022-05-09 15:09:17 +0800] [65] [INFO] Worker exiting (pid: 65)
2022-05-09T07:09:17.431410251Z stderr F [2022-05-09 15:09:17 +0800] [1] [CRITICAL] WORKER TIMEOUT (pid:66)
2022-05-09T07:09:17.431467598Z stderr F [2022-05-09 15:09:17 +0800] [1] [CRITICAL] WORKER TIMEOUT (pid:67)
2022-05-09T07:09:17.467652377Z stderr F [2022-05-09 15:09:17 +0800] [67] [INFO] Worker exiting (pid: 67)
2022-05-09T07:09:17.505316636Z stderr F [2022-05-09 15:09:17 +0800] [66] [INFO] Worker exiting (pid: 66)
2022-05-09T07:09:19.044174006Z stderr F [2022-05-09 15:09:18 +0800] [97] [INFO] Booting worker with pid: 97
2022-05-09T07:09:19.19610888Z stderr F [2022-05-09 15:09:19 +0800] [96] [INFO] Booting worker with pid: 96
2022-05-09T07:09:19.365872513Z stderr F [2022-05-09 15:09:19 +0800] [98] [INFO] Booting worker with pid: 98
2022-05-09T07:09:19.679496592Z stderr F [2022-05-09 15:09:19 +0800] [99] [INFO] Booting worker with pid: 99
2022-05-09T07:09:48.860902176Z stderr F [2022-05-09 15:09:48 +0800] [1] [CRITICAL] WORKER TIMEOUT (pid:96)
2022-05-09T07:09:49.045779712Z stderr F [2022-05-09 15:09:49 +0800] [1] [CRITICAL] WORKER TIMEOUT (pid:97)
2022-05-09T07:09:50.195771881Z stderr F [2022-05-09 15:09:50 +0800] [1] [CRITICAL] WORKER TIMEOUT (pid:98)
2022-05-09T07:09:50.19588219Z stderr F [2022-05-09 15:09:50 +0800] [1] [CRITICAL] WORKER TIMEOUT (pid:99)
2022-05-09T07:09:51.499678048Z stderr F [2022-05-09 15:09:51 +0800] [128] [INFO] Booting worker with pid: 128
2022-05-09T07:09:51.971213198Z stderr F [2022-05-09 15:09:51 +0800] [129] [INFO] Booting worker with pid: 129
2022-05-09T07:09:52.09591263Z stderr F [2022-05-09 15:09:52 +0800] [130] [INFO] Booting worker with pid: 130
2022-05-09T07:09:52.197637074Z stderr F [2022-05-09 15:09:52 +0800] [131] [INFO] Booting worker with pid: 131
2022-05-09T07:10:21.996339816Z stderr F [2022-05-09 15:10:21 +0800] [1] [CRITICAL] WORKER TIMEOUT (pid:128)
2022-05-09T07:10:22.190842611Z stderr F [2022-05-09 15:10:22 +0800] [1] [CRITICAL] WORKER TIMEOUT (pid:129)
2022-05-09T07:10:22.190898051Z stderr F [2022-05-09 15:10:22 +0800] [1] [CRITICAL] WORKER TIMEOUT (pid:130)
2022-05-09T07:10:22.245746859Z stderr F [2022-05-09 15:10:22 +0800] [1] [CRITICAL] WORKER TIMEOUT (pid:131)
2022-05-09T07:10:22.269402385Z stderr F [2022-05-09 15:10:22 +0800] [129] [INFO] Worker exiting (pid: 129)
2022-05-09T07:10:22.292415523Z stderr F [2022-05-09 15:10:22 +0800] [128] [INFO] Worker exiting (pid: 128)
2022-05-09T07:10:22.336459425Z stderr F [2022-05-09 15:10:22 +0800] [130] [INFO] Worker exiting (pid: 130)
2022-05-09T07:10:24.071949547Z stderr F [2022-05-09 15:10:24 +0800] [160] [INFO] Booting worker with pid: 160
2022-05-09T07:10:24.926423168Z stderr F [2022-05-09 15:10:24 +0800] [161] [INFO] Booting worker with pid: 161
2022-05-09T07:10:26.833873096Z stderr F [2022-05-09 15:10:26 +0800] [162] [INFO] Booting worker with pid: 162
2022-05-09T07:10:27.603802529Z stderr F [2022-05-09 15:10:27 +0800] [163] [INFO] Booting worker with pid: 163
2022-05-09T07:10:54.320452456Z stderr F [2022-05-09 15:10:54 +0800] [1] [CRITICAL] WORKER TIMEOUT (pid:160)
2022-05-09T07:10:54.366088579Z stderr F [2022-05-09 15:10:54 +0800] [160] [INFO] Worker exiting (pid: 160)
2022-05-09T07:10:55.394314328Z stderr F [2022-05-09 15:10:55 +0800] [1] [CRITICAL] WORKER TIMEOUT (pid:161)
2022-05-09T07:10:55.394368492Z stderr F [2022-05-09 15:10:55 +0800] [1] [CRITICAL] WORKER TIMEOUT (pid:162)
2022-05-09T07:10:55.411127171Z stderr F [2022-05-09 15:10:55 +0800] [161] [INFO] Worker exiting (pid: 161)
2022-05-09T07:10:55.731204569Z stderr F [2022-05-09 15:10:55 +0800] [162] [INFO] Worker exiting (pid: 162)
2022-05-09T07:10:56.549346442Z stderr F [2022-05-09 15:10:56 +0800] [192] [INFO] Booting worker with pid: 192
2022-05-09T07:10:56.83460684Z stderr F [2022-05-09 15:10:56 +0800] [193] [INFO] Booting worker with pid: 193
2022-05-09T07:10:57.618259584Z stderr F [2022-05-09 15:10:57 +0800] [194] [INFO] Booting worker with pid: 194
2022-05-09T07:10:58.150121517Z stderr F [2022-05-09 15:10:58 +0800] [1] [CRITICAL] WORKER TIMEOUT (pid:163)
2022-05-09T07:10:58.2929725Z stderr F [2022-05-09 15:10:58 +0800] [163] [INFO] Worker exiting (pid: 163)
2022-05-09T07:11:00.291395882Z stderr F [2022-05-09 15:11:00 +0800] [195] [INFO] Booting worker with pid: 195
2022-05-09T07:11:26.758563134Z stderr F [2022-05-09 15:11:26 +0800] [1] [CRITICAL] WORKER TIMEOUT (pid:192)
2022-05-09T07:11:26.7907918Z stderr F [2022-05-09 15:11:26 +0800] [1] [CRITICAL] WORKER TIMEOUT (pid:193)
2022-05-09T07:11:27.789695694Z stderr F [2022-05-09 15:11:27 +0800] [1] [CRITICAL] WORKER TIMEOUT (pid:194)
2022-05-09T07:11:28.494787875Z stderr F [2022-05-09 15:11:28 +0800] [224] [INFO] Booting worker with pid: 224
2022-05-09T07:11:28.862252824Z stderr F [2022-05-09 15:11:28 +0800] [225] [INFO] Booting worker with pid: 225
2022-05-09T07:11:29.114405677Z stderr F [2022-05-09 15:11:29 +0800] [226] [INFO] Booting worker with pid: 226
2022-05-09T07:11:31.075196829Z stderr F [2022-05-09 15:11:31 +0800] [1] [CRITICAL] WORKER TIMEOUT (pid:195)
2022-05-09T07:11:33.321214434Z stderr F [2022-05-09 15:11:33 +0800] [227] [INFO] Booting worker with pid: 227
2022-05-09T07:11:58.40275953Z stderr F [2022-05-09 15:11:58 +0800] [1] [CRITICAL] WORKER TIMEOUT (pid:224)
2022-05-09T07:11:58.423140799Z stderr F [2022-05-09 15:11:58 +0800] [224] [INFO] Worker exiting (pid: 224)
2022-05-09T07:11:59.575988592Z stderr F [2022-05-09 15:11:59 +0800] [1] [CRITICAL] WORKER TIMEOUT (pid:225)
2022-05-09T07:11:59.576542778Z stderr F [2022-05-09 15:11:59 +0800] [1] [CRITICAL] WORKER TIMEOUT (pid:226)
2022-05-09T07:12:00.148018649Z stderr F [2022-05-09 15:12:00 +0800] [256] [INFO] Booting worker with pid: 256
2022-05-09T07:12:01.35950546Z stderr F [2022-05-09 15:12:01 +0800] [257] [INFO] Booting worker with pid: 257
2022-05-09T07:12:01.739409551Z stderr F [2022-05-09 15:12:01 +0800] [258] [INFO] Booting worker with pid: 258
2022-05-09T07:12:03.66623308Z stderr F [2022-05-09 15:12:03 +0800] [1] [CRITICAL] WORKER TIMEOUT (pid:227)
2022-05-09T07:12:04.303767862Z stderr F [2022-05-09 15:12:04 +0800] [227] [INFO] Worker exiting (pid: 227)
2022-05-09T07:12:06.263026776Z stderr F [2022-05-09 15:12:06 +0800] [259] [INFO] Booting worker with pid: 259
2022-05-09T07:12:30.884848773Z stderr F [2022-05-09 15:12:30 +0800] [1] [CRITICAL] WORKER TIMEOUT (pid:256)
2022-05-09T07:12:31.951238286Z stderr F [2022-05-09 15:12:31 +0800] [1] [CRITICAL] WORKER TIMEOUT (pid:257)
2022-05-09T07:12:31.951390092Z stderr F [2022-05-09 15:12:31 +0800] [1] [CRITICAL] WORKER TIMEOUT (pid:258)
2022-05-09T07:12:31.963505731Z stderr F [2022-05-09 15:12:31 +0800] [257] [INFO] Worker exiting (pid: 257)
2022-05-09T07:12:32.611346915Z stderr F [2022-05-09 15:12:32 +0800] [288] [INFO] Booting worker with pid: 288
2022-05-09T07:12:33.080909399Z stderr F [2022-05-09 15:12:33 +0800] [289] [INFO] Booting worker with pid: 289
2022-05-09T07:12:33.395258114Z stderr F [2022-05-09 15:12:33 +0800] [290] [INFO] Booting worker with pid: 290
2022-05-09T07:12:36.527830078Z stderr F [2022-05-09 15:12:36 +0800] [1] [CRITICAL] WORKER TIMEOUT (pid:259)
2022-05-09T07:12:36.589001356Z stderr F [2022-05-09 15:12:36 +0800] [259] [INFO] Worker exiting (pid: 259)
2022-05-09T07:12:38.212875003Z stderr F [2022-05-09 15:12:38 +0800] [291] [INFO] Booting worker with pid: 291
2022-05-09T07:13:03.373539685Z stderr F [2022-05-09 15:13:03 +0800] [1] [CRITICAL] WORKER TIMEOUT (pid:288)
2022-05-09T07:13:03.404534887Z stderr F [2022-05-09 15:13:03 +0800] [1] [CRITICAL] WORKER TIMEOUT (pid:289)
2022-05-09T07:13:03.404574318Z stderr F [2022-05-09 15:13:03 +0800] [1] [CRITICAL] WORKER TIMEOUT (pid:290)
2022-05-09T07:13:04.937794084Z stderr F [2022-05-09 15:13:04 +0800] [320] [INFO] Booting worker with pid: 320
2022-05-09T07:13:05.468914935Z stderr F [2022-05-09 15:13:05 +0800] [321] [INFO] Booting worker with pid: 321
2022-05-09T07:13:05.565367821Z stderr F [2022-05-09 15:13:05 +0800] [322] [INFO] Booting worker with pid: 322
2022-05-09T07:13:08.589073762Z stderr F [2022-05-09 15:13:08 +0800] [1] [CRITICAL] WORKER TIMEOUT (pid:291)
2022-05-09T07:13:10.110559592Z stderr F [2022-05-09 15:13:10 +0800] [323] [INFO] Booting worker with pid: 323
2022-05-09T07:13:35.663335374Z stderr F [2022-05-09 15:13:35 +0800] [1] [CRITICAL] WORKER TIMEOUT (pid:320)
2022-05-09T07:13:35.737779569Z stderr F [2022-05-09 15:13:35 +0800] [1] [CRITICAL] WORKER TIMEOUT (pid:321)
2022-05-09T07:13:35.737960164Z stderr F [2022-05-09 15:13:35 +0800] [1] [CRITICAL] WORKER TIMEOUT (pid:322)
2022-05-09T07:13:37.338950992Z stderr F [2022-05-09 15:13:37 +0800] [352] [INFO] Booting worker with pid: 352
2022-05-09T07:13:37.341203552Z stderr F [2022-05-09 15:13:37 +0800] [353] [INFO] Booting worker with pid: 353
2022-05-09T07:13:37.588215128Z stderr F [2022-05-09 15:13:37 +0800] [354] [INFO] Booting worker with pid: 354
2022-05-09T07:13:40.563940635Z stderr F [2022-05-09 15:13:40 +0800] [1] [CRITICAL] WORKER TIMEOUT (pid:323)
2022-05-09T07:13:41.878928697Z stderr F [2022-05-09 15:13:41 +0800] [355] [INFO] Booting worker with pid: 355
2022-05-09T07:14:08.140010196Z stderr F [2022-05-09 15:14:08 +0800] [1] [CRITICAL] WORKER TIMEOUT (pid:352)
2022-05-09T07:14:08.158726317Z stderr F [2022-05-09 15:14:08 +0800] [1] [CRITICAL] WORKER TIMEOUT (pid:353)
2022-05-09T07:14:08.159320287Z stderr F [2022-05-09 15:14:08 +0800] [1] [CRITICAL] WORKER TIMEOUT (pid:354)
2022-05-09T07:14:10.370121662Z stderr F [2022-05-09 15:14:10 +0800] [384] [INFO] Booting worker with pid: 384
2022-05-09T07:14:10.633346543Z stderr F [2022-05-09 15:14:10 +0800] [385] [INFO] Booting worker with pid: 385
2022-05-09T07:14:11.275006049Z stderr F [2022-05-09 15:14:11 +0800] [386] [INFO] Booting worker with pid: 386
2022-05-09T07:14:12.940116865Z stderr F [2022-05-09 15:14:12 +0800] [1] [CRITICAL] WORKER TIMEOUT (pid:355)
2022-05-09T07:14:15.05601896Z stderr F [2022-05-09 15:14:15 +0800] [387] [INFO] Booting worker with pid: 387
2022-05-09T07:14:40.438863548Z stderr F [2022-05-09 15:14:40 +0800] [1] [CRITICAL] WORKER TIMEOUT (pid:384)
2022-05-09T07:14:41.450068412Z stderr F [2022-05-09 15:14:41 +0800] [1] [CRITICAL] WORKER TIMEOUT (pid:385)
2022-05-09T07:14:41.452910396Z stderr F [2022-05-09 15:14:41 +0800] [1] [CRITICAL] WORKER TIMEOUT (pid:386)
2022-05-09T07:14:42.691525689Z stderr F [2022-05-09 15:14:42 +0800] [416] [INFO] Booting worker with pid: 416
2022-05-09T07:14:43.252971208Z stderr F [2022-05-09 15:14:43 +0800] [417] [INFO] Booting worker with pid: 417
2022-05-09T07:14:43.747546407Z stderr F [2022-05-09 15:14:43 +0800] [418] [INFO] Booting worker with pid: 418
2022-05-09T07:14:45.677533776Z stderr F [2022-05-09 15:14:45 +0800] [1] [CRITICAL] WORKER TIMEOUT (pid:387)
2022-05-09T07:14:47.93095397Z stderr F [2022-05-09 15:14:47 +0800] [419] [INFO] Booting worker with pid: 419
2022-05-09T07:15:12.425285613Z stderr F [2022-05-09 15:15:12 +0800] [1] [CRITICAL] WORKER TIMEOUT (pid:416)
2022-05-09T07:15:12.497158282Z stderr F [2022-05-09 15:15:12 +0800] [416] [INFO] Worker exiting (pid: 416)
2022-05-09T07:15:13.501043654Z stderr F [2022-05-09 15:15:13 +0800] [1] [CRITICAL] WORKER TIMEOUT (pid:417)
2022-05-09T07:15:13.501109375Z stderr F [2022-05-09 15:15:13 +0800] [1] [CRITICAL] WORKER TIMEOUT (pid:418)
2022-05-09T07:15:13.534585851Z stderr F [2022-05-09 15:15:13 +0800] [417] [INFO] Worker exiting (pid: 417)
2022-05-09T07:15:13.727518414Z stderr F [2022-05-09 15:15:13 +0800] [418] [INFO] Worker exiting (pid: 418)
2022-05-09T07:15:14.150921027Z stderr F [2022-05-09 15:15:14 +0800] [420] [INFO] Booting worker with pid: 420
2022-05-09T07:15:14.378375975Z stderr F [2022-05-09 15:15:14 +0800] [421] [INFO] Booting worker with pid: 421
2022-05-09T07:15:14.735340393Z stderr F [2022-05-09 15:15:14 +0800] [422] [INFO] Booting worker with pid: 422
2022-05-09T07:15:18.796441468Z stderr F [2022-05-09 15:15:18 +0800] [1] [CRITICAL] WORKER TIMEOUT (pid:419)
2022-05-09T07:15:18.798219295Z stderr F [2022-05-09 15:15:18 +0800] [419] [INFO] Worker exiting (pid: 419)
2022-05-09T07:15:20.584778993Z stderr F [2022-05-09 15:15:20 +0800] [423] [INFO] Booting worker with pid: 423
2022-05-09T07:15:44.741174906Z stderr F [2022-05-09 15:15:44 +0800] [1] [CRITICAL] WORKER TIMEOUT (pid:420)
2022-05-09T07:15:44.884545359Z stderr F [2022-05-09 15:15:44 +0800] [1] [CRITICAL] WORKER TIMEOUT (pid:421)
2022-05-09T07:15:44.884581239Z stderr F [2022-05-09 15:15:44 +0800] [1] [CRITICAL] WORKER TIMEOUT (pid:422)
2022-05-09T07:15:46.358740682Z stderr F [2022-05-09 15:15:46 +0800] [452] [INFO] Booting worker with pid: 452
2022-05-09T07:15:46.464294202Z stderr F [2022-05-09 15:15:46 +0800] [453] [INFO] Booting worker with pid: 453
2022-05-09T07:15:46.575274336Z stderr F [2022-05-09 15:15:46 +0800] [454] [INFO] Booting worker with pid: 454
2022-05-09T07:15:50.764240648Z stderr F [2022-05-09 15:15:50 +0800] [1] [CRITICAL] WORKER TIMEOUT (pid:423)
2022-05-09T07:15:52.494026066Z stderr F [2022-05-09 15:15:52 +0800] [455] [INFO] Booting worker with pid: 455
2022-05-09T07:16:16.63054762Z stderr F [2022-05-09 15:16:16 +0800] [1] [CRITICAL] WORKER TIMEOUT (pid:452)
2022-05-09T07:16:16.631356517Z stderr F [2022-05-09 15:16:16 +0800] [1] [CRITICAL] WORKER TIMEOUT (pid:453)
2022-05-09T07:16:16.661292222Z stderr F [2022-05-09 15:16:16 +0800] [1] [CRITICAL] WORKER TIMEOUT (pid:454)
2022-05-09T07:16:18.764297778Z stderr F [2022-05-09 15:16:18 +0800] [484] [INFO] Booting worker with pid: 484
2022-05-09T07:16:19.198128189Z stderr F [2022-05-09 15:16:19 +0800] [485] [INFO] Booting worker with pid: 485
2022-05-09T07:16:20.294594051Z stderr F [2022-05-09 15:16:20 +0800] [486] [INFO] Booting worker with pid: 486
2022-05-09T07:16:23.066626725Z stderr F [2022-05-09 15:16:23 +0800] [1] [CRITICAL] WORKER TIMEOUT (pid:455)
2022-05-09T07:16:25.558446159Z stderr F [2022-05-09 15:16:25 +0800] [487] [INFO] Booting worker with pid: 487
2022-05-09T07:16:48.520614882Z stderr F [2022-05-09 15:16:48 +0800] [1] [CRITICAL] WORKER TIMEOUT (pid:484)
2022-05-09T07:16:49.542085318Z stderr F [2022-05-09 15:16:49 +0800] [1] [CRITICAL] WORKER TIMEOUT (pid:485)
2022-05-09T07:16:49.562795508Z stderr F [2022-05-09 15:16:49 +0800] [1] [CRITICAL] WORKER TIMEOUT (pid:486)
2022-05-09T07:16:50.120114173Z stderr F [2022-05-09 15:16:50 +0800] [516] [INFO] Booting worker with pid: 516
2022-05-09T07:16:50.32390134Z stderr F [2022-05-09 15:16:50 +0800] [517] [INFO] Booting worker with pid: 517
2022-05-09T07:16:50.531489646Z stderr F [2022-05-09 15:16:50 +0800] [518] [INFO] Booting worker with pid: 518
2022-05-09T07:16:55.722420843Z stderr F [2022-05-09 15:16:55 +0800] [1] [CRITICAL] WORKER TIMEOUT (pid:487)
2022-05-09T07:16:57.418897478Z stderr F [2022-05-09 15:16:57 +0800] [533] [INFO] Booting worker with pid: 533
2022-05-09T07:17:20.301841837Z stderr F [2022-05-09 15:17:20 +0800] [1] [CRITICAL] WORKER TIMEOUT (pid:516)
2022-05-09T07:17:20.302152747Z stderr F [2022-05-09 15:17:20 +0800] [1] [CRITICAL] WORKER TIMEOUT (pid:517)
2022-05-09T07:17:21.693373448Z stderr F [2022-05-09 15:17:21 +0800] [1] [CRITICAL] WORKER TIMEOUT (pid:518)
2022-05-09T07:17:22.134790328Z stderr F [2022-05-09 15:17:22 +0800] [548] [INFO] Booting worker with pid: 548
2022-05-09T07:17:22.314437235Z stderr F [2022-05-09 15:17:22 +0800] [549] [INFO] Booting worker with pid: 549
2022-05-09T07:17:22.393646825Z stderr F [2022-05-09 15:17:22 +0800] [550] [INFO] Booting worker with pid: 550
2022-05-09T07:17:27.397801555Z stderr F [2022-05-09 15:17:27 +0800] [1] [CRITICAL] WORKER TIMEOUT (pid:533)
2022-05-09T07:17:28.89713425Z stderr F [2022-05-09 15:17:28 +0800] [572] [INFO] Booting worker with pid: 572
