2022-04-27T06:19:16.029090663Z stdout F 2022-04-27T06:19:16.028804Z	info	Istio iptables environment:
2022-04-27T06:19:16.029134124Z stdout F ENVOY_PORT=
2022-04-27T06:19:16.029141313Z stdout F INBOUND_CAPTURE_PORT=
2022-04-27T06:19:16.029146654Z stdout F ISTIO_INBOUND_INTERCEPTION_MODE=
2022-04-27T06:19:16.029151943Z stdout F ISTIO_INBOUND_TPROXY_ROUTE_TABLE=
2022-04-27T06:19:16.029155337Z stdout F ISTIO_INBOUND_PORTS=
2022-04-27T06:19:16.029158555Z stdout F ISTIO_OUTBOUND_PORTS=
2022-04-27T06:19:16.029161756Z stdout F ISTIO_LOCAL_EXCLUDE_PORTS=
2022-04-27T06:19:16.029165Z stdout F ISTIO_EXCLUDE_INTERFACES=
2022-04-27T06:19:16.029168404Z stdout F ISTIO_SERVICE_CIDR=
2022-04-27T06:19:16.029171635Z stdout F ISTIO_SERVICE_EXCLUDE_CIDR=
2022-04-27T06:19:16.029174802Z stdout F ISTIO_META_DNS_CAPTURE=
2022-04-27T06:19:16.029178047Z stdout F INVALID_DROP=
2022-04-27T06:19:16.029181097Z stdout F 
2022-04-27T06:19:16.029184361Z stdout F 2022-04-27T06:19:16.028951Z	info	Istio iptables variables:
2022-04-27T06:19:16.029187548Z stdout F PROXY_PORT=15001
2022-04-27T06:19:16.029190751Z stdout F PROXY_INBOUND_CAPTURE_PORT=15006
2022-04-27T06:19:16.029193896Z stdout F PROXY_TUNNEL_PORT=15008
2022-04-27T06:19:16.029197129Z stdout F PROXY_UID=1337
2022-04-27T06:19:16.029200346Z stdout F PROXY_GID=1337
2022-04-27T06:19:16.029203573Z stdout F INBOUND_INTERCEPTION_MODE=REDIRECT
2022-04-27T06:19:16.029206755Z stdout F INBOUND_TPROXY_MARK=1337
2022-04-27T06:19:16.029209961Z stdout F INBOUND_TPROXY_ROUTE_TABLE=133
2022-04-27T06:19:16.029213513Z stdout F INBOUND_PORTS_INCLUDE=*
2022-04-27T06:19:16.02921669Z stdout F INBOUND_PORTS_EXCLUDE=15090,15021,15020
2022-04-27T06:19:16.029219914Z stdout F OUTBOUND_IP_RANGES_INCLUDE=*
2022-04-27T06:19:16.029223075Z stdout F OUTBOUND_IP_RANGES_EXCLUDE=
2022-04-27T06:19:16.029226219Z stdout F OUTBOUND_PORTS_INCLUDE=
2022-04-27T06:19:16.029229366Z stdout F OUTBOUND_PORTS_EXCLUDE=
2022-04-27T06:19:16.029232538Z stdout F KUBE_VIRT_INTERFACES=
2022-04-27T06:19:16.029235718Z stdout F ENABLE_INBOUND_IPV6=false
2022-04-27T06:19:16.029239024Z stdout F DNS_CAPTURE=false
2022-04-27T06:19:16.029242219Z stdout F DROP_INVALID=false
2022-04-27T06:19:16.029245455Z stdout F CAPTURE_ALL_DNS=false
2022-04-27T06:19:16.029248657Z stdout F DNS_SERVERS=[],[]
2022-04-27T06:19:16.029251949Z stdout F OUTPUT_PATH=
2022-04-27T06:19:16.029255208Z stdout F NETWORK_NAMESPACE=
2022-04-27T06:19:16.029258398Z stdout F CNI_MODE=false
2022-04-27T06:19:16.029261778Z stdout F EXCLUDE_INTERFACES=
2022-04-27T06:19:16.029264744Z stdout F 
2022-04-27T06:19:16.029275771Z stdout F 2022-04-27T06:19:16.029171Z	info	Writing following contents to rules file: /tmp/iptables-rules-1651040356029012470.txt1985703431
2022-04-27T06:19:16.029279683Z stdout F * nat
2022-04-27T06:19:16.029283142Z stdout F -N ISTIO_INBOUND
2022-04-27T06:19:16.029286318Z stdout F -N ISTIO_REDIRECT
2022-04-27T06:19:16.02929006Z stdout F -N ISTIO_IN_REDIRECT
2022-04-27T06:19:16.029293868Z stdout F -N ISTIO_OUTPUT
2022-04-27T06:19:16.029297093Z stdout F -A ISTIO_INBOUND -p tcp --dport 15008 -j RETURN
2022-04-27T06:19:16.029300309Z stdout F -A ISTIO_REDIRECT -p tcp -j REDIRECT --to-ports 15001
2022-04-27T06:19:16.02938021Z stdout F -A ISTIO_IN_REDIRECT -p tcp -j REDIRECT --to-ports 15006
2022-04-27T06:19:16.029385069Z stdout F -A PREROUTING -p tcp -j ISTIO_INBOUND
2022-04-27T06:19:16.029388357Z stdout F -A ISTIO_INBOUND -p tcp --dport 15090 -j RETURN
2022-04-27T06:19:16.029391502Z stdout F -A ISTIO_INBOUND -p tcp --dport 15021 -j RETURN
2022-04-27T06:19:16.029394648Z stdout F -A ISTIO_INBOUND -p tcp --dport 15020 -j RETURN
2022-04-27T06:19:16.029397784Z stdout F -A ISTIO_INBOUND -p tcp -j ISTIO_IN_REDIRECT
2022-04-27T06:19:16.02940105Z stdout F -A OUTPUT -p tcp -j ISTIO_OUTPUT
2022-04-27T06:19:16.02940423Z stdout F -A ISTIO_OUTPUT -o lo -s 127.0.0.6/32 -j RETURN
2022-04-27T06:19:16.02940821Z stdout F -A ISTIO_OUTPUT -o lo ! -d 127.0.0.1/32 -m owner --uid-owner 1337 -j ISTIO_IN_REDIRECT
2022-04-27T06:19:16.029412039Z stdout F -A ISTIO_OUTPUT -o lo -m owner ! --uid-owner 1337 -j RETURN
2022-04-27T06:19:16.02941567Z stdout F -A ISTIO_OUTPUT -m owner --uid-owner 1337 -j RETURN
2022-04-27T06:19:16.029427803Z stdout F -A ISTIO_OUTPUT -o lo ! -d 127.0.0.1/32 -m owner --gid-owner 1337 -j ISTIO_IN_REDIRECT
2022-04-27T06:19:16.029431496Z stdout F -A ISTIO_OUTPUT -o lo -m owner ! --gid-owner 1337 -j RETURN
2022-04-27T06:19:16.029434664Z stdout F -A ISTIO_OUTPUT -m owner --gid-owner 1337 -j RETURN
2022-04-27T06:19:16.029437825Z stdout F -A ISTIO_OUTPUT -d 127.0.0.1/32 -j RETURN
2022-04-27T06:19:16.029442503Z stdout F -A ISTIO_OUTPUT -j ISTIO_REDIRECT
2022-04-27T06:19:16.029445891Z stdout F COMMIT
2022-04-27T06:19:16.029490778Z stdout F 2022-04-27T06:19:16.029270Z	info	Running command: iptables-restore --noflush /tmp/iptables-rules-1651040356029012470.txt1985703431
2022-04-27T06:19:16.033738268Z stdout F 2022-04-27T06:19:16.033485Z	info	Writing following contents to rules file: /tmp/ip6tables-rules-1651040356033398867.txt2046170500
2022-04-27T06:19:16.033761795Z stdout F 
2022-04-27T06:19:16.033766397Z stdout F 2022-04-27T06:19:16.033625Z	info	Running command: ip6tables-restore --noflush /tmp/ip6tables-rules-1651040356033398867.txt2046170500
2022-04-27T06:19:16.035794526Z stdout F 2022-04-27T06:19:16.035519Z	info	Running command: iptables-save 
2022-04-27T06:19:16.038840876Z stdout F 2022-04-27T06:19:16.038405Z	info	Command output: 
2022-04-27T06:19:16.038883462Z stdout F # Generated by iptables-save v1.8.4 on Wed Apr 27 06:19:16 2022
2022-04-27T06:19:16.038897914Z stdout F *nat
2022-04-27T06:19:16.038912134Z stdout F :PREROUTING ACCEPT [0:0]
2022-04-27T06:19:16.038916787Z stdout F :INPUT ACCEPT [0:0]
2022-04-27T06:19:16.038920135Z stdout F :OUTPUT ACCEPT [0:0]
2022-04-27T06:19:16.038938215Z stdout F :POSTROUTING ACCEPT [0:0]
2022-04-27T06:19:16.038950108Z stdout F :ISTIO_INBOUND - [0:0]
2022-04-27T06:19:16.03895616Z stdout F :ISTIO_IN_REDIRECT - [0:0]
2022-04-27T06:19:16.038959699Z stdout F :ISTIO_OUTPUT - [0:0]
2022-04-27T06:19:16.038962893Z stdout F :ISTIO_REDIRECT - [0:0]
2022-04-27T06:19:16.038968198Z stdout F -A PREROUTING -p tcp -j ISTIO_INBOUND
2022-04-27T06:19:16.038971557Z stdout F -A OUTPUT -p tcp -j ISTIO_OUTPUT
2022-04-27T06:19:16.038974851Z stdout F -A ISTIO_INBOUND -p tcp -m tcp --dport 15008 -j RETURN
2022-04-27T06:19:16.038978015Z stdout F -A ISTIO_INBOUND -p tcp -m tcp --dport 15090 -j RETURN
2022-04-27T06:19:16.038981109Z stdout F -A ISTIO_INBOUND -p tcp -m tcp --dport 15021 -j RETURN
2022-04-27T06:19:16.038984266Z stdout F -A ISTIO_INBOUND -p tcp -m tcp --dport 15020 -j RETURN
2022-04-27T06:19:16.038987425Z stdout F -A ISTIO_INBOUND -p tcp -j ISTIO_IN_REDIRECT
2022-04-27T06:19:16.038990542Z stdout F -A ISTIO_IN_REDIRECT -p tcp -j REDIRECT --to-ports 15006
2022-04-27T06:19:16.038993644Z stdout F -A ISTIO_OUTPUT -s 127.0.0.6/32 -o lo -j RETURN
2022-04-27T06:19:16.038997852Z stdout F -A ISTIO_OUTPUT ! -d 127.0.0.1/32 -o lo -m owner --uid-owner 1337 -j ISTIO_IN_REDIRECT
2022-04-27T06:19:16.03901957Z stdout F -A ISTIO_OUTPUT -o lo -m owner ! --uid-owner 1337 -j RETURN
2022-04-27T06:19:16.039026075Z stdout F -A ISTIO_OUTPUT -m owner --uid-owner 1337 -j RETURN
2022-04-27T06:19:16.039031881Z stdout F -A ISTIO_OUTPUT ! -d 127.0.0.1/32 -o lo -m owner --gid-owner 1337 -j ISTIO_IN_REDIRECT
2022-04-27T06:19:16.039036679Z stdout F -A ISTIO_OUTPUT -o lo -m owner ! --gid-owner 1337 -j RETURN
2022-04-27T06:19:16.039041463Z stdout F -A ISTIO_OUTPUT -m owner --gid-owner 1337 -j RETURN
2022-04-27T06:19:16.039056512Z stdout F -A ISTIO_OUTPUT -d 127.0.0.1/32 -j RETURN
2022-04-27T06:19:16.039070703Z stdout F -A ISTIO_OUTPUT -j ISTIO_REDIRECT
2022-04-27T06:19:16.039122024Z stdout F -A ISTIO_REDIRECT -p tcp -j REDIRECT --to-ports 15001
2022-04-27T06:19:16.039132913Z stdout F COMMIT
2022-04-27T06:19:16.039136756Z stdout F # Completed on Wed Apr 27 06:19:16 2022
2022-04-27T06:19:16.039139806Z stdout F 
