2022-05-25T10:52:30.442576515Z stdout F 2022-05-25T10:52:30.431056Z	info	Istio iptables environment:
2022-05-25T10:52:30.442720702Z stdout F ENVOY_PORT=
2022-05-25T10:52:30.442806302Z stdout F INBOUND_CAPTURE_PORT=
2022-05-25T10:52:30.442835828Z stdout F ISTIO_INBOUND_INTERCEPTION_MODE=
2022-05-25T10:52:30.442858925Z stdout F ISTIO_INBOUND_TPROXY_ROUTE_TABLE=
2022-05-25T10:52:30.442864159Z stdout F ISTIO_INBOUND_PORTS=
2022-05-25T10:52:30.442884281Z stdout F ISTIO_OUTBOUND_PORTS=
2022-05-25T10:52:30.442904781Z stdout F ISTIO_LOCAL_EXCLUDE_PORTS=
2022-05-25T10:52:30.442913437Z stdout F ISTIO_EXCLUDE_INTERFACES=
2022-05-25T10:52:30.442918376Z stdout F ISTIO_SERVICE_CIDR=
2022-05-25T10:52:30.442922829Z stdout F ISTIO_SERVICE_EXCLUDE_CIDR=
2022-05-25T10:52:30.442927369Z stdout F ISTIO_META_DNS_CAPTURE=
2022-05-25T10:52:30.442931796Z stdout F INVALID_DROP=
2022-05-25T10:52:30.442936133Z stdout F 
2022-05-25T10:52:30.442958407Z stdout F 2022-05-25T10:52:30.431144Z	info	Istio iptables variables:
2022-05-25T10:52:30.442963803Z stdout F PROXY_PORT=15001
2022-05-25T10:52:30.442988228Z stdout F PROXY_INBOUND_CAPTURE_PORT=15006
2022-05-25T10:52:30.443073006Z stdout F PROXY_TUNNEL_PORT=15008
2022-05-25T10:52:30.443098175Z stdout F PROXY_UID=1337
2022-05-25T10:52:30.443107904Z stdout F PROXY_GID=1337
2022-05-25T10:52:30.443113817Z stdout F INBOUND_INTERCEPTION_MODE=REDIRECT
2022-05-25T10:52:30.443118481Z stdout F INBOUND_TPROXY_MARK=1337
2022-05-25T10:52:30.443122992Z stdout F INBOUND_TPROXY_ROUTE_TABLE=133
2022-05-25T10:52:30.443195073Z stdout F INBOUND_PORTS_INCLUDE=*
2022-05-25T10:52:30.443208186Z stdout F INBOUND_PORTS_EXCLUDE=15090,15021,15020
2022-05-25T10:52:30.443214512Z stdout F OUTBOUND_IP_RANGES_INCLUDE=*
2022-05-25T10:52:30.443219896Z stdout F OUTBOUND_IP_RANGES_EXCLUDE=
2022-05-25T10:52:30.443252131Z stdout F OUTBOUND_PORTS_INCLUDE=
2022-05-25T10:52:30.443262254Z stdout F OUTBOUND_PORTS_EXCLUDE=
2022-05-25T10:52:30.443282795Z stdout F KUBE_VIRT_INTERFACES=
2022-05-25T10:52:30.443290932Z stdout F ENABLE_INBOUND_IPV6=false
2022-05-25T10:52:30.443296305Z stdout F DNS_CAPTURE=false
2022-05-25T10:52:30.443319014Z stdout F DROP_INVALID=false
2022-05-25T10:52:30.443324357Z stdout F CAPTURE_ALL_DNS=false
2022-05-25T10:52:30.443345315Z stdout F DNS_SERVERS=[],[]
2022-05-25T10:52:30.443352642Z stdout F OUTPUT_PATH=
2022-05-25T10:52:30.443358077Z stdout F NETWORK_NAMESPACE=
2022-05-25T10:52:30.443362775Z stdout F CNI_MODE=false
2022-05-25T10:52:30.443510725Z stdout F EXCLUDE_INTERFACES=
2022-05-25T10:52:30.443538819Z stdout F 
2022-05-25T10:52:30.443546163Z stdout F 2022-05-25T10:52:30.432833Z	info	Writing following contents to rules file: /tmp/iptables-rules-1653475950431363983.txt4233892278
2022-05-25T10:52:30.443551076Z stdout F * nat
2022-05-25T10:52:30.443555794Z stdout F -N ISTIO_INBOUND
2022-05-25T10:52:30.443560022Z stdout F -N ISTIO_REDIRECT
2022-05-25T10:52:30.443580187Z stdout F -N ISTIO_IN_REDIRECT
2022-05-25T10:52:30.443601202Z stdout F -N ISTIO_OUTPUT
2022-05-25T10:52:30.443609678Z stdout F -A ISTIO_INBOUND -p tcp --dport 15008 -j RETURN
2022-05-25T10:52:30.443614867Z stdout F -A ISTIO_REDIRECT -p tcp -j REDIRECT --to-ports 15001
2022-05-25T10:52:30.443618982Z stdout F -A ISTIO_IN_REDIRECT -p tcp -j REDIRECT --to-ports 15006
2022-05-25T10:52:30.443725423Z stdout F -A PREROUTING -p tcp -j ISTIO_INBOUND
2022-05-25T10:52:30.443774994Z stdout F -A ISTIO_INBOUND -p tcp --dport 15090 -j RETURN
2022-05-25T10:52:30.443786499Z stdout F -A ISTIO_INBOUND -p tcp --dport 15021 -j RETURN
2022-05-25T10:52:30.443791768Z stdout F -A ISTIO_INBOUND -p tcp --dport 15020 -j RETURN
2022-05-25T10:52:30.44379642Z stdout F -A ISTIO_INBOUND -p tcp -j ISTIO_IN_REDIRECT
2022-05-25T10:52:30.443814526Z stdout F -A OUTPUT -p tcp -j ISTIO_OUTPUT
2022-05-25T10:52:30.443823195Z stdout F -A ISTIO_OUTPUT -o lo -s 127.0.0.6/32 -j RETURN
2022-05-25T10:52:30.443829136Z stdout F -A ISTIO_OUTPUT -o lo ! -d 127.0.0.1/32 -m owner --uid-owner 1337 -j ISTIO_IN_REDIRECT
2022-05-25T10:52:30.443864653Z stdout F -A ISTIO_OUTPUT -o lo -m owner ! --uid-owner 1337 -j RETURN
2022-05-25T10:52:30.443897778Z stdout F -A ISTIO_OUTPUT -m owner --uid-owner 1337 -j RETURN
2022-05-25T10:52:30.443904065Z stdout F -A ISTIO_OUTPUT -o lo ! -d 127.0.0.1/32 -m owner --gid-owner 1337 -j ISTIO_IN_REDIRECT
2022-05-25T10:52:30.443919974Z stdout F -A ISTIO_OUTPUT -o lo -m owner ! --gid-owner 1337 -j RETURN
2022-05-25T10:52:30.443928516Z stdout F -A ISTIO_OUTPUT -m owner --gid-owner 1337 -j RETURN
2022-05-25T10:52:30.443945343Z stdout F -A ISTIO_OUTPUT -d 127.0.0.1/32 -j RETURN
2022-05-25T10:52:30.443958078Z stdout F -A ISTIO_OUTPUT -j ISTIO_REDIRECT
2022-05-25T10:52:30.443962318Z stdout F COMMIT
2022-05-25T10:52:30.443965574Z stdout F 2022-05-25T10:52:30.432912Z	info	Running command: iptables-restore --noflush /tmp/iptables-rules-1653475950431363983.txt4233892278
2022-05-25T10:52:30.634438523Z stdout F 2022-05-25T10:52:30.600111Z	info	Writing following contents to rules file: /tmp/ip6tables-rules-1653475950599997096.txt3336578980
2022-05-25T10:52:30.63452386Z stdout F 
2022-05-25T10:52:30.709345677Z stdout F 2022-05-25T10:52:30.704535Z	info	Running command: ip6tables-restore --noflush /tmp/ip6tables-rules-1653475950599997096.txt3336578980
2022-05-25T10:52:30.729175971Z stdout F 2022-05-25T10:52:30.728236Z	info	Running command: iptables-save 
2022-05-25T10:52:30.767347797Z stdout F 2022-05-25T10:52:30.749862Z	info	Command output: 
2022-05-25T10:52:30.767379698Z stdout F # Generated by iptables-save v1.8.4 on Wed May 25 10:52:30 2022
2022-05-25T10:52:30.767385086Z stdout F *nat
2022-05-25T10:52:30.767389088Z stdout F :PREROUTING ACCEPT [0:0]
2022-05-25T10:52:30.767392736Z stdout F :INPUT ACCEPT [0:0]
2022-05-25T10:52:30.767396649Z stdout F :OUTPUT ACCEPT [0:0]
2022-05-25T10:52:30.767400725Z stdout F :POSTROUTING ACCEPT [0:0]
2022-05-25T10:52:30.767404184Z stdout F :ISTIO_INBOUND - [0:0]
2022-05-25T10:52:30.767407843Z stdout F :ISTIO_IN_REDIRECT - [0:0]
2022-05-25T10:52:30.767411368Z stdout F :ISTIO_OUTPUT - [0:0]
2022-05-25T10:52:30.767414977Z stdout F :ISTIO_REDIRECT - [0:0]
2022-05-25T10:52:30.767419073Z stdout F -A PREROUTING -p tcp -j ISTIO_INBOUND
2022-05-25T10:52:30.767422654Z stdout F -A OUTPUT -p tcp -j ISTIO_OUTPUT
2022-05-25T10:52:30.767426279Z stdout F -A ISTIO_INBOUND -p tcp -m tcp --dport 15008 -j RETURN
2022-05-25T10:52:30.767429889Z stdout F -A ISTIO_INBOUND -p tcp -m tcp --dport 15090 -j RETURN
2022-05-25T10:52:30.767433386Z stdout F -A ISTIO_INBOUND -p tcp -m tcp --dport 15021 -j RETURN
2022-05-25T10:52:30.767437021Z stdout F -A ISTIO_INBOUND -p tcp -m tcp --dport 15020 -j RETURN
2022-05-25T10:52:30.767440914Z stdout F -A ISTIO_INBOUND -p tcp -j ISTIO_IN_REDIRECT
2022-05-25T10:52:30.767444599Z stdout F -A ISTIO_IN_REDIRECT -p tcp -j REDIRECT --to-ports 15006
2022-05-25T10:52:30.767448122Z stdout F -A ISTIO_OUTPUT -s 127.0.0.6/32 -o lo -j RETURN
2022-05-25T10:52:30.767452Z stdout F -A ISTIO_OUTPUT ! -d 127.0.0.1/32 -o lo -m owner --uid-owner 1337 -j ISTIO_IN_REDIRECT
2022-05-25T10:52:30.7674559Z stdout F -A ISTIO_OUTPUT -o lo -m owner ! --uid-owner 1337 -j RETURN
2022-05-25T10:52:30.767459372Z stdout F -A ISTIO_OUTPUT -m owner --uid-owner 1337 -j RETURN
2022-05-25T10:52:30.76746289Z stdout F -A ISTIO_OUTPUT ! -d 127.0.0.1/32 -o lo -m owner --gid-owner 1337 -j ISTIO_IN_REDIRECT
2022-05-25T10:52:30.767466619Z stdout F -A ISTIO_OUTPUT -o lo -m owner ! --gid-owner 1337 -j RETURN
2022-05-25T10:52:30.767470155Z stdout F -A ISTIO_OUTPUT -m owner --gid-owner 1337 -j RETURN
2022-05-25T10:52:30.767473711Z stdout F -A ISTIO_OUTPUT -d 127.0.0.1/32 -j RETURN
2022-05-25T10:52:30.767477249Z stdout F -A ISTIO_OUTPUT -j ISTIO_REDIRECT
2022-05-25T10:52:30.767480739Z stdout F -A ISTIO_REDIRECT -p tcp -j REDIRECT --to-ports 15001
2022-05-25T10:52:30.767484457Z stdout F COMMIT
2022-05-25T10:52:30.767488103Z stdout F # Completed on Wed May 25 10:52:30 2022
2022-05-25T10:52:30.767491634Z stdout F 
