2022-05-25T10:52:16.546473113Z stdout F 2022-05-25T10:52:16.545568Z	info	Istio iptables environment:
2022-05-25T10:52:16.546517557Z stdout F ENVOY_PORT=
2022-05-25T10:52:16.546525411Z stdout F INBOUND_CAPTURE_PORT=
2022-05-25T10:52:16.546530622Z stdout F ISTIO_INBOUND_INTERCEPTION_MODE=
2022-05-25T10:52:16.546535184Z stdout F ISTIO_INBOUND_TPROXY_ROUTE_TABLE=
2022-05-25T10:52:16.546538836Z stdout F ISTIO_INBOUND_PORTS=
2022-05-25T10:52:16.546542432Z stdout F ISTIO_OUTBOUND_PORTS=
2022-05-25T10:52:16.546546822Z stdout F ISTIO_LOCAL_EXCLUDE_PORTS=
2022-05-25T10:52:16.546551001Z stdout F ISTIO_EXCLUDE_INTERFACES=
2022-05-25T10:52:16.546554952Z stdout F ISTIO_SERVICE_CIDR=
2022-05-25T10:52:16.546558147Z stdout F ISTIO_SERVICE_EXCLUDE_CIDR=
2022-05-25T10:52:16.546561295Z stdout F ISTIO_META_DNS_CAPTURE=
2022-05-25T10:52:16.546564573Z stdout F INVALID_DROP=
2022-05-25T10:52:16.546568027Z stdout F 
2022-05-25T10:52:16.546572335Z stdout F 2022-05-25T10:52:16.545620Z	info	Istio iptables variables:
2022-05-25T10:52:16.546576184Z stdout F PROXY_PORT=15001
2022-05-25T10:52:16.546579994Z stdout F PROXY_INBOUND_CAPTURE_PORT=15006
2022-05-25T10:52:16.546583785Z stdout F PROXY_TUNNEL_PORT=15008
2022-05-25T10:52:16.546587567Z stdout F PROXY_UID=1337
2022-05-25T10:52:16.546591137Z stdout F PROXY_GID=1337
2022-05-25T10:52:16.54659435Z stdout F INBOUND_INTERCEPTION_MODE=REDIRECT
2022-05-25T10:52:16.54659786Z stdout F INBOUND_TPROXY_MARK=1337
2022-05-25T10:52:16.546605004Z stdout F INBOUND_TPROXY_ROUTE_TABLE=133
2022-05-25T10:52:16.546608734Z stdout F INBOUND_PORTS_INCLUDE=*
2022-05-25T10:52:16.546612853Z stdout F INBOUND_PORTS_EXCLUDE=15090,15021,15020
2022-05-25T10:52:16.546616663Z stdout F OUTBOUND_IP_RANGES_INCLUDE=*
2022-05-25T10:52:16.546620433Z stdout F OUTBOUND_IP_RANGES_EXCLUDE=
2022-05-25T10:52:16.546624154Z stdout F OUTBOUND_PORTS_INCLUDE=
2022-05-25T10:52:16.546627944Z stdout F OUTBOUND_PORTS_EXCLUDE=
2022-05-25T10:52:16.546631421Z stdout F KUBE_VIRT_INTERFACES=
2022-05-25T10:52:16.546634861Z stdout F ENABLE_INBOUND_IPV6=false
2022-05-25T10:52:16.546638716Z stdout F DNS_CAPTURE=false
2022-05-25T10:52:16.546642645Z stdout F DROP_INVALID=false
2022-05-25T10:52:16.546646176Z stdout F CAPTURE_ALL_DNS=false
2022-05-25T10:52:16.546649734Z stdout F DNS_SERVERS=[],[]
2022-05-25T10:52:16.546653566Z stdout F OUTPUT_PATH=
2022-05-25T10:52:16.546657433Z stdout F NETWORK_NAMESPACE=
2022-05-25T10:52:16.546660935Z stdout F CNI_MODE=false
2022-05-25T10:52:16.546664885Z stdout F EXCLUDE_INTERFACES=
2022-05-25T10:52:16.546668278Z stdout F 
2022-05-25T10:52:16.546672604Z stdout F 2022-05-25T10:52:16.545939Z	info	Writing following contents to rules file: /tmp/iptables-rules-1653475936545676252.txt254191706
2022-05-25T10:52:16.546676435Z stdout F * nat
2022-05-25T10:52:16.546680562Z stdout F -N ISTIO_INBOUND
2022-05-25T10:52:16.54668869Z stdout F -N ISTIO_REDIRECT
2022-05-25T10:52:16.546692829Z stdout F -N ISTIO_IN_REDIRECT
2022-05-25T10:52:16.546700515Z stdout F -N ISTIO_OUTPUT
2022-05-25T10:52:16.546704694Z stdout F -A ISTIO_INBOUND -p tcp --dport 15008 -j RETURN
2022-05-25T10:52:16.54670883Z stdout F -A ISTIO_REDIRECT -p tcp -j REDIRECT --to-ports 15001
2022-05-25T10:52:16.546712686Z stdout F -A ISTIO_IN_REDIRECT -p tcp -j REDIRECT --to-ports 15006
2022-05-25T10:52:16.546720484Z stdout F -A PREROUTING -p tcp -j ISTIO_INBOUND
2022-05-25T10:52:16.546724585Z stdout F -A ISTIO_INBOUND -p tcp --dport 15090 -j RETURN
2022-05-25T10:52:16.54672878Z stdout F -A ISTIO_INBOUND -p tcp --dport 15021 -j RETURN
2022-05-25T10:52:16.546732824Z stdout F -A ISTIO_INBOUND -p tcp --dport 15020 -j RETURN
2022-05-25T10:52:16.546736817Z stdout F -A ISTIO_INBOUND -p tcp -j ISTIO_IN_REDIRECT
2022-05-25T10:52:16.546740775Z stdout F -A OUTPUT -p tcp -j ISTIO_OUTPUT
2022-05-25T10:52:16.546748494Z stdout F -A ISTIO_OUTPUT -o lo -s 127.0.0.6/32 -j RETURN
2022-05-25T10:52:16.546753265Z stdout F -A ISTIO_OUTPUT -o lo ! -d 127.0.0.1/32 -m owner --uid-owner 1337 -j ISTIO_IN_REDIRECT
2022-05-25T10:52:16.546757328Z stdout F -A ISTIO_OUTPUT -o lo -m owner ! --uid-owner 1337 -j RETURN
2022-05-25T10:52:16.546761448Z stdout F -A ISTIO_OUTPUT -m owner --uid-owner 1337 -j RETURN
2022-05-25T10:52:16.546774319Z stdout F -A ISTIO_OUTPUT -o lo ! -d 127.0.0.1/32 -m owner --gid-owner 1337 -j ISTIO_IN_REDIRECT
2022-05-25T10:52:16.546779021Z stdout F -A ISTIO_OUTPUT -o lo -m owner ! --gid-owner 1337 -j RETURN
2022-05-25T10:52:16.546783217Z stdout F -A ISTIO_OUTPUT -m owner --gid-owner 1337 -j RETURN
2022-05-25T10:52:16.546787161Z stdout F -A ISTIO_OUTPUT -d 127.0.0.1/32 -j RETURN
2022-05-25T10:52:16.546791357Z stdout F -A ISTIO_OUTPUT -j ISTIO_REDIRECT
2022-05-25T10:52:16.546795412Z stdout F COMMIT
2022-05-25T10:52:16.546799938Z stdout F 2022-05-25T10:52:16.545990Z	info	Running command: iptables-restore --noflush /tmp/iptables-rules-1653475936545676252.txt254191706
2022-05-25T10:52:16.581389988Z stdout F 2022-05-25T10:52:16.580299Z	info	Writing following contents to rules file: /tmp/ip6tables-rules-1653475936580169693.txt489921382
2022-05-25T10:52:16.581406231Z stdout F 
2022-05-25T10:52:16.581410309Z stdout F 2022-05-25T10:52:16.580366Z	info	Running command: ip6tables-restore --noflush /tmp/ip6tables-rules-1653475936580169693.txt489921382
2022-05-25T10:52:16.592946764Z stdout F 2022-05-25T10:52:16.591278Z	info	Running command: iptables-save 
2022-05-25T10:52:16.610082321Z stdout F 2022-05-25T10:52:16.606880Z	info	Command output: 
2022-05-25T10:52:16.610102852Z stdout F # Generated by iptables-save v1.8.4 on Wed May 25 10:52:16 2022
2022-05-25T10:52:16.610107086Z stdout F *nat
2022-05-25T10:52:16.6101105Z stdout F :PREROUTING ACCEPT [0:0]
2022-05-25T10:52:16.610113229Z stdout F :INPUT ACCEPT [0:0]
2022-05-25T10:52:16.610115766Z stdout F :OUTPUT ACCEPT [0:0]
2022-05-25T10:52:16.610119078Z stdout F :POSTROUTING ACCEPT [0:0]
2022-05-25T10:52:16.610121502Z stdout F :ISTIO_INBOUND - [0:0]
2022-05-25T10:52:16.61012389Z stdout F :ISTIO_IN_REDIRECT - [0:0]
2022-05-25T10:52:16.610126412Z stdout F :ISTIO_OUTPUT - [0:0]
2022-05-25T10:52:16.610128838Z stdout F :ISTIO_REDIRECT - [0:0]
2022-05-25T10:52:16.61013165Z stdout F -A PREROUTING -p tcp -j ISTIO_INBOUND
2022-05-25T10:52:16.610134105Z stdout F -A OUTPUT -p tcp -j ISTIO_OUTPUT
2022-05-25T10:52:16.61013651Z stdout F -A ISTIO_INBOUND -p tcp -m tcp --dport 15008 -j RETURN
2022-05-25T10:52:16.610166939Z stdout F -A ISTIO_INBOUND -p tcp -m tcp --dport 15090 -j RETURN
2022-05-25T10:52:16.610218499Z stdout F -A ISTIO_INBOUND -p tcp -m tcp --dport 15021 -j RETURN
2022-05-25T10:52:16.610224145Z stdout F -A ISTIO_INBOUND -p tcp -m tcp --dport 15020 -j RETURN
2022-05-25T10:52:16.610228653Z stdout F -A ISTIO_INBOUND -p tcp -j ISTIO_IN_REDIRECT
2022-05-25T10:52:16.610233384Z stdout F -A ISTIO_IN_REDIRECT -p tcp -j REDIRECT --to-ports 15006
2022-05-25T10:52:16.610237457Z stdout F -A ISTIO_OUTPUT -s 127.0.0.6/32 -o lo -j RETURN
2022-05-25T10:52:16.610242064Z stdout F -A ISTIO_OUTPUT ! -d 127.0.0.1/32 -o lo -m owner --uid-owner 1337 -j ISTIO_IN_REDIRECT
2022-05-25T10:52:16.610245841Z stdout F -A ISTIO_OUTPUT -o lo -m owner ! --uid-owner 1337 -j RETURN
2022-05-25T10:52:16.610249714Z stdout F -A ISTIO_OUTPUT -m owner --uid-owner 1337 -j RETURN
2022-05-25T10:52:16.610253505Z stdout F -A ISTIO_OUTPUT ! -d 127.0.0.1/32 -o lo -m owner --gid-owner 1337 -j ISTIO_IN_REDIRECT
2022-05-25T10:52:16.610257651Z stdout F -A ISTIO_OUTPUT -o lo -m owner ! --gid-owner 1337 -j RETURN
2022-05-25T10:52:16.610261457Z stdout F -A ISTIO_OUTPUT -m owner --gid-owner 1337 -j RETURN
2022-05-25T10:52:16.610267987Z stdout F -A ISTIO_OUTPUT -d 127.0.0.1/32 -j RETURN
2022-05-25T10:52:16.610277687Z stdout F -A ISTIO_OUTPUT -j ISTIO_REDIRECT
2022-05-25T10:52:16.610282997Z stdout F -A ISTIO_REDIRECT -p tcp -j REDIRECT --to-ports 15001
2022-05-25T10:52:16.610287448Z stdout F COMMIT
2022-05-25T10:52:16.610291987Z stdout F # Completed on Wed May 25 10:52:16 2022
2022-05-25T10:52:16.610296146Z stdout F 
