2022-05-09T11:48:03.761000932Z stdout F 2022-05-09T11:48:03.741563Z	info	Istio iptables environment:
2022-05-09T11:48:03.761101586Z stdout F ENVOY_PORT=
2022-05-09T11:48:03.761112535Z stdout F INBOUND_CAPTURE_PORT=
2022-05-09T11:48:03.761120343Z stdout F ISTIO_INBOUND_INTERCEPTION_MODE=
2022-05-09T11:48:03.761127004Z stdout F ISTIO_INBOUND_TPROXY_ROUTE_TABLE=
2022-05-09T11:48:03.76113289Z stdout F ISTIO_INBOUND_PORTS=
2022-05-09T11:48:03.761139412Z stdout F ISTIO_OUTBOUND_PORTS=
2022-05-09T11:48:03.761145264Z stdout F ISTIO_LOCAL_EXCLUDE_PORTS=
2022-05-09T11:48:03.761150639Z stdout F ISTIO_EXCLUDE_INTERFACES=
2022-05-09T11:48:03.761156546Z stdout F ISTIO_SERVICE_CIDR=
2022-05-09T11:48:03.761162344Z stdout F ISTIO_SERVICE_EXCLUDE_CIDR=
2022-05-09T11:48:03.761167941Z stdout F ISTIO_META_DNS_CAPTURE=
2022-05-09T11:48:03.76117388Z stdout F INVALID_DROP=
2022-05-09T11:48:03.761227874Z stdout F 
2022-05-09T11:48:03.76123318Z stdout F 2022-05-09T11:48:03.757410Z	info	Istio iptables variables:
2022-05-09T11:48:03.761236975Z stdout F PROXY_PORT=15001
2022-05-09T11:48:03.761240628Z stdout F PROXY_INBOUND_CAPTURE_PORT=15006
2022-05-09T11:48:03.761244226Z stdout F PROXY_TUNNEL_PORT=15008
2022-05-09T11:48:03.761247803Z stdout F PROXY_UID=1337
2022-05-09T11:48:03.761251417Z stdout F PROXY_GID=1337
2022-05-09T11:48:03.761255411Z stdout F INBOUND_INTERCEPTION_MODE=REDIRECT
2022-05-09T11:48:03.761259012Z stdout F INBOUND_TPROXY_MARK=1337
2022-05-09T11:48:03.761262516Z stdout F INBOUND_TPROXY_ROUTE_TABLE=133
2022-05-09T11:48:03.7612661Z stdout F INBOUND_PORTS_INCLUDE=*
2022-05-09T11:48:03.761269727Z stdout F INBOUND_PORTS_EXCLUDE=15090,15021,15020
2022-05-09T11:48:03.761273285Z stdout F OUTBOUND_IP_RANGES_INCLUDE=*
2022-05-09T11:48:03.761276815Z stdout F OUTBOUND_IP_RANGES_EXCLUDE=
2022-05-09T11:48:03.761280304Z stdout F OUTBOUND_PORTS_INCLUDE=
2022-05-09T11:48:03.761283798Z stdout F OUTBOUND_PORTS_EXCLUDE=
2022-05-09T11:48:03.761287261Z stdout F KUBE_VIRT_INTERFACES=
2022-05-09T11:48:03.761290762Z stdout F ENABLE_INBOUND_IPV6=false
2022-05-09T11:48:03.761294274Z stdout F DNS_CAPTURE=false
2022-05-09T11:48:03.76129785Z stdout F DROP_INVALID=false
2022-05-09T11:48:03.761301407Z stdout F CAPTURE_ALL_DNS=false
2022-05-09T11:48:03.761304952Z stdout F DNS_SERVERS=[],[]
2022-05-09T11:48:03.761308551Z stdout F OUTPUT_PATH=
2022-05-09T11:48:03.761312073Z stdout F NETWORK_NAMESPACE=
2022-05-09T11:48:03.761315651Z stdout F CNI_MODE=false
2022-05-09T11:48:03.761319161Z stdout F EXCLUDE_INTERFACES=
2022-05-09T11:48:03.761322564Z stdout F 
2022-05-09T11:48:03.761326787Z stdout F 2022-05-09T11:48:03.757936Z	info	Writing following contents to rules file: /tmp/iptables-rules-1652096883757540799.txt2536365649
2022-05-09T11:48:03.761330334Z stdout F * nat
2022-05-09T11:48:03.761333922Z stdout F -N ISTIO_INBOUND
2022-05-09T11:48:03.761337436Z stdout F -N ISTIO_REDIRECT
2022-05-09T11:48:03.761340989Z stdout F -N ISTIO_IN_REDIRECT
2022-05-09T11:48:03.761344602Z stdout F -N ISTIO_OUTPUT
2022-05-09T11:48:03.761348167Z stdout F -A ISTIO_INBOUND -p tcp --dport 15008 -j RETURN
2022-05-09T11:48:03.761351723Z stdout F -A ISTIO_REDIRECT -p tcp -j REDIRECT --to-ports 15001
2022-05-09T11:48:03.761355269Z stdout F -A ISTIO_IN_REDIRECT -p tcp -j REDIRECT --to-ports 15006
2022-05-09T11:48:03.761358731Z stdout F -A PREROUTING -p tcp -j ISTIO_INBOUND
2022-05-09T11:48:03.761362266Z stdout F -A ISTIO_INBOUND -p tcp --dport 15090 -j RETURN
2022-05-09T11:48:03.761365759Z stdout F -A ISTIO_INBOUND -p tcp --dport 15021 -j RETURN
2022-05-09T11:48:03.761369267Z stdout F -A ISTIO_INBOUND -p tcp --dport 15020 -j RETURN
2022-05-09T11:48:03.761372779Z stdout F -A ISTIO_INBOUND -p tcp -j ISTIO_IN_REDIRECT
2022-05-09T11:48:03.761376285Z stdout F -A OUTPUT -p tcp -j ISTIO_OUTPUT
2022-05-09T11:48:03.761379903Z stdout F -A ISTIO_OUTPUT -o lo -s 127.0.0.6/32 -j RETURN
2022-05-09T11:48:03.76138405Z stdout F -A ISTIO_OUTPUT -o lo ! -d 127.0.0.1/32 -m owner --uid-owner 1337 -j ISTIO_IN_REDIRECT
2022-05-09T11:48:03.761387567Z stdout F -A ISTIO_OUTPUT -o lo -m owner ! --uid-owner 1337 -j RETURN
2022-05-09T11:48:03.761391283Z stdout F -A ISTIO_OUTPUT -m owner --uid-owner 1337 -j RETURN
2022-05-09T11:48:03.761406865Z stdout F -A ISTIO_OUTPUT -o lo ! -d 127.0.0.1/32 -m owner --gid-owner 1337 -j ISTIO_IN_REDIRECT
2022-05-09T11:48:03.761411189Z stdout F -A ISTIO_OUTPUT -o lo -m owner ! --gid-owner 1337 -j RETURN
2022-05-09T11:48:03.761414703Z stdout F -A ISTIO_OUTPUT -m owner --gid-owner 1337 -j RETURN
2022-05-09T11:48:03.761418426Z stdout F -A ISTIO_OUTPUT -d 127.0.0.1/32 -j RETURN
2022-05-09T11:48:03.761422031Z stdout F -A ISTIO_OUTPUT -j ISTIO_REDIRECT
2022-05-09T11:48:03.761425954Z stdout F COMMIT
2022-05-09T11:48:03.761430697Z stdout F 2022-05-09T11:48:03.758043Z	info	Running command: iptables-restore --noflush /tmp/iptables-rules-1652096883757540799.txt2536365649
2022-05-09T11:48:03.795933091Z stdout F 2022-05-09T11:48:03.794879Z	info	Writing following contents to rules file: /tmp/ip6tables-rules-1652096883794705533.txt281542419
2022-05-09T11:48:03.795971436Z stdout F 
2022-05-09T11:48:03.795989434Z stdout F 2022-05-09T11:48:03.794927Z	info	Running command: ip6tables-restore --noflush /tmp/ip6tables-rules-1652096883794705533.txt281542419
2022-05-09T11:48:03.810637126Z stdout F 2022-05-09T11:48:03.807615Z	info	Running command: iptables-save 
2022-05-09T11:48:03.838552548Z stdout F 2022-05-09T11:48:03.835344Z	info	Command output: 
2022-05-09T11:48:03.838593577Z stdout F # Generated by iptables-save v1.8.4 on Mon May  9 11:48:03 2022
2022-05-09T11:48:03.838603639Z stdout F *nat
2022-05-09T11:48:03.838611755Z stdout F :PREROUTING ACCEPT [0:0]
2022-05-09T11:48:03.838618865Z stdout F :INPUT ACCEPT [0:0]
2022-05-09T11:48:03.838625634Z stdout F :OUTPUT ACCEPT [0:0]
2022-05-09T11:48:03.838632995Z stdout F :POSTROUTING ACCEPT [0:0]
2022-05-09T11:48:03.838639712Z stdout F :ISTIO_INBOUND - [0:0]
2022-05-09T11:48:03.838646154Z stdout F :ISTIO_IN_REDIRECT - [0:0]
2022-05-09T11:48:03.838652643Z stdout F :ISTIO_OUTPUT - [0:0]
2022-05-09T11:48:03.838659105Z stdout F :ISTIO_REDIRECT - [0:0]
2022-05-09T11:48:03.838666342Z stdout F -A PREROUTING -p tcp -j ISTIO_INBOUND
2022-05-09T11:48:03.838672711Z stdout F -A OUTPUT -p tcp -j ISTIO_OUTPUT
2022-05-09T11:48:03.838679099Z stdout F -A ISTIO_INBOUND -p tcp -m tcp --dport 15008 -j RETURN
2022-05-09T11:48:03.838685109Z stdout F -A ISTIO_INBOUND -p tcp -m tcp --dport 15090 -j RETURN
2022-05-09T11:48:03.83869178Z stdout F -A ISTIO_INBOUND -p tcp -m tcp --dport 15021 -j RETURN
2022-05-09T11:48:03.83869833Z stdout F -A ISTIO_INBOUND -p tcp -m tcp --dport 15020 -j RETURN
2022-05-09T11:48:03.838704604Z stdout F -A ISTIO_INBOUND -p tcp -j ISTIO_IN_REDIRECT
2022-05-09T11:48:03.838710886Z stdout F -A ISTIO_IN_REDIRECT -p tcp -j REDIRECT --to-ports 15006
2022-05-09T11:48:03.838724567Z stdout F -A ISTIO_OUTPUT -s 127.0.0.6/32 -o lo -j RETURN
2022-05-09T11:48:03.838732366Z stdout F -A ISTIO_OUTPUT ! -d 127.0.0.1/32 -o lo -m owner --uid-owner 1337 -j ISTIO_IN_REDIRECT
2022-05-09T11:48:03.838738826Z stdout F -A ISTIO_OUTPUT -o lo -m owner ! --uid-owner 1337 -j RETURN
2022-05-09T11:48:03.838744822Z stdout F -A ISTIO_OUTPUT -m owner --uid-owner 1337 -j RETURN
2022-05-09T11:48:03.838751155Z stdout F -A ISTIO_OUTPUT ! -d 127.0.0.1/32 -o lo -m owner --gid-owner 1337 -j ISTIO_IN_REDIRECT
2022-05-09T11:48:03.838757657Z stdout F -A ISTIO_OUTPUT -o lo -m owner ! --gid-owner 1337 -j RETURN
2022-05-09T11:48:03.838763866Z stdout F -A ISTIO_OUTPUT -m owner --gid-owner 1337 -j RETURN
2022-05-09T11:48:03.838881763Z stdout F -A ISTIO_OUTPUT -d 127.0.0.1/32 -j RETURN
2022-05-09T11:48:03.838891602Z stdout F -A ISTIO_OUTPUT -j ISTIO_REDIRECT
2022-05-09T11:48:03.838898421Z stdout F -A ISTIO_REDIRECT -p tcp -j REDIRECT --to-ports 15001
2022-05-09T11:48:03.83890497Z stdout F COMMIT
2022-05-09T11:48:03.838911383Z stdout F # Completed on Mon May  9 11:48:03 2022
2022-05-09T11:48:03.838917399Z stdout F 
