2022-05-09T11:48:14.979315097Z stdout F 2022-05-09T11:48:14.942356Z	info	Istio iptables environment:
2022-05-09T11:48:14.97944577Z stdout F ENVOY_PORT=
2022-05-09T11:48:14.979461898Z stdout F INBOUND_CAPTURE_PORT=
2022-05-09T11:48:14.979471125Z stdout F ISTIO_INBOUND_INTERCEPTION_MODE=
2022-05-09T11:48:14.979535329Z stdout F ISTIO_INBOUND_TPROXY_ROUTE_TABLE=
2022-05-09T11:48:14.979555237Z stdout F ISTIO_INBOUND_PORTS=
2022-05-09T11:48:14.979564958Z stdout F ISTIO_OUTBOUND_PORTS=
2022-05-09T11:48:14.979573508Z stdout F ISTIO_LOCAL_EXCLUDE_PORTS=
2022-05-09T11:48:14.979581182Z stdout F ISTIO_EXCLUDE_INTERFACES=
2022-05-09T11:48:14.979588874Z stdout F ISTIO_SERVICE_CIDR=
2022-05-09T11:48:14.979596371Z stdout F ISTIO_SERVICE_EXCLUDE_CIDR=
2022-05-09T11:48:14.979604135Z stdout F ISTIO_META_DNS_CAPTURE=
2022-05-09T11:48:14.979611772Z stdout F INVALID_DROP=
2022-05-09T11:48:14.979618903Z stdout F 
2022-05-09T11:48:14.979626064Z stdout F 2022-05-09T11:48:14.975151Z	info	Istio iptables variables:
2022-05-09T11:48:14.979632915Z stdout F PROXY_PORT=15001
2022-05-09T11:48:14.979640635Z stdout F PROXY_INBOUND_CAPTURE_PORT=15006
2022-05-09T11:48:14.979649054Z stdout F PROXY_TUNNEL_PORT=15008
2022-05-09T11:48:14.979657103Z stdout F PROXY_UID=1337
2022-05-09T11:48:14.979665328Z stdout F PROXY_GID=1337
2022-05-09T11:48:14.979673658Z stdout F INBOUND_INTERCEPTION_MODE=REDIRECT
2022-05-09T11:48:14.979681939Z stdout F INBOUND_TPROXY_MARK=1337
2022-05-09T11:48:14.979690132Z stdout F INBOUND_TPROXY_ROUTE_TABLE=133
2022-05-09T11:48:14.979697839Z stdout F INBOUND_PORTS_INCLUDE=*
2022-05-09T11:48:14.979705143Z stdout F INBOUND_PORTS_EXCLUDE=15090,15021,15020
2022-05-09T11:48:14.979712235Z stdout F OUTBOUND_IP_RANGES_INCLUDE=*
2022-05-09T11:48:14.979719422Z stdout F OUTBOUND_IP_RANGES_EXCLUDE=
2022-05-09T11:48:14.979760938Z stdout F OUTBOUND_PORTS_INCLUDE=
2022-05-09T11:48:14.979771082Z stdout F OUTBOUND_PORTS_EXCLUDE=
2022-05-09T11:48:14.979779059Z stdout F KUBE_VIRT_INTERFACES=
2022-05-09T11:48:14.979785876Z stdout F ENABLE_INBOUND_IPV6=false
2022-05-09T11:48:14.979804391Z stdout F DNS_CAPTURE=false
2022-05-09T11:48:14.979819029Z stdout F DROP_INVALID=false
2022-05-09T11:48:14.979829468Z stdout F CAPTURE_ALL_DNS=false
2022-05-09T11:48:14.979837562Z stdout F DNS_SERVERS=[],[]
2022-05-09T11:48:14.979934704Z stdout F OUTPUT_PATH=
2022-05-09T11:48:14.979967878Z stdout F NETWORK_NAMESPACE=
2022-05-09T11:48:14.980008175Z stdout F CNI_MODE=false
2022-05-09T11:48:14.980022602Z stdout F EXCLUDE_INTERFACES=
2022-05-09T11:48:14.980042652Z stdout F 
2022-05-09T11:48:14.985658991Z stdout F 2022-05-09T11:48:14.976850Z	info	Writing following contents to rules file: /tmp/iptables-rules-1652096894975340104.txt3441055870
2022-05-09T11:48:14.985840429Z stdout F * nat
2022-05-09T11:48:14.985859242Z stdout F -N ISTIO_INBOUND
2022-05-09T11:48:14.985869035Z stdout F -N ISTIO_REDIRECT
2022-05-09T11:48:14.985877645Z stdout F -N ISTIO_IN_REDIRECT
2022-05-09T11:48:14.985890423Z stdout F -N ISTIO_OUTPUT
2022-05-09T11:48:14.985898721Z stdout F -A ISTIO_INBOUND -p tcp --dport 15008 -j RETURN
2022-05-09T11:48:14.985906044Z stdout F -A ISTIO_REDIRECT -p tcp -j REDIRECT --to-ports 15001
2022-05-09T11:48:14.985912687Z stdout F -A ISTIO_IN_REDIRECT -p tcp -j REDIRECT --to-ports 15006
2022-05-09T11:48:14.985919199Z stdout F -A PREROUTING -p tcp -j ISTIO_INBOUND
2022-05-09T11:48:14.985926447Z stdout F -A ISTIO_INBOUND -p tcp --dport 15090 -j RETURN
2022-05-09T11:48:14.985933464Z stdout F -A ISTIO_INBOUND -p tcp --dport 15021 -j RETURN
2022-05-09T11:48:14.985940671Z stdout F -A ISTIO_INBOUND -p tcp --dport 15020 -j RETURN
2022-05-09T11:48:14.985947975Z stdout F -A ISTIO_INBOUND -p tcp -j ISTIO_IN_REDIRECT
2022-05-09T11:48:14.985955593Z stdout F -A OUTPUT -p tcp -j ISTIO_OUTPUT
2022-05-09T11:48:14.985962163Z stdout F -A ISTIO_OUTPUT -o lo -s 127.0.0.6/32 -j RETURN
2022-05-09T11:48:14.985969768Z stdout F -A ISTIO_OUTPUT -o lo ! -d 127.0.0.1/32 -m owner --uid-owner 1337 -j ISTIO_IN_REDIRECT
2022-05-09T11:48:14.985977559Z stdout F -A ISTIO_OUTPUT -o lo -m owner ! --uid-owner 1337 -j RETURN
2022-05-09T11:48:14.98611587Z stdout F -A ISTIO_OUTPUT -m owner --uid-owner 1337 -j RETURN
2022-05-09T11:48:14.986130611Z stdout F -A ISTIO_OUTPUT -o lo ! -d 127.0.0.1/32 -m owner --gid-owner 1337 -j ISTIO_IN_REDIRECT
2022-05-09T11:48:14.986139788Z stdout F -A ISTIO_OUTPUT -o lo -m owner ! --gid-owner 1337 -j RETURN
2022-05-09T11:48:14.986150142Z stdout F -A ISTIO_OUTPUT -m owner --gid-owner 1337 -j RETURN
2022-05-09T11:48:14.986157303Z stdout F -A ISTIO_OUTPUT -d 127.0.0.1/32 -j RETURN
2022-05-09T11:48:14.98616409Z stdout F -A ISTIO_OUTPUT -j ISTIO_REDIRECT
2022-05-09T11:48:14.986170843Z stdout F COMMIT
2022-05-09T11:48:14.986178726Z stdout F 2022-05-09T11:48:14.977150Z	info	Running command: iptables-restore --noflush /tmp/iptables-rules-1652096894975340104.txt3441055870
2022-05-09T11:48:15.1414609Z stdout F 2022-05-09T11:48:15.138585Z	info	Writing following contents to rules file: /tmp/ip6tables-rules-1652096895138394150.txt606868739
2022-05-09T11:48:15.141510908Z stdout F 
2022-05-09T11:48:15.141521896Z stdout F 2022-05-09T11:48:15.138910Z	info	Running command: ip6tables-restore --noflush /tmp/ip6tables-rules-1652096895138394150.txt606868739
2022-05-09T11:48:15.190311829Z stdout F 2022-05-09T11:48:15.188261Z	info	Running command: iptables-save 
2022-05-09T11:48:15.252012116Z stdout F 2022-05-09T11:48:15.250035Z	info	Command output: 
2022-05-09T11:48:15.25206498Z stdout F # Generated by iptables-save v1.8.4 on Mon May  9 11:48:15 2022
2022-05-09T11:48:15.252077264Z stdout F *nat
2022-05-09T11:48:15.252086963Z stdout F :PREROUTING ACCEPT [0:0]
2022-05-09T11:48:15.252095252Z stdout F :INPUT ACCEPT [0:0]
2022-05-09T11:48:15.252103173Z stdout F :OUTPUT ACCEPT [0:0]
2022-05-09T11:48:15.252112282Z stdout F :POSTROUTING ACCEPT [0:0]
2022-05-09T11:48:15.252120241Z stdout F :ISTIO_INBOUND - [0:0]
2022-05-09T11:48:15.252131076Z stdout F :ISTIO_IN_REDIRECT - [0:0]
2022-05-09T11:48:15.252149342Z stdout F :ISTIO_OUTPUT - [0:0]
2022-05-09T11:48:15.252159646Z stdout F :ISTIO_REDIRECT - [0:0]
2022-05-09T11:48:15.25216847Z stdout F -A PREROUTING -p tcp -j ISTIO_INBOUND
2022-05-09T11:48:15.252176119Z stdout F -A OUTPUT -p tcp -j ISTIO_OUTPUT
2022-05-09T11:48:15.252183725Z stdout F -A ISTIO_INBOUND -p tcp -m tcp --dport 15008 -j RETURN
2022-05-09T11:48:15.252191507Z stdout F -A ISTIO_INBOUND -p tcp -m tcp --dport 15090 -j RETURN
2022-05-09T11:48:15.252199208Z stdout F -A ISTIO_INBOUND -p tcp -m tcp --dport 15021 -j RETURN
2022-05-09T11:48:15.252206751Z stdout F -A ISTIO_INBOUND -p tcp -m tcp --dport 15020 -j RETURN
2022-05-09T11:48:15.252214084Z stdout F -A ISTIO_INBOUND -p tcp -j ISTIO_IN_REDIRECT
2022-05-09T11:48:15.252221588Z stdout F -A ISTIO_IN_REDIRECT -p tcp -j REDIRECT --to-ports 15006
2022-05-09T11:48:15.252229015Z stdout F -A ISTIO_OUTPUT -s 127.0.0.6/32 -o lo -j RETURN
2022-05-09T11:48:15.252237704Z stdout F -A ISTIO_OUTPUT ! -d 127.0.0.1/32 -o lo -m owner --uid-owner 1337 -j ISTIO_IN_REDIRECT
2022-05-09T11:48:15.252245299Z stdout F -A ISTIO_OUTPUT -o lo -m owner ! --uid-owner 1337 -j RETURN
2022-05-09T11:48:15.252253144Z stdout F -A ISTIO_OUTPUT -m owner --uid-owner 1337 -j RETURN
2022-05-09T11:48:15.25226089Z stdout F -A ISTIO_OUTPUT ! -d 127.0.0.1/32 -o lo -m owner --gid-owner 1337 -j ISTIO_IN_REDIRECT
2022-05-09T11:48:15.252268655Z stdout F -A ISTIO_OUTPUT -o lo -m owner ! --gid-owner 1337 -j RETURN
2022-05-09T11:48:15.252276668Z stdout F -A ISTIO_OUTPUT -m owner --gid-owner 1337 -j RETURN
2022-05-09T11:48:15.25228429Z stdout F -A ISTIO_OUTPUT -d 127.0.0.1/32 -j RETURN
2022-05-09T11:48:15.252292054Z stdout F -A ISTIO_OUTPUT -j ISTIO_REDIRECT
2022-05-09T11:48:15.25229953Z stdout F -A ISTIO_REDIRECT -p tcp -j REDIRECT --to-ports 15001
2022-05-09T11:48:15.252307428Z stdout F COMMIT
2022-05-09T11:48:15.25231551Z stdout F # Completed on Mon May  9 11:48:15 2022
2022-05-09T11:48:15.252322899Z stdout F 
