2022-05-09T11:47:50.930193352Z stdout F 2022-05-09T11:47:50.929697Z	info	Istio iptables environment:
2022-05-09T11:47:50.930237318Z stdout F ENVOY_PORT=
2022-05-09T11:47:50.930245321Z stdout F INBOUND_CAPTURE_PORT=
2022-05-09T11:47:50.930251013Z stdout F ISTIO_INBOUND_INTERCEPTION_MODE=
2022-05-09T11:47:50.930256316Z stdout F ISTIO_INBOUND_TPROXY_ROUTE_TABLE=
2022-05-09T11:47:50.930260982Z stdout F ISTIO_INBOUND_PORTS=
2022-05-09T11:47:50.930265486Z stdout F ISTIO_OUTBOUND_PORTS=
2022-05-09T11:47:50.930270087Z stdout F ISTIO_LOCAL_EXCLUDE_PORTS=
2022-05-09T11:47:50.930274628Z stdout F ISTIO_EXCLUDE_INTERFACES=
2022-05-09T11:47:50.930279089Z stdout F ISTIO_SERVICE_CIDR=
2022-05-09T11:47:50.930283423Z stdout F ISTIO_SERVICE_EXCLUDE_CIDR=
2022-05-09T11:47:50.930287892Z stdout F ISTIO_META_DNS_CAPTURE=
2022-05-09T11:47:50.930292387Z stdout F INVALID_DROP=
2022-05-09T11:47:50.930296705Z stdout F 
2022-05-09T11:47:50.930301258Z stdout F 2022-05-09T11:47:50.929802Z	info	Istio iptables variables:
2022-05-09T11:47:50.930305736Z stdout F PROXY_PORT=15001
2022-05-09T11:47:50.930310127Z stdout F PROXY_INBOUND_CAPTURE_PORT=15006
2022-05-09T11:47:50.930314454Z stdout F PROXY_TUNNEL_PORT=15008
2022-05-09T11:47:50.930318957Z stdout F PROXY_UID=1337
2022-05-09T11:47:50.930323369Z stdout F PROXY_GID=1337
2022-05-09T11:47:50.930327691Z stdout F INBOUND_INTERCEPTION_MODE=REDIRECT
2022-05-09T11:47:50.930332002Z stdout F INBOUND_TPROXY_MARK=1337
2022-05-09T11:47:50.9303364Z stdout F INBOUND_TPROXY_ROUTE_TABLE=133
2022-05-09T11:47:50.930340957Z stdout F INBOUND_PORTS_INCLUDE=*
2022-05-09T11:47:50.930345539Z stdout F INBOUND_PORTS_EXCLUDE=15090,15021,15020
2022-05-09T11:47:50.930349803Z stdout F OUTBOUND_IP_RANGES_INCLUDE=*
2022-05-09T11:47:50.930354241Z stdout F OUTBOUND_IP_RANGES_EXCLUDE=
2022-05-09T11:47:50.930358625Z stdout F OUTBOUND_PORTS_INCLUDE=
2022-05-09T11:47:50.930363216Z stdout F OUTBOUND_PORTS_EXCLUDE=
2022-05-09T11:47:50.930367694Z stdout F KUBE_VIRT_INTERFACES=
2022-05-09T11:47:50.930372046Z stdout F ENABLE_INBOUND_IPV6=false
2022-05-09T11:47:50.930376345Z stdout F DNS_CAPTURE=false
2022-05-09T11:47:50.930380803Z stdout F DROP_INVALID=false
2022-05-09T11:47:50.930385316Z stdout F CAPTURE_ALL_DNS=false
2022-05-09T11:47:50.930389784Z stdout F DNS_SERVERS=[],[]
2022-05-09T11:47:50.930394306Z stdout F OUTPUT_PATH=
2022-05-09T11:47:50.930398769Z stdout F NETWORK_NAMESPACE=
2022-05-09T11:47:50.930403169Z stdout F CNI_MODE=false
2022-05-09T11:47:50.930407647Z stdout F EXCLUDE_INTERFACES=
2022-05-09T11:47:50.930411985Z stdout F 
2022-05-09T11:47:50.93041689Z stdout F 2022-05-09T11:47:50.930119Z	info	Writing following contents to rules file: /tmp/iptables-rules-1652096870929932005.txt3253294776
2022-05-09T11:47:50.930421437Z stdout F * nat
2022-05-09T11:47:50.930425893Z stdout F -N ISTIO_INBOUND
2022-05-09T11:47:50.930430343Z stdout F -N ISTIO_REDIRECT
2022-05-09T11:47:50.930434786Z stdout F -N ISTIO_IN_REDIRECT
2022-05-09T11:47:50.930439088Z stdout F -N ISTIO_OUTPUT
2022-05-09T11:47:50.930443517Z stdout F -A ISTIO_INBOUND -p tcp --dport 15008 -j RETURN
2022-05-09T11:47:50.930450773Z stdout F -A ISTIO_REDIRECT -p tcp -j REDIRECT --to-ports 15001
2022-05-09T11:47:50.930455864Z stdout F -A ISTIO_IN_REDIRECT -p tcp -j REDIRECT --to-ports 15006
2022-05-09T11:47:50.930460393Z stdout F -A PREROUTING -p tcp -j ISTIO_INBOUND
2022-05-09T11:47:50.930464883Z stdout F -A ISTIO_INBOUND -p tcp --dport 15090 -j RETURN
2022-05-09T11:47:50.930469341Z stdout F -A ISTIO_INBOUND -p tcp --dport 15021 -j RETURN
2022-05-09T11:47:50.930473799Z stdout F -A ISTIO_INBOUND -p tcp --dport 15020 -j RETURN
2022-05-09T11:47:50.930478274Z stdout F -A ISTIO_INBOUND -p tcp -j ISTIO_IN_REDIRECT
2022-05-09T11:47:50.930482653Z stdout F -A OUTPUT -p tcp -j ISTIO_OUTPUT
2022-05-09T11:47:50.930487108Z stdout F -A ISTIO_OUTPUT -o lo -s 127.0.0.6/32 -j RETURN
2022-05-09T11:47:50.930492093Z stdout F -A ISTIO_OUTPUT -o lo ! -d 127.0.0.1/32 -m owner --uid-owner 1337 -j ISTIO_IN_REDIRECT
2022-05-09T11:47:50.930496742Z stdout F -A ISTIO_OUTPUT -o lo -m owner ! --uid-owner 1337 -j RETURN
2022-05-09T11:47:50.930510041Z stdout F -A ISTIO_OUTPUT -m owner --uid-owner 1337 -j RETURN
2022-05-09T11:47:50.930515259Z stdout F -A ISTIO_OUTPUT -o lo ! -d 127.0.0.1/32 -m owner --gid-owner 1337 -j ISTIO_IN_REDIRECT
2022-05-09T11:47:50.930519747Z stdout F -A ISTIO_OUTPUT -o lo -m owner ! --gid-owner 1337 -j RETURN
2022-05-09T11:47:50.930524378Z stdout F -A ISTIO_OUTPUT -m owner --gid-owner 1337 -j RETURN
2022-05-09T11:47:50.93052897Z stdout F -A ISTIO_OUTPUT -d 127.0.0.1/32 -j RETURN
2022-05-09T11:47:50.930533484Z stdout F -A ISTIO_OUTPUT -j ISTIO_REDIRECT
2022-05-09T11:47:50.930538051Z stdout F COMMIT
2022-05-09T11:47:50.930553381Z stdout F 2022-05-09T11:47:50.930176Z	info	Running command: iptables-restore --noflush /tmp/iptables-rules-1652096870929932005.txt3253294776
2022-05-09T11:47:51.074946317Z stdout F 2022-05-09T11:47:51.071699Z	info	Writing following contents to rules file: /tmp/ip6tables-rules-1652096871071598753.txt927947970
2022-05-09T11:47:51.074992909Z stdout F 
2022-05-09T11:47:51.075002268Z stdout F 2022-05-09T11:47:51.071856Z	info	Running command: ip6tables-restore --noflush /tmp/ip6tables-rules-1652096871071598753.txt927947970
2022-05-09T11:47:51.095244132Z stdout F 2022-05-09T11:47:51.092946Z	info	Running command: iptables-save 
2022-05-09T11:47:51.111608222Z stdout F 2022-05-09T11:47:51.108822Z	info	Command output: 
2022-05-09T11:47:51.11163947Z stdout F # Generated by iptables-save v1.8.4 on Mon May  9 11:47:51 2022
2022-05-09T11:47:51.111646621Z stdout F *nat
2022-05-09T11:47:51.111652237Z stdout F :PREROUTING ACCEPT [0:0]
2022-05-09T11:47:51.111657034Z stdout F :INPUT ACCEPT [0:0]
2022-05-09T11:47:51.111661983Z stdout F :OUTPUT ACCEPT [0:0]
2022-05-09T11:47:51.111667349Z stdout F :POSTROUTING ACCEPT [0:0]
2022-05-09T11:47:51.111671931Z stdout F :ISTIO_INBOUND - [0:0]
2022-05-09T11:47:51.111676593Z stdout F :ISTIO_IN_REDIRECT - [0:0]
2022-05-09T11:47:51.111773694Z stdout F :ISTIO_OUTPUT - [0:0]
2022-05-09T11:47:51.111925285Z stdout F :ISTIO_REDIRECT - [0:0]
2022-05-09T11:47:51.111940124Z stdout F -A PREROUTING -p tcp -j ISTIO_INBOUND
2022-05-09T11:47:51.111945617Z stdout F -A OUTPUT -p tcp -j ISTIO_OUTPUT
2022-05-09T11:47:51.111950396Z stdout F -A ISTIO_INBOUND -p tcp -m tcp --dport 15008 -j RETURN
2022-05-09T11:47:51.111955293Z stdout F -A ISTIO_INBOUND -p tcp -m tcp --dport 15090 -j RETURN
2022-05-09T11:47:51.111960337Z stdout F -A ISTIO_INBOUND -p tcp -m tcp --dport 15021 -j RETURN
2022-05-09T11:47:51.112014977Z stdout F -A ISTIO_INBOUND -p tcp -m tcp --dport 15020 -j RETURN
2022-05-09T11:47:51.112027376Z stdout F -A ISTIO_INBOUND -p tcp -j ISTIO_IN_REDIRECT
2022-05-09T11:47:51.112032551Z stdout F -A ISTIO_IN_REDIRECT -p tcp -j REDIRECT --to-ports 15006
2022-05-09T11:47:51.112036623Z stdout F -A ISTIO_OUTPUT -s 127.0.0.6/32 -o lo -j RETURN
2022-05-09T11:47:51.112041444Z stdout F -A ISTIO_OUTPUT ! -d 127.0.0.1/32 -o lo -m owner --uid-owner 1337 -j ISTIO_IN_REDIRECT
2022-05-09T11:47:51.112045583Z stdout F -A ISTIO_OUTPUT -o lo -m owner ! --uid-owner 1337 -j RETURN
2022-05-09T11:47:51.112049983Z stdout F -A ISTIO_OUTPUT -m owner --uid-owner 1337 -j RETURN
2022-05-09T11:47:51.112054294Z stdout F -A ISTIO_OUTPUT ! -d 127.0.0.1/32 -o lo -m owner --gid-owner 1337 -j ISTIO_IN_REDIRECT
2022-05-09T11:47:51.112061861Z stdout F -A ISTIO_OUTPUT -o lo -m owner ! --gid-owner 1337 -j RETURN
2022-05-09T11:47:51.112066705Z stdout F -A ISTIO_OUTPUT -m owner --gid-owner 1337 -j RETURN
2022-05-09T11:47:51.112071361Z stdout F -A ISTIO_OUTPUT -d 127.0.0.1/32 -j RETURN
2022-05-09T11:47:51.11207598Z stdout F -A ISTIO_OUTPUT -j ISTIO_REDIRECT
2022-05-09T11:47:51.112080543Z stdout F -A ISTIO_REDIRECT -p tcp -j REDIRECT --to-ports 15001
2022-05-09T11:47:51.112085315Z stdout F COMMIT
2022-05-09T11:47:51.112089993Z stdout F # Completed on Mon May  9 11:47:51 2022
2022-05-09T11:47:51.112094367Z stdout F 
