2022-05-09T21:46:03.992319004Z stdout F 2022-05-09T21:46:03.991379Z	info	Istio iptables environment:
2022-05-09T21:46:03.992362968Z stdout F ENVOY_PORT=
2022-05-09T21:46:03.992371322Z stdout F INBOUND_CAPTURE_PORT=
2022-05-09T21:46:03.992377055Z stdout F ISTIO_INBOUND_INTERCEPTION_MODE=
2022-05-09T21:46:03.992382035Z stdout F ISTIO_INBOUND_TPROXY_ROUTE_TABLE=
2022-05-09T21:46:03.992386455Z stdout F ISTIO_INBOUND_PORTS=
2022-05-09T21:46:03.992390281Z stdout F ISTIO_OUTBOUND_PORTS=
2022-05-09T21:46:03.992394561Z stdout F ISTIO_LOCAL_EXCLUDE_PORTS=
2022-05-09T21:46:03.992399983Z stdout F ISTIO_EXCLUDE_INTERFACES=
2022-05-09T21:46:03.992404672Z stdout F ISTIO_SERVICE_CIDR=
2022-05-09T21:46:03.992409773Z stdout F ISTIO_SERVICE_EXCLUDE_CIDR=
2022-05-09T21:46:03.992414883Z stdout F ISTIO_META_DNS_CAPTURE=
2022-05-09T21:46:03.992420706Z stdout F INVALID_DROP=
2022-05-09T21:46:03.992429175Z stdout F 
2022-05-09T21:46:03.992441308Z stdout F 2022-05-09T21:46:03.991439Z	info	Istio iptables variables:
2022-05-09T21:46:03.992451745Z stdout F PROXY_PORT=15001
2022-05-09T21:46:03.992461674Z stdout F PROXY_INBOUND_CAPTURE_PORT=15006
2022-05-09T21:46:03.992467937Z stdout F PROXY_TUNNEL_PORT=15008
2022-05-09T21:46:03.992473259Z stdout F PROXY_UID=1337
2022-05-09T21:46:03.992478271Z stdout F PROXY_GID=1337
2022-05-09T21:46:03.992483547Z stdout F INBOUND_INTERCEPTION_MODE=REDIRECT
2022-05-09T21:46:03.992488476Z stdout F INBOUND_TPROXY_MARK=1337
2022-05-09T21:46:03.992493174Z stdout F INBOUND_TPROXY_ROUTE_TABLE=133
2022-05-09T21:46:03.99249752Z stdout F INBOUND_PORTS_INCLUDE=*
2022-05-09T21:46:03.992502002Z stdout F INBOUND_PORTS_EXCLUDE=15090,15021,15020
2022-05-09T21:46:03.992506346Z stdout F OUTBOUND_IP_RANGES_INCLUDE=*
2022-05-09T21:46:03.992510529Z stdout F OUTBOUND_IP_RANGES_EXCLUDE=
2022-05-09T21:46:03.992514652Z stdout F OUTBOUND_PORTS_INCLUDE=
2022-05-09T21:46:03.992572298Z stdout F OUTBOUND_PORTS_EXCLUDE=
2022-05-09T21:46:03.992578171Z stdout F KUBE_VIRT_INTERFACES=
2022-05-09T21:46:03.992582803Z stdout F ENABLE_INBOUND_IPV6=false
2022-05-09T21:46:03.992586864Z stdout F DNS_CAPTURE=false
2022-05-09T21:46:03.992590679Z stdout F DROP_INVALID=false
2022-05-09T21:46:03.992594355Z stdout F CAPTURE_ALL_DNS=false
2022-05-09T21:46:03.992598234Z stdout F DNS_SERVERS=[],[]
2022-05-09T21:46:03.992602307Z stdout F OUTPUT_PATH=
2022-05-09T21:46:03.99260683Z stdout F NETWORK_NAMESPACE=
2022-05-09T21:46:03.992611007Z stdout F CNI_MODE=false
2022-05-09T21:46:03.992615358Z stdout F EXCLUDE_INTERFACES=
2022-05-09T21:46:03.992623715Z stdout F 
2022-05-09T21:46:03.992631455Z stdout F 2022-05-09T21:46:03.991864Z	info	Writing following contents to rules file: /tmp/iptables-rules-1652132763991630752.txt1597900885
2022-05-09T21:46:03.992637271Z stdout F * nat
2022-05-09T21:46:03.992641604Z stdout F -N ISTIO_INBOUND
2022-05-09T21:46:03.992645839Z stdout F -N ISTIO_REDIRECT
2022-05-09T21:46:03.992649844Z stdout F -N ISTIO_IN_REDIRECT
2022-05-09T21:46:03.992653727Z stdout F -N ISTIO_OUTPUT
2022-05-09T21:46:03.992658031Z stdout F -A ISTIO_INBOUND -p tcp --dport 15008 -j RETURN
2022-05-09T21:46:03.992662035Z stdout F -A ISTIO_REDIRECT -p tcp -j REDIRECT --to-ports 15001
2022-05-09T21:46:03.992665932Z stdout F -A ISTIO_IN_REDIRECT -p tcp -j REDIRECT --to-ports 15006
2022-05-09T21:46:03.992669761Z stdout F -A PREROUTING -p tcp -j ISTIO_INBOUND
2022-05-09T21:46:03.992673563Z stdout F -A ISTIO_INBOUND -p tcp --dport 15090 -j RETURN
2022-05-09T21:46:03.992677102Z stdout F -A ISTIO_INBOUND -p tcp --dport 15021 -j RETURN
2022-05-09T21:46:03.992680674Z stdout F -A ISTIO_INBOUND -p tcp --dport 15020 -j RETURN
2022-05-09T21:46:03.992684255Z stdout F -A ISTIO_INBOUND -p tcp -j ISTIO_IN_REDIRECT
2022-05-09T21:46:03.992688197Z stdout F -A OUTPUT -p tcp -j ISTIO_OUTPUT
2022-05-09T21:46:03.992691863Z stdout F -A ISTIO_OUTPUT -o lo -s 127.0.0.6/32 -j RETURN
2022-05-09T21:46:03.992696021Z stdout F -A ISTIO_OUTPUT -o lo ! -d 127.0.0.1/32 -m owner --uid-owner 1337 -j ISTIO_IN_REDIRECT
2022-05-09T21:46:03.992700002Z stdout F -A ISTIO_OUTPUT -o lo -m owner ! --uid-owner 1337 -j RETURN
2022-05-09T21:46:03.992787293Z stdout F -A ISTIO_OUTPUT -m owner --uid-owner 1337 -j RETURN
2022-05-09T21:46:03.992794537Z stdout F -A ISTIO_OUTPUT -o lo ! -d 127.0.0.1/32 -m owner --gid-owner 1337 -j ISTIO_IN_REDIRECT
2022-05-09T21:46:03.99279717Z stdout F -A ISTIO_OUTPUT -o lo -m owner ! --gid-owner 1337 -j RETURN
2022-05-09T21:46:03.992799633Z stdout F -A ISTIO_OUTPUT -m owner --gid-owner 1337 -j RETURN
2022-05-09T21:46:03.992802193Z stdout F -A ISTIO_OUTPUT -d 127.0.0.1/32 -j RETURN
2022-05-09T21:46:03.992804602Z stdout F -A ISTIO_OUTPUT -j ISTIO_REDIRECT
2022-05-09T21:46:03.992807198Z stdout F COMMIT
2022-05-09T21:46:03.992810538Z stdout F 2022-05-09T21:46:03.991954Z	info	Running command: iptables-restore --noflush /tmp/iptables-rules-1652132763991630752.txt1597900885
2022-05-09T21:46:04.00604458Z stdout F 2022-05-09T21:46:04.003357Z	info	Writing following contents to rules file: /tmp/ip6tables-rules-1652132764003292388.txt3917809368
2022-05-09T21:46:04.006066548Z stdout F 
2022-05-09T21:46:04.00607052Z stdout F 2022-05-09T21:46:04.003392Z	info	Running command: ip6tables-restore --noflush /tmp/ip6tables-rules-1652132764003292388.txt3917809368
2022-05-09T21:46:04.035468892Z stdout F 2022-05-09T21:46:04.032652Z	info	Running command: iptables-save 
2022-05-09T21:46:04.051875474Z stdout F 2022-05-09T21:46:04.051119Z	info	Command output: 
2022-05-09T21:46:04.05188511Z stdout F # Generated by iptables-save v1.8.4 on Mon May  9 21:46:04 2022
2022-05-09T21:46:04.051888264Z stdout F *nat
2022-05-09T21:46:04.05189135Z stdout F :PREROUTING ACCEPT [0:0]
2022-05-09T21:46:04.051893883Z stdout F :INPUT ACCEPT [0:0]
2022-05-09T21:46:04.051896431Z stdout F :OUTPUT ACCEPT [0:0]
2022-05-09T21:46:04.051899283Z stdout F :POSTROUTING ACCEPT [0:0]
2022-05-09T21:46:04.051903965Z stdout F :ISTIO_INBOUND - [0:0]
2022-05-09T21:46:04.05190665Z stdout F :ISTIO_IN_REDIRECT - [0:0]
2022-05-09T21:46:04.051909197Z stdout F :ISTIO_OUTPUT - [0:0]
2022-05-09T21:46:04.051911687Z stdout F :ISTIO_REDIRECT - [0:0]
2022-05-09T21:46:04.051914509Z stdout F -A PREROUTING -p tcp -j ISTIO_INBOUND
2022-05-09T21:46:04.051917023Z stdout F -A OUTPUT -p tcp -j ISTIO_OUTPUT
2022-05-09T21:46:04.051919478Z stdout F -A ISTIO_INBOUND -p tcp -m tcp --dport 15008 -j RETURN
2022-05-09T21:46:04.051921942Z stdout F -A ISTIO_INBOUND -p tcp -m tcp --dport 15090 -j RETURN
2022-05-09T21:46:04.051924417Z stdout F -A ISTIO_INBOUND -p tcp -m tcp --dport 15021 -j RETURN
2022-05-09T21:46:04.051926875Z stdout F -A ISTIO_INBOUND -p tcp -m tcp --dport 15020 -j RETURN
2022-05-09T21:46:04.051929399Z stdout F -A ISTIO_INBOUND -p tcp -j ISTIO_IN_REDIRECT
2022-05-09T21:46:04.051931883Z stdout F -A ISTIO_IN_REDIRECT -p tcp -j REDIRECT --to-ports 15006
2022-05-09T21:46:04.051934308Z stdout F -A ISTIO_OUTPUT -s 127.0.0.6/32 -o lo -j RETURN
2022-05-09T21:46:04.051938596Z stdout F -A ISTIO_OUTPUT ! -d 127.0.0.1/32 -o lo -m owner --uid-owner 1337 -j ISTIO_IN_REDIRECT
2022-05-09T21:46:04.051941818Z stdout F -A ISTIO_OUTPUT -o lo -m owner ! --uid-owner 1337 -j RETURN
2022-05-09T21:46:04.051946025Z stdout F -A ISTIO_OUTPUT -m owner --uid-owner 1337 -j RETURN
2022-05-09T21:46:04.051981033Z stdout F -A ISTIO_OUTPUT ! -d 127.0.0.1/32 -o lo -m owner --gid-owner 1337 -j ISTIO_IN_REDIRECT
2022-05-09T21:46:04.051989462Z stdout F -A ISTIO_OUTPUT -o lo -m owner ! --gid-owner 1337 -j RETURN
2022-05-09T21:46:04.051992324Z stdout F -A ISTIO_OUTPUT -m owner --gid-owner 1337 -j RETURN
2022-05-09T21:46:04.051995064Z stdout F -A ISTIO_OUTPUT -d 127.0.0.1/32 -j RETURN
2022-05-09T21:46:04.051997857Z stdout F -A ISTIO_OUTPUT -j ISTIO_REDIRECT
2022-05-09T21:46:04.052000351Z stdout F -A ISTIO_REDIRECT -p tcp -j REDIRECT --to-ports 15001
2022-05-09T21:46:04.052002995Z stdout F COMMIT
2022-05-09T21:46:04.052005579Z stdout F # Completed on Mon May  9 21:46:04 2022
2022-05-09T21:46:04.05200794Z stdout F 
