2022-05-26T05:25:25.461644142Z stdout F 2022-05-26T05:25:25.461401Z	info	Istio iptables environment:
2022-05-26T05:25:25.461673535Z stdout F ENVOY_PORT=
2022-05-26T05:25:25.461679539Z stdout F INBOUND_CAPTURE_PORT=
2022-05-26T05:25:25.461751696Z stdout F ISTIO_INBOUND_INTERCEPTION_MODE=
2022-05-26T05:25:25.46176467Z stdout F ISTIO_INBOUND_TPROXY_ROUTE_TABLE=
2022-05-26T05:25:25.461775166Z stdout F ISTIO_INBOUND_PORTS=
2022-05-26T05:25:25.461786757Z stdout F ISTIO_OUTBOUND_PORTS=
2022-05-26T05:25:25.461798259Z stdout F ISTIO_LOCAL_EXCLUDE_PORTS=
2022-05-26T05:25:25.461803513Z stdout F ISTIO_EXCLUDE_INTERFACES=
2022-05-26T05:25:25.461807522Z stdout F ISTIO_SERVICE_CIDR=
2022-05-26T05:25:25.461810911Z stdout F ISTIO_SERVICE_EXCLUDE_CIDR=
2022-05-26T05:25:25.461814331Z stdout F ISTIO_META_DNS_CAPTURE=
2022-05-26T05:25:25.461817909Z stdout F INVALID_DROP=
2022-05-26T05:25:25.461824808Z stdout F 
2022-05-26T05:25:25.461832132Z stdout F 2022-05-26T05:25:25.461500Z	info	Istio iptables variables:
2022-05-26T05:25:25.461836651Z stdout F PROXY_PORT=15001
2022-05-26T05:25:25.461841399Z stdout F PROXY_INBOUND_CAPTURE_PORT=15006
2022-05-26T05:25:25.461845131Z stdout F PROXY_TUNNEL_PORT=15008
2022-05-26T05:25:25.461852069Z stdout F PROXY_UID=1337
2022-05-26T05:25:25.461859816Z stdout F PROXY_GID=1337
2022-05-26T05:25:25.461864144Z stdout F INBOUND_INTERCEPTION_MODE=REDIRECT
2022-05-26T05:25:25.461866624Z stdout F INBOUND_TPROXY_MARK=1337
2022-05-26T05:25:25.461868914Z stdout F INBOUND_TPROXY_ROUTE_TABLE=133
2022-05-26T05:25:25.461871329Z stdout F INBOUND_PORTS_INCLUDE=*
2022-05-26T05:25:25.461873784Z stdout F INBOUND_PORTS_EXCLUDE=15090,15021,15020
2022-05-26T05:25:25.461876073Z stdout F OUTBOUND_IP_RANGES_INCLUDE=*
2022-05-26T05:25:25.461878377Z stdout F OUTBOUND_IP_RANGES_EXCLUDE=
2022-05-26T05:25:25.461880665Z stdout F OUTBOUND_PORTS_INCLUDE=
2022-05-26T05:25:25.461882963Z stdout F OUTBOUND_PORTS_EXCLUDE=
2022-05-26T05:25:25.461885365Z stdout F KUBE_VIRT_INTERFACES=
2022-05-26T05:25:25.461887721Z stdout F ENABLE_INBOUND_IPV6=false
2022-05-26T05:25:25.461890152Z stdout F DNS_CAPTURE=false
2022-05-26T05:25:25.461892737Z stdout F DROP_INVALID=false
2022-05-26T05:25:25.461895141Z stdout F CAPTURE_ALL_DNS=false
2022-05-26T05:25:25.461897456Z stdout F DNS_SERVERS=[],[]
2022-05-26T05:25:25.461899836Z stdout F OUTPUT_PATH=
2022-05-26T05:25:25.461902176Z stdout F NETWORK_NAMESPACE=
2022-05-26T05:25:25.461904546Z stdout F CNI_MODE=false
2022-05-26T05:25:25.461906907Z stdout F EXCLUDE_INTERFACES=
2022-05-26T05:25:25.461909074Z stdout F 
2022-05-26T05:25:25.461919753Z stdout F 2022-05-26T05:25:25.461727Z	info	Writing following contents to rules file: /tmp/iptables-rules-1653542725461535923.txt3001762473
2022-05-26T05:25:25.461922732Z stdout F * nat
2022-05-26T05:25:25.461925113Z stdout F -N ISTIO_INBOUND
2022-05-26T05:25:25.461927447Z stdout F -N ISTIO_REDIRECT
2022-05-26T05:25:25.461929778Z stdout F -N ISTIO_IN_REDIRECT
2022-05-26T05:25:25.461932268Z stdout F -N ISTIO_OUTPUT
2022-05-26T05:25:25.461934629Z stdout F -A ISTIO_INBOUND -p tcp --dport 15008 -j RETURN
2022-05-26T05:25:25.461937029Z stdout F -A ISTIO_REDIRECT -p tcp -j REDIRECT --to-ports 15001
2022-05-26T05:25:25.461939327Z stdout F -A ISTIO_IN_REDIRECT -p tcp -j REDIRECT --to-ports 15006
2022-05-26T05:25:25.461941584Z stdout F -A PREROUTING -p tcp -j ISTIO_INBOUND
2022-05-26T05:25:25.46194389Z stdout F -A ISTIO_INBOUND -p tcp --dport 15090 -j RETURN
2022-05-26T05:25:25.461946183Z stdout F -A ISTIO_INBOUND -p tcp --dport 15021 -j RETURN
2022-05-26T05:25:25.461948465Z stdout F -A ISTIO_INBOUND -p tcp --dport 15020 -j RETURN
2022-05-26T05:25:25.461950793Z stdout F -A ISTIO_INBOUND -p tcp -j ISTIO_IN_REDIRECT
2022-05-26T05:25:25.46195307Z stdout F -A OUTPUT -p tcp -j ISTIO_OUTPUT
2022-05-26T05:25:25.46195546Z stdout F -A ISTIO_OUTPUT -o lo -s 127.0.0.6/32 -j RETURN
2022-05-26T05:25:25.461958162Z stdout F -A ISTIO_OUTPUT -o lo ! -d 127.0.0.1/32 -m owner --uid-owner 1337 -j ISTIO_IN_REDIRECT
2022-05-26T05:25:25.461960479Z stdout F -A ISTIO_OUTPUT -o lo -m owner ! --uid-owner 1337 -j RETURN
2022-05-26T05:25:25.461970605Z stdout F -A ISTIO_OUTPUT -m owner --uid-owner 1337 -j RETURN
2022-05-26T05:25:25.461973413Z stdout F -A ISTIO_OUTPUT -o lo ! -d 127.0.0.1/32 -m owner --gid-owner 1337 -j ISTIO_IN_REDIRECT
2022-05-26T05:25:25.46197571Z stdout F -A ISTIO_OUTPUT -o lo -m owner ! --gid-owner 1337 -j RETURN
2022-05-26T05:25:25.461977965Z stdout F -A ISTIO_OUTPUT -m owner --gid-owner 1337 -j RETURN
2022-05-26T05:25:25.461980251Z stdout F -A ISTIO_OUTPUT -d 127.0.0.1/32 -j RETURN
2022-05-26T05:25:25.461982695Z stdout F -A ISTIO_OUTPUT -j ISTIO_REDIRECT
2022-05-26T05:25:25.46198504Z stdout F COMMIT
2022-05-26T05:25:25.461987942Z stdout F 2022-05-26T05:25:25.461787Z	info	Running command: iptables-restore --noflush /tmp/iptables-rules-1653542725461535923.txt3001762473
2022-05-26T05:25:25.469314411Z stdout F 2022-05-26T05:25:25.468980Z	info	Writing following contents to rules file: /tmp/ip6tables-rules-1653542725468919814.txt132449837
2022-05-26T05:25:25.469331759Z stdout F 
2022-05-26T05:25:25.469335828Z stdout F 2022-05-26T05:25:25.469047Z	info	Running command: ip6tables-restore --noflush /tmp/ip6tables-rules-1653542725468919814.txt132449837
2022-05-26T05:25:25.472851087Z stdout F 2022-05-26T05:25:25.470723Z	info	Running command: iptables-save 
2022-05-26T05:25:25.476837005Z stdout F 2022-05-26T05:25:25.474035Z	info	Command output: 
2022-05-26T05:25:25.476850288Z stdout F # Generated by iptables-save v1.8.4 on Thu May 26 05:25:25 2022
2022-05-26T05:25:25.476853577Z stdout F *nat
2022-05-26T05:25:25.476856739Z stdout F :PREROUTING ACCEPT [0:0]
2022-05-26T05:25:25.476859102Z stdout F :INPUT ACCEPT [0:0]
2022-05-26T05:25:25.476861445Z stdout F :OUTPUT ACCEPT [0:0]
2022-05-26T05:25:25.47686419Z stdout F :POSTROUTING ACCEPT [0:0]
2022-05-26T05:25:25.476866586Z stdout F :ISTIO_INBOUND - [0:0]
2022-05-26T05:25:25.476868937Z stdout F :ISTIO_IN_REDIRECT - [0:0]
2022-05-26T05:25:25.476871196Z stdout F :ISTIO_OUTPUT - [0:0]
2022-05-26T05:25:25.476873469Z stdout F :ISTIO_REDIRECT - [0:0]
2022-05-26T05:25:25.476876154Z stdout F -A PREROUTING -p tcp -j ISTIO_INBOUND
2022-05-26T05:25:25.476878448Z stdout F -A OUTPUT -p tcp -j ISTIO_OUTPUT
2022-05-26T05:25:25.476880706Z stdout F -A ISTIO_INBOUND -p tcp -m tcp --dport 15008 -j RETURN
2022-05-26T05:25:25.476883066Z stdout F -A ISTIO_INBOUND -p tcp -m tcp --dport 15090 -j RETURN
2022-05-26T05:25:25.47688533Z stdout F -A ISTIO_INBOUND -p tcp -m tcp --dport 15021 -j RETURN
2022-05-26T05:25:25.476887613Z stdout F -A ISTIO_INBOUND -p tcp -m tcp --dport 15020 -j RETURN
2022-05-26T05:25:25.476889883Z stdout F -A ISTIO_INBOUND -p tcp -j ISTIO_IN_REDIRECT
2022-05-26T05:25:25.476892185Z stdout F -A ISTIO_IN_REDIRECT -p tcp -j REDIRECT --to-ports 15006
2022-05-26T05:25:25.476894407Z stdout F -A ISTIO_OUTPUT -s 127.0.0.6/32 -o lo -j RETURN
2022-05-26T05:25:25.476897083Z stdout F -A ISTIO_OUTPUT ! -d 127.0.0.1/32 -o lo -m owner --uid-owner 1337 -j ISTIO_IN_REDIRECT
2022-05-26T05:25:25.476899352Z stdout F -A ISTIO_OUTPUT -o lo -m owner ! --uid-owner 1337 -j RETURN
2022-05-26T05:25:25.476901645Z stdout F -A ISTIO_OUTPUT -m owner --uid-owner 1337 -j RETURN
2022-05-26T05:25:25.476903969Z stdout F -A ISTIO_OUTPUT ! -d 127.0.0.1/32 -o lo -m owner --gid-owner 1337 -j ISTIO_IN_REDIRECT
2022-05-26T05:25:25.476906212Z stdout F -A ISTIO_OUTPUT -o lo -m owner ! --gid-owner 1337 -j RETURN
2022-05-26T05:25:25.476908432Z stdout F -A ISTIO_OUTPUT -m owner --gid-owner 1337 -j RETURN
2022-05-26T05:25:25.476910682Z stdout F -A ISTIO_OUTPUT -d 127.0.0.1/32 -j RETURN
2022-05-26T05:25:25.476912944Z stdout F -A ISTIO_OUTPUT -j ISTIO_REDIRECT
2022-05-26T05:25:25.47691519Z stdout F -A ISTIO_REDIRECT -p tcp -j REDIRECT --to-ports 15001
2022-05-26T05:25:25.476917741Z stdout F COMMIT
2022-05-26T05:25:25.476920211Z stdout F # Completed on Thu May 26 05:25:25 2022
2022-05-26T05:25:25.476922434Z stdout F 
