2022-05-25T10:52:34.748350819Z stdout F 2022-05-25T10:52:34.743282Z	info	Istio iptables environment:
2022-05-25T10:52:34.7484877Z stdout F ENVOY_PORT=
2022-05-25T10:52:34.748498908Z stdout F INBOUND_CAPTURE_PORT=
2022-05-25T10:52:34.748505738Z stdout F ISTIO_INBOUND_INTERCEPTION_MODE=
2022-05-25T10:52:34.7485121Z stdout F ISTIO_INBOUND_TPROXY_ROUTE_TABLE=
2022-05-25T10:52:34.74851711Z stdout F ISTIO_INBOUND_PORTS=
2022-05-25T10:52:34.748521696Z stdout F ISTIO_OUTBOUND_PORTS=
2022-05-25T10:52:34.748526444Z stdout F ISTIO_LOCAL_EXCLUDE_PORTS=
2022-05-25T10:52:34.748531013Z stdout F ISTIO_EXCLUDE_INTERFACES=
2022-05-25T10:52:34.74853803Z stdout F ISTIO_SERVICE_CIDR=
2022-05-25T10:52:34.748552263Z stdout F ISTIO_SERVICE_EXCLUDE_CIDR=
2022-05-25T10:52:34.748566992Z stdout F ISTIO_META_DNS_CAPTURE=
2022-05-25T10:52:34.748579364Z stdout F INVALID_DROP=
2022-05-25T10:52:34.748589078Z stdout F 
2022-05-25T10:52:34.748594842Z stdout F 2022-05-25T10:52:34.743362Z	info	Istio iptables variables:
2022-05-25T10:52:34.748599414Z stdout F PROXY_PORT=15001
2022-05-25T10:52:34.748604017Z stdout F PROXY_INBOUND_CAPTURE_PORT=15006
2022-05-25T10:52:34.7486083Z stdout F PROXY_TUNNEL_PORT=15008
2022-05-25T10:52:34.748612842Z stdout F PROXY_UID=1337
2022-05-25T10:52:34.748617008Z stdout F PROXY_GID=1337
2022-05-25T10:52:34.748621311Z stdout F INBOUND_INTERCEPTION_MODE=REDIRECT
2022-05-25T10:52:34.748626076Z stdout F INBOUND_TPROXY_MARK=1337
2022-05-25T10:52:34.748630891Z stdout F INBOUND_TPROXY_ROUTE_TABLE=133
2022-05-25T10:52:34.74863533Z stdout F INBOUND_PORTS_INCLUDE=*
2022-05-25T10:52:34.748639906Z stdout F INBOUND_PORTS_EXCLUDE=15090,15021,15020
2022-05-25T10:52:34.748644282Z stdout F OUTBOUND_IP_RANGES_INCLUDE=*
2022-05-25T10:52:34.748648488Z stdout F OUTBOUND_IP_RANGES_EXCLUDE=
2022-05-25T10:52:34.748652509Z stdout F OUTBOUND_PORTS_INCLUDE=
2022-05-25T10:52:34.748656693Z stdout F OUTBOUND_PORTS_EXCLUDE=
2022-05-25T10:52:34.748665177Z stdout F KUBE_VIRT_INTERFACES=
2022-05-25T10:52:34.748674182Z stdout F ENABLE_INBOUND_IPV6=false
2022-05-25T10:52:34.748680395Z stdout F DNS_CAPTURE=false
2022-05-25T10:52:34.748695212Z stdout F DROP_INVALID=false
2022-05-25T10:52:34.748705829Z stdout F CAPTURE_ALL_DNS=false
2022-05-25T10:52:34.748719291Z stdout F DNS_SERVERS=[],[]
2022-05-25T10:52:34.748725856Z stdout F OUTPUT_PATH=
2022-05-25T10:52:34.748738509Z stdout F NETWORK_NAMESPACE=
2022-05-25T10:52:34.748744811Z stdout F CNI_MODE=false
2022-05-25T10:52:34.748812674Z stdout F EXCLUDE_INTERFACES=
2022-05-25T10:52:34.748828161Z stdout F 
2022-05-25T10:52:34.748847276Z stdout F 2022-05-25T10:52:34.743763Z	info	Writing following contents to rules file: /tmp/iptables-rules-1653475954743471836.txt146245328
2022-05-25T10:52:34.748949111Z stdout F * nat
2022-05-25T10:52:34.748961797Z stdout F -N ISTIO_INBOUND
2022-05-25T10:52:34.748968052Z stdout F -N ISTIO_REDIRECT
2022-05-25T10:52:34.748972893Z stdout F -N ISTIO_IN_REDIRECT
2022-05-25T10:52:34.748977313Z stdout F -N ISTIO_OUTPUT
2022-05-25T10:52:34.748981717Z stdout F -A ISTIO_INBOUND -p tcp --dport 15008 -j RETURN
2022-05-25T10:52:34.7489864Z stdout F -A ISTIO_REDIRECT -p tcp -j REDIRECT --to-ports 15001
2022-05-25T10:52:34.748990512Z stdout F -A ISTIO_IN_REDIRECT -p tcp -j REDIRECT --to-ports 15006
2022-05-25T10:52:34.749002749Z stdout F -A PREROUTING -p tcp -j ISTIO_INBOUND
2022-05-25T10:52:34.749017029Z stdout F -A ISTIO_INBOUND -p tcp --dport 15090 -j RETURN
2022-05-25T10:52:34.749022915Z stdout F -A ISTIO_INBOUND -p tcp --dport 15021 -j RETURN
2022-05-25T10:52:34.749027561Z stdout F -A ISTIO_INBOUND -p tcp --dport 15020 -j RETURN
2022-05-25T10:52:34.749031987Z stdout F -A ISTIO_INBOUND -p tcp -j ISTIO_IN_REDIRECT
2022-05-25T10:52:34.749036627Z stdout F -A OUTPUT -p tcp -j ISTIO_OUTPUT
2022-05-25T10:52:34.749040709Z stdout F -A ISTIO_OUTPUT -o lo -s 127.0.0.6/32 -j RETURN
2022-05-25T10:52:34.749045335Z stdout F -A ISTIO_OUTPUT -o lo ! -d 127.0.0.1/32 -m owner --uid-owner 1337 -j ISTIO_IN_REDIRECT
2022-05-25T10:52:34.749050243Z stdout F -A ISTIO_OUTPUT -o lo -m owner ! --uid-owner 1337 -j RETURN
2022-05-25T10:52:34.749055187Z stdout F -A ISTIO_OUTPUT -m owner --uid-owner 1337 -j RETURN
2022-05-25T10:52:34.749105024Z stdout F -A ISTIO_OUTPUT -o lo ! -d 127.0.0.1/32 -m owner --gid-owner 1337 -j ISTIO_IN_REDIRECT
2022-05-25T10:52:34.749115517Z stdout F -A ISTIO_OUTPUT -o lo -m owner ! --gid-owner 1337 -j RETURN
2022-05-25T10:52:34.749121202Z stdout F -A ISTIO_OUTPUT -m owner --gid-owner 1337 -j RETURN
2022-05-25T10:52:34.749126292Z stdout F -A ISTIO_OUTPUT -d 127.0.0.1/32 -j RETURN
2022-05-25T10:52:34.749131158Z stdout F -A ISTIO_OUTPUT -j ISTIO_REDIRECT
2022-05-25T10:52:34.749136606Z stdout F COMMIT
2022-05-25T10:52:34.749145044Z stdout F 2022-05-25T10:52:34.743823Z	info	Running command: iptables-restore --noflush /tmp/iptables-rules-1653475954743471836.txt146245328
2022-05-25T10:52:34.762634822Z stdout F 2022-05-25T10:52:34.762122Z	info	Writing following contents to rules file: /tmp/ip6tables-rules-1653475954761957042.txt3400175532
2022-05-25T10:52:34.762655847Z stdout F 
2022-05-25T10:52:34.762660148Z stdout F 2022-05-25T10:52:34.762212Z	info	Running command: ip6tables-restore --noflush /tmp/ip6tables-rules-1653475954761957042.txt3400175532
2022-05-25T10:52:34.812536821Z stdout F 2022-05-25T10:52:34.810714Z	info	Running command: iptables-save 
2022-05-25T10:52:34.849014515Z stdout F 2022-05-25T10:52:34.848687Z	info	Command output: 
2022-05-25T10:52:34.849275885Z stdout F # Generated by iptables-save v1.8.4 on Wed May 25 10:52:34 2022
2022-05-25T10:52:34.849286705Z stdout F *nat
2022-05-25T10:52:34.849292761Z stdout F :PREROUTING ACCEPT [0:0]
2022-05-25T10:52:34.849305067Z stdout F :INPUT ACCEPT [0:0]
2022-05-25T10:52:34.849319123Z stdout F :OUTPUT ACCEPT [0:0]
2022-05-25T10:52:34.849326215Z stdout F :POSTROUTING ACCEPT [0:0]
2022-05-25T10:52:34.84934001Z stdout F :ISTIO_INBOUND - [0:0]
2022-05-25T10:52:34.849345898Z stdout F :ISTIO_IN_REDIRECT - [0:0]
2022-05-25T10:52:34.849351Z stdout F :ISTIO_OUTPUT - [0:0]
2022-05-25T10:52:34.849355309Z stdout F :ISTIO_REDIRECT - [0:0]
2022-05-25T10:52:34.849360851Z stdout F -A PREROUTING -p tcp -j ISTIO_INBOUND
2022-05-25T10:52:34.849365822Z stdout F -A OUTPUT -p tcp -j ISTIO_OUTPUT
2022-05-25T10:52:34.849370219Z stdout F -A ISTIO_INBOUND -p tcp -m tcp --dport 15008 -j RETURN
2022-05-25T10:52:34.849439048Z stdout F -A ISTIO_INBOUND -p tcp -m tcp --dport 15090 -j RETURN
2022-05-25T10:52:34.849451375Z stdout F -A ISTIO_INBOUND -p tcp -m tcp --dport 15021 -j RETURN
2022-05-25T10:52:34.849456571Z stdout F -A ISTIO_INBOUND -p tcp -m tcp --dport 15020 -j RETURN
2022-05-25T10:52:34.849461388Z stdout F -A ISTIO_INBOUND -p tcp -j ISTIO_IN_REDIRECT
2022-05-25T10:52:34.849465561Z stdout F -A ISTIO_IN_REDIRECT -p tcp -j REDIRECT --to-ports 15006
2022-05-25T10:52:34.849469616Z stdout F -A ISTIO_OUTPUT -s 127.0.0.6/32 -o lo -j RETURN
2022-05-25T10:52:34.849474512Z stdout F -A ISTIO_OUTPUT ! -d 127.0.0.1/32 -o lo -m owner --uid-owner 1337 -j ISTIO_IN_REDIRECT
2022-05-25T10:52:34.849478606Z stdout F -A ISTIO_OUTPUT -o lo -m owner ! --uid-owner 1337 -j RETURN
2022-05-25T10:52:34.849487489Z stdout F -A ISTIO_OUTPUT -m owner --uid-owner 1337 -j RETURN
2022-05-25T10:52:34.849501991Z stdout F -A ISTIO_OUTPUT ! -d 127.0.0.1/32 -o lo -m owner --gid-owner 1337 -j ISTIO_IN_REDIRECT
2022-05-25T10:52:34.84951561Z stdout F -A ISTIO_OUTPUT -o lo -m owner ! --gid-owner 1337 -j RETURN
2022-05-25T10:52:34.849522133Z stdout F -A ISTIO_OUTPUT -m owner --gid-owner 1337 -j RETURN
2022-05-25T10:52:34.849526683Z stdout F -A ISTIO_OUTPUT -d 127.0.0.1/32 -j RETURN
2022-05-25T10:52:34.849530613Z stdout F -A ISTIO_OUTPUT -j ISTIO_REDIRECT
2022-05-25T10:52:34.849534863Z stdout F -A ISTIO_REDIRECT -p tcp -j REDIRECT --to-ports 15001
2022-05-25T10:52:34.849539658Z stdout F COMMIT
2022-05-25T10:52:34.849544498Z stdout F # Completed on Wed May 25 10:52:34 2022
2022-05-25T10:52:34.849548707Z stdout F 
