2022-04-30T04:28:27.852761519Z stdout F 2022-04-30T04:28:27.845796Z	info	Istio iptables environment:
2022-04-30T04:28:27.852823356Z stdout F ENVOY_PORT=
2022-04-30T04:28:27.852830995Z stdout F INBOUND_CAPTURE_PORT=
2022-04-30T04:28:27.852847364Z stdout F ISTIO_INBOUND_INTERCEPTION_MODE=
2022-04-30T04:28:27.852872249Z stdout F ISTIO_INBOUND_TPROXY_ROUTE_TABLE=
2022-04-30T04:28:27.852877913Z stdout F ISTIO_INBOUND_PORTS=
2022-04-30T04:28:27.852882629Z stdout F ISTIO_OUTBOUND_PORTS=
2022-04-30T04:28:27.852887862Z stdout F ISTIO_LOCAL_EXCLUDE_PORTS=
2022-04-30T04:28:27.852891919Z stdout F ISTIO_EXCLUDE_INTERFACES=
2022-04-30T04:28:27.852896276Z stdout F ISTIO_SERVICE_CIDR=
2022-04-30T04:28:27.852985733Z stdout F ISTIO_SERVICE_EXCLUDE_CIDR=
2022-04-30T04:28:27.852997884Z stdout F ISTIO_META_DNS_CAPTURE=
2022-04-30T04:28:27.853004175Z stdout F INVALID_DROP=
2022-04-30T04:28:27.853008922Z stdout F 
2022-04-30T04:28:27.853014017Z stdout F 2022-04-30T04:28:27.845867Z	info	Istio iptables variables:
2022-04-30T04:28:27.853019066Z stdout F PROXY_PORT=15001
2022-04-30T04:28:27.853024021Z stdout F PROXY_INBOUND_CAPTURE_PORT=15006
2022-04-30T04:28:27.853028633Z stdout F PROXY_TUNNEL_PORT=15008
2022-04-30T04:28:27.85304576Z stdout F PROXY_UID=1337
2022-04-30T04:28:27.853053332Z stdout F PROXY_GID=1337
2022-04-30T04:28:27.853058605Z stdout F INBOUND_INTERCEPTION_MODE=REDIRECT
2022-04-30T04:28:27.853063376Z stdout F INBOUND_TPROXY_MARK=1337
2022-04-30T04:28:27.853068185Z stdout F INBOUND_TPROXY_ROUTE_TABLE=133
2022-04-30T04:28:27.853075327Z stdout F INBOUND_PORTS_INCLUDE=*
2022-04-30T04:28:27.853080318Z stdout F INBOUND_PORTS_EXCLUDE=15090,15021,15020
2022-04-30T04:28:27.853084911Z stdout F OUTBOUND_IP_RANGES_INCLUDE=*
2022-04-30T04:28:27.853089688Z stdout F OUTBOUND_IP_RANGES_EXCLUDE=
2022-04-30T04:28:27.853094711Z stdout F OUTBOUND_PORTS_INCLUDE=
2022-04-30T04:28:27.853099708Z stdout F OUTBOUND_PORTS_EXCLUDE=
2022-04-30T04:28:27.853104245Z stdout F KUBE_VIRT_INTERFACES=
2022-04-30T04:28:27.853108791Z stdout F ENABLE_INBOUND_IPV6=false
2022-04-30T04:28:27.853113454Z stdout F DNS_CAPTURE=false
2022-04-30T04:28:27.85311834Z stdout F DROP_INVALID=false
2022-04-30T04:28:27.853123336Z stdout F CAPTURE_ALL_DNS=false
2022-04-30T04:28:27.853127991Z stdout F DNS_SERVERS=[],[]
2022-04-30T04:28:27.853132568Z stdout F OUTPUT_PATH=
2022-04-30T04:28:27.853137273Z stdout F NETWORK_NAMESPACE=
2022-04-30T04:28:27.853142375Z stdout F CNI_MODE=false
2022-04-30T04:28:27.853147492Z stdout F EXCLUDE_INTERFACES=
2022-04-30T04:28:27.853151961Z stdout F 
2022-04-30T04:28:27.85315724Z stdout F 2022-04-30T04:28:27.846112Z	info	Writing following contents to rules file: /tmp/iptables-rules-1651292907845971307.txt1475551193
2022-04-30T04:28:27.853161979Z stdout F * nat
2022-04-30T04:28:27.853166768Z stdout F -N ISTIO_INBOUND
2022-04-30T04:28:27.853171462Z stdout F -N ISTIO_REDIRECT
2022-04-30T04:28:27.853176367Z stdout F -N ISTIO_IN_REDIRECT
2022-04-30T04:28:27.853181024Z stdout F -N ISTIO_OUTPUT
2022-04-30T04:28:27.853185654Z stdout F -A ISTIO_INBOUND -p tcp --dport 15008 -j RETURN
2022-04-30T04:28:27.853190296Z stdout F -A ISTIO_REDIRECT -p tcp -j REDIRECT --to-ports 15001
2022-04-30T04:28:27.853195292Z stdout F -A ISTIO_IN_REDIRECT -p tcp -j REDIRECT --to-ports 15006
2022-04-30T04:28:27.85320012Z stdout F -A PREROUTING -p tcp -j ISTIO_INBOUND
2022-04-30T04:28:27.853204898Z stdout F -A ISTIO_INBOUND -p tcp --dport 15090 -j RETURN
2022-04-30T04:28:27.853209616Z stdout F -A ISTIO_INBOUND -p tcp --dport 15021 -j RETURN
2022-04-30T04:28:27.853214263Z stdout F -A ISTIO_INBOUND -p tcp --dport 15020 -j RETURN
2022-04-30T04:28:27.853219002Z stdout F -A ISTIO_INBOUND -p tcp -j ISTIO_IN_REDIRECT
2022-04-30T04:28:27.853224009Z stdout F -A OUTPUT -p tcp -j ISTIO_OUTPUT
2022-04-30T04:28:27.853228855Z stdout F -A ISTIO_OUTPUT -o lo -s 127.0.0.6/32 -j RETURN
2022-04-30T04:28:27.853233787Z stdout F -A ISTIO_OUTPUT -o lo ! -d 127.0.0.1/32 -m owner --uid-owner 1337 -j ISTIO_IN_REDIRECT
2022-04-30T04:28:27.853238943Z stdout F -A ISTIO_OUTPUT -o lo -m owner ! --uid-owner 1337 -j RETURN
2022-04-30T04:28:27.8532977Z stdout F -A ISTIO_OUTPUT -m owner --uid-owner 1337 -j RETURN
2022-04-30T04:28:27.853305041Z stdout F -A ISTIO_OUTPUT -o lo ! -d 127.0.0.1/32 -m owner --gid-owner 1337 -j ISTIO_IN_REDIRECT
2022-04-30T04:28:27.853310291Z stdout F -A ISTIO_OUTPUT -o lo -m owner ! --gid-owner 1337 -j RETURN
2022-04-30T04:28:27.853315227Z stdout F -A ISTIO_OUTPUT -m owner --gid-owner 1337 -j RETURN
2022-04-30T04:28:27.853320321Z stdout F -A ISTIO_OUTPUT -d 127.0.0.1/32 -j RETURN
2022-04-30T04:28:27.853325066Z stdout F -A ISTIO_OUTPUT -j ISTIO_REDIRECT
2022-04-30T04:28:27.853329712Z stdout F COMMIT
2022-04-30T04:28:27.85333551Z stdout F 2022-04-30T04:28:27.846200Z	info	Running command: iptables-restore --noflush /tmp/iptables-rules-1651292907845971307.txt1475551193
2022-04-30T04:28:27.872365262Z stdout F 2022-04-30T04:28:27.870044Z	info	Writing following contents to rules file: /tmp/ip6tables-rules-1651292907869773263.txt3067662884
2022-04-30T04:28:27.872393773Z stdout F 
2022-04-30T04:28:27.872401374Z stdout F 2022-04-30T04:28:27.870201Z	info	Running command: ip6tables-restore --noflush /tmp/ip6tables-rules-1651292907869773263.txt3067662884
2022-04-30T04:28:27.888931332Z stdout F 2022-04-30T04:28:27.888644Z	info	Running command: iptables-save 
2022-04-30T04:28:27.899058657Z stdout F 2022-04-30T04:28:27.897684Z	info	Command output: 
2022-04-30T04:28:27.899118638Z stdout F # Generated by iptables-save v1.8.4 on Sat Apr 30 04:28:27 2022
2022-04-30T04:28:27.899128286Z stdout F *nat
2022-04-30T04:28:27.899134197Z stdout F :PREROUTING ACCEPT [0:0]
2022-04-30T04:28:27.899138061Z stdout F :INPUT ACCEPT [0:0]
2022-04-30T04:28:27.899142107Z stdout F :OUTPUT ACCEPT [0:0]
2022-04-30T04:28:27.89914639Z stdout F :POSTROUTING ACCEPT [0:0]
2022-04-30T04:28:27.899150345Z stdout F :ISTIO_INBOUND - [0:0]
2022-04-30T04:28:27.899154045Z stdout F :ISTIO_IN_REDIRECT - [0:0]
2022-04-30T04:28:27.899157954Z stdout F :ISTIO_OUTPUT - [0:0]
2022-04-30T04:28:27.899162184Z stdout F :ISTIO_REDIRECT - [0:0]
2022-04-30T04:28:27.899167805Z stdout F -A PREROUTING -p tcp -j ISTIO_INBOUND
2022-04-30T04:28:27.899172579Z stdout F -A OUTPUT -p tcp -j ISTIO_OUTPUT
2022-04-30T04:28:27.899176927Z stdout F -A ISTIO_INBOUND -p tcp -m tcp --dport 15008 -j RETURN
2022-04-30T04:28:27.899181207Z stdout F -A ISTIO_INBOUND -p tcp -m tcp --dport 15090 -j RETURN
2022-04-30T04:28:27.899185187Z stdout F -A ISTIO_INBOUND -p tcp -m tcp --dport 15021 -j RETURN
2022-04-30T04:28:27.899189273Z stdout F -A ISTIO_INBOUND -p tcp -m tcp --dport 15020 -j RETURN
2022-04-30T04:28:27.899193489Z stdout F -A ISTIO_INBOUND -p tcp -j ISTIO_IN_REDIRECT
2022-04-30T04:28:27.899197614Z stdout F -A ISTIO_IN_REDIRECT -p tcp -j REDIRECT --to-ports 15006
2022-04-30T04:28:27.899201718Z stdout F -A ISTIO_OUTPUT -s 127.0.0.6/32 -o lo -j RETURN
2022-04-30T04:28:27.899281589Z stdout F -A ISTIO_OUTPUT ! -d 127.0.0.1/32 -o lo -m owner --uid-owner 1337 -j ISTIO_IN_REDIRECT
2022-04-30T04:28:27.899290075Z stdout F -A ISTIO_OUTPUT -o lo -m owner ! --uid-owner 1337 -j RETURN
2022-04-30T04:28:27.899295124Z stdout F -A ISTIO_OUTPUT -m owner --uid-owner 1337 -j RETURN
2022-04-30T04:28:27.899299649Z stdout F -A ISTIO_OUTPUT ! -d 127.0.0.1/32 -o lo -m owner --gid-owner 1337 -j ISTIO_IN_REDIRECT
2022-04-30T04:28:27.899303683Z stdout F -A ISTIO_OUTPUT -o lo -m owner ! --gid-owner 1337 -j RETURN
2022-04-30T04:28:27.899307508Z stdout F -A ISTIO_OUTPUT -m owner --gid-owner 1337 -j RETURN
2022-04-30T04:28:27.899311741Z stdout F -A ISTIO_OUTPUT -d 127.0.0.1/32 -j RETURN
2022-04-30T04:28:27.899315713Z stdout F -A ISTIO_OUTPUT -j ISTIO_REDIRECT
2022-04-30T04:28:27.899319817Z stdout F -A ISTIO_REDIRECT -p tcp -j REDIRECT --to-ports 15001
2022-04-30T04:28:27.899324319Z stdout F COMMIT
2022-04-30T04:28:27.899328415Z stdout F # Completed on Sat Apr 30 04:28:27 2022
2022-04-30T04:28:27.899332307Z stdout F 
