2022-05-26T05:25:22.59586365Z stdout F 2022-05-26T05:25:22.595512Z	info	Istio iptables environment:
2022-05-26T05:25:22.595891268Z stdout F ENVOY_PORT=
2022-05-26T05:25:22.595895746Z stdout F INBOUND_CAPTURE_PORT=
2022-05-26T05:25:22.595898578Z stdout F ISTIO_INBOUND_INTERCEPTION_MODE=
2022-05-26T05:25:22.595901475Z stdout F ISTIO_INBOUND_TPROXY_ROUTE_TABLE=
2022-05-26T05:25:22.595903743Z stdout F ISTIO_INBOUND_PORTS=
2022-05-26T05:25:22.59590622Z stdout F ISTIO_OUTBOUND_PORTS=
2022-05-26T05:25:22.595908414Z stdout F ISTIO_LOCAL_EXCLUDE_PORTS=
2022-05-26T05:25:22.595910627Z stdout F ISTIO_EXCLUDE_INTERFACES=
2022-05-26T05:25:22.595912805Z stdout F ISTIO_SERVICE_CIDR=
2022-05-26T05:25:22.595914984Z stdout F ISTIO_SERVICE_EXCLUDE_CIDR=
2022-05-26T05:25:22.595917139Z stdout F ISTIO_META_DNS_CAPTURE=
2022-05-26T05:25:22.595919427Z stdout F INVALID_DROP=
2022-05-26T05:25:22.595921591Z stdout F 
2022-05-26T05:25:22.595923863Z stdout F 2022-05-26T05:25:22.595568Z	info	Istio iptables variables:
2022-05-26T05:25:22.595926049Z stdout F PROXY_PORT=15001
2022-05-26T05:25:22.595928255Z stdout F PROXY_INBOUND_CAPTURE_PORT=15006
2022-05-26T05:25:22.595930457Z stdout F PROXY_TUNNEL_PORT=15008
2022-05-26T05:25:22.595932641Z stdout F PROXY_UID=1337
2022-05-26T05:25:22.595934838Z stdout F PROXY_GID=1337
2022-05-26T05:25:22.595937163Z stdout F INBOUND_INTERCEPTION_MODE=REDIRECT
2022-05-26T05:25:22.595939393Z stdout F INBOUND_TPROXY_MARK=1337
2022-05-26T05:25:22.595941567Z stdout F INBOUND_TPROXY_ROUTE_TABLE=133
2022-05-26T05:25:22.595943745Z stdout F INBOUND_PORTS_INCLUDE=*
2022-05-26T05:25:22.595945965Z stdout F INBOUND_PORTS_EXCLUDE=15090,15021,15020
2022-05-26T05:25:22.59594814Z stdout F OUTBOUND_IP_RANGES_INCLUDE=*
2022-05-26T05:25:22.595950458Z stdout F OUTBOUND_IP_RANGES_EXCLUDE=
2022-05-26T05:25:22.595952602Z stdout F OUTBOUND_PORTS_INCLUDE=
2022-05-26T05:25:22.595954872Z stdout F OUTBOUND_PORTS_EXCLUDE=
2022-05-26T05:25:22.595960577Z stdout F KUBE_VIRT_INTERFACES=
2022-05-26T05:25:22.59596322Z stdout F ENABLE_INBOUND_IPV6=false
2022-05-26T05:25:22.59596545Z stdout F DNS_CAPTURE=false
2022-05-26T05:25:22.595967667Z stdout F DROP_INVALID=false
2022-05-26T05:25:22.59596986Z stdout F CAPTURE_ALL_DNS=false
2022-05-26T05:25:22.595972141Z stdout F DNS_SERVERS=[],[]
2022-05-26T05:25:22.595974394Z stdout F OUTPUT_PATH=
2022-05-26T05:25:22.595976761Z stdout F NETWORK_NAMESPACE=
2022-05-26T05:25:22.595979038Z stdout F CNI_MODE=false
2022-05-26T05:25:22.595981417Z stdout F EXCLUDE_INTERFACES=
2022-05-26T05:25:22.595983514Z stdout F 
2022-05-26T05:25:22.595991292Z stdout F 2022-05-26T05:25:22.595758Z	info	Writing following contents to rules file: /tmp/iptables-rules-1653542722595604900.txt3715674289
2022-05-26T05:25:22.595994003Z stdout F * nat
2022-05-26T05:25:22.595996314Z stdout F -N ISTIO_INBOUND
2022-05-26T05:25:22.595998605Z stdout F -N ISTIO_REDIRECT
2022-05-26T05:25:22.59600081Z stdout F -N ISTIO_IN_REDIRECT
2022-05-26T05:25:22.596003002Z stdout F -N ISTIO_OUTPUT
2022-05-26T05:25:22.596005251Z stdout F -A ISTIO_INBOUND -p tcp --dport 15008 -j RETURN
2022-05-26T05:25:22.596007457Z stdout F -A ISTIO_REDIRECT -p tcp -j REDIRECT --to-ports 15001
2022-05-26T05:25:22.596009664Z stdout F -A ISTIO_IN_REDIRECT -p tcp -j REDIRECT --to-ports 15006
2022-05-26T05:25:22.596011836Z stdout F -A PREROUTING -p tcp -j ISTIO_INBOUND
2022-05-26T05:25:22.596014021Z stdout F -A ISTIO_INBOUND -p tcp --dport 15090 -j RETURN
2022-05-26T05:25:22.596016702Z stdout F -A ISTIO_INBOUND -p tcp --dport 15021 -j RETURN
2022-05-26T05:25:22.596018926Z stdout F -A ISTIO_INBOUND -p tcp --dport 15020 -j RETURN
2022-05-26T05:25:22.596021095Z stdout F -A ISTIO_INBOUND -p tcp -j ISTIO_IN_REDIRECT
2022-05-26T05:25:22.596023293Z stdout F -A OUTPUT -p tcp -j ISTIO_OUTPUT
2022-05-26T05:25:22.596025463Z stdout F -A ISTIO_OUTPUT -o lo -s 127.0.0.6/32 -j RETURN
2022-05-26T05:25:22.596027891Z stdout F -A ISTIO_OUTPUT -o lo ! -d 127.0.0.1/32 -m owner --uid-owner 1337 -j ISTIO_IN_REDIRECT
2022-05-26T05:25:22.596030032Z stdout F -A ISTIO_OUTPUT -o lo -m owner ! --uid-owner 1337 -j RETURN
2022-05-26T05:25:22.596032209Z stdout F -A ISTIO_OUTPUT -m owner --uid-owner 1337 -j RETURN
2022-05-26T05:25:22.596039964Z stdout F -A ISTIO_OUTPUT -o lo ! -d 127.0.0.1/32 -m owner --gid-owner 1337 -j ISTIO_IN_REDIRECT
2022-05-26T05:25:22.596042503Z stdout F -A ISTIO_OUTPUT -o lo -m owner ! --gid-owner 1337 -j RETURN
2022-05-26T05:25:22.596044654Z stdout F -A ISTIO_OUTPUT -m owner --gid-owner 1337 -j RETURN
2022-05-26T05:25:22.59604684Z stdout F -A ISTIO_OUTPUT -d 127.0.0.1/32 -j RETURN
2022-05-26T05:25:22.596049072Z stdout F -A ISTIO_OUTPUT -j ISTIO_REDIRECT
2022-05-26T05:25:22.596051337Z stdout F COMMIT
2022-05-26T05:25:22.596054297Z stdout F 2022-05-26T05:25:22.595872Z	info	Running command: iptables-restore --noflush /tmp/iptables-rules-1653542722595604900.txt3715674289
2022-05-26T05:25:22.605680976Z stdout F 2022-05-26T05:25:22.605155Z	info	Writing following contents to rules file: /tmp/ip6tables-rules-1653542722605053198.txt3206682786
2022-05-26T05:25:22.605698527Z stdout F 
2022-05-26T05:25:22.605701808Z stdout F 2022-05-26T05:25:22.605378Z	info	Running command: ip6tables-restore --noflush /tmp/ip6tables-rules-1653542722605053198.txt3206682786
2022-05-26T05:25:22.608808619Z stdout F 2022-05-26T05:25:22.608591Z	info	Running command: iptables-save 
2022-05-26T05:25:22.612919323Z stdout F 2022-05-26T05:25:22.612419Z	info	Command output: 
2022-05-26T05:25:22.612937816Z stdout F # Generated by iptables-save v1.8.4 on Thu May 26 05:25:22 2022
2022-05-26T05:25:22.612953272Z stdout F *nat
2022-05-26T05:25:22.612959185Z stdout F :PREROUTING ACCEPT [0:0]
2022-05-26T05:25:22.612961655Z stdout F :INPUT ACCEPT [0:0]
2022-05-26T05:25:22.612963905Z stdout F :OUTPUT ACCEPT [0:0]
2022-05-26T05:25:22.612966561Z stdout F :POSTROUTING ACCEPT [0:0]
2022-05-26T05:25:22.612968781Z stdout F :ISTIO_INBOUND - [0:0]
2022-05-26T05:25:22.612971004Z stdout F :ISTIO_IN_REDIRECT - [0:0]
2022-05-26T05:25:22.61297323Z stdout F :ISTIO_OUTPUT - [0:0]
2022-05-26T05:25:22.612975619Z stdout F :ISTIO_REDIRECT - [0:0]
2022-05-26T05:25:22.612978129Z stdout F -A PREROUTING -p tcp -j ISTIO_INBOUND
2022-05-26T05:25:22.612980368Z stdout F -A OUTPUT -p tcp -j ISTIO_OUTPUT
2022-05-26T05:25:22.612982658Z stdout F -A ISTIO_INBOUND -p tcp -m tcp --dport 15008 -j RETURN
2022-05-26T05:25:22.612984875Z stdout F -A ISTIO_INBOUND -p tcp -m tcp --dport 15090 -j RETURN
2022-05-26T05:25:22.612987082Z stdout F -A ISTIO_INBOUND -p tcp -m tcp --dport 15021 -j RETURN
2022-05-26T05:25:22.612989278Z stdout F -A ISTIO_INBOUND -p tcp -m tcp --dport 15020 -j RETURN
2022-05-26T05:25:22.612991514Z stdout F -A ISTIO_INBOUND -p tcp -j ISTIO_IN_REDIRECT
2022-05-26T05:25:22.612993819Z stdout F -A ISTIO_IN_REDIRECT -p tcp -j REDIRECT --to-ports 15006
2022-05-26T05:25:22.612995982Z stdout F -A ISTIO_OUTPUT -s 127.0.0.6/32 -o lo -j RETURN
2022-05-26T05:25:22.61299878Z stdout F -A ISTIO_OUTPUT ! -d 127.0.0.1/32 -o lo -m owner --uid-owner 1337 -j ISTIO_IN_REDIRECT
2022-05-26T05:25:22.613001036Z stdout F -A ISTIO_OUTPUT -o lo -m owner ! --uid-owner 1337 -j RETURN
2022-05-26T05:25:22.613003181Z stdout F -A ISTIO_OUTPUT -m owner --uid-owner 1337 -j RETURN
2022-05-26T05:25:22.613005444Z stdout F -A ISTIO_OUTPUT ! -d 127.0.0.1/32 -o lo -m owner --gid-owner 1337 -j ISTIO_IN_REDIRECT
2022-05-26T05:25:22.613007647Z stdout F -A ISTIO_OUTPUT -o lo -m owner ! --gid-owner 1337 -j RETURN
2022-05-26T05:25:22.613009994Z stdout F -A ISTIO_OUTPUT -m owner --gid-owner 1337 -j RETURN
2022-05-26T05:25:22.613012401Z stdout F -A ISTIO_OUTPUT -d 127.0.0.1/32 -j RETURN
2022-05-26T05:25:22.613014667Z stdout F -A ISTIO_OUTPUT -j ISTIO_REDIRECT
2022-05-26T05:25:22.613016957Z stdout F -A ISTIO_REDIRECT -p tcp -j REDIRECT --to-ports 15001
2022-05-26T05:25:22.61301953Z stdout F COMMIT
2022-05-26T05:25:22.613021793Z stdout F # Completed on Thu May 26 05:25:22 2022
2022-05-26T05:25:22.613023954Z stdout F 
