2022-05-09T06:52:52.501361616Z stdout F 2022-05-09T06:52:52.500345Z	info	Istio iptables environment:
2022-05-09T06:52:52.501498249Z stdout F ENVOY_PORT=
2022-05-09T06:52:52.501510958Z stdout F INBOUND_CAPTURE_PORT=
2022-05-09T06:52:52.501517984Z stdout F ISTIO_INBOUND_INTERCEPTION_MODE=
2022-05-09T06:52:52.501523071Z stdout F ISTIO_INBOUND_TPROXY_ROUTE_TABLE=
2022-05-09T06:52:52.501527324Z stdout F ISTIO_INBOUND_PORTS=
2022-05-09T06:52:52.501531862Z stdout F ISTIO_OUTBOUND_PORTS=
2022-05-09T06:52:52.501536127Z stdout F ISTIO_LOCAL_EXCLUDE_PORTS=
2022-05-09T06:52:52.501540278Z stdout F ISTIO_EXCLUDE_INTERFACES=
2022-05-09T06:52:52.501544347Z stdout F ISTIO_SERVICE_CIDR=
2022-05-09T06:52:52.501548444Z stdout F ISTIO_SERVICE_EXCLUDE_CIDR=
2022-05-09T06:52:52.50155272Z stdout F ISTIO_META_DNS_CAPTURE=
2022-05-09T06:52:52.501557555Z stdout F INVALID_DROP=
2022-05-09T06:52:52.501562031Z stdout F 
2022-05-09T06:52:52.501566381Z stdout F 2022-05-09T06:52:52.500469Z	info	Istio iptables variables:
2022-05-09T06:52:52.501570844Z stdout F PROXY_PORT=15001
2022-05-09T06:52:52.501575201Z stdout F PROXY_INBOUND_CAPTURE_PORT=15006
2022-05-09T06:52:52.501579687Z stdout F PROXY_TUNNEL_PORT=15008
2022-05-09T06:52:52.501584041Z stdout F PROXY_UID=1337
2022-05-09T06:52:52.501588425Z stdout F PROXY_GID=1337
2022-05-09T06:52:52.501665596Z stdout F INBOUND_INTERCEPTION_MODE=REDIRECT
2022-05-09T06:52:52.501679659Z stdout F INBOUND_TPROXY_MARK=1337
2022-05-09T06:52:52.501685429Z stdout F INBOUND_TPROXY_ROUTE_TABLE=133
2022-05-09T06:52:52.50169004Z stdout F INBOUND_PORTS_INCLUDE=*
2022-05-09T06:52:52.501695124Z stdout F INBOUND_PORTS_EXCLUDE=15090,15021,15020
2022-05-09T06:52:52.501700133Z stdout F OUTBOUND_IP_RANGES_INCLUDE=*
2022-05-09T06:52:52.501704834Z stdout F OUTBOUND_IP_RANGES_EXCLUDE=
2022-05-09T06:52:52.501709228Z stdout F OUTBOUND_PORTS_INCLUDE=
2022-05-09T06:52:52.50171378Z stdout F OUTBOUND_PORTS_EXCLUDE=
2022-05-09T06:52:52.501718497Z stdout F KUBE_VIRT_INTERFACES=
2022-05-09T06:52:52.501723319Z stdout F ENABLE_INBOUND_IPV6=false
2022-05-09T06:52:52.501727823Z stdout F DNS_CAPTURE=false
2022-05-09T06:52:52.501732096Z stdout F DROP_INVALID=false
2022-05-09T06:52:52.501736631Z stdout F CAPTURE_ALL_DNS=false
2022-05-09T06:52:52.501741284Z stdout F DNS_SERVERS=[],[]
2022-05-09T06:52:52.501770145Z stdout F OUTPUT_PATH=
2022-05-09T06:52:52.501837084Z stdout F NETWORK_NAMESPACE=
2022-05-09T06:52:52.501846324Z stdout F CNI_MODE=false
2022-05-09T06:52:52.501851567Z stdout F EXCLUDE_INTERFACES=
2022-05-09T06:52:52.501856111Z stdout F 
2022-05-09T06:52:52.506050448Z stdout F 2022-05-09T06:52:52.503514Z	info	Writing following contents to rules file: /tmp/iptables-rules-1652079172503174836.txt1932098872
2022-05-09T06:52:52.506074597Z stdout F * nat
2022-05-09T06:52:52.506080689Z stdout F -N ISTIO_INBOUND
2022-05-09T06:52:52.506085803Z stdout F -N ISTIO_REDIRECT
2022-05-09T06:52:52.506090542Z stdout F -N ISTIO_IN_REDIRECT
2022-05-09T06:52:52.50609644Z stdout F -N ISTIO_OUTPUT
2022-05-09T06:52:52.506167059Z stdout F -A ISTIO_INBOUND -p tcp --dport 15008 -j RETURN
2022-05-09T06:52:52.506176002Z stdout F -A ISTIO_REDIRECT -p tcp -j REDIRECT --to-ports 15001
2022-05-09T06:52:52.506182117Z stdout F -A ISTIO_IN_REDIRECT -p tcp -j REDIRECT --to-ports 15006
2022-05-09T06:52:52.506186509Z stdout F -A PREROUTING -p tcp -j ISTIO_INBOUND
2022-05-09T06:52:52.506190324Z stdout F -A ISTIO_INBOUND -p tcp --dport 15090 -j RETURN
2022-05-09T06:52:52.506194039Z stdout F -A ISTIO_INBOUND -p tcp --dport 15021 -j RETURN
2022-05-09T06:52:52.506198008Z stdout F -A ISTIO_INBOUND -p tcp --dport 15020 -j RETURN
2022-05-09T06:52:52.50620221Z stdout F -A ISTIO_INBOUND -p tcp -j ISTIO_IN_REDIRECT
2022-05-09T06:52:52.506207055Z stdout F -A OUTPUT -p tcp -j ISTIO_OUTPUT
2022-05-09T06:52:52.506211013Z stdout F -A ISTIO_OUTPUT -o lo -s 127.0.0.6/32 -j RETURN
2022-05-09T06:52:52.506215876Z stdout F -A ISTIO_OUTPUT -o lo ! -d 127.0.0.1/32 -m owner --uid-owner 1337 -j ISTIO_IN_REDIRECT
2022-05-09T06:52:52.506219837Z stdout F -A ISTIO_OUTPUT -o lo -m owner ! --uid-owner 1337 -j RETURN
2022-05-09T06:52:52.506327768Z stdout F -A ISTIO_OUTPUT -m owner --uid-owner 1337 -j RETURN
2022-05-09T06:52:52.506338043Z stdout F -A ISTIO_OUTPUT -o lo ! -d 127.0.0.1/32 -m owner --gid-owner 1337 -j ISTIO_IN_REDIRECT
2022-05-09T06:52:52.506343295Z stdout F -A ISTIO_OUTPUT -o lo -m owner ! --gid-owner 1337 -j RETURN
2022-05-09T06:52:52.506348071Z stdout F -A ISTIO_OUTPUT -m owner --gid-owner 1337 -j RETURN
2022-05-09T06:52:52.506352662Z stdout F -A ISTIO_OUTPUT -d 127.0.0.1/32 -j RETURN
2022-05-09T06:52:52.506357207Z stdout F -A ISTIO_OUTPUT -j ISTIO_REDIRECT
2022-05-09T06:52:52.506361948Z stdout F COMMIT
2022-05-09T06:52:52.506367057Z stdout F 2022-05-09T06:52:52.503614Z	info	Running command: iptables-restore --noflush /tmp/iptables-rules-1652079172503174836.txt1932098872
2022-05-09T06:52:52.520629518Z stdout F 2022-05-09T06:52:52.515896Z	info	Writing following contents to rules file: /tmp/ip6tables-rules-1652079172515806267.txt4284249664
2022-05-09T06:52:52.52070231Z stdout F 
2022-05-09T06:52:52.520710539Z stdout F 2022-05-09T06:52:52.515986Z	info	Running command: ip6tables-restore --noflush /tmp/ip6tables-rules-1652079172515806267.txt4284249664
2022-05-09T06:52:52.525775641Z stdout F 2022-05-09T06:52:52.522958Z	info	Running command: iptables-save 
2022-05-09T06:52:52.540784615Z stdout F 2022-05-09T06:52:52.536035Z	info	Command output: 
2022-05-09T06:52:52.543297981Z stdout F # Generated by iptables-save v1.8.4 on Mon May  9 06:52:52 2022
2022-05-09T06:52:52.543331658Z stdout F *nat
2022-05-09T06:52:52.5433399Z stdout F :PREROUTING ACCEPT [0:0]
2022-05-09T06:52:52.543344999Z stdout F :INPUT ACCEPT [0:0]
2022-05-09T06:52:52.543349202Z stdout F :OUTPUT ACCEPT [0:0]
2022-05-09T06:52:52.543353449Z stdout F :POSTROUTING ACCEPT [0:0]
2022-05-09T06:52:52.543372311Z stdout F :ISTIO_INBOUND - [0:0]
2022-05-09T06:52:52.543378685Z stdout F :ISTIO_IN_REDIRECT - [0:0]
2022-05-09T06:52:52.543383421Z stdout F :ISTIO_OUTPUT - [0:0]
2022-05-09T06:52:52.543388044Z stdout F :ISTIO_REDIRECT - [0:0]
2022-05-09T06:52:52.543392837Z stdout F -A PREROUTING -p tcp -j ISTIO_INBOUND
2022-05-09T06:52:52.543397131Z stdout F -A OUTPUT -p tcp -j ISTIO_OUTPUT
2022-05-09T06:52:52.543401292Z stdout F -A ISTIO_INBOUND -p tcp -m tcp --dport 15008 -j RETURN
2022-05-09T06:52:52.543405669Z stdout F -A ISTIO_INBOUND -p tcp -m tcp --dport 15090 -j RETURN
2022-05-09T06:52:52.543410307Z stdout F -A ISTIO_INBOUND -p tcp -m tcp --dport 15021 -j RETURN
2022-05-09T06:52:52.543414072Z stdout F -A ISTIO_INBOUND -p tcp -m tcp --dport 15020 -j RETURN
2022-05-09T06:52:52.543418338Z stdout F -A ISTIO_INBOUND -p tcp -j ISTIO_IN_REDIRECT
2022-05-09T06:52:52.543422307Z stdout F -A ISTIO_IN_REDIRECT -p tcp -j REDIRECT --to-ports 15006
2022-05-09T06:52:52.543425926Z stdout F -A ISTIO_OUTPUT -s 127.0.0.6/32 -o lo -j RETURN
2022-05-09T06:52:52.543430275Z stdout F -A ISTIO_OUTPUT ! -d 127.0.0.1/32 -o lo -m owner --uid-owner 1337 -j ISTIO_IN_REDIRECT
2022-05-09T06:52:52.543433972Z stdout F -A ISTIO_OUTPUT -o lo -m owner ! --uid-owner 1337 -j RETURN
2022-05-09T06:52:52.543437529Z stdout F -A ISTIO_OUTPUT -m owner --uid-owner 1337 -j RETURN
2022-05-09T06:52:52.543441601Z stdout F -A ISTIO_OUTPUT ! -d 127.0.0.1/32 -o lo -m owner --gid-owner 1337 -j ISTIO_IN_REDIRECT
2022-05-09T06:52:52.543464516Z stdout F -A ISTIO_OUTPUT -o lo -m owner ! --gid-owner 1337 -j RETURN
2022-05-09T06:52:52.543470569Z stdout F -A ISTIO_OUTPUT -m owner --gid-owner 1337 -j RETURN
2022-05-09T06:52:52.543474534Z stdout F -A ISTIO_OUTPUT -d 127.0.0.1/32 -j RETURN
2022-05-09T06:52:52.543478515Z stdout F -A ISTIO_OUTPUT -j ISTIO_REDIRECT
2022-05-09T06:52:52.543482465Z stdout F -A ISTIO_REDIRECT -p tcp -j REDIRECT --to-ports 15001
2022-05-09T06:52:52.543486703Z stdout F COMMIT
2022-05-09T06:52:52.543490752Z stdout F # Completed on Mon May  9 06:52:52 2022
2022-05-09T06:52:52.543494437Z stdout F 
