2022-05-25T10:52:32.374845849Z stdout F 2022-05-25T10:52:32.371339Z	info	Istio iptables environment:
2022-05-25T10:52:32.374893893Z stdout F ENVOY_PORT=
2022-05-25T10:52:32.374902412Z stdout F INBOUND_CAPTURE_PORT=
2022-05-25T10:52:32.374907735Z stdout F ISTIO_INBOUND_INTERCEPTION_MODE=
2022-05-25T10:52:32.374911895Z stdout F ISTIO_INBOUND_TPROXY_ROUTE_TABLE=
2022-05-25T10:52:32.374915816Z stdout F ISTIO_INBOUND_PORTS=
2022-05-25T10:52:32.374919438Z stdout F ISTIO_OUTBOUND_PORTS=
2022-05-25T10:52:32.374928915Z stdout F ISTIO_LOCAL_EXCLUDE_PORTS=
2022-05-25T10:52:32.374943228Z stdout F ISTIO_EXCLUDE_INTERFACES=
2022-05-25T10:52:32.375213057Z stdout F ISTIO_SERVICE_CIDR=
2022-05-25T10:52:32.375289116Z stdout F ISTIO_SERVICE_EXCLUDE_CIDR=
2022-05-25T10:52:32.375308525Z stdout F ISTIO_META_DNS_CAPTURE=
2022-05-25T10:52:32.375315471Z stdout F INVALID_DROP=
2022-05-25T10:52:32.37532017Z stdout F 
2022-05-25T10:52:32.375324883Z stdout F 2022-05-25T10:52:32.371448Z	info	Istio iptables variables:
2022-05-25T10:52:32.37532911Z stdout F PROXY_PORT=15001
2022-05-25T10:52:32.375333001Z stdout F PROXY_INBOUND_CAPTURE_PORT=15006
2022-05-25T10:52:32.375336525Z stdout F PROXY_TUNNEL_PORT=15008
2022-05-25T10:52:32.375340393Z stdout F PROXY_UID=1337
2022-05-25T10:52:32.375344255Z stdout F PROXY_GID=1337
2022-05-25T10:52:32.375348177Z stdout F INBOUND_INTERCEPTION_MODE=REDIRECT
2022-05-25T10:52:32.377165874Z stdout F INBOUND_TPROXY_MARK=1337
2022-05-25T10:52:32.377178286Z stdout F INBOUND_TPROXY_ROUTE_TABLE=133
2022-05-25T10:52:32.377183449Z stdout F INBOUND_PORTS_INCLUDE=*
2022-05-25T10:52:32.37718884Z stdout F INBOUND_PORTS_EXCLUDE=15090,15021,15020
2022-05-25T10:52:32.377193143Z stdout F OUTBOUND_IP_RANGES_INCLUDE=*
2022-05-25T10:52:32.377197066Z stdout F OUTBOUND_IP_RANGES_EXCLUDE=
2022-05-25T10:52:32.377201571Z stdout F OUTBOUND_PORTS_INCLUDE=
2022-05-25T10:52:32.377205823Z stdout F OUTBOUND_PORTS_EXCLUDE=
2022-05-25T10:52:32.377209987Z stdout F KUBE_VIRT_INTERFACES=
2022-05-25T10:52:32.377213996Z stdout F ENABLE_INBOUND_IPV6=false
2022-05-25T10:52:32.377218057Z stdout F DNS_CAPTURE=false
2022-05-25T10:52:32.37722204Z stdout F DROP_INVALID=false
2022-05-25T10:52:32.377226335Z stdout F CAPTURE_ALL_DNS=false
2022-05-25T10:52:32.377239813Z stdout F DNS_SERVERS=[],[]
2022-05-25T10:52:32.377251204Z stdout F OUTPUT_PATH=
2022-05-25T10:52:32.377256545Z stdout F NETWORK_NAMESPACE=
2022-05-25T10:52:32.377260759Z stdout F CNI_MODE=false
2022-05-25T10:52:32.377265107Z stdout F EXCLUDE_INTERFACES=
2022-05-25T10:52:32.377269164Z stdout F 
2022-05-25T10:52:32.377274015Z stdout F 2022-05-25T10:52:32.371765Z	info	Writing following contents to rules file: /tmp/iptables-rules-1653475952371512444.txt1099010208
2022-05-25T10:52:32.377278592Z stdout F * nat
2022-05-25T10:52:32.377282883Z stdout F -N ISTIO_INBOUND
2022-05-25T10:52:32.377287111Z stdout F -N ISTIO_REDIRECT
2022-05-25T10:52:32.37729123Z stdout F -N ISTIO_IN_REDIRECT
2022-05-25T10:52:32.377295318Z stdout F -N ISTIO_OUTPUT
2022-05-25T10:52:32.377299615Z stdout F -A ISTIO_INBOUND -p tcp --dport 15008 -j RETURN
2022-05-25T10:52:32.377304048Z stdout F -A ISTIO_REDIRECT -p tcp -j REDIRECT --to-ports 15001
2022-05-25T10:52:32.377308285Z stdout F -A ISTIO_IN_REDIRECT -p tcp -j REDIRECT --to-ports 15006
2022-05-25T10:52:32.377312623Z stdout F -A PREROUTING -p tcp -j ISTIO_INBOUND
2022-05-25T10:52:32.377316614Z stdout F -A ISTIO_INBOUND -p tcp --dport 15090 -j RETURN
2022-05-25T10:52:32.377320821Z stdout F -A ISTIO_INBOUND -p tcp --dport 15021 -j RETURN
2022-05-25T10:52:32.377324696Z stdout F -A ISTIO_INBOUND -p tcp --dport 15020 -j RETURN
2022-05-25T10:52:32.377328286Z stdout F -A ISTIO_INBOUND -p tcp -j ISTIO_IN_REDIRECT
2022-05-25T10:52:32.377334791Z stdout F -A OUTPUT -p tcp -j ISTIO_OUTPUT
2022-05-25T10:52:32.377346414Z stdout F -A ISTIO_OUTPUT -o lo -s 127.0.0.6/32 -j RETURN
2022-05-25T10:52:32.37735936Z stdout F -A ISTIO_OUTPUT -o lo ! -d 127.0.0.1/32 -m owner --uid-owner 1337 -j ISTIO_IN_REDIRECT
2022-05-25T10:52:32.377365918Z stdout F -A ISTIO_OUTPUT -o lo -m owner ! --uid-owner 1337 -j RETURN
2022-05-25T10:52:32.377370728Z stdout F -A ISTIO_OUTPUT -m owner --uid-owner 1337 -j RETURN
2022-05-25T10:52:32.377388713Z stdout F -A ISTIO_OUTPUT -o lo ! -d 127.0.0.1/32 -m owner --gid-owner 1337 -j ISTIO_IN_REDIRECT
2022-05-25T10:52:32.377409533Z stdout F -A ISTIO_OUTPUT -o lo -m owner ! --gid-owner 1337 -j RETURN
2022-05-25T10:52:32.377462203Z stdout F -A ISTIO_OUTPUT -m owner --gid-owner 1337 -j RETURN
2022-05-25T10:52:32.377475469Z stdout F -A ISTIO_OUTPUT -d 127.0.0.1/32 -j RETURN
2022-05-25T10:52:32.377480507Z stdout F -A ISTIO_OUTPUT -j ISTIO_REDIRECT
2022-05-25T10:52:32.377484746Z stdout F COMMIT
2022-05-25T10:52:32.37748934Z stdout F 2022-05-25T10:52:32.371804Z	info	Running command: iptables-restore --noflush /tmp/iptables-rules-1653475952371512444.txt1099010208
2022-05-25T10:52:32.406879544Z stdout F 2022-05-25T10:52:32.404930Z	info	Writing following contents to rules file: /tmp/ip6tables-rules-1653475952404810867.txt3164595193
2022-05-25T10:52:32.406911024Z stdout F 
2022-05-25T10:52:32.406916564Z stdout F 2022-05-25T10:52:32.404981Z	info	Running command: ip6tables-restore --noflush /tmp/ip6tables-rules-1653475952404810867.txt3164595193
2022-05-25T10:52:32.419816605Z stdout F 2022-05-25T10:52:32.418928Z	info	Running command: iptables-save 
2022-05-25T10:52:32.528578794Z stdout F 2022-05-25T10:52:32.520150Z	info	Command output: 
2022-05-25T10:52:32.528623483Z stdout F # Generated by iptables-save v1.8.4 on Wed May 25 10:52:32 2022
2022-05-25T10:52:32.528635724Z stdout F *nat
2022-05-25T10:52:32.52864269Z stdout F :PREROUTING ACCEPT [0:0]
2022-05-25T10:52:32.52864812Z stdout F :INPUT ACCEPT [0:0]
2022-05-25T10:52:32.528653538Z stdout F :OUTPUT ACCEPT [0:0]
2022-05-25T10:52:32.528664389Z stdout F :POSTROUTING ACCEPT [0:0]
2022-05-25T10:52:32.528676776Z stdout F :ISTIO_INBOUND - [0:0]
2022-05-25T10:52:32.528685062Z stdout F :ISTIO_IN_REDIRECT - [0:0]
2022-05-25T10:52:32.52869644Z stdout F :ISTIO_OUTPUT - [0:0]
2022-05-25T10:52:32.528704632Z stdout F :ISTIO_REDIRECT - [0:0]
2022-05-25T10:52:32.528709723Z stdout F -A PREROUTING -p tcp -j ISTIO_INBOUND
2022-05-25T10:52:32.528713971Z stdout F -A OUTPUT -p tcp -j ISTIO_OUTPUT
2022-05-25T10:52:32.528723513Z stdout F -A ISTIO_INBOUND -p tcp -m tcp --dport 15008 -j RETURN
2022-05-25T10:52:32.528730476Z stdout F -A ISTIO_INBOUND -p tcp -m tcp --dport 15090 -j RETURN
2022-05-25T10:52:32.528735003Z stdout F -A ISTIO_INBOUND -p tcp -m tcp --dport 15021 -j RETURN
2022-05-25T10:52:32.5287389Z stdout F -A ISTIO_INBOUND -p tcp -m tcp --dport 15020 -j RETURN
2022-05-25T10:52:32.528745085Z stdout F -A ISTIO_INBOUND -p tcp -j ISTIO_IN_REDIRECT
2022-05-25T10:52:32.528755321Z stdout F -A ISTIO_IN_REDIRECT -p tcp -j REDIRECT --to-ports 15006
2022-05-25T10:52:32.528802236Z stdout F -A ISTIO_OUTPUT -s 127.0.0.6/32 -o lo -j RETURN
2022-05-25T10:52:32.528816651Z stdout F -A ISTIO_OUTPUT ! -d 127.0.0.1/32 -o lo -m owner --uid-owner 1337 -j ISTIO_IN_REDIRECT
2022-05-25T10:52:32.528822428Z stdout F -A ISTIO_OUTPUT -o lo -m owner ! --uid-owner 1337 -j RETURN
2022-05-25T10:52:32.528826684Z stdout F -A ISTIO_OUTPUT -m owner --uid-owner 1337 -j RETURN
2022-05-25T10:52:32.528830417Z stdout F -A ISTIO_OUTPUT ! -d 127.0.0.1/32 -o lo -m owner --gid-owner 1337 -j ISTIO_IN_REDIRECT
2022-05-25T10:52:32.528834356Z stdout F -A ISTIO_OUTPUT -o lo -m owner ! --gid-owner 1337 -j RETURN
2022-05-25T10:52:32.528846557Z stdout F -A ISTIO_OUTPUT -m owner --gid-owner 1337 -j RETURN
2022-05-25T10:52:32.528856534Z stdout F -A ISTIO_OUTPUT -d 127.0.0.1/32 -j RETURN
2022-05-25T10:52:32.528865124Z stdout F -A ISTIO_OUTPUT -j ISTIO_REDIRECT
2022-05-25T10:52:32.528873445Z stdout F -A ISTIO_REDIRECT -p tcp -j REDIRECT --to-ports 15001
2022-05-25T10:52:32.52887881Z stdout F COMMIT
2022-05-25T10:52:32.528925753Z stdout F # Completed on Wed May 25 10:52:32 2022
2022-05-25T10:52:32.528936307Z stdout F 
