2022-06-13T02:23:15.701943Z	info	FLAG: --concurrency="2"
2022-06-13T02:23:15.702083Z	info	FLAG: --domain="default.svc.cluster.local"
2022-06-13T02:23:15.702093Z	info	FLAG: --help="false"
2022-06-13T02:23:15.702097Z	info	FLAG: --log_as_json="false"
2022-06-13T02:23:15.702101Z	info	FLAG: --log_caller=""
2022-06-13T02:23:15.702104Z	info	FLAG: --log_output_level="default:info"
2022-06-13T02:23:15.702107Z	info	FLAG: --log_rotate=""
2022-06-13T02:23:15.702110Z	info	FLAG: --log_rotate_max_age="30"
2022-06-13T02:23:15.702115Z	info	FLAG: --log_rotate_max_backups="1000"
2022-06-13T02:23:15.702118Z	info	FLAG: --log_rotate_max_size="104857600"
2022-06-13T02:23:15.702122Z	info	FLAG: --log_stacktrace_level="default:none"
2022-06-13T02:23:15.702136Z	info	FLAG: --log_target="[stdout]"
2022-06-13T02:23:15.702141Z	info	FLAG: --meshConfig="./etc/istio/config/mesh"
2022-06-13T02:23:15.702145Z	info	FLAG: --outlierLogPath=""
2022-06-13T02:23:15.702148Z	info	FLAG: --proxyComponentLogLevel="misc:error"
2022-06-13T02:23:15.702152Z	info	FLAG: --proxyLogLevel="warning"
2022-06-13T02:23:15.702156Z	info	FLAG: --serviceCluster="istio-proxy"
2022-06-13T02:23:15.702159Z	info	FLAG: --stsPort="0"
2022-06-13T02:23:15.702163Z	info	FLAG: --templateFile=""
2022-06-13T02:23:15.702167Z	info	FLAG: --tokenManagerPlugin="GoogleTokenExchange"
2022-06-13T02:23:15.702187Z	info	FLAG: --vklog="0"
2022-06-13T02:23:15.702200Z	info	Version 1.13.2-91533d04e894ff86b80acd6d7a4517b144f9e19a-Clean
2022-06-13T02:23:15.702457Z	info	Proxy role	ips=[10.244.0.36 fe80::9857:daff:fe38:7828] type=sidecar id=rabbitmq-68fb9b645c-kx7zh.default domain=default.svc.cluster.local
2022-06-13T02:23:15.702557Z	info	Apply proxy config from env {}

2022-06-13T02:23:15.704687Z	info	Effective config: binaryPath: /usr/local/bin/envoy
concurrency: 2
configPath: ./etc/istio/proxy
controlPlaneAuthPolicy: MUTUAL_TLS
discoveryAddress: istiod.istio-system.svc:15012
drainDuration: 45s
parentShutdownDuration: 60s
proxyAdminPort: 15000
serviceCluster: istio-proxy
statNameLength: 189
statusPort: 15020
terminationDrainDuration: 5s
tracing:
  zipkin:
    address: zipkin.istio-system:9411

2022-06-13T02:23:15.704762Z	info	JWT policy is third-party-jwt
2022-06-13T02:23:15.706653Z	info	CA Endpoint istiod.istio-system.svc:15012, provider Citadel
2022-06-13T02:23:15.706737Z	info	Using CA istiod.istio-system.svc:15012 cert with certs: var/run/secrets/istio/root-cert.pem
2022-06-13T02:23:15.706864Z	info	citadelclient	Citadel client using custom root cert: var/run/secrets/istio/root-cert.pem
2022-06-13T02:23:15.709870Z	info	Opening status port 15020
2022-06-13T02:23:15.776413Z	info	ads	All caches have been synced up in 93.456654ms, marking server ready
2022-06-13T02:23:15.776805Z	info	sds	SDS server for workload certificates started, listening on "etc/istio/proxy/SDS"
2022-06-13T02:23:15.776853Z	info	xdsproxy	Initializing with upstream address "istiod.istio-system.svc:15012" and cluster "Kubernetes"
2022-06-13T02:23:15.777140Z	info	sds	Starting SDS grpc server
2022-06-13T02:23:15.779707Z	info	Pilot SAN: [istiod.istio-system.svc]
2022-06-13T02:23:15.780614Z	info	starting Http service at 127.0.0.1:15004
2022-06-13T02:23:15.781794Z	info	Starting proxy agent
2022-06-13T02:23:15.782309Z	info	Epoch 0 starting
2022-06-13T02:23:15.782431Z	info	Envoy command: [-c etc/istio/proxy/envoy-rev0.json --restart-epoch 0 --drain-time-s 45 --drain-strategy immediate --parent-shutdown-time-s 60 --local-address-ip-version v4 --file-flush-interval-msec 1000 --disable-hot-restart --log-format %Y-%m-%dT%T.%fZ	%l	envoy %n	%v -l warning --component-log-level misc:error --concurrency 2]
2022-06-13T02:23:15.928517Z	info	xdsproxy	connected to upstream XDS server: istiod.istio-system.svc:15012
2022-06-13T02:23:16.053968Z	info	ads	ADS: new connection for node:rabbitmq-68fb9b645c-kx7zh.default-1
2022-06-13T02:23:16.094640Z	info	ads	ADS: new connection for node:rabbitmq-68fb9b645c-kx7zh.default-2
2022-06-13T02:23:16.554313Z	info	cache	generated new workload certificate	latency=777.094308ms ttl=23h59m59.445700287s
2022-06-13T02:23:16.554367Z	info	cache	Root cert has changed, start rotating root cert
2022-06-13T02:23:16.554381Z	info	ads	XDS: Incremental Pushing:0 ConnectedEndpoints:2 Version:
2022-06-13T02:23:16.554433Z	info	cache	returned workload trust anchor from cache	ttl=23h59m59.445569462s
2022-06-13T02:23:16.554456Z	info	cache	returned workload trust anchor from cache	ttl=23h59m59.445545776s
2022-06-13T02:23:16.555049Z	info	cache	returned workload certificate from cache	ttl=23h59m59.444967153s
2022-06-13T02:23:16.555624Z	info	ads	SDS: PUSH request for node:rabbitmq-68fb9b645c-kx7zh.default resources:1 size:4.0kB resource:default
2022-06-13T02:23:16.555742Z	info	ads	SDS: PUSH request for node:rabbitmq-68fb9b645c-kx7zh.default resources:1 size:1.1kB resource:ROOTCA
2022-06-13T02:23:16.555846Z	info	cache	returned workload trust anchor from cache	ttl=23h59m59.44416979s
2022-06-13T02:23:16.556000Z	info	ads	SDS: PUSH for node:rabbitmq-68fb9b645c-kx7zh.default resources:1 size:1.1kB resource:ROOTCA
2022-06-13T02:23:19.782720Z	info	Readiness succeeded in 4.089980045s
2022-06-13T02:23:19.801831Z	info	Envoy proxy is ready
2022-06-13T02:55:52.776218Z	info	xdsproxy	connected to upstream XDS server: istiod.istio-system.svc:15012
2022-06-13T03:43:13.238129Z	info	xdsproxy	connected to upstream XDS server: istiod.istio-system.svc:15012
2022-06-13T04:14:42.166554Z	info	xdsproxy	connected to upstream XDS server: istiod.istio-system.svc:15012
2022-06-13T04:42:40.401743Z	info	xdsproxy	connected to upstream XDS server: istiod.istio-system.svc:15012
2022-06-13T05:12:25.624488Z	info	xdsproxy	connected to upstream XDS server: istiod.istio-system.svc:15012
2022-06-13T05:43:46.700541Z	info	xdsproxy	connected to upstream XDS server: istiod.istio-system.svc:15012
