2022-06-13T02:23:55.216405Z	info	FLAG: --concurrency="2"
2022-06-13T02:23:55.216467Z	info	FLAG: --domain="default.svc.cluster.local"
2022-06-13T02:23:55.216475Z	info	FLAG: --help="false"
2022-06-13T02:23:55.216478Z	info	FLAG: --log_as_json="false"
2022-06-13T02:23:55.216480Z	info	FLAG: --log_caller=""
2022-06-13T02:23:55.216482Z	info	FLAG: --log_output_level="default:info"
2022-06-13T02:23:55.216484Z	info	FLAG: --log_rotate=""
2022-06-13T02:23:55.216487Z	info	FLAG: --log_rotate_max_age="30"
2022-06-13T02:23:55.216489Z	info	FLAG: --log_rotate_max_backups="1000"
2022-06-13T02:23:55.216492Z	info	FLAG: --log_rotate_max_size="104857600"
2022-06-13T02:23:55.216494Z	info	FLAG: --log_stacktrace_level="default:none"
2022-06-13T02:23:55.216501Z	info	FLAG: --log_target="[stdout]"
2022-06-13T02:23:55.216504Z	info	FLAG: --meshConfig="./etc/istio/config/mesh"
2022-06-13T02:23:55.216506Z	info	FLAG: --outlierLogPath=""
2022-06-13T02:23:55.216512Z	info	FLAG: --proxyComponentLogLevel="misc:error"
2022-06-13T02:23:55.216515Z	info	FLAG: --proxyLogLevel="warning"
2022-06-13T02:23:55.216517Z	info	FLAG: --serviceCluster="istio-proxy"
2022-06-13T02:23:55.216519Z	info	FLAG: --stsPort="0"
2022-06-13T02:23:55.216521Z	info	FLAG: --templateFile=""
2022-06-13T02:23:55.216524Z	info	FLAG: --tokenManagerPlugin="GoogleTokenExchange"
2022-06-13T02:23:55.216527Z	info	FLAG: --vklog="0"
2022-06-13T02:23:55.216531Z	info	Version 1.13.2-91533d04e894ff86b80acd6d7a4517b144f9e19a-Clean
2022-06-13T02:23:55.216867Z	info	Proxy role	ips=[10.244.0.39 fe80::642c:8dff:fe48:7262] type=sidecar id=ts-admin-order-service-747df9fbd4-hjfcv.default domain=default.svc.cluster.local
2022-06-13T02:23:55.216998Z	info	Apply proxy config from env {}

2022-06-13T02:23:55.218231Z	info	Effective config: binaryPath: /usr/local/bin/envoy
concurrency: 2
configPath: ./etc/istio/proxy
controlPlaneAuthPolicy: MUTUAL_TLS
discoveryAddress: istiod.istio-system.svc:15012
drainDuration: 45s
parentShutdownDuration: 60s
proxyAdminPort: 15000
serviceCluster: istio-proxy
statNameLength: 189
statusPort: 15020
terminationDrainDuration: 5s
tracing:
  zipkin:
    address: zipkin.istio-system:9411

2022-06-13T02:23:55.218287Z	info	JWT policy is third-party-jwt
2022-06-13T02:23:55.221541Z	info	CA Endpoint istiod.istio-system.svc:15012, provider Citadel
2022-06-13T02:23:55.221683Z	info	Using CA istiod.istio-system.svc:15012 cert with certs: var/run/secrets/istio/root-cert.pem
2022-06-13T02:23:55.221681Z	info	Opening status port 15020
2022-06-13T02:23:55.221862Z	info	citadelclient	Citadel client using custom root cert: var/run/secrets/istio/root-cert.pem
2022-06-13T02:23:55.250176Z	info	ads	All caches have been synced up in 76.926582ms, marking server ready
2022-06-13T02:23:55.250830Z	info	sds	SDS server for workload certificates started, listening on "etc/istio/proxy/SDS"
2022-06-13T02:23:55.250885Z	info	xdsproxy	Initializing with upstream address "istiod.istio-system.svc:15012" and cluster "Kubernetes"
2022-06-13T02:23:55.250903Z	info	sds	Starting SDS grpc server
2022-06-13T02:23:55.251692Z	info	starting Http service at 127.0.0.1:15004
2022-06-13T02:23:55.253396Z	info	Pilot SAN: [istiod.istio-system.svc]
2022-06-13T02:23:55.256725Z	info	Starting proxy agent
2022-06-13T02:23:55.256833Z	info	Epoch 0 starting
2022-06-13T02:23:55.256864Z	info	Envoy command: [-c etc/istio/proxy/envoy-rev0.json --restart-epoch 0 --drain-time-s 45 --drain-strategy immediate --parent-shutdown-time-s 60 --local-address-ip-version v4 --file-flush-interval-msec 1000 --disable-hot-restart --log-format %Y-%m-%dT%T.%fZ	%l	envoy %n	%v -l warning --component-log-level misc:error --concurrency 2]
2022-06-13T02:23:55.450979Z	info	xdsproxy	connected to upstream XDS server: istiod.istio-system.svc:15012
2022-06-13T02:23:55.554456Z	info	ads	ADS: new connection for node:ts-admin-order-service-747df9fbd4-hjfcv.default-1
2022-06-13T02:23:55.643362Z	info	ads	ADS: new connection for node:ts-admin-order-service-747df9fbd4-hjfcv.default-2
2022-06-13T02:23:55.862185Z	info	cache	generated new workload certificate	latency=610.751272ms ttl=23h59m59.137836672s
2022-06-13T02:23:55.862245Z	info	cache	Root cert has changed, start rotating root cert
2022-06-13T02:23:55.862261Z	info	ads	XDS: Incremental Pushing:0 ConnectedEndpoints:2 Version:
2022-06-13T02:23:55.862323Z	info	cache	returned workload trust anchor from cache	ttl=23h59m59.137680726s
2022-06-13T02:23:55.862338Z	info	cache	returned workload trust anchor from cache	ttl=23h59m59.137663081s
2022-06-13T02:23:55.862938Z	info	ads	SDS: PUSH request for node:ts-admin-order-service-747df9fbd4-hjfcv.default resources:1 size:1.1kB resource:ROOTCA
2022-06-13T02:23:55.863024Z	info	cache	returned workload trust anchor from cache	ttl=23h59m59.136979505s
2022-06-13T02:23:55.863055Z	info	ads	SDS: PUSH for node:ts-admin-order-service-747df9fbd4-hjfcv.default resources:1 size:1.1kB resource:ROOTCA
2022-06-13T02:23:55.863195Z	info	cache	returned workload certificate from cache	ttl=23h59m59.137423353s
2022-06-13T02:23:55.863784Z	info	ads	SDS: PUSH request for node:ts-admin-order-service-747df9fbd4-hjfcv.default resources:1 size:4.0kB resource:default
2022-06-13T02:23:56.804046Z	info	Readiness succeeded in 1.603191956s
2022-06-13T02:23:56.804810Z	info	Envoy proxy is ready
2022-06-13T02:55:57.675641Z	info	xdsproxy	connected to upstream XDS server: istiod.istio-system.svc:15012
2022-06-13T03:46:50.061938Z	info	xdsproxy	connected to upstream XDS server: istiod.istio-system.svc:15012
2022-06-13T04:14:38.187832Z	info	xdsproxy	connected to upstream XDS server: istiod.istio-system.svc:15012
2022-06-13T04:37:57.156957Z	error	failed scraping envoy metrics: error reading http://localhost:15090/stats/prometheus: context deadline exceeded
2022-06-13T04:38:05.590659Z	error	failed to write agent metrics: write tcp 10.244.0.39:15020->10.244.0.9:33962: write: broken pipe
2022-06-13T04:42:09.697066Z	info	xdsproxy	connected to upstream XDS server: istiod.istio-system.svc:15012
2022-06-13T05:10:51.903848Z	info	xdsproxy	connected to upstream XDS server: istiod.istio-system.svc:15012
2022-06-13T05:42:40.376632Z	info	xdsproxy	connected to upstream XDS server: istiod.istio-system.svc:15012
