2022-06-13T02:24:50.223016Z	info	FLAG: --concurrency="2"
2022-06-13T02:24:50.223124Z	info	FLAG: --domain="default.svc.cluster.local"
2022-06-13T02:24:50.223131Z	info	FLAG: --help="false"
2022-06-13T02:24:50.223134Z	info	FLAG: --log_as_json="false"
2022-06-13T02:24:50.223137Z	info	FLAG: --log_caller=""
2022-06-13T02:24:50.223139Z	info	FLAG: --log_output_level="default:info"
2022-06-13T02:24:50.223141Z	info	FLAG: --log_rotate=""
2022-06-13T02:24:50.223144Z	info	FLAG: --log_rotate_max_age="30"
2022-06-13T02:24:50.223146Z	info	FLAG: --log_rotate_max_backups="1000"
2022-06-13T02:24:50.223149Z	info	FLAG: --log_rotate_max_size="104857600"
2022-06-13T02:24:50.223151Z	info	FLAG: --log_stacktrace_level="default:none"
2022-06-13T02:24:50.223158Z	info	FLAG: --log_target="[stdout]"
2022-06-13T02:24:50.223161Z	info	FLAG: --meshConfig="./etc/istio/config/mesh"
2022-06-13T02:24:50.223163Z	info	FLAG: --outlierLogPath=""
2022-06-13T02:24:50.223165Z	info	FLAG: --proxyComponentLogLevel="misc:error"
2022-06-13T02:24:50.223167Z	info	FLAG: --proxyLogLevel="warning"
2022-06-13T02:24:50.223169Z	info	FLAG: --serviceCluster="istio-proxy"
2022-06-13T02:24:50.223171Z	info	FLAG: --stsPort="0"
2022-06-13T02:24:50.223179Z	info	FLAG: --templateFile=""
2022-06-13T02:24:50.223182Z	info	FLAG: --tokenManagerPlugin="GoogleTokenExchange"
2022-06-13T02:24:50.223695Z	info	FLAG: --vklog="0"
2022-06-13T02:24:50.223734Z	info	Version 1.13.2-91533d04e894ff86b80acd6d7a4517b144f9e19a-Clean
2022-06-13T02:24:50.224406Z	info	Proxy role	ips=[10.244.0.51 fe80::6ca6:d8ff:fe12:8e74] type=sidecar id=ts-execute-service-7ccbd9ddc7-497lw.default domain=default.svc.cluster.local
2022-06-13T02:24:50.224527Z	info	Apply proxy config from env {}

2022-06-13T02:24:50.227120Z	info	Effective config: binaryPath: /usr/local/bin/envoy
concurrency: 2
configPath: ./etc/istio/proxy
controlPlaneAuthPolicy: MUTUAL_TLS
discoveryAddress: istiod.istio-system.svc:15012
drainDuration: 45s
parentShutdownDuration: 60s
proxyAdminPort: 15000
serviceCluster: istio-proxy
statNameLength: 189
statusPort: 15020
terminationDrainDuration: 5s
tracing:
  zipkin:
    address: zipkin.istio-system:9411

2022-06-13T02:24:50.227166Z	info	JWT policy is third-party-jwt
2022-06-13T02:24:50.260575Z	info	CA Endpoint istiod.istio-system.svc:15012, provider Citadel
2022-06-13T02:24:50.260668Z	info	Using CA istiod.istio-system.svc:15012 cert with certs: var/run/secrets/istio/root-cert.pem
2022-06-13T02:24:50.260786Z	info	citadelclient	Citadel client using custom root cert: var/run/secrets/istio/root-cert.pem
2022-06-13T02:24:50.260806Z	info	Opening status port 15020
2022-06-13T02:24:50.432762Z	info	ads	All caches have been synced up in 314.457854ms, marking server ready
2022-06-13T02:24:50.433090Z	info	sds	SDS server for workload certificates started, listening on "etc/istio/proxy/SDS"
2022-06-13T02:24:50.433304Z	info	xdsproxy	Initializing with upstream address "istiod.istio-system.svc:15012" and cluster "Kubernetes"
2022-06-13T02:24:50.433246Z	info	sds	Starting SDS grpc server
2022-06-13T02:24:50.434226Z	info	starting Http service at 127.0.0.1:15004
2022-06-13T02:24:50.500780Z	info	Pilot SAN: [istiod.istio-system.svc]
2022-06-13T02:24:50.503379Z	info	Starting proxy agent
2022-06-13T02:24:50.521377Z	info	Epoch 0 starting
2022-06-13T02:24:50.521620Z	info	Envoy command: [-c etc/istio/proxy/envoy-rev0.json --restart-epoch 0 --drain-time-s 45 --drain-strategy immediate --parent-shutdown-time-s 60 --local-address-ip-version v4 --file-flush-interval-msec 1000 --disable-hot-restart --log-format %Y-%m-%dT%T.%fZ	%l	envoy %n	%v -l warning --component-log-level misc:error --concurrency 2]
2022-06-13T02:24:51.234414Z	info	xdsproxy	connected to upstream XDS server: istiod.istio-system.svc:15012
2022-06-13T02:24:51.929306Z	info	ads	ADS: new connection for node:ts-execute-service-7ccbd9ddc7-497lw.default-1
2022-06-13T02:24:51.966939Z	info	ads	ADS: new connection for node:ts-execute-service-7ccbd9ddc7-497lw.default-2
2022-06-13T02:24:54.828354Z	info	cache	generated new workload certificate	latency=4.395145256s ttl=23h59m59.171667698s
2022-06-13T02:24:54.828420Z	info	cache	Root cert has changed, start rotating root cert
2022-06-13T02:24:54.828440Z	info	ads	XDS: Incremental Pushing:0 ConnectedEndpoints:2 Version:
2022-06-13T02:24:54.828553Z	info	cache	returned workload trust anchor from cache	ttl=23h59m59.171452017s
2022-06-13T02:24:54.828573Z	info	cache	returned workload certificate from cache	ttl=23h59m59.171433384s
2022-06-13T02:24:54.828789Z	info	cache	returned workload trust anchor from cache	ttl=23h59m59.171219239s
2022-06-13T02:24:54.834215Z	info	ads	SDS: PUSH request for node:ts-execute-service-7ccbd9ddc7-497lw.default resources:1 size:4.0kB resource:default
2022-06-13T02:24:54.858347Z	info	ads	SDS: PUSH request for node:ts-execute-service-7ccbd9ddc7-497lw.default resources:1 size:1.1kB resource:ROOTCA
2022-06-13T02:24:54.858480Z	info	cache	returned workload trust anchor from cache	ttl=23h59m59.141526384s
2022-06-13T02:24:54.858514Z	info	ads	SDS: PUSH for node:ts-execute-service-7ccbd9ddc7-497lw.default resources:1 size:1.1kB resource:ROOTCA
2022-06-13T02:24:57.270178Z	error	failed scraping envoy metrics: error scraping http://localhost:15090/stats/prometheus: Get "http://localhost:15090/stats/prometheus": dial tcp [::1]:15090: connect: connection refused
2022-06-13T02:24:59.092710Z	info	Readiness succeeded in 8.982539975s
2022-06-13T02:24:59.100455Z	info	Envoy proxy is ready
2022-06-13T02:54:16.697316Z	info	xdsproxy	connected to upstream XDS server: istiod.istio-system.svc:15012
2022-06-13T03:40:24.704039Z	info	xdsproxy	connected to upstream XDS server: istiod.istio-system.svc:15012
2022-06-13T04:09:10.351027Z	info	xdsproxy	connected to upstream XDS server: istiod.istio-system.svc:15012
2022-06-13T04:41:59.247201Z	info	xdsproxy	connected to upstream XDS server: istiod.istio-system.svc:15012
2022-06-13T05:09:20.073205Z	info	xdsproxy	connected to upstream XDS server: istiod.istio-system.svc:15012
2022-06-13T05:41:38.797694Z	info	xdsproxy	connected to upstream XDS server: istiod.istio-system.svc:15012
