2022-06-13T02:22:44.631524Z	info	FLAG: --concurrency="2"
2022-06-13T02:22:44.631581Z	info	FLAG: --domain="default.svc.cluster.local"
2022-06-13T02:22:44.631589Z	info	FLAG: --help="false"
2022-06-13T02:22:44.631591Z	info	FLAG: --log_as_json="false"
2022-06-13T02:22:44.631593Z	info	FLAG: --log_caller=""
2022-06-13T02:22:44.631596Z	info	FLAG: --log_output_level="default:info"
2022-06-13T02:22:44.631598Z	info	FLAG: --log_rotate=""
2022-06-13T02:22:44.631600Z	info	FLAG: --log_rotate_max_age="30"
2022-06-13T02:22:44.631602Z	info	FLAG: --log_rotate_max_backups="1000"
2022-06-13T02:22:44.631604Z	info	FLAG: --log_rotate_max_size="104857600"
2022-06-13T02:22:44.631607Z	info	FLAG: --log_stacktrace_level="default:none"
2022-06-13T02:22:44.631622Z	info	FLAG: --log_target="[stdout]"
2022-06-13T02:22:44.631628Z	info	FLAG: --meshConfig="./etc/istio/config/mesh"
2022-06-13T02:22:44.631630Z	info	FLAG: --outlierLogPath=""
2022-06-13T02:22:44.631632Z	info	FLAG: --proxyComponentLogLevel="misc:error"
2022-06-13T02:22:44.631634Z	info	FLAG: --proxyLogLevel="warning"
2022-06-13T02:22:44.631637Z	info	FLAG: --serviceCluster="istio-proxy"
2022-06-13T02:22:44.631639Z	info	FLAG: --stsPort="0"
2022-06-13T02:22:44.631641Z	info	FLAG: --templateFile=""
2022-06-13T02:22:44.631643Z	info	FLAG: --tokenManagerPlugin="GoogleTokenExchange"
2022-06-13T02:22:44.631652Z	info	FLAG: --vklog="0"
2022-06-13T02:22:44.631660Z	info	Version 1.13.2-91533d04e894ff86b80acd6d7a4517b144f9e19a-Clean
2022-06-13T02:22:44.631798Z	info	Proxy role	ips=[10.244.0.14 fe80::5cf7:8fff:fe02:173] type=sidecar id=ts-order-mongo-7bd4f5b4f9-k8w5p.default domain=default.svc.cluster.local
2022-06-13T02:22:44.631927Z	info	Apply proxy config from env {}

2022-06-13T02:22:44.632886Z	info	Effective config: binaryPath: /usr/local/bin/envoy
concurrency: 2
configPath: ./etc/istio/proxy
controlPlaneAuthPolicy: MUTUAL_TLS
discoveryAddress: istiod.istio-system.svc:15012
drainDuration: 45s
parentShutdownDuration: 60s
proxyAdminPort: 15000
serviceCluster: istio-proxy
statNameLength: 189
statusPort: 15020
terminationDrainDuration: 5s
tracing:
  zipkin:
    address: zipkin.istio-system:9411

2022-06-13T02:22:44.632929Z	info	JWT policy is third-party-jwt
2022-06-13T02:22:44.635283Z	info	CA Endpoint istiod.istio-system.svc:15012, provider Citadel
2022-06-13T02:22:44.635394Z	info	Using CA istiod.istio-system.svc:15012 cert with certs: var/run/secrets/istio/root-cert.pem
2022-06-13T02:22:44.635499Z	info	citadelclient	Citadel client using custom root cert: var/run/secrets/istio/root-cert.pem
2022-06-13T02:22:44.636226Z	info	Opening status port 15020
2022-06-13T02:22:44.654945Z	info	ads	All caches have been synced up in 34.912644ms, marking server ready
2022-06-13T02:22:44.655207Z	info	sds	SDS server for workload certificates started, listening on "etc/istio/proxy/SDS"
2022-06-13T02:22:44.655251Z	info	xdsproxy	Initializing with upstream address "istiod.istio-system.svc:15012" and cluster "Kubernetes"
2022-06-13T02:22:44.657001Z	info	sds	Starting SDS grpc server
2022-06-13T02:22:44.658019Z	info	Pilot SAN: [istiod.istio-system.svc]
2022-06-13T02:22:44.658621Z	info	starting Http service at 127.0.0.1:15004
2022-06-13T02:22:44.660532Z	info	Starting proxy agent
2022-06-13T02:22:44.660607Z	info	Epoch 0 starting
2022-06-13T02:22:44.660653Z	info	Envoy command: [-c etc/istio/proxy/envoy-rev0.json --restart-epoch 0 --drain-time-s 45 --drain-strategy immediate --parent-shutdown-time-s 60 --local-address-ip-version v4 --file-flush-interval-msec 1000 --disable-hot-restart --log-format %Y-%m-%dT%T.%fZ	%l	envoy %n	%v -l warning --component-log-level misc:error --concurrency 2]
2022-06-13T02:22:44.858770Z	info	xdsproxy	connected to upstream XDS server: istiod.istio-system.svc:15012
2022-06-13T02:22:44.875287Z	info	cache	generated new workload certificate	latency=218.930683ms ttl=23h59m59.124728455s
2022-06-13T02:22:44.875482Z	info	cache	Root cert has changed, start rotating root cert
2022-06-13T02:22:44.875613Z	info	ads	XDS: Incremental Pushing:0 ConnectedEndpoints:0 Version:
2022-06-13T02:22:44.875713Z	info	cache	returned workload trust anchor from cache	ttl=23h59m59.124291724s
2022-06-13T02:22:44.933601Z	info	ads	ADS: new connection for node:ts-order-mongo-7bd4f5b4f9-k8w5p.default-1
2022-06-13T02:22:44.933712Z	info	cache	returned workload trust anchor from cache	ttl=23h59m59.06629302s
2022-06-13T02:22:44.933938Z	info	ads	SDS: PUSH request for node:ts-order-mongo-7bd4f5b4f9-k8w5p.default resources:1 size:1.1kB resource:ROOTCA
2022-06-13T02:22:44.974637Z	info	ads	ADS: new connection for node:ts-order-mongo-7bd4f5b4f9-k8w5p.default-2
2022-06-13T02:22:44.974812Z	info	cache	returned workload certificate from cache	ttl=23h59m59.025195948s
2022-06-13T02:22:44.975149Z	info	ads	SDS: PUSH request for node:ts-order-mongo-7bd4f5b4f9-k8w5p.default resources:1 size:4.0kB resource:default
2022-06-13T02:22:46.066221Z	info	Readiness succeeded in 1.439592893s
2022-06-13T02:22:46.066753Z	info	Envoy proxy is ready
2022-06-13T02:51:33.528402Z	info	xdsproxy	connected to upstream XDS server: istiod.istio-system.svc:15012
2022-06-13T03:40:33.961045Z	info	xdsproxy	connected to upstream XDS server: istiod.istio-system.svc:15012
2022-06-13T04:08:27.429498Z	info	xdsproxy	connected to upstream XDS server: istiod.istio-system.svc:15012
2022-06-13T04:38:07.515393Z	warn	xdsproxy	upstream [4] terminated with unexpected error rpc error: code = Unavailable desc = keepalive ping failed to receive ACK within timeout
2022-06-13T04:38:11.620557Z	info	xdsproxy	connected to upstream XDS server: istiod.istio-system.svc:15012
{"connection_termination_details":null,"request_id":null,"route_name":null,"upstream_local_address":"127.0.0.6:33167","upstream_transport_failure_reason":null,"upstream_service_time":null,"bytes_received":3512,"method":null,"authority":null,"x_forwarded_for":null,"downstream_local_address":"10.244.0.14:27017","path":null,"upstream_host":"10.244.0.14:27017","protocol":null,"upstream_cluster":"inbound|27017||","user_agent":null,"response_code":0,"bytes_sent":4211,"response_code_details":null,"downstream_remote_address":"10.244.0.57:56376","response_flags":"-","start_time":"2022-06-13T02:31:32.243Z","requested_server_name":"outbound_.27017_._.ts-order-mongo.default.svc.cluster.local","duration":6865356}
{"response_flags":"-","protocol":null,"upstream_service_time":null,"path":null,"route_name":null,"upstream_local_address":"127.0.0.6:37423","bytes_sent":3354,"method":null,"authority":null,"connection_termination_details":null,"downstream_local_address":"10.244.0.14:27017","upstream_host":"10.244.0.14:27017","response_code_details":null,"upstream_transport_failure_reason":null,"start_time":"2022-06-13T03:43:56.135Z","upstream_cluster":"inbound|27017||","downstream_remote_address":"10.244.0.57:33994","response_code":0,"duration":3608381,"x_forwarded_for":null,"bytes_received":1411,"user_agent":null,"requested_server_name":"outbound_.27017_._.ts-order-mongo.default.svc.cluster.local","request_id":null}
{"upstream_service_time":null,"response_code":0,"request_id":null,"start_time":"2022-06-13T03:43:56.148Z","authority":null,"bytes_received":34411,"downstream_remote_address":"10.244.0.57:33996","protocol":null,"response_flags":"-","upstream_cluster":"inbound|27017||","user_agent":null,"duration":3818805,"upstream_local_address":"127.0.0.6:46135","bytes_sent":33186,"route_name":null,"downstream_local_address":"10.244.0.14:27017","path":null,"requested_server_name":"outbound_.27017_._.ts-order-mongo.default.svc.cluster.local","upstream_transport_failure_reason":null,"response_code_details":null,"x_forwarded_for":null,"upstream_host":"10.244.0.14:27017","method":null,"connection_termination_details":null}
2022-06-13T05:06:34.512177Z	info	xdsproxy	connected to upstream XDS server: istiod.istio-system.svc:15012
2022-06-13T05:37:44.316872Z	info	xdsproxy	connected to upstream XDS server: istiod.istio-system.svc:15012
