2022-06-13T02:27:42.973311Z	info	FLAG: --concurrency="2"
2022-06-13T02:27:42.973396Z	info	FLAG: --domain="default.svc.cluster.local"
2022-06-13T02:27:42.973407Z	info	FLAG: --help="false"
2022-06-13T02:27:42.973412Z	info	FLAG: --log_as_json="false"
2022-06-13T02:27:42.973421Z	info	FLAG: --log_caller=""
2022-06-13T02:27:42.973426Z	info	FLAG: --log_output_level="default:info"
2022-06-13T02:27:42.973430Z	info	FLAG: --log_rotate=""
2022-06-13T02:27:42.973439Z	info	FLAG: --log_rotate_max_age="30"
2022-06-13T02:27:42.973447Z	info	FLAG: --log_rotate_max_backups="1000"
2022-06-13T02:27:42.973459Z	info	FLAG: --log_rotate_max_size="104857600"
2022-06-13T02:27:42.973472Z	info	FLAG: --log_stacktrace_level="default:none"
2022-06-13T02:27:42.973501Z	info	FLAG: --log_target="[stdout]"
2022-06-13T02:27:42.973607Z	info	FLAG: --meshConfig="./etc/istio/config/mesh"
2022-06-13T02:27:42.973616Z	info	FLAG: --outlierLogPath=""
2022-06-13T02:27:42.973619Z	info	FLAG: --proxyComponentLogLevel="misc:error"
2022-06-13T02:27:42.973622Z	info	FLAG: --proxyLogLevel="warning"
2022-06-13T02:27:42.973625Z	info	FLAG: --serviceCluster="istio-proxy"
2022-06-13T02:27:42.973630Z	info	FLAG: --stsPort="0"
2022-06-13T02:27:42.973633Z	info	FLAG: --templateFile=""
2022-06-13T02:27:42.973636Z	info	FLAG: --tokenManagerPlugin="GoogleTokenExchange"
2022-06-13T02:27:42.973642Z	info	FLAG: --vklog="0"
2022-06-13T02:27:42.973646Z	info	Version 1.13.2-91533d04e894ff86b80acd6d7a4517b144f9e19a-Clean
2022-06-13T02:27:42.973827Z	info	Proxy role	ips=[10.244.0.69 fe80::b883:2aff:fed3:3752] type=sidecar id=ts-ticket-office-service-6459fc7997-98zd7.default domain=default.svc.cluster.local
2022-06-13T02:27:42.973935Z	info	Apply proxy config from env {}

2022-06-13T02:27:43.365396Z	info	Effective config: binaryPath: /usr/local/bin/envoy
concurrency: 2
configPath: ./etc/istio/proxy
controlPlaneAuthPolicy: MUTUAL_TLS
discoveryAddress: istiod.istio-system.svc:15012
drainDuration: 45s
parentShutdownDuration: 60s
proxyAdminPort: 15000
serviceCluster: istio-proxy
statNameLength: 189
statusPort: 15020
terminationDrainDuration: 5s
tracing:
  zipkin:
    address: zipkin.istio-system:9411

2022-06-13T02:27:43.365473Z	info	JWT policy is third-party-jwt
2022-06-13T02:27:43.587190Z	info	CA Endpoint istiod.istio-system.svc:15012, provider Citadel
2022-06-13T02:27:43.587277Z	info	Using CA istiod.istio-system.svc:15012 cert with certs: var/run/secrets/istio/root-cert.pem
2022-06-13T02:27:43.587345Z	info	citadelclient	Citadel client using custom root cert: var/run/secrets/istio/root-cert.pem
2022-06-13T02:27:43.587277Z	info	Opening status port 15020
2022-06-13T02:27:44.490800Z	info	ads	All caches have been synced up in 1.740753081s, marking server ready
2022-06-13T02:27:44.491581Z	info	sds	SDS server for workload certificates started, listening on "etc/istio/proxy/SDS"
2022-06-13T02:27:44.491649Z	info	xdsproxy	Initializing with upstream address "istiod.istio-system.svc:15012" and cluster "Kubernetes"
2022-06-13T02:27:44.494433Z	info	Pilot SAN: [istiod.istio-system.svc]
2022-06-13T02:27:44.520053Z	info	sds	Starting SDS grpc server
2022-06-13T02:27:44.520169Z	info	starting Http service at 127.0.0.1:15004
2022-06-13T02:27:44.795774Z	info	Starting proxy agent
2022-06-13T02:27:44.795841Z	info	Epoch 0 starting
2022-06-13T02:27:44.795881Z	info	Envoy command: [-c etc/istio/proxy/envoy-rev0.json --restart-epoch 0 --drain-time-s 45 --drain-strategy immediate --parent-shutdown-time-s 60 --local-address-ip-version v4 --file-flush-interval-msec 1000 --disable-hot-restart --log-format %Y-%m-%dT%T.%fZ	%l	envoy %n	%v -l warning --component-log-level misc:error --concurrency 2]
2022-06-13T02:27:49.523723Z	info	cache	generated new workload certificate	latency=5.018935858s ttl=23h59m59.476288437s
2022-06-13T02:27:49.524024Z	info	cache	Root cert has changed, start rotating root cert
2022-06-13T02:27:49.524168Z	info	ads	XDS: Incremental Pushing:0 ConnectedEndpoints:0 Version:
2022-06-13T02:27:49.524329Z	info	cache	returned workload trust anchor from cache	ttl=23h59m59.475674799s
2022-06-13T02:27:49.664509Z	info	xdsproxy	connected to upstream XDS server: istiod.istio-system.svc:15012
2022-06-13T02:27:55.567195Z	info	ads	ADS: new connection for node:ts-ticket-office-service-6459fc7997-98zd7.default-1
2022-06-13T02:27:55.568658Z	info	cache	returned workload trust anchor from cache	ttl=23h59m53.432651255s
2022-06-13T02:27:55.569703Z	info	ads	SDS: PUSH request for node:ts-ticket-office-service-6459fc7997-98zd7.default resources:1 size:1.1kB resource:ROOTCA
2022-06-13T02:27:55.608240Z	info	ads	ADS: new connection for node:ts-ticket-office-service-6459fc7997-98zd7.default-2
2022-06-13T02:27:55.609116Z	info	cache	returned workload certificate from cache	ttl=23h59m53.39089409s
2022-06-13T02:27:55.609560Z	info	ads	SDS: PUSH request for node:ts-ticket-office-service-6459fc7997-98zd7.default resources:1 size:4.0kB resource:default
2022-06-13T02:27:59.569141Z	error	failed scraping envoy metrics: error scraping http://localhost:15090/stats/prometheus: Get "http://localhost:15090/stats/prometheus": dial tcp [::1]:15090: connect: connection refused
2022-06-13T02:28:00.836376Z	info	Readiness succeeded in 17.982737038s
2022-06-13T02:28:00.841648Z	info	Envoy proxy is ready
{"response_flags":"-","downstream_local_address":"10.96.110.232:27017","start_time":"2022-06-13T02:29:47.637Z","bytes_received":1743,"method":null,"authority":null,"upstream_cluster":"outbound|27017||ts-ticket-office-mongo.default.svc.cluster.local","upstream_transport_failure_reason":null,"duration":328,"user_agent":null,"upstream_host":"10.244.0.28:27017","response_code":0,"path":null,"requested_server_name":null,"request_id":null,"route_name":null,"protocol":null,"response_code_details":null,"connection_termination_details":null,"x_forwarded_for":null,"upstream_service_time":null,"downstream_remote_address":"10.244.0.69:60124","bytes_sent":439,"upstream_local_address":"10.244.0.69:55620"}
{"user_agent":null,"upstream_host":"104.16.20.35:443","route_name":null,"upstream_local_address":"10.244.0.69:39482","protocol":null,"upstream_transport_failure_reason":null,"response_code_details":null,"path":null,"upstream_cluster":"PassthroughCluster","start_time":"2022-06-13T02:29:44.531Z","bytes_sent":1875841,"upstream_service_time":null,"x_forwarded_for":null,"requested_server_name":null,"request_id":null,"downstream_remote_address":"10.244.0.69:39480","response_flags":"-","connection_termination_details":null,"downstream_local_address":"104.16.20.35:443","response_code":0,"authority":null,"method":null,"bytes_received":837,"duration":15883}
2022-06-13T02:55:33.852715Z	info	xdsproxy	connected to upstream XDS server: istiod.istio-system.svc:15012
2022-06-13T03:41:31.853991Z	info	xdsproxy	connected to upstream XDS server: istiod.istio-system.svc:15012
2022-06-13T04:11:30.476815Z	info	xdsproxy	connected to upstream XDS server: istiod.istio-system.svc:15012
2022-06-13T04:37:47.539781Z	error	failed to write agent metrics: write tcp 10.244.0.69:15020->10.244.0.9:52152: write: broken pipe
2022-06-13T04:37:47.540035Z	error	failed to write envoy metrics: write tcp 10.244.0.69:15020->10.244.0.9:52152: write: broken pipe
2022-06-13T04:40:31.774492Z	info	xdsproxy	connected to upstream XDS server: istiod.istio-system.svc:15012
2022-06-13T05:11:33.785260Z	info	xdsproxy	connected to upstream XDS server: istiod.istio-system.svc:15012
2022-06-13T05:44:23.596335Z	info	xdsproxy	connected to upstream XDS server: istiod.istio-system.svc:15012
