2022-06-13T02:27:52.636019Z	info	FLAG: --concurrency="2"
2022-06-13T02:27:52.636081Z	info	FLAG: --domain="default.svc.cluster.local"
2022-06-13T02:27:52.636091Z	info	FLAG: --help="false"
2022-06-13T02:27:52.636095Z	info	FLAG: --log_as_json="false"
2022-06-13T02:27:52.636097Z	info	FLAG: --log_caller=""
2022-06-13T02:27:52.636100Z	info	FLAG: --log_output_level="default:info"
2022-06-13T02:27:52.636102Z	info	FLAG: --log_rotate=""
2022-06-13T02:27:52.636104Z	info	FLAG: --log_rotate_max_age="30"
2022-06-13T02:27:52.636106Z	info	FLAG: --log_rotate_max_backups="1000"
2022-06-13T02:27:52.636109Z	info	FLAG: --log_rotate_max_size="104857600"
2022-06-13T02:27:52.636111Z	info	FLAG: --log_stacktrace_level="default:none"
2022-06-13T02:27:52.636120Z	info	FLAG: --log_target="[stdout]"
2022-06-13T02:27:52.636123Z	info	FLAG: --meshConfig="./etc/istio/config/mesh"
2022-06-13T02:27:52.636130Z	info	FLAG: --outlierLogPath=""
2022-06-13T02:27:52.636133Z	info	FLAG: --proxyComponentLogLevel="misc:error"
2022-06-13T02:27:52.636135Z	info	FLAG: --proxyLogLevel="warning"
2022-06-13T02:27:52.636138Z	info	FLAG: --serviceCluster="istio-proxy"
2022-06-13T02:27:52.636142Z	info	FLAG: --stsPort="0"
2022-06-13T02:27:52.636145Z	info	FLAG: --templateFile=""
2022-06-13T02:27:52.636149Z	info	FLAG: --tokenManagerPlugin="GoogleTokenExchange"
2022-06-13T02:27:52.636153Z	info	FLAG: --vklog="0"
2022-06-13T02:27:52.636156Z	info	Version 1.13.2-91533d04e894ff86b80acd6d7a4517b144f9e19a-Clean
2022-06-13T02:27:52.636335Z	info	Proxy role	ips=[10.244.0.73 fe80::e0e6:bdff:fe3e:b96a] type=sidecar id=ts-travel-plan-service-74dbb7bfd8-bdvgc.default domain=default.svc.cluster.local
2022-06-13T02:27:52.636433Z	info	Apply proxy config from env {}

2022-06-13T02:27:52.706684Z	info	Effective config: binaryPath: /usr/local/bin/envoy
concurrency: 2
configPath: ./etc/istio/proxy
controlPlaneAuthPolicy: MUTUAL_TLS
discoveryAddress: istiod.istio-system.svc:15012
drainDuration: 45s
parentShutdownDuration: 60s
proxyAdminPort: 15000
serviceCluster: istio-proxy
statNameLength: 189
statusPort: 15020
terminationDrainDuration: 5s
tracing:
  zipkin:
    address: zipkin.istio-system:9411

2022-06-13T02:27:52.706761Z	info	JWT policy is third-party-jwt
2022-06-13T02:27:52.737249Z	info	CA Endpoint istiod.istio-system.svc:15012, provider Citadel
2022-06-13T02:27:52.737343Z	info	Using CA istiod.istio-system.svc:15012 cert with certs: var/run/secrets/istio/root-cert.pem
2022-06-13T02:27:52.737428Z	info	citadelclient	Citadel client using custom root cert: var/run/secrets/istio/root-cert.pem
2022-06-13T02:27:52.747810Z	info	Opening status port 15020
2022-06-13T02:27:53.900698Z	info	ads	All caches have been synced up in 1.607348422s, marking server ready
2022-06-13T02:27:53.901123Z	info	sds	SDS server for workload certificates started, listening on "etc/istio/proxy/SDS"
2022-06-13T02:27:53.901158Z	info	xdsproxy	Initializing with upstream address "istiod.istio-system.svc:15012" and cluster "Kubernetes"
2022-06-13T02:27:53.902206Z	info	sds	Starting SDS grpc server
2022-06-13T02:27:53.930386Z	info	starting Http service at 127.0.0.1:15004
2022-06-13T02:27:54.094486Z	info	Pilot SAN: [istiod.istio-system.svc]
2022-06-13T02:27:54.245697Z	info	Starting proxy agent
2022-06-13T02:27:54.245771Z	info	Epoch 0 starting
2022-06-13T02:27:54.245805Z	info	Envoy command: [-c etc/istio/proxy/envoy-rev0.json --restart-epoch 0 --drain-time-s 45 --drain-strategy immediate --parent-shutdown-time-s 60 --local-address-ip-version v4 --file-flush-interval-msec 1000 --disable-hot-restart --log-format %Y-%m-%dT%T.%fZ	%l	envoy %n	%v -l warning --component-log-level misc:error --concurrency 2]
2022-06-13T02:27:59.646269Z	info	xdsproxy	connected to upstream XDS server: istiod.istio-system.svc:15012
2022-06-13T02:28:03.467735Z	info	ads	ADS: new connection for node:ts-travel-plan-service-74dbb7bfd8-bdvgc.default-1
2022-06-13T02:28:03.542097Z	info	ads	ADS: new connection for node:ts-travel-plan-service-74dbb7bfd8-bdvgc.default-2
2022-06-13T02:28:03.577415Z	info	cache	generated new workload certificate	latency=9.694969732s ttl=23h59m59.422598986s
2022-06-13T02:28:03.577475Z	info	cache	Root cert has changed, start rotating root cert
2022-06-13T02:28:03.577491Z	info	ads	XDS: Incremental Pushing:0 ConnectedEndpoints:2 Version:
2022-06-13T02:28:03.577545Z	info	cache	returned workload trust anchor from cache	ttl=23h59m59.422457944s
2022-06-13T02:28:03.577567Z	info	cache	returned workload trust anchor from cache	ttl=23h59m59.422434773s
2022-06-13T02:28:03.609999Z	info	cache	returned workload certificate from cache	ttl=23h59m59.390046889s
2022-06-13T02:28:03.610485Z	info	ads	SDS: PUSH request for node:ts-travel-plan-service-74dbb7bfd8-bdvgc.default resources:1 size:1.1kB resource:ROOTCA
2022-06-13T02:28:03.610649Z	info	cache	returned workload trust anchor from cache	ttl=23h59m59.38935603s
2022-06-13T02:28:03.610684Z	info	ads	SDS: PUSH for node:ts-travel-plan-service-74dbb7bfd8-bdvgc.default resources:1 size:1.1kB resource:ROOTCA
2022-06-13T02:28:03.610850Z	info	ads	SDS: PUSH request for node:ts-travel-plan-service-74dbb7bfd8-bdvgc.default resources:1 size:4.0kB resource:default
2022-06-13T02:28:16.067787Z	error	failed scraping envoy metrics: error scraping http://localhost:15090/stats/prometheus: Get "http://localhost:15090/stats/prometheus": dial tcp [::1]:15090: connect: connection refused
2022-06-13T02:28:27.934676Z	info	Readiness succeeded in 35.619802126s
2022-06-13T02:28:27.950418Z	info	Envoy proxy is ready
2022-06-13T02:58:14.710473Z	info	xdsproxy	connected to upstream XDS server: istiod.istio-system.svc:15012
2022-06-13T03:43:34.484252Z	info	xdsproxy	connected to upstream XDS server: istiod.istio-system.svc:15012
2022-06-13T04:12:25.419263Z	info	xdsproxy	connected to upstream XDS server: istiod.istio-system.svc:15012
2022-06-13T04:45:11.535611Z	info	xdsproxy	connected to upstream XDS server: istiod.istio-system.svc:15012
2022-06-13T05:15:08.817498Z	info	xdsproxy	connected to upstream XDS server: istiod.istio-system.svc:15012
2022-06-13T05:47:58.503177Z	info	xdsproxy	connected to upstream XDS server: istiod.istio-system.svc:15012
