2022-04-27T06:19:50.593540785Z stdout F 2022-04-27T06:19:50.569618Z	info	Istio iptables environment:
2022-04-27T06:19:50.593628651Z stdout F ENVOY_PORT=
2022-04-27T06:19:50.593647966Z stdout F INBOUND_CAPTURE_PORT=
2022-04-27T06:19:50.593661116Z stdout F ISTIO_INBOUND_INTERCEPTION_MODE=
2022-04-27T06:19:50.593672586Z stdout F ISTIO_INBOUND_TPROXY_ROUTE_TABLE=
2022-04-27T06:19:50.593682976Z stdout F ISTIO_INBOUND_PORTS=
2022-04-27T06:19:50.593693666Z stdout F ISTIO_OUTBOUND_PORTS=
2022-04-27T06:19:50.593703718Z stdout F ISTIO_LOCAL_EXCLUDE_PORTS=
2022-04-27T06:19:50.59371374Z stdout F ISTIO_EXCLUDE_INTERFACES=
2022-04-27T06:19:50.593724222Z stdout F ISTIO_SERVICE_CIDR=
2022-04-27T06:19:50.59373421Z stdout F ISTIO_SERVICE_EXCLUDE_CIDR=
2022-04-27T06:19:50.593744517Z stdout F ISTIO_META_DNS_CAPTURE=
2022-04-27T06:19:50.593754757Z stdout F INVALID_DROP=
2022-04-27T06:19:50.593764419Z stdout F 
2022-04-27T06:19:50.593774871Z stdout F 2022-04-27T06:19:50.569829Z	info	Istio iptables variables:
2022-04-27T06:19:50.593785071Z stdout F PROXY_PORT=15001
2022-04-27T06:19:50.593795136Z stdout F PROXY_INBOUND_CAPTURE_PORT=15006
2022-04-27T06:19:50.59387502Z stdout F PROXY_TUNNEL_PORT=15008
2022-04-27T06:19:50.593905879Z stdout F PROXY_UID=1337
2022-04-27T06:19:50.593926465Z stdout F PROXY_GID=1337
2022-04-27T06:19:50.593950168Z stdout F INBOUND_INTERCEPTION_MODE=REDIRECT
2022-04-27T06:19:50.593963804Z stdout F INBOUND_TPROXY_MARK=1337
2022-04-27T06:19:50.593974181Z stdout F INBOUND_TPROXY_ROUTE_TABLE=133
2022-04-27T06:19:50.593984298Z stdout F INBOUND_PORTS_INCLUDE=*
2022-04-27T06:19:50.593994792Z stdout F INBOUND_PORTS_EXCLUDE=15090,15021,15020
2022-04-27T06:19:50.594005625Z stdout F OUTBOUND_IP_RANGES_INCLUDE=*
2022-04-27T06:19:50.594016071Z stdout F OUTBOUND_IP_RANGES_EXCLUDE=
2022-04-27T06:19:50.594026248Z stdout F OUTBOUND_PORTS_INCLUDE=
2022-04-27T06:19:50.594036579Z stdout F OUTBOUND_PORTS_EXCLUDE=
2022-04-27T06:19:50.594046867Z stdout F KUBE_VIRT_INTERFACES=
2022-04-27T06:19:50.594056874Z stdout F ENABLE_INBOUND_IPV6=false
2022-04-27T06:19:50.594068067Z stdout F DNS_CAPTURE=false
2022-04-27T06:19:50.594078981Z stdout F DROP_INVALID=false
2022-04-27T06:19:50.594089928Z stdout F CAPTURE_ALL_DNS=false
2022-04-27T06:19:50.594100468Z stdout F DNS_SERVERS=[],[]
2022-04-27T06:19:50.594112098Z stdout F OUTPUT_PATH=
2022-04-27T06:19:50.594123818Z stdout F NETWORK_NAMESPACE=
2022-04-27T06:19:50.594134265Z stdout F CNI_MODE=false
2022-04-27T06:19:50.594144184Z stdout F EXCLUDE_INTERFACES=
2022-04-27T06:19:50.59415434Z stdout F 
2022-04-27T06:19:50.605483999Z stdout F 2022-04-27T06:19:50.591729Z	info	Writing following contents to rules file: /tmp/iptables-rules-1651040390570206204.txt1039787268
2022-04-27T06:19:50.605546097Z stdout F * nat
2022-04-27T06:19:50.605562805Z stdout F -N ISTIO_INBOUND
2022-04-27T06:19:50.605580014Z stdout F -N ISTIO_REDIRECT
2022-04-27T06:19:50.605591662Z stdout F -N ISTIO_IN_REDIRECT
2022-04-27T06:19:50.605601759Z stdout F -N ISTIO_OUTPUT
2022-04-27T06:19:50.60561288Z stdout F -A ISTIO_INBOUND -p tcp --dport 15008 -j RETURN
2022-04-27T06:19:50.605623724Z stdout F -A ISTIO_REDIRECT -p tcp -j REDIRECT --to-ports 15001
2022-04-27T06:19:50.605633716Z stdout F -A ISTIO_IN_REDIRECT -p tcp -j REDIRECT --to-ports 15006
2022-04-27T06:19:50.605643504Z stdout F -A PREROUTING -p tcp -j ISTIO_INBOUND
2022-04-27T06:19:50.605653486Z stdout F -A ISTIO_INBOUND -p tcp --dport 15090 -j RETURN
2022-04-27T06:19:50.605663098Z stdout F -A ISTIO_INBOUND -p tcp --dport 15021 -j RETURN
2022-04-27T06:19:50.605672948Z stdout F -A ISTIO_INBOUND -p tcp --dport 15020 -j RETURN
2022-04-27T06:19:50.605682832Z stdout F -A ISTIO_INBOUND -p tcp -j ISTIO_IN_REDIRECT
2022-04-27T06:19:50.605693528Z stdout F -A OUTPUT -p tcp -j ISTIO_OUTPUT
2022-04-27T06:19:50.60570469Z stdout F -A ISTIO_OUTPUT -o lo -s 127.0.0.6/32 -j RETURN
2022-04-27T06:19:50.605716648Z stdout F -A ISTIO_OUTPUT -o lo ! -d 127.0.0.1/32 -m owner --uid-owner 1337 -j ISTIO_IN_REDIRECT
2022-04-27T06:19:50.605727094Z stdout F -A ISTIO_OUTPUT -o lo -m owner ! --uid-owner 1337 -j RETURN
2022-04-27T06:19:50.605737777Z stdout F -A ISTIO_OUTPUT -m owner --uid-owner 1337 -j RETURN
2022-04-27T06:19:50.605777204Z stdout F -A ISTIO_OUTPUT -o lo ! -d 127.0.0.1/32 -m owner --gid-owner 1337 -j ISTIO_IN_REDIRECT
2022-04-27T06:19:50.605790033Z stdout F -A ISTIO_OUTPUT -o lo -m owner ! --gid-owner 1337 -j RETURN
2022-04-27T06:19:50.605800364Z stdout F -A ISTIO_OUTPUT -m owner --gid-owner 1337 -j RETURN
2022-04-27T06:19:50.605810311Z stdout F -A ISTIO_OUTPUT -d 127.0.0.1/32 -j RETURN
2022-04-27T06:19:50.605819933Z stdout F -A ISTIO_OUTPUT -j ISTIO_REDIRECT
2022-04-27T06:19:50.605830007Z stdout F COMMIT
2022-04-27T06:19:50.605846715Z stdout F 2022-04-27T06:19:50.592230Z	info	Running command: iptables-restore --noflush /tmp/iptables-rules-1651040390570206204.txt1039787268
2022-04-27T06:19:51.313681837Z stdout F 2022-04-27T06:19:51.302156Z	info	Writing following contents to rules file: /tmp/ip6tables-rules-1651040391301915760.txt1220185841
2022-04-27T06:19:51.313765019Z stdout F 
2022-04-27T06:19:51.313785184Z stdout F 2022-04-27T06:19:51.302310Z	info	Running command: ip6tables-restore --noflush /tmp/ip6tables-rules-1651040391301915760.txt1220185841
2022-04-27T06:19:51.355647565Z stdout F 2022-04-27T06:19:51.351544Z	info	Running command: iptables-save 
2022-04-27T06:19:51.419594916Z stdout F 2022-04-27T06:19:51.402596Z	info	Command output: 
2022-04-27T06:19:51.419656863Z stdout F # Generated by iptables-save v1.8.4 on Wed Apr 27 06:19:51 2022
2022-04-27T06:19:51.419673995Z stdout F *nat
2022-04-27T06:19:51.419687155Z stdout F :PREROUTING ACCEPT [0:0]
2022-04-27T06:19:51.419698333Z stdout F :INPUT ACCEPT [0:0]
2022-04-27T06:19:51.419708402Z stdout F :OUTPUT ACCEPT [0:0]
2022-04-27T06:19:51.419719492Z stdout F :POSTROUTING ACCEPT [0:0]
2022-04-27T06:19:51.419729856Z stdout F :ISTIO_INBOUND - [0:0]
2022-04-27T06:19:51.419739741Z stdout F :ISTIO_IN_REDIRECT - [0:0]
2022-04-27T06:19:51.419749412Z stdout F :ISTIO_OUTPUT - [0:0]
2022-04-27T06:19:51.419759805Z stdout F :ISTIO_REDIRECT - [0:0]
2022-04-27T06:19:51.41977137Z stdout F -A PREROUTING -p tcp -j ISTIO_INBOUND
2022-04-27T06:19:51.419782943Z stdout F -A OUTPUT -p tcp -j ISTIO_OUTPUT
2022-04-27T06:19:51.419793193Z stdout F -A ISTIO_INBOUND -p tcp -m tcp --dport 15008 -j RETURN
2022-04-27T06:19:51.419803304Z stdout F -A ISTIO_INBOUND -p tcp -m tcp --dport 15090 -j RETURN
2022-04-27T06:19:51.419813137Z stdout F -A ISTIO_INBOUND -p tcp -m tcp --dport 15021 -j RETURN
2022-04-27T06:19:51.419822884Z stdout F -A ISTIO_INBOUND -p tcp -m tcp --dport 15020 -j RETURN
2022-04-27T06:19:51.419832938Z stdout F -A ISTIO_INBOUND -p tcp -j ISTIO_IN_REDIRECT
2022-04-27T06:19:51.419843242Z stdout F -A ISTIO_IN_REDIRECT -p tcp -j REDIRECT --to-ports 15006
2022-04-27T06:19:51.419853916Z stdout F -A ISTIO_OUTPUT -s 127.0.0.6/32 -o lo -j RETURN
2022-04-27T06:19:51.419865044Z stdout F -A ISTIO_OUTPUT ! -d 127.0.0.1/32 -o lo -m owner --uid-owner 1337 -j ISTIO_IN_REDIRECT
2022-04-27T06:19:51.419875725Z stdout F -A ISTIO_OUTPUT -o lo -m owner ! --uid-owner 1337 -j RETURN
2022-04-27T06:19:51.41988635Z stdout F -A ISTIO_OUTPUT -m owner --uid-owner 1337 -j RETURN
2022-04-27T06:19:51.419896171Z stdout F -A ISTIO_OUTPUT ! -d 127.0.0.1/32 -o lo -m owner --gid-owner 1337 -j ISTIO_IN_REDIRECT
2022-04-27T06:19:51.419906592Z stdout F -A ISTIO_OUTPUT -o lo -m owner ! --gid-owner 1337 -j RETURN
2022-04-27T06:19:51.419916981Z stdout F -A ISTIO_OUTPUT -m owner --gid-owner 1337 -j RETURN
2022-04-27T06:19:51.41992761Z stdout F -A ISTIO_OUTPUT -d 127.0.0.1/32 -j RETURN
2022-04-27T06:19:51.419938078Z stdout F -A ISTIO_OUTPUT -j ISTIO_REDIRECT
2022-04-27T06:19:51.419981707Z stdout F -A ISTIO_REDIRECT -p tcp -j REDIRECT --to-ports 15001
2022-04-27T06:19:51.419999813Z stdout F COMMIT
2022-04-27T06:19:51.420011103Z stdout F # Completed on Wed Apr 27 06:19:51 2022
2022-04-27T06:19:51.420021194Z stdout F 
