2022-04-27T06:19:53.631792609Z stdout F 2022-04-27T06:19:53.628369Z	info	Istio iptables environment:
2022-04-27T06:19:53.631899171Z stdout F ENVOY_PORT=
2022-04-27T06:19:53.63192369Z stdout F INBOUND_CAPTURE_PORT=
2022-04-27T06:19:53.631938485Z stdout F ISTIO_INBOUND_INTERCEPTION_MODE=
2022-04-27T06:19:53.631951773Z stdout F ISTIO_INBOUND_TPROXY_ROUTE_TABLE=
2022-04-27T06:19:53.633874812Z stdout F ISTIO_INBOUND_PORTS=
2022-04-27T06:19:53.634081043Z stdout F ISTIO_OUTBOUND_PORTS=
2022-04-27T06:19:53.634108143Z stdout F ISTIO_LOCAL_EXCLUDE_PORTS=
2022-04-27T06:19:53.634154566Z stdout F ISTIO_EXCLUDE_INTERFACES=
2022-04-27T06:19:53.634172982Z stdout F ISTIO_SERVICE_CIDR=
2022-04-27T06:19:53.634185366Z stdout F ISTIO_SERVICE_EXCLUDE_CIDR=
2022-04-27T06:19:53.63419632Z stdout F ISTIO_META_DNS_CAPTURE=
2022-04-27T06:19:53.634243896Z stdout F INVALID_DROP=
2022-04-27T06:19:53.634258218Z stdout F 
2022-04-27T06:19:53.634270432Z stdout F 2022-04-27T06:19:53.628634Z	info	Istio iptables variables:
2022-04-27T06:19:53.634281673Z stdout F PROXY_PORT=15001
2022-04-27T06:19:53.634292803Z stdout F PROXY_INBOUND_CAPTURE_PORT=15006
2022-04-27T06:19:53.634303981Z stdout F PROXY_TUNNEL_PORT=15008
2022-04-27T06:19:53.634314537Z stdout F PROXY_UID=1337
2022-04-27T06:19:53.634325108Z stdout F PROXY_GID=1337
2022-04-27T06:19:53.634335874Z stdout F INBOUND_INTERCEPTION_MODE=REDIRECT
2022-04-27T06:19:53.634600942Z stdout F INBOUND_TPROXY_MARK=1337
2022-04-27T06:19:53.634636426Z stdout F INBOUND_TPROXY_ROUTE_TABLE=133
2022-04-27T06:19:53.634650758Z stdout F INBOUND_PORTS_INCLUDE=*
2022-04-27T06:19:53.634697151Z stdout F INBOUND_PORTS_EXCLUDE=15090,15021,15020
2022-04-27T06:19:53.634711897Z stdout F OUTBOUND_IP_RANGES_INCLUDE=*
2022-04-27T06:19:53.634722883Z stdout F OUTBOUND_IP_RANGES_EXCLUDE=
2022-04-27T06:19:53.634733252Z stdout F OUTBOUND_PORTS_INCLUDE=
2022-04-27T06:19:53.635495509Z stdout F OUTBOUND_PORTS_EXCLUDE=
2022-04-27T06:19:53.63552468Z stdout F KUBE_VIRT_INTERFACES=
2022-04-27T06:19:53.635584319Z stdout F ENABLE_INBOUND_IPV6=false
2022-04-27T06:19:53.635601297Z stdout F DNS_CAPTURE=false
2022-04-27T06:19:53.635614273Z stdout F DROP_INVALID=false
2022-04-27T06:19:53.635628004Z stdout F CAPTURE_ALL_DNS=false
2022-04-27T06:19:53.635638993Z stdout F DNS_SERVERS=[],[]
2022-04-27T06:19:53.635654613Z stdout F OUTPUT_PATH=
2022-04-27T06:19:53.637181838Z stdout F NETWORK_NAMESPACE=
2022-04-27T06:19:53.637225109Z stdout F CNI_MODE=false
2022-04-27T06:19:53.637238923Z stdout F EXCLUDE_INTERFACES=
2022-04-27T06:19:53.637250149Z stdout F 
2022-04-27T06:19:53.637262815Z stdout F 2022-04-27T06:19:53.629852Z	info	Writing following contents to rules file: /tmp/iptables-rules-1651040393628765594.txt3410181282
2022-04-27T06:19:53.63727538Z stdout F * nat
2022-04-27T06:19:53.637287383Z stdout F -N ISTIO_INBOUND
2022-04-27T06:19:53.637299384Z stdout F -N ISTIO_REDIRECT
2022-04-27T06:19:53.637310806Z stdout F -N ISTIO_IN_REDIRECT
2022-04-27T06:19:53.6374267Z stdout F -N ISTIO_OUTPUT
2022-04-27T06:19:53.637453116Z stdout F -A ISTIO_INBOUND -p tcp --dport 15008 -j RETURN
2022-04-27T06:19:53.63746818Z stdout F -A ISTIO_REDIRECT -p tcp -j REDIRECT --to-ports 15001
2022-04-27T06:19:53.637480243Z stdout F -A ISTIO_IN_REDIRECT -p tcp -j REDIRECT --to-ports 15006
2022-04-27T06:19:53.637492962Z stdout F -A PREROUTING -p tcp -j ISTIO_INBOUND
2022-04-27T06:19:53.637503964Z stdout F -A ISTIO_INBOUND -p tcp --dport 15090 -j RETURN
2022-04-27T06:19:53.637515363Z stdout F -A ISTIO_INBOUND -p tcp --dport 15021 -j RETURN
2022-04-27T06:19:53.63752668Z stdout F -A ISTIO_INBOUND -p tcp --dport 15020 -j RETURN
2022-04-27T06:19:53.637537401Z stdout F -A ISTIO_INBOUND -p tcp -j ISTIO_IN_REDIRECT
2022-04-27T06:19:53.637549452Z stdout F -A OUTPUT -p tcp -j ISTIO_OUTPUT
2022-04-27T06:19:53.63756051Z stdout F -A ISTIO_OUTPUT -o lo -s 127.0.0.6/32 -j RETURN
2022-04-27T06:19:53.637572631Z stdout F -A ISTIO_OUTPUT -o lo ! -d 127.0.0.1/32 -m owner --uid-owner 1337 -j ISTIO_IN_REDIRECT
2022-04-27T06:19:53.637583243Z stdout F -A ISTIO_OUTPUT -o lo -m owner ! --uid-owner 1337 -j RETURN
2022-04-27T06:19:53.637594435Z stdout F -A ISTIO_OUTPUT -m owner --uid-owner 1337 -j RETURN
2022-04-27T06:19:53.637640221Z stdout F -A ISTIO_OUTPUT -o lo ! -d 127.0.0.1/32 -m owner --gid-owner 1337 -j ISTIO_IN_REDIRECT
2022-04-27T06:19:53.637655028Z stdout F -A ISTIO_OUTPUT -o lo -m owner ! --gid-owner 1337 -j RETURN
2022-04-27T06:19:53.637666677Z stdout F -A ISTIO_OUTPUT -m owner --gid-owner 1337 -j RETURN
2022-04-27T06:19:53.637677167Z stdout F -A ISTIO_OUTPUT -d 127.0.0.1/32 -j RETURN
2022-04-27T06:19:53.63768756Z stdout F -A ISTIO_OUTPUT -j ISTIO_REDIRECT
2022-04-27T06:19:53.637699567Z stdout F COMMIT
2022-04-27T06:19:53.63788942Z stdout F 2022-04-27T06:19:53.630213Z	info	Running command: iptables-restore --noflush /tmp/iptables-rules-1651040393628765594.txt3410181282
2022-04-27T06:19:53.822328319Z stdout F 2022-04-27T06:19:53.802772Z	info	Writing following contents to rules file: /tmp/ip6tables-rules-1651040393802507210.txt2253151098
2022-04-27T06:19:53.822806656Z stdout F 
2022-04-27T06:19:53.822848419Z stdout F 2022-04-27T06:19:53.803141Z	info	Running command: ip6tables-restore --noflush /tmp/ip6tables-rules-1651040393802507210.txt2253151098
2022-04-27T06:19:53.859645872Z stdout F 2022-04-27T06:19:53.855260Z	info	Running command: iptables-save 
2022-04-27T06:19:53.923242573Z stdout F 2022-04-27T06:19:53.911081Z	info	Command output: 
2022-04-27T06:19:53.923309705Z stdout F # Generated by iptables-save v1.8.4 on Wed Apr 27 06:19:53 2022
2022-04-27T06:19:53.92332702Z stdout F *nat
2022-04-27T06:19:53.923340982Z stdout F :PREROUTING ACCEPT [0:0]
2022-04-27T06:19:53.923352535Z stdout F :INPUT ACCEPT [0:0]
2022-04-27T06:19:53.92336511Z stdout F :OUTPUT ACCEPT [0:0]
2022-04-27T06:19:53.923376931Z stdout F :POSTROUTING ACCEPT [0:0]
2022-04-27T06:19:53.923389327Z stdout F :ISTIO_INBOUND - [0:0]
2022-04-27T06:19:53.923401479Z stdout F :ISTIO_IN_REDIRECT - [0:0]
2022-04-27T06:19:53.923413549Z stdout F :ISTIO_OUTPUT - [0:0]
2022-04-27T06:19:53.923424957Z stdout F :ISTIO_REDIRECT - [0:0]
2022-04-27T06:19:53.923437359Z stdout F -A PREROUTING -p tcp -j ISTIO_INBOUND
2022-04-27T06:19:53.923448667Z stdout F -A OUTPUT -p tcp -j ISTIO_OUTPUT
2022-04-27T06:19:53.923489901Z stdout F -A ISTIO_INBOUND -p tcp -m tcp --dport 15008 -j RETURN
2022-04-27T06:19:53.92351447Z stdout F -A ISTIO_INBOUND -p tcp -m tcp --dport 15090 -j RETURN
2022-04-27T06:19:53.923527828Z stdout F -A ISTIO_INBOUND -p tcp -m tcp --dport 15021 -j RETURN
2022-04-27T06:19:53.923539709Z stdout F -A ISTIO_INBOUND -p tcp -m tcp --dport 15020 -j RETURN
2022-04-27T06:19:53.923550156Z stdout F -A ISTIO_INBOUND -p tcp -j ISTIO_IN_REDIRECT
2022-04-27T06:19:53.923562546Z stdout F -A ISTIO_IN_REDIRECT -p tcp -j REDIRECT --to-ports 15006
2022-04-27T06:19:53.923573444Z stdout F -A ISTIO_OUTPUT -s 127.0.0.6/32 -o lo -j RETURN
2022-04-27T06:19:53.923594618Z stdout F -A ISTIO_OUTPUT ! -d 127.0.0.1/32 -o lo -m owner --uid-owner 1337 -j ISTIO_IN_REDIRECT
2022-04-27T06:19:53.923626605Z stdout F -A ISTIO_OUTPUT -o lo -m owner ! --uid-owner 1337 -j RETURN
2022-04-27T06:19:53.923642813Z stdout F -A ISTIO_OUTPUT -m owner --uid-owner 1337 -j RETURN
2022-04-27T06:19:53.923671887Z stdout F -A ISTIO_OUTPUT ! -d 127.0.0.1/32 -o lo -m owner --gid-owner 1337 -j ISTIO_IN_REDIRECT
2022-04-27T06:19:53.923690378Z stdout F -A ISTIO_OUTPUT -o lo -m owner ! --gid-owner 1337 -j RETURN
2022-04-27T06:19:53.923744852Z stdout F -A ISTIO_OUTPUT -m owner --gid-owner 1337 -j RETURN
2022-04-27T06:19:53.923761989Z stdout F -A ISTIO_OUTPUT -d 127.0.0.1/32 -j RETURN
2022-04-27T06:19:53.923775867Z stdout F -A ISTIO_OUTPUT -j ISTIO_REDIRECT
2022-04-27T06:19:53.92381468Z stdout F -A ISTIO_REDIRECT -p tcp -j REDIRECT --to-ports 15001
2022-04-27T06:19:53.923841786Z stdout F COMMIT
2022-04-27T06:19:53.923856752Z stdout F # Completed on Wed Apr 27 06:19:53 2022
2022-04-27T06:19:53.923869832Z stdout F 
