2022-05-09T11:47:51.751123657Z stdout F 2022-05-09T11:47:51.748998Z	info	Istio iptables environment:
2022-05-09T11:47:51.75121573Z stdout F ENVOY_PORT=
2022-05-09T11:47:51.751233831Z stdout F INBOUND_CAPTURE_PORT=
2022-05-09T11:47:51.751241298Z stdout F ISTIO_INBOUND_INTERCEPTION_MODE=
2022-05-09T11:47:51.751245524Z stdout F ISTIO_INBOUND_TPROXY_ROUTE_TABLE=
2022-05-09T11:47:51.751248492Z stdout F ISTIO_INBOUND_PORTS=
2022-05-09T11:47:51.75125132Z stdout F ISTIO_OUTBOUND_PORTS=
2022-05-09T11:47:51.751254107Z stdout F ISTIO_LOCAL_EXCLUDE_PORTS=
2022-05-09T11:47:51.751256907Z stdout F ISTIO_EXCLUDE_INTERFACES=
2022-05-09T11:47:51.751259639Z stdout F ISTIO_SERVICE_CIDR=
2022-05-09T11:47:51.75126245Z stdout F ISTIO_SERVICE_EXCLUDE_CIDR=
2022-05-09T11:47:51.751265227Z stdout F ISTIO_META_DNS_CAPTURE=
2022-05-09T11:47:51.751268024Z stdout F INVALID_DROP=
2022-05-09T11:47:51.751270742Z stdout F 
2022-05-09T11:47:51.751273775Z stdout F 2022-05-09T11:47:51.749194Z	info	Istio iptables variables:
2022-05-09T11:47:51.751276551Z stdout F PROXY_PORT=15001
2022-05-09T11:47:51.751279553Z stdout F PROXY_INBOUND_CAPTURE_PORT=15006
2022-05-09T11:47:51.751283641Z stdout F PROXY_TUNNEL_PORT=15008
2022-05-09T11:47:51.751288495Z stdout F PROXY_UID=1337
2022-05-09T11:47:51.751293411Z stdout F PROXY_GID=1337
2022-05-09T11:47:51.751298759Z stdout F INBOUND_INTERCEPTION_MODE=REDIRECT
2022-05-09T11:47:51.751303164Z stdout F INBOUND_TPROXY_MARK=1337
2022-05-09T11:47:51.751310744Z stdout F INBOUND_TPROXY_ROUTE_TABLE=133
2022-05-09T11:47:51.751320521Z stdout F INBOUND_PORTS_INCLUDE=*
2022-05-09T11:47:51.751328081Z stdout F INBOUND_PORTS_EXCLUDE=15090,15021,15020
2022-05-09T11:47:51.751333084Z stdout F OUTBOUND_IP_RANGES_INCLUDE=*
2022-05-09T11:47:51.751336554Z stdout F OUTBOUND_IP_RANGES_EXCLUDE=
2022-05-09T11:47:51.751339464Z stdout F OUTBOUND_PORTS_INCLUDE=
2022-05-09T11:47:51.751342319Z stdout F OUTBOUND_PORTS_EXCLUDE=
2022-05-09T11:47:51.751345106Z stdout F KUBE_VIRT_INTERFACES=
2022-05-09T11:47:51.751347954Z stdout F ENABLE_INBOUND_IPV6=false
2022-05-09T11:47:51.751350777Z stdout F DNS_CAPTURE=false
2022-05-09T11:47:51.751353578Z stdout F DROP_INVALID=false
2022-05-09T11:47:51.751356367Z stdout F CAPTURE_ALL_DNS=false
2022-05-09T11:47:51.751359198Z stdout F DNS_SERVERS=[],[]
2022-05-09T11:47:51.751362087Z stdout F OUTPUT_PATH=
2022-05-09T11:47:51.751366365Z stdout F NETWORK_NAMESPACE=
2022-05-09T11:47:51.751370919Z stdout F CNI_MODE=false
2022-05-09T11:47:51.751375017Z stdout F EXCLUDE_INTERFACES=
2022-05-09T11:47:51.75137881Z stdout F 
2022-05-09T11:47:51.751384151Z stdout F 2022-05-09T11:47:51.749711Z	info	Writing following contents to rules file: /tmp/iptables-rules-1652096871749308555.txt3704160104
2022-05-09T11:47:51.751387442Z stdout F * nat
2022-05-09T11:47:51.751390237Z stdout F -N ISTIO_INBOUND
2022-05-09T11:47:51.751393375Z stdout F -N ISTIO_REDIRECT
2022-05-09T11:47:51.751397659Z stdout F -N ISTIO_IN_REDIRECT
2022-05-09T11:47:51.751402667Z stdout F -N ISTIO_OUTPUT
2022-05-09T11:47:51.751408342Z stdout F -A ISTIO_INBOUND -p tcp --dport 15008 -j RETURN
2022-05-09T11:47:51.751412717Z stdout F -A ISTIO_REDIRECT -p tcp -j REDIRECT --to-ports 15001
2022-05-09T11:47:51.751417283Z stdout F -A ISTIO_IN_REDIRECT -p tcp -j REDIRECT --to-ports 15006
2022-05-09T11:47:51.751424942Z stdout F -A PREROUTING -p tcp -j ISTIO_INBOUND
2022-05-09T11:47:51.751433533Z stdout F -A ISTIO_INBOUND -p tcp --dport 15090 -j RETURN
2022-05-09T11:47:51.751438243Z stdout F -A ISTIO_INBOUND -p tcp --dport 15021 -j RETURN
2022-05-09T11:47:51.751443141Z stdout F -A ISTIO_INBOUND -p tcp --dport 15020 -j RETURN
2022-05-09T11:47:51.751447385Z stdout F -A ISTIO_INBOUND -p tcp -j ISTIO_IN_REDIRECT
2022-05-09T11:47:51.751450352Z stdout F -A OUTPUT -p tcp -j ISTIO_OUTPUT
2022-05-09T11:47:51.751453146Z stdout F -A ISTIO_OUTPUT -o lo -s 127.0.0.6/32 -j RETURN
2022-05-09T11:47:51.751456706Z stdout F -A ISTIO_OUTPUT -o lo ! -d 127.0.0.1/32 -m owner --uid-owner 1337 -j ISTIO_IN_REDIRECT
2022-05-09T11:47:51.751460928Z stdout F -A ISTIO_OUTPUT -o lo -m owner ! --uid-owner 1337 -j RETURN
2022-05-09T11:47:51.751632372Z stdout F -A ISTIO_OUTPUT -m owner --uid-owner 1337 -j RETURN
2022-05-09T11:47:51.751646585Z stdout F -A ISTIO_OUTPUT -o lo ! -d 127.0.0.1/32 -m owner --gid-owner 1337 -j ISTIO_IN_REDIRECT
2022-05-09T11:47:51.751652169Z stdout F -A ISTIO_OUTPUT -o lo -m owner ! --gid-owner 1337 -j RETURN
2022-05-09T11:47:51.751656914Z stdout F -A ISTIO_OUTPUT -m owner --gid-owner 1337 -j RETURN
2022-05-09T11:47:51.751661987Z stdout F -A ISTIO_OUTPUT -d 127.0.0.1/32 -j RETURN
2022-05-09T11:47:51.75166685Z stdout F -A ISTIO_OUTPUT -j ISTIO_REDIRECT
2022-05-09T11:47:51.751672471Z stdout F COMMIT
2022-05-09T11:47:51.751678219Z stdout F 2022-05-09T11:47:51.750010Z	info	Running command: iptables-restore --noflush /tmp/iptables-rules-1652096871749308555.txt3704160104
2022-05-09T11:47:51.789990993Z stdout F 2022-05-09T11:47:51.787279Z	info	Writing following contents to rules file: /tmp/ip6tables-rules-1652096871787118273.txt3283600599
2022-05-09T11:47:51.790047711Z stdout F 
2022-05-09T11:47:51.794480642Z stdout F 2022-05-09T11:47:51.787401Z	info	Running command: ip6tables-restore --noflush /tmp/ip6tables-rules-1652096871787118273.txt3283600599
2022-05-09T11:47:51.816040407Z stdout F 2022-05-09T11:47:51.812375Z	info	Running command: iptables-save 
2022-05-09T11:47:51.857893325Z stdout F 2022-05-09T11:47:51.848209Z	info	Command output: 
2022-05-09T11:47:51.857925171Z stdout F # Generated by iptables-save v1.8.4 on Mon May  9 11:47:51 2022
2022-05-09T11:47:51.857934944Z stdout F *nat
2022-05-09T11:47:51.857952008Z stdout F :PREROUTING ACCEPT [0:0]
2022-05-09T11:47:51.857963714Z stdout F :INPUT ACCEPT [0:0]
2022-05-09T11:47:51.857969432Z stdout F :OUTPUT ACCEPT [0:0]
2022-05-09T11:47:51.857976074Z stdout F :POSTROUTING ACCEPT [0:0]
2022-05-09T11:47:51.857981235Z stdout F :ISTIO_INBOUND - [0:0]
2022-05-09T11:47:51.857985827Z stdout F :ISTIO_IN_REDIRECT - [0:0]
2022-05-09T11:47:51.857990543Z stdout F :ISTIO_OUTPUT - [0:0]
2022-05-09T11:47:51.857995072Z stdout F :ISTIO_REDIRECT - [0:0]
2022-05-09T11:47:51.858001613Z stdout F -A PREROUTING -p tcp -j ISTIO_INBOUND
2022-05-09T11:47:51.858007888Z stdout F -A OUTPUT -p tcp -j ISTIO_OUTPUT
2022-05-09T11:47:51.858012653Z stdout F -A ISTIO_INBOUND -p tcp -m tcp --dport 15008 -j RETURN
2022-05-09T11:47:51.858017308Z stdout F -A ISTIO_INBOUND -p tcp -m tcp --dport 15090 -j RETURN
2022-05-09T11:47:51.858057737Z stdout F -A ISTIO_INBOUND -p tcp -m tcp --dport 15021 -j RETURN
2022-05-09T11:47:51.858066821Z stdout F -A ISTIO_INBOUND -p tcp -m tcp --dport 15020 -j RETURN
2022-05-09T11:47:51.858071876Z stdout F -A ISTIO_INBOUND -p tcp -j ISTIO_IN_REDIRECT
2022-05-09T11:47:51.858076753Z stdout F -A ISTIO_IN_REDIRECT -p tcp -j REDIRECT --to-ports 15006
2022-05-09T11:47:51.858081543Z stdout F -A ISTIO_OUTPUT -s 127.0.0.6/32 -o lo -j RETURN
2022-05-09T11:47:51.858088298Z stdout F -A ISTIO_OUTPUT ! -d 127.0.0.1/32 -o lo -m owner --uid-owner 1337 -j ISTIO_IN_REDIRECT
2022-05-09T11:47:51.858093226Z stdout F -A ISTIO_OUTPUT -o lo -m owner ! --uid-owner 1337 -j RETURN
2022-05-09T11:47:51.858097767Z stdout F -A ISTIO_OUTPUT -m owner --uid-owner 1337 -j RETURN
2022-05-09T11:47:51.858102614Z stdout F -A ISTIO_OUTPUT ! -d 127.0.0.1/32 -o lo -m owner --gid-owner 1337 -j ISTIO_IN_REDIRECT
2022-05-09T11:47:51.85810764Z stdout F -A ISTIO_OUTPUT -o lo -m owner ! --gid-owner 1337 -j RETURN
2022-05-09T11:47:51.858113902Z stdout F -A ISTIO_OUTPUT -m owner --gid-owner 1337 -j RETURN
2022-05-09T11:47:51.858118936Z stdout F -A ISTIO_OUTPUT -d 127.0.0.1/32 -j RETURN
2022-05-09T11:47:51.858124167Z stdout F -A ISTIO_OUTPUT -j ISTIO_REDIRECT
2022-05-09T11:47:51.858129678Z stdout F -A ISTIO_REDIRECT -p tcp -j REDIRECT --to-ports 15001
2022-05-09T11:47:51.858134845Z stdout F COMMIT
2022-05-09T11:47:51.858140305Z stdout F # Completed on Mon May  9 11:47:51 2022
2022-05-09T11:47:51.858144952Z stdout F 
