2022-05-26T05:25:34.410157731Z stdout F 2022-05-26T05:25:34.409867Z	info	Istio iptables environment:
2022-05-26T05:25:34.410187749Z stdout F ENVOY_PORT=
2022-05-26T05:25:34.410192503Z stdout F INBOUND_CAPTURE_PORT=
2022-05-26T05:25:34.410216965Z stdout F ISTIO_INBOUND_INTERCEPTION_MODE=
2022-05-26T05:25:34.410223426Z stdout F ISTIO_INBOUND_TPROXY_ROUTE_TABLE=
2022-05-26T05:25:34.410225938Z stdout F ISTIO_INBOUND_PORTS=
2022-05-26T05:25:34.410228342Z stdout F ISTIO_OUTBOUND_PORTS=
2022-05-26T05:25:34.410230663Z stdout F ISTIO_LOCAL_EXCLUDE_PORTS=
2022-05-26T05:25:34.410233286Z stdout F ISTIO_EXCLUDE_INTERFACES=
2022-05-26T05:25:34.410235709Z stdout F ISTIO_SERVICE_CIDR=
2022-05-26T05:25:34.410238042Z stdout F ISTIO_SERVICE_EXCLUDE_CIDR=
2022-05-26T05:25:34.410240291Z stdout F ISTIO_META_DNS_CAPTURE=
2022-05-26T05:25:34.410242621Z stdout F INVALID_DROP=
2022-05-26T05:25:34.410244765Z stdout F 
2022-05-26T05:25:34.410253045Z stdout F 2022-05-26T05:25:34.410045Z	info	Istio iptables variables:
2022-05-26T05:25:34.410256086Z stdout F PROXY_PORT=15001
2022-05-26T05:25:34.410258568Z stdout F PROXY_INBOUND_CAPTURE_PORT=15006
2022-05-26T05:25:34.410260793Z stdout F PROXY_TUNNEL_PORT=15008
2022-05-26T05:25:34.410263076Z stdout F PROXY_UID=1337
2022-05-26T05:25:34.410265413Z stdout F PROXY_GID=1337
2022-05-26T05:25:34.410267819Z stdout F INBOUND_INTERCEPTION_MODE=REDIRECT
2022-05-26T05:25:34.41027012Z stdout F INBOUND_TPROXY_MARK=1337
2022-05-26T05:25:34.410272667Z stdout F INBOUND_TPROXY_ROUTE_TABLE=133
2022-05-26T05:25:34.410275189Z stdout F INBOUND_PORTS_INCLUDE=*
2022-05-26T05:25:34.410277592Z stdout F INBOUND_PORTS_EXCLUDE=15090,15021,15020
2022-05-26T05:25:34.410280009Z stdout F OUTBOUND_IP_RANGES_INCLUDE=*
2022-05-26T05:25:34.410282408Z stdout F OUTBOUND_IP_RANGES_EXCLUDE=
2022-05-26T05:25:34.410284936Z stdout F OUTBOUND_PORTS_INCLUDE=
2022-05-26T05:25:34.410287329Z stdout F OUTBOUND_PORTS_EXCLUDE=
2022-05-26T05:25:34.410289599Z stdout F KUBE_VIRT_INTERFACES=
2022-05-26T05:25:34.410292Z stdout F ENABLE_INBOUND_IPV6=false
2022-05-26T05:25:34.410294429Z stdout F DNS_CAPTURE=false
2022-05-26T05:25:34.410297033Z stdout F DROP_INVALID=false
2022-05-26T05:25:34.410299593Z stdout F CAPTURE_ALL_DNS=false
2022-05-26T05:25:34.410301944Z stdout F DNS_SERVERS=[],[]
2022-05-26T05:25:34.410304329Z stdout F OUTPUT_PATH=
2022-05-26T05:25:34.410306898Z stdout F NETWORK_NAMESPACE=
2022-05-26T05:25:34.410309325Z stdout F CNI_MODE=false
2022-05-26T05:25:34.410311687Z stdout F EXCLUDE_INTERFACES=
2022-05-26T05:25:34.410313945Z stdout F 
2022-05-26T05:25:34.410552152Z stdout F 2022-05-26T05:25:34.410336Z	info	Writing following contents to rules file: /tmp/iptables-rules-1653542734410150846.txt4278084072
2022-05-26T05:25:34.410571887Z stdout F * nat
2022-05-26T05:25:34.410579263Z stdout F -N ISTIO_INBOUND
2022-05-26T05:25:34.410585007Z stdout F -N ISTIO_REDIRECT
2022-05-26T05:25:34.410589896Z stdout F -N ISTIO_IN_REDIRECT
2022-05-26T05:25:34.410594659Z stdout F -N ISTIO_OUTPUT
2022-05-26T05:25:34.410599755Z stdout F -A ISTIO_INBOUND -p tcp --dport 15008 -j RETURN
2022-05-26T05:25:34.410605043Z stdout F -A ISTIO_REDIRECT -p tcp -j REDIRECT --to-ports 15001
2022-05-26T05:25:34.410609845Z stdout F -A ISTIO_IN_REDIRECT -p tcp -j REDIRECT --to-ports 15006
2022-05-26T05:25:34.410614836Z stdout F -A PREROUTING -p tcp -j ISTIO_INBOUND
2022-05-26T05:25:34.410619511Z stdout F -A ISTIO_INBOUND -p tcp --dport 15090 -j RETURN
2022-05-26T05:25:34.41062413Z stdout F -A ISTIO_INBOUND -p tcp --dport 15021 -j RETURN
2022-05-26T05:25:34.41072531Z stdout F -A ISTIO_INBOUND -p tcp --dport 15020 -j RETURN
2022-05-26T05:25:34.410763663Z stdout F -A ISTIO_INBOUND -p tcp -j ISTIO_IN_REDIRECT
2022-05-26T05:25:34.410769247Z stdout F -A OUTPUT -p tcp -j ISTIO_OUTPUT
2022-05-26T05:25:34.410774198Z stdout F -A ISTIO_OUTPUT -o lo -s 127.0.0.6/32 -j RETURN
2022-05-26T05:25:34.410779478Z stdout F -A ISTIO_OUTPUT -o lo ! -d 127.0.0.1/32 -m owner --uid-owner 1337 -j ISTIO_IN_REDIRECT
2022-05-26T05:25:34.410784268Z stdout F -A ISTIO_OUTPUT -o lo -m owner ! --uid-owner 1337 -j RETURN
2022-05-26T05:25:34.41078883Z stdout F -A ISTIO_OUTPUT -m owner --uid-owner 1337 -j RETURN
2022-05-26T05:25:34.410806064Z stdout F -A ISTIO_OUTPUT -o lo ! -d 127.0.0.1/32 -m owner --gid-owner 1337 -j ISTIO_IN_REDIRECT
2022-05-26T05:25:34.410811099Z stdout F -A ISTIO_OUTPUT -o lo -m owner ! --gid-owner 1337 -j RETURN
2022-05-26T05:25:34.410815892Z stdout F -A ISTIO_OUTPUT -m owner --gid-owner 1337 -j RETURN
2022-05-26T05:25:34.410820488Z stdout F -A ISTIO_OUTPUT -d 127.0.0.1/32 -j RETURN
2022-05-26T05:25:34.410865035Z stdout F -A ISTIO_OUTPUT -j ISTIO_REDIRECT
2022-05-26T05:25:34.410874199Z stdout F COMMIT
2022-05-26T05:25:34.410877956Z stdout F 2022-05-26T05:25:34.410454Z	info	Running command: iptables-restore --noflush /tmp/iptables-rules-1653542734410150846.txt4278084072
2022-05-26T05:25:34.416891534Z stdout F 2022-05-26T05:25:34.415889Z	info	Writing following contents to rules file: /tmp/ip6tables-rules-1653542734415833771.txt727575433
2022-05-26T05:25:34.416909312Z stdout F 
2022-05-26T05:25:34.416913576Z stdout F 2022-05-26T05:25:34.415950Z	info	Running command: ip6tables-restore --noflush /tmp/ip6tables-rules-1653542734415833771.txt727575433
2022-05-26T05:25:34.421894361Z stdout F 2022-05-26T05:25:34.417957Z	info	Running command: iptables-save 
2022-05-26T05:25:34.421944694Z stdout F 2022-05-26T05:25:34.421281Z	info	Command output: 
2022-05-26T05:25:34.421949317Z stdout F # Generated by iptables-save v1.8.4 on Thu May 26 05:25:34 2022
2022-05-26T05:25:34.421952015Z stdout F *nat
2022-05-26T05:25:34.42195485Z stdout F :PREROUTING ACCEPT [0:0]
2022-05-26T05:25:34.421957212Z stdout F :INPUT ACCEPT [0:0]
2022-05-26T05:25:34.421959463Z stdout F :OUTPUT ACCEPT [0:0]
2022-05-26T05:25:34.421962049Z stdout F :POSTROUTING ACCEPT [0:0]
2022-05-26T05:25:34.42196449Z stdout F :ISTIO_INBOUND - [0:0]
2022-05-26T05:25:34.421966803Z stdout F :ISTIO_IN_REDIRECT - [0:0]
2022-05-26T05:25:34.421969064Z stdout F :ISTIO_OUTPUT - [0:0]
2022-05-26T05:25:34.421971321Z stdout F :ISTIO_REDIRECT - [0:0]
2022-05-26T05:25:34.421974117Z stdout F -A PREROUTING -p tcp -j ISTIO_INBOUND
2022-05-26T05:25:34.42197636Z stdout F -A OUTPUT -p tcp -j ISTIO_OUTPUT
2022-05-26T05:25:34.421978611Z stdout F -A ISTIO_INBOUND -p tcp -m tcp --dport 15008 -j RETURN
2022-05-26T05:25:34.421980819Z stdout F -A ISTIO_INBOUND -p tcp -m tcp --dport 15090 -j RETURN
2022-05-26T05:25:34.42198311Z stdout F -A ISTIO_INBOUND -p tcp -m tcp --dport 15021 -j RETURN
2022-05-26T05:25:34.421985339Z stdout F -A ISTIO_INBOUND -p tcp -m tcp --dport 15020 -j RETURN
2022-05-26T05:25:34.421987543Z stdout F -A ISTIO_INBOUND -p tcp -j ISTIO_IN_REDIRECT
2022-05-26T05:25:34.42198974Z stdout F -A ISTIO_IN_REDIRECT -p tcp -j REDIRECT --to-ports 15006
2022-05-26T05:25:34.421991906Z stdout F -A ISTIO_OUTPUT -s 127.0.0.6/32 -o lo -j RETURN
2022-05-26T05:25:34.421994651Z stdout F -A ISTIO_OUTPUT ! -d 127.0.0.1/32 -o lo -m owner --uid-owner 1337 -j ISTIO_IN_REDIRECT
2022-05-26T05:25:34.421996913Z stdout F -A ISTIO_OUTPUT -o lo -m owner ! --uid-owner 1337 -j RETURN
2022-05-26T05:25:34.421999093Z stdout F -A ISTIO_OUTPUT -m owner --uid-owner 1337 -j RETURN
2022-05-26T05:25:34.422001393Z stdout F -A ISTIO_OUTPUT ! -d 127.0.0.1/32 -o lo -m owner --gid-owner 1337 -j ISTIO_IN_REDIRECT
2022-05-26T05:25:34.422003558Z stdout F -A ISTIO_OUTPUT -o lo -m owner ! --gid-owner 1337 -j RETURN
2022-05-26T05:25:34.422005701Z stdout F -A ISTIO_OUTPUT -m owner --gid-owner 1337 -j RETURN
2022-05-26T05:25:34.422007893Z stdout F -A ISTIO_OUTPUT -d 127.0.0.1/32 -j RETURN
2022-05-26T05:25:34.422010094Z stdout F -A ISTIO_OUTPUT -j ISTIO_REDIRECT
2022-05-26T05:25:34.422012311Z stdout F -A ISTIO_REDIRECT -p tcp -j REDIRECT --to-ports 15001
2022-05-26T05:25:34.42201475Z stdout F COMMIT
2022-05-26T05:25:34.422017057Z stdout F # Completed on Thu May 26 05:25:34 2022
2022-05-26T05:25:34.422019265Z stdout F 
