[2022-05-26 13:37:27 +0800] [1] [INFO] Starting gunicorn 20.0.4
[2022-05-26 13:37:27 +0800] [1] [INFO] Listening at: http://0.0.0.0:17001 (1)
[2022-05-26 13:37:27 +0800] [1] [INFO] Using worker: sync
[2022-05-26 13:37:27 +0800] [13] [INFO] Booting worker with pid: 13
[2022-05-26 13:37:28 +0800] [14] [INFO] Booting worker with pid: 14
[2022-05-26 13:37:28 +0800] [15] [INFO] Booting worker with pid: 15
[2022-05-26 13:37:28 +0800] [16] [INFO] Booting worker with pid: 16
[2022-05-26 13:37:58 +0800] [1] [CRITICAL] WORKER TIMEOUT (pid:13)
[2022-05-26 13:37:58 +0800] [1] [CRITICAL] WORKER TIMEOUT (pid:14)
[2022-05-26 13:37:58 +0800] [1] [CRITICAL] WORKER TIMEOUT (pid:15)
[2022-05-26 13:37:58 +0800] [1] [CRITICAL] WORKER TIMEOUT (pid:16)
[2022-05-26 13:37:58 +0800] [13] [ERROR] Exception in worker process
Traceback (most recent call last):
  File "/usr/local/lib/python3.9/site-packages/gunicorn/arbiter.py", line 583, in spawn_worker
    worker.init_process()
  File "/usr/local/lib/python3.9/site-packages/gunicorn/workers/base.py", line 119, in init_process
    self.load_wsgi()
  File "/usr/local/lib/python3.9/site-packages/gunicorn/workers/base.py", line 144, in load_wsgi
    self.wsgi = self.app.wsgi()
  File "/usr/local/lib/python3.9/site-packages/gunicorn/app/base.py", line 67, in wsgi
    self.callable = self.load()
  File "/usr/local/lib/python3.9/site-packages/gunicorn/app/wsgiapp.py", line 49, in load
    return self.load_wsgiapp()
  File "/usr/local/lib/python3.9/site-packages/gunicorn/app/wsgiapp.py", line 39, in load_wsgiapp
    return util.import_app(self.app_uri)
  File "/usr/local/lib/python3.9/site-packages/gunicorn/util.py", line 358, in import_app
    mod = importlib.import_module(module)
  File "/usr/local/lib/python3.9/importlib/__init__.py", line 127, in import_module
    return _bootstrap._gcd_import(name[level:], package, level)
  File "<frozen importlib._bootstrap>", line 1030, in _gcd_import
  File "<frozen importlib._bootstrap>", line 1007, in _find_and_load
  File "<frozen importlib._bootstrap>", line 986, in _find_and_load_unlocked
  File "<frozen importlib._bootstrap>", line 680, in _load_unlocked
  File "<frozen importlib._bootstrap_external>", line 850, in exec_module
  File "<frozen importlib._bootstrap>", line 228, in _call_with_frames_removed
  File "/app/app.py", line 10, in <module>
    from face_detect import check
  File "/app/face_detect.py", line 2, in <module>
    import dlib
  File "/usr/local/lib/python3.9/site-packages/dlib/__init__.py", line 19, in <module>
    from _dlib_pybind11 import *
ImportError: SystemExit: 1

At:
  /usr/local/lib/python3.9/site-packages/gunicorn/workers/base.py(201): handle_abort
  <frozen importlib._bootstrap>(228): _call_with_frames_removed
  <frozen importlib._bootstrap_external>(1173): create_module
  <frozen importlib._bootstrap>(565): module_from_spec
  <frozen importlib._bootstrap>(666): _load_unlocked
  <frozen importlib._bootstrap>(986): _find_and_load_unlocked
  <frozen importlib._bootstrap>(1007): _find_and_load
  /usr/local/lib/python3.9/site-packages/dlib/__init__.py(19): <module>
  <frozen importlib._bootstrap>(228): _call_with_frames_removed
  <frozen importlib._bootstrap_external>(850): exec_module
  <frozen importlib._bootstrap>(680): _load_unlocked
  <frozen importlib._bootstrap>(986): _find_and_load_unlocked
  <frozen importlib._bootstrap>(1007): _find_and_load
  /app/face_detect.py(2): <module>
  <frozen importlib._bootstrap>(228): _call_with_frames_removed
  <frozen importlib._bootstrap_external>(850): exec_module
  <frozen importlib._bootstrap>(680): _load_unlocked
  <frozen importlib._bootstrap>(986): _find_and_load_unlocked
  <frozen importlib._bootstrap>(1007): _find_and_load
  /app/app.py(10): <module>
  <frozen importlib._bootstrap>(228): _call_with_frames_removed
  <frozen importlib._bootstrap_external>(850): exec_module
  <frozen importlib._bootstrap>(680): _load_unlocked
  <frozen importlib._bootstrap>(986): _find_and_load_unlocked
  <frozen importlib._bootstrap>(1007): _find_and_load
  <frozen importlib._bootstrap>(1030): _gcd_import
  /usr/local/lib/python3.9/importlib/__init__.py(127): import_module
  /usr/local/lib/python3.9/site-packages/gunicorn/util.py(358): import_app
  /usr/local/lib/python3.9/site-packages/gunicorn/app/wsgiapp.py(39): load_wsgiapp
  /usr/local/lib/python3.9/site-packages/gunicorn/app/wsgiapp.py(49): load
  /usr/local/lib/python3.9/site-packages/gunicorn/app/base.py(67): wsgi
  /usr/local/lib/python3.9/site-packages/gunicorn/workers/base.py(144): load_wsgi
  /usr/local/lib/python3.9/site-packages/gunicorn/workers/base.py(119): init_process
  /usr/local/lib/python3.9/site-packages/gunicorn/arbiter.py(583): spawn_worker
  /usr/local/lib/python3.9/site-packages/gunicorn/arbiter.py(616): spawn_workers
  /usr/local/lib/python3.9/site-packages/gunicorn/arbiter.py(545): manage_workers
  /usr/local/lib/python3.9/site-packages/gunicorn/arbiter.py(202): run
  /usr/local/lib/python3.9/site-packages/gunicorn/app/base.py(72): run
  /usr/local/lib/python3.9/site-packages/gunicorn/app/base.py(228): run
  /usr/local/lib/python3.9/site-packages/gunicorn/app/wsgiapp.py(58): run
  /usr/local/bin/gunicorn(8): <module>

[2022-05-26 13:37:58 +0800] [13] [INFO] Worker exiting (pid: 13)
[2022-05-26 13:38:00 +0800] [45] [INFO] Booting worker with pid: 45
[2022-05-26 13:38:00 +0800] [46] [INFO] Booting worker with pid: 46
[2022-05-26 13:38:01 +0800] [47] [INFO] Booting worker with pid: 47
[2022-05-26 13:38:01 +0800] [48] [INFO] Booting worker with pid: 48
[2022-05-26 13:38:31 +0800] [1] [CRITICAL] WORKER TIMEOUT (pid:45)
[2022-05-26 13:38:35 +0800] [1] [CRITICAL] WORKER TIMEOUT (pid:46)
[2022-05-26 13:38:35 +0800] [1] [CRITICAL] WORKER TIMEOUT (pid:47)
[2022-05-26 13:38:35 +0800] [1] [CRITICAL] WORKER TIMEOUT (pid:48)
[2022-05-26 13:38:35 +0800] [46] [INFO] Worker exiting (pid: 46)
[2022-05-26 13:38:35 +0800] [48] [INFO] Worker exiting (pid: 48)
[2022-05-26 13:38:44 +0800] [77] [INFO] Booting worker with pid: 77
[2022-05-26 13:38:47 +0800] [79] [INFO] Booting worker with pid: 79
[2022-05-26 13:38:47 +0800] [78] [INFO] Booting worker with pid: 78
[2022-05-26 13:38:47 +0800] [80] [INFO] Booting worker with pid: 80
[2022-05-26 13:39:14 +0800] [1] [CRITICAL] WORKER TIMEOUT (pid:77)
[2022-05-26 13:39:14 +0800] [77] [INFO] Worker exiting (pid: 77)
[2022-05-26 13:39:16 +0800] [109] [INFO] Booting worker with pid: 109
[2022-05-26 13:39:17 +0800] [1] [CRITICAL] WORKER TIMEOUT (pid:78)
[2022-05-26 13:39:17 +0800] [1] [CRITICAL] WORKER TIMEOUT (pid:79)
[2022-05-26 13:39:17 +0800] [1] [CRITICAL] WORKER TIMEOUT (pid:80)
[2022-05-26 13:39:19 +0800] [110] [INFO] Booting worker with pid: 110
[2022-05-26 13:39:19 +0800] [111] [INFO] Booting worker with pid: 111
[2022-05-26 13:39:20 +0800] [112] [INFO] Booting worker with pid: 112
[2022-05-26 13:39:46 +0800] [1] [CRITICAL] WORKER TIMEOUT (pid:109)
[2022-05-26 13:39:48 +0800] [141] [INFO] Booting worker with pid: 141
[2022-05-26 13:39:49 +0800] [1] [CRITICAL] WORKER TIMEOUT (pid:110)
[2022-05-26 13:39:49 +0800] [1] [CRITICAL] WORKER TIMEOUT (pid:111)
[2022-05-26 13:39:50 +0800] [1] [CRITICAL] WORKER TIMEOUT (pid:112)
[2022-05-26 13:39:51 +0800] [142] [INFO] Booting worker with pid: 142
[2022-05-26 13:39:51 +0800] [143] [INFO] Booting worker with pid: 143
[2022-05-26 13:39:51 +0800] [144] [INFO] Booting worker with pid: 144
[2022-05-26 13:40:19 +0800] [1] [CRITICAL] WORKER TIMEOUT (pid:141)
[2022-05-26 13:40:21 +0800] [1] [CRITICAL] WORKER TIMEOUT (pid:142)
[2022-05-26 13:40:21 +0800] [173] [INFO] Booting worker with pid: 173
[2022-05-26 13:40:22 +0800] [1] [CRITICAL] WORKER TIMEOUT (pid:143)
[2022-05-26 13:40:22 +0800] [1] [CRITICAL] WORKER TIMEOUT (pid:144)
[2022-05-26 13:40:23 +0800] [174] [INFO] Booting worker with pid: 174
[2022-05-26 13:40:24 +0800] [175] [INFO] Booting worker with pid: 175
[2022-05-26 13:40:24 +0800] [176] [INFO] Booting worker with pid: 176
[2022-05-26 13:40:52 +0800] [1] [CRITICAL] WORKER TIMEOUT (pid:173)
[2022-05-26 13:40:53 +0800] [1] [CRITICAL] WORKER TIMEOUT (pid:174)
[2022-05-26 13:40:53 +0800] [174] [INFO] Worker exiting (pid: 174)
[2022-05-26 13:40:53 +0800] [205] [INFO] Booting worker with pid: 205
[2022-05-26 13:40:54 +0800] [1] [CRITICAL] WORKER TIMEOUT (pid:175)
[2022-05-26 13:40:54 +0800] [206] [INFO] Booting worker with pid: 206
[2022-05-26 13:40:55 +0800] [1] [CRITICAL] WORKER TIMEOUT (pid:176)
[2022-05-26 13:40:56 +0800] [207] [INFO] Booting worker with pid: 207
[2022-05-26 13:40:57 +0800] [208] [INFO] Booting worker with pid: 208
[2022-05-26 13:41:23 +0800] [1] [CRITICAL] WORKER TIMEOUT (pid:205)
[2022-05-26 13:41:25 +0800] [1] [CRITICAL] WORKER TIMEOUT (pid:206)
[2022-05-26 13:41:26 +0800] [237] [INFO] Booting worker with pid: 237
[2022-05-26 13:41:26 +0800] [238] [INFO] Booting worker with pid: 238
[2022-05-26 13:41:27 +0800] [1] [CRITICAL] WORKER TIMEOUT (pid:207)
[2022-05-26 13:41:28 +0800] [1] [CRITICAL] WORKER TIMEOUT (pid:208)
[2022-05-26 13:41:29 +0800] [239] [INFO] Booting worker with pid: 239
[2022-05-26 13:41:29 +0800] [240] [INFO] Booting worker with pid: 240
[2022-05-26 13:41:57 +0800] [1] [CRITICAL] WORKER TIMEOUT (pid:237)
[2022-05-26 13:41:59 +0800] [1] [CRITICAL] WORKER TIMEOUT (pid:238)
[2022-05-26 13:41:59 +0800] [1] [CRITICAL] WORKER TIMEOUT (pid:239)
[2022-05-26 13:41:59 +0800] [239] [INFO] Worker exiting (pid: 239)
[2022-05-26 13:42:00 +0800] [1] [CRITICAL] WORKER TIMEOUT (pid:240)
[2022-05-26 13:42:04 +0800] [269] [INFO] Booting worker with pid: 269
[2022-05-26 13:42:04 +0800] [270] [INFO] Booting worker with pid: 270
[2022-05-26 13:42:06 +0800] [271] [INFO] Booting worker with pid: 271
[2022-05-26 13:42:06 +0800] [272] [INFO] Booting worker with pid: 272
[2022-05-26 13:42:34 +0800] [1] [CRITICAL] WORKER TIMEOUT (pid:269)
[2022-05-26 13:42:34 +0800] [269] [INFO] Worker exiting (pid: 269)
[2022-05-26 13:42:35 +0800] [1] [CRITICAL] WORKER TIMEOUT (pid:270)
[2022-05-26 13:42:35 +0800] [273] [INFO] Booting worker with pid: 273
[2022-05-26 13:42:36 +0800] [1] [CRITICAL] WORKER TIMEOUT (pid:271)
[2022-05-26 13:42:36 +0800] [1] [CRITICAL] WORKER TIMEOUT (pid:272)
[2022-05-26 13:42:36 +0800] [272] [INFO] Worker exiting (pid: 272)
[2022-05-26 13:42:36 +0800] [271] [INFO] Worker exiting (pid: 271)
[2022-05-26 13:42:37 +0800] [274] [INFO] Booting worker with pid: 274
[2022-05-26 13:42:39 +0800] [275] [INFO] Booting worker with pid: 275
[2022-05-26 13:42:39 +0800] [276] [INFO] Booting worker with pid: 276
[2022-05-26 13:43:06 +0800] [1] [CRITICAL] WORKER TIMEOUT (pid:273)
[2022-05-26 13:43:06 +0800] [273] [INFO] Worker exiting (pid: 273)
[2022-05-26 13:43:07 +0800] [1] [CRITICAL] WORKER TIMEOUT (pid:274)
[2022-05-26 13:43:07 +0800] [274] [INFO] Worker exiting (pid: 274)
[2022-05-26 13:43:08 +0800] [305] [INFO] Booting worker with pid: 305
[2022-05-26 13:43:08 +0800] [306] [INFO] Booting worker with pid: 306
[2022-05-26 13:43:10 +0800] [1] [CRITICAL] WORKER TIMEOUT (pid:275)
[2022-05-26 13:43:10 +0800] [1] [CRITICAL] WORKER TIMEOUT (pid:276)
[2022-05-26 13:43:10 +0800] [275] [INFO] Worker exiting (pid: 275)
[2022-05-26 13:43:10 +0800] [276] [INFO] Worker exiting (pid: 276)
[2022-05-26 13:43:11 +0800] [307] [INFO] Booting worker with pid: 307
[2022-05-26 13:43:11 +0800] [308] [INFO] Booting worker with pid: 308
[2022-05-26 13:43:38 +0800] [1] [CRITICAL] WORKER TIMEOUT (pid:305)
[2022-05-26 13:43:39 +0800] [305] [INFO] Worker exiting (pid: 305)
[2022-05-26 13:43:39 +0800] [1] [CRITICAL] WORKER TIMEOUT (pid:306)
[2022-05-26 13:43:39 +0800] [306] [INFO] Worker exiting (pid: 306)
[2022-05-26 13:43:43 +0800] [330] [INFO] Booting worker with pid: 330
[2022-05-26 13:43:41 +0800] [1] [CRITICAL] WORKER TIMEOUT (pid:307)
[2022-05-26 13:43:45 +0800] [307] [INFO] Worker exiting (pid: 307)
[2022-05-26 13:43:44 +0800] [1] [CRITICAL] WORKER TIMEOUT (pid:308)
[2022-05-26 13:43:49 +0800] [331] [INFO] Booting worker with pid: 331
[2022-05-26 13:43:59 +0800] [332] [INFO] Booting worker with pid: 332
[2022-05-26 13:44:03 +0800] [333] [INFO] Booting worker with pid: 333
[2022-05-26 13:44:11 +0800] [1] [CRITICAL] WORKER TIMEOUT (pid:330)
[2022-05-26 13:44:11 +0800] [330] [INFO] Worker exiting (pid: 330)
[2022-05-26 13:44:13 +0800] [334] [INFO] Booting worker with pid: 334
[2022-05-26 13:44:16 +0800] [1] [CRITICAL] WORKER TIMEOUT (pid:331)
[2022-05-26 13:44:16 +0800] [331] [INFO] Worker exiting (pid: 331)
[2022-05-26 13:44:19 +0800] [335] [INFO] Booting worker with pid: 335
[2022-05-26 13:44:21 +0800] [1] [CRITICAL] WORKER TIMEOUT (pid:332)
[2022-05-26 13:44:22 +0800] [332] [INFO] Worker exiting (pid: 332)
[2022-05-26 13:44:24 +0800] [336] [INFO] Booting worker with pid: 336
[2022-05-26 13:44:33 +0800] [1] [CRITICAL] WORKER TIMEOUT (pid:333)
[2022-05-26 13:44:33 +0800] [333] [INFO] Worker exiting (pid: 333)
[2022-05-26 13:44:40 +0800] [344] [INFO] Booting worker with pid: 344
[2022-05-26 13:44:43 +0800] [1] [CRITICAL] WORKER TIMEOUT (pid:334)
[2022-05-26 13:44:43 +0800] [334] [INFO] Worker exiting (pid: 334)
[2022-05-26 13:44:45 +0800] [359] [INFO] Booting worker with pid: 359
[2022-05-26 13:44:49 +0800] [1] [CRITICAL] WORKER TIMEOUT (pid:335)
[2022-05-26 13:44:49 +0800] [335] [INFO] Worker exiting (pid: 335)
[2022-05-26 13:44:51 +0800] [360] [INFO] Booting worker with pid: 360
[2022-05-26 13:44:54 +0800] [1] [CRITICAL] WORKER TIMEOUT (pid:336)
[2022-05-26 13:44:54 +0800] [336] [INFO] Worker exiting (pid: 336)
[2022-05-26 13:44:56 +0800] [368] [INFO] Booting worker with pid: 368
[2022-05-26 13:45:10 +0800] [1] [CRITICAL] WORKER TIMEOUT (pid:344)
[2022-05-26 13:45:11 +0800] [390] [INFO] Booting worker with pid: 390
[2022-05-26 13:45:15 +0800] [1] [CRITICAL] WORKER TIMEOUT (pid:359)
[2022-05-26 13:45:18 +0800] [391] [INFO] Booting worker with pid: 391
[2022-05-26 13:45:22 +0800] [1] [CRITICAL] WORKER TIMEOUT (pid:360)
[2022-05-26 13:45:26 +0800] [1] [CRITICAL] WORKER TIMEOUT (pid:368)
[2022-05-26 13:45:26 +0800] [392] [INFO] Booting worker with pid: 392
[2022-05-26 13:45:28 +0800] [393] [INFO] Booting worker with pid: 393
[2022-05-26 13:45:41 +0800] [1] [CRITICAL] WORKER TIMEOUT (pid:390)
[2022-05-26 13:45:43 +0800] [394] [INFO] Booting worker with pid: 394
[2022-05-26 13:45:49 +0800] [1] [CRITICAL] WORKER TIMEOUT (pid:391)
[2022-05-26 13:45:49 +0800] [391] [INFO] Worker exiting (pid: 391)
[2022-05-26 13:45:51 +0800] [402] [INFO] Booting worker with pid: 402
[2022-05-26 13:45:57 +0800] [1] [CRITICAL] WORKER TIMEOUT (pid:392)
[2022-05-26 13:45:57 +0800] [392] [INFO] Worker exiting (pid: 392)
[2022-05-26 13:45:58 +0800] [1] [CRITICAL] WORKER TIMEOUT (pid:393)
[2022-05-26 13:45:58 +0800] [393] [INFO] Worker exiting (pid: 393)
[2022-05-26 13:45:58 +0800] [417] [INFO] Booting worker with pid: 417
[2022-05-26 13:46:00 +0800] [425] [INFO] Booting worker with pid: 425
[2022-05-26 13:46:13 +0800] [1] [CRITICAL] WORKER TIMEOUT (pid:394)
[2022-05-26 13:46:13 +0800] [394] [INFO] Worker exiting (pid: 394)
[2022-05-26 13:46:15 +0800] [426] [INFO] Booting worker with pid: 426
[2022-05-26 13:46:21 +0800] [1] [CRITICAL] WORKER TIMEOUT (pid:402)
[2022-05-26 13:46:23 +0800] [448] [INFO] Booting worker with pid: 448
[2022-05-26 13:46:29 +0800] [1] [CRITICAL] WORKER TIMEOUT (pid:417)
[2022-05-26 13:46:30 +0800] [1] [CRITICAL] WORKER TIMEOUT (pid:425)
[2022-05-26 13:46:30 +0800] [425] [INFO] Worker exiting (pid: 425)
[2022-05-26 13:46:31 +0800] [456] [INFO] Booting worker with pid: 456
[2022-05-26 13:46:32 +0800] [457] [INFO] Booting worker with pid: 457
[2022-05-26 13:46:46 +0800] [1] [CRITICAL] WORKER TIMEOUT (pid:426)
[2022-05-26 13:46:46 +0800] [426] [INFO] Worker exiting (pid: 426)
[2022-05-26 13:46:50 +0800] [465] [INFO] Booting worker with pid: 465
[2022-05-26 13:46:53 +0800] [1] [CRITICAL] WORKER TIMEOUT (pid:448)
[2022-05-26 13:46:54 +0800] [448] [INFO] Worker exiting (pid: 448)
[2022-05-26 13:46:59 +0800] [473] [INFO] Booting worker with pid: 473
[2022-05-26 13:47:01 +0800] [1] [CRITICAL] WORKER TIMEOUT (pid:456)
[2022-05-26 13:47:01 +0800] [456] [INFO] Worker exiting (pid: 456)
[2022-05-26 13:47:02 +0800] [1] [CRITICAL] WORKER TIMEOUT (pid:457)
[2022-05-26 13:47:02 +0800] [457] [INFO] Worker exiting (pid: 457)
[2022-05-26 13:47:06 +0800] [474] [INFO] Booting worker with pid: 474
[2022-05-26 13:47:06 +0800] [475] [INFO] Booting worker with pid: 475
[2022-05-26 13:47:20 +0800] [1] [CRITICAL] WORKER TIMEOUT (pid:465)
[2022-05-26 13:47:24 +0800] [476] [INFO] Booting worker with pid: 476
[2022-05-26 13:47:28 +0800] [1] [CRITICAL] WORKER TIMEOUT (pid:473)
[2022-05-26 13:47:36 +0800] [1] [CRITICAL] WORKER TIMEOUT (pid:474)
[2022-05-26 13:47:36 +0800] [1] [CRITICAL] WORKER TIMEOUT (pid:475)
[2022-05-26 13:47:51 +0800] [477] [INFO] Booting worker with pid: 477
[2022-05-26 13:47:51 +0800] [478] [INFO] Booting worker with pid: 478
[2022-05-26 13:47:52 +0800] [479] [INFO] Booting worker with pid: 479
[2022-05-26 13:47:54 +0800] [1] [CRITICAL] WORKER TIMEOUT (pid:476)
[2022-05-26 13:47:54 +0800] [476] [INFO] Worker exiting (pid: 476)
[2022-05-26 13:47:56 +0800] [480] [INFO] Booting worker with pid: 480
[2022-05-26 13:48:17 +0800] [1] [CRITICAL] WORKER TIMEOUT (pid:477)
[2022-05-26 13:48:17 +0800] [477] [INFO] Worker exiting (pid: 477)
[2022-05-26 13:48:19 +0800] [495] [INFO] Booting worker with pid: 495
[2022-05-26 13:48:22 +0800] [1] [CRITICAL] WORKER TIMEOUT (pid:478)
[2022-05-26 13:48:22 +0800] [1] [CRITICAL] WORKER TIMEOUT (pid:479)
[2022-05-26 13:48:22 +0800] [479] [INFO] Worker exiting (pid: 479)
[2022-05-26 13:48:22 +0800] [478] [INFO] Worker exiting (pid: 478)
[2022-05-26 13:48:24 +0800] [503] [INFO] Booting worker with pid: 503
[2022-05-26 13:48:24 +0800] [504] [INFO] Booting worker with pid: 504
[2022-05-26 13:48:26 +0800] [1] [CRITICAL] WORKER TIMEOUT (pid:480)
[2022-05-26 13:48:26 +0800] [480] [INFO] Worker exiting (pid: 480)
[2022-05-26 13:48:28 +0800] [505] [INFO] Booting worker with pid: 505
[2022-05-26 13:48:48 +0800] [1] [CRITICAL] WORKER TIMEOUT (pid:495)
[2022-05-26 13:48:49 +0800] [495] [INFO] Worker exiting (pid: 495)
[2022-05-26 13:48:51 +0800] [534] [INFO] Booting worker with pid: 534
[2022-05-26 13:48:54 +0800] [1] [CRITICAL] WORKER TIMEOUT (pid:503)
[2022-05-26 13:48:54 +0800] [503] [INFO] Worker exiting (pid: 503)
[2022-05-26 13:48:55 +0800] [1] [CRITICAL] WORKER TIMEOUT (pid:504)
[2022-05-26 13:48:55 +0800] [504] [INFO] Worker exiting (pid: 504)
[2022-05-26 13:48:56 +0800] [535] [INFO] Booting worker with pid: 535
[2022-05-26 13:48:56 +0800] [536] [INFO] Booting worker with pid: 536
[2022-05-26 13:48:58 +0800] [1] [CRITICAL] WORKER TIMEOUT (pid:505)
[2022-05-26 13:48:58 +0800] [505] [INFO] Worker exiting (pid: 505)
[2022-05-26 13:49:00 +0800] [537] [INFO] Booting worker with pid: 537
[2022-05-26 13:49:21 +0800] [1] [CRITICAL] WORKER TIMEOUT (pid:534)
[2022-05-26 13:49:24 +0800] [566] [INFO] Booting worker with pid: 566
[2022-05-26 13:49:26 +0800] [1] [CRITICAL] WORKER TIMEOUT (pid:535)
[2022-05-26 13:49:26 +0800] [535] [INFO] Worker exiting (pid: 535)
[2022-05-26 13:49:27 +0800] [1] [CRITICAL] WORKER TIMEOUT (pid:536)
[2022-05-26 13:49:28 +0800] [567] [INFO] Booting worker with pid: 567
[2022-05-26 13:49:28 +0800] [568] [INFO] Booting worker with pid: 568
[2022-05-26 13:49:30 +0800] [1] [CRITICAL] WORKER TIMEOUT (pid:537)
[2022-05-26 13:49:32 +0800] [569] [INFO] Booting worker with pid: 569
[2022-05-26 13:49:56 +0800] [1] [CRITICAL] WORKER TIMEOUT (pid:566)
[2022-05-26 13:49:57 +0800] [598] [INFO] Booting worker with pid: 598
[2022-05-26 13:49:58 +0800] [1] [CRITICAL] WORKER TIMEOUT (pid:567)
[2022-05-26 13:49:58 +0800] [1] [CRITICAL] WORKER TIMEOUT (pid:568)
[2022-05-26 13:50:00 +0800] [599] [INFO] Booting worker with pid: 599
[2022-05-26 13:50:00 +0800] [600] [INFO] Booting worker with pid: 600
[2022-05-26 13:50:02 +0800] [1] [CRITICAL] WORKER TIMEOUT (pid:569)
[2022-05-26 13:50:04 +0800] [608] [INFO] Booting worker with pid: 608
[2022-05-26 13:50:28 +0800] [1] [CRITICAL] WORKER TIMEOUT (pid:598)
[2022-05-26 13:50:30 +0800] [630] [INFO] Booting worker with pid: 630
[2022-05-26 13:50:31 +0800] [1] [CRITICAL] WORKER TIMEOUT (pid:599)
[2022-05-26 13:50:31 +0800] [1] [CRITICAL] WORKER TIMEOUT (pid:600)
[2022-05-26 13:50:32 +0800] [600] [INFO] Worker exiting (pid: 600)
[2022-05-26 13:50:32 +0800] [631] [INFO] Booting worker with pid: 631
[2022-05-26 13:50:33 +0800] [632] [INFO] Booting worker with pid: 632
[2022-05-26 13:50:35 +0800] [1] [CRITICAL] WORKER TIMEOUT (pid:608)
[2022-05-26 13:50:35 +0800] [608] [INFO] Worker exiting (pid: 608)
[2022-05-26 13:50:36 +0800] [640] [INFO] Booting worker with pid: 640
