2022-05-09T06:53:44.932037984Z stdout F 2022-05-09 14:53:44.675  INFO [bootstrap,,,] 1 --- [           main] s.c.a.AnnotationConfigApplicationContext : Refreshing org.springframework.context.annotation.AnnotationConfigApplicationContext@48533e64: startup date [Mon May 09 14:53:44 CST 2022]; root of context hierarchy
2022-05-09T06:54:07.058459192Z stdout F 2022-05-09 14:54:07.056  INFO [bootstrap,,,] 1 --- [           main] trationDelegate$BeanPostProcessorChecker : Bean 'configurationPropertiesRebinderAutoConfiguration' of type [org.springframework.cloud.autoconfigure.ConfigurationPropertiesRebinderAutoConfiguration$$EnhancerBySpringCGLIB$$3c5b44cd] is not eligible for getting processed by all BeanPostProcessors (for example: not eligible for auto-proxying)
2022-05-09T06:54:22.394891307Z stdout F 
2022-05-09T06:54:22.395004307Z stdout F   .   ____          _            __ _ _
2022-05-09T06:54:22.395018929Z stdout F  /\\ / ___'_ __ _ _(_)_ __  __ _ \ \ \ \
2022-05-09T06:54:22.397945001Z stdout F ( ( )\___ | '_ | '_| | '_ \/ _` | \ \ \ \
2022-05-09T06:54:22.397980023Z stdout F  \\/  ___)| |_)| | | | | || (_| |  ) ) ) )
2022-05-09T06:54:22.3979892Z stdout F   '  |____| .__|_| |_|_| |_\__, | / / / /
2022-05-09T06:54:22.397996285Z stdout F  =========|_|==============|___/=/_/_/_/
2022-05-09T06:54:22.398002977Z stdout F  :: Spring Boot ::       (v1.5.22.RELEASE)
2022-05-09T06:54:22.398009267Z stdout F 
2022-05-09T06:54:23.019319313Z stdout F 2022-05-09 14:54:23.018  INFO [ts-admin-order-service,,,] 1 --- [           main] adminorder.AdminOrderApplication         : No active profile set, falling back to default profiles: default
2022-05-09T06:54:23.426184739Z stdout F 2022-05-09 14:54:23.423  INFO [ts-admin-order-service,,,] 1 --- [           main] ationConfigEmbeddedWebApplicationContext : Refreshing org.springframework.boot.context.embedded.AnnotationConfigEmbeddedWebApplicationContext@724af044: startup date [Mon May 09 14:54:23 CST 2022]; parent: org.springframework.context.annotation.AnnotationConfigApplicationContext@48533e64
2022-05-09T06:54:57.225133789Z stdout F 2022-05-09 14:54:57.212  INFO [ts-admin-order-service,,,] 1 --- [           main] o.s.i.config.IntegrationRegistrar        : No bean named 'integrationHeaderChannelRegistry' has been explicitly defined. Therefore, a default DefaultHeaderChannelRegistry will be created.
2022-05-09T06:55:22.882987814Z stdout F 2022-05-09 14:55:22.881  INFO [ts-admin-order-service,,,] 1 --- [           main] o.s.cloud.context.scope.GenericScope     : BeanFactory id=3ef1387a-3134-3f36-964b-4ab6dd204e55
2022-05-09T06:55:23.729628151Z stdout F 2022-05-09 14:55:23.728  INFO [ts-admin-order-service,,,] 1 --- [           main] faultConfiguringBeanFactoryPostProcessor : No bean named 'errorChannel' has been explicitly defined. Therefore, a default PublishSubscribeChannel will be created.
2022-05-09T06:55:37.446302267Z stdout F 2022-05-09 14:55:37.296  INFO [ts-admin-order-service,,,] 1 --- [           main] faultConfiguringBeanFactoryPostProcessor : No bean named 'taskScheduler' has been explicitly defined. Therefore, a default ThreadPoolTaskScheduler will be created.
2022-05-09T06:55:54.340404687Z stdout F 2022-05-09 14:55:54.334  INFO [ts-admin-order-service,,,] 1 --- [           main] trationDelegate$BeanPostProcessorChecker : Bean 'org.springframework.cloud.sleuth.instrument.async.AsyncDefaultAutoConfiguration$DefaultAsyncConfigurerSupport' of type [org.springframework.cloud.sleuth.instrument.async.AsyncDefaultAutoConfiguration$DefaultAsyncConfigurerSupport$$EnhancerBySpringCGLIB$$5d82df93] is not eligible for getting processed by all BeanPostProcessors (for example: not eligible for auto-proxying)
2022-05-09T06:56:00.441459241Z stdout F 2022-05-09 14:56:00.426  INFO [ts-admin-order-service,,,] 1 --- [           main] trationDelegate$BeanPostProcessorChecker : Bean 'org.springframework.cloud.sleuth.annotation.SleuthAnnotationAutoConfiguration' of type [org.springframework.cloud.sleuth.annotation.SleuthAnnotationAutoConfiguration$$EnhancerBySpringCGLIB$$22a68802] is not eligible for getting processed by all BeanPostProcessors (for example: not eligible for auto-proxying)
2022-05-09T06:56:05.991846227Z stdout F 2022-05-09 14:56:05.989  INFO [ts-admin-order-service,,,] 1 --- [           main] trationDelegate$BeanPostProcessorChecker : Bean 'sleuthAdvisorConfig' of type [org.springframework.cloud.sleuth.annotation.SleuthAdvisorConfig] is not eligible for getting processed by all BeanPostProcessors (for example: not eligible for auto-proxying)
2022-05-09T06:56:06.708562435Z stdout F 2022-05-09 14:56:06.707  INFO [ts-admin-order-service,,,] 1 --- [           main] trationDelegate$BeanPostProcessorChecker : Bean 'org.springframework.security.config.annotation.configuration.ObjectPostProcessorConfiguration' of type [org.springframework.security.config.annotation.configuration.ObjectPostProcessorConfiguration$$EnhancerBySpringCGLIB$$b8ef0a0a] is not eligible for getting processed by all BeanPostProcessors (for example: not eligible for auto-proxying)
2022-05-09T06:56:07.273905493Z stdout F 2022-05-09 14:56:07.269  INFO [ts-admin-order-service,,,] 1 --- [           main] trationDelegate$BeanPostProcessorChecker : Bean 'objectPostProcessor' of type [org.springframework.security.config.annotation.configuration.AutowireBeanFactoryObjectPostProcessor] is not eligible for getting processed by all BeanPostProcessors (for example: not eligible for auto-proxying)
2022-05-09T06:56:07.381830681Z stdout F 2022-05-09 14:56:07.380  INFO [ts-admin-order-service,,,] 1 --- [           main] trationDelegate$BeanPostProcessorChecker : Bean 'org.springframework.security.access.expression.method.DefaultMethodSecurityExpressionHandler@1df8da7a' of type [org.springframework.security.access.expression.method.DefaultMethodSecurityExpressionHandler] is not eligible for getting processed by all BeanPostProcessors (for example: not eligible for auto-proxying)
2022-05-09T06:56:07.883029445Z stdout F 2022-05-09 14:56:07.865  INFO [ts-admin-order-service,,,] 1 --- [           main] trationDelegate$BeanPostProcessorChecker : Bean 'org.springframework.security.config.annotation.method.configuration.GlobalMethodSecurityConfiguration' of type [org.springframework.security.config.annotation.method.configuration.GlobalMethodSecurityConfiguration$$EnhancerBySpringCGLIB$$ddc3acbc] is not eligible for getting processed by all BeanPostProcessors (for example: not eligible for auto-proxying)
2022-05-09T06:56:08.781578404Z stdout F 2022-05-09 14:56:08.781  INFO [ts-admin-order-service,,,] 1 --- [           main] trationDelegate$BeanPostProcessorChecker : Bean 'methodSecurityMetadataSource' of type [org.springframework.security.access.method.DelegatingMethodSecurityMetadataSource] is not eligible for getting processed by all BeanPostProcessors (for example: not eligible for auto-proxying)
2022-05-09T06:56:10.071021182Z stdout F 2022-05-09 14:56:10.069  INFO [ts-admin-order-service,,,] 1 --- [           main] trationDelegate$BeanPostProcessorChecker : Bean 'integrationGlobalProperties' of type [org.springframework.beans.factory.config.PropertiesFactoryBean] is not eligible for getting processed by all BeanPostProcessors (for example: not eligible for auto-proxying)
2022-05-09T06:56:10.456520168Z stdout F 2022-05-09 14:56:10.455  INFO [ts-admin-order-service,,,] 1 --- [           main] trationDelegate$BeanPostProcessorChecker : Bean 'integrationGlobalProperties' of type [java.util.Properties] is not eligible for getting processed by all BeanPostProcessors (for example: not eligible for auto-proxying)
2022-05-09T06:56:12.442530194Z stdout F 2022-05-09 14:56:12.441  INFO [ts-admin-order-service,,,] 1 --- [           main] trationDelegate$BeanPostProcessorChecker : Bean 'org.springframework.cloud.autoconfigure.ConfigurationPropertiesRebinderAutoConfiguration' of type [org.springframework.cloud.autoconfigure.ConfigurationPropertiesRebinderAutoConfiguration$$EnhancerBySpringCGLIB$$3c5b44cd] is not eligible for getting processed by all BeanPostProcessors (for example: not eligible for auto-proxying)
2022-05-09T06:56:13.807926592Z stdout F 2022-05-09 14:56:13.807  INFO [ts-admin-order-service,,,] 1 --- [           main] trationDelegate$BeanPostProcessorChecker : Bean 'org.springframework.cloud.sleuth.instrument.async.AsyncDefaultAutoConfiguration' of type [org.springframework.cloud.sleuth.instrument.async.AsyncDefaultAutoConfiguration$$EnhancerBySpringCGLIB$$824edef] is not eligible for getting processed by all BeanPostProcessors (for example: not eligible for auto-proxying)
2022-05-09T06:56:14.981788442Z stdout F 2022-05-09 14:56:14.980  INFO [ts-admin-order-service,,,] 1 --- [           main] trationDelegate$BeanPostProcessorChecker : Bean 'org.springframework.cloud.sleuth.instrument.web.client.TraceWebClientAutoConfiguration' of type [org.springframework.cloud.sleuth.instrument.web.client.TraceWebClientAutoConfiguration$$EnhancerBySpringCGLIB$$ccd40d4f] is not eligible for getting processed by all BeanPostProcessors (for example: not eligible for auto-proxying)
2022-05-09T06:56:25.708969919Z stdout F 2022-05-09 14:56:25.708  INFO [ts-admin-order-service,,,] 1 --- [           main] s.b.c.e.t.TomcatEmbeddedServletContainer : Tomcat initialized with port(s): 16112 (http)
2022-05-09T06:56:26.349822939Z stdout F 2022-05-09 14:56:26.348  INFO [ts-admin-order-service,,,] 1 --- [           main] o.apache.catalina.core.StandardService   : Starting service [Tomcat]
2022-05-09T06:56:26.349873722Z stdout F 2022-05-09 14:56:26.348  INFO [ts-admin-order-service,,,] 1 --- [           main] org.apache.catalina.core.StandardEngine  : Starting Servlet Engine: Apache Tomcat/8.5.43
2022-05-09T06:56:28.497649704Z stdout F 2022-05-09 14:56:28.491  INFO [ts-admin-order-service,,,] 1 --- [ost-startStop-1] o.a.c.c.C.[Tomcat].[localhost].[/]       : Initializing Spring embedded WebApplicationContext
2022-05-09T06:56:28.497764117Z stdout F 2022-05-09 14:56:28.492  INFO [ts-admin-order-service,,,] 1 --- [ost-startStop-1] o.s.web.context.ContextLoader            : Root WebApplicationContext: initialization completed in 125069 ms
2022-05-09T06:57:46.27686594Z stdout F 2022-05-09 14:57:46.274  INFO [ts-admin-order-service,,,] 1 --- [ost-startStop-1] o.s.b.w.servlet.FilterRegistrationBean   : Mapping filter: 'metricsFilter' to: [/*]
2022-05-09T06:57:46.27707952Z stdout F 2022-05-09 14:57:46.275  INFO [ts-admin-order-service,,,] 1 --- [ost-startStop-1] o.s.b.w.servlet.FilterRegistrationBean   : Mapping filter: 'characterEncodingFilter' to: [/*]
2022-05-09T06:57:46.277105484Z stdout F 2022-05-09 14:57:46.276  INFO [ts-admin-order-service,,,] 1 --- [ost-startStop-1] o.s.b.w.servlet.FilterRegistrationBean   : Mapping filter: 'traceFilter' to: [/*]
2022-05-09T06:57:46.277112582Z stdout F 2022-05-09 14:57:46.276  INFO [ts-admin-order-service,,,] 1 --- [ost-startStop-1] o.s.b.w.servlet.FilterRegistrationBean   : Mapping filter: 'hiddenHttpMethodFilter' to: [/*]
2022-05-09T06:57:46.37073494Z stdout F 2022-05-09 14:57:46.276  INFO [ts-admin-order-service,,,] 1 --- [ost-startStop-1] o.s.b.w.servlet.FilterRegistrationBean   : Mapping filter: 'httpPutFormContentFilter' to: [/*]
2022-05-09T06:57:46.370839601Z stdout F 2022-05-09 14:57:46.363  INFO [ts-admin-order-service,,,] 1 --- [ost-startStop-1] o.s.b.w.servlet.FilterRegistrationBean   : Mapping filter: 'requestContextFilter' to: [/*]
2022-05-09T06:57:46.556366985Z stdout F 2022-05-09 14:57:46.552  INFO [ts-admin-order-service,,,] 1 --- [ost-startStop-1] .s.DelegatingFilterProxyRegistrationBean : Mapping filter: 'springSecurityFilterChain' to: [/*]
2022-05-09T06:57:46.55641007Z stdout F 2022-05-09 14:57:46.553  INFO [ts-admin-order-service,,,] 1 --- [ost-startStop-1] o.s.b.w.servlet.FilterRegistrationBean   : Mapping filter: 'webRequestLoggingFilter' to: [/*]
2022-05-09T06:57:46.807893561Z stdout F 2022-05-09 14:57:46.803  INFO [ts-admin-order-service,,,] 1 --- [ost-startStop-1] o.s.b.w.servlet.FilterRegistrationBean   : Mapping filter: 'applicationContextIdFilter' to: [/*]
2022-05-09T06:57:46.807956843Z stdout F 2022-05-09 14:57:46.804  INFO [ts-admin-order-service,,,] 1 --- [ost-startStop-1] o.s.b.w.servlet.ServletRegistrationBean  : Mapping servlet: 'dispatcherServlet' to [/]
2022-05-09T07:01:47.802377493Z stdout F 2022-05-09 15:01:47.790  INFO [ts-admin-order-service,,,] 1 --- [           main] s.w.s.m.m.a.RequestMappingHandlerMapping : Mapped "{[/api/v1/adminorderservice/welcome],methods=[GET]}" onto public java.lang.String adminorder.controller.AdminOrderController.home(org.springframework.http.HttpHeaders)
2022-05-09T07:01:47.809009569Z stdout F 2022-05-09 15:01:47.807  INFO [ts-admin-order-service,,,] 1 --- [           main] s.w.s.m.m.a.RequestMappingHandlerMapping : Mapped "{[/api/v1/adminorderservice/adminorder],methods=[GET]}" onto public org.springframework.http.HttpEntity adminorder.controller.AdminOrderController.getAllOrders(org.springframework.http.HttpHeaders)
2022-05-09T07:01:47.817721486Z stdout F 2022-05-09 15:01:47.816  INFO [ts-admin-order-service,,,] 1 --- [           main] s.w.s.m.m.a.RequestMappingHandlerMapping : Mapped "{[/api/v1/adminorderservice/adminorder],methods=[POST]}" onto public org.springframework.http.HttpEntity adminorder.controller.AdminOrderController.addOrder(adminorder.entity.Order,org.springframework.http.HttpHeaders)
2022-05-09T07:01:47.819315514Z stdout F 2022-05-09 15:01:47.818  INFO [ts-admin-order-service,,,] 1 --- [           main] s.w.s.m.m.a.RequestMappingHandlerMapping : Mapped "{[/api/v1/adminorderservice/adminorder],methods=[PUT]}" onto public org.springframework.http.HttpEntity adminorder.controller.AdminOrderController.updateOrder(adminorder.entity.Order,org.springframework.http.HttpHeaders)
2022-05-09T07:01:47.821707459Z stdout F 2022-05-09 15:01:47.819  INFO [ts-admin-order-service,,,] 1 --- [           main] s.w.s.m.m.a.RequestMappingHandlerMapping : Mapped "{[/api/v1/adminorderservice/adminorder/{orderId}/{trainNumber}],methods=[DELETE]}" onto public org.springframework.http.HttpEntity adminorder.controller.AdminOrderController.deleteOrder(java.lang.String,java.lang.String,org.springframework.http.HttpHeaders)
2022-05-09T07:01:47.832700122Z stdout F 2022-05-09 15:01:47.828  INFO [ts-admin-order-service,,,] 1 --- [           main] s.w.s.m.m.a.RequestMappingHandlerMapping : Mapped "{[/v2/api-docs],methods=[GET],produces=[application/json || application/hal+json]}" onto public org.springframework.http.ResponseEntity<springfox.documentation.spring.web.json.Json> springfox.documentation.swagger2.web.Swagger2Controller.getDocumentation(java.lang.String,javax.servlet.http.HttpServletRequest)
2022-05-09T07:01:48.000644889Z stdout F 2022-05-09 15:01:47.998  INFO [ts-admin-order-service,,,] 1 --- [           main] s.w.s.m.m.a.RequestMappingHandlerMapping : Mapped "{[/configuration/ui]}" onto org.springframework.http.ResponseEntity<springfox.documentation.swagger.web.UiConfiguration> springfox.documentation.swagger.web.ApiResourceController.uiConfiguration()
2022-05-09T07:01:48.054854413Z stdout F 2022-05-09 15:01:48.053  INFO [ts-admin-order-service,,,] 1 --- [           main] s.w.s.m.m.a.RequestMappingHandlerMapping : Mapped "{[/configuration/security]}" onto org.springframework.http.ResponseEntity<springfox.documentation.swagger.web.SecurityConfiguration> springfox.documentation.swagger.web.ApiResourceController.securityConfiguration()
2022-05-09T07:01:48.117595595Z stdout F 2022-05-09 15:01:48.114  INFO [ts-admin-order-service,,,] 1 --- [           main] s.w.s.m.m.a.RequestMappingHandlerMapping : Mapped "{[/swagger-resources]}" onto org.springframework.http.ResponseEntity<java.util.List<springfox.documentation.swagger.web.SwaggerResource>> springfox.documentation.swagger.web.ApiResourceController.swaggerResources()
2022-05-09T07:01:48.227213981Z stdout F 2022-05-09 15:01:48.223  INFO [ts-admin-order-service,,,] 1 --- [           main] s.w.s.m.m.a.RequestMappingHandlerMapping : Mapped "{[/error]}" onto public org.springframework.http.ResponseEntity<java.util.Map<java.lang.String, java.lang.Object>> org.springframework.boot.autoconfigure.web.BasicErrorController.error(javax.servlet.http.HttpServletRequest)
2022-05-09T07:01:48.237586541Z stdout F 2022-05-09 15:01:48.236  INFO [ts-admin-order-service,,,] 1 --- [           main] s.w.s.m.m.a.RequestMappingHandlerMapping : Mapped "{[/error],produces=[text/html]}" onto public org.springframework.web.servlet.ModelAndView org.springframework.boot.autoconfigure.web.BasicErrorController.errorHtml(javax.servlet.http.HttpServletRequest,javax.servlet.http.HttpServletResponse)
2022-05-09T07:04:41.867902185Z stdout F 2022-05-09 15:04:41.820  INFO [ts-admin-order-service,,,] 1 --- [           main] o.s.b.a.e.mvc.EndpointHandlerMapping     : Mapped "{[/info || /info.json],methods=[GET],produces=[application/vnd.spring-boot.actuator.v1+json || application/json]}" onto public java.lang.Object org.springframework.boot.actuate.endpoint.mvc.EndpointMvcAdapter.invoke()
2022-05-09T07:04:41.880735745Z stdout F 2022-05-09 15:04:41.878  INFO [ts-admin-order-service,,,] 1 --- [           main] o.s.b.a.e.mvc.EndpointHandlerMapping     : Mapped "{[/mappings || /mappings.json],methods=[GET],produces=[application/vnd.spring-boot.actuator.v1+json || application/json]}" onto public java.lang.Object org.springframework.boot.actuate.endpoint.mvc.EndpointMvcAdapter.invoke()
2022-05-09T07:04:41.923688797Z stdout F 2022-05-09 15:04:41.880  INFO [ts-admin-order-service,,,] 1 --- [           main] o.s.b.a.e.mvc.EndpointHandlerMapping     : Mapped "{[/features || /features.json],methods=[GET],produces=[application/vnd.spring-boot.actuator.v1+json || application/json]}" onto public java.lang.Object org.springframework.boot.actuate.endpoint.mvc.EndpointMvcAdapter.invoke()
2022-05-09T07:04:42.085249816Z stdout F 2022-05-09 15:04:42.084  INFO [ts-admin-order-service,,,] 1 --- [           main] o.s.b.a.e.mvc.EndpointHandlerMapping     : Mapped "{[/metrics/{name:.*}],methods=[GET],produces=[application/vnd.spring-boot.actuator.v1+json || application/json]}" onto public java.lang.Object org.springframework.boot.actuate.endpoint.mvc.MetricsMvcEndpoint.value(java.lang.String)
2022-05-09T07:04:42.114152384Z stdout F 2022-05-09 15:04:42.088  INFO [ts-admin-order-service,,,] 1 --- [           main] o.s.b.a.e.mvc.EndpointHandlerMapping     : Mapped "{[/metrics || /metrics.json],methods=[GET],produces=[application/vnd.spring-boot.actuator.v1+json || application/json]}" onto public java.lang.Object org.springframework.boot.actuate.endpoint.mvc.EndpointMvcAdapter.invoke()
2022-05-09T07:04:42.129664037Z stdout F 2022-05-09 15:04:42.127  INFO [ts-admin-order-service,,,] 1 --- [           main] o.s.b.a.e.mvc.EndpointHandlerMapping     : Mapped "{[/trace || /trace.json],methods=[GET],produces=[application/vnd.spring-boot.actuator.v1+json || application/json]}" onto public java.lang.Object org.springframework.boot.actuate.endpoint.mvc.EndpointMvcAdapter.invoke()
2022-05-09T07:04:42.19191494Z stdout F 2022-05-09 15:04:42.191  INFO [ts-admin-order-service,,,] 1 --- [           main] o.s.b.a.e.mvc.EndpointHandlerMapping     : Mapped "{[/loggers/{name:.*}],methods=[GET],produces=[application/vnd.spring-boot.actuator.v1+json || application/json]}" onto public java.lang.Object org.springframework.boot.actuate.endpoint.mvc.LoggersMvcEndpoint.get(java.lang.String)
2022-05-09T07:04:42.248016136Z stdout F 2022-05-09 15:04:42.244  INFO [ts-admin-order-service,,,] 1 --- [           main] o.s.b.a.e.mvc.EndpointHandlerMapping     : Mapped "{[/loggers/{name:.*}],methods=[POST],consumes=[application/vnd.spring-boot.actuator.v1+json || application/json],produces=[application/vnd.spring-boot.actuator.v1+json || application/json]}" onto public java.lang.Object org.springframework.boot.actuate.endpoint.mvc.LoggersMvcEndpoint.set(java.lang.String,java.util.Map<java.lang.String, java.lang.String>)
2022-05-09T07:04:42.310615388Z stdout F 2022-05-09 15:04:42.248  INFO [ts-admin-order-service,,,] 1 --- [           main] o.s.b.a.e.mvc.EndpointHandlerMapping     : Mapped "{[/loggers || /loggers.json],methods=[GET],produces=[application/vnd.spring-boot.actuator.v1+json || application/json]}" onto public java.lang.Object org.springframework.boot.actuate.endpoint.mvc.EndpointMvcAdapter.invoke()
2022-05-09T07:04:42.314308783Z stdout F 2022-05-09 15:04:42.313  INFO [ts-admin-order-service,,,] 1 --- [           main] o.s.b.a.e.mvc.EndpointHandlerMapping     : Mapped "{[/beans || /beans.json],methods=[GET],produces=[application/vnd.spring-boot.actuator.v1+json || application/json]}" onto public java.lang.Object org.springframework.boot.actuate.endpoint.mvc.EndpointMvcAdapter.invoke()
2022-05-09T07:04:42.454064295Z stdout F 2022-05-09 15:04:42.449  INFO [ts-admin-order-service,,,] 1 --- [           main] o.s.b.a.e.mvc.EndpointHandlerMapping     : Mapped "{[/env],methods=[POST]}" onto public java.lang.Object org.springframework.cloud.context.environment.EnvironmentManagerMvcEndpoint.value(java.util.Map<java.lang.String, java.lang.String>)
2022-05-09T07:04:42.454109864Z stdout F 2022-05-09 15:04:42.450  INFO [ts-admin-order-service,,,] 1 --- [           main] o.s.b.a.e.mvc.EndpointHandlerMapping     : Mapped "{[/env/reset],methods=[POST]}" onto public java.util.Map<java.lang.String, java.lang.Object> org.springframework.cloud.context.environment.EnvironmentManagerMvcEndpoint.reset()
2022-05-09T07:04:42.510149373Z stdout F 2022-05-09 15:04:42.508  INFO [ts-admin-order-service,,,] 1 --- [           main] o.s.b.a.e.mvc.EndpointHandlerMapping     : Mapped "{[/dump || /dump.json],methods=[GET],produces=[application/vnd.spring-boot.actuator.v1+json || application/json]}" onto public java.lang.Object org.springframework.boot.actuate.endpoint.mvc.EndpointMvcAdapter.invoke()
2022-05-09T07:04:42.53745155Z stdout F 2022-05-09 15:04:42.535  INFO [ts-admin-order-service,,,] 1 --- [           main] o.s.b.a.e.mvc.EndpointHandlerMapping     : Mapped "{[/refresh || /refresh.json],methods=[POST]}" onto public java.lang.Object org.springframework.cloud.endpoint.GenericPostableMvcEndpoint.invoke()
2022-05-09T07:04:42.537496066Z stdout F 2022-05-09 15:04:42.535  INFO [ts-admin-order-service,,,] 1 --- [           main] o.s.b.a.e.mvc.EndpointHandlerMapping     : Mapped "{[/autoconfig || /autoconfig.json],methods=[GET],produces=[application/vnd.spring-boot.actuator.v1+json || application/json]}" onto public java.lang.Object org.springframework.boot.actuate.endpoint.mvc.EndpointMvcAdapter.invoke()
2022-05-09T07:04:42.537505069Z stdout F 2022-05-09 15:04:42.536  INFO [ts-admin-order-service,,,] 1 --- [           main] o.s.b.a.e.mvc.EndpointHandlerMapping     : Mapped "{[/configprops || /configprops.json],methods=[GET],produces=[application/vnd.spring-boot.actuator.v1+json || application/json]}" onto public java.lang.Object org.springframework.boot.actuate.endpoint.mvc.EndpointMvcAdapter.invoke()
2022-05-09T07:04:42.633630934Z stdout F 2022-05-09 15:04:42.629  INFO [ts-admin-order-service,,,] 1 --- [           main] o.s.b.a.e.mvc.EndpointHandlerMapping     : Mapped "{[/env/{name:.*}],methods=[GET],produces=[application/vnd.spring-boot.actuator.v1+json || application/json]}" onto public java.lang.Object org.springframework.boot.actuate.endpoint.mvc.EnvironmentMvcEndpoint.value(java.lang.String)
2022-05-09T07:04:42.786596584Z stdout F 2022-05-09 15:04:42.690  INFO [ts-admin-order-service,,,] 1 --- [           main] o.s.b.a.e.mvc.EndpointHandlerMapping     : Mapped "{[/env || /env.json],methods=[GET],produces=[application/vnd.spring-boot.actuator.v1+json || application/json]}" onto public java.lang.Object org.springframework.boot.actuate.endpoint.mvc.EndpointMvcAdapter.invoke()
2022-05-09T07:04:42.845674263Z stdout F 2022-05-09 15:04:42.845  INFO [ts-admin-order-service,,,] 1 --- [           main] o.s.b.a.e.mvc.EndpointHandlerMapping     : Mapped "{[/auditevents || /auditevents.json],methods=[GET],produces=[application/vnd.spring-boot.actuator.v1+json || application/json]}" onto public org.springframework.http.ResponseEntity<?> org.springframework.boot.actuate.endpoint.mvc.AuditEventsMvcEndpoint.findByPrincipalAndAfterAndType(java.lang.String,java.util.Date,java.lang.String)
2022-05-09T07:04:42.963088088Z stdout F 2022-05-09 15:04:42.961  INFO [ts-admin-order-service,,,] 1 --- [           main] o.s.b.a.e.mvc.EndpointHandlerMapping     : Mapped "{[/health || /health.json],methods=[GET],produces=[application/vnd.spring-boot.actuator.v1+json || application/json]}" onto public java.lang.Object org.springframework.boot.actuate.endpoint.mvc.HealthMvcEndpoint.invoke(javax.servlet.http.HttpServletRequest,java.security.Principal)
2022-05-09T07:04:43.001558869Z stdout F 2022-05-09 15:04:42.999  INFO [ts-admin-order-service,,,] 1 --- [           main] o.s.b.a.e.mvc.EndpointHandlerMapping     : Mapped "{[/heapdump || /heapdump.json],methods=[GET],produces=[application/octet-stream]}" onto public void org.springframework.boot.actuate.endpoint.mvc.HeapdumpMvcEndpoint.invoke(boolean,javax.servlet.http.HttpServletRequest,javax.servlet.http.HttpServletResponse) throws java.io.IOException,javax.servlet.ServletException
2022-05-09T07:05:31.187302921Z stdout F 2022-05-09 15:05:31.183  INFO [ts-admin-order-service,,,] 1 --- [           main] b.a.s.AuthenticationManagerConfiguration : 
2022-05-09T07:05:31.187518521Z stdout F 
2022-05-09T07:05:31.187638985Z stdout F Using default security password: 2e58a0e3-65ae-468f-9480-9fdb308fde18
2022-05-09T07:05:31.187662457Z stdout F 
2022-05-09T07:05:49.775448176Z stdout F 2022-05-09 15:05:49.774  INFO [ts-admin-order-service,,,] 1 --- [           main] o.s.s.web.DefaultSecurityFilterChain     : Creating filter chain: org.springframework.security.web.util.matcher.AnyRequestMatcher@1, [org.springframework.security.web.context.request.async.WebAsyncManagerIntegrationFilter@522b2631, org.springframework.security.web.context.SecurityContextPersistenceFilter@61e45f87, org.springframework.security.web.header.HeaderWriterFilter@534ca02b, org.springframework.security.web.authentication.logout.LogoutFilter@5bb8f9e2, edu.fudan.common.security.jwt.JWTFilter@3ff57625, org.springframework.security.web.savedrequest.RequestCacheAwareFilter@3b0ca5e1, org.springframework.security.web.servletapi.SecurityContextHolderAwareRequestFilter@74fef3f7, org.springframework.security.web.authentication.AnonymousAuthenticationFilter@1ee29c84, org.springframework.security.web.session.SessionManagementFilter@4b6ac111, org.springframework.security.web.access.ExceptionTranslationFilter@7ed9ae94, org.springframework.security.web.access.intercept.FilterSecurityInterceptor@585c13de]
2022-05-09T07:05:59.421848349Z stdout F 2022-05-09 15:05:59.420  INFO [ts-admin-order-service,,,] 1 --- [           main] o.s.w.s.handler.SimpleUrlHandlerMapping  : Mapped URL path [/webjars/**] onto handler of type [class org.springframework.web.servlet.resource.ResourceHttpRequestHandler]
2022-05-09T07:05:59.421882793Z stdout F 2022-05-09 15:05:59.420  INFO [ts-admin-order-service,,,] 1 --- [           main] o.s.w.s.handler.SimpleUrlHandlerMapping  : Mapped URL path [/**] onto handler of type [class org.springframework.web.servlet.resource.ResourceHttpRequestHandler]
2022-05-09T07:06:04.035381614Z stdout F 2022-05-09 15:06:03.976  INFO [ts-admin-order-service,,,] 1 --- [           main] o.s.w.s.handler.SimpleUrlHandlerMapping  : Mapped URL path [/**/favicon.ico] onto handler of type [class org.springframework.web.servlet.resource.ResourceHttpRequestHandler]
2022-05-09T07:06:06.415598364Z stdout F 2022-05-09 15:06:06.415  INFO [ts-admin-order-service,,,] 1 --- [           main] o.s.s.web.DefaultSecurityFilterChain     : Creating filter chain: org.springframework.boot.actuate.autoconfigure.ManagementWebSecurityAutoConfiguration$LazyEndpointPathRequestMatcher@693e4d19, [org.springframework.security.web.context.request.async.WebAsyncManagerIntegrationFilter@286b39c2, org.springframework.security.web.context.SecurityContextPersistenceFilter@45f24169, org.springframework.security.web.header.HeaderWriterFilter@732bb66d, org.springframework.web.filter.CorsFilter@5432050b, org.springframework.security.web.authentication.logout.LogoutFilter@43b0ade, org.springframework.security.web.authentication.www.BasicAuthenticationFilter@312afbc7, org.springframework.security.web.savedrequest.RequestCacheAwareFilter@6ad5923a, org.springframework.security.web.servletapi.SecurityContextHolderAwareRequestFilter@4463d9d3, org.springframework.security.web.authentication.AnonymousAuthenticationFilter@75f2099, org.springframework.security.web.session.SessionManagementFilter@720653c2, org.springframework.security.web.access.ExceptionTranslationFilter@61533ae, org.springframework.security.web.access.intercept.FilterSecurityInterceptor@a0a9fa5]
2022-05-09T07:06:18.840226212Z stdout F 2022-05-09 15:06:18.688  INFO [ts-admin-order-service,,,] 1 --- [           main] s.w.s.m.m.a.RequestMappingHandlerAdapter : Looking for @ControllerAdvice: org.springframework.boot.context.embedded.AnnotationConfigEmbeddedWebApplicationContext@724af044: startup date [Mon May 09 14:54:23 CST 2022]; parent: org.springframework.context.annotation.AnnotationConfigApplicationContext@48533e64
2022-05-09T07:07:35.253418309Z stdout F 2022-05-09 15:07:35.165  INFO [ts-admin-order-service,,,] 1 --- [           main] o.s.s.c.ThreadPoolTaskScheduler          : Initializing ExecutorService  'taskScheduler'
2022-05-09T07:09:02.814615893Z stdout F 2022-05-09 15:09:02.795  INFO [ts-admin-order-service,,,] 1 --- [           main] o.s.s.c.ThreadPoolTaskScheduler          : Initializing ExecutorService 
2022-05-09T07:09:32.417762017Z stdout F 2022-05-09 15:09:32.415  INFO [ts-admin-order-service,,,] 1 --- [           main] o.s.j.e.a.AnnotationMBeanExporter        : Registering beans for JMX exposure on startup
2022-05-09T07:09:32.933079761Z stdout F 2022-05-09 15:09:32.932  INFO [ts-admin-order-service,,,] 1 --- [           main] o.s.j.e.a.AnnotationMBeanExporter        : Bean with name 'configurationPropertiesRebinder' has been autodetected for JMX exposure
2022-05-09T07:09:33.024631396Z stdout F 2022-05-09 15:09:33.023  INFO [ts-admin-order-service,,,] 1 --- [           main] o.s.j.e.a.AnnotationMBeanExporter        : Bean with name 'refreshEndpoint' has been autodetected for JMX exposure
2022-05-09T07:09:33.02586634Z stdout F 2022-05-09 15:09:33.025  INFO [ts-admin-order-service,,,] 1 --- [           main] o.s.j.e.a.AnnotationMBeanExporter        : Bean with name 'environmentManager' has been autodetected for JMX exposure
2022-05-09T07:09:33.146299408Z stdout F 2022-05-09 15:09:33.145  INFO [ts-admin-order-service,,,] 1 --- [           main] o.s.j.e.a.AnnotationMBeanExporter        : Bean with name 'refreshScope' has been autodetected for JMX exposure
2022-05-09T07:09:33.28893404Z stdout F 2022-05-09 15:09:33.288  INFO [ts-admin-order-service,,,] 1 --- [           main] o.s.j.e.a.AnnotationMBeanExporter        : Located managed bean 'environmentManager': registering with JMX server as MBean [org.springframework.cloud.context.environment:name=environmentManager,type=EnvironmentManager]
2022-05-09T07:09:35.463181588Z stdout F 2022-05-09 15:09:35.462  INFO [ts-admin-order-service,,,] 1 --- [           main] o.s.j.e.a.AnnotationMBeanExporter        : Located managed bean 'refreshScope': registering with JMX server as MBean [org.springframework.cloud.context.scope.refresh:name=refreshScope,type=RefreshScope]
2022-05-09T07:09:36.0638139Z stdout F 2022-05-09 15:09:36.063  INFO [ts-admin-order-service,,,] 1 --- [           main] o.s.j.e.a.AnnotationMBeanExporter        : Located managed bean 'configurationPropertiesRebinder': registering with JMX server as MBean [org.springframework.cloud.context.properties:name=configurationPropertiesRebinder,context=724af044,type=ConfigurationPropertiesRebinder]
2022-05-09T07:09:36.540765586Z stdout F 2022-05-09 15:09:36.539  INFO [ts-admin-order-service,,,] 1 --- [           main] o.s.j.e.a.AnnotationMBeanExporter        : Located managed bean 'refreshEndpoint': registering with JMX server as MBean [org.springframework.cloud.endpoint:name=refreshEndpoint,type=RefreshEndpoint]
2022-05-09T07:10:28.289266907Z stdout F 2022-05-09 15:10:28.288  INFO [ts-admin-order-service,,,] 1 --- [           main] o.s.c.support.DefaultLifecycleProcessor  : Starting beans in phase 0
2022-05-09T07:10:33.59432831Z stdout F 2022-05-09 15:10:33.593  INFO [ts-admin-order-service,,,] 1 --- [           main] o.s.i.endpoint.EventDrivenConsumer       : Adding {logging-channel-adapter:_org.springframework.integration.errorLogger} as a subscriber to the 'errorChannel' channel
2022-05-09T07:10:33.606741467Z stdout F 2022-05-09 15:10:33.605  INFO [ts-admin-order-service,,,] 1 --- [           main] o.s.i.channel.PublishSubscribeChannel    : Channel 'ts-admin-order-service:16112.errorChannel' has 1 subscriber(s).
2022-05-09T07:10:33.64739634Z stdout F 2022-05-09 15:10:33.606  INFO [ts-admin-order-service,,,] 1 --- [           main] o.s.i.endpoint.EventDrivenConsumer       : started _org.springframework.integration.errorLogger
2022-05-09T07:10:35.666968198Z stdout F 2022-05-09 15:10:35.666  INFO [ts-admin-order-service,,,] 1 --- [           main] d.s.w.p.DocumentationPluginsBootstrapper : Context refreshed
2022-05-09T07:10:38.17578786Z stdout F 2022-05-09 15:10:38.040  INFO [ts-admin-order-service,,,] 1 --- [           main] d.s.w.p.DocumentationPluginsBootstrapper : Found 1 custom documentation plugin(s)
2022-05-09T07:10:38.921178088Z stdout F 2022-05-09 15:10:38.920  INFO [ts-admin-order-service,,,] 1 --- [           main] s.d.s.w.s.ApiListingReferenceScanner     : Scanning for api listing references
2022-05-09T07:10:54.589397242Z stdout F 2022-05-09 15:10:54.588  INFO [ts-admin-order-service,,,] 1 --- [           main] .d.s.w.r.o.CachingOperationNameGenerator : Generating unique operation named: findByPrincipalAndAfterAndTypeUsingGET_1
2022-05-09T07:10:58.45870677Z stdout F 2022-05-09 15:10:58.457  INFO [ts-admin-order-service,,,] 1 --- [           main] .d.s.w.r.o.CachingOperationNameGenerator : Generating unique operation named: invokeUsingGET_1
2022-05-09T07:10:58.464261272Z stdout F 2022-05-09 15:10:58.463  INFO [ts-admin-order-service,,,] 1 --- [           main] .d.s.w.r.o.CachingOperationNameGenerator : Generating unique operation named: invokeUsingGET_2
2022-05-09T07:10:58.469143729Z stdout F 2022-05-09 15:10:58.468  INFO [ts-admin-order-service,,,] 1 --- [           main] .d.s.w.r.o.CachingOperationNameGenerator : Generating unique operation named: invokeUsingGET_3
2022-05-09T07:10:58.475716556Z stdout F 2022-05-09 15:10:58.474  INFO [ts-admin-order-service,,,] 1 --- [           main] .d.s.w.r.o.CachingOperationNameGenerator : Generating unique operation named: invokeUsingGET_4
2022-05-09T07:10:58.482094177Z stdout F 2022-05-09 15:10:58.481  INFO [ts-admin-order-service,,,] 1 --- [           main] .d.s.w.r.o.CachingOperationNameGenerator : Generating unique operation named: invokeUsingGET_5
2022-05-09T07:10:58.497244629Z stdout F 2022-05-09 15:10:58.496  INFO [ts-admin-order-service,,,] 1 --- [           main] .d.s.w.r.o.CachingOperationNameGenerator : Generating unique operation named: invokeUsingGET_6
2022-05-09T07:10:58.50133409Z stdout F 2022-05-09 15:10:58.499  INFO [ts-admin-order-service,,,] 1 --- [           main] .d.s.w.r.o.CachingOperationNameGenerator : Generating unique operation named: invokeUsingGET_7
2022-05-09T07:10:58.50423871Z stdout F 2022-05-09 15:10:58.503  INFO [ts-admin-order-service,,,] 1 --- [           main] .d.s.w.r.o.CachingOperationNameGenerator : Generating unique operation named: invokeUsingGET_8
2022-05-09T07:10:58.507565068Z stdout F 2022-05-09 15:10:58.506  INFO [ts-admin-order-service,,,] 1 --- [           main] .d.s.w.r.o.CachingOperationNameGenerator : Generating unique operation named: invokeUsingGET_9
2022-05-09T07:10:58.519106774Z stdout F 2022-05-09 15:10:58.518  INFO [ts-admin-order-service,,,] 1 --- [           main] .d.s.w.r.o.CachingOperationNameGenerator : Generating unique operation named: invokeUsingGET_10
2022-05-09T07:10:58.529566602Z stdout F 2022-05-09 15:10:58.521  INFO [ts-admin-order-service,,,] 1 --- [           main] .d.s.w.r.o.CachingOperationNameGenerator : Generating unique operation named: invokeUsingGET_11
2022-05-09T07:10:58.700203408Z stdout F 2022-05-09 15:10:58.578  INFO [ts-admin-order-service,,,] 1 --- [           main] .d.s.w.r.o.CachingOperationNameGenerator : Generating unique operation named: invokeUsingGET_12
2022-05-09T07:10:58.701382346Z stdout F 2022-05-09 15:10:58.700  INFO [ts-admin-order-service,,,] 1 --- [           main] .d.s.w.r.o.CachingOperationNameGenerator : Generating unique operation named: invokeUsingGET_13
2022-05-09T07:10:58.859638583Z stdout F 2022-05-09 15:10:58.845  INFO [ts-admin-order-service,,,] 1 --- [           main] .d.s.w.r.o.CachingOperationNameGenerator : Generating unique operation named: invokeUsingGET_14
2022-05-09T07:10:58.921897232Z stdout F 2022-05-09 15:10:58.902  INFO [ts-admin-order-service,,,] 1 --- [           main] .d.s.w.r.o.CachingOperationNameGenerator : Generating unique operation named: invokeUsingGET_15
2022-05-09T07:10:59.309903533Z stdout F 2022-05-09 15:10:59.264  INFO [ts-admin-order-service,,,] 1 --- [           main] .d.s.w.r.o.CachingOperationNameGenerator : Generating unique operation named: invokeUsingGET_16
2022-05-09T07:10:59.325266054Z stdout F 2022-05-09 15:10:59.324  INFO [ts-admin-order-service,,,] 1 --- [           main] .d.s.w.r.o.CachingOperationNameGenerator : Generating unique operation named: invokeUsingGET_17
2022-05-09T07:10:59.548160811Z stdout F 2022-05-09 15:10:59.547  INFO [ts-admin-order-service,,,] 1 --- [           main] .d.s.w.r.o.CachingOperationNameGenerator : Generating unique operation named: invokeUsingPOST_1
2022-05-09T07:11:00.311844787Z stdout F 2022-05-09 15:11:00.310  INFO [ts-admin-order-service,,,] 1 --- [           main] .d.s.w.r.o.CachingOperationNameGenerator : Generating unique operation named: invokeUsingGET_18
2022-05-09T07:11:00.807075701Z stdout F 2022-05-09 15:11:00.801  INFO [ts-admin-order-service,,,] 1 --- [           main] .d.s.w.r.o.CachingOperationNameGenerator : Generating unique operation named: invokeUsingGET_19
2022-05-09T07:11:01.474327691Z stdout F 2022-05-09 15:11:01.473  INFO [ts-admin-order-service,,,] 1 --- [           main] .d.s.w.r.o.CachingOperationNameGenerator : Generating unique operation named: invokeUsingGET_20
2022-05-09T07:11:01.757677211Z stdout F 2022-05-09 15:11:01.715  INFO [ts-admin-order-service,,,] 1 --- [           main] .d.s.w.r.o.CachingOperationNameGenerator : Generating unique operation named: invokeUsingGET_21
2022-05-09T07:11:02.64822196Z stdout F 2022-05-09 15:11:02.647  INFO [ts-admin-order-service,,,] 1 --- [           main] .d.s.w.r.o.CachingOperationNameGenerator : Generating unique operation named: invokeUsingGET_22
2022-05-09T07:11:02.925159075Z stdout F 2022-05-09 15:11:02.924  INFO [ts-admin-order-service,,,] 1 --- [           main] .d.s.w.r.o.CachingOperationNameGenerator : Generating unique operation named: invokeUsingGET_23
2022-05-09T07:11:03.209418061Z stdout F 2022-05-09 15:11:03.208  INFO [ts-admin-order-service,,,] 1 --- [           main] .d.s.w.r.o.CachingOperationNameGenerator : Generating unique operation named: invokeUsingGET_24
2022-05-09T07:11:03.259465253Z stdout F 2022-05-09 15:11:03.258  INFO [ts-admin-order-service,,,] 1 --- [           main] .d.s.w.r.o.CachingOperationNameGenerator : Generating unique operation named: invokeUsingGET_25
2022-05-09T07:11:03.529805601Z stdout F 2022-05-09 15:11:03.526  INFO [ts-admin-order-service,,,] 1 --- [           main] .d.s.w.r.o.CachingOperationNameGenerator : Generating unique operation named: valueUsingGET_1
2022-05-09T07:11:06.667814751Z stdout F 2022-05-09 15:11:06.667  INFO [ts-admin-order-service,,,] 1 --- [           main] s.b.c.e.t.TomcatEmbeddedServletContainer : Tomcat started on port(s): 16112 (http)
2022-05-09T07:11:08.047848955Z stdout F 2022-05-09 15:11:08.046  INFO [ts-admin-order-service,,,] 1 --- [           main] adminorder.AdminOrderApplication         : Started AdminOrderApplication in 1066.963 seconds (JVM running for 1076.416)
