2022-06-13T02:22:35.161225021Z stdout F 2022-06-13T02:22:35.160930Z	info	Istio iptables environment:
2022-06-13T02:22:35.161273344Z stdout F ENVOY_PORT=
2022-06-13T02:22:35.161281935Z stdout F INBOUND_CAPTURE_PORT=
2022-06-13T02:22:35.161288156Z stdout F ISTIO_INBOUND_INTERCEPTION_MODE=
2022-06-13T02:22:35.161294321Z stdout F ISTIO_INBOUND_TPROXY_ROUTE_TABLE=
2022-06-13T02:22:35.161298863Z stdout F ISTIO_INBOUND_PORTS=
2022-06-13T02:22:35.161303085Z stdout F ISTIO_OUTBOUND_PORTS=
2022-06-13T02:22:35.161307349Z stdout F ISTIO_LOCAL_EXCLUDE_PORTS=
2022-06-13T02:22:35.161311891Z stdout F ISTIO_EXCLUDE_INTERFACES=
2022-06-13T02:22:35.161316295Z stdout F ISTIO_SERVICE_CIDR=
2022-06-13T02:22:35.161320713Z stdout F ISTIO_SERVICE_EXCLUDE_CIDR=
2022-06-13T02:22:35.161324774Z stdout F ISTIO_META_DNS_CAPTURE=
2022-06-13T02:22:35.161329129Z stdout F INVALID_DROP=
2022-06-13T02:22:35.161333306Z stdout F 
2022-06-13T02:22:35.161337367Z stdout F 2022-06-13T02:22:35.161041Z	info	Istio iptables variables:
2022-06-13T02:22:35.161341473Z stdout F PROXY_PORT=15001
2022-06-13T02:22:35.161345812Z stdout F PROXY_INBOUND_CAPTURE_PORT=15006
2022-06-13T02:22:35.161349936Z stdout F PROXY_TUNNEL_PORT=15008
2022-06-13T02:22:35.161354027Z stdout F PROXY_UID=1337
2022-06-13T02:22:35.1613582Z stdout F PROXY_GID=1337
2022-06-13T02:22:35.161362449Z stdout F INBOUND_INTERCEPTION_MODE=REDIRECT
2022-06-13T02:22:35.161366433Z stdout F INBOUND_TPROXY_MARK=1337
2022-06-13T02:22:35.161370533Z stdout F INBOUND_TPROXY_ROUTE_TABLE=133
2022-06-13T02:22:35.161374418Z stdout F INBOUND_PORTS_INCLUDE=*
2022-06-13T02:22:35.161378569Z stdout F INBOUND_PORTS_EXCLUDE=15090,15021,15020
2022-06-13T02:22:35.161382703Z stdout F OUTBOUND_IP_RANGES_INCLUDE=*
2022-06-13T02:22:35.161386725Z stdout F OUTBOUND_IP_RANGES_EXCLUDE=
2022-06-13T02:22:35.161390732Z stdout F OUTBOUND_PORTS_INCLUDE=
2022-06-13T02:22:35.161394847Z stdout F OUTBOUND_PORTS_EXCLUDE=
2022-06-13T02:22:35.16139894Z stdout F KUBE_VIRT_INTERFACES=
2022-06-13T02:22:35.161403117Z stdout F ENABLE_INBOUND_IPV6=false
2022-06-13T02:22:35.161407095Z stdout F DNS_CAPTURE=false
2022-06-13T02:22:35.161411252Z stdout F DROP_INVALID=false
2022-06-13T02:22:35.161415234Z stdout F CAPTURE_ALL_DNS=false
2022-06-13T02:22:35.161419285Z stdout F DNS_SERVERS=[],[]
2022-06-13T02:22:35.161423266Z stdout F OUTPUT_PATH=
2022-06-13T02:22:35.16142725Z stdout F NETWORK_NAMESPACE=
2022-06-13T02:22:35.161431647Z stdout F CNI_MODE=false
2022-06-13T02:22:35.161435752Z stdout F EXCLUDE_INTERFACES=
2022-06-13T02:22:35.161439572Z stdout F 
2022-06-13T02:22:35.162259919Z stdout F 2022-06-13T02:22:35.161436Z	info	Writing following contents to rules file: /tmp/iptables-rules-1655086955161081836.txt1182130424
2022-06-13T02:22:35.162287565Z stdout F * nat
2022-06-13T02:22:35.16229769Z stdout F -N ISTIO_INBOUND
2022-06-13T02:22:35.162303595Z stdout F -N ISTIO_REDIRECT
2022-06-13T02:22:35.162307712Z stdout F -N ISTIO_IN_REDIRECT
2022-06-13T02:22:35.162312311Z stdout F -N ISTIO_OUTPUT
2022-06-13T02:22:35.162316916Z stdout F -A ISTIO_INBOUND -p tcp --dport 15008 -j RETURN
2022-06-13T02:22:35.16232173Z stdout F -A ISTIO_REDIRECT -p tcp -j REDIRECT --to-ports 15001
2022-06-13T02:22:35.162326306Z stdout F -A ISTIO_IN_REDIRECT -p tcp -j REDIRECT --to-ports 15006
2022-06-13T02:22:35.162330726Z stdout F -A PREROUTING -p tcp -j ISTIO_INBOUND
2022-06-13T02:22:35.162344499Z stdout F -A ISTIO_INBOUND -p tcp --dport 15090 -j RETURN
2022-06-13T02:22:35.162353161Z stdout F -A ISTIO_INBOUND -p tcp --dport 15021 -j RETURN
2022-06-13T02:22:35.162358007Z stdout F -A ISTIO_INBOUND -p tcp --dport 15020 -j RETURN
2022-06-13T02:22:35.162362244Z stdout F -A ISTIO_INBOUND -p tcp -j ISTIO_IN_REDIRECT
2022-06-13T02:22:35.162366387Z stdout F -A OUTPUT -p tcp -j ISTIO_OUTPUT
2022-06-13T02:22:35.162370539Z stdout F -A ISTIO_OUTPUT -o lo -s 127.0.0.6/32 -j RETURN
2022-06-13T02:22:35.162375461Z stdout F -A ISTIO_OUTPUT -o lo ! -d 127.0.0.1/32 -m owner --uid-owner 1337 -j ISTIO_IN_REDIRECT
2022-06-13T02:22:35.162379566Z stdout F -A ISTIO_OUTPUT -o lo -m owner ! --uid-owner 1337 -j RETURN
2022-06-13T02:22:35.162383899Z stdout F -A ISTIO_OUTPUT -m owner --uid-owner 1337 -j RETURN
2022-06-13T02:22:35.162396329Z stdout F -A ISTIO_OUTPUT -o lo ! -d 127.0.0.1/32 -m owner --gid-owner 1337 -j ISTIO_IN_REDIRECT
2022-06-13T02:22:35.162401431Z stdout F -A ISTIO_OUTPUT -o lo -m owner ! --gid-owner 1337 -j RETURN
2022-06-13T02:22:35.162405686Z stdout F -A ISTIO_OUTPUT -m owner --gid-owner 1337 -j RETURN
2022-06-13T02:22:35.162409939Z stdout F -A ISTIO_OUTPUT -d 127.0.0.1/32 -j RETURN
2022-06-13T02:22:35.162414337Z stdout F -A ISTIO_OUTPUT -j ISTIO_REDIRECT
2022-06-13T02:22:35.162422672Z stdout F COMMIT
2022-06-13T02:22:35.162436935Z stdout F 2022-06-13T02:22:35.161533Z	info	Running command: iptables-restore --noflush /tmp/iptables-rules-1655086955161081836.txt1182130424
2022-06-13T02:22:35.167237413Z stdout F 2022-06-13T02:22:35.167042Z	info	Writing following contents to rules file: /tmp/ip6tables-rules-1655086955166930202.txt597516188
2022-06-13T02:22:35.167255905Z stdout F 
2022-06-13T02:22:35.167260989Z stdout F 2022-06-13T02:22:35.167104Z	info	Running command: ip6tables-restore --noflush /tmp/ip6tables-rules-1655086955166930202.txt597516188
2022-06-13T02:22:35.170050264Z stdout F 2022-06-13T02:22:35.169534Z	info	Running command: iptables-save 
2022-06-13T02:22:35.173364659Z stdout F 2022-06-13T02:22:35.173140Z	info	Command output: 
2022-06-13T02:22:35.173392199Z stdout F # Generated by iptables-save v1.8.4 on Mon Jun 13 02:22:35 2022
2022-06-13T02:22:35.173400175Z stdout F *nat
2022-06-13T02:22:35.173446238Z stdout F :PREROUTING ACCEPT [0:0]
2022-06-13T02:22:35.173451462Z stdout F :INPUT ACCEPT [0:0]
2022-06-13T02:22:35.173457635Z stdout F :OUTPUT ACCEPT [0:0]
2022-06-13T02:22:35.173470199Z stdout F :POSTROUTING ACCEPT [0:0]
2022-06-13T02:22:35.173482312Z stdout F :ISTIO_INBOUND - [0:0]
2022-06-13T02:22:35.173488055Z stdout F :ISTIO_IN_REDIRECT - [0:0]
2022-06-13T02:22:35.173492365Z stdout F :ISTIO_OUTPUT - [0:0]
2022-06-13T02:22:35.173496325Z stdout F :ISTIO_REDIRECT - [0:0]
2022-06-13T02:22:35.173502954Z stdout F -A PREROUTING -p tcp -j ISTIO_INBOUND
2022-06-13T02:22:35.173512011Z stdout F -A OUTPUT -p tcp -j ISTIO_OUTPUT
2022-06-13T02:22:35.173517388Z stdout F -A ISTIO_INBOUND -p tcp -m tcp --dport 15008 -j RETURN
2022-06-13T02:22:35.173525708Z stdout F -A ISTIO_INBOUND -p tcp -m tcp --dport 15090 -j RETURN
2022-06-13T02:22:35.173533941Z stdout F -A ISTIO_INBOUND -p tcp -m tcp --dport 15021 -j RETURN
2022-06-13T02:22:35.17353833Z stdout F -A ISTIO_INBOUND -p tcp -m tcp --dport 15020 -j RETURN
2022-06-13T02:22:35.173542283Z stdout F -A ISTIO_INBOUND -p tcp -j ISTIO_IN_REDIRECT
2022-06-13T02:22:35.173559581Z stdout F -A ISTIO_IN_REDIRECT -p tcp -j REDIRECT --to-ports 15006
2022-06-13T02:22:35.173568199Z stdout F -A ISTIO_OUTPUT -s 127.0.0.6/32 -o lo -j RETURN
2022-06-13T02:22:35.173571523Z stdout F -A ISTIO_OUTPUT ! -d 127.0.0.1/32 -o lo -m owner --uid-owner 1337 -j ISTIO_IN_REDIRECT
2022-06-13T02:22:35.173573938Z stdout F -A ISTIO_OUTPUT -o lo -m owner ! --uid-owner 1337 -j RETURN
2022-06-13T02:22:35.173576372Z stdout F -A ISTIO_OUTPUT -m owner --uid-owner 1337 -j RETURN
2022-06-13T02:22:35.173578774Z stdout F -A ISTIO_OUTPUT ! -d 127.0.0.1/32 -o lo -m owner --gid-owner 1337 -j ISTIO_IN_REDIRECT
2022-06-13T02:22:35.173581659Z stdout F -A ISTIO_OUTPUT -o lo -m owner ! --gid-owner 1337 -j RETURN
2022-06-13T02:22:35.173584287Z stdout F -A ISTIO_OUTPUT -m owner --gid-owner 1337 -j RETURN
2022-06-13T02:22:35.173595992Z stdout F -A ISTIO_OUTPUT -d 127.0.0.1/32 -j RETURN
2022-06-13T02:22:35.173605197Z stdout F -A ISTIO_OUTPUT -j ISTIO_REDIRECT
2022-06-13T02:22:35.173609874Z stdout F -A ISTIO_REDIRECT -p tcp -j REDIRECT --to-ports 15001
2022-06-13T02:22:35.173614545Z stdout F COMMIT
2022-06-13T02:22:35.173618984Z stdout F # Completed on Mon Jun 13 02:22:35 2022
2022-06-13T02:22:35.173622912Z stdout F 
