2022-04-27T06:30:32.170319006Z stdout F 
2022-04-27T06:30:32.170386659Z stdout F   .   ____          _            __ _ _
2022-04-27T06:30:32.248318224Z stdout F  /\\ / ___'_ __ _ _(_)_ __  __ _ \ \ \ \
2022-04-27T06:30:32.248379436Z stdout F ( ( )\___ | '_ | '_| | '_ \/ _` | \ \ \ \
2022-04-27T06:30:32.248387814Z stdout F  \\/  ___)| |_)| | | | | || (_| |  ) ) ) )
2022-04-27T06:30:32.248533414Z stdout F   '  |____| .__|_| |_|_| |_\__, | / / / /
2022-04-27T06:30:32.248551164Z stdout F  =========|_|==============|___/=/_/_/_/
2022-04-27T06:30:32.340957417Z stdout F  :: Spring Boot ::       (v1.5.22.RELEASE)
2022-04-27T06:30:32.340979362Z stdout F 
2022-04-27T06:30:53.884138897Z stdout F 2022-04-27 14:30:53.567  INFO 1 --- [           main] travelplan.TravelPlanApplication         : Starting TravelPlanApplication v1.0 on ts-travel-plan-service-5bb854f799-7xl9c with PID 1 (/app/ts-travel-plan-service-1.0.jar started by root in /)
2022-04-27T06:30:53.906340625Z stdout F 2022-04-27 14:30:53.900  INFO 1 --- [           main] travelplan.TravelPlanApplication         : No active profile set, falling back to default profiles: default
2022-04-27T06:31:06.481389559Z stdout F 2022-04-27 14:31:06.480  INFO 1 --- [           main] ationConfigEmbeddedWebApplicationContext : Refreshing org.springframework.boot.context.embedded.AnnotationConfigEmbeddedWebApplicationContext@deb6432: startup date [Wed Apr 27 14:31:06 CST 2022]; root of context hierarchy
2022-04-27T06:33:36.087942617Z stdout F 2022-04-27 14:33:36.007  INFO 1 --- [           main] o.s.i.config.IntegrationRegistrar        : No bean named 'integrationHeaderChannelRegistry' has been explicitly defined. Therefore, a default DefaultHeaderChannelRegistry will be created.
2022-04-27T06:34:01.741505663Z stdout F 2022-04-27 14:34:01.739  INFO 1 --- [           main] faultConfiguringBeanFactoryPostProcessor : No bean named 'errorChannel' has been explicitly defined. Therefore, a default PublishSubscribeChannel will be created.
2022-04-27T06:34:02.934784005Z stdout F 2022-04-27 14:34:02.925  INFO 1 --- [           main] faultConfiguringBeanFactoryPostProcessor : No bean named 'taskScheduler' has been explicitly defined. Therefore, a default ThreadPoolTaskScheduler will be created.
2022-04-27T06:34:10.775337244Z stdout F 2022-04-27 14:34:10.774  INFO 1 --- [           main] trationDelegate$BeanPostProcessorChecker : Bean 'org.springframework.security.config.annotation.configuration.ObjectPostProcessorConfiguration' of type [org.springframework.security.config.annotation.configuration.ObjectPostProcessorConfiguration$$EnhancerBySpringCGLIB$$a67f192b] is not eligible for getting processed by all BeanPostProcessors (for example: not eligible for auto-proxying)
2022-04-27T06:34:18.19106381Z stdout F 2022-04-27 14:34:18.189  INFO 1 --- [           main] trationDelegate$BeanPostProcessorChecker : Bean 'objectPostProcessor' of type [org.springframework.security.config.annotation.configuration.AutowireBeanFactoryObjectPostProcessor] is not eligible for getting processed by all BeanPostProcessors (for example: not eligible for auto-proxying)
2022-04-27T06:34:18.418981719Z stdout F 2022-04-27 14:34:18.418  INFO 1 --- [           main] trationDelegate$BeanPostProcessorChecker : Bean 'org.springframework.security.access.expression.method.DefaultMethodSecurityExpressionHandler@2e005c4b' of type [org.springframework.security.access.expression.method.DefaultMethodSecurityExpressionHandler] is not eligible for getting processed by all BeanPostProcessors (for example: not eligible for auto-proxying)
2022-04-27T06:34:19.242037995Z stdout F 2022-04-27 14:34:19.204  INFO 1 --- [           main] trationDelegate$BeanPostProcessorChecker : Bean 'org.springframework.security.config.annotation.method.configuration.GlobalMethodSecurityConfiguration' of type [org.springframework.security.config.annotation.method.configuration.GlobalMethodSecurityConfiguration$$EnhancerBySpringCGLIB$$cb53bbdd] is not eligible for getting processed by all BeanPostProcessors (for example: not eligible for auto-proxying)
2022-04-27T06:34:20.786897967Z stdout F 2022-04-27 14:34:20.785  INFO 1 --- [           main] trationDelegate$BeanPostProcessorChecker : Bean 'methodSecurityMetadataSource' of type [org.springframework.security.access.method.DelegatingMethodSecurityMetadataSource] is not eligible for getting processed by all BeanPostProcessors (for example: not eligible for auto-proxying)
2022-04-27T06:34:26.926685831Z stdout F 2022-04-27 14:34:26.925  INFO 1 --- [           main] trationDelegate$BeanPostProcessorChecker : Bean 'integrationGlobalProperties' of type [org.springframework.beans.factory.config.PropertiesFactoryBean] is not eligible for getting processed by all BeanPostProcessors (for example: not eligible for auto-proxying)
2022-04-27T06:34:27.070508961Z stdout F 2022-04-27 14:34:27.069  INFO 1 --- [           main] trationDelegate$BeanPostProcessorChecker : Bean 'integrationGlobalProperties' of type [java.util.Properties] is not eligible for getting processed by all BeanPostProcessors (for example: not eligible for auto-proxying)
2022-04-27T06:35:08.595240035Z stdout F 2022-04-27 14:35:08.448  INFO 1 --- [           main] s.b.c.e.t.TomcatEmbeddedServletContainer : Tomcat initialized with port(s): 14322 (http)
2022-04-27T06:35:11.600233246Z stdout F 2022-04-27 14:35:11.598  INFO 1 --- [           main] o.apache.catalina.core.StandardService   : Starting service [Tomcat]
2022-04-27T06:35:11.617954577Z stdout F 2022-04-27 14:35:11.617  INFO 1 --- [           main] org.apache.catalina.core.StandardEngine  : Starting Servlet Engine: Apache Tomcat/8.5.43
2022-04-27T06:35:16.11586151Z stdout F 2022-04-27 14:35:16.114  INFO 1 --- [ost-startStop-1] o.a.c.c.C.[Tomcat].[localhost].[/]       : Initializing Spring embedded WebApplicationContext
2022-04-27T06:35:16.116364565Z stdout F 2022-04-27 14:35:16.115  INFO 1 --- [ost-startStop-1] o.s.web.context.ContextLoader            : Root WebApplicationContext: initialization completed in 249663 ms
2022-04-27T06:35:28.743614358Z stdout F 2022-04-27 14:35:28.742  INFO 1 --- [ost-startStop-1] o.s.b.w.servlet.FilterRegistrationBean   : Mapping filter: 'metricsFilter' to: [/*]
2022-04-27T06:35:28.762327768Z stdout F 2022-04-27 14:35:28.761  INFO 1 --- [ost-startStop-1] o.s.b.w.servlet.FilterRegistrationBean   : Mapping filter: 'characterEncodingFilter' to: [/*]
2022-04-27T06:35:28.781014253Z stdout F 2022-04-27 14:35:28.762  INFO 1 --- [ost-startStop-1] o.s.b.w.servlet.FilterRegistrationBean   : Mapping filter: 'hiddenHttpMethodFilter' to: [/*]
2022-04-27T06:35:28.792909488Z stdout F 2022-04-27 14:35:28.787  INFO 1 --- [ost-startStop-1] o.s.b.w.servlet.FilterRegistrationBean   : Mapping filter: 'httpPutFormContentFilter' to: [/*]
2022-04-27T06:35:28.802007171Z stdout F 2022-04-27 14:35:28.801  INFO 1 --- [ost-startStop-1] o.s.b.w.servlet.FilterRegistrationBean   : Mapping filter: 'requestContextFilter' to: [/*]
2022-04-27T06:35:28.815392195Z stdout F 2022-04-27 14:35:28.814  INFO 1 --- [ost-startStop-1] .s.DelegatingFilterProxyRegistrationBean : Mapping filter: 'springSecurityFilterChain' to: [/*]
2022-04-27T06:35:28.846006791Z stdout F 2022-04-27 14:35:28.845  INFO 1 --- [ost-startStop-1] o.s.b.w.servlet.FilterRegistrationBean   : Mapping filter: 'webRequestLoggingFilter' to: [/*]
2022-04-27T06:35:28.854830032Z stdout F 2022-04-27 14:35:28.854  INFO 1 --- [ost-startStop-1] o.s.b.w.servlet.FilterRegistrationBean   : Mapping filter: 'applicationContextIdFilter' to: [/*]
2022-04-27T06:35:28.866592782Z stdout F 2022-04-27 14:35:28.866  INFO 1 --- [ost-startStop-1] o.s.b.w.servlet.ServletRegistrationBean  : Mapping servlet: 'dispatcherServlet' to [/]
2022-04-27T06:36:13.349580673Z stdout F 2022-04-27 14:36:13.348  INFO 1 --- [           main] s.w.s.m.m.a.RequestMappingHandlerMapping : Mapped "{[/api/v1/travelplanservice/travelPlan/transferResult],methods=[POST]}" onto public org.springframework.http.HttpEntity travelplan.controller.TravelPlanController.getTransferResult(travelplan.entity.TransferTravelInfo,org.springframework.http.HttpHeaders)
2022-04-27T06:36:13.426114525Z stdout F 2022-04-27 14:36:13.425  INFO 1 --- [           main] s.w.s.m.m.a.RequestMappingHandlerMapping : Mapped "{[/api/v1/travelplanservice/travelPlan/cheapest],methods=[POST]}" onto public org.springframework.http.HttpEntity travelplan.controller.TravelPlanController.getByCheapest(travelplan.entity.TripInfo,org.springframework.http.HttpHeaders)
2022-04-27T06:36:13.487397795Z stdout F 2022-04-27 14:36:13.486  INFO 1 --- [           main] s.w.s.m.m.a.RequestMappingHandlerMapping : Mapped "{[/api/v1/travelplanservice/travelPlan/quickest],methods=[POST]}" onto public org.springframework.http.HttpEntity travelplan.controller.TravelPlanController.getByQuickest(travelplan.entity.TripInfo,org.springframework.http.HttpHeaders)
2022-04-27T06:36:13.512602487Z stdout F 2022-04-27 14:36:13.503  INFO 1 --- [           main] s.w.s.m.m.a.RequestMappingHandlerMapping : Mapped "{[/api/v1/travelplanservice/travelPlan/minStation],methods=[POST]}" onto public org.springframework.http.HttpEntity travelplan.controller.TravelPlanController.getByMinStation(travelplan.entity.TripInfo,org.springframework.http.HttpHeaders)
2022-04-27T06:36:13.529665273Z stdout F 2022-04-27 14:36:13.528  INFO 1 --- [           main] s.w.s.m.m.a.RequestMappingHandlerMapping : Mapped "{[/api/v1/travelplanservice/welcome],methods=[GET]}" onto public java.lang.String travelplan.controller.TravelPlanController.home()
2022-04-27T06:36:13.656125324Z stdout F 2022-04-27 14:36:13.654  INFO 1 --- [           main] s.w.s.m.m.a.RequestMappingHandlerMapping : Mapped "{[/v2/api-docs],methods=[GET],produces=[application/json || application/hal+json]}" onto public org.springframework.http.ResponseEntity<springfox.documentation.spring.web.json.Json> springfox.documentation.swagger2.web.Swagger2Controller.getDocumentation(java.lang.String,javax.servlet.http.HttpServletRequest)
2022-04-27T06:36:13.813137879Z stdout F 2022-04-27 14:36:13.812  INFO 1 --- [           main] s.w.s.m.m.a.RequestMappingHandlerMapping : Mapped "{[/configuration/ui]}" onto org.springframework.http.ResponseEntity<springfox.documentation.swagger.web.UiConfiguration> springfox.documentation.swagger.web.ApiResourceController.uiConfiguration()
2022-04-27T06:36:13.855338419Z stdout F 2022-04-27 14:36:13.852  INFO 1 --- [           main] s.w.s.m.m.a.RequestMappingHandlerMapping : Mapped "{[/configuration/security]}" onto org.springframework.http.ResponseEntity<springfox.documentation.swagger.web.SecurityConfiguration> springfox.documentation.swagger.web.ApiResourceController.securityConfiguration()
2022-04-27T06:36:13.908354889Z stdout F 2022-04-27 14:36:13.907  INFO 1 --- [           main] s.w.s.m.m.a.RequestMappingHandlerMapping : Mapped "{[/swagger-resources]}" onto org.springframework.http.ResponseEntity<java.util.List<springfox.documentation.swagger.web.SwaggerResource>> springfox.documentation.swagger.web.ApiResourceController.swaggerResources()
2022-04-27T06:36:13.947294963Z stdout F 2022-04-27 14:36:13.946  INFO 1 --- [           main] s.w.s.m.m.a.RequestMappingHandlerMapping : Mapped "{[/error],produces=[text/html]}" onto public org.springframework.web.servlet.ModelAndView org.springframework.boot.autoconfigure.web.BasicErrorController.errorHtml(javax.servlet.http.HttpServletRequest,javax.servlet.http.HttpServletResponse)
2022-04-27T06:36:14.022492424Z stdout F 2022-04-27 14:36:14.021  INFO 1 --- [           main] s.w.s.m.m.a.RequestMappingHandlerMapping : Mapped "{[/error]}" onto public org.springframework.http.ResponseEntity<java.util.Map<java.lang.String, java.lang.Object>> org.springframework.boot.autoconfigure.web.BasicErrorController.error(javax.servlet.http.HttpServletRequest)
2022-04-27T06:36:29.113411556Z stdout F 2022-04-27 14:36:29.101  INFO 1 --- [           main] o.s.b.a.e.mvc.EndpointHandlerMapping     : Mapped "{[/mappings || /mappings.json],methods=[GET],produces=[application/vnd.spring-boot.actuator.v1+json || application/json]}" onto public java.lang.Object org.springframework.boot.actuate.endpoint.mvc.EndpointMvcAdapter.invoke()
2022-04-27T06:36:29.113473781Z stdout F 2022-04-27 14:36:29.110  INFO 1 --- [           main] o.s.b.a.e.mvc.EndpointHandlerMapping     : Mapped "{[/trace || /trace.json],methods=[GET],produces=[application/vnd.spring-boot.actuator.v1+json || application/json]}" onto public java.lang.Object org.springframework.boot.actuate.endpoint.mvc.EndpointMvcAdapter.invoke()
2022-04-27T06:36:29.113520366Z stdout F 2022-04-27 14:36:29.111  INFO 1 --- [           main] o.s.b.a.e.mvc.EndpointHandlerMapping     : Mapped "{[/heapdump || /heapdump.json],methods=[GET],produces=[application/octet-stream]}" onto public void org.springframework.boot.actuate.endpoint.mvc.HeapdumpMvcEndpoint.invoke(boolean,javax.servlet.http.HttpServletRequest,javax.servlet.http.HttpServletResponse) throws java.io.IOException,javax.servlet.ServletException
2022-04-27T06:36:29.11876309Z stdout F 2022-04-27 14:36:29.118  INFO 1 --- [           main] o.s.b.a.e.mvc.EndpointHandlerMapping     : Mapped "{[/autoconfig || /autoconfig.json],methods=[GET],produces=[application/vnd.spring-boot.actuator.v1+json || application/json]}" onto public java.lang.Object org.springframework.boot.actuate.endpoint.mvc.EndpointMvcAdapter.invoke()
2022-04-27T06:36:29.137529382Z stdout F 2022-04-27 14:36:29.136  INFO 1 --- [           main] o.s.b.a.e.mvc.EndpointHandlerMapping     : Mapped "{[/loggers/{name:.*}],methods=[GET],produces=[application/vnd.spring-boot.actuator.v1+json || application/json]}" onto public java.lang.Object org.springframework.boot.actuate.endpoint.mvc.LoggersMvcEndpoint.get(java.lang.String)
2022-04-27T06:36:29.141141806Z stdout F 2022-04-27 14:36:29.139  INFO 1 --- [           main] o.s.b.a.e.mvc.EndpointHandlerMapping     : Mapped "{[/loggers/{name:.*}],methods=[POST],consumes=[application/vnd.spring-boot.actuator.v1+json || application/json],produces=[application/vnd.spring-boot.actuator.v1+json || application/json]}" onto public java.lang.Object org.springframework.boot.actuate.endpoint.mvc.LoggersMvcEndpoint.set(java.lang.String,java.util.Map<java.lang.String, java.lang.String>)
2022-04-27T06:36:29.150558147Z stdout F 2022-04-27 14:36:29.147  INFO 1 --- [           main] o.s.b.a.e.mvc.EndpointHandlerMapping     : Mapped "{[/loggers || /loggers.json],methods=[GET],produces=[application/vnd.spring-boot.actuator.v1+json || application/json]}" onto public java.lang.Object org.springframework.boot.actuate.endpoint.mvc.EndpointMvcAdapter.invoke()
2022-04-27T06:36:29.165473562Z stdout F 2022-04-27 14:36:29.164  INFO 1 --- [           main] o.s.b.a.e.mvc.EndpointHandlerMapping     : Mapped "{[/auditevents || /auditevents.json],methods=[GET],produces=[application/vnd.spring-boot.actuator.v1+json || application/json]}" onto public org.springframework.http.ResponseEntity<?> org.springframework.boot.actuate.endpoint.mvc.AuditEventsMvcEndpoint.findByPrincipalAndAfterAndType(java.lang.String,java.util.Date,java.lang.String)
2022-04-27T06:36:29.173046044Z stdout F 2022-04-27 14:36:29.167  INFO 1 --- [           main] o.s.b.a.e.mvc.EndpointHandlerMapping     : Mapped "{[/dump || /dump.json],methods=[GET],produces=[application/vnd.spring-boot.actuator.v1+json || application/json]}" onto public java.lang.Object org.springframework.boot.actuate.endpoint.mvc.EndpointMvcAdapter.invoke()
2022-04-27T06:36:29.182907231Z stdout F 2022-04-27 14:36:29.181  INFO 1 --- [           main] o.s.b.a.e.mvc.EndpointHandlerMapping     : Mapped "{[/metrics/{name:.*}],methods=[GET],produces=[application/vnd.spring-boot.actuator.v1+json || application/json]}" onto public java.lang.Object org.springframework.boot.actuate.endpoint.mvc.MetricsMvcEndpoint.value(java.lang.String)
2022-04-27T06:36:29.192450735Z stdout F 2022-04-27 14:36:29.189  INFO 1 --- [           main] o.s.b.a.e.mvc.EndpointHandlerMapping     : Mapped "{[/metrics || /metrics.json],methods=[GET],produces=[application/vnd.spring-boot.actuator.v1+json || application/json]}" onto public java.lang.Object org.springframework.boot.actuate.endpoint.mvc.EndpointMvcAdapter.invoke()
2022-04-27T06:36:29.213789866Z stdout F 2022-04-27 14:36:29.204  INFO 1 --- [           main] o.s.b.a.e.mvc.EndpointHandlerMapping     : Mapped "{[/env/{name:.*}],methods=[GET],produces=[application/vnd.spring-boot.actuator.v1+json || application/json]}" onto public java.lang.Object org.springframework.boot.actuate.endpoint.mvc.EnvironmentMvcEndpoint.value(java.lang.String)
2022-04-27T06:36:29.228354436Z stdout F 2022-04-27 14:36:29.225  INFO 1 --- [           main] o.s.b.a.e.mvc.EndpointHandlerMapping     : Mapped "{[/env || /env.json],methods=[GET],produces=[application/vnd.spring-boot.actuator.v1+json || application/json]}" onto public java.lang.Object org.springframework.boot.actuate.endpoint.mvc.EndpointMvcAdapter.invoke()
2022-04-27T06:36:29.252981336Z stdout F 2022-04-27 14:36:29.251  INFO 1 --- [           main] o.s.b.a.e.mvc.EndpointHandlerMapping     : Mapped "{[/info || /info.json],methods=[GET],produces=[application/vnd.spring-boot.actuator.v1+json || application/json]}" onto public java.lang.Object org.springframework.boot.actuate.endpoint.mvc.EndpointMvcAdapter.invoke()
2022-04-27T06:36:29.280773045Z stdout F 2022-04-27 14:36:29.275  INFO 1 --- [           main] o.s.b.a.e.mvc.EndpointHandlerMapping     : Mapped "{[/health || /health.json],methods=[GET],produces=[application/vnd.spring-boot.actuator.v1+json || application/json]}" onto public java.lang.Object org.springframework.boot.actuate.endpoint.mvc.HealthMvcEndpoint.invoke(javax.servlet.http.HttpServletRequest,java.security.Principal)
2022-04-27T06:36:29.343720733Z stdout F 2022-04-27 14:36:29.336  INFO 1 --- [           main] o.s.b.a.e.mvc.EndpointHandlerMapping     : Mapped "{[/beans || /beans.json],methods=[GET],produces=[application/vnd.spring-boot.actuator.v1+json || application/json]}" onto public java.lang.Object org.springframework.boot.actuate.endpoint.mvc.EndpointMvcAdapter.invoke()
2022-04-27T06:36:29.343808947Z stdout F 2022-04-27 14:36:29.336  INFO 1 --- [           main] o.s.b.a.e.mvc.EndpointHandlerMapping     : Mapped "{[/configprops || /configprops.json],methods=[GET],produces=[application/vnd.spring-boot.actuator.v1+json || application/json]}" onto public java.lang.Object org.springframework.boot.actuate.endpoint.mvc.EndpointMvcAdapter.invoke()
2022-04-27T06:36:39.471275059Z stdout F 2022-04-27 14:36:39.470  INFO 1 --- [           main] b.a.s.AuthenticationManagerConfiguration : 
2022-04-27T06:36:39.471331698Z stdout F 
2022-04-27T06:36:39.471344137Z stdout F Using default security password: 10c8fbdf-4b14-43ca-8516-44c12ee99291
2022-04-27T06:36:39.47135033Z stdout F 
2022-04-27T06:36:47.603168698Z stdout F 2022-04-27 14:36:47.602  INFO 1 --- [           main] o.s.s.web.DefaultSecurityFilterChain     : Creating filter chain: org.springframework.security.web.util.matcher.AnyRequestMatcher@1, [org.springframework.security.web.context.request.async.WebAsyncManagerIntegrationFilter@27406a17, org.springframework.security.web.context.SecurityContextPersistenceFilter@f78a47e, org.springframework.security.web.header.HeaderWriterFilter@2a7f1f10, org.springframework.security.web.authentication.logout.LogoutFilter@6e6f2380, edu.fudan.common.security.jwt.JWTFilter@2af004b, org.springframework.security.web.savedrequest.RequestCacheAwareFilter@7526515b, org.springframework.security.web.servletapi.SecurityContextHolderAwareRequestFilter@6d4d66d2, org.springframework.security.web.authentication.AnonymousAuthenticationFilter@248e319b, org.springframework.security.web.session.SessionManagementFilter@f0c8a99, org.springframework.security.web.access.ExceptionTranslationFilter@750e2b97, org.springframework.security.web.access.intercept.FilterSecurityInterceptor@69e153c5]
2022-04-27T06:36:50.416865546Z stdout F 2022-04-27 14:36:50.416  INFO 1 --- [           main] o.s.w.s.handler.SimpleUrlHandlerMapping  : Mapped URL path [/webjars/**] onto handler of type [class org.springframework.web.servlet.resource.ResourceHttpRequestHandler]
2022-04-27T06:36:50.416897875Z stdout F 2022-04-27 14:36:50.416  INFO 1 --- [           main] o.s.w.s.handler.SimpleUrlHandlerMapping  : Mapped URL path [/**] onto handler of type [class org.springframework.web.servlet.resource.ResourceHttpRequestHandler]
2022-04-27T06:36:51.611904294Z stdout F 2022-04-27 14:36:51.584  INFO 1 --- [           main] o.s.w.s.handler.SimpleUrlHandlerMapping  : Mapped URL path [/**/favicon.ico] onto handler of type [class org.springframework.web.servlet.resource.ResourceHttpRequestHandler]
2022-04-27T06:36:56.519545839Z stdout F 2022-04-27 14:36:56.517  INFO 1 --- [           main] o.s.s.web.DefaultSecurityFilterChain     : Creating filter chain: org.springframework.boot.actuate.autoconfigure.ManagementWebSecurityAutoConfiguration$LazyEndpointPathRequestMatcher@6e9a5ed8, [org.springframework.security.web.context.request.async.WebAsyncManagerIntegrationFilter@7e057f43, org.springframework.security.web.context.SecurityContextPersistenceFilter@1ca3b418, org.springframework.security.web.header.HeaderWriterFilter@202b0582, org.springframework.web.filter.CorsFilter@6c284af, org.springframework.security.web.authentication.logout.LogoutFilter@75d3a5e0, org.springframework.security.web.authentication.www.BasicAuthenticationFilter@5149d738, org.springframework.security.web.savedrequest.RequestCacheAwareFilter@58cbafc2, org.springframework.security.web.servletapi.SecurityContextHolderAwareRequestFilter@2034b64c, org.springframework.security.web.authentication.AnonymousAuthenticationFilter@5890e879, org.springframework.security.web.session.SessionManagementFilter@235ecd9f, org.springframework.security.web.access.ExceptionTranslationFilter@3b0fe47a, org.springframework.security.web.access.intercept.FilterSecurityInterceptor@795509d9]
2022-04-27T06:37:02.442876365Z stdout F 2022-04-27 14:37:02.442  INFO 1 --- [           main] s.w.s.m.m.a.RequestMappingHandlerAdapter : Looking for @ControllerAdvice: org.springframework.boot.context.embedded.AnnotationConfigEmbeddedWebApplicationContext@deb6432: startup date [Wed Apr 27 14:31:06 CST 2022]; root of context hierarchy
2022-04-27T06:37:09.600750016Z stdout F 2022-04-27 14:37:09.600  INFO 1 --- [           main] o.s.s.c.ThreadPoolTaskScheduler          : Initializing ExecutorService 'taskScheduler'
2022-04-27T06:37:17.078335525Z stdout F 2022-04-27 14:37:17.077  INFO 1 --- [           main] o.s.j.e.a.AnnotationMBeanExporter        : Registering beans for JMX exposure on startup
2022-04-27T06:37:17.398829029Z stdout F 2022-04-27 14:37:17.359  INFO 1 --- [           main] o.s.c.support.DefaultLifecycleProcessor  : Starting beans in phase 0
2022-04-27T06:37:18.626793541Z stdout F 2022-04-27 14:37:18.626  INFO 1 --- [           main] o.s.i.endpoint.EventDrivenConsumer       : Adding {logging-channel-adapter:_org.springframework.integration.errorLogger} as a subscriber to the 'errorChannel' channel
2022-04-27T06:37:18.629939648Z stdout F 2022-04-27 14:37:18.629  INFO 1 --- [           main] o.s.i.channel.PublishSubscribeChannel    : Channel 'ts-travel-plan-service:14322.errorChannel' has 1 subscriber(s).
2022-04-27T06:37:18.630346739Z stdout F 2022-04-27 14:37:18.629  INFO 1 --- [           main] o.s.i.endpoint.EventDrivenConsumer       : started _org.springframework.integration.errorLogger
2022-04-27T06:37:18.845265703Z stdout F 2022-04-27 14:37:18.844  INFO 1 --- [           main] d.s.w.p.DocumentationPluginsBootstrapper : Context refreshed
2022-04-27T06:37:19.57897293Z stdout F 2022-04-27 14:37:19.535  INFO 1 --- [           main] d.s.w.p.DocumentationPluginsBootstrapper : Found 1 custom documentation plugin(s)
2022-04-27T06:37:19.887840221Z stdout F 2022-04-27 14:37:19.887  INFO 1 --- [           main] s.d.s.w.s.ApiListingReferenceScanner     : Scanning for api listing references
2022-04-27T06:37:21.537647318Z stdout F 2022-04-27 14:37:21.537  INFO 1 --- [           main] .d.s.w.r.o.CachingOperationNameGenerator : Generating unique operation named: findByPrincipalAndAfterAndTypeUsingGET_1
2022-04-27T06:37:23.430362506Z stdout F 2022-04-27 14:37:23.429  INFO 1 --- [           main] .d.s.w.r.o.CachingOperationNameGenerator : Generating unique operation named: invokeUsingGET_1
2022-04-27T06:37:23.433744498Z stdout F 2022-04-27 14:37:23.433  INFO 1 --- [           main] .d.s.w.r.o.CachingOperationNameGenerator : Generating unique operation named: invokeUsingGET_2
2022-04-27T06:37:23.44024295Z stdout F 2022-04-27 14:37:23.439  INFO 1 --- [           main] .d.s.w.r.o.CachingOperationNameGenerator : Generating unique operation named: invokeUsingGET_3
2022-04-27T06:37:23.507699245Z stdout F 2022-04-27 14:37:23.507  INFO 1 --- [           main] .d.s.w.r.o.CachingOperationNameGenerator : Generating unique operation named: invokeUsingGET_4
2022-04-27T06:37:23.534195989Z stdout F 2022-04-27 14:37:23.533  INFO 1 --- [           main] .d.s.w.r.o.CachingOperationNameGenerator : Generating unique operation named: invokeUsingGET_5
2022-04-27T06:37:23.539368678Z stdout F 2022-04-27 14:37:23.538  INFO 1 --- [           main] .d.s.w.r.o.CachingOperationNameGenerator : Generating unique operation named: invokeUsingGET_6
2022-04-27T06:37:23.644079233Z stdout F 2022-04-27 14:37:23.643  INFO 1 --- [           main] .d.s.w.r.o.CachingOperationNameGenerator : Generating unique operation named: invokeUsingGET_7
2022-04-27T06:37:23.659646566Z stdout F 2022-04-27 14:37:23.659  INFO 1 --- [           main] .d.s.w.r.o.CachingOperationNameGenerator : Generating unique operation named: invokeUsingGET_8
2022-04-27T06:37:23.701183252Z stdout F 2022-04-27 14:37:23.700  INFO 1 --- [           main] .d.s.w.r.o.CachingOperationNameGenerator : Generating unique operation named: invokeUsingGET_9
2022-04-27T06:37:23.726685486Z stdout F 2022-04-27 14:37:23.713  INFO 1 --- [           main] .d.s.w.r.o.CachingOperationNameGenerator : Generating unique operation named: invokeUsingGET_10
2022-04-27T06:37:23.745744267Z stdout F 2022-04-27 14:37:23.745  INFO 1 --- [           main] .d.s.w.r.o.CachingOperationNameGenerator : Generating unique operation named: invokeUsingGET_11
2022-04-27T06:37:23.769097599Z stdout F 2022-04-27 14:37:23.768  INFO 1 --- [           main] .d.s.w.r.o.CachingOperationNameGenerator : Generating unique operation named: invokeUsingGET_12
2022-04-27T06:37:23.874688114Z stdout F 2022-04-27 14:37:23.794  INFO 1 --- [           main] .d.s.w.r.o.CachingOperationNameGenerator : Generating unique operation named: invokeUsingGET_13
2022-04-27T06:37:23.900018272Z stdout F 2022-04-27 14:37:23.899  INFO 1 --- [           main] .d.s.w.r.o.CachingOperationNameGenerator : Generating unique operation named: invokeUsingGET_14
2022-04-27T06:37:23.933465634Z stdout F 2022-04-27 14:37:23.932  INFO 1 --- [           main] .d.s.w.r.o.CachingOperationNameGenerator : Generating unique operation named: invokeUsingGET_15
2022-04-27T06:37:23.957811005Z stdout F 2022-04-27 14:37:23.957  INFO 1 --- [           main] .d.s.w.r.o.CachingOperationNameGenerator : Generating unique operation named: invokeUsingGET_16
2022-04-27T06:37:23.960483748Z stdout F 2022-04-27 14:37:23.959  INFO 1 --- [           main] .d.s.w.r.o.CachingOperationNameGenerator : Generating unique operation named: invokeUsingGET_17
2022-04-27T06:37:23.966951524Z stdout F 2022-04-27 14:37:23.966  INFO 1 --- [           main] .d.s.w.r.o.CachingOperationNameGenerator : Generating unique operation named: invokeUsingGET_18
2022-04-27T06:37:24.118484063Z stdout F 2022-04-27 14:37:24.117  INFO 1 --- [           main] .d.s.w.r.o.CachingOperationNameGenerator : Generating unique operation named: invokeUsingGET_19
2022-04-27T06:37:24.23667723Z stdout F 2022-04-27 14:37:24.236  INFO 1 --- [           main] .d.s.w.r.o.CachingOperationNameGenerator : Generating unique operation named: invokeUsingGET_20
2022-04-27T06:37:24.310210471Z stdout F 2022-04-27 14:37:24.309  INFO 1 --- [           main] .d.s.w.r.o.CachingOperationNameGenerator : Generating unique operation named: invokeUsingGET_21
2022-04-27T06:37:24.564575945Z stdout F 2022-04-27 14:37:24.563  INFO 1 --- [           main] .d.s.w.r.o.CachingOperationNameGenerator : Generating unique operation named: invokeUsingGET_22
2022-04-27T06:37:24.68911838Z stdout F 2022-04-27 14:37:24.688  INFO 1 --- [           main] .d.s.w.r.o.CachingOperationNameGenerator : Generating unique operation named: invokeUsingGET_23
2022-04-27T06:37:24.842119252Z stdout F 2022-04-27 14:37:24.841  INFO 1 --- [           main] .d.s.w.r.o.CachingOperationNameGenerator : Generating unique operation named: valueUsingGET_1
2022-04-27T06:37:25.611320884Z stdout F 2022-04-27 14:37:25.610  INFO 1 --- [           main] s.b.c.e.t.TomcatEmbeddedServletContainer : Tomcat started on port(s): 14322 (http)
2022-04-27T06:37:25.715778244Z stdout F 2022-04-27 14:37:25.715  INFO 1 --- [           main] travelplan.TravelPlanApplication         : Started TravelPlanApplication in 435.231 seconds (JVM running for 544.456)
2022-04-27T06:51:45.343598895Z stdout F 2022-04-27 14:51:45.342  INFO 1 --- [io-14322-exec-8] o.a.c.c.C.[Tomcat].[localhost].[/]       : Initializing Spring FrameworkServlet 'dispatcherServlet'
2022-04-27T06:51:45.351214025Z stdout F 2022-04-27 14:51:45.345  INFO 1 --- [io-14322-exec-8] o.s.web.servlet.DispatcherServlet        : FrameworkServlet 'dispatcherServlet': initialization started
2022-04-27T06:51:46.0472454Z stdout F 2022-04-27 14:51:46.046  INFO 1 --- [io-14322-exec-8] o.s.web.servlet.DispatcherServlet        : FrameworkServlet 'dispatcherServlet': initialization completed in 699 ms
2022-04-27T06:51:48.7454992Z stdout F 2022-04-27 14:51:48.744  INFO 1 --- [io-14322-exec-8] t.controller.TravelPlanController        : [Search Cheapest],start: Nan Jing,end: Shang Hai,time: Wed Apr 27 08:00:00 CST 2022
2022-04-27T06:52:41.596504873Z stdout F 2022-04-27 14:52:41.596  INFO 1 --- [io-14322-exec-8] t.service.TravelPlanServiceImpl          : Seat Request is: Seat(travelDate=Wed Apr 27 08:00:00 CST 2022, trainNumber=G1234, startStation=nanjing, destStation=shanghai, seatType=2)
2022-04-27T06:52:42.065569165Z stdout F 2022-04-27 14:52:42.065  INFO 1 --- [io-14322-exec-8] t.service.TravelPlanServiceImpl          : Seat Request is: Seat(travelDate=Wed Apr 27 08:00:00 CST 2022, trainNumber=G1234, startStation=nanjing, destStation=shanghai, seatType=3)
2022-04-27T06:52:42.809124652Z stdout F 2022-04-27 14:52:42.808  INFO 1 --- [io-14322-exec-8] t.service.TravelPlanServiceImpl          : Seat Request is: Seat(travelDate=Wed Apr 27 08:00:00 CST 2022, trainNumber=Z1236, startStation=nanjing, destStation=shanghai, seatType=2)
2022-04-27T06:52:43.129874135Z stdout F 2022-04-27 14:52:43.129  INFO 1 --- [io-14322-exec-8] t.service.TravelPlanServiceImpl          : Seat Request is: Seat(travelDate=Wed Apr 27 08:00:00 CST 2022, trainNumber=Z1236, startStation=nanjing, destStation=shanghai, seatType=3)
2022-04-27T06:52:43.617225194Z stdout F 2022-04-27 14:52:43.615  INFO 1 --- [io-14322-exec-8] t.service.TravelPlanServiceImpl          : Seat Request is: Seat(travelDate=Wed Apr 27 08:00:00 CST 2022, trainNumber=G1235, startStation=nanjing, destStation=shanghai, seatType=2)
2022-04-27T06:52:44.112064254Z stdout F 2022-04-27 14:52:44.110  INFO 1 --- [io-14322-exec-8] t.service.TravelPlanServiceImpl          : Seat Request is: Seat(travelDate=Wed Apr 27 08:00:00 CST 2022, trainNumber=G1235, startStation=nanjing, destStation=shanghai, seatType=3)
2022-04-27T06:52:44.544184264Z stdout F 2022-04-27 14:52:44.543  INFO 1 --- [io-14322-exec-8] t.service.TravelPlanServiceImpl          : Seat Request is: Seat(travelDate=Wed Apr 27 08:00:00 CST 2022, trainNumber=G1236, startStation=nanjing, destStation=shanghai, seatType=2)
2022-04-27T06:52:45.110840896Z stdout F 2022-04-27 14:52:45.110  INFO 1 --- [io-14322-exec-8] t.service.TravelPlanServiceImpl          : Seat Request is: Seat(travelDate=Wed Apr 27 08:00:00 CST 2022, trainNumber=G1236, startStation=nanjing, destStation=shanghai, seatType=3)
2022-04-27T07:23:19.386100166Z stdout F 2022-04-27 15:23:19.306  INFO 1 --- [o-14322-exec-10] t.controller.TravelPlanController        : [Search Cheapest],start: Nan Jing,end: Shang Hai,time: Wed Apr 27 08:00:00 CST 2022
2022-04-27T07:23:22.992361556Z stdout F 2022-04-27 15:23:22.991  INFO 1 --- [o-14322-exec-10] t.service.TravelPlanServiceImpl          : Seat Request is: Seat(travelDate=Wed Apr 27 08:00:00 CST 2022, trainNumber=G1234, startStation=nanjing, destStation=shanghai, seatType=2)
2022-04-27T07:23:23.121186049Z stdout F 2022-04-27 15:23:23.119  INFO 1 --- [o-14322-exec-10] t.service.TravelPlanServiceImpl          : Seat Request is: Seat(travelDate=Wed Apr 27 08:00:00 CST 2022, trainNumber=G1234, startStation=nanjing, destStation=shanghai, seatType=3)
2022-04-27T07:23:23.249904722Z stdout F 2022-04-27 15:23:23.248  INFO 1 --- [o-14322-exec-10] t.service.TravelPlanServiceImpl          : Seat Request is: Seat(travelDate=Wed Apr 27 08:00:00 CST 2022, trainNumber=Z1236, startStation=nanjing, destStation=shanghai, seatType=2)
2022-04-27T07:23:23.465288299Z stdout F 2022-04-27 15:23:23.464  INFO 1 --- [o-14322-exec-10] t.service.TravelPlanServiceImpl          : Seat Request is: Seat(travelDate=Wed Apr 27 08:00:00 CST 2022, trainNumber=Z1236, startStation=nanjing, destStation=shanghai, seatType=3)
2022-04-27T07:23:23.748125322Z stdout F 2022-04-27 15:23:23.747  INFO 1 --- [o-14322-exec-10] t.service.TravelPlanServiceImpl          : Seat Request is: Seat(travelDate=Wed Apr 27 08:00:00 CST 2022, trainNumber=G1235, startStation=nanjing, destStation=shanghai, seatType=2)
2022-04-27T07:23:26.415015116Z stdout F 2022-04-27 15:23:26.413  INFO 1 --- [o-14322-exec-10] t.service.TravelPlanServiceImpl          : Seat Request is: Seat(travelDate=Wed Apr 27 08:00:00 CST 2022, trainNumber=G1235, startStation=nanjing, destStation=shanghai, seatType=3)
2022-04-27T07:23:26.688899125Z stdout F 2022-04-27 15:23:26.687  INFO 1 --- [o-14322-exec-10] t.service.TravelPlanServiceImpl          : Seat Request is: Seat(travelDate=Wed Apr 27 08:00:00 CST 2022, trainNumber=G1236, startStation=nanjing, destStation=shanghai, seatType=2)
2022-04-27T07:23:27.121638281Z stdout F 2022-04-27 15:23:27.121  INFO 1 --- [o-14322-exec-10] t.service.TravelPlanServiceImpl          : Seat Request is: Seat(travelDate=Wed Apr 27 08:00:00 CST 2022, trainNumber=G1236, startStation=nanjing, destStation=shanghai, seatType=3)
2022-04-27T07:23:56.368453659Z stdout F 2022-04-27 15:23:56.367  INFO 1 --- [io-14322-exec-5] t.controller.TravelPlanController        : [Search Cheapest],start: Nan Jing,end: Shang Hai,time: Thu Apr 28 08:00:00 CST 2022
2022-04-27T07:24:00.324440799Z stdout F 2022-04-27 15:24:00.323  INFO 1 --- [io-14322-exec-5] t.service.TravelPlanServiceImpl          : Seat Request is: Seat(travelDate=Thu Apr 28 08:00:00 CST 2022, trainNumber=G1234, startStation=nanjing, destStation=shanghai, seatType=2)
2022-04-27T07:24:00.451810814Z stdout F 2022-04-27 15:24:00.451  INFO 1 --- [io-14322-exec-5] t.service.TravelPlanServiceImpl          : Seat Request is: Seat(travelDate=Thu Apr 28 08:00:00 CST 2022, trainNumber=G1234, startStation=nanjing, destStation=shanghai, seatType=3)
2022-04-27T07:24:00.647227139Z stdout F 2022-04-27 15:24:00.646  INFO 1 --- [io-14322-exec-5] t.service.TravelPlanServiceImpl          : Seat Request is: Seat(travelDate=Thu Apr 28 08:00:00 CST 2022, trainNumber=Z1236, startStation=nanjing, destStation=shanghai, seatType=2)
2022-04-27T07:24:01.142731966Z stdout F 2022-04-27 15:24:01.141  INFO 1 --- [io-14322-exec-5] t.service.TravelPlanServiceImpl          : Seat Request is: Seat(travelDate=Thu Apr 28 08:00:00 CST 2022, trainNumber=Z1236, startStation=nanjing, destStation=shanghai, seatType=3)
2022-04-27T07:24:01.773903782Z stdout F 2022-04-27 15:24:01.772  INFO 1 --- [io-14322-exec-5] t.service.TravelPlanServiceImpl          : Seat Request is: Seat(travelDate=Thu Apr 28 08:00:00 CST 2022, trainNumber=G1235, startStation=nanjing, destStation=shanghai, seatType=2)
2022-04-27T07:24:01.937739344Z stdout F 2022-04-27 15:24:01.936  INFO 1 --- [io-14322-exec-5] t.service.TravelPlanServiceImpl          : Seat Request is: Seat(travelDate=Thu Apr 28 08:00:00 CST 2022, trainNumber=G1235, startStation=nanjing, destStation=shanghai, seatType=3)
2022-04-27T07:24:02.13666509Z stdout F 2022-04-27 15:24:02.136  INFO 1 --- [io-14322-exec-5] t.service.TravelPlanServiceImpl          : Seat Request is: Seat(travelDate=Thu Apr 28 08:00:00 CST 2022, trainNumber=G1236, startStation=nanjing, destStation=shanghai, seatType=2)
2022-04-27T07:24:02.283177526Z stdout F 2022-04-27 15:24:02.282  INFO 1 --- [io-14322-exec-5] t.service.TravelPlanServiceImpl          : Seat Request is: Seat(travelDate=Thu Apr 28 08:00:00 CST 2022, trainNumber=G1236, startStation=nanjing, destStation=shanghai, seatType=3)
