2022-05-09T11:47:55.662257423Z stdout F 2022-05-09T11:47:55.658764Z	info	Istio iptables environment:
2022-05-09T11:47:55.662324925Z stdout F ENVOY_PORT=
2022-05-09T11:47:55.662336168Z stdout F INBOUND_CAPTURE_PORT=
2022-05-09T11:47:55.662342792Z stdout F ISTIO_INBOUND_INTERCEPTION_MODE=
2022-05-09T11:47:55.66234799Z stdout F ISTIO_INBOUND_TPROXY_ROUTE_TABLE=
2022-05-09T11:47:55.662353048Z stdout F ISTIO_INBOUND_PORTS=
2022-05-09T11:47:55.662357978Z stdout F ISTIO_OUTBOUND_PORTS=
2022-05-09T11:47:55.662363375Z stdout F ISTIO_LOCAL_EXCLUDE_PORTS=
2022-05-09T11:47:55.66236864Z stdout F ISTIO_EXCLUDE_INTERFACES=
2022-05-09T11:47:55.662373889Z stdout F ISTIO_SERVICE_CIDR=
2022-05-09T11:47:55.66238662Z stdout F ISTIO_SERVICE_EXCLUDE_CIDR=
2022-05-09T11:47:55.662401233Z stdout F ISTIO_META_DNS_CAPTURE=
2022-05-09T11:47:55.662414504Z stdout F INVALID_DROP=
2022-05-09T11:47:55.662425389Z stdout F 
2022-05-09T11:47:55.662438452Z stdout F 2022-05-09T11:47:55.658967Z	info	Istio iptables variables:
2022-05-09T11:47:55.662445162Z stdout F PROXY_PORT=15001
2022-05-09T11:47:55.662450723Z stdout F PROXY_INBOUND_CAPTURE_PORT=15006
2022-05-09T11:47:55.662455689Z stdout F PROXY_TUNNEL_PORT=15008
2022-05-09T11:47:55.662460824Z stdout F PROXY_UID=1337
2022-05-09T11:47:55.662466262Z stdout F PROXY_GID=1337
2022-05-09T11:47:55.662471853Z stdout F INBOUND_INTERCEPTION_MODE=REDIRECT
2022-05-09T11:47:55.662476936Z stdout F INBOUND_TPROXY_MARK=1337
2022-05-09T11:47:55.662481725Z stdout F INBOUND_TPROXY_ROUTE_TABLE=133
2022-05-09T11:47:55.662486596Z stdout F INBOUND_PORTS_INCLUDE=*
2022-05-09T11:47:55.662491082Z stdout F INBOUND_PORTS_EXCLUDE=15090,15021,15020
2022-05-09T11:47:55.662495465Z stdout F OUTBOUND_IP_RANGES_INCLUDE=*
2022-05-09T11:47:55.662500467Z stdout F OUTBOUND_IP_RANGES_EXCLUDE=
2022-05-09T11:47:55.662515949Z stdout F OUTBOUND_PORTS_INCLUDE=
2022-05-09T11:47:55.6625275Z stdout F OUTBOUND_PORTS_EXCLUDE=
2022-05-09T11:47:55.662540826Z stdout F KUBE_VIRT_INTERFACES=
2022-05-09T11:47:55.662551353Z stdout F ENABLE_INBOUND_IPV6=false
2022-05-09T11:47:55.662563494Z stdout F DNS_CAPTURE=false
2022-05-09T11:47:55.662570073Z stdout F DROP_INVALID=false
2022-05-09T11:47:55.662575273Z stdout F CAPTURE_ALL_DNS=false
2022-05-09T11:47:55.662579774Z stdout F DNS_SERVERS=[],[]
2022-05-09T11:47:55.662584418Z stdout F OUTPUT_PATH=
2022-05-09T11:47:55.662588932Z stdout F NETWORK_NAMESPACE=
2022-05-09T11:47:55.662593734Z stdout F CNI_MODE=false
2022-05-09T11:47:55.662598313Z stdout F EXCLUDE_INTERFACES=
2022-05-09T11:47:55.662602956Z stdout F 
2022-05-09T11:47:55.662609323Z stdout F 2022-05-09T11:47:55.660164Z	info	Writing following contents to rules file: /tmp/iptables-rules-1652096875659451959.txt3984060915
2022-05-09T11:47:55.662617599Z stdout F * nat
2022-05-09T11:47:55.662628077Z stdout F -N ISTIO_INBOUND
2022-05-09T11:47:55.66263385Z stdout F -N ISTIO_REDIRECT
2022-05-09T11:47:55.662639161Z stdout F -N ISTIO_IN_REDIRECT
2022-05-09T11:47:55.662644001Z stdout F -N ISTIO_OUTPUT
2022-05-09T11:47:55.6626493Z stdout F -A ISTIO_INBOUND -p tcp --dport 15008 -j RETURN
2022-05-09T11:47:55.662654545Z stdout F -A ISTIO_REDIRECT -p tcp -j REDIRECT --to-ports 15001
2022-05-09T11:47:55.662723891Z stdout F -A ISTIO_IN_REDIRECT -p tcp -j REDIRECT --to-ports 15006
2022-05-09T11:47:55.662866847Z stdout F -A PREROUTING -p tcp -j ISTIO_INBOUND
2022-05-09T11:47:55.662878703Z stdout F -A ISTIO_INBOUND -p tcp --dport 15090 -j RETURN
2022-05-09T11:47:55.662886787Z stdout F -A ISTIO_INBOUND -p tcp --dport 15021 -j RETURN
2022-05-09T11:47:55.662892277Z stdout F -A ISTIO_INBOUND -p tcp --dport 15020 -j RETURN
2022-05-09T11:47:55.662897458Z stdout F -A ISTIO_INBOUND -p tcp -j ISTIO_IN_REDIRECT
2022-05-09T11:47:55.662902775Z stdout F -A OUTPUT -p tcp -j ISTIO_OUTPUT
2022-05-09T11:47:55.662908154Z stdout F -A ISTIO_OUTPUT -o lo -s 127.0.0.6/32 -j RETURN
2022-05-09T11:47:55.662914384Z stdout F -A ISTIO_OUTPUT -o lo ! -d 127.0.0.1/32 -m owner --uid-owner 1337 -j ISTIO_IN_REDIRECT
2022-05-09T11:47:55.662920036Z stdout F -A ISTIO_OUTPUT -o lo -m owner ! --uid-owner 1337 -j RETURN
2022-05-09T11:47:55.662925183Z stdout F -A ISTIO_OUTPUT -m owner --uid-owner 1337 -j RETURN
2022-05-09T11:47:55.663040851Z stdout F -A ISTIO_OUTPUT -o lo ! -d 127.0.0.1/32 -m owner --gid-owner 1337 -j ISTIO_IN_REDIRECT
2022-05-09T11:47:55.663055016Z stdout F -A ISTIO_OUTPUT -o lo -m owner ! --gid-owner 1337 -j RETURN
2022-05-09T11:47:55.663061206Z stdout F -A ISTIO_OUTPUT -m owner --gid-owner 1337 -j RETURN
2022-05-09T11:47:55.663066254Z stdout F -A ISTIO_OUTPUT -d 127.0.0.1/32 -j RETURN
2022-05-09T11:47:55.663070968Z stdout F -A ISTIO_OUTPUT -j ISTIO_REDIRECT
2022-05-09T11:47:55.663076077Z stdout F COMMIT
2022-05-09T11:47:55.663081713Z stdout F 2022-05-09T11:47:55.660566Z	info	Running command: iptables-restore --noflush /tmp/iptables-rules-1652096875659451959.txt3984060915
2022-05-09T11:47:55.675741572Z stdout F 2022-05-09T11:47:55.674032Z	info	Writing following contents to rules file: /tmp/ip6tables-rules-1652096875673712810.txt3296588919
2022-05-09T11:47:55.675958826Z stdout F 
2022-05-09T11:47:55.675978829Z stdout F 2022-05-09T11:47:55.674127Z	info	Running command: ip6tables-restore --noflush /tmp/ip6tables-rules-1652096875673712810.txt3296588919
2022-05-09T11:47:55.704586744Z stdout F 2022-05-09T11:47:55.700694Z	info	Running command: iptables-save 
2022-05-09T11:47:55.735529028Z stdout F 2022-05-09T11:47:55.735211Z	info	Command output: 
2022-05-09T11:47:55.735569953Z stdout F # Generated by iptables-save v1.8.4 on Mon May  9 11:47:55 2022
2022-05-09T11:47:55.735577574Z stdout F *nat
2022-05-09T11:47:55.735584126Z stdout F :PREROUTING ACCEPT [0:0]
2022-05-09T11:47:55.735589126Z stdout F :INPUT ACCEPT [0:0]
2022-05-09T11:47:55.735594086Z stdout F :OUTPUT ACCEPT [0:0]
2022-05-09T11:47:55.735599893Z stdout F :POSTROUTING ACCEPT [0:0]
2022-05-09T11:47:55.735604932Z stdout F :ISTIO_INBOUND - [0:0]
2022-05-09T11:47:55.735609821Z stdout F :ISTIO_IN_REDIRECT - [0:0]
2022-05-09T11:47:55.735614638Z stdout F :ISTIO_OUTPUT - [0:0]
2022-05-09T11:47:55.735619729Z stdout F :ISTIO_REDIRECT - [0:0]
2022-05-09T11:47:55.735624819Z stdout F -A PREROUTING -p tcp -j ISTIO_INBOUND
2022-05-09T11:47:55.735630342Z stdout F -A OUTPUT -p tcp -j ISTIO_OUTPUT
2022-05-09T11:47:55.73563502Z stdout F -A ISTIO_INBOUND -p tcp -m tcp --dport 15008 -j RETURN
2022-05-09T11:47:55.735640254Z stdout F -A ISTIO_INBOUND -p tcp -m tcp --dport 15090 -j RETURN
2022-05-09T11:47:55.735645186Z stdout F -A ISTIO_INBOUND -p tcp -m tcp --dport 15021 -j RETURN
2022-05-09T11:47:55.735650038Z stdout F -A ISTIO_INBOUND -p tcp -m tcp --dport 15020 -j RETURN
2022-05-09T11:47:55.73565482Z stdout F -A ISTIO_INBOUND -p tcp -j ISTIO_IN_REDIRECT
2022-05-09T11:47:55.735659687Z stdout F -A ISTIO_IN_REDIRECT -p tcp -j REDIRECT --to-ports 15006
2022-05-09T11:47:55.735664494Z stdout F -A ISTIO_OUTPUT -s 127.0.0.6/32 -o lo -j RETURN
2022-05-09T11:47:55.735669949Z stdout F -A ISTIO_OUTPUT ! -d 127.0.0.1/32 -o lo -m owner --uid-owner 1337 -j ISTIO_IN_REDIRECT
2022-05-09T11:47:55.735675108Z stdout F -A ISTIO_OUTPUT -o lo -m owner ! --uid-owner 1337 -j RETURN
2022-05-09T11:47:55.735680076Z stdout F -A ISTIO_OUTPUT -m owner --uid-owner 1337 -j RETURN
2022-05-09T11:47:55.735684881Z stdout F -A ISTIO_OUTPUT ! -d 127.0.0.1/32 -o lo -m owner --gid-owner 1337 -j ISTIO_IN_REDIRECT
2022-05-09T11:47:55.735689673Z stdout F -A ISTIO_OUTPUT -o lo -m owner ! --gid-owner 1337 -j RETURN
2022-05-09T11:47:55.735694693Z stdout F -A ISTIO_OUTPUT -m owner --gid-owner 1337 -j RETURN
2022-05-09T11:47:55.735699512Z stdout F -A ISTIO_OUTPUT -d 127.0.0.1/32 -j RETURN
2022-05-09T11:47:55.735704373Z stdout F -A ISTIO_OUTPUT -j ISTIO_REDIRECT
2022-05-09T11:47:55.73570932Z stdout F -A ISTIO_REDIRECT -p tcp -j REDIRECT --to-ports 15001
2022-05-09T11:47:55.735714945Z stdout F COMMIT
2022-05-09T11:47:55.735720186Z stdout F # Completed on Mon May  9 11:47:55 2022
2022-05-09T11:47:55.735724763Z stdout F 
