2022-04-27T06:19:39.108451477Z stdout F 2022-04-27T06:19:39.106541Z	info	Istio iptables environment:
2022-04-27T06:19:39.108699527Z stdout F ENVOY_PORT=
2022-04-27T06:19:39.108727677Z stdout F INBOUND_CAPTURE_PORT=
2022-04-27T06:19:39.108741997Z stdout F ISTIO_INBOUND_INTERCEPTION_MODE=
2022-04-27T06:19:39.108753049Z stdout F ISTIO_INBOUND_TPROXY_ROUTE_TABLE=
2022-04-27T06:19:39.108762729Z stdout F ISTIO_INBOUND_PORTS=
2022-04-27T06:19:39.10877181Z stdout F ISTIO_OUTBOUND_PORTS=
2022-04-27T06:19:39.108780694Z stdout F ISTIO_LOCAL_EXCLUDE_PORTS=
2022-04-27T06:19:39.108790322Z stdout F ISTIO_EXCLUDE_INTERFACES=
2022-04-27T06:19:39.108799516Z stdout F ISTIO_SERVICE_CIDR=
2022-04-27T06:19:39.108808167Z stdout F ISTIO_SERVICE_EXCLUDE_CIDR=
2022-04-27T06:19:39.108816714Z stdout F ISTIO_META_DNS_CAPTURE=
2022-04-27T06:19:39.10903015Z stdout F INVALID_DROP=
2022-04-27T06:19:39.109046656Z stdout F 
2022-04-27T06:19:39.109055207Z stdout F 2022-04-27T06:19:39.107002Z	info	Istio iptables variables:
2022-04-27T06:19:39.109062119Z stdout F PROXY_PORT=15001
2022-04-27T06:19:39.109069082Z stdout F PROXY_INBOUND_CAPTURE_PORT=15006
2022-04-27T06:19:39.109079346Z stdout F PROXY_TUNNEL_PORT=15008
2022-04-27T06:19:39.109087364Z stdout F PROXY_UID=1337
2022-04-27T06:19:39.109095778Z stdout F PROXY_GID=1337
2022-04-27T06:19:39.109104071Z stdout F INBOUND_INTERCEPTION_MODE=REDIRECT
2022-04-27T06:19:39.109112922Z stdout F INBOUND_TPROXY_MARK=1337
2022-04-27T06:19:39.109125926Z stdout F INBOUND_TPROXY_ROUTE_TABLE=133
2022-04-27T06:19:39.109145008Z stdout F INBOUND_PORTS_INCLUDE=*
2022-04-27T06:19:39.10915562Z stdout F INBOUND_PORTS_EXCLUDE=15090,15021,15020
2022-04-27T06:19:39.10916488Z stdout F OUTBOUND_IP_RANGES_INCLUDE=*
2022-04-27T06:19:39.109174079Z stdout F OUTBOUND_IP_RANGES_EXCLUDE=
2022-04-27T06:19:39.109182625Z stdout F OUTBOUND_PORTS_INCLUDE=
2022-04-27T06:19:39.109191124Z stdout F OUTBOUND_PORTS_EXCLUDE=
2022-04-27T06:19:39.109199663Z stdout F KUBE_VIRT_INTERFACES=
2022-04-27T06:19:39.109208492Z stdout F ENABLE_INBOUND_IPV6=false
2022-04-27T06:19:39.109233424Z stdout F DNS_CAPTURE=false
2022-04-27T06:19:39.109251441Z stdout F DROP_INVALID=false
2022-04-27T06:19:39.109261247Z stdout F CAPTURE_ALL_DNS=false
2022-04-27T06:19:39.109269392Z stdout F DNS_SERVERS=[],[]
2022-04-27T06:19:39.10927732Z stdout F OUTPUT_PATH=
2022-04-27T06:19:39.109285523Z stdout F NETWORK_NAMESPACE=
2022-04-27T06:19:39.109463143Z stdout F CNI_MODE=false
2022-04-27T06:19:39.109507471Z stdout F EXCLUDE_INTERFACES=
2022-04-27T06:19:39.109521139Z stdout F 
2022-04-27T06:19:39.117569768Z stdout F 2022-04-27T06:19:39.114111Z	info	Writing following contents to rules file: /tmp/iptables-rules-1651040379107288560.txt79192807
2022-04-27T06:19:39.117613995Z stdout F * nat
2022-04-27T06:19:39.117628431Z stdout F -N ISTIO_INBOUND
2022-04-27T06:19:39.117640989Z stdout F -N ISTIO_REDIRECT
2022-04-27T06:19:39.117650349Z stdout F -N ISTIO_IN_REDIRECT
2022-04-27T06:19:39.11765889Z stdout F -N ISTIO_OUTPUT
2022-04-27T06:19:39.117668561Z stdout F -A ISTIO_INBOUND -p tcp --dport 15008 -j RETURN
2022-04-27T06:19:39.1176786Z stdout F -A ISTIO_REDIRECT -p tcp -j REDIRECT --to-ports 15001
2022-04-27T06:19:39.117692453Z stdout F -A ISTIO_IN_REDIRECT -p tcp -j REDIRECT --to-ports 15006
2022-04-27T06:19:39.117707732Z stdout F -A PREROUTING -p tcp -j ISTIO_INBOUND
2022-04-27T06:19:39.117794598Z stdout F -A ISTIO_INBOUND -p tcp --dport 15090 -j RETURN
2022-04-27T06:19:39.117809649Z stdout F -A ISTIO_INBOUND -p tcp --dport 15021 -j RETURN
2022-04-27T06:19:39.117818605Z stdout F -A ISTIO_INBOUND -p tcp --dport 15020 -j RETURN
2022-04-27T06:19:39.117827273Z stdout F -A ISTIO_INBOUND -p tcp -j ISTIO_IN_REDIRECT
2022-04-27T06:19:39.117869822Z stdout F -A OUTPUT -p tcp -j ISTIO_OUTPUT
2022-04-27T06:19:39.117887789Z stdout F -A ISTIO_OUTPUT -o lo -s 127.0.0.6/32 -j RETURN
2022-04-27T06:19:39.118030155Z stdout F -A ISTIO_OUTPUT -o lo ! -d 127.0.0.1/32 -m owner --uid-owner 1337 -j ISTIO_IN_REDIRECT
2022-04-27T06:19:39.118091527Z stdout F -A ISTIO_OUTPUT -o lo -m owner ! --uid-owner 1337 -j RETURN
2022-04-27T06:19:39.118110092Z stdout F -A ISTIO_OUTPUT -m owner --uid-owner 1337 -j RETURN
2022-04-27T06:19:39.118245429Z stdout F -A ISTIO_OUTPUT -o lo ! -d 127.0.0.1/32 -m owner --gid-owner 1337 -j ISTIO_IN_REDIRECT
2022-04-27T06:19:39.118265627Z stdout F -A ISTIO_OUTPUT -o lo -m owner ! --gid-owner 1337 -j RETURN
2022-04-27T06:19:39.118275313Z stdout F -A ISTIO_OUTPUT -m owner --gid-owner 1337 -j RETURN
2022-04-27T06:19:39.118284505Z stdout F -A ISTIO_OUTPUT -d 127.0.0.1/32 -j RETURN
2022-04-27T06:19:39.118293044Z stdout F -A ISTIO_OUTPUT -j ISTIO_REDIRECT
2022-04-27T06:19:39.118301137Z stdout F COMMIT
2022-04-27T06:19:39.118310203Z stdout F 2022-04-27T06:19:39.114879Z	info	Running command: iptables-restore --noflush /tmp/iptables-rules-1651040379107288560.txt79192807
2022-04-27T06:19:39.164227764Z stdout F 2022-04-27T06:19:39.163130Z	info	Writing following contents to rules file: /tmp/ip6tables-rules-1651040379162889096.txt2586002263
2022-04-27T06:19:39.167446064Z stdout F 
2022-04-27T06:19:39.167486576Z stdout F 2022-04-27T06:19:39.163206Z	info	Running command: ip6tables-restore --noflush /tmp/ip6tables-rules-1651040379162889096.txt2586002263
2022-04-27T06:19:39.183137629Z stdout F 2022-04-27T06:19:39.182028Z	info	Running command: iptables-save 
2022-04-27T06:19:39.210404847Z stdout F 2022-04-27T06:19:39.206297Z	info	Command output: 
2022-04-27T06:19:39.210452714Z stdout F # Generated by iptables-save v1.8.4 on Wed Apr 27 06:19:39 2022
2022-04-27T06:19:39.210471408Z stdout F *nat
2022-04-27T06:19:39.210643279Z stdout F :PREROUTING ACCEPT [0:0]
2022-04-27T06:19:39.2106679Z stdout F :INPUT ACCEPT [0:0]
2022-04-27T06:19:39.210678468Z stdout F :OUTPUT ACCEPT [0:0]
2022-04-27T06:19:39.211316464Z stdout F :POSTROUTING ACCEPT [0:0]
2022-04-27T06:19:39.211363708Z stdout F :ISTIO_INBOUND - [0:0]
2022-04-27T06:19:39.211375953Z stdout F :ISTIO_IN_REDIRECT - [0:0]
2022-04-27T06:19:39.211384422Z stdout F :ISTIO_OUTPUT - [0:0]
2022-04-27T06:19:39.211392232Z stdout F :ISTIO_REDIRECT - [0:0]
2022-04-27T06:19:39.21140078Z stdout F -A PREROUTING -p tcp -j ISTIO_INBOUND
2022-04-27T06:19:39.211408888Z stdout F -A OUTPUT -p tcp -j ISTIO_OUTPUT
2022-04-27T06:19:39.211416948Z stdout F -A ISTIO_INBOUND -p tcp -m tcp --dport 15008 -j RETURN
2022-04-27T06:19:39.211424673Z stdout F -A ISTIO_INBOUND -p tcp -m tcp --dport 15090 -j RETURN
2022-04-27T06:19:39.211432343Z stdout F -A ISTIO_INBOUND -p tcp -m tcp --dport 15021 -j RETURN
2022-04-27T06:19:39.211446133Z stdout F -A ISTIO_INBOUND -p tcp -m tcp --dport 15020 -j RETURN
2022-04-27T06:19:39.211462687Z stdout F -A ISTIO_INBOUND -p tcp -j ISTIO_IN_REDIRECT
2022-04-27T06:19:39.211471457Z stdout F -A ISTIO_IN_REDIRECT -p tcp -j REDIRECT --to-ports 15006
2022-04-27T06:19:39.211479377Z stdout F -A ISTIO_OUTPUT -s 127.0.0.6/32 -o lo -j RETURN
2022-04-27T06:19:39.211487796Z stdout F -A ISTIO_OUTPUT ! -d 127.0.0.1/32 -o lo -m owner --uid-owner 1337 -j ISTIO_IN_REDIRECT
2022-04-27T06:19:39.211495774Z stdout F -A ISTIO_OUTPUT -o lo -m owner ! --uid-owner 1337 -j RETURN
2022-04-27T06:19:39.211503483Z stdout F -A ISTIO_OUTPUT -m owner --uid-owner 1337 -j RETURN
2022-04-27T06:19:39.211511381Z stdout F -A ISTIO_OUTPUT ! -d 127.0.0.1/32 -o lo -m owner --gid-owner 1337 -j ISTIO_IN_REDIRECT
2022-04-27T06:19:39.21151908Z stdout F -A ISTIO_OUTPUT -o lo -m owner ! --gid-owner 1337 -j RETURN
2022-04-27T06:19:39.211526939Z stdout F -A ISTIO_OUTPUT -m owner --gid-owner 1337 -j RETURN
2022-04-27T06:19:39.211534656Z stdout F -A ISTIO_OUTPUT -d 127.0.0.1/32 -j RETURN
2022-04-27T06:19:39.21154247Z stdout F -A ISTIO_OUTPUT -j ISTIO_REDIRECT
2022-04-27T06:19:39.211550187Z stdout F -A ISTIO_REDIRECT -p tcp -j REDIRECT --to-ports 15001
2022-04-27T06:19:39.217190785Z stdout F COMMIT
2022-04-27T06:19:39.217232346Z stdout F # Completed on Wed Apr 27 06:19:39 2022
2022-04-27T06:19:39.217247997Z stdout F 
