2022-05-09T06:51:05.065412625Z stdout F 2022-05-09T06:51:05.062237Z	info	Istio iptables environment:
2022-05-09T06:51:05.065443891Z stdout F ENVOY_PORT=
2022-05-09T06:51:05.065450776Z stdout F INBOUND_CAPTURE_PORT=
2022-05-09T06:51:05.065455784Z stdout F ISTIO_INBOUND_INTERCEPTION_MODE=
2022-05-09T06:51:05.06546168Z stdout F ISTIO_INBOUND_TPROXY_ROUTE_TABLE=
2022-05-09T06:51:05.065466372Z stdout F ISTIO_INBOUND_PORTS=
2022-05-09T06:51:05.065470782Z stdout F ISTIO_OUTBOUND_PORTS=
2022-05-09T06:51:05.065475031Z stdout F ISTIO_LOCAL_EXCLUDE_PORTS=
2022-05-09T06:51:05.06547913Z stdout F ISTIO_EXCLUDE_INTERFACES=
2022-05-09T06:51:05.065481818Z stdout F ISTIO_SERVICE_CIDR=
2022-05-09T06:51:05.065484372Z stdout F ISTIO_SERVICE_EXCLUDE_CIDR=
2022-05-09T06:51:05.065486793Z stdout F ISTIO_META_DNS_CAPTURE=
2022-05-09T06:51:05.0654894Z stdout F INVALID_DROP=
2022-05-09T06:51:05.065491967Z stdout F 
2022-05-09T06:51:05.065494616Z stdout F 2022-05-09T06:51:05.062401Z	info	Istio iptables variables:
2022-05-09T06:51:05.065497117Z stdout F PROXY_PORT=15001
2022-05-09T06:51:05.065499683Z stdout F PROXY_INBOUND_CAPTURE_PORT=15006
2022-05-09T06:51:05.065502248Z stdout F PROXY_TUNNEL_PORT=15008
2022-05-09T06:51:05.065504829Z stdout F PROXY_UID=1337
2022-05-09T06:51:05.065508038Z stdout F PROXY_GID=1337
2022-05-09T06:51:05.065511666Z stdout F INBOUND_INTERCEPTION_MODE=REDIRECT
2022-05-09T06:51:05.06551428Z stdout F INBOUND_TPROXY_MARK=1337
2022-05-09T06:51:05.065516797Z stdout F INBOUND_TPROXY_ROUTE_TABLE=133
2022-05-09T06:51:05.065519208Z stdout F INBOUND_PORTS_INCLUDE=*
2022-05-09T06:51:05.065522545Z stdout F INBOUND_PORTS_EXCLUDE=15090,15021,15020
2022-05-09T06:51:05.065525699Z stdout F OUTBOUND_IP_RANGES_INCLUDE=*
2022-05-09T06:51:05.065528219Z stdout F OUTBOUND_IP_RANGES_EXCLUDE=
2022-05-09T06:51:05.065530742Z stdout F OUTBOUND_PORTS_INCLUDE=
2022-05-09T06:51:05.065533134Z stdout F OUTBOUND_PORTS_EXCLUDE=
2022-05-09T06:51:05.065535529Z stdout F KUBE_VIRT_INTERFACES=
2022-05-09T06:51:05.065538075Z stdout F ENABLE_INBOUND_IPV6=false
2022-05-09T06:51:05.065540521Z stdout F DNS_CAPTURE=false
2022-05-09T06:51:05.065543015Z stdout F DROP_INVALID=false
2022-05-09T06:51:05.065545402Z stdout F CAPTURE_ALL_DNS=false
2022-05-09T06:51:05.065547835Z stdout F DNS_SERVERS=[],[]
2022-05-09T06:51:05.065550279Z stdout F OUTPUT_PATH=
2022-05-09T06:51:05.065552699Z stdout F NETWORK_NAMESPACE=
2022-05-09T06:51:05.065555134Z stdout F CNI_MODE=false
2022-05-09T06:51:05.065558596Z stdout F EXCLUDE_INTERFACES=
2022-05-09T06:51:05.065561606Z stdout F 
2022-05-09T06:51:05.065564474Z stdout F 2022-05-09T06:51:05.062820Z	info	Writing following contents to rules file: /tmp/iptables-rules-1652079065062563685.txt3366036276
2022-05-09T06:51:05.065567006Z stdout F * nat
2022-05-09T06:51:05.065569935Z stdout F -N ISTIO_INBOUND
2022-05-09T06:51:05.065573973Z stdout F -N ISTIO_REDIRECT
2022-05-09T06:51:05.065576538Z stdout F -N ISTIO_IN_REDIRECT
2022-05-09T06:51:05.065579191Z stdout F -N ISTIO_OUTPUT
2022-05-09T06:51:05.065581781Z stdout F -A ISTIO_INBOUND -p tcp --dport 15008 -j RETURN
2022-05-09T06:51:05.065584396Z stdout F -A ISTIO_REDIRECT -p tcp -j REDIRECT --to-ports 15001
2022-05-09T06:51:05.065586926Z stdout F -A ISTIO_IN_REDIRECT -p tcp -j REDIRECT --to-ports 15006
2022-05-09T06:51:05.065589338Z stdout F -A PREROUTING -p tcp -j ISTIO_INBOUND
2022-05-09T06:51:05.065591774Z stdout F -A ISTIO_INBOUND -p tcp --dport 15090 -j RETURN
2022-05-09T06:51:05.065594313Z stdout F -A ISTIO_INBOUND -p tcp --dport 15021 -j RETURN
2022-05-09T06:51:05.065596764Z stdout F -A ISTIO_INBOUND -p tcp --dport 15020 -j RETURN
2022-05-09T06:51:05.065599246Z stdout F -A ISTIO_INBOUND -p tcp -j ISTIO_IN_REDIRECT
2022-05-09T06:51:05.065601865Z stdout F -A OUTPUT -p tcp -j ISTIO_OUTPUT
2022-05-09T06:51:05.065604318Z stdout F -A ISTIO_OUTPUT -o lo -s 127.0.0.6/32 -j RETURN
2022-05-09T06:51:05.065607212Z stdout F -A ISTIO_OUTPUT -o lo ! -d 127.0.0.1/32 -m owner --uid-owner 1337 -j ISTIO_IN_REDIRECT
2022-05-09T06:51:05.065609693Z stdout F -A ISTIO_OUTPUT -o lo -m owner ! --uid-owner 1337 -j RETURN
2022-05-09T06:51:05.065619744Z stdout F -A ISTIO_OUTPUT -m owner --uid-owner 1337 -j RETURN
2022-05-09T06:51:05.065622793Z stdout F -A ISTIO_OUTPUT -o lo ! -d 127.0.0.1/32 -m owner --gid-owner 1337 -j ISTIO_IN_REDIRECT
2022-05-09T06:51:05.065625935Z stdout F -A ISTIO_OUTPUT -o lo -m owner ! --gid-owner 1337 -j RETURN
2022-05-09T06:51:05.065629501Z stdout F -A ISTIO_OUTPUT -m owner --gid-owner 1337 -j RETURN
2022-05-09T06:51:05.065632259Z stdout F -A ISTIO_OUTPUT -d 127.0.0.1/32 -j RETURN
2022-05-09T06:51:05.065634787Z stdout F -A ISTIO_OUTPUT -j ISTIO_REDIRECT
2022-05-09T06:51:05.065638512Z stdout F COMMIT
2022-05-09T06:51:05.065641515Z stdout F 2022-05-09T06:51:05.062953Z	info	Running command: iptables-restore --noflush /tmp/iptables-rules-1652079065062563685.txt3366036276
2022-05-09T06:51:05.068894716Z stdout F 2022-05-09T06:51:05.068587Z	info	Writing following contents to rules file: /tmp/ip6tables-rules-1652079065068517613.txt1665177559
2022-05-09T06:51:05.068913401Z stdout F 
2022-05-09T06:51:05.068917786Z stdout F 2022-05-09T06:51:05.068667Z	info	Running command: ip6tables-restore --noflush /tmp/ip6tables-rules-1652079065068517613.txt1665177559
2022-05-09T06:51:05.073594322Z stdout F 2022-05-09T06:51:05.073248Z	info	Running command: iptables-save 
2022-05-09T06:51:05.081613128Z stdout F 2022-05-09T06:51:05.080149Z	info	Command output: 
2022-05-09T06:51:05.081640017Z stdout F # Generated by iptables-save v1.8.4 on Mon May  9 06:51:05 2022
2022-05-09T06:51:05.081651758Z stdout F *nat
2022-05-09T06:51:05.08166125Z stdout F :PREROUTING ACCEPT [0:0]
2022-05-09T06:51:05.08167129Z stdout F :INPUT ACCEPT [0:0]
2022-05-09T06:51:05.081680409Z stdout F :OUTPUT ACCEPT [0:0]
2022-05-09T06:51:05.081692587Z stdout F :POSTROUTING ACCEPT [0:0]
2022-05-09T06:51:05.081700318Z stdout F :ISTIO_INBOUND - [0:0]
2022-05-09T06:51:05.081704845Z stdout F :ISTIO_IN_REDIRECT - [0:0]
2022-05-09T06:51:05.081709204Z stdout F :ISTIO_OUTPUT - [0:0]
2022-05-09T06:51:05.081713865Z stdout F :ISTIO_REDIRECT - [0:0]
2022-05-09T06:51:05.081718877Z stdout F -A PREROUTING -p tcp -j ISTIO_INBOUND
2022-05-09T06:51:05.081723069Z stdout F -A OUTPUT -p tcp -j ISTIO_OUTPUT
2022-05-09T06:51:05.081727476Z stdout F -A ISTIO_INBOUND -p tcp -m tcp --dport 15008 -j RETURN
2022-05-09T06:51:05.08173195Z stdout F -A ISTIO_INBOUND -p tcp -m tcp --dport 15090 -j RETURN
2022-05-09T06:51:05.081736217Z stdout F -A ISTIO_INBOUND -p tcp -m tcp --dport 15021 -j RETURN
2022-05-09T06:51:05.081740732Z stdout F -A ISTIO_INBOUND -p tcp -m tcp --dport 15020 -j RETURN
2022-05-09T06:51:05.081745136Z stdout F -A ISTIO_INBOUND -p tcp -j ISTIO_IN_REDIRECT
2022-05-09T06:51:05.081749157Z stdout F -A ISTIO_IN_REDIRECT -p tcp -j REDIRECT --to-ports 15006
2022-05-09T06:51:05.081753492Z stdout F -A ISTIO_OUTPUT -s 127.0.0.6/32 -o lo -j RETURN
2022-05-09T06:51:05.081758128Z stdout F -A ISTIO_OUTPUT ! -d 127.0.0.1/32 -o lo -m owner --uid-owner 1337 -j ISTIO_IN_REDIRECT
2022-05-09T06:51:05.08176271Z stdout F -A ISTIO_OUTPUT -o lo -m owner ! --uid-owner 1337 -j RETURN
2022-05-09T06:51:05.081767207Z stdout F -A ISTIO_OUTPUT -m owner --uid-owner 1337 -j RETURN
2022-05-09T06:51:05.081771961Z stdout F -A ISTIO_OUTPUT ! -d 127.0.0.1/32 -o lo -m owner --gid-owner 1337 -j ISTIO_IN_REDIRECT
2022-05-09T06:51:05.08177647Z stdout F -A ISTIO_OUTPUT -o lo -m owner ! --gid-owner 1337 -j RETURN
2022-05-09T06:51:05.081780933Z stdout F -A ISTIO_OUTPUT -m owner --gid-owner 1337 -j RETURN
2022-05-09T06:51:05.081785198Z stdout F -A ISTIO_OUTPUT -d 127.0.0.1/32 -j RETURN
2022-05-09T06:51:05.081789494Z stdout F -A ISTIO_OUTPUT -j ISTIO_REDIRECT
2022-05-09T06:51:05.081793435Z stdout F -A ISTIO_REDIRECT -p tcp -j REDIRECT --to-ports 15001
2022-05-09T06:51:05.081797755Z stdout F COMMIT
2022-05-09T06:51:05.081802579Z stdout F # Completed on Mon May  9 06:51:05 2022
2022-05-09T06:51:05.081806946Z stdout F 
