2022-05-25T10:54:54.056149797Z stdout F 2022-05-25 18:54:53.572  INFO [bootstrap,,,] 1 --- [           main] s.c.a.AnnotationConfigApplicationContext : Refreshing org.springframework.context.annotation.AnnotationConfigApplicationContext@48533e64: startup date [Wed May 25 18:54:53 CST 2022]; root of context hierarchy
2022-05-25T10:55:36.049801142Z stdout F 2022-05-25 18:55:35.925  INFO [bootstrap,,,] 1 --- [           main] trationDelegate$BeanPostProcessorChecker : Bean 'configurationPropertiesRebinderAutoConfiguration' of type [org.springframework.cloud.autoconfigure.ConfigurationPropertiesRebinderAutoConfiguration$$EnhancerBySpringCGLIB$$3c5b44cd] is not eligible for getting processed by all BeanPostProcessors (for example: not eligible for auto-proxying)
2022-05-25T10:56:44.56137261Z stdout F 
2022-05-25T10:56:44.561504062Z stdout F   .   ____          _            __ _ _
2022-05-25T10:56:44.561580226Z stdout F  /\\ / ___'_ __ _ _(_)_ __  __ _ \ \ \ \
2022-05-25T10:56:44.561675762Z stdout F ( ( )\___ | '_ | '_| | '_ \/ _` | \ \ \ \
2022-05-25T10:56:44.561691784Z stdout F  \\/  ___)| |_)| | | | | || (_| |  ) ) ) )
2022-05-25T10:56:44.561698963Z stdout F   '  |____| .__|_| |_|_| |_\__, | / / / /
2022-05-25T10:56:44.561713776Z stdout F  =========|_|==============|___/=/_/_/_/
2022-05-25T10:56:44.642575902Z stdout F  :: Spring Boot ::       (v1.5.22.RELEASE)
2022-05-25T10:56:44.64261808Z stdout F 
2022-05-25T10:56:45.687905461Z stdout F 2022-05-25 18:56:45.676  INFO [ts-travel-plan-service,,,] 1 --- [           main] travelplan.TravelPlanApplication         : No active profile set, falling back to default profiles: default
2022-05-25T10:56:48.922992029Z stdout F 2022-05-25 18:56:48.922  INFO [ts-travel-plan-service,,,] 1 --- [           main] ationConfigEmbeddedWebApplicationContext : Refreshing org.springframework.boot.context.embedded.AnnotationConfigEmbeddedWebApplicationContext@7c16905e: startup date [Wed May 25 18:56:48 CST 2022]; parent: org.springframework.context.annotation.AnnotationConfigApplicationContext@48533e64
2022-05-25T10:58:00.452027439Z stdout F 2022-05-25 18:58:00.451  INFO [ts-travel-plan-service,,,] 1 --- [           main] o.s.i.config.IntegrationRegistrar        : No bean named 'integrationHeaderChannelRegistry' has been explicitly defined. Therefore, a default DefaultHeaderChannelRegistry will be created.
2022-05-25T10:58:27.26127312Z stdout F 2022-05-25 18:58:27.260  INFO [ts-travel-plan-service,,,] 1 --- [           main] o.s.cloud.context.scope.GenericScope     : BeanFactory id=2aac6e10-3279-3034-97ca-c1d89ef1fd2d
2022-05-25T10:58:27.742179168Z stdout F 2022-05-25 18:58:27.741  INFO [ts-travel-plan-service,,,] 1 --- [           main] faultConfiguringBeanFactoryPostProcessor : No bean named 'errorChannel' has been explicitly defined. Therefore, a default PublishSubscribeChannel will be created.
2022-05-25T10:58:27.921795237Z stdout F 2022-05-25 18:58:27.921  INFO [ts-travel-plan-service,,,] 1 --- [           main] faultConfiguringBeanFactoryPostProcessor : No bean named 'taskScheduler' has been explicitly defined. Therefore, a default ThreadPoolTaskScheduler will be created.
2022-05-25T10:58:33.325146065Z stdout F 2022-05-25 18:58:33.311  INFO [ts-travel-plan-service,,,] 1 --- [           main] trationDelegate$BeanPostProcessorChecker : Bean 'org.springframework.cloud.sleuth.instrument.async.AsyncDefaultAutoConfiguration$DefaultAsyncConfigurerSupport' of type [org.springframework.cloud.sleuth.instrument.async.AsyncDefaultAutoConfiguration$DefaultAsyncConfigurerSupport$$EnhancerBySpringCGLIB$$5d82df93] is not eligible for getting processed by all BeanPostProcessors (for example: not eligible for auto-proxying)
2022-05-25T10:58:38.394238164Z stdout F 2022-05-25 18:58:38.393  INFO [ts-travel-plan-service,,,] 1 --- [           main] trationDelegate$BeanPostProcessorChecker : Bean 'org.springframework.cloud.sleuth.annotation.SleuthAnnotationAutoConfiguration' of type [org.springframework.cloud.sleuth.annotation.SleuthAnnotationAutoConfiguration$$EnhancerBySpringCGLIB$$22a68802] is not eligible for getting processed by all BeanPostProcessors (for example: not eligible for auto-proxying)
2022-05-25T10:58:50.653188168Z stdout F 2022-05-25 18:58:50.652  INFO [ts-travel-plan-service,,,] 1 --- [           main] trationDelegate$BeanPostProcessorChecker : Bean 'sleuthAdvisorConfig' of type [org.springframework.cloud.sleuth.annotation.SleuthAdvisorConfig] is not eligible for getting processed by all BeanPostProcessors (for example: not eligible for auto-proxying)
2022-05-25T10:58:53.990261902Z stdout F 2022-05-25 18:58:53.989  INFO [ts-travel-plan-service,,,] 1 --- [           main] trationDelegate$BeanPostProcessorChecker : Bean 'org.springframework.security.config.annotation.configuration.ObjectPostProcessorConfiguration' of type [org.springframework.security.config.annotation.configuration.ObjectPostProcessorConfiguration$$EnhancerBySpringCGLIB$$b8ef0a0a] is not eligible for getting processed by all BeanPostProcessors (for example: not eligible for auto-proxying)
2022-05-25T10:58:56.331524679Z stdout F 2022-05-25 18:58:56.330  INFO [ts-travel-plan-service,,,] 1 --- [           main] trationDelegate$BeanPostProcessorChecker : Bean 'objectPostProcessor' of type [org.springframework.security.config.annotation.configuration.AutowireBeanFactoryObjectPostProcessor] is not eligible for getting processed by all BeanPostProcessors (for example: not eligible for auto-proxying)
2022-05-25T10:58:56.554521528Z stdout F 2022-05-25 18:58:56.552  INFO [ts-travel-plan-service,,,] 1 --- [           main] trationDelegate$BeanPostProcessorChecker : Bean 'org.springframework.security.access.expression.method.DefaultMethodSecurityExpressionHandler@2254127a' of type [org.springframework.security.access.expression.method.DefaultMethodSecurityExpressionHandler] is not eligible for getting processed by all BeanPostProcessors (for example: not eligible for auto-proxying)
2022-05-25T10:58:57.653416861Z stdout F 2022-05-25 18:58:57.548  INFO [ts-travel-plan-service,,,] 1 --- [           main] trationDelegate$BeanPostProcessorChecker : Bean 'org.springframework.security.config.annotation.method.configuration.GlobalMethodSecurityConfiguration' of type [org.springframework.security.config.annotation.method.configuration.GlobalMethodSecurityConfiguration$$EnhancerBySpringCGLIB$$ddc3acbc] is not eligible for getting processed by all BeanPostProcessors (for example: not eligible for auto-proxying)
2022-05-25T10:59:00.471698611Z stdout F 2022-05-25 18:59:00.214  INFO [ts-travel-plan-service,,,] 1 --- [           main] trationDelegate$BeanPostProcessorChecker : Bean 'methodSecurityMetadataSource' of type [org.springframework.security.access.method.DelegatingMethodSecurityMetadataSource] is not eligible for getting processed by all BeanPostProcessors (for example: not eligible for auto-proxying)
2022-05-25T10:59:12.296059245Z stdout F 2022-05-25 18:59:12.034  INFO [ts-travel-plan-service,,,] 1 --- [           main] trationDelegate$BeanPostProcessorChecker : Bean 'integrationGlobalProperties' of type [org.springframework.beans.factory.config.PropertiesFactoryBean] is not eligible for getting processed by all BeanPostProcessors (for example: not eligible for auto-proxying)
2022-05-25T10:59:26.266970526Z stdout F 2022-05-25 18:59:26.007  INFO [ts-travel-plan-service,,,] 1 --- [           main] trationDelegate$BeanPostProcessorChecker : Bean 'integrationGlobalProperties' of type [java.util.Properties] is not eligible for getting processed by all BeanPostProcessors (for example: not eligible for auto-proxying)
2022-05-25T11:00:25.968026352Z stdout F 2022-05-25 19:00:25.925  INFO [ts-travel-plan-service,,,] 1 --- [           main] trationDelegate$BeanPostProcessorChecker : Bean 'org.springframework.cloud.autoconfigure.ConfigurationPropertiesRebinderAutoConfiguration' of type [org.springframework.cloud.autoconfigure.ConfigurationPropertiesRebinderAutoConfiguration$$EnhancerBySpringCGLIB$$3c5b44cd] is not eligible for getting processed by all BeanPostProcessors (for example: not eligible for auto-proxying)
2022-05-25T11:00:27.377555035Z stdout F 2022-05-25 19:00:27.376  INFO [ts-travel-plan-service,,,] 1 --- [           main] trationDelegate$BeanPostProcessorChecker : Bean 'org.springframework.cloud.sleuth.instrument.async.AsyncDefaultAutoConfiguration' of type [org.springframework.cloud.sleuth.instrument.async.AsyncDefaultAutoConfiguration$$EnhancerBySpringCGLIB$$824edef] is not eligible for getting processed by all BeanPostProcessors (for example: not eligible for auto-proxying)
2022-05-25T11:00:29.085681897Z stdout F 2022-05-25 19:00:29.084  INFO [ts-travel-plan-service,,,] 1 --- [           main] trationDelegate$BeanPostProcessorChecker : Bean 'org.springframework.cloud.sleuth.instrument.web.client.TraceWebClientAutoConfiguration' of type [org.springframework.cloud.sleuth.instrument.web.client.TraceWebClientAutoConfiguration$$EnhancerBySpringCGLIB$$ccd40d4f] is not eligible for getting processed by all BeanPostProcessors (for example: not eligible for auto-proxying)
2022-05-25T11:01:06.935140148Z stdout F 2022-05-25 19:01:06.934  INFO [ts-travel-plan-service,,,] 1 --- [           main] s.b.c.e.t.TomcatEmbeddedServletContainer : Tomcat initialized with port(s): 14322 (http)
2022-05-25T11:01:34.512885417Z stdout F 2022-05-25 19:01:34.505  INFO [ts-travel-plan-service,,,] 1 --- [           main] o.apache.catalina.core.StandardService   : Starting service [Tomcat]
2022-05-25T11:01:34.539062805Z stdout F 2022-05-25 19:01:34.517  INFO [ts-travel-plan-service,,,] 1 --- [           main] org.apache.catalina.core.StandardEngine  : Starting Servlet Engine: Apache Tomcat/8.5.43
2022-05-25T11:01:46.74618299Z stdout F 2022-05-25 19:01:46.676  INFO [ts-travel-plan-service,,,] 1 --- [ost-startStop-1] o.a.c.c.C.[Tomcat].[localhost].[/]       : Initializing Spring embedded WebApplicationContext
2022-05-25T11:01:46.830994442Z stdout F 2022-05-25 19:01:46.818  INFO [ts-travel-plan-service,,,] 1 --- [ost-startStop-1] o.s.web.context.ContextLoader            : Root WebApplicationContext: initialization completed in 297874 ms
2022-05-25T11:03:06.515331998Z stdout F 2022-05-25 19:03:06.513  INFO [ts-travel-plan-service,,,] 1 --- [ost-startStop-1] o.s.b.w.servlet.FilterRegistrationBean   : Mapping filter: 'metricsFilter' to: [/*]
2022-05-25T11:03:06.598408069Z stdout F 2022-05-25 19:03:06.597  INFO [ts-travel-plan-service,,,] 1 --- [ost-startStop-1] o.s.b.w.servlet.FilterRegistrationBean   : Mapping filter: 'characterEncodingFilter' to: [/*]
2022-05-25T11:03:06.640068561Z stdout F 2022-05-25 19:03:06.639  INFO [ts-travel-plan-service,,,] 1 --- [ost-startStop-1] o.s.b.w.servlet.FilterRegistrationBean   : Mapping filter: 'traceFilter' to: [/*]
2022-05-25T11:03:06.640108456Z stdout F 2022-05-25 19:03:06.639  INFO [ts-travel-plan-service,,,] 1 --- [ost-startStop-1] o.s.b.w.servlet.FilterRegistrationBean   : Mapping filter: 'hiddenHttpMethodFilter' to: [/*]
2022-05-25T11:03:06.64030679Z stdout F 2022-05-25 19:03:06.639  INFO [ts-travel-plan-service,,,] 1 --- [ost-startStop-1] o.s.b.w.servlet.FilterRegistrationBean   : Mapping filter: 'httpPutFormContentFilter' to: [/*]
2022-05-25T11:03:06.640516587Z stdout F 2022-05-25 19:03:06.640  INFO [ts-travel-plan-service,,,] 1 --- [ost-startStop-1] o.s.b.w.servlet.FilterRegistrationBean   : Mapping filter: 'requestContextFilter' to: [/*]
2022-05-25T11:03:06.737657057Z stdout F 2022-05-25 19:03:06.735  INFO [ts-travel-plan-service,,,] 1 --- [ost-startStop-1] .s.DelegatingFilterProxyRegistrationBean : Mapping filter: 'springSecurityFilterChain' to: [/*]
2022-05-25T11:03:06.738125686Z stdout F 2022-05-25 19:03:06.737  INFO [ts-travel-plan-service,,,] 1 --- [ost-startStop-1] o.s.b.w.servlet.FilterRegistrationBean   : Mapping filter: 'webRequestLoggingFilter' to: [/*]
2022-05-25T11:03:06.738154028Z stdout F 2022-05-25 19:03:06.737  INFO [ts-travel-plan-service,,,] 1 --- [ost-startStop-1] o.s.b.w.servlet.FilterRegistrationBean   : Mapping filter: 'applicationContextIdFilter' to: [/*]
2022-05-25T11:03:06.738832288Z stdout F 2022-05-25 19:03:06.738  INFO [ts-travel-plan-service,,,] 1 --- [ost-startStop-1] o.s.b.w.servlet.ServletRegistrationBean  : Mapping servlet: 'dispatcherServlet' to [/]
2022-05-25T11:07:41.284723259Z stdout F 2022-05-25 19:07:40.978  INFO [ts-travel-plan-service,,,] 1 --- [           main] s.w.s.m.m.a.RequestMappingHandlerMapping : Mapped "{[/api/v1/travelplanservice/travelPlan/quickest],methods=[POST]}" onto public org.springframework.http.HttpEntity travelplan.controller.TravelPlanController.getByQuickest(travelplan.entity.TripInfo,org.springframework.http.HttpHeaders)
2022-05-25T11:07:41.441530702Z stdout F 2022-05-25 19:07:41.440  INFO [ts-travel-plan-service,,,] 1 --- [           main] s.w.s.m.m.a.RequestMappingHandlerMapping : Mapped "{[/api/v1/travelplanservice/travelPlan/minStation],methods=[POST]}" onto public org.springframework.http.HttpEntity travelplan.controller.TravelPlanController.getByMinStation(travelplan.entity.TripInfo,org.springframework.http.HttpHeaders)
2022-05-25T11:07:41.442633189Z stdout F 2022-05-25 19:07:41.441  INFO [ts-travel-plan-service,,,] 1 --- [           main] s.w.s.m.m.a.RequestMappingHandlerMapping : Mapped "{[/api/v1/travelplanservice/welcome],methods=[GET]}" onto public java.lang.String travelplan.controller.TravelPlanController.home()
2022-05-25T11:07:41.578835189Z stdout F 2022-05-25 19:07:41.442  INFO [ts-travel-plan-service,,,] 1 --- [           main] s.w.s.m.m.a.RequestMappingHandlerMapping : Mapped "{[/api/v1/travelplanservice/travelPlan/cheapest],methods=[POST]}" onto public org.springframework.http.HttpEntity travelplan.controller.TravelPlanController.getByCheapest(travelplan.entity.TripInfo,org.springframework.http.HttpHeaders)
2022-05-25T11:07:41.603798373Z stdout F 2022-05-25 19:07:41.600  INFO [ts-travel-plan-service,,,] 1 --- [           main] s.w.s.m.m.a.RequestMappingHandlerMapping : Mapped "{[/api/v1/travelplanservice/travelPlan/transferResult],methods=[POST]}" onto public org.springframework.http.HttpEntity travelplan.controller.TravelPlanController.getTransferResult(travelplan.entity.TransferTravelInfo,org.springframework.http.HttpHeaders)
2022-05-25T11:07:41.837968664Z stdout F 2022-05-25 19:07:41.836  INFO [ts-travel-plan-service,,,] 1 --- [           main] s.w.s.m.m.a.RequestMappingHandlerMapping : Mapped "{[/v2/api-docs],methods=[GET],produces=[application/json || application/hal+json]}" onto public org.springframework.http.ResponseEntity<springfox.documentation.spring.web.json.Json> springfox.documentation.swagger2.web.Swagger2Controller.getDocumentation(java.lang.String,javax.servlet.http.HttpServletRequest)
2022-05-25T11:07:42.272723262Z stdout F 2022-05-25 19:07:42.146  INFO [ts-travel-plan-service,,,] 1 --- [           main] s.w.s.m.m.a.RequestMappingHandlerMapping : Mapped "{[/configuration/ui]}" onto org.springframework.http.ResponseEntity<springfox.documentation.swagger.web.UiConfiguration> springfox.documentation.swagger.web.ApiResourceController.uiConfiguration()
2022-05-25T11:07:42.496273601Z stdout F 2022-05-25 19:07:42.495  INFO [ts-travel-plan-service,,,] 1 --- [           main] s.w.s.m.m.a.RequestMappingHandlerMapping : Mapped "{[/swagger-resources]}" onto org.springframework.http.ResponseEntity<java.util.List<springfox.documentation.swagger.web.SwaggerResource>> springfox.documentation.swagger.web.ApiResourceController.swaggerResources()
2022-05-25T11:07:42.608611233Z stdout F 2022-05-25 19:07:42.608  INFO [ts-travel-plan-service,,,] 1 --- [           main] s.w.s.m.m.a.RequestMappingHandlerMapping : Mapped "{[/configuration/security]}" onto org.springframework.http.ResponseEntity<springfox.documentation.swagger.web.SecurityConfiguration> springfox.documentation.swagger.web.ApiResourceController.securityConfiguration()
2022-05-25T11:07:43.383926909Z stdout F 2022-05-25 19:07:43.380  INFO [ts-travel-plan-service,,,] 1 --- [           main] s.w.s.m.m.a.RequestMappingHandlerMapping : Mapped "{[/error]}" onto public org.springframework.http.ResponseEntity<java.util.Map<java.lang.String, java.lang.Object>> org.springframework.boot.autoconfigure.web.BasicErrorController.error(javax.servlet.http.HttpServletRequest)
2022-05-25T11:07:43.384002203Z stdout F 2022-05-25 19:07:43.381  INFO [ts-travel-plan-service,,,] 1 --- [           main] s.w.s.m.m.a.RequestMappingHandlerMapping : Mapped "{[/error],produces=[text/html]}" onto public org.springframework.web.servlet.ModelAndView org.springframework.boot.autoconfigure.web.BasicErrorController.errorHtml(javax.servlet.http.HttpServletRequest,javax.servlet.http.HttpServletResponse)
2022-05-25T11:11:33.668470811Z stdout F 2022-05-25 19:11:33.457  INFO [ts-travel-plan-service,,,] 1 --- [           main] o.s.b.a.e.mvc.EndpointHandlerMapping     : Mapped "{[/mappings || /mappings.json],methods=[GET],produces=[application/vnd.spring-boot.actuator.v1+json || application/json]}" onto public java.lang.Object org.springframework.boot.actuate.endpoint.mvc.EndpointMvcAdapter.invoke()
2022-05-25T11:11:33.893775496Z stdout F 2022-05-25 19:11:33.893  INFO [ts-travel-plan-service,,,] 1 --- [           main] o.s.b.a.e.mvc.EndpointHandlerMapping     : Mapped "{[/metrics/{name:.*}],methods=[GET],produces=[application/vnd.spring-boot.actuator.v1+json || application/json]}" onto public java.lang.Object org.springframework.boot.actuate.endpoint.mvc.MetricsMvcEndpoint.value(java.lang.String)
2022-05-25T11:11:33.894217623Z stdout F 2022-05-25 19:11:33.893  INFO [ts-travel-plan-service,,,] 1 --- [           main] o.s.b.a.e.mvc.EndpointHandlerMapping     : Mapped "{[/metrics || /metrics.json],methods=[GET],produces=[application/vnd.spring-boot.actuator.v1+json || application/json]}" onto public java.lang.Object org.springframework.boot.actuate.endpoint.mvc.EndpointMvcAdapter.invoke()
2022-05-25T11:11:33.897872924Z stdout F 2022-05-25 19:11:33.896  INFO [ts-travel-plan-service,,,] 1 --- [           main] o.s.b.a.e.mvc.EndpointHandlerMapping     : Mapped "{[/info || /info.json],methods=[GET],produces=[application/vnd.spring-boot.actuator.v1+json || application/json]}" onto public java.lang.Object org.springframework.boot.actuate.endpoint.mvc.EndpointMvcAdapter.invoke()
2022-05-25T11:11:34.042092861Z stdout F 2022-05-25 19:11:34.000  INFO [ts-travel-plan-service,,,] 1 --- [           main] o.s.b.a.e.mvc.EndpointHandlerMapping     : Mapped "{[/loggers/{name:.*}],methods=[GET],produces=[application/vnd.spring-boot.actuator.v1+json || application/json]}" onto public java.lang.Object org.springframework.boot.actuate.endpoint.mvc.LoggersMvcEndpoint.get(java.lang.String)
2022-05-25T11:11:34.043205172Z stdout F 2022-05-25 19:11:34.042  INFO [ts-travel-plan-service,,,] 1 --- [           main] o.s.b.a.e.mvc.EndpointHandlerMapping     : Mapped "{[/loggers/{name:.*}],methods=[POST],consumes=[application/vnd.spring-boot.actuator.v1+json || application/json],produces=[application/vnd.spring-boot.actuator.v1+json || application/json]}" onto public java.lang.Object org.springframework.boot.actuate.endpoint.mvc.LoggersMvcEndpoint.set(java.lang.String,java.util.Map<java.lang.String, java.lang.String>)
2022-05-25T11:11:34.096800607Z stdout F 2022-05-25 19:11:34.096  INFO [ts-travel-plan-service,,,] 1 --- [           main] o.s.b.a.e.mvc.EndpointHandlerMapping     : Mapped "{[/loggers || /loggers.json],methods=[GET],produces=[application/vnd.spring-boot.actuator.v1+json || application/json]}" onto public java.lang.Object org.springframework.boot.actuate.endpoint.mvc.EndpointMvcAdapter.invoke()
2022-05-25T11:11:34.145421869Z stdout F 2022-05-25 19:11:34.123  INFO [ts-travel-plan-service,,,] 1 --- [           main] o.s.b.a.e.mvc.EndpointHandlerMapping     : Mapped "{[/configprops || /configprops.json],methods=[GET],produces=[application/vnd.spring-boot.actuator.v1+json || application/json]}" onto public java.lang.Object org.springframework.boot.actuate.endpoint.mvc.EndpointMvcAdapter.invoke()
2022-05-25T11:11:34.280278086Z stdout F 2022-05-25 19:11:34.183  INFO [ts-travel-plan-service,,,] 1 --- [           main] o.s.b.a.e.mvc.EndpointHandlerMapping     : Mapped "{[/health || /health.json],methods=[GET],produces=[application/vnd.spring-boot.actuator.v1+json || application/json]}" onto public java.lang.Object org.springframework.boot.actuate.endpoint.mvc.HealthMvcEndpoint.invoke(javax.servlet.http.HttpServletRequest,java.security.Principal)
2022-05-25T11:11:34.299649369Z stdout F 2022-05-25 19:11:34.298  INFO [ts-travel-plan-service,,,] 1 --- [           main] o.s.b.a.e.mvc.EndpointHandlerMapping     : Mapped "{[/env],methods=[POST]}" onto public java.lang.Object org.springframework.cloud.context.environment.EnvironmentManagerMvcEndpoint.value(java.util.Map<java.lang.String, java.lang.String>)
2022-05-25T11:11:34.299955887Z stdout F 2022-05-25 19:11:34.299  INFO [ts-travel-plan-service,,,] 1 --- [           main] o.s.b.a.e.mvc.EndpointHandlerMapping     : Mapped "{[/env/reset],methods=[POST]}" onto public java.util.Map<java.lang.String, java.lang.Object> org.springframework.cloud.context.environment.EnvironmentManagerMvcEndpoint.reset()
2022-05-25T11:11:34.395329187Z stdout F 2022-05-25 19:11:34.394  INFO [ts-travel-plan-service,,,] 1 --- [           main] o.s.b.a.e.mvc.EndpointHandlerMapping     : Mapped "{[/env/{name:.*}],methods=[GET],produces=[application/vnd.spring-boot.actuator.v1+json || application/json]}" onto public java.lang.Object org.springframework.boot.actuate.endpoint.mvc.EnvironmentMvcEndpoint.value(java.lang.String)
2022-05-25T11:11:34.395900841Z stdout F 2022-05-25 19:11:34.395  INFO [ts-travel-plan-service,,,] 1 --- [           main] o.s.b.a.e.mvc.EndpointHandlerMapping     : Mapped "{[/env || /env.json],methods=[GET],produces=[application/vnd.spring-boot.actuator.v1+json || application/json]}" onto public java.lang.Object org.springframework.boot.actuate.endpoint.mvc.EndpointMvcAdapter.invoke()
2022-05-25T11:11:34.407054989Z stdout F 2022-05-25 19:11:34.406  INFO [ts-travel-plan-service,,,] 1 --- [           main] o.s.b.a.e.mvc.EndpointHandlerMapping     : Mapped "{[/auditevents || /auditevents.json],methods=[GET],produces=[application/vnd.spring-boot.actuator.v1+json || application/json]}" onto public org.springframework.http.ResponseEntity<?> org.springframework.boot.actuate.endpoint.mvc.AuditEventsMvcEndpoint.findByPrincipalAndAfterAndType(java.lang.String,java.util.Date,java.lang.String)
2022-05-25T11:11:34.420212017Z stdout F 2022-05-25 19:11:34.419  INFO [ts-travel-plan-service,,,] 1 --- [           main] o.s.b.a.e.mvc.EndpointHandlerMapping     : Mapped "{[/autoconfig || /autoconfig.json],methods=[GET],produces=[application/vnd.spring-boot.actuator.v1+json || application/json]}" onto public java.lang.Object org.springframework.boot.actuate.endpoint.mvc.EndpointMvcAdapter.invoke()
2022-05-25T11:11:34.48931848Z stdout F 2022-05-25 19:11:34.488  INFO [ts-travel-plan-service,,,] 1 --- [           main] o.s.b.a.e.mvc.EndpointHandlerMapping     : Mapped "{[/dump || /dump.json],methods=[GET],produces=[application/vnd.spring-boot.actuator.v1+json || application/json]}" onto public java.lang.Object org.springframework.boot.actuate.endpoint.mvc.EndpointMvcAdapter.invoke()
2022-05-25T11:11:34.583540113Z stdout F 2022-05-25 19:11:34.582  INFO [ts-travel-plan-service,,,] 1 --- [           main] o.s.b.a.e.mvc.EndpointHandlerMapping     : Mapped "{[/features || /features.json],methods=[GET],produces=[application/vnd.spring-boot.actuator.v1+json || application/json]}" onto public java.lang.Object org.springframework.boot.actuate.endpoint.mvc.EndpointMvcAdapter.invoke()
2022-05-25T11:11:34.739924875Z stdout F 2022-05-25 19:11:34.739  INFO [ts-travel-plan-service,,,] 1 --- [           main] o.s.b.a.e.mvc.EndpointHandlerMapping     : Mapped "{[/beans || /beans.json],methods=[GET],produces=[application/vnd.spring-boot.actuator.v1+json || application/json]}" onto public java.lang.Object org.springframework.boot.actuate.endpoint.mvc.EndpointMvcAdapter.invoke()
2022-05-25T11:11:34.741155021Z stdout F 2022-05-25 19:11:34.740  INFO [ts-travel-plan-service,,,] 1 --- [           main] o.s.b.a.e.mvc.EndpointHandlerMapping     : Mapped "{[/refresh || /refresh.json],methods=[POST]}" onto public java.lang.Object org.springframework.cloud.endpoint.GenericPostableMvcEndpoint.invoke()
2022-05-25T11:11:34.742300409Z stdout F 2022-05-25 19:11:34.741  INFO [ts-travel-plan-service,,,] 1 --- [           main] o.s.b.a.e.mvc.EndpointHandlerMapping     : Mapped "{[/trace || /trace.json],methods=[GET],produces=[application/vnd.spring-boot.actuator.v1+json || application/json]}" onto public java.lang.Object org.springframework.boot.actuate.endpoint.mvc.EndpointMvcAdapter.invoke()
2022-05-25T11:11:34.921104737Z stdout F 2022-05-25 19:11:34.920  INFO [ts-travel-plan-service,,,] 1 --- [           main] o.s.b.a.e.mvc.EndpointHandlerMapping     : Mapped "{[/heapdump || /heapdump.json],methods=[GET],produces=[application/octet-stream]}" onto public void org.springframework.boot.actuate.endpoint.mvc.HeapdumpMvcEndpoint.invoke(boolean,javax.servlet.http.HttpServletRequest,javax.servlet.http.HttpServletResponse) throws java.io.IOException,javax.servlet.ServletException
2022-05-25T11:12:35.215856895Z stdout F 2022-05-25 19:12:34.988  INFO [ts-travel-plan-service,,,] 1 --- [           main] b.a.s.AuthenticationManagerConfiguration : 
2022-05-25T11:12:35.215897683Z stdout F 
2022-05-25T11:12:35.21590365Z stdout F Using default security password: 0291b628-4b34-438c-93be-cc25dd2fcf04
2022-05-25T11:12:35.215907262Z stdout F 
2022-05-25T11:13:46.041858724Z stdout F 2022-05-25 19:13:45.922  INFO [ts-travel-plan-service,,,] 1 --- [           main] o.s.s.web.DefaultSecurityFilterChain     : Creating filter chain: org.springframework.security.web.util.matcher.AnyRequestMatcher@1, [org.springframework.security.web.context.request.async.WebAsyncManagerIntegrationFilter@37f21974, org.springframework.security.web.context.SecurityContextPersistenceFilter@2b58f754, org.springframework.security.web.header.HeaderWriterFilter@62679465, org.springframework.security.web.authentication.logout.LogoutFilter@5f59185e, edu.fudan.common.security.jwt.JWTFilter@5f4d427e, org.springframework.security.web.savedrequest.RequestCacheAwareFilter@94f6bfb, org.springframework.security.web.servletapi.SecurityContextHolderAwareRequestFilter@60b71e8f, org.springframework.security.web.authentication.AnonymousAuthenticationFilter@6e521c1e, org.springframework.security.web.session.SessionManagementFilter@1d71006f, org.springframework.security.web.access.ExceptionTranslationFilter@5fcacc0, org.springframework.security.web.access.intercept.FilterSecurityInterceptor@4fcee388]
2022-05-25T11:14:01.797366428Z stdout F 2022-05-25 19:14:01.794  INFO [ts-travel-plan-service,,,] 1 --- [           main] o.s.w.s.handler.SimpleUrlHandlerMapping  : Mapped URL path [/webjars/**] onto handler of type [class org.springframework.web.servlet.resource.ResourceHttpRequestHandler]
2022-05-25T11:14:01.799614265Z stdout F 2022-05-25 19:14:01.796  INFO [ts-travel-plan-service,,,] 1 --- [           main] o.s.w.s.handler.SimpleUrlHandlerMapping  : Mapped URL path [/**] onto handler of type [class org.springframework.web.servlet.resource.ResourceHttpRequestHandler]
2022-05-25T11:14:28.098588221Z stdout F 2022-05-25 19:14:27.693  INFO [ts-travel-plan-service,,,] 1 --- [           main] o.s.w.s.handler.SimpleUrlHandlerMapping  : Mapped URL path [/**/favicon.ico] onto handler of type [class org.springframework.web.servlet.resource.ResourceHttpRequestHandler]
2022-05-25T11:14:41.952585559Z stdout F 2022-05-25 19:14:41.892  INFO [ts-travel-plan-service,,,] 1 --- [           main] o.s.s.web.DefaultSecurityFilterChain     : Creating filter chain: org.springframework.boot.actuate.autoconfigure.ManagementWebSecurityAutoConfiguration$LazyEndpointPathRequestMatcher@285d851a, [org.springframework.security.web.context.request.async.WebAsyncManagerIntegrationFilter@314b8f2d, org.springframework.security.web.context.SecurityContextPersistenceFilter@5fb97279, org.springframework.security.web.header.HeaderWriterFilter@3f23a3a0, org.springframework.web.filter.CorsFilter@664a9613, org.springframework.security.web.authentication.logout.LogoutFilter@31024624, org.springframework.security.web.authentication.www.BasicAuthenticationFilter@6fff253c, org.springframework.security.web.savedrequest.RequestCacheAwareFilter@439a8f59, org.springframework.security.web.servletapi.SecurityContextHolderAwareRequestFilter@61861a29, org.springframework.security.web.authentication.AnonymousAuthenticationFilter@5118388b, org.springframework.security.web.session.SessionManagementFilter@5ab14cb9, org.springframework.security.web.access.ExceptionTranslationFilter@25f7391e, org.springframework.security.web.access.intercept.FilterSecurityInterceptor@62dae245]
2022-05-25T11:16:52.40605381Z stdout F 2022-05-25 19:16:52.338  INFO [ts-travel-plan-service,,,] 1 --- [           main] s.w.s.m.m.a.RequestMappingHandlerAdapter : Looking for @ControllerAdvice: org.springframework.boot.context.embedded.AnnotationConfigEmbeddedWebApplicationContext@7c16905e: startup date [Wed May 25 18:56:48 CST 2022]; parent: org.springframework.context.annotation.AnnotationConfigApplicationContext@48533e64
2022-05-25T11:18:10.457324691Z stdout F 2022-05-25 19:18:10.456  INFO [ts-travel-plan-service,,,] 1 --- [           main] o.s.s.c.ThreadPoolTaskScheduler          : Initializing ExecutorService  'taskScheduler'
2022-05-25T11:18:47.500597504Z stdout F 2022-05-25 19:18:47.499  INFO [ts-travel-plan-service,,,] 1 --- [           main] o.s.s.c.ThreadPoolTaskScheduler          : Initializing ExecutorService 
2022-05-25T11:19:28.256557533Z stdout F 2022-05-25 19:19:28.255  INFO [ts-travel-plan-service,,,] 1 --- [           main] o.s.j.e.a.AnnotationMBeanExporter        : Registering beans for JMX exposure on startup
2022-05-25T11:19:30.817163224Z stdout F 2022-05-25 19:19:30.815  INFO [ts-travel-plan-service,,,] 1 --- [           main] o.s.j.e.a.AnnotationMBeanExporter        : Bean with name 'configurationPropertiesRebinder' has been autodetected for JMX exposure
2022-05-25T11:19:30.867771687Z stdout F 2022-05-25 19:19:30.866  INFO [ts-travel-plan-service,,,] 1 --- [           main] o.s.j.e.a.AnnotationMBeanExporter        : Bean with name 'refreshEndpoint' has been autodetected for JMX exposure
2022-05-25T11:19:31.189729622Z stdout F 2022-05-25 19:19:31.180  INFO [ts-travel-plan-service,,,] 1 --- [           main] o.s.j.e.a.AnnotationMBeanExporter        : Bean with name 'environmentManager' has been autodetected for JMX exposure
2022-05-25T11:19:31.204136085Z stdout F 2022-05-25 19:19:31.202  INFO [ts-travel-plan-service,,,] 1 --- [           main] o.s.j.e.a.AnnotationMBeanExporter        : Bean with name 'refreshScope' has been autodetected for JMX exposure
2022-05-25T11:19:31.69274521Z stdout F 2022-05-25 19:19:31.679  INFO [ts-travel-plan-service,,,] 1 --- [           main] o.s.j.e.a.AnnotationMBeanExporter        : Located managed bean 'environmentManager': registering with JMX server as MBean [org.springframework.cloud.context.environment:name=environmentManager,type=EnvironmentManager]
2022-05-25T11:19:36.315013358Z stdout F 2022-05-25 19:19:36.313  INFO [ts-travel-plan-service,,,] 1 --- [           main] o.s.j.e.a.AnnotationMBeanExporter        : Located managed bean 'refreshScope': registering with JMX server as MBean [org.springframework.cloud.context.scope.refresh:name=refreshScope,type=RefreshScope]
2022-05-25T11:19:38.139768008Z stdout F 2022-05-25 19:19:38.137  INFO [ts-travel-plan-service,,,] 1 --- [           main] o.s.j.e.a.AnnotationMBeanExporter        : Located managed bean 'configurationPropertiesRebinder': registering with JMX server as MBean [org.springframework.cloud.context.properties:name=configurationPropertiesRebinder,context=7c16905e,type=ConfigurationPropertiesRebinder]
2022-05-25T11:19:39.346940565Z stdout F 2022-05-25 19:19:39.335  INFO [ts-travel-plan-service,,,] 1 --- [           main] o.s.j.e.a.AnnotationMBeanExporter        : Located managed bean 'refreshEndpoint': registering with JMX server as MBean [org.springframework.cloud.endpoint:name=refreshEndpoint,type=RefreshEndpoint]
2022-05-25T11:20:40.68849575Z stdout F 2022-05-25 19:20:40.687  INFO [ts-travel-plan-service,,,] 1 --- [           main] o.s.c.support.DefaultLifecycleProcessor  : Starting beans in phase 0
2022-05-25T11:20:43.523811034Z stdout F 2022-05-25 19:20:43.523  INFO [ts-travel-plan-service,,,] 1 --- [           main] o.s.i.endpoint.EventDrivenConsumer       : Adding {logging-channel-adapter:_org.springframework.integration.errorLogger} as a subscriber to the 'errorChannel' channel
2022-05-25T11:20:43.54725325Z stdout F 2022-05-25 19:20:43.546  INFO [ts-travel-plan-service,,,] 1 --- [           main] o.s.i.channel.PublishSubscribeChannel    : Channel 'ts-travel-plan-service:14322.errorChannel' has 1 subscriber(s).
2022-05-25T11:20:43.547358922Z stdout F 2022-05-25 19:20:43.546  INFO [ts-travel-plan-service,,,] 1 --- [           main] o.s.i.endpoint.EventDrivenConsumer       : started _org.springframework.integration.errorLogger
2022-05-25T11:20:47.258043677Z stdout F 2022-05-25 19:20:47.257  INFO [ts-travel-plan-service,,,] 1 --- [           main] d.s.w.p.DocumentationPluginsBootstrapper : Context refreshed
2022-05-25T11:20:49.703707665Z stdout F 2022-05-25 19:20:49.510  INFO [ts-travel-plan-service,,,] 1 --- [           main] d.s.w.p.DocumentationPluginsBootstrapper : Found 1 custom documentation plugin(s)
2022-05-25T11:20:50.983939097Z stdout F 2022-05-25 19:20:50.983  INFO [ts-travel-plan-service,,,] 1 --- [           main] s.d.s.w.s.ApiListingReferenceScanner     : Scanning for api listing references
2022-05-25T11:21:03.776260301Z stdout F 2022-05-25 19:21:03.775  INFO [ts-travel-plan-service,,,] 1 --- [           main] .d.s.w.r.o.CachingOperationNameGenerator : Generating unique operation named: findByPrincipalAndAfterAndTypeUsingGET_1
2022-05-25T11:21:12.263140002Z stdout F 2022-05-25 19:21:12.119  INFO [ts-travel-plan-service,,,] 1 --- [           main] .d.s.w.r.o.CachingOperationNameGenerator : Generating unique operation named: invokeUsingGET_1
2022-05-25T11:21:12.321300708Z stdout F 2022-05-25 19:21:12.271  INFO [ts-travel-plan-service,,,] 1 --- [           main] .d.s.w.r.o.CachingOperationNameGenerator : Generating unique operation named: invokeUsingGET_2
2022-05-25T11:21:12.347158129Z stdout F 2022-05-25 19:21:12.346  INFO [ts-travel-plan-service,,,] 1 --- [           main] .d.s.w.r.o.CachingOperationNameGenerator : Generating unique operation named: invokeUsingGET_3
2022-05-25T11:21:12.390502304Z stdout F 2022-05-25 19:21:12.389  INFO [ts-travel-plan-service,,,] 1 --- [           main] .d.s.w.r.o.CachingOperationNameGenerator : Generating unique operation named: invokeUsingGET_4
2022-05-25T11:21:12.403093257Z stdout F 2022-05-25 19:21:12.402  INFO [ts-travel-plan-service,,,] 1 --- [           main] .d.s.w.r.o.CachingOperationNameGenerator : Generating unique operation named: invokeUsingGET_5
2022-05-25T11:21:12.424323073Z stdout F 2022-05-25 19:21:12.423  INFO [ts-travel-plan-service,,,] 1 --- [           main] .d.s.w.r.o.CachingOperationNameGenerator : Generating unique operation named: invokeUsingGET_6
2022-05-25T11:21:12.443115729Z stdout F 2022-05-25 19:21:12.442  INFO [ts-travel-plan-service,,,] 1 --- [           main] .d.s.w.r.o.CachingOperationNameGenerator : Generating unique operation named: invokeUsingGET_7
2022-05-25T11:21:12.527016672Z stdout F 2022-05-25 19:21:12.526  INFO [ts-travel-plan-service,,,] 1 --- [           main] .d.s.w.r.o.CachingOperationNameGenerator : Generating unique operation named: invokeUsingGET_8
2022-05-25T11:21:12.541457757Z stdout F 2022-05-25 19:21:12.540  INFO [ts-travel-plan-service,,,] 1 --- [           main] .d.s.w.r.o.CachingOperationNameGenerator : Generating unique operation named: invokeUsingGET_9
2022-05-25T11:21:12.710498423Z stdout F 2022-05-25 19:21:12.709  INFO [ts-travel-plan-service,,,] 1 --- [           main] .d.s.w.r.o.CachingOperationNameGenerator : Generating unique operation named: invokeUsingGET_10
2022-05-25T11:21:12.745025025Z stdout F 2022-05-25 19:21:12.744  INFO [ts-travel-plan-service,,,] 1 --- [           main] .d.s.w.r.o.CachingOperationNameGenerator : Generating unique operation named: invokeUsingGET_11
2022-05-25T11:21:13.316498863Z stdout F 2022-05-25 19:21:13.309  INFO [ts-travel-plan-service,,,] 1 --- [           main] .d.s.w.r.o.CachingOperationNameGenerator : Generating unique operation named: invokeUsingGET_12
2022-05-25T11:21:13.32379201Z stdout F 2022-05-25 19:21:13.323  INFO [ts-travel-plan-service,,,] 1 --- [           main] .d.s.w.r.o.CachingOperationNameGenerator : Generating unique operation named: invokeUsingGET_13
2022-05-25T11:21:13.375021571Z stdout F 2022-05-25 19:21:13.374  INFO [ts-travel-plan-service,,,] 1 --- [           main] .d.s.w.r.o.CachingOperationNameGenerator : Generating unique operation named: invokeUsingGET_14
2022-05-25T11:21:13.460785969Z stdout F 2022-05-25 19:21:13.460  INFO [ts-travel-plan-service,,,] 1 --- [           main] .d.s.w.r.o.CachingOperationNameGenerator : Generating unique operation named: invokeUsingGET_15
2022-05-25T11:21:14.264061422Z stdout F 2022-05-25 19:21:14.263  INFO [ts-travel-plan-service,,,] 1 --- [           main] .d.s.w.r.o.CachingOperationNameGenerator : Generating unique operation named: invokeUsingGET_16
2022-05-25T11:21:14.268040008Z stdout F 2022-05-25 19:21:14.267  INFO [ts-travel-plan-service,,,] 1 --- [           main] .d.s.w.r.o.CachingOperationNameGenerator : Generating unique operation named: invokeUsingGET_17
2022-05-25T11:21:14.564712254Z stdout F 2022-05-25 19:21:14.564  INFO [ts-travel-plan-service,,,] 1 --- [           main] .d.s.w.r.o.CachingOperationNameGenerator : Generating unique operation named: invokeUsingPOST_1
2022-05-25T11:21:14.934687393Z stdout F 2022-05-25 19:21:14.933  INFO [ts-travel-plan-service,,,] 1 --- [           main] .d.s.w.r.o.CachingOperationNameGenerator : Generating unique operation named: invokeUsingGET_18
2022-05-25T11:21:14.95677624Z stdout F 2022-05-25 19:21:14.956  INFO [ts-travel-plan-service,,,] 1 --- [           main] .d.s.w.r.o.CachingOperationNameGenerator : Generating unique operation named: invokeUsingGET_19
2022-05-25T11:21:15.120555547Z stdout F 2022-05-25 19:21:15.119  INFO [ts-travel-plan-service,,,] 1 --- [           main] .d.s.w.r.o.CachingOperationNameGenerator : Generating unique operation named: invokeUsingGET_20
2022-05-25T11:21:15.324995594Z stdout F 2022-05-25 19:21:15.267  INFO [ts-travel-plan-service,,,] 1 --- [           main] .d.s.w.r.o.CachingOperationNameGenerator : Generating unique operation named: invokeUsingGET_21
2022-05-25T11:21:15.617171015Z stdout F 2022-05-25 19:21:15.616  INFO [ts-travel-plan-service,,,] 1 --- [           main] .d.s.w.r.o.CachingOperationNameGenerator : Generating unique operation named: invokeUsingGET_22
2022-05-25T11:21:15.829974739Z stdout F 2022-05-25 19:21:15.776  INFO [ts-travel-plan-service,,,] 1 --- [           main] .d.s.w.r.o.CachingOperationNameGenerator : Generating unique operation named: invokeUsingGET_23
2022-05-25T11:21:16.604644964Z stdout F 2022-05-25 19:21:16.603  INFO [ts-travel-plan-service,,,] 1 --- [           main] .d.s.w.r.o.CachingOperationNameGenerator : Generating unique operation named: invokeUsingGET_24
2022-05-25T11:21:16.674830688Z stdout F 2022-05-25 19:21:16.674  INFO [ts-travel-plan-service,,,] 1 --- [           main] .d.s.w.r.o.CachingOperationNameGenerator : Generating unique operation named: invokeUsingGET_25
2022-05-25T11:21:16.892477456Z stdout F 2022-05-25 19:21:16.891  INFO [ts-travel-plan-service,,,] 1 --- [           main] .d.s.w.r.o.CachingOperationNameGenerator : Generating unique operation named: valueUsingGET_1
2022-05-25T11:21:27.226786104Z stdout F 2022-05-25 19:21:27.225  INFO [ts-travel-plan-service,,,] 1 --- [           main] s.b.c.e.t.TomcatEmbeddedServletContainer : Tomcat started on port(s): 14322 (http)
2022-05-25T11:21:28.470981121Z stdout F 2022-05-25 19:21:28.467  INFO [ts-travel-plan-service,,,] 1 --- [           main] travelplan.TravelPlanApplication         : Started TravelPlanApplication in 1647.592 seconds (JVM running for 1707.88)
