2022-05-25T10:52:12.384438043Z stdout F 2022-05-25T10:52:12.384003Z	info	Istio iptables environment:
2022-05-25T10:52:12.384480003Z stdout F ENVOY_PORT=
2022-05-25T10:52:12.384489502Z stdout F INBOUND_CAPTURE_PORT=
2022-05-25T10:52:12.384494379Z stdout F ISTIO_INBOUND_INTERCEPTION_MODE=
2022-05-25T10:52:12.384498398Z stdout F ISTIO_INBOUND_TPROXY_ROUTE_TABLE=
2022-05-25T10:52:12.384503008Z stdout F ISTIO_INBOUND_PORTS=
2022-05-25T10:52:12.384506464Z stdout F ISTIO_OUTBOUND_PORTS=
2022-05-25T10:52:12.384509885Z stdout F ISTIO_LOCAL_EXCLUDE_PORTS=
2022-05-25T10:52:12.384513496Z stdout F ISTIO_EXCLUDE_INTERFACES=
2022-05-25T10:52:12.384517176Z stdout F ISTIO_SERVICE_CIDR=
2022-05-25T10:52:12.384521067Z stdout F ISTIO_SERVICE_EXCLUDE_CIDR=
2022-05-25T10:52:12.384528155Z stdout F ISTIO_META_DNS_CAPTURE=
2022-05-25T10:52:12.384539693Z stdout F INVALID_DROP=
2022-05-25T10:52:12.384548337Z stdout F 
2022-05-25T10:52:12.38455282Z stdout F 2022-05-25T10:52:12.384112Z	info	Istio iptables variables:
2022-05-25T10:52:12.384635275Z stdout F PROXY_PORT=15001
2022-05-25T10:52:12.384644211Z stdout F PROXY_INBOUND_CAPTURE_PORT=15006
2022-05-25T10:52:12.384647752Z stdout F PROXY_TUNNEL_PORT=15008
2022-05-25T10:52:12.384650311Z stdout F PROXY_UID=1337
2022-05-25T10:52:12.384652886Z stdout F PROXY_GID=1337
2022-05-25T10:52:12.38465545Z stdout F INBOUND_INTERCEPTION_MODE=REDIRECT
2022-05-25T10:52:12.384658422Z stdout F INBOUND_TPROXY_MARK=1337
2022-05-25T10:52:12.384660801Z stdout F INBOUND_TPROXY_ROUTE_TABLE=133
2022-05-25T10:52:12.384663098Z stdout F INBOUND_PORTS_INCLUDE=*
2022-05-25T10:52:12.38466546Z stdout F INBOUND_PORTS_EXCLUDE=15090,15021,15020
2022-05-25T10:52:12.384667792Z stdout F OUTBOUND_IP_RANGES_INCLUDE=*
2022-05-25T10:52:12.384670089Z stdout F OUTBOUND_IP_RANGES_EXCLUDE=
2022-05-25T10:52:12.384672393Z stdout F OUTBOUND_PORTS_INCLUDE=
2022-05-25T10:52:12.384674704Z stdout F OUTBOUND_PORTS_EXCLUDE=
2022-05-25T10:52:12.384677061Z stdout F KUBE_VIRT_INTERFACES=
2022-05-25T10:52:12.38467939Z stdout F ENABLE_INBOUND_IPV6=false
2022-05-25T10:52:12.384681733Z stdout F DNS_CAPTURE=false
2022-05-25T10:52:12.38468411Z stdout F DROP_INVALID=false
2022-05-25T10:52:12.384686446Z stdout F CAPTURE_ALL_DNS=false
2022-05-25T10:52:12.384688805Z stdout F DNS_SERVERS=[],[]
2022-05-25T10:52:12.384691165Z stdout F OUTPUT_PATH=
2022-05-25T10:52:12.384693513Z stdout F NETWORK_NAMESPACE=
2022-05-25T10:52:12.384695997Z stdout F CNI_MODE=false
2022-05-25T10:52:12.384698449Z stdout F EXCLUDE_INTERFACES=
2022-05-25T10:52:12.38470071Z stdout F 
2022-05-25T10:52:12.391764957Z stdout F 2022-05-25T10:52:12.391393Z	info	Writing following contents to rules file: /tmp/iptables-rules-1653475932384150983.txt162319800
2022-05-25T10:52:12.391782042Z stdout F * nat
2022-05-25T10:52:12.391785751Z stdout F -N ISTIO_INBOUND
2022-05-25T10:52:12.391789021Z stdout F -N ISTIO_REDIRECT
2022-05-25T10:52:12.39179161Z stdout F -N ISTIO_IN_REDIRECT
2022-05-25T10:52:12.391794199Z stdout F -N ISTIO_OUTPUT
2022-05-25T10:52:12.391797272Z stdout F -A ISTIO_INBOUND -p tcp --dport 15008 -j RETURN
2022-05-25T10:52:12.39180014Z stdout F -A ISTIO_REDIRECT -p tcp -j REDIRECT --to-ports 15001
2022-05-25T10:52:12.391802534Z stdout F -A ISTIO_IN_REDIRECT -p tcp -j REDIRECT --to-ports 15006
2022-05-25T10:52:12.391804878Z stdout F -A PREROUTING -p tcp -j ISTIO_INBOUND
2022-05-25T10:52:12.391807248Z stdout F -A ISTIO_INBOUND -p tcp --dport 15090 -j RETURN
2022-05-25T10:52:12.391809909Z stdout F -A ISTIO_INBOUND -p tcp --dport 15021 -j RETURN
2022-05-25T10:52:12.391812453Z stdout F -A ISTIO_INBOUND -p tcp --dport 15020 -j RETURN
2022-05-25T10:52:12.391814864Z stdout F -A ISTIO_INBOUND -p tcp -j ISTIO_IN_REDIRECT
2022-05-25T10:52:12.391817696Z stdout F -A OUTPUT -p tcp -j ISTIO_OUTPUT
2022-05-25T10:52:12.391820071Z stdout F -A ISTIO_OUTPUT -o lo -s 127.0.0.6/32 -j RETURN
2022-05-25T10:52:12.391822971Z stdout F -A ISTIO_OUTPUT -o lo ! -d 127.0.0.1/32 -m owner --uid-owner 1337 -j ISTIO_IN_REDIRECT
2022-05-25T10:52:12.391825382Z stdout F -A ISTIO_OUTPUT -o lo -m owner ! --uid-owner 1337 -j RETURN
2022-05-25T10:52:12.39182784Z stdout F -A ISTIO_OUTPUT -m owner --uid-owner 1337 -j RETURN
2022-05-25T10:52:12.391839603Z stdout F -A ISTIO_OUTPUT -o lo ! -d 127.0.0.1/32 -m owner --gid-owner 1337 -j ISTIO_IN_REDIRECT
2022-05-25T10:52:12.391842684Z stdout F -A ISTIO_OUTPUT -o lo -m owner ! --gid-owner 1337 -j RETURN
2022-05-25T10:52:12.391845038Z stdout F -A ISTIO_OUTPUT -m owner --gid-owner 1337 -j RETURN
2022-05-25T10:52:12.391847436Z stdout F -A ISTIO_OUTPUT -d 127.0.0.1/32 -j RETURN
2022-05-25T10:52:12.391849803Z stdout F -A ISTIO_OUTPUT -j ISTIO_REDIRECT
2022-05-25T10:52:12.391852279Z stdout F COMMIT
2022-05-25T10:52:12.391855404Z stdout F 2022-05-25T10:52:12.391535Z	info	Running command: iptables-restore --noflush /tmp/iptables-rules-1653475932384150983.txt162319800
2022-05-25T10:52:12.40140859Z stdout F 2022-05-25T10:52:12.401133Z	info	Writing following contents to rules file: /tmp/ip6tables-rules-1653475932401050532.txt2248457589
2022-05-25T10:52:12.401468482Z stdout F 
2022-05-25T10:52:12.401477825Z stdout F 2022-05-25T10:52:12.401260Z	info	Running command: ip6tables-restore --noflush /tmp/ip6tables-rules-1653475932401050532.txt2248457589
2022-05-25T10:52:12.405830668Z stdout F 2022-05-25T10:52:12.405565Z	info	Running command: iptables-save 
2022-05-25T10:52:12.444688094Z stdout F 2022-05-25T10:52:12.443568Z	info	Command output: 
2022-05-25T10:52:12.444715693Z stdout F # Generated by iptables-save v1.8.4 on Wed May 25 10:52:12 2022
2022-05-25T10:52:12.444719759Z stdout F *nat
2022-05-25T10:52:12.444723692Z stdout F :PREROUTING ACCEPT [0:0]
2022-05-25T10:52:12.444727753Z stdout F :INPUT ACCEPT [0:0]
2022-05-25T10:52:12.444731771Z stdout F :OUTPUT ACCEPT [0:0]
2022-05-25T10:52:12.444777009Z stdout F :POSTROUTING ACCEPT [0:0]
2022-05-25T10:52:12.444780377Z stdout F :ISTIO_INBOUND - [0:0]
2022-05-25T10:52:12.444782855Z stdout F :ISTIO_IN_REDIRECT - [0:0]
2022-05-25T10:52:12.44478524Z stdout F :ISTIO_OUTPUT - [0:0]
2022-05-25T10:52:12.444787749Z stdout F :ISTIO_REDIRECT - [0:0]
2022-05-25T10:52:12.444790745Z stdout F -A PREROUTING -p tcp -j ISTIO_INBOUND
2022-05-25T10:52:12.444793122Z stdout F -A OUTPUT -p tcp -j ISTIO_OUTPUT
2022-05-25T10:52:12.444795515Z stdout F -A ISTIO_INBOUND -p tcp -m tcp --dport 15008 -j RETURN
2022-05-25T10:52:12.444797877Z stdout F -A ISTIO_INBOUND -p tcp -m tcp --dport 15090 -j RETURN
2022-05-25T10:52:12.444800286Z stdout F -A ISTIO_INBOUND -p tcp -m tcp --dport 15021 -j RETURN
2022-05-25T10:52:12.444802661Z stdout F -A ISTIO_INBOUND -p tcp -m tcp --dport 15020 -j RETURN
2022-05-25T10:52:12.444805075Z stdout F -A ISTIO_INBOUND -p tcp -j ISTIO_IN_REDIRECT
2022-05-25T10:52:12.44480751Z stdout F -A ISTIO_IN_REDIRECT -p tcp -j REDIRECT --to-ports 15006
2022-05-25T10:52:12.444809959Z stdout F -A ISTIO_OUTPUT -s 127.0.0.6/32 -o lo -j RETURN
2022-05-25T10:52:12.444812717Z stdout F -A ISTIO_OUTPUT ! -d 127.0.0.1/32 -o lo -m owner --uid-owner 1337 -j ISTIO_IN_REDIRECT
2022-05-25T10:52:12.444815111Z stdout F -A ISTIO_OUTPUT -o lo -m owner ! --uid-owner 1337 -j RETURN
2022-05-25T10:52:12.444817468Z stdout F -A ISTIO_OUTPUT -m owner --uid-owner 1337 -j RETURN
2022-05-25T10:52:12.444819927Z stdout F -A ISTIO_OUTPUT ! -d 127.0.0.1/32 -o lo -m owner --gid-owner 1337 -j ISTIO_IN_REDIRECT
2022-05-25T10:52:12.44482397Z stdout F -A ISTIO_OUTPUT -o lo -m owner ! --gid-owner 1337 -j RETURN
2022-05-25T10:52:12.444828142Z stdout F -A ISTIO_OUTPUT -m owner --gid-owner 1337 -j RETURN
2022-05-25T10:52:12.444832279Z stdout F -A ISTIO_OUTPUT -d 127.0.0.1/32 -j RETURN
2022-05-25T10:52:12.444836674Z stdout F -A ISTIO_OUTPUT -j ISTIO_REDIRECT
2022-05-25T10:52:12.444839944Z stdout F -A ISTIO_REDIRECT -p tcp -j REDIRECT --to-ports 15001
2022-05-25T10:52:12.444842695Z stdout F COMMIT
2022-05-25T10:52:12.444845234Z stdout F # Completed on Wed May 25 10:52:12 2022
2022-05-25T10:52:12.444847585Z stdout F 
