2022-05-09T07:06:20.349978Z	info	FLAG: --concurrency="2"
2022-05-09T07:06:20.350067Z	info	FLAG: --domain="default.svc.cluster.local"
2022-05-09T07:06:20.350080Z	info	FLAG: --help="false"
2022-05-09T07:06:20.350085Z	info	FLAG: --log_as_json="false"
2022-05-09T07:06:20.350089Z	info	FLAG: --log_caller=""
2022-05-09T07:06:20.350095Z	info	FLAG: --log_output_level="default:info"
2022-05-09T07:06:20.350100Z	info	FLAG: --log_rotate=""
2022-05-09T07:06:20.350106Z	info	FLAG: --log_rotate_max_age="30"
2022-05-09T07:06:20.350113Z	info	FLAG: --log_rotate_max_backups="1000"
2022-05-09T07:06:20.350119Z	info	FLAG: --log_rotate_max_size="104857600"
2022-05-09T07:06:20.350126Z	info	FLAG: --log_stacktrace_level="default:none"
2022-05-09T07:06:20.350142Z	info	FLAG: --log_target="[stdout]"
2022-05-09T07:06:20.350153Z	info	FLAG: --meshConfig="./etc/istio/config/mesh"
2022-05-09T07:06:20.350160Z	info	FLAG: --outlierLogPath=""
2022-05-09T07:06:20.350166Z	info	FLAG: --proxyComponentLogLevel="misc:error"
2022-05-09T07:06:20.350172Z	info	FLAG: --proxyLogLevel="warning"
2022-05-09T07:06:20.350178Z	info	FLAG: --serviceCluster="istio-proxy"
2022-05-09T07:06:20.350184Z	info	FLAG: --stsPort="0"
2022-05-09T07:06:20.350190Z	info	FLAG: --templateFile=""
2022-05-09T07:06:20.350197Z	info	FLAG: --tokenManagerPlugin="GoogleTokenExchange"
2022-05-09T07:06:20.350207Z	info	FLAG: --vklog="0"
2022-05-09T07:06:20.350215Z	info	Version 1.13.2-91533d04e894ff86b80acd6d7a4517b144f9e19a-Clean
2022-05-09T07:06:20.377088Z	info	Proxy role	ips=[10.244.0.78 fe80::448:8eff:fe4a:4693] type=sidecar id=ts-avatar-service-57f976dd6d-jbjnr.default domain=default.svc.cluster.local
2022-05-09T07:06:20.377341Z	info	Apply proxy config from env {}

2022-05-09T07:06:20.450044Z	info	Effective config: binaryPath: /usr/local/bin/envoy
concurrency: 2
configPath: ./etc/istio/proxy
controlPlaneAuthPolicy: MUTUAL_TLS
discoveryAddress: istiod.istio-system.svc:15012
drainDuration: 45s
parentShutdownDuration: 60s
proxyAdminPort: 15000
serviceCluster: istio-proxy
statNameLength: 189
statusPort: 15020
terminationDrainDuration: 5s
tracing:
  zipkin:
    address: zipkin.istio-system:9411

2022-05-09T07:06:20.450134Z	info	JWT policy is third-party-jwt
2022-05-09T07:06:20.474914Z	info	CA Endpoint istiod.istio-system.svc:15012, provider Citadel
2022-05-09T07:06:20.475062Z	info	Using CA istiod.istio-system.svc:15012 cert with certs: var/run/secrets/istio/root-cert.pem
2022-05-09T07:06:20.475214Z	info	citadelclient	Citadel client using custom root cert: var/run/secrets/istio/root-cert.pem
2022-05-09T07:06:20.500556Z	info	Opening status port 15020
2022-05-09T07:06:21.593743Z	info	ads	All caches have been synced up in 3.267307963s, marking server ready
2022-05-09T07:06:21.663988Z	info	sds	SDS server for workload certificates started, listening on "etc/istio/proxy/SDS"
2022-05-09T07:06:21.664409Z	info	xdsproxy	Initializing with upstream address "istiod.istio-system.svc:15012" and cluster "Kubernetes"
2022-05-09T07:06:21.706168Z	info	sds	Starting SDS grpc server
2022-05-09T07:06:21.722767Z	info	starting Http service at 127.0.0.1:15004
2022-05-09T07:06:21.765590Z	info	Pilot SAN: [istiod.istio-system.svc]
2022-05-09T07:06:21.885266Z	info	Starting proxy agent
2022-05-09T07:06:21.885444Z	info	Epoch 0 starting
2022-05-09T07:06:21.885503Z	info	Envoy command: [-c etc/istio/proxy/envoy-rev0.json --restart-epoch 0 --drain-time-s 45 --drain-strategy immediate --parent-shutdown-time-s 60 --local-address-ip-version v4 --file-flush-interval-msec 1000 --disable-hot-restart --log-format %Y-%m-%dT%T.%fZ	%l	envoy %n	%v -l warning --component-log-level misc:error --concurrency 2]
2022-05-09T07:07:43.924323Z	warning	envoy config	StreamAggregatedResources gRPC config stream closed since 30s ago: 14, connection error: desc = "transport: Error while dialing dial tcp 10.96.224.88:15012: connect: connection refused"
2022-05-09T07:07:44.919812Z	warn	ca	ca request failed, starting attempt 1 in 107.87434ms
2022-05-09T07:07:45.039545Z	warn	ca	ca request failed, starting attempt 2 in 181.646754ms
2022-05-09T07:07:45.224103Z	warn	ca	ca request failed, starting attempt 3 in 409.681505ms
2022-05-09T07:07:45.645348Z	warn	ca	ca request failed, starting attempt 4 in 876.347936ms
2022-05-09T07:07:46.655024Z	warn	sds	failed to warm certificate: failed to generate workload certificate: create certificate: rpc error: code = Unavailable desc = connection error: desc = "transport: Error while dialing dial tcp 10.96.224.88:15012: connect: connection refused"
2022-05-09T07:07:54.608196Z	warning	envoy config	StreamAggregatedResources gRPC config stream closed since 41s ago: 14, connection error: desc = "transport: Error while dialing dial tcp 10.96.224.88:15012: connect: connection refused"
2022-05-09T07:08:31.542957Z	warning	envoy config	StreamAggregatedResources gRPC config stream closed since 77s ago: 14, connection error: desc = "transport: Error while dialing dial tcp 10.96.224.88:15012: connect: connection refused"
2022-05-09T07:09:03.836058Z	info	cache	generated new workload certificate	latency=1m16.940903475s ttl=23h59m54.163956593s
2022-05-09T07:09:03.836134Z	info	cache	Root cert has changed, start rotating root cert
2022-05-09T07:09:03.836170Z	info	ads	XDS: Incremental Pushing:0 ConnectedEndpoints:0 Version:
2022-05-09T07:09:03.836248Z	info	cache	returned workload trust anchor from cache	ttl=23h59m54.16375782s
2022-05-09T07:09:21.295833Z	warning	envoy config	StreamAggregatedResources gRPC config stream closed since 127s ago: 14, failed to receive server preface within timeout
2022-05-09T07:09:45.152583Z	info	xdsproxy	connected to upstream XDS server: istiod.istio-system.svc:15012
2022-05-09T07:11:18.818958Z	info	ads	ADS: new connection for node:ts-avatar-service-57f976dd6d-jbjnr.default-1
2022-05-09T07:11:18.819223Z	info	cache	returned workload certificate from cache	ttl=23h57m39.18078929s
2022-05-09T07:11:18.820234Z	info	ads	SDS: PUSH request for node:ts-avatar-service-57f976dd6d-jbjnr.default resources:1 size:4.0kB resource:default
2022-05-09T07:11:18.899353Z	info	ads	ADS: new connection for node:ts-avatar-service-57f976dd6d-jbjnr.default-2
2022-05-09T07:11:18.960794Z	info	cache	returned workload trust anchor from cache	ttl=23h57m39.039220571s
2022-05-09T07:11:18.968701Z	info	ads	SDS: PUSH request for node:ts-avatar-service-57f976dd6d-jbjnr.default resources:1 size:1.1kB resource:ROOTCA
2022-05-09T07:11:55.555619Z	info	Readiness succeeded in 5m36.675326088s
2022-05-09T07:11:55.615116Z	info	Envoy proxy is ready
2022-05-09T07:40:38.353246Z	info	xdsproxy	connected to upstream XDS server: istiod.istio-system.svc:15012
2022-05-09T08:08:51.264818Z	info	xdsproxy	connected to upstream XDS server: istiod.istio-system.svc:15012
