2022-04-30T04:41:11.23540809Z stderr F Traceback (most recent call last):
2022-04-30T04:41:11.235515524Z stderr F   File "/usr/local/lib/python3.9/site-packages/pymysql/connections.py", line 613, in connect
2022-04-30T04:41:11.235531736Z stderr F     sock = socket.create_connection(
2022-04-30T04:41:11.235541543Z stderr F   File "/usr/local/lib/python3.9/socket.py", line 844, in create_connection
2022-04-30T04:41:11.240277851Z stderr F     raise err
2022-04-30T04:41:11.240319833Z stderr F   File "/usr/local/lib/python3.9/socket.py", line 832, in create_connection
2022-04-30T04:41:11.240529785Z stderr F     sock.connect(sa)
2022-04-30T04:41:11.240643475Z stderr F ConnectionRefusedError: [Errno 111] Connection refused
2022-04-30T04:41:11.240654848Z stderr F 
2022-04-30T04:41:11.24066337Z stderr F During handling of the above exception, another exception occurred:
2022-04-30T04:41:11.240670504Z stderr F 
2022-04-30T04:41:11.240678339Z stderr F Traceback (most recent call last):
2022-04-30T04:41:11.240685555Z stderr F   File "/app/server.py", line 152, in <module>
2022-04-30T04:41:11.242466742Z stderr F     initDatabase()
2022-04-30T04:41:11.24250526Z stderr F   File "/app/server.py", line 111, in initDatabase
2022-04-30T04:41:11.242517531Z stderr F     connect = pymysql.connect(**config)
2022-04-30T04:41:11.242526016Z stderr F   File "/usr/local/lib/python3.9/site-packages/pymysql/connections.py", line 353, in __init__
2022-04-30T04:41:11.242533235Z stderr F     self.connect()
2022-04-30T04:41:11.242619074Z stderr F   File "/usr/local/lib/python3.9/site-packages/pymysql/connections.py", line 664, in connect
2022-04-30T04:41:11.251177038Z stderr F     raise exc
2022-04-30T04:41:11.251229673Z stderr F pymysql.err.OperationalError: (2003, "Can't connect to MySQL server on 'ts-voucher-mysql' ([Errno 111] Connection refused)")
