2022-05-25T10:52:39.12551072Z stdout F 2022-05-25T10:52:39.122462Z	info	Istio iptables environment:
2022-05-25T10:52:39.1256338Z stdout F ENVOY_PORT=
2022-05-25T10:52:39.125649137Z stdout F INBOUND_CAPTURE_PORT=
2022-05-25T10:52:39.125657671Z stdout F ISTIO_INBOUND_INTERCEPTION_MODE=
2022-05-25T10:52:39.125701724Z stdout F ISTIO_INBOUND_TPROXY_ROUTE_TABLE=
2022-05-25T10:52:39.125717655Z stdout F ISTIO_INBOUND_PORTS=
2022-05-25T10:52:39.125725121Z stdout F ISTIO_OUTBOUND_PORTS=
2022-05-25T10:52:39.12573151Z stdout F ISTIO_LOCAL_EXCLUDE_PORTS=
2022-05-25T10:52:39.12573752Z stdout F ISTIO_EXCLUDE_INTERFACES=
2022-05-25T10:52:39.125743669Z stdout F ISTIO_SERVICE_CIDR=
2022-05-25T10:52:39.125790471Z stdout F ISTIO_SERVICE_EXCLUDE_CIDR=
2022-05-25T10:52:39.125802541Z stdout F ISTIO_META_DNS_CAPTURE=
2022-05-25T10:52:39.125809241Z stdout F INVALID_DROP=
2022-05-25T10:52:39.125815226Z stdout F 
2022-05-25T10:52:39.125821287Z stdout F 2022-05-25T10:52:39.122651Z	info	Istio iptables variables:
2022-05-25T10:52:39.125827422Z stdout F PROXY_PORT=15001
2022-05-25T10:52:39.125910302Z stdout F PROXY_INBOUND_CAPTURE_PORT=15006
2022-05-25T10:52:39.126049393Z stdout F PROXY_TUNNEL_PORT=15008
2022-05-25T10:52:39.12606566Z stdout F PROXY_UID=1337
2022-05-25T10:52:39.126074495Z stdout F PROXY_GID=1337
2022-05-25T10:52:39.126081315Z stdout F INBOUND_INTERCEPTION_MODE=REDIRECT
2022-05-25T10:52:39.126087387Z stdout F INBOUND_TPROXY_MARK=1337
2022-05-25T10:52:39.126093349Z stdout F INBOUND_TPROXY_ROUTE_TABLE=133
2022-05-25T10:52:39.126098947Z stdout F INBOUND_PORTS_INCLUDE=*
2022-05-25T10:52:39.126104774Z stdout F INBOUND_PORTS_EXCLUDE=15090,15021,15020
2022-05-25T10:52:39.126110751Z stdout F OUTBOUND_IP_RANGES_INCLUDE=*
2022-05-25T10:52:39.126115685Z stdout F OUTBOUND_IP_RANGES_EXCLUDE=
2022-05-25T10:52:39.12612062Z stdout F OUTBOUND_PORTS_INCLUDE=
2022-05-25T10:52:39.126125935Z stdout F OUTBOUND_PORTS_EXCLUDE=
2022-05-25T10:52:39.126131071Z stdout F KUBE_VIRT_INTERFACES=
2022-05-25T10:52:39.126135874Z stdout F ENABLE_INBOUND_IPV6=false
2022-05-25T10:52:39.126140657Z stdout F DNS_CAPTURE=false
2022-05-25T10:52:39.126145426Z stdout F DROP_INVALID=false
2022-05-25T10:52:39.126150475Z stdout F CAPTURE_ALL_DNS=false
2022-05-25T10:52:39.126155308Z stdout F DNS_SERVERS=[],[]
2022-05-25T10:52:39.126160212Z stdout F OUTPUT_PATH=
2022-05-25T10:52:39.12616498Z stdout F NETWORK_NAMESPACE=
2022-05-25T10:52:39.126169956Z stdout F CNI_MODE=false
2022-05-25T10:52:39.126175072Z stdout F EXCLUDE_INTERFACES=
2022-05-25T10:52:39.126179479Z stdout F 
2022-05-25T10:52:39.126185459Z stdout F 2022-05-25T10:52:39.123105Z	info	Writing following contents to rules file: /tmp/iptables-rules-1653475959122770397.txt4022309305
2022-05-25T10:52:39.126190434Z stdout F * nat
2022-05-25T10:52:39.126195327Z stdout F -N ISTIO_INBOUND
2022-05-25T10:52:39.126200005Z stdout F -N ISTIO_REDIRECT
2022-05-25T10:52:39.126204528Z stdout F -N ISTIO_IN_REDIRECT
2022-05-25T10:52:39.126209194Z stdout F -N ISTIO_OUTPUT
2022-05-25T10:52:39.126214567Z stdout F -A ISTIO_INBOUND -p tcp --dport 15008 -j RETURN
2022-05-25T10:52:39.126220025Z stdout F -A ISTIO_REDIRECT -p tcp -j REDIRECT --to-ports 15001
2022-05-25T10:52:39.126225168Z stdout F -A ISTIO_IN_REDIRECT -p tcp -j REDIRECT --to-ports 15006
2022-05-25T10:52:39.126230853Z stdout F -A PREROUTING -p tcp -j ISTIO_INBOUND
2022-05-25T10:52:39.126236016Z stdout F -A ISTIO_INBOUND -p tcp --dport 15090 -j RETURN
2022-05-25T10:52:39.126241325Z stdout F -A ISTIO_INBOUND -p tcp --dport 15021 -j RETURN
2022-05-25T10:52:39.126246887Z stdout F -A ISTIO_INBOUND -p tcp --dport 15020 -j RETURN
2022-05-25T10:52:39.126251946Z stdout F -A ISTIO_INBOUND -p tcp -j ISTIO_IN_REDIRECT
2022-05-25T10:52:39.126257893Z stdout F -A OUTPUT -p tcp -j ISTIO_OUTPUT
2022-05-25T10:52:39.126263738Z stdout F -A ISTIO_OUTPUT -o lo -s 127.0.0.6/32 -j RETURN
2022-05-25T10:52:39.126269649Z stdout F -A ISTIO_OUTPUT -o lo ! -d 127.0.0.1/32 -m owner --uid-owner 1337 -j ISTIO_IN_REDIRECT
2022-05-25T10:52:39.126275022Z stdout F -A ISTIO_OUTPUT -o lo -m owner ! --uid-owner 1337 -j RETURN
2022-05-25T10:52:39.126280229Z stdout F -A ISTIO_OUTPUT -m owner --uid-owner 1337 -j RETURN
2022-05-25T10:52:39.126302418Z stdout F -A ISTIO_OUTPUT -o lo ! -d 127.0.0.1/32 -m owner --gid-owner 1337 -j ISTIO_IN_REDIRECT
2022-05-25T10:52:39.126308793Z stdout F -A ISTIO_OUTPUT -o lo -m owner ! --gid-owner 1337 -j RETURN
2022-05-25T10:52:39.126313792Z stdout F -A ISTIO_OUTPUT -m owner --gid-owner 1337 -j RETURN
2022-05-25T10:52:39.126318543Z stdout F -A ISTIO_OUTPUT -d 127.0.0.1/32 -j RETURN
2022-05-25T10:52:39.126323463Z stdout F -A ISTIO_OUTPUT -j ISTIO_REDIRECT
2022-05-25T10:52:39.126328678Z stdout F COMMIT
2022-05-25T10:52:39.126335345Z stdout F 2022-05-25T10:52:39.123232Z	info	Running command: iptables-restore --noflush /tmp/iptables-rules-1653475959122770397.txt4022309305
2022-05-25T10:52:39.188344632Z stdout F 2022-05-25T10:52:39.186030Z	info	Writing following contents to rules file: /tmp/ip6tables-rules-1653475959184097386.txt114961419
2022-05-25T10:52:39.188379449Z stdout F 
2022-05-25T10:52:39.190635025Z stdout F 2022-05-25T10:52:39.186604Z	info	Running command: ip6tables-restore --noflush /tmp/ip6tables-rules-1653475959184097386.txt114961419
2022-05-25T10:52:39.244669046Z stdout F 2022-05-25T10:52:39.243223Z	info	Running command: iptables-save 
2022-05-25T10:52:39.308245335Z stdout F 2022-05-25T10:52:39.306891Z	info	Command output: 
2022-05-25T10:52:39.308286013Z stdout F # Generated by iptables-save v1.8.4 on Wed May 25 10:52:39 2022
2022-05-25T10:52:39.308294982Z stdout F *nat
2022-05-25T10:52:39.308301408Z stdout F :PREROUTING ACCEPT [0:0]
2022-05-25T10:52:39.308306548Z stdout F :INPUT ACCEPT [0:0]
2022-05-25T10:52:39.308311951Z stdout F :OUTPUT ACCEPT [0:0]
2022-05-25T10:52:39.308317991Z stdout F :POSTROUTING ACCEPT [0:0]
2022-05-25T10:52:39.308324518Z stdout F :ISTIO_INBOUND - [0:0]
2022-05-25T10:52:39.308330919Z stdout F :ISTIO_IN_REDIRECT - [0:0]
2022-05-25T10:52:39.308336598Z stdout F :ISTIO_OUTPUT - [0:0]
2022-05-25T10:52:39.30834256Z stdout F :ISTIO_REDIRECT - [0:0]
2022-05-25T10:52:39.308349095Z stdout F -A PREROUTING -p tcp -j ISTIO_INBOUND
2022-05-25T10:52:39.308355105Z stdout F -A OUTPUT -p tcp -j ISTIO_OUTPUT
2022-05-25T10:52:39.308360742Z stdout F -A ISTIO_INBOUND -p tcp -m tcp --dport 15008 -j RETURN
2022-05-25T10:52:39.308365792Z stdout F -A ISTIO_INBOUND -p tcp -m tcp --dport 15090 -j RETURN
2022-05-25T10:52:39.3083714Z stdout F -A ISTIO_INBOUND -p tcp -m tcp --dport 15021 -j RETURN
2022-05-25T10:52:39.308377315Z stdout F -A ISTIO_INBOUND -p tcp -m tcp --dport 15020 -j RETURN
2022-05-25T10:52:39.308382692Z stdout F -A ISTIO_INBOUND -p tcp -j ISTIO_IN_REDIRECT
2022-05-25T10:52:39.30838857Z stdout F -A ISTIO_IN_REDIRECT -p tcp -j REDIRECT --to-ports 15006
2022-05-25T10:52:39.308461644Z stdout F -A ISTIO_OUTPUT -s 127.0.0.6/32 -o lo -j RETURN
2022-05-25T10:52:39.30847655Z stdout F -A ISTIO_OUTPUT ! -d 127.0.0.1/32 -o lo -m owner --uid-owner 1337 -j ISTIO_IN_REDIRECT
2022-05-25T10:52:39.308483753Z stdout F -A ISTIO_OUTPUT -o lo -m owner ! --uid-owner 1337 -j RETURN
2022-05-25T10:52:39.308489476Z stdout F -A ISTIO_OUTPUT -m owner --uid-owner 1337 -j RETURN
2022-05-25T10:52:39.308494939Z stdout F -A ISTIO_OUTPUT ! -d 127.0.0.1/32 -o lo -m owner --gid-owner 1337 -j ISTIO_IN_REDIRECT
2022-05-25T10:52:39.308499969Z stdout F -A ISTIO_OUTPUT -o lo -m owner ! --gid-owner 1337 -j RETURN
2022-05-25T10:52:39.308505431Z stdout F -A ISTIO_OUTPUT -m owner --gid-owner 1337 -j RETURN
2022-05-25T10:52:39.308511022Z stdout F -A ISTIO_OUTPUT -d 127.0.0.1/32 -j RETURN
2022-05-25T10:52:39.308516123Z stdout F -A ISTIO_OUTPUT -j ISTIO_REDIRECT
2022-05-25T10:52:39.308521555Z stdout F -A ISTIO_REDIRECT -p tcp -j REDIRECT --to-ports 15001
2022-05-25T10:52:39.308529847Z stdout F COMMIT
2022-05-25T10:52:39.308547724Z stdout F # Completed on Wed May 25 10:52:39 2022
2022-05-25T10:52:39.30856563Z stdout F 
