2022-05-09T06:53:03.583336957Z stdout F 2022-05-09T06:53:03.581859Z	info	Istio iptables environment:
2022-05-09T06:53:03.58337321Z stdout F ENVOY_PORT=
2022-05-09T06:53:03.58338201Z stdout F INBOUND_CAPTURE_PORT=
2022-05-09T06:53:03.583387738Z stdout F ISTIO_INBOUND_INTERCEPTION_MODE=
2022-05-09T06:53:03.583392943Z stdout F ISTIO_INBOUND_TPROXY_ROUTE_TABLE=
2022-05-09T06:53:03.583397796Z stdout F ISTIO_INBOUND_PORTS=
2022-05-09T06:53:03.583443019Z stdout F ISTIO_OUTBOUND_PORTS=
2022-05-09T06:53:03.583456053Z stdout F ISTIO_LOCAL_EXCLUDE_PORTS=
2022-05-09T06:53:03.583465316Z stdout F ISTIO_EXCLUDE_INTERFACES=
2022-05-09T06:53:03.583582156Z stdout F ISTIO_SERVICE_CIDR=
2022-05-09T06:53:03.583597018Z stdout F ISTIO_SERVICE_EXCLUDE_CIDR=
2022-05-09T06:53:03.583603142Z stdout F ISTIO_META_DNS_CAPTURE=
2022-05-09T06:53:03.58360849Z stdout F INVALID_DROP=
2022-05-09T06:53:03.58361338Z stdout F 
2022-05-09T06:53:03.583623204Z stdout F 2022-05-09T06:53:03.581949Z	info	Istio iptables variables:
2022-05-09T06:53:03.583630914Z stdout F PROXY_PORT=15001
2022-05-09T06:53:03.583637747Z stdout F PROXY_INBOUND_CAPTURE_PORT=15006
2022-05-09T06:53:03.583648309Z stdout F PROXY_TUNNEL_PORT=15008
2022-05-09T06:53:03.58365368Z stdout F PROXY_UID=1337
2022-05-09T06:53:03.58365832Z stdout F PROXY_GID=1337
2022-05-09T06:53:03.583663169Z stdout F INBOUND_INTERCEPTION_MODE=REDIRECT
2022-05-09T06:53:03.583672235Z stdout F INBOUND_TPROXY_MARK=1337
2022-05-09T06:53:03.583681874Z stdout F INBOUND_TPROXY_ROUTE_TABLE=133
2022-05-09T06:53:03.583687037Z stdout F INBOUND_PORTS_INCLUDE=*
2022-05-09T06:53:03.583691916Z stdout F INBOUND_PORTS_EXCLUDE=15090,15021,15020
2022-05-09T06:53:03.583696214Z stdout F OUTBOUND_IP_RANGES_INCLUDE=*
2022-05-09T06:53:03.583700276Z stdout F OUTBOUND_IP_RANGES_EXCLUDE=
2022-05-09T06:53:03.5837044Z stdout F OUTBOUND_PORTS_INCLUDE=
2022-05-09T06:53:03.583720756Z stdout F OUTBOUND_PORTS_EXCLUDE=
2022-05-09T06:53:03.583730662Z stdout F KUBE_VIRT_INTERFACES=
2022-05-09T06:53:03.583735835Z stdout F ENABLE_INBOUND_IPV6=false
2022-05-09T06:53:03.583746434Z stdout F DNS_CAPTURE=false
2022-05-09T06:53:03.583751614Z stdout F DROP_INVALID=false
2022-05-09T06:53:03.583756116Z stdout F CAPTURE_ALL_DNS=false
2022-05-09T06:53:03.583760155Z stdout F DNS_SERVERS=[],[]
2022-05-09T06:53:03.583764623Z stdout F OUTPUT_PATH=
2022-05-09T06:53:03.583769273Z stdout F NETWORK_NAMESPACE=
2022-05-09T06:53:03.583773896Z stdout F CNI_MODE=false
2022-05-09T06:53:03.58377831Z stdout F EXCLUDE_INTERFACES=
2022-05-09T06:53:03.583782305Z stdout F 
2022-05-09T06:53:03.585070513Z stdout F 2022-05-09T06:53:03.582364Z	info	Writing following contents to rules file: /tmp/iptables-rules-1652079183582015159.txt2065280326
2022-05-09T06:53:03.585093591Z stdout F * nat
2022-05-09T06:53:03.585099595Z stdout F -N ISTIO_INBOUND
2022-05-09T06:53:03.585105027Z stdout F -N ISTIO_REDIRECT
2022-05-09T06:53:03.585109517Z stdout F -N ISTIO_IN_REDIRECT
2022-05-09T06:53:03.585113764Z stdout F -N ISTIO_OUTPUT
2022-05-09T06:53:03.585118727Z stdout F -A ISTIO_INBOUND -p tcp --dport 15008 -j RETURN
2022-05-09T06:53:03.585123579Z stdout F -A ISTIO_REDIRECT -p tcp -j REDIRECT --to-ports 15001
2022-05-09T06:53:03.585127959Z stdout F -A ISTIO_IN_REDIRECT -p tcp -j REDIRECT --to-ports 15006
2022-05-09T06:53:03.585132122Z stdout F -A PREROUTING -p tcp -j ISTIO_INBOUND
2022-05-09T06:53:03.585136288Z stdout F -A ISTIO_INBOUND -p tcp --dport 15090 -j RETURN
2022-05-09T06:53:03.585140339Z stdout F -A ISTIO_INBOUND -p tcp --dport 15021 -j RETURN
2022-05-09T06:53:03.585144537Z stdout F -A ISTIO_INBOUND -p tcp --dport 15020 -j RETURN
2022-05-09T06:53:03.585148819Z stdout F -A ISTIO_INBOUND -p tcp -j ISTIO_IN_REDIRECT
2022-05-09T06:53:03.585153455Z stdout F -A OUTPUT -p tcp -j ISTIO_OUTPUT
2022-05-09T06:53:03.585157722Z stdout F -A ISTIO_OUTPUT -o lo -s 127.0.0.6/32 -j RETURN
2022-05-09T06:53:03.585162645Z stdout F -A ISTIO_OUTPUT -o lo ! -d 127.0.0.1/32 -m owner --uid-owner 1337 -j ISTIO_IN_REDIRECT
2022-05-09T06:53:03.585166993Z stdout F -A ISTIO_OUTPUT -o lo -m owner ! --uid-owner 1337 -j RETURN
2022-05-09T06:53:03.585171229Z stdout F -A ISTIO_OUTPUT -m owner --uid-owner 1337 -j RETURN
2022-05-09T06:53:03.585201948Z stdout F -A ISTIO_OUTPUT -o lo ! -d 127.0.0.1/32 -m owner --gid-owner 1337 -j ISTIO_IN_REDIRECT
2022-05-09T06:53:03.585208749Z stdout F -A ISTIO_OUTPUT -o lo -m owner ! --gid-owner 1337 -j RETURN
2022-05-09T06:53:03.585213298Z stdout F -A ISTIO_OUTPUT -m owner --gid-owner 1337 -j RETURN
2022-05-09T06:53:03.585217758Z stdout F -A ISTIO_OUTPUT -d 127.0.0.1/32 -j RETURN
2022-05-09T06:53:03.585222048Z stdout F -A ISTIO_OUTPUT -j ISTIO_REDIRECT
2022-05-09T06:53:03.5852263Z stdout F COMMIT
2022-05-09T06:53:03.585231063Z stdout F 2022-05-09T06:53:03.582451Z	info	Running command: iptables-restore --noflush /tmp/iptables-rules-1652079183582015159.txt2065280326
2022-05-09T06:53:03.589575187Z stdout F 2022-05-09T06:53:03.589324Z	info	Writing following contents to rules file: /tmp/ip6tables-rules-1652079183589233235.txt4178739656
2022-05-09T06:53:03.589595425Z stdout F 
2022-05-09T06:53:03.589601726Z stdout F 2022-05-09T06:53:03.589388Z	info	Running command: ip6tables-restore --noflush /tmp/ip6tables-rules-1652079183589233235.txt4178739656
2022-05-09T06:53:03.599660919Z stdout F 2022-05-09T06:53:03.597827Z	info	Running command: iptables-save 
2022-05-09T06:53:03.606433053Z stdout F 2022-05-09T06:53:03.605681Z	info	Command output: 
2022-05-09T06:53:03.606528687Z stdout F # Generated by iptables-save v1.8.4 on Mon May  9 06:53:03 2022
2022-05-09T06:53:03.60653605Z stdout F *nat
2022-05-09T06:53:03.606541888Z stdout F :PREROUTING ACCEPT [0:0]
2022-05-09T06:53:03.60654676Z stdout F :INPUT ACCEPT [0:0]
2022-05-09T06:53:03.606551848Z stdout F :OUTPUT ACCEPT [0:0]
2022-05-09T06:53:03.606557246Z stdout F :POSTROUTING ACCEPT [0:0]
2022-05-09T06:53:03.606562345Z stdout F :ISTIO_INBOUND - [0:0]
2022-05-09T06:53:03.606567512Z stdout F :ISTIO_IN_REDIRECT - [0:0]
2022-05-09T06:53:03.606572707Z stdout F :ISTIO_OUTPUT - [0:0]
2022-05-09T06:53:03.606577841Z stdout F :ISTIO_REDIRECT - [0:0]
2022-05-09T06:53:03.606583621Z stdout F -A PREROUTING -p tcp -j ISTIO_INBOUND
2022-05-09T06:53:03.606589159Z stdout F -A OUTPUT -p tcp -j ISTIO_OUTPUT
2022-05-09T06:53:03.606594481Z stdout F -A ISTIO_INBOUND -p tcp -m tcp --dport 15008 -j RETURN
2022-05-09T06:53:03.606599703Z stdout F -A ISTIO_INBOUND -p tcp -m tcp --dport 15090 -j RETURN
2022-05-09T06:53:03.606604361Z stdout F -A ISTIO_INBOUND -p tcp -m tcp --dport 15021 -j RETURN
2022-05-09T06:53:03.606608839Z stdout F -A ISTIO_INBOUND -p tcp -m tcp --dport 15020 -j RETURN
2022-05-09T06:53:03.606612972Z stdout F -A ISTIO_INBOUND -p tcp -j ISTIO_IN_REDIRECT
2022-05-09T06:53:03.606617082Z stdout F -A ISTIO_IN_REDIRECT -p tcp -j REDIRECT --to-ports 15006
2022-05-09T06:53:03.606621161Z stdout F -A ISTIO_OUTPUT -s 127.0.0.6/32 -o lo -j RETURN
2022-05-09T06:53:03.606625948Z stdout F -A ISTIO_OUTPUT ! -d 127.0.0.1/32 -o lo -m owner --uid-owner 1337 -j ISTIO_IN_REDIRECT
2022-05-09T06:53:03.606630206Z stdout F -A ISTIO_OUTPUT -o lo -m owner ! --uid-owner 1337 -j RETURN
2022-05-09T06:53:03.606634412Z stdout F -A ISTIO_OUTPUT -m owner --uid-owner 1337 -j RETURN
2022-05-09T06:53:03.606639049Z stdout F -A ISTIO_OUTPUT ! -d 127.0.0.1/32 -o lo -m owner --gid-owner 1337 -j ISTIO_IN_REDIRECT
2022-05-09T06:53:03.60664301Z stdout F -A ISTIO_OUTPUT -o lo -m owner ! --gid-owner 1337 -j RETURN
2022-05-09T06:53:03.606646884Z stdout F -A ISTIO_OUTPUT -m owner --gid-owner 1337 -j RETURN
2022-05-09T06:53:03.606650755Z stdout F -A ISTIO_OUTPUT -d 127.0.0.1/32 -j RETURN
2022-05-09T06:53:03.606654753Z stdout F -A ISTIO_OUTPUT -j ISTIO_REDIRECT
2022-05-09T06:53:03.606658625Z stdout F -A ISTIO_REDIRECT -p tcp -j REDIRECT --to-ports 15001
2022-05-09T06:53:03.606663109Z stdout F COMMIT
2022-05-09T06:53:03.606667161Z stdout F # Completed on Mon May  9 06:53:03 2022
2022-05-09T06:53:03.606670995Z stdout F 
