2022-05-09T06:50:57.598908648Z stdout F 2022-05-09T06:50:57.598220Z	info	Istio iptables environment:
2022-05-09T06:50:57.599084448Z stdout F ENVOY_PORT=
2022-05-09T06:50:57.599098019Z stdout F INBOUND_CAPTURE_PORT=
2022-05-09T06:50:57.599120763Z stdout F ISTIO_INBOUND_INTERCEPTION_MODE=
2022-05-09T06:50:57.599127025Z stdout F ISTIO_INBOUND_TPROXY_ROUTE_TABLE=
2022-05-09T06:50:57.599131462Z stdout F ISTIO_INBOUND_PORTS=
2022-05-09T06:50:57.59913584Z stdout F ISTIO_OUTBOUND_PORTS=
2022-05-09T06:50:57.599139903Z stdout F ISTIO_LOCAL_EXCLUDE_PORTS=
2022-05-09T06:50:57.59914404Z stdout F ISTIO_EXCLUDE_INTERFACES=
2022-05-09T06:50:57.599148016Z stdout F ISTIO_SERVICE_CIDR=
2022-05-09T06:50:57.599152287Z stdout F ISTIO_SERVICE_EXCLUDE_CIDR=
2022-05-09T06:50:57.599156486Z stdout F ISTIO_META_DNS_CAPTURE=
2022-05-09T06:50:57.599160582Z stdout F INVALID_DROP=
2022-05-09T06:50:57.599164456Z stdout F 
2022-05-09T06:50:57.599168981Z stdout F 2022-05-09T06:50:57.598304Z	info	Istio iptables variables:
2022-05-09T06:50:57.59917323Z stdout F PROXY_PORT=15001
2022-05-09T06:50:57.599177412Z stdout F PROXY_INBOUND_CAPTURE_PORT=15006
2022-05-09T06:50:57.599181501Z stdout F PROXY_TUNNEL_PORT=15008
2022-05-09T06:50:57.599185698Z stdout F PROXY_UID=1337
2022-05-09T06:50:57.599190049Z stdout F PROXY_GID=1337
2022-05-09T06:50:57.599194403Z stdout F INBOUND_INTERCEPTION_MODE=REDIRECT
2022-05-09T06:50:57.599198398Z stdout F INBOUND_TPROXY_MARK=1337
2022-05-09T06:50:57.599202478Z stdout F INBOUND_TPROXY_ROUTE_TABLE=133
2022-05-09T06:50:57.599206601Z stdout F INBOUND_PORTS_INCLUDE=*
2022-05-09T06:50:57.599210707Z stdout F INBOUND_PORTS_EXCLUDE=15090,15021,15020
2022-05-09T06:50:57.59921478Z stdout F OUTBOUND_IP_RANGES_INCLUDE=*
2022-05-09T06:50:57.599218958Z stdout F OUTBOUND_IP_RANGES_EXCLUDE=
2022-05-09T06:50:57.599223049Z stdout F OUTBOUND_PORTS_INCLUDE=
2022-05-09T06:50:57.599227134Z stdout F OUTBOUND_PORTS_EXCLUDE=
2022-05-09T06:50:57.599230981Z stdout F KUBE_VIRT_INTERFACES=
2022-05-09T06:50:57.599235116Z stdout F ENABLE_INBOUND_IPV6=false
2022-05-09T06:50:57.599239137Z stdout F DNS_CAPTURE=false
2022-05-09T06:50:57.599243145Z stdout F DROP_INVALID=false
2022-05-09T06:50:57.5992473Z stdout F CAPTURE_ALL_DNS=false
2022-05-09T06:50:57.599251499Z stdout F DNS_SERVERS=[],[]
2022-05-09T06:50:57.599255588Z stdout F OUTPUT_PATH=
2022-05-09T06:50:57.599259638Z stdout F NETWORK_NAMESPACE=
2022-05-09T06:50:57.599263857Z stdout F CNI_MODE=false
2022-05-09T06:50:57.59926801Z stdout F EXCLUDE_INTERFACES=
2022-05-09T06:50:57.59927197Z stdout F 
2022-05-09T06:50:57.599287895Z stdout F 2022-05-09T06:50:57.598795Z	info	Writing following contents to rules file: /tmp/iptables-rules-1652079057598358809.txt3865042874
2022-05-09T06:50:57.599293368Z stdout F * nat
2022-05-09T06:50:57.599310448Z stdout F -N ISTIO_INBOUND
2022-05-09T06:50:57.599318026Z stdout F -N ISTIO_REDIRECT
2022-05-09T06:50:57.599322539Z stdout F -N ISTIO_IN_REDIRECT
2022-05-09T06:50:57.599327116Z stdout F -N ISTIO_OUTPUT
2022-05-09T06:50:57.599331322Z stdout F -A ISTIO_INBOUND -p tcp --dport 15008 -j RETURN
2022-05-09T06:50:57.599335558Z stdout F -A ISTIO_REDIRECT -p tcp -j REDIRECT --to-ports 15001
2022-05-09T06:50:57.599339556Z stdout F -A ISTIO_IN_REDIRECT -p tcp -j REDIRECT --to-ports 15006
2022-05-09T06:50:57.599343673Z stdout F -A PREROUTING -p tcp -j ISTIO_INBOUND
2022-05-09T06:50:57.599347723Z stdout F -A ISTIO_INBOUND -p tcp --dport 15090 -j RETURN
2022-05-09T06:50:57.599351726Z stdout F -A ISTIO_INBOUND -p tcp --dport 15021 -j RETURN
2022-05-09T06:50:57.599355687Z stdout F -A ISTIO_INBOUND -p tcp --dport 15020 -j RETURN
2022-05-09T06:50:57.599359748Z stdout F -A ISTIO_INBOUND -p tcp -j ISTIO_IN_REDIRECT
2022-05-09T06:50:57.599364023Z stdout F -A OUTPUT -p tcp -j ISTIO_OUTPUT
2022-05-09T06:50:57.599368179Z stdout F -A ISTIO_OUTPUT -o lo -s 127.0.0.6/32 -j RETURN
2022-05-09T06:50:57.599373114Z stdout F -A ISTIO_OUTPUT -o lo ! -d 127.0.0.1/32 -m owner --uid-owner 1337 -j ISTIO_IN_REDIRECT
2022-05-09T06:50:57.599377306Z stdout F -A ISTIO_OUTPUT -o lo -m owner ! --uid-owner 1337 -j RETURN
2022-05-09T06:50:57.599381562Z stdout F -A ISTIO_OUTPUT -m owner --uid-owner 1337 -j RETURN
2022-05-09T06:50:57.59940971Z stdout F -A ISTIO_OUTPUT -o lo ! -d 127.0.0.1/32 -m owner --gid-owner 1337 -j ISTIO_IN_REDIRECT
2022-05-09T06:50:57.599416471Z stdout F -A ISTIO_OUTPUT -o lo -m owner ! --gid-owner 1337 -j RETURN
2022-05-09T06:50:57.599420928Z stdout F -A ISTIO_OUTPUT -m owner --gid-owner 1337 -j RETURN
2022-05-09T06:50:57.599424973Z stdout F -A ISTIO_OUTPUT -d 127.0.0.1/32 -j RETURN
2022-05-09T06:50:57.59942896Z stdout F -A ISTIO_OUTPUT -j ISTIO_REDIRECT
2022-05-09T06:50:57.599432985Z stdout F COMMIT
2022-05-09T06:50:57.599437803Z stdout F 2022-05-09T06:50:57.598860Z	info	Running command: iptables-restore --noflush /tmp/iptables-rules-1652079057598358809.txt3865042874
2022-05-09T06:50:57.609216667Z stdout F 2022-05-09T06:50:57.608466Z	info	Writing following contents to rules file: /tmp/ip6tables-rules-1652079057608412019.txt2877516197
2022-05-09T06:50:57.60924574Z stdout F 
2022-05-09T06:50:57.609252003Z stdout F 2022-05-09T06:50:57.608520Z	info	Running command: ip6tables-restore --noflush /tmp/ip6tables-rules-1652079057608412019.txt2877516197
2022-05-09T06:50:57.613207576Z stdout F 2022-05-09T06:50:57.610541Z	info	Running command: iptables-save 
2022-05-09T06:50:57.61655962Z stdout F 2022-05-09T06:50:57.615656Z	info	Command output: 
2022-05-09T06:50:57.616588395Z stdout F # Generated by iptables-save v1.8.4 on Mon May  9 06:50:57 2022
2022-05-09T06:50:57.616594962Z stdout F *nat
2022-05-09T06:50:57.616600281Z stdout F :PREROUTING ACCEPT [0:0]
2022-05-09T06:50:57.616604971Z stdout F :INPUT ACCEPT [0:0]
2022-05-09T06:50:57.616609673Z stdout F :OUTPUT ACCEPT [0:0]
2022-05-09T06:50:57.616617225Z stdout F :POSTROUTING ACCEPT [0:0]
2022-05-09T06:50:57.616625791Z stdout F :ISTIO_INBOUND - [0:0]
2022-05-09T06:50:57.616629014Z stdout F :ISTIO_IN_REDIRECT - [0:0]
2022-05-09T06:50:57.616631576Z stdout F :ISTIO_OUTPUT - [0:0]
2022-05-09T06:50:57.616634103Z stdout F :ISTIO_REDIRECT - [0:0]
2022-05-09T06:50:57.616637011Z stdout F -A PREROUTING -p tcp -j ISTIO_INBOUND
2022-05-09T06:50:57.616639473Z stdout F -A OUTPUT -p tcp -j ISTIO_OUTPUT
2022-05-09T06:50:57.616642028Z stdout F -A ISTIO_INBOUND -p tcp -m tcp --dport 15008 -j RETURN
2022-05-09T06:50:57.616644496Z stdout F -A ISTIO_INBOUND -p tcp -m tcp --dport 15090 -j RETURN
2022-05-09T06:50:57.616646952Z stdout F -A ISTIO_INBOUND -p tcp -m tcp --dport 15021 -j RETURN
2022-05-09T06:50:57.616649365Z stdout F -A ISTIO_INBOUND -p tcp -m tcp --dport 15020 -j RETURN
2022-05-09T06:50:57.616651792Z stdout F -A ISTIO_INBOUND -p tcp -j ISTIO_IN_REDIRECT
2022-05-09T06:50:57.616654218Z stdout F -A ISTIO_IN_REDIRECT -p tcp -j REDIRECT --to-ports 15006
2022-05-09T06:50:57.616656594Z stdout F -A ISTIO_OUTPUT -s 127.0.0.6/32 -o lo -j RETURN
2022-05-09T06:50:57.616659478Z stdout F -A ISTIO_OUTPUT ! -d 127.0.0.1/32 -o lo -m owner --uid-owner 1337 -j ISTIO_IN_REDIRECT
2022-05-09T06:50:57.616661994Z stdout F -A ISTIO_OUTPUT -o lo -m owner ! --uid-owner 1337 -j RETURN
2022-05-09T06:50:57.616664373Z stdout F -A ISTIO_OUTPUT -m owner --uid-owner 1337 -j RETURN
2022-05-09T06:50:57.616666845Z stdout F -A ISTIO_OUTPUT ! -d 127.0.0.1/32 -o lo -m owner --gid-owner 1337 -j ISTIO_IN_REDIRECT
2022-05-09T06:50:57.616669275Z stdout F -A ISTIO_OUTPUT -o lo -m owner ! --gid-owner 1337 -j RETURN
2022-05-09T06:50:57.616674051Z stdout F -A ISTIO_OUTPUT -m owner --gid-owner 1337 -j RETURN
2022-05-09T06:50:57.616676746Z stdout F -A ISTIO_OUTPUT -d 127.0.0.1/32 -j RETURN
2022-05-09T06:50:57.616679229Z stdout F -A ISTIO_OUTPUT -j ISTIO_REDIRECT
2022-05-09T06:50:57.616681692Z stdout F -A ISTIO_REDIRECT -p tcp -j REDIRECT --to-ports 15001
2022-05-09T06:50:57.616684403Z stdout F COMMIT
2022-05-09T06:50:57.616687044Z stdout F # Completed on Mon May  9 06:50:57 2022
2022-05-09T06:50:57.616689456Z stdout F 
