2022-05-09T11:48:03.23045355Z stdout F 2022-05-09T11:48:03.229660Z	info	Istio iptables environment:
2022-05-09T11:48:03.230503049Z stdout F ENVOY_PORT=
2022-05-09T11:48:03.230523089Z stdout F INBOUND_CAPTURE_PORT=
2022-05-09T11:48:03.230536092Z stdout F ISTIO_INBOUND_INTERCEPTION_MODE=
2022-05-09T11:48:03.230543462Z stdout F ISTIO_INBOUND_TPROXY_ROUTE_TABLE=
2022-05-09T11:48:03.230549219Z stdout F ISTIO_INBOUND_PORTS=
2022-05-09T11:48:03.230558552Z stdout F ISTIO_OUTBOUND_PORTS=
2022-05-09T11:48:03.230575766Z stdout F ISTIO_LOCAL_EXCLUDE_PORTS=
2022-05-09T11:48:03.230594336Z stdout F ISTIO_EXCLUDE_INTERFACES=
2022-05-09T11:48:03.230615038Z stdout F ISTIO_SERVICE_CIDR=
2022-05-09T11:48:03.230631975Z stdout F ISTIO_SERVICE_EXCLUDE_CIDR=
2022-05-09T11:48:03.23064051Z stdout F ISTIO_META_DNS_CAPTURE=
2022-05-09T11:48:03.230650578Z stdout F INVALID_DROP=
2022-05-09T11:48:03.230663669Z stdout F 
2022-05-09T11:48:03.230670829Z stdout F 2022-05-09T11:48:03.229745Z	info	Istio iptables variables:
2022-05-09T11:48:03.230684187Z stdout F PROXY_PORT=15001
2022-05-09T11:48:03.230703911Z stdout F PROXY_INBOUND_CAPTURE_PORT=15006
2022-05-09T11:48:03.230717511Z stdout F PROXY_TUNNEL_PORT=15008
2022-05-09T11:48:03.230724608Z stdout F PROXY_UID=1337
2022-05-09T11:48:03.230730435Z stdout F PROXY_GID=1337
2022-05-09T11:48:03.230735692Z stdout F INBOUND_INTERCEPTION_MODE=REDIRECT
2022-05-09T11:48:03.230740736Z stdout F INBOUND_TPROXY_MARK=1337
2022-05-09T11:48:03.230746323Z stdout F INBOUND_TPROXY_ROUTE_TABLE=133
2022-05-09T11:48:03.230764507Z stdout F INBOUND_PORTS_INCLUDE=*
2022-05-09T11:48:03.230898375Z stdout F INBOUND_PORTS_EXCLUDE=15090,15021,15020
2022-05-09T11:48:03.230907359Z stdout F OUTBOUND_IP_RANGES_INCLUDE=*
2022-05-09T11:48:03.230921925Z stdout F OUTBOUND_IP_RANGES_EXCLUDE=
2022-05-09T11:48:03.2309324Z stdout F OUTBOUND_PORTS_INCLUDE=
2022-05-09T11:48:03.23093915Z stdout F OUTBOUND_PORTS_EXCLUDE=
2022-05-09T11:48:03.230944891Z stdout F KUBE_VIRT_INTERFACES=
2022-05-09T11:48:03.230951024Z stdout F ENABLE_INBOUND_IPV6=false
2022-05-09T11:48:03.230956806Z stdout F DNS_CAPTURE=false
2022-05-09T11:48:03.230963045Z stdout F DROP_INVALID=false
2022-05-09T11:48:03.230969153Z stdout F CAPTURE_ALL_DNS=false
2022-05-09T11:48:03.230979355Z stdout F DNS_SERVERS=[],[]
2022-05-09T11:48:03.230995709Z stdout F OUTPUT_PATH=
2022-05-09T11:48:03.231013785Z stdout F NETWORK_NAMESPACE=
2022-05-09T11:48:03.231024629Z stdout F CNI_MODE=false
2022-05-09T11:48:03.231040412Z stdout F EXCLUDE_INTERFACES=
2022-05-09T11:48:03.231049644Z stdout F 
2022-05-09T11:48:03.231082884Z stdout F 2022-05-09T11:48:03.230260Z	info	Writing following contents to rules file: /tmp/iptables-rules-1652096883229833603.txt4071019364
2022-05-09T11:48:03.23110105Z stdout F * nat
2022-05-09T11:48:03.231145048Z stdout F -N ISTIO_INBOUND
2022-05-09T11:48:03.231163627Z stdout F -N ISTIO_REDIRECT
2022-05-09T11:48:03.231176369Z stdout F -N ISTIO_IN_REDIRECT
2022-05-09T11:48:03.231188892Z stdout F -N ISTIO_OUTPUT
2022-05-09T11:48:03.231196439Z stdout F -A ISTIO_INBOUND -p tcp --dport 15008 -j RETURN
2022-05-09T11:48:03.231202148Z stdout F -A ISTIO_REDIRECT -p tcp -j REDIRECT --to-ports 15001
2022-05-09T11:48:03.231207136Z stdout F -A ISTIO_IN_REDIRECT -p tcp -j REDIRECT --to-ports 15006
2022-05-09T11:48:03.231211785Z stdout F -A PREROUTING -p tcp -j ISTIO_INBOUND
2022-05-09T11:48:03.231216979Z stdout F -A ISTIO_INBOUND -p tcp --dport 15090 -j RETURN
2022-05-09T11:48:03.231222106Z stdout F -A ISTIO_INBOUND -p tcp --dport 15021 -j RETURN
2022-05-09T11:48:03.231230627Z stdout F -A ISTIO_INBOUND -p tcp --dport 15020 -j RETURN
2022-05-09T11:48:03.231247229Z stdout F -A ISTIO_INBOUND -p tcp -j ISTIO_IN_REDIRECT
2022-05-09T11:48:03.231264939Z stdout F -A OUTPUT -p tcp -j ISTIO_OUTPUT
2022-05-09T11:48:03.231283209Z stdout F -A ISTIO_OUTPUT -o lo -s 127.0.0.6/32 -j RETURN
2022-05-09T11:48:03.231303531Z stdout F -A ISTIO_OUTPUT -o lo ! -d 127.0.0.1/32 -m owner --uid-owner 1337 -j ISTIO_IN_REDIRECT
2022-05-09T11:48:03.231324343Z stdout F -A ISTIO_OUTPUT -o lo -m owner ! --uid-owner 1337 -j RETURN
2022-05-09T11:48:03.23133842Z stdout F -A ISTIO_OUTPUT -m owner --uid-owner 1337 -j RETURN
2022-05-09T11:48:03.231407644Z stdout F -A ISTIO_OUTPUT -o lo ! -d 127.0.0.1/32 -m owner --gid-owner 1337 -j ISTIO_IN_REDIRECT
2022-05-09T11:48:03.231418574Z stdout F -A ISTIO_OUTPUT -o lo -m owner ! --gid-owner 1337 -j RETURN
2022-05-09T11:48:03.231425246Z stdout F -A ISTIO_OUTPUT -m owner --gid-owner 1337 -j RETURN
2022-05-09T11:48:03.231430156Z stdout F -A ISTIO_OUTPUT -d 127.0.0.1/32 -j RETURN
2022-05-09T11:48:03.231435079Z stdout F -A ISTIO_OUTPUT -j ISTIO_REDIRECT
2022-05-09T11:48:03.231440086Z stdout F COMMIT
2022-05-09T11:48:03.253126233Z stdout F 2022-05-09T11:48:03.250666Z	info	Running command: iptables-restore --noflush /tmp/iptables-rules-1652096883229833603.txt4071019364
2022-05-09T11:48:03.28987057Z stdout F 2022-05-09T11:48:03.285088Z	info	Writing following contents to rules file: /tmp/ip6tables-rules-1652096883284882495.txt1668127643
2022-05-09T11:48:03.289897686Z stdout F 
2022-05-09T11:48:03.289903132Z stdout F 2022-05-09T11:48:03.285237Z	info	Running command: ip6tables-restore --noflush /tmp/ip6tables-rules-1652096883284882495.txt1668127643
2022-05-09T11:48:03.348021603Z stdout F 2022-05-09T11:48:03.341866Z	info	Running command: iptables-save 
2022-05-09T11:48:03.37568537Z stdout F 2022-05-09T11:48:03.370217Z	info	Command output: 
2022-05-09T11:48:03.37573152Z stdout F # Generated by iptables-save v1.8.4 on Mon May  9 11:48:03 2022
2022-05-09T11:48:03.375743137Z stdout F *nat
2022-05-09T11:48:03.375752324Z stdout F :PREROUTING ACCEPT [0:0]
2022-05-09T11:48:03.375758665Z stdout F :INPUT ACCEPT [0:0]
2022-05-09T11:48:03.376724229Z stdout F :OUTPUT ACCEPT [0:0]
2022-05-09T11:48:03.376749189Z stdout F :POSTROUTING ACCEPT [0:0]
2022-05-09T11:48:03.376756542Z stdout F :ISTIO_INBOUND - [0:0]
2022-05-09T11:48:03.376771432Z stdout F :ISTIO_IN_REDIRECT - [0:0]
2022-05-09T11:48:03.376790308Z stdout F :ISTIO_OUTPUT - [0:0]
2022-05-09T11:48:03.37721006Z stdout F :ISTIO_REDIRECT - [0:0]
2022-05-09T11:48:03.389167612Z stdout F -A PREROUTING -p tcp -j ISTIO_INBOUND
2022-05-09T11:48:03.389204037Z stdout F -A OUTPUT -p tcp -j ISTIO_OUTPUT
2022-05-09T11:48:03.38921257Z stdout F -A ISTIO_INBOUND -p tcp -m tcp --dport 15008 -j RETURN
2022-05-09T11:48:03.389218854Z stdout F -A ISTIO_INBOUND -p tcp -m tcp --dport 15090 -j RETURN
2022-05-09T11:48:03.389224725Z stdout F -A ISTIO_INBOUND -p tcp -m tcp --dport 15021 -j RETURN
2022-05-09T11:48:03.38923048Z stdout F -A ISTIO_INBOUND -p tcp -m tcp --dport 15020 -j RETURN
2022-05-09T11:48:03.38923642Z stdout F -A ISTIO_INBOUND -p tcp -j ISTIO_IN_REDIRECT
2022-05-09T11:48:03.389242332Z stdout F -A ISTIO_IN_REDIRECT -p tcp -j REDIRECT --to-ports 15006
2022-05-09T11:48:03.389248508Z stdout F -A ISTIO_OUTPUT -s 127.0.0.6/32 -o lo -j RETURN
2022-05-09T11:48:03.389258034Z stdout F -A ISTIO_OUTPUT ! -d 127.0.0.1/32 -o lo -m owner --uid-owner 1337 -j ISTIO_IN_REDIRECT
2022-05-09T11:48:03.3892728Z stdout F -A ISTIO_OUTPUT -o lo -m owner ! --uid-owner 1337 -j RETURN
2022-05-09T11:48:03.389281309Z stdout F -A ISTIO_OUTPUT -m owner --uid-owner 1337 -j RETURN
2022-05-09T11:48:03.389287806Z stdout F -A ISTIO_OUTPUT ! -d 127.0.0.1/32 -o lo -m owner --gid-owner 1337 -j ISTIO_IN_REDIRECT
2022-05-09T11:48:03.389293652Z stdout F -A ISTIO_OUTPUT -o lo -m owner ! --gid-owner 1337 -j RETURN
2022-05-09T11:48:03.389299297Z stdout F -A ISTIO_OUTPUT -m owner --gid-owner 1337 -j RETURN
2022-05-09T11:48:03.38930532Z stdout F -A ISTIO_OUTPUT -d 127.0.0.1/32 -j RETURN
2022-05-09T11:48:03.389319952Z stdout F -A ISTIO_OUTPUT -j ISTIO_REDIRECT
2022-05-09T11:48:03.389366854Z stdout F -A ISTIO_REDIRECT -p tcp -j REDIRECT --to-ports 15001
2022-05-09T11:48:03.389382816Z stdout F COMMIT
2022-05-09T11:48:03.389398547Z stdout F # Completed on Mon May  9 11:48:03 2022
2022-05-09T11:48:03.389405633Z stdout F 
