2022-05-09T06:52:57.042208061Z stdout F 2022-05-09T06:52:57.041651Z	info	Istio iptables environment:
2022-05-09T06:52:57.042250258Z stdout F ENVOY_PORT=
2022-05-09T06:52:57.042257233Z stdout F INBOUND_CAPTURE_PORT=
2022-05-09T06:52:57.042431937Z stdout F ISTIO_INBOUND_INTERCEPTION_MODE=
2022-05-09T06:52:57.04244564Z stdout F ISTIO_INBOUND_TPROXY_ROUTE_TABLE=
2022-05-09T06:52:57.042504773Z stdout F ISTIO_INBOUND_PORTS=
2022-05-09T06:52:57.042513922Z stdout F ISTIO_OUTBOUND_PORTS=
2022-05-09T06:52:57.04251874Z stdout F ISTIO_LOCAL_EXCLUDE_PORTS=
2022-05-09T06:52:57.042523259Z stdout F ISTIO_EXCLUDE_INTERFACES=
2022-05-09T06:52:57.042536282Z stdout F ISTIO_SERVICE_CIDR=
2022-05-09T06:52:57.042571337Z stdout F ISTIO_SERVICE_EXCLUDE_CIDR=
2022-05-09T06:52:57.042577419Z stdout F ISTIO_META_DNS_CAPTURE=
2022-05-09T06:52:57.042672319Z stdout F INVALID_DROP=
2022-05-09T06:52:57.042679766Z stdout F 
2022-05-09T06:52:57.04268507Z stdout F 2022-05-09T06:52:57.041828Z	info	Istio iptables variables:
2022-05-09T06:52:57.042689559Z stdout F PROXY_PORT=15001
2022-05-09T06:52:57.042693995Z stdout F PROXY_INBOUND_CAPTURE_PORT=15006
2022-05-09T06:52:57.042696808Z stdout F PROXY_TUNNEL_PORT=15008
2022-05-09T06:52:57.042699346Z stdout F PROXY_UID=1337
2022-05-09T06:52:57.042702892Z stdout F PROXY_GID=1337
2022-05-09T06:52:57.042707082Z stdout F INBOUND_INTERCEPTION_MODE=REDIRECT
2022-05-09T06:52:57.042712694Z stdout F INBOUND_TPROXY_MARK=1337
2022-05-09T06:52:57.042722382Z stdout F INBOUND_TPROXY_ROUTE_TABLE=133
2022-05-09T06:52:57.042729169Z stdout F INBOUND_PORTS_INCLUDE=*
2022-05-09T06:52:57.042733677Z stdout F INBOUND_PORTS_EXCLUDE=15090,15021,15020
2022-05-09T06:52:57.04273749Z stdout F OUTBOUND_IP_RANGES_INCLUDE=*
2022-05-09T06:52:57.042741471Z stdout F OUTBOUND_IP_RANGES_EXCLUDE=
2022-05-09T06:52:57.042745527Z stdout F OUTBOUND_PORTS_INCLUDE=
2022-05-09T06:52:57.042752506Z stdout F OUTBOUND_PORTS_EXCLUDE=
2022-05-09T06:52:57.042761235Z stdout F KUBE_VIRT_INTERFACES=
2022-05-09T06:52:57.042766612Z stdout F ENABLE_INBOUND_IPV6=false
2022-05-09T06:52:57.042771666Z stdout F DNS_CAPTURE=false
2022-05-09T06:52:57.042776102Z stdout F DROP_INVALID=false
2022-05-09T06:52:57.042780446Z stdout F CAPTURE_ALL_DNS=false
2022-05-09T06:52:57.042784629Z stdout F DNS_SERVERS=[],[]
2022-05-09T06:52:57.04278887Z stdout F OUTPUT_PATH=
2022-05-09T06:52:57.042792949Z stdout F NETWORK_NAMESPACE=
2022-05-09T06:52:57.042797011Z stdout F CNI_MODE=false
2022-05-09T06:52:57.042801104Z stdout F EXCLUDE_INTERFACES=
2022-05-09T06:52:57.042804961Z stdout F 
2022-05-09T06:52:57.042818939Z stdout F 2022-05-09T06:52:57.042227Z	info	Writing following contents to rules file: /tmp/iptables-rules-1652079177042012459.txt2833760275
2022-05-09T06:52:57.042824096Z stdout F * nat
2022-05-09T06:52:57.042828344Z stdout F -N ISTIO_INBOUND
2022-05-09T06:52:57.042832455Z stdout F -N ISTIO_REDIRECT
2022-05-09T06:52:57.042836579Z stdout F -N ISTIO_IN_REDIRECT
2022-05-09T06:52:57.042840722Z stdout F -N ISTIO_OUTPUT
2022-05-09T06:52:57.042844853Z stdout F -A ISTIO_INBOUND -p tcp --dport 15008 -j RETURN
2022-05-09T06:52:57.042848917Z stdout F -A ISTIO_REDIRECT -p tcp -j REDIRECT --to-ports 15001
2022-05-09T06:52:57.042852929Z stdout F -A ISTIO_IN_REDIRECT -p tcp -j REDIRECT --to-ports 15006
2022-05-09T06:52:57.042857007Z stdout F -A PREROUTING -p tcp -j ISTIO_INBOUND
2022-05-09T06:52:57.042861199Z stdout F -A ISTIO_INBOUND -p tcp --dport 15090 -j RETURN
2022-05-09T06:52:57.042865273Z stdout F -A ISTIO_INBOUND -p tcp --dport 15021 -j RETURN
2022-05-09T06:52:57.042869304Z stdout F -A ISTIO_INBOUND -p tcp --dport 15020 -j RETURN
2022-05-09T06:52:57.042873336Z stdout F -A ISTIO_INBOUND -p tcp -j ISTIO_IN_REDIRECT
2022-05-09T06:52:57.042877338Z stdout F -A OUTPUT -p tcp -j ISTIO_OUTPUT
2022-05-09T06:52:57.042881355Z stdout F -A ISTIO_OUTPUT -o lo -s 127.0.0.6/32 -j RETURN
2022-05-09T06:52:57.042885783Z stdout F -A ISTIO_OUTPUT -o lo ! -d 127.0.0.1/32 -m owner --uid-owner 1337 -j ISTIO_IN_REDIRECT
2022-05-09T06:52:57.042889764Z stdout F -A ISTIO_OUTPUT -o lo -m owner ! --uid-owner 1337 -j RETURN
2022-05-09T06:52:57.042902973Z stdout F -A ISTIO_OUTPUT -m owner --uid-owner 1337 -j RETURN
2022-05-09T06:52:57.042907516Z stdout F -A ISTIO_OUTPUT -o lo ! -d 127.0.0.1/32 -m owner --gid-owner 1337 -j ISTIO_IN_REDIRECT
2022-05-09T06:52:57.042911661Z stdout F -A ISTIO_OUTPUT -o lo -m owner ! --gid-owner 1337 -j RETURN
2022-05-09T06:52:57.042915688Z stdout F -A ISTIO_OUTPUT -m owner --gid-owner 1337 -j RETURN
2022-05-09T06:52:57.04291972Z stdout F -A ISTIO_OUTPUT -d 127.0.0.1/32 -j RETURN
2022-05-09T06:52:57.042923746Z stdout F -A ISTIO_OUTPUT -j ISTIO_REDIRECT
2022-05-09T06:52:57.042927808Z stdout F COMMIT
2022-05-09T06:52:57.042932574Z stdout F 2022-05-09T06:52:57.042389Z	info	Running command: iptables-restore --noflush /tmp/iptables-rules-1652079177042012459.txt2833760275
2022-05-09T06:52:57.048955122Z stdout F 2022-05-09T06:52:57.048541Z	info	Writing following contents to rules file: /tmp/ip6tables-rules-1652079177048360846.txt1490315893
2022-05-09T06:52:57.048977339Z stdout F 
2022-05-09T06:52:57.048983601Z stdout F 2022-05-09T06:52:57.048728Z	info	Running command: ip6tables-restore --noflush /tmp/ip6tables-rules-1652079177048360846.txt1490315893
2022-05-09T06:52:57.052032862Z stdout F 2022-05-09T06:52:57.051652Z	info	Running command: iptables-save 
2022-05-09T06:52:57.055363982Z stdout F 2022-05-09T06:52:57.055118Z	info	Command output: 
2022-05-09T06:52:57.055386741Z stdout F # Generated by iptables-save v1.8.4 on Mon May  9 06:52:57 2022
2022-05-09T06:52:57.055394128Z stdout F *nat
2022-05-09T06:52:57.055482111Z stdout F :PREROUTING ACCEPT [0:0]
2022-05-09T06:52:57.055488123Z stdout F :INPUT ACCEPT [0:0]
2022-05-09T06:52:57.055492628Z stdout F :OUTPUT ACCEPT [0:0]
2022-05-09T06:52:57.055497353Z stdout F :POSTROUTING ACCEPT [0:0]
2022-05-09T06:52:57.055501517Z stdout F :ISTIO_INBOUND - [0:0]
2022-05-09T06:52:57.055505861Z stdout F :ISTIO_IN_REDIRECT - [0:0]
2022-05-09T06:52:57.055515484Z stdout F :ISTIO_OUTPUT - [0:0]
2022-05-09T06:52:57.055523625Z stdout F :ISTIO_REDIRECT - [0:0]
2022-05-09T06:52:57.055530409Z stdout F -A PREROUTING -p tcp -j ISTIO_INBOUND
2022-05-09T06:52:57.055533397Z stdout F -A OUTPUT -p tcp -j ISTIO_OUTPUT
2022-05-09T06:52:57.055536267Z stdout F -A ISTIO_INBOUND -p tcp -m tcp --dport 15008 -j RETURN
2022-05-09T06:52:57.055538789Z stdout F -A ISTIO_INBOUND -p tcp -m tcp --dport 15090 -j RETURN
2022-05-09T06:52:57.055541291Z stdout F -A ISTIO_INBOUND -p tcp -m tcp --dport 15021 -j RETURN
2022-05-09T06:52:57.055543793Z stdout F -A ISTIO_INBOUND -p tcp -m tcp --dport 15020 -j RETURN
2022-05-09T06:52:57.055546294Z stdout F -A ISTIO_INBOUND -p tcp -j ISTIO_IN_REDIRECT
2022-05-09T06:52:57.055548813Z stdout F -A ISTIO_IN_REDIRECT -p tcp -j REDIRECT --to-ports 15006
2022-05-09T06:52:57.055551264Z stdout F -A ISTIO_OUTPUT -s 127.0.0.6/32 -o lo -j RETURN
2022-05-09T06:52:57.055554176Z stdout F -A ISTIO_OUTPUT ! -d 127.0.0.1/32 -o lo -m owner --uid-owner 1337 -j ISTIO_IN_REDIRECT
2022-05-09T06:52:57.055556708Z stdout F -A ISTIO_OUTPUT -o lo -m owner ! --uid-owner 1337 -j RETURN
2022-05-09T06:52:57.055559185Z stdout F -A ISTIO_OUTPUT -m owner --uid-owner 1337 -j RETURN
2022-05-09T06:52:57.055561768Z stdout F -A ISTIO_OUTPUT ! -d 127.0.0.1/32 -o lo -m owner --gid-owner 1337 -j ISTIO_IN_REDIRECT
2022-05-09T06:52:57.055564219Z stdout F -A ISTIO_OUTPUT -o lo -m owner ! --gid-owner 1337 -j RETURN
2022-05-09T06:52:57.055566746Z stdout F -A ISTIO_OUTPUT -m owner --gid-owner 1337 -j RETURN
2022-05-09T06:52:57.055569321Z stdout F -A ISTIO_OUTPUT -d 127.0.0.1/32 -j RETURN
2022-05-09T06:52:57.055572322Z stdout F -A ISTIO_OUTPUT -j ISTIO_REDIRECT
2022-05-09T06:52:57.055574957Z stdout F -A ISTIO_REDIRECT -p tcp -j REDIRECT --to-ports 15001
2022-05-09T06:52:57.055577768Z stdout F COMMIT
2022-05-09T06:52:57.055581813Z stdout F # Completed on Mon May  9 06:52:57 2022
2022-05-09T06:52:57.055585817Z stdout F 
