2022-05-09T21:46:21.368894072Z stdout F 2022-05-09T21:46:21.366688Z	info	Istio iptables environment:
2022-05-09T21:46:21.369039663Z stdout F ENVOY_PORT=
2022-05-09T21:46:21.369056122Z stdout F INBOUND_CAPTURE_PORT=
2022-05-09T21:46:21.369065398Z stdout F ISTIO_INBOUND_INTERCEPTION_MODE=
2022-05-09T21:46:21.369073671Z stdout F ISTIO_INBOUND_TPROXY_ROUTE_TABLE=
2022-05-09T21:46:21.369081457Z stdout F ISTIO_INBOUND_PORTS=
2022-05-09T21:46:21.369088995Z stdout F ISTIO_OUTBOUND_PORTS=
2022-05-09T21:46:21.369096277Z stdout F ISTIO_LOCAL_EXCLUDE_PORTS=
2022-05-09T21:46:21.369103383Z stdout F ISTIO_EXCLUDE_INTERFACES=
2022-05-09T21:46:21.369110725Z stdout F ISTIO_SERVICE_CIDR=
2022-05-09T21:46:21.369117771Z stdout F ISTIO_SERVICE_EXCLUDE_CIDR=
2022-05-09T21:46:21.3691248Z stdout F ISTIO_META_DNS_CAPTURE=
2022-05-09T21:46:21.369132178Z stdout F INVALID_DROP=
2022-05-09T21:46:21.369139092Z stdout F 
2022-05-09T21:46:21.369146323Z stdout F 2022-05-09T21:46:21.366799Z	info	Istio iptables variables:
2022-05-09T21:46:21.36915366Z stdout F PROXY_PORT=15001
2022-05-09T21:46:21.369160965Z stdout F PROXY_INBOUND_CAPTURE_PORT=15006
2022-05-09T21:46:21.369168296Z stdout F PROXY_TUNNEL_PORT=15008
2022-05-09T21:46:21.369199502Z stdout F PROXY_UID=1337
2022-05-09T21:46:21.369210512Z stdout F PROXY_GID=1337
2022-05-09T21:46:21.36921841Z stdout F INBOUND_INTERCEPTION_MODE=REDIRECT
2022-05-09T21:46:21.369225939Z stdout F INBOUND_TPROXY_MARK=1337
2022-05-09T21:46:21.369232912Z stdout F INBOUND_TPROXY_ROUTE_TABLE=133
2022-05-09T21:46:21.369239779Z stdout F INBOUND_PORTS_INCLUDE=*
2022-05-09T21:46:21.369246951Z stdout F INBOUND_PORTS_EXCLUDE=15090,15021,15020
2022-05-09T21:46:21.369253831Z stdout F OUTBOUND_IP_RANGES_INCLUDE=*
2022-05-09T21:46:21.36926074Z stdout F OUTBOUND_IP_RANGES_EXCLUDE=
2022-05-09T21:46:21.369267877Z stdout F OUTBOUND_PORTS_INCLUDE=
2022-05-09T21:46:21.369296987Z stdout F OUTBOUND_PORTS_EXCLUDE=
2022-05-09T21:46:21.36930918Z stdout F KUBE_VIRT_INTERFACES=
2022-05-09T21:46:21.369317075Z stdout F ENABLE_INBOUND_IPV6=false
2022-05-09T21:46:21.369324335Z stdout F DNS_CAPTURE=false
2022-05-09T21:46:21.369336088Z stdout F DROP_INVALID=false
2022-05-09T21:46:21.369344449Z stdout F CAPTURE_ALL_DNS=false
2022-05-09T21:46:21.369351781Z stdout F DNS_SERVERS=[],[]
2022-05-09T21:46:21.369359009Z stdout F OUTPUT_PATH=
2022-05-09T21:46:21.36936615Z stdout F NETWORK_NAMESPACE=
2022-05-09T21:46:21.369395585Z stdout F CNI_MODE=false
2022-05-09T21:46:21.369407867Z stdout F EXCLUDE_INTERFACES=
2022-05-09T21:46:21.369415381Z stdout F 
2022-05-09T21:46:21.388912934Z stdout F 2022-05-09T21:46:21.367370Z	info	Writing following contents to rules file: /tmp/iptables-rules-1652132781366973147.txt1949506613
2022-05-09T21:46:21.388955048Z stdout F * nat
2022-05-09T21:46:21.3890145Z stdout F -N ISTIO_INBOUND
2022-05-09T21:46:21.389032968Z stdout F -N ISTIO_REDIRECT
2022-05-09T21:46:21.389113402Z stdout F -N ISTIO_IN_REDIRECT
2022-05-09T21:46:21.389128229Z stdout F -N ISTIO_OUTPUT
2022-05-09T21:46:21.389136624Z stdout F -A ISTIO_INBOUND -p tcp --dport 15008 -j RETURN
2022-05-09T21:46:21.389144116Z stdout F -A ISTIO_REDIRECT -p tcp -j REDIRECT --to-ports 15001
2022-05-09T21:46:21.389150996Z stdout F -A ISTIO_IN_REDIRECT -p tcp -j REDIRECT --to-ports 15006
2022-05-09T21:46:21.389158234Z stdout F -A PREROUTING -p tcp -j ISTIO_INBOUND
2022-05-09T21:46:21.389165116Z stdout F -A ISTIO_INBOUND -p tcp --dport 15090 -j RETURN
2022-05-09T21:46:21.38917208Z stdout F -A ISTIO_INBOUND -p tcp --dport 15021 -j RETURN
2022-05-09T21:46:21.389178839Z stdout F -A ISTIO_INBOUND -p tcp --dport 15020 -j RETURN
2022-05-09T21:46:21.389185555Z stdout F -A ISTIO_INBOUND -p tcp -j ISTIO_IN_REDIRECT
2022-05-09T21:46:21.389192747Z stdout F -A OUTPUT -p tcp -j ISTIO_OUTPUT
2022-05-09T21:46:21.389199694Z stdout F -A ISTIO_OUTPUT -o lo -s 127.0.0.6/32 -j RETURN
2022-05-09T21:46:21.389207389Z stdout F -A ISTIO_OUTPUT -o lo ! -d 127.0.0.1/32 -m owner --uid-owner 1337 -j ISTIO_IN_REDIRECT
2022-05-09T21:46:21.389214622Z stdout F -A ISTIO_OUTPUT -o lo -m owner ! --uid-owner 1337 -j RETURN
2022-05-09T21:46:21.3892224Z stdout F -A ISTIO_OUTPUT -m owner --uid-owner 1337 -j RETURN
2022-05-09T21:46:21.389255914Z stdout F -A ISTIO_OUTPUT -o lo ! -d 127.0.0.1/32 -m owner --gid-owner 1337 -j ISTIO_IN_REDIRECT
2022-05-09T21:46:21.389265437Z stdout F -A ISTIO_OUTPUT -o lo -m owner ! --gid-owner 1337 -j RETURN
2022-05-09T21:46:21.389272273Z stdout F -A ISTIO_OUTPUT -m owner --gid-owner 1337 -j RETURN
2022-05-09T21:46:21.389279155Z stdout F -A ISTIO_OUTPUT -d 127.0.0.1/32 -j RETURN
2022-05-09T21:46:21.38928593Z stdout F -A ISTIO_OUTPUT -j ISTIO_REDIRECT
2022-05-09T21:46:21.389292879Z stdout F COMMIT
2022-05-09T21:46:21.389300599Z stdout F 2022-05-09T21:46:21.386540Z	info	Running command: iptables-restore --noflush /tmp/iptables-rules-1652132781366973147.txt1949506613
2022-05-09T21:46:21.474972129Z stdout F 2022-05-09T21:46:21.473248Z	info	Writing following contents to rules file: /tmp/ip6tables-rules-1652132781473105257.txt3498106871
2022-05-09T21:46:21.474988552Z stdout F 
2022-05-09T21:46:21.474993744Z stdout F 2022-05-09T21:46:21.473389Z	info	Running command: ip6tables-restore --noflush /tmp/ip6tables-rules-1652132781473105257.txt3498106871
2022-05-09T21:46:21.550805928Z stdout F 2022-05-09T21:46:21.547152Z	info	Running command: iptables-save 
2022-05-09T21:46:21.595124985Z stdout F 2022-05-09T21:46:21.594261Z	info	Command output: 
2022-05-09T21:46:21.595171035Z stdout F # Generated by iptables-save v1.8.4 on Mon May  9 21:46:21 2022
2022-05-09T21:46:21.595182743Z stdout F *nat
2022-05-09T21:46:21.59519142Z stdout F :PREROUTING ACCEPT [0:0]
2022-05-09T21:46:21.595198817Z stdout F :INPUT ACCEPT [0:0]
2022-05-09T21:46:21.595205749Z stdout F :OUTPUT ACCEPT [0:0]
2022-05-09T21:46:21.595212562Z stdout F :POSTROUTING ACCEPT [0:0]
2022-05-09T21:46:21.597912966Z stdout F :ISTIO_INBOUND - [0:0]
2022-05-09T21:46:21.597956505Z stdout F :ISTIO_IN_REDIRECT - [0:0]
2022-05-09T21:46:21.597967009Z stdout F :ISTIO_OUTPUT - [0:0]
2022-05-09T21:46:21.597973981Z stdout F :ISTIO_REDIRECT - [0:0]
2022-05-09T21:46:21.598440897Z stdout F -A PREROUTING -p tcp -j ISTIO_INBOUND
2022-05-09T21:46:21.598626226Z stdout F -A OUTPUT -p tcp -j ISTIO_OUTPUT
2022-05-09T21:46:21.598652222Z stdout F -A ISTIO_INBOUND -p tcp -m tcp --dport 15008 -j RETURN
2022-05-09T21:46:21.598664824Z stdout F -A ISTIO_INBOUND -p tcp -m tcp --dport 15090 -j RETURN
2022-05-09T21:46:21.598679529Z stdout F -A ISTIO_INBOUND -p tcp -m tcp --dport 15021 -j RETURN
2022-05-09T21:46:21.598687117Z stdout F -A ISTIO_INBOUND -p tcp -m tcp --dport 15020 -j RETURN
2022-05-09T21:46:21.59869325Z stdout F -A ISTIO_INBOUND -p tcp -j ISTIO_IN_REDIRECT
2022-05-09T21:46:21.598699395Z stdout F -A ISTIO_IN_REDIRECT -p tcp -j REDIRECT --to-ports 15006
2022-05-09T21:46:21.598705329Z stdout F -A ISTIO_OUTPUT -s 127.0.0.6/32 -o lo -j RETURN
2022-05-09T21:46:21.598712028Z stdout F -A ISTIO_OUTPUT ! -d 127.0.0.1/32 -o lo -m owner --uid-owner 1337 -j ISTIO_IN_REDIRECT
2022-05-09T21:46:21.598718536Z stdout F -A ISTIO_OUTPUT -o lo -m owner ! --uid-owner 1337 -j RETURN
2022-05-09T21:46:21.598725309Z stdout F -A ISTIO_OUTPUT -m owner --uid-owner 1337 -j RETURN
2022-05-09T21:46:21.598731746Z stdout F -A ISTIO_OUTPUT ! -d 127.0.0.1/32 -o lo -m owner --gid-owner 1337 -j ISTIO_IN_REDIRECT
2022-05-09T21:46:21.59886331Z stdout F -A ISTIO_OUTPUT -o lo -m owner ! --gid-owner 1337 -j RETURN
2022-05-09T21:46:21.598874261Z stdout F -A ISTIO_OUTPUT -m owner --gid-owner 1337 -j RETURN
2022-05-09T21:46:21.59888256Z stdout F -A ISTIO_OUTPUT -d 127.0.0.1/32 -j RETURN
2022-05-09T21:46:21.598889731Z stdout F -A ISTIO_OUTPUT -j ISTIO_REDIRECT
2022-05-09T21:46:21.598896978Z stdout F -A ISTIO_REDIRECT -p tcp -j REDIRECT --to-ports 15001
2022-05-09T21:46:21.59890488Z stdout F COMMIT
2022-05-09T21:46:21.604716861Z stdout F # Completed on Mon May  9 21:46:21 2022
2022-05-09T21:46:21.604834219Z stdout F 
