2022-05-09T11:47:41.183570638Z stdout F 2022-05-09T11:47:41.182711Z	info	Istio iptables environment:
2022-05-09T11:47:41.183609269Z stdout F ENVOY_PORT=
2022-05-09T11:47:41.183615643Z stdout F INBOUND_CAPTURE_PORT=
2022-05-09T11:47:41.183619194Z stdout F ISTIO_INBOUND_INTERCEPTION_MODE=
2022-05-09T11:47:41.183622301Z stdout F ISTIO_INBOUND_TPROXY_ROUTE_TABLE=
2022-05-09T11:47:41.18362481Z stdout F ISTIO_INBOUND_PORTS=
2022-05-09T11:47:41.183627388Z stdout F ISTIO_OUTBOUND_PORTS=
2022-05-09T11:47:41.18362988Z stdout F ISTIO_LOCAL_EXCLUDE_PORTS=
2022-05-09T11:47:41.183632361Z stdout F ISTIO_EXCLUDE_INTERFACES=
2022-05-09T11:47:41.183634909Z stdout F ISTIO_SERVICE_CIDR=
2022-05-09T11:47:41.183637398Z stdout F ISTIO_SERVICE_EXCLUDE_CIDR=
2022-05-09T11:47:41.183639834Z stdout F ISTIO_META_DNS_CAPTURE=
2022-05-09T11:47:41.183642269Z stdout F INVALID_DROP=
2022-05-09T11:47:41.183700633Z stdout F 
2022-05-09T11:47:41.183706086Z stdout F 2022-05-09T11:47:41.182796Z	info	Istio iptables variables:
2022-05-09T11:47:41.183708719Z stdout F PROXY_PORT=15001
2022-05-09T11:47:41.183711224Z stdout F PROXY_INBOUND_CAPTURE_PORT=15006
2022-05-09T11:47:41.183713877Z stdout F PROXY_TUNNEL_PORT=15008
2022-05-09T11:47:41.183716368Z stdout F PROXY_UID=1337
2022-05-09T11:47:41.183718886Z stdout F PROXY_GID=1337
2022-05-09T11:47:41.183721345Z stdout F INBOUND_INTERCEPTION_MODE=REDIRECT
2022-05-09T11:47:41.183724376Z stdout F INBOUND_TPROXY_MARK=1337
2022-05-09T11:47:41.183727803Z stdout F INBOUND_TPROXY_ROUTE_TABLE=133
2022-05-09T11:47:41.183730349Z stdout F INBOUND_PORTS_INCLUDE=*
2022-05-09T11:47:41.183733336Z stdout F INBOUND_PORTS_EXCLUDE=15090,15021,15020
2022-05-09T11:47:41.183735767Z stdout F OUTBOUND_IP_RANGES_INCLUDE=*
2022-05-09T11:47:41.183738166Z stdout F OUTBOUND_IP_RANGES_EXCLUDE=
2022-05-09T11:47:41.183740582Z stdout F OUTBOUND_PORTS_INCLUDE=
2022-05-09T11:47:41.183743024Z stdout F OUTBOUND_PORTS_EXCLUDE=
2022-05-09T11:47:41.183745423Z stdout F KUBE_VIRT_INTERFACES=
2022-05-09T11:47:41.183747884Z stdout F ENABLE_INBOUND_IPV6=false
2022-05-09T11:47:41.183750313Z stdout F DNS_CAPTURE=false
2022-05-09T11:47:41.183752789Z stdout F DROP_INVALID=false
2022-05-09T11:47:41.183755228Z stdout F CAPTURE_ALL_DNS=false
2022-05-09T11:47:41.183757661Z stdout F DNS_SERVERS=[],[]
2022-05-09T11:47:41.183760112Z stdout F OUTPUT_PATH=
2022-05-09T11:47:41.183762558Z stdout F NETWORK_NAMESPACE=
2022-05-09T11:47:41.18376503Z stdout F CNI_MODE=false
2022-05-09T11:47:41.183767521Z stdout F EXCLUDE_INTERFACES=
2022-05-09T11:47:41.183769872Z stdout F 
2022-05-09T11:47:41.183774262Z stdout F 2022-05-09T11:47:41.183123Z	info	Writing following contents to rules file: /tmp/iptables-rules-1652096861182923267.txt4091400840
2022-05-09T11:47:41.183776851Z stdout F * nat
2022-05-09T11:47:41.183779384Z stdout F -N ISTIO_INBOUND
2022-05-09T11:47:41.183781905Z stdout F -N ISTIO_REDIRECT
2022-05-09T11:47:41.183784629Z stdout F -N ISTIO_IN_REDIRECT
2022-05-09T11:47:41.183787159Z stdout F -N ISTIO_OUTPUT
2022-05-09T11:47:41.183850325Z stdout F -A ISTIO_INBOUND -p tcp --dport 15008 -j RETURN
2022-05-09T11:47:41.183856006Z stdout F -A ISTIO_REDIRECT -p tcp -j REDIRECT --to-ports 15001
2022-05-09T11:47:41.183858704Z stdout F -A ISTIO_IN_REDIRECT -p tcp -j REDIRECT --to-ports 15006
2022-05-09T11:47:41.183861242Z stdout F -A PREROUTING -p tcp -j ISTIO_INBOUND
2022-05-09T11:47:41.183863694Z stdout F -A ISTIO_INBOUND -p tcp --dport 15090 -j RETURN
2022-05-09T11:47:41.183866154Z stdout F -A ISTIO_INBOUND -p tcp --dport 15021 -j RETURN
2022-05-09T11:47:41.183868598Z stdout F -A ISTIO_INBOUND -p tcp --dport 15020 -j RETURN
2022-05-09T11:47:41.183871054Z stdout F -A ISTIO_INBOUND -p tcp -j ISTIO_IN_REDIRECT
2022-05-09T11:47:41.183873525Z stdout F -A OUTPUT -p tcp -j ISTIO_OUTPUT
2022-05-09T11:47:41.183875989Z stdout F -A ISTIO_OUTPUT -o lo -s 127.0.0.6/32 -j RETURN
2022-05-09T11:47:41.18388025Z stdout F -A ISTIO_OUTPUT -o lo ! -d 127.0.0.1/32 -m owner --uid-owner 1337 -j ISTIO_IN_REDIRECT
2022-05-09T11:47:41.183882861Z stdout F -A ISTIO_OUTPUT -o lo -m owner ! --uid-owner 1337 -j RETURN
2022-05-09T11:47:41.183893452Z stdout F -A ISTIO_OUTPUT -m owner --uid-owner 1337 -j RETURN
2022-05-09T11:47:41.183896446Z stdout F -A ISTIO_OUTPUT -o lo ! -d 127.0.0.1/32 -m owner --gid-owner 1337 -j ISTIO_IN_REDIRECT
2022-05-09T11:47:41.183898964Z stdout F -A ISTIO_OUTPUT -o lo -m owner ! --gid-owner 1337 -j RETURN
2022-05-09T11:47:41.183901404Z stdout F -A ISTIO_OUTPUT -m owner --gid-owner 1337 -j RETURN
2022-05-09T11:47:41.18390388Z stdout F -A ISTIO_OUTPUT -d 127.0.0.1/32 -j RETURN
2022-05-09T11:47:41.183906356Z stdout F -A ISTIO_OUTPUT -j ISTIO_REDIRECT
2022-05-09T11:47:41.183908863Z stdout F COMMIT
2022-05-09T11:47:41.183911959Z stdout F 2022-05-09T11:47:41.183209Z	info	Running command: iptables-restore --noflush /tmp/iptables-rules-1652096861182923267.txt4091400840
2022-05-09T11:47:41.190388887Z stdout F 2022-05-09T11:47:41.190107Z	info	Writing following contents to rules file: /tmp/ip6tables-rules-1652096861189985535.txt3179358623
2022-05-09T11:47:41.190403018Z stdout F 
2022-05-09T11:47:41.190406481Z stdout F 2022-05-09T11:47:41.190244Z	info	Running command: ip6tables-restore --noflush /tmp/ip6tables-rules-1652096861189985535.txt3179358623
2022-05-09T11:47:41.198206766Z stdout F 2022-05-09T11:47:41.198000Z	info	Running command: iptables-save 
2022-05-09T11:47:41.207895045Z stdout F 2022-05-09T11:47:41.205629Z	info	Command output: 
2022-05-09T11:47:41.207928098Z stdout F # Generated by iptables-save v1.8.4 on Mon May  9 11:47:41 2022
2022-05-09T11:47:41.207935391Z stdout F *nat
2022-05-09T11:47:41.207941439Z stdout F :PREROUTING ACCEPT [0:0]
2022-05-09T11:47:41.207946559Z stdout F :INPUT ACCEPT [0:0]
2022-05-09T11:47:41.207951741Z stdout F :OUTPUT ACCEPT [0:0]
2022-05-09T11:47:41.207957084Z stdout F :POSTROUTING ACCEPT [0:0]
2022-05-09T11:47:41.20796213Z stdout F :ISTIO_INBOUND - [0:0]
2022-05-09T11:47:41.207967438Z stdout F :ISTIO_IN_REDIRECT - [0:0]
2022-05-09T11:47:41.20797261Z stdout F :ISTIO_OUTPUT - [0:0]
2022-05-09T11:47:41.20797757Z stdout F :ISTIO_REDIRECT - [0:0]
2022-05-09T11:47:41.207982985Z stdout F -A PREROUTING -p tcp -j ISTIO_INBOUND
2022-05-09T11:47:41.207988251Z stdout F -A OUTPUT -p tcp -j ISTIO_OUTPUT
2022-05-09T11:47:41.207993364Z stdout F -A ISTIO_INBOUND -p tcp -m tcp --dport 15008 -j RETURN
2022-05-09T11:47:41.20799837Z stdout F -A ISTIO_INBOUND -p tcp -m tcp --dport 15090 -j RETURN
2022-05-09T11:47:41.208003469Z stdout F -A ISTIO_INBOUND -p tcp -m tcp --dport 15021 -j RETURN
2022-05-09T11:47:41.208008614Z stdout F -A ISTIO_INBOUND -p tcp -m tcp --dport 15020 -j RETURN
2022-05-09T11:47:41.208015593Z stdout F -A ISTIO_INBOUND -p tcp -j ISTIO_IN_REDIRECT
2022-05-09T11:47:41.20802683Z stdout F -A ISTIO_IN_REDIRECT -p tcp -j REDIRECT --to-ports 15006
2022-05-09T11:47:41.208035803Z stdout F -A ISTIO_OUTPUT -s 127.0.0.6/32 -o lo -j RETURN
2022-05-09T11:47:41.20804093Z stdout F -A ISTIO_OUTPUT ! -d 127.0.0.1/32 -o lo -m owner --uid-owner 1337 -j ISTIO_IN_REDIRECT
2022-05-09T11:47:41.208044991Z stdout F -A ISTIO_OUTPUT -o lo -m owner ! --uid-owner 1337 -j RETURN
2022-05-09T11:47:41.208056518Z stdout F -A ISTIO_OUTPUT -m owner --uid-owner 1337 -j RETURN
2022-05-09T11:47:41.208061928Z stdout F -A ISTIO_OUTPUT ! -d 127.0.0.1/32 -o lo -m owner --gid-owner 1337 -j ISTIO_IN_REDIRECT
2022-05-09T11:47:41.208065831Z stdout F -A ISTIO_OUTPUT -o lo -m owner ! --gid-owner 1337 -j RETURN
2022-05-09T11:47:41.208073907Z stdout F -A ISTIO_OUTPUT -m owner --gid-owner 1337 -j RETURN
2022-05-09T11:47:41.208085762Z stdout F -A ISTIO_OUTPUT -d 127.0.0.1/32 -j RETURN
2022-05-09T11:47:41.20809756Z stdout F -A ISTIO_OUTPUT -j ISTIO_REDIRECT
2022-05-09T11:47:41.208102563Z stdout F -A ISTIO_REDIRECT -p tcp -j REDIRECT --to-ports 15001
2022-05-09T11:47:41.208106844Z stdout F COMMIT
2022-05-09T11:47:41.208112863Z stdout F # Completed on Mon May  9 11:47:41 2022
2022-05-09T11:47:41.208124098Z stdout F 
