2022-05-09T21:46:25.118533951Z stdout F 2022-05-09T21:46:25.114408Z	info	Istio iptables environment:
2022-05-09T21:46:25.118643998Z stdout F ENVOY_PORT=
2022-05-09T21:46:25.118659771Z stdout F INBOUND_CAPTURE_PORT=
2022-05-09T21:46:25.118670022Z stdout F ISTIO_INBOUND_INTERCEPTION_MODE=
2022-05-09T21:46:25.118680392Z stdout F ISTIO_INBOUND_TPROXY_ROUTE_TABLE=
2022-05-09T21:46:25.118689777Z stdout F ISTIO_INBOUND_PORTS=
2022-05-09T21:46:25.118698468Z stdout F ISTIO_OUTBOUND_PORTS=
2022-05-09T21:46:25.118707386Z stdout F ISTIO_LOCAL_EXCLUDE_PORTS=
2022-05-09T21:46:25.118716327Z stdout F ISTIO_EXCLUDE_INTERFACES=
2022-05-09T21:46:25.118725553Z stdout F ISTIO_SERVICE_CIDR=
2022-05-09T21:46:25.118735383Z stdout F ISTIO_SERVICE_EXCLUDE_CIDR=
2022-05-09T21:46:25.118744063Z stdout F ISTIO_META_DNS_CAPTURE=
2022-05-09T21:46:25.118752683Z stdout F INVALID_DROP=
2022-05-09T21:46:25.118760739Z stdout F 
2022-05-09T21:46:25.118770791Z stdout F 2022-05-09T21:46:25.114597Z	info	Istio iptables variables:
2022-05-09T21:46:25.118779458Z stdout F PROXY_PORT=15001
2022-05-09T21:46:25.118788351Z stdout F PROXY_INBOUND_CAPTURE_PORT=15006
2022-05-09T21:46:25.118869668Z stdout F PROXY_TUNNEL_PORT=15008
2022-05-09T21:46:25.118881684Z stdout F PROXY_UID=1337
2022-05-09T21:46:25.118890851Z stdout F PROXY_GID=1337
2022-05-09T21:46:25.119014329Z stdout F INBOUND_INTERCEPTION_MODE=REDIRECT
2022-05-09T21:46:25.119039093Z stdout F INBOUND_TPROXY_MARK=1337
2022-05-09T21:46:25.119048922Z stdout F INBOUND_TPROXY_ROUTE_TABLE=133
2022-05-09T21:46:25.119057498Z stdout F INBOUND_PORTS_INCLUDE=*
2022-05-09T21:46:25.119065759Z stdout F INBOUND_PORTS_EXCLUDE=15090,15021,15020
2022-05-09T21:46:25.119073893Z stdout F OUTBOUND_IP_RANGES_INCLUDE=*
2022-05-09T21:46:25.11908349Z stdout F OUTBOUND_IP_RANGES_EXCLUDE=
2022-05-09T21:46:25.119092204Z stdout F OUTBOUND_PORTS_INCLUDE=
2022-05-09T21:46:25.11910054Z stdout F OUTBOUND_PORTS_EXCLUDE=
2022-05-09T21:46:25.119109229Z stdout F KUBE_VIRT_INTERFACES=
2022-05-09T21:46:25.11911759Z stdout F ENABLE_INBOUND_IPV6=false
2022-05-09T21:46:25.119126162Z stdout F DNS_CAPTURE=false
2022-05-09T21:46:25.119135476Z stdout F DROP_INVALID=false
2022-05-09T21:46:25.119144197Z stdout F CAPTURE_ALL_DNS=false
2022-05-09T21:46:25.119152719Z stdout F DNS_SERVERS=[],[]
2022-05-09T21:46:25.11916233Z stdout F OUTPUT_PATH=
2022-05-09T21:46:25.119171261Z stdout F NETWORK_NAMESPACE=
2022-05-09T21:46:25.119180575Z stdout F CNI_MODE=false
2022-05-09T21:46:25.119189918Z stdout F EXCLUDE_INTERFACES=
2022-05-09T21:46:25.119198677Z stdout F 
2022-05-09T21:46:25.119208868Z stdout F 2022-05-09T21:46:25.115277Z	info	Writing following contents to rules file: /tmp/iptables-rules-1652132785114857850.txt3680679777
2022-05-09T21:46:25.119217888Z stdout F * nat
2022-05-09T21:46:25.11922718Z stdout F -N ISTIO_INBOUND
2022-05-09T21:46:25.119237002Z stdout F -N ISTIO_REDIRECT
2022-05-09T21:46:25.119246238Z stdout F -N ISTIO_IN_REDIRECT
2022-05-09T21:46:25.11925532Z stdout F -N ISTIO_OUTPUT
2022-05-09T21:46:25.119264817Z stdout F -A ISTIO_INBOUND -p tcp --dport 15008 -j RETURN
2022-05-09T21:46:25.119274326Z stdout F -A ISTIO_REDIRECT -p tcp -j REDIRECT --to-ports 15001
2022-05-09T21:46:25.119283251Z stdout F -A ISTIO_IN_REDIRECT -p tcp -j REDIRECT --to-ports 15006
2022-05-09T21:46:25.119291829Z stdout F -A PREROUTING -p tcp -j ISTIO_INBOUND
2022-05-09T21:46:25.119300716Z stdout F -A ISTIO_INBOUND -p tcp --dport 15090 -j RETURN
2022-05-09T21:46:25.119309804Z stdout F -A ISTIO_INBOUND -p tcp --dport 15021 -j RETURN
2022-05-09T21:46:25.119318512Z stdout F -A ISTIO_INBOUND -p tcp --dport 15020 -j RETURN
2022-05-09T21:46:25.11932753Z stdout F -A ISTIO_INBOUND -p tcp -j ISTIO_IN_REDIRECT
2022-05-09T21:46:25.119336698Z stdout F -A OUTPUT -p tcp -j ISTIO_OUTPUT
2022-05-09T21:46:25.119346246Z stdout F -A ISTIO_OUTPUT -o lo -s 127.0.0.6/32 -j RETURN
2022-05-09T21:46:25.119356206Z stdout F -A ISTIO_OUTPUT -o lo ! -d 127.0.0.1/32 -m owner --uid-owner 1337 -j ISTIO_IN_REDIRECT
2022-05-09T21:46:25.119365422Z stdout F -A ISTIO_OUTPUT -o lo -m owner ! --uid-owner 1337 -j RETURN
2022-05-09T21:46:25.119374501Z stdout F -A ISTIO_OUTPUT -m owner --uid-owner 1337 -j RETURN
2022-05-09T21:46:25.119421514Z stdout F -A ISTIO_OUTPUT -o lo ! -d 127.0.0.1/32 -m owner --gid-owner 1337 -j ISTIO_IN_REDIRECT
2022-05-09T21:46:25.119434193Z stdout F -A ISTIO_OUTPUT -o lo -m owner ! --gid-owner 1337 -j RETURN
2022-05-09T21:46:25.119443787Z stdout F -A ISTIO_OUTPUT -m owner --gid-owner 1337 -j RETURN
2022-05-09T21:46:25.119452627Z stdout F -A ISTIO_OUTPUT -d 127.0.0.1/32 -j RETURN
2022-05-09T21:46:25.119461444Z stdout F -A ISTIO_OUTPUT -j ISTIO_REDIRECT
2022-05-09T21:46:25.119470534Z stdout F COMMIT
2022-05-09T21:46:25.11948095Z stdout F 2022-05-09T21:46:25.115489Z	info	Running command: iptables-restore --noflush /tmp/iptables-rules-1652132785114857850.txt3680679777
2022-05-09T21:46:25.170831554Z stdout F 2022-05-09T21:46:25.170297Z	info	Writing following contents to rules file: /tmp/ip6tables-rules-1652132785169848341.txt1267679698
2022-05-09T21:46:25.170878625Z stdout F 
2022-05-09T21:46:25.170893155Z stdout F 2022-05-09T21:46:25.170446Z	info	Running command: ip6tables-restore --noflush /tmp/ip6tables-rules-1652132785169848341.txt1267679698
2022-05-09T21:46:25.353365312Z stdout F 2022-05-09T21:46:25.351288Z	info	Running command: iptables-save 
2022-05-09T21:46:25.382855195Z stdout F 2022-05-09T21:46:25.379234Z	info	Command output: 
2022-05-09T21:46:25.382895726Z stdout F # Generated by iptables-save v1.8.4 on Mon May  9 21:46:25 2022
2022-05-09T21:46:25.382903155Z stdout F *nat
2022-05-09T21:46:25.38290953Z stdout F :PREROUTING ACCEPT [0:0]
2022-05-09T21:46:25.382914757Z stdout F :INPUT ACCEPT [0:0]
2022-05-09T21:46:25.38292041Z stdout F :OUTPUT ACCEPT [0:0]
2022-05-09T21:46:25.382926117Z stdout F :POSTROUTING ACCEPT [0:0]
2022-05-09T21:46:25.382931192Z stdout F :ISTIO_INBOUND - [0:0]
2022-05-09T21:46:25.382936354Z stdout F :ISTIO_IN_REDIRECT - [0:0]
2022-05-09T21:46:25.382941375Z stdout F :ISTIO_OUTPUT - [0:0]
2022-05-09T21:46:25.382946424Z stdout F :ISTIO_REDIRECT - [0:0]
2022-05-09T21:46:25.382952232Z stdout F -A PREROUTING -p tcp -j ISTIO_INBOUND
2022-05-09T21:46:25.382957292Z stdout F -A OUTPUT -p tcp -j ISTIO_OUTPUT
2022-05-09T21:46:25.382962335Z stdout F -A ISTIO_INBOUND -p tcp -m tcp --dport 15008 -j RETURN
2022-05-09T21:46:25.382967359Z stdout F -A ISTIO_INBOUND -p tcp -m tcp --dport 15090 -j RETURN
2022-05-09T21:46:25.382972403Z stdout F -A ISTIO_INBOUND -p tcp -m tcp --dport 15021 -j RETURN
2022-05-09T21:46:25.382977388Z stdout F -A ISTIO_INBOUND -p tcp -m tcp --dport 15020 -j RETURN
2022-05-09T21:46:25.382982438Z stdout F -A ISTIO_INBOUND -p tcp -j ISTIO_IN_REDIRECT
2022-05-09T21:46:25.382987488Z stdout F -A ISTIO_IN_REDIRECT -p tcp -j REDIRECT --to-ports 15006
2022-05-09T21:46:25.382992511Z stdout F -A ISTIO_OUTPUT -s 127.0.0.6/32 -o lo -j RETURN
2022-05-09T21:46:25.383002386Z stdout F -A ISTIO_OUTPUT ! -d 127.0.0.1/32 -o lo -m owner --uid-owner 1337 -j ISTIO_IN_REDIRECT
2022-05-09T21:46:25.383007919Z stdout F -A ISTIO_OUTPUT -o lo -m owner ! --uid-owner 1337 -j RETURN
2022-05-09T21:46:25.383012993Z stdout F -A ISTIO_OUTPUT -m owner --uid-owner 1337 -j RETURN
2022-05-09T21:46:25.383018033Z stdout F -A ISTIO_OUTPUT ! -d 127.0.0.1/32 -o lo -m owner --gid-owner 1337 -j ISTIO_IN_REDIRECT
2022-05-09T21:46:25.383023021Z stdout F -A ISTIO_OUTPUT -o lo -m owner ! --gid-owner 1337 -j RETURN
2022-05-09T21:46:25.383027945Z stdout F -A ISTIO_OUTPUT -m owner --gid-owner 1337 -j RETURN
2022-05-09T21:46:25.383033058Z stdout F -A ISTIO_OUTPUT -d 127.0.0.1/32 -j RETURN
2022-05-09T21:46:25.383038003Z stdout F -A ISTIO_OUTPUT -j ISTIO_REDIRECT
2022-05-09T21:46:25.383042939Z stdout F -A ISTIO_REDIRECT -p tcp -j REDIRECT --to-ports 15001
2022-05-09T21:46:25.383047955Z stdout F COMMIT
2022-05-09T21:46:25.383053136Z stdout F # Completed on Mon May  9 21:46:25 2022
2022-05-09T21:46:25.383057939Z stdout F 
