2022-06-13T02:22:23.388674818Z stdout F 2022-06-13T02:22:23.388359Z	info	Istio iptables environment:
2022-06-13T02:22:23.388700268Z stdout F ENVOY_PORT=
2022-06-13T02:22:23.388704419Z stdout F INBOUND_CAPTURE_PORT=
2022-06-13T02:22:23.388707009Z stdout F ISTIO_INBOUND_INTERCEPTION_MODE=
2022-06-13T02:22:23.38870935Z stdout F ISTIO_INBOUND_TPROXY_ROUTE_TABLE=
2022-06-13T02:22:23.388711396Z stdout F ISTIO_INBOUND_PORTS=
2022-06-13T02:22:23.388713334Z stdout F ISTIO_OUTBOUND_PORTS=
2022-06-13T02:22:23.388715211Z stdout F ISTIO_LOCAL_EXCLUDE_PORTS=
2022-06-13T02:22:23.388717037Z stdout F ISTIO_EXCLUDE_INTERFACES=
2022-06-13T02:22:23.388719004Z stdout F ISTIO_SERVICE_CIDR=
2022-06-13T02:22:23.388720921Z stdout F ISTIO_SERVICE_EXCLUDE_CIDR=
2022-06-13T02:22:23.388723444Z stdout F ISTIO_META_DNS_CAPTURE=
2022-06-13T02:22:23.388725316Z stdout F INVALID_DROP=
2022-06-13T02:22:23.388727124Z stdout F 
2022-06-13T02:22:23.388729084Z stdout F 2022-06-13T02:22:23.388421Z	info	Istio iptables variables:
2022-06-13T02:22:23.388730924Z stdout F PROXY_PORT=15001
2022-06-13T02:22:23.388732817Z stdout F PROXY_INBOUND_CAPTURE_PORT=15006
2022-06-13T02:22:23.388734744Z stdout F PROXY_TUNNEL_PORT=15008
2022-06-13T02:22:23.388736582Z stdout F PROXY_UID=1337
2022-06-13T02:22:23.388738469Z stdout F PROXY_GID=1337
2022-06-13T02:22:23.388740383Z stdout F INBOUND_INTERCEPTION_MODE=REDIRECT
2022-06-13T02:22:23.388801141Z stdout F INBOUND_TPROXY_MARK=1337
2022-06-13T02:22:23.388806313Z stdout F INBOUND_TPROXY_ROUTE_TABLE=133
2022-06-13T02:22:23.388808451Z stdout F INBOUND_PORTS_INCLUDE=*
2022-06-13T02:22:23.388810347Z stdout F INBOUND_PORTS_EXCLUDE=15090,15021,15020
2022-06-13T02:22:23.388812365Z stdout F OUTBOUND_IP_RANGES_INCLUDE=*
2022-06-13T02:22:23.38881422Z stdout F OUTBOUND_IP_RANGES_EXCLUDE=
2022-06-13T02:22:23.388816117Z stdout F OUTBOUND_PORTS_INCLUDE=
2022-06-13T02:22:23.388817944Z stdout F OUTBOUND_PORTS_EXCLUDE=
2022-06-13T02:22:23.388819787Z stdout F KUBE_VIRT_INTERFACES=
2022-06-13T02:22:23.388821664Z stdout F ENABLE_INBOUND_IPV6=false
2022-06-13T02:22:23.38882353Z stdout F DNS_CAPTURE=false
2022-06-13T02:22:23.388825394Z stdout F DROP_INVALID=false
2022-06-13T02:22:23.388827376Z stdout F CAPTURE_ALL_DNS=false
2022-06-13T02:22:23.388829238Z stdout F DNS_SERVERS=[],[]
2022-06-13T02:22:23.388831234Z stdout F OUTPUT_PATH=
2022-06-13T02:22:23.38883312Z stdout F NETWORK_NAMESPACE=
2022-06-13T02:22:23.388835018Z stdout F CNI_MODE=false
2022-06-13T02:22:23.388836977Z stdout F EXCLUDE_INTERFACES=
2022-06-13T02:22:23.388838738Z stdout F 
2022-06-13T02:22:23.388981307Z stdout F 2022-06-13T02:22:23.388606Z	info	Writing following contents to rules file: /tmp/iptables-rules-1655086943388471330.txt1776425546
2022-06-13T02:22:23.388993557Z stdout F * nat
2022-06-13T02:22:23.388996936Z stdout F -N ISTIO_INBOUND
2022-06-13T02:22:23.388999254Z stdout F -N ISTIO_REDIRECT
2022-06-13T02:22:23.389001189Z stdout F -N ISTIO_IN_REDIRECT
2022-06-13T02:22:23.389003498Z stdout F -N ISTIO_OUTPUT
2022-06-13T02:22:23.389005734Z stdout F -A ISTIO_INBOUND -p tcp --dport 15008 -j RETURN
2022-06-13T02:22:23.389009359Z stdout F -A ISTIO_REDIRECT -p tcp -j REDIRECT --to-ports 15001
2022-06-13T02:22:23.389011545Z stdout F -A ISTIO_IN_REDIRECT -p tcp -j REDIRECT --to-ports 15006
2022-06-13T02:22:23.389013407Z stdout F -A PREROUTING -p tcp -j ISTIO_INBOUND
2022-06-13T02:22:23.38901525Z stdout F -A ISTIO_INBOUND -p tcp --dport 15090 -j RETURN
2022-06-13T02:22:23.389017164Z stdout F -A ISTIO_INBOUND -p tcp --dport 15021 -j RETURN
2022-06-13T02:22:23.389018989Z stdout F -A ISTIO_INBOUND -p tcp --dport 15020 -j RETURN
2022-06-13T02:22:23.389020818Z stdout F -A ISTIO_INBOUND -p tcp -j ISTIO_IN_REDIRECT
2022-06-13T02:22:23.389022783Z stdout F -A OUTPUT -p tcp -j ISTIO_OUTPUT
2022-06-13T02:22:23.3890246Z stdout F -A ISTIO_OUTPUT -o lo -s 127.0.0.6/32 -j RETURN
2022-06-13T02:22:23.389027103Z stdout F -A ISTIO_OUTPUT -o lo ! -d 127.0.0.1/32 -m owner --uid-owner 1337 -j ISTIO_IN_REDIRECT
2022-06-13T02:22:23.389028947Z stdout F -A ISTIO_OUTPUT -o lo -m owner ! --uid-owner 1337 -j RETURN
2022-06-13T02:22:23.389030777Z stdout F -A ISTIO_OUTPUT -m owner --uid-owner 1337 -j RETURN
2022-06-13T02:22:23.389040594Z stdout F -A ISTIO_OUTPUT -o lo ! -d 127.0.0.1/32 -m owner --gid-owner 1337 -j ISTIO_IN_REDIRECT
2022-06-13T02:22:23.389042933Z stdout F -A ISTIO_OUTPUT -o lo -m owner ! --gid-owner 1337 -j RETURN
2022-06-13T02:22:23.389044751Z stdout F -A ISTIO_OUTPUT -m owner --gid-owner 1337 -j RETURN
2022-06-13T02:22:23.389046603Z stdout F -A ISTIO_OUTPUT -d 127.0.0.1/32 -j RETURN
2022-06-13T02:22:23.389048422Z stdout F -A ISTIO_OUTPUT -j ISTIO_REDIRECT
2022-06-13T02:22:23.389050375Z stdout F COMMIT
2022-06-13T02:22:23.389052718Z stdout F 2022-06-13T02:22:23.388693Z	info	Running command: iptables-restore --noflush /tmp/iptables-rules-1655086943388471330.txt1776425546
2022-06-13T02:22:23.391551359Z stdout F 2022-06-13T02:22:23.391327Z	info	Writing following contents to rules file: /tmp/ip6tables-rules-1655086943391296006.txt805788580
2022-06-13T02:22:23.391561658Z stdout F 
2022-06-13T02:22:23.391565212Z stdout F 2022-06-13T02:22:23.391337Z	info	Running command: ip6tables-restore --noflush /tmp/ip6tables-rules-1655086943391296006.txt805788580
2022-06-13T02:22:23.393810457Z stdout F 2022-06-13T02:22:23.393013Z	info	Running command: iptables-save 
2022-06-13T02:22:23.396597221Z stdout F 2022-06-13T02:22:23.396249Z	info	Command output: 
2022-06-13T02:22:23.396628359Z stdout F # Generated by iptables-save v1.8.4 on Mon Jun 13 02:22:23 2022
2022-06-13T02:22:23.396631066Z stdout F *nat
2022-06-13T02:22:23.396633161Z stdout F :PREROUTING ACCEPT [0:0]
2022-06-13T02:22:23.396635142Z stdout F :INPUT ACCEPT [0:0]
2022-06-13T02:22:23.396637003Z stdout F :OUTPUT ACCEPT [0:0]
2022-06-13T02:22:23.396639189Z stdout F :POSTROUTING ACCEPT [0:0]
2022-06-13T02:22:23.396641051Z stdout F :ISTIO_INBOUND - [0:0]
2022-06-13T02:22:23.396642775Z stdout F :ISTIO_IN_REDIRECT - [0:0]
2022-06-13T02:22:23.396671844Z stdout F :ISTIO_OUTPUT - [0:0]
2022-06-13T02:22:23.396673695Z stdout F :ISTIO_REDIRECT - [0:0]
2022-06-13T02:22:23.396675751Z stdout F -A PREROUTING -p tcp -j ISTIO_INBOUND
2022-06-13T02:22:23.396677599Z stdout F -A OUTPUT -p tcp -j ISTIO_OUTPUT
2022-06-13T02:22:23.396679447Z stdout F -A ISTIO_INBOUND -p tcp -m tcp --dport 15008 -j RETURN
2022-06-13T02:22:23.396681265Z stdout F -A ISTIO_INBOUND -p tcp -m tcp --dport 15090 -j RETURN
2022-06-13T02:22:23.39668327Z stdout F -A ISTIO_INBOUND -p tcp -m tcp --dport 15021 -j RETURN
2022-06-13T02:22:23.396686188Z stdout F -A ISTIO_INBOUND -p tcp -m tcp --dport 15020 -j RETURN
2022-06-13T02:22:23.396688187Z stdout F -A ISTIO_INBOUND -p tcp -j ISTIO_IN_REDIRECT
2022-06-13T02:22:23.396690038Z stdout F -A ISTIO_IN_REDIRECT -p tcp -j REDIRECT --to-ports 15006
2022-06-13T02:22:23.396691819Z stdout F -A ISTIO_OUTPUT -s 127.0.0.6/32 -o lo -j RETURN
2022-06-13T02:22:23.396693859Z stdout F -A ISTIO_OUTPUT ! -d 127.0.0.1/32 -o lo -m owner --uid-owner 1337 -j ISTIO_IN_REDIRECT
2022-06-13T02:22:23.396695667Z stdout F -A ISTIO_OUTPUT -o lo -m owner ! --uid-owner 1337 -j RETURN
2022-06-13T02:22:23.39669746Z stdout F -A ISTIO_OUTPUT -m owner --uid-owner 1337 -j RETURN
2022-06-13T02:22:23.396699406Z stdout F -A ISTIO_OUTPUT ! -d 127.0.0.1/32 -o lo -m owner --gid-owner 1337 -j ISTIO_IN_REDIRECT
2022-06-13T02:22:23.396701232Z stdout F -A ISTIO_OUTPUT -o lo -m owner ! --gid-owner 1337 -j RETURN
2022-06-13T02:22:23.396703015Z stdout F -A ISTIO_OUTPUT -m owner --gid-owner 1337 -j RETURN
2022-06-13T02:22:23.396704826Z stdout F -A ISTIO_OUTPUT -d 127.0.0.1/32 -j RETURN
2022-06-13T02:22:23.396706628Z stdout F -A ISTIO_OUTPUT -j ISTIO_REDIRECT
2022-06-13T02:22:23.396708446Z stdout F -A ISTIO_REDIRECT -p tcp -j REDIRECT --to-ports 15001
2022-06-13T02:22:23.396710552Z stdout F COMMIT
2022-06-13T02:22:23.396712494Z stdout F # Completed on Mon Jun 13 02:22:23 2022
2022-06-13T02:22:23.396714407Z stdout F 
