2022-05-09T06:51:06.189393361Z stdout F 2022-05-09T06:51:06.189067Z	info	Istio iptables environment:
2022-05-09T06:51:06.189434123Z stdout F ENVOY_PORT=
2022-05-09T06:51:06.189441373Z stdout F INBOUND_CAPTURE_PORT=
2022-05-09T06:51:06.189446163Z stdout F ISTIO_INBOUND_INTERCEPTION_MODE=
2022-05-09T06:51:06.189450791Z stdout F ISTIO_INBOUND_TPROXY_ROUTE_TABLE=
2022-05-09T06:51:06.18945481Z stdout F ISTIO_INBOUND_PORTS=
2022-05-09T06:51:06.189459213Z stdout F ISTIO_OUTBOUND_PORTS=
2022-05-09T06:51:06.18946334Z stdout F ISTIO_LOCAL_EXCLUDE_PORTS=
2022-05-09T06:51:06.189467377Z stdout F ISTIO_EXCLUDE_INTERFACES=
2022-05-09T06:51:06.189471831Z stdout F ISTIO_SERVICE_CIDR=
2022-05-09T06:51:06.189476104Z stdout F ISTIO_SERVICE_EXCLUDE_CIDR=
2022-05-09T06:51:06.189480462Z stdout F ISTIO_META_DNS_CAPTURE=
2022-05-09T06:51:06.189484802Z stdout F INVALID_DROP=
2022-05-09T06:51:06.189514159Z stdout F 
2022-05-09T06:51:06.189540439Z stdout F 2022-05-09T06:51:06.189164Z	info	Istio iptables variables:
2022-05-09T06:51:06.189548991Z stdout F PROXY_PORT=15001
2022-05-09T06:51:06.189560269Z stdout F PROXY_INBOUND_CAPTURE_PORT=15006
2022-05-09T06:51:06.189567756Z stdout F PROXY_TUNNEL_PORT=15008
2022-05-09T06:51:06.18957331Z stdout F PROXY_UID=1337
2022-05-09T06:51:06.189578043Z stdout F PROXY_GID=1337
2022-05-09T06:51:06.189582797Z stdout F INBOUND_INTERCEPTION_MODE=REDIRECT
2022-05-09T06:51:06.189587322Z stdout F INBOUND_TPROXY_MARK=1337
2022-05-09T06:51:06.189591723Z stdout F INBOUND_TPROXY_ROUTE_TABLE=133
2022-05-09T06:51:06.189596164Z stdout F INBOUND_PORTS_INCLUDE=*
2022-05-09T06:51:06.189600557Z stdout F INBOUND_PORTS_EXCLUDE=15090,15021,15020
2022-05-09T06:51:06.189605662Z stdout F OUTBOUND_IP_RANGES_INCLUDE=*
2022-05-09T06:51:06.189610324Z stdout F OUTBOUND_IP_RANGES_EXCLUDE=
2022-05-09T06:51:06.189614591Z stdout F OUTBOUND_PORTS_INCLUDE=
2022-05-09T06:51:06.189619203Z stdout F OUTBOUND_PORTS_EXCLUDE=
2022-05-09T06:51:06.189623581Z stdout F KUBE_VIRT_INTERFACES=
2022-05-09T06:51:06.189627808Z stdout F ENABLE_INBOUND_IPV6=false
2022-05-09T06:51:06.189632351Z stdout F DNS_CAPTURE=false
2022-05-09T06:51:06.189636715Z stdout F DROP_INVALID=false
2022-05-09T06:51:06.189641244Z stdout F CAPTURE_ALL_DNS=false
2022-05-09T06:51:06.189645645Z stdout F DNS_SERVERS=[],[]
2022-05-09T06:51:06.189649987Z stdout F OUTPUT_PATH=
2022-05-09T06:51:06.189652951Z stdout F NETWORK_NAMESPACE=
2022-05-09T06:51:06.189655573Z stdout F CNI_MODE=false
2022-05-09T06:51:06.189658158Z stdout F EXCLUDE_INTERFACES=
2022-05-09T06:51:06.189660523Z stdout F 
2022-05-09T06:51:06.190721704Z stdout F 2022-05-09T06:51:06.189911Z	info	Writing following contents to rules file: /tmp/iptables-rules-1652079066189228285.txt336232880
2022-05-09T06:51:06.190749695Z stdout F * nat
2022-05-09T06:51:06.190764178Z stdout F -N ISTIO_INBOUND
2022-05-09T06:51:06.190777144Z stdout F -N ISTIO_REDIRECT
2022-05-09T06:51:06.190790913Z stdout F -N ISTIO_IN_REDIRECT
2022-05-09T06:51:06.19080032Z stdout F -N ISTIO_OUTPUT
2022-05-09T06:51:06.190809771Z stdout F -A ISTIO_INBOUND -p tcp --dport 15008 -j RETURN
2022-05-09T06:51:06.1908171Z stdout F -A ISTIO_REDIRECT -p tcp -j REDIRECT --to-ports 15001
2022-05-09T06:51:06.19082007Z stdout F -A ISTIO_IN_REDIRECT -p tcp -j REDIRECT --to-ports 15006
2022-05-09T06:51:06.190822556Z stdout F -A PREROUTING -p tcp -j ISTIO_INBOUND
2022-05-09T06:51:06.190825021Z stdout F -A ISTIO_INBOUND -p tcp --dport 15090 -j RETURN
2022-05-09T06:51:06.190827429Z stdout F -A ISTIO_INBOUND -p tcp --dport 15021 -j RETURN
2022-05-09T06:51:06.190829831Z stdout F -A ISTIO_INBOUND -p tcp --dport 15020 -j RETURN
2022-05-09T06:51:06.190832239Z stdout F -A ISTIO_INBOUND -p tcp -j ISTIO_IN_REDIRECT
2022-05-09T06:51:06.190835017Z stdout F -A OUTPUT -p tcp -j ISTIO_OUTPUT
2022-05-09T06:51:06.190837443Z stdout F -A ISTIO_OUTPUT -o lo -s 127.0.0.6/32 -j RETURN
2022-05-09T06:51:06.190840303Z stdout F -A ISTIO_OUTPUT -o lo ! -d 127.0.0.1/32 -m owner --uid-owner 1337 -j ISTIO_IN_REDIRECT
2022-05-09T06:51:06.19084272Z stdout F -A ISTIO_OUTPUT -o lo -m owner ! --uid-owner 1337 -j RETURN
2022-05-09T06:51:06.190845239Z stdout F -A ISTIO_OUTPUT -m owner --uid-owner 1337 -j RETURN
2022-05-09T06:51:06.190860106Z stdout F -A ISTIO_OUTPUT -o lo ! -d 127.0.0.1/32 -m owner --gid-owner 1337 -j ISTIO_IN_REDIRECT
2022-05-09T06:51:06.19086335Z stdout F -A ISTIO_OUTPUT -o lo -m owner ! --gid-owner 1337 -j RETURN
2022-05-09T06:51:06.190865842Z stdout F -A ISTIO_OUTPUT -m owner --gid-owner 1337 -j RETURN
2022-05-09T06:51:06.190868316Z stdout F -A ISTIO_OUTPUT -d 127.0.0.1/32 -j RETURN
2022-05-09T06:51:06.190870772Z stdout F -A ISTIO_OUTPUT -j ISTIO_REDIRECT
2022-05-09T06:51:06.190873259Z stdout F COMMIT
2022-05-09T06:51:06.190876437Z stdout F 2022-05-09T06:51:06.190116Z	info	Running command: iptables-restore --noflush /tmp/iptables-rules-1652079066189228285.txt336232880
2022-05-09T06:51:06.196918584Z stdout F 2022-05-09T06:51:06.196534Z	info	Writing following contents to rules file: /tmp/ip6tables-rules-1652079066196401614.txt4173791787
2022-05-09T06:51:06.196943942Z stdout F 
2022-05-09T06:51:06.196949645Z stdout F 2022-05-09T06:51:06.196624Z	info	Running command: ip6tables-restore --noflush /tmp/ip6tables-rules-1652079066196401614.txt4173791787
2022-05-09T06:51:06.201429768Z stdout F 2022-05-09T06:51:06.200099Z	info	Running command: iptables-save 
2022-05-09T06:51:06.208121652Z stdout F 2022-05-09T06:51:06.206645Z	info	Command output: 
2022-05-09T06:51:06.208152962Z stdout F # Generated by iptables-save v1.8.4 on Mon May  9 06:51:06 2022
2022-05-09T06:51:06.208162591Z stdout F *nat
2022-05-09T06:51:06.208172998Z stdout F :PREROUTING ACCEPT [0:0]
2022-05-09T06:51:06.208178943Z stdout F :INPUT ACCEPT [0:0]
2022-05-09T06:51:06.208183867Z stdout F :OUTPUT ACCEPT [0:0]
2022-05-09T06:51:06.208191213Z stdout F :POSTROUTING ACCEPT [0:0]
2022-05-09T06:51:06.20819611Z stdout F :ISTIO_INBOUND - [0:0]
2022-05-09T06:51:06.208200801Z stdout F :ISTIO_IN_REDIRECT - [0:0]
2022-05-09T06:51:06.208205342Z stdout F :ISTIO_OUTPUT - [0:0]
2022-05-09T06:51:06.208209914Z stdout F :ISTIO_REDIRECT - [0:0]
2022-05-09T06:51:06.208215661Z stdout F -A PREROUTING -p tcp -j ISTIO_INBOUND
2022-05-09T06:51:06.20822061Z stdout F -A OUTPUT -p tcp -j ISTIO_OUTPUT
2022-05-09T06:51:06.208225494Z stdout F -A ISTIO_INBOUND -p tcp -m tcp --dport 15008 -j RETURN
2022-05-09T06:51:06.208230105Z stdout F -A ISTIO_INBOUND -p tcp -m tcp --dport 15090 -j RETURN
2022-05-09T06:51:06.208234249Z stdout F -A ISTIO_INBOUND -p tcp -m tcp --dport 15021 -j RETURN
2022-05-09T06:51:06.208238863Z stdout F -A ISTIO_INBOUND -p tcp -m tcp --dport 15020 -j RETURN
2022-05-09T06:51:06.208245219Z stdout F -A ISTIO_INBOUND -p tcp -j ISTIO_IN_REDIRECT
2022-05-09T06:51:06.208249734Z stdout F -A ISTIO_IN_REDIRECT -p tcp -j REDIRECT --to-ports 15006
2022-05-09T06:51:06.208253889Z stdout F -A ISTIO_OUTPUT -s 127.0.0.6/32 -o lo -j RETURN
2022-05-09T06:51:06.208258663Z stdout F -A ISTIO_OUTPUT ! -d 127.0.0.1/32 -o lo -m owner --uid-owner 1337 -j ISTIO_IN_REDIRECT
2022-05-09T06:51:06.208262974Z stdout F -A ISTIO_OUTPUT -o lo -m owner ! --uid-owner 1337 -j RETURN
2022-05-09T06:51:06.208267621Z stdout F -A ISTIO_OUTPUT -m owner --uid-owner 1337 -j RETURN
2022-05-09T06:51:06.208271936Z stdout F -A ISTIO_OUTPUT ! -d 127.0.0.1/32 -o lo -m owner --gid-owner 1337 -j ISTIO_IN_REDIRECT
2022-05-09T06:51:06.208276331Z stdout F -A ISTIO_OUTPUT -o lo -m owner ! --gid-owner 1337 -j RETURN
2022-05-09T06:51:06.208280654Z stdout F -A ISTIO_OUTPUT -m owner --gid-owner 1337 -j RETURN
2022-05-09T06:51:06.208284947Z stdout F -A ISTIO_OUTPUT -d 127.0.0.1/32 -j RETURN
2022-05-09T06:51:06.20828955Z stdout F -A ISTIO_OUTPUT -j ISTIO_REDIRECT
2022-05-09T06:51:06.208293974Z stdout F -A ISTIO_REDIRECT -p tcp -j REDIRECT --to-ports 15001
2022-05-09T06:51:06.208299031Z stdout F COMMIT
2022-05-09T06:51:06.208303569Z stdout F # Completed on Mon May  9 06:51:06 2022
2022-05-09T06:51:06.208307714Z stdout F 
