2022-05-26T05:25:17.667277291Z stdout F 2022-05-26T05:25:17.667072Z	info	Istio iptables environment:
2022-05-26T05:25:17.667326705Z stdout F ENVOY_PORT=
2022-05-26T05:25:17.667332506Z stdout F INBOUND_CAPTURE_PORT=
2022-05-26T05:25:17.667335217Z stdout F ISTIO_INBOUND_INTERCEPTION_MODE=
2022-05-26T05:25:17.667337976Z stdout F ISTIO_INBOUND_TPROXY_ROUTE_TABLE=
2022-05-26T05:25:17.667340196Z stdout F ISTIO_INBOUND_PORTS=
2022-05-26T05:25:17.667342368Z stdout F ISTIO_OUTBOUND_PORTS=
2022-05-26T05:25:17.667413328Z stdout F ISTIO_LOCAL_EXCLUDE_PORTS=
2022-05-26T05:25:17.667418634Z stdout F ISTIO_EXCLUDE_INTERFACES=
2022-05-26T05:25:17.667421075Z stdout F ISTIO_SERVICE_CIDR=
2022-05-26T05:25:17.66742335Z stdout F ISTIO_SERVICE_EXCLUDE_CIDR=
2022-05-26T05:25:17.667425569Z stdout F ISTIO_META_DNS_CAPTURE=
2022-05-26T05:25:17.667428101Z stdout F INVALID_DROP=
2022-05-26T05:25:17.667430213Z stdout F 
2022-05-26T05:25:17.667432509Z stdout F 2022-05-26T05:25:17.667134Z	info	Istio iptables variables:
2022-05-26T05:25:17.667434646Z stdout F PROXY_PORT=15001
2022-05-26T05:25:17.667436811Z stdout F PROXY_INBOUND_CAPTURE_PORT=15006
2022-05-26T05:25:17.667438981Z stdout F PROXY_TUNNEL_PORT=15008
2022-05-26T05:25:17.667441283Z stdout F PROXY_UID=1337
2022-05-26T05:25:17.667443571Z stdout F PROXY_GID=1337
2022-05-26T05:25:17.667455909Z stdout F INBOUND_INTERCEPTION_MODE=REDIRECT
2022-05-26T05:25:17.667463605Z stdout F INBOUND_TPROXY_MARK=1337
2022-05-26T05:25:17.667468317Z stdout F INBOUND_TPROXY_ROUTE_TABLE=133
2022-05-26T05:25:17.667472201Z stdout F INBOUND_PORTS_INCLUDE=*
2022-05-26T05:25:17.667476086Z stdout F INBOUND_PORTS_EXCLUDE=15090,15021,15020
2022-05-26T05:25:17.667479342Z stdout F OUTBOUND_IP_RANGES_INCLUDE=*
2022-05-26T05:25:17.667481504Z stdout F OUTBOUND_IP_RANGES_EXCLUDE=
2022-05-26T05:25:17.667483648Z stdout F OUTBOUND_PORTS_INCLUDE=
2022-05-26T05:25:17.667486011Z stdout F OUTBOUND_PORTS_EXCLUDE=
2022-05-26T05:25:17.667488265Z stdout F KUBE_VIRT_INTERFACES=
2022-05-26T05:25:17.667490444Z stdout F ENABLE_INBOUND_IPV6=false
2022-05-26T05:25:17.667492552Z stdout F DNS_CAPTURE=false
2022-05-26T05:25:17.667494666Z stdout F DROP_INVALID=false
2022-05-26T05:25:17.667496805Z stdout F CAPTURE_ALL_DNS=false
2022-05-26T05:25:17.667498925Z stdout F DNS_SERVERS=[],[]
2022-05-26T05:25:17.667501083Z stdout F OUTPUT_PATH=
2022-05-26T05:25:17.667503281Z stdout F NETWORK_NAMESPACE=
2022-05-26T05:25:17.667506047Z stdout F CNI_MODE=false
2022-05-26T05:25:17.667509623Z stdout F EXCLUDE_INTERFACES=
2022-05-26T05:25:17.6675129Z stdout F 
2022-05-26T05:25:17.66755634Z stdout F 2022-05-26T05:25:17.667317Z	info	Writing following contents to rules file: /tmp/iptables-rules-1653542717667172414.txt2299845935
2022-05-26T05:25:17.667565415Z stdout F * nat
2022-05-26T05:25:17.667613791Z stdout F -N ISTIO_INBOUND
2022-05-26T05:25:17.667627473Z stdout F -N ISTIO_REDIRECT
2022-05-26T05:25:17.667630907Z stdout F -N ISTIO_IN_REDIRECT
2022-05-26T05:25:17.667633212Z stdout F -N ISTIO_OUTPUT
2022-05-26T05:25:17.667635645Z stdout F -A ISTIO_INBOUND -p tcp --dport 15008 -j RETURN
2022-05-26T05:25:17.667638077Z stdout F -A ISTIO_REDIRECT -p tcp -j REDIRECT --to-ports 15001
2022-05-26T05:25:17.667640384Z stdout F -A ISTIO_IN_REDIRECT -p tcp -j REDIRECT --to-ports 15006
2022-05-26T05:25:17.667642649Z stdout F -A PREROUTING -p tcp -j ISTIO_INBOUND
2022-05-26T05:25:17.667644821Z stdout F -A ISTIO_INBOUND -p tcp --dport 15090 -j RETURN
2022-05-26T05:25:17.667647052Z stdout F -A ISTIO_INBOUND -p tcp --dport 15021 -j RETURN
2022-05-26T05:25:17.667649214Z stdout F -A ISTIO_INBOUND -p tcp --dport 15020 -j RETURN
2022-05-26T05:25:17.667651375Z stdout F -A ISTIO_INBOUND -p tcp -j ISTIO_IN_REDIRECT
2022-05-26T05:25:17.667653642Z stdout F -A OUTPUT -p tcp -j ISTIO_OUTPUT
2022-05-26T05:25:17.66765581Z stdout F -A ISTIO_OUTPUT -o lo -s 127.0.0.6/32 -j RETURN
2022-05-26T05:25:17.667658388Z stdout F -A ISTIO_OUTPUT -o lo ! -d 127.0.0.1/32 -m owner --uid-owner 1337 -j ISTIO_IN_REDIRECT
2022-05-26T05:25:17.667660704Z stdout F -A ISTIO_OUTPUT -o lo -m owner ! --uid-owner 1337 -j RETURN
2022-05-26T05:25:17.667685881Z stdout F -A ISTIO_OUTPUT -m owner --uid-owner 1337 -j RETURN
2022-05-26T05:25:17.667691361Z stdout F -A ISTIO_OUTPUT -o lo ! -d 127.0.0.1/32 -m owner --gid-owner 1337 -j ISTIO_IN_REDIRECT
2022-05-26T05:25:17.667695211Z stdout F -A ISTIO_OUTPUT -o lo -m owner ! --gid-owner 1337 -j RETURN
2022-05-26T05:25:17.667698835Z stdout F -A ISTIO_OUTPUT -m owner --gid-owner 1337 -j RETURN
2022-05-26T05:25:17.667702926Z stdout F -A ISTIO_OUTPUT -d 127.0.0.1/32 -j RETURN
2022-05-26T05:25:17.667708497Z stdout F -A ISTIO_OUTPUT -j ISTIO_REDIRECT
2022-05-26T05:25:17.667717818Z stdout F COMMIT
2022-05-26T05:25:17.667722649Z stdout F 2022-05-26T05:25:17.667372Z	info	Running command: iptables-restore --noflush /tmp/iptables-rules-1653542717667172414.txt2299845935
2022-05-26T05:25:17.673408009Z stdout F 2022-05-26T05:25:17.671580Z	info	Writing following contents to rules file: /tmp/ip6tables-rules-1653542717671536059.txt2541222434
2022-05-26T05:25:17.673436258Z stdout F 
2022-05-26T05:25:17.673440545Z stdout F 2022-05-26T05:25:17.671628Z	info	Running command: ip6tables-restore --noflush /tmp/ip6tables-rules-1653542717671536059.txt2541222434
2022-05-26T05:25:17.675585781Z stdout F 2022-05-26T05:25:17.675002Z	info	Running command: iptables-save 
2022-05-26T05:25:17.678539183Z stdout F 2022-05-26T05:25:17.678265Z	info	Command output: 
2022-05-26T05:25:17.678894374Z stdout F # Generated by iptables-save v1.8.4 on Thu May 26 05:25:17 2022
2022-05-26T05:25:17.678902118Z stdout F *nat
2022-05-26T05:25:17.678906746Z stdout F :PREROUTING ACCEPT [0:0]
2022-05-26T05:25:17.678909186Z stdout F :INPUT ACCEPT [0:0]
2022-05-26T05:25:17.678911452Z stdout F :OUTPUT ACCEPT [0:0]
2022-05-26T05:25:17.678913975Z stdout F :POSTROUTING ACCEPT [0:0]
2022-05-26T05:25:17.67891617Z stdout F :ISTIO_INBOUND - [0:0]
2022-05-26T05:25:17.678918486Z stdout F :ISTIO_IN_REDIRECT - [0:0]
2022-05-26T05:25:17.6789207Z stdout F :ISTIO_OUTPUT - [0:0]
2022-05-26T05:25:17.678923081Z stdout F :ISTIO_REDIRECT - [0:0]
2022-05-26T05:25:17.678926244Z stdout F -A PREROUTING -p tcp -j ISTIO_INBOUND
2022-05-26T05:25:17.678928526Z stdout F -A OUTPUT -p tcp -j ISTIO_OUTPUT
2022-05-26T05:25:17.678930752Z stdout F -A ISTIO_INBOUND -p tcp -m tcp --dport 15008 -j RETURN
2022-05-26T05:25:17.67893294Z stdout F -A ISTIO_INBOUND -p tcp -m tcp --dport 15090 -j RETURN
2022-05-26T05:25:17.678935171Z stdout F -A ISTIO_INBOUND -p tcp -m tcp --dport 15021 -j RETURN
2022-05-26T05:25:17.678937346Z stdout F -A ISTIO_INBOUND -p tcp -m tcp --dport 15020 -j RETURN
2022-05-26T05:25:17.678939518Z stdout F -A ISTIO_INBOUND -p tcp -j ISTIO_IN_REDIRECT
2022-05-26T05:25:17.678941811Z stdout F -A ISTIO_IN_REDIRECT -p tcp -j REDIRECT --to-ports 15006
2022-05-26T05:25:17.678943977Z stdout F -A ISTIO_OUTPUT -s 127.0.0.6/32 -o lo -j RETURN
2022-05-26T05:25:17.678946932Z stdout F -A ISTIO_OUTPUT ! -d 127.0.0.1/32 -o lo -m owner --uid-owner 1337 -j ISTIO_IN_REDIRECT
2022-05-26T05:25:17.678949138Z stdout F -A ISTIO_OUTPUT -o lo -m owner ! --uid-owner 1337 -j RETURN
2022-05-26T05:25:17.67895129Z stdout F -A ISTIO_OUTPUT -m owner --uid-owner 1337 -j RETURN
2022-05-26T05:25:17.678953547Z stdout F -A ISTIO_OUTPUT ! -d 127.0.0.1/32 -o lo -m owner --gid-owner 1337 -j ISTIO_IN_REDIRECT
2022-05-26T05:25:17.678955698Z stdout F -A ISTIO_OUTPUT -o lo -m owner ! --gid-owner 1337 -j RETURN
2022-05-26T05:25:17.67895785Z stdout F -A ISTIO_OUTPUT -m owner --gid-owner 1337 -j RETURN
2022-05-26T05:25:17.67896013Z stdout F -A ISTIO_OUTPUT -d 127.0.0.1/32 -j RETURN
2022-05-26T05:25:17.67896233Z stdout F -A ISTIO_OUTPUT -j ISTIO_REDIRECT
2022-05-26T05:25:17.678964528Z stdout F -A ISTIO_REDIRECT -p tcp -j REDIRECT --to-ports 15001
2022-05-26T05:25:17.678966754Z stdout F COMMIT
2022-05-26T05:25:17.678969024Z stdout F # Completed on Thu May 26 05:25:17 2022
2022-05-26T05:25:17.678971167Z stdout F 
