2022-04-30T04:28:29.043901292Z stdout F 2022-04-30T04:28:29.043288Z	info	Istio iptables environment:
2022-04-30T04:28:29.044036956Z stdout F ENVOY_PORT=
2022-04-30T04:28:29.044045857Z stdout F INBOUND_CAPTURE_PORT=
2022-04-30T04:28:29.044049422Z stdout F ISTIO_INBOUND_INTERCEPTION_MODE=
2022-04-30T04:28:29.044052487Z stdout F ISTIO_INBOUND_TPROXY_ROUTE_TABLE=
2022-04-30T04:28:29.044055129Z stdout F ISTIO_INBOUND_PORTS=
2022-04-30T04:28:29.044057748Z stdout F ISTIO_OUTBOUND_PORTS=
2022-04-30T04:28:29.044060358Z stdout F ISTIO_LOCAL_EXCLUDE_PORTS=
2022-04-30T04:28:29.044062947Z stdout F ISTIO_EXCLUDE_INTERFACES=
2022-04-30T04:28:29.044065588Z stdout F ISTIO_SERVICE_CIDR=
2022-04-30T04:28:29.044068163Z stdout F ISTIO_SERVICE_EXCLUDE_CIDR=
2022-04-30T04:28:29.044070731Z stdout F ISTIO_META_DNS_CAPTURE=
2022-04-30T04:28:29.044073354Z stdout F INVALID_DROP=
2022-04-30T04:28:29.044075888Z stdout F 
2022-04-30T04:28:29.044078651Z stdout F 2022-04-30T04:28:29.043370Z	info	Istio iptables variables:
2022-04-30T04:28:29.044081257Z stdout F PROXY_PORT=15001
2022-04-30T04:28:29.044083946Z stdout F PROXY_INBOUND_CAPTURE_PORT=15006
2022-04-30T04:28:29.044086557Z stdout F PROXY_TUNNEL_PORT=15008
2022-04-30T04:28:29.044100335Z stdout F PROXY_UID=1337
2022-04-30T04:28:29.044106647Z stdout F PROXY_GID=1337
2022-04-30T04:28:29.044109636Z stdout F INBOUND_INTERCEPTION_MODE=REDIRECT
2022-04-30T04:28:29.044112249Z stdout F INBOUND_TPROXY_MARK=1337
2022-04-30T04:28:29.044114919Z stdout F INBOUND_TPROXY_ROUTE_TABLE=133
2022-04-30T04:28:29.044117541Z stdout F INBOUND_PORTS_INCLUDE=*
2022-04-30T04:28:29.044120152Z stdout F INBOUND_PORTS_EXCLUDE=15090,15021,15020
2022-04-30T04:28:29.044222096Z stdout F OUTBOUND_IP_RANGES_INCLUDE=*
2022-04-30T04:28:29.044235099Z stdout F OUTBOUND_IP_RANGES_EXCLUDE=
2022-04-30T04:28:29.044246822Z stdout F OUTBOUND_PORTS_INCLUDE=
2022-04-30T04:28:29.044260934Z stdout F OUTBOUND_PORTS_EXCLUDE=
2022-04-30T04:28:29.044271618Z stdout F KUBE_VIRT_INTERFACES=
2022-04-30T04:28:29.044280192Z stdout F ENABLE_INBOUND_IPV6=false
2022-04-30T04:28:29.044290056Z stdout F DNS_CAPTURE=false
2022-04-30T04:28:29.044355744Z stdout F DROP_INVALID=false
2022-04-30T04:28:29.044371707Z stdout F CAPTURE_ALL_DNS=false
2022-04-30T04:28:29.04437862Z stdout F DNS_SERVERS=[],[]
2022-04-30T04:28:29.044383852Z stdout F OUTPUT_PATH=
2022-04-30T04:28:29.044388547Z stdout F NETWORK_NAMESPACE=
2022-04-30T04:28:29.04439344Z stdout F CNI_MODE=false
2022-04-30T04:28:29.044398065Z stdout F EXCLUDE_INTERFACES=
2022-04-30T04:28:29.044402742Z stdout F 
2022-04-30T04:28:29.044407988Z stdout F 2022-04-30T04:28:29.043705Z	info	Writing following contents to rules file: /tmp/iptables-rules-1651292909043503581.txt3031770545
2022-04-30T04:28:29.044412903Z stdout F * nat
2022-04-30T04:28:29.044417583Z stdout F -N ISTIO_INBOUND
2022-04-30T04:28:29.044422308Z stdout F -N ISTIO_REDIRECT
2022-04-30T04:28:29.044558907Z stdout F -N ISTIO_IN_REDIRECT
2022-04-30T04:28:29.044571049Z stdout F -N ISTIO_OUTPUT
2022-04-30T04:28:29.044577238Z stdout F -A ISTIO_INBOUND -p tcp --dport 15008 -j RETURN
2022-04-30T04:28:29.044586311Z stdout F -A ISTIO_REDIRECT -p tcp -j REDIRECT --to-ports 15001
2022-04-30T04:28:29.044591402Z stdout F -A ISTIO_IN_REDIRECT -p tcp -j REDIRECT --to-ports 15006
2022-04-30T04:28:29.044596417Z stdout F -A PREROUTING -p tcp -j ISTIO_INBOUND
2022-04-30T04:28:29.044600969Z stdout F -A ISTIO_INBOUND -p tcp --dport 15090 -j RETURN
2022-04-30T04:28:29.044605647Z stdout F -A ISTIO_INBOUND -p tcp --dport 15021 -j RETURN
2022-04-30T04:28:29.044610294Z stdout F -A ISTIO_INBOUND -p tcp --dport 15020 -j RETURN
2022-04-30T04:28:29.044614873Z stdout F -A ISTIO_INBOUND -p tcp -j ISTIO_IN_REDIRECT
2022-04-30T04:28:29.044619675Z stdout F -A OUTPUT -p tcp -j ISTIO_OUTPUT
2022-04-30T04:28:29.044624474Z stdout F -A ISTIO_OUTPUT -o lo -s 127.0.0.6/32 -j RETURN
2022-04-30T04:28:29.044629182Z stdout F -A ISTIO_OUTPUT -o lo ! -d 127.0.0.1/32 -m owner --uid-owner 1337 -j ISTIO_IN_REDIRECT
2022-04-30T04:28:29.044633869Z stdout F -A ISTIO_OUTPUT -o lo -m owner ! --uid-owner 1337 -j RETURN
2022-04-30T04:28:29.044680539Z stdout F -A ISTIO_OUTPUT -m owner --uid-owner 1337 -j RETURN
2022-04-30T04:28:29.044688168Z stdout F -A ISTIO_OUTPUT -o lo ! -d 127.0.0.1/32 -m owner --gid-owner 1337 -j ISTIO_IN_REDIRECT
2022-04-30T04:28:29.044690961Z stdout F -A ISTIO_OUTPUT -o lo -m owner ! --gid-owner 1337 -j RETURN
2022-04-30T04:28:29.044693571Z stdout F -A ISTIO_OUTPUT -m owner --gid-owner 1337 -j RETURN
2022-04-30T04:28:29.044696186Z stdout F -A ISTIO_OUTPUT -d 127.0.0.1/32 -j RETURN
2022-04-30T04:28:29.044698838Z stdout F -A ISTIO_OUTPUT -j ISTIO_REDIRECT
2022-04-30T04:28:29.044701498Z stdout F COMMIT
2022-04-30T04:28:29.044704996Z stdout F 2022-04-30T04:28:29.043758Z	info	Running command: iptables-restore --noflush /tmp/iptables-rules-1651292909043503581.txt3031770545
2022-04-30T04:28:29.05883467Z stdout F 2022-04-30T04:28:29.055959Z	info	Writing following contents to rules file: /tmp/ip6tables-rules-1651292909055885669.txt2754357660
2022-04-30T04:28:29.05887065Z stdout F 
2022-04-30T04:28:29.058879157Z stdout F 2022-04-30T04:28:29.056025Z	info	Running command: ip6tables-restore --noflush /tmp/ip6tables-rules-1651292909055885669.txt2754357660
2022-04-30T04:28:29.062880369Z stdout F 2022-04-30T04:28:29.061084Z	info	Running command: iptables-save 
2022-04-30T04:28:29.068801624Z stdout F 2022-04-30T04:28:29.068407Z	info	Command output: 
2022-04-30T04:28:29.068826011Z stdout F # Generated by iptables-save v1.8.4 on Sat Apr 30 04:28:29 2022
2022-04-30T04:28:29.06883041Z stdout F *nat
2022-04-30T04:28:29.068834157Z stdout F :PREROUTING ACCEPT [0:0]
2022-04-30T04:28:29.068836971Z stdout F :INPUT ACCEPT [0:0]
2022-04-30T04:28:29.068839783Z stdout F :OUTPUT ACCEPT [0:0]
2022-04-30T04:28:29.068842997Z stdout F :POSTROUTING ACCEPT [0:0]
2022-04-30T04:28:29.068845661Z stdout F :ISTIO_INBOUND - [0:0]
2022-04-30T04:28:29.06884868Z stdout F :ISTIO_IN_REDIRECT - [0:0]
2022-04-30T04:28:29.068851405Z stdout F :ISTIO_OUTPUT - [0:0]
2022-04-30T04:28:29.068854092Z stdout F :ISTIO_REDIRECT - [0:0]
2022-04-30T04:28:29.068857267Z stdout F -A PREROUTING -p tcp -j ISTIO_INBOUND
2022-04-30T04:28:29.068859962Z stdout F -A OUTPUT -p tcp -j ISTIO_OUTPUT
2022-04-30T04:28:29.068862624Z stdout F -A ISTIO_INBOUND -p tcp -m tcp --dport 15008 -j RETURN
2022-04-30T04:28:29.068865285Z stdout F -A ISTIO_INBOUND -p tcp -m tcp --dport 15090 -j RETURN
2022-04-30T04:28:29.068867941Z stdout F -A ISTIO_INBOUND -p tcp -m tcp --dport 15021 -j RETURN
2022-04-30T04:28:29.068870588Z stdout F -A ISTIO_INBOUND -p tcp -m tcp --dport 15020 -j RETURN
2022-04-30T04:28:29.068873242Z stdout F -A ISTIO_INBOUND -p tcp -j ISTIO_IN_REDIRECT
2022-04-30T04:28:29.06887601Z stdout F -A ISTIO_IN_REDIRECT -p tcp -j REDIRECT --to-ports 15006
2022-04-30T04:28:29.06887876Z stdout F -A ISTIO_OUTPUT -s 127.0.0.6/32 -o lo -j RETURN
2022-04-30T04:28:29.068881987Z stdout F -A ISTIO_OUTPUT ! -d 127.0.0.1/32 -o lo -m owner --uid-owner 1337 -j ISTIO_IN_REDIRECT
2022-04-30T04:28:29.068884776Z stdout F -A ISTIO_OUTPUT -o lo -m owner ! --uid-owner 1337 -j RETURN
2022-04-30T04:28:29.068887403Z stdout F -A ISTIO_OUTPUT -m owner --uid-owner 1337 -j RETURN
2022-04-30T04:28:29.068890087Z stdout F -A ISTIO_OUTPUT ! -d 127.0.0.1/32 -o lo -m owner --gid-owner 1337 -j ISTIO_IN_REDIRECT
2022-04-30T04:28:29.068892792Z stdout F -A ISTIO_OUTPUT -o lo -m owner ! --gid-owner 1337 -j RETURN
2022-04-30T04:28:29.068895416Z stdout F -A ISTIO_OUTPUT -m owner --gid-owner 1337 -j RETURN
2022-04-30T04:28:29.068898043Z stdout F -A ISTIO_OUTPUT -d 127.0.0.1/32 -j RETURN
2022-04-30T04:28:29.068900685Z stdout F -A ISTIO_OUTPUT -j ISTIO_REDIRECT
2022-04-30T04:28:29.068903316Z stdout F -A ISTIO_REDIRECT -p tcp -j REDIRECT --to-ports 15001
2022-04-30T04:28:29.068906306Z stdout F COMMIT
2022-04-30T04:28:29.06890907Z stdout F # Completed on Sat Apr 30 04:28:29 2022
2022-04-30T04:28:29.068911668Z stdout F 
