2022-04-27T06:19:41.431417524Z stdout F 2022-04-27T06:19:41.429535Z	info	Istio iptables environment:
2022-04-27T06:19:41.431494222Z stdout F ENVOY_PORT=
2022-04-27T06:19:41.431517877Z stdout F INBOUND_CAPTURE_PORT=
2022-04-27T06:19:41.431530508Z stdout F ISTIO_INBOUND_INTERCEPTION_MODE=
2022-04-27T06:19:41.431540422Z stdout F ISTIO_INBOUND_TPROXY_ROUTE_TABLE=
2022-04-27T06:19:41.43155021Z stdout F ISTIO_INBOUND_PORTS=
2022-04-27T06:19:41.431559884Z stdout F ISTIO_OUTBOUND_PORTS=
2022-04-27T06:19:41.431569589Z stdout F ISTIO_LOCAL_EXCLUDE_PORTS=
2022-04-27T06:19:41.431578864Z stdout F ISTIO_EXCLUDE_INTERFACES=
2022-04-27T06:19:41.431587644Z stdout F ISTIO_SERVICE_CIDR=
2022-04-27T06:19:41.431596668Z stdout F ISTIO_SERVICE_EXCLUDE_CIDR=
2022-04-27T06:19:41.431606342Z stdout F ISTIO_META_DNS_CAPTURE=
2022-04-27T06:19:41.431615411Z stdout F INVALID_DROP=
2022-04-27T06:19:41.431623619Z stdout F 
2022-04-27T06:19:41.43163265Z stdout F 2022-04-27T06:19:41.429688Z	info	Istio iptables variables:
2022-04-27T06:19:41.431641802Z stdout F PROXY_PORT=15001
2022-04-27T06:19:41.431650539Z stdout F PROXY_INBOUND_CAPTURE_PORT=15006
2022-04-27T06:19:41.431659813Z stdout F PROXY_TUNNEL_PORT=15008
2022-04-27T06:19:41.431669237Z stdout F PROXY_UID=1337
2022-04-27T06:19:41.431678156Z stdout F PROXY_GID=1337
2022-04-27T06:19:41.431687862Z stdout F INBOUND_INTERCEPTION_MODE=REDIRECT
2022-04-27T06:19:41.431697109Z stdout F INBOUND_TPROXY_MARK=1337
2022-04-27T06:19:41.431706007Z stdout F INBOUND_TPROXY_ROUTE_TABLE=133
2022-04-27T06:19:41.431715761Z stdout F INBOUND_PORTS_INCLUDE=*
2022-04-27T06:19:41.431725118Z stdout F INBOUND_PORTS_EXCLUDE=15090,15021,15020
2022-04-27T06:19:41.431734634Z stdout F OUTBOUND_IP_RANGES_INCLUDE=*
2022-04-27T06:19:41.431744108Z stdout F OUTBOUND_IP_RANGES_EXCLUDE=
2022-04-27T06:19:41.431753299Z stdout F OUTBOUND_PORTS_INCLUDE=
2022-04-27T06:19:41.431762963Z stdout F OUTBOUND_PORTS_EXCLUDE=
2022-04-27T06:19:41.431772449Z stdout F KUBE_VIRT_INTERFACES=
2022-04-27T06:19:41.431782061Z stdout F ENABLE_INBOUND_IPV6=false
2022-04-27T06:19:41.431791073Z stdout F DNS_CAPTURE=false
2022-04-27T06:19:41.431799728Z stdout F DROP_INVALID=false
2022-04-27T06:19:41.431809163Z stdout F CAPTURE_ALL_DNS=false
2022-04-27T06:19:41.431818052Z stdout F DNS_SERVERS=[],[]
2022-04-27T06:19:41.433275629Z stdout F OUTPUT_PATH=
2022-04-27T06:19:41.433301961Z stdout F NETWORK_NAMESPACE=
2022-04-27T06:19:41.433312764Z stdout F CNI_MODE=false
2022-04-27T06:19:41.433321731Z stdout F EXCLUDE_INTERFACES=
2022-04-27T06:19:41.43333023Z stdout F 
2022-04-27T06:19:41.433340088Z stdout F 2022-04-27T06:19:41.430298Z	info	Writing following contents to rules file: /tmp/iptables-rules-1651040381429819015.txt2034602308
2022-04-27T06:19:41.433348963Z stdout F * nat
2022-04-27T06:19:41.433357761Z stdout F -N ISTIO_INBOUND
2022-04-27T06:19:41.433365565Z stdout F -N ISTIO_REDIRECT
2022-04-27T06:19:41.433373952Z stdout F -N ISTIO_IN_REDIRECT
2022-04-27T06:19:41.433382683Z stdout F -N ISTIO_OUTPUT
2022-04-27T06:19:41.433392198Z stdout F -A ISTIO_INBOUND -p tcp --dport 15008 -j RETURN
2022-04-27T06:19:41.43340155Z stdout F -A ISTIO_REDIRECT -p tcp -j REDIRECT --to-ports 15001
2022-04-27T06:19:41.433500622Z stdout F -A ISTIO_IN_REDIRECT -p tcp -j REDIRECT --to-ports 15006
2022-04-27T06:19:41.433639292Z stdout F -A PREROUTING -p tcp -j ISTIO_INBOUND
2022-04-27T06:19:41.433673699Z stdout F -A ISTIO_INBOUND -p tcp --dport 15090 -j RETURN
2022-04-27T06:19:41.4336854Z stdout F -A ISTIO_INBOUND -p tcp --dport 15021 -j RETURN
2022-04-27T06:19:41.433694825Z stdout F -A ISTIO_INBOUND -p tcp --dport 15020 -j RETURN
2022-04-27T06:19:41.433703603Z stdout F -A ISTIO_INBOUND -p tcp -j ISTIO_IN_REDIRECT
2022-04-27T06:19:41.43371301Z stdout F -A OUTPUT -p tcp -j ISTIO_OUTPUT
2022-04-27T06:19:41.433721848Z stdout F -A ISTIO_OUTPUT -o lo -s 127.0.0.6/32 -j RETURN
2022-04-27T06:19:41.433731427Z stdout F -A ISTIO_OUTPUT -o lo ! -d 127.0.0.1/32 -m owner --uid-owner 1337 -j ISTIO_IN_REDIRECT
2022-04-27T06:19:41.433740169Z stdout F -A ISTIO_OUTPUT -o lo -m owner ! --uid-owner 1337 -j RETURN
2022-04-27T06:19:41.433748135Z stdout F -A ISTIO_OUTPUT -m owner --uid-owner 1337 -j RETURN
2022-04-27T06:19:41.433795503Z stdout F -A ISTIO_OUTPUT -o lo ! -d 127.0.0.1/32 -m owner --gid-owner 1337 -j ISTIO_IN_REDIRECT
2022-04-27T06:19:41.433808988Z stdout F -A ISTIO_OUTPUT -o lo -m owner ! --gid-owner 1337 -j RETURN
2022-04-27T06:19:41.433818251Z stdout F -A ISTIO_OUTPUT -m owner --gid-owner 1337 -j RETURN
2022-04-27T06:19:41.433827123Z stdout F -A ISTIO_OUTPUT -d 127.0.0.1/32 -j RETURN
2022-04-27T06:19:41.433835997Z stdout F -A ISTIO_OUTPUT -j ISTIO_REDIRECT
2022-04-27T06:19:41.433844886Z stdout F COMMIT
2022-04-27T06:19:41.433854375Z stdout F 2022-04-27T06:19:41.430413Z	info	Running command: iptables-restore --noflush /tmp/iptables-rules-1651040381429819015.txt2034602308
2022-04-27T06:19:41.645331085Z stdout F 2022-04-27T06:19:41.467108Z	info	Writing following contents to rules file: /tmp/ip6tables-rules-1651040381460431705.txt3915933687
2022-04-27T06:19:41.645385173Z stdout F 
2022-04-27T06:19:41.645399914Z stdout F 2022-04-27T06:19:41.468080Z	info	Running command: ip6tables-restore --noflush /tmp/ip6tables-rules-1651040381460431705.txt3915933687
2022-04-27T06:19:41.645409809Z stdout F 2022-04-27T06:19:41.493661Z	info	Running command: iptables-save 
2022-04-27T06:19:41.645418658Z stdout F 2022-04-27T06:19:41.558818Z	info	Command output: 
2022-04-27T06:19:41.645426998Z stdout F # Generated by iptables-save v1.8.4 on Wed Apr 27 06:19:41 2022
2022-04-27T06:19:41.64543553Z stdout F *nat
2022-04-27T06:19:41.645457801Z stdout F :PREROUTING ACCEPT [0:0]
2022-04-27T06:19:41.645469502Z stdout F :INPUT ACCEPT [0:0]
2022-04-27T06:19:41.645689061Z stdout F :OUTPUT ACCEPT [0:0]
2022-04-27T06:19:41.645714548Z stdout F :POSTROUTING ACCEPT [0:0]
2022-04-27T06:19:41.645725735Z stdout F :ISTIO_INBOUND - [0:0]
2022-04-27T06:19:41.645734283Z stdout F :ISTIO_IN_REDIRECT - [0:0]
2022-04-27T06:19:41.64574259Z stdout F :ISTIO_OUTPUT - [0:0]
2022-04-27T06:19:41.651569573Z stdout F :ISTIO_REDIRECT - [0:0]
2022-04-27T06:19:41.651696772Z stdout F -A PREROUTING -p tcp -j ISTIO_INBOUND
2022-04-27T06:19:41.651723888Z stdout F -A OUTPUT -p tcp -j ISTIO_OUTPUT
2022-04-27T06:19:41.651735075Z stdout F -A ISTIO_INBOUND -p tcp -m tcp --dport 15008 -j RETURN
2022-04-27T06:19:41.651742906Z stdout F -A ISTIO_INBOUND -p tcp -m tcp --dport 15090 -j RETURN
2022-04-27T06:19:41.651750418Z stdout F -A ISTIO_INBOUND -p tcp -m tcp --dport 15021 -j RETURN
2022-04-27T06:19:41.651758375Z stdout F -A ISTIO_INBOUND -p tcp -m tcp --dport 15020 -j RETURN
2022-04-27T06:19:41.651766444Z stdout F -A ISTIO_INBOUND -p tcp -j ISTIO_IN_REDIRECT
2022-04-27T06:19:41.65177508Z stdout F -A ISTIO_IN_REDIRECT -p tcp -j REDIRECT --to-ports 15006
2022-04-27T06:19:41.651807146Z stdout F -A ISTIO_OUTPUT -s 127.0.0.6/32 -o lo -j RETURN
2022-04-27T06:19:41.651824813Z stdout F -A ISTIO_OUTPUT ! -d 127.0.0.1/32 -o lo -m owner --uid-owner 1337 -j ISTIO_IN_REDIRECT
2022-04-27T06:19:41.65183425Z stdout F -A ISTIO_OUTPUT -o lo -m owner ! --uid-owner 1337 -j RETURN
2022-04-27T06:19:41.65184291Z stdout F -A ISTIO_OUTPUT -m owner --uid-owner 1337 -j RETURN
2022-04-27T06:19:41.652117467Z stdout F -A ISTIO_OUTPUT ! -d 127.0.0.1/32 -o lo -m owner --gid-owner 1337 -j ISTIO_IN_REDIRECT
2022-04-27T06:19:41.652131452Z stdout F -A ISTIO_OUTPUT -o lo -m owner ! --gid-owner 1337 -j RETURN
2022-04-27T06:19:41.652140326Z stdout F -A ISTIO_OUTPUT -m owner --gid-owner 1337 -j RETURN
2022-04-27T06:19:41.652148824Z stdout F -A ISTIO_OUTPUT -d 127.0.0.1/32 -j RETURN
2022-04-27T06:19:41.652417546Z stdout F -A ISTIO_OUTPUT -j ISTIO_REDIRECT
2022-04-27T06:19:41.652427186Z stdout F -A ISTIO_REDIRECT -p tcp -j REDIRECT --to-ports 15001
2022-04-27T06:19:41.652435381Z stdout F COMMIT
2022-04-27T06:19:41.65244358Z stdout F # Completed on Wed Apr 27 06:19:41 2022
2022-04-27T06:19:41.652451125Z stdout F 
