2022-04-30T04:26:27.91279269Z stdout F t=2022-04-30T04:26:27+0000 lvl=info msg="The state of unified alerting is still not defined. The decision will be made during as we run the database migrations" logger=settings
2022-04-30T04:26:27.913033509Z stdout F t=2022-04-30T04:26:27+0000 lvl=warn msg="falling back to legacy setting of 'min_interval_seconds'; please use the configuration option in the `unified_alerting` section if Grafana 8 alerts are enabled." logger=settings
2022-04-30T04:26:27.913062271Z stdout F t=2022-04-30T04:26:27+0000 lvl=info msg="Config loaded from" logger=settings file=/usr/share/grafana/conf/defaults.ini
2022-04-30T04:26:27.913075164Z stdout F t=2022-04-30T04:26:27+0000 lvl=info msg="Config loaded from" logger=settings file=/etc/grafana/grafana.ini
2022-04-30T04:26:27.913087204Z stdout F t=2022-04-30T04:26:27+0000 lvl=info msg="Config overridden from command line" logger=settings arg="default.paths.data=/var/lib/grafana/"
2022-04-30T04:26:27.913097042Z stdout F t=2022-04-30T04:26:27+0000 lvl=info msg="Config overridden from command line" logger=settings arg="default.paths.logs=/var/log/grafana"
2022-04-30T04:26:27.913108274Z stdout F t=2022-04-30T04:26:27+0000 lvl=info msg="Config overridden from command line" logger=settings arg="default.paths.plugins=/var/lib/grafana/plugins"
2022-04-30T04:26:27.913116805Z stdout F t=2022-04-30T04:26:27+0000 lvl=info msg="Config overridden from command line" logger=settings arg="default.paths.provisioning=/etc/grafana/provisioning"
2022-04-30T04:26:27.913125011Z stdout F t=2022-04-30T04:26:27+0000 lvl=info msg="Config overridden from command line" logger=settings arg="default.log.mode=console"
2022-04-30T04:26:27.91313067Z stdout F t=2022-04-30T04:26:27+0000 lvl=info msg="Config overridden from Environment variable" logger=settings var="GF_PATHS_DATA=/var/lib/grafana/"
2022-04-30T04:26:27.913135428Z stdout F t=2022-04-30T04:26:27+0000 lvl=info msg="Config overridden from Environment variable" logger=settings var="GF_PATHS_LOGS=/var/log/grafana"
2022-04-30T04:26:27.913139956Z stdout F t=2022-04-30T04:26:27+0000 lvl=info msg="Config overridden from Environment variable" logger=settings var="GF_PATHS_PLUGINS=/var/lib/grafana/plugins"
2022-04-30T04:26:27.913144584Z stdout F t=2022-04-30T04:26:27+0000 lvl=info msg="Config overridden from Environment variable" logger=settings var="GF_PATHS_PROVISIONING=/etc/grafana/provisioning"
2022-04-30T04:26:27.913251789Z stdout F t=2022-04-30T04:26:27+0000 lvl=info msg="Config overridden from Environment variable" logger=settings var="GF_SECURITY_ADMIN_USER=-"
2022-04-30T04:26:27.913267642Z stdout F t=2022-04-30T04:26:27+0000 lvl=info msg="Config overridden from Environment variable" logger=settings var="GF_SECURITY_ADMIN_PASSWORD=*********"
2022-04-30T04:26:27.913272876Z stdout F t=2022-04-30T04:26:27+0000 lvl=info msg="Config overridden from Environment variable" logger=settings var="GF_AUTH_ANONYMOUS_ENABLED=true"
2022-04-30T04:26:27.913277375Z stdout F t=2022-04-30T04:26:27+0000 lvl=info msg="Config overridden from Environment variable" logger=settings var="GF_AUTH_ANONYMOUS_ORG_ROLE=Admin"
2022-04-30T04:26:27.913282016Z stdout F t=2022-04-30T04:26:27+0000 lvl=info msg="Config overridden from Environment variable" logger=settings var="GF_AUTH_BASIC_ENABLED=false"
2022-04-30T04:26:27.913287469Z stdout F t=2022-04-30T04:26:27+0000 lvl=info msg="Path Home" logger=settings path=/usr/share/grafana
2022-04-30T04:26:27.913291973Z stdout F t=2022-04-30T04:26:27+0000 lvl=info msg="Path Data" logger=settings path=/var/lib/grafana/
2022-04-30T04:26:27.913296441Z stdout F t=2022-04-30T04:26:27+0000 lvl=info msg="Path Logs" logger=settings path=/var/log/grafana
2022-04-30T04:26:27.913300932Z stdout F t=2022-04-30T04:26:27+0000 lvl=info msg="Path Plugins" logger=settings path=/var/lib/grafana/plugins
2022-04-30T04:26:27.913305394Z stdout F t=2022-04-30T04:26:27+0000 lvl=info msg="Path Provisioning" logger=settings path=/etc/grafana/provisioning
2022-04-30T04:26:27.913310565Z stdout F t=2022-04-30T04:26:27+0000 lvl=info msg="App mode production" logger=settings
2022-04-30T04:26:27.913834525Z stdout F t=2022-04-30T04:26:27+0000 lvl=info msg="Connecting to DB" logger=sqlstore dbtype=sqlite3
2022-04-30T04:26:27.913888308Z stdout F t=2022-04-30T04:26:27+0000 lvl=info msg="Creating SQLite database file" logger=sqlstore path=/var/lib/grafana/grafana.db
2022-04-30T04:26:27.91728039Z stdout F t=2022-04-30T04:26:27+0000 lvl=info msg="Starting DB migrations" logger=migrator
2022-04-30T04:26:27.91785072Z stdout F t=2022-04-30T04:26:27+0000 lvl=info msg="Executing migration" logger=migrator id="create migration_log table"
2022-04-30T04:26:27.92690707Z stdout F t=2022-04-30T04:26:27+0000 lvl=info msg="Executing migration" logger=migrator id="create user table"
2022-04-30T04:26:27.933354265Z stdout F t=2022-04-30T04:26:27+0000 lvl=info msg="Executing migration" logger=migrator id="add unique index user.login"
2022-04-30T04:26:27.939730632Z stdout F t=2022-04-30T04:26:27+0000 lvl=info msg="Executing migration" logger=migrator id="add unique index user.email"
2022-04-30T04:26:27.944730772Z stdout F t=2022-04-30T04:26:27+0000 lvl=info msg="Executing migration" logger=migrator id="drop index UQE_user_login - v1"
2022-04-30T04:26:27.94931643Z stdout F t=2022-04-30T04:26:27+0000 lvl=info msg="Executing migration" logger=migrator id="drop index UQE_user_email - v1"
2022-04-30T04:26:27.956895681Z stdout F t=2022-04-30T04:26:27+0000 lvl=info msg="Executing migration" logger=migrator id="Rename table user to user_v1 - v1"
2022-04-30T04:26:27.962886413Z stdout F t=2022-04-30T04:26:27+0000 lvl=info msg="Executing migration" logger=migrator id="create user table v2"
2022-04-30T04:26:27.967551269Z stdout F t=2022-04-30T04:26:27+0000 lvl=info msg="Executing migration" logger=migrator id="create index UQE_user_login - v2"
2022-04-30T04:26:27.972362643Z stdout F t=2022-04-30T04:26:27+0000 lvl=info msg="Executing migration" logger=migrator id="create index UQE_user_email - v2"
2022-04-30T04:26:27.978033745Z stdout F t=2022-04-30T04:26:27+0000 lvl=info msg="Executing migration" logger=migrator id="copy data_source v1 to v2"
2022-04-30T04:26:27.984031912Z stdout F t=2022-04-30T04:26:27+0000 lvl=info msg="Executing migration" logger=migrator id="Drop old table user_v1"
2022-04-30T04:26:27.989561438Z stdout F t=2022-04-30T04:26:27+0000 lvl=info msg="Executing migration" logger=migrator id="Add column help_flags1 to user table"
2022-04-30T04:26:27.994469081Z stdout F t=2022-04-30T04:26:27+0000 lvl=info msg="Executing migration" logger=migrator id="Update user table charset"
2022-04-30T04:26:27.999528117Z stdout F t=2022-04-30T04:26:27+0000 lvl=info msg="Executing migration" logger=migrator id="Add last_seen_at column to user"
2022-04-30T04:26:28.004389353Z stdout F t=2022-04-30T04:26:28+0000 lvl=info msg="Executing migration" logger=migrator id="Add missing user data"
2022-04-30T04:26:28.009104991Z stdout F t=2022-04-30T04:26:28+0000 lvl=info msg="Executing migration" logger=migrator id="Add is_disabled column to user"
2022-04-30T04:26:28.014518613Z stdout F t=2022-04-30T04:26:28+0000 lvl=info msg="Executing migration" logger=migrator id="Add index user.login/user.email"
2022-04-30T04:26:28.019836991Z stdout F t=2022-04-30T04:26:28+0000 lvl=info msg="Executing migration" logger=migrator id="Add is_service_account column to user"
2022-04-30T04:26:28.024598505Z stdout F t=2022-04-30T04:26:28+0000 lvl=info msg="Executing migration" logger=migrator id="create temp user table v1-7"
2022-04-30T04:26:28.03201586Z stdout F t=2022-04-30T04:26:28+0000 lvl=info msg="Executing migration" logger=migrator id="create index IDX_temp_user_email - v1-7"
2022-04-30T04:26:28.047887022Z stdout F t=2022-04-30T04:26:28+0000 lvl=info msg="Executing migration" logger=migrator id="create index IDX_temp_user_org_id - v1-7"
2022-04-30T04:26:28.055131249Z stdout F t=2022-04-30T04:26:28+0000 lvl=info msg="Executing migration" logger=migrator id="create index IDX_temp_user_code - v1-7"
2022-04-30T04:26:28.061257806Z stdout F t=2022-04-30T04:26:28+0000 lvl=info msg="Executing migration" logger=migrator id="create index IDX_temp_user_status - v1-7"
2022-04-30T04:26:28.066918467Z stdout F t=2022-04-30T04:26:28+0000 lvl=info msg="Executing migration" logger=migrator id="Update temp_user table charset"
2022-04-30T04:26:28.071331674Z stdout F t=2022-04-30T04:26:28+0000 lvl=info msg="Executing migration" logger=migrator id="drop index IDX_temp_user_email - v1"
2022-04-30T04:26:28.077844843Z stdout F t=2022-04-30T04:26:28+0000 lvl=info msg="Executing migration" logger=migrator id="drop index IDX_temp_user_org_id - v1"
2022-04-30T04:26:28.084996101Z stdout F t=2022-04-30T04:26:28+0000 lvl=info msg="Executing migration" logger=migrator id="drop index IDX_temp_user_code - v1"
2022-04-30T04:26:28.090772266Z stdout F t=2022-04-30T04:26:28+0000 lvl=info msg="Executing migration" logger=migrator id="drop index IDX_temp_user_status - v1"
2022-04-30T04:26:28.097483981Z stdout F t=2022-04-30T04:26:28+0000 lvl=info msg="Executing migration" logger=migrator id="Rename table temp_user to temp_user_tmp_qwerty - v1"
2022-04-30T04:26:28.103866476Z stdout F t=2022-04-30T04:26:28+0000 lvl=info msg="Executing migration" logger=migrator id="create temp_user v2"
2022-04-30T04:26:28.1104948Z stdout F t=2022-04-30T04:26:28+0000 lvl=info msg="Executing migration" logger=migrator id="create index IDX_temp_user_email - v2"
2022-04-30T04:26:28.116820551Z stdout F t=2022-04-30T04:26:28+0000 lvl=info msg="Executing migration" logger=migrator id="create index IDX_temp_user_org_id - v2"
2022-04-30T04:26:28.123723205Z stdout F t=2022-04-30T04:26:28+0000 lvl=info msg="Executing migration" logger=migrator id="create index IDX_temp_user_code - v2"
2022-04-30T04:26:28.128482161Z stdout F t=2022-04-30T04:26:28+0000 lvl=info msg="Executing migration" logger=migrator id="create index IDX_temp_user_status - v2"
2022-04-30T04:26:28.135414636Z stdout F t=2022-04-30T04:26:28+0000 lvl=info msg="Executing migration" logger=migrator id="copy temp_user v1 to v2"
2022-04-30T04:26:28.140499849Z stdout F t=2022-04-30T04:26:28+0000 lvl=info msg="Executing migration" logger=migrator id="drop temp_user_tmp_qwerty"
2022-04-30T04:26:28.145524155Z stdout F t=2022-04-30T04:26:28+0000 lvl=info msg="Executing migration" logger=migrator id="Set created for temp users that will otherwise prematurely expire"
2022-04-30T04:26:28.150054707Z stdout F t=2022-04-30T04:26:28+0000 lvl=info msg="Executing migration" logger=migrator id="create star table"
2022-04-30T04:26:28.154514262Z stdout F t=2022-04-30T04:26:28+0000 lvl=info msg="Executing migration" logger=migrator id="add unique index star.user_id_dashboard_id"
2022-04-30T04:26:28.161132909Z stdout F t=2022-04-30T04:26:28+0000 lvl=info msg="Executing migration" logger=migrator id="create org table v1"
2022-04-30T04:26:28.165895391Z stdout F t=2022-04-30T04:26:28+0000 lvl=info msg="Executing migration" logger=migrator id="create index UQE_org_name - v1"
2022-04-30T04:26:28.170471021Z stdout F t=2022-04-30T04:26:28+0000 lvl=info msg="Executing migration" logger=migrator id="create org_user table v1"
2022-04-30T04:26:28.176777851Z stdout F t=2022-04-30T04:26:28+0000 lvl=info msg="Executing migration" logger=migrator id="create index IDX_org_user_org_id - v1"
2022-04-30T04:26:28.182054417Z stdout F t=2022-04-30T04:26:28+0000 lvl=info msg="Executing migration" logger=migrator id="create index UQE_org_user_org_id_user_id - v1"
2022-04-30T04:26:28.189405821Z stdout F t=2022-04-30T04:26:28+0000 lvl=info msg="Executing migration" logger=migrator id="create index IDX_org_user_user_id - v1"
2022-04-30T04:26:28.196032311Z stdout F t=2022-04-30T04:26:28+0000 lvl=info msg="Executing migration" logger=migrator id="Update org table charset"
2022-04-30T04:26:28.20326536Z stdout F t=2022-04-30T04:26:28+0000 lvl=info msg="Executing migration" logger=migrator id="Update org_user table charset"
2022-04-30T04:26:28.209314828Z stdout F t=2022-04-30T04:26:28+0000 lvl=info msg="Executing migration" logger=migrator id="Migrate all Read Only Viewers to Viewers"
2022-04-30T04:26:28.220382167Z stdout F t=2022-04-30T04:26:28+0000 lvl=info msg="Executing migration" logger=migrator id="create dashboard table"
2022-04-30T04:26:28.226685766Z stdout F t=2022-04-30T04:26:28+0000 lvl=info msg="Executing migration" logger=migrator id="add index dashboard.account_id"
2022-04-30T04:26:28.233088108Z stdout F t=2022-04-30T04:26:28+0000 lvl=info msg="Executing migration" logger=migrator id="add unique index dashboard_account_id_slug"
2022-04-30T04:26:28.239982844Z stdout F t=2022-04-30T04:26:28+0000 lvl=info msg="Executing migration" logger=migrator id="create dashboard_tag table"
2022-04-30T04:26:28.246113105Z stdout F t=2022-04-30T04:26:28+0000 lvl=info msg="Executing migration" logger=migrator id="add unique index dashboard_tag.dasboard_id_term"
2022-04-30T04:26:28.271730557Z stdout F t=2022-04-30T04:26:28+0000 lvl=info msg="Executing migration" logger=migrator id="drop index UQE_dashboard_tag_dashboard_id_term - v1"
2022-04-30T04:26:28.278113737Z stdout F t=2022-04-30T04:26:28+0000 lvl=info msg="Executing migration" logger=migrator id="Rename table dashboard to dashboard_v1 - v1"
2022-04-30T04:26:28.286808056Z stdout F t=2022-04-30T04:26:28+0000 lvl=info msg="Executing migration" logger=migrator id="create dashboard v2"
2022-04-30T04:26:28.291951895Z stdout F t=2022-04-30T04:26:28+0000 lvl=info msg="Executing migration" logger=migrator id="create index IDX_dashboard_org_id - v2"
2022-04-30T04:26:28.30243618Z stdout F t=2022-04-30T04:26:28+0000 lvl=info msg="Executing migration" logger=migrator id="create index UQE_dashboard_org_id_slug - v2"
2022-04-30T04:26:28.309690682Z stdout F t=2022-04-30T04:26:28+0000 lvl=info msg="Executing migration" logger=migrator id="copy dashboard v1 to v2"
2022-04-30T04:26:28.314934502Z stdout F t=2022-04-30T04:26:28+0000 lvl=info msg="Executing migration" logger=migrator id="drop table dashboard_v1"
2022-04-30T04:26:28.322760228Z stdout F t=2022-04-30T04:26:28+0000 lvl=info msg="Executing migration" logger=migrator id="alter dashboard.data to mediumtext v1"
2022-04-30T04:26:28.329932579Z stdout F t=2022-04-30T04:26:28+0000 lvl=info msg="Executing migration" logger=migrator id="Add column updated_by in dashboard - v2"
2022-04-30T04:26:28.338848691Z stdout F t=2022-04-30T04:26:28+0000 lvl=info msg="Executing migration" logger=migrator id="Add column created_by in dashboard - v2"
2022-04-30T04:26:28.345596993Z stdout F t=2022-04-30T04:26:28+0000 lvl=info msg="Executing migration" logger=migrator id="Add column gnetId in dashboard"
2022-04-30T04:26:28.351839263Z stdout F t=2022-04-30T04:26:28+0000 lvl=info msg="Executing migration" logger=migrator id="Add index for gnetId in dashboard"
2022-04-30T04:26:28.357492636Z stdout F t=2022-04-30T04:26:28+0000 lvl=info msg="Executing migration" logger=migrator id="Add column plugin_id in dashboard"
2022-04-30T04:26:28.364934769Z stdout F t=2022-04-30T04:26:28+0000 lvl=info msg="Executing migration" logger=migrator id="Add index for plugin_id in dashboard"
2022-04-30T04:26:28.371794074Z stdout F t=2022-04-30T04:26:28+0000 lvl=info msg="Executing migration" logger=migrator id="Add index for dashboard_id in dashboard_tag"
2022-04-30T04:26:28.38104712Z stdout F t=2022-04-30T04:26:28+0000 lvl=info msg="Executing migration" logger=migrator id="Update dashboard table charset"
2022-04-30T04:26:28.387479375Z stdout F t=2022-04-30T04:26:28+0000 lvl=info msg="Executing migration" logger=migrator id="Update dashboard_tag table charset"
2022-04-30T04:26:28.404370474Z stdout F t=2022-04-30T04:26:28+0000 lvl=info msg="Executing migration" logger=migrator id="Add column folder_id in dashboard"
2022-04-30T04:26:28.414160599Z stdout F t=2022-04-30T04:26:28+0000 lvl=info msg="Executing migration" logger=migrator id="Add column isFolder in dashboard"
2022-04-30T04:26:28.427158016Z stdout F t=2022-04-30T04:26:28+0000 lvl=info msg="Executing migration" logger=migrator id="Add column has_acl in dashboard"
2022-04-30T04:26:28.435785614Z stdout F t=2022-04-30T04:26:28+0000 lvl=info msg="Executing migration" logger=migrator id="Add column uid in dashboard"
2022-04-30T04:26:28.442813309Z stdout F t=2022-04-30T04:26:28+0000 lvl=info msg="Executing migration" logger=migrator id="Update uid column values in dashboard"
2022-04-30T04:26:28.448930563Z stdout F t=2022-04-30T04:26:28+0000 lvl=info msg="Executing migration" logger=migrator id="Add unique index dashboard_org_id_uid"
2022-04-30T04:26:28.455430837Z stdout F t=2022-04-30T04:26:28+0000 lvl=info msg="Executing migration" logger=migrator id="Remove unique index org_id_slug"
2022-04-30T04:26:28.461276135Z stdout F t=2022-04-30T04:26:28+0000 lvl=info msg="Executing migration" logger=migrator id="Update dashboard title length"
2022-04-30T04:26:28.466254889Z stdout F t=2022-04-30T04:26:28+0000 lvl=info msg="Executing migration" logger=migrator id="Add unique index for dashboard_org_id_title_folder_id"
2022-04-30T04:26:28.471909117Z stdout F t=2022-04-30T04:26:28+0000 lvl=info msg="Executing migration" logger=migrator id="create dashboard_provisioning"
2022-04-30T04:26:28.478359733Z stdout F t=2022-04-30T04:26:28+0000 lvl=info msg="Executing migration" logger=migrator id="Rename table dashboard_provisioning to dashboard_provisioning_tmp_qwerty - v1"
2022-04-30T04:26:28.485820292Z stdout F t=2022-04-30T04:26:28+0000 lvl=info msg="Executing migration" logger=migrator id="create dashboard_provisioning v2"
2022-04-30T04:26:28.490942016Z stdout F t=2022-04-30T04:26:28+0000 lvl=info msg="Executing migration" logger=migrator id="create index IDX_dashboard_provisioning_dashboard_id - v2"
2022-04-30T04:26:28.497745352Z stdout F t=2022-04-30T04:26:28+0000 lvl=info msg="Executing migration" logger=migrator id="create index IDX_dashboard_provisioning_dashboard_id_name - v2"
2022-04-30T04:26:28.503160878Z stdout F t=2022-04-30T04:26:28+0000 lvl=info msg="Executing migration" logger=migrator id="copy dashboard_provisioning v1 to v2"
2022-04-30T04:26:28.507690846Z stdout F t=2022-04-30T04:26:28+0000 lvl=info msg="Executing migration" logger=migrator id="drop dashboard_provisioning_tmp_qwerty"
2022-04-30T04:26:28.512857357Z stdout F t=2022-04-30T04:26:28+0000 lvl=info msg="Executing migration" logger=migrator id="Add check_sum column"
2022-04-30T04:26:28.523578523Z stdout F t=2022-04-30T04:26:28+0000 lvl=info msg="Executing migration" logger=migrator id="Add index for dashboard_title"
2022-04-30T04:26:28.528709411Z stdout F t=2022-04-30T04:26:28+0000 lvl=info msg="Executing migration" logger=migrator id="delete tags for deleted dashboards"
2022-04-30T04:26:28.534108417Z stdout F t=2022-04-30T04:26:28+0000 lvl=info msg="Executing migration" logger=migrator id="delete stars for deleted dashboards"
2022-04-30T04:26:28.540736274Z stdout F t=2022-04-30T04:26:28+0000 lvl=info msg="Executing migration" logger=migrator id="Add index for dashboard_is_folder"
2022-04-30T04:26:28.546541357Z stdout F t=2022-04-30T04:26:28+0000 lvl=info msg="Executing migration" logger=migrator id="create data_source table"
2022-04-30T04:26:28.552487942Z stdout F t=2022-04-30T04:26:28+0000 lvl=info msg="Executing migration" logger=migrator id="add index data_source.account_id"
2022-04-30T04:26:28.558494955Z stdout F t=2022-04-30T04:26:28+0000 lvl=info msg="Executing migration" logger=migrator id="add unique index data_source.account_id_name"
2022-04-30T04:26:28.564850557Z stdout F t=2022-04-30T04:26:28+0000 lvl=info msg="Executing migration" logger=migrator id="drop index IDX_data_source_account_id - v1"
2022-04-30T04:26:28.569359242Z stdout F t=2022-04-30T04:26:28+0000 lvl=info msg="Executing migration" logger=migrator id="drop index UQE_data_source_account_id_name - v1"
2022-04-30T04:26:28.579817928Z stdout F t=2022-04-30T04:26:28+0000 lvl=info msg="Executing migration" logger=migrator id="Rename table data_source to data_source_v1 - v1"
2022-04-30T04:26:28.593534218Z stdout F t=2022-04-30T04:26:28+0000 lvl=info msg="Executing migration" logger=migrator id="create data_source table v2"
2022-04-30T04:26:28.601855329Z stdout F t=2022-04-30T04:26:28+0000 lvl=info msg="Executing migration" logger=migrator id="create index IDX_data_source_org_id - v2"
2022-04-30T04:26:28.607495867Z stdout F t=2022-04-30T04:26:28+0000 lvl=info msg="Executing migration" logger=migrator id="create index UQE_data_source_org_id_name - v2"
2022-04-30T04:26:28.613988135Z stdout F t=2022-04-30T04:26:28+0000 lvl=info msg="Executing migration" logger=migrator id="copy data_source v1 to v2"
2022-04-30T04:26:28.620357829Z stdout F t=2022-04-30T04:26:28+0000 lvl=info msg="Executing migration" logger=migrator id="Drop old table data_source_v1 #2"
2022-04-30T04:26:28.626109085Z stdout F t=2022-04-30T04:26:28+0000 lvl=info msg="Executing migration" logger=migrator id="Add column with_credentials"
2022-04-30T04:26:28.632490619Z stdout F t=2022-04-30T04:26:28+0000 lvl=info msg="Executing migration" logger=migrator id="Add secure json data column"
2022-04-30T04:26:28.637697835Z stdout F t=2022-04-30T04:26:28+0000 lvl=info msg="Executing migration" logger=migrator id="Update data_source table charset"
2022-04-30T04:26:28.642034926Z stdout F t=2022-04-30T04:26:28+0000 lvl=info msg="Executing migration" logger=migrator id="Update initial version to 1"
2022-04-30T04:26:28.646715107Z stdout F t=2022-04-30T04:26:28+0000 lvl=info msg="Executing migration" logger=migrator id="Add read_only data column"
2022-04-30T04:26:28.651745247Z stdout F t=2022-04-30T04:26:28+0000 lvl=info msg="Executing migration" logger=migrator id="Migrate logging ds to loki ds"
2022-04-30T04:26:28.656561651Z stdout F t=2022-04-30T04:26:28+0000 lvl=info msg="Executing migration" logger=migrator id="Update json_data with nulls"
2022-04-30T04:26:28.661439301Z stdout F t=2022-04-30T04:26:28+0000 lvl=info msg="Executing migration" logger=migrator id="Add uid column"
2022-04-30T04:26:28.666855643Z stdout F t=2022-04-30T04:26:28+0000 lvl=info msg="Executing migration" logger=migrator id="Update uid value"
2022-04-30T04:26:28.68385704Z stdout F t=2022-04-30T04:26:28+0000 lvl=info msg="Executing migration" logger=migrator id="Add unique index datasource_org_id_uid"
2022-04-30T04:26:28.736874332Z stdout F t=2022-04-30T04:26:28+0000 lvl=info msg="Executing migration" logger=migrator id="add unique index datasource_org_id_is_default"
2022-04-30T04:26:28.761254299Z stdout F t=2022-04-30T04:26:28+0000 lvl=info msg="Executing migration" logger=migrator id="create api_key table"
2022-04-30T04:26:28.773771623Z stdout F t=2022-04-30T04:26:28+0000 lvl=info msg="Executing migration" logger=migrator id="add index api_key.account_id"
2022-04-30T04:26:28.780729062Z stdout F t=2022-04-30T04:26:28+0000 lvl=info msg="Executing migration" logger=migrator id="add index api_key.key"
2022-04-30T04:26:28.790525062Z stdout F t=2022-04-30T04:26:28+0000 lvl=info msg="Executing migration" logger=migrator id="add index api_key.account_id_name"
2022-04-30T04:26:28.795916986Z stdout F t=2022-04-30T04:26:28+0000 lvl=info msg="Executing migration" logger=migrator id="drop index IDX_api_key_account_id - v1"
2022-04-30T04:26:28.801446411Z stdout F t=2022-04-30T04:26:28+0000 lvl=info msg="Executing migration" logger=migrator id="drop index UQE_api_key_key - v1"
2022-04-30T04:26:28.811071286Z stdout F t=2022-04-30T04:26:28+0000 lvl=info msg="Executing migration" logger=migrator id="drop index UQE_api_key_account_id_name - v1"
2022-04-30T04:26:28.81941619Z stdout F t=2022-04-30T04:26:28+0000 lvl=info msg="Executing migration" logger=migrator id="Rename table api_key to api_key_v1 - v1"
2022-04-30T04:26:28.828070113Z stdout F t=2022-04-30T04:26:28+0000 lvl=info msg="Executing migration" logger=migrator id="create api_key table v2"
2022-04-30T04:26:28.836082257Z stdout F t=2022-04-30T04:26:28+0000 lvl=info msg="Executing migration" logger=migrator id="create index IDX_api_key_org_id - v2"
2022-04-30T04:26:28.844714554Z stdout F t=2022-04-30T04:26:28+0000 lvl=info msg="Executing migration" logger=migrator id="create index UQE_api_key_key - v2"
2022-04-30T04:26:28.850868876Z stdout F t=2022-04-30T04:26:28+0000 lvl=info msg="Executing migration" logger=migrator id="create index UQE_api_key_org_id_name - v2"
2022-04-30T04:26:28.85719138Z stdout F t=2022-04-30T04:26:28+0000 lvl=info msg="Executing migration" logger=migrator id="copy api_key v1 to v2"
2022-04-30T04:26:28.862976734Z stdout F t=2022-04-30T04:26:28+0000 lvl=info msg="Executing migration" logger=migrator id="Drop old table api_key_v1"
2022-04-30T04:26:28.871029979Z stdout F t=2022-04-30T04:26:28+0000 lvl=info msg="Executing migration" logger=migrator id="Update api_key table charset"
2022-04-30T04:26:28.877944773Z stdout F t=2022-04-30T04:26:28+0000 lvl=info msg="Executing migration" logger=migrator id="Add expires to api_key table"
2022-04-30T04:26:28.884076222Z stdout F t=2022-04-30T04:26:28+0000 lvl=info msg="Executing migration" logger=migrator id="Add service account foreign key"
2022-04-30T04:26:28.892370794Z stdout F t=2022-04-30T04:26:28+0000 lvl=info msg="Executing migration" logger=migrator id="create dashboard_snapshot table v4"
2022-04-30T04:26:28.901422595Z stdout F t=2022-04-30T04:26:28+0000 lvl=info msg="Executing migration" logger=migrator id="drop table dashboard_snapshot_v4 #1"
2022-04-30T04:26:28.907533747Z stdout F t=2022-04-30T04:26:28+0000 lvl=info msg="Executing migration" logger=migrator id="create dashboard_snapshot table v5 #2"
2022-04-30T04:26:28.913091848Z stdout F t=2022-04-30T04:26:28+0000 lvl=info msg="Executing migration" logger=migrator id="create index UQE_dashboard_snapshot_key - v5"
2022-04-30T04:26:28.919923903Z stdout F t=2022-04-30T04:26:28+0000 lvl=info msg="Executing migration" logger=migrator id="create index UQE_dashboard_snapshot_delete_key - v5"
2022-04-30T04:26:28.928095482Z stdout F t=2022-04-30T04:26:28+0000 lvl=info msg="Executing migration" logger=migrator id="create index IDX_dashboard_snapshot_user_id - v5"
2022-04-30T04:26:28.935075151Z stdout F t=2022-04-30T04:26:28+0000 lvl=info msg="Executing migration" logger=migrator id="alter dashboard_snapshot to mediumtext v2"
2022-04-30T04:26:28.9408842Z stdout F t=2022-04-30T04:26:28+0000 lvl=info msg="Executing migration" logger=migrator id="Update dashboard_snapshot table charset"
2022-04-30T04:26:28.946334475Z stdout F t=2022-04-30T04:26:28+0000 lvl=info msg="Executing migration" logger=migrator id="Add column external_delete_url to dashboard_snapshots table"
2022-04-30T04:26:28.95223777Z stdout F t=2022-04-30T04:26:28+0000 lvl=info msg="Executing migration" logger=migrator id="Add encrypted dashboard json column"
2022-04-30T04:26:28.958797899Z stdout F t=2022-04-30T04:26:28+0000 lvl=info msg="Executing migration" logger=migrator id="Change dashboard_encrypted column to MEDIUMBLOB"
2022-04-30T04:26:28.963972108Z stdout F t=2022-04-30T04:26:28+0000 lvl=info msg="Executing migration" logger=migrator id="create quota table v1"
2022-04-30T04:26:28.968950041Z stdout F t=2022-04-30T04:26:28+0000 lvl=info msg="Executing migration" logger=migrator id="create index UQE_quota_org_id_user_id_target - v1"
2022-04-30T04:26:28.974764962Z stdout F t=2022-04-30T04:26:28+0000 lvl=info msg="Executing migration" logger=migrator id="Update quota table charset"
2022-04-30T04:26:28.980149996Z stdout F t=2022-04-30T04:26:28+0000 lvl=info msg="Executing migration" logger=migrator id="create plugin_setting table"
2022-04-30T04:26:28.99142937Z stdout F t=2022-04-30T04:26:28+0000 lvl=info msg="Executing migration" logger=migrator id="create index UQE_plugin_setting_org_id_plugin_id - v1"
2022-04-30T04:26:29.00087781Z stdout F t=2022-04-30T04:26:29+0000 lvl=info msg="Executing migration" logger=migrator id="Add column plugin_version to plugin_settings"
2022-04-30T04:26:29.00826443Z stdout F t=2022-04-30T04:26:29+0000 lvl=info msg="Executing migration" logger=migrator id="Update plugin_setting table charset"
2022-04-30T04:26:29.013473902Z stdout F t=2022-04-30T04:26:29+0000 lvl=info msg="Executing migration" logger=migrator id="create session table"
2022-04-30T04:26:29.024338931Z stdout F t=2022-04-30T04:26:29+0000 lvl=info msg="Executing migration" logger=migrator id="Drop old table playlist table"
2022-04-30T04:26:29.030014728Z stdout F t=2022-04-30T04:26:29+0000 lvl=info msg="Executing migration" logger=migrator id="Drop old table playlist_item table"
2022-04-30T04:26:29.034584299Z stdout F t=2022-04-30T04:26:29+0000 lvl=info msg="Executing migration" logger=migrator id="create playlist table v2"
2022-04-30T04:26:29.041938584Z stdout F t=2022-04-30T04:26:29+0000 lvl=info msg="Executing migration" logger=migrator id="create playlist item table v2"
2022-04-30T04:26:29.052410264Z stdout F t=2022-04-30T04:26:29+0000 lvl=info msg="Executing migration" logger=migrator id="Update playlist table charset"
2022-04-30T04:26:29.060758678Z stdout F t=2022-04-30T04:26:29+0000 lvl=info msg="Executing migration" logger=migrator id="Update playlist_item table charset"
2022-04-30T04:26:29.070945658Z stdout F t=2022-04-30T04:26:29+0000 lvl=info msg="Executing migration" logger=migrator id="drop preferences table v2"
2022-04-30T04:26:29.080227077Z stdout F t=2022-04-30T04:26:29+0000 lvl=info msg="Executing migration" logger=migrator id="drop preferences table v3"
2022-04-30T04:26:29.09218095Z stdout F t=2022-04-30T04:26:29+0000 lvl=info msg="Executing migration" logger=migrator id="create preferences table v3"
2022-04-30T04:26:29.104024986Z stdout F t=2022-04-30T04:26:29+0000 lvl=info msg="Executing migration" logger=migrator id="Update preferences table charset"
2022-04-30T04:26:29.112768207Z stdout F t=2022-04-30T04:26:29+0000 lvl=info msg="Executing migration" logger=migrator id="Add column team_id in preferences"
2022-04-30T04:26:29.126244327Z stdout F t=2022-04-30T04:26:29+0000 lvl=info msg="Executing migration" logger=migrator id="Update team_id column values in preferences"
2022-04-30T04:26:29.13440852Z stdout F t=2022-04-30T04:26:29+0000 lvl=info msg="Executing migration" logger=migrator id="Add column week_start in preferences"
2022-04-30T04:26:29.146907805Z stdout F t=2022-04-30T04:26:29+0000 lvl=info msg="Executing migration" logger=migrator id="create alert table v1"
2022-04-30T04:26:29.158022821Z stdout F t=2022-04-30T04:26:29+0000 lvl=info msg="Executing migration" logger=migrator id="add index alert org_id & id "
2022-04-30T04:26:29.169212688Z stdout F t=2022-04-30T04:26:29+0000 lvl=info msg="Executing migration" logger=migrator id="add index alert state"
2022-04-30T04:26:29.176559687Z stdout F t=2022-04-30T04:26:29+0000 lvl=info msg="Executing migration" logger=migrator id="add index alert dashboard_id"
2022-04-30T04:26:29.186861496Z stdout F t=2022-04-30T04:26:29+0000 lvl=info msg="Executing migration" logger=migrator id="Create alert_rule_tag table v1"
2022-04-30T04:26:29.193321585Z stdout F t=2022-04-30T04:26:29+0000 lvl=info msg="Executing migration" logger=migrator id="Add unique index alert_rule_tag.alert_id_tag_id"
2022-04-30T04:26:29.199464054Z stdout F t=2022-04-30T04:26:29+0000 lvl=info msg="Executing migration" logger=migrator id="drop index UQE_alert_rule_tag_alert_id_tag_id - v1"
2022-04-30T04:26:29.205134221Z stdout F t=2022-04-30T04:26:29+0000 lvl=info msg="Executing migration" logger=migrator id="Rename table alert_rule_tag to alert_rule_tag_v1 - v1"
2022-04-30T04:26:29.214904181Z stdout F t=2022-04-30T04:26:29+0000 lvl=info msg="Executing migration" logger=migrator id="Create alert_rule_tag table v2"
2022-04-30T04:26:29.231912035Z stdout F t=2022-04-30T04:26:29+0000 lvl=info msg="Executing migration" logger=migrator id="create index UQE_alert_rule_tag_alert_id_tag_id - Add unique index alert_rule_tag.alert_id_tag_id V2"
2022-04-30T04:26:29.241486795Z stdout F t=2022-04-30T04:26:29+0000 lvl=info msg="Executing migration" logger=migrator id="copy alert_rule_tag v1 to v2"
2022-04-30T04:26:29.252722698Z stdout F t=2022-04-30T04:26:29+0000 lvl=info msg="Executing migration" logger=migrator id="drop table alert_rule_tag_v1"
2022-04-30T04:26:29.259755595Z stdout F t=2022-04-30T04:26:29+0000 lvl=info msg="Executing migration" logger=migrator id="create alert_notification table v1"
2022-04-30T04:26:29.266679332Z stdout F t=2022-04-30T04:26:29+0000 lvl=info msg="Executing migration" logger=migrator id="Add column is_default"
2022-04-30T04:26:29.273850464Z stdout F t=2022-04-30T04:26:29+0000 lvl=info msg="Executing migration" logger=migrator id="Add column frequency"
2022-04-30T04:26:29.291427059Z stdout F t=2022-04-30T04:26:29+0000 lvl=info msg="Executing migration" logger=migrator id="Add column send_reminder"
2022-04-30T04:26:29.307767219Z stdout F t=2022-04-30T04:26:29+0000 lvl=info msg="Executing migration" logger=migrator id="Add column disable_resolve_message"
2022-04-30T04:26:29.317790689Z stdout F t=2022-04-30T04:26:29+0000 lvl=info msg="Executing migration" logger=migrator id="add index alert_notification org_id & name"
2022-04-30T04:26:29.339561847Z stdout F t=2022-04-30T04:26:29+0000 lvl=info msg="Executing migration" logger=migrator id="Update alert table charset"
2022-04-30T04:26:29.345721002Z stdout F t=2022-04-30T04:26:29+0000 lvl=info msg="Executing migration" logger=migrator id="Update alert_notification table charset"
2022-04-30T04:26:29.354478546Z stdout F t=2022-04-30T04:26:29+0000 lvl=info msg="Executing migration" logger=migrator id="create notification_journal table v1"
2022-04-30T04:26:29.365904288Z stdout F t=2022-04-30T04:26:29+0000 lvl=info msg="Executing migration" logger=migrator id="add index notification_journal org_id & alert_id & notifier_id"
2022-04-30T04:26:29.380289609Z stdout F t=2022-04-30T04:26:29+0000 lvl=info msg="Executing migration" logger=migrator id="drop alert_notification_journal"
2022-04-30T04:26:29.391752419Z stdout F t=2022-04-30T04:26:29+0000 lvl=info msg="Executing migration" logger=migrator id="create alert_notification_state table v1"
2022-04-30T04:26:29.403257271Z stdout F t=2022-04-30T04:26:29+0000 lvl=info msg="Executing migration" logger=migrator id="add index alert_notification_state org_id & alert_id & notifier_id"
2022-04-30T04:26:29.417215091Z stdout F t=2022-04-30T04:26:29+0000 lvl=info msg="Executing migration" logger=migrator id="Add for to alert table"
2022-04-30T04:26:29.422621906Z stdout F t=2022-04-30T04:26:29+0000 lvl=info msg="Executing migration" logger=migrator id="Add column uid in alert_notification"
2022-04-30T04:26:29.433036735Z stdout F t=2022-04-30T04:26:29+0000 lvl=info msg="Executing migration" logger=migrator id="Update uid column values in alert_notification"
2022-04-30T04:26:29.438375264Z stdout F t=2022-04-30T04:26:29+0000 lvl=info msg="Executing migration" logger=migrator id="Add unique index alert_notification_org_id_uid"
2022-04-30T04:26:29.445060918Z stdout F t=2022-04-30T04:26:29+0000 lvl=info msg="Executing migration" logger=migrator id="Remove unique index org_id_name"
2022-04-30T04:26:29.451593075Z stdout F t=2022-04-30T04:26:29+0000 lvl=info msg="Executing migration" logger=migrator id="Add column secure_settings in alert_notification"
2022-04-30T04:26:29.46949858Z stdout F t=2022-04-30T04:26:29+0000 lvl=info msg="Executing migration" logger=migrator id="alter alert.settings to mediumtext"
2022-04-30T04:26:29.469536142Z stdout F t=2022-04-30T04:26:29+0000 lvl=info msg="Executing migration" logger=migrator id="Add non-unique index alert_notification_state_alert_id"
2022-04-30T04:26:29.480831158Z stdout F t=2022-04-30T04:26:29+0000 lvl=info msg="Executing migration" logger=migrator id="Add non-unique index alert_rule_tag_alert_id"
2022-04-30T04:26:29.490551121Z stdout F t=2022-04-30T04:26:29+0000 lvl=info msg="Executing migration" logger=migrator id="Drop old annotation table v4"
2022-04-30T04:26:29.496845745Z stdout F t=2022-04-30T04:26:29+0000 lvl=info msg="Executing migration" logger=migrator id="create annotation table v5"
2022-04-30T04:26:29.504414271Z stdout F t=2022-04-30T04:26:29+0000 lvl=info msg="Executing migration" logger=migrator id="add index annotation 0 v3"
2022-04-30T04:26:29.513377565Z stdout F t=2022-04-30T04:26:29+0000 lvl=info msg="Executing migration" logger=migrator id="add index annotation 1 v3"
2022-04-30T04:26:29.52051582Z stdout F t=2022-04-30T04:26:29+0000 lvl=info msg="Executing migration" logger=migrator id="add index annotation 2 v3"
2022-04-30T04:26:29.534046264Z stdout F t=2022-04-30T04:26:29+0000 lvl=info msg="Executing migration" logger=migrator id="add index annotation 3 v3"
2022-04-30T04:26:29.557317835Z stdout F t=2022-04-30T04:26:29+0000 lvl=info msg="Executing migration" logger=migrator id="add index annotation 4 v3"
2022-04-30T04:26:29.568694368Z stdout F t=2022-04-30T04:26:29+0000 lvl=info msg="Executing migration" logger=migrator id="Update annotation table charset"
2022-04-30T04:26:29.589578064Z stdout F t=2022-04-30T04:26:29+0000 lvl=info msg="Executing migration" logger=migrator id="Add column region_id to annotation table"
2022-04-30T04:26:29.589704437Z stdout F t=2022-04-30T04:26:29+0000 lvl=info msg="Executing migration" logger=migrator id="Drop category_id index"
2022-04-30T04:26:29.601933959Z stdout F t=2022-04-30T04:26:29+0000 lvl=info msg="Executing migration" logger=migrator id="Add column tags to annotation table"
2022-04-30T04:26:29.613870981Z stdout F t=2022-04-30T04:26:29+0000 lvl=info msg="Executing migration" logger=migrator id="Create annotation_tag table v2"
2022-04-30T04:26:29.624333606Z stdout F t=2022-04-30T04:26:29+0000 lvl=info msg="Executing migration" logger=migrator id="Add unique index annotation_tag.annotation_id_tag_id"
2022-04-30T04:26:29.634532223Z stdout F t=2022-04-30T04:26:29+0000 lvl=info msg="Executing migration" logger=migrator id="drop index UQE_annotation_tag_annotation_id_tag_id - v2"
2022-04-30T04:26:29.647420128Z stdout F t=2022-04-30T04:26:29+0000 lvl=info msg="Executing migration" logger=migrator id="Rename table annotation_tag to annotation_tag_v2 - v2"
2022-04-30T04:26:29.665946976Z stdout F t=2022-04-30T04:26:29+0000 lvl=info msg="Executing migration" logger=migrator id="Create annotation_tag table v3"
2022-04-30T04:26:29.677319023Z stdout F t=2022-04-30T04:26:29+0000 lvl=info msg="Executing migration" logger=migrator id="create index UQE_annotation_tag_annotation_id_tag_id - Add unique index annotation_tag.annotation_id_tag_id V3"
2022-04-30T04:26:29.688377452Z stdout F t=2022-04-30T04:26:29+0000 lvl=info msg="Executing migration" logger=migrator id="copy annotation_tag v2 to v3"
2022-04-30T04:26:29.699430404Z stdout F t=2022-04-30T04:26:29+0000 lvl=info msg="Executing migration" logger=migrator id="drop table annotation_tag_v2"
2022-04-30T04:26:29.70944627Z stdout F t=2022-04-30T04:26:29+0000 lvl=info msg="Executing migration" logger=migrator id="Update alert annotations and set TEXT to empty"
2022-04-30T04:26:29.720378609Z stdout F t=2022-04-30T04:26:29+0000 lvl=info msg="Executing migration" logger=migrator id="Add created time to annotation table"
2022-04-30T04:26:29.731129899Z stdout F t=2022-04-30T04:26:29+0000 lvl=info msg="Executing migration" logger=migrator id="Add updated time to annotation table"
2022-04-30T04:26:29.743059163Z stdout F t=2022-04-30T04:26:29+0000 lvl=info msg="Executing migration" logger=migrator id="Add index for created in annotation table"
2022-04-30T04:26:29.753685672Z stdout F t=2022-04-30T04:26:29+0000 lvl=info msg="Executing migration" logger=migrator id="Add index for updated in annotation table"
2022-04-30T04:26:29.767350724Z stdout F t=2022-04-30T04:26:29+0000 lvl=info msg="Executing migration" logger=migrator id="Convert existing annotations from seconds to milliseconds"
2022-04-30T04:26:29.777968439Z stdout F t=2022-04-30T04:26:29+0000 lvl=info msg="Executing migration" logger=migrator id="Add epoch_end column"
2022-04-30T04:26:29.792526448Z stdout F t=2022-04-30T04:26:29+0000 lvl=info msg="Executing migration" logger=migrator id="Add index for epoch_end"
2022-04-30T04:26:29.815891012Z stdout F t=2022-04-30T04:26:29+0000 lvl=info msg="Executing migration" logger=migrator id="Make epoch_end the same as epoch"
2022-04-30T04:26:29.829726981Z stdout F t=2022-04-30T04:26:29+0000 lvl=info msg="Executing migration" logger=migrator id="Move region to single row"
2022-04-30T04:26:29.839525442Z stdout F t=2022-04-30T04:26:29+0000 lvl=info msg="Executing migration" logger=migrator id="Remove index org_id_epoch from annotation table"
2022-04-30T04:26:29.850169107Z stdout F t=2022-04-30T04:26:29+0000 lvl=info msg="Executing migration" logger=migrator id="Remove index org_id_dashboard_id_panel_id_epoch from annotation table"
2022-04-30T04:26:29.859256732Z stdout F t=2022-04-30T04:26:29+0000 lvl=info msg="Executing migration" logger=migrator id="Add index for org_id_dashboard_id_epoch_end_epoch on annotation table"
2022-04-30T04:26:29.882217029Z stdout F t=2022-04-30T04:26:29+0000 lvl=info msg="Executing migration" logger=migrator id="Add index for org_id_epoch_end_epoch on annotation table"
2022-04-30T04:26:29.899283105Z stdout F t=2022-04-30T04:26:29+0000 lvl=info msg="Executing migration" logger=migrator id="Remove index org_id_epoch_epoch_end from annotation table"
2022-04-30T04:26:29.910319544Z stdout F t=2022-04-30T04:26:29+0000 lvl=info msg="Executing migration" logger=migrator id="Add index for alert_id on annotation table"
2022-04-30T04:26:29.923893039Z stdout F t=2022-04-30T04:26:29+0000 lvl=info msg="Executing migration" logger=migrator id="create test_data table"
2022-04-30T04:26:29.936319024Z stdout F t=2022-04-30T04:26:29+0000 lvl=info msg="Executing migration" logger=migrator id="create dashboard_version table v1"
2022-04-30T04:26:29.949883921Z stdout F t=2022-04-30T04:26:29+0000 lvl=info msg="Executing migration" logger=migrator id="add index dashboard_version.dashboard_id"
2022-04-30T04:26:29.959984279Z stdout F t=2022-04-30T04:26:29+0000 lvl=info msg="Executing migration" logger=migrator id="add unique index dashboard_version.dashboard_id and dashboard_version.version"
2022-04-30T04:26:29.971133009Z stdout F t=2022-04-30T04:26:29+0000 lvl=info msg="Executing migration" logger=migrator id="Set dashboard version to 1 where 0"
2022-04-30T04:26:29.979624793Z stdout F t=2022-04-30T04:26:29+0000 lvl=info msg="Executing migration" logger=migrator id="save existing dashboard data in dashboard_version table v1"
2022-04-30T04:26:29.989826618Z stdout F t=2022-04-30T04:26:29+0000 lvl=info msg="Executing migration" logger=migrator id="alter dashboard_version.data to mediumtext v1"
2022-04-30T04:26:29.998413699Z stdout F t=2022-04-30T04:26:29+0000 lvl=info msg="Executing migration" logger=migrator id="create team table"
2022-04-30T04:26:30.008719276Z stdout F t=2022-04-30T04:26:30+0000 lvl=info msg="Executing migration" logger=migrator id="add index team.org_id"
2022-04-30T04:26:30.017996598Z stdout F t=2022-04-30T04:26:30+0000 lvl=info msg="Executing migration" logger=migrator id="add unique index team_org_id_name"
2022-04-30T04:26:30.030176114Z stdout F t=2022-04-30T04:26:30+0000 lvl=info msg="Executing migration" logger=migrator id="create team member table"
2022-04-30T04:26:30.041803722Z stdout F t=2022-04-30T04:26:30+0000 lvl=info msg="Executing migration" logger=migrator id="add index team_member.org_id"
2022-04-30T04:26:30.052231195Z stdout F t=2022-04-30T04:26:30+0000 lvl=info msg="Executing migration" logger=migrator id="add unique index team_member_org_id_team_id_user_id"
2022-04-30T04:26:30.064235848Z stdout F t=2022-04-30T04:26:30+0000 lvl=info msg="Executing migration" logger=migrator id="add index team_member.team_id"
2022-04-30T04:26:30.07356392Z stdout F t=2022-04-30T04:26:30+0000 lvl=info msg="Executing migration" logger=migrator id="Add column email to team table"
2022-04-30T04:26:30.082456455Z stdout F t=2022-04-30T04:26:30+0000 lvl=info msg="Executing migration" logger=migrator id="Add column external to team_member table"
2022-04-30T04:26:30.092648254Z stdout F t=2022-04-30T04:26:30+0000 lvl=info msg="Executing migration" logger=migrator id="Add column permission to team_member table"
2022-04-30T04:26:30.102565815Z stdout F t=2022-04-30T04:26:30+0000 lvl=info msg="Executing migration" logger=migrator id="create dashboard acl table"
2022-04-30T04:26:30.113684488Z stdout F t=2022-04-30T04:26:30+0000 lvl=info msg="Executing migration" logger=migrator id="add index dashboard_acl_dashboard_id"
2022-04-30T04:26:30.125658195Z stdout F t=2022-04-30T04:26:30+0000 lvl=info msg="Executing migration" logger=migrator id="add unique index dashboard_acl_dashboard_id_user_id"
2022-04-30T04:26:30.133056215Z stdout F t=2022-04-30T04:26:30+0000 lvl=info msg="Executing migration" logger=migrator id="add unique index dashboard_acl_dashboard_id_team_id"
2022-04-30T04:26:30.143578702Z stdout F t=2022-04-30T04:26:30+0000 lvl=info msg="Executing migration" logger=migrator id="add index dashboard_acl_user_id"
2022-04-30T04:26:30.153432959Z stdout F t=2022-04-30T04:26:30+0000 lvl=info msg="Executing migration" logger=migrator id="add index dashboard_acl_team_id"
2022-04-30T04:26:30.16405389Z stdout F t=2022-04-30T04:26:30+0000 lvl=info msg="Executing migration" logger=migrator id="add index dashboard_acl_org_id_role"
2022-04-30T04:26:30.174686405Z stdout F t=2022-04-30T04:26:30+0000 lvl=info msg="Executing migration" logger=migrator id="add index dashboard_permission"
2022-04-30T04:26:30.185592001Z stdout F t=2022-04-30T04:26:30+0000 lvl=info msg="Executing migration" logger=migrator id="save default acl rules in dashboard_acl table"
2022-04-30T04:26:30.209309208Z stdout F t=2022-04-30T04:26:30+0000 lvl=info msg="Executing migration" logger=migrator id="delete acl rules for deleted dashboards and folders"
2022-04-30T04:26:30.21764947Z stdout F t=2022-04-30T04:26:30+0000 lvl=info msg="Executing migration" logger=migrator id="create tag table"
2022-04-30T04:26:30.227940703Z stdout F t=2022-04-30T04:26:30+0000 lvl=info msg="Executing migration" logger=migrator id="add index tag.key_value"
2022-04-30T04:26:30.23906933Z stdout F t=2022-04-30T04:26:30+0000 lvl=info msg="Executing migration" logger=migrator id="create login attempt table"
2022-04-30T04:26:30.248329151Z stdout F t=2022-04-30T04:26:30+0000 lvl=info msg="Executing migration" logger=migrator id="add index login_attempt.username"
2022-04-30T04:26:30.256814566Z stdout F t=2022-04-30T04:26:30+0000 lvl=info msg="Executing migration" logger=migrator id="drop index IDX_login_attempt_username - v1"
2022-04-30T04:26:30.265461998Z stdout F t=2022-04-30T04:26:30+0000 lvl=info msg="Executing migration" logger=migrator id="Rename table login_attempt to login_attempt_tmp_qwerty - v1"
2022-04-30T04:26:30.280408511Z stdout F t=2022-04-30T04:26:30+0000 lvl=info msg="Executing migration" logger=migrator id="create login_attempt v2"
2022-04-30T04:26:30.289758029Z stdout F t=2022-04-30T04:26:30+0000 lvl=info msg="Executing migration" logger=migrator id="create index IDX_login_attempt_username - v2"
2022-04-30T04:26:30.309807086Z stdout F t=2022-04-30T04:26:30+0000 lvl=info msg="Executing migration" logger=migrator id="copy login_attempt v1 to v2"
2022-04-30T04:26:30.309846508Z stdout F t=2022-04-30T04:26:30+0000 lvl=info msg="Executing migration" logger=migrator id="drop login_attempt_tmp_qwerty"
2022-04-30T04:26:30.318416885Z stdout F t=2022-04-30T04:26:30+0000 lvl=info msg="Executing migration" logger=migrator id="create user auth table"
2022-04-30T04:26:30.327344148Z stdout F t=2022-04-30T04:26:30+0000 lvl=info msg="Executing migration" logger=migrator id="create index IDX_user_auth_auth_module_auth_id - v1"
2022-04-30T04:26:30.336030868Z stdout F t=2022-04-30T04:26:30+0000 lvl=info msg="Executing migration" logger=migrator id="alter user_auth.auth_id to length 190"
2022-04-30T04:26:30.345468052Z stdout F t=2022-04-30T04:26:30+0000 lvl=info msg="Executing migration" logger=migrator id="Add OAuth access token to user_auth"
2022-04-30T04:26:30.359899694Z stdout F t=2022-04-30T04:26:30+0000 lvl=info msg="Executing migration" logger=migrator id="Add OAuth refresh token to user_auth"
2022-04-30T04:26:30.368700868Z stdout F t=2022-04-30T04:26:30+0000 lvl=info msg="Executing migration" logger=migrator id="Add OAuth token type to user_auth"
2022-04-30T04:26:30.378148431Z stdout F t=2022-04-30T04:26:30+0000 lvl=info msg="Executing migration" logger=migrator id="Add OAuth expiry to user_auth"
2022-04-30T04:26:30.387343134Z stdout F t=2022-04-30T04:26:30+0000 lvl=info msg="Executing migration" logger=migrator id="Add index to user_id column in user_auth"
2022-04-30T04:26:30.40320984Z stdout F t=2022-04-30T04:26:30+0000 lvl=info msg="Executing migration" logger=migrator id="create server_lock table"
2022-04-30T04:26:30.411365876Z stdout F t=2022-04-30T04:26:30+0000 lvl=info msg="Executing migration" logger=migrator id="add index server_lock.operation_uid"
2022-04-30T04:26:30.420712181Z stdout F t=2022-04-30T04:26:30+0000 lvl=info msg="Executing migration" logger=migrator id="create user auth token table"
2022-04-30T04:26:30.434070849Z stdout F t=2022-04-30T04:26:30+0000 lvl=info msg="Executing migration" logger=migrator id="add unique index user_auth_token.auth_token"
2022-04-30T04:26:30.443851057Z stdout F t=2022-04-30T04:26:30+0000 lvl=info msg="Executing migration" logger=migrator id="add unique index user_auth_token.prev_auth_token"
2022-04-30T04:26:30.450943153Z stdout F t=2022-04-30T04:26:30+0000 lvl=info msg="Executing migration" logger=migrator id="add index user_auth_token.user_id"
2022-04-30T04:26:30.462822692Z stdout F t=2022-04-30T04:26:30+0000 lvl=info msg="Executing migration" logger=migrator id="Add revoked_at to the user auth token"
2022-04-30T04:26:30.468811523Z stdout F t=2022-04-30T04:26:30+0000 lvl=info msg="Executing migration" logger=migrator id="create cache_data table"
2022-04-30T04:26:30.479234457Z stdout F t=2022-04-30T04:26:30+0000 lvl=info msg="Executing migration" logger=migrator id="add unique index cache_data.cache_key"
2022-04-30T04:26:30.487775169Z stdout F t=2022-04-30T04:26:30+0000 lvl=info msg="Executing migration" logger=migrator id="create short_url table v1"
2022-04-30T04:26:30.495541185Z stdout F t=2022-04-30T04:26:30+0000 lvl=info msg="Executing migration" logger=migrator id="add index short_url.org_id-uid"
2022-04-30T04:26:30.504316219Z stdout F t=2022-04-30T04:26:30+0000 lvl=info msg="Executing migration" logger=migrator id="delete alert_definition table"
2022-04-30T04:26:30.511880395Z stdout F t=2022-04-30T04:26:30+0000 lvl=info msg="Executing migration" logger=migrator id="recreate alert_definition table"
2022-04-30T04:26:30.522087653Z stdout F t=2022-04-30T04:26:30+0000 lvl=info msg="Executing migration" logger=migrator id="add index in alert_definition on org_id and title columns"
2022-04-30T04:26:30.53493505Z stdout F t=2022-04-30T04:26:30+0000 lvl=info msg="Executing migration" logger=migrator id="add index in alert_definition on org_id and uid columns"
2022-04-30T04:26:30.549328166Z stdout F t=2022-04-30T04:26:30+0000 lvl=info msg="Executing migration" logger=migrator id="alter alert_definition table data column to mediumtext in mysql"
2022-04-30T04:26:30.560510688Z stdout F t=2022-04-30T04:26:30+0000 lvl=info msg="Executing migration" logger=migrator id="drop index in alert_definition on org_id and title columns"
2022-04-30T04:26:30.567939988Z stdout F t=2022-04-30T04:26:30+0000 lvl=info msg="Executing migration" logger=migrator id="drop index in alert_definition on org_id and uid columns"
2022-04-30T04:26:30.57837164Z stdout F t=2022-04-30T04:26:30+0000 lvl=info msg="Executing migration" logger=migrator id="add unique index in alert_definition on org_id and title columns"
2022-04-30T04:26:30.587794657Z stdout F t=2022-04-30T04:26:30+0000 lvl=info msg="Executing migration" logger=migrator id="add unique index in alert_definition on org_id and uid columns"
2022-04-30T04:26:30.598352858Z stdout F t=2022-04-30T04:26:30+0000 lvl=info msg="Executing migration" logger=migrator id="Add column paused in alert_definition"
2022-04-30T04:26:30.617566211Z stdout F t=2022-04-30T04:26:30+0000 lvl=info msg="Executing migration" logger=migrator id="drop alert_definition table"
2022-04-30T04:26:30.626511361Z stdout F t=2022-04-30T04:26:30+0000 lvl=info msg="Executing migration" logger=migrator id="delete alert_definition_version table"
2022-04-30T04:26:30.634290302Z stdout F t=2022-04-30T04:26:30+0000 lvl=info msg="Executing migration" logger=migrator id="recreate alert_definition_version table"
2022-04-30T04:26:30.640527958Z stdout F t=2022-04-30T04:26:30+0000 lvl=info msg="Executing migration" logger=migrator id="add index in alert_definition_version table on alert_definition_id and version columns"
2022-04-30T04:26:30.648198415Z stdout F t=2022-04-30T04:26:30+0000 lvl=info msg="Executing migration" logger=migrator id="add index in alert_definition_version table on alert_definition_uid and version columns"
2022-04-30T04:26:30.657592987Z stdout F t=2022-04-30T04:26:30+0000 lvl=info msg="Executing migration" logger=migrator id="alter alert_definition_version table data column to mediumtext in mysql"
2022-04-30T04:26:30.665558164Z stdout F t=2022-04-30T04:26:30+0000 lvl=info msg="Executing migration" logger=migrator id="drop alert_definition_version table"
2022-04-30T04:26:30.675537996Z stdout F t=2022-04-30T04:26:30+0000 lvl=info msg="Executing migration" logger=migrator id="create alert_instance table"
2022-04-30T04:26:30.683130616Z stdout F t=2022-04-30T04:26:30+0000 lvl=info msg="Executing migration" logger=migrator id="add index in alert_instance table on def_org_id, def_uid and current_state columns"
2022-04-30T04:26:30.692024293Z stdout F t=2022-04-30T04:26:30+0000 lvl=info msg="Executing migration" logger=migrator id="add index in alert_instance table on def_org_id, current_state columns"
2022-04-30T04:26:30.700399279Z stdout F t=2022-04-30T04:26:30+0000 lvl=info msg="Executing migration" logger=migrator id="add column current_state_end to alert_instance"
2022-04-30T04:26:30.711167544Z stdout F t=2022-04-30T04:26:30+0000 lvl=info msg="Executing migration" logger=migrator id="remove index def_org_id, def_uid, current_state on alert_instance"
2022-04-30T04:26:30.720121412Z stdout F t=2022-04-30T04:26:30+0000 lvl=info msg="Executing migration" logger=migrator id="remove index def_org_id, current_state on alert_instance"
2022-04-30T04:26:30.730934778Z stdout F t=2022-04-30T04:26:30+0000 lvl=info msg="Executing migration" logger=migrator id="rename def_org_id to rule_org_id in alert_instance"
2022-04-30T04:26:30.749961869Z stdout F t=2022-04-30T04:26:30+0000 lvl=info msg="Executing migration" logger=migrator id="rename def_uid to rule_uid in alert_instance"
2022-04-30T04:26:30.76505978Z stdout F t=2022-04-30T04:26:30+0000 lvl=info msg="Executing migration" logger=migrator id="add index rule_org_id, rule_uid, current_state on alert_instance"
2022-04-30T04:26:30.773207347Z stdout F t=2022-04-30T04:26:30+0000 lvl=info msg="Executing migration" logger=migrator id="add index rule_org_id, current_state on alert_instance"
2022-04-30T04:26:30.787091886Z stdout F t=2022-04-30T04:26:30+0000 lvl=info msg="Executing migration" logger=migrator id="create alert_rule table"
2022-04-30T04:26:30.791743176Z stdout F t=2022-04-30T04:26:30+0000 lvl=info msg="Executing migration" logger=migrator id="add index in alert_rule on org_id and title columns"
2022-04-30T04:26:30.802062589Z stdout F t=2022-04-30T04:26:30+0000 lvl=info msg="Executing migration" logger=migrator id="add index in alert_rule on org_id and uid columns"
2022-04-30T04:26:30.812015962Z stdout F t=2022-04-30T04:26:30+0000 lvl=info msg="Executing migration" logger=migrator id="add index in alert_rule on org_id, namespace_uid, group_uid columns"
2022-04-30T04:26:30.821079181Z stdout F t=2022-04-30T04:26:30+0000 lvl=info msg="Executing migration" logger=migrator id="alter alert_rule table data column to mediumtext in mysql"
2022-04-30T04:26:30.83411108Z stdout F t=2022-04-30T04:26:30+0000 lvl=info msg="Executing migration" logger=migrator id="add column for to alert_rule"
2022-04-30T04:26:30.84452477Z stdout F t=2022-04-30T04:26:30+0000 lvl=info msg="Executing migration" logger=migrator id="add column annotations to alert_rule"
2022-04-30T04:26:30.856929248Z stdout F t=2022-04-30T04:26:30+0000 lvl=info msg="Executing migration" logger=migrator id="add column labels to alert_rule"
2022-04-30T04:26:30.868949104Z stdout F t=2022-04-30T04:26:30+0000 lvl=info msg="Executing migration" logger=migrator id="remove unique index from alert_rule on org_id, title columns"
2022-04-30T04:26:30.88024482Z stdout F t=2022-04-30T04:26:30+0000 lvl=info msg="Executing migration" logger=migrator id="add index in alert_rule on org_id, namespase_uid and title columns"
2022-04-30T04:26:30.896897508Z stdout F t=2022-04-30T04:26:30+0000 lvl=info msg="Executing migration" logger=migrator id="add dashboard_uid column to alert_rule"
2022-04-30T04:26:30.904720296Z stdout F t=2022-04-30T04:26:30+0000 lvl=info msg="Executing migration" logger=migrator id="add panel_id column to alert_rule"
2022-04-30T04:26:30.916557951Z stdout F t=2022-04-30T04:26:30+0000 lvl=info msg="Executing migration" logger=migrator id="add index in alert_rule on org_id, dashboard_uid and panel_id columns"
2022-04-30T04:26:30.927725676Z stdout F t=2022-04-30T04:26:30+0000 lvl=info msg="Executing migration" logger=migrator id="create alert_rule_version table"
2022-04-30T04:26:30.939766631Z stdout F t=2022-04-30T04:26:30+0000 lvl=info msg="Executing migration" logger=migrator id="add index in alert_rule_version table on rule_org_id, rule_uid and version columns"
2022-04-30T04:26:30.952673687Z stdout F t=2022-04-30T04:26:30+0000 lvl=info msg="Executing migration" logger=migrator id="add index in alert_rule_version table on rule_org_id, rule_namespace_uid and rule_group columns"
2022-04-30T04:26:30.965291672Z stdout F t=2022-04-30T04:26:30+0000 lvl=info msg="Executing migration" logger=migrator id="alter alert_rule_version table data column to mediumtext in mysql"
2022-04-30T04:26:30.975163645Z stdout F t=2022-04-30T04:26:30+0000 lvl=info msg="Executing migration" logger=migrator id="add column for to alert_rule_version"
2022-04-30T04:26:30.986914127Z stdout F t=2022-04-30T04:26:30+0000 lvl=info msg="Executing migration" logger=migrator id="add column annotations to alert_rule_version"
2022-04-30T04:26:30.994908079Z stdout F t=2022-04-30T04:26:30+0000 lvl=info msg="Executing migration" logger=migrator id="add column labels to alert_rule_version"
2022-04-30T04:26:31.011691538Z stdout F t=2022-04-30T04:26:31+0000 lvl=info msg="Executing migration" logger=migrator id=create_alert_configuration_table
2022-04-30T04:26:31.018910202Z stdout F t=2022-04-30T04:26:31+0000 lvl=info msg="Executing migration" logger=migrator id="Add column default in alert_configuration"
2022-04-30T04:26:31.02839937Z stdout F t=2022-04-30T04:26:31+0000 lvl=info msg="Executing migration" logger=migrator id="alert alert_configuration alertmanager_configuration column from TEXT to MEDIUMTEXT if mysql"
2022-04-30T04:26:31.033964345Z stdout F t=2022-04-30T04:26:31+0000 lvl=info msg="Executing migration" logger=migrator id="add column org_id in alert_configuration"
2022-04-30T04:26:31.041311054Z stdout F t=2022-04-30T04:26:31+0000 lvl=info msg="Executing migration" logger=migrator id="add index in alert_configuration table on org_id column"
2022-04-30T04:26:31.046544156Z stdout F t=2022-04-30T04:26:31+0000 lvl=info msg="Executing migration" logger=migrator id=create_ngalert_configuration_table
2022-04-30T04:26:31.060842869Z stdout F t=2022-04-30T04:26:31+0000 lvl=info msg="Executing migration" logger=migrator id="add index in ngalert_configuration on org_id column"
2022-04-30T04:26:31.060911251Z stdout F t=2022-04-30T04:26:31+0000 lvl=info msg="Executing migration" logger=migrator id="clear migration entry \"remove unified alerting data\""
2022-04-30T04:26:31.06091801Z stdout F t=2022-04-30T04:26:31+0000 lvl=info msg="Executing migration" logger=migrator id="move dashboard alerts to unified alerting"
2022-04-30T04:26:31.06579767Z stdout F t=2022-04-30T04:26:31+0000 lvl=info msg="Executing migration" logger=migrator id="create library_element table v1"
2022-04-30T04:26:31.072353498Z stdout F t=2022-04-30T04:26:31+0000 lvl=info msg="Executing migration" logger=migrator id="add index library_element org_id-folder_id-name-kind"
2022-04-30T04:26:31.079994192Z stdout F t=2022-04-30T04:26:31+0000 lvl=info msg="Executing migration" logger=migrator id="create library_element_connection table v1"
2022-04-30T04:26:31.102017377Z stdout F t=2022-04-30T04:26:31+0000 lvl=info msg="Executing migration" logger=migrator id="add index library_element_connection element_id-kind-connection_id"
2022-04-30T04:26:31.105556396Z stdout F t=2022-04-30T04:26:31+0000 lvl=info msg="Executing migration" logger=migrator id="add unique index library_element org_id_uid"
2022-04-30T04:26:31.123604257Z stdout F t=2022-04-30T04:26:31+0000 lvl=info msg="Executing migration" logger=migrator id="clone move dashboard alerts to unified alerting"
2022-04-30T04:26:31.139281502Z stdout F t=2022-04-30T04:26:31+0000 lvl=info msg="Executing migration" logger=migrator id="create data_keys table"
2022-04-30T04:26:31.150763969Z stdout F t=2022-04-30T04:26:31+0000 lvl=info msg="Executing migration" logger=migrator id="create kv_store table v1"
2022-04-30T04:26:31.159453555Z stdout F t=2022-04-30T04:26:31+0000 lvl=info msg="Executing migration" logger=migrator id="add index kv_store.org_id-namespace-key"
2022-04-30T04:26:31.169540724Z stdout F t=2022-04-30T04:26:31+0000 lvl=info msg="Executing migration" logger=migrator id="update dashboard_uid and panel_id from existing annotations"
2022-04-30T04:26:31.176852529Z stdout F t=2022-04-30T04:26:31+0000 lvl=info msg="Executing migration" logger=migrator id="create permission table"
2022-04-30T04:26:31.183020882Z stdout F t=2022-04-30T04:26:31+0000 lvl=info msg="Executing migration" logger=migrator id="add unique index permission.role_id"
2022-04-30T04:26:31.198070678Z stdout F t=2022-04-30T04:26:31+0000 lvl=info msg="Executing migration" logger=migrator id="add unique index role_id_action_scope"
2022-04-30T04:26:31.201803912Z stdout F t=2022-04-30T04:26:31+0000 lvl=info msg="Executing migration" logger=migrator id="create role table"
2022-04-30T04:26:31.209617193Z stdout F t=2022-04-30T04:26:31+0000 lvl=info msg="Executing migration" logger=migrator id="add column display_name"
2022-04-30T04:26:31.271349908Z stdout F t=2022-04-30T04:26:31+0000 lvl=info msg="Executing migration" logger=migrator id="add column group_name"
2022-04-30T04:26:31.281590573Z stdout F t=2022-04-30T04:26:31+0000 lvl=info msg="Executing migration" logger=migrator id="add index role.org_id"
2022-04-30T04:26:31.287381735Z stdout F t=2022-04-30T04:26:31+0000 lvl=info msg="Executing migration" logger=migrator id="add unique index role_org_id_name"
2022-04-30T04:26:31.295925091Z stdout F t=2022-04-30T04:26:31+0000 lvl=info msg="Executing migration" logger=migrator id="add index role_org_id_uid"
2022-04-30T04:26:31.302544199Z stdout F t=2022-04-30T04:26:31+0000 lvl=info msg="Executing migration" logger=migrator id="create team role table"
2022-04-30T04:26:31.307475285Z stdout F t=2022-04-30T04:26:31+0000 lvl=info msg="Executing migration" logger=migrator id="add index team_role.org_id"
2022-04-30T04:26:31.312427297Z stdout F t=2022-04-30T04:26:31+0000 lvl=info msg="Executing migration" logger=migrator id="add unique index team_role_org_id_team_id_role_id"
2022-04-30T04:26:31.320212161Z stdout F t=2022-04-30T04:26:31+0000 lvl=info msg="Executing migration" logger=migrator id="add index team_role.team_id"
2022-04-30T04:26:31.328433711Z stdout F t=2022-04-30T04:26:31+0000 lvl=info msg="Executing migration" logger=migrator id="create user role table"
2022-04-30T04:26:31.343190245Z stdout F t=2022-04-30T04:26:31+0000 lvl=info msg="Executing migration" logger=migrator id="add index user_role.org_id"
2022-04-30T04:26:31.351847956Z stdout F t=2022-04-30T04:26:31+0000 lvl=info msg="Executing migration" logger=migrator id="add unique index user_role_org_id_user_id_role_id"
2022-04-30T04:26:31.358367167Z stdout F t=2022-04-30T04:26:31+0000 lvl=info msg="Executing migration" logger=migrator id="add index user_role.user_id"
2022-04-30T04:26:31.364058033Z stdout F t=2022-04-30T04:26:31+0000 lvl=info msg="Executing migration" logger=migrator id="create builtin role table"
2022-04-30T04:26:31.370134392Z stdout F t=2022-04-30T04:26:31+0000 lvl=info msg="Executing migration" logger=migrator id="add index builtin_role.role_id"
2022-04-30T04:26:31.377082088Z stdout F t=2022-04-30T04:26:31+0000 lvl=info msg="Executing migration" logger=migrator id="add index builtin_role.name"
2022-04-30T04:26:31.3835364Z stdout F t=2022-04-30T04:26:31+0000 lvl=info msg="Executing migration" logger=migrator id="Add column org_id to builtin_role table"
2022-04-30T04:26:31.408993049Z stdout F t=2022-04-30T04:26:31+0000 lvl=info msg="Executing migration" logger=migrator id="add index builtin_role.org_id"
2022-04-30T04:26:31.409026205Z stdout F t=2022-04-30T04:26:31+0000 lvl=info msg="Executing migration" logger=migrator id="add unique index builtin_role_org_id_role_id_role"
2022-04-30T04:26:31.414169248Z stdout F t=2022-04-30T04:26:31+0000 lvl=info msg="Executing migration" logger=migrator id="Remove unique index role_org_id_uid"
2022-04-30T04:26:31.41929103Z stdout F t=2022-04-30T04:26:31+0000 lvl=info msg="Executing migration" logger=migrator id="add unique index role.uid"
2022-04-30T04:26:31.424934201Z stdout F t=2022-04-30T04:26:31+0000 lvl=info msg="Executing migration" logger=migrator id="create seed assignment table"
2022-04-30T04:26:31.430879883Z stdout F t=2022-04-30T04:26:31+0000 lvl=info msg="Executing migration" logger=migrator id="add unique index builtin_role_role_name"
2022-04-30T04:26:31.435876123Z stdout F t=2022-04-30T04:26:31+0000 lvl=info msg="migrations completed" logger=migrator performed=381 skipped=0 duration=3.526441205s
2022-04-30T04:26:31.462599719Z stdout F t=2022-04-30T04:26:31+0000 lvl=info msg="Created default admin" logger=sqlstore user=-
2022-04-30T04:26:31.462640452Z stdout F t=2022-04-30T04:26:31+0000 lvl=info msg="Created default organization" logger=sqlstore
2022-04-30T04:26:31.470375626Z stdout F t=2022-04-30T04:26:31+0000 lvl=info msg="Initialising plugins" logger=plugin.manager
2022-04-30T04:26:31.522040547Z stdout F t=2022-04-30T04:26:31+0000 lvl=info msg="Plugin registered" logger=plugin.manager pluginId=input
2022-04-30T04:26:31.535113837Z stdout F t=2022-04-30T04:26:31+0000 lvl=info msg="Live Push Gateway initialization" logger=live.push_http
2022-04-30T04:26:31.756271561Z stdout F t=2022-04-30T04:26:31+0000 lvl=info msg="inserting datasource from configuration " logger=provisioning.datasources name=Prometheus uid=PBFA97CFB590B2093
2022-04-30T04:26:31.763596689Z stdout F t=2022-04-30T04:26:31+0000 lvl=info msg="warming cache for startup" logger=ngalert
2022-04-30T04:26:31.778871312Z stdout F t=2022-04-30T04:26:31+0000 lvl=info msg="HTTP Server Listen" logger=http.server address=[::]:3000 protocol=http subUrl= socket=
2022-04-30T04:26:31.801158955Z stdout F t=2022-04-30T04:26:31+0000 lvl=info msg="starting MultiOrg Alertmanager" logger=ngalert.multiorg.alertmanager
2022-04-30T04:41:45.319563156Z stdout F t=2022-04-30T04:41:45+0000 lvl=info msg="Database locked, sleeping then retrying" logger=sqlstore error="database is locked" retry=0
