2022-06-13T02:22:09.645148282Z stdout F 2022-06-13T02:22:09.644879Z	info	Istio iptables environment:
2022-06-13T02:22:09.645181137Z stdout F ENVOY_PORT=
2022-06-13T02:22:09.645185863Z stdout F INBOUND_CAPTURE_PORT=
2022-06-13T02:22:09.645188563Z stdout F ISTIO_INBOUND_INTERCEPTION_MODE=
2022-06-13T02:22:09.645191442Z stdout F ISTIO_INBOUND_TPROXY_ROUTE_TABLE=
2022-06-13T02:22:09.64519388Z stdout F ISTIO_INBOUND_PORTS=
2022-06-13T02:22:09.645196237Z stdout F ISTIO_OUTBOUND_PORTS=
2022-06-13T02:22:09.645198481Z stdout F ISTIO_LOCAL_EXCLUDE_PORTS=
2022-06-13T02:22:09.645200691Z stdout F ISTIO_EXCLUDE_INTERFACES=
2022-06-13T02:22:09.645202903Z stdout F ISTIO_SERVICE_CIDR=
2022-06-13T02:22:09.645205129Z stdout F ISTIO_SERVICE_EXCLUDE_CIDR=
2022-06-13T02:22:09.645207363Z stdout F ISTIO_META_DNS_CAPTURE=
2022-06-13T02:22:09.64520959Z stdout F INVALID_DROP=
2022-06-13T02:22:09.645211836Z stdout F 
2022-06-13T02:22:09.64521421Z stdout F 2022-06-13T02:22:09.644931Z	info	Istio iptables variables:
2022-06-13T02:22:09.645216545Z stdout F PROXY_PORT=15001
2022-06-13T02:22:09.645218843Z stdout F PROXY_INBOUND_CAPTURE_PORT=15006
2022-06-13T02:22:09.645221483Z stdout F PROXY_TUNNEL_PORT=15008
2022-06-13T02:22:09.645224992Z stdout F PROXY_UID=1337
2022-06-13T02:22:09.645228643Z stdout F PROXY_GID=1337
2022-06-13T02:22:09.645232285Z stdout F INBOUND_INTERCEPTION_MODE=REDIRECT
2022-06-13T02:22:09.645236633Z stdout F INBOUND_TPROXY_MARK=1337
2022-06-13T02:22:09.645239258Z stdout F INBOUND_TPROXY_ROUTE_TABLE=133
2022-06-13T02:22:09.64524147Z stdout F INBOUND_PORTS_INCLUDE=*
2022-06-13T02:22:09.645243778Z stdout F INBOUND_PORTS_EXCLUDE=15090,15021,15020
2022-06-13T02:22:09.64524599Z stdout F OUTBOUND_IP_RANGES_INCLUDE=*
2022-06-13T02:22:09.645248189Z stdout F OUTBOUND_IP_RANGES_EXCLUDE=
2022-06-13T02:22:09.645250386Z stdout F OUTBOUND_PORTS_INCLUDE=
2022-06-13T02:22:09.645252569Z stdout F OUTBOUND_PORTS_EXCLUDE=
2022-06-13T02:22:09.645254863Z stdout F KUBE_VIRT_INTERFACES=
2022-06-13T02:22:09.645257095Z stdout F ENABLE_INBOUND_IPV6=false
2022-06-13T02:22:09.645259313Z stdout F DNS_CAPTURE=false
2022-06-13T02:22:09.645261541Z stdout F DROP_INVALID=false
2022-06-13T02:22:09.645263748Z stdout F CAPTURE_ALL_DNS=false
2022-06-13T02:22:09.645266025Z stdout F DNS_SERVERS=[],[]
2022-06-13T02:22:09.645268273Z stdout F OUTPUT_PATH=
2022-06-13T02:22:09.645270495Z stdout F NETWORK_NAMESPACE=
2022-06-13T02:22:09.645272812Z stdout F CNI_MODE=false
2022-06-13T02:22:09.645275071Z stdout F EXCLUDE_INTERFACES=
2022-06-13T02:22:09.64527721Z stdout F 
2022-06-13T02:22:09.645285391Z stdout F 2022-06-13T02:22:09.645108Z	info	Writing following contents to rules file: /tmp/iptables-rules-1655086929644963100.txt2125906874
2022-06-13T02:22:09.645288166Z stdout F * nat
2022-06-13T02:22:09.645290488Z stdout F -N ISTIO_INBOUND
2022-06-13T02:22:09.64529275Z stdout F -N ISTIO_REDIRECT
2022-06-13T02:22:09.645295101Z stdout F -N ISTIO_IN_REDIRECT
2022-06-13T02:22:09.645297347Z stdout F -N ISTIO_OUTPUT
2022-06-13T02:22:09.645299627Z stdout F -A ISTIO_INBOUND -p tcp --dport 15008 -j RETURN
2022-06-13T02:22:09.645301882Z stdout F -A ISTIO_REDIRECT -p tcp -j REDIRECT --to-ports 15001
2022-06-13T02:22:09.645305262Z stdout F -A ISTIO_IN_REDIRECT -p tcp -j REDIRECT --to-ports 15006
2022-06-13T02:22:09.645309191Z stdout F -A PREROUTING -p tcp -j ISTIO_INBOUND
2022-06-13T02:22:09.645313623Z stdout F -A ISTIO_INBOUND -p tcp --dport 15090 -j RETURN
2022-06-13T02:22:09.645353365Z stdout F -A ISTIO_INBOUND -p tcp --dport 15021 -j RETURN
2022-06-13T02:22:09.645365876Z stdout F -A ISTIO_INBOUND -p tcp --dport 15020 -j RETURN
2022-06-13T02:22:09.645375308Z stdout F -A ISTIO_INBOUND -p tcp -j ISTIO_IN_REDIRECT
2022-06-13T02:22:09.645380433Z stdout F -A OUTPUT -p tcp -j ISTIO_OUTPUT
2022-06-13T02:22:09.645382942Z stdout F -A ISTIO_OUTPUT -o lo -s 127.0.0.6/32 -j RETURN
2022-06-13T02:22:09.645385753Z stdout F -A ISTIO_OUTPUT -o lo ! -d 127.0.0.1/32 -m owner --uid-owner 1337 -j ISTIO_IN_REDIRECT
2022-06-13T02:22:09.645388087Z stdout F -A ISTIO_OUTPUT -o lo -m owner ! --uid-owner 1337 -j RETURN
2022-06-13T02:22:09.645390292Z stdout F -A ISTIO_OUTPUT -m owner --uid-owner 1337 -j RETURN
2022-06-13T02:22:09.645400004Z stdout F -A ISTIO_OUTPUT -o lo ! -d 127.0.0.1/32 -m owner --gid-owner 1337 -j ISTIO_IN_REDIRECT
2022-06-13T02:22:09.645402978Z stdout F -A ISTIO_OUTPUT -o lo -m owner ! --gid-owner 1337 -j RETURN
2022-06-13T02:22:09.645405249Z stdout F -A ISTIO_OUTPUT -m owner --gid-owner 1337 -j RETURN
2022-06-13T02:22:09.645407473Z stdout F -A ISTIO_OUTPUT -d 127.0.0.1/32 -j RETURN
2022-06-13T02:22:09.645409684Z stdout F -A ISTIO_OUTPUT -j ISTIO_REDIRECT
2022-06-13T02:22:09.645412168Z stdout F COMMIT
2022-06-13T02:22:09.64541495Z stdout F 2022-06-13T02:22:09.645171Z	info	Running command: iptables-restore --noflush /tmp/iptables-rules-1655086929644963100.txt2125906874
2022-06-13T02:22:09.649558156Z stdout F 2022-06-13T02:22:09.649321Z	info	Writing following contents to rules file: /tmp/ip6tables-rules-1655086929649221550.txt3506677964
2022-06-13T02:22:09.649580569Z stdout F 
2022-06-13T02:22:09.649585891Z stdout F 2022-06-13T02:22:09.649383Z	info	Running command: ip6tables-restore --noflush /tmp/ip6tables-rules-1655086929649221550.txt3506677964
2022-06-13T02:22:09.651724694Z stdout F 2022-06-13T02:22:09.651394Z	info	Running command: iptables-save 
2022-06-13T02:22:09.654386216Z stdout F 2022-06-13T02:22:09.654027Z	info	Command output: 
2022-06-13T02:22:09.654412437Z stdout F # Generated by iptables-save v1.8.4 on Mon Jun 13 02:22:09 2022
2022-06-13T02:22:09.654469944Z stdout F *nat
2022-06-13T02:22:09.654485689Z stdout F :PREROUTING ACCEPT [0:0]
2022-06-13T02:22:09.654489527Z stdout F :INPUT ACCEPT [0:0]
2022-06-13T02:22:09.654492116Z stdout F :OUTPUT ACCEPT [0:0]
2022-06-13T02:22:09.654494679Z stdout F :POSTROUTING ACCEPT [0:0]
2022-06-13T02:22:09.654497039Z stdout F :ISTIO_INBOUND - [0:0]
2022-06-13T02:22:09.654499454Z stdout F :ISTIO_IN_REDIRECT - [0:0]
2022-06-13T02:22:09.654501782Z stdout F :ISTIO_OUTPUT - [0:0]
2022-06-13T02:22:09.654504124Z stdout F :ISTIO_REDIRECT - [0:0]
2022-06-13T02:22:09.65450676Z stdout F -A PREROUTING -p tcp -j ISTIO_INBOUND
2022-06-13T02:22:09.654509276Z stdout F -A OUTPUT -p tcp -j ISTIO_OUTPUT
2022-06-13T02:22:09.65451181Z stdout F -A ISTIO_INBOUND -p tcp -m tcp --dport 15008 -j RETURN
2022-06-13T02:22:09.654514262Z stdout F -A ISTIO_INBOUND -p tcp -m tcp --dport 15090 -j RETURN
2022-06-13T02:22:09.654516601Z stdout F -A ISTIO_INBOUND -p tcp -m tcp --dport 15021 -j RETURN
2022-06-13T02:22:09.654519074Z stdout F -A ISTIO_INBOUND -p tcp -m tcp --dport 15020 -j RETURN
2022-06-13T02:22:09.654521462Z stdout F -A ISTIO_INBOUND -p tcp -j ISTIO_IN_REDIRECT
2022-06-13T02:22:09.654523804Z stdout F -A ISTIO_IN_REDIRECT -p tcp -j REDIRECT --to-ports 15006
2022-06-13T02:22:09.654526214Z stdout F -A ISTIO_OUTPUT -s 127.0.0.6/32 -o lo -j RETURN
2022-06-13T02:22:09.654528958Z stdout F -A ISTIO_OUTPUT ! -d 127.0.0.1/32 -o lo -m owner --uid-owner 1337 -j ISTIO_IN_REDIRECT
2022-06-13T02:22:09.654533722Z stdout F -A ISTIO_OUTPUT -o lo -m owner ! --uid-owner 1337 -j RETURN
2022-06-13T02:22:09.654536132Z stdout F -A ISTIO_OUTPUT -m owner --uid-owner 1337 -j RETURN
2022-06-13T02:22:09.654538524Z stdout F -A ISTIO_OUTPUT ! -d 127.0.0.1/32 -o lo -m owner --gid-owner 1337 -j ISTIO_IN_REDIRECT
2022-06-13T02:22:09.654540886Z stdout F -A ISTIO_OUTPUT -o lo -m owner ! --gid-owner 1337 -j RETURN
2022-06-13T02:22:09.654543178Z stdout F -A ISTIO_OUTPUT -m owner --gid-owner 1337 -j RETURN
2022-06-13T02:22:09.654545435Z stdout F -A ISTIO_OUTPUT -d 127.0.0.1/32 -j RETURN
2022-06-13T02:22:09.654547813Z stdout F -A ISTIO_OUTPUT -j ISTIO_REDIRECT
2022-06-13T02:22:09.654550199Z stdout F -A ISTIO_REDIRECT -p tcp -j REDIRECT --to-ports 15001
2022-06-13T02:22:09.654552625Z stdout F COMMIT
2022-06-13T02:22:09.65455512Z stdout F # Completed on Mon Jun 13 02:22:09 2022
2022-06-13T02:22:09.654557563Z stdout F 
