2022-05-26T05:25:12.635195612Z stdout F 2022-05-26T05:25:12.634912Z	info	Istio iptables environment:
2022-05-26T05:25:12.635253677Z stdout F ENVOY_PORT=
2022-05-26T05:25:12.635259131Z stdout F INBOUND_CAPTURE_PORT=
2022-05-26T05:25:12.63526261Z stdout F ISTIO_INBOUND_INTERCEPTION_MODE=
2022-05-26T05:25:12.635265399Z stdout F ISTIO_INBOUND_TPROXY_ROUTE_TABLE=
2022-05-26T05:25:12.635267766Z stdout F ISTIO_INBOUND_PORTS=
2022-05-26T05:25:12.635270048Z stdout F ISTIO_OUTBOUND_PORTS=
2022-05-26T05:25:12.635272513Z stdout F ISTIO_LOCAL_EXCLUDE_PORTS=
2022-05-26T05:25:12.6352748Z stdout F ISTIO_EXCLUDE_INTERFACES=
2022-05-26T05:25:12.635277085Z stdout F ISTIO_SERVICE_CIDR=
2022-05-26T05:25:12.635279338Z stdout F ISTIO_SERVICE_EXCLUDE_CIDR=
2022-05-26T05:25:12.635281529Z stdout F ISTIO_META_DNS_CAPTURE=
2022-05-26T05:25:12.635283786Z stdout F INVALID_DROP=
2022-05-26T05:25:12.635285982Z stdout F 
2022-05-26T05:25:12.635288251Z stdout F 2022-05-26T05:25:12.634994Z	info	Istio iptables variables:
2022-05-26T05:25:12.635290544Z stdout F PROXY_PORT=15001
2022-05-26T05:25:12.635292789Z stdout F PROXY_INBOUND_CAPTURE_PORT=15006
2022-05-26T05:25:12.635295055Z stdout F PROXY_TUNNEL_PORT=15008
2022-05-26T05:25:12.635297335Z stdout F PROXY_UID=1337
2022-05-26T05:25:12.635299599Z stdout F PROXY_GID=1337
2022-05-26T05:25:12.635301873Z stdout F INBOUND_INTERCEPTION_MODE=REDIRECT
2022-05-26T05:25:12.635307441Z stdout F INBOUND_TPROXY_MARK=1337
2022-05-26T05:25:12.635309912Z stdout F INBOUND_TPROXY_ROUTE_TABLE=133
2022-05-26T05:25:12.635312209Z stdout F INBOUND_PORTS_INCLUDE=*
2022-05-26T05:25:12.635314412Z stdout F INBOUND_PORTS_EXCLUDE=15090,15021,15020
2022-05-26T05:25:12.6353166Z stdout F OUTBOUND_IP_RANGES_INCLUDE=*
2022-05-26T05:25:12.635318819Z stdout F OUTBOUND_IP_RANGES_EXCLUDE=
2022-05-26T05:25:12.635321015Z stdout F OUTBOUND_PORTS_INCLUDE=
2022-05-26T05:25:12.635323196Z stdout F OUTBOUND_PORTS_EXCLUDE=
2022-05-26T05:25:12.635325383Z stdout F KUBE_VIRT_INTERFACES=
2022-05-26T05:25:12.635327678Z stdout F ENABLE_INBOUND_IPV6=false
2022-05-26T05:25:12.635329956Z stdout F DNS_CAPTURE=false
2022-05-26T05:25:12.635332191Z stdout F DROP_INVALID=false
2022-05-26T05:25:12.635334415Z stdout F CAPTURE_ALL_DNS=false
2022-05-26T05:25:12.635336643Z stdout F DNS_SERVERS=[],[]
2022-05-26T05:25:12.635338916Z stdout F OUTPUT_PATH=
2022-05-26T05:25:12.635341147Z stdout F NETWORK_NAMESPACE=
2022-05-26T05:25:12.635343393Z stdout F CNI_MODE=false
2022-05-26T05:25:12.635345684Z stdout F EXCLUDE_INTERFACES=
2022-05-26T05:25:12.635347833Z stdout F 
2022-05-26T05:25:12.637925563Z stdout F 2022-05-26T05:25:12.637069Z	info	Writing following contents to rules file: /tmp/iptables-rules-1653542712636891379.txt3566079073
2022-05-26T05:25:12.637945222Z stdout F * nat
2022-05-26T05:25:12.637948944Z stdout F -N ISTIO_INBOUND
2022-05-26T05:25:12.63795301Z stdout F -N ISTIO_REDIRECT
2022-05-26T05:25:12.637956887Z stdout F -N ISTIO_IN_REDIRECT
2022-05-26T05:25:12.63796067Z stdout F -N ISTIO_OUTPUT
2022-05-26T05:25:12.637965217Z stdout F -A ISTIO_INBOUND -p tcp --dport 15008 -j RETURN
2022-05-26T05:25:12.637980823Z stdout F -A ISTIO_REDIRECT -p tcp -j REDIRECT --to-ports 15001
2022-05-26T05:25:12.637990128Z stdout F -A ISTIO_IN_REDIRECT -p tcp -j REDIRECT --to-ports 15006
2022-05-26T05:25:12.637994901Z stdout F -A PREROUTING -p tcp -j ISTIO_INBOUND
2022-05-26T05:25:12.637998616Z stdout F -A ISTIO_INBOUND -p tcp --dport 15090 -j RETURN
2022-05-26T05:25:12.638004776Z stdout F -A ISTIO_INBOUND -p tcp --dport 15021 -j RETURN
2022-05-26T05:25:12.638015536Z stdout F -A ISTIO_INBOUND -p tcp --dport 15020 -j RETURN
2022-05-26T05:25:12.638049351Z stdout F -A ISTIO_INBOUND -p tcp -j ISTIO_IN_REDIRECT
2022-05-26T05:25:12.638060622Z stdout F -A OUTPUT -p tcp -j ISTIO_OUTPUT
2022-05-26T05:25:12.638065334Z stdout F -A ISTIO_OUTPUT -o lo -s 127.0.0.6/32 -j RETURN
2022-05-26T05:25:12.638069789Z stdout F -A ISTIO_OUTPUT -o lo ! -d 127.0.0.1/32 -m owner --uid-owner 1337 -j ISTIO_IN_REDIRECT
2022-05-26T05:25:12.638074455Z stdout F -A ISTIO_OUTPUT -o lo -m owner ! --uid-owner 1337 -j RETURN
2022-05-26T05:25:12.638078749Z stdout F -A ISTIO_OUTPUT -m owner --uid-owner 1337 -j RETURN
2022-05-26T05:25:12.638106098Z stdout F -A ISTIO_OUTPUT -o lo ! -d 127.0.0.1/32 -m owner --gid-owner 1337 -j ISTIO_IN_REDIRECT
2022-05-26T05:25:12.638111747Z stdout F -A ISTIO_OUTPUT -o lo -m owner ! --gid-owner 1337 -j RETURN
2022-05-26T05:25:12.638115946Z stdout F -A ISTIO_OUTPUT -m owner --gid-owner 1337 -j RETURN
2022-05-26T05:25:12.638120222Z stdout F -A ISTIO_OUTPUT -d 127.0.0.1/32 -j RETURN
2022-05-26T05:25:12.638124444Z stdout F -A ISTIO_OUTPUT -j ISTIO_REDIRECT
2022-05-26T05:25:12.638128545Z stdout F COMMIT
2022-05-26T05:25:12.638133003Z stdout F 2022-05-26T05:25:12.637148Z	info	Running command: iptables-restore --noflush /tmp/iptables-rules-1653542712636891379.txt3566079073
2022-05-26T05:25:12.648181236Z stdout F 2022-05-26T05:25:12.643969Z	info	Writing following contents to rules file: /tmp/ip6tables-rules-1653542712643915127.txt1416154118
2022-05-26T05:25:12.648197486Z stdout F 
2022-05-26T05:25:12.648201285Z stdout F 2022-05-26T05:25:12.644020Z	info	Running command: ip6tables-restore --noflush /tmp/ip6tables-rules-1653542712643915127.txt1416154118
2022-05-26T05:25:12.648207673Z stdout F 2022-05-26T05:25:12.647722Z	info	Running command: iptables-save 
2022-05-26T05:25:12.653075088Z stdout F 2022-05-26T05:25:12.652312Z	info	Command output: 
2022-05-26T05:25:12.653108709Z stdout F # Generated by iptables-save v1.8.4 on Thu May 26 05:25:12 2022
2022-05-26T05:25:12.653115999Z stdout F *nat
2022-05-26T05:25:12.653121942Z stdout F :PREROUTING ACCEPT [0:0]
2022-05-26T05:25:12.653128738Z stdout F :INPUT ACCEPT [0:0]
2022-05-26T05:25:12.653137852Z stdout F :OUTPUT ACCEPT [0:0]
2022-05-26T05:25:12.653141891Z stdout F :POSTROUTING ACCEPT [0:0]
2022-05-26T05:25:12.653144254Z stdout F :ISTIO_INBOUND - [0:0]
2022-05-26T05:25:12.653146627Z stdout F :ISTIO_IN_REDIRECT - [0:0]
2022-05-26T05:25:12.653148982Z stdout F :ISTIO_OUTPUT - [0:0]
2022-05-26T05:25:12.65315133Z stdout F :ISTIO_REDIRECT - [0:0]
2022-05-26T05:25:12.653154124Z stdout F -A PREROUTING -p tcp -j ISTIO_INBOUND
2022-05-26T05:25:12.653156625Z stdout F -A OUTPUT -p tcp -j ISTIO_OUTPUT
2022-05-26T05:25:12.653158938Z stdout F -A ISTIO_INBOUND -p tcp -m tcp --dport 15008 -j RETURN
2022-05-26T05:25:12.653161202Z stdout F -A ISTIO_INBOUND -p tcp -m tcp --dport 15090 -j RETURN
2022-05-26T05:25:12.653163456Z stdout F -A ISTIO_INBOUND -p tcp -m tcp --dport 15021 -j RETURN
2022-05-26T05:25:12.65316574Z stdout F -A ISTIO_INBOUND -p tcp -m tcp --dport 15020 -j RETURN
2022-05-26T05:25:12.653168032Z stdout F -A ISTIO_INBOUND -p tcp -j ISTIO_IN_REDIRECT
2022-05-26T05:25:12.653170322Z stdout F -A ISTIO_IN_REDIRECT -p tcp -j REDIRECT --to-ports 15006
2022-05-26T05:25:12.653172571Z stdout F -A ISTIO_OUTPUT -s 127.0.0.6/32 -o lo -j RETURN
2022-05-26T05:25:12.65317539Z stdout F -A ISTIO_OUTPUT ! -d 127.0.0.1/32 -o lo -m owner --uid-owner 1337 -j ISTIO_IN_REDIRECT
2022-05-26T05:25:12.653177722Z stdout F -A ISTIO_OUTPUT -o lo -m owner ! --uid-owner 1337 -j RETURN
2022-05-26T05:25:12.653179946Z stdout F -A ISTIO_OUTPUT -m owner --uid-owner 1337 -j RETURN
2022-05-26T05:25:12.653182289Z stdout F -A ISTIO_OUTPUT ! -d 127.0.0.1/32 -o lo -m owner --gid-owner 1337 -j ISTIO_IN_REDIRECT
2022-05-26T05:25:12.653184594Z stdout F -A ISTIO_OUTPUT -o lo -m owner ! --gid-owner 1337 -j RETURN
2022-05-26T05:25:12.65318961Z stdout F -A ISTIO_OUTPUT -m owner --gid-owner 1337 -j RETURN
2022-05-26T05:25:12.653192185Z stdout F -A ISTIO_OUTPUT -d 127.0.0.1/32 -j RETURN
2022-05-26T05:25:12.653194508Z stdout F -A ISTIO_OUTPUT -j ISTIO_REDIRECT
2022-05-26T05:25:12.653197044Z stdout F -A ISTIO_REDIRECT -p tcp -j REDIRECT --to-ports 15001
2022-05-26T05:25:12.653199579Z stdout F COMMIT
2022-05-26T05:25:12.65320196Z stdout F # Completed on Thu May 26 05:25:12 2022
2022-05-26T05:25:12.65320419Z stdout F 
