2022-05-09T21:48:22.915988445Z stdout F 2022-05-09T21:48:22.913128Z	info	Istio iptables environment:
2022-05-09T21:48:22.916063224Z stdout F ENVOY_PORT=
2022-05-09T21:48:22.916074255Z stdout F INBOUND_CAPTURE_PORT=
2022-05-09T21:48:22.916081147Z stdout F ISTIO_INBOUND_INTERCEPTION_MODE=
2022-05-09T21:48:22.916087655Z stdout F ISTIO_INBOUND_TPROXY_ROUTE_TABLE=
2022-05-09T21:48:22.916093651Z stdout F ISTIO_INBOUND_PORTS=
2022-05-09T21:48:22.916099827Z stdout F ISTIO_OUTBOUND_PORTS=
2022-05-09T21:48:22.916105529Z stdout F ISTIO_LOCAL_EXCLUDE_PORTS=
2022-05-09T21:48:22.916111691Z stdout F ISTIO_EXCLUDE_INTERFACES=
2022-05-09T21:48:22.916117853Z stdout F ISTIO_SERVICE_CIDR=
2022-05-09T21:48:22.916124136Z stdout F ISTIO_SERVICE_EXCLUDE_CIDR=
2022-05-09T21:48:22.916130043Z stdout F ISTIO_META_DNS_CAPTURE=
2022-05-09T21:48:22.916142059Z stdout F INVALID_DROP=
2022-05-09T21:48:22.916157528Z stdout F 
2022-05-09T21:48:22.916167124Z stdout F 2022-05-09T21:48:22.913308Z	info	Istio iptables variables:
2022-05-09T21:48:22.916173427Z stdout F PROXY_PORT=15001
2022-05-09T21:48:22.916178943Z stdout F PROXY_INBOUND_CAPTURE_PORT=15006
2022-05-09T21:48:22.916184219Z stdout F PROXY_TUNNEL_PORT=15008
2022-05-09T21:48:22.916190181Z stdout F PROXY_UID=1337
2022-05-09T21:48:22.916196265Z stdout F PROXY_GID=1337
2022-05-09T21:48:22.916202033Z stdout F INBOUND_INTERCEPTION_MODE=REDIRECT
2022-05-09T21:48:22.916207453Z stdout F INBOUND_TPROXY_MARK=1337
2022-05-09T21:48:22.916212578Z stdout F INBOUND_TPROXY_ROUTE_TABLE=133
2022-05-09T21:48:22.916218001Z stdout F INBOUND_PORTS_INCLUDE=*
2022-05-09T21:48:22.916223443Z stdout F INBOUND_PORTS_EXCLUDE=15090,15021,15020
2022-05-09T21:48:22.916229008Z stdout F OUTBOUND_IP_RANGES_INCLUDE=*
2022-05-09T21:48:22.916234369Z stdout F OUTBOUND_IP_RANGES_EXCLUDE=
2022-05-09T21:48:22.916239819Z stdout F OUTBOUND_PORTS_INCLUDE=
2022-05-09T21:48:22.916245135Z stdout F OUTBOUND_PORTS_EXCLUDE=
2022-05-09T21:48:22.916250809Z stdout F KUBE_VIRT_INTERFACES=
2022-05-09T21:48:22.916255794Z stdout F ENABLE_INBOUND_IPV6=false
2022-05-09T21:48:22.916261206Z stdout F DNS_CAPTURE=false
2022-05-09T21:48:22.916266572Z stdout F DROP_INVALID=false
2022-05-09T21:48:22.916271948Z stdout F CAPTURE_ALL_DNS=false
2022-05-09T21:48:22.916277403Z stdout F DNS_SERVERS=[],[]
2022-05-09T21:48:22.916287674Z stdout F OUTPUT_PATH=
2022-05-09T21:48:22.916299465Z stdout F NETWORK_NAMESPACE=
2022-05-09T21:48:22.916475411Z stdout F CNI_MODE=false
2022-05-09T21:48:22.916493248Z stdout F EXCLUDE_INTERFACES=
2022-05-09T21:48:22.916499761Z stdout F 
2022-05-09T21:48:22.925460896Z stdout F 2022-05-09T21:48:22.918953Z	info	Writing following contents to rules file: /tmp/iptables-rules-1652132902918502448.txt2187859848
2022-05-09T21:48:22.925522669Z stdout F * nat
2022-05-09T21:48:22.925529082Z stdout F -N ISTIO_INBOUND
2022-05-09T21:48:22.925533447Z stdout F -N ISTIO_REDIRECT
2022-05-09T21:48:22.925536918Z stdout F -N ISTIO_IN_REDIRECT
2022-05-09T21:48:22.925540413Z stdout F -N ISTIO_OUTPUT
2022-05-09T21:48:22.92554432Z stdout F -A ISTIO_INBOUND -p tcp --dport 15008 -j RETURN
2022-05-09T21:48:22.925548413Z stdout F -A ISTIO_REDIRECT -p tcp -j REDIRECT --to-ports 15001
2022-05-09T21:48:22.925551805Z stdout F -A ISTIO_IN_REDIRECT -p tcp -j REDIRECT --to-ports 15006
2022-05-09T21:48:22.925555091Z stdout F -A PREROUTING -p tcp -j ISTIO_INBOUND
2022-05-09T21:48:22.925639449Z stdout F -A ISTIO_INBOUND -p tcp --dport 15090 -j RETURN
2022-05-09T21:48:22.925652621Z stdout F -A ISTIO_INBOUND -p tcp --dport 15021 -j RETURN
2022-05-09T21:48:22.92565735Z stdout F -A ISTIO_INBOUND -p tcp --dport 15020 -j RETURN
2022-05-09T21:48:22.925660783Z stdout F -A ISTIO_INBOUND -p tcp -j ISTIO_IN_REDIRECT
2022-05-09T21:48:22.92566472Z stdout F -A OUTPUT -p tcp -j ISTIO_OUTPUT
2022-05-09T21:48:22.92566806Z stdout F -A ISTIO_OUTPUT -o lo -s 127.0.0.6/32 -j RETURN
2022-05-09T21:48:22.925671827Z stdout F -A ISTIO_OUTPUT -o lo ! -d 127.0.0.1/32 -m owner --uid-owner 1337 -j ISTIO_IN_REDIRECT
2022-05-09T21:48:22.925675247Z stdout F -A ISTIO_OUTPUT -o lo -m owner ! --uid-owner 1337 -j RETURN
2022-05-09T21:48:22.925693144Z stdout F -A ISTIO_OUTPUT -m owner --uid-owner 1337 -j RETURN
2022-05-09T21:48:22.925697288Z stdout F -A ISTIO_OUTPUT -o lo ! -d 127.0.0.1/32 -m owner --gid-owner 1337 -j ISTIO_IN_REDIRECT
2022-05-09T21:48:22.925700663Z stdout F -A ISTIO_OUTPUT -o lo -m owner ! --gid-owner 1337 -j RETURN
2022-05-09T21:48:22.925703929Z stdout F -A ISTIO_OUTPUT -m owner --gid-owner 1337 -j RETURN
2022-05-09T21:48:22.925707255Z stdout F -A ISTIO_OUTPUT -d 127.0.0.1/32 -j RETURN
2022-05-09T21:48:22.925710595Z stdout F -A ISTIO_OUTPUT -j ISTIO_REDIRECT
2022-05-09T21:48:22.925713991Z stdout F COMMIT
2022-05-09T21:48:22.925718423Z stdout F 2022-05-09T21:48:22.919115Z	info	Running command: iptables-restore --noflush /tmp/iptables-rules-1652132902918502448.txt2187859848
2022-05-09T21:48:22.93824368Z stdout F 2022-05-09T21:48:22.936143Z	info	Writing following contents to rules file: /tmp/ip6tables-rules-1652132902936077642.txt371342936
2022-05-09T21:48:22.938280302Z stdout F 
2022-05-09T21:48:22.938289898Z stdout F 2022-05-09T21:48:22.936217Z	info	Running command: ip6tables-restore --noflush /tmp/ip6tables-rules-1652132902936077642.txt371342936
2022-05-09T21:48:22.945503482Z stdout F 2022-05-09T21:48:22.941521Z	info	Running command: iptables-save 
2022-05-09T21:48:22.958917049Z stdout F 2022-05-09T21:48:22.956033Z	info	Command output: 
2022-05-09T21:48:22.958964224Z stdout F # Generated by iptables-save v1.8.4 on Mon May  9 21:48:22 2022
2022-05-09T21:48:22.958973316Z stdout F *nat
2022-05-09T21:48:22.958979716Z stdout F :PREROUTING ACCEPT [0:0]
2022-05-09T21:48:22.95898538Z stdout F :INPUT ACCEPT [0:0]
2022-05-09T21:48:22.958990797Z stdout F :OUTPUT ACCEPT [0:0]
2022-05-09T21:48:22.959370154Z stdout F :POSTROUTING ACCEPT [0:0]
2022-05-09T21:48:22.959381668Z stdout F :ISTIO_INBOUND - [0:0]
2022-05-09T21:48:22.95938829Z stdout F :ISTIO_IN_REDIRECT - [0:0]
2022-05-09T21:48:22.959393948Z stdout F :ISTIO_OUTPUT - [0:0]
2022-05-09T21:48:22.959399474Z stdout F :ISTIO_REDIRECT - [0:0]
2022-05-09T21:48:22.959405591Z stdout F -A PREROUTING -p tcp -j ISTIO_INBOUND
2022-05-09T21:48:22.959411225Z stdout F -A OUTPUT -p tcp -j ISTIO_OUTPUT
2022-05-09T21:48:22.959417151Z stdout F -A ISTIO_INBOUND -p tcp -m tcp --dport 15008 -j RETURN
2022-05-09T21:48:22.959423333Z stdout F -A ISTIO_INBOUND -p tcp -m tcp --dport 15090 -j RETURN
2022-05-09T21:48:22.959428284Z stdout F -A ISTIO_INBOUND -p tcp -m tcp --dport 15021 -j RETURN
2022-05-09T21:48:22.959433166Z stdout F -A ISTIO_INBOUND -p tcp -m tcp --dport 15020 -j RETURN
2022-05-09T21:48:22.959438351Z stdout F -A ISTIO_INBOUND -p tcp -j ISTIO_IN_REDIRECT
2022-05-09T21:48:22.95944325Z stdout F -A ISTIO_IN_REDIRECT -p tcp -j REDIRECT --to-ports 15006
2022-05-09T21:48:22.959448188Z stdout F -A ISTIO_OUTPUT -s 127.0.0.6/32 -o lo -j RETURN
2022-05-09T21:48:22.959453785Z stdout F -A ISTIO_OUTPUT ! -d 127.0.0.1/32 -o lo -m owner --uid-owner 1337 -j ISTIO_IN_REDIRECT
2022-05-09T21:48:22.959458983Z stdout F -A ISTIO_OUTPUT -o lo -m owner ! --uid-owner 1337 -j RETURN
2022-05-09T21:48:22.959463891Z stdout F -A ISTIO_OUTPUT -m owner --uid-owner 1337 -j RETURN
2022-05-09T21:48:22.959468711Z stdout F -A ISTIO_OUTPUT ! -d 127.0.0.1/32 -o lo -m owner --gid-owner 1337 -j ISTIO_IN_REDIRECT
2022-05-09T21:48:22.959473636Z stdout F -A ISTIO_OUTPUT -o lo -m owner ! --gid-owner 1337 -j RETURN
2022-05-09T21:48:22.959478479Z stdout F -A ISTIO_OUTPUT -m owner --gid-owner 1337 -j RETURN
2022-05-09T21:48:22.959483849Z stdout F -A ISTIO_OUTPUT -d 127.0.0.1/32 -j RETURN
2022-05-09T21:48:22.959488884Z stdout F -A ISTIO_OUTPUT -j ISTIO_REDIRECT
2022-05-09T21:48:22.959493931Z stdout F -A ISTIO_REDIRECT -p tcp -j REDIRECT --to-ports 15001
2022-05-09T21:48:22.959499471Z stdout F COMMIT
2022-05-09T21:48:22.959505215Z stdout F # Completed on Mon May  9 21:48:22 2022
2022-05-09T21:48:22.959510771Z stdout F 
