2022-04-27T06:19:37.063563012Z stdout F 2022-04-27T06:19:37.043331Z	info	Istio iptables environment:
2022-04-27T06:19:37.063647821Z stdout F ENVOY_PORT=
2022-04-27T06:19:37.063688545Z stdout F INBOUND_CAPTURE_PORT=
2022-04-27T06:19:37.063700749Z stdout F ISTIO_INBOUND_INTERCEPTION_MODE=
2022-04-27T06:19:37.063709568Z stdout F ISTIO_INBOUND_TPROXY_ROUTE_TABLE=
2022-04-27T06:19:37.063714939Z stdout F ISTIO_INBOUND_PORTS=
2022-04-27T06:19:37.06372074Z stdout F ISTIO_OUTBOUND_PORTS=
2022-04-27T06:19:37.063728367Z stdout F ISTIO_LOCAL_EXCLUDE_PORTS=
2022-04-27T06:19:37.063736244Z stdout F ISTIO_EXCLUDE_INTERFACES=
2022-04-27T06:19:37.063743748Z stdout F ISTIO_SERVICE_CIDR=
2022-04-27T06:19:37.063750721Z stdout F ISTIO_SERVICE_EXCLUDE_CIDR=
2022-04-27T06:19:37.063755555Z stdout F ISTIO_META_DNS_CAPTURE=
2022-04-27T06:19:37.063760543Z stdout F INVALID_DROP=
2022-04-27T06:19:37.063765218Z stdout F 
2022-04-27T06:19:37.063770057Z stdout F 2022-04-27T06:19:37.043576Z	info	Istio iptables variables:
2022-04-27T06:19:37.063776189Z stdout F PROXY_PORT=15001
2022-04-27T06:19:37.063784012Z stdout F PROXY_INBOUND_CAPTURE_PORT=15006
2022-04-27T06:19:37.063791968Z stdout F PROXY_TUNNEL_PORT=15008
2022-04-27T06:19:37.063800456Z stdout F PROXY_UID=1337
2022-04-27T06:19:37.063808194Z stdout F PROXY_GID=1337
2022-04-27T06:19:37.063815802Z stdout F INBOUND_INTERCEPTION_MODE=REDIRECT
2022-04-27T06:19:37.063823282Z stdout F INBOUND_TPROXY_MARK=1337
2022-04-27T06:19:37.063916903Z stdout F INBOUND_TPROXY_ROUTE_TABLE=133
2022-04-27T06:19:37.063927108Z stdout F INBOUND_PORTS_INCLUDE=*
2022-04-27T06:19:37.063935184Z stdout F INBOUND_PORTS_EXCLUDE=15090,15021,15020
2022-04-27T06:19:37.063943358Z stdout F OUTBOUND_IP_RANGES_INCLUDE=*
2022-04-27T06:19:37.063951117Z stdout F OUTBOUND_IP_RANGES_EXCLUDE=
2022-04-27T06:19:37.063958789Z stdout F OUTBOUND_PORTS_INCLUDE=
2022-04-27T06:19:37.063966657Z stdout F OUTBOUND_PORTS_EXCLUDE=
2022-04-27T06:19:37.063975395Z stdout F KUBE_VIRT_INTERFACES=
2022-04-27T06:19:37.063983457Z stdout F ENABLE_INBOUND_IPV6=false
2022-04-27T06:19:37.063991425Z stdout F DNS_CAPTURE=false
2022-04-27T06:19:37.063999685Z stdout F DROP_INVALID=false
2022-04-27T06:19:37.064008121Z stdout F CAPTURE_ALL_DNS=false
2022-04-27T06:19:37.064015897Z stdout F DNS_SERVERS=[],[]
2022-04-27T06:19:37.064024653Z stdout F OUTPUT_PATH=
2022-04-27T06:19:37.064033108Z stdout F NETWORK_NAMESPACE=
2022-04-27T06:19:37.064041326Z stdout F CNI_MODE=false
2022-04-27T06:19:37.064053918Z stdout F EXCLUDE_INTERFACES=
2022-04-27T06:19:37.064062581Z stdout F 
2022-04-27T06:19:37.064071679Z stdout F 2022-04-27T06:19:37.056034Z	info	Writing following contents to rules file: /tmp/iptables-rules-1651040377043803324.txt1441175302
2022-04-27T06:19:37.064079284Z stdout F * nat
2022-04-27T06:19:37.064087032Z stdout F -N ISTIO_INBOUND
2022-04-27T06:19:37.06409471Z stdout F -N ISTIO_REDIRECT
2022-04-27T06:19:37.064102814Z stdout F -N ISTIO_IN_REDIRECT
2022-04-27T06:19:37.06411071Z stdout F -N ISTIO_OUTPUT
2022-04-27T06:19:37.064118813Z stdout F -A ISTIO_INBOUND -p tcp --dport 15008 -j RETURN
2022-04-27T06:19:37.064126178Z stdout F -A ISTIO_REDIRECT -p tcp -j REDIRECT --to-ports 15001
2022-04-27T06:19:37.064133749Z stdout F -A ISTIO_IN_REDIRECT -p tcp -j REDIRECT --to-ports 15006
2022-04-27T06:19:37.064141462Z stdout F -A PREROUTING -p tcp -j ISTIO_INBOUND
2022-04-27T06:19:37.064149265Z stdout F -A ISTIO_INBOUND -p tcp --dport 15090 -j RETURN
2022-04-27T06:19:37.064156555Z stdout F -A ISTIO_INBOUND -p tcp --dport 15021 -j RETURN
2022-04-27T06:19:37.064164255Z stdout F -A ISTIO_INBOUND -p tcp --dport 15020 -j RETURN
2022-04-27T06:19:37.064172306Z stdout F -A ISTIO_INBOUND -p tcp -j ISTIO_IN_REDIRECT
2022-04-27T06:19:37.064180204Z stdout F -A OUTPUT -p tcp -j ISTIO_OUTPUT
2022-04-27T06:19:37.064187918Z stdout F -A ISTIO_OUTPUT -o lo -s 127.0.0.6/32 -j RETURN
2022-04-27T06:19:37.064195947Z stdout F -A ISTIO_OUTPUT -o lo ! -d 127.0.0.1/32 -m owner --uid-owner 1337 -j ISTIO_IN_REDIRECT
2022-04-27T06:19:37.064203912Z stdout F -A ISTIO_OUTPUT -o lo -m owner ! --uid-owner 1337 -j RETURN
2022-04-27T06:19:37.064232369Z stdout F -A ISTIO_OUTPUT -m owner --uid-owner 1337 -j RETURN
2022-04-27T06:19:37.064243612Z stdout F -A ISTIO_OUTPUT -o lo ! -d 127.0.0.1/32 -m owner --gid-owner 1337 -j ISTIO_IN_REDIRECT
2022-04-27T06:19:37.064252388Z stdout F -A ISTIO_OUTPUT -o lo -m owner ! --gid-owner 1337 -j RETURN
2022-04-27T06:19:37.064261159Z stdout F -A ISTIO_OUTPUT -m owner --gid-owner 1337 -j RETURN
2022-04-27T06:19:37.06426923Z stdout F -A ISTIO_OUTPUT -d 127.0.0.1/32 -j RETURN
2022-04-27T06:19:37.06427744Z stdout F -A ISTIO_OUTPUT -j ISTIO_REDIRECT
2022-04-27T06:19:37.064285951Z stdout F COMMIT
2022-04-27T06:19:37.064294029Z stdout F 2022-04-27T06:19:37.058103Z	info	Running command: iptables-restore --noflush /tmp/iptables-rules-1651040377043803324.txt1441175302
2022-04-27T06:19:37.108345613Z stdout F 2022-04-27T06:19:37.107371Z	info	Writing following contents to rules file: /tmp/ip6tables-rules-1651040377106636996.txt652781954
2022-04-27T06:19:37.10847749Z stdout F 
2022-04-27T06:19:37.108501307Z stdout F 2022-04-27T06:19:37.107713Z	info	Running command: ip6tables-restore --noflush /tmp/ip6tables-rules-1651040377106636996.txt652781954
2022-04-27T06:19:37.127532262Z stdout F 2022-04-27T06:19:37.121912Z	info	Running command: iptables-save 
2022-04-27T06:19:37.164746529Z stdout F 2022-04-27T06:19:37.151487Z	info	Command output: 
2022-04-27T06:19:37.164800853Z stdout F # Generated by iptables-save v1.8.4 on Wed Apr 27 06:19:37 2022
2022-04-27T06:19:37.164814918Z stdout F *nat
2022-04-27T06:19:37.164825382Z stdout F :PREROUTING ACCEPT [0:0]
2022-04-27T06:19:37.164834053Z stdout F :INPUT ACCEPT [0:0]
2022-04-27T06:19:37.164842242Z stdout F :OUTPUT ACCEPT [0:0]
2022-04-27T06:19:37.164850447Z stdout F :POSTROUTING ACCEPT [0:0]
2022-04-27T06:19:37.164858304Z stdout F :ISTIO_INBOUND - [0:0]
2022-04-27T06:19:37.164865963Z stdout F :ISTIO_IN_REDIRECT - [0:0]
2022-04-27T06:19:37.16487373Z stdout F :ISTIO_OUTPUT - [0:0]
2022-04-27T06:19:37.164881662Z stdout F :ISTIO_REDIRECT - [0:0]
2022-04-27T06:19:37.164890197Z stdout F -A PREROUTING -p tcp -j ISTIO_INBOUND
2022-04-27T06:19:37.164898099Z stdout F -A OUTPUT -p tcp -j ISTIO_OUTPUT
2022-04-27T06:19:37.164905716Z stdout F -A ISTIO_INBOUND -p tcp -m tcp --dport 15008 -j RETURN
2022-04-27T06:19:37.164913701Z stdout F -A ISTIO_INBOUND -p tcp -m tcp --dport 15090 -j RETURN
2022-04-27T06:19:37.164921386Z stdout F -A ISTIO_INBOUND -p tcp -m tcp --dport 15021 -j RETURN
2022-04-27T06:19:37.164929246Z stdout F -A ISTIO_INBOUND -p tcp -m tcp --dport 15020 -j RETURN
2022-04-27T06:19:37.164936912Z stdout F -A ISTIO_INBOUND -p tcp -j ISTIO_IN_REDIRECT
2022-04-27T06:19:37.164944266Z stdout F -A ISTIO_IN_REDIRECT -p tcp -j REDIRECT --to-ports 15006
2022-04-27T06:19:37.164951849Z stdout F -A ISTIO_OUTPUT -s 127.0.0.6/32 -o lo -j RETURN
2022-04-27T06:19:37.164960245Z stdout F -A ISTIO_OUTPUT ! -d 127.0.0.1/32 -o lo -m owner --uid-owner 1337 -j ISTIO_IN_REDIRECT
2022-04-27T06:19:37.164967735Z stdout F -A ISTIO_OUTPUT -o lo -m owner ! --uid-owner 1337 -j RETURN
2022-04-27T06:19:37.164975026Z stdout F -A ISTIO_OUTPUT -m owner --uid-owner 1337 -j RETURN
2022-04-27T06:19:37.164983317Z stdout F -A ISTIO_OUTPUT ! -d 127.0.0.1/32 -o lo -m owner --gid-owner 1337 -j ISTIO_IN_REDIRECT
2022-04-27T06:19:37.164990781Z stdout F -A ISTIO_OUTPUT -o lo -m owner ! --gid-owner 1337 -j RETURN
2022-04-27T06:19:37.164998134Z stdout F -A ISTIO_OUTPUT -m owner --gid-owner 1337 -j RETURN
2022-04-27T06:19:37.165006519Z stdout F -A ISTIO_OUTPUT -d 127.0.0.1/32 -j RETURN
2022-04-27T06:19:37.165014288Z stdout F -A ISTIO_OUTPUT -j ISTIO_REDIRECT
2022-04-27T06:19:37.165022002Z stdout F -A ISTIO_REDIRECT -p tcp -j REDIRECT --to-ports 15001
2022-04-27T06:19:37.165029451Z stdout F COMMIT
2022-04-27T06:19:37.165037582Z stdout F # Completed on Wed Apr 27 06:19:37 2022
2022-04-27T06:19:37.165044961Z stdout F 
