2022-05-09T21:46:03.731910066Z stdout F 2022-05-09T21:46:03.731465Z	info	Istio iptables environment:
2022-05-09T21:46:03.731984911Z stdout F ENVOY_PORT=
2022-05-09T21:46:03.731995094Z stdout F INBOUND_CAPTURE_PORT=
2022-05-09T21:46:03.732000173Z stdout F ISTIO_INBOUND_INTERCEPTION_MODE=
2022-05-09T21:46:03.732003589Z stdout F ISTIO_INBOUND_TPROXY_ROUTE_TABLE=
2022-05-09T21:46:03.732006318Z stdout F ISTIO_INBOUND_PORTS=
2022-05-09T21:46:03.732008994Z stdout F ISTIO_OUTBOUND_PORTS=
2022-05-09T21:46:03.732011569Z stdout F ISTIO_LOCAL_EXCLUDE_PORTS=
2022-05-09T21:46:03.732014129Z stdout F ISTIO_EXCLUDE_INTERFACES=
2022-05-09T21:46:03.732016658Z stdout F ISTIO_SERVICE_CIDR=
2022-05-09T21:46:03.732019231Z stdout F ISTIO_SERVICE_EXCLUDE_CIDR=
2022-05-09T21:46:03.732022239Z stdout F ISTIO_META_DNS_CAPTURE=
2022-05-09T21:46:03.732024867Z stdout F INVALID_DROP=
2022-05-09T21:46:03.732027338Z stdout F 
2022-05-09T21:46:03.732029943Z stdout F 2022-05-09T21:46:03.731633Z	info	Istio iptables variables:
2022-05-09T21:46:03.732032601Z stdout F PROXY_PORT=15001
2022-05-09T21:46:03.732035195Z stdout F PROXY_INBOUND_CAPTURE_PORT=15006
2022-05-09T21:46:03.732037706Z stdout F PROXY_TUNNEL_PORT=15008
2022-05-09T21:46:03.732040354Z stdout F PROXY_UID=1337
2022-05-09T21:46:03.732042916Z stdout F PROXY_GID=1337
2022-05-09T21:46:03.732045463Z stdout F INBOUND_INTERCEPTION_MODE=REDIRECT
2022-05-09T21:46:03.73204798Z stdout F INBOUND_TPROXY_MARK=1337
2022-05-09T21:46:03.732050603Z stdout F INBOUND_TPROXY_ROUTE_TABLE=133
2022-05-09T21:46:03.732053052Z stdout F INBOUND_PORTS_INCLUDE=*
2022-05-09T21:46:03.732055539Z stdout F INBOUND_PORTS_EXCLUDE=15090,15021,15020
2022-05-09T21:46:03.732058026Z stdout F OUTBOUND_IP_RANGES_INCLUDE=*
2022-05-09T21:46:03.732060491Z stdout F OUTBOUND_IP_RANGES_EXCLUDE=
2022-05-09T21:46:03.732062943Z stdout F OUTBOUND_PORTS_INCLUDE=
2022-05-09T21:46:03.732065964Z stdout F OUTBOUND_PORTS_EXCLUDE=
2022-05-09T21:46:03.732070049Z stdout F KUBE_VIRT_INTERFACES=
2022-05-09T21:46:03.732075041Z stdout F ENABLE_INBOUND_IPV6=false
2022-05-09T21:46:03.732079248Z stdout F DNS_CAPTURE=false
2022-05-09T21:46:03.73208341Z stdout F DROP_INVALID=false
2022-05-09T21:46:03.732086131Z stdout F CAPTURE_ALL_DNS=false
2022-05-09T21:46:03.732088604Z stdout F DNS_SERVERS=[],[]
2022-05-09T21:46:03.732091166Z stdout F OUTPUT_PATH=
2022-05-09T21:46:03.732093644Z stdout F NETWORK_NAMESPACE=
2022-05-09T21:46:03.732096143Z stdout F CNI_MODE=false
2022-05-09T21:46:03.732098672Z stdout F EXCLUDE_INTERFACES=
2022-05-09T21:46:03.732101047Z stdout F 
2022-05-09T21:46:03.732597553Z stdout F 2022-05-09T21:46:03.732290Z	info	Writing following contents to rules file: /tmp/iptables-rules-1652132763731802817.txt542769211
2022-05-09T21:46:03.732622698Z stdout F * nat
2022-05-09T21:46:03.732629891Z stdout F -N ISTIO_INBOUND
2022-05-09T21:46:03.73263702Z stdout F -N ISTIO_REDIRECT
2022-05-09T21:46:03.7326425Z stdout F -N ISTIO_IN_REDIRECT
2022-05-09T21:46:03.732647798Z stdout F -N ISTIO_OUTPUT
2022-05-09T21:46:03.732654512Z stdout F -A ISTIO_INBOUND -p tcp --dport 15008 -j RETURN
2022-05-09T21:46:03.732660882Z stdout F -A ISTIO_REDIRECT -p tcp -j REDIRECT --to-ports 15001
2022-05-09T21:46:03.732666054Z stdout F -A ISTIO_IN_REDIRECT -p tcp -j REDIRECT --to-ports 15006
2022-05-09T21:46:03.732670917Z stdout F -A PREROUTING -p tcp -j ISTIO_INBOUND
2022-05-09T21:46:03.732675727Z stdout F -A ISTIO_INBOUND -p tcp --dport 15090 -j RETURN
2022-05-09T21:46:03.732680478Z stdout F -A ISTIO_INBOUND -p tcp --dport 15021 -j RETURN
2022-05-09T21:46:03.73268546Z stdout F -A ISTIO_INBOUND -p tcp --dport 15020 -j RETURN
2022-05-09T21:46:03.732690308Z stdout F -A ISTIO_INBOUND -p tcp -j ISTIO_IN_REDIRECT
2022-05-09T21:46:03.732696215Z stdout F -A OUTPUT -p tcp -j ISTIO_OUTPUT
2022-05-09T21:46:03.732743988Z stdout F -A ISTIO_OUTPUT -o lo -s 127.0.0.6/32 -j RETURN
2022-05-09T21:46:03.73275775Z stdout F -A ISTIO_OUTPUT -o lo ! -d 127.0.0.1/32 -m owner --uid-owner 1337 -j ISTIO_IN_REDIRECT
2022-05-09T21:46:03.732763785Z stdout F -A ISTIO_OUTPUT -o lo -m owner ! --uid-owner 1337 -j RETURN
2022-05-09T21:46:03.732769099Z stdout F -A ISTIO_OUTPUT -m owner --uid-owner 1337 -j RETURN
2022-05-09T21:46:03.732788128Z stdout F -A ISTIO_OUTPUT -o lo ! -d 127.0.0.1/32 -m owner --gid-owner 1337 -j ISTIO_IN_REDIRECT
2022-05-09T21:46:03.732794117Z stdout F -A ISTIO_OUTPUT -o lo -m owner ! --gid-owner 1337 -j RETURN
2022-05-09T21:46:03.732799135Z stdout F -A ISTIO_OUTPUT -m owner --gid-owner 1337 -j RETURN
2022-05-09T21:46:03.732804107Z stdout F -A ISTIO_OUTPUT -d 127.0.0.1/32 -j RETURN
2022-05-09T21:46:03.732808867Z stdout F -A ISTIO_OUTPUT -j ISTIO_REDIRECT
2022-05-09T21:46:03.73281373Z stdout F COMMIT
2022-05-09T21:46:03.736827721Z stdout F 2022-05-09T21:46:03.732476Z	info	Running command: iptables-restore --noflush /tmp/iptables-rules-1652132763731802817.txt542769211
2022-05-09T21:46:03.745627245Z stdout F 2022-05-09T21:46:03.745146Z	info	Writing following contents to rules file: /tmp/ip6tables-rules-1652132763745077187.txt867860141
2022-05-09T21:46:03.745669543Z stdout F 
2022-05-09T21:46:03.745679045Z stdout F 2022-05-09T21:46:03.745229Z	info	Running command: ip6tables-restore --noflush /tmp/ip6tables-rules-1652132763745077187.txt867860141
2022-05-09T21:46:03.7642036Z stdout F 2022-05-09T21:46:03.763097Z	info	Running command: iptables-save 
2022-05-09T21:46:03.785835533Z stdout F 2022-05-09T21:46:03.783973Z	info	Command output: 
2022-05-09T21:46:03.785864608Z stdout F # Generated by iptables-save v1.8.4 on Mon May  9 21:46:03 2022
2022-05-09T21:46:03.785872385Z stdout F *nat
2022-05-09T21:46:03.785878847Z stdout F :PREROUTING ACCEPT [0:0]
2022-05-09T21:46:03.785884128Z stdout F :INPUT ACCEPT [0:0]
2022-05-09T21:46:03.785889464Z stdout F :OUTPUT ACCEPT [0:0]
2022-05-09T21:46:03.785895185Z stdout F :POSTROUTING ACCEPT [0:0]
2022-05-09T21:46:03.785900268Z stdout F :ISTIO_INBOUND - [0:0]
2022-05-09T21:46:03.785905392Z stdout F :ISTIO_IN_REDIRECT - [0:0]
2022-05-09T21:46:03.785910266Z stdout F :ISTIO_OUTPUT - [0:0]
2022-05-09T21:46:03.785915362Z stdout F :ISTIO_REDIRECT - [0:0]
2022-05-09T21:46:03.785920881Z stdout F -A PREROUTING -p tcp -j ISTIO_INBOUND
2022-05-09T21:46:03.785926053Z stdout F -A OUTPUT -p tcp -j ISTIO_OUTPUT
2022-05-09T21:46:03.785931126Z stdout F -A ISTIO_INBOUND -p tcp -m tcp --dport 15008 -j RETURN
2022-05-09T21:46:03.785936321Z stdout F -A ISTIO_INBOUND -p tcp -m tcp --dport 15090 -j RETURN
2022-05-09T21:46:03.785941489Z stdout F -A ISTIO_INBOUND -p tcp -m tcp --dport 15021 -j RETURN
2022-05-09T21:46:03.78594663Z stdout F -A ISTIO_INBOUND -p tcp -m tcp --dport 15020 -j RETURN
2022-05-09T21:46:03.785951909Z stdout F -A ISTIO_INBOUND -p tcp -j ISTIO_IN_REDIRECT
2022-05-09T21:46:03.785957022Z stdout F -A ISTIO_IN_REDIRECT -p tcp -j REDIRECT --to-ports 15006
2022-05-09T21:46:03.785962117Z stdout F -A ISTIO_OUTPUT -s 127.0.0.6/32 -o lo -j RETURN
2022-05-09T21:46:03.785967755Z stdout F -A ISTIO_OUTPUT ! -d 127.0.0.1/32 -o lo -m owner --uid-owner 1337 -j ISTIO_IN_REDIRECT
2022-05-09T21:46:03.785972914Z stdout F -A ISTIO_OUTPUT -o lo -m owner ! --uid-owner 1337 -j RETURN
2022-05-09T21:46:03.785978053Z stdout F -A ISTIO_OUTPUT -m owner --uid-owner 1337 -j RETURN
2022-05-09T21:46:03.785983173Z stdout F -A ISTIO_OUTPUT ! -d 127.0.0.1/32 -o lo -m owner --gid-owner 1337 -j ISTIO_IN_REDIRECT
2022-05-09T21:46:03.785988348Z stdout F -A ISTIO_OUTPUT -o lo -m owner ! --gid-owner 1337 -j RETURN
2022-05-09T21:46:03.785993488Z stdout F -A ISTIO_OUTPUT -m owner --gid-owner 1337 -j RETURN
2022-05-09T21:46:03.785998548Z stdout F -A ISTIO_OUTPUT -d 127.0.0.1/32 -j RETURN
2022-05-09T21:46:03.786003653Z stdout F -A ISTIO_OUTPUT -j ISTIO_REDIRECT
2022-05-09T21:46:03.786008746Z stdout F -A ISTIO_REDIRECT -p tcp -j REDIRECT --to-ports 15001
2022-05-09T21:46:03.786013921Z stdout F COMMIT
2022-05-09T21:46:03.786019109Z stdout F # Completed on Mon May  9 21:46:03 2022
2022-05-09T21:46:03.786024132Z stdout F 
