2022-05-26T05:25:12.356418475Z stdout F 2022-05-26T05:25:12.356115Z	info	Istio iptables environment:
2022-05-26T05:25:12.35645271Z stdout F ENVOY_PORT=
2022-05-26T05:25:12.356457667Z stdout F INBOUND_CAPTURE_PORT=
2022-05-26T05:25:12.356460815Z stdout F ISTIO_INBOUND_INTERCEPTION_MODE=
2022-05-26T05:25:12.356463784Z stdout F ISTIO_INBOUND_TPROXY_ROUTE_TABLE=
2022-05-26T05:25:12.356466048Z stdout F ISTIO_INBOUND_PORTS=
2022-05-26T05:25:12.356468491Z stdout F ISTIO_OUTBOUND_PORTS=
2022-05-26T05:25:12.356470764Z stdout F ISTIO_LOCAL_EXCLUDE_PORTS=
2022-05-26T05:25:12.356473048Z stdout F ISTIO_EXCLUDE_INTERFACES=
2022-05-26T05:25:12.356475275Z stdout F ISTIO_SERVICE_CIDR=
2022-05-26T05:25:12.35647752Z stdout F ISTIO_SERVICE_EXCLUDE_CIDR=
2022-05-26T05:25:12.356479774Z stdout F ISTIO_META_DNS_CAPTURE=
2022-05-26T05:25:12.356482016Z stdout F INVALID_DROP=
2022-05-26T05:25:12.356484209Z stdout F 
2022-05-26T05:25:12.356486694Z stdout F 2022-05-26T05:25:12.356178Z	info	Istio iptables variables:
2022-05-26T05:25:12.356488958Z stdout F PROXY_PORT=15001
2022-05-26T05:25:12.356491295Z stdout F PROXY_INBOUND_CAPTURE_PORT=15006
2022-05-26T05:25:12.356493816Z stdout F PROXY_TUNNEL_PORT=15008
2022-05-26T05:25:12.356496108Z stdout F PROXY_UID=1337
2022-05-26T05:25:12.356498474Z stdout F PROXY_GID=1337
2022-05-26T05:25:12.356500819Z stdout F INBOUND_INTERCEPTION_MODE=REDIRECT
2022-05-26T05:25:12.35650307Z stdout F INBOUND_TPROXY_MARK=1337
2022-05-26T05:25:12.356505401Z stdout F INBOUND_TPROXY_ROUTE_TABLE=133
2022-05-26T05:25:12.35650762Z stdout F INBOUND_PORTS_INCLUDE=*
2022-05-26T05:25:12.356509919Z stdout F INBOUND_PORTS_EXCLUDE=15090,15021,15020
2022-05-26T05:25:12.356512225Z stdout F OUTBOUND_IP_RANGES_INCLUDE=*
2022-05-26T05:25:12.356514454Z stdout F OUTBOUND_IP_RANGES_EXCLUDE=
2022-05-26T05:25:12.356516685Z stdout F OUTBOUND_PORTS_INCLUDE=
2022-05-26T05:25:12.356518964Z stdout F OUTBOUND_PORTS_EXCLUDE=
2022-05-26T05:25:12.356521199Z stdout F KUBE_VIRT_INTERFACES=
2022-05-26T05:25:12.356523552Z stdout F ENABLE_INBOUND_IPV6=false
2022-05-26T05:25:12.35652579Z stdout F DNS_CAPTURE=false
2022-05-26T05:25:12.356528065Z stdout F DROP_INVALID=false
2022-05-26T05:25:12.356530311Z stdout F CAPTURE_ALL_DNS=false
2022-05-26T05:25:12.356532588Z stdout F DNS_SERVERS=[],[]
2022-05-26T05:25:12.356534898Z stdout F OUTPUT_PATH=
2022-05-26T05:25:12.356537147Z stdout F NETWORK_NAMESPACE=
2022-05-26T05:25:12.356539479Z stdout F CNI_MODE=false
2022-05-26T05:25:12.356541943Z stdout F EXCLUDE_INTERFACES=
2022-05-26T05:25:12.356544076Z stdout F 
2022-05-26T05:25:12.356551984Z stdout F 2022-05-26T05:25:12.356401Z	info	Writing following contents to rules file: /tmp/iptables-rules-1653542712356236333.txt3531962393
2022-05-26T05:25:12.356554747Z stdout F * nat
2022-05-26T05:25:12.356557074Z stdout F -N ISTIO_INBOUND
2022-05-26T05:25:12.356559349Z stdout F -N ISTIO_REDIRECT
2022-05-26T05:25:12.356561634Z stdout F -N ISTIO_IN_REDIRECT
2022-05-26T05:25:12.356564027Z stdout F -N ISTIO_OUTPUT
2022-05-26T05:25:12.35656641Z stdout F -A ISTIO_INBOUND -p tcp --dport 15008 -j RETURN
2022-05-26T05:25:12.356568699Z stdout F -A ISTIO_REDIRECT -p tcp -j REDIRECT --to-ports 15001
2022-05-26T05:25:12.356570957Z stdout F -A ISTIO_IN_REDIRECT -p tcp -j REDIRECT --to-ports 15006
2022-05-26T05:25:12.356573177Z stdout F -A PREROUTING -p tcp -j ISTIO_INBOUND
2022-05-26T05:25:12.356575587Z stdout F -A ISTIO_INBOUND -p tcp --dport 15090 -j RETURN
2022-05-26T05:25:12.356577816Z stdout F -A ISTIO_INBOUND -p tcp --dport 15021 -j RETURN
2022-05-26T05:25:12.356580044Z stdout F -A ISTIO_INBOUND -p tcp --dport 15020 -j RETURN
2022-05-26T05:25:12.356582399Z stdout F -A ISTIO_INBOUND -p tcp -j ISTIO_IN_REDIRECT
2022-05-26T05:25:12.356584667Z stdout F -A OUTPUT -p tcp -j ISTIO_OUTPUT
2022-05-26T05:25:12.356586899Z stdout F -A ISTIO_OUTPUT -o lo -s 127.0.0.6/32 -j RETURN
2022-05-26T05:25:12.356589432Z stdout F -A ISTIO_OUTPUT -o lo ! -d 127.0.0.1/32 -m owner --uid-owner 1337 -j ISTIO_IN_REDIRECT
2022-05-26T05:25:12.356591661Z stdout F -A ISTIO_OUTPUT -o lo -m owner ! --uid-owner 1337 -j RETURN
2022-05-26T05:25:12.356594371Z stdout F -A ISTIO_OUTPUT -m owner --uid-owner 1337 -j RETURN
2022-05-26T05:25:12.35660276Z stdout F -A ISTIO_OUTPUT -o lo ! -d 127.0.0.1/32 -m owner --gid-owner 1337 -j ISTIO_IN_REDIRECT
2022-05-26T05:25:12.356605421Z stdout F -A ISTIO_OUTPUT -o lo -m owner ! --gid-owner 1337 -j RETURN
2022-05-26T05:25:12.356607719Z stdout F -A ISTIO_OUTPUT -m owner --gid-owner 1337 -j RETURN
2022-05-26T05:25:12.356609962Z stdout F -A ISTIO_OUTPUT -d 127.0.0.1/32 -j RETURN
2022-05-26T05:25:12.356612191Z stdout F -A ISTIO_OUTPUT -j ISTIO_REDIRECT
2022-05-26T05:25:12.356615616Z stdout F COMMIT
2022-05-26T05:25:12.356619733Z stdout F 2022-05-26T05:25:12.356454Z	info	Running command: iptables-restore --noflush /tmp/iptables-rules-1653542712356236333.txt3531962393
2022-05-26T05:25:12.361723923Z stdout F 2022-05-26T05:25:12.361492Z	info	Writing following contents to rules file: /tmp/ip6tables-rules-1653542712361440097.txt862189473
2022-05-26T05:25:12.361744195Z stdout F 
2022-05-26T05:25:12.361749062Z stdout F 2022-05-26T05:25:12.361545Z	info	Running command: ip6tables-restore --noflush /tmp/ip6tables-rules-1653542712361440097.txt862189473
2022-05-26T05:25:12.364686021Z stdout F 2022-05-26T05:25:12.363851Z	info	Running command: iptables-save 
2022-05-26T05:25:12.368064298Z stdout F 2022-05-26T05:25:12.367715Z	info	Command output: 
2022-05-26T05:25:12.368087258Z stdout F # Generated by iptables-save v1.8.4 on Thu May 26 05:25:12 2022
2022-05-26T05:25:12.368093144Z stdout F *nat
2022-05-26T05:25:12.368098037Z stdout F :PREROUTING ACCEPT [0:0]
2022-05-26T05:25:12.368102512Z stdout F :INPUT ACCEPT [0:0]
2022-05-26T05:25:12.368106925Z stdout F :OUTPUT ACCEPT [0:0]
2022-05-26T05:25:12.368112316Z stdout F :POSTROUTING ACCEPT [0:0]
2022-05-26T05:25:12.368116879Z stdout F :ISTIO_INBOUND - [0:0]
2022-05-26T05:25:12.368121234Z stdout F :ISTIO_IN_REDIRECT - [0:0]
2022-05-26T05:25:12.368125489Z stdout F :ISTIO_OUTPUT - [0:0]
2022-05-26T05:25:12.36813004Z stdout F :ISTIO_REDIRECT - [0:0]
2022-05-26T05:25:12.368134873Z stdout F -A PREROUTING -p tcp -j ISTIO_INBOUND
2022-05-26T05:25:12.368139035Z stdout F -A OUTPUT -p tcp -j ISTIO_OUTPUT
2022-05-26T05:25:12.368142921Z stdout F -A ISTIO_INBOUND -p tcp -m tcp --dport 15008 -j RETURN
2022-05-26T05:25:12.368146589Z stdout F -A ISTIO_INBOUND -p tcp -m tcp --dport 15090 -j RETURN
2022-05-26T05:25:12.368150535Z stdout F -A ISTIO_INBOUND -p tcp -m tcp --dport 15021 -j RETURN
2022-05-26T05:25:12.368153909Z stdout F -A ISTIO_INBOUND -p tcp -m tcp --dport 15020 -j RETURN
2022-05-26T05:25:12.368157067Z stdout F -A ISTIO_INBOUND -p tcp -j ISTIO_IN_REDIRECT
2022-05-26T05:25:12.368160256Z stdout F -A ISTIO_IN_REDIRECT -p tcp -j REDIRECT --to-ports 15006
2022-05-26T05:25:12.36816843Z stdout F -A ISTIO_OUTPUT -s 127.0.0.6/32 -o lo -j RETURN
2022-05-26T05:25:12.368177752Z stdout F -A ISTIO_OUTPUT ! -d 127.0.0.1/32 -o lo -m owner --uid-owner 1337 -j ISTIO_IN_REDIRECT
2022-05-26T05:25:12.368182582Z stdout F -A ISTIO_OUTPUT -o lo -m owner ! --uid-owner 1337 -j RETURN
2022-05-26T05:25:12.368186761Z stdout F -A ISTIO_OUTPUT -m owner --uid-owner 1337 -j RETURN
2022-05-26T05:25:12.368190673Z stdout F -A ISTIO_OUTPUT ! -d 127.0.0.1/32 -o lo -m owner --gid-owner 1337 -j ISTIO_IN_REDIRECT
2022-05-26T05:25:12.36819427Z stdout F -A ISTIO_OUTPUT -o lo -m owner ! --gid-owner 1337 -j RETURN
2022-05-26T05:25:12.368198417Z stdout F -A ISTIO_OUTPUT -m owner --gid-owner 1337 -j RETURN
2022-05-26T05:25:12.368202278Z stdout F -A ISTIO_OUTPUT -d 127.0.0.1/32 -j RETURN
2022-05-26T05:25:12.368206051Z stdout F -A ISTIO_OUTPUT -j ISTIO_REDIRECT
2022-05-26T05:25:12.36821014Z stdout F -A ISTIO_REDIRECT -p tcp -j REDIRECT --to-ports 15001
2022-05-26T05:25:12.368214344Z stdout F COMMIT
2022-05-26T05:25:12.368218527Z stdout F # Completed on Thu May 26 05:25:12 2022
2022-05-26T05:25:12.368222178Z stdout F 
