2022-05-09T06:52:59.654991068Z stdout F 2022-05-09T06:52:59.653738Z	info	Istio iptables environment:
2022-05-09T06:52:59.655031066Z stdout F ENVOY_PORT=
2022-05-09T06:52:59.655039352Z stdout F INBOUND_CAPTURE_PORT=
2022-05-09T06:52:59.655044311Z stdout F ISTIO_INBOUND_INTERCEPTION_MODE=
2022-05-09T06:52:59.655060402Z stdout F ISTIO_INBOUND_TPROXY_ROUTE_TABLE=
2022-05-09T06:52:59.65507084Z stdout F ISTIO_INBOUND_PORTS=
2022-05-09T06:52:59.655076615Z stdout F ISTIO_OUTBOUND_PORTS=
2022-05-09T06:52:59.65508136Z stdout F ISTIO_LOCAL_EXCLUDE_PORTS=
2022-05-09T06:52:59.655085612Z stdout F ISTIO_EXCLUDE_INTERFACES=
2022-05-09T06:52:59.655089907Z stdout F ISTIO_SERVICE_CIDR=
2022-05-09T06:52:59.655093879Z stdout F ISTIO_SERVICE_EXCLUDE_CIDR=
2022-05-09T06:52:59.655097981Z stdout F ISTIO_META_DNS_CAPTURE=
2022-05-09T06:52:59.655102915Z stdout F INVALID_DROP=
2022-05-09T06:52:59.655106961Z stdout F 
2022-05-09T06:52:59.65511137Z stdout F 2022-05-09T06:52:59.653790Z	info	Istio iptables variables:
2022-05-09T06:52:59.655115825Z stdout F PROXY_PORT=15001
2022-05-09T06:52:59.655119948Z stdout F PROXY_INBOUND_CAPTURE_PORT=15006
2022-05-09T06:52:59.655123997Z stdout F PROXY_TUNNEL_PORT=15008
2022-05-09T06:52:59.655126608Z stdout F PROXY_UID=1337
2022-05-09T06:52:59.655129212Z stdout F PROXY_GID=1337
2022-05-09T06:52:59.655131744Z stdout F INBOUND_INTERCEPTION_MODE=REDIRECT
2022-05-09T06:52:59.655134908Z stdout F INBOUND_TPROXY_MARK=1337
2022-05-09T06:52:59.655150474Z stdout F INBOUND_TPROXY_ROUTE_TABLE=133
2022-05-09T06:52:59.655158903Z stdout F INBOUND_PORTS_INCLUDE=*
2022-05-09T06:52:59.655162553Z stdout F INBOUND_PORTS_EXCLUDE=15090,15021,15020
2022-05-09T06:52:59.655166415Z stdout F OUTBOUND_IP_RANGES_INCLUDE=*
2022-05-09T06:52:59.655170252Z stdout F OUTBOUND_IP_RANGES_EXCLUDE=
2022-05-09T06:52:59.655174124Z stdout F OUTBOUND_PORTS_INCLUDE=
2022-05-09T06:52:59.655177213Z stdout F OUTBOUND_PORTS_EXCLUDE=
2022-05-09T06:52:59.655179702Z stdout F KUBE_VIRT_INTERFACES=
2022-05-09T06:52:59.655182232Z stdout F ENABLE_INBOUND_IPV6=false
2022-05-09T06:52:59.655185054Z stdout F DNS_CAPTURE=false
2022-05-09T06:52:59.655187565Z stdout F DROP_INVALID=false
2022-05-09T06:52:59.655226253Z stdout F CAPTURE_ALL_DNS=false
2022-05-09T06:52:59.655230804Z stdout F DNS_SERVERS=[],[]
2022-05-09T06:52:59.655233963Z stdout F OUTPUT_PATH=
2022-05-09T06:52:59.655236587Z stdout F NETWORK_NAMESPACE=
2022-05-09T06:52:59.655239212Z stdout F CNI_MODE=false
2022-05-09T06:52:59.655241809Z stdout F EXCLUDE_INTERFACES=
2022-05-09T06:52:59.655244283Z stdout F 
2022-05-09T06:52:59.655247173Z stdout F 2022-05-09T06:52:59.654117Z	info	Writing following contents to rules file: /tmp/iptables-rules-1652079179653865307.txt836726436
2022-05-09T06:52:59.655249723Z stdout F * nat
2022-05-09T06:52:59.65525227Z stdout F -N ISTIO_INBOUND
2022-05-09T06:52:59.655254876Z stdout F -N ISTIO_REDIRECT
2022-05-09T06:52:59.655257347Z stdout F -N ISTIO_IN_REDIRECT
2022-05-09T06:52:59.65525986Z stdout F -N ISTIO_OUTPUT
2022-05-09T06:52:59.655262598Z stdout F -A ISTIO_INBOUND -p tcp --dport 15008 -j RETURN
2022-05-09T06:52:59.65526538Z stdout F -A ISTIO_REDIRECT -p tcp -j REDIRECT --to-ports 15001
2022-05-09T06:52:59.655267917Z stdout F -A ISTIO_IN_REDIRECT -p tcp -j REDIRECT --to-ports 15006
2022-05-09T06:52:59.655270371Z stdout F -A PREROUTING -p tcp -j ISTIO_INBOUND
2022-05-09T06:52:59.655272827Z stdout F -A ISTIO_INBOUND -p tcp --dport 15090 -j RETURN
2022-05-09T06:52:59.655275301Z stdout F -A ISTIO_INBOUND -p tcp --dport 15021 -j RETURN
2022-05-09T06:52:59.655277818Z stdout F -A ISTIO_INBOUND -p tcp --dport 15020 -j RETURN
2022-05-09T06:52:59.655280266Z stdout F -A ISTIO_INBOUND -p tcp -j ISTIO_IN_REDIRECT
2022-05-09T06:52:59.655282889Z stdout F -A OUTPUT -p tcp -j ISTIO_OUTPUT
2022-05-09T06:52:59.655285374Z stdout F -A ISTIO_OUTPUT -o lo -s 127.0.0.6/32 -j RETURN
2022-05-09T06:52:59.655288181Z stdout F -A ISTIO_OUTPUT -o lo ! -d 127.0.0.1/32 -m owner --uid-owner 1337 -j ISTIO_IN_REDIRECT
2022-05-09T06:52:59.655290596Z stdout F -A ISTIO_OUTPUT -o lo -m owner ! --uid-owner 1337 -j RETURN
2022-05-09T06:52:59.655293077Z stdout F -A ISTIO_OUTPUT -m owner --uid-owner 1337 -j RETURN
2022-05-09T06:52:59.655304816Z stdout F -A ISTIO_OUTPUT -o lo ! -d 127.0.0.1/32 -m owner --gid-owner 1337 -j ISTIO_IN_REDIRECT
2022-05-09T06:52:59.655307846Z stdout F -A ISTIO_OUTPUT -o lo -m owner ! --gid-owner 1337 -j RETURN
2022-05-09T06:52:59.655310327Z stdout F -A ISTIO_OUTPUT -m owner --gid-owner 1337 -j RETURN
2022-05-09T06:52:59.65531283Z stdout F -A ISTIO_OUTPUT -d 127.0.0.1/32 -j RETURN
2022-05-09T06:52:59.65531532Z stdout F -A ISTIO_OUTPUT -j ISTIO_REDIRECT
2022-05-09T06:52:59.655317853Z stdout F COMMIT
2022-05-09T06:52:59.655320884Z stdout F 2022-05-09T06:52:59.654162Z	info	Running command: iptables-restore --noflush /tmp/iptables-rules-1652079179653865307.txt836726436
2022-05-09T06:52:59.660770352Z stdout F 2022-05-09T06:52:59.660093Z	info	Writing following contents to rules file: /tmp/ip6tables-rules-1652079179660042553.txt2698472135
2022-05-09T06:52:59.660785401Z stdout F 
2022-05-09T06:52:59.660789202Z stdout F 2022-05-09T06:52:59.660131Z	info	Running command: ip6tables-restore --noflush /tmp/ip6tables-rules-1652079179660042553.txt2698472135
2022-05-09T06:52:59.66213993Z stdout F 2022-05-09T06:52:59.661916Z	info	Running command: iptables-save 
2022-05-09T06:52:59.667941671Z stdout F 2022-05-09T06:52:59.666316Z	info	Command output: 
2022-05-09T06:52:59.667955306Z stdout F # Generated by iptables-save v1.8.4 on Mon May  9 06:52:59 2022
2022-05-09T06:52:59.667961589Z stdout F *nat
2022-05-09T06:52:59.667965945Z stdout F :PREROUTING ACCEPT [0:0]
2022-05-09T06:52:59.667968688Z stdout F :INPUT ACCEPT [0:0]
2022-05-09T06:52:59.66797127Z stdout F :OUTPUT ACCEPT [0:0]
2022-05-09T06:52:59.667977889Z stdout F :POSTROUTING ACCEPT [0:0]
2022-05-09T06:52:59.667980668Z stdout F :ISTIO_INBOUND - [0:0]
2022-05-09T06:52:59.667983228Z stdout F :ISTIO_IN_REDIRECT - [0:0]
2022-05-09T06:52:59.667985737Z stdout F :ISTIO_OUTPUT - [0:0]
2022-05-09T06:52:59.667988237Z stdout F :ISTIO_REDIRECT - [0:0]
2022-05-09T06:52:59.667991883Z stdout F -A PREROUTING -p tcp -j ISTIO_INBOUND
2022-05-09T06:52:59.667994612Z stdout F -A OUTPUT -p tcp -j ISTIO_OUTPUT
2022-05-09T06:52:59.667997156Z stdout F -A ISTIO_INBOUND -p tcp -m tcp --dport 15008 -j RETURN
2022-05-09T06:52:59.667999637Z stdout F -A ISTIO_INBOUND -p tcp -m tcp --dport 15090 -j RETURN
2022-05-09T06:52:59.668002149Z stdout F -A ISTIO_INBOUND -p tcp -m tcp --dport 15021 -j RETURN
2022-05-09T06:52:59.668004605Z stdout F -A ISTIO_INBOUND -p tcp -m tcp --dport 15020 -j RETURN
2022-05-09T06:52:59.668007085Z stdout F -A ISTIO_INBOUND -p tcp -j ISTIO_IN_REDIRECT
2022-05-09T06:52:59.668009605Z stdout F -A ISTIO_IN_REDIRECT -p tcp -j REDIRECT --to-ports 15006
2022-05-09T06:52:59.668012075Z stdout F -A ISTIO_OUTPUT -s 127.0.0.6/32 -o lo -j RETURN
2022-05-09T06:52:59.668016239Z stdout F -A ISTIO_OUTPUT ! -d 127.0.0.1/32 -o lo -m owner --uid-owner 1337 -j ISTIO_IN_REDIRECT
2022-05-09T06:52:59.668018828Z stdout F -A ISTIO_OUTPUT -o lo -m owner ! --uid-owner 1337 -j RETURN
2022-05-09T06:52:59.668021263Z stdout F -A ISTIO_OUTPUT -m owner --uid-owner 1337 -j RETURN
2022-05-09T06:52:59.668023831Z stdout F -A ISTIO_OUTPUT ! -d 127.0.0.1/32 -o lo -m owner --gid-owner 1337 -j ISTIO_IN_REDIRECT
2022-05-09T06:52:59.668026303Z stdout F -A ISTIO_OUTPUT -o lo -m owner ! --gid-owner 1337 -j RETURN
2022-05-09T06:52:59.668028739Z stdout F -A ISTIO_OUTPUT -m owner --gid-owner 1337 -j RETURN
2022-05-09T06:52:59.668031199Z stdout F -A ISTIO_OUTPUT -d 127.0.0.1/32 -j RETURN
2022-05-09T06:52:59.668033709Z stdout F -A ISTIO_OUTPUT -j ISTIO_REDIRECT
2022-05-09T06:52:59.668036176Z stdout F -A ISTIO_REDIRECT -p tcp -j REDIRECT --to-ports 15001
2022-05-09T06:52:59.668038695Z stdout F COMMIT
2022-05-09T06:52:59.668041203Z stdout F # Completed on Mon May  9 06:52:59 2022
2022-05-09T06:52:59.668043618Z stdout F 
