2022-04-30T04:28:41.426125964Z stdout F 2022-04-30T04:28:41.425797Z	info	Istio iptables environment:
2022-04-30T04:28:41.426170069Z stdout F ENVOY_PORT=
2022-04-30T04:28:41.426178735Z stdout F INBOUND_CAPTURE_PORT=
2022-04-30T04:28:41.426183384Z stdout F ISTIO_INBOUND_INTERCEPTION_MODE=
2022-04-30T04:28:41.426188855Z stdout F ISTIO_INBOUND_TPROXY_ROUTE_TABLE=
2022-04-30T04:28:41.426195273Z stdout F ISTIO_INBOUND_PORTS=
2022-04-30T04:28:41.42620181Z stdout F ISTIO_OUTBOUND_PORTS=
2022-04-30T04:28:41.426209035Z stdout F ISTIO_LOCAL_EXCLUDE_PORTS=
2022-04-30T04:28:41.426222081Z stdout F ISTIO_EXCLUDE_INTERFACES=
2022-04-30T04:28:41.42628428Z stdout F ISTIO_SERVICE_CIDR=
2022-04-30T04:28:41.426297291Z stdout F ISTIO_SERVICE_EXCLUDE_CIDR=
2022-04-30T04:28:41.426302068Z stdout F ISTIO_META_DNS_CAPTURE=
2022-04-30T04:28:41.426305907Z stdout F INVALID_DROP=
2022-04-30T04:28:41.426309448Z stdout F 
2022-04-30T04:28:41.42631357Z stdout F 2022-04-30T04:28:41.425896Z	info	Istio iptables variables:
2022-04-30T04:28:41.426317438Z stdout F PROXY_PORT=15001
2022-04-30T04:28:41.426321147Z stdout F PROXY_INBOUND_CAPTURE_PORT=15006
2022-04-30T04:28:41.426324729Z stdout F PROXY_TUNNEL_PORT=15008
2022-04-30T04:28:41.426389097Z stdout F PROXY_UID=1337
2022-04-30T04:28:41.42639854Z stdout F PROXY_GID=1337
2022-04-30T04:28:41.426402643Z stdout F INBOUND_INTERCEPTION_MODE=REDIRECT
2022-04-30T04:28:41.426418967Z stdout F INBOUND_TPROXY_MARK=1337
2022-04-30T04:28:41.426429307Z stdout F INBOUND_TPROXY_ROUTE_TABLE=133
2022-04-30T04:28:41.426433509Z stdout F INBOUND_PORTS_INCLUDE=*
2022-04-30T04:28:41.426437126Z stdout F INBOUND_PORTS_EXCLUDE=15090,15021,15020
2022-04-30T04:28:41.426440698Z stdout F OUTBOUND_IP_RANGES_INCLUDE=*
2022-04-30T04:28:41.426444267Z stdout F OUTBOUND_IP_RANGES_EXCLUDE=
2022-04-30T04:28:41.426447829Z stdout F OUTBOUND_PORTS_INCLUDE=
2022-04-30T04:28:41.426451353Z stdout F OUTBOUND_PORTS_EXCLUDE=
2022-04-30T04:28:41.426454943Z stdout F KUBE_VIRT_INTERFACES=
2022-04-30T04:28:41.426458542Z stdout F ENABLE_INBOUND_IPV6=false
2022-04-30T04:28:41.42646215Z stdout F DNS_CAPTURE=false
2022-04-30T04:28:41.426465819Z stdout F DROP_INVALID=false
2022-04-30T04:28:41.426469435Z stdout F CAPTURE_ALL_DNS=false
2022-04-30T04:28:41.426473054Z stdout F DNS_SERVERS=[],[]
2022-04-30T04:28:41.426476805Z stdout F OUTPUT_PATH=
2022-04-30T04:28:41.426480449Z stdout F NETWORK_NAMESPACE=
2022-04-30T04:28:41.426484085Z stdout F CNI_MODE=false
2022-04-30T04:28:41.426487783Z stdout F EXCLUDE_INTERFACES=
2022-04-30T04:28:41.426491221Z stdout F 
2022-04-30T04:28:41.426541657Z stdout F 2022-04-30T04:28:41.426183Z	info	Writing following contents to rules file: /tmp/iptables-rules-1651292921425953104.txt2759231528
2022-04-30T04:28:41.426572696Z stdout F * nat
2022-04-30T04:28:41.426628918Z stdout F -N ISTIO_INBOUND
2022-04-30T04:28:41.426650764Z stdout F -N ISTIO_REDIRECT
2022-04-30T04:28:41.426656416Z stdout F -N ISTIO_IN_REDIRECT
2022-04-30T04:28:41.426660613Z stdout F -N ISTIO_OUTPUT
2022-04-30T04:28:41.426667029Z stdout F -A ISTIO_INBOUND -p tcp --dport 15008 -j RETURN
2022-04-30T04:28:41.426671703Z stdout F -A ISTIO_REDIRECT -p tcp -j REDIRECT --to-ports 15001
2022-04-30T04:28:41.4266756Z stdout F -A ISTIO_IN_REDIRECT -p tcp -j REDIRECT --to-ports 15006
2022-04-30T04:28:41.426679512Z stdout F -A PREROUTING -p tcp -j ISTIO_INBOUND
2022-04-30T04:28:41.426683293Z stdout F -A ISTIO_INBOUND -p tcp --dport 15090 -j RETURN
2022-04-30T04:28:41.426687089Z stdout F -A ISTIO_INBOUND -p tcp --dport 15021 -j RETURN
2022-04-30T04:28:41.426690724Z stdout F -A ISTIO_INBOUND -p tcp --dport 15020 -j RETURN
2022-04-30T04:28:41.42669429Z stdout F -A ISTIO_INBOUND -p tcp -j ISTIO_IN_REDIRECT
2022-04-30T04:28:41.426698478Z stdout F -A OUTPUT -p tcp -j ISTIO_OUTPUT
2022-04-30T04:28:41.426702256Z stdout F -A ISTIO_OUTPUT -o lo -s 127.0.0.6/32 -j RETURN
2022-04-30T04:28:41.426706799Z stdout F -A ISTIO_OUTPUT -o lo ! -d 127.0.0.1/32 -m owner --uid-owner 1337 -j ISTIO_IN_REDIRECT
2022-04-30T04:28:41.42671046Z stdout F -A ISTIO_OUTPUT -o lo -m owner ! --uid-owner 1337 -j RETURN
2022-04-30T04:28:41.426714158Z stdout F -A ISTIO_OUTPUT -m owner --uid-owner 1337 -j RETURN
2022-04-30T04:28:41.426831279Z stdout F -A ISTIO_OUTPUT -o lo ! -d 127.0.0.1/32 -m owner --gid-owner 1337 -j ISTIO_IN_REDIRECT
2022-04-30T04:28:41.426843244Z stdout F -A ISTIO_OUTPUT -o lo -m owner ! --gid-owner 1337 -j RETURN
2022-04-30T04:28:41.426847225Z stdout F -A ISTIO_OUTPUT -m owner --gid-owner 1337 -j RETURN
2022-04-30T04:28:41.426850912Z stdout F -A ISTIO_OUTPUT -d 127.0.0.1/32 -j RETURN
2022-04-30T04:28:41.426854436Z stdout F -A ISTIO_OUTPUT -j ISTIO_REDIRECT
2022-04-30T04:28:41.426858038Z stdout F COMMIT
2022-04-30T04:28:41.426862623Z stdout F 2022-04-30T04:28:41.426274Z	info	Running command: iptables-restore --noflush /tmp/iptables-rules-1651292921425953104.txt2759231528
2022-04-30T04:28:41.434971803Z stdout F 2022-04-30T04:28:41.434186Z	info	Writing following contents to rules file: /tmp/ip6tables-rules-1651292921434062667.txt2442331773
2022-04-30T04:28:41.43501069Z stdout F 
2022-04-30T04:28:41.435031723Z stdout F 2022-04-30T04:28:41.434284Z	info	Running command: ip6tables-restore --noflush /tmp/ip6tables-rules-1651292921434062667.txt2442331773
2022-04-30T04:28:41.465352641Z stdout F 2022-04-30T04:28:41.464428Z	info	Running command: iptables-save 
2022-04-30T04:28:41.469830575Z stdout F 2022-04-30T04:28:41.469198Z	info	Command output: 
2022-04-30T04:28:41.469890106Z stdout F # Generated by iptables-save v1.8.4 on Sat Apr 30 04:28:41 2022
2022-04-30T04:28:41.469898221Z stdout F *nat
2022-04-30T04:28:41.469903082Z stdout F :PREROUTING ACCEPT [0:0]
2022-04-30T04:28:41.469906747Z stdout F :INPUT ACCEPT [0:0]
2022-04-30T04:28:41.469910368Z stdout F :OUTPUT ACCEPT [0:0]
2022-04-30T04:28:41.469914944Z stdout F :POSTROUTING ACCEPT [0:0]
2022-04-30T04:28:41.469918918Z stdout F :ISTIO_INBOUND - [0:0]
2022-04-30T04:28:41.469922509Z stdout F :ISTIO_IN_REDIRECT - [0:0]
2022-04-30T04:28:41.469926065Z stdout F :ISTIO_OUTPUT - [0:0]
2022-04-30T04:28:41.469929607Z stdout F :ISTIO_REDIRECT - [0:0]
2022-04-30T04:28:41.469933549Z stdout F -A PREROUTING -p tcp -j ISTIO_INBOUND
2022-04-30T04:28:41.469937065Z stdout F -A OUTPUT -p tcp -j ISTIO_OUTPUT
2022-04-30T04:28:41.469940587Z stdout F -A ISTIO_INBOUND -p tcp -m tcp --dport 15008 -j RETURN
2022-04-30T04:28:41.469944164Z stdout F -A ISTIO_INBOUND -p tcp -m tcp --dport 15090 -j RETURN
2022-04-30T04:28:41.469947662Z stdout F -A ISTIO_INBOUND -p tcp -m tcp --dport 15021 -j RETURN
2022-04-30T04:28:41.469951138Z stdout F -A ISTIO_INBOUND -p tcp -m tcp --dport 15020 -j RETURN
2022-04-30T04:28:41.469954591Z stdout F -A ISTIO_INBOUND -p tcp -j ISTIO_IN_REDIRECT
2022-04-30T04:28:41.469958062Z stdout F -A ISTIO_IN_REDIRECT -p tcp -j REDIRECT --to-ports 15006
2022-04-30T04:28:41.469961497Z stdout F -A ISTIO_OUTPUT -s 127.0.0.6/32 -o lo -j RETURN
2022-04-30T04:28:41.469965643Z stdout F -A ISTIO_OUTPUT ! -d 127.0.0.1/32 -o lo -m owner --uid-owner 1337 -j ISTIO_IN_REDIRECT
2022-04-30T04:28:41.470024902Z stdout F -A ISTIO_OUTPUT -o lo -m owner ! --uid-owner 1337 -j RETURN
2022-04-30T04:28:41.470051349Z stdout F -A ISTIO_OUTPUT -m owner --uid-owner 1337 -j RETURN
2022-04-30T04:28:41.470060843Z stdout F -A ISTIO_OUTPUT ! -d 127.0.0.1/32 -o lo -m owner --gid-owner 1337 -j ISTIO_IN_REDIRECT
2022-04-30T04:28:41.470084665Z stdout F -A ISTIO_OUTPUT -o lo -m owner ! --gid-owner 1337 -j RETURN
2022-04-30T04:28:41.470094195Z stdout F -A ISTIO_OUTPUT -m owner --gid-owner 1337 -j RETURN
2022-04-30T04:28:41.470098705Z stdout F -A ISTIO_OUTPUT -d 127.0.0.1/32 -j RETURN
2022-04-30T04:28:41.470102263Z stdout F -A ISTIO_OUTPUT -j ISTIO_REDIRECT
2022-04-30T04:28:41.470105774Z stdout F -A ISTIO_REDIRECT -p tcp -j REDIRECT --to-ports 15001
2022-04-30T04:28:41.47010992Z stdout F COMMIT
2022-04-30T04:28:41.470113955Z stdout F # Completed on Sat Apr 30 04:28:41 2022
2022-04-30T04:28:41.47011749Z stdout F 
