2022-05-25 18:54:03.110  INFO [bootstrap,,,] 1 --- [           main] s.c.a.AnnotationConfigApplicationContext : Refreshing org.springframework.context.annotation.AnnotationConfigApplicationContext@48533e64: startup date [Wed May 25 18:54:03 CST 2022]; root of context hierarchy
2022-05-25 18:54:37.857  INFO [bootstrap,,,] 1 --- [           main] trationDelegate$BeanPostProcessorChecker : Bean 'configurationPropertiesRebinderAutoConfiguration' of type [org.springframework.cloud.autoconfigure.ConfigurationPropertiesRebinderAutoConfiguration$$EnhancerBySpringCGLIB$$3c5b44cd] is not eligible for getting processed by all BeanPostProcessors (for example: not eligible for auto-proxying)

  .   ____          _            __ _ _
 /\\ / ___'_ __ _ _(_)_ __  __ _ \ \ \ \
( ( )\___ | '_ | '_| | '_ \/ _` | \ \ \ \
 \\/  ___)| |_)| | | | | || (_| |  ) ) ) )
  '  |____| .__|_| |_|_| |_\__, | / / / /
 =========|_|==============|___/=/_/_/_/
 :: Spring Boot ::       (v1.5.22.RELEASE)

2022-05-25 18:55:35.312  INFO [ts-admin-basic-info-service,,,] 1 --- [           main] adminbasic.AdminBasicInfoApplication     : No active profile set, falling back to default profiles: default
2022-05-25 18:55:37.471  INFO [ts-admin-basic-info-service,,,] 1 --- [           main] ationConfigEmbeddedWebApplicationContext : Refreshing org.springframework.boot.context.embedded.AnnotationConfigEmbeddedWebApplicationContext@7c16905e: startup date [Wed May 25 18:55:37 CST 2022]; parent: org.springframework.context.annotation.AnnotationConfigApplicationContext@48533e64
2022-05-25 18:57:02.857  INFO [ts-admin-basic-info-service,,,] 1 --- [           main] o.s.i.config.IntegrationRegistrar        : No bean named 'integrationHeaderChannelRegistry' has been explicitly defined. Therefore, a default DefaultHeaderChannelRegistry will be created.
2022-05-25 18:57:43.219  INFO [ts-admin-basic-info-service,,,] 1 --- [           main] o.s.cloud.context.scope.GenericScope     : BeanFactory id=e3420b87-853c-3a06-bf4a-515b48cc71b0
2022-05-25 18:57:45.118  INFO [ts-admin-basic-info-service,,,] 1 --- [           main] faultConfiguringBeanFactoryPostProcessor : No bean named 'errorChannel' has been explicitly defined. Therefore, a default PublishSubscribeChannel will be created.
2022-05-25 18:57:45.717  INFO [ts-admin-basic-info-service,,,] 1 --- [           main] faultConfiguringBeanFactoryPostProcessor : No bean named 'taskScheduler' has been explicitly defined. Therefore, a default ThreadPoolTaskScheduler will be created.
2022-05-25 18:57:51.542  INFO [ts-admin-basic-info-service,,,] 1 --- [           main] trationDelegate$BeanPostProcessorChecker : Bean 'org.springframework.cloud.sleuth.instrument.async.AsyncDefaultAutoConfiguration$DefaultAsyncConfigurerSupport' of type [org.springframework.cloud.sleuth.instrument.async.AsyncDefaultAutoConfiguration$DefaultAsyncConfigurerSupport$$EnhancerBySpringCGLIB$$5d82df93] is not eligible for getting processed by all BeanPostProcessors (for example: not eligible for auto-proxying)
2022-05-25 18:57:59.432  INFO [ts-admin-basic-info-service,,,] 1 --- [           main] trationDelegate$BeanPostProcessorChecker : Bean 'org.springframework.cloud.sleuth.annotation.SleuthAnnotationAutoConfiguration' of type [org.springframework.cloud.sleuth.annotation.SleuthAnnotationAutoConfiguration$$EnhancerBySpringCGLIB$$22a68802] is not eligible for getting processed by all BeanPostProcessors (for example: not eligible for auto-proxying)
2022-05-25 18:58:09.374  INFO [ts-admin-basic-info-service,,,] 1 --- [           main] trationDelegate$BeanPostProcessorChecker : Bean 'sleuthAdvisorConfig' of type [org.springframework.cloud.sleuth.annotation.SleuthAdvisorConfig] is not eligible for getting processed by all BeanPostProcessors (for example: not eligible for auto-proxying)
2022-05-25 18:58:10.692  INFO [ts-admin-basic-info-service,,,] 1 --- [           main] trationDelegate$BeanPostProcessorChecker : Bean 'org.springframework.security.config.annotation.configuration.ObjectPostProcessorConfiguration' of type [org.springframework.security.config.annotation.configuration.ObjectPostProcessorConfiguration$$EnhancerBySpringCGLIB$$b8ef0a0a] is not eligible for getting processed by all BeanPostProcessors (for example: not eligible for auto-proxying)
2022-05-25 18:58:11.549  INFO [ts-admin-basic-info-service,,,] 1 --- [           main] trationDelegate$BeanPostProcessorChecker : Bean 'objectPostProcessor' of type [org.springframework.security.config.annotation.configuration.AutowireBeanFactoryObjectPostProcessor] is not eligible for getting processed by all BeanPostProcessors (for example: not eligible for auto-proxying)
2022-05-25 18:58:11.741  INFO [ts-admin-basic-info-service,,,] 1 --- [           main] trationDelegate$BeanPostProcessorChecker : Bean 'org.springframework.security.access.expression.method.DefaultMethodSecurityExpressionHandler@4ee203eb' of type [org.springframework.security.access.expression.method.DefaultMethodSecurityExpressionHandler] is not eligible for getting processed by all BeanPostProcessors (for example: not eligible for auto-proxying)
2022-05-25 18:58:12.033  INFO [ts-admin-basic-info-service,,,] 1 --- [           main] trationDelegate$BeanPostProcessorChecker : Bean 'org.springframework.security.config.annotation.method.configuration.GlobalMethodSecurityConfiguration' of type [org.springframework.security.config.annotation.method.configuration.GlobalMethodSecurityConfiguration$$EnhancerBySpringCGLIB$$ddc3acbc] is not eligible for getting processed by all BeanPostProcessors (for example: not eligible for auto-proxying)
2022-05-25 18:58:13.740  INFO [ts-admin-basic-info-service,,,] 1 --- [           main] trationDelegate$BeanPostProcessorChecker : Bean 'methodSecurityMetadataSource' of type [org.springframework.security.access.method.DelegatingMethodSecurityMetadataSource] is not eligible for getting processed by all BeanPostProcessors (for example: not eligible for auto-proxying)
2022-05-25 18:58:18.930  INFO [ts-admin-basic-info-service,,,] 1 --- [           main] trationDelegate$BeanPostProcessorChecker : Bean 'integrationGlobalProperties' of type [org.springframework.beans.factory.config.PropertiesFactoryBean] is not eligible for getting processed by all BeanPostProcessors (for example: not eligible for auto-proxying)
2022-05-25 18:58:19.337  INFO [ts-admin-basic-info-service,,,] 1 --- [           main] trationDelegate$BeanPostProcessorChecker : Bean 'integrationGlobalProperties' of type [java.util.Properties] is not eligible for getting processed by all BeanPostProcessors (for example: not eligible for auto-proxying)
2022-05-25 18:58:24.471  INFO [ts-admin-basic-info-service,,,] 1 --- [           main] trationDelegate$BeanPostProcessorChecker : Bean 'org.springframework.cloud.autoconfigure.ConfigurationPropertiesRebinderAutoConfiguration' of type [org.springframework.cloud.autoconfigure.ConfigurationPropertiesRebinderAutoConfiguration$$EnhancerBySpringCGLIB$$3c5b44cd] is not eligible for getting processed by all BeanPostProcessors (for example: not eligible for auto-proxying)
2022-05-25 18:58:26.953  INFO [ts-admin-basic-info-service,,,] 1 --- [           main] trationDelegate$BeanPostProcessorChecker : Bean 'org.springframework.cloud.sleuth.instrument.async.AsyncDefaultAutoConfiguration' of type [org.springframework.cloud.sleuth.instrument.async.AsyncDefaultAutoConfiguration$$EnhancerBySpringCGLIB$$824edef] is not eligible for getting processed by all BeanPostProcessors (for example: not eligible for auto-proxying)
2022-05-25 18:58:27.946  INFO [ts-admin-basic-info-service,,,] 1 --- [           main] trationDelegate$BeanPostProcessorChecker : Bean 'org.springframework.cloud.sleuth.instrument.web.client.TraceWebClientAutoConfiguration' of type [org.springframework.cloud.sleuth.instrument.web.client.TraceWebClientAutoConfiguration$$EnhancerBySpringCGLIB$$ccd40d4f] is not eligible for getting processed by all BeanPostProcessors (for example: not eligible for auto-proxying)
2022-05-25 18:59:33.521  INFO [ts-admin-basic-info-service,,,] 1 --- [           main] s.b.c.e.t.TomcatEmbeddedServletContainer : Tomcat initialized with port(s): 18767 (http)
2022-05-25 19:00:17.088  INFO [ts-admin-basic-info-service,,,] 1 --- [           main] o.apache.catalina.core.StandardService   : Starting service [Tomcat]
2022-05-25 19:00:17.264  INFO [ts-admin-basic-info-service,,,] 1 --- [           main] org.apache.catalina.core.StandardEngine  : Starting Servlet Engine: Apache Tomcat/8.5.43
2022-05-25 19:00:28.870  INFO [ts-admin-basic-info-service,,,] 1 --- [ost-startStop-1] o.a.c.c.C.[Tomcat].[localhost].[/]       : Initializing Spring embedded WebApplicationContext
2022-05-25 19:00:29.188  INFO [ts-admin-basic-info-service,,,] 1 --- [ost-startStop-1] o.s.web.context.ContextLoader            : Root WebApplicationContext: initialization completed in 291718 ms
2022-05-25 19:02:16.423  INFO [ts-admin-basic-info-service,,,] 1 --- [ost-startStop-1] o.s.b.w.servlet.FilterRegistrationBean   : Mapping filter: 'metricsFilter' to: [/*]
2022-05-25 19:02:16.946  INFO [ts-admin-basic-info-service,,,] 1 --- [ost-startStop-1] o.s.b.w.servlet.FilterRegistrationBean   : Mapping filter: 'characterEncodingFilter' to: [/*]
2022-05-25 19:02:16.967  INFO [ts-admin-basic-info-service,,,] 1 --- [ost-startStop-1] o.s.b.w.servlet.FilterRegistrationBean   : Mapping filter: 'traceFilter' to: [/*]
2022-05-25 19:02:16.968  INFO [ts-admin-basic-info-service,,,] 1 --- [ost-startStop-1] o.s.b.w.servlet.FilterRegistrationBean   : Mapping filter: 'hiddenHttpMethodFilter' to: [/*]
2022-05-25 19:02:16.969  INFO [ts-admin-basic-info-service,,,] 1 --- [ost-startStop-1] o.s.b.w.servlet.FilterRegistrationBean   : Mapping filter: 'httpPutFormContentFilter' to: [/*]
2022-05-25 19:02:16.978  INFO [ts-admin-basic-info-service,,,] 1 --- [ost-startStop-1] o.s.b.w.servlet.FilterRegistrationBean   : Mapping filter: 'requestContextFilter' to: [/*]
2022-05-25 19:02:17.028  INFO [ts-admin-basic-info-service,,,] 1 --- [ost-startStop-1] .s.DelegatingFilterProxyRegistrationBean : Mapping filter: 'springSecurityFilterChain' to: [/*]
2022-05-25 19:02:17.160  INFO [ts-admin-basic-info-service,,,] 1 --- [ost-startStop-1] o.s.b.w.servlet.FilterRegistrationBean   : Mapping filter: 'webRequestLoggingFilter' to: [/*]
2022-05-25 19:02:17.161  INFO [ts-admin-basic-info-service,,,] 1 --- [ost-startStop-1] o.s.b.w.servlet.FilterRegistrationBean   : Mapping filter: 'applicationContextIdFilter' to: [/*]
2022-05-25 19:02:17.162  INFO [ts-admin-basic-info-service,,,] 1 --- [ost-startStop-1] o.s.b.w.servlet.ServletRegistrationBean  : Mapping servlet: 'dispatcherServlet' to [/]
2022-05-25 19:05:59.925  INFO [ts-admin-basic-info-service,,,] 1 --- [           main] s.w.s.m.m.a.RequestMappingHandlerMapping : Mapped "{[/api/v1/adminbasicservice/welcome],methods=[GET]}" onto public java.lang.String adminbasic.controller.AdminBasicInfoController.home(org.springframework.http.HttpHeaders)
2022-05-25 19:06:00.220  INFO [ts-admin-basic-info-service,,,] 1 --- [           main] s.w.s.m.m.a.RequestMappingHandlerMapping : Mapped "{[/api/v1/adminbasicservice/adminbasic/contacts],methods=[GET]}" onto public org.springframework.http.HttpEntity adminbasic.controller.AdminBasicInfoController.getAllContacts(org.springframework.http.HttpHeaders)
2022-05-25 19:06:00.645  INFO [ts-admin-basic-info-service,,,] 1 --- [           main] s.w.s.m.m.a.RequestMappingHandlerMapping : Mapped "{[/api/v1/adminbasicservice/adminbasic/contacts/{contactsId}],methods=[DELETE]}" onto public org.springframework.http.HttpEntity adminbasic.controller.AdminBasicInfoController.deleteContacts(java.lang.String,org.springframework.http.HttpHeaders)
2022-05-25 19:06:00.676  INFO [ts-admin-basic-info-service,,,] 1 --- [           main] s.w.s.m.m.a.RequestMappingHandlerMapping : Mapped "{[/api/v1/adminbasicservice/adminbasic/contacts],methods=[PUT]}" onto public org.springframework.http.HttpEntity adminbasic.controller.AdminBasicInfoController.modifyContacts(adminbasic.entity.Contacts,org.springframework.http.HttpHeaders)
2022-05-25 19:06:00.762  INFO [ts-admin-basic-info-service,,,] 1 --- [           main] s.w.s.m.m.a.RequestMappingHandlerMapping : Mapped "{[/api/v1/adminbasicservice/adminbasic/contacts],methods=[POST]}" onto public org.springframework.http.HttpEntity adminbasic.controller.AdminBasicInfoController.addContacts(adminbasic.entity.Contacts,org.springframework.http.HttpHeaders)
2022-05-25 19:06:00.764  INFO [ts-admin-basic-info-service,,,] 1 --- [           main] s.w.s.m.m.a.RequestMappingHandlerMapping : Mapped "{[/api/v1/adminbasicservice/adminbasic/stations],methods=[GET]}" onto public org.springframework.http.HttpEntity adminbasic.controller.AdminBasicInfoController.getAllStations(org.springframework.http.HttpHeaders)
2022-05-25 19:06:01.302  INFO [ts-admin-basic-info-service,,,] 1 --- [           main] s.w.s.m.m.a.RequestMappingHandlerMapping : Mapped "{[/api/v1/adminbasicservice/adminbasic/stations],methods=[DELETE]}" onto public org.springframework.http.HttpEntity adminbasic.controller.AdminBasicInfoController.deleteStation(adminbasic.entity.Station,org.springframework.http.HttpHeaders)
2022-05-25 19:06:01.327  INFO [ts-admin-basic-info-service,,,] 1 --- [           main] s.w.s.m.m.a.RequestMappingHandlerMapping : Mapped "{[/api/v1/adminbasicservice/adminbasic/stations],methods=[PUT]}" onto public org.springframework.http.HttpEntity adminbasic.controller.AdminBasicInfoController.modifyStation(adminbasic.entity.Station,org.springframework.http.HttpHeaders)
2022-05-25 19:06:01.456  INFO [ts-admin-basic-info-service,,,] 1 --- [           main] s.w.s.m.m.a.RequestMappingHandlerMapping : Mapped "{[/api/v1/adminbasicservice/adminbasic/stations],methods=[POST]}" onto public org.springframework.http.HttpEntity adminbasic.controller.AdminBasicInfoController.addStation(adminbasic.entity.Station,org.springframework.http.HttpHeaders)
2022-05-25 19:06:01.938  INFO [ts-admin-basic-info-service,,,] 1 --- [           main] s.w.s.m.m.a.RequestMappingHandlerMapping : Mapped "{[/api/v1/adminbasicservice/adminbasic/trains],methods=[GET]}" onto public org.springframework.http.HttpEntity adminbasic.controller.AdminBasicInfoController.getAllTrains(org.springframework.http.HttpHeaders)
2022-05-25 19:06:02.464  INFO [ts-admin-basic-info-service,,,] 1 --- [           main] s.w.s.m.m.a.RequestMappingHandlerMapping : Mapped "{[/api/v1/adminbasicservice/adminbasic/trains/{id}],methods=[DELETE]}" onto public org.springframework.http.HttpEntity adminbasic.controller.AdminBasicInfoController.deleteTrain(java.lang.String,org.springframework.http.HttpHeaders)
2022-05-25 19:06:02.596  INFO [ts-admin-basic-info-service,,,] 1 --- [           main] s.w.s.m.m.a.RequestMappingHandlerMapping : Mapped "{[/api/v1/adminbasicservice/adminbasic/trains],methods=[PUT]}" onto public org.springframework.http.HttpEntity adminbasic.controller.AdminBasicInfoController.modifyTrain(adminbasic.entity.TrainType,org.springframework.http.HttpHeaders)
2022-05-25 19:06:03.010  INFO [ts-admin-basic-info-service,,,] 1 --- [           main] s.w.s.m.m.a.RequestMappingHandlerMapping : Mapped "{[/api/v1/adminbasicservice/adminbasic/trains],methods=[POST]}" onto public org.springframework.http.HttpEntity adminbasic.controller.AdminBasicInfoController.addTrain(adminbasic.entity.TrainType,org.springframework.http.HttpHeaders)
2022-05-25 19:06:03.100  INFO [ts-admin-basic-info-service,,,] 1 --- [           main] s.w.s.m.m.a.RequestMappingHandlerMapping : Mapped "{[/api/v1/adminbasicservice/adminbasic/configs],methods=[GET]}" onto public org.springframework.http.HttpEntity adminbasic.controller.AdminBasicInfoController.getAllConfigs(org.springframework.http.HttpHeaders)
2022-05-25 19:06:03.258  INFO [ts-admin-basic-info-service,,,] 1 --- [           main] s.w.s.m.m.a.RequestMappingHandlerMapping : Mapped "{[/api/v1/adminbasicservice/adminbasic/configs/{name}],methods=[DELETE]}" onto public org.springframework.http.HttpEntity adminbasic.controller.AdminBasicInfoController.deleteConfig(java.lang.String,org.springframework.http.HttpHeaders)
2022-05-25 19:06:03.751  INFO [ts-admin-basic-info-service,,,] 1 --- [           main] s.w.s.m.m.a.RequestMappingHandlerMapping : Mapped "{[/api/v1/adminbasicservice/adminbasic/configs],methods=[PUT]}" onto public org.springframework.http.HttpEntity adminbasic.controller.AdminBasicInfoController.modifyConfig(adminbasic.entity.Config,org.springframework.http.HttpHeaders)
2022-05-25 19:06:03.752  INFO [ts-admin-basic-info-service,,,] 1 --- [           main] s.w.s.m.m.a.RequestMappingHandlerMapping : Mapped "{[/api/v1/adminbasicservice/adminbasic/configs],methods=[POST]}" onto public org.springframework.http.HttpEntity adminbasic.controller.AdminBasicInfoController.addConfig(adminbasic.entity.Config,org.springframework.http.HttpHeaders)
2022-05-25 19:06:04.410  INFO [ts-admin-basic-info-service,,,] 1 --- [           main] s.w.s.m.m.a.RequestMappingHandlerMapping : Mapped "{[/api/v1/adminbasicservice/adminbasic/prices],methods=[GET]}" onto public org.springframework.http.HttpEntity adminbasic.controller.AdminBasicInfoController.getAllPrices(org.springframework.http.HttpHeaders)
2022-05-25 19:06:04.776  INFO [ts-admin-basic-info-service,,,] 1 --- [           main] s.w.s.m.m.a.RequestMappingHandlerMapping : Mapped "{[/api/v1/adminbasicservice/adminbasic/prices],methods=[DELETE]}" onto public org.springframework.http.HttpEntity adminbasic.controller.AdminBasicInfoController.deletePrice(adminbasic.entity.PriceInfo,org.springframework.http.HttpHeaders)
2022-05-25 19:06:04.779  INFO [ts-admin-basic-info-service,,,] 1 --- [           main] s.w.s.m.m.a.RequestMappingHandlerMapping : Mapped "{[/api/v1/adminbasicservice/adminbasic/prices],methods=[PUT]}" onto public org.springframework.http.HttpEntity adminbasic.controller.AdminBasicInfoController.modifyPrice(adminbasic.entity.PriceInfo,org.springframework.http.HttpHeaders)
2022-05-25 19:06:07.883  INFO [ts-admin-basic-info-service,,,] 1 --- [           main] s.w.s.m.m.a.RequestMappingHandlerMapping : Mapped "{[/api/v1/adminbasicservice/adminbasic/prices],methods=[POST]}" onto public org.springframework.http.HttpEntity adminbasic.controller.AdminBasicInfoController.addPrice(adminbasic.entity.PriceInfo,org.springframework.http.HttpHeaders)
2022-05-25 19:06:09.781  INFO [ts-admin-basic-info-service,,,] 1 --- [           main] s.w.s.m.m.a.RequestMappingHandlerMapping : Mapped "{[/v2/api-docs],methods=[GET],produces=[application/json || application/hal+json]}" onto public org.springframework.http.ResponseEntity<springfox.documentation.spring.web.json.Json> springfox.documentation.swagger2.web.Swagger2Controller.getDocumentation(java.lang.String,javax.servlet.http.HttpServletRequest)
2022-05-25 19:06:12.956  INFO [ts-admin-basic-info-service,,,] 1 --- [           main] s.w.s.m.m.a.RequestMappingHandlerMapping : Mapped "{[/configuration/ui]}" onto org.springframework.http.ResponseEntity<springfox.documentation.swagger.web.UiConfiguration> springfox.documentation.swagger.web.ApiResourceController.uiConfiguration()
2022-05-25 19:06:13.950  INFO [ts-admin-basic-info-service,,,] 1 --- [           main] s.w.s.m.m.a.RequestMappingHandlerMapping : Mapped "{[/swagger-resources]}" onto org.springframework.http.ResponseEntity<java.util.List<springfox.documentation.swagger.web.SwaggerResource>> springfox.documentation.swagger.web.ApiResourceController.swaggerResources()
2022-05-25 19:06:14.308  INFO [ts-admin-basic-info-service,,,] 1 --- [           main] s.w.s.m.m.a.RequestMappingHandlerMapping : Mapped "{[/configuration/security]}" onto org.springframework.http.ResponseEntity<springfox.documentation.swagger.web.SecurityConfiguration> springfox.documentation.swagger.web.ApiResourceController.securityConfiguration()
2022-05-25 19:06:15.899  INFO [ts-admin-basic-info-service,,,] 1 --- [           main] s.w.s.m.m.a.RequestMappingHandlerMapping : Mapped "{[/error]}" onto public org.springframework.http.ResponseEntity<java.util.Map<java.lang.String, java.lang.Object>> org.springframework.boot.autoconfigure.web.BasicErrorController.error(javax.servlet.http.HttpServletRequest)
2022-05-25 19:06:16.465  INFO [ts-admin-basic-info-service,,,] 1 --- [           main] s.w.s.m.m.a.RequestMappingHandlerMapping : Mapped "{[/error],produces=[text/html]}" onto public org.springframework.web.servlet.ModelAndView org.springframework.boot.autoconfigure.web.BasicErrorController.errorHtml(javax.servlet.http.HttpServletRequest,javax.servlet.http.HttpServletResponse)
2022-05-25 19:11:01.628  INFO [ts-admin-basic-info-service,,,] 1 --- [           main] o.s.b.a.e.mvc.EndpointHandlerMapping     : Mapped "{[/auditevents || /auditevents.json],methods=[GET],produces=[application/vnd.spring-boot.actuator.v1+json || application/json]}" onto public org.springframework.http.ResponseEntity<?> org.springframework.boot.actuate.endpoint.mvc.AuditEventsMvcEndpoint.findByPrincipalAndAfterAndType(java.lang.String,java.util.Date,java.lang.String)
2022-05-25 19:11:01.971  INFO [ts-admin-basic-info-service,,,] 1 --- [           main] o.s.b.a.e.mvc.EndpointHandlerMapping     : Mapped "{[/env/{name:.*}],methods=[GET],produces=[application/vnd.spring-boot.actuator.v1+json || application/json]}" onto public java.lang.Object org.springframework.boot.actuate.endpoint.mvc.EnvironmentMvcEndpoint.value(java.lang.String)
2022-05-25 19:11:01.972  INFO [ts-admin-basic-info-service,,,] 1 --- [           main] o.s.b.a.e.mvc.EndpointHandlerMapping     : Mapped "{[/env || /env.json],methods=[GET],produces=[application/vnd.spring-boot.actuator.v1+json || application/json]}" onto public java.lang.Object org.springframework.boot.actuate.endpoint.mvc.EndpointMvcAdapter.invoke()
2022-05-25 19:11:01.995  INFO [ts-admin-basic-info-service,,,] 1 --- [           main] o.s.b.a.e.mvc.EndpointHandlerMapping     : Mapped "{[/dump || /dump.json],methods=[GET],produces=[application/vnd.spring-boot.actuator.v1+json || application/json]}" onto public java.lang.Object org.springframework.boot.actuate.endpoint.mvc.EndpointMvcAdapter.invoke()
2022-05-25 19:11:02.067  INFO [ts-admin-basic-info-service,,,] 1 --- [           main] o.s.b.a.e.mvc.EndpointHandlerMapping     : Mapped "{[/mappings || /mappings.json],methods=[GET],produces=[application/vnd.spring-boot.actuator.v1+json || application/json]}" onto public java.lang.Object org.springframework.boot.actuate.endpoint.mvc.EndpointMvcAdapter.invoke()
2022-05-25 19:11:02.081  INFO [ts-admin-basic-info-service,,,] 1 --- [           main] o.s.b.a.e.mvc.EndpointHandlerMapping     : Mapped "{[/health || /health.json],methods=[GET],produces=[application/vnd.spring-boot.actuator.v1+json || application/json]}" onto public java.lang.Object org.springframework.boot.actuate.endpoint.mvc.HealthMvcEndpoint.invoke(javax.servlet.http.HttpServletRequest,java.security.Principal)
2022-05-25 19:11:02.090  INFO [ts-admin-basic-info-service,,,] 1 --- [           main] o.s.b.a.e.mvc.EndpointHandlerMapping     : Mapped "{[/info || /info.json],methods=[GET],produces=[application/vnd.spring-boot.actuator.v1+json || application/json]}" onto public java.lang.Object org.springframework.boot.actuate.endpoint.mvc.EndpointMvcAdapter.invoke()
2022-05-25 19:11:02.132  INFO [ts-admin-basic-info-service,,,] 1 --- [           main] o.s.b.a.e.mvc.EndpointHandlerMapping     : Mapped "{[/refresh || /refresh.json],methods=[POST]}" onto public java.lang.Object org.springframework.cloud.endpoint.GenericPostableMvcEndpoint.invoke()
2022-05-25 19:11:02.198  INFO [ts-admin-basic-info-service,,,] 1 --- [           main] o.s.b.a.e.mvc.EndpointHandlerMapping     : Mapped "{[/configprops || /configprops.json],methods=[GET],produces=[application/vnd.spring-boot.actuator.v1+json || application/json]}" onto public java.lang.Object org.springframework.boot.actuate.endpoint.mvc.EndpointMvcAdapter.invoke()
2022-05-25 19:11:02.519  INFO [ts-admin-basic-info-service,,,] 1 --- [           main] o.s.b.a.e.mvc.EndpointHandlerMapping     : Mapped "{[/metrics/{name:.*}],methods=[GET],produces=[application/vnd.spring-boot.actuator.v1+json || application/json]}" onto public java.lang.Object org.springframework.boot.actuate.endpoint.mvc.MetricsMvcEndpoint.value(java.lang.String)
2022-05-25 19:11:02.520  INFO [ts-admin-basic-info-service,,,] 1 --- [           main] o.s.b.a.e.mvc.EndpointHandlerMapping     : Mapped "{[/metrics || /metrics.json],methods=[GET],produces=[application/vnd.spring-boot.actuator.v1+json || application/json]}" onto public java.lang.Object org.springframework.boot.actuate.endpoint.mvc.EndpointMvcAdapter.invoke()
2022-05-25 19:11:02.521  INFO [ts-admin-basic-info-service,,,] 1 --- [           main] o.s.b.a.e.mvc.EndpointHandlerMapping     : Mapped "{[/env],methods=[POST]}" onto public java.lang.Object org.springframework.cloud.context.environment.EnvironmentManagerMvcEndpoint.value(java.util.Map<java.lang.String, java.lang.String>)
2022-05-25 19:11:02.522  INFO [ts-admin-basic-info-service,,,] 1 --- [           main] o.s.b.a.e.mvc.EndpointHandlerMapping     : Mapped "{[/env/reset],methods=[POST]}" onto public java.util.Map<java.lang.String, java.lang.Object> org.springframework.cloud.context.environment.EnvironmentManagerMvcEndpoint.reset()
2022-05-25 19:11:02.606  INFO [ts-admin-basic-info-service,,,] 1 --- [           main] o.s.b.a.e.mvc.EndpointHandlerMapping     : Mapped "{[/heapdump || /heapdump.json],methods=[GET],produces=[application/octet-stream]}" onto public void org.springframework.boot.actuate.endpoint.mvc.HeapdumpMvcEndpoint.invoke(boolean,javax.servlet.http.HttpServletRequest,javax.servlet.http.HttpServletResponse) throws java.io.IOException,javax.servlet.ServletException
2022-05-25 19:11:02.661  INFO [ts-admin-basic-info-service,,,] 1 --- [           main] o.s.b.a.e.mvc.EndpointHandlerMapping     : Mapped "{[/autoconfig || /autoconfig.json],methods=[GET],produces=[application/vnd.spring-boot.actuator.v1+json || application/json]}" onto public java.lang.Object org.springframework.boot.actuate.endpoint.mvc.EndpointMvcAdapter.invoke()
2022-05-25 19:11:02.698  INFO [ts-admin-basic-info-service,,,] 1 --- [           main] o.s.b.a.e.mvc.EndpointHandlerMapping     : Mapped "{[/beans || /beans.json],methods=[GET],produces=[application/vnd.spring-boot.actuator.v1+json || application/json]}" onto public java.lang.Object org.springframework.boot.actuate.endpoint.mvc.EndpointMvcAdapter.invoke()
2022-05-25 19:11:02.699  INFO [ts-admin-basic-info-service,,,] 1 --- [           main] o.s.b.a.e.mvc.EndpointHandlerMapping     : Mapped "{[/features || /features.json],methods=[GET],produces=[application/vnd.spring-boot.actuator.v1+json || application/json]}" onto public java.lang.Object org.springframework.boot.actuate.endpoint.mvc.EndpointMvcAdapter.invoke()
2022-05-25 19:11:02.700  INFO [ts-admin-basic-info-service,,,] 1 --- [           main] o.s.b.a.e.mvc.EndpointHandlerMapping     : Mapped "{[/trace || /trace.json],methods=[GET],produces=[application/vnd.spring-boot.actuator.v1+json || application/json]}" onto public java.lang.Object org.springframework.boot.actuate.endpoint.mvc.EndpointMvcAdapter.invoke()
2022-05-25 19:11:02.741  INFO [ts-admin-basic-info-service,,,] 1 --- [           main] o.s.b.a.e.mvc.EndpointHandlerMapping     : Mapped "{[/loggers/{name:.*}],methods=[GET],produces=[application/vnd.spring-boot.actuator.v1+json || application/json]}" onto public java.lang.Object org.springframework.boot.actuate.endpoint.mvc.LoggersMvcEndpoint.get(java.lang.String)
2022-05-25 19:11:02.741  INFO [ts-admin-basic-info-service,,,] 1 --- [           main] o.s.b.a.e.mvc.EndpointHandlerMapping     : Mapped "{[/loggers/{name:.*}],methods=[POST],consumes=[application/vnd.spring-boot.actuator.v1+json || application/json],produces=[application/vnd.spring-boot.actuator.v1+json || application/json]}" onto public java.lang.Object org.springframework.boot.actuate.endpoint.mvc.LoggersMvcEndpoint.set(java.lang.String,java.util.Map<java.lang.String, java.lang.String>)
2022-05-25 19:11:02.742  INFO [ts-admin-basic-info-service,,,] 1 --- [           main] o.s.b.a.e.mvc.EndpointHandlerMapping     : Mapped "{[/loggers || /loggers.json],methods=[GET],produces=[application/vnd.spring-boot.actuator.v1+json || application/json]}" onto public java.lang.Object org.springframework.boot.actuate.endpoint.mvc.EndpointMvcAdapter.invoke()
2022-05-25 19:11:33.777  INFO [ts-admin-basic-info-service,,,] 1 --- [           main] b.a.s.AuthenticationManagerConfiguration : 

Using default security password: a19da5e8-714d-4036-a455-8c0e7fdaf151

2022-05-25 19:12:05.109  INFO [ts-admin-basic-info-service,,,] 1 --- [           main] o.s.s.web.DefaultSecurityFilterChain     : Creating filter chain: org.springframework.security.web.util.matcher.AnyRequestMatcher@1, [org.springframework.security.web.context.request.async.WebAsyncManagerIntegrationFilter@49f5c307, org.springframework.security.web.context.SecurityContextPersistenceFilter@55f3c410, org.springframework.security.web.header.HeaderWriterFilter@29cfd92b, org.springframework.security.web.authentication.logout.LogoutFilter@f19c9d2, edu.fudan.common.security.jwt.JWTFilter@299266e2, org.springframework.security.web.savedrequest.RequestCacheAwareFilter@532a02d9, org.springframework.security.web.servletapi.SecurityContextHolderAwareRequestFilter@7cbee484, org.springframework.security.web.authentication.AnonymousAuthenticationFilter@5471388b, org.springframework.security.web.session.SessionManagementFilter@7997b197, org.springframework.security.web.access.ExceptionTranslationFilter@b672aa8, org.springframework.security.web.access.intercept.FilterSecurityInterceptor@7ef2d7a6]
2022-05-25 19:12:28.664  INFO [ts-admin-basic-info-service,,,] 1 --- [           main] o.s.w.s.handler.SimpleUrlHandlerMapping  : Mapped URL path [/webjars/**] onto handler of type [class org.springframework.web.servlet.resource.ResourceHttpRequestHandler]
2022-05-25 19:12:28.665  INFO [ts-admin-basic-info-service,,,] 1 --- [           main] o.s.w.s.handler.SimpleUrlHandlerMapping  : Mapped URL path [/**] onto handler of type [class org.springframework.web.servlet.resource.ResourceHttpRequestHandler]
2022-05-25 19:12:34.049  INFO [ts-admin-basic-info-service,,,] 1 --- [           main] o.s.w.s.handler.SimpleUrlHandlerMapping  : Mapped URL path [/**/favicon.ico] onto handler of type [class org.springframework.web.servlet.resource.ResourceHttpRequestHandler]
2022-05-25 19:12:45.944  INFO [ts-admin-basic-info-service,,,] 1 --- [           main] o.s.s.web.DefaultSecurityFilterChain     : Creating filter chain: org.springframework.boot.actuate.autoconfigure.ManagementWebSecurityAutoConfiguration$LazyEndpointPathRequestMatcher@24f360b2, [org.springframework.security.web.context.request.async.WebAsyncManagerIntegrationFilter@60cf80e7, org.springframework.security.web.context.SecurityContextPersistenceFilter@47289387, org.springframework.security.web.header.HeaderWriterFilter@35d6ca49, org.springframework.web.filter.CorsFilter@302fec27, org.springframework.security.web.authentication.logout.LogoutFilter@f415a95, org.springframework.security.web.authentication.www.BasicAuthenticationFilter@2c715e84, org.springframework.security.web.savedrequest.RequestCacheAwareFilter@12cd9150, org.springframework.security.web.servletapi.SecurityContextHolderAwareRequestFilter@114a85c2, org.springframework.security.web.authentication.AnonymousAuthenticationFilter@770d0ea6, org.springframework.security.web.session.SessionManagementFilter@1950e8a6, org.springframework.security.web.access.ExceptionTranslationFilter@56e07a08, org.springframework.security.web.access.intercept.FilterSecurityInterceptor@46074492]
2022-05-25 19:14:12.343  INFO [ts-admin-basic-info-service,,,] 1 --- [           main] s.w.s.m.m.a.RequestMappingHandlerAdapter : Looking for @ControllerAdvice: org.springframework.boot.context.embedded.AnnotationConfigEmbeddedWebApplicationContext@7c16905e: startup date [Wed May 25 18:55:37 CST 2022]; parent: org.springframework.context.annotation.AnnotationConfigApplicationContext@48533e64
2022-05-25 19:17:57.852  INFO [ts-admin-basic-info-service,,,] 1 --- [           main] o.s.s.c.ThreadPoolTaskScheduler          : Initializing ExecutorService  'taskScheduler'
2022-05-25 19:18:34.491  INFO [ts-admin-basic-info-service,,,] 1 --- [           main] o.s.s.c.ThreadPoolTaskScheduler          : Initializing ExecutorService 
2022-05-25 19:19:03.885  INFO [ts-admin-basic-info-service,,,] 1 --- [           main] o.s.j.e.a.AnnotationMBeanExporter        : Registering beans for JMX exposure on startup
2022-05-25 19:19:05.625  INFO [ts-admin-basic-info-service,,,] 1 --- [           main] o.s.j.e.a.AnnotationMBeanExporter        : Bean with name 'configurationPropertiesRebinder' has been autodetected for JMX exposure
2022-05-25 19:19:05.659  INFO [ts-admin-basic-info-service,,,] 1 --- [           main] o.s.j.e.a.AnnotationMBeanExporter        : Bean with name 'refreshEndpoint' has been autodetected for JMX exposure
2022-05-25 19:19:05.824  INFO [ts-admin-basic-info-service,,,] 1 --- [           main] o.s.j.e.a.AnnotationMBeanExporter        : Bean with name 'environmentManager' has been autodetected for JMX exposure
2022-05-25 19:19:06.341  INFO [ts-admin-basic-info-service,,,] 1 --- [           main] o.s.j.e.a.AnnotationMBeanExporter        : Bean with name 'refreshScope' has been autodetected for JMX exposure
2022-05-25 19:19:07.327  INFO [ts-admin-basic-info-service,,,] 1 --- [           main] o.s.j.e.a.AnnotationMBeanExporter        : Located managed bean 'environmentManager': registering with JMX server as MBean [org.springframework.cloud.context.environment:name=environmentManager,type=EnvironmentManager]
2022-05-25 19:19:10.845  INFO [ts-admin-basic-info-service,,,] 1 --- [           main] o.s.j.e.a.AnnotationMBeanExporter        : Located managed bean 'refreshScope': registering with JMX server as MBean [org.springframework.cloud.context.scope.refresh:name=refreshScope,type=RefreshScope]
2022-05-25 19:19:14.048  INFO [ts-admin-basic-info-service,,,] 1 --- [           main] o.s.j.e.a.AnnotationMBeanExporter        : Located managed bean 'configurationPropertiesRebinder': registering with JMX server as MBean [org.springframework.cloud.context.properties:name=configurationPropertiesRebinder,context=7c16905e,type=ConfigurationPropertiesRebinder]
2022-05-25 19:19:17.205  INFO [ts-admin-basic-info-service,,,] 1 --- [           main] o.s.j.e.a.AnnotationMBeanExporter        : Located managed bean 'refreshEndpoint': registering with JMX server as MBean [org.springframework.cloud.endpoint:name=refreshEndpoint,type=RefreshEndpoint]
2022-05-25 19:20:31.222  INFO [ts-admin-basic-info-service,,,] 1 --- [           main] o.s.c.support.DefaultLifecycleProcessor  : Starting beans in phase 0
2022-05-25 19:20:33.557  INFO [ts-admin-basic-info-service,,,] 1 --- [           main] o.s.i.endpoint.EventDrivenConsumer       : Adding {logging-channel-adapter:_org.springframework.integration.errorLogger} as a subscriber to the 'errorChannel' channel
2022-05-25 19:20:33.557  INFO [ts-admin-basic-info-service,,,] 1 --- [           main] o.s.i.channel.PublishSubscribeChannel    : Channel 'ts-admin-basic-info-service:18767.errorChannel' has 1 subscriber(s).
2022-05-25 19:20:33.557  INFO [ts-admin-basic-info-service,,,] 1 --- [           main] o.s.i.endpoint.EventDrivenConsumer       : started _org.springframework.integration.errorLogger
2022-05-25 19:20:36.877  INFO [ts-admin-basic-info-service,,,] 1 --- [           main] d.s.w.p.DocumentationPluginsBootstrapper : Context refreshed
2022-05-25 19:20:39.946  INFO [ts-admin-basic-info-service,,,] 1 --- [           main] d.s.w.p.DocumentationPluginsBootstrapper : Found 1 custom documentation plugin(s)
2022-05-25 19:20:41.438  INFO [ts-admin-basic-info-service,,,] 1 --- [           main] s.d.s.w.s.ApiListingReferenceScanner     : Scanning for api listing references
2022-05-25 19:21:14.364  INFO [ts-admin-basic-info-service,,,] 1 --- [           main] .d.s.w.r.o.CachingOperationNameGenerator : Generating unique operation named: findByPrincipalAndAfterAndTypeUsingGET_1
2022-05-25 19:21:16.298  INFO [ts-admin-basic-info-service,,,] 1 --- [           main] .d.s.w.r.o.CachingOperationNameGenerator : Generating unique operation named: invokeUsingGET_1
2022-05-25 19:21:16.390  INFO [ts-admin-basic-info-service,,,] 1 --- [           main] .d.s.w.r.o.CachingOperationNameGenerator : Generating unique operation named: invokeUsingGET_2
2022-05-25 19:21:16.448  INFO [ts-admin-basic-info-service,,,] 1 --- [           main] .d.s.w.r.o.CachingOperationNameGenerator : Generating unique operation named: invokeUsingGET_3
2022-05-25 19:21:16.458  INFO [ts-admin-basic-info-service,,,] 1 --- [           main] .d.s.w.r.o.CachingOperationNameGenerator : Generating unique operation named: invokeUsingGET_4
2022-05-25 19:21:16.492  INFO [ts-admin-basic-info-service,,,] 1 --- [           main] .d.s.w.r.o.CachingOperationNameGenerator : Generating unique operation named: invokeUsingGET_5
2022-05-25 19:21:16.528  INFO [ts-admin-basic-info-service,,,] 1 --- [           main] .d.s.w.r.o.CachingOperationNameGenerator : Generating unique operation named: invokeUsingGET_6
2022-05-25 19:21:16.633  INFO [ts-admin-basic-info-service,,,] 1 --- [           main] .d.s.w.r.o.CachingOperationNameGenerator : Generating unique operation named: invokeUsingGET_7
2022-05-25 19:21:16.834  INFO [ts-admin-basic-info-service,,,] 1 --- [           main] .d.s.w.r.o.CachingOperationNameGenerator : Generating unique operation named: invokeUsingGET_8
2022-05-25 19:21:16.886  INFO [ts-admin-basic-info-service,,,] 1 --- [           main] .d.s.w.r.o.CachingOperationNameGenerator : Generating unique operation named: invokeUsingGET_9
2022-05-25 19:21:17.035  INFO [ts-admin-basic-info-service,,,] 1 --- [           main] .d.s.w.r.o.CachingOperationNameGenerator : Generating unique operation named: invokeUsingGET_10
2022-05-25 19:21:17.180  INFO [ts-admin-basic-info-service,,,] 1 --- [           main] .d.s.w.r.o.CachingOperationNameGenerator : Generating unique operation named: invokeUsingGET_11
2022-05-25 19:21:17.279  INFO [ts-admin-basic-info-service,,,] 1 --- [           main] .d.s.w.r.o.CachingOperationNameGenerator : Generating unique operation named: invokeUsingGET_12
2022-05-25 19:21:17.462  INFO [ts-admin-basic-info-service,,,] 1 --- [           main] .d.s.w.r.o.CachingOperationNameGenerator : Generating unique operation named: invokeUsingGET_13
2022-05-25 19:21:17.542  INFO [ts-admin-basic-info-service,,,] 1 --- [           main] .d.s.w.r.o.CachingOperationNameGenerator : Generating unique operation named: invokeUsingGET_14
2022-05-25 19:21:17.565  INFO [ts-admin-basic-info-service,,,] 1 --- [           main] .d.s.w.r.o.CachingOperationNameGenerator : Generating unique operation named: invokeUsingGET_15
2022-05-25 19:21:17.931  INFO [ts-admin-basic-info-service,,,] 1 --- [           main] .d.s.w.r.o.CachingOperationNameGenerator : Generating unique operation named: invokeUsingGET_16
2022-05-25 19:21:18.328  INFO [ts-admin-basic-info-service,,,] 1 --- [           main] .d.s.w.r.o.CachingOperationNameGenerator : Generating unique operation named: invokeUsingGET_17
2022-05-25 19:21:18.855  INFO [ts-admin-basic-info-service,,,] 1 --- [           main] .d.s.w.r.o.CachingOperationNameGenerator : Generating unique operation named: invokeUsingPOST_1
2022-05-25 19:21:19.515  INFO [ts-admin-basic-info-service,,,] 1 --- [           main] .d.s.w.r.o.CachingOperationNameGenerator : Generating unique operation named: invokeUsingGET_18
2022-05-25 19:21:19.645  INFO [ts-admin-basic-info-service,,,] 1 --- [           main] .d.s.w.r.o.CachingOperationNameGenerator : Generating unique operation named: invokeUsingGET_19
2022-05-25 19:21:19.778  INFO [ts-admin-basic-info-service,,,] 1 --- [           main] .d.s.w.r.o.CachingOperationNameGenerator : Generating unique operation named: invokeUsingGET_20
2022-05-25 19:21:19.910  INFO [ts-admin-basic-info-service,,,] 1 --- [           main] .d.s.w.r.o.CachingOperationNameGenerator : Generating unique operation named: invokeUsingGET_21
2022-05-25 19:21:20.515  INFO [ts-admin-basic-info-service,,,] 1 --- [           main] .d.s.w.r.o.CachingOperationNameGenerator : Generating unique operation named: invokeUsingGET_22
2022-05-25 19:21:20.604  INFO [ts-admin-basic-info-service,,,] 1 --- [           main] .d.s.w.r.o.CachingOperationNameGenerator : Generating unique operation named: invokeUsingGET_23
2022-05-25 19:21:20.926  INFO [ts-admin-basic-info-service,,,] 1 --- [           main] .d.s.w.r.o.CachingOperationNameGenerator : Generating unique operation named: invokeUsingGET_24
2022-05-25 19:21:21.061  INFO [ts-admin-basic-info-service,,,] 1 --- [           main] .d.s.w.r.o.CachingOperationNameGenerator : Generating unique operation named: invokeUsingGET_25
2022-05-25 19:21:21.144  INFO [ts-admin-basic-info-service,,,] 1 --- [           main] .d.s.w.r.o.CachingOperationNameGenerator : Generating unique operation named: valueUsingGET_1
2022-05-25 19:21:30.165  INFO [ts-admin-basic-info-service,,,] 1 --- [           main] s.b.c.e.t.TomcatEmbeddedServletContainer : Tomcat started on port(s): 18767 (http)
2022-05-25 19:21:30.959  INFO [ts-admin-basic-info-service,,,] 1 --- [           main] adminbasic.AdminBasicInfoApplication     : Started AdminBasicInfoApplication in 1675.296 seconds (JVM running for 1750.354)
