2022-05-10 05:48:30.438  INFO [bootstrap,,,] 1 --- [           main] s.c.a.AnnotationConfigApplicationContext : Refreshing org.springframework.context.annotation.AnnotationConfigApplicationContext@48533e64: startup date [Tue May 10 05:48:30 CST 2022]; root of context hierarchy
2022-05-10 05:49:14.765  INFO [bootstrap,,,] 1 --- [           main] trationDelegate$BeanPostProcessorChecker : Bean 'configurationPropertiesRebinderAutoConfiguration' of type [org.springframework.cloud.autoconfigure.ConfigurationPropertiesRebinderAutoConfiguration$$EnhancerBySpringCGLIB$$3c5b44cd] is not eligible for getting processed by all BeanPostProcessors (for example: not eligible for auto-proxying)

  .   ____          _            __ _ _
 /\\ / ___'_ __ _ _(_)_ __  __ _ \ \ \ \
( ( )\___ | '_ | '_| | '_ \/ _` | \ \ \ \
 \\/  ___)| |_)| | | | | || (_| |  ) ) ) )
  '  |____| .__|_| |_|_| |_\__, | / / / /
 =========|_|==============|___/=/_/_/_/
 :: Spring Boot ::       (v1.5.22.RELEASE)

2022-05-10 05:50:03.305  INFO [ts-route-plan-service,,,] 1 --- [           main] plan.RoutePlanApplication                : No active profile set, falling back to default profiles: default
2022-05-10 05:50:06.881  INFO [ts-route-plan-service,,,] 1 --- [           main] ationConfigEmbeddedWebApplicationContext : Refreshing org.springframework.boot.context.embedded.AnnotationConfigEmbeddedWebApplicationContext@d2cc05a: startup date [Tue May 10 05:50:06 CST 2022]; parent: org.springframework.context.annotation.AnnotationConfigApplicationContext@48533e64
2022-05-10 05:51:16.109  INFO [ts-route-plan-service,,,] 1 --- [           main] o.s.i.config.IntegrationRegistrar        : No bean named 'integrationHeaderChannelRegistry' has been explicitly defined. Therefore, a default DefaultHeaderChannelRegistry will be created.
2022-05-10 05:51:36.200  INFO [ts-route-plan-service,,,] 1 --- [           main] o.s.cloud.context.scope.GenericScope     : BeanFactory id=37720454-53b9-3a52-be7e-87b2e2d8abc6
2022-05-10 05:51:36.676  INFO [ts-route-plan-service,,,] 1 --- [           main] faultConfiguringBeanFactoryPostProcessor : No bean named 'errorChannel' has been explicitly defined. Therefore, a default PublishSubscribeChannel will be created.
2022-05-10 05:51:36.862  INFO [ts-route-plan-service,,,] 1 --- [           main] faultConfiguringBeanFactoryPostProcessor : No bean named 'taskScheduler' has been explicitly defined. Therefore, a default ThreadPoolTaskScheduler will be created.
2022-05-10 05:51:41.471  INFO [ts-route-plan-service,,,] 1 --- [           main] trationDelegate$BeanPostProcessorChecker : Bean 'org.springframework.cloud.sleuth.instrument.async.AsyncDefaultAutoConfiguration$DefaultAsyncConfigurerSupport' of type [org.springframework.cloud.sleuth.instrument.async.AsyncDefaultAutoConfiguration$DefaultAsyncConfigurerSupport$$EnhancerBySpringCGLIB$$5d82df93] is not eligible for getting processed by all BeanPostProcessors (for example: not eligible for auto-proxying)
2022-05-10 05:51:46.293  INFO [ts-route-plan-service,,,] 1 --- [           main] trationDelegate$BeanPostProcessorChecker : Bean 'org.springframework.cloud.sleuth.annotation.SleuthAnnotationAutoConfiguration' of type [org.springframework.cloud.sleuth.annotation.SleuthAnnotationAutoConfiguration$$EnhancerBySpringCGLIB$$22a68802] is not eligible for getting processed by all BeanPostProcessors (for example: not eligible for auto-proxying)
2022-05-10 05:51:54.199  INFO [ts-route-plan-service,,,] 1 --- [           main] trationDelegate$BeanPostProcessorChecker : Bean 'sleuthAdvisorConfig' of type [org.springframework.cloud.sleuth.annotation.SleuthAdvisorConfig] is not eligible for getting processed by all BeanPostProcessors (for example: not eligible for auto-proxying)
2022-05-10 05:51:55.687  INFO [ts-route-plan-service,,,] 1 --- [           main] trationDelegate$BeanPostProcessorChecker : Bean 'org.springframework.security.config.annotation.configuration.ObjectPostProcessorConfiguration' of type [org.springframework.security.config.annotation.configuration.ObjectPostProcessorConfiguration$$EnhancerBySpringCGLIB$$b8ef0a0a] is not eligible for getting processed by all BeanPostProcessors (for example: not eligible for auto-proxying)
2022-05-10 05:51:56.732  INFO [ts-route-plan-service,,,] 1 --- [           main] trationDelegate$BeanPostProcessorChecker : Bean 'objectPostProcessor' of type [org.springframework.security.config.annotation.configuration.AutowireBeanFactoryObjectPostProcessor] is not eligible for getting processed by all BeanPostProcessors (for example: not eligible for auto-proxying)
2022-05-10 05:51:56.871  INFO [ts-route-plan-service,,,] 1 --- [           main] trationDelegate$BeanPostProcessorChecker : Bean 'org.springframework.security.access.expression.method.DefaultMethodSecurityExpressionHandler@66ea810' of type [org.springframework.security.access.expression.method.DefaultMethodSecurityExpressionHandler] is not eligible for getting processed by all BeanPostProcessors (for example: not eligible for auto-proxying)
2022-05-10 05:51:57.477  INFO [ts-route-plan-service,,,] 1 --- [           main] trationDelegate$BeanPostProcessorChecker : Bean 'org.springframework.security.config.annotation.method.configuration.GlobalMethodSecurityConfiguration' of type [org.springframework.security.config.annotation.method.configuration.GlobalMethodSecurityConfiguration$$EnhancerBySpringCGLIB$$ddc3acbc] is not eligible for getting processed by all BeanPostProcessors (for example: not eligible for auto-proxying)
2022-05-10 05:52:01.228  INFO [ts-route-plan-service,,,] 1 --- [           main] trationDelegate$BeanPostProcessorChecker : Bean 'methodSecurityMetadataSource' of type [org.springframework.security.access.method.DelegatingMethodSecurityMetadataSource] is not eligible for getting processed by all BeanPostProcessors (for example: not eligible for auto-proxying)
2022-05-10 05:52:06.161  INFO [ts-route-plan-service,,,] 1 --- [           main] trationDelegate$BeanPostProcessorChecker : Bean 'integrationGlobalProperties' of type [org.springframework.beans.factory.config.PropertiesFactoryBean] is not eligible for getting processed by all BeanPostProcessors (for example: not eligible for auto-proxying)
2022-05-10 05:52:07.029  INFO [ts-route-plan-service,,,] 1 --- [           main] trationDelegate$BeanPostProcessorChecker : Bean 'integrationGlobalProperties' of type [java.util.Properties] is not eligible for getting processed by all BeanPostProcessors (for example: not eligible for auto-proxying)
2022-05-10 05:52:14.254  INFO [ts-route-plan-service,,,] 1 --- [           main] trationDelegate$BeanPostProcessorChecker : Bean 'org.springframework.cloud.autoconfigure.ConfigurationPropertiesRebinderAutoConfiguration' of type [org.springframework.cloud.autoconfigure.ConfigurationPropertiesRebinderAutoConfiguration$$EnhancerBySpringCGLIB$$3c5b44cd] is not eligible for getting processed by all BeanPostProcessors (for example: not eligible for auto-proxying)
2022-05-10 05:52:15.678  INFO [ts-route-plan-service,,,] 1 --- [           main] trationDelegate$BeanPostProcessorChecker : Bean 'org.springframework.cloud.sleuth.instrument.async.AsyncDefaultAutoConfiguration' of type [org.springframework.cloud.sleuth.instrument.async.AsyncDefaultAutoConfiguration$$EnhancerBySpringCGLIB$$824edef] is not eligible for getting processed by all BeanPostProcessors (for example: not eligible for auto-proxying)
2022-05-10 05:52:17.713  INFO [ts-route-plan-service,,,] 1 --- [           main] trationDelegate$BeanPostProcessorChecker : Bean 'org.springframework.cloud.sleuth.instrument.web.client.TraceWebClientAutoConfiguration' of type [org.springframework.cloud.sleuth.instrument.web.client.TraceWebClientAutoConfiguration$$EnhancerBySpringCGLIB$$ccd40d4f] is not eligible for getting processed by all BeanPostProcessors (for example: not eligible for auto-proxying)
2022-05-10 05:52:51.506  INFO [ts-route-plan-service,,,] 1 --- [           main] s.b.c.e.t.TomcatEmbeddedServletContainer : Tomcat initialized with port(s): 14578 (http)
2022-05-10 05:52:54.610  INFO [ts-route-plan-service,,,] 1 --- [           main] o.apache.catalina.core.StandardService   : Starting service [Tomcat]
2022-05-10 05:52:54.614  INFO [ts-route-plan-service,,,] 1 --- [           main] org.apache.catalina.core.StandardEngine  : Starting Servlet Engine: Apache Tomcat/8.5.43
2022-05-10 05:53:01.193  INFO [ts-route-plan-service,,,] 1 --- [ost-startStop-1] o.a.c.c.C.[Tomcat].[localhost].[/]       : Initializing Spring embedded WebApplicationContext
2022-05-10 05:53:01.303  INFO [ts-route-plan-service,,,] 1 --- [ost-startStop-1] o.s.web.context.ContextLoader            : Root WebApplicationContext: initialization completed in 174413 ms
2022-05-10 05:54:02.595  INFO [ts-route-plan-service,,,] 1 --- [ost-startStop-1] o.s.b.w.servlet.FilterRegistrationBean   : Mapping filter: 'metricsFilter' to: [/*]
2022-05-10 05:54:02.672  INFO [ts-route-plan-service,,,] 1 --- [ost-startStop-1] o.s.b.w.servlet.FilterRegistrationBean   : Mapping filter: 'characterEncodingFilter' to: [/*]
2022-05-10 05:54:02.764  INFO [ts-route-plan-service,,,] 1 --- [ost-startStop-1] o.s.b.w.servlet.FilterRegistrationBean   : Mapping filter: 'traceFilter' to: [/*]
2022-05-10 05:54:02.766  INFO [ts-route-plan-service,,,] 1 --- [ost-startStop-1] o.s.b.w.servlet.FilterRegistrationBean   : Mapping filter: 'hiddenHttpMethodFilter' to: [/*]
2022-05-10 05:54:02.791  INFO [ts-route-plan-service,,,] 1 --- [ost-startStop-1] o.s.b.w.servlet.FilterRegistrationBean   : Mapping filter: 'httpPutFormContentFilter' to: [/*]
2022-05-10 05:54:02.824  INFO [ts-route-plan-service,,,] 1 --- [ost-startStop-1] o.s.b.w.servlet.FilterRegistrationBean   : Mapping filter: 'requestContextFilter' to: [/*]
2022-05-10 05:54:02.937  INFO [ts-route-plan-service,,,] 1 --- [ost-startStop-1] .s.DelegatingFilterProxyRegistrationBean : Mapping filter: 'springSecurityFilterChain' to: [/*]
2022-05-10 05:54:02.973  INFO [ts-route-plan-service,,,] 1 --- [ost-startStop-1] o.s.b.w.servlet.FilterRegistrationBean   : Mapping filter: 'webRequestLoggingFilter' to: [/*]
2022-05-10 05:54:02.980  INFO [ts-route-plan-service,,,] 1 --- [ost-startStop-1] o.s.b.w.servlet.FilterRegistrationBean   : Mapping filter: 'applicationContextIdFilter' to: [/*]
2022-05-10 05:54:03.168  INFO [ts-route-plan-service,,,] 1 --- [ost-startStop-1] o.s.b.w.servlet.ServletRegistrationBean  : Mapping servlet: 'dispatcherServlet' to [/]
2022-05-10 05:56:22.166  INFO [ts-route-plan-service,,,] 1 --- [           main] s.w.s.m.m.a.RequestMappingHandlerMapping : Mapped "{[/api/v1/routeplanservice/welcome],methods=[GET]}" onto public java.lang.String plan.controller.RoutePlanController.home()
2022-05-10 05:56:22.322  INFO [ts-route-plan-service,,,] 1 --- [           main] s.w.s.m.m.a.RequestMappingHandlerMapping : Mapped "{[/api/v1/routeplanservice/routePlan/cheapestRoute],methods=[POST]}" onto public org.springframework.http.HttpEntity plan.controller.RoutePlanController.getCheapestRoutes(plan.entity.RoutePlanInfo,org.springframework.http.HttpHeaders)
2022-05-10 05:56:22.336  INFO [ts-route-plan-service,,,] 1 --- [           main] s.w.s.m.m.a.RequestMappingHandlerMapping : Mapped "{[/api/v1/routeplanservice/routePlan/quickestRoute],methods=[POST]}" onto public org.springframework.http.HttpEntity plan.controller.RoutePlanController.getQuickestRoutes(plan.entity.RoutePlanInfo,org.springframework.http.HttpHeaders)
2022-05-10 05:56:22.352  INFO [ts-route-plan-service,,,] 1 --- [           main] s.w.s.m.m.a.RequestMappingHandlerMapping : Mapped "{[/api/v1/routeplanservice/routePlan/minStopStations],methods=[POST]}" onto public org.springframework.http.HttpEntity plan.controller.RoutePlanController.getMinStopStations(plan.entity.RoutePlanInfo,org.springframework.http.HttpHeaders)
2022-05-10 05:56:22.441  INFO [ts-route-plan-service,,,] 1 --- [           main] s.w.s.m.m.a.RequestMappingHandlerMapping : Mapped "{[/v2/api-docs],methods=[GET],produces=[application/json || application/hal+json]}" onto public org.springframework.http.ResponseEntity<springfox.documentation.spring.web.json.Json> springfox.documentation.swagger2.web.Swagger2Controller.getDocumentation(java.lang.String,javax.servlet.http.HttpServletRequest)
2022-05-10 05:56:22.495  INFO [ts-route-plan-service,,,] 1 --- [           main] s.w.s.m.m.a.RequestMappingHandlerMapping : Mapped "{[/configuration/ui]}" onto org.springframework.http.ResponseEntity<springfox.documentation.swagger.web.UiConfiguration> springfox.documentation.swagger.web.ApiResourceController.uiConfiguration()
2022-05-10 05:56:22.530  INFO [ts-route-plan-service,,,] 1 --- [           main] s.w.s.m.m.a.RequestMappingHandlerMapping : Mapped "{[/swagger-resources]}" onto org.springframework.http.ResponseEntity<java.util.List<springfox.documentation.swagger.web.SwaggerResource>> springfox.documentation.swagger.web.ApiResourceController.swaggerResources()
2022-05-10 05:56:22.536  INFO [ts-route-plan-service,,,] 1 --- [           main] s.w.s.m.m.a.RequestMappingHandlerMapping : Mapped "{[/configuration/security]}" onto org.springframework.http.ResponseEntity<springfox.documentation.swagger.web.SecurityConfiguration> springfox.documentation.swagger.web.ApiResourceController.securityConfiguration()
2022-05-10 05:56:22.585  INFO [ts-route-plan-service,,,] 1 --- [           main] s.w.s.m.m.a.RequestMappingHandlerMapping : Mapped "{[/error]}" onto public org.springframework.http.ResponseEntity<java.util.Map<java.lang.String, java.lang.Object>> org.springframework.boot.autoconfigure.web.BasicErrorController.error(javax.servlet.http.HttpServletRequest)
2022-05-10 05:56:22.586  INFO [ts-route-plan-service,,,] 1 --- [           main] s.w.s.m.m.a.RequestMappingHandlerMapping : Mapped "{[/error],produces=[text/html]}" onto public org.springframework.web.servlet.ModelAndView org.springframework.boot.autoconfigure.web.BasicErrorController.errorHtml(javax.servlet.http.HttpServletRequest,javax.servlet.http.HttpServletResponse)
2022-05-10 05:57:16.094  INFO [ts-route-plan-service,,,] 1 --- [           main] o.s.b.a.e.mvc.EndpointHandlerMapping     : Mapped "{[/heapdump || /heapdump.json],methods=[GET],produces=[application/octet-stream]}" onto public void org.springframework.boot.actuate.endpoint.mvc.HeapdumpMvcEndpoint.invoke(boolean,javax.servlet.http.HttpServletRequest,javax.servlet.http.HttpServletResponse) throws java.io.IOException,javax.servlet.ServletException
2022-05-10 05:57:16.555  INFO [ts-route-plan-service,,,] 1 --- [           main] o.s.b.a.e.mvc.EndpointHandlerMapping     : Mapped "{[/info || /info.json],methods=[GET],produces=[application/vnd.spring-boot.actuator.v1+json || application/json]}" onto public java.lang.Object org.springframework.boot.actuate.endpoint.mvc.EndpointMvcAdapter.invoke()
2022-05-10 05:57:16.565  INFO [ts-route-plan-service,,,] 1 --- [           main] o.s.b.a.e.mvc.EndpointHandlerMapping     : Mapped "{[/health || /health.json],methods=[GET],produces=[application/vnd.spring-boot.actuator.v1+json || application/json]}" onto public java.lang.Object org.springframework.boot.actuate.endpoint.mvc.HealthMvcEndpoint.invoke(javax.servlet.http.HttpServletRequest,java.security.Principal)
2022-05-10 05:57:16.662  INFO [ts-route-plan-service,,,] 1 --- [           main] o.s.b.a.e.mvc.EndpointHandlerMapping     : Mapped "{[/configprops || /configprops.json],methods=[GET],produces=[application/vnd.spring-boot.actuator.v1+json || application/json]}" onto public java.lang.Object org.springframework.boot.actuate.endpoint.mvc.EndpointMvcAdapter.invoke()
2022-05-10 05:57:16.687  INFO [ts-route-plan-service,,,] 1 --- [           main] o.s.b.a.e.mvc.EndpointHandlerMapping     : Mapped "{[/loggers/{name:.*}],methods=[GET],produces=[application/vnd.spring-boot.actuator.v1+json || application/json]}" onto public java.lang.Object org.springframework.boot.actuate.endpoint.mvc.LoggersMvcEndpoint.get(java.lang.String)
2022-05-10 05:57:16.730  INFO [ts-route-plan-service,,,] 1 --- [           main] o.s.b.a.e.mvc.EndpointHandlerMapping     : Mapped "{[/loggers/{name:.*}],methods=[POST],consumes=[application/vnd.spring-boot.actuator.v1+json || application/json],produces=[application/vnd.spring-boot.actuator.v1+json || application/json]}" onto public java.lang.Object org.springframework.boot.actuate.endpoint.mvc.LoggersMvcEndpoint.set(java.lang.String,java.util.Map<java.lang.String, java.lang.String>)
2022-05-10 05:57:16.731  INFO [ts-route-plan-service,,,] 1 --- [           main] o.s.b.a.e.mvc.EndpointHandlerMapping     : Mapped "{[/loggers || /loggers.json],methods=[GET],produces=[application/vnd.spring-boot.actuator.v1+json || application/json]}" onto public java.lang.Object org.springframework.boot.actuate.endpoint.mvc.EndpointMvcAdapter.invoke()
2022-05-10 05:57:16.810  INFO [ts-route-plan-service,,,] 1 --- [           main] o.s.b.a.e.mvc.EndpointHandlerMapping     : Mapped "{[/beans || /beans.json],methods=[GET],produces=[application/vnd.spring-boot.actuator.v1+json || application/json]}" onto public java.lang.Object org.springframework.boot.actuate.endpoint.mvc.EndpointMvcAdapter.invoke()
2022-05-10 05:57:16.858  INFO [ts-route-plan-service,,,] 1 --- [           main] o.s.b.a.e.mvc.EndpointHandlerMapping     : Mapped "{[/dump || /dump.json],methods=[GET],produces=[application/vnd.spring-boot.actuator.v1+json || application/json]}" onto public java.lang.Object org.springframework.boot.actuate.endpoint.mvc.EndpointMvcAdapter.invoke()
2022-05-10 05:57:16.893  INFO [ts-route-plan-service,,,] 1 --- [           main] o.s.b.a.e.mvc.EndpointHandlerMapping     : Mapped "{[/refresh || /refresh.json],methods=[POST]}" onto public java.lang.Object org.springframework.cloud.endpoint.GenericPostableMvcEndpoint.invoke()
2022-05-10 05:57:16.943  INFO [ts-route-plan-service,,,] 1 --- [           main] o.s.b.a.e.mvc.EndpointHandlerMapping     : Mapped "{[/autoconfig || /autoconfig.json],methods=[GET],produces=[application/vnd.spring-boot.actuator.v1+json || application/json]}" onto public java.lang.Object org.springframework.boot.actuate.endpoint.mvc.EndpointMvcAdapter.invoke()
2022-05-10 05:57:17.097  INFO [ts-route-plan-service,,,] 1 --- [           main] o.s.b.a.e.mvc.EndpointHandlerMapping     : Mapped "{[/metrics/{name:.*}],methods=[GET],produces=[application/vnd.spring-boot.actuator.v1+json || application/json]}" onto public java.lang.Object org.springframework.boot.actuate.endpoint.mvc.MetricsMvcEndpoint.value(java.lang.String)
2022-05-10 05:57:17.098  INFO [ts-route-plan-service,,,] 1 --- [           main] o.s.b.a.e.mvc.EndpointHandlerMapping     : Mapped "{[/metrics || /metrics.json],methods=[GET],produces=[application/vnd.spring-boot.actuator.v1+json || application/json]}" onto public java.lang.Object org.springframework.boot.actuate.endpoint.mvc.EndpointMvcAdapter.invoke()
2022-05-10 05:57:17.181  INFO [ts-route-plan-service,,,] 1 --- [           main] o.s.b.a.e.mvc.EndpointHandlerMapping     : Mapped "{[/features || /features.json],methods=[GET],produces=[application/vnd.spring-boot.actuator.v1+json || application/json]}" onto public java.lang.Object org.springframework.boot.actuate.endpoint.mvc.EndpointMvcAdapter.invoke()
2022-05-10 05:57:17.230  INFO [ts-route-plan-service,,,] 1 --- [           main] o.s.b.a.e.mvc.EndpointHandlerMapping     : Mapped "{[/auditevents || /auditevents.json],methods=[GET],produces=[application/vnd.spring-boot.actuator.v1+json || application/json]}" onto public org.springframework.http.ResponseEntity<?> org.springframework.boot.actuate.endpoint.mvc.AuditEventsMvcEndpoint.findByPrincipalAndAfterAndType(java.lang.String,java.util.Date,java.lang.String)
2022-05-10 05:57:17.384  INFO [ts-route-plan-service,,,] 1 --- [           main] o.s.b.a.e.mvc.EndpointHandlerMapping     : Mapped "{[/trace || /trace.json],methods=[GET],produces=[application/vnd.spring-boot.actuator.v1+json || application/json]}" onto public java.lang.Object org.springframework.boot.actuate.endpoint.mvc.EndpointMvcAdapter.invoke()
2022-05-10 05:57:17.407  INFO [ts-route-plan-service,,,] 1 --- [           main] o.s.b.a.e.mvc.EndpointHandlerMapping     : Mapped "{[/env],methods=[POST]}" onto public java.lang.Object org.springframework.cloud.context.environment.EnvironmentManagerMvcEndpoint.value(java.util.Map<java.lang.String, java.lang.String>)
2022-05-10 05:57:17.541  INFO [ts-route-plan-service,,,] 1 --- [           main] o.s.b.a.e.mvc.EndpointHandlerMapping     : Mapped "{[/env/reset],methods=[POST]}" onto public java.util.Map<java.lang.String, java.lang.Object> org.springframework.cloud.context.environment.EnvironmentManagerMvcEndpoint.reset()
2022-05-10 05:57:17.543  INFO [ts-route-plan-service,,,] 1 --- [           main] o.s.b.a.e.mvc.EndpointHandlerMapping     : Mapped "{[/env/{name:.*}],methods=[GET],produces=[application/vnd.spring-boot.actuator.v1+json || application/json]}" onto public java.lang.Object org.springframework.boot.actuate.endpoint.mvc.EnvironmentMvcEndpoint.value(java.lang.String)
2022-05-10 05:57:17.543  INFO [ts-route-plan-service,,,] 1 --- [           main] o.s.b.a.e.mvc.EndpointHandlerMapping     : Mapped "{[/env || /env.json],methods=[GET],produces=[application/vnd.spring-boot.actuator.v1+json || application/json]}" onto public java.lang.Object org.springframework.boot.actuate.endpoint.mvc.EndpointMvcAdapter.invoke()
2022-05-10 05:57:17.670  INFO [ts-route-plan-service,,,] 1 --- [           main] o.s.b.a.e.mvc.EndpointHandlerMapping     : Mapped "{[/mappings || /mappings.json],methods=[GET],produces=[application/vnd.spring-boot.actuator.v1+json || application/json]}" onto public java.lang.Object org.springframework.boot.actuate.endpoint.mvc.EndpointMvcAdapter.invoke()
2022-05-10 05:57:41.627  INFO [ts-route-plan-service,,,] 1 --- [           main] b.a.s.AuthenticationManagerConfiguration : 

Using default security password: 77d2d2bf-0996-43f4-ba4e-384b78e349a8

2022-05-10 05:57:58.090  INFO [ts-route-plan-service,,,] 1 --- [           main] o.s.s.web.DefaultSecurityFilterChain     : Creating filter chain: org.springframework.security.web.util.matcher.AnyRequestMatcher@1, [org.springframework.security.web.context.request.async.WebAsyncManagerIntegrationFilter@2cf92cc7, org.springframework.security.web.context.SecurityContextPersistenceFilter@2c1b9e4b, org.springframework.security.web.header.HeaderWriterFilter@44c79f32, org.springframework.security.web.authentication.logout.LogoutFilter@7e809b79, edu.fudan.common.security.jwt.JWTFilter@30ea8c23, org.springframework.security.web.savedrequest.RequestCacheAwareFilter@4fad94a7, org.springframework.security.web.servletapi.SecurityContextHolderAwareRequestFilter@5241cf67, org.springframework.security.web.authentication.AnonymousAuthenticationFilter@7b139eab, org.springframework.security.web.session.SessionManagementFilter@235f4c10, org.springframework.security.web.access.ExceptionTranslationFilter@25ddbbbb, org.springframework.security.web.access.intercept.FilterSecurityInterceptor@3f2ef586]
2022-05-10 05:58:04.511  INFO [ts-route-plan-service,,,] 1 --- [           main] o.s.w.s.handler.SimpleUrlHandlerMapping  : Mapped URL path [/webjars/**] onto handler of type [class org.springframework.web.servlet.resource.ResourceHttpRequestHandler]
2022-05-10 05:58:04.511  INFO [ts-route-plan-service,,,] 1 --- [           main] o.s.w.s.handler.SimpleUrlHandlerMapping  : Mapped URL path [/**] onto handler of type [class org.springframework.web.servlet.resource.ResourceHttpRequestHandler]
2022-05-10 05:58:09.796  INFO [ts-route-plan-service,,,] 1 --- [           main] o.s.w.s.handler.SimpleUrlHandlerMapping  : Mapped URL path [/**/favicon.ico] onto handler of type [class org.springframework.web.servlet.resource.ResourceHttpRequestHandler]
2022-05-10 05:58:14.444  INFO [ts-route-plan-service,,,] 1 --- [           main] o.s.s.web.DefaultSecurityFilterChain     : Creating filter chain: org.springframework.boot.actuate.autoconfigure.ManagementWebSecurityAutoConfiguration$LazyEndpointPathRequestMatcher@1849db1a, [org.springframework.security.web.context.request.async.WebAsyncManagerIntegrationFilter@69c79f09, org.springframework.security.web.context.SecurityContextPersistenceFilter@2a65bb85, org.springframework.security.web.header.HeaderWriterFilter@18a3962d, org.springframework.web.filter.CorsFilter@1ca25c47, org.springframework.security.web.authentication.logout.LogoutFilter@4215838f, org.springframework.security.web.authentication.www.BasicAuthenticationFilter@70dd7e15, org.springframework.security.web.savedrequest.RequestCacheAwareFilter@4b85880b, org.springframework.security.web.servletapi.SecurityContextHolderAwareRequestFilter@4f936da8, org.springframework.security.web.authentication.AnonymousAuthenticationFilter@5fcacc0, org.springframework.security.web.session.SessionManagementFilter@78aea4b9, org.springframework.security.web.access.ExceptionTranslationFilter@117e0fe5, org.springframework.security.web.access.intercept.FilterSecurityInterceptor@26fb628]
2022-05-10 05:58:32.339  INFO [ts-route-plan-service,,,] 1 --- [           main] s.w.s.m.m.a.RequestMappingHandlerAdapter : Looking for @ControllerAdvice: org.springframework.boot.context.embedded.AnnotationConfigEmbeddedWebApplicationContext@d2cc05a: startup date [Tue May 10 05:50:06 CST 2022]; parent: org.springframework.context.annotation.AnnotationConfigApplicationContext@48533e64
2022-05-10 05:59:04.293  INFO [ts-route-plan-service,,,] 1 --- [           main] o.s.s.c.ThreadPoolTaskScheduler          : Initializing ExecutorService  'taskScheduler'
2022-05-10 06:00:10.267  INFO [ts-route-plan-service,,,] 1 --- [           main] o.s.s.c.ThreadPoolTaskScheduler          : Initializing ExecutorService 
2022-05-10 06:00:35.042  INFO [ts-route-plan-service,,,] 1 --- [           main] o.s.j.e.a.AnnotationMBeanExporter        : Registering beans for JMX exposure on startup
2022-05-10 06:00:38.277  INFO [ts-route-plan-service,,,] 1 --- [           main] o.s.j.e.a.AnnotationMBeanExporter        : Bean with name 'configurationPropertiesRebinder' has been autodetected for JMX exposure
2022-05-10 06:00:38.279  INFO [ts-route-plan-service,,,] 1 --- [           main] o.s.j.e.a.AnnotationMBeanExporter        : Bean with name 'refreshEndpoint' has been autodetected for JMX exposure
2022-05-10 06:00:38.280  INFO [ts-route-plan-service,,,] 1 --- [           main] o.s.j.e.a.AnnotationMBeanExporter        : Bean with name 'environmentManager' has been autodetected for JMX exposure
2022-05-10 06:00:38.618  INFO [ts-route-plan-service,,,] 1 --- [           main] o.s.j.e.a.AnnotationMBeanExporter        : Bean with name 'refreshScope' has been autodetected for JMX exposure
2022-05-10 06:00:38.685  INFO [ts-route-plan-service,,,] 1 --- [           main] o.s.j.e.a.AnnotationMBeanExporter        : Located managed bean 'environmentManager': registering with JMX server as MBean [org.springframework.cloud.context.environment:name=environmentManager,type=EnvironmentManager]
2022-05-10 06:00:40.640  INFO [ts-route-plan-service,,,] 1 --- [           main] o.s.j.e.a.AnnotationMBeanExporter        : Located managed bean 'refreshScope': registering with JMX server as MBean [org.springframework.cloud.context.scope.refresh:name=refreshScope,type=RefreshScope]
2022-05-10 06:00:41.936  INFO [ts-route-plan-service,,,] 1 --- [           main] o.s.j.e.a.AnnotationMBeanExporter        : Located managed bean 'configurationPropertiesRebinder': registering with JMX server as MBean [org.springframework.cloud.context.properties:name=configurationPropertiesRebinder,context=d2cc05a,type=ConfigurationPropertiesRebinder]
2022-05-10 06:00:42.100  INFO [ts-route-plan-service,,,] 1 --- [           main] o.s.j.e.a.AnnotationMBeanExporter        : Located managed bean 'refreshEndpoint': registering with JMX server as MBean [org.springframework.cloud.endpoint:name=refreshEndpoint,type=RefreshEndpoint]
2022-05-10 06:01:45.541  INFO [ts-route-plan-service,,,] 1 --- [           main] o.s.c.support.DefaultLifecycleProcessor  : Starting beans in phase 0
2022-05-10 06:01:50.724  INFO [ts-route-plan-service,,,] 1 --- [           main] o.s.i.endpoint.EventDrivenConsumer       : Adding {logging-channel-adapter:_org.springframework.integration.errorLogger} as a subscriber to the 'errorChannel' channel
2022-05-10 06:01:50.726  INFO [ts-route-plan-service,,,] 1 --- [           main] o.s.i.channel.PublishSubscribeChannel    : Channel 'ts-route-plan-service:14578.errorChannel' has 1 subscriber(s).
2022-05-10 06:01:50.726  INFO [ts-route-plan-service,,,] 1 --- [           main] o.s.i.endpoint.EventDrivenConsumer       : started _org.springframework.integration.errorLogger
2022-05-10 06:01:53.118  INFO [ts-route-plan-service,,,] 1 --- [           main] d.s.w.p.DocumentationPluginsBootstrapper : Context refreshed
2022-05-10 06:01:55.295  INFO [ts-route-plan-service,,,] 1 --- [           main] d.s.w.p.DocumentationPluginsBootstrapper : Found 1 custom documentation plugin(s)
2022-05-10 06:01:56.529  INFO [ts-route-plan-service,,,] 1 --- [           main] s.d.s.w.s.ApiListingReferenceScanner     : Scanning for api listing references
2022-05-10 06:02:07.902  INFO [ts-route-plan-service,,,] 1 --- [           main] .d.s.w.r.o.CachingOperationNameGenerator : Generating unique operation named: findByPrincipalAndAfterAndTypeUsingGET_1
2022-05-10 06:02:43.605  INFO [ts-route-plan-service,,,] 1 --- [           main] .d.s.w.r.o.CachingOperationNameGenerator : Generating unique operation named: invokeUsingGET_1
2022-05-10 06:02:43.755  INFO [ts-route-plan-service,,,] 1 --- [           main] .d.s.w.r.o.CachingOperationNameGenerator : Generating unique operation named: invokeUsingGET_2
2022-05-10 06:02:43.887  INFO [ts-route-plan-service,,,] 1 --- [           main] .d.s.w.r.o.CachingOperationNameGenerator : Generating unique operation named: invokeUsingGET_3
2022-05-10 06:02:43.943  INFO [ts-route-plan-service,,,] 1 --- [           main] .d.s.w.r.o.CachingOperationNameGenerator : Generating unique operation named: invokeUsingGET_4
2022-05-10 06:02:43.993  INFO [ts-route-plan-service,,,] 1 --- [           main] .d.s.w.r.o.CachingOperationNameGenerator : Generating unique operation named: invokeUsingGET_5
2022-05-10 06:02:44.179  INFO [ts-route-plan-service,,,] 1 --- [           main] .d.s.w.r.o.CachingOperationNameGenerator : Generating unique operation named: invokeUsingGET_6
2022-05-10 06:02:44.467  INFO [ts-route-plan-service,,,] 1 --- [           main] .d.s.w.r.o.CachingOperationNameGenerator : Generating unique operation named: invokeUsingGET_7
2022-05-10 06:02:44.574  INFO [ts-route-plan-service,,,] 1 --- [           main] .d.s.w.r.o.CachingOperationNameGenerator : Generating unique operation named: invokeUsingGET_8
2022-05-10 06:02:44.746  INFO [ts-route-plan-service,,,] 1 --- [           main] .d.s.w.r.o.CachingOperationNameGenerator : Generating unique operation named: invokeUsingGET_9
2022-05-10 06:02:44.851  INFO [ts-route-plan-service,,,] 1 --- [           main] .d.s.w.r.o.CachingOperationNameGenerator : Generating unique operation named: invokeUsingGET_10
2022-05-10 06:02:45.030  INFO [ts-route-plan-service,,,] 1 --- [           main] .d.s.w.r.o.CachingOperationNameGenerator : Generating unique operation named: invokeUsingGET_11
2022-05-10 06:02:45.305  INFO [ts-route-plan-service,,,] 1 --- [           main] .d.s.w.r.o.CachingOperationNameGenerator : Generating unique operation named: invokeUsingGET_12
2022-05-10 06:02:45.487  INFO [ts-route-plan-service,,,] 1 --- [           main] .d.s.w.r.o.CachingOperationNameGenerator : Generating unique operation named: invokeUsingGET_13
2022-05-10 06:02:45.620  INFO [ts-route-plan-service,,,] 1 --- [           main] .d.s.w.r.o.CachingOperationNameGenerator : Generating unique operation named: invokeUsingGET_14
2022-05-10 06:02:45.636  INFO [ts-route-plan-service,,,] 1 --- [           main] .d.s.w.r.o.CachingOperationNameGenerator : Generating unique operation named: invokeUsingGET_15
2022-05-10 06:02:46.378  INFO [ts-route-plan-service,,,] 1 --- [           main] .d.s.w.r.o.CachingOperationNameGenerator : Generating unique operation named: invokeUsingGET_16
2022-05-10 06:02:46.518  INFO [ts-route-plan-service,,,] 1 --- [           main] .d.s.w.r.o.CachingOperationNameGenerator : Generating unique operation named: invokeUsingGET_17
2022-05-10 06:02:47.007  INFO [ts-route-plan-service,,,] 1 --- [           main] .d.s.w.r.o.CachingOperationNameGenerator : Generating unique operation named: invokeUsingPOST_1
2022-05-10 06:02:48.423  INFO [ts-route-plan-service,,,] 1 --- [           main] .d.s.w.r.o.CachingOperationNameGenerator : Generating unique operation named: invokeUsingGET_18
2022-05-10 06:02:48.642  INFO [ts-route-plan-service,,,] 1 --- [           main] .d.s.w.r.o.CachingOperationNameGenerator : Generating unique operation named: invokeUsingGET_19
2022-05-10 06:02:49.059  INFO [ts-route-plan-service,,,] 1 --- [           main] .d.s.w.r.o.CachingOperationNameGenerator : Generating unique operation named: invokeUsingGET_20
2022-05-10 06:02:49.608  INFO [ts-route-plan-service,,,] 1 --- [           main] .d.s.w.r.o.CachingOperationNameGenerator : Generating unique operation named: invokeUsingGET_21
2022-05-10 06:02:50.991  INFO [ts-route-plan-service,,,] 1 --- [           main] .d.s.w.r.o.CachingOperationNameGenerator : Generating unique operation named: invokeUsingGET_22
2022-05-10 06:02:51.131  INFO [ts-route-plan-service,,,] 1 --- [           main] .d.s.w.r.o.CachingOperationNameGenerator : Generating unique operation named: invokeUsingGET_23
2022-05-10 06:02:51.859  INFO [ts-route-plan-service,,,] 1 --- [           main] .d.s.w.r.o.CachingOperationNameGenerator : Generating unique operation named: invokeUsingGET_24
2022-05-10 06:02:52.391  INFO [ts-route-plan-service,,,] 1 --- [           main] .d.s.w.r.o.CachingOperationNameGenerator : Generating unique operation named: invokeUsingGET_25
2022-05-10 06:02:53.166  INFO [ts-route-plan-service,,,] 1 --- [           main] .d.s.w.r.o.CachingOperationNameGenerator : Generating unique operation named: valueUsingGET_1
2022-05-10 06:03:09.856  INFO [ts-route-plan-service,,,] 1 --- [           main] s.b.c.e.t.TomcatEmbeddedServletContainer : Tomcat started on port(s): 14578 (http)
2022-05-10 06:03:10.718  INFO [ts-route-plan-service,,,] 1 --- [           main] plan.RoutePlanApplication                : Started RoutePlanApplication in 916.784 seconds (JVM running for 952.369)
