2022-05-26T05:25:17.412111492Z stdout F 2022-05-26T05:25:17.411789Z	info	Istio iptables environment:
2022-05-26T05:25:17.412150037Z stdout F ENVOY_PORT=
2022-05-26T05:25:17.412162124Z stdout F INBOUND_CAPTURE_PORT=
2022-05-26T05:25:17.412170577Z stdout F ISTIO_INBOUND_INTERCEPTION_MODE=
2022-05-26T05:25:17.412188675Z stdout F ISTIO_INBOUND_TPROXY_ROUTE_TABLE=
2022-05-26T05:25:17.412197764Z stdout F ISTIO_INBOUND_PORTS=
2022-05-26T05:25:17.412202427Z stdout F ISTIO_OUTBOUND_PORTS=
2022-05-26T05:25:17.412206304Z stdout F ISTIO_LOCAL_EXCLUDE_PORTS=
2022-05-26T05:25:17.412209901Z stdout F ISTIO_EXCLUDE_INTERFACES=
2022-05-26T05:25:17.41221374Z stdout F ISTIO_SERVICE_CIDR=
2022-05-26T05:25:17.412217784Z stdout F ISTIO_SERVICE_EXCLUDE_CIDR=
2022-05-26T05:25:17.412221572Z stdout F ISTIO_META_DNS_CAPTURE=
2022-05-26T05:25:17.412225816Z stdout F INVALID_DROP=
2022-05-26T05:25:17.412229628Z stdout F 
2022-05-26T05:25:17.412236702Z stdout F 2022-05-26T05:25:17.411878Z	info	Istio iptables variables:
2022-05-26T05:25:17.412248339Z stdout F PROXY_PORT=15001
2022-05-26T05:25:17.412260269Z stdout F PROXY_INBOUND_CAPTURE_PORT=15006
2022-05-26T05:25:17.412267586Z stdout F PROXY_TUNNEL_PORT=15008
2022-05-26T05:25:17.412272034Z stdout F PROXY_UID=1337
2022-05-26T05:25:17.412276075Z stdout F PROXY_GID=1337
2022-05-26T05:25:17.412280296Z stdout F INBOUND_INTERCEPTION_MODE=REDIRECT
2022-05-26T05:25:17.412284473Z stdout F INBOUND_TPROXY_MARK=1337
2022-05-26T05:25:17.412288398Z stdout F INBOUND_TPROXY_ROUTE_TABLE=133
2022-05-26T05:25:17.412292522Z stdout F INBOUND_PORTS_INCLUDE=*
2022-05-26T05:25:17.412296631Z stdout F INBOUND_PORTS_EXCLUDE=15090,15021,15020
2022-05-26T05:25:17.412300389Z stdout F OUTBOUND_IP_RANGES_INCLUDE=*
2022-05-26T05:25:17.412304324Z stdout F OUTBOUND_IP_RANGES_EXCLUDE=
2022-05-26T05:25:17.412308519Z stdout F OUTBOUND_PORTS_INCLUDE=
2022-05-26T05:25:17.412312588Z stdout F OUTBOUND_PORTS_EXCLUDE=
2022-05-26T05:25:17.412316419Z stdout F KUBE_VIRT_INTERFACES=
2022-05-26T05:25:17.412320149Z stdout F ENABLE_INBOUND_IPV6=false
2022-05-26T05:25:17.412323995Z stdout F DNS_CAPTURE=false
2022-05-26T05:25:17.412327729Z stdout F DROP_INVALID=false
2022-05-26T05:25:17.412331395Z stdout F CAPTURE_ALL_DNS=false
2022-05-26T05:25:17.412334934Z stdout F DNS_SERVERS=[],[]
2022-05-26T05:25:17.412338707Z stdout F OUTPUT_PATH=
2022-05-26T05:25:17.412342252Z stdout F NETWORK_NAMESPACE=
2022-05-26T05:25:17.412345952Z stdout F CNI_MODE=false
2022-05-26T05:25:17.41235008Z stdout F EXCLUDE_INTERFACES=
2022-05-26T05:25:17.412354037Z stdout F 
2022-05-26T05:25:17.412368999Z stdout F 2022-05-26T05:25:17.412222Z	info	Writing following contents to rules file: /tmp/iptables-rules-1653542717411966780.txt4178949997
2022-05-26T05:25:17.412374957Z stdout F * nat
2022-05-26T05:25:17.412379396Z stdout F -N ISTIO_INBOUND
2022-05-26T05:25:17.412383232Z stdout F -N ISTIO_REDIRECT
2022-05-26T05:25:17.412386764Z stdout F -N ISTIO_IN_REDIRECT
2022-05-26T05:25:17.412390611Z stdout F -N ISTIO_OUTPUT
2022-05-26T05:25:17.412394878Z stdout F -A ISTIO_INBOUND -p tcp --dport 15008 -j RETURN
2022-05-26T05:25:17.412399305Z stdout F -A ISTIO_REDIRECT -p tcp -j REDIRECT --to-ports 15001
2022-05-26T05:25:17.412403733Z stdout F -A ISTIO_IN_REDIRECT -p tcp -j REDIRECT --to-ports 15006
2022-05-26T05:25:17.412407533Z stdout F -A PREROUTING -p tcp -j ISTIO_INBOUND
2022-05-26T05:25:17.412413504Z stdout F -A ISTIO_INBOUND -p tcp --dport 15090 -j RETURN
2022-05-26T05:25:17.412417312Z stdout F -A ISTIO_INBOUND -p tcp --dport 15021 -j RETURN
2022-05-26T05:25:17.412421276Z stdout F -A ISTIO_INBOUND -p tcp --dport 15020 -j RETURN
2022-05-26T05:25:17.412424983Z stdout F -A ISTIO_INBOUND -p tcp -j ISTIO_IN_REDIRECT
2022-05-26T05:25:17.412428638Z stdout F -A OUTPUT -p tcp -j ISTIO_OUTPUT
2022-05-26T05:25:17.412432314Z stdout F -A ISTIO_OUTPUT -o lo -s 127.0.0.6/32 -j RETURN
2022-05-26T05:25:17.41243656Z stdout F -A ISTIO_OUTPUT -o lo ! -d 127.0.0.1/32 -m owner --uid-owner 1337 -j ISTIO_IN_REDIRECT
2022-05-26T05:25:17.4124712Z stdout F -A ISTIO_OUTPUT -o lo -m owner ! --uid-owner 1337 -j RETURN
2022-05-26T05:25:17.412532026Z stdout F -A ISTIO_OUTPUT -m owner --uid-owner 1337 -j RETURN
2022-05-26T05:25:17.41254073Z stdout F -A ISTIO_OUTPUT -o lo ! -d 127.0.0.1/32 -m owner --gid-owner 1337 -j ISTIO_IN_REDIRECT
2022-05-26T05:25:17.41254387Z stdout F -A ISTIO_OUTPUT -o lo -m owner ! --gid-owner 1337 -j RETURN
2022-05-26T05:25:17.412546235Z stdout F -A ISTIO_OUTPUT -m owner --gid-owner 1337 -j RETURN
2022-05-26T05:25:17.412548827Z stdout F -A ISTIO_OUTPUT -d 127.0.0.1/32 -j RETURN
2022-05-26T05:25:17.412551384Z stdout F -A ISTIO_OUTPUT -j ISTIO_REDIRECT
2022-05-26T05:25:17.412553934Z stdout F COMMIT
2022-05-26T05:25:17.412556774Z stdout F 2022-05-26T05:25:17.412304Z	info	Running command: iptables-restore --noflush /tmp/iptables-rules-1653542717411966780.txt4178949997
2022-05-26T05:25:17.418114384Z stdout F 2022-05-26T05:25:17.417632Z	info	Writing following contents to rules file: /tmp/ip6tables-rules-1653542717417506591.txt4061783433
2022-05-26T05:25:17.418134743Z stdout F 
2022-05-26T05:25:17.418138565Z stdout F 2022-05-26T05:25:17.417793Z	info	Running command: ip6tables-restore --noflush /tmp/ip6tables-rules-1653542717417506591.txt4061783433
2022-05-26T05:25:17.424274779Z stdout F 2022-05-26T05:25:17.423660Z	info	Running command: iptables-save 
2022-05-26T05:25:17.42756161Z stdout F 2022-05-26T05:25:17.426815Z	info	Command output: 
2022-05-26T05:25:17.427623104Z stdout F # Generated by iptables-save v1.8.4 on Thu May 26 05:25:17 2022
2022-05-26T05:25:17.427631767Z stdout F *nat
2022-05-26T05:25:17.427636252Z stdout F :PREROUTING ACCEPT [0:0]
2022-05-26T05:25:17.427638828Z stdout F :INPUT ACCEPT [0:0]
2022-05-26T05:25:17.427641269Z stdout F :OUTPUT ACCEPT [0:0]
2022-05-26T05:25:17.427645134Z stdout F :POSTROUTING ACCEPT [0:0]
2022-05-26T05:25:17.427649157Z stdout F :ISTIO_INBOUND - [0:0]
2022-05-26T05:25:17.427652924Z stdout F :ISTIO_IN_REDIRECT - [0:0]
2022-05-26T05:25:17.427659706Z stdout F :ISTIO_OUTPUT - [0:0]
2022-05-26T05:25:17.427668982Z stdout F :ISTIO_REDIRECT - [0:0]
2022-05-26T05:25:17.427674147Z stdout F -A PREROUTING -p tcp -j ISTIO_INBOUND
2022-05-26T05:25:17.427678189Z stdout F -A OUTPUT -p tcp -j ISTIO_OUTPUT
2022-05-26T05:25:17.427681993Z stdout F -A ISTIO_INBOUND -p tcp -m tcp --dport 15008 -j RETURN
2022-05-26T05:25:17.427685837Z stdout F -A ISTIO_INBOUND -p tcp -m tcp --dport 15090 -j RETURN
2022-05-26T05:25:17.427689447Z stdout F -A ISTIO_INBOUND -p tcp -m tcp --dport 15021 -j RETURN
2022-05-26T05:25:17.427699061Z stdout F -A ISTIO_INBOUND -p tcp -m tcp --dport 15020 -j RETURN
2022-05-26T05:25:17.427713014Z stdout F -A ISTIO_INBOUND -p tcp -j ISTIO_IN_REDIRECT
2022-05-26T05:25:17.427722437Z stdout F -A ISTIO_IN_REDIRECT -p tcp -j REDIRECT --to-ports 15006
2022-05-26T05:25:17.427727111Z stdout F -A ISTIO_OUTPUT -s 127.0.0.6/32 -o lo -j RETURN
2022-05-26T05:25:17.427798942Z stdout F -A ISTIO_OUTPUT ! -d 127.0.0.1/32 -o lo -m owner --uid-owner 1337 -j ISTIO_IN_REDIRECT
2022-05-26T05:25:17.427809711Z stdout F -A ISTIO_OUTPUT -o lo -m owner ! --uid-owner 1337 -j RETURN
2022-05-26T05:25:17.427814649Z stdout F -A ISTIO_OUTPUT -m owner --uid-owner 1337 -j RETURN
2022-05-26T05:25:17.427819092Z stdout F -A ISTIO_OUTPUT ! -d 127.0.0.1/32 -o lo -m owner --gid-owner 1337 -j ISTIO_IN_REDIRECT
2022-05-26T05:25:17.427823221Z stdout F -A ISTIO_OUTPUT -o lo -m owner ! --gid-owner 1337 -j RETURN
2022-05-26T05:25:17.427827049Z stdout F -A ISTIO_OUTPUT -m owner --gid-owner 1337 -j RETURN
2022-05-26T05:25:17.427831114Z stdout F -A ISTIO_OUTPUT -d 127.0.0.1/32 -j RETURN
2022-05-26T05:25:17.427835054Z stdout F -A ISTIO_OUTPUT -j ISTIO_REDIRECT
2022-05-26T05:25:17.427839084Z stdout F -A ISTIO_REDIRECT -p tcp -j REDIRECT --to-ports 15001
2022-05-26T05:25:17.427842715Z stdout F COMMIT
2022-05-26T05:25:17.427845337Z stdout F # Completed on Thu May 26 05:25:17 2022
2022-05-26T05:25:17.427847703Z stdout F 
