2022-05-09T06:51:04.487597616Z stdout F 2022-05-09T06:51:04.480957Z	info	Istio iptables environment:
2022-05-09T06:51:04.487677026Z stdout F ENVOY_PORT=
2022-05-09T06:51:04.487692228Z stdout F INBOUND_CAPTURE_PORT=
2022-05-09T06:51:04.487705037Z stdout F ISTIO_INBOUND_INTERCEPTION_MODE=
2022-05-09T06:51:04.487712601Z stdout F ISTIO_INBOUND_TPROXY_ROUTE_TABLE=
2022-05-09T06:51:04.487717512Z stdout F ISTIO_INBOUND_PORTS=
2022-05-09T06:51:04.487722177Z stdout F ISTIO_OUTBOUND_PORTS=
2022-05-09T06:51:04.487726667Z stdout F ISTIO_LOCAL_EXCLUDE_PORTS=
2022-05-09T06:51:04.487731271Z stdout F ISTIO_EXCLUDE_INTERFACES=
2022-05-09T06:51:04.487736114Z stdout F ISTIO_SERVICE_CIDR=
2022-05-09T06:51:04.487740532Z stdout F ISTIO_SERVICE_EXCLUDE_CIDR=
2022-05-09T06:51:04.487744971Z stdout F ISTIO_META_DNS_CAPTURE=
2022-05-09T06:51:04.487749611Z stdout F INVALID_DROP=
2022-05-09T06:51:04.487754016Z stdout F 
2022-05-09T06:51:04.490721614Z stdout F 2022-05-09T06:51:04.483428Z	info	Istio iptables variables:
2022-05-09T06:51:04.49074533Z stdout F PROXY_PORT=15001
2022-05-09T06:51:04.490753781Z stdout F PROXY_INBOUND_CAPTURE_PORT=15006
2022-05-09T06:51:04.49076343Z stdout F PROXY_TUNNEL_PORT=15008
2022-05-09T06:51:04.490772896Z stdout F PROXY_UID=1337
2022-05-09T06:51:04.49077889Z stdout F PROXY_GID=1337
2022-05-09T06:51:04.49078423Z stdout F INBOUND_INTERCEPTION_MODE=REDIRECT
2022-05-09T06:51:04.490876683Z stdout F INBOUND_TPROXY_MARK=1337
2022-05-09T06:51:04.490896444Z stdout F INBOUND_TPROXY_ROUTE_TABLE=133
2022-05-09T06:51:04.490904767Z stdout F INBOUND_PORTS_INCLUDE=*
2022-05-09T06:51:04.490910663Z stdout F INBOUND_PORTS_EXCLUDE=15090,15021,15020
2022-05-09T06:51:04.490915467Z stdout F OUTBOUND_IP_RANGES_INCLUDE=*
2022-05-09T06:51:04.490920166Z stdout F OUTBOUND_IP_RANGES_EXCLUDE=
2022-05-09T06:51:04.490924805Z stdout F OUTBOUND_PORTS_INCLUDE=
2022-05-09T06:51:04.490929292Z stdout F OUTBOUND_PORTS_EXCLUDE=
2022-05-09T06:51:04.490933715Z stdout F KUBE_VIRT_INTERFACES=
2022-05-09T06:51:04.490938278Z stdout F ENABLE_INBOUND_IPV6=false
2022-05-09T06:51:04.490942951Z stdout F DNS_CAPTURE=false
2022-05-09T06:51:04.490947705Z stdout F DROP_INVALID=false
2022-05-09T06:51:04.490952318Z stdout F CAPTURE_ALL_DNS=false
2022-05-09T06:51:04.492551341Z stdout F DNS_SERVERS=[],[]
2022-05-09T06:51:04.492572974Z stdout F OUTPUT_PATH=
2022-05-09T06:51:04.492578556Z stdout F NETWORK_NAMESPACE=
2022-05-09T06:51:04.492583105Z stdout F CNI_MODE=false
2022-05-09T06:51:04.492587572Z stdout F EXCLUDE_INTERFACES=
2022-05-09T06:51:04.492591653Z stdout F 
2022-05-09T06:51:04.492650563Z stdout F 2022-05-09T06:51:04.485622Z	info	Writing following contents to rules file: /tmp/iptables-rules-1652079064485398108.txt1358620644
2022-05-09T06:51:04.492662859Z stdout F * nat
2022-05-09T06:51:04.492668565Z stdout F -N ISTIO_INBOUND
2022-05-09T06:51:04.492673266Z stdout F -N ISTIO_REDIRECT
2022-05-09T06:51:04.492677355Z stdout F -N ISTIO_IN_REDIRECT
2022-05-09T06:51:04.492681643Z stdout F -N ISTIO_OUTPUT
2022-05-09T06:51:04.492686498Z stdout F -A ISTIO_INBOUND -p tcp --dport 15008 -j RETURN
2022-05-09T06:51:04.49269124Z stdout F -A ISTIO_REDIRECT -p tcp -j REDIRECT --to-ports 15001
2022-05-09T06:51:04.49269521Z stdout F -A ISTIO_IN_REDIRECT -p tcp -j REDIRECT --to-ports 15006
2022-05-09T06:51:04.492699162Z stdout F -A PREROUTING -p tcp -j ISTIO_INBOUND
2022-05-09T06:51:04.492703018Z stdout F -A ISTIO_INBOUND -p tcp --dport 15090 -j RETURN
2022-05-09T06:51:04.492706977Z stdout F -A ISTIO_INBOUND -p tcp --dport 15021 -j RETURN
2022-05-09T06:51:04.492710975Z stdout F -A ISTIO_INBOUND -p tcp --dport 15020 -j RETURN
2022-05-09T06:51:04.492715077Z stdout F -A ISTIO_INBOUND -p tcp -j ISTIO_IN_REDIRECT
2022-05-09T06:51:04.49271967Z stdout F -A OUTPUT -p tcp -j ISTIO_OUTPUT
2022-05-09T06:51:04.492724004Z stdout F -A ISTIO_OUTPUT -o lo -s 127.0.0.6/32 -j RETURN
2022-05-09T06:51:04.492728703Z stdout F -A ISTIO_OUTPUT -o lo ! -d 127.0.0.1/32 -m owner --uid-owner 1337 -j ISTIO_IN_REDIRECT
2022-05-09T06:51:04.492732862Z stdout F -A ISTIO_OUTPUT -o lo -m owner ! --uid-owner 1337 -j RETURN
2022-05-09T06:51:04.492737314Z stdout F -A ISTIO_OUTPUT -m owner --uid-owner 1337 -j RETURN
2022-05-09T06:51:04.492758194Z stdout F -A ISTIO_OUTPUT -o lo ! -d 127.0.0.1/32 -m owner --gid-owner 1337 -j ISTIO_IN_REDIRECT
2022-05-09T06:51:04.492764202Z stdout F -A ISTIO_OUTPUT -o lo -m owner ! --gid-owner 1337 -j RETURN
2022-05-09T06:51:04.492768896Z stdout F -A ISTIO_OUTPUT -m owner --gid-owner 1337 -j RETURN
2022-05-09T06:51:04.492773048Z stdout F -A ISTIO_OUTPUT -d 127.0.0.1/32 -j RETURN
2022-05-09T06:51:04.492776823Z stdout F -A ISTIO_OUTPUT -j ISTIO_REDIRECT
2022-05-09T06:51:04.492781143Z stdout F COMMIT
2022-05-09T06:51:04.492786617Z stdout F 2022-05-09T06:51:04.485800Z	info	Running command: iptables-restore --noflush /tmp/iptables-rules-1652079064485398108.txt1358620644
2022-05-09T06:51:04.503867491Z stdout F 2022-05-09T06:51:04.503447Z	info	Writing following contents to rules file: /tmp/ip6tables-rules-1652079064503355745.txt1270511275
2022-05-09T06:51:04.503890411Z stdout F 
2022-05-09T06:51:04.503897034Z stdout F 2022-05-09T06:51:04.503522Z	info	Running command: ip6tables-restore --noflush /tmp/ip6tables-rules-1652079064503355745.txt1270511275
2022-05-09T06:51:04.510955578Z stdout F 2022-05-09T06:51:04.507112Z	info	Running command: iptables-save 
2022-05-09T06:51:04.516080397Z stdout F 2022-05-09T06:51:04.513547Z	info	Command output: 
2022-05-09T06:51:04.516112852Z stdout F # Generated by iptables-save v1.8.4 on Mon May  9 06:51:04 2022
2022-05-09T06:51:04.516120763Z stdout F *nat
2022-05-09T06:51:04.516126737Z stdout F :PREROUTING ACCEPT [0:0]
2022-05-09T06:51:04.516131885Z stdout F :INPUT ACCEPT [0:0]
2022-05-09T06:51:04.516136546Z stdout F :OUTPUT ACCEPT [0:0]
2022-05-09T06:51:04.516141897Z stdout F :POSTROUTING ACCEPT [0:0]
2022-05-09T06:51:04.516146642Z stdout F :ISTIO_INBOUND - [0:0]
2022-05-09T06:51:04.516151116Z stdout F :ISTIO_IN_REDIRECT - [0:0]
2022-05-09T06:51:04.51615566Z stdout F :ISTIO_OUTPUT - [0:0]
2022-05-09T06:51:04.516160534Z stdout F :ISTIO_REDIRECT - [0:0]
2022-05-09T06:51:04.516165878Z stdout F -A PREROUTING -p tcp -j ISTIO_INBOUND
2022-05-09T06:51:04.516170917Z stdout F -A OUTPUT -p tcp -j ISTIO_OUTPUT
2022-05-09T06:51:04.516175806Z stdout F -A ISTIO_INBOUND -p tcp -m tcp --dport 15008 -j RETURN
2022-05-09T06:51:04.516180419Z stdout F -A ISTIO_INBOUND -p tcp -m tcp --dport 15090 -j RETURN
2022-05-09T06:51:04.516185612Z stdout F -A ISTIO_INBOUND -p tcp -m tcp --dport 15021 -j RETURN
2022-05-09T06:51:04.516189566Z stdout F -A ISTIO_INBOUND -p tcp -m tcp --dport 15020 -j RETURN
2022-05-09T06:51:04.516192963Z stdout F -A ISTIO_INBOUND -p tcp -j ISTIO_IN_REDIRECT
2022-05-09T06:51:04.516196265Z stdout F -A ISTIO_IN_REDIRECT -p tcp -j REDIRECT --to-ports 15006
2022-05-09T06:51:04.516199521Z stdout F -A ISTIO_OUTPUT -s 127.0.0.6/32 -o lo -j RETURN
2022-05-09T06:51:04.516202994Z stdout F -A ISTIO_OUTPUT ! -d 127.0.0.1/32 -o lo -m owner --uid-owner 1337 -j ISTIO_IN_REDIRECT
2022-05-09T06:51:04.516206173Z stdout F -A ISTIO_OUTPUT -o lo -m owner ! --uid-owner 1337 -j RETURN
2022-05-09T06:51:04.516209395Z stdout F -A ISTIO_OUTPUT -m owner --uid-owner 1337 -j RETURN
2022-05-09T06:51:04.516215776Z stdout F -A ISTIO_OUTPUT ! -d 127.0.0.1/32 -o lo -m owner --gid-owner 1337 -j ISTIO_IN_REDIRECT
2022-05-09T06:51:04.516224009Z stdout F -A ISTIO_OUTPUT -o lo -m owner ! --gid-owner 1337 -j RETURN
2022-05-09T06:51:04.516228758Z stdout F -A ISTIO_OUTPUT -m owner --gid-owner 1337 -j RETURN
2022-05-09T06:51:04.51623516Z stdout F -A ISTIO_OUTPUT -d 127.0.0.1/32 -j RETURN
2022-05-09T06:51:04.51624476Z stdout F -A ISTIO_OUTPUT -j ISTIO_REDIRECT
2022-05-09T06:51:04.516251017Z stdout F -A ISTIO_REDIRECT -p tcp -j REDIRECT --to-ports 15001
2022-05-09T06:51:04.51625647Z stdout F COMMIT
2022-05-09T06:51:04.516262023Z stdout F # Completed on Mon May  9 06:51:04 2022
2022-05-09T06:51:04.516266849Z stdout F 
