2022-05-09T21:45:58.333316748Z stdout F 2022-05-09T21:45:58.332029Z	info	Istio iptables environment:
2022-05-09T21:45:58.351451851Z stdout F ENVOY_PORT=
2022-05-09T21:45:58.351467549Z stdout F INBOUND_CAPTURE_PORT=
2022-05-09T21:45:58.351473789Z stdout F ISTIO_INBOUND_INTERCEPTION_MODE=
2022-05-09T21:45:58.351478029Z stdout F ISTIO_INBOUND_TPROXY_ROUTE_TABLE=
2022-05-09T21:45:58.351481843Z stdout F ISTIO_INBOUND_PORTS=
2022-05-09T21:45:58.351486433Z stdout F ISTIO_OUTBOUND_PORTS=
2022-05-09T21:45:58.351607087Z stdout F ISTIO_LOCAL_EXCLUDE_PORTS=
2022-05-09T21:45:58.351625597Z stdout F ISTIO_EXCLUDE_INTERFACES=
2022-05-09T21:45:58.351662892Z stdout F ISTIO_SERVICE_CIDR=
2022-05-09T21:45:58.351672483Z stdout F ISTIO_SERVICE_EXCLUDE_CIDR=
2022-05-09T21:45:58.351677185Z stdout F ISTIO_META_DNS_CAPTURE=
2022-05-09T21:45:58.351681625Z stdout F INVALID_DROP=
2022-05-09T21:45:58.351685507Z stdout F 
2022-05-09T21:45:58.351689675Z stdout F 2022-05-09T21:45:58.332112Z	info	Istio iptables variables:
2022-05-09T21:45:58.351693564Z stdout F PROXY_PORT=15001
2022-05-09T21:45:58.351697706Z stdout F PROXY_INBOUND_CAPTURE_PORT=15006
2022-05-09T21:45:58.351701401Z stdout F PROXY_TUNNEL_PORT=15008
2022-05-09T21:45:58.351705405Z stdout F PROXY_UID=1337
2022-05-09T21:45:58.351709371Z stdout F PROXY_GID=1337
2022-05-09T21:45:58.351713632Z stdout F INBOUND_INTERCEPTION_MODE=REDIRECT
2022-05-09T21:45:58.351717845Z stdout F INBOUND_TPROXY_MARK=1337
2022-05-09T21:45:58.351721886Z stdout F INBOUND_TPROXY_ROUTE_TABLE=133
2022-05-09T21:45:58.351725758Z stdout F INBOUND_PORTS_INCLUDE=*
2022-05-09T21:45:58.351730094Z stdout F INBOUND_PORTS_EXCLUDE=15090,15021,15020
2022-05-09T21:45:58.351734257Z stdout F OUTBOUND_IP_RANGES_INCLUDE=*
2022-05-09T21:45:58.351738129Z stdout F OUTBOUND_IP_RANGES_EXCLUDE=
2022-05-09T21:45:58.351741983Z stdout F OUTBOUND_PORTS_INCLUDE=
2022-05-09T21:45:58.351745774Z stdout F OUTBOUND_PORTS_EXCLUDE=
2022-05-09T21:45:58.351749547Z stdout F KUBE_VIRT_INTERFACES=
2022-05-09T21:45:58.351753409Z stdout F ENABLE_INBOUND_IPV6=false
2022-05-09T21:45:58.351757552Z stdout F DNS_CAPTURE=false
2022-05-09T21:45:58.351761529Z stdout F DROP_INVALID=false
2022-05-09T21:45:58.35176544Z stdout F CAPTURE_ALL_DNS=false
2022-05-09T21:45:58.351769472Z stdout F DNS_SERVERS=[],[]
2022-05-09T21:45:58.35177367Z stdout F OUTPUT_PATH=
2022-05-09T21:45:58.351777575Z stdout F NETWORK_NAMESPACE=
2022-05-09T21:45:58.351781557Z stdout F CNI_MODE=false
2022-05-09T21:45:58.35178553Z stdout F EXCLUDE_INTERFACES=
2022-05-09T21:45:58.351789294Z stdout F 
2022-05-09T21:45:58.351851727Z stdout F 2022-05-09T21:45:58.350029Z	info	Writing following contents to rules file: /tmp/iptables-rules-1652132758332175894.txt4128831192
2022-05-09T21:45:58.351863763Z stdout F * nat
2022-05-09T21:45:58.351868979Z stdout F -N ISTIO_INBOUND
2022-05-09T21:45:58.351873807Z stdout F -N ISTIO_REDIRECT
2022-05-09T21:45:58.351877837Z stdout F -N ISTIO_IN_REDIRECT
2022-05-09T21:45:58.351881783Z stdout F -N ISTIO_OUTPUT
2022-05-09T21:45:58.351885951Z stdout F -A ISTIO_INBOUND -p tcp --dport 15008 -j RETURN
2022-05-09T21:45:58.351890214Z stdout F -A ISTIO_REDIRECT -p tcp -j REDIRECT --to-ports 15001
2022-05-09T21:45:58.351894179Z stdout F -A ISTIO_IN_REDIRECT -p tcp -j REDIRECT --to-ports 15006
2022-05-09T21:45:58.351898294Z stdout F -A PREROUTING -p tcp -j ISTIO_INBOUND
2022-05-09T21:45:58.351902389Z stdout F -A ISTIO_INBOUND -p tcp --dport 15090 -j RETURN
2022-05-09T21:45:58.351906323Z stdout F -A ISTIO_INBOUND -p tcp --dport 15021 -j RETURN
2022-05-09T21:45:58.351910317Z stdout F -A ISTIO_INBOUND -p tcp --dport 15020 -j RETURN
2022-05-09T21:45:58.351914331Z stdout F -A ISTIO_INBOUND -p tcp -j ISTIO_IN_REDIRECT
2022-05-09T21:45:58.351918322Z stdout F -A OUTPUT -p tcp -j ISTIO_OUTPUT
2022-05-09T21:45:58.351922177Z stdout F -A ISTIO_OUTPUT -o lo -s 127.0.0.6/32 -j RETURN
2022-05-09T21:45:58.351926742Z stdout F -A ISTIO_OUTPUT -o lo ! -d 127.0.0.1/32 -m owner --uid-owner 1337 -j ISTIO_IN_REDIRECT
2022-05-09T21:45:58.351930918Z stdout F -A ISTIO_OUTPUT -o lo -m owner ! --uid-owner 1337 -j RETURN
2022-05-09T21:45:58.351946695Z stdout F -A ISTIO_OUTPUT -m owner --uid-owner 1337 -j RETURN
2022-05-09T21:45:58.351972797Z stdout F -A ISTIO_OUTPUT -o lo ! -d 127.0.0.1/32 -m owner --gid-owner 1337 -j ISTIO_IN_REDIRECT
2022-05-09T21:45:58.351979911Z stdout F -A ISTIO_OUTPUT -o lo -m owner ! --gid-owner 1337 -j RETURN
2022-05-09T21:45:58.351984088Z stdout F -A ISTIO_OUTPUT -m owner --gid-owner 1337 -j RETURN
2022-05-09T21:45:58.351988054Z stdout F -A ISTIO_OUTPUT -d 127.0.0.1/32 -j RETURN
2022-05-09T21:45:58.351992298Z stdout F -A ISTIO_OUTPUT -j ISTIO_REDIRECT
2022-05-09T21:45:58.351996381Z stdout F COMMIT
2022-05-09T21:45:58.352001049Z stdout F 2022-05-09T21:45:58.350134Z	info	Running command: iptables-restore --noflush /tmp/iptables-rules-1652132758332175894.txt4128831192
2022-05-09T21:45:58.365148433Z stdout F 2022-05-09T21:45:58.364739Z	info	Writing following contents to rules file: /tmp/ip6tables-rules-1652132758364639055.txt3671355922
2022-05-09T21:45:58.36523499Z stdout F 
2022-05-09T21:45:58.365776668Z stdout F 2022-05-09T21:45:58.365321Z	info	Running command: ip6tables-restore --noflush /tmp/ip6tables-rules-1652132758364639055.txt3671355922
2022-05-09T21:45:58.373338532Z stdout F 2022-05-09T21:45:58.372356Z	info	Running command: iptables-save 
2022-05-09T21:45:58.388882207Z stdout F 2022-05-09T21:45:58.387289Z	info	Command output: 
2022-05-09T21:45:58.38891173Z stdout F # Generated by iptables-save v1.8.4 on Mon May  9 21:45:58 2022
2022-05-09T21:45:58.38891813Z stdout F *nat
2022-05-09T21:45:58.38892301Z stdout F :PREROUTING ACCEPT [0:0]
2022-05-09T21:45:58.388927018Z stdout F :INPUT ACCEPT [0:0]
2022-05-09T21:45:58.388930922Z stdout F :OUTPUT ACCEPT [0:0]
2022-05-09T21:45:58.388935324Z stdout F :POSTROUTING ACCEPT [0:0]
2022-05-09T21:45:58.388939275Z stdout F :ISTIO_INBOUND - [0:0]
2022-05-09T21:45:58.388943281Z stdout F :ISTIO_IN_REDIRECT - [0:0]
2022-05-09T21:45:58.388947247Z stdout F :ISTIO_OUTPUT - [0:0]
2022-05-09T21:45:58.388951125Z stdout F :ISTIO_REDIRECT - [0:0]
2022-05-09T21:45:58.388955744Z stdout F -A PREROUTING -p tcp -j ISTIO_INBOUND
2022-05-09T21:45:58.388959696Z stdout F -A OUTPUT -p tcp -j ISTIO_OUTPUT
2022-05-09T21:45:58.388963798Z stdout F -A ISTIO_INBOUND -p tcp -m tcp --dport 15008 -j RETURN
2022-05-09T21:45:58.388968233Z stdout F -A ISTIO_INBOUND -p tcp -m tcp --dport 15090 -j RETURN
2022-05-09T21:45:58.388972786Z stdout F -A ISTIO_INBOUND -p tcp -m tcp --dport 15021 -j RETURN
2022-05-09T21:45:58.388977013Z stdout F -A ISTIO_INBOUND -p tcp -m tcp --dport 15020 -j RETURN
2022-05-09T21:45:58.388981432Z stdout F -A ISTIO_INBOUND -p tcp -j ISTIO_IN_REDIRECT
2022-05-09T21:45:58.388985445Z stdout F -A ISTIO_IN_REDIRECT -p tcp -j REDIRECT --to-ports 15006
2022-05-09T21:45:58.389007191Z stdout F -A ISTIO_OUTPUT -s 127.0.0.6/32 -o lo -j RETURN
2022-05-09T21:45:58.389018865Z stdout F -A ISTIO_OUTPUT ! -d 127.0.0.1/32 -o lo -m owner --uid-owner 1337 -j ISTIO_IN_REDIRECT
2022-05-09T21:45:58.389024202Z stdout F -A ISTIO_OUTPUT -o lo -m owner ! --uid-owner 1337 -j RETURN
2022-05-09T21:45:58.389028296Z stdout F -A ISTIO_OUTPUT -m owner --uid-owner 1337 -j RETURN
2022-05-09T21:45:58.389032385Z stdout F -A ISTIO_OUTPUT ! -d 127.0.0.1/32 -o lo -m owner --gid-owner 1337 -j ISTIO_IN_REDIRECT
2022-05-09T21:45:58.389036494Z stdout F -A ISTIO_OUTPUT -o lo -m owner ! --gid-owner 1337 -j RETURN
2022-05-09T21:45:58.389040663Z stdout F -A ISTIO_OUTPUT -m owner --gid-owner 1337 -j RETURN
2022-05-09T21:45:58.38904487Z stdout F -A ISTIO_OUTPUT -d 127.0.0.1/32 -j RETURN
2022-05-09T21:45:58.38904934Z stdout F -A ISTIO_OUTPUT -j ISTIO_REDIRECT
2022-05-09T21:45:58.389053732Z stdout F -A ISTIO_REDIRECT -p tcp -j REDIRECT --to-ports 15001
2022-05-09T21:45:58.389058304Z stdout F COMMIT
2022-05-09T21:45:58.389062885Z stdout F # Completed on Mon May  9 21:45:58 2022
2022-05-09T21:45:58.38906683Z stdout F 
