2022-06-13T02:22:12.989205399Z stdout F 2022-06-13T02:22:12.988386Z	info	Istio iptables environment:
2022-06-13T02:22:12.989270769Z stdout F ENVOY_PORT=
2022-06-13T02:22:12.989345055Z stdout F INBOUND_CAPTURE_PORT=
2022-06-13T02:22:12.989363088Z stdout F ISTIO_INBOUND_INTERCEPTION_MODE=
2022-06-13T02:22:12.98936798Z stdout F ISTIO_INBOUND_TPROXY_ROUTE_TABLE=
2022-06-13T02:22:12.989370822Z stdout F ISTIO_INBOUND_PORTS=
2022-06-13T02:22:12.98937333Z stdout F ISTIO_OUTBOUND_PORTS=
2022-06-13T02:22:12.989375752Z stdout F ISTIO_LOCAL_EXCLUDE_PORTS=
2022-06-13T02:22:12.989379115Z stdout F ISTIO_EXCLUDE_INTERFACES=
2022-06-13T02:22:12.9893824Z stdout F ISTIO_SERVICE_CIDR=
2022-06-13T02:22:12.989384939Z stdout F ISTIO_SERVICE_EXCLUDE_CIDR=
2022-06-13T02:22:12.989388427Z stdout F ISTIO_META_DNS_CAPTURE=
2022-06-13T02:22:12.989392688Z stdout F INVALID_DROP=
2022-06-13T02:22:12.989396774Z stdout F 
2022-06-13T02:22:12.989401206Z stdout F 2022-06-13T02:22:12.988490Z	info	Istio iptables variables:
2022-06-13T02:22:12.989439148Z stdout F PROXY_PORT=15001
2022-06-13T02:22:12.989443512Z stdout F PROXY_INBOUND_CAPTURE_PORT=15006
2022-06-13T02:22:12.989446146Z stdout F PROXY_TUNNEL_PORT=15008
2022-06-13T02:22:12.989448562Z stdout F PROXY_UID=1337
2022-06-13T02:22:12.989451146Z stdout F PROXY_GID=1337
2022-06-13T02:22:12.989455305Z stdout F INBOUND_INTERCEPTION_MODE=REDIRECT
2022-06-13T02:22:12.989458909Z stdout F INBOUND_TPROXY_MARK=1337
2022-06-13T02:22:12.989462183Z stdout F INBOUND_TPROXY_ROUTE_TABLE=133
2022-06-13T02:22:12.989465437Z stdout F INBOUND_PORTS_INCLUDE=*
2022-06-13T02:22:12.989469701Z stdout F INBOUND_PORTS_EXCLUDE=15090,15021,15020
2022-06-13T02:22:12.989472323Z stdout F OUTBOUND_IP_RANGES_INCLUDE=*
2022-06-13T02:22:12.989474716Z stdout F OUTBOUND_IP_RANGES_EXCLUDE=
2022-06-13T02:22:12.989477939Z stdout F OUTBOUND_PORTS_INCLUDE=
2022-06-13T02:22:12.989481784Z stdout F OUTBOUND_PORTS_EXCLUDE=
2022-06-13T02:22:12.989485451Z stdout F KUBE_VIRT_INTERFACES=
2022-06-13T02:22:12.989507384Z stdout F ENABLE_INBOUND_IPV6=false
2022-06-13T02:22:12.989516685Z stdout F DNS_CAPTURE=false
2022-06-13T02:22:12.989560681Z stdout F DROP_INVALID=false
2022-06-13T02:22:12.989609316Z stdout F CAPTURE_ALL_DNS=false
2022-06-13T02:22:12.989616541Z stdout F DNS_SERVERS=[],[]
2022-06-13T02:22:12.989619827Z stdout F OUTPUT_PATH=
2022-06-13T02:22:12.989622405Z stdout F NETWORK_NAMESPACE=
2022-06-13T02:22:12.989624926Z stdout F CNI_MODE=false
2022-06-13T02:22:12.989627474Z stdout F EXCLUDE_INTERFACES=
2022-06-13T02:22:12.989629897Z stdout F 
2022-06-13T02:22:12.999470771Z stdout F 2022-06-13T02:22:12.993542Z	info	Writing following contents to rules file: /tmp/iptables-rules-1655086932991571014.txt3834892176
2022-06-13T02:22:12.999492611Z stdout F * nat
2022-06-13T02:22:12.999496551Z stdout F -N ISTIO_INBOUND
2022-06-13T02:22:12.999499548Z stdout F -N ISTIO_REDIRECT
2022-06-13T02:22:12.999501987Z stdout F -N ISTIO_IN_REDIRECT
2022-06-13T02:22:12.999504427Z stdout F -N ISTIO_OUTPUT
2022-06-13T02:22:12.999507319Z stdout F -A ISTIO_INBOUND -p tcp --dport 15008 -j RETURN
2022-06-13T02:22:12.999510211Z stdout F -A ISTIO_REDIRECT -p tcp -j REDIRECT --to-ports 15001
2022-06-13T02:22:12.999512573Z stdout F -A ISTIO_IN_REDIRECT -p tcp -j REDIRECT --to-ports 15006
2022-06-13T02:22:12.999514879Z stdout F -A PREROUTING -p tcp -j ISTIO_INBOUND
2022-06-13T02:22:12.999517276Z stdout F -A ISTIO_INBOUND -p tcp --dport 15090 -j RETURN
2022-06-13T02:22:12.999519632Z stdout F -A ISTIO_INBOUND -p tcp --dport 15021 -j RETURN
2022-06-13T02:22:12.999521996Z stdout F -A ISTIO_INBOUND -p tcp --dport 15020 -j RETURN
2022-06-13T02:22:12.99952434Z stdout F -A ISTIO_INBOUND -p tcp -j ISTIO_IN_REDIRECT
2022-06-13T02:22:12.999527171Z stdout F -A OUTPUT -p tcp -j ISTIO_OUTPUT
2022-06-13T02:22:12.999529597Z stdout F -A ISTIO_OUTPUT -o lo -s 127.0.0.6/32 -j RETURN
2022-06-13T02:22:12.999532273Z stdout F -A ISTIO_OUTPUT -o lo ! -d 127.0.0.1/32 -m owner --uid-owner 1337 -j ISTIO_IN_REDIRECT
2022-06-13T02:22:12.999534582Z stdout F -A ISTIO_OUTPUT -o lo -m owner ! --uid-owner 1337 -j RETURN
2022-06-13T02:22:12.999548414Z stdout F -A ISTIO_OUTPUT -m owner --uid-owner 1337 -j RETURN
2022-06-13T02:22:12.999551498Z stdout F -A ISTIO_OUTPUT -o lo ! -d 127.0.0.1/32 -m owner --gid-owner 1337 -j ISTIO_IN_REDIRECT
2022-06-13T02:22:12.999554032Z stdout F -A ISTIO_OUTPUT -o lo -m owner ! --gid-owner 1337 -j RETURN
2022-06-13T02:22:12.999557256Z stdout F -A ISTIO_OUTPUT -m owner --gid-owner 1337 -j RETURN
2022-06-13T02:22:12.999559659Z stdout F -A ISTIO_OUTPUT -d 127.0.0.1/32 -j RETURN
2022-06-13T02:22:12.999562117Z stdout F -A ISTIO_OUTPUT -j ISTIO_REDIRECT
2022-06-13T02:22:12.999564495Z stdout F COMMIT
2022-06-13T02:22:13.002873437Z stdout F 2022-06-13T02:22:13.001889Z	info	Running command: iptables-restore --noflush /tmp/iptables-rules-1655086932991571014.txt3834892176
2022-06-13T02:22:13.053505951Z stdout F 2022-06-13T02:22:13.032956Z	info	Writing following contents to rules file: /tmp/ip6tables-rules-1655086933031815161.txt1984610151
2022-06-13T02:22:13.053522621Z stdout F 
2022-06-13T02:22:13.05352782Z stdout F 2022-06-13T02:22:13.053402Z	info	Running command: ip6tables-restore --noflush /tmp/ip6tables-rules-1655086933031815161.txt1984610151
2022-06-13T02:22:13.061047385Z stdout F 2022-06-13T02:22:13.060832Z	info	Running command: iptables-save 
2022-06-13T02:22:13.069646192Z stdout F 2022-06-13T02:22:13.067637Z	info	Command output: 
2022-06-13T02:22:13.069665677Z stdout F # Generated by iptables-save v1.8.4 on Mon Jun 13 02:22:13 2022
2022-06-13T02:22:13.06970212Z stdout F *nat
2022-06-13T02:22:13.069795987Z stdout F :PREROUTING ACCEPT [0:0]
2022-06-13T02:22:13.069831159Z stdout F :INPUT ACCEPT [0:0]
2022-06-13T02:22:13.069835786Z stdout F :OUTPUT ACCEPT [0:0]
2022-06-13T02:22:13.069839958Z stdout F :POSTROUTING ACCEPT [0:0]
2022-06-13T02:22:13.069843189Z stdout F :ISTIO_INBOUND - [0:0]
2022-06-13T02:22:13.069846677Z stdout F :ISTIO_IN_REDIRECT - [0:0]
2022-06-13T02:22:13.069850245Z stdout F :ISTIO_OUTPUT - [0:0]
2022-06-13T02:22:13.069853917Z stdout F :ISTIO_REDIRECT - [0:0]
2022-06-13T02:22:13.069863645Z stdout F -A PREROUTING -p tcp -j ISTIO_INBOUND
2022-06-13T02:22:13.069897126Z stdout F -A OUTPUT -p tcp -j ISTIO_OUTPUT
2022-06-13T02:22:13.069906099Z stdout F -A ISTIO_INBOUND -p tcp -m tcp --dport 15008 -j RETURN
2022-06-13T02:22:13.06990979Z stdout F -A ISTIO_INBOUND -p tcp -m tcp --dport 15090 -j RETURN
2022-06-13T02:22:13.069913402Z stdout F -A ISTIO_INBOUND -p tcp -m tcp --dport 15021 -j RETURN
2022-06-13T02:22:13.069916648Z stdout F -A ISTIO_INBOUND -p tcp -m tcp --dport 15020 -j RETURN
2022-06-13T02:22:13.069920021Z stdout F -A ISTIO_INBOUND -p tcp -j ISTIO_IN_REDIRECT
2022-06-13T02:22:13.069928577Z stdout F -A ISTIO_IN_REDIRECT -p tcp -j REDIRECT --to-ports 15006
2022-06-13T02:22:13.069984363Z stdout F -A ISTIO_OUTPUT -s 127.0.0.6/32 -o lo -j RETURN
2022-06-13T02:22:13.069999116Z stdout F -A ISTIO_OUTPUT ! -d 127.0.0.1/32 -o lo -m owner --uid-owner 1337 -j ISTIO_IN_REDIRECT
2022-06-13T02:22:13.070005412Z stdout F -A ISTIO_OUTPUT -o lo -m owner ! --uid-owner 1337 -j RETURN
2022-06-13T02:22:13.070010115Z stdout F -A ISTIO_OUTPUT -m owner --uid-owner 1337 -j RETURN
2022-06-13T02:22:13.070014599Z stdout F -A ISTIO_OUTPUT ! -d 127.0.0.1/32 -o lo -m owner --gid-owner 1337 -j ISTIO_IN_REDIRECT
2022-06-13T02:22:13.070018565Z stdout F -A ISTIO_OUTPUT -o lo -m owner ! --gid-owner 1337 -j RETURN
2022-06-13T02:22:13.070022191Z stdout F -A ISTIO_OUTPUT -m owner --gid-owner 1337 -j RETURN
2022-06-13T02:22:13.070028737Z stdout F -A ISTIO_OUTPUT -d 127.0.0.1/32 -j RETURN
2022-06-13T02:22:13.070033401Z stdout F -A ISTIO_OUTPUT -j ISTIO_REDIRECT
2022-06-13T02:22:13.070037602Z stdout F -A ISTIO_REDIRECT -p tcp -j REDIRECT --to-ports 15001
2022-06-13T02:22:13.070041907Z stdout F COMMIT
2022-06-13T02:22:13.070046276Z stdout F # Completed on Mon Jun 13 02:22:13 2022
2022-06-13T02:22:13.070048896Z stdout F 
