2022-06-13 10:23:40.482  INFO [bootstrap,,,] 1 --- [           main] s.c.a.AnnotationConfigApplicationContext : Refreshing org.springframework.context.annotation.AnnotationConfigApplicationContext@48533e64: startup date [Mon Jun 13 10:23:40 CST 2022]; root of context hierarchy
2022-06-13 10:23:46.577  INFO [bootstrap,,,] 1 --- [           main] trationDelegate$BeanPostProcessorChecker : Bean 'configurationPropertiesRebinderAutoConfiguration' of type [org.springframework.cloud.autoconfigure.ConfigurationPropertiesRebinderAutoConfiguration$$EnhancerBySpringCGLIB$$3c5b44cd] is not eligible for getting processed by all BeanPostProcessors (for example: not eligible for auto-proxying)

  .   ____          _            __ _ _
 /\\ / ___'_ __ _ _(_)_ __  __ _ \ \ \ \
( ( )\___ | '_ | '_| | '_ \/ _` | \ \ \ \
 \\/  ___)| |_)| | | | | || (_| |  ) ) ) )
  '  |____| .__|_| |_|_| |_\__, | / / / /
 =========|_|==============|___/=/_/_/_/
 :: Spring Boot ::       (v1.5.22.RELEASE)

2022-06-13 10:23:54.079  INFO [ts-admin-route-service,,,] 1 --- [           main] adminroute.AdminRouteApplication         : No active profile set, falling back to default profiles: default
2022-06-13 10:23:54.787  INFO [ts-admin-route-service,,,] 1 --- [           main] ationConfigEmbeddedWebApplicationContext : Refreshing org.springframework.boot.context.embedded.AnnotationConfigEmbeddedWebApplicationContext@724af044: startup date [Mon Jun 13 10:23:54 CST 2022]; parent: org.springframework.context.annotation.AnnotationConfigApplicationContext@48533e64
2022-06-13 10:24:05.800  INFO [ts-admin-route-service,,,] 1 --- [           main] o.s.i.config.IntegrationRegistrar        : No bean named 'integrationHeaderChannelRegistry' has been explicitly defined. Therefore, a default DefaultHeaderChannelRegistry will be created.
2022-06-13 10:24:10.160  INFO [ts-admin-route-service,,,] 1 --- [           main] o.s.cloud.context.scope.GenericScope     : BeanFactory id=8c710257-eae6-3b13-8ae4-1a671717b6b0
2022-06-13 10:24:10.302  INFO [ts-admin-route-service,,,] 1 --- [           main] faultConfiguringBeanFactoryPostProcessor : No bean named 'errorChannel' has been explicitly defined. Therefore, a default PublishSubscribeChannel will be created.
2022-06-13 10:24:10.368  INFO [ts-admin-route-service,,,] 1 --- [           main] faultConfiguringBeanFactoryPostProcessor : No bean named 'taskScheduler' has been explicitly defined. Therefore, a default ThreadPoolTaskScheduler will be created.
2022-06-13 10:24:11.163  INFO [ts-admin-route-service,,,] 1 --- [           main] trationDelegate$BeanPostProcessorChecker : Bean 'org.springframework.cloud.sleuth.instrument.async.AsyncDefaultAutoConfiguration$DefaultAsyncConfigurerSupport' of type [org.springframework.cloud.sleuth.instrument.async.AsyncDefaultAutoConfiguration$DefaultAsyncConfigurerSupport$$EnhancerBySpringCGLIB$$5d82df93] is not eligible for getting processed by all BeanPostProcessors (for example: not eligible for auto-proxying)
2022-06-13 10:24:12.493  INFO [ts-admin-route-service,,,] 1 --- [           main] trationDelegate$BeanPostProcessorChecker : Bean 'org.springframework.cloud.sleuth.annotation.SleuthAnnotationAutoConfiguration' of type [org.springframework.cloud.sleuth.annotation.SleuthAnnotationAutoConfiguration$$EnhancerBySpringCGLIB$$22a68802] is not eligible for getting processed by all BeanPostProcessors (for example: not eligible for auto-proxying)
2022-06-13 10:24:13.966  INFO [ts-admin-route-service,,,] 1 --- [           main] trationDelegate$BeanPostProcessorChecker : Bean 'sleuthAdvisorConfig' of type [org.springframework.cloud.sleuth.annotation.SleuthAdvisorConfig] is not eligible for getting processed by all BeanPostProcessors (for example: not eligible for auto-proxying)
2022-06-13 10:24:14.111  INFO [ts-admin-route-service,,,] 1 --- [           main] trationDelegate$BeanPostProcessorChecker : Bean 'org.springframework.security.config.annotation.configuration.ObjectPostProcessorConfiguration' of type [org.springframework.security.config.annotation.configuration.ObjectPostProcessorConfiguration$$EnhancerBySpringCGLIB$$b8ef0a0a] is not eligible for getting processed by all BeanPostProcessors (for example: not eligible for auto-proxying)
2022-06-13 10:24:14.372  INFO [ts-admin-route-service,,,] 1 --- [           main] trationDelegate$BeanPostProcessorChecker : Bean 'objectPostProcessor' of type [org.springframework.security.config.annotation.configuration.AutowireBeanFactoryObjectPostProcessor] is not eligible for getting processed by all BeanPostProcessors (for example: not eligible for auto-proxying)
2022-06-13 10:24:14.397  INFO [ts-admin-route-service,,,] 1 --- [           main] trationDelegate$BeanPostProcessorChecker : Bean 'org.springframework.security.access.expression.method.DefaultMethodSecurityExpressionHandler@7dc19a70' of type [org.springframework.security.access.expression.method.DefaultMethodSecurityExpressionHandler] is not eligible for getting processed by all BeanPostProcessors (for example: not eligible for auto-proxying)
2022-06-13 10:24:14.496  INFO [ts-admin-route-service,,,] 1 --- [           main] trationDelegate$BeanPostProcessorChecker : Bean 'org.springframework.security.config.annotation.method.configuration.GlobalMethodSecurityConfiguration' of type [org.springframework.security.config.annotation.method.configuration.GlobalMethodSecurityConfiguration$$EnhancerBySpringCGLIB$$ddc3acbc] is not eligible for getting processed by all BeanPostProcessors (for example: not eligible for auto-proxying)
2022-06-13 10:24:14.757  INFO [ts-admin-route-service,,,] 1 --- [           main] trationDelegate$BeanPostProcessorChecker : Bean 'methodSecurityMetadataSource' of type [org.springframework.security.access.method.DelegatingMethodSecurityMetadataSource] is not eligible for getting processed by all BeanPostProcessors (for example: not eligible for auto-proxying)
2022-06-13 10:24:15.303  INFO [ts-admin-route-service,,,] 1 --- [           main] trationDelegate$BeanPostProcessorChecker : Bean 'integrationGlobalProperties' of type [org.springframework.beans.factory.config.PropertiesFactoryBean] is not eligible for getting processed by all BeanPostProcessors (for example: not eligible for auto-proxying)
2022-06-13 10:24:15.363  INFO [ts-admin-route-service,,,] 1 --- [           main] trationDelegate$BeanPostProcessorChecker : Bean 'integrationGlobalProperties' of type [java.util.Properties] is not eligible for getting processed by all BeanPostProcessors (for example: not eligible for auto-proxying)
2022-06-13 10:24:16.157  INFO [ts-admin-route-service,,,] 1 --- [           main] trationDelegate$BeanPostProcessorChecker : Bean 'org.springframework.cloud.autoconfigure.ConfigurationPropertiesRebinderAutoConfiguration' of type [org.springframework.cloud.autoconfigure.ConfigurationPropertiesRebinderAutoConfiguration$$EnhancerBySpringCGLIB$$3c5b44cd] is not eligible for getting processed by all BeanPostProcessors (for example: not eligible for auto-proxying)
2022-06-13 10:24:16.479  INFO [ts-admin-route-service,,,] 1 --- [           main] trationDelegate$BeanPostProcessorChecker : Bean 'org.springframework.cloud.sleuth.instrument.async.AsyncDefaultAutoConfiguration' of type [org.springframework.cloud.sleuth.instrument.async.AsyncDefaultAutoConfiguration$$EnhancerBySpringCGLIB$$824edef] is not eligible for getting processed by all BeanPostProcessors (for example: not eligible for auto-proxying)
2022-06-13 10:24:16.783  INFO [ts-admin-route-service,,,] 1 --- [           main] trationDelegate$BeanPostProcessorChecker : Bean 'org.springframework.cloud.sleuth.instrument.web.client.TraceWebClientAutoConfiguration' of type [org.springframework.cloud.sleuth.instrument.web.client.TraceWebClientAutoConfiguration$$EnhancerBySpringCGLIB$$ccd40d4f] is not eligible for getting processed by all BeanPostProcessors (for example: not eligible for auto-proxying)
2022-06-13 10:24:21.674  INFO [ts-admin-route-service,,,] 1 --- [           main] s.b.c.e.t.TomcatEmbeddedServletContainer : Tomcat initialized with port(s): 16113 (http)
2022-06-13 10:24:22.298  INFO [ts-admin-route-service,,,] 1 --- [           main] o.apache.catalina.core.StandardService   : Starting service [Tomcat]
2022-06-13 10:24:22.301  INFO [ts-admin-route-service,,,] 1 --- [           main] org.apache.catalina.core.StandardEngine  : Starting Servlet Engine: Apache Tomcat/8.5.43
2022-06-13 10:24:23.606  INFO [ts-admin-route-service,,,] 1 --- [ost-startStop-1] o.a.c.c.C.[Tomcat].[localhost].[/]       : Initializing Spring embedded WebApplicationContext
2022-06-13 10:24:23.655  INFO [ts-admin-route-service,,,] 1 --- [ost-startStop-1] o.s.web.context.ContextLoader            : Root WebApplicationContext: initialization completed in 28823 ms
2022-06-13 10:24:33.809  INFO [ts-admin-route-service,,,] 1 --- [ost-startStop-1] o.s.b.w.servlet.FilterRegistrationBean   : Mapping filter: 'metricsFilter' to: [/*]
2022-06-13 10:24:33.809  INFO [ts-admin-route-service,,,] 1 --- [ost-startStop-1] o.s.b.w.servlet.FilterRegistrationBean   : Mapping filter: 'characterEncodingFilter' to: [/*]
2022-06-13 10:24:33.810  INFO [ts-admin-route-service,,,] 1 --- [ost-startStop-1] o.s.b.w.servlet.FilterRegistrationBean   : Mapping filter: 'traceFilter' to: [/*]
2022-06-13 10:24:33.810  INFO [ts-admin-route-service,,,] 1 --- [ost-startStop-1] o.s.b.w.servlet.FilterRegistrationBean   : Mapping filter: 'hiddenHttpMethodFilter' to: [/*]
2022-06-13 10:24:33.810  INFO [ts-admin-route-service,,,] 1 --- [ost-startStop-1] o.s.b.w.servlet.FilterRegistrationBean   : Mapping filter: 'httpPutFormContentFilter' to: [/*]
2022-06-13 10:24:33.810  INFO [ts-admin-route-service,,,] 1 --- [ost-startStop-1] o.s.b.w.servlet.FilterRegistrationBean   : Mapping filter: 'requestContextFilter' to: [/*]
2022-06-13 10:24:33.853  INFO [ts-admin-route-service,,,] 1 --- [ost-startStop-1] .s.DelegatingFilterProxyRegistrationBean : Mapping filter: 'springSecurityFilterChain' to: [/*]
2022-06-13 10:24:33.853  INFO [ts-admin-route-service,,,] 1 --- [ost-startStop-1] o.s.b.w.servlet.FilterRegistrationBean   : Mapping filter: 'webRequestLoggingFilter' to: [/*]
2022-06-13 10:24:33.869  INFO [ts-admin-route-service,,,] 1 --- [ost-startStop-1] o.s.b.w.servlet.FilterRegistrationBean   : Mapping filter: 'applicationContextIdFilter' to: [/*]
2022-06-13 10:24:33.873  INFO [ts-admin-route-service,,,] 1 --- [ost-startStop-1] o.s.b.w.servlet.ServletRegistrationBean  : Mapping servlet: 'dispatcherServlet' to [/]
2022-06-13 10:24:57.242  INFO [ts-admin-route-service,,,] 1 --- [           main] s.w.s.m.m.a.RequestMappingHandlerMapping : Mapped "{[/api/v1/adminrouteservice/welcome],methods=[GET]}" onto public java.lang.String adminroute.controller.AdminRouteController.home(org.springframework.http.HttpHeaders)
2022-06-13 10:24:57.243  INFO [ts-admin-route-service,,,] 1 --- [           main] s.w.s.m.m.a.RequestMappingHandlerMapping : Mapped "{[/api/v1/adminrouteservice/adminroute],methods=[GET]}" onto public org.springframework.http.HttpEntity adminroute.controller.AdminRouteController.getAllRoutes(org.springframework.http.HttpHeaders)
2022-06-13 10:24:57.246  INFO [ts-admin-route-service,,,] 1 --- [           main] s.w.s.m.m.a.RequestMappingHandlerMapping : Mapped "{[/api/v1/adminrouteservice/adminroute],methods=[POST]}" onto public org.springframework.http.HttpEntity adminroute.controller.AdminRouteController.addRoute(adminroute.entity.RouteInfo,org.springframework.http.HttpHeaders)
2022-06-13 10:24:57.246  INFO [ts-admin-route-service,,,] 1 --- [           main] s.w.s.m.m.a.RequestMappingHandlerMapping : Mapped "{[/api/v1/adminrouteservice/adminroute/{routeId}],methods=[DELETE]}" onto public org.springframework.http.HttpEntity adminroute.controller.AdminRouteController.deleteRoute(java.lang.String,org.springframework.http.HttpHeaders)
2022-06-13 10:24:57.247  INFO [ts-admin-route-service,,,] 1 --- [           main] s.w.s.m.m.a.RequestMappingHandlerMapping : Mapped "{[/v2/api-docs],methods=[GET],produces=[application/json || application/hal+json]}" onto public org.springframework.http.ResponseEntity<springfox.documentation.spring.web.json.Json> springfox.documentation.swagger2.web.Swagger2Controller.getDocumentation(java.lang.String,javax.servlet.http.HttpServletRequest)
2022-06-13 10:24:57.251  INFO [ts-admin-route-service,,,] 1 --- [           main] s.w.s.m.m.a.RequestMappingHandlerMapping : Mapped "{[/configuration/ui]}" onto org.springframework.http.ResponseEntity<springfox.documentation.swagger.web.UiConfiguration> springfox.documentation.swagger.web.ApiResourceController.uiConfiguration()
2022-06-13 10:24:57.251  INFO [ts-admin-route-service,,,] 1 --- [           main] s.w.s.m.m.a.RequestMappingHandlerMapping : Mapped "{[/configuration/security]}" onto org.springframework.http.ResponseEntity<springfox.documentation.swagger.web.SecurityConfiguration> springfox.documentation.swagger.web.ApiResourceController.securityConfiguration()
2022-06-13 10:24:57.312  INFO [ts-admin-route-service,,,] 1 --- [           main] s.w.s.m.m.a.RequestMappingHandlerMapping : Mapped "{[/swagger-resources]}" onto org.springframework.http.ResponseEntity<java.util.List<springfox.documentation.swagger.web.SwaggerResource>> springfox.documentation.swagger.web.ApiResourceController.swaggerResources()
2022-06-13 10:24:57.314  INFO [ts-admin-route-service,,,] 1 --- [           main] s.w.s.m.m.a.RequestMappingHandlerMapping : Mapped "{[/error],produces=[text/html]}" onto public org.springframework.web.servlet.ModelAndView org.springframework.boot.autoconfigure.web.BasicErrorController.errorHtml(javax.servlet.http.HttpServletRequest,javax.servlet.http.HttpServletResponse)
2022-06-13 10:24:57.315  INFO [ts-admin-route-service,,,] 1 --- [           main] s.w.s.m.m.a.RequestMappingHandlerMapping : Mapped "{[/error]}" onto public org.springframework.http.ResponseEntity<java.util.Map<java.lang.String, java.lang.Object>> org.springframework.boot.autoconfigure.web.BasicErrorController.error(javax.servlet.http.HttpServletRequest)
2022-06-13 10:25:10.977  INFO [ts-admin-route-service,,,] 1 --- [           main] o.s.b.a.e.mvc.EndpointHandlerMapping     : Mapped "{[/metrics/{name:.*}],methods=[GET],produces=[application/vnd.spring-boot.actuator.v1+json || application/json]}" onto public java.lang.Object org.springframework.boot.actuate.endpoint.mvc.MetricsMvcEndpoint.value(java.lang.String)
2022-06-13 10:25:10.978  INFO [ts-admin-route-service,,,] 1 --- [           main] o.s.b.a.e.mvc.EndpointHandlerMapping     : Mapped "{[/metrics || /metrics.json],methods=[GET],produces=[application/vnd.spring-boot.actuator.v1+json || application/json]}" onto public java.lang.Object org.springframework.boot.actuate.endpoint.mvc.EndpointMvcAdapter.invoke()
2022-06-13 10:25:10.992  INFO [ts-admin-route-service,,,] 1 --- [           main] o.s.b.a.e.mvc.EndpointHandlerMapping     : Mapped "{[/configprops || /configprops.json],methods=[GET],produces=[application/vnd.spring-boot.actuator.v1+json || application/json]}" onto public java.lang.Object org.springframework.boot.actuate.endpoint.mvc.EndpointMvcAdapter.invoke()
2022-06-13 10:25:10.993  INFO [ts-admin-route-service,,,] 1 --- [           main] o.s.b.a.e.mvc.EndpointHandlerMapping     : Mapped "{[/refresh || /refresh.json],methods=[POST]}" onto public java.lang.Object org.springframework.cloud.endpoint.GenericPostableMvcEndpoint.invoke()
2022-06-13 10:25:11.095  INFO [ts-admin-route-service,,,] 1 --- [           main] o.s.b.a.e.mvc.EndpointHandlerMapping     : Mapped "{[/trace || /trace.json],methods=[GET],produces=[application/vnd.spring-boot.actuator.v1+json || application/json]}" onto public java.lang.Object org.springframework.boot.actuate.endpoint.mvc.EndpointMvcAdapter.invoke()
2022-06-13 10:25:11.096  INFO [ts-admin-route-service,,,] 1 --- [           main] o.s.b.a.e.mvc.EndpointHandlerMapping     : Mapped "{[/features || /features.json],methods=[GET],produces=[application/vnd.spring-boot.actuator.v1+json || application/json]}" onto public java.lang.Object org.springframework.boot.actuate.endpoint.mvc.EndpointMvcAdapter.invoke()
2022-06-13 10:25:11.097  INFO [ts-admin-route-service,,,] 1 --- [           main] o.s.b.a.e.mvc.EndpointHandlerMapping     : Mapped "{[/info || /info.json],methods=[GET],produces=[application/vnd.spring-boot.actuator.v1+json || application/json]}" onto public java.lang.Object org.springframework.boot.actuate.endpoint.mvc.EndpointMvcAdapter.invoke()
2022-06-13 10:25:11.123  INFO [ts-admin-route-service,,,] 1 --- [           main] o.s.b.a.e.mvc.EndpointHandlerMapping     : Mapped "{[/auditevents || /auditevents.json],methods=[GET],produces=[application/vnd.spring-boot.actuator.v1+json || application/json]}" onto public org.springframework.http.ResponseEntity<?> org.springframework.boot.actuate.endpoint.mvc.AuditEventsMvcEndpoint.findByPrincipalAndAfterAndType(java.lang.String,java.util.Date,java.lang.String)
2022-06-13 10:25:11.124  INFO [ts-admin-route-service,,,] 1 --- [           main] o.s.b.a.e.mvc.EndpointHandlerMapping     : Mapped "{[/beans || /beans.json],methods=[GET],produces=[application/vnd.spring-boot.actuator.v1+json || application/json]}" onto public java.lang.Object org.springframework.boot.actuate.endpoint.mvc.EndpointMvcAdapter.invoke()
2022-06-13 10:25:11.125  INFO [ts-admin-route-service,,,] 1 --- [           main] o.s.b.a.e.mvc.EndpointHandlerMapping     : Mapped "{[/heapdump || /heapdump.json],methods=[GET],produces=[application/octet-stream]}" onto public void org.springframework.boot.actuate.endpoint.mvc.HeapdumpMvcEndpoint.invoke(boolean,javax.servlet.http.HttpServletRequest,javax.servlet.http.HttpServletResponse) throws java.io.IOException,javax.servlet.ServletException
2022-06-13 10:25:11.127  INFO [ts-admin-route-service,,,] 1 --- [           main] o.s.b.a.e.mvc.EndpointHandlerMapping     : Mapped "{[/dump || /dump.json],methods=[GET],produces=[application/vnd.spring-boot.actuator.v1+json || application/json]}" onto public java.lang.Object org.springframework.boot.actuate.endpoint.mvc.EndpointMvcAdapter.invoke()
2022-06-13 10:25:11.173  INFO [ts-admin-route-service,,,] 1 --- [           main] o.s.b.a.e.mvc.EndpointHandlerMapping     : Mapped "{[/autoconfig || /autoconfig.json],methods=[GET],produces=[application/vnd.spring-boot.actuator.v1+json || application/json]}" onto public java.lang.Object org.springframework.boot.actuate.endpoint.mvc.EndpointMvcAdapter.invoke()
2022-06-13 10:25:11.191  INFO [ts-admin-route-service,,,] 1 --- [           main] o.s.b.a.e.mvc.EndpointHandlerMapping     : Mapped "{[/mappings || /mappings.json],methods=[GET],produces=[application/vnd.spring-boot.actuator.v1+json || application/json]}" onto public java.lang.Object org.springframework.boot.actuate.endpoint.mvc.EndpointMvcAdapter.invoke()
2022-06-13 10:25:11.220  INFO [ts-admin-route-service,,,] 1 --- [           main] o.s.b.a.e.mvc.EndpointHandlerMapping     : Mapped "{[/env],methods=[POST]}" onto public java.lang.Object org.springframework.cloud.context.environment.EnvironmentManagerMvcEndpoint.value(java.util.Map<java.lang.String, java.lang.String>)
2022-06-13 10:25:11.221  INFO [ts-admin-route-service,,,] 1 --- [           main] o.s.b.a.e.mvc.EndpointHandlerMapping     : Mapped "{[/env/reset],methods=[POST]}" onto public java.util.Map<java.lang.String, java.lang.Object> org.springframework.cloud.context.environment.EnvironmentManagerMvcEndpoint.reset()
2022-06-13 10:25:11.266  INFO [ts-admin-route-service,,,] 1 --- [           main] o.s.b.a.e.mvc.EndpointHandlerMapping     : Mapped "{[/loggers/{name:.*}],methods=[GET],produces=[application/vnd.spring-boot.actuator.v1+json || application/json]}" onto public java.lang.Object org.springframework.boot.actuate.endpoint.mvc.LoggersMvcEndpoint.get(java.lang.String)
2022-06-13 10:25:11.266  INFO [ts-admin-route-service,,,] 1 --- [           main] o.s.b.a.e.mvc.EndpointHandlerMapping     : Mapped "{[/loggers/{name:.*}],methods=[POST],consumes=[application/vnd.spring-boot.actuator.v1+json || application/json],produces=[application/vnd.spring-boot.actuator.v1+json || application/json]}" onto public java.lang.Object org.springframework.boot.actuate.endpoint.mvc.LoggersMvcEndpoint.set(java.lang.String,java.util.Map<java.lang.String, java.lang.String>)
2022-06-13 10:25:11.267  INFO [ts-admin-route-service,,,] 1 --- [           main] o.s.b.a.e.mvc.EndpointHandlerMapping     : Mapped "{[/loggers || /loggers.json],methods=[GET],produces=[application/vnd.spring-boot.actuator.v1+json || application/json]}" onto public java.lang.Object org.springframework.boot.actuate.endpoint.mvc.EndpointMvcAdapter.invoke()
2022-06-13 10:25:11.290  INFO [ts-admin-route-service,,,] 1 --- [           main] o.s.b.a.e.mvc.EndpointHandlerMapping     : Mapped "{[/health || /health.json],methods=[GET],produces=[application/vnd.spring-boot.actuator.v1+json || application/json]}" onto public java.lang.Object org.springframework.boot.actuate.endpoint.mvc.HealthMvcEndpoint.invoke(javax.servlet.http.HttpServletRequest,java.security.Principal)
2022-06-13 10:25:11.308  INFO [ts-admin-route-service,,,] 1 --- [           main] o.s.b.a.e.mvc.EndpointHandlerMapping     : Mapped "{[/env/{name:.*}],methods=[GET],produces=[application/vnd.spring-boot.actuator.v1+json || application/json]}" onto public java.lang.Object org.springframework.boot.actuate.endpoint.mvc.EnvironmentMvcEndpoint.value(java.lang.String)
2022-06-13 10:25:11.309  INFO [ts-admin-route-service,,,] 1 --- [           main] o.s.b.a.e.mvc.EndpointHandlerMapping     : Mapped "{[/env || /env.json],methods=[GET],produces=[application/vnd.spring-boot.actuator.v1+json || application/json]}" onto public java.lang.Object org.springframework.boot.actuate.endpoint.mvc.EndpointMvcAdapter.invoke()
2022-06-13 10:25:19.512  INFO [ts-admin-route-service,,,] 1 --- [           main] b.a.s.AuthenticationManagerConfiguration : 

Using default security password: 49efbd10-1872-499d-a7e3-c96643ca5c57

2022-06-13 10:25:22.994  INFO [ts-admin-route-service,,,] 1 --- [           main] o.s.s.web.DefaultSecurityFilterChain     : Creating filter chain: org.springframework.security.web.util.matcher.AnyRequestMatcher@1, [org.springframework.security.web.context.request.async.WebAsyncManagerIntegrationFilter@1ce61929, org.springframework.security.web.context.SecurityContextPersistenceFilter@2c3dec30, org.springframework.security.web.header.HeaderWriterFilter@51850751, org.springframework.security.web.authentication.logout.LogoutFilter@2c104774, edu.fudan.common.security.jwt.JWTFilter@346939bf, org.springframework.security.web.savedrequest.RequestCacheAwareFilter@7adf16aa, org.springframework.security.web.servletapi.SecurityContextHolderAwareRequestFilter@73c60324, org.springframework.security.web.authentication.AnonymousAuthenticationFilter@4bf3798b, org.springframework.security.web.session.SessionManagementFilter@64df9a61, org.springframework.security.web.access.ExceptionTranslationFilter@376a312c, org.springframework.security.web.access.intercept.FilterSecurityInterceptor@533377b]
2022-06-13 10:25:24.446  INFO [ts-admin-route-service,,,] 1 --- [           main] o.s.w.s.handler.SimpleUrlHandlerMapping  : Mapped URL path [/webjars/**] onto handler of type [class org.springframework.web.servlet.resource.ResourceHttpRequestHandler]
2022-06-13 10:25:24.446  INFO [ts-admin-route-service,,,] 1 --- [           main] o.s.w.s.handler.SimpleUrlHandlerMapping  : Mapped URL path [/**] onto handler of type [class org.springframework.web.servlet.resource.ResourceHttpRequestHandler]
2022-06-13 10:25:25.609  INFO [ts-admin-route-service,,,] 1 --- [           main] o.s.w.s.handler.SimpleUrlHandlerMapping  : Mapped URL path [/**/favicon.ico] onto handler of type [class org.springframework.web.servlet.resource.ResourceHttpRequestHandler]
2022-06-13 10:25:26.899  INFO [ts-admin-route-service,,,] 1 --- [           main] o.s.s.web.DefaultSecurityFilterChain     : Creating filter chain: org.springframework.boot.actuate.autoconfigure.ManagementWebSecurityAutoConfiguration$LazyEndpointPathRequestMatcher@62e70ea3, [org.springframework.security.web.context.request.async.WebAsyncManagerIntegrationFilter@3efe7086, org.springframework.security.web.context.SecurityContextPersistenceFilter@10650953, org.springframework.security.web.header.HeaderWriterFilter@768ccdc5, org.springframework.web.filter.CorsFilter@675d8c96, org.springframework.security.web.authentication.logout.LogoutFilter@2488b073, org.springframework.security.web.authentication.www.BasicAuthenticationFilter@31e3250d, org.springframework.security.web.savedrequest.RequestCacheAwareFilter@659eef7, org.springframework.security.web.servletapi.SecurityContextHolderAwareRequestFilter@162be91c, org.springframework.security.web.authentication.AnonymousAuthenticationFilter@741b3bc3, org.springframework.security.web.session.SessionManagementFilter@4c6daf0, org.springframework.security.web.access.ExceptionTranslationFilter@1991f767, org.springframework.security.web.access.intercept.FilterSecurityInterceptor@3276732]
2022-06-13 10:25:31.539  INFO [ts-admin-route-service,,,] 1 --- [           main] s.w.s.m.m.a.RequestMappingHandlerAdapter : Looking for @ControllerAdvice: org.springframework.boot.context.embedded.AnnotationConfigEmbeddedWebApplicationContext@724af044: startup date [Mon Jun 13 10:23:54 CST 2022]; parent: org.springframework.context.annotation.AnnotationConfigApplicationContext@48533e64
2022-06-13 10:25:40.892  INFO [ts-admin-route-service,,,] 1 --- [           main] o.s.s.c.ThreadPoolTaskScheduler          : Initializing ExecutorService  'taskScheduler'
2022-06-13 10:25:50.660  INFO [ts-admin-route-service,,,] 1 --- [           main] o.s.s.c.ThreadPoolTaskScheduler          : Initializing ExecutorService 
2022-06-13 10:26:01.407  INFO [ts-admin-route-service,,,] 1 --- [           main] o.s.j.e.a.AnnotationMBeanExporter        : Registering beans for JMX exposure on startup
2022-06-13 10:26:01.638  INFO [ts-admin-route-service,,,] 1 --- [           main] o.s.j.e.a.AnnotationMBeanExporter        : Bean with name 'configurationPropertiesRebinder' has been autodetected for JMX exposure
2022-06-13 10:26:01.640  INFO [ts-admin-route-service,,,] 1 --- [           main] o.s.j.e.a.AnnotationMBeanExporter        : Bean with name 'refreshEndpoint' has been autodetected for JMX exposure
2022-06-13 10:26:01.644  INFO [ts-admin-route-service,,,] 1 --- [           main] o.s.j.e.a.AnnotationMBeanExporter        : Bean with name 'environmentManager' has been autodetected for JMX exposure
2022-06-13 10:26:01.692  INFO [ts-admin-route-service,,,] 1 --- [           main] o.s.j.e.a.AnnotationMBeanExporter        : Bean with name 'refreshScope' has been autodetected for JMX exposure
2022-06-13 10:26:01.757  INFO [ts-admin-route-service,,,] 1 --- [           main] o.s.j.e.a.AnnotationMBeanExporter        : Located managed bean 'environmentManager': registering with JMX server as MBean [org.springframework.cloud.context.environment:name=environmentManager,type=EnvironmentManager]
2022-06-13 10:26:01.956  INFO [ts-admin-route-service,,,] 1 --- [           main] o.s.j.e.a.AnnotationMBeanExporter        : Located managed bean 'refreshScope': registering with JMX server as MBean [org.springframework.cloud.context.scope.refresh:name=refreshScope,type=RefreshScope]
2022-06-13 10:26:02.063  INFO [ts-admin-route-service,,,] 1 --- [           main] o.s.j.e.a.AnnotationMBeanExporter        : Located managed bean 'configurationPropertiesRebinder': registering with JMX server as MBean [org.springframework.cloud.context.properties:name=configurationPropertiesRebinder,context=724af044,type=ConfigurationPropertiesRebinder]
2022-06-13 10:26:02.175  INFO [ts-admin-route-service,,,] 1 --- [           main] o.s.j.e.a.AnnotationMBeanExporter        : Located managed bean 'refreshEndpoint': registering with JMX server as MBean [org.springframework.cloud.endpoint:name=refreshEndpoint,type=RefreshEndpoint]
2022-06-13 10:26:16.167  INFO [ts-admin-route-service,,,] 1 --- [           main] o.s.c.support.DefaultLifecycleProcessor  : Starting beans in phase 0
2022-06-13 10:26:18.169  INFO [ts-admin-route-service,,,] 1 --- [           main] o.s.i.endpoint.EventDrivenConsumer       : Adding {logging-channel-adapter:_org.springframework.integration.errorLogger} as a subscriber to the 'errorChannel' channel
2022-06-13 10:26:18.194  INFO [ts-admin-route-service,,,] 1 --- [           main] o.s.i.channel.PublishSubscribeChannel    : Channel 'ts-admin-route-service:16113.errorChannel' has 1 subscriber(s).
2022-06-13 10:26:18.195  INFO [ts-admin-route-service,,,] 1 --- [           main] o.s.i.endpoint.EventDrivenConsumer       : started _org.springframework.integration.errorLogger
2022-06-13 10:26:20.404  INFO [ts-admin-route-service,,,] 1 --- [           main] d.s.w.p.DocumentationPluginsBootstrapper : Context refreshed
2022-06-13 10:26:20.931  INFO [ts-admin-route-service,,,] 1 --- [           main] d.s.w.p.DocumentationPluginsBootstrapper : Found 1 custom documentation plugin(s)
2022-06-13 10:26:21.108  INFO [ts-admin-route-service,,,] 1 --- [           main] s.d.s.w.s.ApiListingReferenceScanner     : Scanning for api listing references
2022-06-13 10:26:27.075  INFO [ts-admin-route-service,,,] 1 --- [           main] .d.s.w.r.o.CachingOperationNameGenerator : Generating unique operation named: findByPrincipalAndAfterAndTypeUsingGET_1
2022-06-13 10:26:28.847  INFO [ts-admin-route-service,,,] 1 --- [           main] .d.s.w.r.o.CachingOperationNameGenerator : Generating unique operation named: invokeUsingGET_1
2022-06-13 10:26:28.951  INFO [ts-admin-route-service,,,] 1 --- [           main] .d.s.w.r.o.CachingOperationNameGenerator : Generating unique operation named: invokeUsingGET_2
2022-06-13 10:26:29.052  INFO [ts-admin-route-service,,,] 1 --- [           main] .d.s.w.r.o.CachingOperationNameGenerator : Generating unique operation named: invokeUsingGET_3
2022-06-13 10:26:29.096  INFO [ts-admin-route-service,,,] 1 --- [           main] .d.s.w.r.o.CachingOperationNameGenerator : Generating unique operation named: invokeUsingGET_4
2022-06-13 10:26:29.165  INFO [ts-admin-route-service,,,] 1 --- [           main] .d.s.w.r.o.CachingOperationNameGenerator : Generating unique operation named: invokeUsingGET_5
2022-06-13 10:26:29.200  INFO [ts-admin-route-service,,,] 1 --- [           main] .d.s.w.r.o.CachingOperationNameGenerator : Generating unique operation named: invokeUsingGET_6
2022-06-13 10:26:29.224  INFO [ts-admin-route-service,,,] 1 --- [           main] .d.s.w.r.o.CachingOperationNameGenerator : Generating unique operation named: invokeUsingGET_7
2022-06-13 10:26:29.309  INFO [ts-admin-route-service,,,] 1 --- [           main] .d.s.w.r.o.CachingOperationNameGenerator : Generating unique operation named: invokeUsingGET_8
2022-06-13 10:26:29.371  INFO [ts-admin-route-service,,,] 1 --- [           main] .d.s.w.r.o.CachingOperationNameGenerator : Generating unique operation named: invokeUsingGET_9
2022-06-13 10:26:29.398  INFO [ts-admin-route-service,,,] 1 --- [           main] .d.s.w.r.o.CachingOperationNameGenerator : Generating unique operation named: invokeUsingGET_10
2022-06-13 10:26:29.421  INFO [ts-admin-route-service,,,] 1 --- [           main] .d.s.w.r.o.CachingOperationNameGenerator : Generating unique operation named: invokeUsingGET_11
2022-06-13 10:26:29.767  INFO [ts-admin-route-service,,,] 1 --- [           main] .d.s.w.r.o.CachingOperationNameGenerator : Generating unique operation named: invokeUsingGET_12
2022-06-13 10:26:29.889  INFO [ts-admin-route-service,,,] 1 --- [           main] .d.s.w.r.o.CachingOperationNameGenerator : Generating unique operation named: invokeUsingGET_13
2022-06-13 10:26:29.955  INFO [ts-admin-route-service,,,] 1 --- [           main] .d.s.w.r.o.CachingOperationNameGenerator : Generating unique operation named: invokeUsingGET_14
2022-06-13 10:26:30.009  INFO [ts-admin-route-service,,,] 1 --- [           main] .d.s.w.r.o.CachingOperationNameGenerator : Generating unique operation named: invokeUsingGET_15
2022-06-13 10:26:30.233  INFO [ts-admin-route-service,,,] 1 --- [           main] .d.s.w.r.o.CachingOperationNameGenerator : Generating unique operation named: invokeUsingGET_16
2022-06-13 10:26:30.271  INFO [ts-admin-route-service,,,] 1 --- [           main] .d.s.w.r.o.CachingOperationNameGenerator : Generating unique operation named: invokeUsingGET_17
2022-06-13 10:26:30.351  INFO [ts-admin-route-service,,,] 1 --- [           main] .d.s.w.r.o.CachingOperationNameGenerator : Generating unique operation named: invokeUsingPOST_1
2022-06-13 10:26:30.469  INFO [ts-admin-route-service,,,] 1 --- [           main] .d.s.w.r.o.CachingOperationNameGenerator : Generating unique operation named: invokeUsingGET_18
2022-06-13 10:26:30.505  INFO [ts-admin-route-service,,,] 1 --- [           main] .d.s.w.r.o.CachingOperationNameGenerator : Generating unique operation named: invokeUsingGET_19
2022-06-13 10:26:30.601  INFO [ts-admin-route-service,,,] 1 --- [           main] .d.s.w.r.o.CachingOperationNameGenerator : Generating unique operation named: invokeUsingGET_20
2022-06-13 10:26:30.634  INFO [ts-admin-route-service,,,] 1 --- [           main] .d.s.w.r.o.CachingOperationNameGenerator : Generating unique operation named: invokeUsingGET_21
2022-06-13 10:26:30.885  INFO [ts-admin-route-service,,,] 1 --- [           main] .d.s.w.r.o.CachingOperationNameGenerator : Generating unique operation named: invokeUsingGET_22
2022-06-13 10:26:30.943  INFO [ts-admin-route-service,,,] 1 --- [           main] .d.s.w.r.o.CachingOperationNameGenerator : Generating unique operation named: invokeUsingGET_23
2022-06-13 10:26:31.215  INFO [ts-admin-route-service,,,] 1 --- [           main] .d.s.w.r.o.CachingOperationNameGenerator : Generating unique operation named: invokeUsingGET_24
2022-06-13 10:26:31.317  INFO [ts-admin-route-service,,,] 1 --- [           main] .d.s.w.r.o.CachingOperationNameGenerator : Generating unique operation named: invokeUsingGET_25
2022-06-13 10:26:31.386  INFO [ts-admin-route-service,,,] 1 --- [           main] .d.s.w.r.o.CachingOperationNameGenerator : Generating unique operation named: valueUsingGET_1
2022-06-13 10:26:35.246  INFO [ts-admin-route-service,,,] 1 --- [           main] s.b.c.e.t.TomcatEmbeddedServletContainer : Tomcat started on port(s): 16113 (http)
2022-06-13 10:26:35.348  INFO [ts-admin-route-service,,,] 1 --- [           main] adminroute.AdminRouteApplication         : Started AdminRouteApplication in 180.196 seconds (JVM running for 185.046)
