2022-06-13 10:26:37.260  INFO [bootstrap,,,] 1 --- [           main] s.c.a.AnnotationConfigApplicationContext : Refreshing org.springframework.context.annotation.AnnotationConfigApplicationContext@48533e64: startup date [Mon Jun 13 10:26:36 CST 2022]; root of context hierarchy
2022-06-13 10:26:50.281  INFO [bootstrap,,,] 1 --- [           main] trationDelegate$BeanPostProcessorChecker : Bean 'configurationPropertiesRebinderAutoConfiguration' of type [org.springframework.cloud.autoconfigure.ConfigurationPropertiesRebinderAutoConfiguration$$EnhancerBySpringCGLIB$$3c5b44cd] is not eligible for getting processed by all BeanPostProcessors (for example: not eligible for auto-proxying)

  .   ____          _            __ _ _
 /\\ / ___'_ __ _ _(_)_ __  __ _ \ \ \ \
( ( )\___ | '_ | '_| | '_ \/ _` | \ \ \ \
 \\/  ___)| |_)| | | | | || (_| |  ) ) ) )
  '  |____| .__|_| |_|_| |_\__, | / / / /
 =========|_|==============|___/=/_/_/_/
 :: Spring Boot ::       (v1.5.22.RELEASE)

2022-06-13 10:27:04.584  INFO [ts-preserve-other-service,,,] 1 --- [           main] preserveOther.PreserveOtherApplication   : No active profile set, falling back to default profiles: default
2022-06-13 10:27:05.430  INFO [ts-preserve-other-service,,,] 1 --- [           main] ationConfigEmbeddedWebApplicationContext : Refreshing org.springframework.boot.context.embedded.AnnotationConfigEmbeddedWebApplicationContext@475530b9: startup date [Mon Jun 13 10:27:05 CST 2022]; parent: org.springframework.context.annotation.AnnotationConfigApplicationContext@48533e64
2022-06-13 10:27:34.735  INFO [ts-preserve-other-service,,,] 1 --- [           main] o.s.i.config.IntegrationRegistrar        : No bean named 'integrationHeaderChannelRegistry' has been explicitly defined. Therefore, a default DefaultHeaderChannelRegistry will be created.
2022-06-13 10:27:47.780  INFO [ts-preserve-other-service,,,] 1 --- [           main] o.s.cloud.context.scope.GenericScope     : BeanFactory id=337236c5-030c-3016-983c-07f7439122b0
2022-06-13 10:27:48.043  INFO [ts-preserve-other-service,,,] 1 --- [           main] faultConfiguringBeanFactoryPostProcessor : No bean named 'errorChannel' has been explicitly defined. Therefore, a default PublishSubscribeChannel will be created.
2022-06-13 10:27:48.087  INFO [ts-preserve-other-service,,,] 1 --- [           main] faultConfiguringBeanFactoryPostProcessor : No bean named 'taskScheduler' has been explicitly defined. Therefore, a default ThreadPoolTaskScheduler will be created.
2022-06-13 10:27:50.499  INFO [ts-preserve-other-service,,,] 1 --- [           main] trationDelegate$BeanPostProcessorChecker : Bean 'org.springframework.cloud.sleuth.instrument.async.AsyncDefaultAutoConfiguration$DefaultAsyncConfigurerSupport' of type [org.springframework.cloud.sleuth.instrument.async.AsyncDefaultAutoConfiguration$DefaultAsyncConfigurerSupport$$EnhancerBySpringCGLIB$$5d82df93] is not eligible for getting processed by all BeanPostProcessors (for example: not eligible for auto-proxying)
2022-06-13 10:27:50.963  INFO [ts-preserve-other-service,,,] 1 --- [           main] trationDelegate$BeanPostProcessorChecker : Bean 'org.springframework.amqp.rabbit.annotation.RabbitBootstrapConfiguration' of type [org.springframework.amqp.rabbit.annotation.RabbitBootstrapConfiguration$$EnhancerBySpringCGLIB$$e6acfffe] is not eligible for getting processed by all BeanPostProcessors (for example: not eligible for auto-proxying)
2022-06-13 10:27:54.281  INFO [ts-preserve-other-service,,,] 1 --- [           main] trationDelegate$BeanPostProcessorChecker : Bean 'org.springframework.cloud.sleuth.annotation.SleuthAnnotationAutoConfiguration' of type [org.springframework.cloud.sleuth.annotation.SleuthAnnotationAutoConfiguration$$EnhancerBySpringCGLIB$$22a68802] is not eligible for getting processed by all BeanPostProcessors (for example: not eligible for auto-proxying)
2022-06-13 10:27:59.904  INFO [ts-preserve-other-service,,,] 1 --- [           main] trationDelegate$BeanPostProcessorChecker : Bean 'sleuthAdvisorConfig' of type [org.springframework.cloud.sleuth.annotation.SleuthAdvisorConfig] is not eligible for getting processed by all BeanPostProcessors (for example: not eligible for auto-proxying)
2022-06-13 10:28:00.678  INFO [ts-preserve-other-service,,,] 1 --- [           main] trationDelegate$BeanPostProcessorChecker : Bean 'org.springframework.security.config.annotation.configuration.ObjectPostProcessorConfiguration' of type [org.springframework.security.config.annotation.configuration.ObjectPostProcessorConfiguration$$EnhancerBySpringCGLIB$$b8ef0a0a] is not eligible for getting processed by all BeanPostProcessors (for example: not eligible for auto-proxying)
2022-06-13 10:28:01.034  INFO [ts-preserve-other-service,,,] 1 --- [           main] trationDelegate$BeanPostProcessorChecker : Bean 'objectPostProcessor' of type [org.springframework.security.config.annotation.configuration.AutowireBeanFactoryObjectPostProcessor] is not eligible for getting processed by all BeanPostProcessors (for example: not eligible for auto-proxying)
2022-06-13 10:28:01.104  INFO [ts-preserve-other-service,,,] 1 --- [           main] trationDelegate$BeanPostProcessorChecker : Bean 'org.springframework.security.access.expression.method.DefaultMethodSecurityExpressionHandler@376a0d86' of type [org.springframework.security.access.expression.method.DefaultMethodSecurityExpressionHandler] is not eligible for getting processed by all BeanPostProcessors (for example: not eligible for auto-proxying)
2022-06-13 10:28:01.283  INFO [ts-preserve-other-service,,,] 1 --- [           main] trationDelegate$BeanPostProcessorChecker : Bean 'org.springframework.security.config.annotation.method.configuration.GlobalMethodSecurityConfiguration' of type [org.springframework.security.config.annotation.method.configuration.GlobalMethodSecurityConfiguration$$EnhancerBySpringCGLIB$$ddc3acbc] is not eligible for getting processed by all BeanPostProcessors (for example: not eligible for auto-proxying)
2022-06-13 10:28:02.181  INFO [ts-preserve-other-service,,,] 1 --- [           main] trationDelegate$BeanPostProcessorChecker : Bean 'methodSecurityMetadataSource' of type [org.springframework.security.access.method.DelegatingMethodSecurityMetadataSource] is not eligible for getting processed by all BeanPostProcessors (for example: not eligible for auto-proxying)
2022-06-13 10:28:03.430  INFO [ts-preserve-other-service,,,] 1 --- [           main] trationDelegate$BeanPostProcessorChecker : Bean 'integrationGlobalProperties' of type [org.springframework.beans.factory.config.PropertiesFactoryBean] is not eligible for getting processed by all BeanPostProcessors (for example: not eligible for auto-proxying)
2022-06-13 10:28:03.562  INFO [ts-preserve-other-service,,,] 1 --- [           main] trationDelegate$BeanPostProcessorChecker : Bean 'integrationGlobalProperties' of type [java.util.Properties] is not eligible for getting processed by all BeanPostProcessors (for example: not eligible for auto-proxying)
2022-06-13 10:28:06.713  INFO [ts-preserve-other-service,,,] 1 --- [           main] trationDelegate$BeanPostProcessorChecker : Bean 'org.springframework.cloud.autoconfigure.ConfigurationPropertiesRebinderAutoConfiguration' of type [org.springframework.cloud.autoconfigure.ConfigurationPropertiesRebinderAutoConfiguration$$EnhancerBySpringCGLIB$$3c5b44cd] is not eligible for getting processed by all BeanPostProcessors (for example: not eligible for auto-proxying)
2022-06-13 10:28:07.482  INFO [ts-preserve-other-service,,,] 1 --- [           main] trationDelegate$BeanPostProcessorChecker : Bean 'org.springframework.cloud.sleuth.instrument.async.AsyncDefaultAutoConfiguration' of type [org.springframework.cloud.sleuth.instrument.async.AsyncDefaultAutoConfiguration$$EnhancerBySpringCGLIB$$824edef] is not eligible for getting processed by all BeanPostProcessors (for example: not eligible for auto-proxying)
2022-06-13 10:28:08.244  INFO [ts-preserve-other-service,,,] 1 --- [           main] trationDelegate$BeanPostProcessorChecker : Bean 'org.springframework.cloud.sleuth.instrument.web.client.TraceWebClientAutoConfiguration' of type [org.springframework.cloud.sleuth.instrument.web.client.TraceWebClientAutoConfiguration$$EnhancerBySpringCGLIB$$ccd40d4f] is not eligible for getting processed by all BeanPostProcessors (for example: not eligible for auto-proxying)
2022-06-13 10:28:28.420  INFO [ts-preserve-other-service,,,] 1 --- [           main] s.b.c.e.t.TomcatEmbeddedServletContainer : Tomcat initialized with port(s): 14569 (http)
2022-06-13 10:28:30.991  INFO [ts-preserve-other-service,,,] 1 --- [           main] o.apache.catalina.core.StandardService   : Starting service [Tomcat]
2022-06-13 10:28:30.991  INFO [ts-preserve-other-service,,,] 1 --- [           main] org.apache.catalina.core.StandardEngine  : Starting Servlet Engine: Apache Tomcat/8.5.43
2022-06-13 10:28:36.327  INFO [ts-preserve-other-service,,,] 1 --- [ost-startStop-1] o.a.c.c.C.[Tomcat].[localhost].[/]       : Initializing Spring embedded WebApplicationContext
2022-06-13 10:28:36.381  INFO [ts-preserve-other-service,,,] 1 --- [ost-startStop-1] o.s.web.context.ContextLoader            : Root WebApplicationContext: initialization completed in 90951 ms
2022-06-13 10:29:03.695  INFO [ts-preserve-other-service,,,] 1 --- [ost-startStop-1] o.s.b.w.servlet.FilterRegistrationBean   : Mapping filter: 'metricsFilter' to: [/*]
2022-06-13 10:29:03.776  INFO [ts-preserve-other-service,,,] 1 --- [ost-startStop-1] o.s.b.w.servlet.FilterRegistrationBean   : Mapping filter: 'characterEncodingFilter' to: [/*]
2022-06-13 10:29:03.835  INFO [ts-preserve-other-service,,,] 1 --- [ost-startStop-1] o.s.b.w.servlet.FilterRegistrationBean   : Mapping filter: 'traceFilter' to: [/*]
2022-06-13 10:29:03.835  INFO [ts-preserve-other-service,,,] 1 --- [ost-startStop-1] o.s.b.w.servlet.FilterRegistrationBean   : Mapping filter: 'hiddenHttpMethodFilter' to: [/*]
2022-06-13 10:29:03.835  INFO [ts-preserve-other-service,,,] 1 --- [ost-startStop-1] o.s.b.w.servlet.FilterRegistrationBean   : Mapping filter: 'httpPutFormContentFilter' to: [/*]
2022-06-13 10:29:03.836  INFO [ts-preserve-other-service,,,] 1 --- [ost-startStop-1] o.s.b.w.servlet.FilterRegistrationBean   : Mapping filter: 'requestContextFilter' to: [/*]
2022-06-13 10:29:03.872  INFO [ts-preserve-other-service,,,] 1 --- [ost-startStop-1] .s.DelegatingFilterProxyRegistrationBean : Mapping filter: 'springSecurityFilterChain' to: [/*]
2022-06-13 10:29:03.872  INFO [ts-preserve-other-service,,,] 1 --- [ost-startStop-1] o.s.b.w.servlet.FilterRegistrationBean   : Mapping filter: 'webRequestLoggingFilter' to: [/*]
2022-06-13 10:29:03.872  INFO [ts-preserve-other-service,,,] 1 --- [ost-startStop-1] o.s.b.w.servlet.FilterRegistrationBean   : Mapping filter: 'applicationContextIdFilter' to: [/*]
2022-06-13 10:29:03.872  INFO [ts-preserve-other-service,,,] 1 --- [ost-startStop-1] o.s.b.w.servlet.ServletRegistrationBean  : Mapping servlet: 'dispatcherServlet' to [/]
2022-06-13 10:30:07.607  INFO [ts-preserve-other-service,,,] 1 --- [           main] s.w.s.m.m.a.RequestMappingHandlerMapping : Mapped "{[/api/v1/preserveotherservice/welcome],methods=[GET]}" onto public java.lang.String preserveOther.controller.PreserveOtherController.home()
2022-06-13 10:30:07.639  INFO [ts-preserve-other-service,,,] 1 --- [           main] s.w.s.m.m.a.RequestMappingHandlerMapping : Mapped "{[/api/v1/preserveotherservice/preserveOther],methods=[POST]}" onto public org.springframework.http.HttpEntity preserveOther.controller.PreserveOtherController.preserve(preserveOther.entity.OrderTicketsInfo,org.springframework.http.HttpHeaders)
2022-06-13 10:30:07.677  INFO [ts-preserve-other-service,,,] 1 --- [           main] s.w.s.m.m.a.RequestMappingHandlerMapping : Mapped "{[/v2/api-docs],methods=[GET],produces=[application/json || application/hal+json]}" onto public org.springframework.http.ResponseEntity<springfox.documentation.spring.web.json.Json> springfox.documentation.swagger2.web.Swagger2Controller.getDocumentation(java.lang.String,javax.servlet.http.HttpServletRequest)
2022-06-13 10:30:07.763  INFO [ts-preserve-other-service,,,] 1 --- [           main] s.w.s.m.m.a.RequestMappingHandlerMapping : Mapped "{[/configuration/ui]}" onto org.springframework.http.ResponseEntity<springfox.documentation.swagger.web.UiConfiguration> springfox.documentation.swagger.web.ApiResourceController.uiConfiguration()
2022-06-13 10:30:07.765  INFO [ts-preserve-other-service,,,] 1 --- [           main] s.w.s.m.m.a.RequestMappingHandlerMapping : Mapped "{[/swagger-resources]}" onto org.springframework.http.ResponseEntity<java.util.List<springfox.documentation.swagger.web.SwaggerResource>> springfox.documentation.swagger.web.ApiResourceController.swaggerResources()
2022-06-13 10:30:07.812  INFO [ts-preserve-other-service,,,] 1 --- [           main] s.w.s.m.m.a.RequestMappingHandlerMapping : Mapped "{[/configuration/security]}" onto org.springframework.http.ResponseEntity<springfox.documentation.swagger.web.SecurityConfiguration> springfox.documentation.swagger.web.ApiResourceController.securityConfiguration()
2022-06-13 10:30:07.850  INFO [ts-preserve-other-service,,,] 1 --- [           main] s.w.s.m.m.a.RequestMappingHandlerMapping : Mapped "{[/error]}" onto public org.springframework.http.ResponseEntity<java.util.Map<java.lang.String, java.lang.Object>> org.springframework.boot.autoconfigure.web.BasicErrorController.error(javax.servlet.http.HttpServletRequest)
2022-06-13 10:30:07.998  INFO [ts-preserve-other-service,,,] 1 --- [           main] s.w.s.m.m.a.RequestMappingHandlerMapping : Mapped "{[/error],produces=[text/html]}" onto public org.springframework.web.servlet.ModelAndView org.springframework.boot.autoconfigure.web.BasicErrorController.errorHtml(javax.servlet.http.HttpServletRequest,javax.servlet.http.HttpServletResponse)
2022-06-13 10:30:25.749  INFO [ts-preserve-other-service,,,] 1 --- [           main] o.s.b.a.e.mvc.EndpointHandlerMapping     : Mapped "{[/loggers/{name:.*}],methods=[GET],produces=[application/vnd.spring-boot.actuator.v1+json || application/json]}" onto public java.lang.Object org.springframework.boot.actuate.endpoint.mvc.LoggersMvcEndpoint.get(java.lang.String)
2022-06-13 10:30:25.757  INFO [ts-preserve-other-service,,,] 1 --- [           main] o.s.b.a.e.mvc.EndpointHandlerMapping     : Mapped "{[/loggers/{name:.*}],methods=[POST],consumes=[application/vnd.spring-boot.actuator.v1+json || application/json],produces=[application/vnd.spring-boot.actuator.v1+json || application/json]}" onto public java.lang.Object org.springframework.boot.actuate.endpoint.mvc.LoggersMvcEndpoint.set(java.lang.String,java.util.Map<java.lang.String, java.lang.String>)
2022-06-13 10:30:25.761  INFO [ts-preserve-other-service,,,] 1 --- [           main] o.s.b.a.e.mvc.EndpointHandlerMapping     : Mapped "{[/loggers || /loggers.json],methods=[GET],produces=[application/vnd.spring-boot.actuator.v1+json || application/json]}" onto public java.lang.Object org.springframework.boot.actuate.endpoint.mvc.EndpointMvcAdapter.invoke()
2022-06-13 10:30:25.762  INFO [ts-preserve-other-service,,,] 1 --- [           main] o.s.b.a.e.mvc.EndpointHandlerMapping     : Mapped "{[/auditevents || /auditevents.json],methods=[GET],produces=[application/vnd.spring-boot.actuator.v1+json || application/json]}" onto public org.springframework.http.ResponseEntity<?> org.springframework.boot.actuate.endpoint.mvc.AuditEventsMvcEndpoint.findByPrincipalAndAfterAndType(java.lang.String,java.util.Date,java.lang.String)
2022-06-13 10:30:25.774  INFO [ts-preserve-other-service,,,] 1 --- [           main] o.s.b.a.e.mvc.EndpointHandlerMapping     : Mapped "{[/mappings || /mappings.json],methods=[GET],produces=[application/vnd.spring-boot.actuator.v1+json || application/json]}" onto public java.lang.Object org.springframework.boot.actuate.endpoint.mvc.EndpointMvcAdapter.invoke()
2022-06-13 10:30:25.782  INFO [ts-preserve-other-service,,,] 1 --- [           main] o.s.b.a.e.mvc.EndpointHandlerMapping     : Mapped "{[/dump || /dump.json],methods=[GET],produces=[application/vnd.spring-boot.actuator.v1+json || application/json]}" onto public java.lang.Object org.springframework.boot.actuate.endpoint.mvc.EndpointMvcAdapter.invoke()
2022-06-13 10:30:25.783  INFO [ts-preserve-other-service,,,] 1 --- [           main] o.s.b.a.e.mvc.EndpointHandlerMapping     : Mapped "{[/health || /health.json],methods=[GET],produces=[application/vnd.spring-boot.actuator.v1+json || application/json]}" onto public java.lang.Object org.springframework.boot.actuate.endpoint.mvc.HealthMvcEndpoint.invoke(javax.servlet.http.HttpServletRequest,java.security.Principal)
2022-06-13 10:30:25.792  INFO [ts-preserve-other-service,,,] 1 --- [           main] o.s.b.a.e.mvc.EndpointHandlerMapping     : Mapped "{[/info || /info.json],methods=[GET],produces=[application/vnd.spring-boot.actuator.v1+json || application/json]}" onto public java.lang.Object org.springframework.boot.actuate.endpoint.mvc.EndpointMvcAdapter.invoke()
2022-06-13 10:30:25.794  INFO [ts-preserve-other-service,,,] 1 --- [           main] o.s.b.a.e.mvc.EndpointHandlerMapping     : Mapped "{[/autoconfig || /autoconfig.json],methods=[GET],produces=[application/vnd.spring-boot.actuator.v1+json || application/json]}" onto public java.lang.Object org.springframework.boot.actuate.endpoint.mvc.EndpointMvcAdapter.invoke()
2022-06-13 10:30:25.843  INFO [ts-preserve-other-service,,,] 1 --- [           main] o.s.b.a.e.mvc.EndpointHandlerMapping     : Mapped "{[/refresh || /refresh.json],methods=[POST]}" onto public java.lang.Object org.springframework.cloud.endpoint.GenericPostableMvcEndpoint.invoke()
2022-06-13 10:30:25.858  INFO [ts-preserve-other-service,,,] 1 --- [           main] o.s.b.a.e.mvc.EndpointHandlerMapping     : Mapped "{[/env],methods=[POST]}" onto public java.lang.Object org.springframework.cloud.context.environment.EnvironmentManagerMvcEndpoint.value(java.util.Map<java.lang.String, java.lang.String>)
2022-06-13 10:30:25.864  INFO [ts-preserve-other-service,,,] 1 --- [           main] o.s.b.a.e.mvc.EndpointHandlerMapping     : Mapped "{[/env/reset],methods=[POST]}" onto public java.util.Map<java.lang.String, java.lang.Object> org.springframework.cloud.context.environment.EnvironmentManagerMvcEndpoint.reset()
2022-06-13 10:30:25.905  INFO [ts-preserve-other-service,,,] 1 --- [           main] o.s.b.a.e.mvc.EndpointHandlerMapping     : Mapped "{[/heapdump || /heapdump.json],methods=[GET],produces=[application/octet-stream]}" onto public void org.springframework.boot.actuate.endpoint.mvc.HeapdumpMvcEndpoint.invoke(boolean,javax.servlet.http.HttpServletRequest,javax.servlet.http.HttpServletResponse) throws java.io.IOException,javax.servlet.ServletException
2022-06-13 10:30:25.917  INFO [ts-preserve-other-service,,,] 1 --- [           main] o.s.b.a.e.mvc.EndpointHandlerMapping     : Mapped "{[/features || /features.json],methods=[GET],produces=[application/vnd.spring-boot.actuator.v1+json || application/json]}" onto public java.lang.Object org.springframework.boot.actuate.endpoint.mvc.EndpointMvcAdapter.invoke()
2022-06-13 10:30:25.962  INFO [ts-preserve-other-service,,,] 1 --- [           main] o.s.b.a.e.mvc.EndpointHandlerMapping     : Mapped "{[/beans || /beans.json],methods=[GET],produces=[application/vnd.spring-boot.actuator.v1+json || application/json]}" onto public java.lang.Object org.springframework.boot.actuate.endpoint.mvc.EndpointMvcAdapter.invoke()
2022-06-13 10:30:26.017  INFO [ts-preserve-other-service,,,] 1 --- [           main] o.s.b.a.e.mvc.EndpointHandlerMapping     : Mapped "{[/trace || /trace.json],methods=[GET],produces=[application/vnd.spring-boot.actuator.v1+json || application/json]}" onto public java.lang.Object org.springframework.boot.actuate.endpoint.mvc.EndpointMvcAdapter.invoke()
2022-06-13 10:30:26.023  INFO [ts-preserve-other-service,,,] 1 --- [           main] o.s.b.a.e.mvc.EndpointHandlerMapping     : Mapped "{[/configprops || /configprops.json],methods=[GET],produces=[application/vnd.spring-boot.actuator.v1+json || application/json]}" onto public java.lang.Object org.springframework.boot.actuate.endpoint.mvc.EndpointMvcAdapter.invoke()
2022-06-13 10:30:26.024  INFO [ts-preserve-other-service,,,] 1 --- [           main] o.s.b.a.e.mvc.EndpointHandlerMapping     : Mapped "{[/env/{name:.*}],methods=[GET],produces=[application/vnd.spring-boot.actuator.v1+json || application/json]}" onto public java.lang.Object org.springframework.boot.actuate.endpoint.mvc.EnvironmentMvcEndpoint.value(java.lang.String)
2022-06-13 10:30:26.024  INFO [ts-preserve-other-service,,,] 1 --- [           main] o.s.b.a.e.mvc.EndpointHandlerMapping     : Mapped "{[/env || /env.json],methods=[GET],produces=[application/vnd.spring-boot.actuator.v1+json || application/json]}" onto public java.lang.Object org.springframework.boot.actuate.endpoint.mvc.EndpointMvcAdapter.invoke()
2022-06-13 10:30:26.203  INFO [ts-preserve-other-service,,,] 1 --- [           main] o.s.b.a.e.mvc.EndpointHandlerMapping     : Mapped "{[/metrics/{name:.*}],methods=[GET],produces=[application/vnd.spring-boot.actuator.v1+json || application/json]}" onto public java.lang.Object org.springframework.boot.actuate.endpoint.mvc.MetricsMvcEndpoint.value(java.lang.String)
2022-06-13 10:30:26.203  INFO [ts-preserve-other-service,,,] 1 --- [           main] o.s.b.a.e.mvc.EndpointHandlerMapping     : Mapped "{[/metrics || /metrics.json],methods=[GET],produces=[application/vnd.spring-boot.actuator.v1+json || application/json]}" onto public java.lang.Object org.springframework.boot.actuate.endpoint.mvc.EndpointMvcAdapter.invoke()
2022-06-13 10:30:34.340  INFO [ts-preserve-other-service,,,] 1 --- [           main] b.a.s.AuthenticationManagerConfiguration : 

Using default security password: 120733a8-75ab-44ae-bcd9-f175a170d05c

2022-06-13 10:30:38.398  INFO [ts-preserve-other-service,,,] 1 --- [           main] o.s.s.web.DefaultSecurityFilterChain     : Creating filter chain: org.springframework.security.web.util.matcher.AnyRequestMatcher@1, [org.springframework.security.web.context.request.async.WebAsyncManagerIntegrationFilter@ce5a68e, org.springframework.security.web.context.SecurityContextPersistenceFilter@5f4d427e, org.springframework.security.web.header.HeaderWriterFilter@4fcee388, org.springframework.security.web.authentication.logout.LogoutFilter@61861a29, edu.fudan.common.security.jwt.JWTFilter@9d157ff, org.springframework.security.web.savedrequest.RequestCacheAwareFilter@10c8f62, org.springframework.security.web.servletapi.SecurityContextHolderAwareRequestFilter@3f23a3a0, org.springframework.security.web.authentication.AnonymousAuthenticationFilter@2f162cc0, org.springframework.security.web.session.SessionManagementFilter@3af17be2, org.springframework.security.web.access.ExceptionTranslationFilter@6c345c5f, org.springframework.security.web.access.intercept.FilterSecurityInterceptor@6d8792db]
2022-06-13 10:30:40.916  INFO [ts-preserve-other-service,,,] 1 --- [           main] o.s.w.s.handler.SimpleUrlHandlerMapping  : Mapped URL path [/webjars/**] onto handler of type [class org.springframework.web.servlet.resource.ResourceHttpRequestHandler]
2022-06-13 10:30:40.924  INFO [ts-preserve-other-service,,,] 1 --- [           main] o.s.w.s.handler.SimpleUrlHandlerMapping  : Mapped URL path [/**] onto handler of type [class org.springframework.web.servlet.resource.ResourceHttpRequestHandler]
2022-06-13 10:30:42.577  INFO [ts-preserve-other-service,,,] 1 --- [           main] o.s.w.s.handler.SimpleUrlHandlerMapping  : Mapped URL path [/**/favicon.ico] onto handler of type [class org.springframework.web.servlet.resource.ResourceHttpRequestHandler]
2022-06-13 10:30:43.549  INFO [ts-preserve-other-service,,,] 1 --- [           main] o.s.s.web.DefaultSecurityFilterChain     : Creating filter chain: org.springframework.boot.actuate.autoconfigure.ManagementWebSecurityAutoConfiguration$LazyEndpointPathRequestMatcher@1bdf8190, [org.springframework.security.web.context.request.async.WebAsyncManagerIntegrationFilter@192f2f27, org.springframework.security.web.context.SecurityContextPersistenceFilter@361c294e, org.springframework.security.web.header.HeaderWriterFilter@3a1d593e, org.springframework.web.filter.CorsFilter@8a589a2, org.springframework.security.web.authentication.logout.LogoutFilter@314b8f2d, org.springframework.security.web.authentication.www.BasicAuthenticationFilter@72f46e16, org.springframework.security.web.savedrequest.RequestCacheAwareFilter@7859e786, org.springframework.security.web.servletapi.SecurityContextHolderAwareRequestFilter@285d851a, org.springframework.security.web.authentication.AnonymousAuthenticationFilter@c65a5ef, org.springframework.security.web.session.SessionManagementFilter@4a8a60bc, org.springframework.security.web.access.ExceptionTranslationFilter@669513d8, org.springframework.security.web.access.intercept.FilterSecurityInterceptor@71104a4]
2022-06-13 10:30:47.478  INFO [ts-preserve-other-service,,,] 1 --- [           main] s.w.s.m.m.a.RequestMappingHandlerAdapter : Looking for @ControllerAdvice: org.springframework.boot.context.embedded.AnnotationConfigEmbeddedWebApplicationContext@475530b9: startup date [Mon Jun 13 10:27:05 CST 2022]; parent: org.springframework.context.annotation.AnnotationConfigApplicationContext@48533e64
2022-06-13 10:31:00.975  INFO [ts-preserve-other-service,,,] 1 --- [           main] o.s.s.c.ThreadPoolTaskScheduler          : Initializing ExecutorService  'taskScheduler'
2022-06-13 10:31:10.935  INFO [ts-preserve-other-service,,,] 1 --- [           main] o.s.s.c.ThreadPoolTaskScheduler          : Initializing ExecutorService 
2022-06-13 10:31:15.522  INFO [ts-preserve-other-service,,,] 1 --- [           main] o.s.j.e.a.AnnotationMBeanExporter        : Registering beans for JMX exposure on startup
2022-06-13 10:31:15.593  INFO [ts-preserve-other-service,,,] 1 --- [           main] o.s.j.e.a.AnnotationMBeanExporter        : Bean with name 'rabbitConnectionFactory' has been autodetected for JMX exposure
2022-06-13 10:31:15.628  INFO [ts-preserve-other-service,,,] 1 --- [           main] o.s.j.e.a.AnnotationMBeanExporter        : Bean with name 'configurationPropertiesRebinder' has been autodetected for JMX exposure
2022-06-13 10:31:15.629  INFO [ts-preserve-other-service,,,] 1 --- [           main] o.s.j.e.a.AnnotationMBeanExporter        : Bean with name 'refreshEndpoint' has been autodetected for JMX exposure
2022-06-13 10:31:15.704  INFO [ts-preserve-other-service,,,] 1 --- [           main] o.s.j.e.a.AnnotationMBeanExporter        : Bean with name 'environmentManager' has been autodetected for JMX exposure
2022-06-13 10:31:15.705  INFO [ts-preserve-other-service,,,] 1 --- [           main] o.s.j.e.a.AnnotationMBeanExporter        : Bean with name 'refreshScope' has been autodetected for JMX exposure
2022-06-13 10:31:15.842  INFO [ts-preserve-other-service,,,] 1 --- [           main] o.s.j.e.a.AnnotationMBeanExporter        : Located managed bean 'environmentManager': registering with JMX server as MBean [org.springframework.cloud.context.environment:name=environmentManager,type=EnvironmentManager]
2022-06-13 10:31:16.171  INFO [ts-preserve-other-service,,,] 1 --- [           main] o.s.j.e.a.AnnotationMBeanExporter        : Located managed bean 'refreshScope': registering with JMX server as MBean [org.springframework.cloud.context.scope.refresh:name=refreshScope,type=RefreshScope]
2022-06-13 10:31:16.353  INFO [ts-preserve-other-service,,,] 1 --- [           main] o.s.j.e.a.AnnotationMBeanExporter        : Located managed bean 'configurationPropertiesRebinder': registering with JMX server as MBean [org.springframework.cloud.context.properties:name=configurationPropertiesRebinder,context=475530b9,type=ConfigurationPropertiesRebinder]
2022-06-13 10:31:16.686  INFO [ts-preserve-other-service,,,] 1 --- [           main] o.s.j.e.a.AnnotationMBeanExporter        : Located managed bean 'rabbitConnectionFactory': registering with JMX server as MBean [org.springframework.amqp.rabbit.connection:name=rabbitConnectionFactory,type=CachingConnectionFactory]
2022-06-13 10:31:17.104  INFO [ts-preserve-other-service,,,] 1 --- [           main] o.s.j.e.a.AnnotationMBeanExporter        : Located managed bean 'refreshEndpoint': registering with JMX server as MBean [org.springframework.cloud.endpoint:name=refreshEndpoint,type=RefreshEndpoint]
2022-06-13 10:31:31.251  INFO [ts-preserve-other-service,,,] 1 --- [           main] o.s.c.support.DefaultLifecycleProcessor  : Starting beans in phase 0
2022-06-13 10:31:32.618  INFO [ts-preserve-other-service,,,] 1 --- [           main] o.s.i.endpoint.EventDrivenConsumer       : Adding {logging-channel-adapter:_org.springframework.integration.errorLogger} as a subscriber to the 'errorChannel' channel
2022-06-13 10:31:32.618  INFO [ts-preserve-other-service,,,] 1 --- [           main] o.s.i.channel.PublishSubscribeChannel    : Channel 'ts-preserve-other-service:14569.errorChannel' has 1 subscriber(s).
2022-06-13 10:31:32.618  INFO [ts-preserve-other-service,,,] 1 --- [           main] o.s.i.endpoint.EventDrivenConsumer       : started _org.springframework.integration.errorLogger
2022-06-13 10:31:32.637  INFO [ts-preserve-other-service,,,] 1 --- [           main] o.s.c.support.DefaultLifecycleProcessor  : Starting beans in phase 2147483647
2022-06-13 10:31:33.192  INFO [ts-preserve-other-service,,,] 1 --- [           main] d.s.w.p.DocumentationPluginsBootstrapper : Context refreshed
2022-06-13 10:31:34.296  INFO [ts-preserve-other-service,,,] 1 --- [           main] d.s.w.p.DocumentationPluginsBootstrapper : Found 1 custom documentation plugin(s)
2022-06-13 10:31:34.538  INFO [ts-preserve-other-service,,,] 1 --- [           main] s.d.s.w.s.ApiListingReferenceScanner     : Scanning for api listing references
2022-06-13 10:31:36.399  INFO [ts-preserve-other-service,,,] 1 --- [           main] .d.s.w.r.o.CachingOperationNameGenerator : Generating unique operation named: findByPrincipalAndAfterAndTypeUsingGET_1
2022-06-13 10:31:38.493  INFO [ts-preserve-other-service,,,] 1 --- [           main] .d.s.w.r.o.CachingOperationNameGenerator : Generating unique operation named: invokeUsingGET_1
2022-06-13 10:31:38.494  INFO [ts-preserve-other-service,,,] 1 --- [           main] .d.s.w.r.o.CachingOperationNameGenerator : Generating unique operation named: invokeUsingGET_2
2022-06-13 10:31:38.522  INFO [ts-preserve-other-service,,,] 1 --- [           main] .d.s.w.r.o.CachingOperationNameGenerator : Generating unique operation named: invokeUsingGET_3
2022-06-13 10:31:38.616  INFO [ts-preserve-other-service,,,] 1 --- [           main] .d.s.w.r.o.CachingOperationNameGenerator : Generating unique operation named: invokeUsingGET_4
2022-06-13 10:31:38.643  INFO [ts-preserve-other-service,,,] 1 --- [           main] .d.s.w.r.o.CachingOperationNameGenerator : Generating unique operation named: invokeUsingGET_5
2022-06-13 10:31:38.673  INFO [ts-preserve-other-service,,,] 1 --- [           main] .d.s.w.r.o.CachingOperationNameGenerator : Generating unique operation named: invokeUsingGET_6
2022-06-13 10:31:38.690  INFO [ts-preserve-other-service,,,] 1 --- [           main] .d.s.w.r.o.CachingOperationNameGenerator : Generating unique operation named: invokeUsingGET_7
2022-06-13 10:31:38.730  INFO [ts-preserve-other-service,,,] 1 --- [           main] .d.s.w.r.o.CachingOperationNameGenerator : Generating unique operation named: invokeUsingGET_8
2022-06-13 10:31:38.738  INFO [ts-preserve-other-service,,,] 1 --- [           main] .d.s.w.r.o.CachingOperationNameGenerator : Generating unique operation named: invokeUsingGET_9
2022-06-13 10:31:38.770  INFO [ts-preserve-other-service,,,] 1 --- [           main] .d.s.w.r.o.CachingOperationNameGenerator : Generating unique operation named: invokeUsingGET_10
2022-06-13 10:31:38.857  INFO [ts-preserve-other-service,,,] 1 --- [           main] .d.s.w.r.o.CachingOperationNameGenerator : Generating unique operation named: invokeUsingGET_11
2022-06-13 10:31:38.873  INFO [ts-preserve-other-service,,,] 1 --- [           main] .d.s.w.r.o.CachingOperationNameGenerator : Generating unique operation named: invokeUsingGET_12
2022-06-13 10:31:38.912  INFO [ts-preserve-other-service,,,] 1 --- [           main] .d.s.w.r.o.CachingOperationNameGenerator : Generating unique operation named: invokeUsingGET_13
2022-06-13 10:31:38.927  INFO [ts-preserve-other-service,,,] 1 --- [           main] .d.s.w.r.o.CachingOperationNameGenerator : Generating unique operation named: invokeUsingGET_14
2022-06-13 10:31:38.971  INFO [ts-preserve-other-service,,,] 1 --- [           main] .d.s.w.r.o.CachingOperationNameGenerator : Generating unique operation named: invokeUsingGET_15
2022-06-13 10:31:39.178  INFO [ts-preserve-other-service,,,] 1 --- [           main] .d.s.w.r.o.CachingOperationNameGenerator : Generating unique operation named: invokeUsingGET_16
2022-06-13 10:31:39.200  INFO [ts-preserve-other-service,,,] 1 --- [           main] .d.s.w.r.o.CachingOperationNameGenerator : Generating unique operation named: invokeUsingGET_17
2022-06-13 10:31:39.369  INFO [ts-preserve-other-service,,,] 1 --- [           main] .d.s.w.r.o.CachingOperationNameGenerator : Generating unique operation named: invokeUsingPOST_1
2022-06-13 10:31:39.476  INFO [ts-preserve-other-service,,,] 1 --- [           main] .d.s.w.r.o.CachingOperationNameGenerator : Generating unique operation named: invokeUsingGET_18
2022-06-13 10:31:39.508  INFO [ts-preserve-other-service,,,] 1 --- [           main] .d.s.w.r.o.CachingOperationNameGenerator : Generating unique operation named: invokeUsingGET_19
2022-06-13 10:31:39.658  INFO [ts-preserve-other-service,,,] 1 --- [           main] .d.s.w.r.o.CachingOperationNameGenerator : Generating unique operation named: invokeUsingGET_20
2022-06-13 10:31:39.679  INFO [ts-preserve-other-service,,,] 1 --- [           main] .d.s.w.r.o.CachingOperationNameGenerator : Generating unique operation named: invokeUsingGET_21
2022-06-13 10:31:39.810  INFO [ts-preserve-other-service,,,] 1 --- [           main] .d.s.w.r.o.CachingOperationNameGenerator : Generating unique operation named: invokeUsingGET_22
2022-06-13 10:31:39.863  INFO [ts-preserve-other-service,,,] 1 --- [           main] .d.s.w.r.o.CachingOperationNameGenerator : Generating unique operation named: invokeUsingGET_23
2022-06-13 10:31:39.997  INFO [ts-preserve-other-service,,,] 1 --- [           main] .d.s.w.r.o.CachingOperationNameGenerator : Generating unique operation named: invokeUsingGET_24
2022-06-13 10:31:39.999  INFO [ts-preserve-other-service,,,] 1 --- [           main] .d.s.w.r.o.CachingOperationNameGenerator : Generating unique operation named: invokeUsingGET_25
2022-06-13 10:31:40.078  INFO [ts-preserve-other-service,,,] 1 --- [           main] .d.s.w.r.o.CachingOperationNameGenerator : Generating unique operation named: valueUsingGET_1
2022-06-13 10:31:41.676  INFO [ts-preserve-other-service,,,] 1 --- [           main] s.b.c.e.t.TomcatEmbeddedServletContainer : Tomcat started on port(s): 14569 (http)
2022-06-13 10:31:41.926  INFO [ts-preserve-other-service,,,] 1 --- [           main] preserveOther.PreserveOtherApplication   : Started PreserveOtherApplication in 326.658 seconds (JVM running for 338.453)
