{"voucher_id": 1, "order_id": "55600a06-6db4-4fa5-ba4e-60609e4f3272", "travelDate": "1670716800000", "contactName": "98c5ce8d-cdac-4fa6-9201-d2c628073a25", "train_number": "D1345", "seat_number": "234060701", "start_station": "shanghai", "dest_station": "suzhou", "price": 50.0}
{"voucher_id": 2, "order_id": "e6a8b242-869f-4c3c-af4e-ea2393db03e0", "travelDate": "1670716800000", "contactName": "aa867bcd-8dc8-4c28-83e8-89caa7aa51ed", "train_number": "D1345", "seat_number": "221954558", "start_station": "shanghai", "dest_station": "suzhou", "price": 50.0}
{"voucher_id": 3, "order_id": "32616876-b08f-48d5-9a39-2b04d9161079", "travelDate": "1670716800000", "contactName": "5fd4f40d-d897-4002-8366-ed6cc0a58403", "train_number": "D1345", "seat_number": "2139067902", "start_station": "shanghai", "dest_station": "suzhou", "price": 50.0}
{"voucher_id": 4, "order_id": "6d1708c7-e47c-4048-8bd4-bc11a9fbf0a7", "travelDate": "1670716800000", "contactName": "22a03838-2edb-4b0f-9123-7d683cf1bb82", "train_number": "D1345", "seat_number": "1577013436", "start_station": "shanghai", "dest_station": "suzhou", "price": 50.0}
{"voucher_id": 5, "order_id": "d8961b3d-6d00-436f-ac6b-15fd432c227a", "travelDate": "1670716800000", "contactName": "84c24f41-1bc2-42c8-8160-e4659f9467be", "train_number": "D1345", "seat_number": "1115517139", "start_station": "shanghai", "dest_station": "suzhou", "price": 50.0}
{"voucher_id": 6, "order_id": "18ac52ed-7691-4b7a-90cc-495829ffecbf", "travelDate": "1670716800000", "contactName": "22409b9b-28b3-47f4-b0ae-97f9185d89b6", "train_number": "D1345", "seat_number": "1980952267", "start_station": "shanghai", "dest_station": "suzhou", "price": 50.0}
{"voucher_id": 7, "order_id": "7f237aee-321a-4af2-936e-ec9799cce84b", "travelDate": "1670716800000", "contactName": "05bebaa1-ad73-4a51-81e0-f568756484a2", "train_number": "D1345", "seat_number": "1025079504", "start_station": "shanghai", "dest_station": "suzhou", "price": 50.0}
{"voucher_id": 8, "order_id": "04f6fd6b-f0df-4a1a-b312-4794dd7882aa", "travelDate": "1670716800000", "contactName": "bc75ac29-d3d8-4af5-a4d3-063abc08cd77", "train_number": "D1345", "seat_number": "657598748", "start_station": "shanghai", "dest_station": "suzhou", "price": 50.0}
{"voucher_id": 9, "order_id": "6bb1130e-dcc7-49b9-89ea-14d61cf8734a", "travelDate": "1670716800000", "contactName": "629093d2-8fe9-4de2-b602-49671da2fd4a", "train_number": "D1345", "seat_number": "1969623218", "start_station": "shanghai", "dest_station": "suzhou", "price": 50.0}
{"voucher_id": 10, "order_id": "646d8207-e3ac-4bc6-af5c-f88742a59f84", "travelDate": "1670716800000", "contactName": "54d25de9-6034-4820-9580-700dc890b339", "train_number": "D1345", "seat_number": "1086338085", "start_station": "shanghai", "dest_station": "suzhou", "price": 50.0}
{"voucher_id": 11, "order_id": "92212607-18bc-4c35-bdfb-db851718d7bf", "travelDate": "1670716800000", "contactName": "925192ae-5ccd-47b0-b904-ad490b8bd8c5", "train_number": "D1345", "seat_number": "897271978", "start_station": "shanghai", "dest_station": "suzhou", "price": 50.0}
{"voucher_id": 12, "order_id": "f6791f6d-7ce9-447c-8cfc-42663477b680", "travelDate": "1670716800000", "contactName": "ab9d6cf2-1ffc-4ec4-860a-4d28f941d2bb", "train_number": "D1345", "seat_number": "22740887", "start_station": "shanghai", "dest_station": "suzhou", "price": 50.0}
{"voucher_id": 13, "order_id": "42432d53-271e-471f-b361-9067a58b35b5", "travelDate": "1670716800000", "contactName": "bdacf54e-9501-4f2a-bf7f-d5de220781b4", "train_number": "D1345", "seat_number": "1864954209", "start_station": "shanghai", "dest_station": "suzhou", "price": 50.0}
{"voucher_id": 14, "order_id": "224c00af-72a1-4c36-bc23-7d0ee7279d89", "travelDate": "1670716800000", "contactName": "6000f819-7569-4518-8270-622fdab3d18f", "train_number": "D1345", "seat_number": "293011978", "start_station": "shanghai", "dest_station": "suzhou", "price": 50.0}
{"voucher_id": 15, "order_id": "17570d7b-850c-45fb-9c52-c0a7c3a0cb9a", "travelDate": "1670716800000", "contactName": "a8daf924-7665-4c85-947c-b28d7216b481", "train_number": "D1345", "seat_number": "545699803", "start_station": "shanghai", "dest_station": "suzhou", "price": 50.0}
{"voucher_id": 16, "order_id": "ddd9a13e-5b2e-4a25-a8cb-f8720509a9cc", "travelDate": "1670716800000", "contactName": "6e0ef07f-8896-4bdf-b4f4-ad26978dced7", "train_number": "D1345", "seat_number": "1997993109", "start_station": "shanghai", "dest_station": "suzhou", "price": 50.0}
{"voucher_id": 17, "order_id": "20e15261-0ba5-4450-909d-835539ee82c5", "travelDate": "1670716800000", "contactName": "ca80baa5-5e91-4cbb-b045-24c688231b7e", "train_number": "D1345", "seat_number": "1512796980", "start_station": "shanghai", "dest_station": "suzhou", "price": 50.0}
{"voucher_id": 18, "order_id": "95e07b9f-946a-4f78-8f7c-9321ef0ba053", "travelDate": "1670716800000", "contactName": "37920389-5e3c-4beb-beb5-c8cc1be8ac93", "train_number": "D1345", "seat_number": "689614043", "start_station": "shanghai", "dest_station": "suzhou", "price": 50.0}
{"voucher_id": 19, "order_id": "df18842b-13cc-4d1e-9468-830440eb6ea9", "travelDate": "1670716800000", "contactName": "5bc61adc-144f-4a7a-8b0d-e0e8b18bca83", "train_number": "D1345", "seat_number": "1544012657", "start_station": "shanghai", "dest_station": "suzhou", "price": 50.0}
{"voucher_id": 20, "order_id": "286f418e-e83f-4903-aea9-8b029308e59a", "travelDate": "1670716800000", "contactName": "abcadd65-c300-4d5e-872a-5ffdde5f9b8b", "train_number": "D1345", "seat_number": "1328461884", "start_station": "shanghai", "dest_station": "suzhou", "price": 50.0}
{"voucher_id": 21, "order_id": "01bba039-8781-47fb-bd8c-9fa6443e5f1c", "travelDate": "1670716800000", "contactName": "7b31de32-5c5b-491e-a58c-a547bb44ac47", "train_number": "D1345", "seat_number": "660336480", "start_station": "shanghai", "dest_station": "suzhou", "price": 50.0}
{"voucher_id": 22, "order_id": "881f23b6-d7e2-4dfb-a927-610926a86b6a", "travelDate": "1670716800000", "contactName": "c96a0ec4-79e4-47d5-8ede-6f8418dac450", "train_number": "D1345", "seat_number": "1282145811", "start_station": "shanghai", "dest_station": "suzhou", "price": 50.0}
{"voucher_id": 23, "order_id": "5ba118c7-967d-4e89-8c09-d2682fc0a915", "travelDate": "1670716800000", "contactName": "f78ee439-a80b-4451-a610-ce369b6cab30", "train_number": "D1345", "seat_number": "142846348", "start_station": "shanghai", "dest_station": "suzhou", "price": 50.0}
{"voucher_id": 24, "order_id": "aa0a4636-a926-49bd-b546-3cd63e57f59a", "travelDate": "1670716800000", "contactName": "05e7c8d1-a17a-42b2-ab1c-11c8338c4bbf", "train_number": "D1345", "seat_number": "2127450624", "start_station": "shanghai", "dest_station": "suzhou", "price": 50.0}
{"voucher_id": 25, "order_id": "d2e7f393-c3cb-46c3-94ae-3de5e3e38fdd", "travelDate": "1670716800000", "contactName": "f17b35c3-54fe-4dd5-80e8-141ce323e309", "train_number": "D1345", "seat_number": "1246132271", "start_station": "shanghai", "dest_station": "suzhou", "price": 50.0}
{"voucher_id": 26, "order_id": "457c6e60-5b1e-49be-a004-e94d4eb86055", "travelDate": "1670716800000", "contactName": "655143a2-b4cc-4217-a72b-28afa114d734", "train_number": "D1345", "seat_number": "477982688", "start_station": "shanghai", "dest_station": "suzhou", "price": 50.0}
{"voucher_id": 27, "order_id": "a9eba96e-a37b-4c62-9623-52e0019d7d1d", "travelDate": "1670716800000", "contactName": "cd8a8218-2c22-4734-8f96-b05135113d51", "train_number": "D1345", "seat_number": "508643475", "start_station": "shanghai", "dest_station": "suzhou", "price": 50.0}
{"voucher_id": 28, "order_id": "68e3bb94-ba2b-4552-86bf-142d7a147bb9", "travelDate": "1670716800000", "contactName": "b44d55cc-2e82-4614-8c39-e1cdfeb424a5", "train_number": "D1345", "seat_number": "290081509", "start_station": "shanghai", "dest_station": "suzhou", "price": 50.0}
{"voucher_id": 29, "order_id": "9ab94efd-e7f3-45e2-90a6-4718c8b3b06b", "travelDate": "1670716800000", "contactName": "085bca7c-0874-414b-a530-dc3d9628dbe7", "train_number": "D1345", "seat_number": "1034078043", "start_station": "shanghai", "dest_station": "suzhou", "price": 50.0}
{"voucher_id": 30, "order_id": "cde12432-01ff-46cd-8ed4-5af84c81e470", "travelDate": "1670716800000", "contactName": "1d2f6bb0-f696-4254-8273-c920c29ae226", "train_number": "D1345", "seat_number": "510132678", "start_station": "shanghai", "dest_station": "suzhou", "price": 50.0}
{"voucher_id": 31, "order_id": "815cc923-8b06-490b-8a6c-1466fd4587a1", "travelDate": "1670716800000", "contactName": "f3c7a9d0-fa4e-4c67-8929-762db04b20b7", "train_number": "D1345", "seat_number": "1730843833", "start_station": "shanghai", "dest_station": "suzhou", "price": 50.0}
{"voucher_id": 32, "order_id": "808daf7a-85df-4e0e-9c54-2ae97102549d", "travelDate": "1670716800000", "contactName": "f05daf61-3316-471c-8391-007f34f2d58a", "train_number": "D1345", "seat_number": "845293282", "start_station": "shanghai", "dest_station": "suzhou", "price": 50.0}
{"voucher_id": 33, "order_id": "a30056fc-e519-43db-b232-4f0ce532f14b", "travelDate": "1670716800000", "contactName": "a0b4c618-7296-4384-ae63-697622f8cf81", "train_number": "D1345", "seat_number": "990068869", "start_station": "shanghai", "dest_station": "suzhou", "price": 50.0}
{"voucher_id": 34, "order_id": "5be90cc2-1e2f-4872-8f45-706feba2fcc4", "travelDate": "1670716800000", "contactName": "b7b23568-4eef-415d-8cc2-42804a70b698", "train_number": "D1345", "seat_number": "1534906923", "start_station": "shanghai", "dest_station": "suzhou", "price": 50.0}
{"voucher_id": 35, "order_id": "c6cdd323-2fb5-4f90-875d-4b1d9dbdc852", "travelDate": "1670716800000", "contactName": "d5e01b87-fd3a-46ea-9679-0138e9b6ef63", "train_number": "D1345", "seat_number": "785027667", "start_station": "shanghai", "dest_station": "suzhou", "price": 50.0}
{"voucher_id": 36, "order_id": "e13c6b17-4240-43f9-b08c-7e9a26b1a236", "travelDate": "1670716800000", "contactName": "794fc5e6-6674-4957-875e-80682ede6d50", "train_number": "D1345", "seat_number": "2062900919", "start_station": "shanghai", "dest_station": "suzhou", "price": 50.0}
{"voucher_id": 37, "order_id": "9c05c2b6-25dc-41ba-9f52-9c6b60366ffd", "travelDate": "1670716800000", "contactName": "316e80bc-7210-472d-813b-90063a9751e0", "train_number": "D1345", "seat_number": "617281881", "start_station": "shanghai", "dest_station": "suzhou", "price": 50.0}
{"voucher_id": 38, "order_id": "ca4dcc19-10f5-42f5-b246-43d0d905c27a", "travelDate": "1670716800000", "contactName": "b4419ba2-d615-459b-939d-6e1d8dfb1cfc", "train_number": "D1345", "seat_number": "2045600583", "start_station": "shanghai", "dest_station": "suzhou", "price": 50.0}
{"voucher_id": 39, "order_id": "3e6a8eac-c7f0-4d54-aa6b-3eaa5089776b", "travelDate": "1670716800000", "contactName": "7a4b58bb-c253-4a34-9f48-69cd92b18b39", "train_number": "D1345", "seat_number": "1592090962", "start_station": "shanghai", "dest_station": "suzhou", "price": 50.0}
{"voucher_id": 40, "order_id": "e03f808f-b0f0-4b2d-ba2e-01daaf965ced", "travelDate": "1670716800000", "contactName": "76094645-b9e4-4451-8ee4-b502e58be45b", "train_number": "D1345", "seat_number": "626872992", "start_station": "shanghai", "dest_station": "suzhou", "price": 50.0}
{"voucher_id": 41, "order_id": "715fd28a-058b-418c-b64d-a5d4940c1755", "travelDate": "1670716800000", "contactName": "e6c7151a-fd69-47c7-88e3-d379d88285e4", "train_number": "D1345", "seat_number": "354508852", "start_station": "shanghai", "dest_station": "suzhou", "price": 50.0}
{"voucher_id": 42, "order_id": "d030fb9f-b979-48a8-8e56-38917d362cf2", "travelDate": "1670716800000", "contactName": "d9100cb7-69d4-4da4-82da-ac5f049bd88d", "train_number": "D1345", "seat_number": "900240929", "start_station": "shanghai", "dest_station": "suzhou", "price": 50.0}
{"voucher_id": 43, "order_id": "f09c371c-2a4c-4f66-85a3-73bf85d433e1", "travelDate": "1670716800000", "contactName": "7034fbf1-0bff-4ca0-a2a5-98f3b59a7523", "train_number": "D1345", "seat_number": "252207974", "start_station": "shanghai", "dest_station": "suzhou", "price": 50.0}
{"voucher_id": 44, "order_id": "f681c251-1f55-41f2-acc9-16703568281e", "travelDate": "1670716800000", "contactName": "fde8662e-f65b-4fee-9d08-bd202715d5a3", "train_number": "D1345", "seat_number": "1436472786", "start_station": "shanghai", "dest_station": "suzhou", "price": 50.0}
{"voucher_id": 45, "order_id": "22bfe8a8-6312-4d94-b216-c05cd7b0a247", "travelDate": "1670716800000", "contactName": "665df038-6346-4ed3-bcec-8efcce901b06", "train_number": "D1345", "seat_number": "1507865655", "start_station": "shanghai", "dest_station": "suzhou", "price": 50.0}
{"voucher_id": 46, "order_id": "57ca2c2e-9663-43ff-a78a-9cc2d49c083c", "travelDate": "1670716800000", "contactName": "113c944c-6b44-45b7-963d-2e3171ee2d67", "train_number": "D1345", "seat_number": "193506808", "start_station": "shanghai", "dest_station": "suzhou", "price": 50.0}
{"voucher_id": 47, "order_id": "f413b92d-c268-420e-8b55-b30cac9fe82f", "travelDate": "1670716800000", "contactName": "0188d91b-2543-41d0-b365-b58093b88bac", "train_number": "D1345", "seat_number": "837075475", "start_station": "shanghai", "dest_station": "suzhou", "price": 50.0}
{"voucher_id": 48, "order_id": "7b310102-0cd0-4c4f-bf3c-c8d838391406", "travelDate": "1670716800000", "contactName": "f7106717-6d74-4ac5-ae88-373e272535d3", "train_number": "D1345", "seat_number": "275937742", "start_station": "shanghai", "dest_station": "suzhou", "price": 50.0}
{"voucher_id": 49, "order_id": "293bbd27-8c2f-4b17-8d91-a6e5867aedc4", "travelDate": "1670716800000", "contactName": "4bb07308-5bb1-44a5-9e13-e35b86550e48", "train_number": "D1345", "seat_number": "252122233", "start_station": "shanghai", "dest_station": "suzhou", "price": 50.0}
{"voucher_id": 50, "order_id": "ed0834c1-c978-41f1-8b40-57b61abfd04a", "travelDate": "1670716800000", "contactName": "2886f7da-2f28-4696-8466-7aeefb673083", "train_number": "D1345", "seat_number": "659403609", "start_station": "shanghai", "dest_station": "suzhou", "price": 50.0}
{"voucher_id": 51, "order_id": "05d09289-6235-422d-9801-94bcd038cf60", "travelDate": "1670716800000", "contactName": "4ef31f06-7bff-410c-94e4-c30866c7e6bb", "train_number": "D1345", "seat_number": "805479444", "start_station": "shanghai", "dest_station": "suzhou", "price": 50.0}
{"voucher_id": 52, "order_id": "b6015d35-04cb-4c20-b8b8-b42b41c4971a", "travelDate": "1670716800000", "contactName": "7323fb03-b3a4-40d8-8299-926b0131bd53", "train_number": "D1345", "seat_number": "1414273665", "start_station": "shanghai", "dest_station": "suzhou", "price": 50.0}
{"voucher_id": 53, "order_id": "75ff3e83-f74e-4618-aaf9-10f6daa3cdee", "travelDate": "1670716800000", "contactName": "a3473386-76bd-4e26-bdda-d9c418406748", "train_number": "D1345", "seat_number": "1245067867", "start_station": "shanghai", "dest_station": "suzhou", "price": 50.0}
{"voucher_id": 54, "order_id": "9cb083bf-b248-4b5c-85ca-757761a2969c", "travelDate": "1670716800000", "contactName": "d4a1a48c-d5b9-43c6-9537-41fa83f2edb2", "train_number": "D1345", "seat_number": "345678640", "start_station": "shanghai", "dest_station": "suzhou", "price": 50.0}
{"voucher_id": 55, "order_id": "dbb23bc1-1250-4d63-8ab8-89f4ad680749", "travelDate": "1670716800000", "contactName": "cf61d928-9f11-4eec-af81-f1c2ed78aee4", "train_number": "D1345", "seat_number": "73538650", "start_station": "shanghai", "dest_station": "suzhou", "price": 50.0}
{"voucher_id": 56, "order_id": "4924bf8a-d4e3-4bb9-a9a6-fa09ce735009", "travelDate": "1670716800000", "contactName": "bd966ea2-542f-4999-b5fe-a2167a8f905d", "train_number": "D1345", "seat_number": "1024705896", "start_station": "shanghai", "dest_station": "suzhou", "price": 50.0}
{"voucher_id": 57, "order_id": "362f25db-62fe-44a3-bce1-7458d8ba6fab", "travelDate": "1670716800000", "contactName": "701c908a-21ce-46d4-8ace-6e7125bf2dd7", "train_number": "D1345", "seat_number": "1657745840", "start_station": "shanghai", "dest_station": "suzhou", "price": 50.0}
{"voucher_id": 58, "order_id": "d056fa58-48f4-4998-a2ad-71576da5c859", "travelDate": "1670716800000", "contactName": "4f8c5a07-562d-4ce6-8810-de35228d144b", "train_number": "D1345", "seat_number": "269115854", "start_station": "shanghai", "dest_station": "suzhou", "price": 50.0}
{"voucher_id": 59, "order_id": "8cea2ff0-70b0-407d-b84c-fe370a7fa989", "travelDate": "1670716800000", "contactName": "c136ef1e-5cd9-4177-8df5-8fcdd963a3a3", "train_number": "D1345", "seat_number": "2133606307", "start_station": "shanghai", "dest_station": "suzhou", "price": 50.0}
{"voucher_id": 60, "order_id": "e62166d7-321d-4381-9ada-798450750ff3", "travelDate": "1670716800000", "contactName": "537d4f82-293a-4c34-a22f-a5c02dbc7d4c", "train_number": "D1345", "seat_number": "196422896", "start_station": "shanghai", "dest_station": "suzhou", "price": 50.0}
{"voucher_id": 61, "order_id": "4ec1320c-8fc8-49c4-b600-8ae1309ce159", "travelDate": "1670716800000", "contactName": "25315b9a-1096-4469-a534-c2cb47e8d2c1", "train_number": "D1345", "seat_number": "1543919931", "start_station": "shanghai", "dest_station": "suzhou", "price": 50.0}
{"voucher_id": 62, "order_id": "d89f830d-a859-4c98-b979-d2e7021f8590", "travelDate": "1670716800000", "contactName": "08769dec-5c98-4deb-b81e-017db3c525b4", "train_number": "D1345", "seat_number": "337523210", "start_station": "shanghai", "dest_station": "suzhou", "price": 50.0}
{"voucher_id": 63, "order_id": "2e639f69-b085-45ab-b84b-7b460f87f1f8", "travelDate": "1670716800000", "contactName": "985635a0-b993-40b1-b350-c5668a2869a0", "train_number": "D1345", "seat_number": "1242661365", "start_station": "shanghai", "dest_station": "suzhou", "price": 50.0}
{"voucher_id": 64, "order_id": "6dc5309b-7e2b-463c-a401-e7e6041cbb88", "travelDate": "1670716800000", "contactName": "afc29e00-b915-4495-9f53-fddba0e473b7", "train_number": "D1345", "seat_number": "1188616510", "start_station": "shanghai", "dest_station": "suzhou", "price": 50.0}
{"voucher_id": 65, "order_id": "5616e850-3652-4e02-8414-42e8a3cf4940", "travelDate": "1670716800000", "contactName": "1c1987bc-c382-4ae5-a00d-6a10bd7d3324", "train_number": "D1345", "seat_number": "1595015809", "start_station": "shanghai", "dest_station": "suzhou", "price": 50.0}
{"voucher_id": 66, "order_id": "f960017c-1789-41e3-933e-469f4275c7fa", "travelDate": "1670716800000", "contactName": "d84afb66-65a9-481f-b77e-2ed327908924", "train_number": "D1345", "seat_number": "1727643387", "start_station": "shanghai", "dest_station": "suzhou", "price": 50.0}
{"voucher_id": 67, "order_id": "2e49e089-62d3-4cc4-a124-5cd9ee17b4cc", "travelDate": "1670716800000", "contactName": "830ba6a9-df23-4560-bb8c-489fb4349ff4", "train_number": "D1345", "seat_number": "1682755444", "start_station": "shanghai", "dest_station": "suzhou", "price": 50.0}
{"voucher_id": 68, "order_id": "ca6ae50e-8fc1-49ed-8890-6b2b991b22d6", "travelDate": "1670716800000", "contactName": "8ad22005-e894-4443-86da-fb5ef45ed3dd", "train_number": "D1345", "seat_number": "614596645", "start_station": "shanghai", "dest_station": "suzhou", "price": 50.0}
{"voucher_id": 69, "order_id": "10c9d455-dd55-4b6c-98eb-3d872e0dab4c", "travelDate": "1670716800000", "contactName": "63863811-8414-4202-87d8-67dd89f9411d", "train_number": "D1345", "seat_number": "764635860", "start_station": "shanghai", "dest_station": "suzhou", "price": 50.0}
{"voucher_id": 70, "order_id": "a4df922e-3d59-4438-b289-1f83741dbb28", "travelDate": "1670716800000", "contactName": "2f21c2e0-1f0c-44e9-aa93-dd21edb9b756", "train_number": "D1345", "seat_number": "1240495122", "start_station": "shanghai", "dest_station": "suzhou", "price": 50.0}
{"voucher_id": 71, "order_id": "460fd8f6-0273-4195-b974-4e3e88a858fa", "travelDate": "1670716800000", "contactName": "5abbf9bb-0ff9-424e-8924-8cbc8f65205e", "train_number": "D1345", "seat_number": "1030287825", "start_station": "shanghai", "dest_station": "suzhou", "price": 50.0}
{"voucher_id": 72, "order_id": "aa76bf90-93a3-4efd-9330-417cdc9d97ca", "travelDate": "1670716800000", "contactName": "106ffd33-8ea9-4e39-a212-1047e7e74151", "train_number": "D1345", "seat_number": "1947545001", "start_station": "shanghai", "dest_station": "suzhou", "price": 50.0}
{"voucher_id": 73, "order_id": "feabd6c5-b370-49d5-b390-23439b15ec66", "travelDate": "1670716800000", "contactName": "9739693c-65d1-42ce-9e3a-7244fe6f850d", "train_number": "D1345", "seat_number": "2132048483", "start_station": "shanghai", "dest_station": "suzhou", "price": 50.0}
{"voucher_id": 74, "order_id": "c1e8ccbc-b561-41ca-a4d2-435634f13c26", "travelDate": "1670716800000", "contactName": "4c010cc7-344e-4b17-bdfe-82ad033a266b", "train_number": "D1345", "seat_number": "1513232589", "start_station": "shanghai", "dest_station": "suzhou", "price": 50.0}
{"voucher_id": 75, "order_id": "9180cb40-1e1c-47b1-92b5-11b88e1b787e", "travelDate": "1670716800000", "contactName": "847d0610-85d9-47f0-9d5f-96b8fd7b9d45", "train_number": "D1345", "seat_number": "88640259", "start_station": "shanghai", "dest_station": "suzhou", "price": 50.0}
{"voucher_id": 76, "order_id": "64e70f78-0398-45c6-91ef-2d52c77be474", "travelDate": "1670716800000", "contactName": "34a38fce-2f0d-4a03-b09b-50192d9b57eb", "train_number": "D1345", "seat_number": "1277521420", "start_station": "shanghai", "dest_station": "suzhou", "price": 50.0}
{"voucher_id": 77, "order_id": "a7eec494-3623-4385-babe-7ec3607dd47f", "travelDate": "1670716800000", "contactName": "a3e96884-ff68-4730-8c43-c53b41969f87", "train_number": "D1345", "seat_number": "1370622084", "start_station": "shanghai", "dest_station": "suzhou", "price": 50.0}
{"voucher_id": 78, "order_id": "86b668a5-e88a-4069-8906-3c728f31c7de", "travelDate": "1670716800000", "contactName": "b580169e-e5cc-41a5-805e-6bf43d95bace", "train_number": "D1345", "seat_number": "170864568", "start_station": "shanghai", "dest_station": "suzhou", "price": 50.0}
{"voucher_id": 79, "order_id": "7a1c40f1-9dee-4af6-959e-e97fde55901e", "travelDate": "1670716800000", "contactName": "47643018-c0d8-4d03-ab4e-f7f1cf59ff6f", "train_number": "D1345", "seat_number": "1843260422", "start_station": "shanghai", "dest_station": "suzhou", "price": 50.0}
{"voucher_id": 80, "order_id": "4df5cf5b-a9b8-4cdc-8ed3-6f9112b98e68", "travelDate": "1670716800000", "contactName": "8ff83d73-94ab-4eb3-b402-0971ea3c9596", "train_number": "D1345", "seat_number": "856659310", "start_station": "shanghai", "dest_station": "suzhou", "price": 50.0}
{"voucher_id": 81, "order_id": "656588c8-d9c0-4aca-b3eb-b85cd17ed3aa", "travelDate": "1670716800000", "contactName": "a518e9fa-abde-442c-9d59-38f33490c313", "train_number": "D1345", "seat_number": "918643484", "start_station": "shanghai", "dest_station": "suzhou", "price": 50.0}
{"voucher_id": 82, "order_id": "4c9234e6-ab6d-4193-80dd-735080a3c099", "travelDate": "1670716800000", "contactName": "d2ebbce0-881f-4ff3-a2fb-694e2a5d8b55", "train_number": "D1345", "seat_number": "1861971382", "start_station": "shanghai", "dest_station": "suzhou", "price": 50.0}
{"voucher_id": 83, "order_id": "e9189654-1df8-4367-9aae-27b3d3002bbf", "travelDate": "1670716800000", "contactName": "5a67b8a1-90ac-48bd-bdc7-9f83f989e8b0", "train_number": "D1345", "seat_number": "1663882551", "start_station": "shanghai", "dest_station": "suzhou", "price": 50.0}
{"voucher_id": 84, "order_id": "4d3efa11-bc46-42b5-b5db-5bb06e452c9b", "travelDate": "1670716800000", "contactName": "30167e14-c6c3-451a-a115-5cdbb84a0e89", "train_number": "D1345", "seat_number": "110889672", "start_station": "shanghai", "dest_station": "suzhou", "price": 50.0}
{"voucher_id": 85, "order_id": "de47596d-fc35-41e4-9323-4048f3e8da05", "travelDate": "1670716800000", "contactName": "e7ea33e2-940e-4430-bd65-abcc045dad93", "train_number": "D1345", "seat_number": "1234039384", "start_station": "shanghai", "dest_station": "suzhou", "price": 50.0}
{"voucher_id": 86, "order_id": "8cecbd09-d83c-4153-b09a-6c5bb4872399", "travelDate": "1670716800000", "contactName": "386094fb-4de8-4615-b46e-5e5cfa34eeff", "train_number": "D1345", "seat_number": "540211880", "start_station": "shanghai", "dest_station": "suzhou", "price": 50.0}
{"voucher_id": 87, "order_id": "f1d1db47-aae4-43c7-9d79-ffe59073e9fe", "travelDate": "1670716800000", "contactName": "a2cda09a-6d43-4746-a068-167af911b6b1", "train_number": "D1345", "seat_number": "2111216217", "start_station": "shanghai", "dest_station": "suzhou", "price": 50.0}
{"voucher_id": 88, "order_id": "e3abbae6-f5f2-4516-8bae-8db6ab768410", "travelDate": "1670716800000", "contactName": "e3b30ba0-15a5-49a8-ae51-57e591e57f6d", "train_number": "D1345", "seat_number": "718509688", "start_station": "shanghai", "dest_station": "suzhou", "price": 50.0}
{"voucher_id": 89, "order_id": "67614960-734c-4b31-aede-6892726737d0", "travelDate": "1670716800000", "contactName": "9f2789e6-94dd-4d12-a151-3a9d820cb02f", "train_number": "D1345", "seat_number": "2051478340", "start_station": "shanghai", "dest_station": "suzhou", "price": 50.0}
{"voucher_id": 90, "order_id": "3532f66e-30a3-482e-bc97-9f58e8889345", "travelDate": "1670716800000", "contactName": "4f8bcac5-72e4-46b6-b517-4df4501a8aec", "train_number": "D1345", "seat_number": "1947481789", "start_station": "shanghai", "dest_station": "suzhou", "price": 50.0}
{"voucher_id": 91, "order_id": "a2f4c1fc-6fa1-4130-b527-09e392c1e680", "travelDate": "1670716800000", "contactName": "61e7e8ad-8859-4320-9e6d-881162e6fbbb", "train_number": "D1345", "seat_number": "1011482120", "start_station": "shanghai", "dest_station": "suzhou", "price": 50.0}
{"voucher_id": 92, "order_id": "f8bbba99-d176-415f-947c-b8e3c9d094ae", "travelDate": "1670716800000", "contactName": "2ad81c11-7e02-4bc5-9ed2-1bdaea44d5d4", "train_number": "D1345", "seat_number": "1428610960", "start_station": "shanghai", "dest_station": "suzhou", "price": 50.0}
{"voucher_id": 93, "order_id": "b9eb55ab-9d1a-46c9-8eb2-4d44d0acc0cc", "travelDate": "1670716800000", "contactName": "72ecbcdb-3bf6-4372-8710-b57e71b076c5", "train_number": "D1345", "seat_number": "787904421", "start_station": "shanghai", "dest_station": "suzhou", "price": 50.0}
{"voucher_id": 94, "order_id": "42a321f6-cadc-4124-bc2b-220fb6dacbce", "travelDate": "1670716800000", "contactName": "8d09ff74-1b07-4306-990e-de5732ade2c1", "train_number": "D1345", "seat_number": "8835347", "start_station": "shanghai", "dest_station": "suzhou", "price": 50.0}
{"voucher_id": 95, "order_id": "cff50bea-d722-4b31-9ed5-cb11ec198b3a", "travelDate": "1670716800000", "contactName": "30471412-9609-4394-9121-423545338381", "train_number": "D1345", "seat_number": "1246083687", "start_station": "shanghai", "dest_station": "suzhou", "price": 50.0}
{"voucher_id": 96, "order_id": "cda72f04-131d-4dd8-b2a6-759bbd28b3e2", "travelDate": "1670716800000", "contactName": "93b102e0-218c-474f-bde2-f5e399a81165", "train_number": "D1345", "seat_number": "1047120986", "start_station": "shanghai", "dest_station": "suzhou", "price": 50.0}
{"voucher_id": 97, "order_id": "dc4806a9-d140-4a95-a4e6-860fcfb2bbb6", "travelDate": "1670716800000", "contactName": "b8b28aad-75b1-4aa9-82aa-de5877373eee", "train_number": "D1345", "seat_number": "372511145", "start_station": "shanghai", "dest_station": "suzhou", "price": 50.0}
{"voucher_id": 98, "order_id": "8c2a6385-05b5-4c60-bfb2-6561d9def4d1", "travelDate": "1670716800000", "contactName": "f5f1aecc-feda-4239-9de4-28927b54cf5a", "train_number": "D1345", "seat_number": "2132147564", "start_station": "shanghai", "dest_station": "suzhou", "price": 50.0}
{"voucher_id": 99, "order_id": "ccdffc62-2e80-4eaf-99af-591d0356c1e3", "travelDate": "1670716800000", "contactName": "1a1346c7-8548-429a-a8ff-33653a30ef99", "train_number": "D1345", "seat_number": "717827645", "start_station": "shanghai", "dest_station": "suzhou", "price": 50.0}
{"voucher_id": 100, "order_id": "9fa3bfb1-0e2e-4724-b5b0-94835bd666b7", "travelDate": "1670716800000", "contactName": "21b71163-9157-4ed6-ac6f-b2f4923d69aa", "train_number": "D1345", "seat_number": "1259400139", "start_station": "shanghai", "dest_station": "suzhou", "price": 50.0}
{"voucher_id": 101, "order_id": "3c43a35d-e100-4ce5-a106-1735f2043570", "travelDate": "1670716800000", "contactName": "de3675f1-5d69-4565-b4e9-e52f1292197f", "train_number": "D1345", "seat_number": "1561427875", "start_station": "shanghai", "dest_station": "suzhou", "price": 50.0}
{"voucher_id": 102, "order_id": "500da246-c6ee-4e8e-8fa9-63bdbd6592e6", "travelDate": "1670716800000", "contactName": "dbb716cd-0a06-4629-8f26-a22ac652acfe", "train_number": "D1345", "seat_number": "231009923", "start_station": "shanghai", "dest_station": "suzhou", "price": 50.0}
{"voucher_id": 103, "order_id": "f56db97b-b8d1-4628-a532-fa4f38d31381", "travelDate": "1670716800000", "contactName": "6671afb4-a9bc-4321-9739-a4d12d01d1b1", "train_number": "D1345", "seat_number": "941099982", "start_station": "shanghai", "dest_station": "suzhou", "price": 50.0}
{"voucher_id": 104, "order_id": "67792b4c-644e-4a09-b302-9669c63b58b7", "travelDate": "1670716800000", "contactName": "95a627cb-4db5-42d8-b6f7-c23a263449ad", "train_number": "D1345", "seat_number": "1239887055", "start_station": "shanghai", "dest_station": "suzhou", "price": 50.0}
{"voucher_id": 105, "order_id": "7e3a6963-c345-4fc7-b773-c60573b8d602", "travelDate": "1670716800000", "contactName": "b6017413-f51b-4ab2-85c5-f466122063cf", "train_number": "D1345", "seat_number": "550784812", "start_station": "shanghai", "dest_station": "suzhou", "price": 50.0}
{"voucher_id": 106, "order_id": "110e860b-4950-4632-ad19-b63ae45891e5", "travelDate": "1670716800000", "contactName": "37a827ba-9a98-420a-8011-0b160d6e3f00", "train_number": "D1345", "seat_number": "764130672", "start_station": "shanghai", "dest_station": "suzhou", "price": 50.0}
{"voucher_id": 107, "order_id": "63a003d1-df10-485a-aea3-a97a8ac941b4", "travelDate": "1670716800000", "contactName": "f7a38fa2-e4a9-457a-acd1-7c3de0db33e4", "train_number": "D1345", "seat_number": "48326051", "start_station": "shanghai", "dest_station": "suzhou", "price": 50.0}
{"voucher_id": 108, "order_id": "45412ccf-4506-4a4a-8d7d-fa4123fd7f02", "travelDate": "1670716800000", "contactName": "5fd0bc4e-b8b4-4b87-aa51-65d8fbc9b296", "train_number": "D1345", "seat_number": "1093138020", "start_station": "shanghai", "dest_station": "suzhou", "price": 50.0}
{"voucher_id": 109, "order_id": "22dd50d9-bcba-4863-8a6f-c1b56c8fcaef", "travelDate": "1670716800000", "contactName": "6e870132-4dd3-4567-bf57-e3cdd0847f3f", "train_number": "D1345", "seat_number": "1813868670", "start_station": "shanghai", "dest_station": "suzhou", "price": 50.0}
{"voucher_id": 110, "order_id": "0d8d4e32-c2e3-4352-bdcd-8e2b1b31bcd9", "travelDate": "1670716800000", "contactName": "1bd36649-eed2-48de-8874-2c88cfa6eaee", "train_number": "D1345", "seat_number": "2093225933", "start_station": "shanghai", "dest_station": "suzhou", "price": 50.0}
{"voucher_id": 111, "order_id": "0c434845-93ab-4096-bd9d-8a5a7cd44173", "travelDate": "1670716800000", "contactName": "a65f8126-f0d1-4bd5-819e-1bf5697cc577", "train_number": "D1345", "seat_number": "1972783227", "start_station": "shanghai", "dest_station": "suzhou", "price": 50.0}
{"voucher_id": 112, "order_id": "59c58bad-575d-4f13-836a-0f849c9b9392", "travelDate": "1670716800000", "contactName": "5c796eaf-929b-4cae-b023-f8b2e2d807c1", "train_number": "D1345", "seat_number": "344771993", "start_station": "shanghai", "dest_station": "suzhou", "price": 50.0}
{"voucher_id": 113, "order_id": "8d9af5b5-d4ef-4b03-b79f-ab9957328ad3", "travelDate": "1670716800000", "contactName": "affb64ce-af9d-47d3-a472-dacc29572029", "train_number": "D1345", "seat_number": "2090092336", "start_station": "shanghai", "dest_station": "suzhou", "price": 50.0}
{"voucher_id": 114, "order_id": "3ad61f33-363d-4041-b575-0078dfe99a3e", "travelDate": "1670716800000", "contactName": "41d1eb4f-c33e-4c50-98f1-76c71c1fe34b", "train_number": "D1345", "seat_number": "100534214", "start_station": "shanghai", "dest_station": "suzhou", "price": 50.0}
{"voucher_id": 115, "order_id": "def6a5b1-6fbd-4541-8b9a-0c13c0136ad1", "travelDate": "1670716800000", "contactName": "0b4aeedb-2d2a-40cf-8568-92c5fea87119", "train_number": "D1345", "seat_number": "1044840722", "start_station": "shanghai", "dest_station": "suzhou", "price": 50.0}
{"voucher_id": 116, "order_id": "f17d9282-51fc-4c01-b129-9616f60e5bda", "travelDate": "1670716800000", "contactName": "190d467f-4acc-4ee9-a3ac-25fcc26cec97", "train_number": "D1345", "seat_number": "1044206463", "start_station": "shanghai", "dest_station": "suzhou", "price": 50.0}
{"voucher_id": 117, "order_id": "1e4675e2-07d7-49fd-8f11-368f33e56885", "travelDate": "1670716800000", "contactName": "f0c41373-9d8b-4425-8b06-929d71c572f4", "train_number": "D1345", "seat_number": "972684028", "start_station": "shanghai", "dest_station": "suzhou", "price": 50.0}
{"voucher_id": 118, "order_id": "5fc5f757-da19-4603-97c2-4bc0748bf038", "travelDate": "1670716800000", "contactName": "8b530943-031b-4bab-bca4-8735a420b56e", "train_number": "D1345", "seat_number": "688573368", "start_station": "shanghai", "dest_station": "suzhou", "price": 50.0}
{"voucher_id": 119, "order_id": "7d32734b-bc09-4a80-8adc-8d1d8171cc66", "travelDate": "1670716800000", "contactName": "61c371da-8850-41f4-aa71-d6f16b17e85d", "train_number": "D1345", "seat_number": "1795465057", "start_station": "shanghai", "dest_station": "suzhou", "price": 50.0}
{"voucher_id": 120, "order_id": "a96bbede-3e08-48cf-9134-3da8865e1dd6", "travelDate": "1670716800000", "contactName": "505c9dad-12ef-424a-a428-33bd98d50d50", "train_number": "D1345", "seat_number": "585026536", "start_station": "shanghai", "dest_station": "suzhou", "price": 50.0}
{"voucher_id": 121, "order_id": "4a1324a1-4b5b-4b29-9932-d0b7c1825773", "travelDate": "1670716800000", "contactName": "9301fe44-0b3e-49cb-af7a-0054742c7475", "train_number": "D1345", "seat_number": "718349076", "start_station": "shanghai", "dest_station": "suzhou", "price": 50.0}
{"voucher_id": 122, "order_id": "2bac9adc-eff1-47da-ae13-9276d51b851a", "travelDate": "1670716800000", "contactName": "46a20cc2-cf2d-45ab-88b1-0c89b48f515a", "train_number": "D1345", "seat_number": "942277216", "start_station": "shanghai", "dest_station": "suzhou", "price": 50.0}
{"voucher_id": 123, "order_id": "1f92568a-aa38-44e1-ab91-5bef0f573e9a", "travelDate": "1670716800000", "contactName": "575a0e43-0063-42b9-884b-e2727d177720", "train_number": "D1345", "seat_number": "2128711147", "start_station": "shanghai", "dest_station": "suzhou", "price": 50.0}
{"voucher_id": 124, "order_id": "670307e6-a6de-400d-9752-b76704a09738", "travelDate": "1670716800000", "contactName": "e985e065-12c5-43af-8a4f-bfc7c1ec46ee", "train_number": "D1345", "seat_number": "727613033", "start_station": "shanghai", "dest_station": "suzhou", "price": 50.0}
{"voucher_id": 125, "order_id": "afe602c2-2972-4b15-8c08-4770a39173fb", "travelDate": "1670716800000", "contactName": "ae443322-9a5e-4324-9722-8ef8a79fde1e", "train_number": "D1345", "seat_number": "303956314", "start_station": "shanghai", "dest_station": "suzhou", "price": 50.0}
{"voucher_id": 126, "order_id": "36aaf8b6-34e0-40d6-8152-6e93c83348f8", "travelDate": "1670716800000", "contactName": "9159f3d9-6f64-42c2-8860-f303e44e09e6", "train_number": "D1345", "seat_number": "1347753132", "start_station": "shanghai", "dest_station": "suzhou", "price": 50.0}
{"voucher_id": 127, "order_id": "ad7b599d-059a-4e0c-87fe-6c87e4fc388b", "travelDate": "1670716800000", "contactName": "3797f528-009c-4d0a-b1fa-07dec01a4636", "train_number": "D1345", "seat_number": "1766057676", "start_station": "shanghai", "dest_station": "suzhou", "price": 50.0}
{"voucher_id": 128, "order_id": "facbaa48-e109-4a65-b878-102e531b32ad", "travelDate": "1670716800000", "contactName": "501b9caf-8e20-4f3d-bd71-a13bfff88b91", "train_number": "D1345", "seat_number": "232435713", "start_station": "shanghai", "dest_station": "suzhou", "price": 50.0}
{"voucher_id": 129, "order_id": "c95bd4e7-f3e4-4481-8554-760e63d9e0f1", "travelDate": "1670716800000", "contactName": "fc9fea39-e897-45a9-a014-937cd1df98ae", "train_number": "D1345", "seat_number": "10425085", "start_station": "shanghai", "dest_station": "suzhou", "price": 50.0}
{"voucher_id": 130, "order_id": "4e5eb456-b7de-4f56-80bd-24b673bde8bb", "travelDate": "1670716800000", "contactName": "0368b9f8-a048-49a5-89d5-83dc109ede28", "train_number": "D1345", "seat_number": "1212053785", "start_station": "shanghai", "dest_station": "suzhou", "price": 50.0}
{"voucher_id": 131, "order_id": "aca1eddf-cf61-4e7c-80f8-3213a95a03bd", "travelDate": "1670716800000", "contactName": "9d0e003f-542b-4d5a-bcd3-5059737ea07f", "train_number": "D1345", "seat_number": "728567468", "start_station": "shanghai", "dest_station": "suzhou", "price": 50.0}
{"voucher_id": 132, "order_id": "b61e8e1e-0007-47d3-86b6-c19a16544430", "travelDate": "1670716800000", "contactName": "dd50bbbb-a518-4372-81b4-ce046e3cb653", "train_number": "D1345", "seat_number": "1651685647", "start_station": "shanghai", "dest_station": "suzhou", "price": 50.0}
{"voucher_id": 133, "order_id": "be20e459-4206-49f6-b5eb-7f0f9934cfa1", "travelDate": "1670716800000", "contactName": "a30abd6e-9419-406b-abc7-32b492a39917", "train_number": "D1345", "seat_number": "1467638208", "start_station": "shanghai", "dest_station": "suzhou", "price": 50.0}
{"voucher_id": 134, "order_id": "ab7e06d7-981e-479c-b2ec-d06b15bec03b", "travelDate": "1670716800000", "contactName": "c79a4e37-f022-4801-a62d-80e6fe14762d", "train_number": "D1345", "seat_number": "898257691", "start_station": "shanghai", "dest_station": "suzhou", "price": 50.0}
{"voucher_id": 135, "order_id": "15bf832a-ed71-41e7-b995-e4e1b9fcb6e9", "travelDate": "1670716800000", "contactName": "d844462f-f81d-4834-91f9-e6106ec414cd", "train_number": "D1345", "seat_number": "95209227", "start_station": "shanghai", "dest_station": "suzhou", "price": 50.0}
{"voucher_id": 136, "order_id": "af41e80a-6f61-4647-b477-48cd76ba2bba", "travelDate": "1670716800000", "contactName": "cea632a3-0d75-49fd-8eca-948ebe7b092e", "train_number": "D1345", "seat_number": "1059076202", "start_station": "shanghai", "dest_station": "suzhou", "price": 50.0}
{"voucher_id": 137, "order_id": "7cb27a17-2fdf-42e1-94ea-700145695bd5", "travelDate": "1670716800000", "contactName": "8dfc1064-a3b6-4c7e-807f-874fb6735f63", "train_number": "D1345", "seat_number": "1429365616", "start_station": "shanghai", "dest_station": "suzhou", "price": 50.0}
{"voucher_id": 138, "order_id": "92aac765-af8d-4040-aa73-2be05908faff", "travelDate": "1670716800000", "contactName": "eff86493-e593-49e7-8c2b-43658872758c", "train_number": "D1345", "seat_number": "455131699", "start_station": "shanghai", "dest_station": "suzhou", "price": 50.0}
{"voucher_id": 139, "order_id": "71969a36-417a-4b03-a6c9-9ef9923e29d1", "travelDate": "1670716800000", "contactName": "b733a9da-fb9d-4358-ab05-82d2e57dcc80", "train_number": "D1345", "seat_number": "620118172", "start_station": "shanghai", "dest_station": "suzhou", "price": 50.0}
{"voucher_id": 140, "order_id": "f841e8c2-7502-44da-8cea-4f9b987daf04", "travelDate": "1670716800000", "contactName": "54d65443-7e0d-4ec8-b5c6-cd510b419945", "train_number": "D1345", "seat_number": "104277417", "start_station": "shanghai", "dest_station": "suzhou", "price": 50.0}
{"voucher_id": 141, "order_id": "c952f684-96aa-438f-a75b-4ebd7719bda1", "travelDate": "1670716800000", "contactName": "643203c7-8d7a-4abd-9fa2-a3ab3694df46", "train_number": "D1345", "seat_number": "551869120", "start_station": "shanghai", "dest_station": "suzhou", "price": 50.0}
{"voucher_id": 142, "order_id": "3b1b2eb0-d8a7-4c31-ac9d-88bec295d19f", "travelDate": "1670716800000", "contactName": "30edbd21-30c8-405c-b3dd-b4ad9a287b3b", "train_number": "D1345", "seat_number": "831639431", "start_station": "shanghai", "dest_station": "suzhou", "price": 50.0}
{"voucher_id": 143, "order_id": "4eaa557e-a102-45b1-95db-2d520c7aa2c9", "travelDate": "1670716800000", "contactName": "f42b72cc-8b04-46f1-9ded-058d7cbb9d9a", "train_number": "D1345", "seat_number": "766019011", "start_station": "shanghai", "dest_station": "suzhou", "price": 50.0}
{"voucher_id": 144, "order_id": "791d0257-0fb6-4bc4-9c25-77a9259c2664", "travelDate": "1670716800000", "contactName": "a6de33aa-12f9-4d90-8c23-15b07777bf5d", "train_number": "D1345", "seat_number": "2000836655", "start_station": "shanghai", "dest_station": "suzhou", "price": 50.0}
{"voucher_id": 145, "order_id": "e9786c3a-e883-48c5-bbd9-ae159b922bda", "travelDate": "1670716800000", "contactName": "cc805a1a-425a-467b-9e90-ac8a83049bbe", "train_number": "D1345", "seat_number": "398611959", "start_station": "shanghai", "dest_station": "suzhou", "price": 50.0}
{"voucher_id": 146, "order_id": "af0e7e11-c396-4b98-858b-e353ec1119e2", "travelDate": "1670716800000", "contactName": "31d7a028-e2b6-47dc-b44c-b07f1f6046a5", "train_number": "D1345", "seat_number": "2096120982", "start_station": "shanghai", "dest_station": "suzhou", "price": 50.0}
{"voucher_id": 147, "order_id": "39ce9ff7-8924-4a87-930c-56eba88f0044", "travelDate": "1670716800000", "contactName": "1d7242ca-db0a-432b-8c08-98c2af453bd4", "train_number": "D1345", "seat_number": "827486527", "start_station": "shanghai", "dest_station": "suzhou", "price": 50.0}
{"voucher_id": 148, "order_id": "5325eaf5-03bc-4236-9ca3-8557ba148d22", "travelDate": "1670716800000", "contactName": "26225879-54de-4bf3-9278-c108eecd4c6f", "train_number": "D1345", "seat_number": "1345889842", "start_station": "shanghai", "dest_station": "suzhou", "price": 50.0}
{"voucher_id": 149, "order_id": "6d47490b-29aa-4cf3-9315-5652529672fc", "travelDate": "1670716800000", "contactName": "27617b24-76ff-4baf-bf7c-5bd39a2b3ac6", "train_number": "D1345", "seat_number": "71983362", "start_station": "shanghai", "dest_station": "suzhou", "price": 50.0}
{"voucher_id": 150, "order_id": "25cd9c8b-a90b-4f33-b043-1a4a95b44b43", "travelDate": "1670716800000", "contactName": "3d238f62-267c-41aa-94a0-43ef86c624ba", "train_number": "D1345", "seat_number": "1355544307", "start_station": "shanghai", "dest_station": "suzhou", "price": 50.0}
{"voucher_id": 151, "order_id": "86d98a1d-3089-4a28-a66b-cd758d897627", "travelDate": "1670716800000", "contactName": "88141ef2-2969-4b04-b74b-c05668dc2af7", "train_number": "D1345", "seat_number": "1835051415", "start_station": "shanghai", "dest_station": "suzhou", "price": 50.0}
{"voucher_id": 152, "order_id": "ea67b405-4f3d-466b-9815-52686eac5b8c", "travelDate": "1670716800000", "contactName": "59d05dca-f9a5-4eb6-97b0-9331517974bd", "train_number": "D1345", "seat_number": "1574205678", "start_station": "shanghai", "dest_station": "suzhou", "price": 50.0}
{"voucher_id": 153, "order_id": "9bfdabb8-ab8a-45a5-9b6e-6b03ec278409", "travelDate": "1670716800000", "contactName": "403d3d55-09ee-411d-a872-d069241821de", "train_number": "D1345", "seat_number": "1896687632", "start_station": "shanghai", "dest_station": "suzhou", "price": 50.0}
{"voucher_id": 154, "order_id": "93d74d35-3bf9-4c4f-b823-f9815d4fe1c5", "travelDate": "1670716800000", "contactName": "05bc5d0f-3ec8-4ca6-9bfb-385076b0651c", "train_number": "D1345", "seat_number": "800445356", "start_station": "shanghai", "dest_station": "suzhou", "price": 50.0}
{"voucher_id": 155, "order_id": "aa29e76b-5a67-4de1-9d74-d57e10f5cf8a", "travelDate": "1670716800000", "contactName": "a7890b9c-e531-45d1-9347-4ed19fecf1a7", "train_number": "D1345", "seat_number": "22513434", "start_station": "shanghai", "dest_station": "suzhou", "price": 50.0}
{"voucher_id": 156, "order_id": "cb674242-64a1-41f5-8191-d6fa8dd234fa", "travelDate": "1670716800000", "contactName": "37efac54-84d4-499c-b707-631ff326c4e1", "train_number": "D1345", "seat_number": "81898329", "start_station": "shanghai", "dest_station": "suzhou", "price": 50.0}
{"voucher_id": 157, "order_id": "a98cb09d-90c4-4256-bdcf-dfa5dbe0df66", "travelDate": "1670716800000", "contactName": "ec6bb5b3-f0bd-4f28-9549-f294fc39530c", "train_number": "D1345", "seat_number": "1274443088", "start_station": "shanghai", "dest_station": "suzhou", "price": 50.0}
{"voucher_id": 158, "order_id": "1f5f10f9-1078-466c-b4ed-d5770004247f", "travelDate": "1670716800000", "contactName": "bee7a9ac-353c-45a1-98e3-ec7e6bf0fb43", "train_number": "D1345", "seat_number": "1589604874", "start_station": "shanghai", "dest_station": "suzhou", "price": 50.0}
{"voucher_id": 159, "order_id": "d62268f2-ce57-48ba-8a94-3ae984524ed5", "travelDate": "1670716800000", "contactName": "b8737ae5-b3fa-48fb-bf73-80e9258970de", "train_number": "D1345", "seat_number": "1810530268", "start_station": "shanghai", "dest_station": "suzhou", "price": 50.0}
{"voucher_id": 160, "order_id": "c654cba1-e23a-4cae-ab60-2d651f7fd86b", "travelDate": "1670716800000", "contactName": "5f8f2fc8-5b27-4621-9420-515d6ab9ae5e", "train_number": "D1345", "seat_number": "1676832059", "start_station": "shanghai", "dest_station": "suzhou", "price": 50.0}
{"voucher_id": 161, "order_id": "145ec402-0df8-4816-93ae-3e89e05a7c30", "travelDate": "1670716800000", "contactName": "2780642d-c2e1-45c7-a8a9-1baed0725741", "train_number": "D1345", "seat_number": "1744557374", "start_station": "shanghai", "dest_station": "suzhou", "price": 50.0}
{"voucher_id": 162, "order_id": "56e1c1f9-2921-451d-be73-040890b8343e", "travelDate": "1670716800000", "contactName": "47e594f3-8eea-42ab-a161-835992cf6d96", "train_number": "D1345", "seat_number": "1815229438", "start_station": "shanghai", "dest_station": "suzhou", "price": 50.0}
{"voucher_id": 163, "order_id": "b5e23e3c-fc72-4560-b345-f2cfd76ae8dd", "travelDate": "1670716800000", "contactName": "7088c8c8-8e28-45c6-a27d-fd014ef4129e", "train_number": "D1345", "seat_number": "1593205743", "start_station": "shanghai", "dest_station": "suzhou", "price": 50.0}
{"voucher_id": 164, "order_id": "0215ac01-d5ab-4121-99cf-dbde2cdeca82", "travelDate": "1670716800000", "contactName": "d4368955-c52d-4c87-91ac-4bf64a16d8b8", "train_number": "D1345", "seat_number": "1167295659", "start_station": "shanghai", "dest_station": "suzhou", "price": 50.0}
{"voucher_id": 165, "order_id": "00d86018-a4e9-42ab-a10a-7c5ea7aea8e9", "travelDate": "1670716800000", "contactName": "ebec4f17-8712-48f1-84d8-a56503956cbf", "train_number": "D1345", "seat_number": "1526615564", "start_station": "shanghai", "dest_station": "suzhou", "price": 50.0}
{"voucher_id": 166, "order_id": "8ddc898e-5299-47ed-b8cf-8b5392211c34", "travelDate": "1670716800000", "contactName": "d7ba3863-af52-47b2-b87b-6e164682759b", "train_number": "D1345", "seat_number": "315438135", "start_station": "shanghai", "dest_station": "suzhou", "price": 50.0}
{"voucher_id": 167, "order_id": "ec45f0de-5ce8-4455-b865-f58c16afb8c5", "travelDate": "1670716800000", "contactName": "7b49d752-3a82-448b-8549-14b0f588901b", "train_number": "D1345", "seat_number": "430946638", "start_station": "shanghai", "dest_station": "suzhou", "price": 50.0}
{"voucher_id": 168, "order_id": "73336ceb-c1cb-4377-9566-3829cce3730d", "travelDate": "1670716800000", "contactName": "d66a80ed-b70f-4bee-a8dc-78eb1398a48a", "train_number": "D1345", "seat_number": "895791879", "start_station": "shanghai", "dest_station": "suzhou", "price": 50.0}
{"voucher_id": 169, "order_id": "9effa8f4-5b88-4e43-b9e3-c29f3e368c93", "travelDate": "1670716800000", "contactName": "f68f2cab-278a-4ba0-8757-0ddb8fb8b0e8", "train_number": "D1345", "seat_number": "931230933", "start_station": "shanghai", "dest_station": "suzhou", "price": 50.0}
{"voucher_id": 170, "order_id": "1a86c0d5-9417-428b-a26d-7939dcadf9e5", "travelDate": "1670716800000", "contactName": "145a987c-d800-4a2c-a498-cd3643a536d0", "train_number": "D1345", "seat_number": "146243420", "start_station": "shanghai", "dest_station": "suzhou", "price": 50.0}
{"voucher_id": 171, "order_id": "536697c5-5108-497c-84cd-7b1a881aeabc", "travelDate": "1670716800000", "contactName": "e8533506-0901-4e9e-a785-ab1c38200623", "train_number": "D1345", "seat_number": "1149825612", "start_station": "shanghai", "dest_station": "suzhou", "price": 50.0}
{"voucher_id": 172, "order_id": "c6f9e618-57f4-4906-95e4-fdb819c36b27", "travelDate": "1670716800000", "contactName": "1ddbd7c5-9025-45f0-a611-4f14a0ac6263", "train_number": "D1345", "seat_number": "139109993", "start_station": "shanghai", "dest_station": "suzhou", "price": 50.0}
{"voucher_id": 173, "order_id": "3ebe0bcd-a432-4c11-80af-f49aecd11c2d", "travelDate": "1670716800000", "contactName": "a80787ad-7778-4383-8562-aaeaaf7959b1", "train_number": "D1345", "seat_number": "1889713825", "start_station": "shanghai", "dest_station": "suzhou", "price": 50.0}
{"voucher_id": 174, "order_id": "b958c078-8b6a-45c2-b9c3-8cbc3a15aa52", "travelDate": "1670716800000", "contactName": "48cac1a6-7608-40dd-8b54-df4e94fa8586", "train_number": "D1345", "seat_number": "1445340356", "start_station": "shanghai", "dest_station": "suzhou", "price": 50.0}
{"voucher_id": 175, "order_id": "7f8d11c1-ac6c-44dc-ad74-411e38c21df9", "travelDate": "1670716800000", "contactName": "78e64d42-8002-4873-a63f-fd4af7077847", "train_number": "D1345", "seat_number": "1253913794", "start_station": "shanghai", "dest_station": "suzhou", "price": 50.0}
{"voucher_id": 176, "order_id": "0e9daea1-57ad-410b-8a26-e951ae96003e", "travelDate": "1670716800000", "contactName": "f0e8779d-10de-485f-8cf9-271b9313857d", "train_number": "D1345", "seat_number": "857798344", "start_station": "shanghai", "dest_station": "suzhou", "price": 50.0}
{"voucher_id": 177, "order_id": "c3c50f74-eee4-4545-8ab4-f80a837e0cea", "travelDate": "1670716800000", "contactName": "3937a0e1-4e60-47f1-be4d-e6a97ac8e43d", "train_number": "D1345", "seat_number": "2033307795", "start_station": "shanghai", "dest_station": "suzhou", "price": 50.0}
{"voucher_id": 178, "order_id": "2084b599-9d28-4ef9-87b1-39f03b013999", "travelDate": "1670716800000", "contactName": "cee7a230-459b-498a-8f3e-64ea1a8f7085", "train_number": "D1345", "seat_number": "1153950655", "start_station": "shanghai", "dest_station": "suzhou", "price": 50.0}
{"voucher_id": 179, "order_id": "2615bead-3382-400a-b7da-8dbe11059073", "travelDate": "1670716800000", "contactName": "16ea8038-2762-4cd8-94cd-80199975e166", "train_number": "D1345", "seat_number": "1549585360", "start_station": "shanghai", "dest_station": "suzhou", "price": 50.0}
{"voucher_id": 180, "order_id": "484f3f12-e2c9-4481-8503-2515203315db", "travelDate": "1670716800000", "contactName": "8c74bf32-95b5-4099-9487-0f1935b4840f", "train_number": "D1345", "seat_number": "765380712", "start_station": "shanghai", "dest_station": "suzhou", "price": 50.0}
{"voucher_id": 181, "order_id": "ba7904b2-2c01-40c6-8d69-b80168afdd52", "travelDate": "1670716800000", "contactName": "1bab4df7-a376-4582-82ec-d2b7c0ca347e", "train_number": "D1345", "seat_number": "214714441", "start_station": "shanghai", "dest_station": "suzhou", "price": 50.0}
{"voucher_id": 182, "order_id": "6de184d6-b366-4e39-a8ef-b771da97b57e", "travelDate": "1670716800000", "contactName": "75bcd2eb-43c0-4864-848d-501514899a19", "train_number": "D1345", "seat_number": "998716173", "start_station": "shanghai", "dest_station": "suzhou", "price": 50.0}
{"voucher_id": 183, "order_id": "49e1faf4-ca49-4d3a-bd5d-fc16c903ab1f", "travelDate": "1670716800000", "contactName": "1ec4b2c4-b014-42d0-bb69-9ea8137e41d6", "train_number": "D1345", "seat_number": "1740423931", "start_station": "shanghai", "dest_station": "suzhou", "price": 50.0}
{"voucher_id": 184, "order_id": "5b207ac2-9b49-4c5c-8976-c98251f400c7", "travelDate": "1670716800000", "contactName": "e23db2d4-efd1-4897-92cd-5d692d4d9184", "train_number": "D1345", "seat_number": "1251451489", "start_station": "shanghai", "dest_station": "suzhou", "price": 50.0}
{"voucher_id": 185, "order_id": "7c5771c8-269d-468c-8de2-4b337c7e13fa", "travelDate": "1670716800000", "contactName": "e132830f-6c04-4e1e-8333-c421462c17c2", "train_number": "D1345", "seat_number": "1195529117", "start_station": "shanghai", "dest_station": "suzhou", "price": 50.0}
{"voucher_id": 186, "order_id": "5359a9b8-8c86-4523-a66b-552e4d39a910", "travelDate": "1670716800000", "contactName": "8a7e8691-69a1-4ff4-9b9c-106391cc6e66", "train_number": "D1345", "seat_number": "1196179537", "start_station": "shanghai", "dest_station": "suzhou", "price": 50.0}
{"voucher_id": 187, "order_id": "9206597b-d6f1-45c4-9126-abe66ac24e22", "travelDate": "1670716800000", "contactName": "fd2b810d-5d1e-42fb-9542-c82226b81fd8", "train_number": "D1345", "seat_number": "1155768892", "start_station": "shanghai", "dest_station": "suzhou", "price": 50.0}
{"voucher_id": 188, "order_id": "a7aefc39-a043-4837-a08e-65f920cd18cc", "travelDate": "1670716800000", "contactName": "09d46c03-b6a3-4d13-b879-2fa84114b406", "train_number": "D1345", "seat_number": "24743230", "start_station": "shanghai", "dest_station": "suzhou", "price": 50.0}
{"voucher_id": 189, "order_id": "0fba6159-6033-4802-b714-5549c63ee1c6", "travelDate": "1670716800000", "contactName": "1397a949-9f9b-4221-93bc-693dbf663295", "train_number": "D1345", "seat_number": "1587925421", "start_station": "shanghai", "dest_station": "suzhou", "price": 50.0}
{"voucher_id": 190, "order_id": "135e1b51-7c62-4bc5-adf2-214ccacb7a01", "travelDate": "1670716800000", "contactName": "d849a1fc-8f26-45aa-b5f0-0e44f5cd689d", "train_number": "D1345", "seat_number": "908790863", "start_station": "shanghai", "dest_station": "suzhou", "price": 50.0}
{"voucher_id": 191, "order_id": "f0b8757f-03b0-493b-a077-2fdbbd4327b9", "travelDate": "1670716800000", "contactName": "e9a8237f-5482-4466-a392-980d02494faf", "train_number": "D1345", "seat_number": "1422862726", "start_station": "shanghai", "dest_station": "suzhou", "price": 50.0}
{"voucher_id": 192, "order_id": "87d0ab6f-1b7b-4fed-a56f-b7bdf27c52f7", "travelDate": "1670716800000", "contactName": "72c60d62-b612-44d3-bb21-93bb585a005e", "train_number": "D1345", "seat_number": "1119693977", "start_station": "shanghai", "dest_station": "suzhou", "price": 50.0}
{"voucher_id": 193, "order_id": "1804267e-f343-47cb-8e00-3b6d2148baeb", "travelDate": "1670716800000", "contactName": "b7fda737-e4ee-4614-b8fa-72a5e1d0e51b", "train_number": "D1345", "seat_number": "658025405", "start_station": "shanghai", "dest_station": "suzhou", "price": 50.0}
{"voucher_id": 194, "order_id": "5fb51d34-f3c9-4ffe-b595-4c3e20eca24b", "travelDate": "1670716800000", "contactName": "6ccf153c-98f6-466e-9baf-cbd6b002e06c", "train_number": "D1345", "seat_number": "636973765", "start_station": "shanghai", "dest_station": "suzhou", "price": 50.0}
{"voucher_id": 195, "order_id": "94c5390d-220c-4630-9e31-5341090646cc", "travelDate": "1670716800000", "contactName": "d824cb52-9255-4b15-acce-fb2b8d738719", "train_number": "D1345", "seat_number": "1296840499", "start_station": "shanghai", "dest_station": "suzhou", "price": 50.0}
{"voucher_id": 196, "order_id": "23559939-47d7-442e-9a65-475d55024ceb", "travelDate": "1670716800000", "contactName": "d4a4738c-0e9e-4c5d-b0a0-a9f3d1411f82", "train_number": "D1345", "seat_number": "210139479", "start_station": "shanghai", "dest_station": "suzhou", "price": 50.0}
{"voucher_id": 197, "order_id": "dfb598ff-e563-47eb-91a2-3ccee87b0903", "travelDate": "1670716800000", "contactName": "967ad11e-b5b4-4aa5-9648-2109f21bab78", "train_number": "D1345", "seat_number": "1073086095", "start_station": "shanghai", "dest_station": "suzhou", "price": 50.0}
{"voucher_id": 198, "order_id": "3912e3ae-ffa2-4c81-85a0-45d3fb36ec37", "travelDate": "1670716800000", "contactName": "ffddd594-fd38-4afa-8794-4876bc4085db", "train_number": "D1345", "seat_number": "374159421", "start_station": "shanghai", "dest_station": "suzhou", "price": 50.0}
{"voucher_id": 199, "order_id": "d205f6ae-d2ca-4d00-9387-e2ada595bff2", "travelDate": "1670716800000", "contactName": "7477f469-63cd-416d-ad4b-10196b467859", "train_number": "D1345", "seat_number": "1515019089", "start_station": "shanghai", "dest_station": "suzhou", "price": 50.0}
{"voucher_id": 200, "order_id": "103877d1-e94d-427f-b381-c8fc6a2501d8", "travelDate": "1670716800000", "contactName": "71b6d2b4-05a7-49e5-b6aa-fca50b363d68", "train_number": "D1345", "seat_number": "2095798659", "start_station": "shanghai", "dest_station": "suzhou", "price": 50.0}
{"voucher_id": 201, "order_id": "c49d974f-0101-4fe8-8a6b-8c035292798b", "travelDate": "1670716800000", "contactName": "c8719e51-a28f-4036-8c93-3f3f68a591bd", "train_number": "D1345", "seat_number": "1079180681", "start_station": "shanghai", "dest_station": "suzhou", "price": 50.0}
{"voucher_id": 202, "order_id": "ab2edce8-7b34-4158-97b1-56575d8ed2aa", "travelDate": "1670716800000", "contactName": "3b5a638e-f206-4fa3-ab40-a4fd487ae50d", "train_number": "D1345", "seat_number": "1134295280", "start_station": "shanghai", "dest_station": "suzhou", "price": 50.0}
{"voucher_id": 203, "order_id": "84bd0a53-c734-4800-97a6-18d39ca39c6f", "travelDate": "1670716800000", "contactName": "7bd27f17-6105-4715-b8d8-33cc88b12866", "train_number": "D1345", "seat_number": "432761427", "start_station": "shanghai", "dest_station": "suzhou", "price": 50.0}
