2022-05-09T21:45:55.753269753Z stdout F 2022-05-09T21:45:55.752869Z	info	Istio iptables environment:
2022-05-09T21:45:55.753309434Z stdout F ENVOY_PORT=
2022-05-09T21:45:55.753313762Z stdout F INBOUND_CAPTURE_PORT=
2022-05-09T21:45:55.753316548Z stdout F ISTIO_INBOUND_INTERCEPTION_MODE=
2022-05-09T21:45:55.753319299Z stdout F ISTIO_INBOUND_TPROXY_ROUTE_TABLE=
2022-05-09T21:45:55.75332137Z stdout F ISTIO_INBOUND_PORTS=
2022-05-09T21:45:55.753323435Z stdout F ISTIO_OUTBOUND_PORTS=
2022-05-09T21:45:55.753325429Z stdout F ISTIO_LOCAL_EXCLUDE_PORTS=
2022-05-09T21:45:55.753327408Z stdout F ISTIO_EXCLUDE_INTERFACES=
2022-05-09T21:45:55.753329375Z stdout F ISTIO_SERVICE_CIDR=
2022-05-09T21:45:55.753369526Z stdout F ISTIO_SERVICE_EXCLUDE_CIDR=
2022-05-09T21:45:55.7533753Z stdout F ISTIO_META_DNS_CAPTURE=
2022-05-09T21:45:55.753377692Z stdout F INVALID_DROP=
2022-05-09T21:45:55.753379638Z stdout F 
2022-05-09T21:45:55.753397717Z stdout F 2022-05-09T21:45:55.752939Z	info	Istio iptables variables:
2022-05-09T21:45:55.753399607Z stdout F PROXY_PORT=15001
2022-05-09T21:45:55.753401456Z stdout F PROXY_INBOUND_CAPTURE_PORT=15006
2022-05-09T21:45:55.753403257Z stdout F PROXY_TUNNEL_PORT=15008
2022-05-09T21:45:55.7534051Z stdout F PROXY_UID=1337
2022-05-09T21:45:55.753427826Z stdout F PROXY_GID=1337
2022-05-09T21:45:55.753429832Z stdout F INBOUND_INTERCEPTION_MODE=REDIRECT
2022-05-09T21:45:55.753431807Z stdout F INBOUND_TPROXY_MARK=1337
2022-05-09T21:45:55.753433752Z stdout F INBOUND_TPROXY_ROUTE_TABLE=133
2022-05-09T21:45:55.753435699Z stdout F INBOUND_PORTS_INCLUDE=*
2022-05-09T21:45:55.753437642Z stdout F INBOUND_PORTS_EXCLUDE=15090,15021,15020
2022-05-09T21:45:55.75343959Z stdout F OUTBOUND_IP_RANGES_INCLUDE=*
2022-05-09T21:45:55.753441575Z stdout F OUTBOUND_IP_RANGES_EXCLUDE=
2022-05-09T21:45:55.75344351Z stdout F OUTBOUND_PORTS_INCLUDE=
2022-05-09T21:45:55.753445493Z stdout F OUTBOUND_PORTS_EXCLUDE=
2022-05-09T21:45:55.753447422Z stdout F KUBE_VIRT_INTERFACES=
2022-05-09T21:45:55.753449375Z stdout F ENABLE_INBOUND_IPV6=false
2022-05-09T21:45:55.753451308Z stdout F DNS_CAPTURE=false
2022-05-09T21:45:55.753453279Z stdout F DROP_INVALID=false
2022-05-09T21:45:55.753455246Z stdout F CAPTURE_ALL_DNS=false
2022-05-09T21:45:55.75345722Z stdout F DNS_SERVERS=[],[]
2022-05-09T21:45:55.753459193Z stdout F OUTPUT_PATH=
2022-05-09T21:45:55.753461162Z stdout F NETWORK_NAMESPACE=
2022-05-09T21:45:55.753463124Z stdout F CNI_MODE=false
2022-05-09T21:45:55.753465112Z stdout F EXCLUDE_INTERFACES=
2022-05-09T21:45:55.753466955Z stdout F 
2022-05-09T21:45:55.755380708Z stdout F 2022-05-09T21:45:55.755119Z	info	Writing following contents to rules file: /tmp/iptables-rules-1652132755753002940.txt382080999
2022-05-09T21:45:55.755399988Z stdout F * nat
2022-05-09T21:45:55.755403484Z stdout F -N ISTIO_INBOUND
2022-05-09T21:45:55.755406212Z stdout F -N ISTIO_REDIRECT
2022-05-09T21:45:55.755408235Z stdout F -N ISTIO_IN_REDIRECT
2022-05-09T21:45:55.75541023Z stdout F -N ISTIO_OUTPUT
2022-05-09T21:45:55.755412697Z stdout F -A ISTIO_INBOUND -p tcp --dport 15008 -j RETURN
2022-05-09T21:45:55.7554151Z stdout F -A ISTIO_REDIRECT -p tcp -j REDIRECT --to-ports 15001
2022-05-09T21:45:55.755417101Z stdout F -A ISTIO_IN_REDIRECT -p tcp -j REDIRECT --to-ports 15006
2022-05-09T21:45:55.75541903Z stdout F -A PREROUTING -p tcp -j ISTIO_INBOUND
2022-05-09T21:45:55.755420988Z stdout F -A ISTIO_INBOUND -p tcp --dport 15090 -j RETURN
2022-05-09T21:45:55.755422915Z stdout F -A ISTIO_INBOUND -p tcp --dport 15021 -j RETURN
2022-05-09T21:45:55.755424852Z stdout F -A ISTIO_INBOUND -p tcp --dport 15020 -j RETURN
2022-05-09T21:45:55.755426783Z stdout F -A ISTIO_INBOUND -p tcp -j ISTIO_IN_REDIRECT
2022-05-09T21:45:55.755429466Z stdout F -A OUTPUT -p tcp -j ISTIO_OUTPUT
2022-05-09T21:45:55.755431462Z stdout F -A ISTIO_OUTPUT -o lo -s 127.0.0.6/32 -j RETURN
2022-05-09T21:45:55.755433831Z stdout F -A ISTIO_OUTPUT -o lo ! -d 127.0.0.1/32 -m owner --uid-owner 1337 -j ISTIO_IN_REDIRECT
2022-05-09T21:45:55.755435761Z stdout F -A ISTIO_OUTPUT -o lo -m owner ! --uid-owner 1337 -j RETURN
2022-05-09T21:45:55.75543779Z stdout F -A ISTIO_OUTPUT -m owner --uid-owner 1337 -j RETURN
2022-05-09T21:45:55.755450984Z stdout F -A ISTIO_OUTPUT -o lo ! -d 127.0.0.1/32 -m owner --gid-owner 1337 -j ISTIO_IN_REDIRECT
2022-05-09T21:45:55.755453414Z stdout F -A ISTIO_OUTPUT -o lo -m owner ! --gid-owner 1337 -j RETURN
2022-05-09T21:45:55.755455337Z stdout F -A ISTIO_OUTPUT -m owner --gid-owner 1337 -j RETURN
2022-05-09T21:45:55.755457278Z stdout F -A ISTIO_OUTPUT -d 127.0.0.1/32 -j RETURN
2022-05-09T21:45:55.755459902Z stdout F -A ISTIO_OUTPUT -j ISTIO_REDIRECT
2022-05-09T21:45:55.755463104Z stdout F COMMIT
2022-05-09T21:45:55.755466898Z stdout F 2022-05-09T21:45:55.755189Z	info	Running command: iptables-restore --noflush /tmp/iptables-rules-1652132755753002940.txt382080999
2022-05-09T21:45:55.762112366Z stdout F 2022-05-09T21:45:55.761842Z	info	Writing following contents to rules file: /tmp/ip6tables-rules-1652132755761767990.txt2511267714
2022-05-09T21:45:55.762131166Z stdout F 
2022-05-09T21:45:55.762134518Z stdout F 2022-05-09T21:45:55.761932Z	info	Running command: ip6tables-restore --noflush /tmp/ip6tables-rules-1652132755761767990.txt2511267714
2022-05-09T21:45:55.764569747Z stdout F 2022-05-09T21:45:55.764200Z	info	Running command: iptables-save 
2022-05-09T21:45:55.774376321Z stdout F 2022-05-09T21:45:55.774028Z	info	Command output: 
2022-05-09T21:45:55.774407058Z stdout F # Generated by iptables-save v1.8.4 on Mon May  9 21:45:55 2022
2022-05-09T21:45:55.774415971Z stdout F *nat
2022-05-09T21:45:55.774421399Z stdout F :PREROUTING ACCEPT [0:0]
2022-05-09T21:45:55.774425324Z stdout F :INPUT ACCEPT [0:0]
2022-05-09T21:45:55.774428854Z stdout F :OUTPUT ACCEPT [0:0]
2022-05-09T21:45:55.77443243Z stdout F :POSTROUTING ACCEPT [0:0]
2022-05-09T21:45:55.774436031Z stdout F :ISTIO_INBOUND - [0:0]
2022-05-09T21:45:55.774439294Z stdout F :ISTIO_IN_REDIRECT - [0:0]
2022-05-09T21:45:55.774442675Z stdout F :ISTIO_OUTPUT - [0:0]
2022-05-09T21:45:55.774446132Z stdout F :ISTIO_REDIRECT - [0:0]
2022-05-09T21:45:55.774449828Z stdout F -A PREROUTING -p tcp -j ISTIO_INBOUND
2022-05-09T21:45:55.774452792Z stdout F -A OUTPUT -p tcp -j ISTIO_OUTPUT
2022-05-09T21:45:55.774456387Z stdout F -A ISTIO_INBOUND -p tcp -m tcp --dport 15008 -j RETURN
2022-05-09T21:45:55.774459749Z stdout F -A ISTIO_INBOUND -p tcp -m tcp --dport 15090 -j RETURN
2022-05-09T21:45:55.774470177Z stdout F -A ISTIO_INBOUND -p tcp -m tcp --dport 15021 -j RETURN
2022-05-09T21:45:55.774494792Z stdout F -A ISTIO_INBOUND -p tcp -m tcp --dport 15020 -j RETURN
2022-05-09T21:45:55.774502869Z stdout F -A ISTIO_INBOUND -p tcp -j ISTIO_IN_REDIRECT
2022-05-09T21:45:55.77455679Z stdout F -A ISTIO_IN_REDIRECT -p tcp -j REDIRECT --to-ports 15006
2022-05-09T21:45:55.774565135Z stdout F -A ISTIO_OUTPUT -s 127.0.0.6/32 -o lo -j RETURN
2022-05-09T21:45:55.77456946Z stdout F -A ISTIO_OUTPUT ! -d 127.0.0.1/32 -o lo -m owner --uid-owner 1337 -j ISTIO_IN_REDIRECT
2022-05-09T21:45:55.774573006Z stdout F -A ISTIO_OUTPUT -o lo -m owner ! --uid-owner 1337 -j RETURN
2022-05-09T21:45:55.774682622Z stdout F -A ISTIO_OUTPUT -m owner --uid-owner 1337 -j RETURN
2022-05-09T21:45:55.774696827Z stdout F -A ISTIO_OUTPUT ! -d 127.0.0.1/32 -o lo -m owner --gid-owner 1337 -j ISTIO_IN_REDIRECT
2022-05-09T21:45:55.774701784Z stdout F -A ISTIO_OUTPUT -o lo -m owner ! --gid-owner 1337 -j RETURN
2022-05-09T21:45:55.7747052Z stdout F -A ISTIO_OUTPUT -m owner --gid-owner 1337 -j RETURN
2022-05-09T21:45:55.774708574Z stdout F -A ISTIO_OUTPUT -d 127.0.0.1/32 -j RETURN
2022-05-09T21:45:55.774711677Z stdout F -A ISTIO_OUTPUT -j ISTIO_REDIRECT
2022-05-09T21:45:55.774717812Z stdout F -A ISTIO_REDIRECT -p tcp -j REDIRECT --to-ports 15001
2022-05-09T21:45:55.774725028Z stdout F COMMIT
2022-05-09T21:45:55.774729725Z stdout F # Completed on Mon May  9 21:45:55 2022
2022-05-09T21:45:55.774735837Z stdout F 
