2022-05-26T05:36:04.479434342Z stderr F Traceback (most recent call last):
2022-05-26T05:36:04.479583903Z stderr F   File "/usr/local/lib/python3.9/site-packages/pymysql/connections.py", line 613, in connect
2022-05-26T05:36:04.47959316Z stderr F     sock = socket.create_connection(
2022-05-26T05:36:04.479690463Z stderr F   File "/usr/local/lib/python3.9/socket.py", line 844, in create_connection
2022-05-26T05:36:04.479719492Z stderr F     raise err
2022-05-26T05:36:04.479727938Z stderr F   File "/usr/local/lib/python3.9/socket.py", line 832, in create_connection
2022-05-26T05:36:04.479850625Z stderr F     sock.connect(sa)
2022-05-26T05:36:04.479863971Z stderr F ConnectionRefusedError: [Errno 111] Connection refused
2022-05-26T05:36:04.479869659Z stderr F 
2022-05-26T05:36:04.479875166Z stderr F During handling of the above exception, another exception occurred:
2022-05-26T05:36:04.479880336Z stderr F 
2022-05-26T05:36:04.479885991Z stderr F Traceback (most recent call last):
2022-05-26T05:36:04.479891291Z stderr F   File "/app/server.py", line 152, in <module>
2022-05-26T05:36:04.480178499Z stderr F     initDatabase()
2022-05-26T05:36:04.480194469Z stderr F   File "/app/server.py", line 111, in initDatabase
2022-05-26T05:36:04.480201348Z stderr F     connect = pymysql.connect(**config)
2022-05-26T05:36:04.480206848Z stderr F   File "/usr/local/lib/python3.9/site-packages/pymysql/connections.py", line 353, in __init__
2022-05-26T05:36:04.483145176Z stderr F     self.connect()
2022-05-26T05:36:04.492186788Z stderr F   File "/usr/local/lib/python3.9/site-packages/pymysql/connections.py", line 664, in connect
2022-05-26T05:36:04.498524017Z stderr F     raise exc
2022-05-26T05:36:04.498555484Z stderr F pymysql.err.OperationalError: (2003, "Can't connect to MySQL server on 'ts-voucher-mysql' ([Errno 111] Connection refused)")
