2022-04-27T06:19:31.389703146Z stdout F 2022-04-27T06:19:31.387679Z	info	Istio iptables environment:
2022-04-27T06:19:31.389761722Z stdout F ENVOY_PORT=
2022-04-27T06:19:31.389773329Z stdout F INBOUND_CAPTURE_PORT=
2022-04-27T06:19:31.389781338Z stdout F ISTIO_INBOUND_INTERCEPTION_MODE=
2022-04-27T06:19:31.389788995Z stdout F ISTIO_INBOUND_TPROXY_ROUTE_TABLE=
2022-04-27T06:19:31.389795606Z stdout F ISTIO_INBOUND_PORTS=
2022-04-27T06:19:31.389802205Z stdout F ISTIO_OUTBOUND_PORTS=
2022-04-27T06:19:31.389808741Z stdout F ISTIO_LOCAL_EXCLUDE_PORTS=
2022-04-27T06:19:31.389815079Z stdout F ISTIO_EXCLUDE_INTERFACES=
2022-04-27T06:19:31.389821123Z stdout F ISTIO_SERVICE_CIDR=
2022-04-27T06:19:31.389826983Z stdout F ISTIO_SERVICE_EXCLUDE_CIDR=
2022-04-27T06:19:31.389834068Z stdout F ISTIO_META_DNS_CAPTURE=
2022-04-27T06:19:31.389868337Z stdout F INVALID_DROP=
2022-04-27T06:19:31.389880285Z stdout F 
2022-04-27T06:19:31.389888536Z stdout F 2022-04-27T06:19:31.387975Z	info	Istio iptables variables:
2022-04-27T06:19:31.389895825Z stdout F PROXY_PORT=15001
2022-04-27T06:19:31.389902717Z stdout F PROXY_INBOUND_CAPTURE_PORT=15006
2022-04-27T06:19:31.389909362Z stdout F PROXY_TUNNEL_PORT=15008
2022-04-27T06:19:31.389916117Z stdout F PROXY_UID=1337
2022-04-27T06:19:31.389922909Z stdout F PROXY_GID=1337
2022-04-27T06:19:31.389929797Z stdout F INBOUND_INTERCEPTION_MODE=REDIRECT
2022-04-27T06:19:31.390031919Z stdout F INBOUND_TPROXY_MARK=1337
2022-04-27T06:19:31.39006078Z stdout F INBOUND_TPROXY_ROUTE_TABLE=133
2022-04-27T06:19:31.395034398Z stdout F INBOUND_PORTS_INCLUDE=*
2022-04-27T06:19:31.395060891Z stdout F INBOUND_PORTS_EXCLUDE=15090,15021,15020
2022-04-27T06:19:31.395070703Z stdout F OUTBOUND_IP_RANGES_INCLUDE=*
2022-04-27T06:19:31.395078641Z stdout F OUTBOUND_IP_RANGES_EXCLUDE=
2022-04-27T06:19:31.395085722Z stdout F OUTBOUND_PORTS_INCLUDE=
2022-04-27T06:19:31.395092627Z stdout F OUTBOUND_PORTS_EXCLUDE=
2022-04-27T06:19:31.395099702Z stdout F KUBE_VIRT_INTERFACES=
2022-04-27T06:19:31.395107899Z stdout F ENABLE_INBOUND_IPV6=false
2022-04-27T06:19:31.395115362Z stdout F DNS_CAPTURE=false
2022-04-27T06:19:31.395122521Z stdout F DROP_INVALID=false
2022-04-27T06:19:31.395129383Z stdout F CAPTURE_ALL_DNS=false
2022-04-27T06:19:31.395214369Z stdout F DNS_SERVERS=[],[]
2022-04-27T06:19:31.39522669Z stdout F OUTPUT_PATH=
2022-04-27T06:19:31.395234642Z stdout F NETWORK_NAMESPACE=
2022-04-27T06:19:31.395241551Z stdout F CNI_MODE=false
2022-04-27T06:19:31.395248794Z stdout F EXCLUDE_INTERFACES=
2022-04-27T06:19:31.3952557Z stdout F 
2022-04-27T06:19:31.395263989Z stdout F 2022-04-27T06:19:31.388379Z	info	Writing following contents to rules file: /tmp/iptables-rules-1651040371388081216.txt3533162902
2022-04-27T06:19:31.395271236Z stdout F * nat
2022-04-27T06:19:31.39527799Z stdout F -N ISTIO_INBOUND
2022-04-27T06:19:31.395285061Z stdout F -N ISTIO_REDIRECT
2022-04-27T06:19:31.39529225Z stdout F -N ISTIO_IN_REDIRECT
2022-04-27T06:19:31.395299328Z stdout F -N ISTIO_OUTPUT
2022-04-27T06:19:31.395306584Z stdout F -A ISTIO_INBOUND -p tcp --dport 15008 -j RETURN
2022-04-27T06:19:31.39540967Z stdout F -A ISTIO_REDIRECT -p tcp -j REDIRECT --to-ports 15001
2022-04-27T06:19:31.395424986Z stdout F -A ISTIO_IN_REDIRECT -p tcp -j REDIRECT --to-ports 15006
2022-04-27T06:19:31.39543281Z stdout F -A PREROUTING -p tcp -j ISTIO_INBOUND
2022-04-27T06:19:31.395440107Z stdout F -A ISTIO_INBOUND -p tcp --dport 15090 -j RETURN
2022-04-27T06:19:31.395447654Z stdout F -A ISTIO_INBOUND -p tcp --dport 15021 -j RETURN
2022-04-27T06:19:31.395455201Z stdout F -A ISTIO_INBOUND -p tcp --dport 15020 -j RETURN
2022-04-27T06:19:31.395466661Z stdout F -A ISTIO_INBOUND -p tcp -j ISTIO_IN_REDIRECT
2022-04-27T06:19:31.395475031Z stdout F -A OUTPUT -p tcp -j ISTIO_OUTPUT
2022-04-27T06:19:31.395482631Z stdout F -A ISTIO_OUTPUT -o lo -s 127.0.0.6/32 -j RETURN
2022-04-27T06:19:31.395490728Z stdout F -A ISTIO_OUTPUT -o lo ! -d 127.0.0.1/32 -m owner --uid-owner 1337 -j ISTIO_IN_REDIRECT
2022-04-27T06:19:31.395497756Z stdout F -A ISTIO_OUTPUT -o lo -m owner ! --uid-owner 1337 -j RETURN
2022-04-27T06:19:31.395504531Z stdout F -A ISTIO_OUTPUT -m owner --uid-owner 1337 -j RETURN
2022-04-27T06:19:31.395537191Z stdout F -A ISTIO_OUTPUT -o lo ! -d 127.0.0.1/32 -m owner --gid-owner 1337 -j ISTIO_IN_REDIRECT
2022-04-27T06:19:31.395546759Z stdout F -A ISTIO_OUTPUT -o lo -m owner ! --gid-owner 1337 -j RETURN
2022-04-27T06:19:31.395554564Z stdout F -A ISTIO_OUTPUT -m owner --gid-owner 1337 -j RETURN
2022-04-27T06:19:31.395609036Z stdout F -A ISTIO_OUTPUT -d 127.0.0.1/32 -j RETURN
2022-04-27T06:19:31.395620873Z stdout F -A ISTIO_OUTPUT -j ISTIO_REDIRECT
2022-04-27T06:19:31.395628467Z stdout F COMMIT
2022-04-27T06:19:31.395636266Z stdout F 2022-04-27T06:19:31.388441Z	info	Running command: iptables-restore --noflush /tmp/iptables-rules-1651040371388081216.txt3533162902
2022-04-27T06:19:31.41242259Z stdout F 2022-04-27T06:19:31.411565Z	info	Writing following contents to rules file: /tmp/ip6tables-rules-1651040371411435471.txt3858780628
2022-04-27T06:19:31.412466342Z stdout F 
2022-04-27T06:19:31.412480031Z stdout F 2022-04-27T06:19:31.411673Z	info	Running command: ip6tables-restore --noflush /tmp/ip6tables-rules-1651040371411435471.txt3858780628
2022-04-27T06:19:31.424862413Z stdout F 2022-04-27T06:19:31.421485Z	info	Running command: iptables-save 
2022-04-27T06:19:31.446695869Z stdout F 2022-04-27T06:19:31.446225Z	info	Command output: 
2022-04-27T06:19:31.446744281Z stdout F # Generated by iptables-save v1.8.4 on Wed Apr 27 06:19:31 2022
2022-04-27T06:19:31.446825847Z stdout F *nat
2022-04-27T06:19:31.44684211Z stdout F :PREROUTING ACCEPT [0:0]
2022-04-27T06:19:31.446849461Z stdout F :INPUT ACCEPT [0:0]
2022-04-27T06:19:31.446855389Z stdout F :OUTPUT ACCEPT [0:0]
2022-04-27T06:19:31.446861586Z stdout F :POSTROUTING ACCEPT [0:0]
2022-04-27T06:19:31.446867136Z stdout F :ISTIO_INBOUND - [0:0]
2022-04-27T06:19:31.446947736Z stdout F :ISTIO_IN_REDIRECT - [0:0]
2022-04-27T06:19:31.446965896Z stdout F :ISTIO_OUTPUT - [0:0]
2022-04-27T06:19:31.44697386Z stdout F :ISTIO_REDIRECT - [0:0]
2022-04-27T06:19:31.446981956Z stdout F -A PREROUTING -p tcp -j ISTIO_INBOUND
2022-04-27T06:19:31.446988867Z stdout F -A OUTPUT -p tcp -j ISTIO_OUTPUT
2022-04-27T06:19:31.446995664Z stdout F -A ISTIO_INBOUND -p tcp -m tcp --dport 15008 -j RETURN
2022-04-27T06:19:31.447002004Z stdout F -A ISTIO_INBOUND -p tcp -m tcp --dport 15090 -j RETURN
2022-04-27T06:19:31.447018109Z stdout F -A ISTIO_INBOUND -p tcp -m tcp --dport 15021 -j RETURN
2022-04-27T06:19:31.447036832Z stdout F -A ISTIO_INBOUND -p tcp -m tcp --dport 15020 -j RETURN
2022-04-27T06:19:31.447047178Z stdout F -A ISTIO_INBOUND -p tcp -j ISTIO_IN_REDIRECT
2022-04-27T06:19:31.447065444Z stdout F -A ISTIO_IN_REDIRECT -p tcp -j REDIRECT --to-ports 15006
2022-04-27T06:19:31.447074577Z stdout F -A ISTIO_OUTPUT -s 127.0.0.6/32 -o lo -j RETURN
2022-04-27T06:19:31.447082226Z stdout F -A ISTIO_OUTPUT ! -d 127.0.0.1/32 -o lo -m owner --uid-owner 1337 -j ISTIO_IN_REDIRECT
2022-04-27T06:19:31.447089232Z stdout F -A ISTIO_OUTPUT -o lo -m owner ! --uid-owner 1337 -j RETURN
2022-04-27T06:19:31.447095657Z stdout F -A ISTIO_OUTPUT -m owner --uid-owner 1337 -j RETURN
2022-04-27T06:19:31.447102573Z stdout F -A ISTIO_OUTPUT ! -d 127.0.0.1/32 -o lo -m owner --gid-owner 1337 -j ISTIO_IN_REDIRECT
2022-04-27T06:19:31.447109818Z stdout F -A ISTIO_OUTPUT -o lo -m owner ! --gid-owner 1337 -j RETURN
2022-04-27T06:19:31.447116489Z stdout F -A ISTIO_OUTPUT -m owner --gid-owner 1337 -j RETURN
2022-04-27T06:19:31.447122368Z stdout F -A ISTIO_OUTPUT -d 127.0.0.1/32 -j RETURN
2022-04-27T06:19:31.447128973Z stdout F -A ISTIO_OUTPUT -j ISTIO_REDIRECT
2022-04-27T06:19:31.447135149Z stdout F -A ISTIO_REDIRECT -p tcp -j REDIRECT --to-ports 15001
2022-04-27T06:19:31.447142396Z stdout F COMMIT
2022-04-27T06:19:31.447149214Z stdout F # Completed on Wed Apr 27 06:19:31 2022
2022-04-27T06:19:31.447156173Z stdout F 
