2022-05-09T06:52:59.954541025Z stdout F 2022-05-09T06:52:59.954289Z	info	Istio iptables environment:
2022-05-09T06:52:59.954581896Z stdout F ENVOY_PORT=
2022-05-09T06:52:59.954587476Z stdout F INBOUND_CAPTURE_PORT=
2022-05-09T06:52:59.954681161Z stdout F ISTIO_INBOUND_INTERCEPTION_MODE=
2022-05-09T06:52:59.954695273Z stdout F ISTIO_INBOUND_TPROXY_ROUTE_TABLE=
2022-05-09T06:52:59.954700969Z stdout F ISTIO_INBOUND_PORTS=
2022-05-09T06:52:59.954705534Z stdout F ISTIO_OUTBOUND_PORTS=
2022-05-09T06:52:59.954709949Z stdout F ISTIO_LOCAL_EXCLUDE_PORTS=
2022-05-09T06:52:59.954714127Z stdout F ISTIO_EXCLUDE_INTERFACES=
2022-05-09T06:52:59.954718931Z stdout F ISTIO_SERVICE_CIDR=
2022-05-09T06:52:59.954723298Z stdout F ISTIO_SERVICE_EXCLUDE_CIDR=
2022-05-09T06:52:59.954736429Z stdout F ISTIO_META_DNS_CAPTURE=
2022-05-09T06:52:59.954748804Z stdout F INVALID_DROP=
2022-05-09T06:52:59.954798471Z stdout F 
2022-05-09T06:52:59.954912242Z stdout F 2022-05-09T06:52:59.954430Z	info	Istio iptables variables:
2022-05-09T06:52:59.95492063Z stdout F PROXY_PORT=15001
2022-05-09T06:52:59.954923877Z stdout F PROXY_INBOUND_CAPTURE_PORT=15006
2022-05-09T06:52:59.954926536Z stdout F PROXY_TUNNEL_PORT=15008
2022-05-09T06:52:59.954929082Z stdout F PROXY_UID=1337
2022-05-09T06:52:59.954931593Z stdout F PROXY_GID=1337
2022-05-09T06:52:59.954934264Z stdout F INBOUND_INTERCEPTION_MODE=REDIRECT
2022-05-09T06:52:59.954936783Z stdout F INBOUND_TPROXY_MARK=1337
2022-05-09T06:52:59.954939272Z stdout F INBOUND_TPROXY_ROUTE_TABLE=133
2022-05-09T06:52:59.954941761Z stdout F INBOUND_PORTS_INCLUDE=*
2022-05-09T06:52:59.954944225Z stdout F INBOUND_PORTS_EXCLUDE=15090,15021,15020
2022-05-09T06:52:59.954946666Z stdout F OUTBOUND_IP_RANGES_INCLUDE=*
2022-05-09T06:52:59.954949093Z stdout F OUTBOUND_IP_RANGES_EXCLUDE=
2022-05-09T06:52:59.954951553Z stdout F OUTBOUND_PORTS_INCLUDE=
2022-05-09T06:52:59.954953986Z stdout F OUTBOUND_PORTS_EXCLUDE=
2022-05-09T06:52:59.95495642Z stdout F KUBE_VIRT_INTERFACES=
2022-05-09T06:52:59.954958942Z stdout F ENABLE_INBOUND_IPV6=false
2022-05-09T06:52:59.954961391Z stdout F DNS_CAPTURE=false
2022-05-09T06:52:59.954963845Z stdout F DROP_INVALID=false
2022-05-09T06:52:59.954966318Z stdout F CAPTURE_ALL_DNS=false
2022-05-09T06:52:59.954968777Z stdout F DNS_SERVERS=[],[]
2022-05-09T06:52:59.954971302Z stdout F OUTPUT_PATH=
2022-05-09T06:52:59.954973786Z stdout F NETWORK_NAMESPACE=
2022-05-09T06:52:59.954976527Z stdout F CNI_MODE=false
2022-05-09T06:52:59.954979096Z stdout F EXCLUDE_INTERFACES=
2022-05-09T06:52:59.954981515Z stdout F 
2022-05-09T06:52:59.954993598Z stdout F 2022-05-09T06:52:59.954794Z	info	Writing following contents to rules file: /tmp/iptables-rules-1652079179954527638.txt88015927
2022-05-09T06:52:59.954996992Z stdout F * nat
2022-05-09T06:52:59.954999608Z stdout F -N ISTIO_INBOUND
2022-05-09T06:52:59.955002124Z stdout F -N ISTIO_REDIRECT
2022-05-09T06:52:59.955004666Z stdout F -N ISTIO_IN_REDIRECT
2022-05-09T06:52:59.955007192Z stdout F -N ISTIO_OUTPUT
2022-05-09T06:52:59.955009749Z stdout F -A ISTIO_INBOUND -p tcp --dport 15008 -j RETURN
2022-05-09T06:52:59.95501238Z stdout F -A ISTIO_REDIRECT -p tcp -j REDIRECT --to-ports 15001
2022-05-09T06:52:59.955014945Z stdout F -A ISTIO_IN_REDIRECT -p tcp -j REDIRECT --to-ports 15006
2022-05-09T06:52:59.95501741Z stdout F -A PREROUTING -p tcp -j ISTIO_INBOUND
2022-05-09T06:52:59.955019938Z stdout F -A ISTIO_INBOUND -p tcp --dport 15090 -j RETURN
2022-05-09T06:52:59.955022577Z stdout F -A ISTIO_INBOUND -p tcp --dport 15021 -j RETURN
2022-05-09T06:52:59.955025083Z stdout F -A ISTIO_INBOUND -p tcp --dport 15020 -j RETURN
2022-05-09T06:52:59.955027614Z stdout F -A ISTIO_INBOUND -p tcp -j ISTIO_IN_REDIRECT
2022-05-09T06:52:59.955068997Z stdout F -A OUTPUT -p tcp -j ISTIO_OUTPUT
2022-05-09T06:52:59.955072333Z stdout F -A ISTIO_OUTPUT -o lo -s 127.0.0.6/32 -j RETURN
2022-05-09T06:52:59.955075518Z stdout F -A ISTIO_OUTPUT -o lo ! -d 127.0.0.1/32 -m owner --uid-owner 1337 -j ISTIO_IN_REDIRECT
2022-05-09T06:52:59.955077996Z stdout F -A ISTIO_OUTPUT -o lo -m owner ! --uid-owner 1337 -j RETURN
2022-05-09T06:52:59.955080571Z stdout F -A ISTIO_OUTPUT -m owner --uid-owner 1337 -j RETURN
2022-05-09T06:52:59.955091178Z stdout F -A ISTIO_OUTPUT -o lo ! -d 127.0.0.1/32 -m owner --gid-owner 1337 -j ISTIO_IN_REDIRECT
2022-05-09T06:52:59.955094251Z stdout F -A ISTIO_OUTPUT -o lo -m owner ! --gid-owner 1337 -j RETURN
2022-05-09T06:52:59.955096676Z stdout F -A ISTIO_OUTPUT -m owner --gid-owner 1337 -j RETURN
2022-05-09T06:52:59.955099152Z stdout F -A ISTIO_OUTPUT -d 127.0.0.1/32 -j RETURN
2022-05-09T06:52:59.955101627Z stdout F -A ISTIO_OUTPUT -j ISTIO_REDIRECT
2022-05-09T06:52:59.955104144Z stdout F COMMIT
2022-05-09T06:52:59.955111393Z stdout F 2022-05-09T06:52:59.954993Z	info	Running command: iptables-restore --noflush /tmp/iptables-rules-1652079179954527638.txt88015927
2022-05-09T06:52:59.963341805Z stdout F 2022-05-09T06:52:59.962345Z	info	Writing following contents to rules file: /tmp/ip6tables-rules-1652079179962113742.txt2181542259
2022-05-09T06:52:59.963368505Z stdout F 
2022-05-09T06:52:59.963376261Z stdout F 2022-05-09T06:52:59.962462Z	info	Running command: ip6tables-restore --noflush /tmp/ip6tables-rules-1652079179962113742.txt2181542259
2022-05-09T06:52:59.968895175Z stdout F 2022-05-09T06:52:59.967901Z	info	Running command: iptables-save 
2022-05-09T06:52:59.97393147Z stdout F 2022-05-09T06:52:59.973319Z	info	Command output: 
2022-05-09T06:52:59.974028298Z stdout F # Generated by iptables-save v1.8.4 on Mon May  9 06:52:59 2022
2022-05-09T06:52:59.974053204Z stdout F *nat
2022-05-09T06:52:59.974064454Z stdout F :PREROUTING ACCEPT [0:0]
2022-05-09T06:52:59.97408568Z stdout F :INPUT ACCEPT [0:0]
2022-05-09T06:52:59.974093903Z stdout F :OUTPUT ACCEPT [0:0]
2022-05-09T06:52:59.974098467Z stdout F :POSTROUTING ACCEPT [0:0]
2022-05-09T06:52:59.974102651Z stdout F :ISTIO_INBOUND - [0:0]
2022-05-09T06:52:59.974105431Z stdout F :ISTIO_IN_REDIRECT - [0:0]
2022-05-09T06:52:59.974107986Z stdout F :ISTIO_OUTPUT - [0:0]
2022-05-09T06:52:59.974110868Z stdout F :ISTIO_REDIRECT - [0:0]
2022-05-09T06:52:59.97411522Z stdout F -A PREROUTING -p tcp -j ISTIO_INBOUND
2022-05-09T06:52:59.974117967Z stdout F -A OUTPUT -p tcp -j ISTIO_OUTPUT
2022-05-09T06:52:59.974120528Z stdout F -A ISTIO_INBOUND -p tcp -m tcp --dport 15008 -j RETURN
2022-05-09T06:52:59.974123002Z stdout F -A ISTIO_INBOUND -p tcp -m tcp --dport 15090 -j RETURN
2022-05-09T06:52:59.974125489Z stdout F -A ISTIO_INBOUND -p tcp -m tcp --dport 15021 -j RETURN
2022-05-09T06:52:59.974127937Z stdout F -A ISTIO_INBOUND -p tcp -m tcp --dport 15020 -j RETURN
2022-05-09T06:52:59.974130416Z stdout F -A ISTIO_INBOUND -p tcp -j ISTIO_IN_REDIRECT
2022-05-09T06:52:59.974132845Z stdout F -A ISTIO_IN_REDIRECT -p tcp -j REDIRECT --to-ports 15006
2022-05-09T06:52:59.974135229Z stdout F -A ISTIO_OUTPUT -s 127.0.0.6/32 -o lo -j RETURN
2022-05-09T06:52:59.974138122Z stdout F -A ISTIO_OUTPUT ! -d 127.0.0.1/32 -o lo -m owner --uid-owner 1337 -j ISTIO_IN_REDIRECT
2022-05-09T06:52:59.974140567Z stdout F -A ISTIO_OUTPUT -o lo -m owner ! --uid-owner 1337 -j RETURN
2022-05-09T06:52:59.974142984Z stdout F -A ISTIO_OUTPUT -m owner --uid-owner 1337 -j RETURN
2022-05-09T06:52:59.974145458Z stdout F -A ISTIO_OUTPUT ! -d 127.0.0.1/32 -o lo -m owner --gid-owner 1337 -j ISTIO_IN_REDIRECT
2022-05-09T06:52:59.974147884Z stdout F -A ISTIO_OUTPUT -o lo -m owner ! --gid-owner 1337 -j RETURN
2022-05-09T06:52:59.974150261Z stdout F -A ISTIO_OUTPUT -m owner --gid-owner 1337 -j RETURN
2022-05-09T06:52:59.974152692Z stdout F -A ISTIO_OUTPUT -d 127.0.0.1/32 -j RETURN
2022-05-09T06:52:59.974155109Z stdout F -A ISTIO_OUTPUT -j ISTIO_REDIRECT
2022-05-09T06:52:59.974157587Z stdout F -A ISTIO_REDIRECT -p tcp -j REDIRECT --to-ports 15001
2022-05-09T06:52:59.974160269Z stdout F COMMIT
2022-05-09T06:52:59.974162798Z stdout F # Completed on Mon May  9 06:52:59 2022
2022-05-09T06:52:59.974165153Z stdout F 
