2022-05-09T11:47:46.040891961Z stdout F 2022-05-09T11:47:46.040115Z	info	Istio iptables environment:
2022-05-09T11:47:46.040974561Z stdout F ENVOY_PORT=
2022-05-09T11:47:46.040984227Z stdout F INBOUND_CAPTURE_PORT=
2022-05-09T11:47:46.040990361Z stdout F ISTIO_INBOUND_INTERCEPTION_MODE=
2022-05-09T11:47:46.040996148Z stdout F ISTIO_INBOUND_TPROXY_ROUTE_TABLE=
2022-05-09T11:47:46.041001405Z stdout F ISTIO_INBOUND_PORTS=
2022-05-09T11:47:46.041006636Z stdout F ISTIO_OUTBOUND_PORTS=
2022-05-09T11:47:46.041011677Z stdout F ISTIO_LOCAL_EXCLUDE_PORTS=
2022-05-09T11:47:46.041016621Z stdout F ISTIO_EXCLUDE_INTERFACES=
2022-05-09T11:47:46.041021578Z stdout F ISTIO_SERVICE_CIDR=
2022-05-09T11:47:46.04102664Z stdout F ISTIO_SERVICE_EXCLUDE_CIDR=
2022-05-09T11:47:46.041031497Z stdout F ISTIO_META_DNS_CAPTURE=
2022-05-09T11:47:46.04103658Z stdout F INVALID_DROP=
2022-05-09T11:47:46.041041043Z stdout F 
2022-05-09T11:47:46.04104516Z stdout F 2022-05-09T11:47:46.040207Z	info	Istio iptables variables:
2022-05-09T11:47:46.041049832Z stdout F PROXY_PORT=15001
2022-05-09T11:47:46.041054405Z stdout F PROXY_INBOUND_CAPTURE_PORT=15006
2022-05-09T11:47:46.041058948Z stdout F PROXY_TUNNEL_PORT=15008
2022-05-09T11:47:46.041063442Z stdout F PROXY_UID=1337
2022-05-09T11:47:46.041068097Z stdout F PROXY_GID=1337
2022-05-09T11:47:46.041072592Z stdout F INBOUND_INTERCEPTION_MODE=REDIRECT
2022-05-09T11:47:46.041077196Z stdout F INBOUND_TPROXY_MARK=1337
2022-05-09T11:47:46.041081591Z stdout F INBOUND_TPROXY_ROUTE_TABLE=133
2022-05-09T11:47:46.041085873Z stdout F INBOUND_PORTS_INCLUDE=*
2022-05-09T11:47:46.041090891Z stdout F INBOUND_PORTS_EXCLUDE=15090,15021,15020
2022-05-09T11:47:46.041095602Z stdout F OUTBOUND_IP_RANGES_INCLUDE=*
2022-05-09T11:47:46.041103455Z stdout F OUTBOUND_IP_RANGES_EXCLUDE=
2022-05-09T11:47:46.041108334Z stdout F OUTBOUND_PORTS_INCLUDE=
2022-05-09T11:47:46.041112827Z stdout F OUTBOUND_PORTS_EXCLUDE=
2022-05-09T11:47:46.04111888Z stdout F KUBE_VIRT_INTERFACES=
2022-05-09T11:47:46.041123218Z stdout F ENABLE_INBOUND_IPV6=false
2022-05-09T11:47:46.041127559Z stdout F DNS_CAPTURE=false
2022-05-09T11:47:46.041131692Z stdout F DROP_INVALID=false
2022-05-09T11:47:46.041136049Z stdout F CAPTURE_ALL_DNS=false
2022-05-09T11:47:46.041140227Z stdout F DNS_SERVERS=[],[]
2022-05-09T11:47:46.041144667Z stdout F OUTPUT_PATH=
2022-05-09T11:47:46.04114939Z stdout F NETWORK_NAMESPACE=
2022-05-09T11:47:46.041153885Z stdout F CNI_MODE=false
2022-05-09T11:47:46.041158336Z stdout F EXCLUDE_INTERFACES=
2022-05-09T11:47:46.041162604Z stdout F 
2022-05-09T11:47:46.042945509Z stdout F 2022-05-09T11:47:46.041219Z	info	Writing following contents to rules file: /tmp/iptables-rules-1652096866040309685.txt3268064681
2022-05-09T11:47:46.042969512Z stdout F * nat
2022-05-09T11:47:46.042976465Z stdout F -N ISTIO_INBOUND
2022-05-09T11:47:46.042981789Z stdout F -N ISTIO_REDIRECT
2022-05-09T11:47:46.042986424Z stdout F -N ISTIO_IN_REDIRECT
2022-05-09T11:47:46.042991182Z stdout F -N ISTIO_OUTPUT
2022-05-09T11:47:46.042996356Z stdout F -A ISTIO_INBOUND -p tcp --dport 15008 -j RETURN
2022-05-09T11:47:46.043001336Z stdout F -A ISTIO_REDIRECT -p tcp -j REDIRECT --to-ports 15001
2022-05-09T11:47:46.043006343Z stdout F -A ISTIO_IN_REDIRECT -p tcp -j REDIRECT --to-ports 15006
2022-05-09T11:47:46.043011029Z stdout F -A PREROUTING -p tcp -j ISTIO_INBOUND
2022-05-09T11:47:46.043015599Z stdout F -A ISTIO_INBOUND -p tcp --dport 15090 -j RETURN
2022-05-09T11:47:46.043020208Z stdout F -A ISTIO_INBOUND -p tcp --dport 15021 -j RETURN
2022-05-09T11:47:46.043024833Z stdout F -A ISTIO_INBOUND -p tcp --dport 15020 -j RETURN
2022-05-09T11:47:46.043029434Z stdout F -A ISTIO_INBOUND -p tcp -j ISTIO_IN_REDIRECT
2022-05-09T11:47:46.043034434Z stdout F -A OUTPUT -p tcp -j ISTIO_OUTPUT
2022-05-09T11:47:46.043039087Z stdout F -A ISTIO_OUTPUT -o lo -s 127.0.0.6/32 -j RETURN
2022-05-09T11:47:46.043043868Z stdout F -A ISTIO_OUTPUT -o lo ! -d 127.0.0.1/32 -m owner --uid-owner 1337 -j ISTIO_IN_REDIRECT
2022-05-09T11:47:46.043048494Z stdout F -A ISTIO_OUTPUT -o lo -m owner ! --uid-owner 1337 -j RETURN
2022-05-09T11:47:46.043064506Z stdout F -A ISTIO_OUTPUT -m owner --uid-owner 1337 -j RETURN
2022-05-09T11:47:46.043069826Z stdout F -A ISTIO_OUTPUT -o lo ! -d 127.0.0.1/32 -m owner --gid-owner 1337 -j ISTIO_IN_REDIRECT
2022-05-09T11:47:46.043112724Z stdout F -A ISTIO_OUTPUT -o lo -m owner ! --gid-owner 1337 -j RETURN
2022-05-09T11:47:46.043127134Z stdout F -A ISTIO_OUTPUT -m owner --gid-owner 1337 -j RETURN
2022-05-09T11:47:46.043133762Z stdout F -A ISTIO_OUTPUT -d 127.0.0.1/32 -j RETURN
2022-05-09T11:47:46.043138522Z stdout F -A ISTIO_OUTPUT -j ISTIO_REDIRECT
2022-05-09T11:47:46.043143243Z stdout F COMMIT
2022-05-09T11:47:46.043148686Z stdout F 2022-05-09T11:47:46.041316Z	info	Running command: iptables-restore --noflush /tmp/iptables-rules-1652096866040309685.txt3268064681
2022-05-09T11:47:46.062933703Z stdout F 2022-05-09T11:47:46.061859Z	info	Writing following contents to rules file: /tmp/ip6tables-rules-1652096866061762739.txt662999121
2022-05-09T11:47:46.062956013Z stdout F 
2022-05-09T11:47:46.06296064Z stdout F 2022-05-09T11:47:46.061902Z	info	Running command: ip6tables-restore --noflush /tmp/ip6tables-rules-1652096866061762739.txt662999121
2022-05-09T11:47:46.081214041Z stdout F 2022-05-09T11:47:46.078600Z	info	Running command: iptables-save 
2022-05-09T11:47:46.091918662Z stdout F 2022-05-09T11:47:46.091220Z	info	Command output: 
2022-05-09T11:47:46.091966952Z stdout F # Generated by iptables-save v1.8.4 on Mon May  9 11:47:46 2022
2022-05-09T11:47:46.091971261Z stdout F *nat
2022-05-09T11:47:46.091974662Z stdout F :PREROUTING ACCEPT [0:0]
2022-05-09T11:47:46.091977461Z stdout F :INPUT ACCEPT [0:0]
2022-05-09T11:47:46.091980354Z stdout F :OUTPUT ACCEPT [0:0]
2022-05-09T11:47:46.091983601Z stdout F :POSTROUTING ACCEPT [0:0]
2022-05-09T11:47:46.091986412Z stdout F :ISTIO_INBOUND - [0:0]
2022-05-09T11:47:46.0919892Z stdout F :ISTIO_IN_REDIRECT - [0:0]
2022-05-09T11:47:46.091992095Z stdout F :ISTIO_OUTPUT - [0:0]
2022-05-09T11:47:46.091994965Z stdout F :ISTIO_REDIRECT - [0:0]
2022-05-09T11:47:46.091998164Z stdout F -A PREROUTING -p tcp -j ISTIO_INBOUND
2022-05-09T11:47:46.09200095Z stdout F -A OUTPUT -p tcp -j ISTIO_OUTPUT
2022-05-09T11:47:46.092003831Z stdout F -A ISTIO_INBOUND -p tcp -m tcp --dport 15008 -j RETURN
2022-05-09T11:47:46.092006641Z stdout F -A ISTIO_INBOUND -p tcp -m tcp --dport 15090 -j RETURN
2022-05-09T11:47:46.092009441Z stdout F -A ISTIO_INBOUND -p tcp -m tcp --dport 15021 -j RETURN
2022-05-09T11:47:46.092012225Z stdout F -A ISTIO_INBOUND -p tcp -m tcp --dport 15020 -j RETURN
2022-05-09T11:47:46.092015002Z stdout F -A ISTIO_INBOUND -p tcp -j ISTIO_IN_REDIRECT
2022-05-09T11:47:46.092017781Z stdout F -A ISTIO_IN_REDIRECT -p tcp -j REDIRECT --to-ports 15006
2022-05-09T11:47:46.092020522Z stdout F -A ISTIO_OUTPUT -s 127.0.0.6/32 -o lo -j RETURN
2022-05-09T11:47:46.092023951Z stdout F -A ISTIO_OUTPUT ! -d 127.0.0.1/32 -o lo -m owner --uid-owner 1337 -j ISTIO_IN_REDIRECT
2022-05-09T11:47:46.092026788Z stdout F -A ISTIO_OUTPUT -o lo -m owner ! --uid-owner 1337 -j RETURN
2022-05-09T11:47:46.092029559Z stdout F -A ISTIO_OUTPUT -m owner --uid-owner 1337 -j RETURN
2022-05-09T11:47:46.092032375Z stdout F -A ISTIO_OUTPUT ! -d 127.0.0.1/32 -o lo -m owner --gid-owner 1337 -j ISTIO_IN_REDIRECT
2022-05-09T11:47:46.092038507Z stdout F -A ISTIO_OUTPUT -o lo -m owner ! --gid-owner 1337 -j RETURN
2022-05-09T11:47:46.092041364Z stdout F -A ISTIO_OUTPUT -m owner --gid-owner 1337 -j RETURN
2022-05-09T11:47:46.092044148Z stdout F -A ISTIO_OUTPUT -d 127.0.0.1/32 -j RETURN
2022-05-09T11:47:46.092046939Z stdout F -A ISTIO_OUTPUT -j ISTIO_REDIRECT
2022-05-09T11:47:46.092049703Z stdout F -A ISTIO_REDIRECT -p tcp -j REDIRECT --to-ports 15001
2022-05-09T11:47:46.092052532Z stdout F COMMIT
2022-05-09T11:47:46.092055353Z stdout F # Completed on Mon May  9 11:47:46 2022
2022-05-09T11:47:46.092058082Z stdout F 
