2022-05-25T10:52:18.448916926Z stdout F 2022-05-25T10:52:18.447104Z	info	Istio iptables environment:
2022-05-25T10:52:18.448959608Z stdout F ENVOY_PORT=
2022-05-25T10:52:18.448992274Z stdout F INBOUND_CAPTURE_PORT=
2022-05-25T10:52:18.449003376Z stdout F ISTIO_INBOUND_INTERCEPTION_MODE=
2022-05-25T10:52:18.449009096Z stdout F ISTIO_INBOUND_TPROXY_ROUTE_TABLE=
2022-05-25T10:52:18.449012696Z stdout F ISTIO_INBOUND_PORTS=
2022-05-25T10:52:18.449016201Z stdout F ISTIO_OUTBOUND_PORTS=
2022-05-25T10:52:18.449019461Z stdout F ISTIO_LOCAL_EXCLUDE_PORTS=
2022-05-25T10:52:18.449022712Z stdout F ISTIO_EXCLUDE_INTERFACES=
2022-05-25T10:52:18.449025977Z stdout F ISTIO_SERVICE_CIDR=
2022-05-25T10:52:18.449029307Z stdout F ISTIO_SERVICE_EXCLUDE_CIDR=
2022-05-25T10:52:18.449032724Z stdout F ISTIO_META_DNS_CAPTURE=
2022-05-25T10:52:18.44903622Z stdout F INVALID_DROP=
2022-05-25T10:52:18.449039519Z stdout F 
2022-05-25T10:52:18.449043456Z stdout F 2022-05-25T10:52:18.447271Z	info	Istio iptables variables:
2022-05-25T10:52:18.44904744Z stdout F PROXY_PORT=15001
2022-05-25T10:52:18.449051557Z stdout F PROXY_INBOUND_CAPTURE_PORT=15006
2022-05-25T10:52:18.449055365Z stdout F PROXY_TUNNEL_PORT=15008
2022-05-25T10:52:18.4490594Z stdout F PROXY_UID=1337
2022-05-25T10:52:18.449063523Z stdout F PROXY_GID=1337
2022-05-25T10:52:18.449067303Z stdout F INBOUND_INTERCEPTION_MODE=REDIRECT
2022-05-25T10:52:18.449071095Z stdout F INBOUND_TPROXY_MARK=1337
2022-05-25T10:52:18.449074932Z stdout F INBOUND_TPROXY_ROUTE_TABLE=133
2022-05-25T10:52:18.449078808Z stdout F INBOUND_PORTS_INCLUDE=*
2022-05-25T10:52:18.449082696Z stdout F INBOUND_PORTS_EXCLUDE=15090,15021,15020
2022-05-25T10:52:18.44908672Z stdout F OUTBOUND_IP_RANGES_INCLUDE=*
2022-05-25T10:52:18.449090614Z stdout F OUTBOUND_IP_RANGES_EXCLUDE=
2022-05-25T10:52:18.449094497Z stdout F OUTBOUND_PORTS_INCLUDE=
2022-05-25T10:52:18.449098258Z stdout F OUTBOUND_PORTS_EXCLUDE=
2022-05-25T10:52:18.449102057Z stdout F KUBE_VIRT_INTERFACES=
2022-05-25T10:52:18.449106044Z stdout F ENABLE_INBOUND_IPV6=false
2022-05-25T10:52:18.449109822Z stdout F DNS_CAPTURE=false
2022-05-25T10:52:18.449113715Z stdout F DROP_INVALID=false
2022-05-25T10:52:18.449117683Z stdout F CAPTURE_ALL_DNS=false
2022-05-25T10:52:18.449121692Z stdout F DNS_SERVERS=[],[]
2022-05-25T10:52:18.449125654Z stdout F OUTPUT_PATH=
2022-05-25T10:52:18.449129472Z stdout F NETWORK_NAMESPACE=
2022-05-25T10:52:18.449133341Z stdout F CNI_MODE=false
2022-05-25T10:52:18.449137382Z stdout F EXCLUDE_INTERFACES=
2022-05-25T10:52:18.449141164Z stdout F 
2022-05-25T10:52:18.450863961Z stdout F 2022-05-25T10:52:18.447576Z	info	Writing following contents to rules file: /tmp/iptables-rules-1653475938447330029.txt1119656133
2022-05-25T10:52:18.450885069Z stdout F * nat
2022-05-25T10:52:18.4508892Z stdout F -N ISTIO_INBOUND
2022-05-25T10:52:18.450892761Z stdout F -N ISTIO_REDIRECT
2022-05-25T10:52:18.450895359Z stdout F -N ISTIO_IN_REDIRECT
2022-05-25T10:52:18.450898146Z stdout F -N ISTIO_OUTPUT
2022-05-25T10:52:18.450901086Z stdout F -A ISTIO_INBOUND -p tcp --dport 15008 -j RETURN
2022-05-25T10:52:18.450903971Z stdout F -A ISTIO_REDIRECT -p tcp -j REDIRECT --to-ports 15001
2022-05-25T10:52:18.450906417Z stdout F -A ISTIO_IN_REDIRECT -p tcp -j REDIRECT --to-ports 15006
2022-05-25T10:52:18.450908829Z stdout F -A PREROUTING -p tcp -j ISTIO_INBOUND
2022-05-25T10:52:18.450911278Z stdout F -A ISTIO_INBOUND -p tcp --dport 15090 -j RETURN
2022-05-25T10:52:18.45091372Z stdout F -A ISTIO_INBOUND -p tcp --dport 15021 -j RETURN
2022-05-25T10:52:18.450916238Z stdout F -A ISTIO_INBOUND -p tcp --dport 15020 -j RETURN
2022-05-25T10:52:18.450918818Z stdout F -A ISTIO_INBOUND -p tcp -j ISTIO_IN_REDIRECT
2022-05-25T10:52:18.450946975Z stdout F -A OUTPUT -p tcp -j ISTIO_OUTPUT
2022-05-25T10:52:18.450949497Z stdout F -A ISTIO_OUTPUT -o lo -s 127.0.0.6/32 -j RETURN
2022-05-25T10:52:18.450952455Z stdout F -A ISTIO_OUTPUT -o lo ! -d 127.0.0.1/32 -m owner --uid-owner 1337 -j ISTIO_IN_REDIRECT
2022-05-25T10:52:18.450954878Z stdout F -A ISTIO_OUTPUT -o lo -m owner ! --uid-owner 1337 -j RETURN
2022-05-25T10:52:18.45095734Z stdout F -A ISTIO_OUTPUT -m owner --uid-owner 1337 -j RETURN
2022-05-25T10:52:18.450997482Z stdout F -A ISTIO_OUTPUT -o lo ! -d 127.0.0.1/32 -m owner --gid-owner 1337 -j ISTIO_IN_REDIRECT
2022-05-25T10:52:18.455501309Z stdout F -A ISTIO_OUTPUT -o lo -m owner ! --gid-owner 1337 -j RETURN
2022-05-25T10:52:18.455528444Z stdout F -A ISTIO_OUTPUT -m owner --gid-owner 1337 -j RETURN
2022-05-25T10:52:18.455536533Z stdout F -A ISTIO_OUTPUT -d 127.0.0.1/32 -j RETURN
2022-05-25T10:52:18.455541686Z stdout F -A ISTIO_OUTPUT -j ISTIO_REDIRECT
2022-05-25T10:52:18.455547335Z stdout F COMMIT
2022-05-25T10:52:18.455553563Z stdout F 2022-05-25T10:52:18.447668Z	info	Running command: iptables-restore --noflush /tmp/iptables-rules-1653475938447330029.txt1119656133
2022-05-25T10:52:18.482562175Z stdout F 2022-05-25T10:52:18.482284Z	info	Writing following contents to rules file: /tmp/ip6tables-rules-1653475938482148934.txt1145995873
2022-05-25T10:52:18.482595764Z stdout F 
2022-05-25T10:52:18.482606986Z stdout F 2022-05-25T10:52:18.482370Z	info	Running command: ip6tables-restore --noflush /tmp/ip6tables-rules-1653475938482148934.txt1145995873
2022-05-25T10:52:18.508892042Z stdout F 2022-05-25T10:52:18.505881Z	info	Running command: iptables-save 
2022-05-25T10:52:18.543539311Z stdout F 2022-05-25T10:52:18.539685Z	info	Command output: 
2022-05-25T10:52:18.54357155Z stdout F # Generated by iptables-save v1.8.4 on Wed May 25 10:52:18 2022
2022-05-25T10:52:18.543577077Z stdout F *nat
2022-05-25T10:52:18.543582038Z stdout F :PREROUTING ACCEPT [0:0]
2022-05-25T10:52:18.543585841Z stdout F :INPUT ACCEPT [0:0]
2022-05-25T10:52:18.543589365Z stdout F :OUTPUT ACCEPT [0:0]
2022-05-25T10:52:18.543593761Z stdout F :POSTROUTING ACCEPT [0:0]
2022-05-25T10:52:18.543597254Z stdout F :ISTIO_INBOUND - [0:0]
2022-05-25T10:52:18.543600733Z stdout F :ISTIO_IN_REDIRECT - [0:0]
2022-05-25T10:52:18.543604214Z stdout F :ISTIO_OUTPUT - [0:0]
2022-05-25T10:52:18.543607644Z stdout F :ISTIO_REDIRECT - [0:0]
2022-05-25T10:52:18.543612633Z stdout F -A PREROUTING -p tcp -j ISTIO_INBOUND
2022-05-25T10:52:18.54361662Z stdout F -A OUTPUT -p tcp -j ISTIO_OUTPUT
2022-05-25T10:52:18.543620417Z stdout F -A ISTIO_INBOUND -p tcp -m tcp --dport 15008 -j RETURN
2022-05-25T10:52:18.543623858Z stdout F -A ISTIO_INBOUND -p tcp -m tcp --dport 15090 -j RETURN
2022-05-25T10:52:18.54362726Z stdout F -A ISTIO_INBOUND -p tcp -m tcp --dport 15021 -j RETURN
2022-05-25T10:52:18.54363084Z stdout F -A ISTIO_INBOUND -p tcp -m tcp --dport 15020 -j RETURN
2022-05-25T10:52:18.543634219Z stdout F -A ISTIO_INBOUND -p tcp -j ISTIO_IN_REDIRECT
2022-05-25T10:52:18.543637654Z stdout F -A ISTIO_IN_REDIRECT -p tcp -j REDIRECT --to-ports 15006
2022-05-25T10:52:18.543641Z stdout F -A ISTIO_OUTPUT -s 127.0.0.6/32 -o lo -j RETURN
2022-05-25T10:52:18.543645308Z stdout F -A ISTIO_OUTPUT ! -d 127.0.0.1/32 -o lo -m owner --uid-owner 1337 -j ISTIO_IN_REDIRECT
2022-05-25T10:52:18.543648669Z stdout F -A ISTIO_OUTPUT -o lo -m owner ! --uid-owner 1337 -j RETURN
2022-05-25T10:52:18.54365204Z stdout F -A ISTIO_OUTPUT -m owner --uid-owner 1337 -j RETURN
2022-05-25T10:52:18.543655642Z stdout F -A ISTIO_OUTPUT ! -d 127.0.0.1/32 -o lo -m owner --gid-owner 1337 -j ISTIO_IN_REDIRECT
2022-05-25T10:52:18.543663767Z stdout F -A ISTIO_OUTPUT -o lo -m owner ! --gid-owner 1337 -j RETURN
2022-05-25T10:52:18.543667725Z stdout F -A ISTIO_OUTPUT -m owner --gid-owner 1337 -j RETURN
2022-05-25T10:52:18.543671192Z stdout F -A ISTIO_OUTPUT -d 127.0.0.1/32 -j RETURN
2022-05-25T10:52:18.543674582Z stdout F -A ISTIO_OUTPUT -j ISTIO_REDIRECT
2022-05-25T10:52:18.543677981Z stdout F -A ISTIO_REDIRECT -p tcp -j REDIRECT --to-ports 15001
2022-05-25T10:52:18.54368177Z stdout F COMMIT
2022-05-25T10:52:18.543685364Z stdout F # Completed on Wed May 25 10:52:18 2022
2022-05-25T10:52:18.543688578Z stdout F 
