2022-04-30T04:28:34.203828766Z stdout F 2022-04-30T04:28:34.203585Z	info	Istio iptables environment:
2022-04-30T04:28:34.204004945Z stdout F ENVOY_PORT=
2022-04-30T04:28:34.204023002Z stdout F INBOUND_CAPTURE_PORT=
2022-04-30T04:28:34.204032778Z stdout F ISTIO_INBOUND_INTERCEPTION_MODE=
2022-04-30T04:28:34.204045555Z stdout F ISTIO_INBOUND_TPROXY_ROUTE_TABLE=
2022-04-30T04:28:34.204051771Z stdout F ISTIO_INBOUND_PORTS=
2022-04-30T04:28:34.204139375Z stdout F ISTIO_OUTBOUND_PORTS=
2022-04-30T04:28:34.204152742Z stdout F ISTIO_LOCAL_EXCLUDE_PORTS=
2022-04-30T04:28:34.204158886Z stdout F ISTIO_EXCLUDE_INTERFACES=
2022-04-30T04:28:34.204163782Z stdout F ISTIO_SERVICE_CIDR=
2022-04-30T04:28:34.204168496Z stdout F ISTIO_SERVICE_EXCLUDE_CIDR=
2022-04-30T04:28:34.204173152Z stdout F ISTIO_META_DNS_CAPTURE=
2022-04-30T04:28:34.204177918Z stdout F INVALID_DROP=
2022-04-30T04:28:34.204182347Z stdout F 
2022-04-30T04:28:34.204187716Z stdout F 2022-04-30T04:28:34.203663Z	info	Istio iptables variables:
2022-04-30T04:28:34.204193284Z stdout F PROXY_PORT=15001
2022-04-30T04:28:34.20419845Z stdout F PROXY_INBOUND_CAPTURE_PORT=15006
2022-04-30T04:28:34.204203639Z stdout F PROXY_TUNNEL_PORT=15008
2022-04-30T04:28:34.204208626Z stdout F PROXY_UID=1337
2022-04-30T04:28:34.204213652Z stdout F PROXY_GID=1337
2022-04-30T04:28:34.204302321Z stdout F INBOUND_INTERCEPTION_MODE=REDIRECT
2022-04-30T04:28:34.204314723Z stdout F INBOUND_TPROXY_MARK=1337
2022-04-30T04:28:34.204320466Z stdout F INBOUND_TPROXY_ROUTE_TABLE=133
2022-04-30T04:28:34.204619154Z stdout F INBOUND_PORTS_INCLUDE=*
2022-04-30T04:28:34.204637077Z stdout F INBOUND_PORTS_EXCLUDE=15090,15021,15020
2022-04-30T04:28:34.204641845Z stdout F OUTBOUND_IP_RANGES_INCLUDE=*
2022-04-30T04:28:34.204644968Z stdout F OUTBOUND_IP_RANGES_EXCLUDE=
2022-04-30T04:28:34.204647793Z stdout F OUTBOUND_PORTS_INCLUDE=
2022-04-30T04:28:34.204650626Z stdout F OUTBOUND_PORTS_EXCLUDE=
2022-04-30T04:28:34.204653469Z stdout F KUBE_VIRT_INTERFACES=
2022-04-30T04:28:34.20465641Z stdout F ENABLE_INBOUND_IPV6=false
2022-04-30T04:28:34.204659298Z stdout F DNS_CAPTURE=false
2022-04-30T04:28:34.204662183Z stdout F DROP_INVALID=false
2022-04-30T04:28:34.204665208Z stdout F CAPTURE_ALL_DNS=false
2022-04-30T04:28:34.204668159Z stdout F DNS_SERVERS=[],[]
2022-04-30T04:28:34.204671166Z stdout F OUTPUT_PATH=
2022-04-30T04:28:34.204674253Z stdout F NETWORK_NAMESPACE=
2022-04-30T04:28:34.204677417Z stdout F CNI_MODE=false
2022-04-30T04:28:34.204680586Z stdout F EXCLUDE_INTERFACES=
2022-04-30T04:28:34.204683477Z stdout F 
2022-04-30T04:28:34.20487933Z stdout F 2022-04-30T04:28:34.203941Z	info	Writing following contents to rules file: /tmp/iptables-rules-1651292914203722780.txt509944957
2022-04-30T04:28:34.204896833Z stdout F * nat
2022-04-30T04:28:34.204902651Z stdout F -N ISTIO_INBOUND
2022-04-30T04:28:34.204907184Z stdout F -N ISTIO_REDIRECT
2022-04-30T04:28:34.204911464Z stdout F -N ISTIO_IN_REDIRECT
2022-04-30T04:28:34.204916075Z stdout F -N ISTIO_OUTPUT
2022-04-30T04:28:34.204921422Z stdout F -A ISTIO_INBOUND -p tcp --dport 15008 -j RETURN
2022-04-30T04:28:34.204926497Z stdout F -A ISTIO_REDIRECT -p tcp -j REDIRECT --to-ports 15001
2022-04-30T04:28:34.204930968Z stdout F -A ISTIO_IN_REDIRECT -p tcp -j REDIRECT --to-ports 15006
2022-04-30T04:28:34.205653903Z stdout F -A PREROUTING -p tcp -j ISTIO_INBOUND
2022-04-30T04:28:34.205666334Z stdout F -A ISTIO_INBOUND -p tcp --dport 15090 -j RETURN
2022-04-30T04:28:34.205670258Z stdout F -A ISTIO_INBOUND -p tcp --dport 15021 -j RETURN
2022-04-30T04:28:34.20567326Z stdout F -A ISTIO_INBOUND -p tcp --dport 15020 -j RETURN
2022-04-30T04:28:34.205676272Z stdout F -A ISTIO_INBOUND -p tcp -j ISTIO_IN_REDIRECT
2022-04-30T04:28:34.205679397Z stdout F -A OUTPUT -p tcp -j ISTIO_OUTPUT
2022-04-30T04:28:34.205682274Z stdout F -A ISTIO_OUTPUT -o lo -s 127.0.0.6/32 -j RETURN
2022-04-30T04:28:34.205685681Z stdout F -A ISTIO_OUTPUT -o lo ! -d 127.0.0.1/32 -m owner --uid-owner 1337 -j ISTIO_IN_REDIRECT
2022-04-30T04:28:34.205688946Z stdout F -A ISTIO_OUTPUT -o lo -m owner ! --uid-owner 1337 -j RETURN
2022-04-30T04:28:34.205705516Z stdout F -A ISTIO_OUTPUT -m owner --uid-owner 1337 -j RETURN
2022-04-30T04:28:34.20586893Z stdout F -A ISTIO_OUTPUT -o lo ! -d 127.0.0.1/32 -m owner --gid-owner 1337 -j ISTIO_IN_REDIRECT
2022-04-30T04:28:34.205883806Z stdout F -A ISTIO_OUTPUT -o lo -m owner ! --gid-owner 1337 -j RETURN
2022-04-30T04:28:34.205890262Z stdout F -A ISTIO_OUTPUT -m owner --gid-owner 1337 -j RETURN
2022-04-30T04:28:34.206002113Z stdout F -A ISTIO_OUTPUT -d 127.0.0.1/32 -j RETURN
2022-04-30T04:28:34.20601637Z stdout F -A ISTIO_OUTPUT -j ISTIO_REDIRECT
2022-04-30T04:28:34.206034551Z stdout F COMMIT
2022-04-30T04:28:34.206047313Z stdout F 2022-04-30T04:28:34.204021Z	info	Running command: iptables-restore --noflush /tmp/iptables-rules-1651292914203722780.txt509944957
2022-04-30T04:28:34.209622236Z stdout F 2022-04-30T04:28:34.209459Z	info	Writing following contents to rules file: /tmp/ip6tables-rules-1651292914209401116.txt2445718980
2022-04-30T04:28:34.209684644Z stdout F 
2022-04-30T04:28:34.209694618Z stdout F 2022-04-30T04:28:34.209486Z	info	Running command: ip6tables-restore --noflush /tmp/ip6tables-rules-1651292914209401116.txt2445718980
2022-04-30T04:28:34.212626236Z stdout F 2022-04-30T04:28:34.212219Z	info	Running command: iptables-save 
2022-04-30T04:28:34.218118084Z stdout F 2022-04-30T04:28:34.217521Z	info	Command output: 
2022-04-30T04:28:34.218165868Z stdout F # Generated by iptables-save v1.8.4 on Sat Apr 30 04:28:34 2022
2022-04-30T04:28:34.218170904Z stdout F *nat
2022-04-30T04:28:34.218174682Z stdout F :PREROUTING ACCEPT [0:0]
2022-04-30T04:28:34.218177679Z stdout F :INPUT ACCEPT [0:0]
2022-04-30T04:28:34.218180603Z stdout F :OUTPUT ACCEPT [0:0]
2022-04-30T04:28:34.218183929Z stdout F :POSTROUTING ACCEPT [0:0]
2022-04-30T04:28:34.218186828Z stdout F :ISTIO_INBOUND - [0:0]
2022-04-30T04:28:34.218189698Z stdout F :ISTIO_IN_REDIRECT - [0:0]
2022-04-30T04:28:34.218192511Z stdout F :ISTIO_OUTPUT - [0:0]
2022-04-30T04:28:34.218195429Z stdout F :ISTIO_REDIRECT - [0:0]
2022-04-30T04:28:34.218198878Z stdout F -A PREROUTING -p tcp -j ISTIO_INBOUND
2022-04-30T04:28:34.218201745Z stdout F -A OUTPUT -p tcp -j ISTIO_OUTPUT
2022-04-30T04:28:34.2182047Z stdout F -A ISTIO_INBOUND -p tcp -m tcp --dport 15008 -j RETURN
2022-04-30T04:28:34.218207794Z stdout F -A ISTIO_INBOUND -p tcp -m tcp --dport 15090 -j RETURN
2022-04-30T04:28:34.218210663Z stdout F -A ISTIO_INBOUND -p tcp -m tcp --dport 15021 -j RETURN
2022-04-30T04:28:34.218213668Z stdout F -A ISTIO_INBOUND -p tcp -m tcp --dport 15020 -j RETURN
2022-04-30T04:28:34.218216498Z stdout F -A ISTIO_INBOUND -p tcp -j ISTIO_IN_REDIRECT
2022-04-30T04:28:34.218219395Z stdout F -A ISTIO_IN_REDIRECT -p tcp -j REDIRECT --to-ports 15006
2022-04-30T04:28:34.218222219Z stdout F -A ISTIO_OUTPUT -s 127.0.0.6/32 -o lo -j RETURN
2022-04-30T04:28:34.218225488Z stdout F -A ISTIO_OUTPUT ! -d 127.0.0.1/32 -o lo -m owner --uid-owner 1337 -j ISTIO_IN_REDIRECT
2022-04-30T04:28:34.218228345Z stdout F -A ISTIO_OUTPUT -o lo -m owner ! --uid-owner 1337 -j RETURN
2022-04-30T04:28:34.218231129Z stdout F -A ISTIO_OUTPUT -m owner --uid-owner 1337 -j RETURN
2022-04-30T04:28:34.218234049Z stdout F -A ISTIO_OUTPUT ! -d 127.0.0.1/32 -o lo -m owner --gid-owner 1337 -j ISTIO_IN_REDIRECT
2022-04-30T04:28:34.218236871Z stdout F -A ISTIO_OUTPUT -o lo -m owner ! --gid-owner 1337 -j RETURN
2022-04-30T04:28:34.218239658Z stdout F -A ISTIO_OUTPUT -m owner --gid-owner 1337 -j RETURN
2022-04-30T04:28:34.218242491Z stdout F -A ISTIO_OUTPUT -d 127.0.0.1/32 -j RETURN
2022-04-30T04:28:34.218245352Z stdout F -A ISTIO_OUTPUT -j ISTIO_REDIRECT
2022-04-30T04:28:34.218248246Z stdout F -A ISTIO_REDIRECT -p tcp -j REDIRECT --to-ports 15001
2022-04-30T04:28:34.218251168Z stdout F COMMIT
2022-04-30T04:28:34.218254104Z stdout F # Completed on Sat Apr 30 04:28:34 2022
2022-04-30T04:28:34.218256916Z stdout F 
