2022-05-09T06:51:04.837099583Z stdout F 2022-05-09T06:51:04.835442Z	info	Istio iptables environment:
2022-05-09T06:51:04.837133022Z stdout F ENVOY_PORT=
2022-05-09T06:51:04.837137974Z stdout F INBOUND_CAPTURE_PORT=
2022-05-09T06:51:04.837141548Z stdout F ISTIO_INBOUND_INTERCEPTION_MODE=
2022-05-09T06:51:04.837144512Z stdout F ISTIO_INBOUND_TPROXY_ROUTE_TABLE=
2022-05-09T06:51:04.837147038Z stdout F ISTIO_INBOUND_PORTS=
2022-05-09T06:51:04.837149579Z stdout F ISTIO_OUTBOUND_PORTS=
2022-05-09T06:51:04.837152086Z stdout F ISTIO_LOCAL_EXCLUDE_PORTS=
2022-05-09T06:51:04.837154629Z stdout F ISTIO_EXCLUDE_INTERFACES=
2022-05-09T06:51:04.837157113Z stdout F ISTIO_SERVICE_CIDR=
2022-05-09T06:51:04.837159609Z stdout F ISTIO_SERVICE_EXCLUDE_CIDR=
2022-05-09T06:51:04.837162078Z stdout F ISTIO_META_DNS_CAPTURE=
2022-05-09T06:51:04.837164628Z stdout F INVALID_DROP=
2022-05-09T06:51:04.837167078Z stdout F 
2022-05-09T06:51:04.837169662Z stdout F 2022-05-09T06:51:04.835487Z	info	Istio iptables variables:
2022-05-09T06:51:04.837172202Z stdout F PROXY_PORT=15001
2022-05-09T06:51:04.837175013Z stdout F PROXY_INBOUND_CAPTURE_PORT=15006
2022-05-09T06:51:04.837177585Z stdout F PROXY_TUNNEL_PORT=15008
2022-05-09T06:51:04.8371801Z stdout F PROXY_UID=1337
2022-05-09T06:51:04.837182758Z stdout F PROXY_GID=1337
2022-05-09T06:51:04.837185382Z stdout F INBOUND_INTERCEPTION_MODE=REDIRECT
2022-05-09T06:51:04.837187911Z stdout F INBOUND_TPROXY_MARK=1337
2022-05-09T06:51:04.837190385Z stdout F INBOUND_TPROXY_ROUTE_TABLE=133
2022-05-09T06:51:04.837192864Z stdout F INBOUND_PORTS_INCLUDE=*
2022-05-09T06:51:04.837195361Z stdout F INBOUND_PORTS_EXCLUDE=15090,15021,15020
2022-05-09T06:51:04.837197853Z stdout F OUTBOUND_IP_RANGES_INCLUDE=*
2022-05-09T06:51:04.837200562Z stdout F OUTBOUND_IP_RANGES_EXCLUDE=
2022-05-09T06:51:04.837203065Z stdout F OUTBOUND_PORTS_INCLUDE=
2022-05-09T06:51:04.837205549Z stdout F OUTBOUND_PORTS_EXCLUDE=
2022-05-09T06:51:04.837208068Z stdout F KUBE_VIRT_INTERFACES=
2022-05-09T06:51:04.837210583Z stdout F ENABLE_INBOUND_IPV6=false
2022-05-09T06:51:04.837213047Z stdout F DNS_CAPTURE=false
2022-05-09T06:51:04.837215527Z stdout F DROP_INVALID=false
2022-05-09T06:51:04.837218044Z stdout F CAPTURE_ALL_DNS=false
2022-05-09T06:51:04.837220552Z stdout F DNS_SERVERS=[],[]
2022-05-09T06:51:04.837223065Z stdout F OUTPUT_PATH=
2022-05-09T06:51:04.837225656Z stdout F NETWORK_NAMESPACE=
2022-05-09T06:51:04.83722818Z stdout F CNI_MODE=false
2022-05-09T06:51:04.837230755Z stdout F EXCLUDE_INTERFACES=
2022-05-09T06:51:04.837233146Z stdout F 
2022-05-09T06:51:04.837235971Z stdout F 2022-05-09T06:51:04.836257Z	info	Writing following contents to rules file: /tmp/iptables-rules-1652079064835530704.txt353952793
2022-05-09T06:51:04.837238554Z stdout F * nat
2022-05-09T06:51:04.837242973Z stdout F -N ISTIO_INBOUND
2022-05-09T06:51:04.837245604Z stdout F -N ISTIO_REDIRECT
2022-05-09T06:51:04.837248082Z stdout F -N ISTIO_IN_REDIRECT
2022-05-09T06:51:04.837250637Z stdout F -N ISTIO_OUTPUT
2022-05-09T06:51:04.837253177Z stdout F -A ISTIO_INBOUND -p tcp --dport 15008 -j RETURN
2022-05-09T06:51:04.837255703Z stdout F -A ISTIO_REDIRECT -p tcp -j REDIRECT --to-ports 15001
2022-05-09T06:51:04.837258223Z stdout F -A ISTIO_IN_REDIRECT -p tcp -j REDIRECT --to-ports 15006
2022-05-09T06:51:04.837260711Z stdout F -A PREROUTING -p tcp -j ISTIO_INBOUND
2022-05-09T06:51:04.837263214Z stdout F -A ISTIO_INBOUND -p tcp --dport 15090 -j RETURN
2022-05-09T06:51:04.837265724Z stdout F -A ISTIO_INBOUND -p tcp --dport 15021 -j RETURN
2022-05-09T06:51:04.8372682Z stdout F -A ISTIO_INBOUND -p tcp --dport 15020 -j RETURN
2022-05-09T06:51:04.837270745Z stdout F -A ISTIO_INBOUND -p tcp -j ISTIO_IN_REDIRECT
2022-05-09T06:51:04.837273226Z stdout F -A OUTPUT -p tcp -j ISTIO_OUTPUT
2022-05-09T06:51:04.837275722Z stdout F -A ISTIO_OUTPUT -o lo -s 127.0.0.6/32 -j RETURN
2022-05-09T06:51:04.837278543Z stdout F -A ISTIO_OUTPUT -o lo ! -d 127.0.0.1/32 -m owner --uid-owner 1337 -j ISTIO_IN_REDIRECT
2022-05-09T06:51:04.837280964Z stdout F -A ISTIO_OUTPUT -o lo -m owner ! --uid-owner 1337 -j RETURN
2022-05-09T06:51:04.837283397Z stdout F -A ISTIO_OUTPUT -m owner --uid-owner 1337 -j RETURN
2022-05-09T06:51:04.837290432Z stdout F -A ISTIO_OUTPUT -o lo ! -d 127.0.0.1/32 -m owner --gid-owner 1337 -j ISTIO_IN_REDIRECT
2022-05-09T06:51:04.837293474Z stdout F -A ISTIO_OUTPUT -o lo -m owner ! --gid-owner 1337 -j RETURN
2022-05-09T06:51:04.837295946Z stdout F -A ISTIO_OUTPUT -m owner --gid-owner 1337 -j RETURN
2022-05-09T06:51:04.837298445Z stdout F -A ISTIO_OUTPUT -d 127.0.0.1/32 -j RETURN
2022-05-09T06:51:04.837300975Z stdout F -A ISTIO_OUTPUT -j ISTIO_REDIRECT
2022-05-09T06:51:04.837303522Z stdout F COMMIT
2022-05-09T06:51:04.837306675Z stdout F 2022-05-09T06:51:04.836311Z	info	Running command: iptables-restore --noflush /tmp/iptables-rules-1652079064835530704.txt353952793
2022-05-09T06:51:04.842644075Z stdout F 2022-05-09T06:51:04.841923Z	info	Writing following contents to rules file: /tmp/ip6tables-rules-1652079064841839489.txt3992118282
2022-05-09T06:51:04.842667761Z stdout F 
2022-05-09T06:51:04.842671418Z stdout F 2022-05-09T06:51:04.841974Z	info	Running command: ip6tables-restore --noflush /tmp/ip6tables-rules-1652079064841839489.txt3992118282
2022-05-09T06:51:04.845366689Z stdout F 2022-05-09T06:51:04.844628Z	info	Running command: iptables-save 
2022-05-09T06:51:04.851439297Z stdout F 2022-05-09T06:51:04.850385Z	info	Command output: 
2022-05-09T06:51:04.851468592Z stdout F # Generated by iptables-save v1.8.4 on Mon May  9 06:51:04 2022
2022-05-09T06:51:04.851511871Z stdout F *nat
2022-05-09T06:51:04.851530783Z stdout F :PREROUTING ACCEPT [0:0]
2022-05-09T06:51:04.851538121Z stdout F :INPUT ACCEPT [0:0]
2022-05-09T06:51:04.851543353Z stdout F :OUTPUT ACCEPT [0:0]
2022-05-09T06:51:04.851565474Z stdout F :POSTROUTING ACCEPT [0:0]
2022-05-09T06:51:04.851578216Z stdout F :ISTIO_INBOUND - [0:0]
2022-05-09T06:51:04.851584506Z stdout F :ISTIO_IN_REDIRECT - [0:0]
2022-05-09T06:51:04.85159182Z stdout F :ISTIO_OUTPUT - [0:0]
2022-05-09T06:51:04.851603371Z stdout F :ISTIO_REDIRECT - [0:0]
2022-05-09T06:51:04.851612978Z stdout F -A PREROUTING -p tcp -j ISTIO_INBOUND
2022-05-09T06:51:04.851623518Z stdout F -A OUTPUT -p tcp -j ISTIO_OUTPUT
2022-05-09T06:51:04.851637851Z stdout F -A ISTIO_INBOUND -p tcp -m tcp --dport 15008 -j RETURN
2022-05-09T06:51:04.851647483Z stdout F -A ISTIO_INBOUND -p tcp -m tcp --dport 15090 -j RETURN
2022-05-09T06:51:04.851652759Z stdout F -A ISTIO_INBOUND -p tcp -m tcp --dport 15021 -j RETURN
2022-05-09T06:51:04.851657684Z stdout F -A ISTIO_INBOUND -p tcp -m tcp --dport 15020 -j RETURN
2022-05-09T06:51:04.851662163Z stdout F -A ISTIO_INBOUND -p tcp -j ISTIO_IN_REDIRECT
2022-05-09T06:51:04.851666648Z stdout F -A ISTIO_IN_REDIRECT -p tcp -j REDIRECT --to-ports 15006
2022-05-09T06:51:04.851671055Z stdout F -A ISTIO_OUTPUT -s 127.0.0.6/32 -o lo -j RETURN
2022-05-09T06:51:04.851682739Z stdout F -A ISTIO_OUTPUT ! -d 127.0.0.1/32 -o lo -m owner --uid-owner 1337 -j ISTIO_IN_REDIRECT
2022-05-09T06:51:04.851689348Z stdout F -A ISTIO_OUTPUT -o lo -m owner ! --uid-owner 1337 -j RETURN
2022-05-09T06:51:04.851693524Z stdout F -A ISTIO_OUTPUT -m owner --uid-owner 1337 -j RETURN
2022-05-09T06:51:04.851697628Z stdout F -A ISTIO_OUTPUT ! -d 127.0.0.1/32 -o lo -m owner --gid-owner 1337 -j ISTIO_IN_REDIRECT
2022-05-09T06:51:04.851745614Z stdout F -A ISTIO_OUTPUT -o lo -m owner ! --gid-owner 1337 -j RETURN
2022-05-09T06:51:04.851760645Z stdout F -A ISTIO_OUTPUT -m owner --gid-owner 1337 -j RETURN
2022-05-09T06:51:04.85176685Z stdout F -A ISTIO_OUTPUT -d 127.0.0.1/32 -j RETURN
2022-05-09T06:51:04.851771846Z stdout F -A ISTIO_OUTPUT -j ISTIO_REDIRECT
2022-05-09T06:51:04.851806604Z stdout F -A ISTIO_REDIRECT -p tcp -j REDIRECT --to-ports 15001
2022-05-09T06:51:04.851814574Z stdout F COMMIT
2022-05-09T06:51:04.851820139Z stdout F # Completed on Mon May  9 06:51:04 2022
2022-05-09T06:51:04.851824803Z stdout F 
