2022-06-13T02:22:20.928261609Z stdout F 2022-06-13T02:22:20.927945Z	info	Istio iptables environment:
2022-06-13T02:22:20.928318089Z stdout F ENVOY_PORT=
2022-06-13T02:22:20.928348684Z stdout F INBOUND_CAPTURE_PORT=
2022-06-13T02:22:20.928358239Z stdout F ISTIO_INBOUND_INTERCEPTION_MODE=
2022-06-13T02:22:20.928365136Z stdout F ISTIO_INBOUND_TPROXY_ROUTE_TABLE=
2022-06-13T02:22:20.92836786Z stdout F ISTIO_INBOUND_PORTS=
2022-06-13T02:22:20.928369845Z stdout F ISTIO_OUTBOUND_PORTS=
2022-06-13T02:22:20.928371833Z stdout F ISTIO_LOCAL_EXCLUDE_PORTS=
2022-06-13T02:22:20.928373678Z stdout F ISTIO_EXCLUDE_INTERFACES=
2022-06-13T02:22:20.928375512Z stdout F ISTIO_SERVICE_CIDR=
2022-06-13T02:22:20.92837737Z stdout F ISTIO_SERVICE_EXCLUDE_CIDR=
2022-06-13T02:22:20.928379235Z stdout F ISTIO_META_DNS_CAPTURE=
2022-06-13T02:22:20.92838122Z stdout F INVALID_DROP=
2022-06-13T02:22:20.928383055Z stdout F 
2022-06-13T02:22:20.928384939Z stdout F 2022-06-13T02:22:20.927970Z	info	Istio iptables variables:
2022-06-13T02:22:20.928386769Z stdout F PROXY_PORT=15001
2022-06-13T02:22:20.928388655Z stdout F PROXY_INBOUND_CAPTURE_PORT=15006
2022-06-13T02:22:20.928390518Z stdout F PROXY_TUNNEL_PORT=15008
2022-06-13T02:22:20.928392462Z stdout F PROXY_UID=1337
2022-06-13T02:22:20.928409193Z stdout F PROXY_GID=1337
2022-06-13T02:22:20.928411209Z stdout F INBOUND_INTERCEPTION_MODE=REDIRECT
2022-06-13T02:22:20.92841295Z stdout F INBOUND_TPROXY_MARK=1337
2022-06-13T02:22:20.928414723Z stdout F INBOUND_TPROXY_ROUTE_TABLE=133
2022-06-13T02:22:20.928416492Z stdout F INBOUND_PORTS_INCLUDE=*
2022-06-13T02:22:20.928433004Z stdout F INBOUND_PORTS_EXCLUDE=15090,15021,15020
2022-06-13T02:22:20.928434995Z stdout F OUTBOUND_IP_RANGES_INCLUDE=*
2022-06-13T02:22:20.928436847Z stdout F OUTBOUND_IP_RANGES_EXCLUDE=
2022-06-13T02:22:20.928439104Z stdout F OUTBOUND_PORTS_INCLUDE=
2022-06-13T02:22:20.928442296Z stdout F OUTBOUND_PORTS_EXCLUDE=
2022-06-13T02:22:20.928444394Z stdout F KUBE_VIRT_INTERFACES=
2022-06-13T02:22:20.928446228Z stdout F ENABLE_INBOUND_IPV6=false
2022-06-13T02:22:20.928448092Z stdout F DNS_CAPTURE=false
2022-06-13T02:22:20.92844994Z stdout F DROP_INVALID=false
2022-06-13T02:22:20.928451814Z stdout F CAPTURE_ALL_DNS=false
2022-06-13T02:22:20.92845371Z stdout F DNS_SERVERS=[],[]
2022-06-13T02:22:20.928455595Z stdout F OUTPUT_PATH=
2022-06-13T02:22:20.928457638Z stdout F NETWORK_NAMESPACE=
2022-06-13T02:22:20.928459531Z stdout F CNI_MODE=false
2022-06-13T02:22:20.928461418Z stdout F EXCLUDE_INTERFACES=
2022-06-13T02:22:20.92846317Z stdout F 
2022-06-13T02:22:20.928471597Z stdout F 2022-06-13T02:22:20.928280Z	info	Writing following contents to rules file: /tmp/iptables-rules-1655086940928012834.txt2888333983
2022-06-13T02:22:20.92847403Z stdout F * nat
2022-06-13T02:22:20.928475956Z stdout F -N ISTIO_INBOUND
2022-06-13T02:22:20.928478317Z stdout F -N ISTIO_REDIRECT
2022-06-13T02:22:20.928480618Z stdout F -N ISTIO_IN_REDIRECT
2022-06-13T02:22:20.928482462Z stdout F -N ISTIO_OUTPUT
2022-06-13T02:22:20.928484336Z stdout F -A ISTIO_INBOUND -p tcp --dport 15008 -j RETURN
2022-06-13T02:22:20.928486191Z stdout F -A ISTIO_REDIRECT -p tcp -j REDIRECT --to-ports 15001
2022-06-13T02:22:20.928488034Z stdout F -A ISTIO_IN_REDIRECT -p tcp -j REDIRECT --to-ports 15006
2022-06-13T02:22:20.928489849Z stdout F -A PREROUTING -p tcp -j ISTIO_INBOUND
2022-06-13T02:22:20.928491705Z stdout F -A ISTIO_INBOUND -p tcp --dport 15090 -j RETURN
2022-06-13T02:22:20.928493607Z stdout F -A ISTIO_INBOUND -p tcp --dport 15021 -j RETURN
2022-06-13T02:22:20.928495441Z stdout F -A ISTIO_INBOUND -p tcp --dport 15020 -j RETURN
2022-06-13T02:22:20.92849729Z stdout F -A ISTIO_INBOUND -p tcp -j ISTIO_IN_REDIRECT
2022-06-13T02:22:20.928513238Z stdout F -A OUTPUT -p tcp -j ISTIO_OUTPUT
2022-06-13T02:22:20.928515737Z stdout F -A ISTIO_OUTPUT -o lo -s 127.0.0.6/32 -j RETURN
2022-06-13T02:22:20.928517789Z stdout F -A ISTIO_OUTPUT -o lo ! -d 127.0.0.1/32 -m owner --uid-owner 1337 -j ISTIO_IN_REDIRECT
2022-06-13T02:22:20.928519531Z stdout F -A ISTIO_OUTPUT -o lo -m owner ! --uid-owner 1337 -j RETURN
2022-06-13T02:22:20.928521256Z stdout F -A ISTIO_OUTPUT -m owner --uid-owner 1337 -j RETURN
2022-06-13T02:22:20.928528946Z stdout F -A ISTIO_OUTPUT -o lo ! -d 127.0.0.1/32 -m owner --gid-owner 1337 -j ISTIO_IN_REDIRECT
2022-06-13T02:22:20.928531146Z stdout F -A ISTIO_OUTPUT -o lo -m owner ! --gid-owner 1337 -j RETURN
2022-06-13T02:22:20.928532885Z stdout F -A ISTIO_OUTPUT -m owner --gid-owner 1337 -j RETURN
2022-06-13T02:22:20.928562262Z stdout F -A ISTIO_OUTPUT -d 127.0.0.1/32 -j RETURN
2022-06-13T02:22:20.928564154Z stdout F -A ISTIO_OUTPUT -j ISTIO_REDIRECT
2022-06-13T02:22:20.92856604Z stdout F COMMIT
2022-06-13T02:22:20.928568375Z stdout F 2022-06-13T02:22:20.928361Z	info	Running command: iptables-restore --noflush /tmp/iptables-rules-1655086940928012834.txt2888333983
2022-06-13T02:22:20.932535039Z stdout F 2022-06-13T02:22:20.932172Z	info	Writing following contents to rules file: /tmp/ip6tables-rules-1655086940932125197.txt4245475095
2022-06-13T02:22:20.93259983Z stdout F 
2022-06-13T02:22:20.932604512Z stdout F 2022-06-13T02:22:20.932223Z	info	Running command: ip6tables-restore --noflush /tmp/ip6tables-rules-1655086940932125197.txt4245475095
2022-06-13T02:22:20.935355143Z stdout F 2022-06-13T02:22:20.935098Z	info	Running command: iptables-save 
2022-06-13T02:22:20.938390167Z stdout F 2022-06-13T02:22:20.938128Z	info	Command output: 
2022-06-13T02:22:20.938408097Z stdout F # Generated by iptables-save v1.8.4 on Mon Jun 13 02:22:20 2022
2022-06-13T02:22:20.938412155Z stdout F *nat
2022-06-13T02:22:20.938414888Z stdout F :PREROUTING ACCEPT [0:0]
2022-06-13T02:22:20.938417133Z stdout F :INPUT ACCEPT [0:0]
2022-06-13T02:22:20.938419404Z stdout F :OUTPUT ACCEPT [0:0]
2022-06-13T02:22:20.938422691Z stdout F :POSTROUTING ACCEPT [0:0]
2022-06-13T02:22:20.938424984Z stdout F :ISTIO_INBOUND - [0:0]
2022-06-13T02:22:20.938427237Z stdout F :ISTIO_IN_REDIRECT - [0:0]
2022-06-13T02:22:20.938429477Z stdout F :ISTIO_OUTPUT - [0:0]
2022-06-13T02:22:20.938431815Z stdout F :ISTIO_REDIRECT - [0:0]
2022-06-13T02:22:20.938435127Z stdout F -A PREROUTING -p tcp -j ISTIO_INBOUND
2022-06-13T02:22:20.938437512Z stdout F -A OUTPUT -p tcp -j ISTIO_OUTPUT
2022-06-13T02:22:20.93850609Z stdout F -A ISTIO_INBOUND -p tcp -m tcp --dport 15008 -j RETURN
2022-06-13T02:22:20.938511551Z stdout F -A ISTIO_INBOUND -p tcp -m tcp --dport 15090 -j RETURN
2022-06-13T02:22:20.938514039Z stdout F -A ISTIO_INBOUND -p tcp -m tcp --dport 15021 -j RETURN
2022-06-13T02:22:20.938516346Z stdout F -A ISTIO_INBOUND -p tcp -m tcp --dport 15020 -j RETURN
2022-06-13T02:22:20.938518616Z stdout F -A ISTIO_INBOUND -p tcp -j ISTIO_IN_REDIRECT
2022-06-13T02:22:20.938520971Z stdout F -A ISTIO_IN_REDIRECT -p tcp -j REDIRECT --to-ports 15006
2022-06-13T02:22:20.938523216Z stdout F -A ISTIO_OUTPUT -s 127.0.0.6/32 -o lo -j RETURN
2022-06-13T02:22:20.938526008Z stdout F -A ISTIO_OUTPUT ! -d 127.0.0.1/32 -o lo -m owner --uid-owner 1337 -j ISTIO_IN_REDIRECT
2022-06-13T02:22:20.938528379Z stdout F -A ISTIO_OUTPUT -o lo -m owner ! --uid-owner 1337 -j RETURN
2022-06-13T02:22:20.938530627Z stdout F -A ISTIO_OUTPUT -m owner --uid-owner 1337 -j RETURN
2022-06-13T02:22:20.938532964Z stdout F -A ISTIO_OUTPUT ! -d 127.0.0.1/32 -o lo -m owner --gid-owner 1337 -j ISTIO_IN_REDIRECT
2022-06-13T02:22:20.938535227Z stdout F -A ISTIO_OUTPUT -o lo -m owner ! --gid-owner 1337 -j RETURN
2022-06-13T02:22:20.938537472Z stdout F -A ISTIO_OUTPUT -m owner --gid-owner 1337 -j RETURN
2022-06-13T02:22:20.938539847Z stdout F -A ISTIO_OUTPUT -d 127.0.0.1/32 -j RETURN
2022-06-13T02:22:20.93854215Z stdout F -A ISTIO_OUTPUT -j ISTIO_REDIRECT
2022-06-13T02:22:20.938544435Z stdout F -A ISTIO_REDIRECT -p tcp -j REDIRECT --to-ports 15001
2022-06-13T02:22:20.938546759Z stdout F COMMIT
2022-06-13T02:22:20.938549153Z stdout F # Completed on Mon Jun 13 02:22:20 2022
2022-06-13T02:22:20.938551377Z stdout F 
