2022-05-26T05:25:23.029867081Z stdout F 2022-05-26T05:25:23.029571Z	info	Istio iptables environment:
2022-05-26T05:25:23.029967829Z stdout F ENVOY_PORT=
2022-05-26T05:25:23.029975582Z stdout F INBOUND_CAPTURE_PORT=
2022-05-26T05:25:23.029978717Z stdout F ISTIO_INBOUND_INTERCEPTION_MODE=
2022-05-26T05:25:23.029981269Z stdout F ISTIO_INBOUND_TPROXY_ROUTE_TABLE=
2022-05-26T05:25:23.029983153Z stdout F ISTIO_INBOUND_PORTS=
2022-05-26T05:25:23.029985013Z stdout F ISTIO_OUTBOUND_PORTS=
2022-05-26T05:25:23.029986906Z stdout F ISTIO_LOCAL_EXCLUDE_PORTS=
2022-05-26T05:25:23.029988787Z stdout F ISTIO_EXCLUDE_INTERFACES=
2022-05-26T05:25:23.029990643Z stdout F ISTIO_SERVICE_CIDR=
2022-05-26T05:25:23.029992549Z stdout F ISTIO_SERVICE_EXCLUDE_CIDR=
2022-05-26T05:25:23.029994496Z stdout F ISTIO_META_DNS_CAPTURE=
2022-05-26T05:25:23.030046105Z stdout F INVALID_DROP=
2022-05-26T05:25:23.030051778Z stdout F 
2022-05-26T05:25:23.030054305Z stdout F 2022-05-26T05:25:23.029629Z	info	Istio iptables variables:
2022-05-26T05:25:23.030056461Z stdout F PROXY_PORT=15001
2022-05-26T05:25:23.030058482Z stdout F PROXY_INBOUND_CAPTURE_PORT=15006
2022-05-26T05:25:23.030060404Z stdout F PROXY_TUNNEL_PORT=15008
2022-05-26T05:25:23.030062305Z stdout F PROXY_UID=1337
2022-05-26T05:25:23.03006456Z stdout F PROXY_GID=1337
2022-05-26T05:25:23.030066574Z stdout F INBOUND_INTERCEPTION_MODE=REDIRECT
2022-05-26T05:25:23.030068459Z stdout F INBOUND_TPROXY_MARK=1337
2022-05-26T05:25:23.030070313Z stdout F INBOUND_TPROXY_ROUTE_TABLE=133
2022-05-26T05:25:23.030072183Z stdout F INBOUND_PORTS_INCLUDE=*
2022-05-26T05:25:23.030074056Z stdout F INBOUND_PORTS_EXCLUDE=15090,15021,15020
2022-05-26T05:25:23.030075914Z stdout F OUTBOUND_IP_RANGES_INCLUDE=*
2022-05-26T05:25:23.030077837Z stdout F OUTBOUND_IP_RANGES_EXCLUDE=
2022-05-26T05:25:23.030079755Z stdout F OUTBOUND_PORTS_INCLUDE=
2022-05-26T05:25:23.030082236Z stdout F OUTBOUND_PORTS_EXCLUDE=
2022-05-26T05:25:23.030084163Z stdout F KUBE_VIRT_INTERFACES=
2022-05-26T05:25:23.030087975Z stdout F ENABLE_INBOUND_IPV6=false
2022-05-26T05:25:23.03009105Z stdout F DNS_CAPTURE=false
2022-05-26T05:25:23.030093124Z stdout F DROP_INVALID=false
2022-05-26T05:25:23.030095009Z stdout F CAPTURE_ALL_DNS=false
2022-05-26T05:25:23.03009691Z stdout F DNS_SERVERS=[],[]
2022-05-26T05:25:23.030098918Z stdout F OUTPUT_PATH=
2022-05-26T05:25:23.030100802Z stdout F NETWORK_NAMESPACE=
2022-05-26T05:25:23.030102739Z stdout F CNI_MODE=false
2022-05-26T05:25:23.03010468Z stdout F EXCLUDE_INTERFACES=
2022-05-26T05:25:23.030106472Z stdout F 
2022-05-26T05:25:23.030136084Z stdout F 2022-05-26T05:25:23.029894Z	info	Writing following contents to rules file: /tmp/iptables-rules-1653542723029680969.txt4033910225
2022-05-26T05:25:23.030141692Z stdout F * nat
2022-05-26T05:25:23.03014397Z stdout F -N ISTIO_INBOUND
2022-05-26T05:25:23.030145874Z stdout F -N ISTIO_REDIRECT
2022-05-26T05:25:23.0301484Z stdout F -N ISTIO_IN_REDIRECT
2022-05-26T05:25:23.030151645Z stdout F -N ISTIO_OUTPUT
2022-05-26T05:25:23.030153744Z stdout F -A ISTIO_INBOUND -p tcp --dport 15008 -j RETURN
2022-05-26T05:25:23.030155646Z stdout F -A ISTIO_REDIRECT -p tcp -j REDIRECT --to-ports 15001
2022-05-26T05:25:23.030157534Z stdout F -A ISTIO_IN_REDIRECT -p tcp -j REDIRECT --to-ports 15006
2022-05-26T05:25:23.030159368Z stdout F -A PREROUTING -p tcp -j ISTIO_INBOUND
2022-05-26T05:25:23.030161364Z stdout F -A ISTIO_INBOUND -p tcp --dport 15090 -j RETURN
2022-05-26T05:25:23.030163234Z stdout F -A ISTIO_INBOUND -p tcp --dport 15021 -j RETURN
2022-05-26T05:25:23.030165101Z stdout F -A ISTIO_INBOUND -p tcp --dport 15020 -j RETURN
2022-05-26T05:25:23.030166965Z stdout F -A ISTIO_INBOUND -p tcp -j ISTIO_IN_REDIRECT
2022-05-26T05:25:23.030169009Z stdout F -A OUTPUT -p tcp -j ISTIO_OUTPUT
2022-05-26T05:25:23.030171013Z stdout F -A ISTIO_OUTPUT -o lo -s 127.0.0.6/32 -j RETURN
2022-05-26T05:25:23.030173108Z stdout F -A ISTIO_OUTPUT -o lo ! -d 127.0.0.1/32 -m owner --uid-owner 1337 -j ISTIO_IN_REDIRECT
2022-05-26T05:25:23.030175027Z stdout F -A ISTIO_OUTPUT -o lo -m owner ! --uid-owner 1337 -j RETURN
2022-05-26T05:25:23.03017707Z stdout F -A ISTIO_OUTPUT -m owner --uid-owner 1337 -j RETURN
2022-05-26T05:25:23.030187168Z stdout F -A ISTIO_OUTPUT -o lo ! -d 127.0.0.1/32 -m owner --gid-owner 1337 -j ISTIO_IN_REDIRECT
2022-05-26T05:25:23.030189728Z stdout F -A ISTIO_OUTPUT -o lo -m owner ! --gid-owner 1337 -j RETURN
2022-05-26T05:25:23.030191543Z stdout F -A ISTIO_OUTPUT -m owner --gid-owner 1337 -j RETURN
2022-05-26T05:25:23.030193617Z stdout F -A ISTIO_OUTPUT -d 127.0.0.1/32 -j RETURN
2022-05-26T05:25:23.030195508Z stdout F -A ISTIO_OUTPUT -j ISTIO_REDIRECT
2022-05-26T05:25:23.030197496Z stdout F COMMIT
2022-05-26T05:25:23.030224686Z stdout F 2022-05-26T05:25:23.029971Z	info	Running command: iptables-restore --noflush /tmp/iptables-rules-1653542723029680969.txt4033910225
2022-05-26T05:25:23.043458947Z stdout F 2022-05-26T05:25:23.043148Z	info	Writing following contents to rules file: /tmp/ip6tables-rules-1653542723043092715.txt3260849454
2022-05-26T05:25:23.043472897Z stdout F 
2022-05-26T05:25:23.043475809Z stdout F 2022-05-26T05:25:23.043239Z	info	Running command: ip6tables-restore --noflush /tmp/ip6tables-rules-1653542723043092715.txt3260849454
2022-05-26T05:25:23.04563838Z stdout F 2022-05-26T05:25:23.045329Z	info	Running command: iptables-save 
2022-05-26T05:25:23.049274362Z stdout F 2022-05-26T05:25:23.049079Z	info	Command output: 
2022-05-26T05:25:23.04943158Z stdout F # Generated by iptables-save v1.8.4 on Thu May 26 05:25:23 2022
2022-05-26T05:25:23.049436463Z stdout F *nat
2022-05-26T05:25:23.049439235Z stdout F :PREROUTING ACCEPT [0:0]
2022-05-26T05:25:23.049441152Z stdout F :INPUT ACCEPT [0:0]
2022-05-26T05:25:23.049443026Z stdout F :OUTPUT ACCEPT [0:0]
2022-05-26T05:25:23.049445337Z stdout F :POSTROUTING ACCEPT [0:0]
2022-05-26T05:25:23.049447197Z stdout F :ISTIO_INBOUND - [0:0]
2022-05-26T05:25:23.049449188Z stdout F :ISTIO_IN_REDIRECT - [0:0]
2022-05-26T05:25:23.049451074Z stdout F :ISTIO_OUTPUT - [0:0]
2022-05-26T05:25:23.049452964Z stdout F :ISTIO_REDIRECT - [0:0]
2022-05-26T05:25:23.049455209Z stdout F -A PREROUTING -p tcp -j ISTIO_INBOUND
2022-05-26T05:25:23.0494571Z stdout F -A OUTPUT -p tcp -j ISTIO_OUTPUT
2022-05-26T05:25:23.049459043Z stdout F -A ISTIO_INBOUND -p tcp -m tcp --dport 15008 -j RETURN
2022-05-26T05:25:23.049460924Z stdout F -A ISTIO_INBOUND -p tcp -m tcp --dport 15090 -j RETURN
2022-05-26T05:25:23.04946282Z stdout F -A ISTIO_INBOUND -p tcp -m tcp --dport 15021 -j RETURN
2022-05-26T05:25:23.049464813Z stdout F -A ISTIO_INBOUND -p tcp -m tcp --dport 15020 -j RETURN
2022-05-26T05:25:23.049466715Z stdout F -A ISTIO_INBOUND -p tcp -j ISTIO_IN_REDIRECT
2022-05-26T05:25:23.049468579Z stdout F -A ISTIO_IN_REDIRECT -p tcp -j REDIRECT --to-ports 15006
2022-05-26T05:25:23.049470423Z stdout F -A ISTIO_OUTPUT -s 127.0.0.6/32 -o lo -j RETURN
2022-05-26T05:25:23.04948685Z stdout F -A ISTIO_OUTPUT ! -d 127.0.0.1/32 -o lo -m owner --uid-owner 1337 -j ISTIO_IN_REDIRECT
2022-05-26T05:25:23.049488572Z stdout F -A ISTIO_OUTPUT -o lo -m owner ! --uid-owner 1337 -j RETURN
2022-05-26T05:25:23.049490459Z stdout F -A ISTIO_OUTPUT -m owner --uid-owner 1337 -j RETURN
2022-05-26T05:25:23.049492252Z stdout F -A ISTIO_OUTPUT ! -d 127.0.0.1/32 -o lo -m owner --gid-owner 1337 -j ISTIO_IN_REDIRECT
2022-05-26T05:25:23.049494127Z stdout F -A ISTIO_OUTPUT -o lo -m owner ! --gid-owner 1337 -j RETURN
2022-05-26T05:25:23.049495864Z stdout F -A ISTIO_OUTPUT -m owner --gid-owner 1337 -j RETURN
2022-05-26T05:25:23.049497667Z stdout F -A ISTIO_OUTPUT -d 127.0.0.1/32 -j RETURN
2022-05-26T05:25:23.049499471Z stdout F -A ISTIO_OUTPUT -j ISTIO_REDIRECT
2022-05-26T05:25:23.049521048Z stdout F -A ISTIO_REDIRECT -p tcp -j REDIRECT --to-ports 15001
2022-05-26T05:25:23.049523155Z stdout F COMMIT
2022-05-26T05:25:23.049525105Z stdout F # Completed on Thu May 26 05:25:23 2022
2022-05-26T05:25:23.049527078Z stdout F 
