2022-05-25T10:52:39.65897247Z stdout F 2022-05-25T10:52:39.649005Z	info	Istio iptables environment:
2022-05-25T10:52:39.659051636Z stdout F ENVOY_PORT=
2022-05-25T10:52:39.659064325Z stdout F INBOUND_CAPTURE_PORT=
2022-05-25T10:52:39.659072486Z stdout F ISTIO_INBOUND_INTERCEPTION_MODE=
2022-05-25T10:52:39.659080792Z stdout F ISTIO_INBOUND_TPROXY_ROUTE_TABLE=
2022-05-25T10:52:39.659087445Z stdout F ISTIO_INBOUND_PORTS=
2022-05-25T10:52:39.659093612Z stdout F ISTIO_OUTBOUND_PORTS=
2022-05-25T10:52:39.659100362Z stdout F ISTIO_LOCAL_EXCLUDE_PORTS=
2022-05-25T10:52:39.659106601Z stdout F ISTIO_EXCLUDE_INTERFACES=
2022-05-25T10:52:39.659112696Z stdout F ISTIO_SERVICE_CIDR=
2022-05-25T10:52:39.659118854Z stdout F ISTIO_SERVICE_EXCLUDE_CIDR=
2022-05-25T10:52:39.65912505Z stdout F ISTIO_META_DNS_CAPTURE=
2022-05-25T10:52:39.659131708Z stdout F INVALID_DROP=
2022-05-25T10:52:39.659138036Z stdout F 
2022-05-25T10:52:39.659144231Z stdout F 2022-05-25T10:52:39.649104Z	info	Istio iptables variables:
2022-05-25T10:52:39.659150889Z stdout F PROXY_PORT=15001
2022-05-25T10:52:39.659156967Z stdout F PROXY_INBOUND_CAPTURE_PORT=15006
2022-05-25T10:52:39.659162943Z stdout F PROXY_TUNNEL_PORT=15008
2022-05-25T10:52:39.659169443Z stdout F PROXY_UID=1337
2022-05-25T10:52:39.659175674Z stdout F PROXY_GID=1337
2022-05-25T10:52:39.659182451Z stdout F INBOUND_INTERCEPTION_MODE=REDIRECT
2022-05-25T10:52:39.65918882Z stdout F INBOUND_TPROXY_MARK=1337
2022-05-25T10:52:39.65919536Z stdout F INBOUND_TPROXY_ROUTE_TABLE=133
2022-05-25T10:52:39.65925191Z stdout F INBOUND_PORTS_INCLUDE=*
2022-05-25T10:52:39.659262626Z stdout F INBOUND_PORTS_EXCLUDE=15090,15021,15020
2022-05-25T10:52:39.659269859Z stdout F OUTBOUND_IP_RANGES_INCLUDE=*
2022-05-25T10:52:39.659276435Z stdout F OUTBOUND_IP_RANGES_EXCLUDE=
2022-05-25T10:52:39.659283291Z stdout F OUTBOUND_PORTS_INCLUDE=
2022-05-25T10:52:39.659289224Z stdout F OUTBOUND_PORTS_EXCLUDE=
2022-05-25T10:52:39.659294867Z stdout F KUBE_VIRT_INTERFACES=
2022-05-25T10:52:39.659300835Z stdout F ENABLE_INBOUND_IPV6=false
2022-05-25T10:52:39.65930704Z stdout F DNS_CAPTURE=false
2022-05-25T10:52:39.659312808Z stdout F DROP_INVALID=false
2022-05-25T10:52:39.659318385Z stdout F CAPTURE_ALL_DNS=false
2022-05-25T10:52:39.659324216Z stdout F DNS_SERVERS=[],[]
2022-05-25T10:52:39.659330741Z stdout F OUTPUT_PATH=
2022-05-25T10:52:39.659337002Z stdout F NETWORK_NAMESPACE=
2022-05-25T10:52:39.659343146Z stdout F CNI_MODE=false
2022-05-25T10:52:39.659349209Z stdout F EXCLUDE_INTERFACES=
2022-05-25T10:52:39.659355394Z stdout F 
2022-05-25T10:52:39.659362079Z stdout F 2022-05-25T10:52:39.649359Z	info	Writing following contents to rules file: /tmp/iptables-rules-1653475959649169577.txt2697273787
2022-05-25T10:52:39.659368252Z stdout F * nat
2022-05-25T10:52:39.65937407Z stdout F -N ISTIO_INBOUND
2022-05-25T10:52:39.659380142Z stdout F -N ISTIO_REDIRECT
2022-05-25T10:52:39.659386636Z stdout F -N ISTIO_IN_REDIRECT
2022-05-25T10:52:39.659392772Z stdout F -N ISTIO_OUTPUT
2022-05-25T10:52:39.659398938Z stdout F -A ISTIO_INBOUND -p tcp --dport 15008 -j RETURN
2022-05-25T10:52:39.659405013Z stdout F -A ISTIO_REDIRECT -p tcp -j REDIRECT --to-ports 15001
2022-05-25T10:52:39.659410548Z stdout F -A ISTIO_IN_REDIRECT -p tcp -j REDIRECT --to-ports 15006
2022-05-25T10:52:39.659416353Z stdout F -A PREROUTING -p tcp -j ISTIO_INBOUND
2022-05-25T10:52:39.659422437Z stdout F -A ISTIO_INBOUND -p tcp --dport 15090 -j RETURN
2022-05-25T10:52:39.659428617Z stdout F -A ISTIO_INBOUND -p tcp --dport 15021 -j RETURN
2022-05-25T10:52:39.659434816Z stdout F -A ISTIO_INBOUND -p tcp --dport 15020 -j RETURN
2022-05-25T10:52:39.659441161Z stdout F -A ISTIO_INBOUND -p tcp -j ISTIO_IN_REDIRECT
2022-05-25T10:52:39.659447642Z stdout F -A OUTPUT -p tcp -j ISTIO_OUTPUT
2022-05-25T10:52:39.659453638Z stdout F -A ISTIO_OUTPUT -o lo -s 127.0.0.6/32 -j RETURN
2022-05-25T10:52:39.659459952Z stdout F -A ISTIO_OUTPUT -o lo ! -d 127.0.0.1/32 -m owner --uid-owner 1337 -j ISTIO_IN_REDIRECT
2022-05-25T10:52:39.65946553Z stdout F -A ISTIO_OUTPUT -o lo -m owner ! --uid-owner 1337 -j RETURN
2022-05-25T10:52:39.659470842Z stdout F -A ISTIO_OUTPUT -m owner --uid-owner 1337 -j RETURN
2022-05-25T10:52:39.659492907Z stdout F -A ISTIO_OUTPUT -o lo ! -d 127.0.0.1/32 -m owner --gid-owner 1337 -j ISTIO_IN_REDIRECT
2022-05-25T10:52:39.659501087Z stdout F -A ISTIO_OUTPUT -o lo -m owner ! --gid-owner 1337 -j RETURN
2022-05-25T10:52:39.65950773Z stdout F -A ISTIO_OUTPUT -m owner --gid-owner 1337 -j RETURN
2022-05-25T10:52:39.659514009Z stdout F -A ISTIO_OUTPUT -d 127.0.0.1/32 -j RETURN
2022-05-25T10:52:39.659519654Z stdout F -A ISTIO_OUTPUT -j ISTIO_REDIRECT
2022-05-25T10:52:39.659525211Z stdout F COMMIT
2022-05-25T10:52:39.659531954Z stdout F 2022-05-25T10:52:39.649473Z	info	Running command: iptables-restore --noflush /tmp/iptables-rules-1653475959649169577.txt2697273787
2022-05-25T10:52:39.674343885Z stdout F 2022-05-25T10:52:39.673952Z	info	Writing following contents to rules file: /tmp/ip6tables-rules-1653475959673814191.txt637165664
2022-05-25T10:52:39.674375827Z stdout F 
2022-05-25T10:52:39.674386475Z stdout F 2022-05-25T10:52:39.674052Z	info	Running command: ip6tables-restore --noflush /tmp/ip6tables-rules-1653475959673814191.txt637165664
2022-05-25T10:52:39.680107481Z stdout F 2022-05-25T10:52:39.679131Z	info	Running command: iptables-save 
2022-05-25T10:52:39.888026787Z stdout F 2022-05-25T10:52:39.885812Z	info	Command output: 
2022-05-25T10:52:39.8880775Z stdout F # Generated by iptables-save v1.8.4 on Wed May 25 10:52:39 2022
2022-05-25T10:52:39.888087754Z stdout F *nat
2022-05-25T10:52:39.888095319Z stdout F :PREROUTING ACCEPT [0:0]
2022-05-25T10:52:39.888101266Z stdout F :INPUT ACCEPT [0:0]
2022-05-25T10:52:39.888107305Z stdout F :OUTPUT ACCEPT [0:0]
2022-05-25T10:52:39.888113776Z stdout F :POSTROUTING ACCEPT [0:0]
2022-05-25T10:52:39.888118993Z stdout F :ISTIO_INBOUND - [0:0]
2022-05-25T10:52:39.888124664Z stdout F :ISTIO_IN_REDIRECT - [0:0]
2022-05-25T10:52:39.888130545Z stdout F :ISTIO_OUTPUT - [0:0]
2022-05-25T10:52:39.888136796Z stdout F :ISTIO_REDIRECT - [0:0]
2022-05-25T10:52:39.888150549Z stdout F -A PREROUTING -p tcp -j ISTIO_INBOUND
2022-05-25T10:52:39.888165777Z stdout F -A OUTPUT -p tcp -j ISTIO_OUTPUT
2022-05-25T10:52:39.888173645Z stdout F -A ISTIO_INBOUND -p tcp -m tcp --dport 15008 -j RETURN
2022-05-25T10:52:39.888180001Z stdout F -A ISTIO_INBOUND -p tcp -m tcp --dport 15090 -j RETURN
2022-05-25T10:52:39.888186159Z stdout F -A ISTIO_INBOUND -p tcp -m tcp --dport 15021 -j RETURN
2022-05-25T10:52:39.888192218Z stdout F -A ISTIO_INBOUND -p tcp -m tcp --dport 15020 -j RETURN
2022-05-25T10:52:39.888198267Z stdout F -A ISTIO_INBOUND -p tcp -j ISTIO_IN_REDIRECT
2022-05-25T10:52:39.888204324Z stdout F -A ISTIO_IN_REDIRECT -p tcp -j REDIRECT --to-ports 15006
2022-05-25T10:52:39.88821037Z stdout F -A ISTIO_OUTPUT -s 127.0.0.6/32 -o lo -j RETURN
2022-05-25T10:52:39.888217162Z stdout F -A ISTIO_OUTPUT ! -d 127.0.0.1/32 -o lo -m owner --uid-owner 1337 -j ISTIO_IN_REDIRECT
2022-05-25T10:52:39.888222944Z stdout F -A ISTIO_OUTPUT -o lo -m owner ! --uid-owner 1337 -j RETURN
2022-05-25T10:52:39.888228569Z stdout F -A ISTIO_OUTPUT -m owner --uid-owner 1337 -j RETURN
2022-05-25T10:52:39.888234111Z stdout F -A ISTIO_OUTPUT ! -d 127.0.0.1/32 -o lo -m owner --gid-owner 1337 -j ISTIO_IN_REDIRECT
2022-05-25T10:52:39.888243946Z stdout F -A ISTIO_OUTPUT -o lo -m owner ! --gid-owner 1337 -j RETURN
2022-05-25T10:52:39.888251094Z stdout F -A ISTIO_OUTPUT -m owner --gid-owner 1337 -j RETURN
2022-05-25T10:52:39.88825722Z stdout F -A ISTIO_OUTPUT -d 127.0.0.1/32 -j RETURN
2022-05-25T10:52:39.888263024Z stdout F -A ISTIO_OUTPUT -j ISTIO_REDIRECT
2022-05-25T10:52:39.888269016Z stdout F -A ISTIO_REDIRECT -p tcp -j REDIRECT --to-ports 15001
2022-05-25T10:52:39.888275576Z stdout F COMMIT
2022-05-25T10:52:39.888281777Z stdout F # Completed on Wed May 25 10:52:39 2022
2022-05-25T10:52:39.888286897Z stdout F 
