2022-04-27T06:19:43.672442322Z stdout F 2022-04-27T06:19:43.616270Z	info	Istio iptables environment:
2022-04-27T06:19:43.681546301Z stdout F ENVOY_PORT=
2022-04-27T06:19:43.681568116Z stdout F INBOUND_CAPTURE_PORT=
2022-04-27T06:19:43.68158037Z stdout F ISTIO_INBOUND_INTERCEPTION_MODE=
2022-04-27T06:19:43.681590268Z stdout F ISTIO_INBOUND_TPROXY_ROUTE_TABLE=
2022-04-27T06:19:43.681598597Z stdout F ISTIO_INBOUND_PORTS=
2022-04-27T06:19:43.681607285Z stdout F ISTIO_OUTBOUND_PORTS=
2022-04-27T06:19:43.681615681Z stdout F ISTIO_LOCAL_EXCLUDE_PORTS=
2022-04-27T06:19:43.681624118Z stdout F ISTIO_EXCLUDE_INTERFACES=
2022-04-27T06:19:43.681632519Z stdout F ISTIO_SERVICE_CIDR=
2022-04-27T06:19:43.681641548Z stdout F ISTIO_SERVICE_EXCLUDE_CIDR=
2022-04-27T06:19:43.681650413Z stdout F ISTIO_META_DNS_CAPTURE=
2022-04-27T06:19:43.681658766Z stdout F INVALID_DROP=
2022-04-27T06:19:43.681667543Z stdout F 
2022-04-27T06:19:43.681676776Z stdout F 2022-04-27T06:19:43.616395Z	info	Istio iptables variables:
2022-04-27T06:19:43.681685586Z stdout F PROXY_PORT=15001
2022-04-27T06:19:43.681725435Z stdout F PROXY_INBOUND_CAPTURE_PORT=15006
2022-04-27T06:19:43.68173639Z stdout F PROXY_TUNNEL_PORT=15008
2022-04-27T06:19:43.681746289Z stdout F PROXY_UID=1337
2022-04-27T06:19:43.68175603Z stdout F PROXY_GID=1337
2022-04-27T06:19:43.681765947Z stdout F INBOUND_INTERCEPTION_MODE=REDIRECT
2022-04-27T06:19:43.681775093Z stdout F INBOUND_TPROXY_MARK=1337
2022-04-27T06:19:43.681783869Z stdout F INBOUND_TPROXY_ROUTE_TABLE=133
2022-04-27T06:19:43.681793237Z stdout F INBOUND_PORTS_INCLUDE=*
2022-04-27T06:19:43.68180279Z stdout F INBOUND_PORTS_EXCLUDE=15090,15021,15020
2022-04-27T06:19:43.68181178Z stdout F OUTBOUND_IP_RANGES_INCLUDE=*
2022-04-27T06:19:43.681821045Z stdout F OUTBOUND_IP_RANGES_EXCLUDE=
2022-04-27T06:19:43.681830412Z stdout F OUTBOUND_PORTS_INCLUDE=
2022-04-27T06:19:43.681839795Z stdout F OUTBOUND_PORTS_EXCLUDE=
2022-04-27T06:19:43.681849147Z stdout F KUBE_VIRT_INTERFACES=
2022-04-27T06:19:43.681858118Z stdout F ENABLE_INBOUND_IPV6=false
2022-04-27T06:19:43.681867392Z stdout F DNS_CAPTURE=false
2022-04-27T06:19:43.681876601Z stdout F DROP_INVALID=false
2022-04-27T06:19:43.681885875Z stdout F CAPTURE_ALL_DNS=false
2022-04-27T06:19:43.681895332Z stdout F DNS_SERVERS=[],[]
2022-04-27T06:19:43.681904621Z stdout F OUTPUT_PATH=
2022-04-27T06:19:43.681914232Z stdout F NETWORK_NAMESPACE=
2022-04-27T06:19:43.68204611Z stdout F CNI_MODE=false
2022-04-27T06:19:43.682071376Z stdout F EXCLUDE_INTERFACES=
2022-04-27T06:19:43.682081568Z stdout F 
2022-04-27T06:19:43.682124603Z stdout F 2022-04-27T06:19:43.617910Z	info	Writing following contents to rules file: /tmp/iptables-rules-1651040383617573177.txt951377127
2022-04-27T06:19:43.682142821Z stdout F * nat
2022-04-27T06:19:43.682168497Z stdout F -N ISTIO_INBOUND
2022-04-27T06:19:43.682185337Z stdout F -N ISTIO_REDIRECT
2022-04-27T06:19:43.682195336Z stdout F -N ISTIO_IN_REDIRECT
2022-04-27T06:19:43.682205004Z stdout F -N ISTIO_OUTPUT
2022-04-27T06:19:43.682214767Z stdout F -A ISTIO_INBOUND -p tcp --dport 15008 -j RETURN
2022-04-27T06:19:43.682224555Z stdout F -A ISTIO_REDIRECT -p tcp -j REDIRECT --to-ports 15001
2022-04-27T06:19:43.682233624Z stdout F -A ISTIO_IN_REDIRECT -p tcp -j REDIRECT --to-ports 15006
2022-04-27T06:19:43.682242962Z stdout F -A PREROUTING -p tcp -j ISTIO_INBOUND
2022-04-27T06:19:43.682251876Z stdout F -A ISTIO_INBOUND -p tcp --dport 15090 -j RETURN
2022-04-27T06:19:43.682261177Z stdout F -A ISTIO_INBOUND -p tcp --dport 15021 -j RETURN
2022-04-27T06:19:43.682270458Z stdout F -A ISTIO_INBOUND -p tcp --dport 15020 -j RETURN
2022-04-27T06:19:43.682279692Z stdout F -A ISTIO_INBOUND -p tcp -j ISTIO_IN_REDIRECT
2022-04-27T06:19:43.682316719Z stdout F -A OUTPUT -p tcp -j ISTIO_OUTPUT
2022-04-27T06:19:43.682339865Z stdout F -A ISTIO_OUTPUT -o lo -s 127.0.0.6/32 -j RETURN
2022-04-27T06:19:43.682353746Z stdout F -A ISTIO_OUTPUT -o lo ! -d 127.0.0.1/32 -m owner --uid-owner 1337 -j ISTIO_IN_REDIRECT
2022-04-27T06:19:43.682363307Z stdout F -A ISTIO_OUTPUT -o lo -m owner ! --uid-owner 1337 -j RETURN
2022-04-27T06:19:43.682373239Z stdout F -A ISTIO_OUTPUT -m owner --uid-owner 1337 -j RETURN
2022-04-27T06:19:43.682447323Z stdout F -A ISTIO_OUTPUT -o lo ! -d 127.0.0.1/32 -m owner --gid-owner 1337 -j ISTIO_IN_REDIRECT
2022-04-27T06:19:43.682465161Z stdout F -A ISTIO_OUTPUT -o lo -m owner ! --gid-owner 1337 -j RETURN
2022-04-27T06:19:43.682475729Z stdout F -A ISTIO_OUTPUT -m owner --gid-owner 1337 -j RETURN
2022-04-27T06:19:43.682486238Z stdout F -A ISTIO_OUTPUT -d 127.0.0.1/32 -j RETURN
2022-04-27T06:19:43.682495936Z stdout F -A ISTIO_OUTPUT -j ISTIO_REDIRECT
2022-04-27T06:19:43.682504339Z stdout F COMMIT
2022-04-27T06:19:43.682516161Z stdout F 2022-04-27T06:19:43.618172Z	info	Running command: iptables-restore --noflush /tmp/iptables-rules-1651040383617573177.txt951377127
2022-04-27T06:19:43.68254756Z stdout F 2022-04-27T06:19:43.637428Z	info	Writing following contents to rules file: /tmp/ip6tables-rules-1651040383637225464.txt2231632170
2022-04-27T06:19:43.682656674Z stdout F 
2022-04-27T06:19:43.682674162Z stdout F 2022-04-27T06:19:43.637625Z	info	Running command: ip6tables-restore --noflush /tmp/ip6tables-rules-1651040383637225464.txt2231632170
2022-04-27T06:19:43.682690545Z stdout F 2022-04-27T06:19:43.647907Z	info	Running command: iptables-save 
2022-04-27T06:19:43.682710344Z stdout F 2022-04-27T06:19:43.674767Z	info	Command output: 
2022-04-27T06:19:43.682720787Z stdout F # Generated by iptables-save v1.8.4 on Wed Apr 27 06:19:43 2022
2022-04-27T06:19:43.682729166Z stdout F *nat
2022-04-27T06:19:43.682737424Z stdout F :PREROUTING ACCEPT [0:0]
2022-04-27T06:19:43.68274527Z stdout F :INPUT ACCEPT [0:0]
2022-04-27T06:19:43.682769319Z stdout F :OUTPUT ACCEPT [0:0]
2022-04-27T06:19:43.682781087Z stdout F :POSTROUTING ACCEPT [0:0]
2022-04-27T06:19:43.68279031Z stdout F :ISTIO_INBOUND - [0:0]
2022-04-27T06:19:43.682798798Z stdout F :ISTIO_IN_REDIRECT - [0:0]
2022-04-27T06:19:43.682807606Z stdout F :ISTIO_OUTPUT - [0:0]
2022-04-27T06:19:43.682816432Z stdout F :ISTIO_REDIRECT - [0:0]
2022-04-27T06:19:43.682830905Z stdout F -A PREROUTING -p tcp -j ISTIO_INBOUND
2022-04-27T06:19:43.682850483Z stdout F -A OUTPUT -p tcp -j ISTIO_OUTPUT
2022-04-27T06:19:43.682860636Z stdout F -A ISTIO_INBOUND -p tcp -m tcp --dport 15008 -j RETURN
2022-04-27T06:19:43.68286946Z stdout F -A ISTIO_INBOUND -p tcp -m tcp --dport 15090 -j RETURN
2022-04-27T06:19:43.682877822Z stdout F -A ISTIO_INBOUND -p tcp -m tcp --dport 15021 -j RETURN
2022-04-27T06:19:43.682885887Z stdout F -A ISTIO_INBOUND -p tcp -m tcp --dport 15020 -j RETURN
2022-04-27T06:19:43.682893642Z stdout F -A ISTIO_INBOUND -p tcp -j ISTIO_IN_REDIRECT
2022-04-27T06:19:43.682904914Z stdout F -A ISTIO_IN_REDIRECT -p tcp -j REDIRECT --to-ports 15006
2022-04-27T06:19:43.682925311Z stdout F -A ISTIO_OUTPUT -s 127.0.0.6/32 -o lo -j RETURN
2022-04-27T06:19:43.682936129Z stdout F -A ISTIO_OUTPUT ! -d 127.0.0.1/32 -o lo -m owner --uid-owner 1337 -j ISTIO_IN_REDIRECT
2022-04-27T06:19:43.682944603Z stdout F -A ISTIO_OUTPUT -o lo -m owner ! --uid-owner 1337 -j RETURN
2022-04-27T06:19:43.682952679Z stdout F -A ISTIO_OUTPUT -m owner --uid-owner 1337 -j RETURN
2022-04-27T06:19:43.682960183Z stdout F -A ISTIO_OUTPUT ! -d 127.0.0.1/32 -o lo -m owner --gid-owner 1337 -j ISTIO_IN_REDIRECT
2022-04-27T06:19:43.682968096Z stdout F -A ISTIO_OUTPUT -o lo -m owner ! --gid-owner 1337 -j RETURN
2022-04-27T06:19:43.682976175Z stdout F -A ISTIO_OUTPUT -m owner --gid-owner 1337 -j RETURN
2022-04-27T06:19:43.682984051Z stdout F -A ISTIO_OUTPUT -d 127.0.0.1/32 -j RETURN
2022-04-27T06:19:43.68299206Z stdout F -A ISTIO_OUTPUT -j ISTIO_REDIRECT
2022-04-27T06:19:43.683116441Z stdout F -A ISTIO_REDIRECT -p tcp -j REDIRECT --to-ports 15001
2022-04-27T06:19:43.683149882Z stdout F COMMIT
2022-04-27T06:19:43.683163842Z stdout F # Completed on Wed Apr 27 06:19:43 2022
2022-04-27T06:19:43.683173539Z stdout F 
