2022-04-30T04:28:24.364463006Z stdout F 2022-04-30T04:28:24.364143Z	info	Istio iptables environment:
2022-04-30T04:28:24.364493997Z stdout F ENVOY_PORT=
2022-04-30T04:28:24.364499262Z stdout F INBOUND_CAPTURE_PORT=
2022-04-30T04:28:24.364502597Z stdout F ISTIO_INBOUND_INTERCEPTION_MODE=
2022-04-30T04:28:24.364505759Z stdout F ISTIO_INBOUND_TPROXY_ROUTE_TABLE=
2022-04-30T04:28:24.364508444Z stdout F ISTIO_INBOUND_PORTS=
2022-04-30T04:28:24.364511159Z stdout F ISTIO_OUTBOUND_PORTS=
2022-04-30T04:28:24.36451381Z stdout F ISTIO_LOCAL_EXCLUDE_PORTS=
2022-04-30T04:28:24.364518478Z stdout F ISTIO_EXCLUDE_INTERFACES=
2022-04-30T04:28:24.364521202Z stdout F ISTIO_SERVICE_CIDR=
2022-04-30T04:28:24.364523854Z stdout F ISTIO_SERVICE_EXCLUDE_CIDR=
2022-04-30T04:28:24.364526449Z stdout F ISTIO_META_DNS_CAPTURE=
2022-04-30T04:28:24.364529053Z stdout F INVALID_DROP=
2022-04-30T04:28:24.364531575Z stdout F 
2022-04-30T04:28:24.364534434Z stdout F 2022-04-30T04:28:24.364175Z	info	Istio iptables variables:
2022-04-30T04:28:24.364537196Z stdout F PROXY_PORT=15001
2022-04-30T04:28:24.364540097Z stdout F PROXY_INBOUND_CAPTURE_PORT=15006
2022-04-30T04:28:24.364542781Z stdout F PROXY_TUNNEL_PORT=15008
2022-04-30T04:28:24.364545462Z stdout F PROXY_UID=1337
2022-04-30T04:28:24.364548216Z stdout F PROXY_GID=1337
2022-04-30T04:28:24.364550928Z stdout F INBOUND_INTERCEPTION_MODE=REDIRECT
2022-04-30T04:28:24.364553492Z stdout F INBOUND_TPROXY_MARK=1337
2022-04-30T04:28:24.364555989Z stdout F INBOUND_TPROXY_ROUTE_TABLE=133
2022-04-30T04:28:24.364558499Z stdout F INBOUND_PORTS_INCLUDE=*
2022-04-30T04:28:24.364561026Z stdout F INBOUND_PORTS_EXCLUDE=15090,15021,15020
2022-04-30T04:28:24.364563579Z stdout F OUTBOUND_IP_RANGES_INCLUDE=*
2022-04-30T04:28:24.364566128Z stdout F OUTBOUND_IP_RANGES_EXCLUDE=
2022-04-30T04:28:24.364568672Z stdout F OUTBOUND_PORTS_INCLUDE=
2022-04-30T04:28:24.364571315Z stdout F OUTBOUND_PORTS_EXCLUDE=
2022-04-30T04:28:24.364575937Z stdout F KUBE_VIRT_INTERFACES=
2022-04-30T04:28:24.364578619Z stdout F ENABLE_INBOUND_IPV6=false
2022-04-30T04:28:24.364581213Z stdout F DNS_CAPTURE=false
2022-04-30T04:28:24.364583868Z stdout F DROP_INVALID=false
2022-04-30T04:28:24.364586593Z stdout F CAPTURE_ALL_DNS=false
2022-04-30T04:28:24.364589223Z stdout F DNS_SERVERS=[],[]
2022-04-30T04:28:24.364591971Z stdout F OUTPUT_PATH=
2022-04-30T04:28:24.364594584Z stdout F NETWORK_NAMESPACE=
2022-04-30T04:28:24.364597198Z stdout F CNI_MODE=false
2022-04-30T04:28:24.36459988Z stdout F EXCLUDE_INTERFACES=
2022-04-30T04:28:24.364602344Z stdout F 
2022-04-30T04:28:24.368767206Z stdout F 2022-04-30T04:28:24.364477Z	info	Writing following contents to rules file: /tmp/iptables-rules-1651292904364249619.txt2214540807
2022-04-30T04:28:24.368830798Z stdout F * nat
2022-04-30T04:28:24.368839918Z stdout F -N ISTIO_INBOUND
2022-04-30T04:28:24.368845224Z stdout F -N ISTIO_REDIRECT
2022-04-30T04:28:24.368849594Z stdout F -N ISTIO_IN_REDIRECT
2022-04-30T04:28:24.368853778Z stdout F -N ISTIO_OUTPUT
2022-04-30T04:28:24.368858936Z stdout F -A ISTIO_INBOUND -p tcp --dport 15008 -j RETURN
2022-04-30T04:28:24.368863724Z stdout F -A ISTIO_REDIRECT -p tcp -j REDIRECT --to-ports 15001
2022-04-30T04:28:24.368867819Z stdout F -A ISTIO_IN_REDIRECT -p tcp -j REDIRECT --to-ports 15006
2022-04-30T04:28:24.368871935Z stdout F -A PREROUTING -p tcp -j ISTIO_INBOUND
2022-04-30T04:28:24.368876131Z stdout F -A ISTIO_INBOUND -p tcp --dport 15090 -j RETURN
2022-04-30T04:28:24.368879834Z stdout F -A ISTIO_INBOUND -p tcp --dport 15021 -j RETURN
2022-04-30T04:28:24.368884045Z stdout F -A ISTIO_INBOUND -p tcp --dport 15020 -j RETURN
2022-04-30T04:28:24.36888826Z stdout F -A ISTIO_INBOUND -p tcp -j ISTIO_IN_REDIRECT
2022-04-30T04:28:24.368904255Z stdout F -A OUTPUT -p tcp -j ISTIO_OUTPUT
2022-04-30T04:28:24.368913863Z stdout F -A ISTIO_OUTPUT -o lo -s 127.0.0.6/32 -j RETURN
2022-04-30T04:28:24.36891963Z stdout F -A ISTIO_OUTPUT -o lo ! -d 127.0.0.1/32 -m owner --uid-owner 1337 -j ISTIO_IN_REDIRECT
2022-04-30T04:28:24.368938702Z stdout F -A ISTIO_OUTPUT -o lo -m owner ! --uid-owner 1337 -j RETURN
2022-04-30T04:28:24.368961994Z stdout F -A ISTIO_OUTPUT -m owner --uid-owner 1337 -j RETURN
2022-04-30T04:28:24.368967668Z stdout F -A ISTIO_OUTPUT -o lo ! -d 127.0.0.1/32 -m owner --gid-owner 1337 -j ISTIO_IN_REDIRECT
2022-04-30T04:28:24.368972083Z stdout F -A ISTIO_OUTPUT -o lo -m owner ! --gid-owner 1337 -j RETURN
2022-04-30T04:28:24.368976972Z stdout F -A ISTIO_OUTPUT -m owner --gid-owner 1337 -j RETURN
2022-04-30T04:28:24.368981501Z stdout F -A ISTIO_OUTPUT -d 127.0.0.1/32 -j RETURN
2022-04-30T04:28:24.368985809Z stdout F -A ISTIO_OUTPUT -j ISTIO_REDIRECT
2022-04-30T04:28:24.368990504Z stdout F COMMIT
2022-04-30T04:28:24.368995937Z stdout F 2022-04-30T04:28:24.364606Z	info	Running command: iptables-restore --noflush /tmp/iptables-rules-1651292904364249619.txt2214540807
2022-04-30T04:28:24.373388638Z stdout F 2022-04-30T04:28:24.373149Z	info	Writing following contents to rules file: /tmp/ip6tables-rules-1651292904373094768.txt827054890
2022-04-30T04:28:24.373410521Z stdout F 
2022-04-30T04:28:24.373415455Z stdout F 2022-04-30T04:28:24.373223Z	info	Running command: ip6tables-restore --noflush /tmp/ip6tables-rules-1651292904373094768.txt827054890
2022-04-30T04:28:24.378178884Z stdout F 2022-04-30T04:28:24.377963Z	info	Running command: iptables-save 
2022-04-30T04:28:24.384428769Z stdout F 2022-04-30T04:28:24.383997Z	info	Command output: 
2022-04-30T04:28:24.384498165Z stdout F # Generated by iptables-save v1.8.4 on Sat Apr 30 04:28:24 2022
2022-04-30T04:28:24.38450545Z stdout F *nat
2022-04-30T04:28:24.384512856Z stdout F :PREROUTING ACCEPT [0:0]
2022-04-30T04:28:24.384515785Z stdout F :INPUT ACCEPT [0:0]
2022-04-30T04:28:24.384518384Z stdout F :OUTPUT ACCEPT [0:0]
2022-04-30T04:28:24.384521446Z stdout F :POSTROUTING ACCEPT [0:0]
2022-04-30T04:28:24.384523983Z stdout F :ISTIO_INBOUND - [0:0]
2022-04-30T04:28:24.384526551Z stdout F :ISTIO_IN_REDIRECT - [0:0]
2022-04-30T04:28:24.38452912Z stdout F :ISTIO_OUTPUT - [0:0]
2022-04-30T04:28:24.384531767Z stdout F :ISTIO_REDIRECT - [0:0]
2022-04-30T04:28:24.384534922Z stdout F -A PREROUTING -p tcp -j ISTIO_INBOUND
2022-04-30T04:28:24.384537481Z stdout F -A OUTPUT -p tcp -j ISTIO_OUTPUT
2022-04-30T04:28:24.384540024Z stdout F -A ISTIO_INBOUND -p tcp -m tcp --dport 15008 -j RETURN
2022-04-30T04:28:24.384542582Z stdout F -A ISTIO_INBOUND -p tcp -m tcp --dport 15090 -j RETURN
2022-04-30T04:28:24.384545132Z stdout F -A ISTIO_INBOUND -p tcp -m tcp --dport 15021 -j RETURN
2022-04-30T04:28:24.38454773Z stdout F -A ISTIO_INBOUND -p tcp -m tcp --dport 15020 -j RETURN
2022-04-30T04:28:24.384552398Z stdout F -A ISTIO_INBOUND -p tcp -j ISTIO_IN_REDIRECT
2022-04-30T04:28:24.38455506Z stdout F -A ISTIO_IN_REDIRECT -p tcp -j REDIRECT --to-ports 15006
2022-04-30T04:28:24.384557565Z stdout F -A ISTIO_OUTPUT -s 127.0.0.6/32 -o lo -j RETURN
2022-04-30T04:28:24.384560609Z stdout F -A ISTIO_OUTPUT ! -d 127.0.0.1/32 -o lo -m owner --uid-owner 1337 -j ISTIO_IN_REDIRECT
2022-04-30T04:28:24.384563198Z stdout F -A ISTIO_OUTPUT -o lo -m owner ! --uid-owner 1337 -j RETURN
2022-04-30T04:28:24.384565696Z stdout F -A ISTIO_OUTPUT -m owner --uid-owner 1337 -j RETURN
2022-04-30T04:28:24.384568282Z stdout F -A ISTIO_OUTPUT ! -d 127.0.0.1/32 -o lo -m owner --gid-owner 1337 -j ISTIO_IN_REDIRECT
2022-04-30T04:28:24.384570811Z stdout F -A ISTIO_OUTPUT -o lo -m owner ! --gid-owner 1337 -j RETURN
2022-04-30T04:28:24.384573373Z stdout F -A ISTIO_OUTPUT -m owner --gid-owner 1337 -j RETURN
2022-04-30T04:28:24.384575968Z stdout F -A ISTIO_OUTPUT -d 127.0.0.1/32 -j RETURN
2022-04-30T04:28:24.384578496Z stdout F -A ISTIO_OUTPUT -j ISTIO_REDIRECT
2022-04-30T04:28:24.384581032Z stdout F -A ISTIO_REDIRECT -p tcp -j REDIRECT --to-ports 15001
2022-04-30T04:28:24.384583979Z stdout F COMMIT
2022-04-30T04:28:24.38458665Z stdout F # Completed on Sat Apr 30 04:28:24 2022
2022-04-30T04:28:24.384589155Z stdout F 
