2022-04-30T04:28:38.33114Z stdout F 2022-04-30T04:28:38.330907Z	info	Istio iptables environment:
2022-04-30T04:28:38.331181505Z stdout F ENVOY_PORT=
2022-04-30T04:28:38.331188493Z stdout F INBOUND_CAPTURE_PORT=
2022-04-30T04:28:38.331192745Z stdout F ISTIO_INBOUND_INTERCEPTION_MODE=
2022-04-30T04:28:38.331196542Z stdout F ISTIO_INBOUND_TPROXY_ROUTE_TABLE=
2022-04-30T04:28:38.331199915Z stdout F ISTIO_INBOUND_PORTS=
2022-04-30T04:28:38.331203317Z stdout F ISTIO_OUTBOUND_PORTS=
2022-04-30T04:28:38.331206531Z stdout F ISTIO_LOCAL_EXCLUDE_PORTS=
2022-04-30T04:28:38.331209738Z stdout F ISTIO_EXCLUDE_INTERFACES=
2022-04-30T04:28:38.331212966Z stdout F ISTIO_SERVICE_CIDR=
2022-04-30T04:28:38.331216251Z stdout F ISTIO_SERVICE_EXCLUDE_CIDR=
2022-04-30T04:28:38.331219497Z stdout F ISTIO_META_DNS_CAPTURE=
2022-04-30T04:28:38.331273463Z stdout F INVALID_DROP=
2022-04-30T04:28:38.331281829Z stdout F 
2022-04-30T04:28:38.331285506Z stdout F 2022-04-30T04:28:38.330949Z	info	Istio iptables variables:
2022-04-30T04:28:38.331289352Z stdout F PROXY_PORT=15001
2022-04-30T04:28:38.331292843Z stdout F PROXY_INBOUND_CAPTURE_PORT=15006
2022-04-30T04:28:38.331296166Z stdout F PROXY_TUNNEL_PORT=15008
2022-04-30T04:28:38.331346397Z stdout F PROXY_UID=1337
2022-04-30T04:28:38.331354734Z stdout F PROXY_GID=1337
2022-04-30T04:28:38.331358426Z stdout F INBOUND_INTERCEPTION_MODE=REDIRECT
2022-04-30T04:28:38.331361693Z stdout F INBOUND_TPROXY_MARK=1337
2022-04-30T04:28:38.331364943Z stdout F INBOUND_TPROXY_ROUTE_TABLE=133
2022-04-30T04:28:38.331368189Z stdout F INBOUND_PORTS_INCLUDE=*
2022-04-30T04:28:38.331371445Z stdout F INBOUND_PORTS_EXCLUDE=15090,15021,15020
2022-04-30T04:28:38.331374701Z stdout F OUTBOUND_IP_RANGES_INCLUDE=*
2022-04-30T04:28:38.331377953Z stdout F OUTBOUND_IP_RANGES_EXCLUDE=
2022-04-30T04:28:38.331381194Z stdout F OUTBOUND_PORTS_INCLUDE=
2022-04-30T04:28:38.331384425Z stdout F OUTBOUND_PORTS_EXCLUDE=
2022-04-30T04:28:38.331387655Z stdout F KUBE_VIRT_INTERFACES=
2022-04-30T04:28:38.331390929Z stdout F ENABLE_INBOUND_IPV6=false
2022-04-30T04:28:38.331394179Z stdout F DNS_CAPTURE=false
2022-04-30T04:28:38.331397505Z stdout F DROP_INVALID=false
2022-04-30T04:28:38.331400761Z stdout F CAPTURE_ALL_DNS=false
2022-04-30T04:28:38.331404104Z stdout F DNS_SERVERS=[],[]
2022-04-30T04:28:38.331407406Z stdout F OUTPUT_PATH=
2022-04-30T04:28:38.33141068Z stdout F NETWORK_NAMESPACE=
2022-04-30T04:28:38.33141407Z stdout F CNI_MODE=false
2022-04-30T04:28:38.331417459Z stdout F EXCLUDE_INTERFACES=
2022-04-30T04:28:38.331420579Z stdout F 
2022-04-30T04:28:38.331432863Z stdout F 2022-04-30T04:28:38.331180Z	info	Writing following contents to rules file: /tmp/iptables-rules-1651292918331007926.txt3179500235
2022-04-30T04:28:38.33143728Z stdout F * nat
2022-04-30T04:28:38.331440861Z stdout F -N ISTIO_INBOUND
2022-04-30T04:28:38.33144418Z stdout F -N ISTIO_REDIRECT
2022-04-30T04:28:38.331447603Z stdout F -N ISTIO_IN_REDIRECT
2022-04-30T04:28:38.33145129Z stdout F -N ISTIO_OUTPUT
2022-04-30T04:28:38.33145467Z stdout F -A ISTIO_INBOUND -p tcp --dport 15008 -j RETURN
2022-04-30T04:28:38.331458126Z stdout F -A ISTIO_REDIRECT -p tcp -j REDIRECT --to-ports 15001
2022-04-30T04:28:38.331461388Z stdout F -A ISTIO_IN_REDIRECT -p tcp -j REDIRECT --to-ports 15006
2022-04-30T04:28:38.331464607Z stdout F -A PREROUTING -p tcp -j ISTIO_INBOUND
2022-04-30T04:28:38.331467819Z stdout F -A ISTIO_INBOUND -p tcp --dport 15090 -j RETURN
2022-04-30T04:28:38.331471042Z stdout F -A ISTIO_INBOUND -p tcp --dport 15021 -j RETURN
2022-04-30T04:28:38.331474239Z stdout F -A ISTIO_INBOUND -p tcp --dport 15020 -j RETURN
2022-04-30T04:28:38.33147747Z stdout F -A ISTIO_INBOUND -p tcp -j ISTIO_IN_REDIRECT
2022-04-30T04:28:38.331480711Z stdout F -A OUTPUT -p tcp -j ISTIO_OUTPUT
2022-04-30T04:28:38.33148394Z stdout F -A ISTIO_OUTPUT -o lo -s 127.0.0.6/32 -j RETURN
2022-04-30T04:28:38.331487562Z stdout F -A ISTIO_OUTPUT -o lo ! -d 127.0.0.1/32 -m owner --uid-owner 1337 -j ISTIO_IN_REDIRECT
2022-04-30T04:28:38.331490735Z stdout F -A ISTIO_OUTPUT -o lo -m owner ! --uid-owner 1337 -j RETURN
2022-04-30T04:28:38.331493868Z stdout F -A ISTIO_OUTPUT -m owner --uid-owner 1337 -j RETURN
2022-04-30T04:28:38.331506472Z stdout F -A ISTIO_OUTPUT -o lo ! -d 127.0.0.1/32 -m owner --gid-owner 1337 -j ISTIO_IN_REDIRECT
2022-04-30T04:28:38.331510283Z stdout F -A ISTIO_OUTPUT -o lo -m owner ! --gid-owner 1337 -j RETURN
2022-04-30T04:28:38.331513464Z stdout F -A ISTIO_OUTPUT -m owner --gid-owner 1337 -j RETURN
2022-04-30T04:28:38.331516687Z stdout F -A ISTIO_OUTPUT -d 127.0.0.1/32 -j RETURN
2022-04-30T04:28:38.331519938Z stdout F -A ISTIO_OUTPUT -j ISTIO_REDIRECT
2022-04-30T04:28:38.331523232Z stdout F COMMIT
2022-04-30T04:28:38.331529069Z stdout F 2022-04-30T04:28:38.331263Z	info	Running command: iptables-restore --noflush /tmp/iptables-rules-1651292918331007926.txt3179500235
2022-04-30T04:28:38.340866573Z stdout F 2022-04-30T04:28:38.338669Z	info	Writing following contents to rules file: /tmp/ip6tables-rules-1651292918338607013.txt630491904
2022-04-30T04:28:38.340894773Z stdout F 
2022-04-30T04:28:38.340907521Z stdout F 2022-04-30T04:28:38.338847Z	info	Running command: ip6tables-restore --noflush /tmp/ip6tables-rules-1651292918338607013.txt630491904
2022-04-30T04:28:38.342324937Z stdout F 2022-04-30T04:28:38.341715Z	info	Running command: iptables-save 
2022-04-30T04:28:38.34785678Z stdout F 2022-04-30T04:28:38.346215Z	info	Command output: 
2022-04-30T04:28:38.347883374Z stdout F # Generated by iptables-save v1.8.4 on Sat Apr 30 04:28:38 2022
2022-04-30T04:28:38.347892148Z stdout F *nat
2022-04-30T04:28:38.34790336Z stdout F :PREROUTING ACCEPT [0:0]
2022-04-30T04:28:38.347916466Z stdout F :INPUT ACCEPT [0:0]
2022-04-30T04:28:38.347928877Z stdout F :OUTPUT ACCEPT [0:0]
2022-04-30T04:28:38.347940532Z stdout F :POSTROUTING ACCEPT [0:0]
2022-04-30T04:28:38.347954774Z stdout F :ISTIO_INBOUND - [0:0]
2022-04-30T04:28:38.347967074Z stdout F :ISTIO_IN_REDIRECT - [0:0]
2022-04-30T04:28:38.347979944Z stdout F :ISTIO_OUTPUT - [0:0]
2022-04-30T04:28:38.347986017Z stdout F :ISTIO_REDIRECT - [0:0]
2022-04-30T04:28:38.347990032Z stdout F -A PREROUTING -p tcp -j ISTIO_INBOUND
2022-04-30T04:28:38.347993401Z stdout F -A OUTPUT -p tcp -j ISTIO_OUTPUT
2022-04-30T04:28:38.347996801Z stdout F -A ISTIO_INBOUND -p tcp -m tcp --dport 15008 -j RETURN
2022-04-30T04:28:38.348000215Z stdout F -A ISTIO_INBOUND -p tcp -m tcp --dport 15090 -j RETURN
2022-04-30T04:28:38.348003575Z stdout F -A ISTIO_INBOUND -p tcp -m tcp --dport 15021 -j RETURN
2022-04-30T04:28:38.348007178Z stdout F -A ISTIO_INBOUND -p tcp -m tcp --dport 15020 -j RETURN
2022-04-30T04:28:38.348010615Z stdout F -A ISTIO_INBOUND -p tcp -j ISTIO_IN_REDIRECT
2022-04-30T04:28:38.348014138Z stdout F -A ISTIO_IN_REDIRECT -p tcp -j REDIRECT --to-ports 15006
2022-04-30T04:28:38.348017731Z stdout F -A ISTIO_OUTPUT -s 127.0.0.6/32 -o lo -j RETURN
2022-04-30T04:28:38.348022204Z stdout F -A ISTIO_OUTPUT ! -d 127.0.0.1/32 -o lo -m owner --uid-owner 1337 -j ISTIO_IN_REDIRECT
2022-04-30T04:28:38.348027781Z stdout F -A ISTIO_OUTPUT -o lo -m owner ! --uid-owner 1337 -j RETURN
2022-04-30T04:28:38.348033379Z stdout F -A ISTIO_OUTPUT -m owner --uid-owner 1337 -j RETURN
2022-04-30T04:28:38.348042448Z stdout F -A ISTIO_OUTPUT ! -d 127.0.0.1/32 -o lo -m owner --gid-owner 1337 -j ISTIO_IN_REDIRECT
2022-04-30T04:28:38.348054987Z stdout F -A ISTIO_OUTPUT -o lo -m owner ! --gid-owner 1337 -j RETURN
2022-04-30T04:28:38.34806576Z stdout F -A ISTIO_OUTPUT -m owner --gid-owner 1337 -j RETURN
2022-04-30T04:28:38.348077348Z stdout F -A ISTIO_OUTPUT -d 127.0.0.1/32 -j RETURN
2022-04-30T04:28:38.3480853Z stdout F -A ISTIO_OUTPUT -j ISTIO_REDIRECT
2022-04-30T04:28:38.348094209Z stdout F -A ISTIO_REDIRECT -p tcp -j REDIRECT --to-ports 15001
2022-04-30T04:28:38.348107577Z stdout F COMMIT
2022-04-30T04:28:38.348117604Z stdout F # Completed on Sat Apr 30 04:28:38 2022
2022-04-30T04:28:38.348121516Z stdout F 
