2022-04-27T06:19:46.190896646Z stdout F 2022-04-27T06:19:46.177362Z	info	Istio iptables environment:
2022-04-27T06:19:46.193184124Z stdout F ENVOY_PORT=
2022-04-27T06:19:46.193222423Z stdout F INBOUND_CAPTURE_PORT=
2022-04-27T06:19:46.193238801Z stdout F ISTIO_INBOUND_INTERCEPTION_MODE=
2022-04-27T06:19:46.193308675Z stdout F ISTIO_INBOUND_TPROXY_ROUTE_TABLE=
2022-04-27T06:19:46.193334845Z stdout F ISTIO_INBOUND_PORTS=
2022-04-27T06:19:46.193347525Z stdout F ISTIO_OUTBOUND_PORTS=
2022-04-27T06:19:46.193357428Z stdout F ISTIO_LOCAL_EXCLUDE_PORTS=
2022-04-27T06:19:46.193366758Z stdout F ISTIO_EXCLUDE_INTERFACES=
2022-04-27T06:19:46.193376079Z stdout F ISTIO_SERVICE_CIDR=
2022-04-27T06:19:46.193385151Z stdout F ISTIO_SERVICE_EXCLUDE_CIDR=
2022-04-27T06:19:46.193394701Z stdout F ISTIO_META_DNS_CAPTURE=
2022-04-27T06:19:46.193446418Z stdout F INVALID_DROP=
2022-04-27T06:19:46.193465018Z stdout F 
2022-04-27T06:19:46.193478569Z stdout F 2022-04-27T06:19:46.177528Z	info	Istio iptables variables:
2022-04-27T06:19:46.193489094Z stdout F PROXY_PORT=15001
2022-04-27T06:19:46.19349958Z stdout F PROXY_INBOUND_CAPTURE_PORT=15006
2022-04-27T06:19:46.193509925Z stdout F PROXY_TUNNEL_PORT=15008
2022-04-27T06:19:46.19352025Z stdout F PROXY_UID=1337
2022-04-27T06:19:46.193530014Z stdout F PROXY_GID=1337
2022-04-27T06:19:46.193540113Z stdout F INBOUND_INTERCEPTION_MODE=REDIRECT
2022-04-27T06:19:46.193549975Z stdout F INBOUND_TPROXY_MARK=1337
2022-04-27T06:19:46.193559285Z stdout F INBOUND_TPROXY_ROUTE_TABLE=133
2022-04-27T06:19:46.193567981Z stdout F INBOUND_PORTS_INCLUDE=*
2022-04-27T06:19:46.193577333Z stdout F INBOUND_PORTS_EXCLUDE=15090,15021,15020
2022-04-27T06:19:46.193587147Z stdout F OUTBOUND_IP_RANGES_INCLUDE=*
2022-04-27T06:19:46.193596824Z stdout F OUTBOUND_IP_RANGES_EXCLUDE=
2022-04-27T06:19:46.193606703Z stdout F OUTBOUND_PORTS_INCLUDE=
2022-04-27T06:19:46.193615927Z stdout F OUTBOUND_PORTS_EXCLUDE=
2022-04-27T06:19:46.193625434Z stdout F KUBE_VIRT_INTERFACES=
2022-04-27T06:19:46.193634928Z stdout F ENABLE_INBOUND_IPV6=false
2022-04-27T06:19:46.193644767Z stdout F DNS_CAPTURE=false
2022-04-27T06:19:46.193654863Z stdout F DROP_INVALID=false
2022-04-27T06:19:46.193663721Z stdout F CAPTURE_ALL_DNS=false
2022-04-27T06:19:46.19367314Z stdout F DNS_SERVERS=[],[]
2022-04-27T06:19:46.193683504Z stdout F OUTPUT_PATH=
2022-04-27T06:19:46.193692683Z stdout F NETWORK_NAMESPACE=
2022-04-27T06:19:46.193701956Z stdout F CNI_MODE=false
2022-04-27T06:19:46.193712092Z stdout F EXCLUDE_INTERFACES=
2022-04-27T06:19:46.193719989Z stdout F 
2022-04-27T06:19:46.193731852Z stdout F 2022-04-27T06:19:46.178675Z	info	Writing following contents to rules file: /tmp/iptables-rules-1651040386177662063.txt3367555773
2022-04-27T06:19:46.193740541Z stdout F * nat
2022-04-27T06:19:46.193748426Z stdout F -N ISTIO_INBOUND
2022-04-27T06:19:46.193756578Z stdout F -N ISTIO_REDIRECT
2022-04-27T06:19:46.19376533Z stdout F -N ISTIO_IN_REDIRECT
2022-04-27T06:19:46.193775046Z stdout F -N ISTIO_OUTPUT
2022-04-27T06:19:46.193784791Z stdout F -A ISTIO_INBOUND -p tcp --dport 15008 -j RETURN
2022-04-27T06:19:46.19379475Z stdout F -A ISTIO_REDIRECT -p tcp -j REDIRECT --to-ports 15001
2022-04-27T06:19:46.193804315Z stdout F -A ISTIO_IN_REDIRECT -p tcp -j REDIRECT --to-ports 15006
2022-04-27T06:19:46.1938137Z stdout F -A PREROUTING -p tcp -j ISTIO_INBOUND
2022-04-27T06:19:46.193819915Z stdout F -A ISTIO_INBOUND -p tcp --dport 15090 -j RETURN
2022-04-27T06:19:46.193825887Z stdout F -A ISTIO_INBOUND -p tcp --dport 15021 -j RETURN
2022-04-27T06:19:46.193831796Z stdout F -A ISTIO_INBOUND -p tcp --dport 15020 -j RETURN
2022-04-27T06:19:46.193837592Z stdout F -A ISTIO_INBOUND -p tcp -j ISTIO_IN_REDIRECT
2022-04-27T06:19:46.193843531Z stdout F -A OUTPUT -p tcp -j ISTIO_OUTPUT
2022-04-27T06:19:46.19384934Z stdout F -A ISTIO_OUTPUT -o lo -s 127.0.0.6/32 -j RETURN
2022-04-27T06:19:46.193856044Z stdout F -A ISTIO_OUTPUT -o lo ! -d 127.0.0.1/32 -m owner --uid-owner 1337 -j ISTIO_IN_REDIRECT
2022-04-27T06:19:46.193861871Z stdout F -A ISTIO_OUTPUT -o lo -m owner ! --uid-owner 1337 -j RETURN
2022-04-27T06:19:46.193867888Z stdout F -A ISTIO_OUTPUT -m owner --uid-owner 1337 -j RETURN
2022-04-27T06:19:46.193893115Z stdout F -A ISTIO_OUTPUT -o lo ! -d 127.0.0.1/32 -m owner --gid-owner 1337 -j ISTIO_IN_REDIRECT
2022-04-27T06:19:46.193900262Z stdout F -A ISTIO_OUTPUT -o lo -m owner ! --gid-owner 1337 -j RETURN
2022-04-27T06:19:46.193907365Z stdout F -A ISTIO_OUTPUT -m owner --gid-owner 1337 -j RETURN
2022-04-27T06:19:46.193913526Z stdout F -A ISTIO_OUTPUT -d 127.0.0.1/32 -j RETURN
2022-04-27T06:19:46.193919703Z stdout F -A ISTIO_OUTPUT -j ISTIO_REDIRECT
2022-04-27T06:19:46.193925836Z stdout F COMMIT
2022-04-27T06:19:46.193933483Z stdout F 2022-04-27T06:19:46.178945Z	info	Running command: iptables-restore --noflush /tmp/iptables-rules-1651040386177662063.txt3367555773
2022-04-27T06:19:46.25049189Z stdout F 2022-04-27T06:19:46.248351Z	info	Writing following contents to rules file: /tmp/ip6tables-rules-1651040386247761989.txt1206832635
2022-04-27T06:19:46.250562752Z stdout F 
2022-04-27T06:19:46.250590686Z stdout F 2022-04-27T06:19:46.248524Z	info	Running command: ip6tables-restore --noflush /tmp/ip6tables-rules-1651040386247761989.txt1206832635
2022-04-27T06:19:46.269576772Z stdout F 2022-04-27T06:19:46.266786Z	info	Running command: iptables-save 
2022-04-27T06:19:46.291343384Z stdout F 2022-04-27T06:19:46.285142Z	info	Command output: 
2022-04-27T06:19:46.291579898Z stdout F # Generated by iptables-save v1.8.4 on Wed Apr 27 06:19:46 2022
2022-04-27T06:19:46.291602066Z stdout F *nat
2022-04-27T06:19:46.291614683Z stdout F :PREROUTING ACCEPT [0:0]
2022-04-27T06:19:46.29162395Z stdout F :INPUT ACCEPT [0:0]
2022-04-27T06:19:46.29163323Z stdout F :OUTPUT ACCEPT [0:0]
2022-04-27T06:19:46.291643422Z stdout F :POSTROUTING ACCEPT [0:0]
2022-04-27T06:19:46.29165252Z stdout F :ISTIO_INBOUND - [0:0]
2022-04-27T06:19:46.291661288Z stdout F :ISTIO_IN_REDIRECT - [0:0]
2022-04-27T06:19:46.291670131Z stdout F :ISTIO_OUTPUT - [0:0]
2022-04-27T06:19:46.291679501Z stdout F :ISTIO_REDIRECT - [0:0]
2022-04-27T06:19:46.291689805Z stdout F -A PREROUTING -p tcp -j ISTIO_INBOUND
2022-04-27T06:19:46.291698782Z stdout F -A OUTPUT -p tcp -j ISTIO_OUTPUT
2022-04-27T06:19:46.291707469Z stdout F -A ISTIO_INBOUND -p tcp -m tcp --dport 15008 -j RETURN
2022-04-27T06:19:46.29171624Z stdout F -A ISTIO_INBOUND -p tcp -m tcp --dport 15090 -j RETURN
2022-04-27T06:19:46.291725018Z stdout F -A ISTIO_INBOUND -p tcp -m tcp --dport 15021 -j RETURN
2022-04-27T06:19:46.291733818Z stdout F -A ISTIO_INBOUND -p tcp -m tcp --dport 15020 -j RETURN
2022-04-27T06:19:46.29174218Z stdout F -A ISTIO_INBOUND -p tcp -j ISTIO_IN_REDIRECT
2022-04-27T06:19:46.291751212Z stdout F -A ISTIO_IN_REDIRECT -p tcp -j REDIRECT --to-ports 15006
2022-04-27T06:19:46.291760144Z stdout F -A ISTIO_OUTPUT -s 127.0.0.6/32 -o lo -j RETURN
2022-04-27T06:19:46.291769714Z stdout F -A ISTIO_OUTPUT ! -d 127.0.0.1/32 -o lo -m owner --uid-owner 1337 -j ISTIO_IN_REDIRECT
2022-04-27T06:19:46.291778523Z stdout F -A ISTIO_OUTPUT -o lo -m owner ! --uid-owner 1337 -j RETURN
2022-04-27T06:19:46.291787073Z stdout F -A ISTIO_OUTPUT -m owner --uid-owner 1337 -j RETURN
2022-04-27T06:19:46.291795996Z stdout F -A ISTIO_OUTPUT ! -d 127.0.0.1/32 -o lo -m owner --gid-owner 1337 -j ISTIO_IN_REDIRECT
2022-04-27T06:19:46.291810544Z stdout F -A ISTIO_OUTPUT -o lo -m owner ! --gid-owner 1337 -j RETURN
2022-04-27T06:19:46.291836923Z stdout F -A ISTIO_OUTPUT -m owner --gid-owner 1337 -j RETURN
2022-04-27T06:19:46.2918569Z stdout F -A ISTIO_OUTPUT -d 127.0.0.1/32 -j RETURN
2022-04-27T06:19:46.292328547Z stdout F -A ISTIO_OUTPUT -j ISTIO_REDIRECT
2022-04-27T06:19:46.292342991Z stdout F -A ISTIO_REDIRECT -p tcp -j REDIRECT --to-ports 15001
2022-04-27T06:19:46.292352962Z stdout F COMMIT
2022-04-27T06:19:46.292362402Z stdout F # Completed on Wed Apr 27 06:19:46 2022
2022-04-27T06:19:46.292370608Z stdout F 
