2022-05-09T11:48:11.745293307Z stdout F 2022-05-09T11:48:11.744659Z	info	Istio iptables environment:
2022-05-09T11:48:11.745362921Z stdout F ENVOY_PORT=
2022-05-09T11:48:11.74537459Z stdout F INBOUND_CAPTURE_PORT=
2022-05-09T11:48:11.745380622Z stdout F ISTIO_INBOUND_INTERCEPTION_MODE=
2022-05-09T11:48:11.745386002Z stdout F ISTIO_INBOUND_TPROXY_ROUTE_TABLE=
2022-05-09T11:48:11.745390656Z stdout F ISTIO_INBOUND_PORTS=
2022-05-09T11:48:11.745394867Z stdout F ISTIO_OUTBOUND_PORTS=
2022-05-09T11:48:11.745399128Z stdout F ISTIO_LOCAL_EXCLUDE_PORTS=
2022-05-09T11:48:11.745403447Z stdout F ISTIO_EXCLUDE_INTERFACES=
2022-05-09T11:48:11.745407837Z stdout F ISTIO_SERVICE_CIDR=
2022-05-09T11:48:11.745412294Z stdout F ISTIO_SERVICE_EXCLUDE_CIDR=
2022-05-09T11:48:11.745416486Z stdout F ISTIO_META_DNS_CAPTURE=
2022-05-09T11:48:11.745421444Z stdout F INVALID_DROP=
2022-05-09T11:48:11.745427437Z stdout F 
2022-05-09T11:48:11.745434633Z stdout F 2022-05-09T11:48:11.745010Z	info	Istio iptables variables:
2022-05-09T11:48:11.745446216Z stdout F PROXY_PORT=15001
2022-05-09T11:48:11.74545156Z stdout F PROXY_INBOUND_CAPTURE_PORT=15006
2022-05-09T11:48:11.745456008Z stdout F PROXY_TUNNEL_PORT=15008
2022-05-09T11:48:11.745460283Z stdout F PROXY_UID=1337
2022-05-09T11:48:11.745464628Z stdout F PROXY_GID=1337
2022-05-09T11:48:11.74546889Z stdout F INBOUND_INTERCEPTION_MODE=REDIRECT
2022-05-09T11:48:11.745473069Z stdout F INBOUND_TPROXY_MARK=1337
2022-05-09T11:48:11.745477221Z stdout F INBOUND_TPROXY_ROUTE_TABLE=133
2022-05-09T11:48:11.745481396Z stdout F INBOUND_PORTS_INCLUDE=*
2022-05-09T11:48:11.745485542Z stdout F INBOUND_PORTS_EXCLUDE=15090,15021,15020
2022-05-09T11:48:11.745489661Z stdout F OUTBOUND_IP_RANGES_INCLUDE=*
2022-05-09T11:48:11.745493817Z stdout F OUTBOUND_IP_RANGES_EXCLUDE=
2022-05-09T11:48:11.745497982Z stdout F OUTBOUND_PORTS_INCLUDE=
2022-05-09T11:48:11.745502155Z stdout F OUTBOUND_PORTS_EXCLUDE=
2022-05-09T11:48:11.745506242Z stdout F KUBE_VIRT_INTERFACES=
2022-05-09T11:48:11.74551045Z stdout F ENABLE_INBOUND_IPV6=false
2022-05-09T11:48:11.745514916Z stdout F DNS_CAPTURE=false
2022-05-09T11:48:11.745519155Z stdout F DROP_INVALID=false
2022-05-09T11:48:11.745523406Z stdout F CAPTURE_ALL_DNS=false
2022-05-09T11:48:11.745527673Z stdout F DNS_SERVERS=[],[]
2022-05-09T11:48:11.745532436Z stdout F OUTPUT_PATH=
2022-05-09T11:48:11.745536665Z stdout F NETWORK_NAMESPACE=
2022-05-09T11:48:11.74554199Z stdout F CNI_MODE=false
2022-05-09T11:48:11.745549038Z stdout F EXCLUDE_INTERFACES=
2022-05-09T11:48:11.745555937Z stdout F 
2022-05-09T11:48:11.747267932Z stdout F 2022-05-09T11:48:11.745579Z	info	Writing following contents to rules file: /tmp/iptables-rules-1652096891745196108.txt1968546260
2022-05-09T11:48:11.747306935Z stdout F * nat
2022-05-09T11:48:11.747328864Z stdout F -N ISTIO_INBOUND
2022-05-09T11:48:11.747338728Z stdout F -N ISTIO_REDIRECT
2022-05-09T11:48:11.747346727Z stdout F -N ISTIO_IN_REDIRECT
2022-05-09T11:48:11.747367069Z stdout F -N ISTIO_OUTPUT
2022-05-09T11:48:11.747384217Z stdout F -A ISTIO_INBOUND -p tcp --dport 15008 -j RETURN
2022-05-09T11:48:11.747457398Z stdout F -A ISTIO_REDIRECT -p tcp -j REDIRECT --to-ports 15001
2022-05-09T11:48:11.747471344Z stdout F -A ISTIO_IN_REDIRECT -p tcp -j REDIRECT --to-ports 15006
2022-05-09T11:48:11.747479204Z stdout F -A PREROUTING -p tcp -j ISTIO_INBOUND
2022-05-09T11:48:11.7474863Z stdout F -A ISTIO_INBOUND -p tcp --dport 15090 -j RETURN
2022-05-09T11:48:11.747493574Z stdout F -A ISTIO_INBOUND -p tcp --dport 15021 -j RETURN
2022-05-09T11:48:11.747500451Z stdout F -A ISTIO_INBOUND -p tcp --dport 15020 -j RETURN
2022-05-09T11:48:11.747507648Z stdout F -A ISTIO_INBOUND -p tcp -j ISTIO_IN_REDIRECT
2022-05-09T11:48:11.747515303Z stdout F -A OUTPUT -p tcp -j ISTIO_OUTPUT
2022-05-09T11:48:11.747522458Z stdout F -A ISTIO_OUTPUT -o lo -s 127.0.0.6/32 -j RETURN
2022-05-09T11:48:11.74753058Z stdout F -A ISTIO_OUTPUT -o lo ! -d 127.0.0.1/32 -m owner --uid-owner 1337 -j ISTIO_IN_REDIRECT
2022-05-09T11:48:11.747538205Z stdout F -A ISTIO_OUTPUT -o lo -m owner ! --uid-owner 1337 -j RETURN
2022-05-09T11:48:11.747545418Z stdout F -A ISTIO_OUTPUT -m owner --uid-owner 1337 -j RETURN
2022-05-09T11:48:11.74757436Z stdout F -A ISTIO_OUTPUT -o lo ! -d 127.0.0.1/32 -m owner --gid-owner 1337 -j ISTIO_IN_REDIRECT
2022-05-09T11:48:11.747583178Z stdout F -A ISTIO_OUTPUT -o lo -m owner ! --gid-owner 1337 -j RETURN
2022-05-09T11:48:11.747590715Z stdout F -A ISTIO_OUTPUT -m owner --gid-owner 1337 -j RETURN
2022-05-09T11:48:11.747597983Z stdout F -A ISTIO_OUTPUT -d 127.0.0.1/32 -j RETURN
2022-05-09T11:48:11.747605283Z stdout F -A ISTIO_OUTPUT -j ISTIO_REDIRECT
2022-05-09T11:48:11.747612413Z stdout F COMMIT
2022-05-09T11:48:11.74762066Z stdout F 2022-05-09T11:48:11.745712Z	info	Running command: iptables-restore --noflush /tmp/iptables-rules-1652096891745196108.txt1968546260
2022-05-09T11:48:11.869593208Z stdout F 2022-05-09T11:48:11.867640Z	info	Writing following contents to rules file: /tmp/ip6tables-rules-1652096891867273052.txt3614768712
2022-05-09T11:48:11.869684399Z stdout F 
2022-05-09T11:48:11.869704391Z stdout F 2022-05-09T11:48:11.867884Z	info	Running command: ip6tables-restore --noflush /tmp/ip6tables-rules-1652096891867273052.txt3614768712
2022-05-09T11:48:11.88074421Z stdout F 2022-05-09T11:48:11.880257Z	info	Running command: iptables-save 
2022-05-09T11:48:11.94299162Z stdout F 2022-05-09T11:48:11.942025Z	info	Command output: 
2022-05-09T11:48:11.943019506Z stdout F # Generated by iptables-save v1.8.4 on Mon May  9 11:48:11 2022
2022-05-09T11:48:11.943025495Z stdout F *nat
2022-05-09T11:48:11.943030766Z stdout F :PREROUTING ACCEPT [0:0]
2022-05-09T11:48:11.943034892Z stdout F :INPUT ACCEPT [0:0]
2022-05-09T11:48:11.943039108Z stdout F :OUTPUT ACCEPT [0:0]
2022-05-09T11:48:11.943043797Z stdout F :POSTROUTING ACCEPT [0:0]
2022-05-09T11:48:11.943048854Z stdout F :ISTIO_INBOUND - [0:0]
2022-05-09T11:48:11.943053116Z stdout F :ISTIO_IN_REDIRECT - [0:0]
2022-05-09T11:48:11.943057328Z stdout F :ISTIO_OUTPUT - [0:0]
2022-05-09T11:48:11.943065432Z stdout F :ISTIO_REDIRECT - [0:0]
2022-05-09T11:48:11.943070235Z stdout F -A PREROUTING -p tcp -j ISTIO_INBOUND
2022-05-09T11:48:11.943074433Z stdout F -A OUTPUT -p tcp -j ISTIO_OUTPUT
2022-05-09T11:48:11.943078633Z stdout F -A ISTIO_INBOUND -p tcp -m tcp --dport 15008 -j RETURN
2022-05-09T11:48:11.94308278Z stdout F -A ISTIO_INBOUND -p tcp -m tcp --dport 15090 -j RETURN
2022-05-09T11:48:11.943086969Z stdout F -A ISTIO_INBOUND -p tcp -m tcp --dport 15021 -j RETURN
2022-05-09T11:48:11.943091117Z stdout F -A ISTIO_INBOUND -p tcp -m tcp --dport 15020 -j RETURN
2022-05-09T11:48:11.943095266Z stdout F -A ISTIO_INBOUND -p tcp -j ISTIO_IN_REDIRECT
2022-05-09T11:48:11.943099408Z stdout F -A ISTIO_IN_REDIRECT -p tcp -j REDIRECT --to-ports 15006
2022-05-09T11:48:11.943103528Z stdout F -A ISTIO_OUTPUT -s 127.0.0.6/32 -o lo -j RETURN
2022-05-09T11:48:11.943108184Z stdout F -A ISTIO_OUTPUT ! -d 127.0.0.1/32 -o lo -m owner --uid-owner 1337 -j ISTIO_IN_REDIRECT
2022-05-09T11:48:11.943112337Z stdout F -A ISTIO_OUTPUT -o lo -m owner ! --uid-owner 1337 -j RETURN
2022-05-09T11:48:11.943116393Z stdout F -A ISTIO_OUTPUT -m owner --uid-owner 1337 -j RETURN
2022-05-09T11:48:11.943120604Z stdout F -A ISTIO_OUTPUT ! -d 127.0.0.1/32 -o lo -m owner --gid-owner 1337 -j ISTIO_IN_REDIRECT
2022-05-09T11:48:11.943124758Z stdout F -A ISTIO_OUTPUT -o lo -m owner ! --gid-owner 1337 -j RETURN
2022-05-09T11:48:11.94312884Z stdout F -A ISTIO_OUTPUT -m owner --gid-owner 1337 -j RETURN
2022-05-09T11:48:11.943133Z stdout F -A ISTIO_OUTPUT -d 127.0.0.1/32 -j RETURN
2022-05-09T11:48:11.943137303Z stdout F -A ISTIO_OUTPUT -j ISTIO_REDIRECT
2022-05-09T11:48:11.943141399Z stdout F -A ISTIO_REDIRECT -p tcp -j REDIRECT --to-ports 15001
2022-05-09T11:48:11.943146103Z stdout F COMMIT
2022-05-09T11:48:11.94315041Z stdout F # Completed on Mon May  9 11:48:11 2022
2022-05-09T11:48:11.943154471Z stdout F 
