2022-05-09T06:51:40.175630541Z stdout F Initializing database
2022-05-09T06:51:40.325758821Z stderr F 2022-05-09 06:51:40 0 [Note] Ignoring --secure-file-priv value as server is running with --bootstrap.
2022-05-09T06:51:40.325806668Z stderr F 2022-05-09 06:51:40 0 [Note] /usr/sbin/mysqld (mysqld 5.6.35) starting as process 44 ...
2022-05-09T06:51:40.334625989Z stderr F 2022-05-09 06:51:40 44 [Note] InnoDB: Using atomics to ref count buffer pool pages
2022-05-09T06:51:40.334818691Z stderr F 2022-05-09 06:51:40 44 [Note] InnoDB: The InnoDB memory heap is disabled
2022-05-09T06:51:40.334833749Z stderr F 2022-05-09 06:51:40 44 [Note] InnoDB: Mutexes and rw_locks use GCC atomic builtins
2022-05-09T06:51:40.334841472Z stderr F 2022-05-09 06:51:40 44 [Note] InnoDB: Memory barrier is not used
2022-05-09T06:51:40.334848497Z stderr F 2022-05-09 06:51:40 44 [Note] InnoDB: Compressed tables use zlib 1.2.8
2022-05-09T06:51:40.33485533Z stderr F 2022-05-09 06:51:40 44 [Note] InnoDB: Using Linux native AIO
2022-05-09T06:51:40.335051851Z stderr F 2022-05-09 06:51:40 44 [Note] InnoDB: Using CPU crc32 instructions
2022-05-09T06:51:40.337409649Z stderr F 2022-05-09 06:51:40 44 [Note] InnoDB: Initializing buffer pool, size = 128.0M
2022-05-09T06:51:40.365597719Z stderr F 2022-05-09 06:51:40 44 [Note] InnoDB: Completed initialization of buffer pool
2022-05-09T06:51:40.381793496Z stderr F 2022-05-09 06:51:40 44 [Note] InnoDB: The first specified data file ./ibdata1 did not exist: a new database to be created!
2022-05-09T06:51:40.381822107Z stderr F 2022-05-09 06:51:40 44 [Note] InnoDB: Setting file ./ibdata1 size to 12 MB
2022-05-09T06:51:40.381828405Z stderr F 2022-05-09 06:51:40 44 [Note] InnoDB: Database physically writes the file full: wait...
2022-05-09T06:51:40.417115847Z stderr F 2022-05-09 06:51:40 44 [Note] InnoDB: Setting log file ./ib_logfile101 size to 48 MB
2022-05-09T06:51:40.639227255Z stderr F 2022-05-09 06:51:40 44 [Note] InnoDB: Setting log file ./ib_logfile1 size to 48 MB
2022-05-09T06:51:42.197164448Z stderr F 2022-05-09 06:51:42 44 [Note] InnoDB: Renaming log file ./ib_logfile101 to ./ib_logfile0
2022-05-09T06:51:42.197215694Z stderr F 2022-05-09 06:51:42 44 [Warning] InnoDB: New log files created, LSN=45781
2022-05-09T06:51:42.197237987Z stderr F 2022-05-09 06:51:42 44 [Note] InnoDB: Doublewrite buffer not found: creating new
2022-05-09T06:51:42.249505217Z stderr F 2022-05-09 06:51:42 44 [Note] InnoDB: Doublewrite buffer created
2022-05-09T06:51:42.262912405Z stderr F 2022-05-09 06:51:42 44 [Note] InnoDB: 128 rollback segment(s) are active.
2022-05-09T06:51:42.263462359Z stderr F 2022-05-09 06:51:42 44 [Warning] InnoDB: Creating foreign key constraint system tables.
2022-05-09T06:51:42.280566855Z stderr F 2022-05-09 06:51:42 44 [Note] InnoDB: Foreign key constraint system tables created
2022-05-09T06:51:42.280774602Z stderr F 2022-05-09 06:51:42 44 [Note] InnoDB: Creating tablespace and datafile system tables.
2022-05-09T06:51:42.284063924Z stderr F 2022-05-09 06:51:42 44 [Note] InnoDB: Tablespace and datafile system tables created.
2022-05-09T06:51:42.284112143Z stderr F 2022-05-09 06:51:42 44 [Note] InnoDB: Waiting for purge to start
2022-05-09T06:51:42.335946965Z stderr F 2022-05-09 06:51:42 44 [Note] InnoDB: 5.6.35 started; log sequence number 0
2022-05-09T06:51:43.090632694Z stderr F 2022-05-09 06:51:43 44 [Note] Binlog end
2022-05-09T06:51:43.091216947Z stderr F 2022-05-09 06:51:43 44 [Note] InnoDB: FTS optimize thread exiting.
2022-05-09T06:51:43.091609143Z stderr F 2022-05-09 06:51:43 44 [Note] InnoDB: Starting shutdown...
2022-05-09T06:51:44.159810898Z stderr F 2022-05-09 06:51:44 44 [Note] InnoDB: Shutdown completed; log sequence number 1625977
2022-05-09T06:51:44.210937002Z stdout F 
2022-05-09T06:51:44.237923107Z stdout F 
2022-05-09T06:51:44.230972148Z stderr F 2022-05-09 06:51:44 0 [Note] Ignoring --secure-file-priv value as server is running with --bootstrap.
2022-05-09T06:51:44.237959661Z stderr F 2022-05-09 06:51:44 0 [Note] /usr/sbin/mysqld (mysqld 5.6.35) starting as process 67 ...
2022-05-09T06:51:44.241714317Z stderr F 2022-05-09 06:51:44 67 [Note] InnoDB: Using atomics to ref count buffer pool pages
2022-05-09T06:51:44.24177673Z stderr F 2022-05-09 06:51:44 67 [Note] InnoDB: The InnoDB memory heap is disabled
2022-05-09T06:51:44.241788945Z stderr F 2022-05-09 06:51:44 67 [Note] InnoDB: Mutexes and rw_locks use GCC atomic builtins
2022-05-09T06:51:44.241797393Z stderr F 2022-05-09 06:51:44 67 [Note] InnoDB: Memory barrier is not used
2022-05-09T06:51:44.241804454Z stderr F 2022-05-09 06:51:44 67 [Note] InnoDB: Compressed tables use zlib 1.2.8
2022-05-09T06:51:44.24181159Z stderr F 2022-05-09 06:51:44 67 [Note] InnoDB: Using Linux native AIO
2022-05-09T06:51:44.241818705Z stderr F 2022-05-09 06:51:44 67 [Note] InnoDB: Using CPU crc32 instructions
2022-05-09T06:51:44.258710173Z stderr F 2022-05-09 06:51:44 67 [Note] InnoDB: Initializing buffer pool, size = 128.0M
2022-05-09T06:51:44.353214784Z stderr F 2022-05-09 06:51:44 67 [Note] InnoDB: Completed initialization of buffer pool
2022-05-09T06:51:44.559177158Z stderr F 2022-05-09 06:51:44 67 [Note] InnoDB: Highest supported file format is Barracuda.
2022-05-09T06:51:44.687238103Z stderr F 2022-05-09 06:51:44 67 [Note] InnoDB: 128 rollback segment(s) are active.
2022-05-09T06:51:44.693474235Z stderr F 2022-05-09 06:51:44 67 [Note] InnoDB: Waiting for purge to start
2022-05-09T06:51:44.746182473Z stderr F 2022-05-09 06:51:44 67 [Note] InnoDB: 5.6.35 started; log sequence number 1625977
2022-05-09T06:51:45.283826088Z stderr F 2022-05-09 06:51:45 67 [Note] Binlog end
2022-05-09T06:51:45.291470485Z stderr F 2022-05-09 06:51:45 67 [Note] InnoDB: FTS optimize thread exiting.
2022-05-09T06:51:45.297465611Z stderr F 2022-05-09 06:51:45 67 [Note] InnoDB: Starting shutdown...
2022-05-09T06:51:46.58550463Z stderr F 2022-05-09 06:51:46 67 [Note] InnoDB: Shutdown completed; log sequence number 1625987
2022-05-09T06:51:46.632339566Z stdout F 
2022-05-09T06:51:46.632371011Z stdout F 
2022-05-09T06:51:46.632376675Z stdout F 
2022-05-09T06:51:46.632380686Z stdout F 
2022-05-09T06:51:46.632388173Z stdout F PLEASE REMEMBER TO SET A PASSWORD FOR THE MySQL root USER !
2022-05-09T06:51:46.632394373Z stdout F To do so, start the server, then issue the following commands:
2022-05-09T06:51:46.632398393Z stdout F 
2022-05-09T06:51:46.632402456Z stdout F   /usr/bin/mysqladmin -u root password 'new-password'
2022-05-09T06:51:46.632407013Z stdout F   /usr/bin/mysqladmin -u root -h ts-voucher-mysql-866b74d746-tgrwh password 'new-password'
2022-05-09T06:51:46.632410899Z stdout F 
2022-05-09T06:51:46.63241599Z stdout F Alternatively you can run:
2022-05-09T06:51:46.632420257Z stdout F 
2022-05-09T06:51:46.632424958Z stdout F   /usr/bin/mysql_secure_installation
2022-05-09T06:51:46.632428903Z stdout F 
2022-05-09T06:51:46.632433016Z stdout F which will also give you the option of removing the test
2022-05-09T06:51:46.632437046Z stdout F databases and anonymous user created by default.  This is
2022-05-09T06:51:46.632441019Z stdout F strongly recommended for production servers.
2022-05-09T06:51:46.632444867Z stdout F 
2022-05-09T06:51:46.632448873Z stdout F See the manual for more instructions.
2022-05-09T06:51:46.632452703Z stdout F 
2022-05-09T06:51:46.63245671Z stdout F Please report any problems at http://bugs.mysql.com/
2022-05-09T06:51:46.632460738Z stdout F 
2022-05-09T06:51:46.632464715Z stdout F The latest information about MySQL is available on the web at
2022-05-09T06:51:46.632468515Z stdout F 
2022-05-09T06:51:46.632473079Z stdout F   http://www.mysql.com
2022-05-09T06:51:46.632477059Z stdout F 
2022-05-09T06:51:46.632481804Z stdout F Support MySQL by buying support/licenses at http://shop.mysql.com
2022-05-09T06:51:46.63248567Z stdout F 
2022-05-09T06:51:46.63248986Z stdout F Note: new default config file not created.
2022-05-09T06:51:46.632493942Z stdout F Please make sure your config file is current
2022-05-09T06:51:46.632497825Z stdout F 
2022-05-09T06:51:46.632502579Z stdout F WARNING: Default config file /etc/mysql/my.cnf exists on the system
2022-05-09T06:51:46.63250671Z stdout F This file will be read by default by the MySQL server
2022-05-09T06:51:46.63261817Z stdout F If you do not want to use this, either remove it, or use the
2022-05-09T06:51:46.632627594Z stdout F --defaults-file argument to mysqld_safe when starting the server
2022-05-09T06:51:46.632631868Z stdout F 
2022-05-09T06:51:46.656463988Z stdout F Database initialized
2022-05-09T06:51:46.790419622Z stdout F MySQL init process in progress...
2022-05-09T06:51:47.840313482Z stdout F MySQL init process in progress...
2022-05-09T06:51:48.875760757Z stdout F MySQL init process in progress...
2022-05-09T06:51:49.446606427Z stderr F 2022-05-09 06:51:49 0 [Note] mysqld (mysqld 5.6.35) starting as process 95 ...
2022-05-09T06:51:49.464890374Z stderr F 2022-05-09 06:51:49 95 [Note] Plugin 'FEDERATED' is disabled.
2022-05-09T06:51:49.467700056Z stderr F 2022-05-09 06:51:49 95 [Note] InnoDB: Using atomics to ref count buffer pool pages
2022-05-09T06:51:49.467752474Z stderr F 2022-05-09 06:51:49 95 [Note] InnoDB: The InnoDB memory heap is disabled
2022-05-09T06:51:49.46776707Z stderr F 2022-05-09 06:51:49 95 [Note] InnoDB: Mutexes and rw_locks use GCC atomic builtins
2022-05-09T06:51:49.467776942Z stderr F 2022-05-09 06:51:49 95 [Note] InnoDB: Memory barrier is not used
2022-05-09T06:51:49.46778709Z stderr F 2022-05-09 06:51:49 95 [Note] InnoDB: Compressed tables use zlib 1.2.8
2022-05-09T06:51:49.467795917Z stderr F 2022-05-09 06:51:49 95 [Note] InnoDB: Using Linux native AIO
2022-05-09T06:51:49.468767296Z stderr F 2022-05-09 06:51:49 95 [Note] InnoDB: Using CPU crc32 instructions
2022-05-09T06:51:49.479149673Z stderr F 2022-05-09 06:51:49 95 [Note] InnoDB: Initializing buffer pool, size = 128.0M
2022-05-09T06:51:49.530326Z stderr F 2022-05-09 06:51:49 95 [Note] InnoDB: Completed initialization of buffer pool
2022-05-09T06:51:49.57006715Z stderr F 2022-05-09 06:51:49 95 [Note] InnoDB: Highest supported file format is Barracuda.
2022-05-09T06:51:49.657663931Z stderr F 2022-05-09 06:51:49 95 [Note] InnoDB: 128 rollback segment(s) are active.
2022-05-09T06:51:49.657721823Z stderr F 2022-05-09 06:51:49 95 [Note] InnoDB: Waiting for purge to start
2022-05-09T06:51:49.707708239Z stderr F 2022-05-09 06:51:49 95 [Note] InnoDB: 5.6.35 started; log sequence number 1625987
2022-05-09T06:51:49.708417431Z stderr F 2022-05-09 06:51:49 95 [Warning] No existing UUID has been found, so we assume that this is the first time that this server has been started. Generating a new UUID: 80413b51-cf64-11ec-bb3a-9e5005e6513d.
2022-05-09T06:51:49.727014783Z stderr F 2022-05-09 06:51:49 95 [Warning] 'user' entry 'root@ts-voucher-mysql-866b74d746-tgrwh' ignored in --skip-name-resolve mode.
2022-05-09T06:51:49.727049947Z stderr F 2022-05-09 06:51:49 95 [Warning] 'user' entry '@ts-voucher-mysql-866b74d746-tgrwh' ignored in --skip-name-resolve mode.
2022-05-09T06:51:49.727057529Z stderr F 2022-05-09 06:51:49 95 [Warning] 'proxies_priv' entry '@ root@ts-voucher-mysql-866b74d746-tgrwh' ignored in --skip-name-resolve mode.
2022-05-09T06:51:49.742919651Z stderr F 2022-05-09 06:51:49 95 [Note] Event Scheduler: Loaded 0 events
2022-05-09T06:51:49.74298735Z stderr F 2022-05-09 06:51:49 95 [Note] mysqld: ready for connections.
2022-05-09T06:51:49.743004402Z stderr F Version: '5.6.35'  socket: '/var/run/mysqld/mysqld.sock'  port: 0  MySQL Community Server (GPL)
2022-05-09T06:51:52.973604238Z stderr F Warning: Unable to load '/usr/share/zoneinfo/iso3166.tab' as time zone. Skipping it.
2022-05-09T06:51:52.973701764Z stderr F Warning: Unable to load '/usr/share/zoneinfo/leap-seconds.list' as time zone. Skipping it.
2022-05-09T06:51:55.357252251Z stderr F Warning: Unable to load '/usr/share/zoneinfo/zone.tab' as time zone. Skipping it.
2022-05-09T06:51:56.134380712Z stderr F 2022-05-09 06:51:56 95 [Warning] 'proxies_priv' entry '@ root@ts-voucher-mysql-866b74d746-tgrwh' ignored in --skip-name-resolve mode.
2022-05-09T06:51:56.137324821Z stdout F 
2022-05-09T06:51:56.138518606Z stderr F 2022-05-09 06:51:56 95 [Note] mysqld: Normal shutdown
2022-05-09T06:51:56.138545847Z stderr F 
2022-05-09T06:51:56.139014066Z stderr F 2022-05-09 06:51:56 95 [Note] Giving 0 client threads a chance to die gracefully
2022-05-09T06:51:56.139051731Z stderr F 2022-05-09 06:51:56 95 [Note] Event Scheduler: Purging the queue. 0 events
2022-05-09T06:51:56.139059612Z stderr F 2022-05-09 06:51:56 95 [Note] Shutting down slave threads
2022-05-09T06:51:56.139064417Z stderr F 2022-05-09 06:51:56 95 [Note] Forcefully disconnecting 0 remaining clients
2022-05-09T06:51:56.139069472Z stderr F 2022-05-09 06:51:56 95 [Note] Binlog end
2022-05-09T06:51:56.139687897Z stderr F 2022-05-09 06:51:56 95 [Note] Shutting down plugin 'partition'
2022-05-09T06:51:56.139716073Z stderr F 2022-05-09 06:51:56 95 [Note] Shutting down plugin 'INNODB_SYS_DATAFILES'
2022-05-09T06:51:56.139722949Z stderr F 2022-05-09 06:51:56 95 [Note] Shutting down plugin 'INNODB_SYS_TABLESPACES'
2022-05-09T06:51:56.13972734Z stderr F 2022-05-09 06:51:56 95 [Note] Shutting down plugin 'INNODB_SYS_FOREIGN_COLS'
2022-05-09T06:51:56.13973195Z stderr F 2022-05-09 06:51:56 95 [Note] Shutting down plugin 'INNODB_SYS_FOREIGN'
2022-05-09T06:51:56.139736358Z stderr F 2022-05-09 06:51:56 95 [Note] Shutting down plugin 'INNODB_SYS_FIELDS'
2022-05-09T06:51:56.139740709Z stderr F 2022-05-09 06:51:56 95 [Note] Shutting down plugin 'INNODB_SYS_COLUMNS'
2022-05-09T06:51:56.13974502Z stderr F 2022-05-09 06:51:56 95 [Note] Shutting down plugin 'INNODB_SYS_INDEXES'
2022-05-09T06:51:56.139749369Z stderr F 2022-05-09 06:51:56 95 [Note] Shutting down plugin 'INNODB_SYS_TABLESTATS'
2022-05-09T06:51:56.139753695Z stderr F 2022-05-09 06:51:56 95 [Note] Shutting down plugin 'INNODB_SYS_TABLES'
2022-05-09T06:51:56.139758011Z stderr F 2022-05-09 06:51:56 95 [Note] Shutting down plugin 'INNODB_FT_INDEX_TABLE'
2022-05-09T06:51:56.139762376Z stderr F 2022-05-09 06:51:56 95 [Note] Shutting down plugin 'INNODB_FT_INDEX_CACHE'
2022-05-09T06:51:56.139766744Z stderr F 2022-05-09 06:51:56 95 [Note] Shutting down plugin 'INNODB_FT_CONFIG'
2022-05-09T06:51:56.139771054Z stderr F 2022-05-09 06:51:56 95 [Note] Shutting down plugin 'INNODB_FT_BEING_DELETED'
2022-05-09T06:51:56.139775291Z stderr F 2022-05-09 06:51:56 95 [Note] Shutting down plugin 'INNODB_FT_DELETED'
2022-05-09T06:51:56.139779572Z stderr F 2022-05-09 06:51:56 95 [Note] Shutting down plugin 'INNODB_FT_DEFAULT_STOPWORD'
2022-05-09T06:51:56.139783903Z stderr F 2022-05-09 06:51:56 95 [Note] Shutting down plugin 'INNODB_METRICS'
2022-05-09T06:51:56.139789257Z stderr F 2022-05-09 06:51:56 95 [Note] Shutting down plugin 'INNODB_BUFFER_POOL_STATS'
2022-05-09T06:51:56.139795108Z stderr F 2022-05-09 06:51:56 95 [Note] Shutting down plugin 'INNODB_BUFFER_PAGE_LRU'
2022-05-09T06:51:56.139799588Z stderr F 2022-05-09 06:51:56 95 [Note] Shutting down plugin 'INNODB_BUFFER_PAGE'
2022-05-09T06:51:56.139804255Z stderr F 2022-05-09 06:51:56 95 [Note] Shutting down plugin 'INNODB_CMP_PER_INDEX_RESET'
2022-05-09T06:51:56.140012919Z stderr F 2022-05-09 06:51:56 95 [Note] Shutting down plugin 'INNODB_CMP_PER_INDEX'
2022-05-09T06:51:56.140022662Z stderr F 2022-05-09 06:51:56 95 [Note] Shutting down plugin 'INNODB_CMPMEM_RESET'
2022-05-09T06:51:56.140027344Z stderr F 2022-05-09 06:51:56 95 [Note] Shutting down plugin 'INNODB_CMPMEM'
2022-05-09T06:51:56.140031766Z stderr F 2022-05-09 06:51:56 95 [Note] Shutting down plugin 'INNODB_CMP_RESET'
2022-05-09T06:51:56.140036228Z stderr F 2022-05-09 06:51:56 95 [Note] Shutting down plugin 'INNODB_CMP'
2022-05-09T06:51:56.14004052Z stderr F 2022-05-09 06:51:56 95 [Note] Shutting down plugin 'INNODB_LOCK_WAITS'
2022-05-09T06:51:56.140044852Z stderr F 2022-05-09 06:51:56 95 [Note] Shutting down plugin 'INNODB_LOCKS'
2022-05-09T06:51:56.140049179Z stderr F 2022-05-09 06:51:56 95 [Note] Shutting down plugin 'INNODB_TRX'
2022-05-09T06:51:56.140053463Z stderr F 2022-05-09 06:51:56 95 [Note] Shutting down plugin 'InnoDB'
2022-05-09T06:51:56.140130973Z stderr F 2022-05-09 06:51:56 95 [Note] InnoDB: FTS optimize thread exiting.
2022-05-09T06:51:56.14015932Z stderr F 2022-05-09 06:51:56 95 [Note] InnoDB: Starting shutdown...
2022-05-09T06:51:57.57878334Z stderr F 2022-05-09 06:51:57 95 [Note] InnoDB: Shutdown completed; log sequence number 1625997
2022-05-09T06:51:57.578846802Z stderr F 2022-05-09 06:51:57 95 [Note] Shutting down plugin 'BLACKHOLE'
2022-05-09T06:51:57.578854484Z stderr F 2022-05-09 06:51:57 95 [Note] Shutting down plugin 'ARCHIVE'
2022-05-09T06:51:57.578859792Z stderr F 2022-05-09 06:51:57 95 [Note] Shutting down plugin 'PERFORMANCE_SCHEMA'
2022-05-09T06:51:57.578986252Z stderr F 2022-05-09 06:51:57 95 [Note] Shutting down plugin 'MRG_MYISAM'
2022-05-09T06:51:57.57901508Z stderr F 2022-05-09 06:51:57 95 [Note] Shutting down plugin 'MyISAM'
2022-05-09T06:51:57.579021669Z stderr F 2022-05-09 06:51:57 95 [Note] Shutting down plugin 'CSV'
2022-05-09T06:51:57.579157509Z stderr F 2022-05-09 06:51:57 95 [Note] Shutting down plugin 'MEMORY'
2022-05-09T06:51:57.579183312Z stderr F 2022-05-09 06:51:57 95 [Note] Shutting down plugin 'sha256_password'
2022-05-09T06:51:57.579190251Z stderr F 2022-05-09 06:51:57 95 [Note] Shutting down plugin 'mysql_old_password'
2022-05-09T06:51:57.579200023Z stderr F 2022-05-09 06:51:57 95 [Note] Shutting down plugin 'mysql_native_password'
2022-05-09T06:51:57.579843939Z stderr F 2022-05-09 06:51:57 95 [Note] Shutting down plugin 'binlog'
2022-05-09T06:51:57.585780837Z stderr F 2022-05-09 06:51:57 95 [Note] mysqld: Shutdown complete
2022-05-09T06:51:57.585875097Z stderr F 
2022-05-09T06:51:57.725875716Z stdout F 
2022-05-09T06:51:57.725921931Z stdout F MySQL init process done. Ready for start up.
2022-05-09T06:51:57.725928412Z stdout F 
2022-05-09T06:51:58.227773374Z stderr F 2022-05-09 06:51:58 0 [Note] mysqld (mysqld 5.6.35) starting as process 1 ...
2022-05-09T06:51:58.236493647Z stderr F 2022-05-09 06:51:58 1 [Note] Plugin 'FEDERATED' is disabled.
2022-05-09T06:51:58.239086807Z stderr F 2022-05-09 06:51:58 1 [Note] InnoDB: Using atomics to ref count buffer pool pages
2022-05-09T06:51:58.239136654Z stderr F 2022-05-09 06:51:58 1 [Note] InnoDB: The InnoDB memory heap is disabled
2022-05-09T06:51:58.239154257Z stderr F 2022-05-09 06:51:58 1 [Note] InnoDB: Mutexes and rw_locks use GCC atomic builtins
2022-05-09T06:51:58.239160867Z stderr F 2022-05-09 06:51:58 1 [Note] InnoDB: Memory barrier is not used
2022-05-09T06:51:58.239165848Z stderr F 2022-05-09 06:51:58 1 [Note] InnoDB: Compressed tables use zlib 1.2.8
2022-05-09T06:51:58.239170571Z stderr F 2022-05-09 06:51:58 1 [Note] InnoDB: Using Linux native AIO
2022-05-09T06:51:58.239174851Z stderr F 2022-05-09 06:51:58 1 [Note] InnoDB: Using CPU crc32 instructions
2022-05-09T06:51:58.242590347Z stderr F 2022-05-09 06:51:58 1 [Note] InnoDB: Initializing buffer pool, size = 128.0M
2022-05-09T06:51:58.264048781Z stderr F 2022-05-09 06:51:58 1 [Note] InnoDB: Completed initialization of buffer pool
2022-05-09T06:51:58.289147223Z stderr F 2022-05-09 06:51:58 1 [Note] InnoDB: Highest supported file format is Barracuda.
2022-05-09T06:51:58.316772425Z stderr F 2022-05-09 06:51:58 1 [Note] InnoDB: 128 rollback segment(s) are active.
2022-05-09T06:51:58.318570645Z stderr F 2022-05-09 06:51:58 1 [Note] InnoDB: Waiting for purge to start
2022-05-09T06:51:58.369156303Z stderr F 2022-05-09 06:51:58 1 [Note] InnoDB: 5.6.35 started; log sequence number 1625997
2022-05-09T06:51:58.370885539Z stderr F 2022-05-09 06:51:58 1 [Note] Server hostname (bind-address): '*'; port: 3306
2022-05-09T06:51:58.370908681Z stderr F 2022-05-09 06:51:58 1 [Note] IPv6 is available.
2022-05-09T06:51:58.370915324Z stderr F 2022-05-09 06:51:58 1 [Note]   - '::' resolves to '::';
2022-05-09T06:51:58.370919837Z stderr F 2022-05-09 06:51:58 1 [Note] Server socket created on IP: '::'.
2022-05-09T06:51:58.373643648Z stderr F 2022-05-09 06:51:58 1 [Warning] 'proxies_priv' entry '@ root@ts-voucher-mysql-866b74d746-tgrwh' ignored in --skip-name-resolve mode.
2022-05-09T06:51:58.383942246Z stderr F 2022-05-09 06:51:58 1 [Note] Event Scheduler: Loaded 0 events
2022-05-09T06:51:58.383979757Z stderr F 2022-05-09 06:51:58 1 [Note] mysqld: ready for connections.
2022-05-09T06:51:58.383986959Z stderr F Version: '5.6.35'  socket: '/var/run/mysqld/mysqld.sock'  port: 3306  MySQL Community Server (GPL)
