2022-05-09T11:47:41.773163085Z stdout F 2022-05-09T11:47:41.772865Z	info	Istio iptables environment:
2022-05-09T11:47:41.773207341Z stdout F ENVOY_PORT=
2022-05-09T11:47:41.773217511Z stdout F INBOUND_CAPTURE_PORT=
2022-05-09T11:47:41.773223263Z stdout F ISTIO_INBOUND_INTERCEPTION_MODE=
2022-05-09T11:47:41.773232735Z stdout F ISTIO_INBOUND_TPROXY_ROUTE_TABLE=
2022-05-09T11:47:41.773243596Z stdout F ISTIO_INBOUND_PORTS=
2022-05-09T11:47:41.773253471Z stdout F ISTIO_OUTBOUND_PORTS=
2022-05-09T11:47:41.773258609Z stdout F ISTIO_LOCAL_EXCLUDE_PORTS=
2022-05-09T11:47:41.773265988Z stdout F ISTIO_EXCLUDE_INTERFACES=
2022-05-09T11:47:41.773277045Z stdout F ISTIO_SERVICE_CIDR=
2022-05-09T11:47:41.773286667Z stdout F ISTIO_SERVICE_EXCLUDE_CIDR=
2022-05-09T11:47:41.773291582Z stdout F ISTIO_META_DNS_CAPTURE=
2022-05-09T11:47:41.773295724Z stdout F INVALID_DROP=
2022-05-09T11:47:41.7732996Z stdout F 
2022-05-09T11:47:41.773304048Z stdout F 2022-05-09T11:47:41.772932Z	info	Istio iptables variables:
2022-05-09T11:47:41.773308093Z stdout F PROXY_PORT=15001
2022-05-09T11:47:41.77331226Z stdout F PROXY_INBOUND_CAPTURE_PORT=15006
2022-05-09T11:47:41.773316305Z stdout F PROXY_TUNNEL_PORT=15008
2022-05-09T11:47:41.77332027Z stdout F PROXY_UID=1337
2022-05-09T11:47:41.773324567Z stdout F PROXY_GID=1337
2022-05-09T11:47:41.77332858Z stdout F INBOUND_INTERCEPTION_MODE=REDIRECT
2022-05-09T11:47:41.773332991Z stdout F INBOUND_TPROXY_MARK=1337
2022-05-09T11:47:41.773337292Z stdout F INBOUND_TPROXY_ROUTE_TABLE=133
2022-05-09T11:47:41.773341815Z stdout F INBOUND_PORTS_INCLUDE=*
2022-05-09T11:47:41.773346818Z stdout F INBOUND_PORTS_EXCLUDE=15090,15021,15020
2022-05-09T11:47:41.773351599Z stdout F OUTBOUND_IP_RANGES_INCLUDE=*
2022-05-09T11:47:41.773355659Z stdout F OUTBOUND_IP_RANGES_EXCLUDE=
2022-05-09T11:47:41.773359535Z stdout F OUTBOUND_PORTS_INCLUDE=
2022-05-09T11:47:41.773364036Z stdout F OUTBOUND_PORTS_EXCLUDE=
2022-05-09T11:47:41.7733687Z stdout F KUBE_VIRT_INTERFACES=
2022-05-09T11:47:41.773373005Z stdout F ENABLE_INBOUND_IPV6=false
2022-05-09T11:47:41.773377168Z stdout F DNS_CAPTURE=false
2022-05-09T11:47:41.773381201Z stdout F DROP_INVALID=false
2022-05-09T11:47:41.773390818Z stdout F CAPTURE_ALL_DNS=false
2022-05-09T11:47:41.773402034Z stdout F DNS_SERVERS=[],[]
2022-05-09T11:47:41.773410759Z stdout F OUTPUT_PATH=
2022-05-09T11:47:41.773415391Z stdout F NETWORK_NAMESPACE=
2022-05-09T11:47:41.773419505Z stdout F CNI_MODE=false
2022-05-09T11:47:41.773423613Z stdout F EXCLUDE_INTERFACES=
2022-05-09T11:47:41.773427484Z stdout F 
2022-05-09T11:47:41.776742922Z stdout F 2022-05-09T11:47:41.773180Z	info	Writing following contents to rules file: /tmp/iptables-rules-1652096861773017356.txt314802680
2022-05-09T11:47:41.776770511Z stdout F * nat
2022-05-09T11:47:41.776777134Z stdout F -N ISTIO_INBOUND
2022-05-09T11:47:41.776782537Z stdout F -N ISTIO_REDIRECT
2022-05-09T11:47:41.776787224Z stdout F -N ISTIO_IN_REDIRECT
2022-05-09T11:47:41.776791688Z stdout F -N ISTIO_OUTPUT
2022-05-09T11:47:41.776797155Z stdout F -A ISTIO_INBOUND -p tcp --dport 15008 -j RETURN
2022-05-09T11:47:41.776802249Z stdout F -A ISTIO_REDIRECT -p tcp -j REDIRECT --to-ports 15001
2022-05-09T11:47:41.776806688Z stdout F -A ISTIO_IN_REDIRECT -p tcp -j REDIRECT --to-ports 15006
2022-05-09T11:47:41.776811213Z stdout F -A PREROUTING -p tcp -j ISTIO_INBOUND
2022-05-09T11:47:41.776815592Z stdout F -A ISTIO_INBOUND -p tcp --dport 15090 -j RETURN
2022-05-09T11:47:41.776819961Z stdout F -A ISTIO_INBOUND -p tcp --dport 15021 -j RETURN
2022-05-09T11:47:41.776824378Z stdout F -A ISTIO_INBOUND -p tcp --dport 15020 -j RETURN
2022-05-09T11:47:41.776828642Z stdout F -A ISTIO_INBOUND -p tcp -j ISTIO_IN_REDIRECT
2022-05-09T11:47:41.77683304Z stdout F -A OUTPUT -p tcp -j ISTIO_OUTPUT
2022-05-09T11:47:41.776837264Z stdout F -A ISTIO_OUTPUT -o lo -s 127.0.0.6/32 -j RETURN
2022-05-09T11:47:41.776841945Z stdout F -A ISTIO_OUTPUT -o lo ! -d 127.0.0.1/32 -m owner --uid-owner 1337 -j ISTIO_IN_REDIRECT
2022-05-09T11:47:41.776846435Z stdout F -A ISTIO_OUTPUT -o lo -m owner ! --uid-owner 1337 -j RETURN
2022-05-09T11:47:41.776850994Z stdout F -A ISTIO_OUTPUT -m owner --uid-owner 1337 -j RETURN
2022-05-09T11:47:41.776867778Z stdout F -A ISTIO_OUTPUT -o lo ! -d 127.0.0.1/32 -m owner --gid-owner 1337 -j ISTIO_IN_REDIRECT
2022-05-09T11:47:41.776871227Z stdout F -A ISTIO_OUTPUT -o lo -m owner ! --gid-owner 1337 -j RETURN
2022-05-09T11:47:41.776873932Z stdout F -A ISTIO_OUTPUT -m owner --gid-owner 1337 -j RETURN
2022-05-09T11:47:41.776876508Z stdout F -A ISTIO_OUTPUT -d 127.0.0.1/32 -j RETURN
2022-05-09T11:47:41.776879075Z stdout F -A ISTIO_OUTPUT -j ISTIO_REDIRECT
2022-05-09T11:47:41.776881716Z stdout F COMMIT
2022-05-09T11:47:41.776885545Z stdout F 2022-05-09T11:47:41.773249Z	info	Running command: iptables-restore --noflush /tmp/iptables-rules-1652096861773017356.txt314802680
2022-05-09T11:47:41.780634424Z stdout F 2022-05-09T11:47:41.779929Z	info	Writing following contents to rules file: /tmp/ip6tables-rules-1652096861779820063.txt3644079412
2022-05-09T11:47:41.780768821Z stdout F 
2022-05-09T11:47:41.78078438Z stdout F 2022-05-09T11:47:41.780052Z	info	Running command: ip6tables-restore --noflush /tmp/ip6tables-rules-1652096861779820063.txt3644079412
2022-05-09T11:47:41.795756973Z stdout F 2022-05-09T11:47:41.794805Z	info	Running command: iptables-save 
2022-05-09T11:47:41.798839902Z stdout F 2022-05-09T11:47:41.798288Z	info	Command output: 
2022-05-09T11:47:41.798862508Z stdout F # Generated by iptables-save v1.8.4 on Mon May  9 11:47:41 2022
2022-05-09T11:47:41.79886723Z stdout F *nat
2022-05-09T11:47:41.79887101Z stdout F :PREROUTING ACCEPT [0:0]
2022-05-09T11:47:41.798873736Z stdout F :INPUT ACCEPT [0:0]
2022-05-09T11:47:41.798876491Z stdout F :OUTPUT ACCEPT [0:0]
2022-05-09T11:47:41.798879624Z stdout F :POSTROUTING ACCEPT [0:0]
2022-05-09T11:47:41.798882239Z stdout F :ISTIO_INBOUND - [0:0]
2022-05-09T11:47:41.798884936Z stdout F :ISTIO_IN_REDIRECT - [0:0]
2022-05-09T11:47:41.798887541Z stdout F :ISTIO_OUTPUT - [0:0]
2022-05-09T11:47:41.798890227Z stdout F :ISTIO_REDIRECT - [0:0]
2022-05-09T11:47:41.798893478Z stdout F -A PREROUTING -p tcp -j ISTIO_INBOUND
2022-05-09T11:47:41.798896126Z stdout F -A OUTPUT -p tcp -j ISTIO_OUTPUT
2022-05-09T11:47:41.798898736Z stdout F -A ISTIO_INBOUND -p tcp -m tcp --dport 15008 -j RETURN
2022-05-09T11:47:41.798901355Z stdout F -A ISTIO_INBOUND -p tcp -m tcp --dport 15090 -j RETURN
2022-05-09T11:47:41.798903966Z stdout F -A ISTIO_INBOUND -p tcp -m tcp --dport 15021 -j RETURN
2022-05-09T11:47:41.798906628Z stdout F -A ISTIO_INBOUND -p tcp -m tcp --dport 15020 -j RETURN
2022-05-09T11:47:41.798911916Z stdout F -A ISTIO_INBOUND -p tcp -j ISTIO_IN_REDIRECT
2022-05-09T11:47:41.798914694Z stdout F -A ISTIO_IN_REDIRECT -p tcp -j REDIRECT --to-ports 15006
2022-05-09T11:47:41.798917284Z stdout F -A ISTIO_OUTPUT -s 127.0.0.6/32 -o lo -j RETURN
2022-05-09T11:47:41.798920396Z stdout F -A ISTIO_OUTPUT ! -d 127.0.0.1/32 -o lo -m owner --uid-owner 1337 -j ISTIO_IN_REDIRECT
2022-05-09T11:47:41.798922998Z stdout F -A ISTIO_OUTPUT -o lo -m owner ! --uid-owner 1337 -j RETURN
2022-05-09T11:47:41.798925609Z stdout F -A ISTIO_OUTPUT -m owner --uid-owner 1337 -j RETURN
2022-05-09T11:47:41.798928394Z stdout F -A ISTIO_OUTPUT ! -d 127.0.0.1/32 -o lo -m owner --gid-owner 1337 -j ISTIO_IN_REDIRECT
2022-05-09T11:47:41.798931079Z stdout F -A ISTIO_OUTPUT -o lo -m owner ! --gid-owner 1337 -j RETURN
2022-05-09T11:47:41.798933623Z stdout F -A ISTIO_OUTPUT -m owner --gid-owner 1337 -j RETURN
2022-05-09T11:47:41.798936229Z stdout F -A ISTIO_OUTPUT -d 127.0.0.1/32 -j RETURN
2022-05-09T11:47:41.798938839Z stdout F -A ISTIO_OUTPUT -j ISTIO_REDIRECT
2022-05-09T11:47:41.798941446Z stdout F -A ISTIO_REDIRECT -p tcp -j REDIRECT --to-ports 15001
2022-05-09T11:47:41.7989444Z stdout F COMMIT
2022-05-09T11:47:41.798947238Z stdout F # Completed on Mon May  9 11:47:41 2022
2022-05-09T11:47:41.798949787Z stdout F 
