2022-06-13T02:22:13.395631564Z stdout F 2022-06-13T02:22:13.393903Z	info	Istio iptables environment:
2022-06-13T02:22:13.395695185Z stdout F ENVOY_PORT=
2022-06-13T02:22:13.39570461Z stdout F INBOUND_CAPTURE_PORT=
2022-06-13T02:22:13.395711832Z stdout F ISTIO_INBOUND_INTERCEPTION_MODE=
2022-06-13T02:22:13.395754502Z stdout F ISTIO_INBOUND_TPROXY_ROUTE_TABLE=
2022-06-13T02:22:13.39576722Z stdout F ISTIO_INBOUND_PORTS=
2022-06-13T02:22:13.395772883Z stdout F ISTIO_OUTBOUND_PORTS=
2022-06-13T02:22:13.395777279Z stdout F ISTIO_LOCAL_EXCLUDE_PORTS=
2022-06-13T02:22:13.395781439Z stdout F ISTIO_EXCLUDE_INTERFACES=
2022-06-13T02:22:13.395785994Z stdout F ISTIO_SERVICE_CIDR=
2022-06-13T02:22:13.39579056Z stdout F ISTIO_SERVICE_EXCLUDE_CIDR=
2022-06-13T02:22:13.395794839Z stdout F ISTIO_META_DNS_CAPTURE=
2022-06-13T02:22:13.395799546Z stdout F INVALID_DROP=
2022-06-13T02:22:13.395803726Z stdout F 
2022-06-13T02:22:13.398917359Z stdout F 2022-06-13T02:22:13.396212Z	info	Istio iptables variables:
2022-06-13T02:22:13.399021834Z stdout F PROXY_PORT=15001
2022-06-13T02:22:13.399035369Z stdout F PROXY_INBOUND_CAPTURE_PORT=15006
2022-06-13T02:22:13.399042908Z stdout F PROXY_TUNNEL_PORT=15008
2022-06-13T02:22:13.399047775Z stdout F PROXY_UID=1337
2022-06-13T02:22:13.399053899Z stdout F PROXY_GID=1337
2022-06-13T02:22:13.399068437Z stdout F INBOUND_INTERCEPTION_MODE=REDIRECT
2022-06-13T02:22:13.399080767Z stdout F INBOUND_TPROXY_MARK=1337
2022-06-13T02:22:13.399094984Z stdout F INBOUND_TPROXY_ROUTE_TABLE=133
2022-06-13T02:22:13.399108066Z stdout F INBOUND_PORTS_INCLUDE=*
2022-06-13T02:22:13.399120616Z stdout F INBOUND_PORTS_EXCLUDE=15090,15021,15020
2022-06-13T02:22:13.399134861Z stdout F OUTBOUND_IP_RANGES_INCLUDE=*
2022-06-13T02:22:13.399144383Z stdout F OUTBOUND_IP_RANGES_EXCLUDE=
2022-06-13T02:22:13.399149712Z stdout F OUTBOUND_PORTS_INCLUDE=
2022-06-13T02:22:13.399154316Z stdout F OUTBOUND_PORTS_EXCLUDE=
2022-06-13T02:22:13.399161309Z stdout F KUBE_VIRT_INTERFACES=
2022-06-13T02:22:13.399173466Z stdout F ENABLE_INBOUND_IPV6=false
2022-06-13T02:22:13.399181098Z stdout F DNS_CAPTURE=false
2022-06-13T02:22:13.399185852Z stdout F DROP_INVALID=false
2022-06-13T02:22:13.399190253Z stdout F CAPTURE_ALL_DNS=false
2022-06-13T02:22:13.399194696Z stdout F DNS_SERVERS=[],[]
2022-06-13T02:22:13.399199225Z stdout F OUTPUT_PATH=
2022-06-13T02:22:13.399203548Z stdout F NETWORK_NAMESPACE=
2022-06-13T02:22:13.399207796Z stdout F CNI_MODE=false
2022-06-13T02:22:13.399214002Z stdout F EXCLUDE_INTERFACES=
2022-06-13T02:22:13.399224927Z stdout F 
2022-06-13T02:22:13.399238626Z stdout F 2022-06-13T02:22:13.397563Z	info	Writing following contents to rules file: /tmp/iptables-rules-1655086933397084528.txt2152905698
2022-06-13T02:22:13.399250515Z stdout F * nat
2022-06-13T02:22:13.399256594Z stdout F -N ISTIO_INBOUND
2022-06-13T02:22:13.399261278Z stdout F -N ISTIO_REDIRECT
2022-06-13T02:22:13.399265766Z stdout F -N ISTIO_IN_REDIRECT
2022-06-13T02:22:13.399270161Z stdout F -N ISTIO_OUTPUT
2022-06-13T02:22:13.399274444Z stdout F -A ISTIO_INBOUND -p tcp --dport 15008 -j RETURN
2022-06-13T02:22:13.399278712Z stdout F -A ISTIO_REDIRECT -p tcp -j REDIRECT --to-ports 15001
2022-06-13T02:22:13.399283549Z stdout F -A ISTIO_IN_REDIRECT -p tcp -j REDIRECT --to-ports 15006
2022-06-13T02:22:13.399288141Z stdout F -A PREROUTING -p tcp -j ISTIO_INBOUND
2022-06-13T02:22:13.399292535Z stdout F -A ISTIO_INBOUND -p tcp --dport 15090 -j RETURN
2022-06-13T02:22:13.399296914Z stdout F -A ISTIO_INBOUND -p tcp --dport 15021 -j RETURN
2022-06-13T02:22:13.399301478Z stdout F -A ISTIO_INBOUND -p tcp --dport 15020 -j RETURN
2022-06-13T02:22:13.399306075Z stdout F -A ISTIO_INBOUND -p tcp -j ISTIO_IN_REDIRECT
2022-06-13T02:22:13.39931044Z stdout F -A OUTPUT -p tcp -j ISTIO_OUTPUT
2022-06-13T02:22:13.399314606Z stdout F -A ISTIO_OUTPUT -o lo -s 127.0.0.6/32 -j RETURN
2022-06-13T02:22:13.399320272Z stdout F -A ISTIO_OUTPUT -o lo ! -d 127.0.0.1/32 -m owner --uid-owner 1337 -j ISTIO_IN_REDIRECT
2022-06-13T02:22:13.399331594Z stdout F -A ISTIO_OUTPUT -o lo -m owner ! --uid-owner 1337 -j RETURN
2022-06-13T02:22:13.399361681Z stdout F -A ISTIO_OUTPUT -m owner --uid-owner 1337 -j RETURN
2022-06-13T02:22:13.399375222Z stdout F -A ISTIO_OUTPUT -o lo ! -d 127.0.0.1/32 -m owner --gid-owner 1337 -j ISTIO_IN_REDIRECT
2022-06-13T02:22:13.39938481Z stdout F -A ISTIO_OUTPUT -o lo -m owner ! --gid-owner 1337 -j RETURN
2022-06-13T02:22:13.399393589Z stdout F -A ISTIO_OUTPUT -m owner --gid-owner 1337 -j RETURN
2022-06-13T02:22:13.39940569Z stdout F -A ISTIO_OUTPUT -d 127.0.0.1/32 -j RETURN
2022-06-13T02:22:13.399414524Z stdout F -A ISTIO_OUTPUT -j ISTIO_REDIRECT
2022-06-13T02:22:13.399427368Z stdout F COMMIT
2022-06-13T02:22:13.399442713Z stdout F 2022-06-13T02:22:13.397886Z	info	Running command: iptables-restore --noflush /tmp/iptables-rules-1655086933397084528.txt2152905698
2022-06-13T02:22:13.405815645Z stdout F 2022-06-13T02:22:13.405053Z	info	Writing following contents to rules file: /tmp/ip6tables-rules-1655086933404986422.txt229429671
2022-06-13T02:22:13.405840079Z stdout F 
2022-06-13T02:22:13.405847808Z stdout F 2022-06-13T02:22:13.405127Z	info	Running command: ip6tables-restore --noflush /tmp/ip6tables-rules-1655086933404986422.txt229429671
2022-06-13T02:22:13.412041362Z stdout F 2022-06-13T02:22:13.411420Z	info	Running command: iptables-save 
2022-06-13T02:22:13.422776702Z stdout F 2022-06-13T02:22:13.422289Z	info	Command output: 
2022-06-13T02:22:13.422807076Z stdout F # Generated by iptables-save v1.8.4 on Mon Jun 13 02:22:13 2022
2022-06-13T02:22:13.422816376Z stdout F *nat
2022-06-13T02:22:13.422859198Z stdout F :PREROUTING ACCEPT [0:0]
2022-06-13T02:22:13.422873267Z stdout F :INPUT ACCEPT [0:0]
2022-06-13T02:22:13.422880058Z stdout F :OUTPUT ACCEPT [0:0]
2022-06-13T02:22:13.422884908Z stdout F :POSTROUTING ACCEPT [0:0]
2022-06-13T02:22:13.422889697Z stdout F :ISTIO_INBOUND - [0:0]
2022-06-13T02:22:13.422901206Z stdout F :ISTIO_IN_REDIRECT - [0:0]
2022-06-13T02:22:13.422907792Z stdout F :ISTIO_OUTPUT - [0:0]
2022-06-13T02:22:13.422913005Z stdout F :ISTIO_REDIRECT - [0:0]
2022-06-13T02:22:13.422918423Z stdout F -A PREROUTING -p tcp -j ISTIO_INBOUND
2022-06-13T02:22:13.422923085Z stdout F -A OUTPUT -p tcp -j ISTIO_OUTPUT
2022-06-13T02:22:13.422928009Z stdout F -A ISTIO_INBOUND -p tcp -m tcp --dport 15008 -j RETURN
2022-06-13T02:22:13.422932616Z stdout F -A ISTIO_INBOUND -p tcp -m tcp --dport 15090 -j RETURN
2022-06-13T02:22:13.422937372Z stdout F -A ISTIO_INBOUND -p tcp -m tcp --dport 15021 -j RETURN
2022-06-13T02:22:13.422942146Z stdout F -A ISTIO_INBOUND -p tcp -m tcp --dport 15020 -j RETURN
2022-06-13T02:22:13.422949482Z stdout F -A ISTIO_INBOUND -p tcp -j ISTIO_IN_REDIRECT
2022-06-13T02:22:13.422958796Z stdout F -A ISTIO_IN_REDIRECT -p tcp -j REDIRECT --to-ports 15006
2022-06-13T02:22:13.422964408Z stdout F -A ISTIO_OUTPUT -s 127.0.0.6/32 -o lo -j RETURN
2022-06-13T02:22:13.422971973Z stdout F -A ISTIO_OUTPUT ! -d 127.0.0.1/32 -o lo -m owner --uid-owner 1337 -j ISTIO_IN_REDIRECT
2022-06-13T02:22:13.422977342Z stdout F -A ISTIO_OUTPUT -o lo -m owner ! --uid-owner 1337 -j RETURN
2022-06-13T02:22:13.422982142Z stdout F -A ISTIO_OUTPUT -m owner --uid-owner 1337 -j RETURN
2022-06-13T02:22:13.422986864Z stdout F -A ISTIO_OUTPUT ! -d 127.0.0.1/32 -o lo -m owner --gid-owner 1337 -j ISTIO_IN_REDIRECT
2022-06-13T02:22:13.422991777Z stdout F -A ISTIO_OUTPUT -o lo -m owner ! --gid-owner 1337 -j RETURN
2022-06-13T02:22:13.422996452Z stdout F -A ISTIO_OUTPUT -m owner --gid-owner 1337 -j RETURN
2022-06-13T02:22:13.423001447Z stdout F -A ISTIO_OUTPUT -d 127.0.0.1/32 -j RETURN
2022-06-13T02:22:13.423006319Z stdout F -A ISTIO_OUTPUT -j ISTIO_REDIRECT
2022-06-13T02:22:13.423010925Z stdout F -A ISTIO_REDIRECT -p tcp -j REDIRECT --to-ports 15001
2022-06-13T02:22:13.423016038Z stdout F COMMIT
2022-06-13T02:22:13.423020986Z stdout F # Completed on Mon Jun 13 02:22:13 2022
2022-06-13T02:22:13.42302573Z stdout F 
