2022-05-26T05:25:29.794959816Z stdout F 2022-05-26T05:25:29.792620Z	info	Istio iptables environment:
2022-05-26T05:25:29.79498936Z stdout F ENVOY_PORT=
2022-05-26T05:25:29.794994261Z stdout F INBOUND_CAPTURE_PORT=
2022-05-26T05:25:29.794997381Z stdout F ISTIO_INBOUND_INTERCEPTION_MODE=
2022-05-26T05:25:29.794999915Z stdout F ISTIO_INBOUND_TPROXY_ROUTE_TABLE=
2022-05-26T05:25:29.795002023Z stdout F ISTIO_INBOUND_PORTS=
2022-05-26T05:25:29.795004114Z stdout F ISTIO_OUTBOUND_PORTS=
2022-05-26T05:25:29.795006193Z stdout F ISTIO_LOCAL_EXCLUDE_PORTS=
2022-05-26T05:25:29.795008263Z stdout F ISTIO_EXCLUDE_INTERFACES=
2022-05-26T05:25:29.795010431Z stdout F ISTIO_SERVICE_CIDR=
2022-05-26T05:25:29.795012532Z stdout F ISTIO_SERVICE_EXCLUDE_CIDR=
2022-05-26T05:25:29.795014613Z stdout F ISTIO_META_DNS_CAPTURE=
2022-05-26T05:25:29.795016709Z stdout F INVALID_DROP=
2022-05-26T05:25:29.795018773Z stdout F 
2022-05-26T05:25:29.795021003Z stdout F 2022-05-26T05:25:29.792672Z	info	Istio iptables variables:
2022-05-26T05:25:29.79502308Z stdout F PROXY_PORT=15001
2022-05-26T05:25:29.795025257Z stdout F PROXY_INBOUND_CAPTURE_PORT=15006
2022-05-26T05:25:29.795027398Z stdout F PROXY_TUNNEL_PORT=15008
2022-05-26T05:25:29.795029496Z stdout F PROXY_UID=1337
2022-05-26T05:25:29.795031607Z stdout F PROXY_GID=1337
2022-05-26T05:25:29.795033729Z stdout F INBOUND_INTERCEPTION_MODE=REDIRECT
2022-05-26T05:25:29.795035807Z stdout F INBOUND_TPROXY_MARK=1337
2022-05-26T05:25:29.795042304Z stdout F INBOUND_TPROXY_ROUTE_TABLE=133
2022-05-26T05:25:29.795044613Z stdout F INBOUND_PORTS_INCLUDE=*
2022-05-26T05:25:29.795046726Z stdout F INBOUND_PORTS_EXCLUDE=15090,15021,15020
2022-05-26T05:25:29.795048858Z stdout F OUTBOUND_IP_RANGES_INCLUDE=*
2022-05-26T05:25:29.795053088Z stdout F OUTBOUND_IP_RANGES_EXCLUDE=
2022-05-26T05:25:29.795055272Z stdout F OUTBOUND_PORTS_INCLUDE=
2022-05-26T05:25:29.795057381Z stdout F OUTBOUND_PORTS_EXCLUDE=
2022-05-26T05:25:29.795059438Z stdout F KUBE_VIRT_INTERFACES=
2022-05-26T05:25:29.795061518Z stdout F ENABLE_INBOUND_IPV6=false
2022-05-26T05:25:29.795063628Z stdout F DNS_CAPTURE=false
2022-05-26T05:25:29.79506572Z stdout F DROP_INVALID=false
2022-05-26T05:25:29.795067908Z stdout F CAPTURE_ALL_DNS=false
2022-05-26T05:25:29.795070029Z stdout F DNS_SERVERS=[],[]
2022-05-26T05:25:29.795072165Z stdout F OUTPUT_PATH=
2022-05-26T05:25:29.795074298Z stdout F NETWORK_NAMESPACE=
2022-05-26T05:25:29.795076423Z stdout F CNI_MODE=false
2022-05-26T05:25:29.795078512Z stdout F EXCLUDE_INTERFACES=
2022-05-26T05:25:29.795080569Z stdout F 
2022-05-26T05:25:29.795083096Z stdout F 2022-05-26T05:25:29.792851Z	info	Writing following contents to rules file: /tmp/iptables-rules-1653542729792743346.txt839275624
2022-05-26T05:25:29.795085273Z stdout F * nat
2022-05-26T05:25:29.795087395Z stdout F -N ISTIO_INBOUND
2022-05-26T05:25:29.795089495Z stdout F -N ISTIO_REDIRECT
2022-05-26T05:25:29.795091588Z stdout F -N ISTIO_IN_REDIRECT
2022-05-26T05:25:29.795093737Z stdout F -N ISTIO_OUTPUT
2022-05-26T05:25:29.795095877Z stdout F -A ISTIO_INBOUND -p tcp --dport 15008 -j RETURN
2022-05-26T05:25:29.795098038Z stdout F -A ISTIO_REDIRECT -p tcp -j REDIRECT --to-ports 15001
2022-05-26T05:25:29.795100174Z stdout F -A ISTIO_IN_REDIRECT -p tcp -j REDIRECT --to-ports 15006
2022-05-26T05:25:29.795102305Z stdout F -A PREROUTING -p tcp -j ISTIO_INBOUND
2022-05-26T05:25:29.795104415Z stdout F -A ISTIO_INBOUND -p tcp --dport 15090 -j RETURN
2022-05-26T05:25:29.795106503Z stdout F -A ISTIO_INBOUND -p tcp --dport 15021 -j RETURN
2022-05-26T05:25:29.795108588Z stdout F -A ISTIO_INBOUND -p tcp --dport 15020 -j RETURN
2022-05-26T05:25:29.795110701Z stdout F -A ISTIO_INBOUND -p tcp -j ISTIO_IN_REDIRECT
2022-05-26T05:25:29.795112774Z stdout F -A OUTPUT -p tcp -j ISTIO_OUTPUT
2022-05-26T05:25:29.795114853Z stdout F -A ISTIO_OUTPUT -o lo -s 127.0.0.6/32 -j RETURN
2022-05-26T05:25:29.795117412Z stdout F -A ISTIO_OUTPUT -o lo ! -d 127.0.0.1/32 -m owner --uid-owner 1337 -j ISTIO_IN_REDIRECT
2022-05-26T05:25:29.795119563Z stdout F -A ISTIO_OUTPUT -o lo -m owner ! --uid-owner 1337 -j RETURN
2022-05-26T05:25:29.795127016Z stdout F -A ISTIO_OUTPUT -m owner --uid-owner 1337 -j RETURN
2022-05-26T05:25:29.795129527Z stdout F -A ISTIO_OUTPUT -o lo ! -d 127.0.0.1/32 -m owner --gid-owner 1337 -j ISTIO_IN_REDIRECT
2022-05-26T05:25:29.795131608Z stdout F -A ISTIO_OUTPUT -o lo -m owner ! --gid-owner 1337 -j RETURN
2022-05-26T05:25:29.795133683Z stdout F -A ISTIO_OUTPUT -m owner --gid-owner 1337 -j RETURN
2022-05-26T05:25:29.795135771Z stdout F -A ISTIO_OUTPUT -d 127.0.0.1/32 -j RETURN
2022-05-26T05:25:29.795137886Z stdout F -A ISTIO_OUTPUT -j ISTIO_REDIRECT
2022-05-26T05:25:29.795140032Z stdout F COMMIT
2022-05-26T05:25:29.795142539Z stdout F 2022-05-26T05:25:29.792903Z	info	Running command: iptables-restore --noflush /tmp/iptables-rules-1653542729792743346.txt839275624
2022-05-26T05:25:29.798778024Z stdout F 2022-05-26T05:25:29.796157Z	info	Writing following contents to rules file: /tmp/ip6tables-rules-1653542729796114585.txt491923569
2022-05-26T05:25:29.798787828Z stdout F 
2022-05-26T05:25:29.798792888Z stdout F 2022-05-26T05:25:29.796185Z	info	Running command: ip6tables-restore --noflush /tmp/ip6tables-rules-1653542729796114585.txt491923569
2022-05-26T05:25:29.798796387Z stdout F 2022-05-26T05:25:29.797909Z	info	Running command: iptables-save 
2022-05-26T05:25:29.800876606Z stdout F 2022-05-26T05:25:29.800227Z	info	Command output: 
2022-05-26T05:25:29.800892228Z stdout F # Generated by iptables-save v1.8.4 on Thu May 26 05:25:29 2022
2022-05-26T05:25:29.800895743Z stdout F *nat
2022-05-26T05:25:29.800898371Z stdout F :PREROUTING ACCEPT [0:0]
2022-05-26T05:25:29.800900581Z stdout F :INPUT ACCEPT [0:0]
2022-05-26T05:25:29.800902795Z stdout F :OUTPUT ACCEPT [0:0]
2022-05-26T05:25:29.800905523Z stdout F :POSTROUTING ACCEPT [0:0]
2022-05-26T05:25:29.800907752Z stdout F :ISTIO_INBOUND - [0:0]
2022-05-26T05:25:29.800909936Z stdout F :ISTIO_IN_REDIRECT - [0:0]
2022-05-26T05:25:29.800912189Z stdout F :ISTIO_OUTPUT - [0:0]
2022-05-26T05:25:29.800914389Z stdout F :ISTIO_REDIRECT - [0:0]
2022-05-26T05:25:29.800916882Z stdout F -A PREROUTING -p tcp -j ISTIO_INBOUND
2022-05-26T05:25:29.800919062Z stdout F -A OUTPUT -p tcp -j ISTIO_OUTPUT
2022-05-26T05:25:29.800921232Z stdout F -A ISTIO_INBOUND -p tcp -m tcp --dport 15008 -j RETURN
2022-05-26T05:25:29.800923379Z stdout F -A ISTIO_INBOUND -p tcp -m tcp --dport 15090 -j RETURN
2022-05-26T05:25:29.800925816Z stdout F -A ISTIO_INBOUND -p tcp -m tcp --dport 15021 -j RETURN
2022-05-26T05:25:29.800928026Z stdout F -A ISTIO_INBOUND -p tcp -m tcp --dport 15020 -j RETURN
2022-05-26T05:25:29.800930269Z stdout F -A ISTIO_INBOUND -p tcp -j ISTIO_IN_REDIRECT
2022-05-26T05:25:29.80093241Z stdout F -A ISTIO_IN_REDIRECT -p tcp -j REDIRECT --to-ports 15006
2022-05-26T05:25:29.800934614Z stdout F -A ISTIO_OUTPUT -s 127.0.0.6/32 -o lo -j RETURN
2022-05-26T05:25:29.800937106Z stdout F -A ISTIO_OUTPUT ! -d 127.0.0.1/32 -o lo -m owner --uid-owner 1337 -j ISTIO_IN_REDIRECT
2022-05-26T05:25:29.80093927Z stdout F -A ISTIO_OUTPUT -o lo -m owner ! --uid-owner 1337 -j RETURN
2022-05-26T05:25:29.800941434Z stdout F -A ISTIO_OUTPUT -m owner --uid-owner 1337 -j RETURN
2022-05-26T05:25:29.800943642Z stdout F -A ISTIO_OUTPUT ! -d 127.0.0.1/32 -o lo -m owner --gid-owner 1337 -j ISTIO_IN_REDIRECT
2022-05-26T05:25:29.800945753Z stdout F -A ISTIO_OUTPUT -o lo -m owner ! --gid-owner 1337 -j RETURN
2022-05-26T05:25:29.800947963Z stdout F -A ISTIO_OUTPUT -m owner --gid-owner 1337 -j RETURN
2022-05-26T05:25:29.800950105Z stdout F -A ISTIO_OUTPUT -d 127.0.0.1/32 -j RETURN
2022-05-26T05:25:29.800952256Z stdout F -A ISTIO_OUTPUT -j ISTIO_REDIRECT
2022-05-26T05:25:29.800954427Z stdout F -A ISTIO_REDIRECT -p tcp -j REDIRECT --to-ports 15001
2022-05-26T05:25:29.800956809Z stdout F COMMIT
2022-05-26T05:25:29.800959054Z stdout F # Completed on Thu May 26 05:25:29 2022
2022-05-26T05:25:29.800961135Z stdout F 
