2022-05-09T11:47:49.507374561Z stdout F 2022-05-09T11:47:49.506275Z	info	Istio iptables environment:
2022-05-09T11:47:49.507416915Z stdout F ENVOY_PORT=
2022-05-09T11:47:49.507424928Z stdout F INBOUND_CAPTURE_PORT=
2022-05-09T11:47:49.507430525Z stdout F ISTIO_INBOUND_INTERCEPTION_MODE=
2022-05-09T11:47:49.507435635Z stdout F ISTIO_INBOUND_TPROXY_ROUTE_TABLE=
2022-05-09T11:47:49.507440641Z stdout F ISTIO_INBOUND_PORTS=
2022-05-09T11:47:49.507445234Z stdout F ISTIO_OUTBOUND_PORTS=
2022-05-09T11:47:49.507449873Z stdout F ISTIO_LOCAL_EXCLUDE_PORTS=
2022-05-09T11:47:49.507454345Z stdout F ISTIO_EXCLUDE_INTERFACES=
2022-05-09T11:47:49.507458915Z stdout F ISTIO_SERVICE_CIDR=
2022-05-09T11:47:49.507463486Z stdout F ISTIO_SERVICE_EXCLUDE_CIDR=
2022-05-09T11:47:49.507468007Z stdout F ISTIO_META_DNS_CAPTURE=
2022-05-09T11:47:49.507472581Z stdout F INVALID_DROP=
2022-05-09T11:47:49.507476891Z stdout F 
2022-05-09T11:47:49.507481554Z stdout F 2022-05-09T11:47:49.506369Z	info	Istio iptables variables:
2022-05-09T11:47:49.507486328Z stdout F PROXY_PORT=15001
2022-05-09T11:47:49.507490823Z stdout F PROXY_INBOUND_CAPTURE_PORT=15006
2022-05-09T11:47:49.507495296Z stdout F PROXY_TUNNEL_PORT=15008
2022-05-09T11:47:49.507499863Z stdout F PROXY_UID=1337
2022-05-09T11:47:49.507504456Z stdout F PROXY_GID=1337
2022-05-09T11:47:49.507509031Z stdout F INBOUND_INTERCEPTION_MODE=REDIRECT
2022-05-09T11:47:49.507513624Z stdout F INBOUND_TPROXY_MARK=1337
2022-05-09T11:47:49.5075181Z stdout F INBOUND_TPROXY_ROUTE_TABLE=133
2022-05-09T11:47:49.507522686Z stdout F INBOUND_PORTS_INCLUDE=*
2022-05-09T11:47:49.507527163Z stdout F INBOUND_PORTS_EXCLUDE=15090,15021,15020
2022-05-09T11:47:49.507531615Z stdout F OUTBOUND_IP_RANGES_INCLUDE=*
2022-05-09T11:47:49.507536064Z stdout F OUTBOUND_IP_RANGES_EXCLUDE=
2022-05-09T11:47:49.507540553Z stdout F OUTBOUND_PORTS_INCLUDE=
2022-05-09T11:47:49.507545082Z stdout F OUTBOUND_PORTS_EXCLUDE=
2022-05-09T11:47:49.507549493Z stdout F KUBE_VIRT_INTERFACES=
2022-05-09T11:47:49.507554042Z stdout F ENABLE_INBOUND_IPV6=false
2022-05-09T11:47:49.507558466Z stdout F DNS_CAPTURE=false
2022-05-09T11:47:49.507563101Z stdout F DROP_INVALID=false
2022-05-09T11:47:49.507567567Z stdout F CAPTURE_ALL_DNS=false
2022-05-09T11:47:49.507572063Z stdout F DNS_SERVERS=[],[]
2022-05-09T11:47:49.507576648Z stdout F OUTPUT_PATH=
2022-05-09T11:47:49.507581112Z stdout F NETWORK_NAMESPACE=
2022-05-09T11:47:49.507585641Z stdout F CNI_MODE=false
2022-05-09T11:47:49.507590223Z stdout F EXCLUDE_INTERFACES=
2022-05-09T11:47:49.507594549Z stdout F 
2022-05-09T11:47:49.507599664Z stdout F 2022-05-09T11:47:49.506697Z	info	Writing following contents to rules file: /tmp/iptables-rules-1652096869506455826.txt2810464813
2022-05-09T11:47:49.50760422Z stdout F * nat
2022-05-09T11:47:49.507608832Z stdout F -N ISTIO_INBOUND
2022-05-09T11:47:49.507613354Z stdout F -N ISTIO_REDIRECT
2022-05-09T11:47:49.507617921Z stdout F -N ISTIO_IN_REDIRECT
2022-05-09T11:47:49.507622491Z stdout F -N ISTIO_OUTPUT
2022-05-09T11:47:49.507627081Z stdout F -A ISTIO_INBOUND -p tcp --dport 15008 -j RETURN
2022-05-09T11:47:49.507631603Z stdout F -A ISTIO_REDIRECT -p tcp -j REDIRECT --to-ports 15001
2022-05-09T11:47:49.50763619Z stdout F -A ISTIO_IN_REDIRECT -p tcp -j REDIRECT --to-ports 15006
2022-05-09T11:47:49.507640763Z stdout F -A PREROUTING -p tcp -j ISTIO_INBOUND
2022-05-09T11:47:49.507645443Z stdout F -A ISTIO_INBOUND -p tcp --dport 15090 -j RETURN
2022-05-09T11:47:49.507650004Z stdout F -A ISTIO_INBOUND -p tcp --dport 15021 -j RETURN
2022-05-09T11:47:49.507654543Z stdout F -A ISTIO_INBOUND -p tcp --dport 15020 -j RETURN
2022-05-09T11:47:49.507659055Z stdout F -A ISTIO_INBOUND -p tcp -j ISTIO_IN_REDIRECT
2022-05-09T11:47:49.507663515Z stdout F -A OUTPUT -p tcp -j ISTIO_OUTPUT
2022-05-09T11:47:49.507668027Z stdout F -A ISTIO_OUTPUT -o lo -s 127.0.0.6/32 -j RETURN
2022-05-09T11:47:49.507672755Z stdout F -A ISTIO_OUTPUT -o lo ! -d 127.0.0.1/32 -m owner --uid-owner 1337 -j ISTIO_IN_REDIRECT
2022-05-09T11:47:49.507677279Z stdout F -A ISTIO_OUTPUT -o lo -m owner ! --uid-owner 1337 -j RETURN
2022-05-09T11:47:49.507710074Z stdout F -A ISTIO_OUTPUT -m owner --uid-owner 1337 -j RETURN
2022-05-09T11:47:49.507718195Z stdout F -A ISTIO_OUTPUT -o lo ! -d 127.0.0.1/32 -m owner --gid-owner 1337 -j ISTIO_IN_REDIRECT
2022-05-09T11:47:49.507723025Z stdout F -A ISTIO_OUTPUT -o lo -m owner ! --gid-owner 1337 -j RETURN
2022-05-09T11:47:49.507727569Z stdout F -A ISTIO_OUTPUT -m owner --gid-owner 1337 -j RETURN
2022-05-09T11:47:49.507732124Z stdout F -A ISTIO_OUTPUT -d 127.0.0.1/32 -j RETURN
2022-05-09T11:47:49.507736667Z stdout F -A ISTIO_OUTPUT -j ISTIO_REDIRECT
2022-05-09T11:47:49.507741303Z stdout F COMMIT
2022-05-09T11:47:49.511163788Z stdout F 2022-05-09T11:47:49.506994Z	info	Running command: iptables-restore --noflush /tmp/iptables-rules-1652096869506455826.txt2810464813
2022-05-09T11:47:49.514874711Z stdout F 2022-05-09T11:47:49.514506Z	info	Writing following contents to rules file: /tmp/ip6tables-rules-1652096869514454119.txt2857732948
2022-05-09T11:47:49.514898392Z stdout F 
2022-05-09T11:47:49.514903008Z stdout F 2022-05-09T11:47:49.514572Z	info	Running command: ip6tables-restore --noflush /tmp/ip6tables-rules-1652096869514454119.txt2857732948
2022-05-09T11:47:49.525844886Z stdout F 2022-05-09T11:47:49.523532Z	info	Running command: iptables-save 
2022-05-09T11:47:49.534061049Z stdout F 2022-05-09T11:47:49.532455Z	info	Command output: 
2022-05-09T11:47:49.534182215Z stdout F # Generated by iptables-save v1.8.4 on Mon May  9 11:47:49 2022
2022-05-09T11:47:49.534204578Z stdout F *nat
2022-05-09T11:47:49.534211767Z stdout F :PREROUTING ACCEPT [0:0]
2022-05-09T11:47:49.534215154Z stdout F :INPUT ACCEPT [0:0]
2022-05-09T11:47:49.534218234Z stdout F :OUTPUT ACCEPT [0:0]
2022-05-09T11:47:49.534221641Z stdout F :POSTROUTING ACCEPT [0:0]
2022-05-09T11:47:49.534224488Z stdout F :ISTIO_INBOUND - [0:0]
2022-05-09T11:47:49.534227368Z stdout F :ISTIO_IN_REDIRECT - [0:0]
2022-05-09T11:47:49.534230217Z stdout F :ISTIO_OUTPUT - [0:0]
2022-05-09T11:47:49.534233128Z stdout F :ISTIO_REDIRECT - [0:0]
2022-05-09T11:47:49.5342368Z stdout F -A PREROUTING -p tcp -j ISTIO_INBOUND
2022-05-09T11:47:49.534239761Z stdout F -A OUTPUT -p tcp -j ISTIO_OUTPUT
2022-05-09T11:47:49.534242648Z stdout F -A ISTIO_INBOUND -p tcp -m tcp --dport 15008 -j RETURN
2022-05-09T11:47:49.53424555Z stdout F -A ISTIO_INBOUND -p tcp -m tcp --dport 15090 -j RETURN
2022-05-09T11:47:49.534248493Z stdout F -A ISTIO_INBOUND -p tcp -m tcp --dport 15021 -j RETURN
2022-05-09T11:47:49.534251344Z stdout F -A ISTIO_INBOUND -p tcp -m tcp --dport 15020 -j RETURN
2022-05-09T11:47:49.5342542Z stdout F -A ISTIO_INBOUND -p tcp -j ISTIO_IN_REDIRECT
2022-05-09T11:47:49.534257097Z stdout F -A ISTIO_IN_REDIRECT -p tcp -j REDIRECT --to-ports 15006
2022-05-09T11:47:49.534259882Z stdout F -A ISTIO_OUTPUT -s 127.0.0.6/32 -o lo -j RETURN
2022-05-09T11:47:49.534262987Z stdout F -A ISTIO_OUTPUT ! -d 127.0.0.1/32 -o lo -m owner --uid-owner 1337 -j ISTIO_IN_REDIRECT
2022-05-09T11:47:49.534265839Z stdout F -A ISTIO_OUTPUT -o lo -m owner ! --uid-owner 1337 -j RETURN
2022-05-09T11:47:49.534269904Z stdout F -A ISTIO_OUTPUT -m owner --uid-owner 1337 -j RETURN
2022-05-09T11:47:49.534274693Z stdout F -A ISTIO_OUTPUT ! -d 127.0.0.1/32 -o lo -m owner --gid-owner 1337 -j ISTIO_IN_REDIRECT
2022-05-09T11:47:49.534279308Z stdout F -A ISTIO_OUTPUT -o lo -m owner ! --gid-owner 1337 -j RETURN
2022-05-09T11:47:49.534284483Z stdout F -A ISTIO_OUTPUT -m owner --gid-owner 1337 -j RETURN
2022-05-09T11:47:49.534287689Z stdout F -A ISTIO_OUTPUT -d 127.0.0.1/32 -j RETURN
2022-05-09T11:47:49.534290558Z stdout F -A ISTIO_OUTPUT -j ISTIO_REDIRECT
2022-05-09T11:47:49.534293377Z stdout F -A ISTIO_REDIRECT -p tcp -j REDIRECT --to-ports 15001
2022-05-09T11:47:49.534296244Z stdout F COMMIT
2022-05-09T11:47:49.534299154Z stdout F # Completed on Mon May  9 11:47:49 2022
2022-05-09T11:47:49.53430186Z stdout F 
