2022-05-25T10:54:07.236590854Z stdout F 2022-05-25 18:54:06.567  INFO [bootstrap,,,] 1 --- [           main] s.c.a.AnnotationConfigApplicationContext : Refreshing org.springframework.context.annotation.AnnotationConfigApplicationContext@48533e64: startup date [Wed May 25 18:54:06 CST 2022]; root of context hierarchy
2022-05-25T10:54:46.335616817Z stdout F 2022-05-25 18:54:46.334  INFO [bootstrap,,,] 1 --- [           main] trationDelegate$BeanPostProcessorChecker : Bean 'configurationPropertiesRebinderAutoConfiguration' of type [org.springframework.cloud.autoconfigure.ConfigurationPropertiesRebinderAutoConfiguration$$EnhancerBySpringCGLIB$$3c5b44cd] is not eligible for getting processed by all BeanPostProcessors (for example: not eligible for auto-proxying)
2022-05-25T10:55:41.490404647Z stdout F 
2022-05-25T10:55:41.490448476Z stdout F   .   ____          _            __ _ _
2022-05-25T10:55:41.49051647Z stdout F  /\\ / ___'_ __ _ _(_)_ __  __ _ \ \ \ \
2022-05-25T10:55:41.490522525Z stdout F ( ( )\___ | '_ | '_| | '_ \/ _` | \ \ \ \
2022-05-25T10:55:41.49060275Z stdout F  \\/  ___)| |_)| | | | | || (_| |  ) ) ) )
2022-05-25T10:55:41.490740958Z stdout F   '  |____| .__|_| |_|_| |_\__, | / / / /
2022-05-25T10:55:41.490828214Z stdout F  =========|_|==============|___/=/_/_/_/
2022-05-25T10:55:41.492108315Z stdout F  :: Spring Boot ::       (v1.5.22.RELEASE)
2022-05-25T10:55:41.492154444Z stdout F 
2022-05-25T10:55:43.271502737Z stdout F 2022-05-25 18:55:43.270  INFO [ts-admin-order-service,,,] 1 --- [           main] adminorder.AdminOrderApplication         : No active profile set, falling back to default profiles: default
2022-05-25T10:55:44.594378579Z stdout F 2022-05-25 18:55:44.593  INFO [ts-admin-order-service,,,] 1 --- [           main] ationConfigEmbeddedWebApplicationContext : Refreshing org.springframework.boot.context.embedded.AnnotationConfigEmbeddedWebApplicationContext@d2cc05a: startup date [Wed May 25 18:55:44 CST 2022]; parent: org.springframework.context.annotation.AnnotationConfigApplicationContext@48533e64
2022-05-25T10:57:07.393448644Z stdout F 2022-05-25 18:57:07.392  INFO [ts-admin-order-service,,,] 1 --- [           main] o.s.i.config.IntegrationRegistrar        : No bean named 'integrationHeaderChannelRegistry' has been explicitly defined. Therefore, a default DefaultHeaderChannelRegistry will be created.
2022-05-25T10:57:47.379446177Z stdout F 2022-05-25 18:57:47.372  INFO [ts-admin-order-service,,,] 1 --- [           main] o.s.cloud.context.scope.GenericScope     : BeanFactory id=3ef1387a-3134-3f36-964b-4ab6dd204e55
2022-05-25T10:57:48.042138158Z stdout F 2022-05-25 18:57:48.041  INFO [ts-admin-order-service,,,] 1 --- [           main] faultConfiguringBeanFactoryPostProcessor : No bean named 'errorChannel' has been explicitly defined. Therefore, a default PublishSubscribeChannel will be created.
2022-05-25T10:57:48.365351747Z stdout F 2022-05-25 18:57:48.364  INFO [ts-admin-order-service,,,] 1 --- [           main] faultConfiguringBeanFactoryPostProcessor : No bean named 'taskScheduler' has been explicitly defined. Therefore, a default ThreadPoolTaskScheduler will be created.
2022-05-25T10:57:54.561496757Z stdout F 2022-05-25 18:57:54.560  INFO [ts-admin-order-service,,,] 1 --- [           main] trationDelegate$BeanPostProcessorChecker : Bean 'org.springframework.cloud.sleuth.instrument.async.AsyncDefaultAutoConfiguration$DefaultAsyncConfigurerSupport' of type [org.springframework.cloud.sleuth.instrument.async.AsyncDefaultAutoConfiguration$DefaultAsyncConfigurerSupport$$EnhancerBySpringCGLIB$$5d82df93] is not eligible for getting processed by all BeanPostProcessors (for example: not eligible for auto-proxying)
2022-05-25T10:58:00.154848936Z stdout F 2022-05-25 18:58:00.154  INFO [ts-admin-order-service,,,] 1 --- [           main] trationDelegate$BeanPostProcessorChecker : Bean 'org.springframework.cloud.sleuth.annotation.SleuthAnnotationAutoConfiguration' of type [org.springframework.cloud.sleuth.annotation.SleuthAnnotationAutoConfiguration$$EnhancerBySpringCGLIB$$22a68802] is not eligible for getting processed by all BeanPostProcessors (for example: not eligible for auto-proxying)
2022-05-25T10:58:06.918932554Z stdout F 2022-05-25 18:58:06.845  INFO [ts-admin-order-service,,,] 1 --- [           main] trationDelegate$BeanPostProcessorChecker : Bean 'sleuthAdvisorConfig' of type [org.springframework.cloud.sleuth.annotation.SleuthAdvisorConfig] is not eligible for getting processed by all BeanPostProcessors (for example: not eligible for auto-proxying)
2022-05-25T10:58:09.434091333Z stdout F 2022-05-25 18:58:09.432  INFO [ts-admin-order-service,,,] 1 --- [           main] trationDelegate$BeanPostProcessorChecker : Bean 'org.springframework.security.config.annotation.configuration.ObjectPostProcessorConfiguration' of type [org.springframework.security.config.annotation.configuration.ObjectPostProcessorConfiguration$$EnhancerBySpringCGLIB$$b8ef0a0a] is not eligible for getting processed by all BeanPostProcessors (for example: not eligible for auto-proxying)
2022-05-25T10:58:10.367279363Z stdout F 2022-05-25 18:58:10.366  INFO [ts-admin-order-service,,,] 1 --- [           main] trationDelegate$BeanPostProcessorChecker : Bean 'objectPostProcessor' of type [org.springframework.security.config.annotation.configuration.AutowireBeanFactoryObjectPostProcessor] is not eligible for getting processed by all BeanPostProcessors (for example: not eligible for auto-proxying)
2022-05-25T10:58:10.507031198Z stdout F 2022-05-25 18:58:10.506  INFO [ts-admin-order-service,,,] 1 --- [           main] trationDelegate$BeanPostProcessorChecker : Bean 'org.springframework.security.access.expression.method.DefaultMethodSecurityExpressionHandler@2f953efd' of type [org.springframework.security.access.expression.method.DefaultMethodSecurityExpressionHandler] is not eligible for getting processed by all BeanPostProcessors (for example: not eligible for auto-proxying)
2022-05-25T10:58:11.500943399Z stdout F 2022-05-25 18:58:11.497  INFO [ts-admin-order-service,,,] 1 --- [           main] trationDelegate$BeanPostProcessorChecker : Bean 'org.springframework.security.config.annotation.method.configuration.GlobalMethodSecurityConfiguration' of type [org.springframework.security.config.annotation.method.configuration.GlobalMethodSecurityConfiguration$$EnhancerBySpringCGLIB$$ddc3acbc] is not eligible for getting processed by all BeanPostProcessors (for example: not eligible for auto-proxying)
2022-05-25T10:58:12.505150569Z stdout F 2022-05-25 18:58:12.504  INFO [ts-admin-order-service,,,] 1 --- [           main] trationDelegate$BeanPostProcessorChecker : Bean 'methodSecurityMetadataSource' of type [org.springframework.security.access.method.DelegatingMethodSecurityMetadataSource] is not eligible for getting processed by all BeanPostProcessors (for example: not eligible for auto-proxying)
2022-05-25T10:58:18.02386301Z stdout F 2022-05-25 18:58:18.023  INFO [ts-admin-order-service,,,] 1 --- [           main] trationDelegate$BeanPostProcessorChecker : Bean 'integrationGlobalProperties' of type [org.springframework.beans.factory.config.PropertiesFactoryBean] is not eligible for getting processed by all BeanPostProcessors (for example: not eligible for auto-proxying)
2022-05-25T10:58:18.84380487Z stdout F 2022-05-25 18:58:18.843  INFO [ts-admin-order-service,,,] 1 --- [           main] trationDelegate$BeanPostProcessorChecker : Bean 'integrationGlobalProperties' of type [java.util.Properties] is not eligible for getting processed by all BeanPostProcessors (for example: not eligible for auto-proxying)
2022-05-25T10:58:24.171886709Z stdout F 2022-05-25 18:58:24.171  INFO [ts-admin-order-service,,,] 1 --- [           main] trationDelegate$BeanPostProcessorChecker : Bean 'org.springframework.cloud.autoconfigure.ConfigurationPropertiesRebinderAutoConfiguration' of type [org.springframework.cloud.autoconfigure.ConfigurationPropertiesRebinderAutoConfiguration$$EnhancerBySpringCGLIB$$3c5b44cd] is not eligible for getting processed by all BeanPostProcessors (for example: not eligible for auto-proxying)
2022-05-25T10:58:26.784128118Z stdout F 2022-05-25 18:58:26.783  INFO [ts-admin-order-service,,,] 1 --- [           main] trationDelegate$BeanPostProcessorChecker : Bean 'org.springframework.cloud.sleuth.instrument.async.AsyncDefaultAutoConfiguration' of type [org.springframework.cloud.sleuth.instrument.async.AsyncDefaultAutoConfiguration$$EnhancerBySpringCGLIB$$824edef] is not eligible for getting processed by all BeanPostProcessors (for example: not eligible for auto-proxying)
2022-05-25T10:58:27.891388491Z stdout F 2022-05-25 18:58:27.890  INFO [ts-admin-order-service,,,] 1 --- [           main] trationDelegate$BeanPostProcessorChecker : Bean 'org.springframework.cloud.sleuth.instrument.web.client.TraceWebClientAutoConfiguration' of type [org.springframework.cloud.sleuth.instrument.web.client.TraceWebClientAutoConfiguration$$EnhancerBySpringCGLIB$$ccd40d4f] is not eligible for getting processed by all BeanPostProcessors (for example: not eligible for auto-proxying)
2022-05-25T11:00:09.957206392Z stdout F 2022-05-25 19:00:09.737  INFO [ts-admin-order-service,,,] 1 --- [           main] s.b.c.e.t.TomcatEmbeddedServletContainer : Tomcat initialized with port(s): 16112 (http)
2022-05-25T11:00:19.29829267Z stdout F 2022-05-25 19:00:19.296  INFO [ts-admin-order-service,,,] 1 --- [           main] o.apache.catalina.core.StandardService   : Starting service [Tomcat]
2022-05-25T11:00:19.299504827Z stdout F 2022-05-25 19:00:19.298  INFO [ts-admin-order-service,,,] 1 --- [           main] org.apache.catalina.core.StandardEngine  : Starting Servlet Engine: Apache Tomcat/8.5.43
2022-05-25T11:00:32.390098402Z stdout F 2022-05-25 19:00:32.339  INFO [ts-admin-order-service,,,] 1 --- [ost-startStop-1] o.a.c.c.C.[Tomcat].[localhost].[/]       : Initializing Spring embedded WebApplicationContext
2022-05-25T11:00:32.390632435Z stdout F 2022-05-25 19:00:32.390  INFO [ts-admin-order-service,,,] 1 --- [ost-startStop-1] o.s.web.context.ContextLoader            : Root WebApplicationContext: initialization completed in 287796 ms
2022-05-25T11:02:25.921401812Z stdout F 2022-05-25 19:02:25.920  INFO [ts-admin-order-service,,,] 1 --- [ost-startStop-1] o.s.b.w.servlet.FilterRegistrationBean   : Mapping filter: 'metricsFilter' to: [/*]
2022-05-25T11:02:25.967349704Z stdout F 2022-05-25 19:02:25.966  INFO [ts-admin-order-service,,,] 1 --- [ost-startStop-1] o.s.b.w.servlet.FilterRegistrationBean   : Mapping filter: 'characterEncodingFilter' to: [/*]
2022-05-25T11:02:25.967823569Z stdout F 2022-05-25 19:02:25.967  INFO [ts-admin-order-service,,,] 1 --- [ost-startStop-1] o.s.b.w.servlet.FilterRegistrationBean   : Mapping filter: 'traceFilter' to: [/*]
2022-05-25T11:02:25.967922904Z stdout F 2022-05-25 19:02:25.967  INFO [ts-admin-order-service,,,] 1 --- [ost-startStop-1] o.s.b.w.servlet.FilterRegistrationBean   : Mapping filter: 'hiddenHttpMethodFilter' to: [/*]
2022-05-25T11:02:25.968213392Z stdout F 2022-05-25 19:02:25.967  INFO [ts-admin-order-service,,,] 1 --- [ost-startStop-1] o.s.b.w.servlet.FilterRegistrationBean   : Mapping filter: 'httpPutFormContentFilter' to: [/*]
2022-05-25T11:02:25.968621596Z stdout F 2022-05-25 19:02:25.968  INFO [ts-admin-order-service,,,] 1 --- [ost-startStop-1] o.s.b.w.servlet.FilterRegistrationBean   : Mapping filter: 'requestContextFilter' to: [/*]
2022-05-25T11:02:26.180840567Z stdout F 2022-05-25 19:02:26.179  INFO [ts-admin-order-service,,,] 1 --- [ost-startStop-1] .s.DelegatingFilterProxyRegistrationBean : Mapping filter: 'springSecurityFilterChain' to: [/*]
2022-05-25T11:02:26.18164061Z stdout F 2022-05-25 19:02:26.180  INFO [ts-admin-order-service,,,] 1 --- [ost-startStop-1] o.s.b.w.servlet.FilterRegistrationBean   : Mapping filter: 'webRequestLoggingFilter' to: [/*]
2022-05-25T11:02:26.2669853Z stdout F 2022-05-25 19:02:26.181  INFO [ts-admin-order-service,,,] 1 --- [ost-startStop-1] o.s.b.w.servlet.FilterRegistrationBean   : Mapping filter: 'applicationContextIdFilter' to: [/*]
2022-05-25T11:02:26.267587973Z stdout F 2022-05-25 19:02:26.266  INFO [ts-admin-order-service,,,] 1 --- [ost-startStop-1] o.s.b.w.servlet.ServletRegistrationBean  : Mapping servlet: 'dispatcherServlet' to [/]
2022-05-25T11:06:17.898804336Z stdout F 2022-05-25 19:06:17.347  INFO [ts-admin-order-service,,,] 1 --- [           main] s.w.s.m.m.a.RequestMappingHandlerMapping : Mapped "{[/api/v1/adminorderservice/welcome],methods=[GET]}" onto public java.lang.String adminorder.controller.AdminOrderController.home(org.springframework.http.HttpHeaders)
2022-05-25T11:06:18.673417675Z stdout F 2022-05-25 19:06:18.672  INFO [ts-admin-order-service,,,] 1 --- [           main] s.w.s.m.m.a.RequestMappingHandlerMapping : Mapped "{[/api/v1/adminorderservice/adminorder],methods=[GET]}" onto public org.springframework.http.HttpEntity adminorder.controller.AdminOrderController.getAllOrders(org.springframework.http.HttpHeaders)
2022-05-25T11:06:19.048514038Z stdout F 2022-05-25 19:06:19.044  INFO [ts-admin-order-service,,,] 1 --- [           main] s.w.s.m.m.a.RequestMappingHandlerMapping : Mapped "{[/api/v1/adminorderservice/adminorder],methods=[POST]}" onto public org.springframework.http.HttpEntity adminorder.controller.AdminOrderController.addOrder(adminorder.entity.Order,org.springframework.http.HttpHeaders)
2022-05-25T11:06:19.048679284Z stdout F 2022-05-25 19:06:19.045  INFO [ts-admin-order-service,,,] 1 --- [           main] s.w.s.m.m.a.RequestMappingHandlerMapping : Mapped "{[/api/v1/adminorderservice/adminorder],methods=[PUT]}" onto public org.springframework.http.HttpEntity adminorder.controller.AdminOrderController.updateOrder(adminorder.entity.Order,org.springframework.http.HttpHeaders)
2022-05-25T11:06:19.048755151Z stdout F 2022-05-25 19:06:19.046  INFO [ts-admin-order-service,,,] 1 --- [           main] s.w.s.m.m.a.RequestMappingHandlerMapping : Mapped "{[/api/v1/adminorderservice/adminorder/{orderId}/{trainNumber}],methods=[DELETE]}" onto public org.springframework.http.HttpEntity adminorder.controller.AdminOrderController.deleteOrder(java.lang.String,java.lang.String,org.springframework.http.HttpHeaders)
2022-05-25T11:06:19.529170783Z stdout F 2022-05-25 19:06:19.527  INFO [ts-admin-order-service,,,] 1 --- [           main] s.w.s.m.m.a.RequestMappingHandlerMapping : Mapped "{[/v2/api-docs],methods=[GET],produces=[application/json || application/hal+json]}" onto public org.springframework.http.ResponseEntity<springfox.documentation.spring.web.json.Json> springfox.documentation.swagger2.web.Swagger2Controller.getDocumentation(java.lang.String,javax.servlet.http.HttpServletRequest)
2022-05-25T11:06:20.365808113Z stdout F 2022-05-25 19:06:20.363  INFO [ts-admin-order-service,,,] 1 --- [           main] s.w.s.m.m.a.RequestMappingHandlerMapping : Mapped "{[/configuration/security]}" onto org.springframework.http.ResponseEntity<springfox.documentation.swagger.web.SecurityConfiguration> springfox.documentation.swagger.web.ApiResourceController.securityConfiguration()
2022-05-25T11:06:20.391755076Z stdout F 2022-05-25 19:06:20.390  INFO [ts-admin-order-service,,,] 1 --- [           main] s.w.s.m.m.a.RequestMappingHandlerMapping : Mapped "{[/configuration/ui]}" onto org.springframework.http.ResponseEntity<springfox.documentation.swagger.web.UiConfiguration> springfox.documentation.swagger.web.ApiResourceController.uiConfiguration()
2022-05-25T11:06:20.558638175Z stdout F 2022-05-25 19:06:20.556  INFO [ts-admin-order-service,,,] 1 --- [           main] s.w.s.m.m.a.RequestMappingHandlerMapping : Mapped "{[/swagger-resources]}" onto org.springframework.http.ResponseEntity<java.util.List<springfox.documentation.swagger.web.SwaggerResource>> springfox.documentation.swagger.web.ApiResourceController.swaggerResources()
2022-05-25T11:06:21.644831258Z stdout F 2022-05-25 19:06:21.644  INFO [ts-admin-order-service,,,] 1 --- [           main] s.w.s.m.m.a.RequestMappingHandlerMapping : Mapped "{[/error]}" onto public org.springframework.http.ResponseEntity<java.util.Map<java.lang.String, java.lang.Object>> org.springframework.boot.autoconfigure.web.BasicErrorController.error(javax.servlet.http.HttpServletRequest)
2022-05-25T11:06:21.741408072Z stdout F 2022-05-25 19:06:21.740  INFO [ts-admin-order-service,,,] 1 --- [           main] s.w.s.m.m.a.RequestMappingHandlerMapping : Mapped "{[/error],produces=[text/html]}" onto public org.springframework.web.servlet.ModelAndView org.springframework.boot.autoconfigure.web.BasicErrorController.errorHtml(javax.servlet.http.HttpServletRequest,javax.servlet.http.HttpServletResponse)
2022-05-25T11:11:01.731332358Z stdout F 2022-05-25 19:11:01.700  INFO [ts-admin-order-service,,,] 1 --- [           main] o.s.b.a.e.mvc.EndpointHandlerMapping     : Mapped "{[/beans || /beans.json],methods=[GET],produces=[application/vnd.spring-boot.actuator.v1+json || application/json]}" onto public java.lang.Object org.springframework.boot.actuate.endpoint.mvc.EndpointMvcAdapter.invoke()
2022-05-25T11:11:01.847317674Z stdout F 2022-05-25 19:11:01.846  INFO [ts-admin-order-service,,,] 1 --- [           main] o.s.b.a.e.mvc.EndpointHandlerMapping     : Mapped "{[/env],methods=[POST]}" onto public java.lang.Object org.springframework.cloud.context.environment.EnvironmentManagerMvcEndpoint.value(java.util.Map<java.lang.String, java.lang.String>)
2022-05-25T11:11:01.847477206Z stdout F 2022-05-25 19:11:01.847  INFO [ts-admin-order-service,,,] 1 --- [           main] o.s.b.a.e.mvc.EndpointHandlerMapping     : Mapped "{[/env/reset],methods=[POST]}" onto public java.util.Map<java.lang.String, java.lang.Object> org.springframework.cloud.context.environment.EnvironmentManagerMvcEndpoint.reset()
2022-05-25T11:11:02.100213632Z stdout F 2022-05-25 19:11:02.099  INFO [ts-admin-order-service,,,] 1 --- [           main] o.s.b.a.e.mvc.EndpointHandlerMapping     : Mapped "{[/mappings || /mappings.json],methods=[GET],produces=[application/vnd.spring-boot.actuator.v1+json || application/json]}" onto public java.lang.Object org.springframework.boot.actuate.endpoint.mvc.EndpointMvcAdapter.invoke()
2022-05-25T11:11:02.102142188Z stdout F 2022-05-25 19:11:02.101  INFO [ts-admin-order-service,,,] 1 --- [           main] o.s.b.a.e.mvc.EndpointHandlerMapping     : Mapped "{[/features || /features.json],methods=[GET],produces=[application/vnd.spring-boot.actuator.v1+json || application/json]}" onto public java.lang.Object org.springframework.boot.actuate.endpoint.mvc.EndpointMvcAdapter.invoke()
2022-05-25T11:11:02.315599489Z stdout F 2022-05-25 19:11:02.314  INFO [ts-admin-order-service,,,] 1 --- [           main] o.s.b.a.e.mvc.EndpointHandlerMapping     : Mapped "{[/trace || /trace.json],methods=[GET],produces=[application/vnd.spring-boot.actuator.v1+json || application/json]}" onto public java.lang.Object org.springframework.boot.actuate.endpoint.mvc.EndpointMvcAdapter.invoke()
2022-05-25T11:11:02.317497983Z stdout F 2022-05-25 19:11:02.316  INFO [ts-admin-order-service,,,] 1 --- [           main] o.s.b.a.e.mvc.EndpointHandlerMapping     : Mapped "{[/refresh || /refresh.json],methods=[POST]}" onto public java.lang.Object org.springframework.cloud.endpoint.GenericPostableMvcEndpoint.invoke()
2022-05-25T11:11:02.556187007Z stdout F 2022-05-25 19:11:02.554  INFO [ts-admin-order-service,,,] 1 --- [           main] o.s.b.a.e.mvc.EndpointHandlerMapping     : Mapped "{[/auditevents || /auditevents.json],methods=[GET],produces=[application/vnd.spring-boot.actuator.v1+json || application/json]}" onto public org.springframework.http.ResponseEntity<?> org.springframework.boot.actuate.endpoint.mvc.AuditEventsMvcEndpoint.findByPrincipalAndAfterAndType(java.lang.String,java.util.Date,java.lang.String)
2022-05-25T11:11:02.558337898Z stdout F 2022-05-25 19:11:02.557  INFO [ts-admin-order-service,,,] 1 --- [           main] o.s.b.a.e.mvc.EndpointHandlerMapping     : Mapped "{[/heapdump || /heapdump.json],methods=[GET],produces=[application/octet-stream]}" onto public void org.springframework.boot.actuate.endpoint.mvc.HeapdumpMvcEndpoint.invoke(boolean,javax.servlet.http.HttpServletRequest,javax.servlet.http.HttpServletResponse) throws java.io.IOException,javax.servlet.ServletException
2022-05-25T11:11:02.724355949Z stdout F 2022-05-25 19:11:02.723  INFO [ts-admin-order-service,,,] 1 --- [           main] o.s.b.a.e.mvc.EndpointHandlerMapping     : Mapped "{[/metrics/{name:.*}],methods=[GET],produces=[application/vnd.spring-boot.actuator.v1+json || application/json]}" onto public java.lang.Object org.springframework.boot.actuate.endpoint.mvc.MetricsMvcEndpoint.value(java.lang.String)
2022-05-25T11:11:02.858464049Z stdout F 2022-05-25 19:11:02.858  INFO [ts-admin-order-service,,,] 1 --- [           main] o.s.b.a.e.mvc.EndpointHandlerMapping     : Mapped "{[/metrics || /metrics.json],methods=[GET],produces=[application/vnd.spring-boot.actuator.v1+json || application/json]}" onto public java.lang.Object org.springframework.boot.actuate.endpoint.mvc.EndpointMvcAdapter.invoke()
2022-05-25T11:11:02.859714725Z stdout F 2022-05-25 19:11:02.859  INFO [ts-admin-order-service,,,] 1 --- [           main] o.s.b.a.e.mvc.EndpointHandlerMapping     : Mapped "{[/dump || /dump.json],methods=[GET],produces=[application/vnd.spring-boot.actuator.v1+json || application/json]}" onto public java.lang.Object org.springframework.boot.actuate.endpoint.mvc.EndpointMvcAdapter.invoke()
2022-05-25T11:11:03.433913063Z stdout F 2022-05-25 19:11:03.432  INFO [ts-admin-order-service,,,] 1 --- [           main] o.s.b.a.e.mvc.EndpointHandlerMapping     : Mapped "{[/autoconfig || /autoconfig.json],methods=[GET],produces=[application/vnd.spring-boot.actuator.v1+json || application/json]}" onto public java.lang.Object org.springframework.boot.actuate.endpoint.mvc.EndpointMvcAdapter.invoke()
2022-05-25T11:11:03.434492948Z stdout F 2022-05-25 19:11:03.433  INFO [ts-admin-order-service,,,] 1 --- [           main] o.s.b.a.e.mvc.EndpointHandlerMapping     : Mapped "{[/configprops || /configprops.json],methods=[GET],produces=[application/vnd.spring-boot.actuator.v1+json || application/json]}" onto public java.lang.Object org.springframework.boot.actuate.endpoint.mvc.EndpointMvcAdapter.invoke()
2022-05-25T11:11:03.796492975Z stdout F 2022-05-25 19:11:03.794  INFO [ts-admin-order-service,,,] 1 --- [           main] o.s.b.a.e.mvc.EndpointHandlerMapping     : Mapped "{[/loggers/{name:.*}],methods=[GET],produces=[application/vnd.spring-boot.actuator.v1+json || application/json]}" onto public java.lang.Object org.springframework.boot.actuate.endpoint.mvc.LoggersMvcEndpoint.get(java.lang.String)
2022-05-25T11:11:03.796536291Z stdout F 2022-05-25 19:11:03.795  INFO [ts-admin-order-service,,,] 1 --- [           main] o.s.b.a.e.mvc.EndpointHandlerMapping     : Mapped "{[/loggers/{name:.*}],methods=[POST],consumes=[application/vnd.spring-boot.actuator.v1+json || application/json],produces=[application/vnd.spring-boot.actuator.v1+json || application/json]}" onto public java.lang.Object org.springframework.boot.actuate.endpoint.mvc.LoggersMvcEndpoint.set(java.lang.String,java.util.Map<java.lang.String, java.lang.String>)
2022-05-25T11:11:03.796622431Z stdout F 2022-05-25 19:11:03.795  INFO [ts-admin-order-service,,,] 1 --- [           main] o.s.b.a.e.mvc.EndpointHandlerMapping     : Mapped "{[/loggers || /loggers.json],methods=[GET],produces=[application/vnd.spring-boot.actuator.v1+json || application/json]}" onto public java.lang.Object org.springframework.boot.actuate.endpoint.mvc.EndpointMvcAdapter.invoke()
2022-05-25T11:11:03.836398207Z stdout F 2022-05-25 19:11:03.834  INFO [ts-admin-order-service,,,] 1 --- [           main] o.s.b.a.e.mvc.EndpointHandlerMapping     : Mapped "{[/health || /health.json],methods=[GET],produces=[application/vnd.spring-boot.actuator.v1+json || application/json]}" onto public java.lang.Object org.springframework.boot.actuate.endpoint.mvc.HealthMvcEndpoint.invoke(javax.servlet.http.HttpServletRequest,java.security.Principal)
2022-05-25T11:11:03.836444206Z stdout F 2022-05-25 19:11:03.835  INFO [ts-admin-order-service,,,] 1 --- [           main] o.s.b.a.e.mvc.EndpointHandlerMapping     : Mapped "{[/env/{name:.*}],methods=[GET],produces=[application/vnd.spring-boot.actuator.v1+json || application/json]}" onto public java.lang.Object org.springframework.boot.actuate.endpoint.mvc.EnvironmentMvcEndpoint.value(java.lang.String)
2022-05-25T11:11:03.836455031Z stdout F 2022-05-25 19:11:03.836  INFO [ts-admin-order-service,,,] 1 --- [           main] o.s.b.a.e.mvc.EndpointHandlerMapping     : Mapped "{[/env || /env.json],methods=[GET],produces=[application/vnd.spring-boot.actuator.v1+json || application/json]}" onto public java.lang.Object org.springframework.boot.actuate.endpoint.mvc.EndpointMvcAdapter.invoke()
2022-05-25T11:11:04.020641462Z stdout F 2022-05-25 19:11:03.990  INFO [ts-admin-order-service,,,] 1 --- [           main] o.s.b.a.e.mvc.EndpointHandlerMapping     : Mapped "{[/info || /info.json],methods=[GET],produces=[application/vnd.spring-boot.actuator.v1+json || application/json]}" onto public java.lang.Object org.springframework.boot.actuate.endpoint.mvc.EndpointMvcAdapter.invoke()
2022-05-25T11:11:33.718512772Z stdout F 2022-05-25 19:11:33.717  INFO [ts-admin-order-service,,,] 1 --- [           main] b.a.s.AuthenticationManagerConfiguration : 
2022-05-25T11:11:33.718572432Z stdout F 
2022-05-25T11:11:33.718583625Z stdout F Using default security password: d1783bcf-758c-4587-9139-bc928350de6b
2022-05-25T11:11:33.71859078Z stdout F 
2022-05-25T11:12:09.556517488Z stdout F 2022-05-25 19:12:09.555  INFO [ts-admin-order-service,,,] 1 --- [           main] o.s.s.web.DefaultSecurityFilterChain     : Creating filter chain: org.springframework.security.web.util.matcher.AnyRequestMatcher@1, [org.springframework.security.web.context.request.async.WebAsyncManagerIntegrationFilter@6fa590ba, org.springframework.security.web.context.SecurityContextPersistenceFilter@ce5a68e, org.springframework.security.web.header.HeaderWriterFilter@72ccd81a, org.springframework.security.web.authentication.logout.LogoutFilter@7859e786, edu.fudan.common.security.jwt.JWTFilter@6e9319f, org.springframework.security.web.savedrequest.RequestCacheAwareFilter@71c5b236, org.springframework.security.web.servletapi.SecurityContextHolderAwareRequestFilter@669513d8, org.springframework.security.web.authentication.AnonymousAuthenticationFilter@72e34f77, org.springframework.security.web.session.SessionManagementFilter@64bc21ac, org.springframework.security.web.access.ExceptionTranslationFilter@6c6357f9, org.springframework.security.web.access.intercept.FilterSecurityInterceptor@5217f3d0]
2022-05-25T11:12:30.014271138Z stdout F 2022-05-25 19:12:30.013  INFO [ts-admin-order-service,,,] 1 --- [           main] o.s.w.s.handler.SimpleUrlHandlerMapping  : Mapped URL path [/webjars/**] onto handler of type [class org.springframework.web.servlet.resource.ResourceHttpRequestHandler]
2022-05-25T11:12:30.038046666Z stdout F 2022-05-25 19:12:30.013  INFO [ts-admin-order-service,,,] 1 --- [           main] o.s.w.s.handler.SimpleUrlHandlerMapping  : Mapped URL path [/**] onto handler of type [class org.springframework.web.servlet.resource.ResourceHttpRequestHandler]
2022-05-25T11:12:49.33517155Z stdout F 2022-05-25 19:12:49.334  INFO [ts-admin-order-service,,,] 1 --- [           main] o.s.w.s.handler.SimpleUrlHandlerMapping  : Mapped URL path [/**/favicon.ico] onto handler of type [class org.springframework.web.servlet.resource.ResourceHttpRequestHandler]
2022-05-25T11:12:58.92705543Z stdout F 2022-05-25 19:12:58.660  INFO [ts-admin-order-service,,,] 1 --- [           main] o.s.s.web.DefaultSecurityFilterChain     : Creating filter chain: org.springframework.boot.actuate.autoconfigure.ManagementWebSecurityAutoConfiguration$LazyEndpointPathRequestMatcher@4a067c25, [org.springframework.security.web.context.request.async.WebAsyncManagerIntegrationFilter@a1217f9, org.springframework.security.web.context.SecurityContextPersistenceFilter@74cec793, org.springframework.security.web.header.HeaderWriterFilter@18e7143f, org.springframework.web.filter.CorsFilter@3bde62ff, org.springframework.security.web.authentication.logout.LogoutFilter@1bdf8190, org.springframework.security.web.authentication.www.BasicAuthenticationFilter@5cc69cfe, org.springframework.security.web.savedrequest.RequestCacheAwareFilter@6fefce9e, org.springframework.security.web.servletapi.SecurityContextHolderAwareRequestFilter@4f8969b0, org.springframework.security.web.authentication.AnonymousAuthenticationFilter@523424b5, org.springframework.security.web.session.SessionManagementFilter@f9b7332, org.springframework.security.web.access.ExceptionTranslationFilter@209775a9, org.springframework.security.web.access.intercept.FilterSecurityInterceptor@ec0c838]
2022-05-25T11:14:32.330286337Z stdout F 2022-05-25 19:14:32.276  INFO [ts-admin-order-service,,,] 1 --- [           main] s.w.s.m.m.a.RequestMappingHandlerAdapter : Looking for @ControllerAdvice: org.springframework.boot.context.embedded.AnnotationConfigEmbeddedWebApplicationContext@d2cc05a: startup date [Wed May 25 18:55:44 CST 2022]; parent: org.springframework.context.annotation.AnnotationConfigApplicationContext@48533e64
2022-05-25T11:17:57.305530426Z stdout F 2022-05-25 19:17:57.064  INFO [ts-admin-order-service,,,] 1 --- [           main] o.s.s.c.ThreadPoolTaskScheduler          : Initializing ExecutorService  'taskScheduler'
2022-05-25T11:18:34.877786572Z stdout F 2022-05-25 19:18:34.850  INFO [ts-admin-order-service,,,] 1 --- [           main] o.s.s.c.ThreadPoolTaskScheduler          : Initializing ExecutorService 
2022-05-25T11:19:04.739316965Z stdout F 2022-05-25 19:19:04.558  INFO [ts-admin-order-service,,,] 1 --- [           main] o.s.j.e.a.AnnotationMBeanExporter        : Registering beans for JMX exposure on startup
2022-05-25T11:19:06.760410542Z stdout F 2022-05-25 19:19:06.759  INFO [ts-admin-order-service,,,] 1 --- [           main] o.s.j.e.a.AnnotationMBeanExporter        : Bean with name 'configurationPropertiesRebinder' has been autodetected for JMX exposure
2022-05-25T11:19:06.782636717Z stdout F 2022-05-25 19:19:06.781  INFO [ts-admin-order-service,,,] 1 --- [           main] o.s.j.e.a.AnnotationMBeanExporter        : Bean with name 'refreshEndpoint' has been autodetected for JMX exposure
2022-05-25T11:19:07.02711458Z stdout F 2022-05-25 19:19:06.955  INFO [ts-admin-order-service,,,] 1 --- [           main] o.s.j.e.a.AnnotationMBeanExporter        : Bean with name 'environmentManager' has been autodetected for JMX exposure
2022-05-25T11:19:07.297619933Z stdout F 2022-05-25 19:19:07.295  INFO [ts-admin-order-service,,,] 1 --- [           main] o.s.j.e.a.AnnotationMBeanExporter        : Bean with name 'refreshScope' has been autodetected for JMX exposure
2022-05-25T11:19:08.298241507Z stdout F 2022-05-25 19:19:08.256  INFO [ts-admin-order-service,,,] 1 --- [           main] o.s.j.e.a.AnnotationMBeanExporter        : Located managed bean 'environmentManager': registering with JMX server as MBean [org.springframework.cloud.context.environment:name=environmentManager,type=EnvironmentManager]
2022-05-25T11:19:10.09804535Z stdout F 2022-05-25 19:19:10.097  INFO [ts-admin-order-service,,,] 1 --- [           main] o.s.j.e.a.AnnotationMBeanExporter        : Located managed bean 'refreshScope': registering with JMX server as MBean [org.springframework.cloud.context.scope.refresh:name=refreshScope,type=RefreshScope]
2022-05-25T11:19:12.195220086Z stdout F 2022-05-25 19:19:11.899  INFO [ts-admin-order-service,,,] 1 --- [           main] o.s.j.e.a.AnnotationMBeanExporter        : Located managed bean 'configurationPropertiesRebinder': registering with JMX server as MBean [org.springframework.cloud.context.properties:name=configurationPropertiesRebinder,context=d2cc05a,type=ConfigurationPropertiesRebinder]
2022-05-25T11:19:13.941225043Z stdout F 2022-05-25 19:19:13.940  INFO [ts-admin-order-service,,,] 1 --- [           main] o.s.j.e.a.AnnotationMBeanExporter        : Located managed bean 'refreshEndpoint': registering with JMX server as MBean [org.springframework.cloud.endpoint:name=refreshEndpoint,type=RefreshEndpoint]
2022-05-25T11:20:32.304490636Z stdout F 2022-05-25 19:20:32.303  INFO [ts-admin-order-service,,,] 1 --- [           main] o.s.c.support.DefaultLifecycleProcessor  : Starting beans in phase 0
2022-05-25T11:20:36.312552723Z stdout F 2022-05-25 19:20:36.310  INFO [ts-admin-order-service,,,] 1 --- [           main] o.s.i.endpoint.EventDrivenConsumer       : Adding {logging-channel-adapter:_org.springframework.integration.errorLogger} as a subscriber to the 'errorChannel' channel
2022-05-25T11:20:36.334883203Z stdout F 2022-05-25 19:20:36.325  INFO [ts-admin-order-service,,,] 1 --- [           main] o.s.i.channel.PublishSubscribeChannel    : Channel 'ts-admin-order-service:16112.errorChannel' has 1 subscriber(s).
2022-05-25T11:20:36.342517445Z stdout F 2022-05-25 19:20:36.335  INFO [ts-admin-order-service,,,] 1 --- [           main] o.s.i.endpoint.EventDrivenConsumer       : started _org.springframework.integration.errorLogger
2022-05-25T11:20:39.177694006Z stdout F 2022-05-25 19:20:39.130  INFO [ts-admin-order-service,,,] 1 --- [           main] d.s.w.p.DocumentationPluginsBootstrapper : Context refreshed
2022-05-25T11:20:41.424008423Z stdout F 2022-05-25 19:20:41.322  INFO [ts-admin-order-service,,,] 1 --- [           main] d.s.w.p.DocumentationPluginsBootstrapper : Found 1 custom documentation plugin(s)
2022-05-25T11:20:42.418067903Z stdout F 2022-05-25 19:20:42.417  INFO [ts-admin-order-service,,,] 1 --- [           main] s.d.s.w.s.ApiListingReferenceScanner     : Scanning for api listing references
2022-05-25T11:21:06.706761606Z stdout F 2022-05-25 19:21:06.705  INFO [ts-admin-order-service,,,] 1 --- [           main] .d.s.w.r.o.CachingOperationNameGenerator : Generating unique operation named: findByPrincipalAndAfterAndTypeUsingGET_1
2022-05-25T11:21:09.053298488Z stdout F 2022-05-25 19:21:09.052  INFO [ts-admin-order-service,,,] 1 --- [           main] .d.s.w.r.o.CachingOperationNameGenerator : Generating unique operation named: invokeUsingGET_1
2022-05-25T11:21:09.119269346Z stdout F 2022-05-25 19:21:09.118  INFO [ts-admin-order-service,,,] 1 --- [           main] .d.s.w.r.o.CachingOperationNameGenerator : Generating unique operation named: invokeUsingGET_2
2022-05-25T11:21:09.248744709Z stdout F 2022-05-25 19:21:09.247  INFO [ts-admin-order-service,,,] 1 --- [           main] .d.s.w.r.o.CachingOperationNameGenerator : Generating unique operation named: invokeUsingGET_3
2022-05-25T11:21:09.312358333Z stdout F 2022-05-25 19:21:09.311  INFO [ts-admin-order-service,,,] 1 --- [           main] .d.s.w.r.o.CachingOperationNameGenerator : Generating unique operation named: invokeUsingGET_4
2022-05-25T11:21:09.496149668Z stdout F 2022-05-25 19:21:09.495  INFO [ts-admin-order-service,,,] 1 --- [           main] .d.s.w.r.o.CachingOperationNameGenerator : Generating unique operation named: invokeUsingGET_5
2022-05-25T11:21:09.665765384Z stdout F 2022-05-25 19:21:09.665  INFO [ts-admin-order-service,,,] 1 --- [           main] .d.s.w.r.o.CachingOperationNameGenerator : Generating unique operation named: invokeUsingGET_6
2022-05-25T11:21:09.668208847Z stdout F 2022-05-25 19:21:09.667  INFO [ts-admin-order-service,,,] 1 --- [           main] .d.s.w.r.o.CachingOperationNameGenerator : Generating unique operation named: invokeUsingGET_7
2022-05-25T11:21:09.715608311Z stdout F 2022-05-25 19:21:09.715  INFO [ts-admin-order-service,,,] 1 --- [           main] .d.s.w.r.o.CachingOperationNameGenerator : Generating unique operation named: invokeUsingGET_8
2022-05-25T11:21:09.717671764Z stdout F 2022-05-25 19:21:09.717  INFO [ts-admin-order-service,,,] 1 --- [           main] .d.s.w.r.o.CachingOperationNameGenerator : Generating unique operation named: invokeUsingGET_9
2022-05-25T11:21:09.786481037Z stdout F 2022-05-25 19:21:09.785  INFO [ts-admin-order-service,,,] 1 --- [           main] .d.s.w.r.o.CachingOperationNameGenerator : Generating unique operation named: invokeUsingGET_10
2022-05-25T11:21:09.809174124Z stdout F 2022-05-25 19:21:09.808  INFO [ts-admin-order-service,,,] 1 --- [           main] .d.s.w.r.o.CachingOperationNameGenerator : Generating unique operation named: invokeUsingGET_11
2022-05-25T11:21:09.826793123Z stdout F 2022-05-25 19:21:09.826  INFO [ts-admin-order-service,,,] 1 --- [           main] .d.s.w.r.o.CachingOperationNameGenerator : Generating unique operation named: invokeUsingGET_12
2022-05-25T11:21:09.846270837Z stdout F 2022-05-25 19:21:09.845  INFO [ts-admin-order-service,,,] 1 --- [           main] .d.s.w.r.o.CachingOperationNameGenerator : Generating unique operation named: invokeUsingGET_13
2022-05-25T11:21:09.928972656Z stdout F 2022-05-25 19:21:09.889  INFO [ts-admin-order-service,,,] 1 --- [           main] .d.s.w.r.o.CachingOperationNameGenerator : Generating unique operation named: invokeUsingGET_14
2022-05-25T11:21:09.932195113Z stdout F 2022-05-25 19:21:09.931  INFO [ts-admin-order-service,,,] 1 --- [           main] .d.s.w.r.o.CachingOperationNameGenerator : Generating unique operation named: invokeUsingGET_15
2022-05-25T11:21:10.951295953Z stdout F 2022-05-25 19:21:10.949  INFO [ts-admin-order-service,,,] 1 --- [           main] .d.s.w.r.o.CachingOperationNameGenerator : Generating unique operation named: invokeUsingGET_16
2022-05-25T11:21:11.118828816Z stdout F 2022-05-25 19:21:11.117  INFO [ts-admin-order-service,,,] 1 --- [           main] .d.s.w.r.o.CachingOperationNameGenerator : Generating unique operation named: invokeUsingGET_17
2022-05-25T11:21:11.790639712Z stdout F 2022-05-25 19:21:11.789  INFO [ts-admin-order-service,,,] 1 --- [           main] .d.s.w.r.o.CachingOperationNameGenerator : Generating unique operation named: invokeUsingPOST_1
2022-05-25T11:21:12.120660331Z stdout F 2022-05-25 19:21:12.120  INFO [ts-admin-order-service,,,] 1 --- [           main] .d.s.w.r.o.CachingOperationNameGenerator : Generating unique operation named: invokeUsingGET_18
2022-05-25T11:21:12.290507928Z stdout F 2022-05-25 19:21:12.289  INFO [ts-admin-order-service,,,] 1 --- [           main] .d.s.w.r.o.CachingOperationNameGenerator : Generating unique operation named: invokeUsingGET_19
2022-05-25T11:21:12.529267147Z stdout F 2022-05-25 19:21:12.528  INFO [ts-admin-order-service,,,] 1 --- [           main] .d.s.w.r.o.CachingOperationNameGenerator : Generating unique operation named: invokeUsingGET_20
2022-05-25T11:21:12.674316066Z stdout F 2022-05-25 19:21:12.673  INFO [ts-admin-order-service,,,] 1 --- [           main] .d.s.w.r.o.CachingOperationNameGenerator : Generating unique operation named: invokeUsingGET_21
2022-05-25T11:21:13.078727512Z stdout F 2022-05-25 19:21:12.972  INFO [ts-admin-order-service,,,] 1 --- [           main] .d.s.w.r.o.CachingOperationNameGenerator : Generating unique operation named: invokeUsingGET_22
2022-05-25T11:21:13.119197268Z stdout F 2022-05-25 19:21:13.112  INFO [ts-admin-order-service,,,] 1 --- [           main] .d.s.w.r.o.CachingOperationNameGenerator : Generating unique operation named: invokeUsingGET_23
2022-05-25T11:21:13.501961006Z stdout F 2022-05-25 19:21:13.501  INFO [ts-admin-order-service,,,] 1 --- [           main] .d.s.w.r.o.CachingOperationNameGenerator : Generating unique operation named: invokeUsingGET_24
2022-05-25T11:21:13.538570425Z stdout F 2022-05-25 19:21:13.537  INFO [ts-admin-order-service,,,] 1 --- [           main] .d.s.w.r.o.CachingOperationNameGenerator : Generating unique operation named: invokeUsingGET_25
2022-05-25T11:21:13.754559664Z stdout F 2022-05-25 19:21:13.753  INFO [ts-admin-order-service,,,] 1 --- [           main] .d.s.w.r.o.CachingOperationNameGenerator : Generating unique operation named: valueUsingGET_1
2022-05-25T11:21:16.454462769Z stdout F 2022-05-25 19:21:16.453  INFO [ts-admin-order-service,,,] 1 --- [           main] s.b.c.e.t.TomcatEmbeddedServletContainer : Tomcat started on port(s): 16112 (http)
2022-05-25T11:21:17.294238217Z stdout F 2022-05-25 19:21:17.293  INFO [ts-admin-order-service,,,] 1 --- [           main] adminorder.AdminOrderApplication         : Started AdminOrderApplication in 1662.309 seconds (JVM running for 1735.981)
