2022-05-26T05:30:03.084510522Z stdout F 2022-05-26 13:30:03.066  INFO [bootstrap,,,] 1 --- [           main] s.c.a.AnnotationConfigApplicationContext : Refreshing org.springframework.context.annotation.AnnotationConfigApplicationContext@48533e64: startup date [Thu May 26 13:30:03 CST 2022]; root of context hierarchy
2022-05-26T05:30:17.44068622Z stdout F 2022-05-26 13:30:17.439  INFO [bootstrap,,,] 1 --- [           main] trationDelegate$BeanPostProcessorChecker : Bean 'configurationPropertiesRebinderAutoConfiguration' of type [org.springframework.cloud.autoconfigure.ConfigurationPropertiesRebinderAutoConfiguration$$EnhancerBySpringCGLIB$$3c5b44cd] is not eligible for getting processed by all BeanPostProcessors (for example: not eligible for auto-proxying)
2022-05-26T05:30:42.328982419Z stdout F 
2022-05-26T05:30:42.329019361Z stdout F   .   ____          _            __ _ _
2022-05-26T05:30:42.329128656Z stdout F  /\\ / ___'_ __ _ _(_)_ __  __ _ \ \ \ \
2022-05-26T05:30:42.329137675Z stdout F ( ( )\___ | '_ | '_| | '_ \/ _` | \ \ \ \
2022-05-26T05:30:42.329143706Z stdout F  \\/  ___)| |_)| | | | | || (_| |  ) ) ) )
2022-05-26T05:30:42.329148982Z stdout F   '  |____| .__|_| |_|_| |_\__, | / / / /
2022-05-26T05:30:42.329168832Z stdout F  =========|_|==============|___/=/_/_/_/
2022-05-26T05:30:42.330205488Z stdout F  :: Spring Boot ::       (v1.5.22.RELEASE)
2022-05-26T05:30:42.330231514Z stdout F 
2022-05-26T05:30:44.172942388Z stdout F 2022-05-26 13:30:44.165  INFO [ts-execute-service,,,] 1 --- [           main] execute.ExecuteApplication               : No active profile set, falling back to default profiles: default
2022-05-26T05:30:45.439390472Z stdout F 2022-05-26 13:30:45.438  INFO [ts-execute-service,,,] 1 --- [           main] ationConfigEmbeddedWebApplicationContext : Refreshing org.springframework.boot.context.embedded.AnnotationConfigEmbeddedWebApplicationContext@c038203: startup date [Thu May 26 13:30:45 CST 2022]; parent: org.springframework.context.annotation.AnnotationConfigApplicationContext@48533e64
2022-05-26T05:31:37.356043856Z stdout F 2022-05-26 13:31:37.354  INFO [ts-execute-service,,,] 1 --- [           main] o.s.i.config.IntegrationRegistrar        : No bean named 'integrationHeaderChannelRegistry' has been explicitly defined. Therefore, a default DefaultHeaderChannelRegistry will be created.
2022-05-26T05:32:02.934884842Z stdout F 2022-05-26 13:32:02.933  INFO [ts-execute-service,,,] 1 --- [           main] o.s.cloud.context.scope.GenericScope     : BeanFactory id=45e72ac5-b37b-3a1e-8e93-ee72cd7c5c86
2022-05-26T05:32:03.801440469Z stdout F 2022-05-26 13:32:03.800  INFO [ts-execute-service,,,] 1 --- [           main] faultConfiguringBeanFactoryPostProcessor : No bean named 'errorChannel' has been explicitly defined. Therefore, a default PublishSubscribeChannel will be created.
2022-05-26T05:32:03.844863347Z stdout F 2022-05-26 13:32:03.843  INFO [ts-execute-service,,,] 1 --- [           main] faultConfiguringBeanFactoryPostProcessor : No bean named 'taskScheduler' has been explicitly defined. Therefore, a default ThreadPoolTaskScheduler will be created.
2022-05-26T05:32:11.759555627Z stdout F 2022-05-26 13:32:11.756  INFO [ts-execute-service,,,] 1 --- [           main] trationDelegate$BeanPostProcessorChecker : Bean 'org.springframework.cloud.sleuth.instrument.async.AsyncDefaultAutoConfiguration$DefaultAsyncConfigurerSupport' of type [org.springframework.cloud.sleuth.instrument.async.AsyncDefaultAutoConfiguration$DefaultAsyncConfigurerSupport$$EnhancerBySpringCGLIB$$5d82df93] is not eligible for getting processed by all BeanPostProcessors (for example: not eligible for auto-proxying)
2022-05-26T05:32:26.607241645Z stdout F 2022-05-26 13:32:26.605  INFO [ts-execute-service,,,] 1 --- [           main] trationDelegate$BeanPostProcessorChecker : Bean 'org.springframework.cloud.sleuth.annotation.SleuthAnnotationAutoConfiguration' of type [org.springframework.cloud.sleuth.annotation.SleuthAnnotationAutoConfiguration$$EnhancerBySpringCGLIB$$22a68802] is not eligible for getting processed by all BeanPostProcessors (for example: not eligible for auto-proxying)
2022-05-26T05:32:46.713770491Z stdout F 2022-05-26 13:32:46.712  INFO [ts-execute-service,,,] 1 --- [           main] trationDelegate$BeanPostProcessorChecker : Bean 'sleuthAdvisorConfig' of type [org.springframework.cloud.sleuth.annotation.SleuthAdvisorConfig] is not eligible for getting processed by all BeanPostProcessors (for example: not eligible for auto-proxying)
2022-05-26T05:32:49.925030816Z stdout F 2022-05-26 13:32:49.902  INFO [ts-execute-service,,,] 1 --- [           main] trationDelegate$BeanPostProcessorChecker : Bean 'org.springframework.security.config.annotation.configuration.ObjectPostProcessorConfiguration' of type [org.springframework.security.config.annotation.configuration.ObjectPostProcessorConfiguration$$EnhancerBySpringCGLIB$$b8ef0a0a] is not eligible for getting processed by all BeanPostProcessors (for example: not eligible for auto-proxying)
2022-05-26T05:32:52.060769149Z stdout F 2022-05-26 13:32:52.057  INFO [ts-execute-service,,,] 1 --- [           main] trationDelegate$BeanPostProcessorChecker : Bean 'objectPostProcessor' of type [org.springframework.security.config.annotation.configuration.AutowireBeanFactoryObjectPostProcessor] is not eligible for getting processed by all BeanPostProcessors (for example: not eligible for auto-proxying)
2022-05-26T05:32:52.312518853Z stdout F 2022-05-26 13:32:52.310  INFO [ts-execute-service,,,] 1 --- [           main] trationDelegate$BeanPostProcessorChecker : Bean 'org.springframework.security.access.expression.method.DefaultMethodSecurityExpressionHandler@5a7fe64f' of type [org.springframework.security.access.expression.method.DefaultMethodSecurityExpressionHandler] is not eligible for getting processed by all BeanPostProcessors (for example: not eligible for auto-proxying)
2022-05-26T05:32:54.218004518Z stdout F 2022-05-26 13:32:54.107  INFO [ts-execute-service,,,] 1 --- [           main] trationDelegate$BeanPostProcessorChecker : Bean 'org.springframework.security.config.annotation.method.configuration.GlobalMethodSecurityConfiguration' of type [org.springframework.security.config.annotation.method.configuration.GlobalMethodSecurityConfiguration$$EnhancerBySpringCGLIB$$ddc3acbc] is not eligible for getting processed by all BeanPostProcessors (for example: not eligible for auto-proxying)
2022-05-26T05:32:57.579320069Z stdout F 2022-05-26 13:32:57.449  INFO [ts-execute-service,,,] 1 --- [           main] trationDelegate$BeanPostProcessorChecker : Bean 'methodSecurityMetadataSource' of type [org.springframework.security.access.method.DelegatingMethodSecurityMetadataSource] is not eligible for getting processed by all BeanPostProcessors (for example: not eligible for auto-proxying)
2022-05-26T05:33:00.238265475Z stdout F 2022-05-26 13:33:00.236  INFO [ts-execute-service,,,] 1 --- [           main] trationDelegate$BeanPostProcessorChecker : Bean 'integrationGlobalProperties' of type [org.springframework.beans.factory.config.PropertiesFactoryBean] is not eligible for getting processed by all BeanPostProcessors (for example: not eligible for auto-proxying)
2022-05-26T05:33:00.308575643Z stdout F 2022-05-26 13:33:00.307  INFO [ts-execute-service,,,] 1 --- [           main] trationDelegate$BeanPostProcessorChecker : Bean 'integrationGlobalProperties' of type [java.util.Properties] is not eligible for getting processed by all BeanPostProcessors (for example: not eligible for auto-proxying)
2022-05-26T05:33:07.963970338Z stdout F 2022-05-26 13:33:07.957  INFO [ts-execute-service,,,] 1 --- [           main] trationDelegate$BeanPostProcessorChecker : Bean 'org.springframework.cloud.autoconfigure.ConfigurationPropertiesRebinderAutoConfiguration' of type [org.springframework.cloud.autoconfigure.ConfigurationPropertiesRebinderAutoConfiguration$$EnhancerBySpringCGLIB$$3c5b44cd] is not eligible for getting processed by all BeanPostProcessors (for example: not eligible for auto-proxying)
2022-05-26T05:33:11.953356105Z stdout F 2022-05-26 13:33:11.952  INFO [ts-execute-service,,,] 1 --- [           main] trationDelegate$BeanPostProcessorChecker : Bean 'org.springframework.cloud.sleuth.instrument.async.AsyncDefaultAutoConfiguration' of type [org.springframework.cloud.sleuth.instrument.async.AsyncDefaultAutoConfiguration$$EnhancerBySpringCGLIB$$824edef] is not eligible for getting processed by all BeanPostProcessors (for example: not eligible for auto-proxying)
2022-05-26T05:33:13.600307628Z stdout F 2022-05-26 13:33:13.599  INFO [ts-execute-service,,,] 1 --- [           main] trationDelegate$BeanPostProcessorChecker : Bean 'org.springframework.cloud.sleuth.instrument.web.client.TraceWebClientAutoConfiguration' of type [org.springframework.cloud.sleuth.instrument.web.client.TraceWebClientAutoConfiguration$$EnhancerBySpringCGLIB$$ccd40d4f] is not eligible for getting processed by all BeanPostProcessors (for example: not eligible for auto-proxying)
2022-05-26T05:33:39.481790291Z stdout F 2022-05-26 13:33:39.481  INFO [ts-execute-service,,,] 1 --- [           main] s.b.c.e.t.TomcatEmbeddedServletContainer : Tomcat initialized with port(s): 12386 (http)
2022-05-26T05:33:40.708494808Z stdout F 2022-05-26 13:33:40.707  INFO [ts-execute-service,,,] 1 --- [           main] o.apache.catalina.core.StandardService   : Starting service [Tomcat]
2022-05-26T05:33:40.709213385Z stdout F 2022-05-26 13:33:40.708  INFO [ts-execute-service,,,] 1 --- [           main] org.apache.catalina.core.StandardEngine  : Starting Servlet Engine: Apache Tomcat/8.5.43
2022-05-26T05:33:44.051553781Z stdout F 2022-05-26 13:33:44.018  INFO [ts-execute-service,,,] 1 --- [ost-startStop-1] o.a.c.c.C.[Tomcat].[localhost].[/]       : Initializing Spring embedded WebApplicationContext
2022-05-26T05:33:44.051595732Z stdout F 2022-05-26 13:33:44.051  INFO [ts-execute-service,,,] 1 --- [ost-startStop-1] o.s.web.context.ContextLoader            : Root WebApplicationContext: initialization completed in 178613 ms
2022-05-26T05:35:34.566208363Z stdout F 2022-05-26 13:35:34.564  INFO [ts-execute-service,,,] 1 --- [ost-startStop-1] o.s.b.w.servlet.FilterRegistrationBean   : Mapping filter: 'metricsFilter' to: [/*]
2022-05-26T05:35:34.665681186Z stdout F 2022-05-26 13:35:34.664  INFO [ts-execute-service,,,] 1 --- [ost-startStop-1] o.s.b.w.servlet.FilterRegistrationBean   : Mapping filter: 'characterEncodingFilter' to: [/*]
2022-05-26T05:35:34.748164592Z stdout F 2022-05-26 13:35:34.745  INFO [ts-execute-service,,,] 1 --- [ost-startStop-1] o.s.b.w.servlet.FilterRegistrationBean   : Mapping filter: 'traceFilter' to: [/*]
2022-05-26T05:35:34.748209347Z stdout F 2022-05-26 13:35:34.745  INFO [ts-execute-service,,,] 1 --- [ost-startStop-1] o.s.b.w.servlet.FilterRegistrationBean   : Mapping filter: 'hiddenHttpMethodFilter' to: [/*]
2022-05-26T05:35:34.748217699Z stdout F 2022-05-26 13:35:34.745  INFO [ts-execute-service,,,] 1 --- [ost-startStop-1] o.s.b.w.servlet.FilterRegistrationBean   : Mapping filter: 'httpPutFormContentFilter' to: [/*]
2022-05-26T05:35:34.748222875Z stdout F 2022-05-26 13:35:34.746  INFO [ts-execute-service,,,] 1 --- [ost-startStop-1] o.s.b.w.servlet.FilterRegistrationBean   : Mapping filter: 'requestContextFilter' to: [/*]
2022-05-26T05:35:35.241579312Z stdout F 2022-05-26 13:35:35.236  INFO [ts-execute-service,,,] 1 --- [ost-startStop-1] .s.DelegatingFilterProxyRegistrationBean : Mapping filter: 'springSecurityFilterChain' to: [/*]
2022-05-26T05:35:35.268497417Z stdout F 2022-05-26 13:35:35.263  INFO [ts-execute-service,,,] 1 --- [ost-startStop-1] o.s.b.w.servlet.FilterRegistrationBean   : Mapping filter: 'webRequestLoggingFilter' to: [/*]
2022-05-26T05:35:35.268538152Z stdout F 2022-05-26 13:35:35.263  INFO [ts-execute-service,,,] 1 --- [ost-startStop-1] o.s.b.w.servlet.FilterRegistrationBean   : Mapping filter: 'applicationContextIdFilter' to: [/*]
2022-05-26T05:35:35.268544447Z stdout F 2022-05-26 13:35:35.264  INFO [ts-execute-service,,,] 1 --- [ost-startStop-1] o.s.b.w.servlet.ServletRegistrationBean  : Mapping servlet: 'dispatcherServlet' to [/]
2022-05-26T05:38:23.52920123Z stdout F 2022-05-26 13:38:23.527  INFO [ts-execute-service,,,] 1 --- [           main] s.w.s.m.m.a.RequestMappingHandlerMapping : Mapped "{[/api/v1/executeservice/welcome],methods=[GET]}" onto public java.lang.String execute.controller.ExecuteControlller.home(org.springframework.http.HttpHeaders)
2022-05-26T05:38:23.618866962Z stdout F 2022-05-26 13:38:23.618  INFO [ts-execute-service,,,] 1 --- [           main] s.w.s.m.m.a.RequestMappingHandlerMapping : Mapped "{[/api/v1/executeservice/execute/execute/{orderId}],methods=[GET]}" onto public org.springframework.http.HttpEntity execute.controller.ExecuteControlller.executeTicket(java.lang.String,org.springframework.http.HttpHeaders)
2022-05-26T05:38:23.76930229Z stdout F 2022-05-26 13:38:23.768  INFO [ts-execute-service,,,] 1 --- [           main] s.w.s.m.m.a.RequestMappingHandlerMapping : Mapped "{[/api/v1/executeservice/execute/collected/{orderId}],methods=[GET]}" onto public org.springframework.http.HttpEntity execute.controller.ExecuteControlller.collectTicket(java.lang.String,org.springframework.http.HttpHeaders)
2022-05-26T05:38:23.841076274Z stdout F 2022-05-26 13:38:23.840  INFO [ts-execute-service,,,] 1 --- [           main] s.w.s.m.m.a.RequestMappingHandlerMapping : Mapped "{[/v2/api-docs],methods=[GET],produces=[application/json || application/hal+json]}" onto public org.springframework.http.ResponseEntity<springfox.documentation.spring.web.json.Json> springfox.documentation.swagger2.web.Swagger2Controller.getDocumentation(java.lang.String,javax.servlet.http.HttpServletRequest)
2022-05-26T05:38:24.03690226Z stdout F 2022-05-26 13:38:24.036  INFO [ts-execute-service,,,] 1 --- [           main] s.w.s.m.m.a.RequestMappingHandlerMapping : Mapped "{[/configuration/security]}" onto org.springframework.http.ResponseEntity<springfox.documentation.swagger.web.SecurityConfiguration> springfox.documentation.swagger.web.ApiResourceController.securityConfiguration()
2022-05-26T05:38:24.122472418Z stdout F 2022-05-26 13:38:24.121  INFO [ts-execute-service,,,] 1 --- [           main] s.w.s.m.m.a.RequestMappingHandlerMapping : Mapped "{[/swagger-resources]}" onto org.springframework.http.ResponseEntity<java.util.List<springfox.documentation.swagger.web.SwaggerResource>> springfox.documentation.swagger.web.ApiResourceController.swaggerResources()
2022-05-26T05:38:24.125077401Z stdout F 2022-05-26 13:38:24.124  INFO [ts-execute-service,,,] 1 --- [           main] s.w.s.m.m.a.RequestMappingHandlerMapping : Mapped "{[/configuration/ui]}" onto org.springframework.http.ResponseEntity<springfox.documentation.swagger.web.UiConfiguration> springfox.documentation.swagger.web.ApiResourceController.uiConfiguration()
2022-05-26T05:38:24.365868339Z stdout F 2022-05-26 13:38:24.350  INFO [ts-execute-service,,,] 1 --- [           main] s.w.s.m.m.a.RequestMappingHandlerMapping : Mapped "{[/error]}" onto public org.springframework.http.ResponseEntity<java.util.Map<java.lang.String, java.lang.Object>> org.springframework.boot.autoconfigure.web.BasicErrorController.error(javax.servlet.http.HttpServletRequest)
2022-05-26T05:38:24.486250749Z stdout F 2022-05-26 13:38:24.485  INFO [ts-execute-service,,,] 1 --- [           main] s.w.s.m.m.a.RequestMappingHandlerMapping : Mapped "{[/error],produces=[text/html]}" onto public org.springframework.web.servlet.ModelAndView org.springframework.boot.autoconfigure.web.BasicErrorController.errorHtml(javax.servlet.http.HttpServletRequest,javax.servlet.http.HttpServletResponse)
2022-05-26T05:39:33.035622047Z stdout F 2022-05-26 13:39:32.938  INFO [ts-execute-service,,,] 1 --- [           main] o.s.b.a.e.mvc.EndpointHandlerMapping     : Mapped "{[/features || /features.json],methods=[GET],produces=[application/vnd.spring-boot.actuator.v1+json || application/json]}" onto public java.lang.Object org.springframework.boot.actuate.endpoint.mvc.EndpointMvcAdapter.invoke()
2022-05-26T05:39:33.080851582Z stdout F 2022-05-26 13:39:33.036  INFO [ts-execute-service,,,] 1 --- [           main] o.s.b.a.e.mvc.EndpointHandlerMapping     : Mapped "{[/auditevents || /auditevents.json],methods=[GET],produces=[application/vnd.spring-boot.actuator.v1+json || application/json]}" onto public org.springframework.http.ResponseEntity<?> org.springframework.boot.actuate.endpoint.mvc.AuditEventsMvcEndpoint.findByPrincipalAndAfterAndType(java.lang.String,java.util.Date,java.lang.String)
2022-05-26T05:39:33.207471674Z stdout F 2022-05-26 13:39:33.206  INFO [ts-execute-service,,,] 1 --- [           main] o.s.b.a.e.mvc.EndpointHandlerMapping     : Mapped "{[/loggers/{name:.*}],methods=[GET],produces=[application/vnd.spring-boot.actuator.v1+json || application/json]}" onto public java.lang.Object org.springframework.boot.actuate.endpoint.mvc.LoggersMvcEndpoint.get(java.lang.String)
2022-05-26T05:39:33.208268408Z stdout F 2022-05-26 13:39:33.207  INFO [ts-execute-service,,,] 1 --- [           main] o.s.b.a.e.mvc.EndpointHandlerMapping     : Mapped "{[/loggers/{name:.*}],methods=[POST],consumes=[application/vnd.spring-boot.actuator.v1+json || application/json],produces=[application/vnd.spring-boot.actuator.v1+json || application/json]}" onto public java.lang.Object org.springframework.boot.actuate.endpoint.mvc.LoggersMvcEndpoint.set(java.lang.String,java.util.Map<java.lang.String, java.lang.String>)
2022-05-26T05:39:33.209224748Z stdout F 2022-05-26 13:39:33.208  INFO [ts-execute-service,,,] 1 --- [           main] o.s.b.a.e.mvc.EndpointHandlerMapping     : Mapped "{[/loggers || /loggers.json],methods=[GET],produces=[application/vnd.spring-boot.actuator.v1+json || application/json]}" onto public java.lang.Object org.springframework.boot.actuate.endpoint.mvc.EndpointMvcAdapter.invoke()
2022-05-26T05:39:33.351988487Z stdout F 2022-05-26 13:39:33.351  INFO [ts-execute-service,,,] 1 --- [           main] o.s.b.a.e.mvc.EndpointHandlerMapping     : Mapped "{[/trace || /trace.json],methods=[GET],produces=[application/vnd.spring-boot.actuator.v1+json || application/json]}" onto public java.lang.Object org.springframework.boot.actuate.endpoint.mvc.EndpointMvcAdapter.invoke()
2022-05-26T05:39:33.43718806Z stdout F 2022-05-26 13:39:33.436  INFO [ts-execute-service,,,] 1 --- [           main] o.s.b.a.e.mvc.EndpointHandlerMapping     : Mapped "{[/metrics/{name:.*}],methods=[GET],produces=[application/vnd.spring-boot.actuator.v1+json || application/json]}" onto public java.lang.Object org.springframework.boot.actuate.endpoint.mvc.MetricsMvcEndpoint.value(java.lang.String)
2022-05-26T05:39:33.471262424Z stdout F 2022-05-26 13:39:33.470  INFO [ts-execute-service,,,] 1 --- [           main] o.s.b.a.e.mvc.EndpointHandlerMapping     : Mapped "{[/metrics || /metrics.json],methods=[GET],produces=[application/vnd.spring-boot.actuator.v1+json || application/json]}" onto public java.lang.Object org.springframework.boot.actuate.endpoint.mvc.EndpointMvcAdapter.invoke()
2022-05-26T05:39:33.483084929Z stdout F 2022-05-26 13:39:33.482  INFO [ts-execute-service,,,] 1 --- [           main] o.s.b.a.e.mvc.EndpointHandlerMapping     : Mapped "{[/heapdump || /heapdump.json],methods=[GET],produces=[application/octet-stream]}" onto public void org.springframework.boot.actuate.endpoint.mvc.HeapdumpMvcEndpoint.invoke(boolean,javax.servlet.http.HttpServletRequest,javax.servlet.http.HttpServletResponse) throws java.io.IOException,javax.servlet.ServletException
2022-05-26T05:39:33.584838882Z stdout F 2022-05-26 13:39:33.522  INFO [ts-execute-service,,,] 1 --- [           main] o.s.b.a.e.mvc.EndpointHandlerMapping     : Mapped "{[/refresh || /refresh.json],methods=[POST]}" onto public java.lang.Object org.springframework.cloud.endpoint.GenericPostableMvcEndpoint.invoke()
2022-05-26T05:39:33.596822684Z stdout F 2022-05-26 13:39:33.596  INFO [ts-execute-service,,,] 1 --- [           main] o.s.b.a.e.mvc.EndpointHandlerMapping     : Mapped "{[/configprops || /configprops.json],methods=[GET],produces=[application/vnd.spring-boot.actuator.v1+json || application/json]}" onto public java.lang.Object org.springframework.boot.actuate.endpoint.mvc.EndpointMvcAdapter.invoke()
2022-05-26T05:39:33.613230604Z stdout F 2022-05-26 13:39:33.604  INFO [ts-execute-service,,,] 1 --- [           main] o.s.b.a.e.mvc.EndpointHandlerMapping     : Mapped "{[/autoconfig || /autoconfig.json],methods=[GET],produces=[application/vnd.spring-boot.actuator.v1+json || application/json]}" onto public java.lang.Object org.springframework.boot.actuate.endpoint.mvc.EndpointMvcAdapter.invoke()
2022-05-26T05:39:33.658556136Z stdout F 2022-05-26 13:39:33.657  INFO [ts-execute-service,,,] 1 --- [           main] o.s.b.a.e.mvc.EndpointHandlerMapping     : Mapped "{[/dump || /dump.json],methods=[GET],produces=[application/vnd.spring-boot.actuator.v1+json || application/json]}" onto public java.lang.Object org.springframework.boot.actuate.endpoint.mvc.EndpointMvcAdapter.invoke()
2022-05-26T05:39:33.659190185Z stdout F 2022-05-26 13:39:33.658  INFO [ts-execute-service,,,] 1 --- [           main] o.s.b.a.e.mvc.EndpointHandlerMapping     : Mapped "{[/mappings || /mappings.json],methods=[GET],produces=[application/vnd.spring-boot.actuator.v1+json || application/json]}" onto public java.lang.Object org.springframework.boot.actuate.endpoint.mvc.EndpointMvcAdapter.invoke()
2022-05-26T05:39:33.659998172Z stdout F 2022-05-26 13:39:33.659  INFO [ts-execute-service,,,] 1 --- [           main] o.s.b.a.e.mvc.EndpointHandlerMapping     : Mapped "{[/beans || /beans.json],methods=[GET],produces=[application/vnd.spring-boot.actuator.v1+json || application/json]}" onto public java.lang.Object org.springframework.boot.actuate.endpoint.mvc.EndpointMvcAdapter.invoke()
2022-05-26T05:39:33.673393462Z stdout F 2022-05-26 13:39:33.672  INFO [ts-execute-service,,,] 1 --- [           main] o.s.b.a.e.mvc.EndpointHandlerMapping     : Mapped "{[/env/{name:.*}],methods=[GET],produces=[application/vnd.spring-boot.actuator.v1+json || application/json]}" onto public java.lang.Object org.springframework.boot.actuate.endpoint.mvc.EnvironmentMvcEndpoint.value(java.lang.String)
2022-05-26T05:39:33.673502248Z stdout F 2022-05-26 13:39:33.673  INFO [ts-execute-service,,,] 1 --- [           main] o.s.b.a.e.mvc.EndpointHandlerMapping     : Mapped "{[/env || /env.json],methods=[GET],produces=[application/vnd.spring-boot.actuator.v1+json || application/json]}" onto public java.lang.Object org.springframework.boot.actuate.endpoint.mvc.EndpointMvcAdapter.invoke()
2022-05-26T05:39:33.674549398Z stdout F 2022-05-26 13:39:33.674  INFO [ts-execute-service,,,] 1 --- [           main] o.s.b.a.e.mvc.EndpointHandlerMapping     : Mapped "{[/env],methods=[POST]}" onto public java.lang.Object org.springframework.cloud.context.environment.EnvironmentManagerMvcEndpoint.value(java.util.Map<java.lang.String, java.lang.String>)
2022-05-26T05:39:33.674931296Z stdout F 2022-05-26 13:39:33.674  INFO [ts-execute-service,,,] 1 --- [           main] o.s.b.a.e.mvc.EndpointHandlerMapping     : Mapped "{[/env/reset],methods=[POST]}" onto public java.util.Map<java.lang.String, java.lang.Object> org.springframework.cloud.context.environment.EnvironmentManagerMvcEndpoint.reset()
2022-05-26T05:39:33.676106437Z stdout F 2022-05-26 13:39:33.675  INFO [ts-execute-service,,,] 1 --- [           main] o.s.b.a.e.mvc.EndpointHandlerMapping     : Mapped "{[/health || /health.json],methods=[GET],produces=[application/vnd.spring-boot.actuator.v1+json || application/json]}" onto public java.lang.Object org.springframework.boot.actuate.endpoint.mvc.HealthMvcEndpoint.invoke(javax.servlet.http.HttpServletRequest,java.security.Principal)
2022-05-26T05:39:33.745571404Z stdout F 2022-05-26 13:39:33.744  INFO [ts-execute-service,,,] 1 --- [           main] o.s.b.a.e.mvc.EndpointHandlerMapping     : Mapped "{[/info || /info.json],methods=[GET],produces=[application/vnd.spring-boot.actuator.v1+json || application/json]}" onto public java.lang.Object org.springframework.boot.actuate.endpoint.mvc.EndpointMvcAdapter.invoke()
2022-05-26T05:39:49.753382372Z stdout F 2022-05-26 13:39:49.710  INFO [ts-execute-service,,,] 1 --- [           main] b.a.s.AuthenticationManagerConfiguration : 
2022-05-26T05:39:49.753413192Z stdout F 
2022-05-26T05:39:49.753419363Z stdout F Using default security password: 17818174-6d31-497f-848a-9704b8b4288d
2022-05-26T05:39:49.753422345Z stdout F 
2022-05-26T05:39:59.25603407Z stdout F 2022-05-26 13:39:59.253  INFO [ts-execute-service,,,] 1 --- [           main] o.s.s.web.DefaultSecurityFilterChain     : Creating filter chain: org.springframework.security.web.util.matcher.AnyRequestMatcher@1, [org.springframework.security.web.context.request.async.WebAsyncManagerIntegrationFilter@2cf23c81, org.springframework.security.web.context.SecurityContextPersistenceFilter@63c5efee, org.springframework.security.web.header.HeaderWriterFilter@6c67e137, org.springframework.security.web.authentication.logout.LogoutFilter@79e18e38, edu.fudan.common.security.jwt.JWTFilter@3624da92, org.springframework.security.web.savedrequest.RequestCacheAwareFilter@fd46303, org.springframework.security.web.servletapi.SecurityContextHolderAwareRequestFilter@6a62689d, org.springframework.security.web.authentication.AnonymousAuthenticationFilter@35fe2125, org.springframework.security.web.session.SessionManagementFilter@191ae03f, org.springframework.security.web.access.ExceptionTranslationFilter@70dd7e15, org.springframework.security.web.access.intercept.FilterSecurityInterceptor@2552f2cb]
2022-05-26T05:40:03.576911619Z stdout F 2022-05-26 13:40:03.576  INFO [ts-execute-service,,,] 1 --- [           main] o.s.w.s.handler.SimpleUrlHandlerMapping  : Mapped URL path [/webjars/**] onto handler of type [class org.springframework.web.servlet.resource.ResourceHttpRequestHandler]
2022-05-26T05:40:03.576964637Z stdout F 2022-05-26 13:40:03.576  INFO [ts-execute-service,,,] 1 --- [           main] o.s.w.s.handler.SimpleUrlHandlerMapping  : Mapped URL path [/**] onto handler of type [class org.springframework.web.servlet.resource.ResourceHttpRequestHandler]
2022-05-26T05:40:06.885723406Z stdout F 2022-05-26 13:40:06.779  INFO [ts-execute-service,,,] 1 --- [           main] o.s.w.s.handler.SimpleUrlHandlerMapping  : Mapped URL path [/**/favicon.ico] onto handler of type [class org.springframework.web.servlet.resource.ResourceHttpRequestHandler]
2022-05-26T05:40:08.415677765Z stdout F 2022-05-26 13:40:08.415  INFO [ts-execute-service,,,] 1 --- [           main] o.s.s.web.DefaultSecurityFilterChain     : Creating filter chain: org.springframework.boot.actuate.autoconfigure.ManagementWebSecurityAutoConfiguration$LazyEndpointPathRequestMatcher@6a1d204a, [org.springframework.security.web.context.request.async.WebAsyncManagerIntegrationFilter@62dae245, org.springframework.security.web.context.SecurityContextPersistenceFilter@495083a0, org.springframework.security.web.header.HeaderWriterFilter@51e4ccb3, org.springframework.web.filter.CorsFilter@4b6579e8, org.springframework.security.web.authentication.logout.LogoutFilter@2b62442c, org.springframework.security.web.authentication.www.BasicAuthenticationFilter@4fcee388, org.springframework.security.web.savedrequest.RequestCacheAwareFilter@5fd62371, org.springframework.security.web.servletapi.SecurityContextHolderAwareRequestFilter@28a0fd6c, org.springframework.security.web.authentication.AnonymousAuthenticationFilter@6fff253c, org.springframework.security.web.session.SessionManagementFilter@46e8a539, org.springframework.security.web.access.ExceptionTranslationFilter@47da3952, org.springframework.security.web.access.intercept.FilterSecurityInterceptor@65e61854]
2022-05-26T05:40:18.710520508Z stdout F 2022-05-26 13:40:18.709  INFO [ts-execute-service,,,] 1 --- [           main] s.w.s.m.m.a.RequestMappingHandlerAdapter : Looking for @ControllerAdvice: org.springframework.boot.context.embedded.AnnotationConfigEmbeddedWebApplicationContext@c038203: startup date [Thu May 26 13:30:45 CST 2022]; parent: org.springframework.context.annotation.AnnotationConfigApplicationContext@48533e64
2022-05-26T05:40:50.344548779Z stdout F 2022-05-26 13:40:50.343  INFO [ts-execute-service,,,] 1 --- [           main] o.s.s.c.ThreadPoolTaskScheduler          : Initializing ExecutorService  'taskScheduler'
2022-05-26T05:41:19.848160537Z stdout F 2022-05-26 13:41:19.847  INFO [ts-execute-service,,,] 1 --- [           main] o.s.s.c.ThreadPoolTaskScheduler          : Initializing ExecutorService 
2022-05-26T05:41:34.117300332Z stdout F 2022-05-26 13:41:34.116  INFO [ts-execute-service,,,] 1 --- [           main] o.s.j.e.a.AnnotationMBeanExporter        : Registering beans for JMX exposure on startup
2022-05-26T05:41:34.474664967Z stdout F 2022-05-26 13:41:34.474  INFO [ts-execute-service,,,] 1 --- [           main] o.s.j.e.a.AnnotationMBeanExporter        : Bean with name 'configurationPropertiesRebinder' has been autodetected for JMX exposure
2022-05-26T05:41:34.513322461Z stdout F 2022-05-26 13:41:34.512  INFO [ts-execute-service,,,] 1 --- [           main] o.s.j.e.a.AnnotationMBeanExporter        : Bean with name 'refreshEndpoint' has been autodetected for JMX exposure
2022-05-26T05:41:34.514039867Z stdout F 2022-05-26 13:41:34.513  INFO [ts-execute-service,,,] 1 --- [           main] o.s.j.e.a.AnnotationMBeanExporter        : Bean with name 'environmentManager' has been autodetected for JMX exposure
2022-05-26T05:41:34.571087095Z stdout F 2022-05-26 13:41:34.570  INFO [ts-execute-service,,,] 1 --- [           main] o.s.j.e.a.AnnotationMBeanExporter        : Bean with name 'refreshScope' has been autodetected for JMX exposure
2022-05-26T05:41:34.697180075Z stdout F 2022-05-26 13:41:34.696  INFO [ts-execute-service,,,] 1 --- [           main] o.s.j.e.a.AnnotationMBeanExporter        : Located managed bean 'environmentManager': registering with JMX server as MBean [org.springframework.cloud.context.environment:name=environmentManager,type=EnvironmentManager]
2022-05-26T05:41:35.234275806Z stdout F 2022-05-26 13:41:35.204  INFO [ts-execute-service,,,] 1 --- [           main] o.s.j.e.a.AnnotationMBeanExporter        : Located managed bean 'refreshScope': registering with JMX server as MBean [org.springframework.cloud.context.scope.refresh:name=refreshScope,type=RefreshScope]
2022-05-26T05:41:35.679098131Z stdout F 2022-05-26 13:41:35.678  INFO [ts-execute-service,,,] 1 --- [           main] o.s.j.e.a.AnnotationMBeanExporter        : Located managed bean 'configurationPropertiesRebinder': registering with JMX server as MBean [org.springframework.cloud.context.properties:name=configurationPropertiesRebinder,context=c038203,type=ConfigurationPropertiesRebinder]
2022-05-26T05:41:36.159230751Z stdout F 2022-05-26 13:41:36.158  INFO [ts-execute-service,,,] 1 --- [           main] o.s.j.e.a.AnnotationMBeanExporter        : Located managed bean 'refreshEndpoint': registering with JMX server as MBean [org.springframework.cloud.endpoint:name=refreshEndpoint,type=RefreshEndpoint]
2022-05-26T05:42:48.944533294Z stdout F 2022-05-26 13:42:48.943  INFO [ts-execute-service,,,] 1 --- [           main] o.s.c.support.DefaultLifecycleProcessor  : Starting beans in phase 0
2022-05-26T05:43:03.447699782Z stdout F 2022-05-26 13:43:03.446  INFO [ts-execute-service,,,] 1 --- [           main] o.s.i.endpoint.EventDrivenConsumer       : Adding {logging-channel-adapter:_org.springframework.integration.errorLogger} as a subscriber to the 'errorChannel' channel
2022-05-26T05:43:03.528917578Z stdout F 2022-05-26 13:43:03.528  INFO [ts-execute-service,,,] 1 --- [           main] o.s.i.channel.PublishSubscribeChannel    : Channel 'ts-execute-service:12386.errorChannel' has 1 subscriber(s).
2022-05-26T05:43:03.528965338Z stdout F 2022-05-26 13:43:03.528  INFO [ts-execute-service,,,] 1 --- [           main] o.s.i.endpoint.EventDrivenConsumer       : started _org.springframework.integration.errorLogger
2022-05-26T05:43:06.548010723Z stdout F 2022-05-26 13:43:06.547  INFO [ts-execute-service,,,] 1 --- [           main] d.s.w.p.DocumentationPluginsBootstrapper : Context refreshed
2022-05-26T05:43:08.020830572Z stdout F 2022-05-26 13:43:07.915  INFO [ts-execute-service,,,] 1 --- [           main] d.s.w.p.DocumentationPluginsBootstrapper : Found 1 custom documentation plugin(s)
2022-05-26T05:43:08.574790261Z stdout F 2022-05-26 13:43:08.574  INFO [ts-execute-service,,,] 1 --- [           main] s.d.s.w.s.ApiListingReferenceScanner     : Scanning for api listing references
2022-05-26T05:43:11.616021303Z stdout F 2022-05-26 13:43:11.615  INFO [ts-execute-service,,,] 1 --- [           main] .d.s.w.r.o.CachingOperationNameGenerator : Generating unique operation named: findByPrincipalAndAfterAndTypeUsingGET_1
2022-05-26T05:43:22.148485371Z stdout F 2022-05-26 13:43:22.147  INFO [ts-execute-service,,,] 1 --- [           main] .d.s.w.r.o.CachingOperationNameGenerator : Generating unique operation named: invokeUsingGET_1
2022-05-26T05:43:22.368417086Z stdout F 2022-05-26 13:43:22.367  INFO [ts-execute-service,,,] 1 --- [           main] .d.s.w.r.o.CachingOperationNameGenerator : Generating unique operation named: invokeUsingGET_2
2022-05-26T05:43:22.382372831Z stdout F 2022-05-26 13:43:22.381  INFO [ts-execute-service,,,] 1 --- [           main] .d.s.w.r.o.CachingOperationNameGenerator : Generating unique operation named: invokeUsingGET_3
2022-05-26T05:43:22.417999846Z stdout F 2022-05-26 13:43:22.417  INFO [ts-execute-service,,,] 1 --- [           main] .d.s.w.r.o.CachingOperationNameGenerator : Generating unique operation named: invokeUsingGET_4
2022-05-26T05:43:22.453569715Z stdout F 2022-05-26 13:43:22.452  INFO [ts-execute-service,,,] 1 --- [           main] .d.s.w.r.o.CachingOperationNameGenerator : Generating unique operation named: invokeUsingGET_5
2022-05-26T05:43:22.513439012Z stdout F 2022-05-26 13:43:22.512  INFO [ts-execute-service,,,] 1 --- [           main] .d.s.w.r.o.CachingOperationNameGenerator : Generating unique operation named: invokeUsingGET_6
2022-05-26T05:43:22.559310487Z stdout F 2022-05-26 13:43:22.558  INFO [ts-execute-service,,,] 1 --- [           main] .d.s.w.r.o.CachingOperationNameGenerator : Generating unique operation named: invokeUsingGET_7
2022-05-26T05:43:22.754618337Z stdout F 2022-05-26 13:43:22.753  INFO [ts-execute-service,,,] 1 --- [           main] .d.s.w.r.o.CachingOperationNameGenerator : Generating unique operation named: invokeUsingGET_8
2022-05-26T05:43:22.873535002Z stdout F 2022-05-26 13:43:22.848  INFO [ts-execute-service,,,] 1 --- [           main] .d.s.w.r.o.CachingOperationNameGenerator : Generating unique operation named: invokeUsingGET_9
2022-05-26T05:43:22.991729066Z stdout F 2022-05-26 13:43:22.991  INFO [ts-execute-service,,,] 1 --- [           main] .d.s.w.r.o.CachingOperationNameGenerator : Generating unique operation named: invokeUsingGET_10
2022-05-26T05:43:23.188479685Z stdout F 2022-05-26 13:43:23.187  INFO [ts-execute-service,,,] 1 --- [           main] .d.s.w.r.o.CachingOperationNameGenerator : Generating unique operation named: invokeUsingGET_11
2022-05-26T05:43:23.375657771Z stdout F 2022-05-26 13:43:23.374  INFO [ts-execute-service,,,] 1 --- [           main] .d.s.w.r.o.CachingOperationNameGenerator : Generating unique operation named: invokeUsingGET_12
2022-05-26T05:43:23.5605605Z stdout F 2022-05-26 13:43:23.559  INFO [ts-execute-service,,,] 1 --- [           main] .d.s.w.r.o.CachingOperationNameGenerator : Generating unique operation named: invokeUsingGET_13
2022-05-26T05:43:23.72872084Z stdout F 2022-05-26 13:43:23.726  INFO [ts-execute-service,,,] 1 --- [           main] .d.s.w.r.o.CachingOperationNameGenerator : Generating unique operation named: invokeUsingGET_14
2022-05-26T05:43:23.852268346Z stdout F 2022-05-26 13:43:23.851  INFO [ts-execute-service,,,] 1 --- [           main] .d.s.w.r.o.CachingOperationNameGenerator : Generating unique operation named: invokeUsingGET_15
2022-05-26T05:43:24.703144658Z stdout F 2022-05-26 13:43:24.702  INFO [ts-execute-service,,,] 1 --- [           main] .d.s.w.r.o.CachingOperationNameGenerator : Generating unique operation named: invokeUsingGET_16
2022-05-26T05:43:24.870360871Z stdout F 2022-05-26 13:43:24.869  INFO [ts-execute-service,,,] 1 --- [           main] .d.s.w.r.o.CachingOperationNameGenerator : Generating unique operation named: invokeUsingGET_17
2022-05-26T05:43:31.343186408Z stdout F 2022-05-26 13:43:31.339  INFO [ts-execute-service,,,] 1 --- [           main] .d.s.w.r.o.CachingOperationNameGenerator : Generating unique operation named: invokeUsingPOST_1
2022-05-26T05:43:32.204878781Z stdout F 2022-05-26 13:43:32.201  INFO [ts-execute-service,,,] 1 --- [           main] .d.s.w.r.o.CachingOperationNameGenerator : Generating unique operation named: invokeUsingGET_18
2022-05-26T05:43:32.666030773Z stdout F 2022-05-26 13:43:32.631  INFO [ts-execute-service,,,] 1 --- [           main] .d.s.w.r.o.CachingOperationNameGenerator : Generating unique operation named: invokeUsingGET_19
2022-05-26T05:43:33.955871658Z stdout F 2022-05-26 13:43:33.946  INFO [ts-execute-service,,,] 1 --- [           main] .d.s.w.r.o.CachingOperationNameGenerator : Generating unique operation named: invokeUsingGET_20
2022-05-26T05:43:34.991072475Z stdout F 2022-05-26 13:43:34.990  INFO [ts-execute-service,,,] 1 --- [           main] .d.s.w.r.o.CachingOperationNameGenerator : Generating unique operation named: invokeUsingGET_21
2022-05-26T05:43:38.035975133Z stdout F 2022-05-26 13:43:37.950  INFO [ts-execute-service,,,] 1 --- [           main] .d.s.w.r.o.CachingOperationNameGenerator : Generating unique operation named: invokeUsingGET_22
2022-05-26T05:43:38.937047693Z stdout F 2022-05-26 13:43:38.935  INFO [ts-execute-service,,,] 1 --- [           main] .d.s.w.r.o.CachingOperationNameGenerator : Generating unique operation named: invokeUsingGET_23
2022-05-26T05:43:40.724468158Z stdout F 2022-05-26 13:43:40.721  INFO [ts-execute-service,,,] 1 --- [           main] .d.s.w.r.o.CachingOperationNameGenerator : Generating unique operation named: invokeUsingGET_24
2022-05-26T05:43:40.947506804Z stdout F 2022-05-26 13:43:40.943  INFO [ts-execute-service,,,] 1 --- [           main] .d.s.w.r.o.CachingOperationNameGenerator : Generating unique operation named: invokeUsingGET_25
2022-05-26T05:43:43.133050049Z stdout F 2022-05-26 13:43:43.087  INFO [ts-execute-service,,,] 1 --- [           main] .d.s.w.r.o.CachingOperationNameGenerator : Generating unique operation named: valueUsingGET_1
2022-05-26T05:44:11.973349111Z stdout F 2022-05-26 13:44:11.972  INFO [ts-execute-service,,,] 1 --- [           main] s.b.c.e.t.TomcatEmbeddedServletContainer : Tomcat started on port(s): 12386 (http)
2022-05-26T05:44:14.319763695Z stdout F 2022-05-26 13:44:14.318  INFO [ts-execute-service,,,] 1 --- [           main] execute.ExecuteApplication               : Started ExecuteApplication in 898.223 seconds (JVM running for 918.909)
