2022-04-30T04:28:32.099082478Z stdout F 2022-04-30T04:28:32.091165Z	info	Istio iptables environment:
2022-04-30T04:28:32.099233982Z stdout F ENVOY_PORT=
2022-04-30T04:28:32.09927097Z stdout F INBOUND_CAPTURE_PORT=
2022-04-30T04:28:32.099285902Z stdout F ISTIO_INBOUND_INTERCEPTION_MODE=
2022-04-30T04:28:32.099294003Z stdout F ISTIO_INBOUND_TPROXY_ROUTE_TABLE=
2022-04-30T04:28:32.099299991Z stdout F ISTIO_INBOUND_PORTS=
2022-04-30T04:28:32.099354677Z stdout F ISTIO_OUTBOUND_PORTS=
2022-04-30T04:28:32.099370054Z stdout F ISTIO_LOCAL_EXCLUDE_PORTS=
2022-04-30T04:28:32.099376966Z stdout F ISTIO_EXCLUDE_INTERFACES=
2022-04-30T04:28:32.09938224Z stdout F ISTIO_SERVICE_CIDR=
2022-04-30T04:28:32.099387195Z stdout F ISTIO_SERVICE_EXCLUDE_CIDR=
2022-04-30T04:28:32.099391917Z stdout F ISTIO_META_DNS_CAPTURE=
2022-04-30T04:28:32.099397404Z stdout F INVALID_DROP=
2022-04-30T04:28:32.099401843Z stdout F 
2022-04-30T04:28:32.099407385Z stdout F 2022-04-30T04:28:32.097905Z	info	Istio iptables variables:
2022-04-30T04:28:32.099412427Z stdout F PROXY_PORT=15001
2022-04-30T04:28:32.099417557Z stdout F PROXY_INBOUND_CAPTURE_PORT=15006
2022-04-30T04:28:32.099422468Z stdout F PROXY_TUNNEL_PORT=15008
2022-04-30T04:28:32.099427268Z stdout F PROXY_UID=1337
2022-04-30T04:28:32.099432281Z stdout F PROXY_GID=1337
2022-04-30T04:28:32.099437612Z stdout F INBOUND_INTERCEPTION_MODE=REDIRECT
2022-04-30T04:28:32.099442881Z stdout F INBOUND_TPROXY_MARK=1337
2022-04-30T04:28:32.099447642Z stdout F INBOUND_TPROXY_ROUTE_TABLE=133
2022-04-30T04:28:32.099486093Z stdout F INBOUND_PORTS_INCLUDE=*
2022-04-30T04:28:32.099495059Z stdout F INBOUND_PORTS_EXCLUDE=15090,15021,15020
2022-04-30T04:28:32.099500468Z stdout F OUTBOUND_IP_RANGES_INCLUDE=*
2022-04-30T04:28:32.099505068Z stdout F OUTBOUND_IP_RANGES_EXCLUDE=
2022-04-30T04:28:32.099509848Z stdout F OUTBOUND_PORTS_INCLUDE=
2022-04-30T04:28:32.099514302Z stdout F OUTBOUND_PORTS_EXCLUDE=
2022-04-30T04:28:32.099545241Z stdout F KUBE_VIRT_INTERFACES=
2022-04-30T04:28:32.09955748Z stdout F ENABLE_INBOUND_IPV6=false
2022-04-30T04:28:32.099563734Z stdout F DNS_CAPTURE=false
2022-04-30T04:28:32.099568971Z stdout F DROP_INVALID=false
2022-04-30T04:28:32.099573764Z stdout F CAPTURE_ALL_DNS=false
2022-04-30T04:28:32.099607862Z stdout F DNS_SERVERS=[],[]
2022-04-30T04:28:32.099646036Z stdout F OUTPUT_PATH=
2022-04-30T04:28:32.099670027Z stdout F NETWORK_NAMESPACE=
2022-04-30T04:28:32.099678594Z stdout F CNI_MODE=false
2022-04-30T04:28:32.099683948Z stdout F EXCLUDE_INTERFACES=
2022-04-30T04:28:32.09968866Z stdout F 
2022-04-30T04:28:32.099694483Z stdout F 2022-04-30T04:28:32.098384Z	info	Writing following contents to rules file: /tmp/iptables-rules-1651292912098045518.txt2162902336
2022-04-30T04:28:32.099699609Z stdout F * nat
2022-04-30T04:28:32.099704138Z stdout F -N ISTIO_INBOUND
2022-04-30T04:28:32.099708366Z stdout F -N ISTIO_REDIRECT
2022-04-30T04:28:32.099713114Z stdout F -N ISTIO_IN_REDIRECT
2022-04-30T04:28:32.099717483Z stdout F -N ISTIO_OUTPUT
2022-04-30T04:28:32.099721873Z stdout F -A ISTIO_INBOUND -p tcp --dport 15008 -j RETURN
2022-04-30T04:28:32.099726087Z stdout F -A ISTIO_REDIRECT -p tcp -j REDIRECT --to-ports 15001
2022-04-30T04:28:32.099730585Z stdout F -A ISTIO_IN_REDIRECT -p tcp -j REDIRECT --to-ports 15006
2022-04-30T04:28:32.099804791Z stdout F -A PREROUTING -p tcp -j ISTIO_INBOUND
2022-04-30T04:28:32.099824018Z stdout F -A ISTIO_INBOUND -p tcp --dport 15090 -j RETURN
2022-04-30T04:28:32.099835548Z stdout F -A ISTIO_INBOUND -p tcp --dport 15021 -j RETURN
2022-04-30T04:28:32.099841589Z stdout F -A ISTIO_INBOUND -p tcp --dport 15020 -j RETURN
2022-04-30T04:28:32.099847478Z stdout F -A ISTIO_INBOUND -p tcp -j ISTIO_IN_REDIRECT
2022-04-30T04:28:32.099852299Z stdout F -A OUTPUT -p tcp -j ISTIO_OUTPUT
2022-04-30T04:28:32.099856958Z stdout F -A ISTIO_OUTPUT -o lo -s 127.0.0.6/32 -j RETURN
2022-04-30T04:28:32.099861665Z stdout F -A ISTIO_OUTPUT -o lo ! -d 127.0.0.1/32 -m owner --uid-owner 1337 -j ISTIO_IN_REDIRECT
2022-04-30T04:28:32.099866031Z stdout F -A ISTIO_OUTPUT -o lo -m owner ! --uid-owner 1337 -j RETURN
2022-04-30T04:28:32.099912918Z stdout F -A ISTIO_OUTPUT -m owner --uid-owner 1337 -j RETURN
2022-04-30T04:28:32.099920721Z stdout F -A ISTIO_OUTPUT -o lo ! -d 127.0.0.1/32 -m owner --gid-owner 1337 -j ISTIO_IN_REDIRECT
2022-04-30T04:28:32.099946604Z stdout F -A ISTIO_OUTPUT -o lo -m owner ! --gid-owner 1337 -j RETURN
2022-04-30T04:28:32.099952025Z stdout F -A ISTIO_OUTPUT -m owner --gid-owner 1337 -j RETURN
2022-04-30T04:28:32.099956309Z stdout F -A ISTIO_OUTPUT -d 127.0.0.1/32 -j RETURN
2022-04-30T04:28:32.099961342Z stdout F -A ISTIO_OUTPUT -j ISTIO_REDIRECT
2022-04-30T04:28:32.099966054Z stdout F COMMIT
2022-04-30T04:28:32.099972008Z stdout F 2022-04-30T04:28:32.098448Z	info	Running command: iptables-restore --noflush /tmp/iptables-rules-1651292912098045518.txt2162902336
2022-04-30T04:28:32.169370646Z stdout F 2022-04-30T04:28:32.166812Z	info	Writing following contents to rules file: /tmp/ip6tables-rules-1651292912166590391.txt842671138
2022-04-30T04:28:32.169405355Z stdout F 
2022-04-30T04:28:32.169413264Z stdout F 2022-04-30T04:28:32.166911Z	info	Running command: ip6tables-restore --noflush /tmp/ip6tables-rules-1651292912166590391.txt842671138
2022-04-30T04:28:32.177281375Z stdout F 2022-04-30T04:28:32.173515Z	info	Running command: iptables-save 
2022-04-30T04:28:32.23304797Z stdout F 2022-04-30T04:28:32.232124Z	info	Command output: 
2022-04-30T04:28:32.233090035Z stdout F # Generated by iptables-save v1.8.4 on Sat Apr 30 04:28:32 2022
2022-04-30T04:28:32.233101228Z stdout F *nat
2022-04-30T04:28:32.233111315Z stdout F :PREROUTING ACCEPT [0:0]
2022-04-30T04:28:32.23312241Z stdout F :INPUT ACCEPT [0:0]
2022-04-30T04:28:32.233128522Z stdout F :OUTPUT ACCEPT [0:0]
2022-04-30T04:28:32.233134184Z stdout F :POSTROUTING ACCEPT [0:0]
2022-04-30T04:28:32.233138823Z stdout F :ISTIO_INBOUND - [0:0]
2022-04-30T04:28:32.233143502Z stdout F :ISTIO_IN_REDIRECT - [0:0]
2022-04-30T04:28:32.233148418Z stdout F :ISTIO_OUTPUT - [0:0]
2022-04-30T04:28:32.233153333Z stdout F :ISTIO_REDIRECT - [0:0]
2022-04-30T04:28:32.233158309Z stdout F -A PREROUTING -p tcp -j ISTIO_INBOUND
2022-04-30T04:28:32.233163197Z stdout F -A OUTPUT -p tcp -j ISTIO_OUTPUT
2022-04-30T04:28:32.233168092Z stdout F -A ISTIO_INBOUND -p tcp -m tcp --dport 15008 -j RETURN
2022-04-30T04:28:32.233173082Z stdout F -A ISTIO_INBOUND -p tcp -m tcp --dport 15090 -j RETURN
2022-04-30T04:28:32.233178196Z stdout F -A ISTIO_INBOUND -p tcp -m tcp --dport 15021 -j RETURN
2022-04-30T04:28:32.233183172Z stdout F -A ISTIO_INBOUND -p tcp -m tcp --dport 15020 -j RETURN
2022-04-30T04:28:32.233188096Z stdout F -A ISTIO_INBOUND -p tcp -j ISTIO_IN_REDIRECT
2022-04-30T04:28:32.233192971Z stdout F -A ISTIO_IN_REDIRECT -p tcp -j REDIRECT --to-ports 15006
2022-04-30T04:28:32.233197627Z stdout F -A ISTIO_OUTPUT -s 127.0.0.6/32 -o lo -j RETURN
2022-04-30T04:28:32.233203013Z stdout F -A ISTIO_OUTPUT ! -d 127.0.0.1/32 -o lo -m owner --uid-owner 1337 -j ISTIO_IN_REDIRECT
2022-04-30T04:28:32.233208004Z stdout F -A ISTIO_OUTPUT -o lo -m owner ! --uid-owner 1337 -j RETURN
2022-04-30T04:28:32.233212796Z stdout F -A ISTIO_OUTPUT -m owner --uid-owner 1337 -j RETURN
2022-04-30T04:28:32.233217489Z stdout F -A ISTIO_OUTPUT ! -d 127.0.0.1/32 -o lo -m owner --gid-owner 1337 -j ISTIO_IN_REDIRECT
2022-04-30T04:28:32.233221553Z stdout F -A ISTIO_OUTPUT -o lo -m owner ! --gid-owner 1337 -j RETURN
2022-04-30T04:28:32.233225417Z stdout F -A ISTIO_OUTPUT -m owner --gid-owner 1337 -j RETURN
2022-04-30T04:28:32.233285715Z stdout F -A ISTIO_OUTPUT -d 127.0.0.1/32 -j RETURN
2022-04-30T04:28:32.233292498Z stdout F -A ISTIO_OUTPUT -j ISTIO_REDIRECT
2022-04-30T04:28:32.233297409Z stdout F -A ISTIO_REDIRECT -p tcp -j REDIRECT --to-ports 15001
2022-04-30T04:28:32.233302544Z stdout F COMMIT
2022-04-30T04:28:32.233308043Z stdout F # Completed on Sat Apr 30 04:28:32 2022
2022-04-30T04:28:32.233312813Z stdout F 
