2022-05-25T10:54:30.547013752Z stdout F 2022-05-25 18:54:30.252  INFO [bootstrap,,,] 1 --- [           main] s.c.a.AnnotationConfigApplicationContext : Refreshing org.springframework.context.annotation.AnnotationConfigApplicationContext@48533e64: startup date [Wed May 25 18:54:30 CST 2022]; root of context hierarchy
2022-05-25T10:55:05.780768819Z stdout F 2022-05-25 18:55:05.780  INFO [bootstrap,,,] 1 --- [           main] trationDelegate$BeanPostProcessorChecker : Bean 'configurationPropertiesRebinderAutoConfiguration' of type [org.springframework.cloud.autoconfigure.ConfigurationPropertiesRebinderAutoConfiguration$$EnhancerBySpringCGLIB$$3c5b44cd] is not eligible for getting processed by all BeanPostProcessors (for example: not eligible for auto-proxying)
2022-05-25T10:56:17.886963653Z stdout F 
2022-05-25T10:56:17.893849751Z stdout F   .   ____          _            __ _ _
2022-05-25T10:56:17.893890736Z stdout F  /\\ / ___'_ __ _ _(_)_ __  __ _ \ \ \ \
2022-05-25T10:56:17.893900646Z stdout F ( ( )\___ | '_ | '_| | '_ \/ _` | \ \ \ \
2022-05-25T10:56:17.893908353Z stdout F  \\/  ___)| |_)| | | | | || (_| |  ) ) ) )
2022-05-25T10:56:17.893915175Z stdout F   '  |____| .__|_| |_|_| |_\__, | / / / /
2022-05-25T10:56:17.893921972Z stdout F  =========|_|==============|___/=/_/_/_/
2022-05-25T10:56:17.924935078Z stdout F  :: Spring Boot ::       (v1.5.22.RELEASE)
2022-05-25T10:56:17.924969463Z stdout F 
2022-05-25T10:56:19.391832129Z stdout F 2022-05-25 18:56:19.335  INFO [ts-route-plan-service,,,] 1 --- [           main] plan.RoutePlanApplication                : No active profile set, falling back to default profiles: default
2022-05-25T10:56:24.241805657Z stdout F 2022-05-25 18:56:24.234  INFO [ts-route-plan-service,,,] 1 --- [           main] ationConfigEmbeddedWebApplicationContext : Refreshing org.springframework.boot.context.embedded.AnnotationConfigEmbeddedWebApplicationContext@7c16905e: startup date [Wed May 25 18:56:24 CST 2022]; parent: org.springframework.context.annotation.AnnotationConfigApplicationContext@48533e64
2022-05-25T10:57:30.147341589Z stdout F 2022-05-25 18:57:30.074  INFO [ts-route-plan-service,,,] 1 --- [           main] o.s.i.config.IntegrationRegistrar        : No bean named 'integrationHeaderChannelRegistry' has been explicitly defined. Therefore, a default DefaultHeaderChannelRegistry will be created.
2022-05-25T10:57:57.624510853Z stdout F 2022-05-25 18:57:57.622  INFO [ts-route-plan-service,,,] 1 --- [           main] o.s.cloud.context.scope.GenericScope     : BeanFactory id=37720454-53b9-3a52-be7e-87b2e2d8abc6
2022-05-25T10:57:58.432559075Z stdout F 2022-05-25 18:57:58.431  INFO [ts-route-plan-service,,,] 1 --- [           main] faultConfiguringBeanFactoryPostProcessor : No bean named 'errorChannel' has been explicitly defined. Therefore, a default PublishSubscribeChannel will be created.
2022-05-25T10:57:58.545214352Z stdout F 2022-05-25 18:57:58.544  INFO [ts-route-plan-service,,,] 1 --- [           main] faultConfiguringBeanFactoryPostProcessor : No bean named 'taskScheduler' has been explicitly defined. Therefore, a default ThreadPoolTaskScheduler will be created.
2022-05-25T10:58:02.399548495Z stdout F 2022-05-25 18:58:02.397  INFO [ts-route-plan-service,,,] 1 --- [           main] trationDelegate$BeanPostProcessorChecker : Bean 'org.springframework.cloud.sleuth.instrument.async.AsyncDefaultAutoConfiguration$DefaultAsyncConfigurerSupport' of type [org.springframework.cloud.sleuth.instrument.async.AsyncDefaultAutoConfiguration$DefaultAsyncConfigurerSupport$$EnhancerBySpringCGLIB$$5d82df93] is not eligible for getting processed by all BeanPostProcessors (for example: not eligible for auto-proxying)
2022-05-25T10:58:06.822067967Z stdout F 2022-05-25 18:58:06.821  INFO [ts-route-plan-service,,,] 1 --- [           main] trationDelegate$BeanPostProcessorChecker : Bean 'org.springframework.cloud.sleuth.annotation.SleuthAnnotationAutoConfiguration' of type [org.springframework.cloud.sleuth.annotation.SleuthAnnotationAutoConfiguration$$EnhancerBySpringCGLIB$$22a68802] is not eligible for getting processed by all BeanPostProcessors (for example: not eligible for auto-proxying)
2022-05-25T10:58:18.760348113Z stdout F 2022-05-25 18:58:18.759  INFO [ts-route-plan-service,,,] 1 --- [           main] trationDelegate$BeanPostProcessorChecker : Bean 'sleuthAdvisorConfig' of type [org.springframework.cloud.sleuth.annotation.SleuthAdvisorConfig] is not eligible for getting processed by all BeanPostProcessors (for example: not eligible for auto-proxying)
2022-05-25T10:58:20.28848759Z stdout F 2022-05-25 18:58:20.287  INFO [ts-route-plan-service,,,] 1 --- [           main] trationDelegate$BeanPostProcessorChecker : Bean 'org.springframework.security.config.annotation.configuration.ObjectPostProcessorConfiguration' of type [org.springframework.security.config.annotation.configuration.ObjectPostProcessorConfiguration$$EnhancerBySpringCGLIB$$b8ef0a0a] is not eligible for getting processed by all BeanPostProcessors (for example: not eligible for auto-proxying)
2022-05-25T10:58:21.504126784Z stdout F 2022-05-25 18:58:21.502  INFO [ts-route-plan-service,,,] 1 --- [           main] trationDelegate$BeanPostProcessorChecker : Bean 'objectPostProcessor' of type [org.springframework.security.config.annotation.configuration.AutowireBeanFactoryObjectPostProcessor] is not eligible for getting processed by all BeanPostProcessors (for example: not eligible for auto-proxying)
2022-05-25T10:58:21.848927935Z stdout F 2022-05-25 18:58:21.848  INFO [ts-route-plan-service,,,] 1 --- [           main] trationDelegate$BeanPostProcessorChecker : Bean 'org.springframework.security.access.expression.method.DefaultMethodSecurityExpressionHandler@2254127a' of type [org.springframework.security.access.expression.method.DefaultMethodSecurityExpressionHandler] is not eligible for getting processed by all BeanPostProcessors (for example: not eligible for auto-proxying)
2022-05-25T10:58:22.805942317Z stdout F 2022-05-25 18:58:22.805  INFO [ts-route-plan-service,,,] 1 --- [           main] trationDelegate$BeanPostProcessorChecker : Bean 'org.springframework.security.config.annotation.method.configuration.GlobalMethodSecurityConfiguration' of type [org.springframework.security.config.annotation.method.configuration.GlobalMethodSecurityConfiguration$$EnhancerBySpringCGLIB$$ddc3acbc] is not eligible for getting processed by all BeanPostProcessors (for example: not eligible for auto-proxying)
2022-05-25T10:58:23.938268636Z stdout F 2022-05-25 18:58:23.937  INFO [ts-route-plan-service,,,] 1 --- [           main] trationDelegate$BeanPostProcessorChecker : Bean 'methodSecurityMetadataSource' of type [org.springframework.security.access.method.DelegatingMethodSecurityMetadataSource] is not eligible for getting processed by all BeanPostProcessors (for example: not eligible for auto-proxying)
2022-05-25T10:58:27.258206035Z stdout F 2022-05-25 18:58:27.257  INFO [ts-route-plan-service,,,] 1 --- [           main] trationDelegate$BeanPostProcessorChecker : Bean 'integrationGlobalProperties' of type [org.springframework.beans.factory.config.PropertiesFactoryBean] is not eligible for getting processed by all BeanPostProcessors (for example: not eligible for auto-proxying)
2022-05-25T10:58:27.586062647Z stdout F 2022-05-25 18:58:27.585  INFO [ts-route-plan-service,,,] 1 --- [           main] trationDelegate$BeanPostProcessorChecker : Bean 'integrationGlobalProperties' of type [java.util.Properties] is not eligible for getting processed by all BeanPostProcessors (for example: not eligible for auto-proxying)
2022-05-25T10:58:33.277451339Z stdout F 2022-05-25 18:58:33.276  INFO [ts-route-plan-service,,,] 1 --- [           main] trationDelegate$BeanPostProcessorChecker : Bean 'org.springframework.cloud.autoconfigure.ConfigurationPropertiesRebinderAutoConfiguration' of type [org.springframework.cloud.autoconfigure.ConfigurationPropertiesRebinderAutoConfiguration$$EnhancerBySpringCGLIB$$3c5b44cd] is not eligible for getting processed by all BeanPostProcessors (for example: not eligible for auto-proxying)
2022-05-25T10:58:34.443826031Z stdout F 2022-05-25 18:58:34.441  INFO [ts-route-plan-service,,,] 1 --- [           main] trationDelegate$BeanPostProcessorChecker : Bean 'org.springframework.cloud.sleuth.instrument.async.AsyncDefaultAutoConfiguration' of type [org.springframework.cloud.sleuth.instrument.async.AsyncDefaultAutoConfiguration$$EnhancerBySpringCGLIB$$824edef] is not eligible for getting processed by all BeanPostProcessors (for example: not eligible for auto-proxying)
2022-05-25T10:58:35.678012986Z stdout F 2022-05-25 18:58:35.677  INFO [ts-route-plan-service,,,] 1 --- [           main] trationDelegate$BeanPostProcessorChecker : Bean 'org.springframework.cloud.sleuth.instrument.web.client.TraceWebClientAutoConfiguration' of type [org.springframework.cloud.sleuth.instrument.web.client.TraceWebClientAutoConfiguration$$EnhancerBySpringCGLIB$$ccd40d4f] is not eligible for getting processed by all BeanPostProcessors (for example: not eligible for auto-proxying)
2022-05-25T11:00:24.693618571Z stdout F 2022-05-25 19:00:24.445  INFO [ts-route-plan-service,,,] 1 --- [           main] s.b.c.e.t.TomcatEmbeddedServletContainer : Tomcat initialized with port(s): 14578 (http)
2022-05-25T11:00:28.837899039Z stdout F 2022-05-25 19:00:28.837  INFO [ts-route-plan-service,,,] 1 --- [           main] o.apache.catalina.core.StandardService   : Starting service [Tomcat]
2022-05-25T11:00:29.07163375Z stdout F 2022-05-25 19:00:29.070  INFO [ts-route-plan-service,,,] 1 --- [           main] org.apache.catalina.core.StandardEngine  : Starting Servlet Engine: Apache Tomcat/8.5.43
2022-05-25T11:00:35.410116437Z stdout F 2022-05-25 19:00:35.371  INFO [ts-route-plan-service,,,] 1 --- [ost-startStop-1] o.a.c.c.C.[Tomcat].[localhost].[/]       : Initializing Spring embedded WebApplicationContext
2022-05-25T11:00:35.414324673Z stdout F 2022-05-25 19:00:35.413  INFO [ts-route-plan-service,,,] 1 --- [ost-startStop-1] o.s.web.context.ContextLoader            : Root WebApplicationContext: initialization completed in 251175 ms
2022-05-25T11:02:25.917307491Z stdout F 2022-05-25 19:02:25.915  INFO [ts-route-plan-service,,,] 1 --- [ost-startStop-1] o.s.b.w.servlet.FilterRegistrationBean   : Mapping filter: 'metricsFilter' to: [/*]
2022-05-25T11:02:26.108272056Z stdout F 2022-05-25 19:02:26.107  INFO [ts-route-plan-service,,,] 1 --- [ost-startStop-1] o.s.b.w.servlet.FilterRegistrationBean   : Mapping filter: 'characterEncodingFilter' to: [/*]
2022-05-25T11:02:26.170428024Z stdout F 2022-05-25 19:02:26.146  INFO [ts-route-plan-service,,,] 1 --- [ost-startStop-1] o.s.b.w.servlet.FilterRegistrationBean   : Mapping filter: 'traceFilter' to: [/*]
2022-05-25T11:02:26.190444983Z stdout F 2022-05-25 19:02:26.170  INFO [ts-route-plan-service,,,] 1 --- [ost-startStop-1] o.s.b.w.servlet.FilterRegistrationBean   : Mapping filter: 'hiddenHttpMethodFilter' to: [/*]
2022-05-25T11:02:26.197599627Z stdout F 2022-05-25 19:02:26.190  INFO [ts-route-plan-service,,,] 1 --- [ost-startStop-1] o.s.b.w.servlet.FilterRegistrationBean   : Mapping filter: 'httpPutFormContentFilter' to: [/*]
2022-05-25T11:02:26.210381695Z stdout F 2022-05-25 19:02:26.197  INFO [ts-route-plan-service,,,] 1 --- [ost-startStop-1] o.s.b.w.servlet.FilterRegistrationBean   : Mapping filter: 'requestContextFilter' to: [/*]
2022-05-25T11:02:26.2548814Z stdout F 2022-05-25 19:02:26.243  INFO [ts-route-plan-service,,,] 1 --- [ost-startStop-1] .s.DelegatingFilterProxyRegistrationBean : Mapping filter: 'springSecurityFilterChain' to: [/*]
2022-05-25T11:02:26.265682837Z stdout F 2022-05-25 19:02:26.254  INFO [ts-route-plan-service,,,] 1 --- [ost-startStop-1] o.s.b.w.servlet.FilterRegistrationBean   : Mapping filter: 'webRequestLoggingFilter' to: [/*]
2022-05-25T11:02:26.268296405Z stdout F 2022-05-25 19:02:26.265  INFO [ts-route-plan-service,,,] 1 --- [ost-startStop-1] o.s.b.w.servlet.FilterRegistrationBean   : Mapping filter: 'applicationContextIdFilter' to: [/*]
2022-05-25T11:02:26.283745883Z stdout F 2022-05-25 19:02:26.282  INFO [ts-route-plan-service,,,] 1 --- [ost-startStop-1] o.s.b.w.servlet.ServletRegistrationBean  : Mapping servlet: 'dispatcherServlet' to [/]
2022-05-25T11:07:07.629899158Z stdout F 2022-05-25 19:07:07.042  INFO [ts-route-plan-service,,,] 1 --- [           main] s.w.s.m.m.a.RequestMappingHandlerMapping : Mapped "{[/api/v1/routeplanservice/welcome],methods=[GET]}" onto public java.lang.String plan.controller.RoutePlanController.home()
2022-05-25T11:07:08.174644656Z stdout F 2022-05-25 19:07:07.737  INFO [ts-route-plan-service,,,] 1 --- [           main] s.w.s.m.m.a.RequestMappingHandlerMapping : Mapped "{[/api/v1/routeplanservice/routePlan/cheapestRoute],methods=[POST]}" onto public org.springframework.http.HttpEntity plan.controller.RoutePlanController.getCheapestRoutes(plan.entity.RoutePlanInfo,org.springframework.http.HttpHeaders)
2022-05-25T11:07:08.17466967Z stdout F 2022-05-25 19:07:07.783  INFO [ts-route-plan-service,,,] 1 --- [           main] s.w.s.m.m.a.RequestMappingHandlerMapping : Mapped "{[/api/v1/routeplanservice/routePlan/quickestRoute],methods=[POST]}" onto public org.springframework.http.HttpEntity plan.controller.RoutePlanController.getQuickestRoutes(plan.entity.RoutePlanInfo,org.springframework.http.HttpHeaders)
2022-05-25T11:07:08.174679355Z stdout F 2022-05-25 19:07:07.814  INFO [ts-route-plan-service,,,] 1 --- [           main] s.w.s.m.m.a.RequestMappingHandlerMapping : Mapped "{[/api/v1/routeplanservice/routePlan/minStopStations],methods=[POST]}" onto public org.springframework.http.HttpEntity plan.controller.RoutePlanController.getMinStopStations(plan.entity.RoutePlanInfo,org.springframework.http.HttpHeaders)
2022-05-25T11:07:08.174687001Z stdout F 2022-05-25 19:07:07.910  INFO [ts-route-plan-service,,,] 1 --- [           main] s.w.s.m.m.a.RequestMappingHandlerMapping : Mapped "{[/v2/api-docs],methods=[GET],produces=[application/json || application/hal+json]}" onto public org.springframework.http.ResponseEntity<springfox.documentation.spring.web.json.Json> springfox.documentation.swagger2.web.Swagger2Controller.getDocumentation(java.lang.String,javax.servlet.http.HttpServletRequest)
2022-05-25T11:07:08.174694195Z stdout F 2022-05-25 19:07:08.158  INFO [ts-route-plan-service,,,] 1 --- [           main] s.w.s.m.m.a.RequestMappingHandlerMapping : Mapped "{[/configuration/ui]}" onto org.springframework.http.ResponseEntity<springfox.documentation.swagger.web.UiConfiguration> springfox.documentation.swagger.web.ApiResourceController.uiConfiguration()
2022-05-25T11:07:08.260772154Z stdout F 2022-05-25 19:07:08.257  INFO [ts-route-plan-service,,,] 1 --- [           main] s.w.s.m.m.a.RequestMappingHandlerMapping : Mapped "{[/swagger-resources]}" onto org.springframework.http.ResponseEntity<java.util.List<springfox.documentation.swagger.web.SwaggerResource>> springfox.documentation.swagger.web.ApiResourceController.swaggerResources()
2022-05-25T11:07:08.361531874Z stdout F 2022-05-25 19:07:08.360  INFO [ts-route-plan-service,,,] 1 --- [           main] s.w.s.m.m.a.RequestMappingHandlerMapping : Mapped "{[/configuration/security]}" onto org.springframework.http.ResponseEntity<springfox.documentation.swagger.web.SecurityConfiguration> springfox.documentation.swagger.web.ApiResourceController.securityConfiguration()
2022-05-25T11:07:08.523952356Z stdout F 2022-05-25 19:07:08.523  INFO [ts-route-plan-service,,,] 1 --- [           main] s.w.s.m.m.a.RequestMappingHandlerMapping : Mapped "{[/error],produces=[text/html]}" onto public org.springframework.web.servlet.ModelAndView org.springframework.boot.autoconfigure.web.BasicErrorController.errorHtml(javax.servlet.http.HttpServletRequest,javax.servlet.http.HttpServletResponse)
2022-05-25T11:07:08.543308629Z stdout F 2022-05-25 19:07:08.542  INFO [ts-route-plan-service,,,] 1 --- [           main] s.w.s.m.m.a.RequestMappingHandlerMapping : Mapped "{[/error]}" onto public org.springframework.http.ResponseEntity<java.util.Map<java.lang.String, java.lang.Object>> org.springframework.boot.autoconfigure.web.BasicErrorController.error(javax.servlet.http.HttpServletRequest)
2022-05-25T11:11:08.694928198Z stdout F 2022-05-25 19:11:08.591  INFO [ts-route-plan-service,,,] 1 --- [           main] o.s.b.a.e.mvc.EndpointHandlerMapping     : Mapped "{[/env/{name:.*}],methods=[GET],produces=[application/vnd.spring-boot.actuator.v1+json || application/json]}" onto public java.lang.Object org.springframework.boot.actuate.endpoint.mvc.EnvironmentMvcEndpoint.value(java.lang.String)
2022-05-25T11:11:08.737106193Z stdout F 2022-05-25 19:11:08.732  INFO [ts-route-plan-service,,,] 1 --- [           main] o.s.b.a.e.mvc.EndpointHandlerMapping     : Mapped "{[/env || /env.json],methods=[GET],produces=[application/vnd.spring-boot.actuator.v1+json || application/json]}" onto public java.lang.Object org.springframework.boot.actuate.endpoint.mvc.EndpointMvcAdapter.invoke()
2022-05-25T11:11:08.858370667Z stdout F 2022-05-25 19:11:08.794  INFO [ts-route-plan-service,,,] 1 --- [           main] o.s.b.a.e.mvc.EndpointHandlerMapping     : Mapped "{[/dump || /dump.json],methods=[GET],produces=[application/vnd.spring-boot.actuator.v1+json || application/json]}" onto public java.lang.Object org.springframework.boot.actuate.endpoint.mvc.EndpointMvcAdapter.invoke()
2022-05-25T11:11:09.075329251Z stdout F 2022-05-25 19:11:09.074  INFO [ts-route-plan-service,,,] 1 --- [           main] o.s.b.a.e.mvc.EndpointHandlerMapping     : Mapped "{[/features || /features.json],methods=[GET],produces=[application/vnd.spring-boot.actuator.v1+json || application/json]}" onto public java.lang.Object org.springframework.boot.actuate.endpoint.mvc.EndpointMvcAdapter.invoke()
2022-05-25T11:11:09.318390915Z stdout F 2022-05-25 19:11:09.195  INFO [ts-route-plan-service,,,] 1 --- [           main] o.s.b.a.e.mvc.EndpointHandlerMapping     : Mapped "{[/auditevents || /auditevents.json],methods=[GET],produces=[application/vnd.spring-boot.actuator.v1+json || application/json]}" onto public org.springframework.http.ResponseEntity<?> org.springframework.boot.actuate.endpoint.mvc.AuditEventsMvcEndpoint.findByPrincipalAndAfterAndType(java.lang.String,java.util.Date,java.lang.String)
2022-05-25T11:11:09.380275762Z stdout F 2022-05-25 19:11:09.379  INFO [ts-route-plan-service,,,] 1 --- [           main] o.s.b.a.e.mvc.EndpointHandlerMapping     : Mapped "{[/configprops || /configprops.json],methods=[GET],produces=[application/vnd.spring-boot.actuator.v1+json || application/json]}" onto public java.lang.Object org.springframework.boot.actuate.endpoint.mvc.EndpointMvcAdapter.invoke()
2022-05-25T11:11:09.485724946Z stdout F 2022-05-25 19:11:09.484  INFO [ts-route-plan-service,,,] 1 --- [           main] o.s.b.a.e.mvc.EndpointHandlerMapping     : Mapped "{[/metrics/{name:.*}],methods=[GET],produces=[application/vnd.spring-boot.actuator.v1+json || application/json]}" onto public java.lang.Object org.springframework.boot.actuate.endpoint.mvc.MetricsMvcEndpoint.value(java.lang.String)
2022-05-25T11:11:09.485775852Z stdout F 2022-05-25 19:11:09.484  INFO [ts-route-plan-service,,,] 1 --- [           main] o.s.b.a.e.mvc.EndpointHandlerMapping     : Mapped "{[/metrics || /metrics.json],methods=[GET],produces=[application/vnd.spring-boot.actuator.v1+json || application/json]}" onto public java.lang.Object org.springframework.boot.actuate.endpoint.mvc.EndpointMvcAdapter.invoke()
2022-05-25T11:11:09.960362628Z stdout F 2022-05-25 19:11:09.890  INFO [ts-route-plan-service,,,] 1 --- [           main] o.s.b.a.e.mvc.EndpointHandlerMapping     : Mapped "{[/health || /health.json],methods=[GET],produces=[application/vnd.spring-boot.actuator.v1+json || application/json]}" onto public java.lang.Object org.springframework.boot.actuate.endpoint.mvc.HealthMvcEndpoint.invoke(javax.servlet.http.HttpServletRequest,java.security.Principal)
2022-05-25T11:11:09.966785033Z stdout F 2022-05-25 19:11:09.960  INFO [ts-route-plan-service,,,] 1 --- [           main] o.s.b.a.e.mvc.EndpointHandlerMapping     : Mapped "{[/env],methods=[POST]}" onto public java.lang.Object org.springframework.cloud.context.environment.EnvironmentManagerMvcEndpoint.value(java.util.Map<java.lang.String, java.lang.String>)
2022-05-25T11:11:09.966938365Z stdout F 2022-05-25 19:11:09.961  INFO [ts-route-plan-service,,,] 1 --- [           main] o.s.b.a.e.mvc.EndpointHandlerMapping     : Mapped "{[/env/reset],methods=[POST]}" onto public java.util.Map<java.lang.String, java.lang.Object> org.springframework.cloud.context.environment.EnvironmentManagerMvcEndpoint.reset()
2022-05-25T11:11:10.093386984Z stdout F 2022-05-25 19:11:10.090  INFO [ts-route-plan-service,,,] 1 --- [           main] o.s.b.a.e.mvc.EndpointHandlerMapping     : Mapped "{[/info || /info.json],methods=[GET],produces=[application/vnd.spring-boot.actuator.v1+json || application/json]}" onto public java.lang.Object org.springframework.boot.actuate.endpoint.mvc.EndpointMvcAdapter.invoke()
2022-05-25T11:11:10.209284617Z stdout F 2022-05-25 19:11:10.206  INFO [ts-route-plan-service,,,] 1 --- [           main] o.s.b.a.e.mvc.EndpointHandlerMapping     : Mapped "{[/refresh || /refresh.json],methods=[POST]}" onto public java.lang.Object org.springframework.cloud.endpoint.GenericPostableMvcEndpoint.invoke()
2022-05-25T11:11:10.256708877Z stdout F 2022-05-25 19:11:10.207  INFO [ts-route-plan-service,,,] 1 --- [           main] o.s.b.a.e.mvc.EndpointHandlerMapping     : Mapped "{[/heapdump || /heapdump.json],methods=[GET],produces=[application/octet-stream]}" onto public void org.springframework.boot.actuate.endpoint.mvc.HeapdumpMvcEndpoint.invoke(boolean,javax.servlet.http.HttpServletRequest,javax.servlet.http.HttpServletResponse) throws java.io.IOException,javax.servlet.ServletException
2022-05-25T11:11:10.283547359Z stdout F 2022-05-25 19:11:10.275  INFO [ts-route-plan-service,,,] 1 --- [           main] o.s.b.a.e.mvc.EndpointHandlerMapping     : Mapped "{[/trace || /trace.json],methods=[GET],produces=[application/vnd.spring-boot.actuator.v1+json || application/json]}" onto public java.lang.Object org.springframework.boot.actuate.endpoint.mvc.EndpointMvcAdapter.invoke()
2022-05-25T11:11:10.371653387Z stdout F 2022-05-25 19:11:10.370  INFO [ts-route-plan-service,,,] 1 --- [           main] o.s.b.a.e.mvc.EndpointHandlerMapping     : Mapped "{[/mappings || /mappings.json],methods=[GET],produces=[application/vnd.spring-boot.actuator.v1+json || application/json]}" onto public java.lang.Object org.springframework.boot.actuate.endpoint.mvc.EndpointMvcAdapter.invoke()
2022-05-25T11:11:10.375379259Z stdout F 2022-05-25 19:11:10.373  INFO [ts-route-plan-service,,,] 1 --- [           main] o.s.b.a.e.mvc.EndpointHandlerMapping     : Mapped "{[/autoconfig || /autoconfig.json],methods=[GET],produces=[application/vnd.spring-boot.actuator.v1+json || application/json]}" onto public java.lang.Object org.springframework.boot.actuate.endpoint.mvc.EndpointMvcAdapter.invoke()
2022-05-25T11:11:10.394634225Z stdout F 2022-05-25 19:11:10.393  INFO [ts-route-plan-service,,,] 1 --- [           main] o.s.b.a.e.mvc.EndpointHandlerMapping     : Mapped "{[/beans || /beans.json],methods=[GET],produces=[application/vnd.spring-boot.actuator.v1+json || application/json]}" onto public java.lang.Object org.springframework.boot.actuate.endpoint.mvc.EndpointMvcAdapter.invoke()
2022-05-25T11:11:10.579989329Z stdout F 2022-05-25 19:11:10.578  INFO [ts-route-plan-service,,,] 1 --- [           main] o.s.b.a.e.mvc.EndpointHandlerMapping     : Mapped "{[/loggers/{name:.*}],methods=[GET],produces=[application/vnd.spring-boot.actuator.v1+json || application/json]}" onto public java.lang.Object org.springframework.boot.actuate.endpoint.mvc.LoggersMvcEndpoint.get(java.lang.String)
2022-05-25T11:11:10.624369983Z stdout F 2022-05-25 19:11:10.579  INFO [ts-route-plan-service,,,] 1 --- [           main] o.s.b.a.e.mvc.EndpointHandlerMapping     : Mapped "{[/loggers/{name:.*}],methods=[POST],consumes=[application/vnd.spring-boot.actuator.v1+json || application/json],produces=[application/vnd.spring-boot.actuator.v1+json || application/json]}" onto public java.lang.Object org.springframework.boot.actuate.endpoint.mvc.LoggersMvcEndpoint.set(java.lang.String,java.util.Map<java.lang.String, java.lang.String>)
2022-05-25T11:11:10.629925474Z stdout F 2022-05-25 19:11:10.629  INFO [ts-route-plan-service,,,] 1 --- [           main] o.s.b.a.e.mvc.EndpointHandlerMapping     : Mapped "{[/loggers || /loggers.json],methods=[GET],produces=[application/vnd.spring-boot.actuator.v1+json || application/json]}" onto public java.lang.Object org.springframework.boot.actuate.endpoint.mvc.EndpointMvcAdapter.invoke()
2022-05-25T11:11:47.411791847Z stdout F 2022-05-25 19:11:47.411  INFO [ts-route-plan-service,,,] 1 --- [           main] b.a.s.AuthenticationManagerConfiguration : 
2022-05-25T11:11:47.411873506Z stdout F 
2022-05-25T11:11:47.411893997Z stdout F Using default security password: 94f50dd0-0b26-4e0e-9cd4-602b0dc033cc
2022-05-25T11:11:47.411904422Z stdout F 
2022-05-25T11:12:33.994454454Z stdout F 2022-05-25 19:12:33.793  INFO [ts-route-plan-service,,,] 1 --- [           main] o.s.s.web.DefaultSecurityFilterChain     : Creating filter chain: org.springframework.security.web.util.matcher.AnyRequestMatcher@1, [org.springframework.security.web.context.request.async.WebAsyncManagerIntegrationFilter@f339eae, org.springframework.security.web.context.SecurityContextPersistenceFilter@3721177d, org.springframework.security.web.header.HeaderWriterFilter@1a35993f, org.springframework.security.web.authentication.logout.LogoutFilter@62e7dffa, edu.fudan.common.security.jwt.JWTFilter@2822c6ff, org.springframework.security.web.savedrequest.RequestCacheAwareFilter@7a2e0858, org.springframework.security.web.servletapi.SecurityContextHolderAwareRequestFilter@2df3c564, org.springframework.security.web.authentication.AnonymousAuthenticationFilter@4dafba3e, org.springframework.security.web.session.SessionManagementFilter@2f7dcef2, org.springframework.security.web.access.ExceptionTranslationFilter@66ec9390, org.springframework.security.web.access.intercept.FilterSecurityInterceptor@60d1b21f]
2022-05-25T11:12:46.630493444Z stdout F 2022-05-25 19:12:46.570  INFO [ts-route-plan-service,,,] 1 --- [           main] o.s.w.s.handler.SimpleUrlHandlerMapping  : Mapped URL path [/webjars/**] onto handler of type [class org.springframework.web.servlet.resource.ResourceHttpRequestHandler]
2022-05-25T11:12:46.656720314Z stdout F 2022-05-25 19:12:46.630  INFO [ts-route-plan-service,,,] 1 --- [           main] o.s.w.s.handler.SimpleUrlHandlerMapping  : Mapped URL path [/**] onto handler of type [class org.springframework.web.servlet.resource.ResourceHttpRequestHandler]
2022-05-25T11:12:50.428367544Z stdout F 2022-05-25 19:12:50.427  INFO [ts-route-plan-service,,,] 1 --- [           main] o.s.w.s.handler.SimpleUrlHandlerMapping  : Mapped URL path [/**/favicon.ico] onto handler of type [class org.springframework.web.servlet.resource.ResourceHttpRequestHandler]
2022-05-25T11:13:00.821764053Z stdout F 2022-05-25 19:13:00.599  INFO [ts-route-plan-service,,,] 1 --- [           main] o.s.s.web.DefaultSecurityFilterChain     : Creating filter chain: org.springframework.boot.actuate.autoconfigure.ManagementWebSecurityAutoConfiguration$LazyEndpointPathRequestMatcher@287f7811, [org.springframework.security.web.context.request.async.WebAsyncManagerIntegrationFilter@451f87af, org.springframework.security.web.context.SecurityContextPersistenceFilter@7159139f, org.springframework.security.web.header.HeaderWriterFilter@5f80fa43, org.springframework.web.filter.CorsFilter@2b556bb2, org.springframework.security.web.authentication.logout.LogoutFilter@6e106680, org.springframework.security.web.authentication.www.BasicAuthenticationFilter@15bc339, org.springframework.security.web.savedrequest.RequestCacheAwareFilter@65bcf7c2, org.springframework.security.web.servletapi.SecurityContextHolderAwareRequestFilter@3db64bd4, org.springframework.security.web.authentication.AnonymousAuthenticationFilter@44cb460e, org.springframework.security.web.session.SessionManagementFilter@16c8b7bd, org.springframework.security.web.access.ExceptionTranslationFilter@476a736d, org.springframework.security.web.access.intercept.FilterSecurityInterceptor@352e787a]
2022-05-25T11:14:31.323396157Z stdout F 2022-05-25 19:14:33.819  INFO [ts-route-plan-service,,,] 1 --- [           main] s.w.s.m.m.a.RequestMappingHandlerAdapter : Looking for @ControllerAdvice: org.springframework.boot.context.embedded.AnnotationConfigEmbeddedWebApplicationContext@7c16905e: startup date [Wed May 25 18:56:24 CST 2022]; parent: org.springframework.context.annotation.AnnotationConfigApplicationContext@48533e64
2022-05-25T11:17:57.330748353Z stdout F 2022-05-25 19:17:57.278  INFO [ts-route-plan-service,,,] 1 --- [           main] o.s.s.c.ThreadPoolTaskScheduler          : Initializing ExecutorService  'taskScheduler'
2022-05-25T11:18:38.233893722Z stdout F 2022-05-25 19:18:38.233  INFO [ts-route-plan-service,,,] 1 --- [           main] o.s.s.c.ThreadPoolTaskScheduler          : Initializing ExecutorService 
2022-05-25T11:19:14.186803915Z stdout F 2022-05-25 19:19:14.123  INFO [ts-route-plan-service,,,] 1 --- [           main] o.s.j.e.a.AnnotationMBeanExporter        : Registering beans for JMX exposure on startup
2022-05-25T11:19:18.697212413Z stdout F 2022-05-25 19:19:18.696  INFO [ts-route-plan-service,,,] 1 --- [           main] o.s.j.e.a.AnnotationMBeanExporter        : Bean with name 'configurationPropertiesRebinder' has been autodetected for JMX exposure
2022-05-25T11:19:19.004039971Z stdout F 2022-05-25 19:19:18.836  INFO [ts-route-plan-service,,,] 1 --- [           main] o.s.j.e.a.AnnotationMBeanExporter        : Bean with name 'refreshEndpoint' has been autodetected for JMX exposure
2022-05-25T11:19:19.033923962Z stdout F 2022-05-25 19:19:19.032  INFO [ts-route-plan-service,,,] 1 --- [           main] o.s.j.e.a.AnnotationMBeanExporter        : Bean with name 'environmentManager' has been autodetected for JMX exposure
2022-05-25T11:19:19.290196718Z stdout F 2022-05-25 19:19:19.288  INFO [ts-route-plan-service,,,] 1 --- [           main] o.s.j.e.a.AnnotationMBeanExporter        : Bean with name 'refreshScope' has been autodetected for JMX exposure
2022-05-25T11:19:20.305918815Z stdout F 2022-05-25 19:19:20.304  INFO [ts-route-plan-service,,,] 1 --- [           main] o.s.j.e.a.AnnotationMBeanExporter        : Located managed bean 'environmentManager': registering with JMX server as MBean [org.springframework.cloud.context.environment:name=environmentManager,type=EnvironmentManager]
2022-05-25T11:19:23.499411715Z stdout F 2022-05-25 19:19:23.497  INFO [ts-route-plan-service,,,] 1 --- [           main] o.s.j.e.a.AnnotationMBeanExporter        : Located managed bean 'refreshScope': registering with JMX server as MBean [org.springframework.cloud.context.scope.refresh:name=refreshScope,type=RefreshScope]
2022-05-25T11:19:25.742221964Z stdout F 2022-05-25 19:19:25.741  INFO [ts-route-plan-service,,,] 1 --- [           main] o.s.j.e.a.AnnotationMBeanExporter        : Located managed bean 'configurationPropertiesRebinder': registering with JMX server as MBean [org.springframework.cloud.context.properties:name=configurationPropertiesRebinder,context=7c16905e,type=ConfigurationPropertiesRebinder]
2022-05-25T11:19:27.200815219Z stdout F 2022-05-25 19:19:27.200  INFO [ts-route-plan-service,,,] 1 --- [           main] o.s.j.e.a.AnnotationMBeanExporter        : Located managed bean 'refreshEndpoint': registering with JMX server as MBean [org.springframework.cloud.endpoint:name=refreshEndpoint,type=RefreshEndpoint]
2022-05-25T11:20:35.795918648Z stdout F 2022-05-25 19:20:35.794  INFO [ts-route-plan-service,,,] 1 --- [           main] o.s.c.support.DefaultLifecycleProcessor  : Starting beans in phase 0
2022-05-25T11:20:39.761554642Z stdout F 2022-05-25 19:20:39.760  INFO [ts-route-plan-service,,,] 1 --- [           main] o.s.i.endpoint.EventDrivenConsumer       : Adding {logging-channel-adapter:_org.springframework.integration.errorLogger} as a subscriber to the 'errorChannel' channel
2022-05-25T11:20:39.762039035Z stdout F 2022-05-25 19:20:39.761  INFO [ts-route-plan-service,,,] 1 --- [           main] o.s.i.channel.PublishSubscribeChannel    : Channel 'ts-route-plan-service:14578.errorChannel' has 1 subscriber(s).
2022-05-25T11:20:39.762059417Z stdout F 2022-05-25 19:20:39.761  INFO [ts-route-plan-service,,,] 1 --- [           main] o.s.i.endpoint.EventDrivenConsumer       : started _org.springframework.integration.errorLogger
2022-05-25T11:20:42.161540266Z stdout F 2022-05-25 19:20:42.160  INFO [ts-route-plan-service,,,] 1 --- [           main] d.s.w.p.DocumentationPluginsBootstrapper : Context refreshed
2022-05-25T11:20:47.092295907Z stdout F 2022-05-25 19:20:46.905  INFO [ts-route-plan-service,,,] 1 --- [           main] d.s.w.p.DocumentationPluginsBootstrapper : Found 1 custom documentation plugin(s)
2022-05-25T11:20:48.321784352Z stdout F 2022-05-25 19:20:48.321  INFO [ts-route-plan-service,,,] 1 --- [           main] s.d.s.w.s.ApiListingReferenceScanner     : Scanning for api listing references
2022-05-25T11:21:02.992739205Z stdout F 2022-05-25 19:21:02.990  INFO [ts-route-plan-service,,,] 1 --- [           main] .d.s.w.r.o.CachingOperationNameGenerator : Generating unique operation named: findByPrincipalAndAfterAndTypeUsingGET_1
2022-05-25T11:21:11.939107498Z stdout F 2022-05-25 19:21:11.933  INFO [ts-route-plan-service,,,] 1 --- [           main] .d.s.w.r.o.CachingOperationNameGenerator : Generating unique operation named: invokeUsingGET_1
2022-05-25T11:21:12.060430409Z stdout F 2022-05-25 19:21:12.059  INFO [ts-route-plan-service,,,] 1 --- [           main] .d.s.w.r.o.CachingOperationNameGenerator : Generating unique operation named: invokeUsingGET_2
2022-05-25T11:21:12.150331581Z stdout F 2022-05-25 19:21:12.147  INFO [ts-route-plan-service,,,] 1 --- [           main] .d.s.w.r.o.CachingOperationNameGenerator : Generating unique operation named: invokeUsingGET_3
2022-05-25T11:21:12.202484481Z stdout F 2022-05-25 19:21:12.201  INFO [ts-route-plan-service,,,] 1 --- [           main] .d.s.w.r.o.CachingOperationNameGenerator : Generating unique operation named: invokeUsingGET_4
2022-05-25T11:21:12.275409733Z stdout F 2022-05-25 19:21:12.274  INFO [ts-route-plan-service,,,] 1 --- [           main] .d.s.w.r.o.CachingOperationNameGenerator : Generating unique operation named: invokeUsingGET_5
2022-05-25T11:21:12.34274524Z stdout F 2022-05-25 19:21:12.338  INFO [ts-route-plan-service,,,] 1 --- [           main] .d.s.w.r.o.CachingOperationNameGenerator : Generating unique operation named: invokeUsingGET_6
2022-05-25T11:21:12.389185966Z stdout F 2022-05-25 19:21:12.388  INFO [ts-route-plan-service,,,] 1 --- [           main] .d.s.w.r.o.CachingOperationNameGenerator : Generating unique operation named: invokeUsingGET_7
2022-05-25T11:21:12.513438215Z stdout F 2022-05-25 19:21:12.512  INFO [ts-route-plan-service,,,] 1 --- [           main] .d.s.w.r.o.CachingOperationNameGenerator : Generating unique operation named: invokeUsingGET_8
2022-05-25T11:21:12.641179874Z stdout F 2022-05-25 19:21:12.640  INFO [ts-route-plan-service,,,] 1 --- [           main] .d.s.w.r.o.CachingOperationNameGenerator : Generating unique operation named: invokeUsingGET_9
2022-05-25T11:21:12.671319833Z stdout F 2022-05-25 19:21:12.670  INFO [ts-route-plan-service,,,] 1 --- [           main] .d.s.w.r.o.CachingOperationNameGenerator : Generating unique operation named: invokeUsingGET_10
2022-05-25T11:21:12.893681788Z stdout F 2022-05-25 19:21:12.892  INFO [ts-route-plan-service,,,] 1 --- [           main] .d.s.w.r.o.CachingOperationNameGenerator : Generating unique operation named: invokeUsingGET_11
2022-05-25T11:21:13.214314232Z stdout F 2022-05-25 19:21:13.213  INFO [ts-route-plan-service,,,] 1 --- [           main] .d.s.w.r.o.CachingOperationNameGenerator : Generating unique operation named: invokeUsingGET_12
2022-05-25T11:21:13.406915335Z stdout F 2022-05-25 19:21:13.406  INFO [ts-route-plan-service,,,] 1 --- [           main] .d.s.w.r.o.CachingOperationNameGenerator : Generating unique operation named: invokeUsingGET_13
2022-05-25T11:21:13.583435437Z stdout F 2022-05-25 19:21:13.582  INFO [ts-route-plan-service,,,] 1 --- [           main] .d.s.w.r.o.CachingOperationNameGenerator : Generating unique operation named: invokeUsingGET_14
2022-05-25T11:21:13.898852056Z stdout F 2022-05-25 19:21:13.760  INFO [ts-route-plan-service,,,] 1 --- [           main] .d.s.w.r.o.CachingOperationNameGenerator : Generating unique operation named: invokeUsingGET_15
2022-05-25T11:21:14.399233742Z stdout F 2022-05-25 19:21:14.398  INFO [ts-route-plan-service,,,] 1 --- [           main] .d.s.w.r.o.CachingOperationNameGenerator : Generating unique operation named: invokeUsingGET_16
2022-05-25T11:21:14.485291296Z stdout F 2022-05-25 19:21:14.484  INFO [ts-route-plan-service,,,] 1 --- [           main] .d.s.w.r.o.CachingOperationNameGenerator : Generating unique operation named: invokeUsingGET_17
2022-05-25T11:21:14.95951809Z stdout F 2022-05-25 19:21:14.957  INFO [ts-route-plan-service,,,] 1 --- [           main] .d.s.w.r.o.CachingOperationNameGenerator : Generating unique operation named: invokeUsingPOST_1
2022-05-25T11:21:15.422380459Z stdout F 2022-05-25 19:21:15.421  INFO [ts-route-plan-service,,,] 1 --- [           main] .d.s.w.r.o.CachingOperationNameGenerator : Generating unique operation named: invokeUsingGET_18
2022-05-25T11:21:15.590180883Z stdout F 2022-05-25 19:21:15.589  INFO [ts-route-plan-service,,,] 1 --- [           main] .d.s.w.r.o.CachingOperationNameGenerator : Generating unique operation named: invokeUsingGET_19
2022-05-25T11:21:15.796611245Z stdout F 2022-05-25 19:21:15.795  INFO [ts-route-plan-service,,,] 1 --- [           main] .d.s.w.r.o.CachingOperationNameGenerator : Generating unique operation named: invokeUsingGET_20
2022-05-25T11:21:15.914129071Z stdout F 2022-05-25 19:21:15.913  INFO [ts-route-plan-service,,,] 1 --- [           main] .d.s.w.r.o.CachingOperationNameGenerator : Generating unique operation named: invokeUsingGET_21
2022-05-25T11:21:16.26339082Z stdout F 2022-05-25 19:21:16.223  INFO [ts-route-plan-service,,,] 1 --- [           main] .d.s.w.r.o.CachingOperationNameGenerator : Generating unique operation named: invokeUsingGET_22
2022-05-25T11:21:16.328879004Z stdout F 2022-05-25 19:21:16.328  INFO [ts-route-plan-service,,,] 1 --- [           main] .d.s.w.r.o.CachingOperationNameGenerator : Generating unique operation named: invokeUsingGET_23
2022-05-25T11:21:16.624951884Z stdout F 2022-05-25 19:21:16.604  INFO [ts-route-plan-service,,,] 1 --- [           main] .d.s.w.r.o.CachingOperationNameGenerator : Generating unique operation named: invokeUsingGET_24
2022-05-25T11:21:16.651749949Z stdout F 2022-05-25 19:21:16.651  INFO [ts-route-plan-service,,,] 1 --- [           main] .d.s.w.r.o.CachingOperationNameGenerator : Generating unique operation named: invokeUsingGET_25
2022-05-25T11:21:16.919773616Z stdout F 2022-05-25 19:21:16.919  INFO [ts-route-plan-service,,,] 1 --- [           main] .d.s.w.r.o.CachingOperationNameGenerator : Generating unique operation named: valueUsingGET_1
2022-05-25T11:21:26.143036167Z stdout F 2022-05-25 19:21:25.905  INFO [ts-route-plan-service,,,] 1 --- [           main] s.b.c.e.t.TomcatEmbeddedServletContainer : Tomcat started on port(s): 14578 (http)
2022-05-25T11:21:28.394104795Z stdout F 2022-05-25 19:21:28.391  INFO [ts-route-plan-service,,,] 1 --- [           main] plan.RoutePlanApplication                : Started RoutePlanApplication in 1652.382 seconds (JVM running for 1722.533)
