2022-05-09T11:47:57.112976645Z stdout F 2022-05-09T11:47:57.086762Z	info	Istio iptables environment:
2022-05-09T11:47:57.113072854Z stdout F ENVOY_PORT=
2022-05-09T11:47:57.113086564Z stdout F INBOUND_CAPTURE_PORT=
2022-05-09T11:47:57.113093857Z stdout F ISTIO_INBOUND_INTERCEPTION_MODE=
2022-05-09T11:47:57.113100738Z stdout F ISTIO_INBOUND_TPROXY_ROUTE_TABLE=
2022-05-09T11:47:57.113106308Z stdout F ISTIO_INBOUND_PORTS=
2022-05-09T11:47:57.113112171Z stdout F ISTIO_OUTBOUND_PORTS=
2022-05-09T11:47:57.113117477Z stdout F ISTIO_LOCAL_EXCLUDE_PORTS=
2022-05-09T11:47:57.113122482Z stdout F ISTIO_EXCLUDE_INTERFACES=
2022-05-09T11:47:57.113127545Z stdout F ISTIO_SERVICE_CIDR=
2022-05-09T11:47:57.113132561Z stdout F ISTIO_SERVICE_EXCLUDE_CIDR=
2022-05-09T11:47:57.113137501Z stdout F ISTIO_META_DNS_CAPTURE=
2022-05-09T11:47:57.113142594Z stdout F INVALID_DROP=
2022-05-09T11:47:57.11320399Z stdout F 
2022-05-09T11:47:57.113215394Z stdout F 2022-05-09T11:47:57.108482Z	info	Istio iptables variables:
2022-05-09T11:47:57.1132214Z stdout F PROXY_PORT=15001
2022-05-09T11:47:57.11322743Z stdout F PROXY_INBOUND_CAPTURE_PORT=15006
2022-05-09T11:47:57.113232585Z stdout F PROXY_TUNNEL_PORT=15008
2022-05-09T11:47:57.113237684Z stdout F PROXY_UID=1337
2022-05-09T11:47:57.113243194Z stdout F PROXY_GID=1337
2022-05-09T11:47:57.113256275Z stdout F INBOUND_INTERCEPTION_MODE=REDIRECT
2022-05-09T11:47:57.113264892Z stdout F INBOUND_TPROXY_MARK=1337
2022-05-09T11:47:57.113279293Z stdout F INBOUND_TPROXY_ROUTE_TABLE=133
2022-05-09T11:47:57.113285997Z stdout F INBOUND_PORTS_INCLUDE=*
2022-05-09T11:47:57.113294677Z stdout F INBOUND_PORTS_EXCLUDE=15090,15021,15020
2022-05-09T11:47:57.113306259Z stdout F OUTBOUND_IP_RANGES_INCLUDE=*
2022-05-09T11:47:57.1133118Z stdout F OUTBOUND_IP_RANGES_EXCLUDE=
2022-05-09T11:47:57.113317259Z stdout F OUTBOUND_PORTS_INCLUDE=
2022-05-09T11:47:57.113322419Z stdout F OUTBOUND_PORTS_EXCLUDE=
2022-05-09T11:47:57.113332065Z stdout F KUBE_VIRT_INTERFACES=
2022-05-09T11:47:57.113347144Z stdout F ENABLE_INBOUND_IPV6=false
2022-05-09T11:47:57.113352988Z stdout F DNS_CAPTURE=false
2022-05-09T11:47:57.113357962Z stdout F DROP_INVALID=false
2022-05-09T11:47:57.113362955Z stdout F CAPTURE_ALL_DNS=false
2022-05-09T11:47:57.113367804Z stdout F DNS_SERVERS=[],[]
2022-05-09T11:47:57.113376331Z stdout F OUTPUT_PATH=
2022-05-09T11:47:57.113387983Z stdout F NETWORK_NAMESPACE=
2022-05-09T11:47:57.113393931Z stdout F CNI_MODE=false
2022-05-09T11:47:57.113399543Z stdout F EXCLUDE_INTERFACES=
2022-05-09T11:47:57.113404497Z stdout F 
2022-05-09T11:47:57.11340988Z stdout F 2022-05-09T11:47:57.109121Z	info	Writing following contents to rules file: /tmp/iptables-rules-1652096877108701967.txt4294259011
2022-05-09T11:47:57.113414876Z stdout F * nat
2022-05-09T11:47:57.1134198Z stdout F -N ISTIO_INBOUND
2022-05-09T11:47:57.113424623Z stdout F -N ISTIO_REDIRECT
2022-05-09T11:47:57.113429479Z stdout F -N ISTIO_IN_REDIRECT
2022-05-09T11:47:57.11343421Z stdout F -N ISTIO_OUTPUT
2022-05-09T11:47:57.113439171Z stdout F -A ISTIO_INBOUND -p tcp --dport 15008 -j RETURN
2022-05-09T11:47:57.113444051Z stdout F -A ISTIO_REDIRECT -p tcp -j REDIRECT --to-ports 15001
2022-05-09T11:47:57.113448758Z stdout F -A ISTIO_IN_REDIRECT -p tcp -j REDIRECT --to-ports 15006
2022-05-09T11:47:57.113453477Z stdout F -A PREROUTING -p tcp -j ISTIO_INBOUND
2022-05-09T11:47:57.113457809Z stdout F -A ISTIO_INBOUND -p tcp --dport 15090 -j RETURN
2022-05-09T11:47:57.113462513Z stdout F -A ISTIO_INBOUND -p tcp --dport 15021 -j RETURN
2022-05-09T11:47:57.11346708Z stdout F -A ISTIO_INBOUND -p tcp --dport 15020 -j RETURN
2022-05-09T11:47:57.11347146Z stdout F -A ISTIO_INBOUND -p tcp -j ISTIO_IN_REDIRECT
2022-05-09T11:47:57.113476108Z stdout F -A OUTPUT -p tcp -j ISTIO_OUTPUT
2022-05-09T11:47:57.113480601Z stdout F -A ISTIO_OUTPUT -o lo -s 127.0.0.6/32 -j RETURN
2022-05-09T11:47:57.11348844Z stdout F -A ISTIO_OUTPUT -o lo ! -d 127.0.0.1/32 -m owner --uid-owner 1337 -j ISTIO_IN_REDIRECT
2022-05-09T11:47:57.113493499Z stdout F -A ISTIO_OUTPUT -o lo -m owner ! --uid-owner 1337 -j RETURN
2022-05-09T11:47:57.113498721Z stdout F -A ISTIO_OUTPUT -m owner --uid-owner 1337 -j RETURN
2022-05-09T11:47:57.113550795Z stdout F -A ISTIO_OUTPUT -o lo ! -d 127.0.0.1/32 -m owner --gid-owner 1337 -j ISTIO_IN_REDIRECT
2022-05-09T11:47:57.113559863Z stdout F -A ISTIO_OUTPUT -o lo -m owner ! --gid-owner 1337 -j RETURN
2022-05-09T11:47:57.113564955Z stdout F -A ISTIO_OUTPUT -m owner --gid-owner 1337 -j RETURN
2022-05-09T11:47:57.113569687Z stdout F -A ISTIO_OUTPUT -d 127.0.0.1/32 -j RETURN
2022-05-09T11:47:57.113574951Z stdout F -A ISTIO_OUTPUT -j ISTIO_REDIRECT
2022-05-09T11:47:57.113580169Z stdout F COMMIT
2022-05-09T11:47:57.113585737Z stdout F 2022-05-09T11:47:57.109241Z	info	Running command: iptables-restore --noflush /tmp/iptables-rules-1652096877108701967.txt4294259011
2022-05-09T11:47:57.14243435Z stdout F 2022-05-09T11:47:57.139432Z	info	Writing following contents to rules file: /tmp/ip6tables-rules-1652096877139218384.txt3914695189
2022-05-09T11:47:57.142474388Z stdout F 
2022-05-09T11:47:57.142565307Z stdout F 2022-05-09T11:47:57.139624Z	info	Running command: ip6tables-restore --noflush /tmp/ip6tables-rules-1652096877139218384.txt3914695189
2022-05-09T11:47:57.154879771Z stdout F 2022-05-09T11:47:57.152134Z	info	Running command: iptables-save 
2022-05-09T11:47:57.176537903Z stdout F 2022-05-09T11:47:57.169055Z	info	Command output: 
2022-05-09T11:47:57.176595357Z stdout F # Generated by iptables-save v1.8.4 on Mon May  9 11:47:57 2022
2022-05-09T11:47:57.176606265Z stdout F *nat
2022-05-09T11:47:57.176613591Z stdout F :PREROUTING ACCEPT [0:0]
2022-05-09T11:47:57.176618919Z stdout F :INPUT ACCEPT [0:0]
2022-05-09T11:47:57.176623716Z stdout F :OUTPUT ACCEPT [0:0]
2022-05-09T11:47:57.176629048Z stdout F :POSTROUTING ACCEPT [0:0]
2022-05-09T11:47:57.176634319Z stdout F :ISTIO_INBOUND - [0:0]
2022-05-09T11:47:57.176639149Z stdout F :ISTIO_IN_REDIRECT - [0:0]
2022-05-09T11:47:57.176644233Z stdout F :ISTIO_OUTPUT - [0:0]
2022-05-09T11:47:57.176648959Z stdout F :ISTIO_REDIRECT - [0:0]
2022-05-09T11:47:57.176654491Z stdout F -A PREROUTING -p tcp -j ISTIO_INBOUND
2022-05-09T11:47:57.176659448Z stdout F -A OUTPUT -p tcp -j ISTIO_OUTPUT
2022-05-09T11:47:57.176664341Z stdout F -A ISTIO_INBOUND -p tcp -m tcp --dport 15008 -j RETURN
2022-05-09T11:47:57.176669442Z stdout F -A ISTIO_INBOUND -p tcp -m tcp --dport 15090 -j RETURN
2022-05-09T11:47:57.176674074Z stdout F -A ISTIO_INBOUND -p tcp -m tcp --dport 15021 -j RETURN
2022-05-09T11:47:57.176679105Z stdout F -A ISTIO_INBOUND -p tcp -m tcp --dport 15020 -j RETURN
2022-05-09T11:47:57.176684082Z stdout F -A ISTIO_INBOUND -p tcp -j ISTIO_IN_REDIRECT
2022-05-09T11:47:57.176689277Z stdout F -A ISTIO_IN_REDIRECT -p tcp -j REDIRECT --to-ports 15006
2022-05-09T11:47:57.176694326Z stdout F -A ISTIO_OUTPUT -s 127.0.0.6/32 -o lo -j RETURN
2022-05-09T11:47:57.176699615Z stdout F -A ISTIO_OUTPUT ! -d 127.0.0.1/32 -o lo -m owner --uid-owner 1337 -j ISTIO_IN_REDIRECT
2022-05-09T11:47:57.176704659Z stdout F -A ISTIO_OUTPUT -o lo -m owner ! --uid-owner 1337 -j RETURN
2022-05-09T11:47:57.176715753Z stdout F -A ISTIO_OUTPUT -m owner --uid-owner 1337 -j RETURN
2022-05-09T11:47:57.176731319Z stdout F -A ISTIO_OUTPUT ! -d 127.0.0.1/32 -o lo -m owner --gid-owner 1337 -j ISTIO_IN_REDIRECT
2022-05-09T11:47:57.176739069Z stdout F -A ISTIO_OUTPUT -o lo -m owner ! --gid-owner 1337 -j RETURN
2022-05-09T11:47:57.17674456Z stdout F -A ISTIO_OUTPUT -m owner --gid-owner 1337 -j RETURN
2022-05-09T11:47:57.176757619Z stdout F -A ISTIO_OUTPUT -d 127.0.0.1/32 -j RETURN
2022-05-09T11:47:57.176835246Z stdout F -A ISTIO_OUTPUT -j ISTIO_REDIRECT
2022-05-09T11:47:57.176851716Z stdout F -A ISTIO_REDIRECT -p tcp -j REDIRECT --to-ports 15001
2022-05-09T11:47:57.176861986Z stdout F COMMIT
2022-05-09T11:47:57.176874061Z stdout F # Completed on Mon May  9 11:47:57 2022
2022-05-09T11:47:57.176879615Z stdout F 
