2022-04-30T04:28:25.214347149Z stdout F 2022-04-30T04:28:25.213813Z	info	Istio iptables environment:
2022-04-30T04:28:25.214392343Z stdout F ENVOY_PORT=
2022-04-30T04:28:25.214399719Z stdout F INBOUND_CAPTURE_PORT=
2022-04-30T04:28:25.214404519Z stdout F ISTIO_INBOUND_INTERCEPTION_MODE=
2022-04-30T04:28:25.214409053Z stdout F ISTIO_INBOUND_TPROXY_ROUTE_TABLE=
2022-04-30T04:28:25.214413638Z stdout F ISTIO_INBOUND_PORTS=
2022-04-30T04:28:25.214417663Z stdout F ISTIO_OUTBOUND_PORTS=
2022-04-30T04:28:25.214421647Z stdout F ISTIO_LOCAL_EXCLUDE_PORTS=
2022-04-30T04:28:25.214425424Z stdout F ISTIO_EXCLUDE_INTERFACES=
2022-04-30T04:28:25.214429254Z stdout F ISTIO_SERVICE_CIDR=
2022-04-30T04:28:25.214433585Z stdout F ISTIO_SERVICE_EXCLUDE_CIDR=
2022-04-30T04:28:25.214437533Z stdout F ISTIO_META_DNS_CAPTURE=
2022-04-30T04:28:25.214503779Z stdout F INVALID_DROP=
2022-04-30T04:28:25.214508885Z stdout F 
2022-04-30T04:28:25.214513151Z stdout F 2022-04-30T04:28:25.213906Z	info	Istio iptables variables:
2022-04-30T04:28:25.214517445Z stdout F PROXY_PORT=15001
2022-04-30T04:28:25.214521881Z stdout F PROXY_INBOUND_CAPTURE_PORT=15006
2022-04-30T04:28:25.214528394Z stdout F PROXY_TUNNEL_PORT=15008
2022-04-30T04:28:25.214532415Z stdout F PROXY_UID=1337
2022-04-30T04:28:25.214536528Z stdout F PROXY_GID=1337
2022-04-30T04:28:25.214540359Z stdout F INBOUND_INTERCEPTION_MODE=REDIRECT
2022-04-30T04:28:25.214544077Z stdout F INBOUND_TPROXY_MARK=1337
2022-04-30T04:28:25.214547878Z stdout F INBOUND_TPROXY_ROUTE_TABLE=133
2022-04-30T04:28:25.214551565Z stdout F INBOUND_PORTS_INCLUDE=*
2022-04-30T04:28:25.214555596Z stdout F INBOUND_PORTS_EXCLUDE=15090,15021,15020
2022-04-30T04:28:25.21455969Z stdout F OUTBOUND_IP_RANGES_INCLUDE=*
2022-04-30T04:28:25.21456348Z stdout F OUTBOUND_IP_RANGES_EXCLUDE=
2022-04-30T04:28:25.214567093Z stdout F OUTBOUND_PORTS_INCLUDE=
2022-04-30T04:28:25.214570992Z stdout F OUTBOUND_PORTS_EXCLUDE=
2022-04-30T04:28:25.214575045Z stdout F KUBE_VIRT_INTERFACES=
2022-04-30T04:28:25.214579125Z stdout F ENABLE_INBOUND_IPV6=false
2022-04-30T04:28:25.214583057Z stdout F DNS_CAPTURE=false
2022-04-30T04:28:25.214586952Z stdout F DROP_INVALID=false
2022-04-30T04:28:25.214591023Z stdout F CAPTURE_ALL_DNS=false
2022-04-30T04:28:25.214595384Z stdout F DNS_SERVERS=[],[]
2022-04-30T04:28:25.214599292Z stdout F OUTPUT_PATH=
2022-04-30T04:28:25.214603452Z stdout F NETWORK_NAMESPACE=
2022-04-30T04:28:25.214607522Z stdout F CNI_MODE=false
2022-04-30T04:28:25.214611669Z stdout F EXCLUDE_INTERFACES=
2022-04-30T04:28:25.214615587Z stdout F 
2022-04-30T04:28:25.223698771Z stdout F 2022-04-30T04:28:25.218767Z	info	Writing following contents to rules file: /tmp/iptables-rules-1651292905213973369.txt3890183705
2022-04-30T04:28:25.22373523Z stdout F * nat
2022-04-30T04:28:25.223742328Z stdout F -N ISTIO_INBOUND
2022-04-30T04:28:25.2237483Z stdout F -N ISTIO_REDIRECT
2022-04-30T04:28:25.223752534Z stdout F -N ISTIO_IN_REDIRECT
2022-04-30T04:28:25.22376375Z stdout F -N ISTIO_OUTPUT
2022-04-30T04:28:25.223778416Z stdout F -A ISTIO_INBOUND -p tcp --dport 15008 -j RETURN
2022-04-30T04:28:25.223785964Z stdout F -A ISTIO_REDIRECT -p tcp -j REDIRECT --to-ports 15001
2022-04-30T04:28:25.223790463Z stdout F -A ISTIO_IN_REDIRECT -p tcp -j REDIRECT --to-ports 15006
2022-04-30T04:28:25.223794394Z stdout F -A PREROUTING -p tcp -j ISTIO_INBOUND
2022-04-30T04:28:25.223798693Z stdout F -A ISTIO_INBOUND -p tcp --dport 15090 -j RETURN
2022-04-30T04:28:25.223803271Z stdout F -A ISTIO_INBOUND -p tcp --dport 15021 -j RETURN
2022-04-30T04:28:25.223807619Z stdout F -A ISTIO_INBOUND -p tcp --dport 15020 -j RETURN
2022-04-30T04:28:25.22381154Z stdout F -A ISTIO_INBOUND -p tcp -j ISTIO_IN_REDIRECT
2022-04-30T04:28:25.223816793Z stdout F -A OUTPUT -p tcp -j ISTIO_OUTPUT
2022-04-30T04:28:25.223821155Z stdout F -A ISTIO_OUTPUT -o lo -s 127.0.0.6/32 -j RETURN
2022-04-30T04:28:25.22382665Z stdout F -A ISTIO_OUTPUT -o lo ! -d 127.0.0.1/32 -m owner --uid-owner 1337 -j ISTIO_IN_REDIRECT
2022-04-30T04:28:25.223830923Z stdout F -A ISTIO_OUTPUT -o lo -m owner ! --uid-owner 1337 -j RETURN
2022-04-30T04:28:25.223835276Z stdout F -A ISTIO_OUTPUT -m owner --uid-owner 1337 -j RETURN
2022-04-30T04:28:25.223857528Z stdout F -A ISTIO_OUTPUT -o lo ! -d 127.0.0.1/32 -m owner --gid-owner 1337 -j ISTIO_IN_REDIRECT
2022-04-30T04:28:25.223869543Z stdout F -A ISTIO_OUTPUT -o lo -m owner ! --gid-owner 1337 -j RETURN
2022-04-30T04:28:25.223883972Z stdout F -A ISTIO_OUTPUT -m owner --gid-owner 1337 -j RETURN
2022-04-30T04:28:25.22389326Z stdout F -A ISTIO_OUTPUT -d 127.0.0.1/32 -j RETURN
2022-04-30T04:28:25.223902978Z stdout F -A ISTIO_OUTPUT -j ISTIO_REDIRECT
2022-04-30T04:28:25.223911441Z stdout F COMMIT
2022-04-30T04:28:25.223917852Z stdout F 2022-04-30T04:28:25.218855Z	info	Running command: iptables-restore --noflush /tmp/iptables-rules-1651292905213973369.txt3890183705
2022-04-30T04:28:25.273641256Z stdout F 2022-04-30T04:28:25.265102Z	info	Writing following contents to rules file: /tmp/ip6tables-rules-1651292905265033658.txt2152543690
2022-04-30T04:28:25.273659016Z stdout F 
2022-04-30T04:28:25.273664664Z stdout F 2022-04-30T04:28:25.265137Z	info	Running command: ip6tables-restore --noflush /tmp/ip6tables-rules-1651292905265033658.txt2152543690
2022-04-30T04:28:25.27366986Z stdout F 2022-04-30T04:28:25.270714Z	info	Running command: iptables-save 
2022-04-30T04:28:25.281021336Z stdout F 2022-04-30T04:28:25.278315Z	info	Command output: 
2022-04-30T04:28:25.281052323Z stdout F # Generated by iptables-save v1.8.4 on Sat Apr 30 04:28:25 2022
2022-04-30T04:28:25.281056931Z stdout F *nat
2022-04-30T04:28:25.281060286Z stdout F :PREROUTING ACCEPT [0:0]
2022-04-30T04:28:25.281062975Z stdout F :INPUT ACCEPT [0:0]
2022-04-30T04:28:25.281065592Z stdout F :OUTPUT ACCEPT [0:0]
2022-04-30T04:28:25.281068818Z stdout F :POSTROUTING ACCEPT [0:0]
2022-04-30T04:28:25.281071455Z stdout F :ISTIO_INBOUND - [0:0]
2022-04-30T04:28:25.281074082Z stdout F :ISTIO_IN_REDIRECT - [0:0]
2022-04-30T04:28:25.28107669Z stdout F :ISTIO_OUTPUT - [0:0]
2022-04-30T04:28:25.281082594Z stdout F :ISTIO_REDIRECT - [0:0]
2022-04-30T04:28:25.281085825Z stdout F -A PREROUTING -p tcp -j ISTIO_INBOUND
2022-04-30T04:28:25.281088492Z stdout F -A OUTPUT -p tcp -j ISTIO_OUTPUT
2022-04-30T04:28:25.281091089Z stdout F -A ISTIO_INBOUND -p tcp -m tcp --dport 15008 -j RETURN
2022-04-30T04:28:25.281093702Z stdout F -A ISTIO_INBOUND -p tcp -m tcp --dport 15090 -j RETURN
2022-04-30T04:28:25.281096253Z stdout F -A ISTIO_INBOUND -p tcp -m tcp --dport 15021 -j RETURN
2022-04-30T04:28:25.281098815Z stdout F -A ISTIO_INBOUND -p tcp -m tcp --dport 15020 -j RETURN
2022-04-30T04:28:25.281101385Z stdout F -A ISTIO_INBOUND -p tcp -j ISTIO_IN_REDIRECT
2022-04-30T04:28:25.281103947Z stdout F -A ISTIO_IN_REDIRECT -p tcp -j REDIRECT --to-ports 15006
2022-04-30T04:28:25.281106451Z stdout F -A ISTIO_OUTPUT -s 127.0.0.6/32 -o lo -j RETURN
2022-04-30T04:28:25.281147754Z stdout F -A ISTIO_OUTPUT ! -d 127.0.0.1/32 -o lo -m owner --uid-owner 1337 -j ISTIO_IN_REDIRECT
2022-04-30T04:28:25.281151254Z stdout F -A ISTIO_OUTPUT -o lo -m owner ! --uid-owner 1337 -j RETURN
2022-04-30T04:28:25.281153809Z stdout F -A ISTIO_OUTPUT -m owner --uid-owner 1337 -j RETURN
2022-04-30T04:28:25.281156438Z stdout F -A ISTIO_OUTPUT ! -d 127.0.0.1/32 -o lo -m owner --gid-owner 1337 -j ISTIO_IN_REDIRECT
2022-04-30T04:28:25.281159113Z stdout F -A ISTIO_OUTPUT -o lo -m owner ! --gid-owner 1337 -j RETURN
2022-04-30T04:28:25.281161986Z stdout F -A ISTIO_OUTPUT -m owner --gid-owner 1337 -j RETURN
2022-04-30T04:28:25.281164629Z stdout F -A ISTIO_OUTPUT -d 127.0.0.1/32 -j RETURN
2022-04-30T04:28:25.281167242Z stdout F -A ISTIO_OUTPUT -j ISTIO_REDIRECT
2022-04-30T04:28:25.281170271Z stdout F -A ISTIO_REDIRECT -p tcp -j REDIRECT --to-ports 15001
2022-04-30T04:28:25.281173244Z stdout F COMMIT
2022-04-30T04:28:25.281175958Z stdout F # Completed on Sat Apr 30 04:28:25 2022
2022-04-30T04:28:25.281178432Z stdout F 
