2022-05-25T12:11:47.345337986Z stdout F 2022-05-25T12:11:47.340960Z	info	Istio iptables environment:
2022-05-25T12:11:47.345390024Z stdout F ENVOY_PORT=
2022-05-25T12:11:47.345397017Z stdout F INBOUND_CAPTURE_PORT=
2022-05-25T12:11:47.345402076Z stdout F ISTIO_INBOUND_INTERCEPTION_MODE=
2022-05-25T12:11:47.345407028Z stdout F ISTIO_INBOUND_TPROXY_ROUTE_TABLE=
2022-05-25T12:11:47.345411283Z stdout F ISTIO_INBOUND_PORTS=
2022-05-25T12:11:47.345415568Z stdout F ISTIO_OUTBOUND_PORTS=
2022-05-25T12:11:47.345419715Z stdout F ISTIO_LOCAL_EXCLUDE_PORTS=
2022-05-25T12:11:47.34542383Z stdout F ISTIO_EXCLUDE_INTERFACES=
2022-05-25T12:11:47.345428028Z stdout F ISTIO_SERVICE_CIDR=
2022-05-25T12:11:47.345432145Z stdout F ISTIO_SERVICE_EXCLUDE_CIDR=
2022-05-25T12:11:47.345436344Z stdout F ISTIO_META_DNS_CAPTURE=
2022-05-25T12:11:47.345471766Z stdout F INVALID_DROP=
2022-05-25T12:11:47.345512748Z stdout F 
2022-05-25T12:11:47.3455223Z stdout F 2022-05-25T12:11:47.341051Z	info	Istio iptables variables:
2022-05-25T12:11:47.345527575Z stdout F PROXY_PORT=15001
2022-05-25T12:11:47.345532148Z stdout F PROXY_INBOUND_CAPTURE_PORT=15006
2022-05-25T12:11:47.345536526Z stdout F PROXY_TUNNEL_PORT=15008
2022-05-25T12:11:47.345540744Z stdout F PROXY_UID=1337
2022-05-25T12:11:47.345544997Z stdout F PROXY_GID=1337
2022-05-25T12:11:47.345549457Z stdout F INBOUND_INTERCEPTION_MODE=REDIRECT
2022-05-25T12:11:47.345553698Z stdout F INBOUND_TPROXY_MARK=1337
2022-05-25T12:11:47.345558041Z stdout F INBOUND_TPROXY_ROUTE_TABLE=133
2022-05-25T12:11:47.345562294Z stdout F INBOUND_PORTS_INCLUDE=*
2022-05-25T12:11:47.345566414Z stdout F INBOUND_PORTS_EXCLUDE=15090,15021,15020
2022-05-25T12:11:47.345570598Z stdout F OUTBOUND_IP_RANGES_INCLUDE=*
2022-05-25T12:11:47.345574656Z stdout F OUTBOUND_IP_RANGES_EXCLUDE=
2022-05-25T12:11:47.345639215Z stdout F OUTBOUND_PORTS_INCLUDE=
2022-05-25T12:11:47.345657397Z stdout F OUTBOUND_PORTS_EXCLUDE=
2022-05-25T12:11:47.345665465Z stdout F KUBE_VIRT_INTERFACES=
2022-05-25T12:11:47.345670221Z stdout F ENABLE_INBOUND_IPV6=false
2022-05-25T12:11:47.345674496Z stdout F DNS_CAPTURE=false
2022-05-25T12:11:47.345678784Z stdout F DROP_INVALID=false
2022-05-25T12:11:47.345683116Z stdout F CAPTURE_ALL_DNS=false
2022-05-25T12:11:47.345687379Z stdout F DNS_SERVERS=[],[]
2022-05-25T12:11:47.345691777Z stdout F OUTPUT_PATH=
2022-05-25T12:11:47.345696145Z stdout F NETWORK_NAMESPACE=
2022-05-25T12:11:47.345700401Z stdout F CNI_MODE=false
2022-05-25T12:11:47.345704823Z stdout F EXCLUDE_INTERFACES=
2022-05-25T12:11:47.345708863Z stdout F 
2022-05-25T12:11:47.345713503Z stdout F 2022-05-25T12:11:47.341567Z	info	Writing following contents to rules file: /tmp/iptables-rules-1653480707341119804.txt891640302
2022-05-25T12:11:47.345717906Z stdout F * nat
2022-05-25T12:11:47.345722176Z stdout F -N ISTIO_INBOUND
2022-05-25T12:11:47.345726512Z stdout F -N ISTIO_REDIRECT
2022-05-25T12:11:47.345730818Z stdout F -N ISTIO_IN_REDIRECT
2022-05-25T12:11:47.34573502Z stdout F -N ISTIO_OUTPUT
2022-05-25T12:11:47.345739621Z stdout F -A ISTIO_INBOUND -p tcp --dport 15008 -j RETURN
2022-05-25T12:11:47.34574396Z stdout F -A ISTIO_REDIRECT -p tcp -j REDIRECT --to-ports 15001
2022-05-25T12:11:47.345748238Z stdout F -A ISTIO_IN_REDIRECT -p tcp -j REDIRECT --to-ports 15006
2022-05-25T12:11:47.345752536Z stdout F -A PREROUTING -p tcp -j ISTIO_INBOUND
2022-05-25T12:11:47.345756835Z stdout F -A ISTIO_INBOUND -p tcp --dport 15090 -j RETURN
2022-05-25T12:11:47.345774988Z stdout F -A ISTIO_INBOUND -p tcp --dport 15021 -j RETURN
2022-05-25T12:11:47.34577945Z stdout F -A ISTIO_INBOUND -p tcp --dport 15020 -j RETURN
2022-05-25T12:11:47.345783753Z stdout F -A ISTIO_INBOUND -p tcp -j ISTIO_IN_REDIRECT
2022-05-25T12:11:47.345788105Z stdout F -A OUTPUT -p tcp -j ISTIO_OUTPUT
2022-05-25T12:11:47.345792403Z stdout F -A ISTIO_OUTPUT -o lo -s 127.0.0.6/32 -j RETURN
2022-05-25T12:11:47.345797044Z stdout F -A ISTIO_OUTPUT -o lo ! -d 127.0.0.1/32 -m owner --uid-owner 1337 -j ISTIO_IN_REDIRECT
2022-05-25T12:11:47.345801128Z stdout F -A ISTIO_OUTPUT -o lo -m owner ! --uid-owner 1337 -j RETURN
2022-05-25T12:11:47.345805493Z stdout F -A ISTIO_OUTPUT -m owner --uid-owner 1337 -j RETURN
2022-05-25T12:11:47.345820621Z stdout F -A ISTIO_OUTPUT -o lo ! -d 127.0.0.1/32 -m owner --gid-owner 1337 -j ISTIO_IN_REDIRECT
2022-05-25T12:11:47.345825615Z stdout F -A ISTIO_OUTPUT -o lo -m owner ! --gid-owner 1337 -j RETURN
2022-05-25T12:11:47.345830036Z stdout F -A ISTIO_OUTPUT -m owner --gid-owner 1337 -j RETURN
2022-05-25T12:11:47.345834432Z stdout F -A ISTIO_OUTPUT -d 127.0.0.1/32 -j RETURN
2022-05-25T12:11:47.345838547Z stdout F -A ISTIO_OUTPUT -j ISTIO_REDIRECT
2022-05-25T12:11:47.345842772Z stdout F COMMIT
2022-05-25T12:11:47.345847586Z stdout F 2022-05-25T12:11:47.341716Z	info	Running command: iptables-restore --noflush /tmp/iptables-rules-1653480707341119804.txt891640302
2022-05-25T12:11:48.963771224Z stdout F 2022-05-25T12:11:48.958690Z	info	Writing following contents to rules file: /tmp/ip6tables-rules-1653480708835211447.txt3454958796
2022-05-25T12:11:48.963806864Z stdout F 
2022-05-25T12:11:48.963814135Z stdout F 2022-05-25T12:11:48.958824Z	info	Running command: ip6tables-restore --noflush /tmp/ip6tables-rules-1653480708835211447.txt3454958796
2022-05-25T12:11:49.249896066Z stdout F 2022-05-25T12:11:49.247833Z	info	Running command: iptables-save 
2022-05-25T12:11:49.47070332Z stdout F 2022-05-25T12:11:49.464949Z	info	Command output: 
2022-05-25T12:11:49.470770104Z stdout F # Generated by iptables-save v1.8.4 on Wed May 25 12:11:49 2022
2022-05-25T12:11:49.470850207Z stdout F *nat
2022-05-25T12:11:49.470969389Z stdout F :PREROUTING ACCEPT [0:0]
2022-05-25T12:11:49.470984299Z stdout F :INPUT ACCEPT [0:0]
2022-05-25T12:11:49.471019577Z stdout F :OUTPUT ACCEPT [0:0]
2022-05-25T12:11:49.471030035Z stdout F :POSTROUTING ACCEPT [0:0]
2022-05-25T12:11:49.471035323Z stdout F :ISTIO_INBOUND - [0:0]
2022-05-25T12:11:49.471039449Z stdout F :ISTIO_IN_REDIRECT - [0:0]
2022-05-25T12:11:49.471043533Z stdout F :ISTIO_OUTPUT - [0:0]
2022-05-25T12:11:49.471047473Z stdout F :ISTIO_REDIRECT - [0:0]
2022-05-25T12:11:49.471052449Z stdout F -A PREROUTING -p tcp -j ISTIO_INBOUND
2022-05-25T12:11:49.471074482Z stdout F -A OUTPUT -p tcp -j ISTIO_OUTPUT
2022-05-25T12:11:49.47108037Z stdout F -A ISTIO_INBOUND -p tcp -m tcp --dport 15008 -j RETURN
2022-05-25T12:11:49.471084878Z stdout F -A ISTIO_INBOUND -p tcp -m tcp --dport 15090 -j RETURN
2022-05-25T12:11:49.471088562Z stdout F -A ISTIO_INBOUND -p tcp -m tcp --dport 15021 -j RETURN
2022-05-25T12:11:49.471110394Z stdout F -A ISTIO_INBOUND -p tcp -m tcp --dport 15020 -j RETURN
2022-05-25T12:11:49.471151775Z stdout F -A ISTIO_INBOUND -p tcp -j ISTIO_IN_REDIRECT
2022-05-25T12:11:49.471197917Z stdout F -A ISTIO_IN_REDIRECT -p tcp -j REDIRECT --to-ports 15006
2022-05-25T12:11:49.47120917Z stdout F -A ISTIO_OUTPUT -s 127.0.0.6/32 -o lo -j RETURN
2022-05-25T12:11:49.471228749Z stdout F -A ISTIO_OUTPUT ! -d 127.0.0.1/32 -o lo -m owner --uid-owner 1337 -j ISTIO_IN_REDIRECT
2022-05-25T12:11:49.471235508Z stdout F -A ISTIO_OUTPUT -o lo -m owner ! --uid-owner 1337 -j RETURN
2022-05-25T12:11:49.471239843Z stdout F -A ISTIO_OUTPUT -m owner --uid-owner 1337 -j RETURN
2022-05-25T12:11:49.471253074Z stdout F -A ISTIO_OUTPUT ! -d 127.0.0.1/32 -o lo -m owner --gid-owner 1337 -j ISTIO_IN_REDIRECT
2022-05-25T12:11:49.471262112Z stdout F -A ISTIO_OUTPUT -o lo -m owner ! --gid-owner 1337 -j RETURN
2022-05-25T12:11:49.47127693Z stdout F -A ISTIO_OUTPUT -m owner --gid-owner 1337 -j RETURN
2022-05-25T12:11:49.471285568Z stdout F -A ISTIO_OUTPUT -d 127.0.0.1/32 -j RETURN
2022-05-25T12:11:49.471302249Z stdout F -A ISTIO_OUTPUT -j ISTIO_REDIRECT
2022-05-25T12:11:49.471309143Z stdout F -A ISTIO_REDIRECT -p tcp -j REDIRECT --to-ports 15001
2022-05-25T12:11:49.471314332Z stdout F COMMIT
2022-05-25T12:11:49.471318702Z stdout F # Completed on Wed May 25 12:11:49 2022
2022-05-25T12:11:49.471333183Z stdout F 
