2022-05-09T21:46:27.4210163Z stdout F 2022-05-09T21:46:27.398486Z	info	Istio iptables environment:
2022-05-09T21:46:27.421128309Z stdout F ENVOY_PORT=
2022-05-09T21:46:27.421147977Z stdout F INBOUND_CAPTURE_PORT=
2022-05-09T21:46:27.421160307Z stdout F ISTIO_INBOUND_INTERCEPTION_MODE=
2022-05-09T21:46:27.421170366Z stdout F ISTIO_INBOUND_TPROXY_ROUTE_TABLE=
2022-05-09T21:46:27.421179618Z stdout F ISTIO_INBOUND_PORTS=
2022-05-09T21:46:27.421188725Z stdout F ISTIO_OUTBOUND_PORTS=
2022-05-09T21:46:27.421197699Z stdout F ISTIO_LOCAL_EXCLUDE_PORTS=
2022-05-09T21:46:27.421206318Z stdout F ISTIO_EXCLUDE_INTERFACES=
2022-05-09T21:46:27.421216685Z stdout F ISTIO_SERVICE_CIDR=
2022-05-09T21:46:27.421226239Z stdout F ISTIO_SERVICE_EXCLUDE_CIDR=
2022-05-09T21:46:27.421241191Z stdout F ISTIO_META_DNS_CAPTURE=
2022-05-09T21:46:27.421250989Z stdout F INVALID_DROP=
2022-05-09T21:46:27.421259787Z stdout F 
2022-05-09T21:46:27.421269146Z stdout F 2022-05-09T21:46:27.416503Z	info	Istio iptables variables:
2022-05-09T21:46:27.421278217Z stdout F PROXY_PORT=15001
2022-05-09T21:46:27.421287511Z stdout F PROXY_INBOUND_CAPTURE_PORT=15006
2022-05-09T21:46:27.421296538Z stdout F PROXY_TUNNEL_PORT=15008
2022-05-09T21:46:27.421305577Z stdout F PROXY_UID=1337
2022-05-09T21:46:27.421315235Z stdout F PROXY_GID=1337
2022-05-09T21:46:27.421324678Z stdout F INBOUND_INTERCEPTION_MODE=REDIRECT
2022-05-09T21:46:27.421333881Z stdout F INBOUND_TPROXY_MARK=1337
2022-05-09T21:46:27.421343589Z stdout F INBOUND_TPROXY_ROUTE_TABLE=133
2022-05-09T21:46:27.421352708Z stdout F INBOUND_PORTS_INCLUDE=*
2022-05-09T21:46:27.421361723Z stdout F INBOUND_PORTS_EXCLUDE=15090,15021,15020
2022-05-09T21:46:27.421370325Z stdout F OUTBOUND_IP_RANGES_INCLUDE=*
2022-05-09T21:46:27.421379184Z stdout F OUTBOUND_IP_RANGES_EXCLUDE=
2022-05-09T21:46:27.421388496Z stdout F OUTBOUND_PORTS_INCLUDE=
2022-05-09T21:46:27.421397596Z stdout F OUTBOUND_PORTS_EXCLUDE=
2022-05-09T21:46:27.421406426Z stdout F KUBE_VIRT_INTERFACES=
2022-05-09T21:46:27.421414967Z stdout F ENABLE_INBOUND_IPV6=false
2022-05-09T21:46:27.421423337Z stdout F DNS_CAPTURE=false
2022-05-09T21:46:27.421431743Z stdout F DROP_INVALID=false
2022-05-09T21:46:27.42144032Z stdout F CAPTURE_ALL_DNS=false
2022-05-09T21:46:27.421449672Z stdout F DNS_SERVERS=[],[]
2022-05-09T21:46:27.421459973Z stdout F OUTPUT_PATH=
2022-05-09T21:46:27.421470105Z stdout F NETWORK_NAMESPACE=
2022-05-09T21:46:27.421479381Z stdout F CNI_MODE=false
2022-05-09T21:46:27.421487836Z stdout F EXCLUDE_INTERFACES=
2022-05-09T21:46:27.421496539Z stdout F 
2022-05-09T21:46:27.42150614Z stdout F 2022-05-09T21:46:27.417604Z	info	Writing following contents to rules file: /tmp/iptables-rules-1652132787416925418.txt4083167977
2022-05-09T21:46:27.421514804Z stdout F * nat
2022-05-09T21:46:27.42152407Z stdout F -N ISTIO_INBOUND
2022-05-09T21:46:27.421532705Z stdout F -N ISTIO_REDIRECT
2022-05-09T21:46:27.421541312Z stdout F -N ISTIO_IN_REDIRECT
2022-05-09T21:46:27.42155028Z stdout F -N ISTIO_OUTPUT
2022-05-09T21:46:27.421559853Z stdout F -A ISTIO_INBOUND -p tcp --dport 15008 -j RETURN
2022-05-09T21:46:27.421568872Z stdout F -A ISTIO_REDIRECT -p tcp -j REDIRECT --to-ports 15001
2022-05-09T21:46:27.42157747Z stdout F -A ISTIO_IN_REDIRECT -p tcp -j REDIRECT --to-ports 15006
2022-05-09T21:46:27.421585965Z stdout F -A PREROUTING -p tcp -j ISTIO_INBOUND
2022-05-09T21:46:27.421594169Z stdout F -A ISTIO_INBOUND -p tcp --dport 15090 -j RETURN
2022-05-09T21:46:27.421602721Z stdout F -A ISTIO_INBOUND -p tcp --dport 15021 -j RETURN
2022-05-09T21:46:27.421611134Z stdout F -A ISTIO_INBOUND -p tcp --dport 15020 -j RETURN
2022-05-09T21:46:27.42162017Z stdout F -A ISTIO_INBOUND -p tcp -j ISTIO_IN_REDIRECT
2022-05-09T21:46:27.421629111Z stdout F -A OUTPUT -p tcp -j ISTIO_OUTPUT
2022-05-09T21:46:27.421637338Z stdout F -A ISTIO_OUTPUT -o lo -s 127.0.0.6/32 -j RETURN
2022-05-09T21:46:27.421839499Z stdout F -A ISTIO_OUTPUT -o lo ! -d 127.0.0.1/32 -m owner --uid-owner 1337 -j ISTIO_IN_REDIRECT
2022-05-09T21:46:27.421854733Z stdout F -A ISTIO_OUTPUT -o lo -m owner ! --uid-owner 1337 -j RETURN
2022-05-09T21:46:27.421864564Z stdout F -A ISTIO_OUTPUT -m owner --uid-owner 1337 -j RETURN
2022-05-09T21:46:27.421898986Z stdout F -A ISTIO_OUTPUT -o lo ! -d 127.0.0.1/32 -m owner --gid-owner 1337 -j ISTIO_IN_REDIRECT
2022-05-09T21:46:27.421911136Z stdout F -A ISTIO_OUTPUT -o lo -m owner ! --gid-owner 1337 -j RETURN
2022-05-09T21:46:27.421921422Z stdout F -A ISTIO_OUTPUT -m owner --gid-owner 1337 -j RETURN
2022-05-09T21:46:27.421931324Z stdout F -A ISTIO_OUTPUT -d 127.0.0.1/32 -j RETURN
2022-05-09T21:46:27.421940354Z stdout F -A ISTIO_OUTPUT -j ISTIO_REDIRECT
2022-05-09T21:46:27.421949143Z stdout F COMMIT
2022-05-09T21:46:27.421959153Z stdout F 2022-05-09T21:46:27.417900Z	info	Running command: iptables-restore --noflush /tmp/iptables-rules-1652132787416925418.txt4083167977
2022-05-09T21:46:27.535949872Z stdout F 2022-05-09T21:46:27.534292Z	info	Writing following contents to rules file: /tmp/ip6tables-rules-1652132787515483650.txt1913551994
2022-05-09T21:46:27.536008907Z stdout F 
2022-05-09T21:46:27.536237457Z stdout F 2022-05-09T21:46:27.534485Z	info	Running command: ip6tables-restore --noflush /tmp/ip6tables-rules-1652132787515483650.txt1913551994
2022-05-09T21:46:27.632970384Z stdout F 2022-05-09T21:46:27.628460Z	info	Running command: iptables-save 
2022-05-09T21:46:27.74231275Z stdout F 2022-05-09T21:46:27.736395Z	info	Command output: 
2022-05-09T21:46:27.742417718Z stdout F # Generated by iptables-save v1.8.4 on Mon May  9 21:46:27 2022
2022-05-09T21:46:27.742445131Z stdout F *nat
2022-05-09T21:46:27.74245926Z stdout F :PREROUTING ACCEPT [0:0]
2022-05-09T21:46:27.742469629Z stdout F :INPUT ACCEPT [0:0]
2022-05-09T21:46:27.742479078Z stdout F :OUTPUT ACCEPT [0:0]
2022-05-09T21:46:27.742488595Z stdout F :POSTROUTING ACCEPT [0:0]
2022-05-09T21:46:27.742497579Z stdout F :ISTIO_INBOUND - [0:0]
2022-05-09T21:46:27.742505822Z stdout F :ISTIO_IN_REDIRECT - [0:0]
2022-05-09T21:46:27.742513954Z stdout F :ISTIO_OUTPUT - [0:0]
2022-05-09T21:46:27.742522446Z stdout F :ISTIO_REDIRECT - [0:0]
2022-05-09T21:46:27.742531888Z stdout F -A PREROUTING -p tcp -j ISTIO_INBOUND
2022-05-09T21:46:27.742540809Z stdout F -A OUTPUT -p tcp -j ISTIO_OUTPUT
2022-05-09T21:46:27.742550264Z stdout F -A ISTIO_INBOUND -p tcp -m tcp --dport 15008 -j RETURN
2022-05-09T21:46:27.742561307Z stdout F -A ISTIO_INBOUND -p tcp -m tcp --dport 15090 -j RETURN
2022-05-09T21:46:27.742570638Z stdout F -A ISTIO_INBOUND -p tcp -m tcp --dport 15021 -j RETURN
2022-05-09T21:46:27.742579379Z stdout F -A ISTIO_INBOUND -p tcp -m tcp --dport 15020 -j RETURN
2022-05-09T21:46:27.742588356Z stdout F -A ISTIO_INBOUND -p tcp -j ISTIO_IN_REDIRECT
2022-05-09T21:46:27.742597471Z stdout F -A ISTIO_IN_REDIRECT -p tcp -j REDIRECT --to-ports 15006
2022-05-09T21:46:27.742605987Z stdout F -A ISTIO_OUTPUT -s 127.0.0.6/32 -o lo -j RETURN
2022-05-09T21:46:27.742615992Z stdout F -A ISTIO_OUTPUT ! -d 127.0.0.1/32 -o lo -m owner --uid-owner 1337 -j ISTIO_IN_REDIRECT
2022-05-09T21:46:27.742625017Z stdout F -A ISTIO_OUTPUT -o lo -m owner ! --uid-owner 1337 -j RETURN
2022-05-09T21:46:27.7426341Z stdout F -A ISTIO_OUTPUT -m owner --uid-owner 1337 -j RETURN
2022-05-09T21:46:27.742643211Z stdout F -A ISTIO_OUTPUT ! -d 127.0.0.1/32 -o lo -m owner --gid-owner 1337 -j ISTIO_IN_REDIRECT
2022-05-09T21:46:27.742863518Z stdout F -A ISTIO_OUTPUT -o lo -m owner ! --gid-owner 1337 -j RETURN
2022-05-09T21:46:27.742888527Z stdout F -A ISTIO_OUTPUT -m owner --gid-owner 1337 -j RETURN
2022-05-09T21:46:27.742900433Z stdout F -A ISTIO_OUTPUT -d 127.0.0.1/32 -j RETURN
2022-05-09T21:46:27.74291007Z stdout F -A ISTIO_OUTPUT -j ISTIO_REDIRECT
2022-05-09T21:46:27.742918921Z stdout F -A ISTIO_REDIRECT -p tcp -j REDIRECT --to-ports 15001
2022-05-09T21:46:27.742928711Z stdout F COMMIT
2022-05-09T21:46:27.742938467Z stdout F # Completed on Mon May  9 21:46:27 2022
2022-05-09T21:46:27.742947323Z stdout F 
