2022-04-27T06:19:35.382827372Z stdout F 2022-04-27T06:19:35.382266Z	info	Istio iptables environment:
2022-04-27T06:19:35.390364235Z stdout F ENVOY_PORT=
2022-04-27T06:19:35.390390251Z stdout F INBOUND_CAPTURE_PORT=
2022-04-27T06:19:35.394113474Z stdout F ISTIO_INBOUND_INTERCEPTION_MODE=
2022-04-27T06:19:35.394127293Z stdout F ISTIO_INBOUND_TPROXY_ROUTE_TABLE=
2022-04-27T06:19:35.394135808Z stdout F ISTIO_INBOUND_PORTS=
2022-04-27T06:19:35.394143457Z stdout F ISTIO_OUTBOUND_PORTS=
2022-04-27T06:19:35.394150064Z stdout F ISTIO_LOCAL_EXCLUDE_PORTS=
2022-04-27T06:19:35.394157187Z stdout F ISTIO_EXCLUDE_INTERFACES=
2022-04-27T06:19:35.394164121Z stdout F ISTIO_SERVICE_CIDR=
2022-04-27T06:19:35.394171194Z stdout F ISTIO_SERVICE_EXCLUDE_CIDR=
2022-04-27T06:19:35.394178308Z stdout F ISTIO_META_DNS_CAPTURE=
2022-04-27T06:19:35.394185846Z stdout F INVALID_DROP=
2022-04-27T06:19:35.394192529Z stdout F 
2022-04-27T06:19:35.394200241Z stdout F 2022-04-27T06:19:35.382625Z	info	Istio iptables variables:
2022-04-27T06:19:35.394207255Z stdout F PROXY_PORT=15001
2022-04-27T06:19:35.394214821Z stdout F PROXY_INBOUND_CAPTURE_PORT=15006
2022-04-27T06:19:35.394222259Z stdout F PROXY_TUNNEL_PORT=15008
2022-04-27T06:19:35.39422951Z stdout F PROXY_UID=1337
2022-04-27T06:19:35.394236574Z stdout F PROXY_GID=1337
2022-04-27T06:19:35.394243774Z stdout F INBOUND_INTERCEPTION_MODE=REDIRECT
2022-04-27T06:19:35.394250759Z stdout F INBOUND_TPROXY_MARK=1337
2022-04-27T06:19:35.394258085Z stdout F INBOUND_TPROXY_ROUTE_TABLE=133
2022-04-27T06:19:35.394265023Z stdout F INBOUND_PORTS_INCLUDE=*
2022-04-27T06:19:35.394271834Z stdout F INBOUND_PORTS_EXCLUDE=15090,15021,15020
2022-04-27T06:19:35.394278846Z stdout F OUTBOUND_IP_RANGES_INCLUDE=*
2022-04-27T06:19:35.394286311Z stdout F OUTBOUND_IP_RANGES_EXCLUDE=
2022-04-27T06:19:35.3942935Z stdout F OUTBOUND_PORTS_INCLUDE=
2022-04-27T06:19:35.394300844Z stdout F OUTBOUND_PORTS_EXCLUDE=
2022-04-27T06:19:35.394307695Z stdout F KUBE_VIRT_INTERFACES=
2022-04-27T06:19:35.394314788Z stdout F ENABLE_INBOUND_IPV6=false
2022-04-27T06:19:35.394321551Z stdout F DNS_CAPTURE=false
2022-04-27T06:19:35.394327934Z stdout F DROP_INVALID=false
2022-04-27T06:19:35.394336163Z stdout F CAPTURE_ALL_DNS=false
2022-04-27T06:19:35.394344324Z stdout F DNS_SERVERS=[],[]
2022-04-27T06:19:35.394351572Z stdout F OUTPUT_PATH=
2022-04-27T06:19:35.394358619Z stdout F NETWORK_NAMESPACE=
2022-04-27T06:19:35.394365637Z stdout F CNI_MODE=false
2022-04-27T06:19:35.394372848Z stdout F EXCLUDE_INTERFACES=
2022-04-27T06:19:35.394379366Z stdout F 
2022-04-27T06:19:35.421943547Z stdout F 2022-04-27T06:19:35.400426Z	info	Writing following contents to rules file: /tmp/iptables-rules-1651040375383131198.txt3554359822
2022-04-27T06:19:35.439261859Z stdout F * nat
2022-04-27T06:19:35.439301414Z stdout F -N ISTIO_INBOUND
2022-04-27T06:19:35.439312794Z stdout F -N ISTIO_REDIRECT
2022-04-27T06:19:35.439320832Z stdout F -N ISTIO_IN_REDIRECT
2022-04-27T06:19:35.439328435Z stdout F -N ISTIO_OUTPUT
2022-04-27T06:19:35.439336959Z stdout F -A ISTIO_INBOUND -p tcp --dport 15008 -j RETURN
2022-04-27T06:19:35.439345849Z stdout F -A ISTIO_REDIRECT -p tcp -j REDIRECT --to-ports 15001
2022-04-27T06:19:35.439438104Z stdout F -A ISTIO_IN_REDIRECT -p tcp -j REDIRECT --to-ports 15006
2022-04-27T06:19:35.439461342Z stdout F -A PREROUTING -p tcp -j ISTIO_INBOUND
2022-04-27T06:19:35.440238318Z stdout F -A ISTIO_INBOUND -p tcp --dport 15090 -j RETURN
2022-04-27T06:19:35.440265331Z stdout F -A ISTIO_INBOUND -p tcp --dport 15021 -j RETURN
2022-04-27T06:19:35.440275331Z stdout F -A ISTIO_INBOUND -p tcp --dport 15020 -j RETURN
2022-04-27T06:19:35.440432295Z stdout F -A ISTIO_INBOUND -p tcp -j ISTIO_IN_REDIRECT
2022-04-27T06:19:35.440460405Z stdout F -A OUTPUT -p tcp -j ISTIO_OUTPUT
2022-04-27T06:19:35.440472725Z stdout F -A ISTIO_OUTPUT -o lo -s 127.0.0.6/32 -j RETURN
2022-04-27T06:19:35.44048203Z stdout F -A ISTIO_OUTPUT -o lo ! -d 127.0.0.1/32 -m owner --uid-owner 1337 -j ISTIO_IN_REDIRECT
2022-04-27T06:19:35.440490713Z stdout F -A ISTIO_OUTPUT -o lo -m owner ! --uid-owner 1337 -j RETURN
2022-04-27T06:19:35.440537305Z stdout F -A ISTIO_OUTPUT -m owner --uid-owner 1337 -j RETURN
2022-04-27T06:19:35.440725Z stdout F -A ISTIO_OUTPUT -o lo ! -d 127.0.0.1/32 -m owner --gid-owner 1337 -j ISTIO_IN_REDIRECT
2022-04-27T06:19:35.440745464Z stdout F -A ISTIO_OUTPUT -o lo -m owner ! --gid-owner 1337 -j RETURN
2022-04-27T06:19:35.440755602Z stdout F -A ISTIO_OUTPUT -m owner --gid-owner 1337 -j RETURN
2022-04-27T06:19:35.44076456Z stdout F -A ISTIO_OUTPUT -d 127.0.0.1/32 -j RETURN
2022-04-27T06:19:35.440772315Z stdout F -A ISTIO_OUTPUT -j ISTIO_REDIRECT
2022-04-27T06:19:35.440780555Z stdout F COMMIT
2022-04-27T06:19:35.440855076Z stdout F 2022-04-27T06:19:35.400637Z	info	Running command: iptables-restore --noflush /tmp/iptables-rules-1651040375383131198.txt3554359822
2022-04-27T06:19:35.475340921Z stdout F 2022-04-27T06:19:35.472214Z	info	Writing following contents to rules file: /tmp/ip6tables-rules-1651040375472101687.txt1071048695
2022-04-27T06:19:35.481655193Z stdout F 
2022-04-27T06:19:35.481691313Z stdout F 2022-04-27T06:19:35.472375Z	info	Running command: ip6tables-restore --noflush /tmp/ip6tables-rules-1651040375472101687.txt1071048695
2022-04-27T06:19:35.482016818Z stdout F 2022-04-27T06:19:35.481361Z	info	Running command: iptables-save 
2022-04-27T06:19:35.527607383Z stdout F 2022-04-27T06:19:35.522925Z	info	Command output: 
2022-04-27T06:19:35.527827522Z stdout F # Generated by iptables-save v1.8.4 on Wed Apr 27 06:19:35 2022
2022-04-27T06:19:35.527864217Z stdout F *nat
2022-04-27T06:19:35.527881545Z stdout F :PREROUTING ACCEPT [0:0]
2022-04-27T06:19:35.527892032Z stdout F :INPUT ACCEPT [0:0]
2022-04-27T06:19:35.527901082Z stdout F :OUTPUT ACCEPT [0:0]
2022-04-27T06:19:35.52791017Z stdout F :POSTROUTING ACCEPT [0:0]
2022-04-27T06:19:35.527918023Z stdout F :ISTIO_INBOUND - [0:0]
2022-04-27T06:19:35.527940322Z stdout F :ISTIO_IN_REDIRECT - [0:0]
2022-04-27T06:19:35.527958005Z stdout F :ISTIO_OUTPUT - [0:0]
2022-04-27T06:19:35.527968239Z stdout F :ISTIO_REDIRECT - [0:0]
2022-04-27T06:19:35.527977685Z stdout F -A PREROUTING -p tcp -j ISTIO_INBOUND
2022-04-27T06:19:35.527986291Z stdout F -A OUTPUT -p tcp -j ISTIO_OUTPUT
2022-04-27T06:19:35.527995084Z stdout F -A ISTIO_INBOUND -p tcp -m tcp --dport 15008 -j RETURN
2022-04-27T06:19:35.528003347Z stdout F -A ISTIO_INBOUND -p tcp -m tcp --dport 15090 -j RETURN
2022-04-27T06:19:35.528011164Z stdout F -A ISTIO_INBOUND -p tcp -m tcp --dport 15021 -j RETURN
2022-04-27T06:19:35.528019236Z stdout F -A ISTIO_INBOUND -p tcp -m tcp --dport 15020 -j RETURN
2022-04-27T06:19:35.528027597Z stdout F -A ISTIO_INBOUND -p tcp -j ISTIO_IN_REDIRECT
2022-04-27T06:19:35.528094137Z stdout F -A ISTIO_IN_REDIRECT -p tcp -j REDIRECT --to-ports 15006
2022-04-27T06:19:35.528145623Z stdout F -A ISTIO_OUTPUT -s 127.0.0.6/32 -o lo -j RETURN
2022-04-27T06:19:35.528160069Z stdout F -A ISTIO_OUTPUT ! -d 127.0.0.1/32 -o lo -m owner --uid-owner 1337 -j ISTIO_IN_REDIRECT
2022-04-27T06:19:35.528169191Z stdout F -A ISTIO_OUTPUT -o lo -m owner ! --uid-owner 1337 -j RETURN
2022-04-27T06:19:35.528177733Z stdout F -A ISTIO_OUTPUT -m owner --uid-owner 1337 -j RETURN
2022-04-27T06:19:35.528186798Z stdout F -A ISTIO_OUTPUT ! -d 127.0.0.1/32 -o lo -m owner --gid-owner 1337 -j ISTIO_IN_REDIRECT
2022-04-27T06:19:35.528194315Z stdout F -A ISTIO_OUTPUT -o lo -m owner ! --gid-owner 1337 -j RETURN
2022-04-27T06:19:35.528201389Z stdout F -A ISTIO_OUTPUT -m owner --gid-owner 1337 -j RETURN
2022-04-27T06:19:35.528208489Z stdout F -A ISTIO_OUTPUT -d 127.0.0.1/32 -j RETURN
2022-04-27T06:19:35.528216092Z stdout F -A ISTIO_OUTPUT -j ISTIO_REDIRECT
2022-04-27T06:19:35.528224261Z stdout F -A ISTIO_REDIRECT -p tcp -j REDIRECT --to-ports 15001
2022-04-27T06:19:35.52823393Z stdout F COMMIT
2022-04-27T06:19:35.528243019Z stdout F # Completed on Wed Apr 27 06:19:35 2022
2022-04-27T06:19:35.528250955Z stdout F 
