2022-05-09T11:47:40.771149886Z stdout F 2022-05-09T11:47:40.770645Z	info	Istio iptables environment:
2022-05-09T11:47:40.771209511Z stdout F ENVOY_PORT=
2022-05-09T11:47:40.771218931Z stdout F INBOUND_CAPTURE_PORT=
2022-05-09T11:47:40.77122508Z stdout F ISTIO_INBOUND_INTERCEPTION_MODE=
2022-05-09T11:47:40.771230491Z stdout F ISTIO_INBOUND_TPROXY_ROUTE_TABLE=
2022-05-09T11:47:40.771235191Z stdout F ISTIO_INBOUND_PORTS=
2022-05-09T11:47:40.771239312Z stdout F ISTIO_OUTBOUND_PORTS=
2022-05-09T11:47:40.771243587Z stdout F ISTIO_LOCAL_EXCLUDE_PORTS=
2022-05-09T11:47:40.77124763Z stdout F ISTIO_EXCLUDE_INTERFACES=
2022-05-09T11:47:40.771251699Z stdout F ISTIO_SERVICE_CIDR=
2022-05-09T11:47:40.77125557Z stdout F ISTIO_SERVICE_EXCLUDE_CIDR=
2022-05-09T11:47:40.771259556Z stdout F ISTIO_META_DNS_CAPTURE=
2022-05-09T11:47:40.771263458Z stdout F INVALID_DROP=
2022-05-09T11:47:40.771267858Z stdout F 
2022-05-09T11:47:40.771272317Z stdout F 2022-05-09T11:47:40.770722Z	info	Istio iptables variables:
2022-05-09T11:47:40.771276791Z stdout F PROXY_PORT=15001
2022-05-09T11:47:40.77128114Z stdout F PROXY_INBOUND_CAPTURE_PORT=15006
2022-05-09T11:47:40.771285599Z stdout F PROXY_TUNNEL_PORT=15008
2022-05-09T11:47:40.771289997Z stdout F PROXY_UID=1337
2022-05-09T11:47:40.771293927Z stdout F PROXY_GID=1337
2022-05-09T11:47:40.771298398Z stdout F INBOUND_INTERCEPTION_MODE=REDIRECT
2022-05-09T11:47:40.771309134Z stdout F INBOUND_TPROXY_MARK=1337
2022-05-09T11:47:40.771318888Z stdout F INBOUND_TPROXY_ROUTE_TABLE=133
2022-05-09T11:47:40.771323836Z stdout F INBOUND_PORTS_INCLUDE=*
2022-05-09T11:47:40.771328293Z stdout F INBOUND_PORTS_EXCLUDE=15090,15021,15020
2022-05-09T11:47:40.771332873Z stdout F OUTBOUND_IP_RANGES_INCLUDE=*
2022-05-09T11:47:40.771337201Z stdout F OUTBOUND_IP_RANGES_EXCLUDE=
2022-05-09T11:47:40.771341569Z stdout F OUTBOUND_PORTS_INCLUDE=
2022-05-09T11:47:40.771346071Z stdout F OUTBOUND_PORTS_EXCLUDE=
2022-05-09T11:47:40.771350602Z stdout F KUBE_VIRT_INTERFACES=
2022-05-09T11:47:40.771355442Z stdout F ENABLE_INBOUND_IPV6=false
2022-05-09T11:47:40.771360031Z stdout F DNS_CAPTURE=false
2022-05-09T11:47:40.771364723Z stdout F DROP_INVALID=false
2022-05-09T11:47:40.7713689Z stdout F CAPTURE_ALL_DNS=false
2022-05-09T11:47:40.771373249Z stdout F DNS_SERVERS=[],[]
2022-05-09T11:47:40.771377711Z stdout F OUTPUT_PATH=
2022-05-09T11:47:40.771381802Z stdout F NETWORK_NAMESPACE=
2022-05-09T11:47:40.771386066Z stdout F CNI_MODE=false
2022-05-09T11:47:40.77139024Z stdout F EXCLUDE_INTERFACES=
2022-05-09T11:47:40.771394162Z stdout F 
2022-05-09T11:47:40.771399027Z stdout F 2022-05-09T11:47:40.770978Z	info	Writing following contents to rules file: /tmp/iptables-rules-1652096860770788164.txt2642618335
2022-05-09T11:47:40.771403207Z stdout F * nat
2022-05-09T11:47:40.771407333Z stdout F -N ISTIO_INBOUND
2022-05-09T11:47:40.771411518Z stdout F -N ISTIO_REDIRECT
2022-05-09T11:47:40.771415627Z stdout F -N ISTIO_IN_REDIRECT
2022-05-09T11:47:40.771419873Z stdout F -N ISTIO_OUTPUT
2022-05-09T11:47:40.771424099Z stdout F -A ISTIO_INBOUND -p tcp --dport 15008 -j RETURN
2022-05-09T11:47:40.771428311Z stdout F -A ISTIO_REDIRECT -p tcp -j REDIRECT --to-ports 15001
2022-05-09T11:47:40.771432603Z stdout F -A ISTIO_IN_REDIRECT -p tcp -j REDIRECT --to-ports 15006
2022-05-09T11:47:40.771441928Z stdout F -A PREROUTING -p tcp -j ISTIO_INBOUND
2022-05-09T11:47:40.771449492Z stdout F -A ISTIO_INBOUND -p tcp --dport 15090 -j RETURN
2022-05-09T11:47:40.771453986Z stdout F -A ISTIO_INBOUND -p tcp --dport 15021 -j RETURN
2022-05-09T11:47:40.771458281Z stdout F -A ISTIO_INBOUND -p tcp --dport 15020 -j RETURN
2022-05-09T11:47:40.771462426Z stdout F -A ISTIO_INBOUND -p tcp -j ISTIO_IN_REDIRECT
2022-05-09T11:47:40.771466389Z stdout F -A OUTPUT -p tcp -j ISTIO_OUTPUT
2022-05-09T11:47:40.771470483Z stdout F -A ISTIO_OUTPUT -o lo -s 127.0.0.6/32 -j RETURN
2022-05-09T11:47:40.771475286Z stdout F -A ISTIO_OUTPUT -o lo ! -d 127.0.0.1/32 -m owner --uid-owner 1337 -j ISTIO_IN_REDIRECT
2022-05-09T11:47:40.771479446Z stdout F -A ISTIO_OUTPUT -o lo -m owner ! --uid-owner 1337 -j RETURN
2022-05-09T11:47:40.771483674Z stdout F -A ISTIO_OUTPUT -m owner --uid-owner 1337 -j RETURN
2022-05-09T11:47:40.771584977Z stdout F -A ISTIO_OUTPUT -o lo ! -d 127.0.0.1/32 -m owner --gid-owner 1337 -j ISTIO_IN_REDIRECT
2022-05-09T11:47:40.771594601Z stdout F -A ISTIO_OUTPUT -o lo -m owner ! --gid-owner 1337 -j RETURN
2022-05-09T11:47:40.771599286Z stdout F -A ISTIO_OUTPUT -m owner --gid-owner 1337 -j RETURN
2022-05-09T11:47:40.7716036Z stdout F -A ISTIO_OUTPUT -d 127.0.0.1/32 -j RETURN
2022-05-09T11:47:40.771607972Z stdout F -A ISTIO_OUTPUT -j ISTIO_REDIRECT
2022-05-09T11:47:40.77161249Z stdout F COMMIT
2022-05-09T11:47:40.772356451Z stdout F 2022-05-09T11:47:40.771108Z	info	Running command: iptables-restore --noflush /tmp/iptables-rules-1652096860770788164.txt2642618335
2022-05-09T11:47:40.781744177Z stdout F 2022-05-09T11:47:40.778609Z	info	Writing following contents to rules file: /tmp/ip6tables-rules-1652096860778548152.txt378843300
2022-05-09T11:47:40.781768991Z stdout F 
2022-05-09T11:47:40.781777079Z stdout F 2022-05-09T11:47:40.778685Z	info	Running command: ip6tables-restore --noflush /tmp/ip6tables-rules-1652096860778548152.txt378843300
2022-05-09T11:47:40.786497789Z stdout F 2022-05-09T11:47:40.783040Z	info	Running command: iptables-save 
2022-05-09T11:47:40.793688058Z stdout F 2022-05-09T11:47:40.789894Z	info	Command output: 
2022-05-09T11:47:40.793707957Z stdout F # Generated by iptables-save v1.8.4 on Mon May  9 11:47:40 2022
2022-05-09T11:47:40.79371183Z stdout F *nat
2022-05-09T11:47:40.793715539Z stdout F :PREROUTING ACCEPT [0:0]
2022-05-09T11:47:40.793718111Z stdout F :INPUT ACCEPT [0:0]
2022-05-09T11:47:40.793734062Z stdout F :OUTPUT ACCEPT [0:0]
2022-05-09T11:47:40.793753272Z stdout F :POSTROUTING ACCEPT [0:0]
2022-05-09T11:47:40.79379334Z stdout F :ISTIO_INBOUND - [0:0]
2022-05-09T11:47:40.793800277Z stdout F :ISTIO_IN_REDIRECT - [0:0]
2022-05-09T11:47:40.793805627Z stdout F :ISTIO_OUTPUT - [0:0]
2022-05-09T11:47:40.793809909Z stdout F :ISTIO_REDIRECT - [0:0]
2022-05-09T11:47:40.793813053Z stdout F -A PREROUTING -p tcp -j ISTIO_INBOUND
2022-05-09T11:47:40.793815609Z stdout F -A OUTPUT -p tcp -j ISTIO_OUTPUT
2022-05-09T11:47:40.793818332Z stdout F -A ISTIO_INBOUND -p tcp -m tcp --dport 15008 -j RETURN
2022-05-09T11:47:40.793820864Z stdout F -A ISTIO_INBOUND -p tcp -m tcp --dport 15090 -j RETURN
2022-05-09T11:47:40.793823434Z stdout F -A ISTIO_INBOUND -p tcp -m tcp --dport 15021 -j RETURN
2022-05-09T11:47:40.793825966Z stdout F -A ISTIO_INBOUND -p tcp -m tcp --dport 15020 -j RETURN
2022-05-09T11:47:40.793828472Z stdout F -A ISTIO_INBOUND -p tcp -j ISTIO_IN_REDIRECT
2022-05-09T11:47:40.793830992Z stdout F -A ISTIO_IN_REDIRECT -p tcp -j REDIRECT --to-ports 15006
2022-05-09T11:47:40.793833446Z stdout F -A ISTIO_OUTPUT -s 127.0.0.6/32 -o lo -j RETURN
2022-05-09T11:47:40.793836434Z stdout F -A ISTIO_OUTPUT ! -d 127.0.0.1/32 -o lo -m owner --uid-owner 1337 -j ISTIO_IN_REDIRECT
2022-05-09T11:47:40.793838994Z stdout F -A ISTIO_OUTPUT -o lo -m owner ! --uid-owner 1337 -j RETURN
2022-05-09T11:47:40.793841491Z stdout F -A ISTIO_OUTPUT -m owner --uid-owner 1337 -j RETURN
2022-05-09T11:47:40.793844019Z stdout F -A ISTIO_OUTPUT ! -d 127.0.0.1/32 -o lo -m owner --gid-owner 1337 -j ISTIO_IN_REDIRECT
2022-05-09T11:47:40.793846515Z stdout F -A ISTIO_OUTPUT -o lo -m owner ! --gid-owner 1337 -j RETURN
2022-05-09T11:47:40.793848992Z stdout F -A ISTIO_OUTPUT -m owner --gid-owner 1337 -j RETURN
2022-05-09T11:47:40.793851468Z stdout F -A ISTIO_OUTPUT -d 127.0.0.1/32 -j RETURN
2022-05-09T11:47:40.793853965Z stdout F -A ISTIO_OUTPUT -j ISTIO_REDIRECT
2022-05-09T11:47:40.793856472Z stdout F -A ISTIO_REDIRECT -p tcp -j REDIRECT --to-ports 15001
2022-05-09T11:47:40.793859462Z stdout F COMMIT
2022-05-09T11:47:40.793862062Z stdout F # Completed on Mon May  9 11:47:40 2022
2022-05-09T11:47:40.793864481Z stdout F 
