2022-05-09T21:46:14.087746814Z stdout F 2022-05-09T21:46:14.085380Z	info	Istio iptables environment:
2022-05-09T21:46:14.087812509Z stdout F ENVOY_PORT=
2022-05-09T21:46:14.087821621Z stdout F INBOUND_CAPTURE_PORT=
2022-05-09T21:46:14.087826665Z stdout F ISTIO_INBOUND_INTERCEPTION_MODE=
2022-05-09T21:46:14.08783057Z stdout F ISTIO_INBOUND_TPROXY_ROUTE_TABLE=
2022-05-09T21:46:14.087833896Z stdout F ISTIO_INBOUND_PORTS=
2022-05-09T21:46:14.087837031Z stdout F ISTIO_OUTBOUND_PORTS=
2022-05-09T21:46:14.087840193Z stdout F ISTIO_LOCAL_EXCLUDE_PORTS=
2022-05-09T21:46:14.087843285Z stdout F ISTIO_EXCLUDE_INTERFACES=
2022-05-09T21:46:14.087846374Z stdout F ISTIO_SERVICE_CIDR=
2022-05-09T21:46:14.087849483Z stdout F ISTIO_SERVICE_EXCLUDE_CIDR=
2022-05-09T21:46:14.087852601Z stdout F ISTIO_META_DNS_CAPTURE=
2022-05-09T21:46:14.087856173Z stdout F INVALID_DROP=
2022-05-09T21:46:14.08785918Z stdout F 
2022-05-09T21:46:14.087862361Z stdout F 2022-05-09T21:46:14.085472Z	info	Istio iptables variables:
2022-05-09T21:46:14.087865441Z stdout F PROXY_PORT=15001
2022-05-09T21:46:14.087868577Z stdout F PROXY_INBOUND_CAPTURE_PORT=15006
2022-05-09T21:46:14.087871757Z stdout F PROXY_TUNNEL_PORT=15008
2022-05-09T21:46:14.087874918Z stdout F PROXY_UID=1337
2022-05-09T21:46:14.087878099Z stdout F PROXY_GID=1337
2022-05-09T21:46:14.087881251Z stdout F INBOUND_INTERCEPTION_MODE=REDIRECT
2022-05-09T21:46:14.087954313Z stdout F INBOUND_TPROXY_MARK=1337
2022-05-09T21:46:14.087964382Z stdout F INBOUND_TPROXY_ROUTE_TABLE=133
2022-05-09T21:46:14.087967861Z stdout F INBOUND_PORTS_INCLUDE=*
2022-05-09T21:46:14.087974532Z stdout F INBOUND_PORTS_EXCLUDE=15090,15021,15020
2022-05-09T21:46:14.087977826Z stdout F OUTBOUND_IP_RANGES_INCLUDE=*
2022-05-09T21:46:14.087980865Z stdout F OUTBOUND_IP_RANGES_EXCLUDE=
2022-05-09T21:46:14.087983892Z stdout F OUTBOUND_PORTS_INCLUDE=
2022-05-09T21:46:14.087986864Z stdout F OUTBOUND_PORTS_EXCLUDE=
2022-05-09T21:46:14.087989869Z stdout F KUBE_VIRT_INTERFACES=
2022-05-09T21:46:14.08799295Z stdout F ENABLE_INBOUND_IPV6=false
2022-05-09T21:46:14.087996016Z stdout F DNS_CAPTURE=false
2022-05-09T21:46:14.087999071Z stdout F DROP_INVALID=false
2022-05-09T21:46:14.088002108Z stdout F CAPTURE_ALL_DNS=false
2022-05-09T21:46:14.088005143Z stdout F DNS_SERVERS=[],[]
2022-05-09T21:46:14.088008248Z stdout F OUTPUT_PATH=
2022-05-09T21:46:14.088011368Z stdout F NETWORK_NAMESPACE=
2022-05-09T21:46:14.088014469Z stdout F CNI_MODE=false
2022-05-09T21:46:14.088017521Z stdout F EXCLUDE_INTERFACES=
2022-05-09T21:46:14.088020408Z stdout F 
2022-05-09T21:46:14.08802422Z stdout F 2022-05-09T21:46:14.085790Z	info	Writing following contents to rules file: /tmp/iptables-rules-1652132774085532356.txt1798052106
2022-05-09T21:46:14.088027332Z stdout F * nat
2022-05-09T21:46:14.088030434Z stdout F -N ISTIO_INBOUND
2022-05-09T21:46:14.088033521Z stdout F -N ISTIO_REDIRECT
2022-05-09T21:46:14.088036633Z stdout F -N ISTIO_IN_REDIRECT
2022-05-09T21:46:14.088039963Z stdout F -N ISTIO_OUTPUT
2022-05-09T21:46:14.088043095Z stdout F -A ISTIO_INBOUND -p tcp --dport 15008 -j RETURN
2022-05-09T21:46:14.088046246Z stdout F -A ISTIO_REDIRECT -p tcp -j REDIRECT --to-ports 15001
2022-05-09T21:46:14.088049354Z stdout F -A ISTIO_IN_REDIRECT -p tcp -j REDIRECT --to-ports 15006
2022-05-09T21:46:14.088052416Z stdout F -A PREROUTING -p tcp -j ISTIO_INBOUND
2022-05-09T21:46:14.088055482Z stdout F -A ISTIO_INBOUND -p tcp --dport 15090 -j RETURN
2022-05-09T21:46:14.088058509Z stdout F -A ISTIO_INBOUND -p tcp --dport 15021 -j RETURN
2022-05-09T21:46:14.088061557Z stdout F -A ISTIO_INBOUND -p tcp --dport 15020 -j RETURN
2022-05-09T21:46:14.088064587Z stdout F -A ISTIO_INBOUND -p tcp -j ISTIO_IN_REDIRECT
2022-05-09T21:46:14.088067594Z stdout F -A OUTPUT -p tcp -j ISTIO_OUTPUT
2022-05-09T21:46:14.088070663Z stdout F -A ISTIO_OUTPUT -o lo -s 127.0.0.6/32 -j RETURN
2022-05-09T21:46:14.088074202Z stdout F -A ISTIO_OUTPUT -o lo ! -d 127.0.0.1/32 -m owner --uid-owner 1337 -j ISTIO_IN_REDIRECT
2022-05-09T21:46:14.088077202Z stdout F -A ISTIO_OUTPUT -o lo -m owner ! --uid-owner 1337 -j RETURN
2022-05-09T21:46:14.088093311Z stdout F -A ISTIO_OUTPUT -m owner --uid-owner 1337 -j RETURN
2022-05-09T21:46:14.088097179Z stdout F -A ISTIO_OUTPUT -o lo ! -d 127.0.0.1/32 -m owner --gid-owner 1337 -j ISTIO_IN_REDIRECT
2022-05-09T21:46:14.088100255Z stdout F -A ISTIO_OUTPUT -o lo -m owner ! --gid-owner 1337 -j RETURN
2022-05-09T21:46:14.088103325Z stdout F -A ISTIO_OUTPUT -m owner --gid-owner 1337 -j RETURN
2022-05-09T21:46:14.088106426Z stdout F -A ISTIO_OUTPUT -d 127.0.0.1/32 -j RETURN
2022-05-09T21:46:14.088109477Z stdout F -A ISTIO_OUTPUT -j ISTIO_REDIRECT
2022-05-09T21:46:14.088112556Z stdout F COMMIT
2022-05-09T21:46:14.088116208Z stdout F 2022-05-09T21:46:14.085875Z	info	Running command: iptables-restore --noflush /tmp/iptables-rules-1652132774085532356.txt1798052106
2022-05-09T21:46:14.118793687Z stdout F 2022-05-09T21:46:14.114836Z	info	Writing following contents to rules file: /tmp/ip6tables-rules-1652132774114767164.txt3387410783
2022-05-09T21:46:14.118831572Z stdout F 
2022-05-09T21:46:14.118840996Z stdout F 2022-05-09T21:46:14.114921Z	info	Running command: ip6tables-restore --noflush /tmp/ip6tables-rules-1652132774114767164.txt3387410783
2022-05-09T21:46:14.128046131Z stdout F 2022-05-09T21:46:14.123315Z	info	Running command: iptables-save 
2022-05-09T21:46:14.135452584Z stdout F 2022-05-09T21:46:14.133264Z	info	Command output: 
2022-05-09T21:46:14.135632566Z stdout F # Generated by iptables-save v1.8.4 on Mon May  9 21:46:14 2022
2022-05-09T21:46:14.135729894Z stdout F *nat
2022-05-09T21:46:14.135737199Z stdout F :PREROUTING ACCEPT [0:0]
2022-05-09T21:46:14.135743022Z stdout F :INPUT ACCEPT [0:0]
2022-05-09T21:46:14.135748533Z stdout F :OUTPUT ACCEPT [0:0]
2022-05-09T21:46:14.135754705Z stdout F :POSTROUTING ACCEPT [0:0]
2022-05-09T21:46:14.135760142Z stdout F :ISTIO_INBOUND - [0:0]
2022-05-09T21:46:14.135765471Z stdout F :ISTIO_IN_REDIRECT - [0:0]
2022-05-09T21:46:14.135770617Z stdout F :ISTIO_OUTPUT - [0:0]
2022-05-09T21:46:14.135775997Z stdout F :ISTIO_REDIRECT - [0:0]
2022-05-09T21:46:14.135781807Z stdout F -A PREROUTING -p tcp -j ISTIO_INBOUND
2022-05-09T21:46:14.13578695Z stdout F -A OUTPUT -p tcp -j ISTIO_OUTPUT
2022-05-09T21:46:14.135792353Z stdout F -A ISTIO_INBOUND -p tcp -m tcp --dport 15008 -j RETURN
2022-05-09T21:46:14.135797506Z stdout F -A ISTIO_INBOUND -p tcp -m tcp --dport 15090 -j RETURN
2022-05-09T21:46:14.13580263Z stdout F -A ISTIO_INBOUND -p tcp -m tcp --dport 15021 -j RETURN
2022-05-09T21:46:14.135808049Z stdout F -A ISTIO_INBOUND -p tcp -m tcp --dport 15020 -j RETURN
2022-05-09T21:46:14.135813339Z stdout F -A ISTIO_INBOUND -p tcp -j ISTIO_IN_REDIRECT
2022-05-09T21:46:14.135818703Z stdout F -A ISTIO_IN_REDIRECT -p tcp -j REDIRECT --to-ports 15006
2022-05-09T21:46:14.135824033Z stdout F -A ISTIO_OUTPUT -s 127.0.0.6/32 -o lo -j RETURN
2022-05-09T21:46:14.135829961Z stdout F -A ISTIO_OUTPUT ! -d 127.0.0.1/32 -o lo -m owner --uid-owner 1337 -j ISTIO_IN_REDIRECT
2022-05-09T21:46:14.135835291Z stdout F -A ISTIO_OUTPUT -o lo -m owner ! --uid-owner 1337 -j RETURN
2022-05-09T21:46:14.135840666Z stdout F -A ISTIO_OUTPUT -m owner --uid-owner 1337 -j RETURN
2022-05-09T21:46:14.135846044Z stdout F -A ISTIO_OUTPUT ! -d 127.0.0.1/32 -o lo -m owner --gid-owner 1337 -j ISTIO_IN_REDIRECT
2022-05-09T21:46:14.135851286Z stdout F -A ISTIO_OUTPUT -o lo -m owner ! --gid-owner 1337 -j RETURN
2022-05-09T21:46:14.13585671Z stdout F -A ISTIO_OUTPUT -m owner --gid-owner 1337 -j RETURN
2022-05-09T21:46:14.135861939Z stdout F -A ISTIO_OUTPUT -d 127.0.0.1/32 -j RETURN
2022-05-09T21:46:14.135867234Z stdout F -A ISTIO_OUTPUT -j ISTIO_REDIRECT
2022-05-09T21:46:14.135872401Z stdout F -A ISTIO_REDIRECT -p tcp -j REDIRECT --to-ports 15001
2022-05-09T21:46:14.135877708Z stdout F COMMIT
2022-05-09T21:46:14.135883081Z stdout F # Completed on Mon May  9 21:46:14 2022
2022-05-09T21:46:14.135888258Z stdout F 
