2022-05-09T21:46:16.986077421Z stdout F 2022-05-09T21:46:16.985275Z	info	Istio iptables environment:
2022-05-09T21:46:16.986138963Z stdout F ENVOY_PORT=
2022-05-09T21:46:16.986150192Z stdout F INBOUND_CAPTURE_PORT=
2022-05-09T21:46:16.986157796Z stdout F ISTIO_INBOUND_INTERCEPTION_MODE=
2022-05-09T21:46:16.986164209Z stdout F ISTIO_INBOUND_TPROXY_ROUTE_TABLE=
2022-05-09T21:46:16.986170195Z stdout F ISTIO_INBOUND_PORTS=
2022-05-09T21:46:16.986175719Z stdout F ISTIO_OUTBOUND_PORTS=
2022-05-09T21:46:16.986181453Z stdout F ISTIO_LOCAL_EXCLUDE_PORTS=
2022-05-09T21:46:16.98618693Z stdout F ISTIO_EXCLUDE_INTERFACES=
2022-05-09T21:46:16.986193025Z stdout F ISTIO_SERVICE_CIDR=
2022-05-09T21:46:16.986198725Z stdout F ISTIO_SERVICE_EXCLUDE_CIDR=
2022-05-09T21:46:16.986204005Z stdout F ISTIO_META_DNS_CAPTURE=
2022-05-09T21:46:16.98621021Z stdout F INVALID_DROP=
2022-05-09T21:46:16.986215614Z stdout F 
2022-05-09T21:46:16.986221489Z stdout F 2022-05-09T21:46:16.985407Z	info	Istio iptables variables:
2022-05-09T21:46:16.986227129Z stdout F PROXY_PORT=15001
2022-05-09T21:46:16.986232962Z stdout F PROXY_INBOUND_CAPTURE_PORT=15006
2022-05-09T21:46:16.986238724Z stdout F PROXY_TUNNEL_PORT=15008
2022-05-09T21:46:16.986244211Z stdout F PROXY_UID=1337
2022-05-09T21:46:16.986249855Z stdout F PROXY_GID=1337
2022-05-09T21:46:16.986255445Z stdout F INBOUND_INTERCEPTION_MODE=REDIRECT
2022-05-09T21:46:16.986261045Z stdout F INBOUND_TPROXY_MARK=1337
2022-05-09T21:46:16.986266555Z stdout F INBOUND_TPROXY_ROUTE_TABLE=133
2022-05-09T21:46:16.986271977Z stdout F INBOUND_PORTS_INCLUDE=*
2022-05-09T21:46:16.986277485Z stdout F INBOUND_PORTS_EXCLUDE=15090,15021,15020
2022-05-09T21:46:16.986282876Z stdout F OUTBOUND_IP_RANGES_INCLUDE=*
2022-05-09T21:46:16.986288665Z stdout F OUTBOUND_IP_RANGES_EXCLUDE=
2022-05-09T21:46:16.986294002Z stdout F OUTBOUND_PORTS_INCLUDE=
2022-05-09T21:46:16.986299305Z stdout F OUTBOUND_PORTS_EXCLUDE=
2022-05-09T21:46:16.986304967Z stdout F KUBE_VIRT_INTERFACES=
2022-05-09T21:46:16.986310284Z stdout F ENABLE_INBOUND_IPV6=false
2022-05-09T21:46:16.986315186Z stdout F DNS_CAPTURE=false
2022-05-09T21:46:16.986320479Z stdout F DROP_INVALID=false
2022-05-09T21:46:16.986325797Z stdout F CAPTURE_ALL_DNS=false
2022-05-09T21:46:16.986331603Z stdout F DNS_SERVERS=[],[]
2022-05-09T21:46:16.986337058Z stdout F OUTPUT_PATH=
2022-05-09T21:46:16.986342462Z stdout F NETWORK_NAMESPACE=
2022-05-09T21:46:16.986347874Z stdout F CNI_MODE=false
2022-05-09T21:46:16.986357531Z stdout F EXCLUDE_INTERFACES=
2022-05-09T21:46:16.986363653Z stdout F 
2022-05-09T21:46:17.047630689Z stdout F 2022-05-09T21:46:17.046604Z	info	Writing following contents to rules file: /tmp/iptables-rules-1652132777046231751.txt2009647310
2022-05-09T21:46:17.047677876Z stdout F * nat
2022-05-09T21:46:17.04768854Z stdout F -N ISTIO_INBOUND
2022-05-09T21:46:17.047695159Z stdout F -N ISTIO_REDIRECT
2022-05-09T21:46:17.047700841Z stdout F -N ISTIO_IN_REDIRECT
2022-05-09T21:46:17.047765334Z stdout F -N ISTIO_OUTPUT
2022-05-09T21:46:17.047781439Z stdout F -A ISTIO_INBOUND -p tcp --dport 15008 -j RETURN
2022-05-09T21:46:17.047789142Z stdout F -A ISTIO_REDIRECT -p tcp -j REDIRECT --to-ports 15001
2022-05-09T21:46:17.047803078Z stdout F -A ISTIO_IN_REDIRECT -p tcp -j REDIRECT --to-ports 15006
2022-05-09T21:46:17.04781086Z stdout F -A PREROUTING -p tcp -j ISTIO_INBOUND
2022-05-09T21:46:17.047817005Z stdout F -A ISTIO_INBOUND -p tcp --dport 15090 -j RETURN
2022-05-09T21:46:17.047822576Z stdout F -A ISTIO_INBOUND -p tcp --dport 15021 -j RETURN
2022-05-09T21:46:17.047827991Z stdout F -A ISTIO_INBOUND -p tcp --dport 15020 -j RETURN
2022-05-09T21:46:17.04783316Z stdout F -A ISTIO_INBOUND -p tcp -j ISTIO_IN_REDIRECT
2022-05-09T21:46:17.04783886Z stdout F -A OUTPUT -p tcp -j ISTIO_OUTPUT
2022-05-09T21:46:17.047855129Z stdout F -A ISTIO_OUTPUT -o lo -s 127.0.0.6/32 -j RETURN
2022-05-09T21:46:17.047873781Z stdout F -A ISTIO_OUTPUT -o lo ! -d 127.0.0.1/32 -m owner --uid-owner 1337 -j ISTIO_IN_REDIRECT
2022-05-09T21:46:17.047891834Z stdout F -A ISTIO_OUTPUT -o lo -m owner ! --uid-owner 1337 -j RETURN
2022-05-09T21:46:17.047909817Z stdout F -A ISTIO_OUTPUT -m owner --uid-owner 1337 -j RETURN
2022-05-09T21:46:17.047961973Z stdout F -A ISTIO_OUTPUT -o lo ! -d 127.0.0.1/32 -m owner --gid-owner 1337 -j ISTIO_IN_REDIRECT
2022-05-09T21:46:17.047979373Z stdout F -A ISTIO_OUTPUT -o lo -m owner ! --gid-owner 1337 -j RETURN
2022-05-09T21:46:17.04799147Z stdout F -A ISTIO_OUTPUT -m owner --gid-owner 1337 -j RETURN
2022-05-09T21:46:17.048004485Z stdout F -A ISTIO_OUTPUT -d 127.0.0.1/32 -j RETURN
2022-05-09T21:46:17.048011469Z stdout F -A ISTIO_OUTPUT -j ISTIO_REDIRECT
2022-05-09T21:46:17.048017671Z stdout F COMMIT
2022-05-09T21:46:17.048024374Z stdout F 2022-05-09T21:46:17.046817Z	info	Running command: iptables-restore --noflush /tmp/iptables-rules-1652132777046231751.txt2009647310
2022-05-09T21:46:17.121260495Z stdout F 2022-05-09T21:46:17.120491Z	info	Writing following contents to rules file: /tmp/ip6tables-rules-1652132777120420492.txt890120747
2022-05-09T21:46:17.121290506Z stdout F 
2022-05-09T21:46:17.121341251Z stdout F 2022-05-09T21:46:17.120574Z	info	Running command: ip6tables-restore --noflush /tmp/ip6tables-rules-1652132777120420492.txt890120747
2022-05-09T21:46:17.160713782Z stdout F 2022-05-09T21:46:17.156205Z	info	Running command: iptables-save 
2022-05-09T21:46:17.182246062Z stdout F 2022-05-09T21:46:17.181732Z	info	Command output: 
2022-05-09T21:46:17.182293098Z stdout F # Generated by iptables-save v1.8.4 on Mon May  9 21:46:17 2022
2022-05-09T21:46:17.182307007Z stdout F *nat
2022-05-09T21:46:17.182313672Z stdout F :PREROUTING ACCEPT [0:0]
2022-05-09T21:46:17.182318859Z stdout F :INPUT ACCEPT [0:0]
2022-05-09T21:46:17.182323724Z stdout F :OUTPUT ACCEPT [0:0]
2022-05-09T21:46:17.182329275Z stdout F :POSTROUTING ACCEPT [0:0]
2022-05-09T21:46:17.182334161Z stdout F :ISTIO_INBOUND - [0:0]
2022-05-09T21:46:17.18233893Z stdout F :ISTIO_IN_REDIRECT - [0:0]
2022-05-09T21:46:17.18234381Z stdout F :ISTIO_OUTPUT - [0:0]
2022-05-09T21:46:17.182348927Z stdout F :ISTIO_REDIRECT - [0:0]
2022-05-09T21:46:17.182354356Z stdout F -A PREROUTING -p tcp -j ISTIO_INBOUND
2022-05-09T21:46:17.182359607Z stdout F -A OUTPUT -p tcp -j ISTIO_OUTPUT
2022-05-09T21:46:17.182364939Z stdout F -A ISTIO_INBOUND -p tcp -m tcp --dport 15008 -j RETURN
2022-05-09T21:46:17.182369738Z stdout F -A ISTIO_INBOUND -p tcp -m tcp --dport 15090 -j RETURN
2022-05-09T21:46:17.182374857Z stdout F -A ISTIO_INBOUND -p tcp -m tcp --dport 15021 -j RETURN
2022-05-09T21:46:17.182379587Z stdout F -A ISTIO_INBOUND -p tcp -m tcp --dport 15020 -j RETURN
2022-05-09T21:46:17.18238451Z stdout F -A ISTIO_INBOUND -p tcp -j ISTIO_IN_REDIRECT
2022-05-09T21:46:17.182389808Z stdout F -A ISTIO_IN_REDIRECT -p tcp -j REDIRECT --to-ports 15006
2022-05-09T21:46:17.182394656Z stdout F -A ISTIO_OUTPUT -s 127.0.0.6/32 -o lo -j RETURN
2022-05-09T21:46:17.182400184Z stdout F -A ISTIO_OUTPUT ! -d 127.0.0.1/32 -o lo -m owner --uid-owner 1337 -j ISTIO_IN_REDIRECT
2022-05-09T21:46:17.182405766Z stdout F -A ISTIO_OUTPUT -o lo -m owner ! --uid-owner 1337 -j RETURN
2022-05-09T21:46:17.182411392Z stdout F -A ISTIO_OUTPUT -m owner --uid-owner 1337 -j RETURN
2022-05-09T21:46:17.18241725Z stdout F -A ISTIO_OUTPUT ! -d 127.0.0.1/32 -o lo -m owner --gid-owner 1337 -j ISTIO_IN_REDIRECT
2022-05-09T21:46:17.182423204Z stdout F -A ISTIO_OUTPUT -o lo -m owner ! --gid-owner 1337 -j RETURN
2022-05-09T21:46:17.182428403Z stdout F -A ISTIO_OUTPUT -m owner --gid-owner 1337 -j RETURN
2022-05-09T21:46:17.182433604Z stdout F -A ISTIO_OUTPUT -d 127.0.0.1/32 -j RETURN
2022-05-09T21:46:17.182439512Z stdout F -A ISTIO_OUTPUT -j ISTIO_REDIRECT
2022-05-09T21:46:17.182445075Z stdout F -A ISTIO_REDIRECT -p tcp -j REDIRECT --to-ports 15001
2022-05-09T21:46:17.182450586Z stdout F COMMIT
2022-05-09T21:46:17.182456541Z stdout F # Completed on Mon May  9 21:46:17 2022
2022-05-09T21:46:17.182462063Z stdout F 
