2022-06-13T02:22:15.407727053Z stdout F 2022-06-13T02:22:15.407228Z	info	Istio iptables environment:
2022-06-13T02:22:15.407816674Z stdout F ENVOY_PORT=
2022-06-13T02:22:15.407823Z stdout F INBOUND_CAPTURE_PORT=
2022-06-13T02:22:15.407826192Z stdout F ISTIO_INBOUND_INTERCEPTION_MODE=
2022-06-13T02:22:15.407828673Z stdout F ISTIO_INBOUND_TPROXY_ROUTE_TABLE=
2022-06-13T02:22:15.40783096Z stdout F ISTIO_INBOUND_PORTS=
2022-06-13T02:22:15.407833359Z stdout F ISTIO_OUTBOUND_PORTS=
2022-06-13T02:22:15.407835662Z stdout F ISTIO_LOCAL_EXCLUDE_PORTS=
2022-06-13T02:22:15.407837941Z stdout F ISTIO_EXCLUDE_INTERFACES=
2022-06-13T02:22:15.407840202Z stdout F ISTIO_SERVICE_CIDR=
2022-06-13T02:22:15.407842496Z stdout F ISTIO_SERVICE_EXCLUDE_CIDR=
2022-06-13T02:22:15.407844806Z stdout F ISTIO_META_DNS_CAPTURE=
2022-06-13T02:22:15.407847076Z stdout F INVALID_DROP=
2022-06-13T02:22:15.407849257Z stdout F 
2022-06-13T02:22:15.407851524Z stdout F 2022-06-13T02:22:15.407298Z	info	Istio iptables variables:
2022-06-13T02:22:15.407853807Z stdout F PROXY_PORT=15001
2022-06-13T02:22:15.407856105Z stdout F PROXY_INBOUND_CAPTURE_PORT=15006
2022-06-13T02:22:15.407858347Z stdout F PROXY_TUNNEL_PORT=15008
2022-06-13T02:22:15.407860598Z stdout F PROXY_UID=1337
2022-06-13T02:22:15.407862956Z stdout F PROXY_GID=1337
2022-06-13T02:22:15.407865254Z stdout F INBOUND_INTERCEPTION_MODE=REDIRECT
2022-06-13T02:22:15.40786749Z stdout F INBOUND_TPROXY_MARK=1337
2022-06-13T02:22:15.407869719Z stdout F INBOUND_TPROXY_ROUTE_TABLE=133
2022-06-13T02:22:15.407871945Z stdout F INBOUND_PORTS_INCLUDE=*
2022-06-13T02:22:15.407874201Z stdout F INBOUND_PORTS_EXCLUDE=15090,15021,15020
2022-06-13T02:22:15.407876468Z stdout F OUTBOUND_IP_RANGES_INCLUDE=*
2022-06-13T02:22:15.407878693Z stdout F OUTBOUND_IP_RANGES_EXCLUDE=
2022-06-13T02:22:15.407881Z stdout F OUTBOUND_PORTS_INCLUDE=
2022-06-13T02:22:15.407883286Z stdout F OUTBOUND_PORTS_EXCLUDE=
2022-06-13T02:22:15.407885539Z stdout F KUBE_VIRT_INTERFACES=
2022-06-13T02:22:15.407887825Z stdout F ENABLE_INBOUND_IPV6=false
2022-06-13T02:22:15.407890068Z stdout F DNS_CAPTURE=false
2022-06-13T02:22:15.407892334Z stdout F DROP_INVALID=false
2022-06-13T02:22:15.407894602Z stdout F CAPTURE_ALL_DNS=false
2022-06-13T02:22:15.407896872Z stdout F DNS_SERVERS=[],[]
2022-06-13T02:22:15.407899208Z stdout F OUTPUT_PATH=
2022-06-13T02:22:15.407901513Z stdout F NETWORK_NAMESPACE=
2022-06-13T02:22:15.407903836Z stdout F CNI_MODE=false
2022-06-13T02:22:15.407906103Z stdout F EXCLUDE_INTERFACES=
2022-06-13T02:22:15.407908304Z stdout F 
2022-06-13T02:22:15.407911061Z stdout F 2022-06-13T02:22:15.407544Z	info	Writing following contents to rules file: /tmp/iptables-rules-1655086935407347634.txt1451759963
2022-06-13T02:22:15.407913334Z stdout F * nat
2022-06-13T02:22:15.407915667Z stdout F -N ISTIO_INBOUND
2022-06-13T02:22:15.40791801Z stdout F -N ISTIO_REDIRECT
2022-06-13T02:22:15.407920283Z stdout F -N ISTIO_IN_REDIRECT
2022-06-13T02:22:15.407922837Z stdout F -N ISTIO_OUTPUT
2022-06-13T02:22:15.407925149Z stdout F -A ISTIO_INBOUND -p tcp --dport 15008 -j RETURN
2022-06-13T02:22:15.407927447Z stdout F -A ISTIO_REDIRECT -p tcp -j REDIRECT --to-ports 15001
2022-06-13T02:22:15.407929711Z stdout F -A ISTIO_IN_REDIRECT -p tcp -j REDIRECT --to-ports 15006
2022-06-13T02:22:15.407931932Z stdout F -A PREROUTING -p tcp -j ISTIO_INBOUND
2022-06-13T02:22:15.407934189Z stdout F -A ISTIO_INBOUND -p tcp --dport 15090 -j RETURN
2022-06-13T02:22:15.40793658Z stdout F -A ISTIO_INBOUND -p tcp --dport 15021 -j RETURN
2022-06-13T02:22:15.407938846Z stdout F -A ISTIO_INBOUND -p tcp --dport 15020 -j RETURN
2022-06-13T02:22:15.407941099Z stdout F -A ISTIO_INBOUND -p tcp -j ISTIO_IN_REDIRECT
2022-06-13T02:22:15.407943348Z stdout F -A OUTPUT -p tcp -j ISTIO_OUTPUT
2022-06-13T02:22:15.407945599Z stdout F -A ISTIO_OUTPUT -o lo -s 127.0.0.6/32 -j RETURN
2022-06-13T02:22:15.40794799Z stdout F -A ISTIO_OUTPUT -o lo ! -d 127.0.0.1/32 -m owner --uid-owner 1337 -j ISTIO_IN_REDIRECT
2022-06-13T02:22:15.407950241Z stdout F -A ISTIO_OUTPUT -o lo -m owner ! --uid-owner 1337 -j RETURN
2022-06-13T02:22:15.407952546Z stdout F -A ISTIO_OUTPUT -m owner --uid-owner 1337 -j RETURN
2022-06-13T02:22:15.40797546Z stdout F -A ISTIO_OUTPUT -o lo ! -d 127.0.0.1/32 -m owner --gid-owner 1337 -j ISTIO_IN_REDIRECT
2022-06-13T02:22:15.407980189Z stdout F -A ISTIO_OUTPUT -o lo -m owner ! --gid-owner 1337 -j RETURN
2022-06-13T02:22:15.407982603Z stdout F -A ISTIO_OUTPUT -m owner --gid-owner 1337 -j RETURN
2022-06-13T02:22:15.407984921Z stdout F -A ISTIO_OUTPUT -d 127.0.0.1/32 -j RETURN
2022-06-13T02:22:15.407987209Z stdout F -A ISTIO_OUTPUT -j ISTIO_REDIRECT
2022-06-13T02:22:15.407989527Z stdout F COMMIT
2022-06-13T02:22:15.407992449Z stdout F 2022-06-13T02:22:15.407612Z	info	Running command: iptables-restore --noflush /tmp/iptables-rules-1655086935407347634.txt1451759963
2022-06-13T02:22:15.411949825Z stdout F 2022-06-13T02:22:15.411644Z	info	Writing following contents to rules file: /tmp/ip6tables-rules-1655086935411493181.txt363614980
2022-06-13T02:22:15.411961799Z stdout F 
2022-06-13T02:22:15.411965581Z stdout F 2022-06-13T02:22:15.411718Z	info	Running command: ip6tables-restore --noflush /tmp/ip6tables-rules-1655086935411493181.txt363614980
2022-06-13T02:22:15.414535707Z stdout F 2022-06-13T02:22:15.414149Z	info	Running command: iptables-save 
2022-06-13T02:22:15.417476886Z stdout F 2022-06-13T02:22:15.417141Z	info	Command output: 
2022-06-13T02:22:15.417490966Z stdout F # Generated by iptables-save v1.8.4 on Mon Jun 13 02:22:15 2022
2022-06-13T02:22:15.417495915Z stdout F *nat
2022-06-13T02:22:15.417499423Z stdout F :PREROUTING ACCEPT [0:0]
2022-06-13T02:22:15.41750166Z stdout F :INPUT ACCEPT [0:0]
2022-06-13T02:22:15.417503959Z stdout F :OUTPUT ACCEPT [0:0]
2022-06-13T02:22:15.417506492Z stdout F :POSTROUTING ACCEPT [0:0]
2022-06-13T02:22:15.41750963Z stdout F :ISTIO_INBOUND - [0:0]
2022-06-13T02:22:15.417513217Z stdout F :ISTIO_IN_REDIRECT - [0:0]
2022-06-13T02:22:15.41751733Z stdout F :ISTIO_OUTPUT - [0:0]
2022-06-13T02:22:15.417525373Z stdout F :ISTIO_REDIRECT - [0:0]
2022-06-13T02:22:15.417533085Z stdout F -A PREROUTING -p tcp -j ISTIO_INBOUND
2022-06-13T02:22:15.417541979Z stdout F -A OUTPUT -p tcp -j ISTIO_OUTPUT
2022-06-13T02:22:15.417547952Z stdout F -A ISTIO_INBOUND -p tcp -m tcp --dport 15008 -j RETURN
2022-06-13T02:22:15.417550598Z stdout F -A ISTIO_INBOUND -p tcp -m tcp --dport 15090 -j RETURN
2022-06-13T02:22:15.417552854Z stdout F -A ISTIO_INBOUND -p tcp -m tcp --dport 15021 -j RETURN
2022-06-13T02:22:15.417555031Z stdout F -A ISTIO_INBOUND -p tcp -m tcp --dport 15020 -j RETURN
2022-06-13T02:22:15.41755717Z stdout F -A ISTIO_INBOUND -p tcp -j ISTIO_IN_REDIRECT
2022-06-13T02:22:15.417584247Z stdout F -A ISTIO_IN_REDIRECT -p tcp -j REDIRECT --to-ports 15006
2022-06-13T02:22:15.417587314Z stdout F -A ISTIO_OUTPUT -s 127.0.0.6/32 -o lo -j RETURN
2022-06-13T02:22:15.41758987Z stdout F -A ISTIO_OUTPUT ! -d 127.0.0.1/32 -o lo -m owner --uid-owner 1337 -j ISTIO_IN_REDIRECT
2022-06-13T02:22:15.417592934Z stdout F -A ISTIO_OUTPUT -o lo -m owner ! --uid-owner 1337 -j RETURN
2022-06-13T02:22:15.417595558Z stdout F -A ISTIO_OUTPUT -m owner --uid-owner 1337 -j RETURN
2022-06-13T02:22:15.417597787Z stdout F -A ISTIO_OUTPUT ! -d 127.0.0.1/32 -o lo -m owner --gid-owner 1337 -j ISTIO_IN_REDIRECT
2022-06-13T02:22:15.417599888Z stdout F -A ISTIO_OUTPUT -o lo -m owner ! --gid-owner 1337 -j RETURN
2022-06-13T02:22:15.417601996Z stdout F -A ISTIO_OUTPUT -m owner --gid-owner 1337 -j RETURN
2022-06-13T02:22:15.417604238Z stdout F -A ISTIO_OUTPUT -d 127.0.0.1/32 -j RETURN
2022-06-13T02:22:15.417606443Z stdout F -A ISTIO_OUTPUT -j ISTIO_REDIRECT
2022-06-13T02:22:15.417608597Z stdout F -A ISTIO_REDIRECT -p tcp -j REDIRECT --to-ports 15001
2022-06-13T02:22:15.417611043Z stdout F COMMIT
2022-06-13T02:22:15.417613395Z stdout F # Completed on Mon Jun 13 02:22:15 2022
2022-06-13T02:22:15.417615587Z stdout F 
