2022-05-09T07:01:35.651586357Z stdout F 2022-05-09 15:01:34.744  INFO [bootstrap,,,] 1 --- [           main] s.c.a.AnnotationConfigApplicationContext : Refreshing org.springframework.context.annotation.AnnotationConfigApplicationContext@48533e64: startup date [Mon May 09 15:01:34 CST 2022]; root of context hierarchy
2022-05-09T07:04:09.300095365Z stdout F 2022-05-09 15:04:09.240  INFO [bootstrap,,,] 1 --- [           main] trationDelegate$BeanPostProcessorChecker : Bean 'configurationPropertiesRebinderAutoConfiguration' of type [org.springframework.cloud.autoconfigure.ConfigurationPropertiesRebinderAutoConfiguration$$EnhancerBySpringCGLIB$$753e65fd] is not eligible for getting processed by all BeanPostProcessors (for example: not eligible for auto-proxying)
2022-05-09T07:04:37.79395989Z stdout F 
2022-05-09T07:04:37.794044797Z stdout F   .   ____          _            __ _ _
2022-05-09T07:04:37.79405824Z stdout F  /\\ / ___'_ __ _ _(_)_ __  __ _ \ \ \ \
2022-05-09T07:04:37.794130366Z stdout F ( ( )\___ | '_ | '_| | '_ \/ _` | \ \ \ \
2022-05-09T07:04:37.794138968Z stdout F  \\/  ___)| |_)| | | | | || (_| |  ) ) ) )
2022-05-09T07:04:37.794260849Z stdout F   '  |____| .__|_| |_|_| |_\__, | / / / /
2022-05-09T07:04:37.794280898Z stdout F  =========|_|==============|___/=/_/_/_/
2022-05-09T07:04:37.797108687Z stdout F  :: Spring Boot ::       (v1.5.22.RELEASE)
2022-05-09T07:04:37.797149209Z stdout F 
2022-05-09T07:04:39.537916049Z stdout F 2022-05-09 15:04:39.534  INFO [ts-travel-plan-service,,,] 1 --- [           main] travelplan.TravelPlanApplication         : No active profile set, falling back to default profiles: default
2022-05-09T07:04:41.396955474Z stdout F 2022-05-09 15:04:41.392  INFO [ts-travel-plan-service,,,] 1 --- [           main] ationConfigEmbeddedWebApplicationContext : Refreshing org.springframework.boot.context.embedded.AnnotationConfigEmbeddedWebApplicationContext@2b98378d: startup date [Mon May 09 15:04:41 CST 2022]; parent: org.springframework.context.annotation.AnnotationConfigApplicationContext@48533e64
2022-05-09T07:06:09.367259216Z stdout F 2022-05-09 15:06:09.366  INFO [ts-travel-plan-service,,,] 1 --- [           main] o.s.i.config.IntegrationRegistrar        : No bean named 'integrationHeaderChannelRegistry' has been explicitly defined. Therefore, a default DefaultHeaderChannelRegistry will be created.
2022-05-09T07:07:17.745151512Z stdout F 2022-05-09 15:07:17.743  INFO [ts-travel-plan-service,,,] 1 --- [           main] o.s.cloud.context.scope.GenericScope     : BeanFactory id=2aac6e10-3279-3034-97ca-c1d89ef1fd2d
2022-05-09T07:07:18.515013231Z stdout F 2022-05-09 15:07:18.514  INFO [ts-travel-plan-service,,,] 1 --- [           main] faultConfiguringBeanFactoryPostProcessor : No bean named 'errorChannel' has been explicitly defined. Therefore, a default PublishSubscribeChannel will be created.
2022-05-09T07:07:18.819330276Z stdout F 2022-05-09 15:07:18.818  INFO [ts-travel-plan-service,,,] 1 --- [           main] faultConfiguringBeanFactoryPostProcessor : No bean named 'taskScheduler' has been explicitly defined. Therefore, a default ThreadPoolTaskScheduler will be created.
2022-05-09T07:07:22.599488578Z stdout F 2022-05-09 15:07:22.599  INFO [ts-travel-plan-service,,,] 1 --- [           main] trationDelegate$BeanPostProcessorChecker : Bean 'org.springframework.cloud.sleuth.instrument.async.AsyncDefaultAutoConfiguration$DefaultAsyncConfigurerSupport' of type [org.springframework.cloud.sleuth.instrument.async.AsyncDefaultAutoConfiguration$DefaultAsyncConfigurerSupport$$EnhancerBySpringCGLIB$$966600c3] is not eligible for getting processed by all BeanPostProcessors (for example: not eligible for auto-proxying)
2022-05-09T07:07:25.496333331Z stdout F 2022-05-09 15:07:25.495  INFO [ts-travel-plan-service,,,] 1 --- [           main] trationDelegate$BeanPostProcessorChecker : Bean 'org.springframework.cloud.sleuth.annotation.SleuthAnnotationAutoConfiguration' of type [org.springframework.cloud.sleuth.annotation.SleuthAnnotationAutoConfiguration$$EnhancerBySpringCGLIB$$5b89a932] is not eligible for getting processed by all BeanPostProcessors (for example: not eligible for auto-proxying)
2022-05-09T07:07:29.77198017Z stdout F 2022-05-09 15:07:29.771  INFO [ts-travel-plan-service,,,] 1 --- [           main] trationDelegate$BeanPostProcessorChecker : Bean 'sleuthAdvisorConfig' of type [org.springframework.cloud.sleuth.annotation.SleuthAdvisorConfig] is not eligible for getting processed by all BeanPostProcessors (for example: not eligible for auto-proxying)
2022-05-09T07:07:31.331102637Z stdout F 2022-05-09 15:07:31.330  INFO [ts-travel-plan-service,,,] 1 --- [           main] trationDelegate$BeanPostProcessorChecker : Bean 'org.springframework.security.config.annotation.configuration.ObjectPostProcessorConfiguration' of type [org.springframework.security.config.annotation.configuration.ObjectPostProcessorConfiguration$$EnhancerBySpringCGLIB$$f1d22b3a] is not eligible for getting processed by all BeanPostProcessors (for example: not eligible for auto-proxying)
2022-05-09T07:07:32.467754728Z stdout F 2022-05-09 15:07:32.467  INFO [ts-travel-plan-service,,,] 1 --- [           main] trationDelegate$BeanPostProcessorChecker : Bean 'objectPostProcessor' of type [org.springframework.security.config.annotation.configuration.AutowireBeanFactoryObjectPostProcessor] is not eligible for getting processed by all BeanPostProcessors (for example: not eligible for auto-proxying)
2022-05-09T07:07:32.689789133Z stdout F 2022-05-09 15:07:32.688  INFO [ts-travel-plan-service,,,] 1 --- [           main] trationDelegate$BeanPostProcessorChecker : Bean 'org.springframework.security.access.expression.method.DefaultMethodSecurityExpressionHandler@f58853c' of type [org.springframework.security.access.expression.method.DefaultMethodSecurityExpressionHandler] is not eligible for getting processed by all BeanPostProcessors (for example: not eligible for auto-proxying)
2022-05-09T07:07:32.913684107Z stdout F 2022-05-09 15:07:32.913  INFO [ts-travel-plan-service,,,] 1 --- [           main] trationDelegate$BeanPostProcessorChecker : Bean 'org.springframework.security.config.annotation.method.configuration.GlobalMethodSecurityConfiguration' of type [org.springframework.security.config.annotation.method.configuration.GlobalMethodSecurityConfiguration$$EnhancerBySpringCGLIB$$16a6cdec] is not eligible for getting processed by all BeanPostProcessors (for example: not eligible for auto-proxying)
2022-05-09T07:07:34.249741316Z stdout F 2022-05-09 15:07:34.191  INFO [ts-travel-plan-service,,,] 1 --- [           main] trationDelegate$BeanPostProcessorChecker : Bean 'methodSecurityMetadataSource' of type [org.springframework.security.access.method.DelegatingMethodSecurityMetadataSource] is not eligible for getting processed by all BeanPostProcessors (for example: not eligible for auto-proxying)
2022-05-09T07:07:37.782387744Z stdout F 2022-05-09 15:07:37.781  INFO [ts-travel-plan-service,,,] 1 --- [           main] trationDelegate$BeanPostProcessorChecker : Bean 'integrationGlobalProperties' of type [org.springframework.beans.factory.config.PropertiesFactoryBean] is not eligible for getting processed by all BeanPostProcessors (for example: not eligible for auto-proxying)
2022-05-09T07:07:38.25938148Z stdout F 2022-05-09 15:07:38.202  INFO [ts-travel-plan-service,,,] 1 --- [           main] trationDelegate$BeanPostProcessorChecker : Bean 'integrationGlobalProperties' of type [java.util.Properties] is not eligible for getting processed by all BeanPostProcessors (for example: not eligible for auto-proxying)
2022-05-09T07:07:47.820764701Z stdout F 2022-05-09 15:07:47.819  INFO [ts-travel-plan-service,,,] 1 --- [           main] trationDelegate$BeanPostProcessorChecker : Bean 'org.springframework.cloud.autoconfigure.ConfigurationPropertiesRebinderAutoConfiguration' of type [org.springframework.cloud.autoconfigure.ConfigurationPropertiesRebinderAutoConfiguration$$EnhancerBySpringCGLIB$$753e65fd] is not eligible for getting processed by all BeanPostProcessors (for example: not eligible for auto-proxying)
2022-05-09T07:07:52.650834863Z stdout F 2022-05-09 15:07:52.649  INFO [ts-travel-plan-service,,,] 1 --- [           main] trationDelegate$BeanPostProcessorChecker : Bean 'org.springframework.cloud.sleuth.instrument.async.AsyncDefaultAutoConfiguration' of type [org.springframework.cloud.sleuth.instrument.async.AsyncDefaultAutoConfiguration$$EnhancerBySpringCGLIB$$41080f1f] is not eligible for getting processed by all BeanPostProcessors (for example: not eligible for auto-proxying)
2022-05-09T07:07:53.775638521Z stdout F 2022-05-09 15:07:53.774  INFO [ts-travel-plan-service,,,] 1 --- [           main] trationDelegate$BeanPostProcessorChecker : Bean 'org.springframework.cloud.sleuth.instrument.web.client.TraceWebClientAutoConfiguration' of type [org.springframework.cloud.sleuth.instrument.web.client.TraceWebClientAutoConfiguration$$EnhancerBySpringCGLIB$$5b72e7f] is not eligible for getting processed by all BeanPostProcessors (for example: not eligible for auto-proxying)
2022-05-09T07:09:10.08523537Z stdout F 2022-05-09 15:09:08.787  INFO [ts-travel-plan-service,,,] 1 --- [           main] s.b.c.e.t.TomcatEmbeddedServletContainer : Tomcat initialized with port(s): 14322 (http)
2022-05-09T07:09:18.310299182Z stdout F 2022-05-09 15:09:18.146  INFO [ts-travel-plan-service,,,] 1 --- [           main] o.apache.catalina.core.StandardService   : Starting service [Tomcat]
2022-05-09T07:09:18.312852959Z stdout F 2022-05-09 15:09:18.312  INFO [ts-travel-plan-service,,,] 1 --- [           main] org.apache.catalina.core.StandardEngine  : Starting Servlet Engine: Apache Tomcat/8.5.43
2022-05-09T07:09:25.460609696Z stdout F 2022-05-09 15:09:25.434  INFO [ts-travel-plan-service,,,] 1 --- [ost-startStop-1] o.a.c.c.C.[Tomcat].[localhost].[/]       : Initializing Spring embedded WebApplicationContext
2022-05-09T07:09:25.46094696Z stdout F 2022-05-09 15:09:25.460  INFO [ts-travel-plan-service,,,] 1 --- [ost-startStop-1] o.s.web.context.ContextLoader            : Root WebApplicationContext: initialization completed in 284068 ms
2022-05-09T07:10:32.772662885Z stdout F 2022-05-09 15:10:32.771  INFO [ts-travel-plan-service,,,] 1 --- [ost-startStop-1] o.s.b.w.servlet.FilterRegistrationBean   : Mapping filter: 'metricsFilter' to: [/*]
2022-05-09T07:10:32.795652148Z stdout F 2022-05-09 15:10:32.794  INFO [ts-travel-plan-service,,,] 1 --- [ost-startStop-1] o.s.b.w.servlet.FilterRegistrationBean   : Mapping filter: 'characterEncodingFilter' to: [/*]
2022-05-09T07:10:32.812902824Z stdout F 2022-05-09 15:10:32.812  INFO [ts-travel-plan-service,,,] 1 --- [ost-startStop-1] o.s.b.w.servlet.FilterRegistrationBean   : Mapping filter: 'traceFilter' to: [/*]
2022-05-09T07:10:32.833960382Z stdout F 2022-05-09 15:10:32.833  INFO [ts-travel-plan-service,,,] 1 --- [ost-startStop-1] o.s.b.w.servlet.FilterRegistrationBean   : Mapping filter: 'hiddenHttpMethodFilter' to: [/*]
2022-05-09T07:10:32.844920176Z stdout F 2022-05-09 15:10:32.844  INFO [ts-travel-plan-service,,,] 1 --- [ost-startStop-1] o.s.b.w.servlet.FilterRegistrationBean   : Mapping filter: 'httpPutFormContentFilter' to: [/*]
2022-05-09T07:10:32.858858693Z stdout F 2022-05-09 15:10:32.858  INFO [ts-travel-plan-service,,,] 1 --- [ost-startStop-1] o.s.b.w.servlet.FilterRegistrationBean   : Mapping filter: 'requestContextFilter' to: [/*]
2022-05-09T07:10:32.955869329Z stdout F 2022-05-09 15:10:32.955  INFO [ts-travel-plan-service,,,] 1 --- [ost-startStop-1] .s.DelegatingFilterProxyRegistrationBean : Mapping filter: 'springSecurityFilterChain' to: [/*]
2022-05-09T07:10:33.020101546Z stdout F 2022-05-09 15:10:33.019  INFO [ts-travel-plan-service,,,] 1 --- [ost-startStop-1] o.s.b.w.servlet.FilterRegistrationBean   : Mapping filter: 'webRequestLoggingFilter' to: [/*]
2022-05-09T07:10:33.050796383Z stdout F 2022-05-09 15:10:33.049  INFO [ts-travel-plan-service,,,] 1 --- [ost-startStop-1] o.s.b.w.servlet.FilterRegistrationBean   : Mapping filter: 'applicationContextIdFilter' to: [/*]
2022-05-09T07:10:33.068081591Z stdout F 2022-05-09 15:10:33.067  INFO [ts-travel-plan-service,,,] 1 --- [ost-startStop-1] o.s.b.w.servlet.ServletRegistrationBean  : Mapping servlet: 'dispatcherServlet' to [/]
2022-05-09T07:12:44.831600638Z stdout F 2022-05-09 15:12:44.771  INFO [ts-travel-plan-service,,,] 1 --- [           main] s.w.s.m.m.a.RequestMappingHandlerMapping : Mapped "{[/api/v1/travelplanservice/travelPlan/quickest],methods=[POST]}" onto public org.springframework.http.HttpEntity travelplan.controller.TravelPlanController.getByQuickest(travelplan.entity.TripInfo,org.springframework.http.HttpHeaders)
2022-05-09T07:12:44.94593943Z stdout F 2022-05-09 15:12:44.945  INFO [ts-travel-plan-service,,,] 1 --- [           main] s.w.s.m.m.a.RequestMappingHandlerMapping : Mapped "{[/api/v1/travelplanservice/travelPlan/minStation],methods=[POST]}" onto public org.springframework.http.HttpEntity travelplan.controller.TravelPlanController.getByMinStation(travelplan.entity.TripInfo,org.springframework.http.HttpHeaders)
2022-05-09T07:12:44.962212023Z stdout F 2022-05-09 15:12:44.961  INFO [ts-travel-plan-service,,,] 1 --- [           main] s.w.s.m.m.a.RequestMappingHandlerMapping : Mapped "{[/api/v1/travelplanservice/welcome],methods=[GET]}" onto public java.lang.String travelplan.controller.TravelPlanController.home()
2022-05-09T07:12:44.980144163Z stdout F 2022-05-09 15:12:44.979  INFO [ts-travel-plan-service,,,] 1 --- [           main] s.w.s.m.m.a.RequestMappingHandlerMapping : Mapped "{[/api/v1/travelplanservice/travelPlan/transferResult],methods=[POST]}" onto public org.springframework.http.HttpEntity travelplan.controller.TravelPlanController.getTransferResult(travelplan.entity.TransferTravelInfo,org.springframework.http.HttpHeaders)
2022-05-09T07:12:44.99249419Z stdout F 2022-05-09 15:12:44.991  INFO [ts-travel-plan-service,,,] 1 --- [           main] s.w.s.m.m.a.RequestMappingHandlerMapping : Mapped "{[/api/v1/travelplanservice/travelPlan/cheapest],methods=[POST]}" onto public org.springframework.http.HttpEntity travelplan.controller.TravelPlanController.getByCheapest(travelplan.entity.TripInfo,org.springframework.http.HttpHeaders)
2022-05-09T07:12:44.997838557Z stdout F 2022-05-09 15:12:44.996  INFO [ts-travel-plan-service,,,] 1 --- [           main] s.w.s.m.m.a.RequestMappingHandlerMapping : Mapped "{[/v2/api-docs],methods=[GET],produces=[application/json || application/hal+json]}" onto public org.springframework.http.ResponseEntity<springfox.documentation.spring.web.json.Json> springfox.documentation.swagger2.web.Swagger2Controller.getDocumentation(java.lang.String,javax.servlet.http.HttpServletRequest)
2022-05-09T07:12:45.129385716Z stdout F 2022-05-09 15:12:45.128  INFO [ts-travel-plan-service,,,] 1 --- [           main] s.w.s.m.m.a.RequestMappingHandlerMapping : Mapped "{[/swagger-resources]}" onto org.springframework.http.ResponseEntity<java.util.List<springfox.documentation.swagger.web.SwaggerResource>> springfox.documentation.swagger.web.ApiResourceController.swaggerResources()
2022-05-09T07:12:45.16090076Z stdout F 2022-05-09 15:12:45.160  INFO [ts-travel-plan-service,,,] 1 --- [           main] s.w.s.m.m.a.RequestMappingHandlerMapping : Mapped "{[/configuration/security]}" onto org.springframework.http.ResponseEntity<springfox.documentation.swagger.web.SecurityConfiguration> springfox.documentation.swagger.web.ApiResourceController.securityConfiguration()
2022-05-09T07:12:45.237634558Z stdout F 2022-05-09 15:12:45.236  INFO [ts-travel-plan-service,,,] 1 --- [           main] s.w.s.m.m.a.RequestMappingHandlerMapping : Mapped "{[/configuration/ui]}" onto org.springframework.http.ResponseEntity<springfox.documentation.swagger.web.UiConfiguration> springfox.documentation.swagger.web.ApiResourceController.uiConfiguration()
2022-05-09T07:12:45.539998746Z stdout F 2022-05-09 15:12:45.539  INFO [ts-travel-plan-service,,,] 1 --- [           main] s.w.s.m.m.a.RequestMappingHandlerMapping : Mapped "{[/error]}" onto public org.springframework.http.ResponseEntity<java.util.Map<java.lang.String, java.lang.Object>> org.springframework.boot.autoconfigure.web.BasicErrorController.error(javax.servlet.http.HttpServletRequest)
2022-05-09T07:12:45.569281398Z stdout F 2022-05-09 15:12:45.568  INFO [ts-travel-plan-service,,,] 1 --- [           main] s.w.s.m.m.a.RequestMappingHandlerMapping : Mapped "{[/error],produces=[text/html]}" onto public org.springframework.web.servlet.ModelAndView org.springframework.boot.autoconfigure.web.BasicErrorController.errorHtml(javax.servlet.http.HttpServletRequest,javax.servlet.http.HttpServletResponse)
2022-05-09T07:13:25.500847299Z stdout F 2022-05-09 15:13:25.497  INFO [ts-travel-plan-service,,,] 1 --- [           main] o.s.b.a.e.mvc.EndpointHandlerMapping     : Mapped "{[/auditevents || /auditevents.json],methods=[GET],produces=[application/vnd.spring-boot.actuator.v1+json || application/json]}" onto public org.springframework.http.ResponseEntity<?> org.springframework.boot.actuate.endpoint.mvc.AuditEventsMvcEndpoint.findByPrincipalAndAfterAndType(java.lang.String,java.util.Date,java.lang.String)
2022-05-09T07:13:25.577265776Z stdout F 2022-05-09 15:13:25.574  INFO [ts-travel-plan-service,,,] 1 --- [           main] o.s.b.a.e.mvc.EndpointHandlerMapping     : Mapped "{[/dump || /dump.json],methods=[GET],produces=[application/vnd.spring-boot.actuator.v1+json || application/json]}" onto public java.lang.Object org.springframework.boot.actuate.endpoint.mvc.EndpointMvcAdapter.invoke()
2022-05-09T07:13:25.911327209Z stdout F 2022-05-09 15:13:25.907  INFO [ts-travel-plan-service,,,] 1 --- [           main] o.s.b.a.e.mvc.EndpointHandlerMapping     : Mapped "{[/metrics/{name:.*}],methods=[GET],produces=[application/vnd.spring-boot.actuator.v1+json || application/json]}" onto public java.lang.Object org.springframework.boot.actuate.endpoint.mvc.MetricsMvcEndpoint.value(java.lang.String)
2022-05-09T07:13:25.911405136Z stdout F 2022-05-09 15:13:25.908  INFO [ts-travel-plan-service,,,] 1 --- [           main] o.s.b.a.e.mvc.EndpointHandlerMapping     : Mapped "{[/metrics || /metrics.json],methods=[GET],produces=[application/vnd.spring-boot.actuator.v1+json || application/json]}" onto public java.lang.Object org.springframework.boot.actuate.endpoint.mvc.EndpointMvcAdapter.invoke()
2022-05-09T07:13:26.125250605Z stdout F 2022-05-09 15:13:26.122  INFO [ts-travel-plan-service,,,] 1 --- [           main] o.s.b.a.e.mvc.EndpointHandlerMapping     : Mapped "{[/mappings || /mappings.json],methods=[GET],produces=[application/vnd.spring-boot.actuator.v1+json || application/json]}" onto public java.lang.Object org.springframework.boot.actuate.endpoint.mvc.EndpointMvcAdapter.invoke()
2022-05-09T07:13:26.181314169Z stdout F 2022-05-09 15:13:26.173  INFO [ts-travel-plan-service,,,] 1 --- [           main] o.s.b.a.e.mvc.EndpointHandlerMapping     : Mapped "{[/heapdump || /heapdump.json],methods=[GET],produces=[application/octet-stream]}" onto public void org.springframework.boot.actuate.endpoint.mvc.HeapdumpMvcEndpoint.invoke(boolean,javax.servlet.http.HttpServletRequest,javax.servlet.http.HttpServletResponse) throws java.io.IOException,javax.servlet.ServletException
2022-05-09T07:13:26.181523629Z stdout F 2022-05-09 15:13:26.174  INFO [ts-travel-plan-service,,,] 1 --- [           main] o.s.b.a.e.mvc.EndpointHandlerMapping     : Mapped "{[/trace || /trace.json],methods=[GET],produces=[application/vnd.spring-boot.actuator.v1+json || application/json]}" onto public java.lang.Object org.springframework.boot.actuate.endpoint.mvc.EndpointMvcAdapter.invoke()
2022-05-09T07:13:26.181539667Z stdout F 2022-05-09 15:13:26.175  INFO [ts-travel-plan-service,,,] 1 --- [           main] o.s.b.a.e.mvc.EndpointHandlerMapping     : Mapped "{[/info || /info.json],methods=[GET],produces=[application/vnd.spring-boot.actuator.v1+json || application/json]}" onto public java.lang.Object org.springframework.boot.actuate.endpoint.mvc.EndpointMvcAdapter.invoke()
2022-05-09T07:13:26.18154687Z stdout F 2022-05-09 15:13:26.176  INFO [ts-travel-plan-service,,,] 1 --- [           main] o.s.b.a.e.mvc.EndpointHandlerMapping     : Mapped "{[/configprops || /configprops.json],methods=[GET],produces=[application/vnd.spring-boot.actuator.v1+json || application/json]}" onto public java.lang.Object org.springframework.boot.actuate.endpoint.mvc.EndpointMvcAdapter.invoke()
2022-05-09T07:13:26.290070454Z stdout F 2022-05-09 15:13:26.287  INFO [ts-travel-plan-service,,,] 1 --- [           main] o.s.b.a.e.mvc.EndpointHandlerMapping     : Mapped "{[/features || /features.json],methods=[GET],produces=[application/vnd.spring-boot.actuator.v1+json || application/json]}" onto public java.lang.Object org.springframework.boot.actuate.endpoint.mvc.EndpointMvcAdapter.invoke()
2022-05-09T07:13:26.2901035Z stdout F 2022-05-09 15:13:26.288  INFO [ts-travel-plan-service,,,] 1 --- [           main] o.s.b.a.e.mvc.EndpointHandlerMapping     : Mapped "{[/beans || /beans.json],methods=[GET],produces=[application/vnd.spring-boot.actuator.v1+json || application/json]}" onto public java.lang.Object org.springframework.boot.actuate.endpoint.mvc.EndpointMvcAdapter.invoke()
2022-05-09T07:13:26.490232683Z stdout F 2022-05-09 15:13:26.489  INFO [ts-travel-plan-service,,,] 1 --- [           main] o.s.b.a.e.mvc.EndpointHandlerMapping     : Mapped "{[/env/{name:.*}],methods=[GET],produces=[application/vnd.spring-boot.actuator.v1+json || application/json]}" onto public java.lang.Object org.springframework.boot.actuate.endpoint.mvc.EnvironmentMvcEndpoint.value(java.lang.String)
2022-05-09T07:13:26.500994558Z stdout F 2022-05-09 15:13:26.497  INFO [ts-travel-plan-service,,,] 1 --- [           main] o.s.b.a.e.mvc.EndpointHandlerMapping     : Mapped "{[/env || /env.json],methods=[GET],produces=[application/vnd.spring-boot.actuator.v1+json || application/json]}" onto public java.lang.Object org.springframework.boot.actuate.endpoint.mvc.EndpointMvcAdapter.invoke()
2022-05-09T07:13:26.523203089Z stdout F 2022-05-09 15:13:26.522  INFO [ts-travel-plan-service,,,] 1 --- [           main] o.s.b.a.e.mvc.EndpointHandlerMapping     : Mapped "{[/loggers/{name:.*}],methods=[GET],produces=[application/vnd.spring-boot.actuator.v1+json || application/json]}" onto public java.lang.Object org.springframework.boot.actuate.endpoint.mvc.LoggersMvcEndpoint.get(java.lang.String)
2022-05-09T07:13:26.650131885Z stdout F 2022-05-09 15:13:26.649  INFO [ts-travel-plan-service,,,] 1 --- [           main] o.s.b.a.e.mvc.EndpointHandlerMapping     : Mapped "{[/loggers/{name:.*}],methods=[POST],consumes=[application/vnd.spring-boot.actuator.v1+json || application/json],produces=[application/vnd.spring-boot.actuator.v1+json || application/json]}" onto public java.lang.Object org.springframework.boot.actuate.endpoint.mvc.LoggersMvcEndpoint.set(java.lang.String,java.util.Map<java.lang.String, java.lang.String>)
2022-05-09T07:13:26.650454204Z stdout F 2022-05-09 15:13:26.650  INFO [ts-travel-plan-service,,,] 1 --- [           main] o.s.b.a.e.mvc.EndpointHandlerMapping     : Mapped "{[/loggers || /loggers.json],methods=[GET],produces=[application/vnd.spring-boot.actuator.v1+json || application/json]}" onto public java.lang.Object org.springframework.boot.actuate.endpoint.mvc.EndpointMvcAdapter.invoke()
2022-05-09T07:13:26.651259815Z stdout F 2022-05-09 15:13:26.650  INFO [ts-travel-plan-service,,,] 1 --- [           main] o.s.b.a.e.mvc.EndpointHandlerMapping     : Mapped "{[/env],methods=[POST]}" onto public java.lang.Object org.springframework.cloud.context.environment.EnvironmentManagerMvcEndpoint.value(java.util.Map<java.lang.String, java.lang.String>)
2022-05-09T07:13:26.651487448Z stdout F 2022-05-09 15:13:26.651  INFO [ts-travel-plan-service,,,] 1 --- [           main] o.s.b.a.e.mvc.EndpointHandlerMapping     : Mapped "{[/env/reset],methods=[POST]}" onto public java.util.Map<java.lang.String, java.lang.Object> org.springframework.cloud.context.environment.EnvironmentManagerMvcEndpoint.reset()
2022-05-09T07:13:26.652375947Z stdout F 2022-05-09 15:13:26.652  INFO [ts-travel-plan-service,,,] 1 --- [           main] o.s.b.a.e.mvc.EndpointHandlerMapping     : Mapped "{[/health || /health.json],methods=[GET],produces=[application/vnd.spring-boot.actuator.v1+json || application/json]}" onto public java.lang.Object org.springframework.boot.actuate.endpoint.mvc.HealthMvcEndpoint.invoke(javax.servlet.http.HttpServletRequest,java.security.Principal)
2022-05-09T07:13:26.652968523Z stdout F 2022-05-09 15:13:26.652  INFO [ts-travel-plan-service,,,] 1 --- [           main] o.s.b.a.e.mvc.EndpointHandlerMapping     : Mapped "{[/refresh || /refresh.json],methods=[POST]}" onto public java.lang.Object org.springframework.cloud.endpoint.GenericPostableMvcEndpoint.invoke()
2022-05-09T07:13:26.713690892Z stdout F 2022-05-09 15:13:26.712  INFO [ts-travel-plan-service,,,] 1 --- [           main] o.s.b.a.e.mvc.EndpointHandlerMapping     : Mapped "{[/autoconfig || /autoconfig.json],methods=[GET],produces=[application/vnd.spring-boot.actuator.v1+json || application/json]}" onto public java.lang.Object org.springframework.boot.actuate.endpoint.mvc.EndpointMvcAdapter.invoke()
2022-05-09T07:13:42.802906785Z stdout F 2022-05-09 15:13:42.802  INFO [ts-travel-plan-service,,,] 1 --- [           main] b.a.s.AuthenticationManagerConfiguration : 
2022-05-09T07:13:42.802953165Z stdout F 
2022-05-09T07:13:42.802962546Z stdout F Using default security password: c8d11ea5-e930-4abc-9e60-27db73539b5e
2022-05-09T07:13:42.802968016Z stdout F 
2022-05-09T07:13:49.97973342Z stdout F 2022-05-09 15:13:49.970  INFO [ts-travel-plan-service,,,] 1 --- [           main] o.s.s.web.DefaultSecurityFilterChain     : Creating filter chain: org.springframework.security.web.util.matcher.AnyRequestMatcher@1, [org.springframework.security.web.context.request.async.WebAsyncManagerIntegrationFilter@3c9168dc, org.springframework.security.web.context.SecurityContextPersistenceFilter@591e58fa, org.springframework.security.web.header.HeaderWriterFilter@6a1d204a, org.springframework.security.web.authentication.logout.LogoutFilter@1cb3ec38, edu.fudan.common.security.jwt.JWTFilter@332a7fce, org.springframework.security.web.savedrequest.RequestCacheAwareFilter@ce5a68e, org.springframework.security.web.servletapi.SecurityContextHolderAwareRequestFilter@5df417a7, org.springframework.security.web.authentication.AnonymousAuthenticationFilter@549621f3, org.springframework.security.web.session.SessionManagementFilter@4b6579e8, org.springframework.security.web.access.ExceptionTranslationFilter@25bcd0c7, org.springframework.security.web.access.intercept.FilterSecurityInterceptor@5af28b27]
2022-05-09T07:13:54.957093267Z stdout F 2022-05-09 15:13:54.940  INFO [ts-travel-plan-service,,,] 1 --- [           main] o.s.w.s.handler.SimpleUrlHandlerMapping  : Mapped URL path [/webjars/**] onto handler of type [class org.springframework.web.servlet.resource.ResourceHttpRequestHandler]
2022-05-09T07:13:54.96791548Z stdout F 2022-05-09 15:13:54.967  INFO [ts-travel-plan-service,,,] 1 --- [           main] o.s.w.s.handler.SimpleUrlHandlerMapping  : Mapped URL path [/**] onto handler of type [class org.springframework.web.servlet.resource.ResourceHttpRequestHandler]
2022-05-09T07:13:55.840551088Z stdout F 2022-05-09 15:13:55.802  INFO [ts-travel-plan-service,,,] 1 --- [           main] o.s.w.s.handler.SimpleUrlHandlerMapping  : Mapped URL path [/**/favicon.ico] onto handler of type [class org.springframework.web.servlet.resource.ResourceHttpRequestHandler]
2022-05-09T07:13:57.776717764Z stdout F 2022-05-09 15:13:57.775  INFO [ts-travel-plan-service,,,] 1 --- [           main] o.s.s.web.DefaultSecurityFilterChain     : Creating filter chain: org.springframework.boot.actuate.autoconfigure.ManagementWebSecurityAutoConfiguration$LazyEndpointPathRequestMatcher@7f811d00, [org.springframework.security.web.context.request.async.WebAsyncManagerIntegrationFilter@62923ee6, org.springframework.security.web.context.SecurityContextPersistenceFilter@1fc0053e, org.springframework.security.web.header.HeaderWriterFilter@389adf1d, org.springframework.web.filter.CorsFilter@4089713, org.springframework.security.web.authentication.logout.LogoutFilter@33617539, org.springframework.security.web.authentication.www.BasicAuthenticationFilter@1bdf8190, org.springframework.security.web.savedrequest.RequestCacheAwareFilter@290b1b2e, org.springframework.security.web.servletapi.SecurityContextHolderAwareRequestFilter@47874b25, org.springframework.security.web.authentication.AnonymousAuthenticationFilter@f19c9d2, org.springframework.security.web.session.SessionManagementFilter@77307458, org.springframework.security.web.access.ExceptionTranslationFilter@7bf9b098, org.springframework.security.web.access.intercept.FilterSecurityInterceptor@6fefce9e]
2022-05-09T07:14:02.69369659Z stdout F 2022-05-09 15:14:02.693  INFO [ts-travel-plan-service,,,] 1 --- [           main] s.w.s.m.m.a.RequestMappingHandlerAdapter : Looking for @ControllerAdvice: org.springframework.boot.context.embedded.AnnotationConfigEmbeddedWebApplicationContext@2b98378d: startup date [Mon May 09 15:04:41 CST 2022]; parent: org.springframework.context.annotation.AnnotationConfigApplicationContext@48533e64
2022-05-09T07:14:34.782269943Z stdout F 2022-05-09 15:14:34.779  INFO [ts-travel-plan-service,,,] 1 --- [           main] o.s.s.c.ThreadPoolTaskScheduler          : Initializing ExecutorService  'taskScheduler'
2022-05-09T07:15:25.988434066Z stdout F 2022-05-09 15:15:25.987  INFO [ts-travel-plan-service,,,] 1 --- [           main] o.s.s.c.ThreadPoolTaskScheduler          : Initializing ExecutorService 
2022-05-09T07:15:38.616685816Z stdout F 2022-05-09 15:15:38.615  INFO [ts-travel-plan-service,,,] 1 --- [           main] o.s.j.e.a.AnnotationMBeanExporter        : Registering beans for JMX exposure on startup
2022-05-09T07:15:39.401063886Z stdout F 2022-05-09 15:15:39.400  INFO [ts-travel-plan-service,,,] 1 --- [           main] o.s.j.e.a.AnnotationMBeanExporter        : Bean with name 'configurationPropertiesRebinder' has been autodetected for JMX exposure
2022-05-09T07:15:39.430135878Z stdout F 2022-05-09 15:15:39.429  INFO [ts-travel-plan-service,,,] 1 --- [           main] o.s.j.e.a.AnnotationMBeanExporter        : Bean with name 'refreshEndpoint' has been autodetected for JMX exposure
2022-05-09T07:15:39.431765727Z stdout F 2022-05-09 15:15:39.431  INFO [ts-travel-plan-service,,,] 1 --- [           main] o.s.j.e.a.AnnotationMBeanExporter        : Bean with name 'environmentManager' has been autodetected for JMX exposure
2022-05-09T07:15:39.477804245Z stdout F 2022-05-09 15:15:39.477  INFO [ts-travel-plan-service,,,] 1 --- [           main] o.s.j.e.a.AnnotationMBeanExporter        : Bean with name 'refreshScope' has been autodetected for JMX exposure
2022-05-09T07:15:39.69275572Z stdout F 2022-05-09 15:15:39.691  INFO [ts-travel-plan-service,,,] 1 --- [           main] o.s.j.e.a.AnnotationMBeanExporter        : Located managed bean 'environmentManager': registering with JMX server as MBean [org.springframework.cloud.context.environment:name=environmentManager,type=EnvironmentManager]
2022-05-09T07:15:40.665989731Z stdout F 2022-05-09 15:15:40.665  INFO [ts-travel-plan-service,,,] 1 --- [           main] o.s.j.e.a.AnnotationMBeanExporter        : Located managed bean 'refreshScope': registering with JMX server as MBean [org.springframework.cloud.context.scope.refresh:name=refreshScope,type=RefreshScope]
2022-05-09T07:15:41.068200297Z stdout F 2022-05-09 15:15:41.067  INFO [ts-travel-plan-service,,,] 1 --- [           main] o.s.j.e.a.AnnotationMBeanExporter        : Located managed bean 'configurationPropertiesRebinder': registering with JMX server as MBean [org.springframework.cloud.context.properties:name=configurationPropertiesRebinder,context=2b98378d,type=ConfigurationPropertiesRebinder]
2022-05-09T07:15:41.21576054Z stdout F 2022-05-09 15:15:41.215  INFO [ts-travel-plan-service,,,] 1 --- [           main] o.s.j.e.a.AnnotationMBeanExporter        : Located managed bean 'refreshEndpoint': registering with JMX server as MBean [org.springframework.cloud.endpoint:name=refreshEndpoint,type=RefreshEndpoint]
2022-05-09T07:15:57.369059919Z stdout F 2022-05-09 15:15:57.366  INFO [ts-travel-plan-service,,,] 1 --- [           main] o.s.c.support.DefaultLifecycleProcessor  : Starting beans in phase 0
2022-05-09T07:16:00.600909819Z stdout F 2022-05-09 15:16:00.599  INFO [ts-travel-plan-service,,,] 1 --- [           main] o.s.i.endpoint.EventDrivenConsumer       : Adding {logging-channel-adapter:_org.springframework.integration.errorLogger} as a subscriber to the 'errorChannel' channel
2022-05-09T07:16:00.601360123Z stdout F 2022-05-09 15:16:00.600  INFO [ts-travel-plan-service,,,] 1 --- [           main] o.s.i.channel.PublishSubscribeChannel    : Channel 'ts-travel-plan-service:14322.errorChannel' has 1 subscriber(s).
2022-05-09T07:16:00.602337545Z stdout F 2022-05-09 15:16:00.601  INFO [ts-travel-plan-service,,,] 1 --- [           main] o.s.i.endpoint.EventDrivenConsumer       : started _org.springframework.integration.errorLogger
2022-05-09T07:16:01.356789454Z stdout F 2022-05-09 15:16:01.356  INFO [ts-travel-plan-service,,,] 1 --- [           main] d.s.w.p.DocumentationPluginsBootstrapper : Context refreshed
2022-05-09T07:16:02.997370163Z stdout F 2022-05-09 15:16:02.937  INFO [ts-travel-plan-service,,,] 1 --- [           main] d.s.w.p.DocumentationPluginsBootstrapper : Found 1 custom documentation plugin(s)
2022-05-09T07:16:03.491250152Z stdout F 2022-05-09 15:16:03.450  INFO [ts-travel-plan-service,,,] 1 --- [           main] s.d.s.w.s.ApiListingReferenceScanner     : Scanning for api listing references
2022-05-09T07:16:13.907706153Z stdout F 2022-05-09 15:16:13.904  INFO [ts-travel-plan-service,,,] 1 --- [           main] .d.s.w.r.o.CachingOperationNameGenerator : Generating unique operation named: findByPrincipalAndAfterAndTypeUsingGET_1
2022-05-09T07:16:25.271270949Z stdout F 2022-05-09 15:16:25.251  INFO [ts-travel-plan-service,,,] 1 --- [           main] .d.s.w.r.o.CachingOperationNameGenerator : Generating unique operation named: invokeUsingGET_1
2022-05-09T07:16:25.828748956Z stdout F 2022-05-09 15:16:25.442  INFO [ts-travel-plan-service,,,] 1 --- [           main] .d.s.w.r.o.CachingOperationNameGenerator : Generating unique operation named: invokeUsingGET_2
2022-05-09T07:16:25.843140465Z stdout F 2022-05-09 15:16:25.842  INFO [ts-travel-plan-service,,,] 1 --- [           main] .d.s.w.r.o.CachingOperationNameGenerator : Generating unique operation named: invokeUsingGET_3
2022-05-09T07:16:26.385592647Z stdout F 2022-05-09 15:16:26.351  INFO [ts-travel-plan-service,,,] 1 --- [           main] .d.s.w.r.o.CachingOperationNameGenerator : Generating unique operation named: invokeUsingGET_4
2022-05-09T07:16:26.468482932Z stdout F 2022-05-09 15:16:26.467  INFO [ts-travel-plan-service,,,] 1 --- [           main] .d.s.w.r.o.CachingOperationNameGenerator : Generating unique operation named: invokeUsingGET_5
2022-05-09T07:16:26.602272017Z stdout F 2022-05-09 15:16:26.600  INFO [ts-travel-plan-service,,,] 1 --- [           main] .d.s.w.r.o.CachingOperationNameGenerator : Generating unique operation named: invokeUsingGET_6
2022-05-09T07:16:26.800757939Z stdout F 2022-05-09 15:16:26.798  INFO [ts-travel-plan-service,,,] 1 --- [           main] .d.s.w.r.o.CachingOperationNameGenerator : Generating unique operation named: invokeUsingGET_7
2022-05-09T07:16:26.875622893Z stdout F 2022-05-09 15:16:26.828  INFO [ts-travel-plan-service,,,] 1 --- [           main] .d.s.w.r.o.CachingOperationNameGenerator : Generating unique operation named: invokeUsingGET_8
2022-05-09T07:16:26.969372442Z stdout F 2022-05-09 15:16:26.950  INFO [ts-travel-plan-service,,,] 1 --- [           main] .d.s.w.r.o.CachingOperationNameGenerator : Generating unique operation named: invokeUsingGET_9
2022-05-09T07:16:27.092948749Z stdout F 2022-05-09 15:16:27.075  INFO [ts-travel-plan-service,,,] 1 --- [           main] .d.s.w.r.o.CachingOperationNameGenerator : Generating unique operation named: invokeUsingGET_10
2022-05-09T07:16:27.195297964Z stdout F 2022-05-09 15:16:27.159  INFO [ts-travel-plan-service,,,] 1 --- [           main] .d.s.w.r.o.CachingOperationNameGenerator : Generating unique operation named: invokeUsingGET_11
2022-05-09T07:16:27.205788184Z stdout F 2022-05-09 15:16:27.205  INFO [ts-travel-plan-service,,,] 1 --- [           main] .d.s.w.r.o.CachingOperationNameGenerator : Generating unique operation named: invokeUsingGET_12
2022-05-09T07:16:27.324155853Z stdout F 2022-05-09 15:16:27.256  INFO [ts-travel-plan-service,,,] 1 --- [           main] .d.s.w.r.o.CachingOperationNameGenerator : Generating unique operation named: invokeUsingGET_13
2022-05-09T07:16:27.577436926Z stdout F 2022-05-09 15:16:27.492  INFO [ts-travel-plan-service,,,] 1 --- [           main] .d.s.w.r.o.CachingOperationNameGenerator : Generating unique operation named: invokeUsingGET_14
2022-05-09T07:16:27.671374623Z stdout F 2022-05-09 15:16:27.669  INFO [ts-travel-plan-service,,,] 1 --- [           main] .d.s.w.r.o.CachingOperationNameGenerator : Generating unique operation named: invokeUsingGET_15
2022-05-09T07:16:28.280427062Z stdout F 2022-05-09 15:16:28.279  INFO [ts-travel-plan-service,,,] 1 --- [           main] .d.s.w.r.o.CachingOperationNameGenerator : Generating unique operation named: invokeUsingGET_16
2022-05-09T07:16:28.403415923Z stdout F 2022-05-09 15:16:28.401  INFO [ts-travel-plan-service,,,] 1 --- [           main] .d.s.w.r.o.CachingOperationNameGenerator : Generating unique operation named: invokeUsingGET_17
2022-05-09T07:16:28.859113438Z stdout F 2022-05-09 15:16:28.858  INFO [ts-travel-plan-service,,,] 1 --- [           main] .d.s.w.r.o.CachingOperationNameGenerator : Generating unique operation named: invokeUsingPOST_1
2022-05-09T07:16:29.41165765Z stdout F 2022-05-09 15:16:29.410  INFO [ts-travel-plan-service,,,] 1 --- [           main] .d.s.w.r.o.CachingOperationNameGenerator : Generating unique operation named: invokeUsingGET_18
2022-05-09T07:16:29.594410563Z stdout F 2022-05-09 15:16:29.593  INFO [ts-travel-plan-service,,,] 1 --- [           main] .d.s.w.r.o.CachingOperationNameGenerator : Generating unique operation named: invokeUsingGET_19
2022-05-09T07:16:29.807091658Z stdout F 2022-05-09 15:16:29.806  INFO [ts-travel-plan-service,,,] 1 --- [           main] .d.s.w.r.o.CachingOperationNameGenerator : Generating unique operation named: invokeUsingGET_20
2022-05-09T07:16:29.901103712Z stdout F 2022-05-09 15:16:29.900  INFO [ts-travel-plan-service,,,] 1 --- [           main] .d.s.w.r.o.CachingOperationNameGenerator : Generating unique operation named: invokeUsingGET_21
2022-05-09T07:16:30.3735091Z stdout F 2022-05-09 15:16:30.336  INFO [ts-travel-plan-service,,,] 1 --- [           main] .d.s.w.r.o.CachingOperationNameGenerator : Generating unique operation named: invokeUsingGET_22
2022-05-09T07:16:30.59605292Z stdout F 2022-05-09 15:16:30.593  INFO [ts-travel-plan-service,,,] 1 --- [           main] .d.s.w.r.o.CachingOperationNameGenerator : Generating unique operation named: invokeUsingGET_23
2022-05-09T07:16:30.938245628Z stdout F 2022-05-09 15:16:30.937  INFO [ts-travel-plan-service,,,] 1 --- [           main] .d.s.w.r.o.CachingOperationNameGenerator : Generating unique operation named: invokeUsingGET_24
2022-05-09T07:16:30.98689613Z stdout F 2022-05-09 15:16:30.985  INFO [ts-travel-plan-service,,,] 1 --- [           main] .d.s.w.r.o.CachingOperationNameGenerator : Generating unique operation named: invokeUsingGET_25
2022-05-09T07:16:31.239288508Z stdout F 2022-05-09 15:16:31.238  INFO [ts-travel-plan-service,,,] 1 --- [           main] .d.s.w.r.o.CachingOperationNameGenerator : Generating unique operation named: valueUsingGET_1
2022-05-09T07:16:34.243027849Z stdout F 2022-05-09 15:16:34.242  INFO [ts-travel-plan-service,,,] 1 --- [           main] s.b.c.e.t.TomcatEmbeddedServletContainer : Tomcat started on port(s): 14322 (http)
2022-05-09T07:16:34.537822922Z stdout F 2022-05-09 15:16:34.536  INFO [ts-travel-plan-service,,,] 1 --- [           main] travelplan.TravelPlanApplication         : Started TravelPlanApplication in 936.103 seconds (JVM running for 1031.443)
