2022-05-09T21:46:08.677884945Z stdout F 2022-05-09T21:46:08.674784Z	info	Istio iptables environment:
2022-05-09T21:46:08.677937355Z stdout F ENVOY_PORT=
2022-05-09T21:46:08.678037599Z stdout F INBOUND_CAPTURE_PORT=
2022-05-09T21:46:08.678046405Z stdout F ISTIO_INBOUND_INTERCEPTION_MODE=
2022-05-09T21:46:08.678051679Z stdout F ISTIO_INBOUND_TPROXY_ROUTE_TABLE=
2022-05-09T21:46:08.678056011Z stdout F ISTIO_INBOUND_PORTS=
2022-05-09T21:46:08.678059901Z stdout F ISTIO_OUTBOUND_PORTS=
2022-05-09T21:46:08.678066047Z stdout F ISTIO_LOCAL_EXCLUDE_PORTS=
2022-05-09T21:46:08.678073893Z stdout F ISTIO_EXCLUDE_INTERFACES=
2022-05-09T21:46:08.678083686Z stdout F ISTIO_SERVICE_CIDR=
2022-05-09T21:46:08.678091455Z stdout F ISTIO_SERVICE_EXCLUDE_CIDR=
2022-05-09T21:46:08.678102882Z stdout F ISTIO_META_DNS_CAPTURE=
2022-05-09T21:46:08.678111747Z stdout F INVALID_DROP=
2022-05-09T21:46:08.678120157Z stdout F 
2022-05-09T21:46:08.678128104Z stdout F 2022-05-09T21:46:08.674927Z	info	Istio iptables variables:
2022-05-09T21:46:08.678136446Z stdout F PROXY_PORT=15001
2022-05-09T21:46:08.678141762Z stdout F PROXY_INBOUND_CAPTURE_PORT=15006
2022-05-09T21:46:08.67814702Z stdout F PROXY_TUNNEL_PORT=15008
2022-05-09T21:46:08.678150495Z stdout F PROXY_UID=1337
2022-05-09T21:46:08.678154111Z stdout F PROXY_GID=1337
2022-05-09T21:46:08.678158317Z stdout F INBOUND_INTERCEPTION_MODE=REDIRECT
2022-05-09T21:46:08.678162397Z stdout F INBOUND_TPROXY_MARK=1337
2022-05-09T21:46:08.678166589Z stdout F INBOUND_TPROXY_ROUTE_TABLE=133
2022-05-09T21:46:08.678170789Z stdout F INBOUND_PORTS_INCLUDE=*
2022-05-09T21:46:08.678174836Z stdout F INBOUND_PORTS_EXCLUDE=15090,15021,15020
2022-05-09T21:46:08.678178977Z stdout F OUTBOUND_IP_RANGES_INCLUDE=*
2022-05-09T21:46:08.678181713Z stdout F OUTBOUND_IP_RANGES_EXCLUDE=
2022-05-09T21:46:08.678184146Z stdout F OUTBOUND_PORTS_INCLUDE=
2022-05-09T21:46:08.678186603Z stdout F OUTBOUND_PORTS_EXCLUDE=
2022-05-09T21:46:08.678250469Z stdout F KUBE_VIRT_INTERFACES=
2022-05-09T21:46:08.67825799Z stdout F ENABLE_INBOUND_IPV6=false
2022-05-09T21:46:08.678261934Z stdout F DNS_CAPTURE=false
2022-05-09T21:46:08.678266032Z stdout F DROP_INVALID=false
2022-05-09T21:46:08.678269982Z stdout F CAPTURE_ALL_DNS=false
2022-05-09T21:46:08.678274364Z stdout F DNS_SERVERS=[],[]
2022-05-09T21:46:08.678278594Z stdout F OUTPUT_PATH=
2022-05-09T21:46:08.678283214Z stdout F NETWORK_NAMESPACE=
2022-05-09T21:46:08.678287433Z stdout F CNI_MODE=false
2022-05-09T21:46:08.678291287Z stdout F EXCLUDE_INTERFACES=
2022-05-09T21:46:08.678295201Z stdout F 
2022-05-09T21:46:08.680332411Z stdout F 2022-05-09T21:46:08.677831Z	info	Writing following contents to rules file: /tmp/iptables-rules-1652132768675051998.txt198047432
2022-05-09T21:46:08.680769233Z stdout F * nat
2022-05-09T21:46:08.680778758Z stdout F -N ISTIO_INBOUND
2022-05-09T21:46:08.680782617Z stdout F -N ISTIO_REDIRECT
2022-05-09T21:46:08.680785187Z stdout F -N ISTIO_IN_REDIRECT
2022-05-09T21:46:08.680787754Z stdout F -N ISTIO_OUTPUT
2022-05-09T21:46:08.680790661Z stdout F -A ISTIO_INBOUND -p tcp --dport 15008 -j RETURN
2022-05-09T21:46:08.680793556Z stdout F -A ISTIO_REDIRECT -p tcp -j REDIRECT --to-ports 15001
2022-05-09T21:46:08.680796026Z stdout F -A ISTIO_IN_REDIRECT -p tcp -j REDIRECT --to-ports 15006
2022-05-09T21:46:08.680798509Z stdout F -A PREROUTING -p tcp -j ISTIO_INBOUND
2022-05-09T21:46:08.680800956Z stdout F -A ISTIO_INBOUND -p tcp --dport 15090 -j RETURN
2022-05-09T21:46:08.680803378Z stdout F -A ISTIO_INBOUND -p tcp --dport 15021 -j RETURN
2022-05-09T21:46:08.680805817Z stdout F -A ISTIO_INBOUND -p tcp --dport 15020 -j RETURN
2022-05-09T21:46:08.680808264Z stdout F -A ISTIO_INBOUND -p tcp -j ISTIO_IN_REDIRECT
2022-05-09T21:46:08.680811027Z stdout F -A OUTPUT -p tcp -j ISTIO_OUTPUT
2022-05-09T21:46:08.680813496Z stdout F -A ISTIO_OUTPUT -o lo -s 127.0.0.6/32 -j RETURN
2022-05-09T21:46:08.680816256Z stdout F -A ISTIO_OUTPUT -o lo ! -d 127.0.0.1/32 -m owner --uid-owner 1337 -j ISTIO_IN_REDIRECT
2022-05-09T21:46:08.680818682Z stdout F -A ISTIO_OUTPUT -o lo -m owner ! --uid-owner 1337 -j RETURN
2022-05-09T21:46:08.680910771Z stdout F -A ISTIO_OUTPUT -m owner --uid-owner 1337 -j RETURN
2022-05-09T21:46:08.680917408Z stdout F -A ISTIO_OUTPUT -o lo ! -d 127.0.0.1/32 -m owner --gid-owner 1337 -j ISTIO_IN_REDIRECT
2022-05-09T21:46:08.68092002Z stdout F -A ISTIO_OUTPUT -o lo -m owner ! --gid-owner 1337 -j RETURN
2022-05-09T21:46:08.680922553Z stdout F -A ISTIO_OUTPUT -m owner --gid-owner 1337 -j RETURN
2022-05-09T21:46:08.68092506Z stdout F -A ISTIO_OUTPUT -d 127.0.0.1/32 -j RETURN
2022-05-09T21:46:08.68092755Z stdout F -A ISTIO_OUTPUT -j ISTIO_REDIRECT
2022-05-09T21:46:08.680930167Z stdout F COMMIT
2022-05-09T21:46:08.68093322Z stdout F 2022-05-09T21:46:08.677917Z	info	Running command: iptables-restore --noflush /tmp/iptables-rules-1652132768675051998.txt198047432
2022-05-09T21:46:08.728921601Z stdout F 2022-05-09T21:46:08.726202Z	info	Writing following contents to rules file: /tmp/ip6tables-rules-1652132768726097416.txt236994235
2022-05-09T21:46:08.728952526Z stdout F 
2022-05-09T21:46:08.728958876Z stdout F 2022-05-09T21:46:08.726300Z	info	Running command: ip6tables-restore --noflush /tmp/ip6tables-rules-1652132768726097416.txt236994235
2022-05-09T21:46:08.851783309Z stdout F 2022-05-09T21:46:08.845028Z	info	Running command: iptables-save 
2022-05-09T21:46:08.89332369Z stdout F 2022-05-09T21:46:08.891655Z	info	Command output: 
2022-05-09T21:46:08.893352263Z stdout F # Generated by iptables-save v1.8.4 on Mon May  9 21:46:08 2022
2022-05-09T21:46:08.893358726Z stdout F *nat
2022-05-09T21:46:08.893378567Z stdout F :PREROUTING ACCEPT [0:0]
2022-05-09T21:46:08.893384725Z stdout F :INPUT ACCEPT [0:0]
2022-05-09T21:46:08.89338903Z stdout F :OUTPUT ACCEPT [0:0]
2022-05-09T21:46:08.893393803Z stdout F :POSTROUTING ACCEPT [0:0]
2022-05-09T21:46:08.893397924Z stdout F :ISTIO_INBOUND - [0:0]
2022-05-09T21:46:08.893403254Z stdout F :ISTIO_IN_REDIRECT - [0:0]
2022-05-09T21:46:08.893420086Z stdout F :ISTIO_OUTPUT - [0:0]
2022-05-09T21:46:08.893428158Z stdout F :ISTIO_REDIRECT - [0:0]
2022-05-09T21:46:08.893433213Z stdout F -A PREROUTING -p tcp -j ISTIO_INBOUND
2022-05-09T21:46:08.893437773Z stdout F -A OUTPUT -p tcp -j ISTIO_OUTPUT
2022-05-09T21:46:08.893442024Z stdout F -A ISTIO_INBOUND -p tcp -m tcp --dport 15008 -j RETURN
2022-05-09T21:46:08.893458362Z stdout F -A ISTIO_INBOUND -p tcp -m tcp --dport 15090 -j RETURN
2022-05-09T21:46:08.893466686Z stdout F -A ISTIO_INBOUND -p tcp -m tcp --dport 15021 -j RETURN
2022-05-09T21:46:08.893471168Z stdout F -A ISTIO_INBOUND -p tcp -m tcp --dport 15020 -j RETURN
2022-05-09T21:46:08.893475368Z stdout F -A ISTIO_INBOUND -p tcp -j ISTIO_IN_REDIRECT
2022-05-09T21:46:08.89347966Z stdout F -A ISTIO_IN_REDIRECT -p tcp -j REDIRECT --to-ports 15006
2022-05-09T21:46:08.893483829Z stdout F -A ISTIO_OUTPUT -s 127.0.0.6/32 -o lo -j RETURN
2022-05-09T21:46:08.89348866Z stdout F -A ISTIO_OUTPUT ! -d 127.0.0.1/32 -o lo -m owner --uid-owner 1337 -j ISTIO_IN_REDIRECT
2022-05-09T21:46:08.893573434Z stdout F -A ISTIO_OUTPUT -o lo -m owner ! --uid-owner 1337 -j RETURN
2022-05-09T21:46:08.893585092Z stdout F -A ISTIO_OUTPUT -m owner --uid-owner 1337 -j RETURN
2022-05-09T21:46:08.893589638Z stdout F -A ISTIO_OUTPUT ! -d 127.0.0.1/32 -o lo -m owner --gid-owner 1337 -j ISTIO_IN_REDIRECT
2022-05-09T21:46:08.893593923Z stdout F -A ISTIO_OUTPUT -o lo -m owner ! --gid-owner 1337 -j RETURN
2022-05-09T21:46:08.893598124Z stdout F -A ISTIO_OUTPUT -m owner --gid-owner 1337 -j RETURN
2022-05-09T21:46:08.893602529Z stdout F -A ISTIO_OUTPUT -d 127.0.0.1/32 -j RETURN
2022-05-09T21:46:08.893606665Z stdout F -A ISTIO_OUTPUT -j ISTIO_REDIRECT
2022-05-09T21:46:08.893611318Z stdout F -A ISTIO_REDIRECT -p tcp -j REDIRECT --to-ports 15001
2022-05-09T21:46:08.893631736Z stdout F COMMIT
2022-05-09T21:46:08.89364983Z stdout F # Completed on Mon May  9 21:46:08 2022
2022-05-09T21:46:08.893658467Z stdout F 
