2022-05-25T12:11:46.778320966Z stdout F 2022-05-25T12:11:46.497139Z	info	Istio iptables environment:
2022-05-25T12:11:46.778433974Z stdout F ENVOY_PORT=
2022-05-25T12:11:46.77845552Z stdout F INBOUND_CAPTURE_PORT=
2022-05-25T12:11:46.778463573Z stdout F ISTIO_INBOUND_INTERCEPTION_MODE=
2022-05-25T12:11:46.778481253Z stdout F ISTIO_INBOUND_TPROXY_ROUTE_TABLE=
2022-05-25T12:11:46.77848759Z stdout F ISTIO_INBOUND_PORTS=
2022-05-25T12:11:46.778504725Z stdout F ISTIO_OUTBOUND_PORTS=
2022-05-25T12:11:46.778509049Z stdout F ISTIO_LOCAL_EXCLUDE_PORTS=
2022-05-25T12:11:46.778520019Z stdout F ISTIO_EXCLUDE_INTERFACES=
2022-05-25T12:11:46.77862044Z stdout F ISTIO_SERVICE_CIDR=
2022-05-25T12:11:46.778681514Z stdout F ISTIO_SERVICE_EXCLUDE_CIDR=
2022-05-25T12:11:46.778687062Z stdout F ISTIO_META_DNS_CAPTURE=
2022-05-25T12:11:46.778691302Z stdout F INVALID_DROP=
2022-05-25T12:11:46.778718968Z stdout F 
2022-05-25T12:11:47.004691687Z stdout F 2022-05-25T12:11:46.996614Z	info	Istio iptables variables:
2022-05-25T12:11:47.004729085Z stdout F PROXY_PORT=15001
2022-05-25T12:11:47.004735907Z stdout F PROXY_INBOUND_CAPTURE_PORT=15006
2022-05-25T12:11:47.004740858Z stdout F PROXY_TUNNEL_PORT=15008
2022-05-25T12:11:47.00474493Z stdout F PROXY_UID=1337
2022-05-25T12:11:47.004749157Z stdout F PROXY_GID=1337
2022-05-25T12:11:47.004753413Z stdout F INBOUND_INTERCEPTION_MODE=REDIRECT
2022-05-25T12:11:47.00475729Z stdout F INBOUND_TPROXY_MARK=1337
2022-05-25T12:11:47.004761193Z stdout F INBOUND_TPROXY_ROUTE_TABLE=133
2022-05-25T12:11:47.004765012Z stdout F INBOUND_PORTS_INCLUDE=*
2022-05-25T12:11:47.00482271Z stdout F INBOUND_PORTS_EXCLUDE=15090,15021,15020
2022-05-25T12:11:47.004842131Z stdout F OUTBOUND_IP_RANGES_INCLUDE=*
2022-05-25T12:11:47.004848038Z stdout F OUTBOUND_IP_RANGES_EXCLUDE=
2022-05-25T12:11:47.004852685Z stdout F OUTBOUND_PORTS_INCLUDE=
2022-05-25T12:11:47.004857322Z stdout F OUTBOUND_PORTS_EXCLUDE=
2022-05-25T12:11:47.004861487Z stdout F KUBE_VIRT_INTERFACES=
2022-05-25T12:11:47.004865759Z stdout F ENABLE_INBOUND_IPV6=false
2022-05-25T12:11:47.004894411Z stdout F DNS_CAPTURE=false
2022-05-25T12:11:47.004904866Z stdout F DROP_INVALID=false
2022-05-25T12:11:47.004908093Z stdout F CAPTURE_ALL_DNS=false
2022-05-25T12:11:47.004910643Z stdout F DNS_SERVERS=[],[]
2022-05-25T12:11:47.00491358Z stdout F OUTPUT_PATH=
2022-05-25T12:11:47.004916123Z stdout F NETWORK_NAMESPACE=
2022-05-25T12:11:47.004918641Z stdout F CNI_MODE=false
2022-05-25T12:11:47.004921153Z stdout F EXCLUDE_INTERFACES=
2022-05-25T12:11:47.004923529Z stdout F 
2022-05-25T12:11:47.004926581Z stdout F 2022-05-25T12:11:46.998368Z	info	Writing following contents to rules file: /tmp/iptables-rules-1653480706997744614.txt2175260740
2022-05-25T12:11:47.004929097Z stdout F * nat
2022-05-25T12:11:47.004931599Z stdout F -N ISTIO_INBOUND
2022-05-25T12:11:47.004934154Z stdout F -N ISTIO_REDIRECT
2022-05-25T12:11:47.004936599Z stdout F -N ISTIO_IN_REDIRECT
2022-05-25T12:11:47.004939106Z stdout F -N ISTIO_OUTPUT
2022-05-25T12:11:47.004941755Z stdout F -A ISTIO_INBOUND -p tcp --dport 15008 -j RETURN
2022-05-25T12:11:47.004944687Z stdout F -A ISTIO_REDIRECT -p tcp -j REDIRECT --to-ports 15001
2022-05-25T12:11:47.004947154Z stdout F -A ISTIO_IN_REDIRECT -p tcp -j REDIRECT --to-ports 15006
2022-05-25T12:11:47.004949585Z stdout F -A PREROUTING -p tcp -j ISTIO_INBOUND
2022-05-25T12:11:47.004952021Z stdout F -A ISTIO_INBOUND -p tcp --dport 15090 -j RETURN
2022-05-25T12:11:47.004954554Z stdout F -A ISTIO_INBOUND -p tcp --dport 15021 -j RETURN
2022-05-25T12:11:47.004956969Z stdout F -A ISTIO_INBOUND -p tcp --dport 15020 -j RETURN
2022-05-25T12:11:47.004959416Z stdout F -A ISTIO_INBOUND -p tcp -j ISTIO_IN_REDIRECT
2022-05-25T12:11:47.004961976Z stdout F -A OUTPUT -p tcp -j ISTIO_OUTPUT
2022-05-25T12:11:47.004964419Z stdout F -A ISTIO_OUTPUT -o lo -s 127.0.0.6/32 -j RETURN
2022-05-25T12:11:47.004967968Z stdout F -A ISTIO_OUTPUT -o lo ! -d 127.0.0.1/32 -m owner --uid-owner 1337 -j ISTIO_IN_REDIRECT
2022-05-25T12:11:47.004970946Z stdout F -A ISTIO_OUTPUT -o lo -m owner ! --uid-owner 1337 -j RETURN
2022-05-25T12:11:47.004973401Z stdout F -A ISTIO_OUTPUT -m owner --uid-owner 1337 -j RETURN
2022-05-25T12:11:47.005059335Z stdout F -A ISTIO_OUTPUT -o lo ! -d 127.0.0.1/32 -m owner --gid-owner 1337 -j ISTIO_IN_REDIRECT
2022-05-25T12:11:47.005083801Z stdout F -A ISTIO_OUTPUT -o lo -m owner ! --gid-owner 1337 -j RETURN
2022-05-25T12:11:47.005090557Z stdout F -A ISTIO_OUTPUT -m owner --gid-owner 1337 -j RETURN
2022-05-25T12:11:47.005095328Z stdout F -A ISTIO_OUTPUT -d 127.0.0.1/32 -j RETURN
2022-05-25T12:11:47.005099353Z stdout F -A ISTIO_OUTPUT -j ISTIO_REDIRECT
2022-05-25T12:11:47.005103723Z stdout F COMMIT
2022-05-25T12:11:47.00510872Z stdout F 2022-05-25T12:11:46.998642Z	info	Running command: iptables-restore --noflush /tmp/iptables-rules-1653480706997744614.txt2175260740
2022-05-25T12:11:47.111537484Z stdout F 2022-05-25T12:11:47.094990Z	info	Writing following contents to rules file: /tmp/ip6tables-rules-1653480707076994238.txt1737541387
2022-05-25T12:11:47.111755121Z stdout F 
2022-05-25T12:11:47.111778875Z stdout F 2022-05-25T12:11:47.096289Z	info	Running command: ip6tables-restore --noflush /tmp/ip6tables-rules-1653480707076994238.txt1737541387
2022-05-25T12:11:47.195760779Z stdout F 2022-05-25T12:11:47.195128Z	info	Running command: iptables-save 
2022-05-25T12:11:48.297911034Z stdout F 2022-05-25T12:11:48.230147Z	info	Command output: 
2022-05-25T12:11:48.298218417Z stdout F # Generated by iptables-save v1.8.4 on Wed May 25 12:11:47 2022
2022-05-25T12:11:48.298398673Z stdout F *nat
2022-05-25T12:11:48.298410498Z stdout F :PREROUTING ACCEPT [0:0]
2022-05-25T12:11:48.298415725Z stdout F :INPUT ACCEPT [0:0]
2022-05-25T12:11:48.298419708Z stdout F :OUTPUT ACCEPT [0:0]
2022-05-25T12:11:48.298427436Z stdout F :POSTROUTING ACCEPT [0:0]
2022-05-25T12:11:48.298432437Z stdout F :ISTIO_INBOUND - [0:0]
2022-05-25T12:11:48.298437665Z stdout F :ISTIO_IN_REDIRECT - [0:0]
2022-05-25T12:11:48.298442214Z stdout F :ISTIO_OUTPUT - [0:0]
2022-05-25T12:11:48.29844635Z stdout F :ISTIO_REDIRECT - [0:0]
2022-05-25T12:11:48.298451726Z stdout F -A PREROUTING -p tcp -j ISTIO_INBOUND
2022-05-25T12:11:48.298455758Z stdout F -A OUTPUT -p tcp -j ISTIO_OUTPUT
2022-05-25T12:11:48.298459964Z stdout F -A ISTIO_INBOUND -p tcp -m tcp --dport 15008 -j RETURN
2022-05-25T12:11:48.298463884Z stdout F -A ISTIO_INBOUND -p tcp -m tcp --dport 15090 -j RETURN
2022-05-25T12:11:48.298467639Z stdout F -A ISTIO_INBOUND -p tcp -m tcp --dport 15021 -j RETURN
2022-05-25T12:11:48.298471339Z stdout F -A ISTIO_INBOUND -p tcp -m tcp --dport 15020 -j RETURN
2022-05-25T12:11:48.298475252Z stdout F -A ISTIO_INBOUND -p tcp -j ISTIO_IN_REDIRECT
2022-05-25T12:11:48.298479076Z stdout F -A ISTIO_IN_REDIRECT -p tcp -j REDIRECT --to-ports 15006
2022-05-25T12:11:48.29848286Z stdout F -A ISTIO_OUTPUT -s 127.0.0.6/32 -o lo -j RETURN
2022-05-25T12:11:48.298487239Z stdout F -A ISTIO_OUTPUT ! -d 127.0.0.1/32 -o lo -m owner --uid-owner 1337 -j ISTIO_IN_REDIRECT
2022-05-25T12:11:48.298490965Z stdout F -A ISTIO_OUTPUT -o lo -m owner ! --uid-owner 1337 -j RETURN
2022-05-25T12:11:48.298494779Z stdout F -A ISTIO_OUTPUT -m owner --uid-owner 1337 -j RETURN
2022-05-25T12:11:48.2984987Z stdout F -A ISTIO_OUTPUT ! -d 127.0.0.1/32 -o lo -m owner --gid-owner 1337 -j ISTIO_IN_REDIRECT
2022-05-25T12:11:48.298502721Z stdout F -A ISTIO_OUTPUT -o lo -m owner ! --gid-owner 1337 -j RETURN
2022-05-25T12:11:48.298506963Z stdout F -A ISTIO_OUTPUT -m owner --gid-owner 1337 -j RETURN
2022-05-25T12:11:48.298510817Z stdout F -A ISTIO_OUTPUT -d 127.0.0.1/32 -j RETURN
2022-05-25T12:11:48.298514649Z stdout F -A ISTIO_OUTPUT -j ISTIO_REDIRECT
2022-05-25T12:11:48.298518921Z stdout F -A ISTIO_REDIRECT -p tcp -j REDIRECT --to-ports 15001
2022-05-25T12:11:48.298523226Z stdout F COMMIT
2022-05-25T12:11:48.298602845Z stdout F # Completed on Wed May 25 12:11:47 2022
2022-05-25T12:11:48.298673033Z stdout F 
