2022-05-26T05:25:31.043883823Z stdout F 2022-05-26T05:25:31.042937Z	info	Istio iptables environment:
2022-05-26T05:25:31.043908194Z stdout F ENVOY_PORT=
2022-05-26T05:25:31.043912894Z stdout F INBOUND_CAPTURE_PORT=
2022-05-26T05:25:31.043915374Z stdout F ISTIO_INBOUND_INTERCEPTION_MODE=
2022-05-26T05:25:31.043917552Z stdout F ISTIO_INBOUND_TPROXY_ROUTE_TABLE=
2022-05-26T05:25:31.043919375Z stdout F ISTIO_INBOUND_PORTS=
2022-05-26T05:25:31.043921221Z stdout F ISTIO_OUTBOUND_PORTS=
2022-05-26T05:25:31.043923021Z stdout F ISTIO_LOCAL_EXCLUDE_PORTS=
2022-05-26T05:25:31.043924858Z stdout F ISTIO_EXCLUDE_INTERFACES=
2022-05-26T05:25:31.043926654Z stdout F ISTIO_SERVICE_CIDR=
2022-05-26T05:25:31.043928465Z stdout F ISTIO_SERVICE_EXCLUDE_CIDR=
2022-05-26T05:25:31.043930361Z stdout F ISTIO_META_DNS_CAPTURE=
2022-05-26T05:25:31.043932207Z stdout F INVALID_DROP=
2022-05-26T05:25:31.04393395Z stdout F 
2022-05-26T05:25:31.043935851Z stdout F 2022-05-26T05:25:31.042965Z	info	Istio iptables variables:
2022-05-26T05:25:31.04393764Z stdout F PROXY_PORT=15001
2022-05-26T05:25:31.043939466Z stdout F PROXY_INBOUND_CAPTURE_PORT=15006
2022-05-26T05:25:31.043941304Z stdout F PROXY_TUNNEL_PORT=15008
2022-05-26T05:25:31.04394313Z stdout F PROXY_UID=1337
2022-05-26T05:25:31.043945044Z stdout F PROXY_GID=1337
2022-05-26T05:25:31.043946934Z stdout F INBOUND_INTERCEPTION_MODE=REDIRECT
2022-05-26T05:25:31.043948741Z stdout F INBOUND_TPROXY_MARK=1337
2022-05-26T05:25:31.043950519Z stdout F INBOUND_TPROXY_ROUTE_TABLE=133
2022-05-26T05:25:31.043952384Z stdout F INBOUND_PORTS_INCLUDE=*
2022-05-26T05:25:31.043954204Z stdout F INBOUND_PORTS_EXCLUDE=15090,15021,15020
2022-05-26T05:25:31.043956023Z stdout F OUTBOUND_IP_RANGES_INCLUDE=*
2022-05-26T05:25:31.043957788Z stdout F OUTBOUND_IP_RANGES_EXCLUDE=
2022-05-26T05:25:31.043959642Z stdout F OUTBOUND_PORTS_INCLUDE=
2022-05-26T05:25:31.043961428Z stdout F OUTBOUND_PORTS_EXCLUDE=
2022-05-26T05:25:31.043963209Z stdout F KUBE_VIRT_INTERFACES=
2022-05-26T05:25:31.043965016Z stdout F ENABLE_INBOUND_IPV6=false
2022-05-26T05:25:31.043966834Z stdout F DNS_CAPTURE=false
2022-05-26T05:25:31.043968649Z stdout F DROP_INVALID=false
2022-05-26T05:25:31.0439705Z stdout F CAPTURE_ALL_DNS=false
2022-05-26T05:25:31.043972372Z stdout F DNS_SERVERS=[],[]
2022-05-26T05:25:31.043974258Z stdout F OUTPUT_PATH=
2022-05-26T05:25:31.04397716Z stdout F NETWORK_NAMESPACE=
2022-05-26T05:25:31.043979131Z stdout F CNI_MODE=false
2022-05-26T05:25:31.043980906Z stdout F EXCLUDE_INTERFACES=
2022-05-26T05:25:31.04398264Z stdout F 
2022-05-26T05:25:31.043984897Z stdout F 2022-05-26T05:25:31.043143Z	info	Writing following contents to rules file: /tmp/iptables-rules-1653542731043019204.txt4014810169
2022-05-26T05:25:31.04398672Z stdout F * nat
2022-05-26T05:25:31.043988829Z stdout F -N ISTIO_INBOUND
2022-05-26T05:25:31.043990753Z stdout F -N ISTIO_REDIRECT
2022-05-26T05:25:31.043992686Z stdout F -N ISTIO_IN_REDIRECT
2022-05-26T05:25:31.043994522Z stdout F -N ISTIO_OUTPUT
2022-05-26T05:25:31.043996373Z stdout F -A ISTIO_INBOUND -p tcp --dport 15008 -j RETURN
2022-05-26T05:25:31.043998214Z stdout F -A ISTIO_REDIRECT -p tcp -j REDIRECT --to-ports 15001
2022-05-26T05:25:31.044000015Z stdout F -A ISTIO_IN_REDIRECT -p tcp -j REDIRECT --to-ports 15006
2022-05-26T05:25:31.044001749Z stdout F -A PREROUTING -p tcp -j ISTIO_INBOUND
2022-05-26T05:25:31.044003551Z stdout F -A ISTIO_INBOUND -p tcp --dport 15090 -j RETURN
2022-05-26T05:25:31.044005471Z stdout F -A ISTIO_INBOUND -p tcp --dport 15021 -j RETURN
2022-05-26T05:25:31.044007254Z stdout F -A ISTIO_INBOUND -p tcp --dport 15020 -j RETURN
2022-05-26T05:25:31.044009033Z stdout F -A ISTIO_INBOUND -p tcp -j ISTIO_IN_REDIRECT
2022-05-26T05:25:31.044010806Z stdout F -A OUTPUT -p tcp -j ISTIO_OUTPUT
2022-05-26T05:25:31.044012588Z stdout F -A ISTIO_OUTPUT -o lo -s 127.0.0.6/32 -j RETURN
2022-05-26T05:25:31.044014803Z stdout F -A ISTIO_OUTPUT -o lo ! -d 127.0.0.1/32 -m owner --uid-owner 1337 -j ISTIO_IN_REDIRECT
2022-05-26T05:25:31.044016547Z stdout F -A ISTIO_OUTPUT -o lo -m owner ! --uid-owner 1337 -j RETURN
2022-05-26T05:25:31.044018276Z stdout F -A ISTIO_OUTPUT -m owner --uid-owner 1337 -j RETURN
2022-05-26T05:25:31.044024357Z stdout F -A ISTIO_OUTPUT -o lo ! -d 127.0.0.1/32 -m owner --gid-owner 1337 -j ISTIO_IN_REDIRECT
2022-05-26T05:25:31.04402646Z stdout F -A ISTIO_OUTPUT -o lo -m owner ! --gid-owner 1337 -j RETURN
2022-05-26T05:25:31.044028231Z stdout F -A ISTIO_OUTPUT -m owner --gid-owner 1337 -j RETURN
2022-05-26T05:25:31.044030006Z stdout F -A ISTIO_OUTPUT -d 127.0.0.1/32 -j RETURN
2022-05-26T05:25:31.04403179Z stdout F -A ISTIO_OUTPUT -j ISTIO_REDIRECT
2022-05-26T05:25:31.044033628Z stdout F COMMIT
2022-05-26T05:25:31.044035974Z stdout F 2022-05-26T05:25:31.043180Z	info	Running command: iptables-restore --noflush /tmp/iptables-rules-1653542731043019204.txt4014810169
2022-05-26T05:25:31.048883064Z stdout F 2022-05-26T05:25:31.048632Z	info	Writing following contents to rules file: /tmp/ip6tables-rules-1653542731048575377.txt3264964127
2022-05-26T05:25:31.048899442Z stdout F 
2022-05-26T05:25:31.048902486Z stdout F 2022-05-26T05:25:31.048671Z	info	Running command: ip6tables-restore --noflush /tmp/ip6tables-rules-1653542731048575377.txt3264964127
2022-05-26T05:25:31.052189847Z stdout F 2022-05-26T05:25:31.051968Z	info	Running command: iptables-save 
2022-05-26T05:25:31.057142089Z stdout F 2022-05-26T05:25:31.056916Z	info	Command output: 
2022-05-26T05:25:31.057161921Z stdout F # Generated by iptables-save v1.8.4 on Thu May 26 05:25:31 2022
2022-05-26T05:25:31.057165932Z stdout F *nat
2022-05-26T05:25:31.057169835Z stdout F :PREROUTING ACCEPT [0:0]
2022-05-26T05:25:31.057173294Z stdout F :INPUT ACCEPT [0:0]
2022-05-26T05:25:31.057177067Z stdout F :OUTPUT ACCEPT [0:0]
2022-05-26T05:25:31.057183684Z stdout F :POSTROUTING ACCEPT [0:0]
2022-05-26T05:25:31.057190242Z stdout F :ISTIO_INBOUND - [0:0]
2022-05-26T05:25:31.057198936Z stdout F :ISTIO_IN_REDIRECT - [0:0]
2022-05-26T05:25:31.057204014Z stdout F :ISTIO_OUTPUT - [0:0]
2022-05-26T05:25:31.057207702Z stdout F :ISTIO_REDIRECT - [0:0]
2022-05-26T05:25:31.057213197Z stdout F -A PREROUTING -p tcp -j ISTIO_INBOUND
2022-05-26T05:25:31.057220936Z stdout F -A OUTPUT -p tcp -j ISTIO_OUTPUT
2022-05-26T05:25:31.057224352Z stdout F -A ISTIO_INBOUND -p tcp -m tcp --dport 15008 -j RETURN
2022-05-26T05:25:31.057226421Z stdout F -A ISTIO_INBOUND -p tcp -m tcp --dport 15090 -j RETURN
2022-05-26T05:25:31.057228468Z stdout F -A ISTIO_INBOUND -p tcp -m tcp --dport 15021 -j RETURN
2022-05-26T05:25:31.057230492Z stdout F -A ISTIO_INBOUND -p tcp -m tcp --dport 15020 -j RETURN
2022-05-26T05:25:31.057232488Z stdout F -A ISTIO_INBOUND -p tcp -j ISTIO_IN_REDIRECT
2022-05-26T05:25:31.057234597Z stdout F -A ISTIO_IN_REDIRECT -p tcp -j REDIRECT --to-ports 15006
2022-05-26T05:25:31.057236582Z stdout F -A ISTIO_OUTPUT -s 127.0.0.6/32 -o lo -j RETURN
2022-05-26T05:25:31.05723904Z stdout F -A ISTIO_OUTPUT ! -d 127.0.0.1/32 -o lo -m owner --uid-owner 1337 -j ISTIO_IN_REDIRECT
2022-05-26T05:25:31.057241081Z stdout F -A ISTIO_OUTPUT -o lo -m owner ! --uid-owner 1337 -j RETURN
2022-05-26T05:25:31.057243045Z stdout F -A ISTIO_OUTPUT -m owner --uid-owner 1337 -j RETURN
2022-05-26T05:25:31.057245058Z stdout F -A ISTIO_OUTPUT ! -d 127.0.0.1/32 -o lo -m owner --gid-owner 1337 -j ISTIO_IN_REDIRECT
2022-05-26T05:25:31.057247026Z stdout F -A ISTIO_OUTPUT -o lo -m owner ! --gid-owner 1337 -j RETURN
2022-05-26T05:25:31.057248988Z stdout F -A ISTIO_OUTPUT -m owner --gid-owner 1337 -j RETURN
2022-05-26T05:25:31.057251071Z stdout F -A ISTIO_OUTPUT -d 127.0.0.1/32 -j RETURN
2022-05-26T05:25:31.057253051Z stdout F -A ISTIO_OUTPUT -j ISTIO_REDIRECT
2022-05-26T05:25:31.057255033Z stdout F -A ISTIO_REDIRECT -p tcp -j REDIRECT --to-ports 15001
2022-05-26T05:25:31.057257396Z stdout F COMMIT
2022-05-26T05:25:31.057259509Z stdout F # Completed on Thu May 26 05:25:31 2022
2022-05-26T05:25:31.05726146Z stdout F 
