2022-04-30T04:31:47.670130917Z stdout F 
2022-04-30T04:31:47.670367586Z stdout F   .   ____          _            __ _ _
2022-04-30T04:31:47.67039179Z stdout F  /\\ / ___'_ __ _ _(_)_ __  __ _ \ \ \ \
2022-04-30T04:31:47.670403105Z stdout F ( ( )\___ | '_ | '_| | '_ \/ _` | \ \ \ \
2022-04-30T04:31:47.670412199Z stdout F  \\/  ___)| |_)| | | | | || (_| |  ) ) ) )
2022-04-30T04:31:47.670420747Z stdout F   '  |____| .__|_| |_|_| |_\__, | / / / /
2022-04-30T04:31:47.670429287Z stdout F  =========|_|==============|___/=/_/_/_/
2022-04-30T04:31:48.103890683Z stdout F  :: Spring Boot ::       (v1.5.22.RELEASE)
2022-04-30T04:31:48.103928339Z stdout F 
2022-04-30T04:31:58.978510846Z stdout F 2022-04-30 12:31:58.872  INFO 1 --- [           main] execute.ExecuteApplication               : Starting ExecuteApplication v1.0 on ts-execute-service-7f968576b4-s92gs with PID 1 (/app/ts-execute-service-1.0.jar started by root in /)
2022-04-30T04:31:59.029014219Z stdout F 2022-04-30 12:31:59.000  INFO 1 --- [           main] execute.ExecuteApplication               : No active profile set, falling back to default profiles: default
2022-04-30T04:32:01.814895017Z stdout F 2022-04-30 12:32:01.759  INFO 1 --- [           main] ationConfigEmbeddedWebApplicationContext : Refreshing org.springframework.boot.context.embedded.AnnotationConfigEmbeddedWebApplicationContext@deb6432: startup date [Sat Apr 30 12:32:01 CST 2022]; root of context hierarchy
2022-04-30T04:33:40.159313009Z stdout F 2022-04-30 12:33:40.114  INFO 1 --- [           main] o.s.i.config.IntegrationRegistrar        : No bean named 'integrationHeaderChannelRegistry' has been explicitly defined. Therefore, a default DefaultHeaderChannelRegistry will be created.
2022-04-30T04:33:52.99247797Z stdout F 2022-04-30 12:33:52.988  INFO 1 --- [           main] faultConfiguringBeanFactoryPostProcessor : No bean named 'errorChannel' has been explicitly defined. Therefore, a default PublishSubscribeChannel will be created.
2022-04-30T04:33:53.109155653Z stdout F 2022-04-30 12:33:53.104  INFO 1 --- [           main] faultConfiguringBeanFactoryPostProcessor : No bean named 'taskScheduler' has been explicitly defined. Therefore, a default ThreadPoolTaskScheduler will be created.
2022-04-30T04:33:58.956036877Z stdout F 2022-04-30 12:33:58.901  INFO 1 --- [           main] trationDelegate$BeanPostProcessorChecker : Bean 'org.springframework.security.config.annotation.configuration.ObjectPostProcessorConfiguration' of type [org.springframework.security.config.annotation.configuration.ObjectPostProcessorConfiguration$$EnhancerBySpringCGLIB$$9bf9f108] is not eligible for getting processed by all BeanPostProcessors (for example: not eligible for auto-proxying)
2022-04-30T04:33:59.357341032Z stdout F 2022-04-30 12:33:59.352  INFO 1 --- [           main] trationDelegate$BeanPostProcessorChecker : Bean 'objectPostProcessor' of type [org.springframework.security.config.annotation.configuration.AutowireBeanFactoryObjectPostProcessor] is not eligible for getting processed by all BeanPostProcessors (for example: not eligible for auto-proxying)
2022-04-30T04:33:59.432692437Z stdout F 2022-04-30 12:33:59.428  INFO 1 --- [           main] trationDelegate$BeanPostProcessorChecker : Bean 'org.springframework.security.access.expression.method.DefaultMethodSecurityExpressionHandler@158da8e' of type [org.springframework.security.access.expression.method.DefaultMethodSecurityExpressionHandler] is not eligible for getting processed by all BeanPostProcessors (for example: not eligible for auto-proxying)
2022-04-30T04:33:59.529509153Z stdout F 2022-04-30 12:33:59.528  INFO 1 --- [           main] trationDelegate$BeanPostProcessorChecker : Bean 'org.springframework.security.config.annotation.method.configuration.GlobalMethodSecurityConfiguration' of type [org.springframework.security.config.annotation.method.configuration.GlobalMethodSecurityConfiguration$$EnhancerBySpringCGLIB$$c0ce93ba] is not eligible for getting processed by all BeanPostProcessors (for example: not eligible for auto-proxying)
2022-04-30T04:34:00.124105131Z stdout F 2022-04-30 12:34:00.123  INFO 1 --- [           main] trationDelegate$BeanPostProcessorChecker : Bean 'methodSecurityMetadataSource' of type [org.springframework.security.access.method.DelegatingMethodSecurityMetadataSource] is not eligible for getting processed by all BeanPostProcessors (for example: not eligible for auto-proxying)
2022-04-30T04:34:02.63582962Z stdout F 2022-04-30 12:34:02.613  INFO 1 --- [           main] trationDelegate$BeanPostProcessorChecker : Bean 'integrationGlobalProperties' of type [org.springframework.beans.factory.config.PropertiesFactoryBean] is not eligible for getting processed by all BeanPostProcessors (for example: not eligible for auto-proxying)
2022-04-30T04:34:02.695796462Z stdout F 2022-04-30 12:34:02.691  INFO 1 --- [           main] trationDelegate$BeanPostProcessorChecker : Bean 'integrationGlobalProperties' of type [java.util.Properties] is not eligible for getting processed by all BeanPostProcessors (for example: not eligible for auto-proxying)
2022-04-30T04:34:40.822916589Z stdout F 2022-04-30 12:34:40.772  INFO 1 --- [           main] s.b.c.e.t.TomcatEmbeddedServletContainer : Tomcat initialized with port(s): 12386 (http)
2022-04-30T04:34:56.226716813Z stdout F 2022-04-30 12:34:56.174  INFO 1 --- [           main] o.apache.catalina.core.StandardService   : Starting service [Tomcat]
2022-04-30T04:34:56.708055235Z stdout F 2022-04-30 12:34:56.339  INFO 1 --- [           main] org.apache.catalina.core.StandardEngine  : Starting Servlet Engine: Apache Tomcat/8.5.43
2022-04-30T04:35:19.115214399Z stdout F 2022-04-30 12:35:19.067  INFO 1 --- [ost-startStop-1] o.a.c.c.C.[Tomcat].[localhost].[/]       : Initializing Spring embedded WebApplicationContext
2022-04-30T04:35:19.146063927Z stdout F 2022-04-30 12:35:19.143  INFO 1 --- [ost-startStop-1] o.s.web.context.ContextLoader            : Root WebApplicationContext: initialization completed in 197449 ms
2022-04-30T04:35:45.926769377Z stdout F 2022-04-30 12:35:45.923  INFO 1 --- [ost-startStop-1] o.s.b.w.servlet.FilterRegistrationBean   : Mapping filter: 'metricsFilter' to: [/*]
2022-04-30T04:35:45.926802551Z stdout F 2022-04-30 12:35:45.924  INFO 1 --- [ost-startStop-1] o.s.b.w.servlet.FilterRegistrationBean   : Mapping filter: 'characterEncodingFilter' to: [/*]
2022-04-30T04:35:45.926809551Z stdout F 2022-04-30 12:35:45.925  INFO 1 --- [ost-startStop-1] o.s.b.w.servlet.FilterRegistrationBean   : Mapping filter: 'hiddenHttpMethodFilter' to: [/*]
2022-04-30T04:35:45.926814602Z stdout F 2022-04-30 12:35:45.925  INFO 1 --- [ost-startStop-1] o.s.b.w.servlet.FilterRegistrationBean   : Mapping filter: 'httpPutFormContentFilter' to: [/*]
2022-04-30T04:35:45.926819211Z stdout F 2022-04-30 12:35:45.925  INFO 1 --- [ost-startStop-1] o.s.b.w.servlet.FilterRegistrationBean   : Mapping filter: 'requestContextFilter' to: [/*]
2022-04-30T04:35:46.240797761Z stdout F 2022-04-30 12:35:46.025  INFO 1 --- [ost-startStop-1] .s.DelegatingFilterProxyRegistrationBean : Mapping filter: 'springSecurityFilterChain' to: [/*]
2022-04-30T04:35:46.261729255Z stdout F 2022-04-30 12:35:46.260  INFO 1 --- [ost-startStop-1] o.s.b.w.servlet.FilterRegistrationBean   : Mapping filter: 'webRequestLoggingFilter' to: [/*]
2022-04-30T04:35:46.261820647Z stdout F 2022-04-30 12:35:46.261  INFO 1 --- [ost-startStop-1] o.s.b.w.servlet.FilterRegistrationBean   : Mapping filter: 'applicationContextIdFilter' to: [/*]
2022-04-30T04:35:46.26182794Z stdout F 2022-04-30 12:35:46.261  INFO 1 --- [ost-startStop-1] o.s.b.w.servlet.ServletRegistrationBean  : Mapping servlet: 'dispatcherServlet' to [/]
2022-04-30T04:37:33.652815277Z stdout F 2022-04-30 12:37:33.646  INFO 1 --- [           main] s.w.s.m.m.a.RequestMappingHandlerMapping : Mapped "{[/api/v1/executeservice/execute/execute/{orderId}],methods=[GET]}" onto public org.springframework.http.HttpEntity execute.controller.ExecuteControlller.executeTicket(java.lang.String,org.springframework.http.HttpHeaders)
2022-04-30T04:37:33.864964689Z stdout F 2022-04-30 12:37:33.861  INFO 1 --- [           main] s.w.s.m.m.a.RequestMappingHandlerMapping : Mapped "{[/api/v1/executeservice/execute/collected/{orderId}],methods=[GET]}" onto public org.springframework.http.HttpEntity execute.controller.ExecuteControlller.collectTicket(java.lang.String,org.springframework.http.HttpHeaders)
2022-04-30T04:37:33.865039413Z stdout F 2022-04-30 12:37:33.862  INFO 1 --- [           main] s.w.s.m.m.a.RequestMappingHandlerMapping : Mapped "{[/api/v1/executeservice/welcome],methods=[GET]}" onto public java.lang.String execute.controller.ExecuteControlller.home(org.springframework.http.HttpHeaders)
2022-04-30T04:37:33.868986368Z stdout F 2022-04-30 12:37:33.863  INFO 1 --- [           main] s.w.s.m.m.a.RequestMappingHandlerMapping : Mapped "{[/v2/api-docs],methods=[GET],produces=[application/json || application/hal+json]}" onto public org.springframework.http.ResponseEntity<springfox.documentation.spring.web.json.Json> springfox.documentation.swagger2.web.Swagger2Controller.getDocumentation(java.lang.String,javax.servlet.http.HttpServletRequest)
2022-04-30T04:37:34.175520429Z stdout F 2022-04-30 12:37:34.059  INFO 1 --- [           main] s.w.s.m.m.a.RequestMappingHandlerMapping : Mapped "{[/configuration/ui]}" onto org.springframework.http.ResponseEntity<springfox.documentation.swagger.web.UiConfiguration> springfox.documentation.swagger.web.ApiResourceController.uiConfiguration()
2022-04-30T04:37:34.176722905Z stdout F 2022-04-30 12:37:34.176  INFO 1 --- [           main] s.w.s.m.m.a.RequestMappingHandlerMapping : Mapped "{[/swagger-resources]}" onto org.springframework.http.ResponseEntity<java.util.List<springfox.documentation.swagger.web.SwaggerResource>> springfox.documentation.swagger.web.ApiResourceController.swaggerResources()
2022-04-30T04:37:34.178424801Z stdout F 2022-04-30 12:37:34.177  INFO 1 --- [           main] s.w.s.m.m.a.RequestMappingHandlerMapping : Mapped "{[/configuration/security]}" onto org.springframework.http.ResponseEntity<springfox.documentation.swagger.web.SecurityConfiguration> springfox.documentation.swagger.web.ApiResourceController.securityConfiguration()
2022-04-30T04:37:34.477166892Z stdout F 2022-04-30 12:37:34.476  INFO 1 --- [           main] s.w.s.m.m.a.RequestMappingHandlerMapping : Mapped "{[/error],produces=[text/html]}" onto public org.springframework.web.servlet.ModelAndView org.springframework.boot.autoconfigure.web.BasicErrorController.errorHtml(javax.servlet.http.HttpServletRequest,javax.servlet.http.HttpServletResponse)
2022-04-30T04:37:34.562499779Z stdout F 2022-04-30 12:37:34.559  INFO 1 --- [           main] s.w.s.m.m.a.RequestMappingHandlerMapping : Mapped "{[/error]}" onto public org.springframework.http.ResponseEntity<java.util.Map<java.lang.String, java.lang.Object>> org.springframework.boot.autoconfigure.web.BasicErrorController.error(javax.servlet.http.HttpServletRequest)
2022-04-30T04:38:08.44346419Z stdout F 2022-04-30 12:38:08.434  INFO 1 --- [           main] o.s.b.a.e.mvc.EndpointHandlerMapping     : Mapped "{[/beans || /beans.json],methods=[GET],produces=[application/vnd.spring-boot.actuator.v1+json || application/json]}" onto public java.lang.Object org.springframework.boot.actuate.endpoint.mvc.EndpointMvcAdapter.invoke()
2022-04-30T04:38:08.453550568Z stdout F 2022-04-30 12:38:08.452  INFO 1 --- [           main] o.s.b.a.e.mvc.EndpointHandlerMapping     : Mapped "{[/heapdump || /heapdump.json],methods=[GET],produces=[application/octet-stream]}" onto public void org.springframework.boot.actuate.endpoint.mvc.HeapdumpMvcEndpoint.invoke(boolean,javax.servlet.http.HttpServletRequest,javax.servlet.http.HttpServletResponse) throws java.io.IOException,javax.servlet.ServletException
2022-04-30T04:38:08.489623659Z stdout F 2022-04-30 12:38:08.486  INFO 1 --- [           main] o.s.b.a.e.mvc.EndpointHandlerMapping     : Mapped "{[/auditevents || /auditevents.json],methods=[GET],produces=[application/vnd.spring-boot.actuator.v1+json || application/json]}" onto public org.springframework.http.ResponseEntity<?> org.springframework.boot.actuate.endpoint.mvc.AuditEventsMvcEndpoint.findByPrincipalAndAfterAndType(java.lang.String,java.util.Date,java.lang.String)
2022-04-30T04:38:08.508390713Z stdout F 2022-04-30 12:38:08.505  INFO 1 --- [           main] o.s.b.a.e.mvc.EndpointHandlerMapping     : Mapped "{[/trace || /trace.json],methods=[GET],produces=[application/vnd.spring-boot.actuator.v1+json || application/json]}" onto public java.lang.Object org.springframework.boot.actuate.endpoint.mvc.EndpointMvcAdapter.invoke()
2022-04-30T04:38:08.514508797Z stdout F 2022-04-30 12:38:08.512  INFO 1 --- [           main] o.s.b.a.e.mvc.EndpointHandlerMapping     : Mapped "{[/metrics/{name:.*}],methods=[GET],produces=[application/vnd.spring-boot.actuator.v1+json || application/json]}" onto public java.lang.Object org.springframework.boot.actuate.endpoint.mvc.MetricsMvcEndpoint.value(java.lang.String)
2022-04-30T04:38:08.537728098Z stdout F 2022-04-30 12:38:08.529  INFO 1 --- [           main] o.s.b.a.e.mvc.EndpointHandlerMapping     : Mapped "{[/metrics || /metrics.json],methods=[GET],produces=[application/vnd.spring-boot.actuator.v1+json || application/json]}" onto public java.lang.Object org.springframework.boot.actuate.endpoint.mvc.EndpointMvcAdapter.invoke()
2022-04-30T04:38:09.007450711Z stdout F 2022-04-30 12:38:08.991  INFO 1 --- [           main] o.s.b.a.e.mvc.EndpointHandlerMapping     : Mapped "{[/info || /info.json],methods=[GET],produces=[application/vnd.spring-boot.actuator.v1+json || application/json]}" onto public java.lang.Object org.springframework.boot.actuate.endpoint.mvc.EndpointMvcAdapter.invoke()
2022-04-30T04:38:09.007720335Z stdout F 2022-04-30 12:38:09.003  INFO 1 --- [           main] o.s.b.a.e.mvc.EndpointHandlerMapping     : Mapped "{[/autoconfig || /autoconfig.json],methods=[GET],produces=[application/vnd.spring-boot.actuator.v1+json || application/json]}" onto public java.lang.Object org.springframework.boot.actuate.endpoint.mvc.EndpointMvcAdapter.invoke()
2022-04-30T04:38:09.021422681Z stdout F 2022-04-30 12:38:09.015  INFO 1 --- [           main] o.s.b.a.e.mvc.EndpointHandlerMapping     : Mapped "{[/configprops || /configprops.json],methods=[GET],produces=[application/vnd.spring-boot.actuator.v1+json || application/json]}" onto public java.lang.Object org.springframework.boot.actuate.endpoint.mvc.EndpointMvcAdapter.invoke()
2022-04-30T04:38:09.087936621Z stdout F 2022-04-30 12:38:09.061  INFO 1 --- [           main] o.s.b.a.e.mvc.EndpointHandlerMapping     : Mapped "{[/mappings || /mappings.json],methods=[GET],produces=[application/vnd.spring-boot.actuator.v1+json || application/json]}" onto public java.lang.Object org.springframework.boot.actuate.endpoint.mvc.EndpointMvcAdapter.invoke()
2022-04-30T04:38:09.088080643Z stdout F 2022-04-30 12:38:09.071  INFO 1 --- [           main] o.s.b.a.e.mvc.EndpointHandlerMapping     : Mapped "{[/dump || /dump.json],methods=[GET],produces=[application/vnd.spring-boot.actuator.v1+json || application/json]}" onto public java.lang.Object org.springframework.boot.actuate.endpoint.mvc.EndpointMvcAdapter.invoke()
2022-04-30T04:38:09.157765197Z stdout F 2022-04-30 12:38:09.137  INFO 1 --- [           main] o.s.b.a.e.mvc.EndpointHandlerMapping     : Mapped "{[/loggers/{name:.*}],methods=[GET],produces=[application/vnd.spring-boot.actuator.v1+json || application/json]}" onto public java.lang.Object org.springframework.boot.actuate.endpoint.mvc.LoggersMvcEndpoint.get(java.lang.String)
2022-04-30T04:38:09.159259866Z stdout F 2022-04-30 12:38:09.138  INFO 1 --- [           main] o.s.b.a.e.mvc.EndpointHandlerMapping     : Mapped "{[/loggers/{name:.*}],methods=[POST],consumes=[application/vnd.spring-boot.actuator.v1+json || application/json],produces=[application/vnd.spring-boot.actuator.v1+json || application/json]}" onto public java.lang.Object org.springframework.boot.actuate.endpoint.mvc.LoggersMvcEndpoint.set(java.lang.String,java.util.Map<java.lang.String, java.lang.String>)
2022-04-30T04:38:11.168968967Z stdout F 2022-04-30 12:38:09.139  INFO 1 --- [           main] o.s.b.a.e.mvc.EndpointHandlerMapping     : Mapped "{[/loggers || /loggers.json],methods=[GET],produces=[application/vnd.spring-boot.actuator.v1+json || application/json]}" onto public java.lang.Object org.springframework.boot.actuate.endpoint.mvc.EndpointMvcAdapter.invoke()
2022-04-30T04:38:11.520352292Z stdout F 2022-04-30 12:38:11.516  INFO 1 --- [           main] o.s.b.a.e.mvc.EndpointHandlerMapping     : Mapped "{[/env/{name:.*}],methods=[GET],produces=[application/vnd.spring-boot.actuator.v1+json || application/json]}" onto public java.lang.Object org.springframework.boot.actuate.endpoint.mvc.EnvironmentMvcEndpoint.value(java.lang.String)
2022-04-30T04:38:11.52041639Z stdout F 2022-04-30 12:38:11.518  INFO 1 --- [           main] o.s.b.a.e.mvc.EndpointHandlerMapping     : Mapped "{[/env || /env.json],methods=[GET],produces=[application/vnd.spring-boot.actuator.v1+json || application/json]}" onto public java.lang.Object org.springframework.boot.actuate.endpoint.mvc.EndpointMvcAdapter.invoke()
2022-04-30T04:38:11.994727545Z stdout F 2022-04-30 12:38:11.803  INFO 1 --- [           main] o.s.b.a.e.mvc.EndpointHandlerMapping     : Mapped "{[/health || /health.json],methods=[GET],produces=[application/vnd.spring-boot.actuator.v1+json || application/json]}" onto public java.lang.Object org.springframework.boot.actuate.endpoint.mvc.HealthMvcEndpoint.invoke(javax.servlet.http.HttpServletRequest,java.security.Principal)
2022-04-30T04:39:16.721362911Z stdout F 2022-04-30 12:39:16.718  INFO 1 --- [           main] b.a.s.AuthenticationManagerConfiguration : 
2022-04-30T04:39:16.721404243Z stdout F 
2022-04-30T04:39:16.721413475Z stdout F Using default security password: 22fdc70e-99a7-4898-9eaa-440d4602bc69
2022-04-30T04:39:16.721419166Z stdout F 
2022-04-30T04:39:26.371302193Z stdout F 2022-04-30 12:39:26.366  INFO 1 --- [           main] o.s.s.web.DefaultSecurityFilterChain     : Creating filter chain: org.springframework.security.web.util.matcher.AnyRequestMatcher@1, [org.springframework.security.web.context.request.async.WebAsyncManagerIntegrationFilter@461ad730, org.springframework.security.web.context.SecurityContextPersistenceFilter@302c971f, org.springframework.security.web.header.HeaderWriterFilter@23e84203, org.springframework.security.web.authentication.logout.LogoutFilter@2d0399f4, edu.fudan.common.security.jwt.JWTFilter@4ee203eb, org.springframework.security.web.savedrequest.RequestCacheAwareFilter@69c81773, org.springframework.security.web.servletapi.SecurityContextHolderAwareRequestFilter@1f9e9475, org.springframework.security.web.authentication.AnonymousAuthenticationFilter@1a5a4e19, org.springframework.security.web.session.SessionManagementFilter@73eb439a, org.springframework.security.web.access.ExceptionTranslationFilter@303cf2ba, org.springframework.security.web.access.intercept.FilterSecurityInterceptor@29f7cefd]
2022-04-30T04:39:29.920410929Z stdout F 2022-04-30 12:39:29.918  INFO 1 --- [           main] o.s.w.s.handler.SimpleUrlHandlerMapping  : Mapped URL path [/webjars/**] onto handler of type [class org.springframework.web.servlet.resource.ResourceHttpRequestHandler]
2022-04-30T04:39:29.920452626Z stdout F 2022-04-30 12:39:29.919  INFO 1 --- [           main] o.s.w.s.handler.SimpleUrlHandlerMapping  : Mapped URL path [/**] onto handler of type [class org.springframework.web.servlet.resource.ResourceHttpRequestHandler]
2022-04-30T04:39:39.58626148Z stdout F 2022-04-30 12:39:39.550  INFO 1 --- [           main] o.s.w.s.handler.SimpleUrlHandlerMapping  : Mapped URL path [/**/favicon.ico] onto handler of type [class org.springframework.web.servlet.resource.ResourceHttpRequestHandler]
2022-04-30T04:39:40.610913367Z stdout F 2022-04-30 12:39:40.609  INFO 1 --- [           main] o.s.s.web.DefaultSecurityFilterChain     : Creating filter chain: org.springframework.boot.actuate.autoconfigure.ManagementWebSecurityAutoConfiguration$LazyEndpointPathRequestMatcher@1b8a29df, [org.springframework.security.web.context.request.async.WebAsyncManagerIntegrationFilter@4fbe37eb, org.springframework.security.web.context.SecurityContextPersistenceFilter@50029372, org.springframework.security.web.header.HeaderWriterFilter@18f8cd79, org.springframework.web.filter.CorsFilter@12a94400, org.springframework.security.web.authentication.logout.LogoutFilter@6cc4cdb9, org.springframework.security.web.authentication.www.BasicAuthenticationFilter@45efd90f, org.springframework.security.web.savedrequest.RequestCacheAwareFilter@e3b3b2f, org.springframework.security.web.servletapi.SecurityContextHolderAwareRequestFilter@50f6ac94, org.springframework.security.web.authentication.AnonymousAuthenticationFilter@6a47b187, org.springframework.security.web.session.SessionManagementFilter@3e2055d6, org.springframework.security.web.access.ExceptionTranslationFilter@64b0598, org.springframework.security.web.access.intercept.FilterSecurityInterceptor@6bb4dd34]
2022-04-30T04:39:55.971297619Z stdout F 2022-04-30 12:39:55.968  INFO 1 --- [           main] s.w.s.m.m.a.RequestMappingHandlerAdapter : Looking for @ControllerAdvice: org.springframework.boot.context.embedded.AnnotationConfigEmbeddedWebApplicationContext@deb6432: startup date [Sat Apr 30 12:32:01 CST 2022]; root of context hierarchy
2022-04-30T04:40:47.174729728Z stdout F 2022-04-30 12:40:47.173  INFO 1 --- [           main] o.s.s.c.ThreadPoolTaskScheduler          : Initializing ExecutorService 'taskScheduler'
2022-04-30T04:41:17.00386366Z stdout F 2022-04-30 12:41:16.998  INFO 1 --- [           main] o.s.j.e.a.AnnotationMBeanExporter        : Registering beans for JMX exposure on startup
2022-04-30T04:41:19.782472765Z stdout F 2022-04-30 12:41:19.723  INFO 1 --- [           main] o.s.c.support.DefaultLifecycleProcessor  : Starting beans in phase 0
2022-04-30T04:41:48.89189105Z stdout F 2022-04-30 12:41:48.884  INFO 1 --- [           main] o.s.i.endpoint.EventDrivenConsumer       : Adding {logging-channel-adapter:_org.springframework.integration.errorLogger} as a subscriber to the 'errorChannel' channel
2022-04-30T04:41:48.891960019Z stdout F 2022-04-30 12:41:48.886  INFO 1 --- [           main] o.s.i.channel.PublishSubscribeChannel    : Channel 'ts-execute-service:12386.errorChannel' has 1 subscriber(s).
2022-04-30T04:41:48.891979601Z stdout F 2022-04-30 12:41:48.888  INFO 1 --- [           main] o.s.i.endpoint.EventDrivenConsumer       : started _org.springframework.integration.errorLogger
2022-04-30T04:41:52.001400651Z stdout F 2022-04-30 12:41:51.995  INFO 1 --- [           main] d.s.w.p.DocumentationPluginsBootstrapper : Context refreshed
2022-04-30T04:41:55.996775184Z stdout F 2022-04-30 12:41:55.763  INFO 1 --- [           main] d.s.w.p.DocumentationPluginsBootstrapper : Found 1 custom documentation plugin(s)
2022-04-30T04:41:56.860785133Z stdout F 2022-04-30 12:41:56.808  INFO 1 --- [           main] s.d.s.w.s.ApiListingReferenceScanner     : Scanning for api listing references
2022-04-30T04:42:02.050121674Z stdout F 2022-04-30 12:42:02.046  INFO 1 --- [           main] .d.s.w.r.o.CachingOperationNameGenerator : Generating unique operation named: findByPrincipalAndAfterAndTypeUsingGET_1
2022-04-30T04:42:08.701668027Z stdout F 2022-04-30 12:42:08.701  INFO 1 --- [           main] .d.s.w.r.o.CachingOperationNameGenerator : Generating unique operation named: invokeUsingGET_1
2022-04-30T04:42:08.764762912Z stdout F 2022-04-30 12:42:08.763  INFO 1 --- [           main] .d.s.w.r.o.CachingOperationNameGenerator : Generating unique operation named: invokeUsingGET_2
2022-04-30T04:42:08.929831762Z stdout F 2022-04-30 12:42:08.928  INFO 1 --- [           main] .d.s.w.r.o.CachingOperationNameGenerator : Generating unique operation named: invokeUsingGET_3
2022-04-30T04:42:09.052056951Z stdout F 2022-04-30 12:42:09.051  INFO 1 --- [           main] .d.s.w.r.o.CachingOperationNameGenerator : Generating unique operation named: invokeUsingGET_4
2022-04-30T04:42:09.111006184Z stdout F 2022-04-30 12:42:09.110  INFO 1 --- [           main] .d.s.w.r.o.CachingOperationNameGenerator : Generating unique operation named: invokeUsingGET_5
2022-04-30T04:42:09.229025065Z stdout F 2022-04-30 12:42:09.228  INFO 1 --- [           main] .d.s.w.r.o.CachingOperationNameGenerator : Generating unique operation named: invokeUsingGET_6
2022-04-30T04:42:09.304140982Z stdout F 2022-04-30 12:42:09.302  INFO 1 --- [           main] .d.s.w.r.o.CachingOperationNameGenerator : Generating unique operation named: invokeUsingGET_7
2022-04-30T04:42:09.400191086Z stdout F 2022-04-30 12:42:09.396  INFO 1 --- [           main] .d.s.w.r.o.CachingOperationNameGenerator : Generating unique operation named: invokeUsingGET_8
2022-04-30T04:42:09.505493143Z stdout F 2022-04-30 12:42:09.505  INFO 1 --- [           main] .d.s.w.r.o.CachingOperationNameGenerator : Generating unique operation named: invokeUsingGET_9
2022-04-30T04:42:09.584010446Z stdout F 2022-04-30 12:42:09.579  INFO 1 --- [           main] .d.s.w.r.o.CachingOperationNameGenerator : Generating unique operation named: invokeUsingGET_10
2022-04-30T04:42:09.72432897Z stdout F 2022-04-30 12:42:09.672  INFO 1 --- [           main] .d.s.w.r.o.CachingOperationNameGenerator : Generating unique operation named: invokeUsingGET_11
2022-04-30T04:42:09.793676403Z stdout F 2022-04-30 12:42:09.789  INFO 1 --- [           main] .d.s.w.r.o.CachingOperationNameGenerator : Generating unique operation named: invokeUsingGET_12
2022-04-30T04:42:09.912274683Z stdout F 2022-04-30 12:42:09.863  INFO 1 --- [           main] .d.s.w.r.o.CachingOperationNameGenerator : Generating unique operation named: invokeUsingGET_13
2022-04-30T04:42:10.166648379Z stdout F 2022-04-30 12:42:10.165  INFO 1 --- [           main] .d.s.w.r.o.CachingOperationNameGenerator : Generating unique operation named: invokeUsingGET_14
2022-04-30T04:42:10.35226698Z stdout F 2022-04-30 12:42:10.351  INFO 1 --- [           main] .d.s.w.r.o.CachingOperationNameGenerator : Generating unique operation named: invokeUsingGET_15
2022-04-30T04:42:12.063797766Z stdout F 2022-04-30 12:42:12.062  INFO 1 --- [           main] .d.s.w.r.o.CachingOperationNameGenerator : Generating unique operation named: invokeUsingGET_16
2022-04-30T04:42:12.081355365Z stdout F 2022-04-30 12:42:12.065  INFO 1 --- [           main] .d.s.w.r.o.CachingOperationNameGenerator : Generating unique operation named: invokeUsingGET_17
2022-04-30T04:42:12.165588907Z stdout F 2022-04-30 12:42:12.164  INFO 1 --- [           main] .d.s.w.r.o.CachingOperationNameGenerator : Generating unique operation named: invokeUsingGET_18
2022-04-30T04:42:12.405782706Z stdout F 2022-04-30 12:42:12.402  INFO 1 --- [           main] .d.s.w.r.o.CachingOperationNameGenerator : Generating unique operation named: invokeUsingGET_19
2022-04-30T04:42:13.936696878Z stdout F 2022-04-30 12:42:13.896  INFO 1 --- [           main] .d.s.w.r.o.CachingOperationNameGenerator : Generating unique operation named: invokeUsingGET_20
2022-04-30T04:42:14.450231111Z stdout F 2022-04-30 12:42:14.439  INFO 1 --- [           main] .d.s.w.r.o.CachingOperationNameGenerator : Generating unique operation named: invokeUsingGET_21
2022-04-30T04:42:15.41738327Z stdout F 2022-04-30 12:42:15.415  INFO 1 --- [           main] .d.s.w.r.o.CachingOperationNameGenerator : Generating unique operation named: invokeUsingGET_22
2022-04-30T04:42:15.612655283Z stdout F 2022-04-30 12:42:15.609  INFO 1 --- [           main] .d.s.w.r.o.CachingOperationNameGenerator : Generating unique operation named: invokeUsingGET_23
2022-04-30T04:42:15.730928851Z stdout F 2022-04-30 12:42:15.730  INFO 1 --- [           main] .d.s.w.r.o.CachingOperationNameGenerator : Generating unique operation named: valueUsingGET_1
2022-04-30T04:42:18.06952163Z stdout F 2022-04-30 12:42:18.066  INFO 1 --- [           main] s.b.c.e.t.TomcatEmbeddedServletContainer : Tomcat started on port(s): 12386 (http)
2022-04-30T04:42:18.32822655Z stdout F 2022-04-30 12:42:18.319  INFO 1 --- [           main] execute.ExecuteApplication               : Started ExecuteApplication in 671.746 seconds (JVM running for 695.56)
