2022-06-13T02:22:31.010322391Z stdout F 2022-06-13T02:22:31.009191Z	info	Istio iptables environment:
2022-06-13T02:22:31.010369649Z stdout F ENVOY_PORT=
2022-06-13T02:22:31.010377487Z stdout F INBOUND_CAPTURE_PORT=
2022-06-13T02:22:31.010382635Z stdout F ISTIO_INBOUND_INTERCEPTION_MODE=
2022-06-13T02:22:31.010386458Z stdout F ISTIO_INBOUND_TPROXY_ROUTE_TABLE=
2022-06-13T02:22:31.010390281Z stdout F ISTIO_INBOUND_PORTS=
2022-06-13T02:22:31.010393939Z stdout F ISTIO_OUTBOUND_PORTS=
2022-06-13T02:22:31.010398001Z stdout F ISTIO_LOCAL_EXCLUDE_PORTS=
2022-06-13T02:22:31.010402061Z stdout F ISTIO_EXCLUDE_INTERFACES=
2022-06-13T02:22:31.010405825Z stdout F ISTIO_SERVICE_CIDR=
2022-06-13T02:22:31.010410175Z stdout F ISTIO_SERVICE_EXCLUDE_CIDR=
2022-06-13T02:22:31.010414187Z stdout F ISTIO_META_DNS_CAPTURE=
2022-06-13T02:22:31.010418035Z stdout F INVALID_DROP=
2022-06-13T02:22:31.010421815Z stdout F 
2022-06-13T02:22:31.014609176Z stdout F 2022-06-13T02:22:31.014350Z	info	Istio iptables variables:
2022-06-13T02:22:31.014631307Z stdout F PROXY_PORT=15001
2022-06-13T02:22:31.014637122Z stdout F PROXY_INBOUND_CAPTURE_PORT=15006
2022-06-13T02:22:31.014642088Z stdout F PROXY_TUNNEL_PORT=15008
2022-06-13T02:22:31.014646327Z stdout F PROXY_UID=1337
2022-06-13T02:22:31.014650394Z stdout F PROXY_GID=1337
2022-06-13T02:22:31.014654738Z stdout F INBOUND_INTERCEPTION_MODE=REDIRECT
2022-06-13T02:22:31.014659174Z stdout F INBOUND_TPROXY_MARK=1337
2022-06-13T02:22:31.014663443Z stdout F INBOUND_TPROXY_ROUTE_TABLE=133
2022-06-13T02:22:31.014667509Z stdout F INBOUND_PORTS_INCLUDE=*
2022-06-13T02:22:31.014671502Z stdout F INBOUND_PORTS_EXCLUDE=15090,15021,15020
2022-06-13T02:22:31.014675605Z stdout F OUTBOUND_IP_RANGES_INCLUDE=*
2022-06-13T02:22:31.014679515Z stdout F OUTBOUND_IP_RANGES_EXCLUDE=
2022-06-13T02:22:31.014683439Z stdout F OUTBOUND_PORTS_INCLUDE=
2022-06-13T02:22:31.014687371Z stdout F OUTBOUND_PORTS_EXCLUDE=
2022-06-13T02:22:31.014691414Z stdout F KUBE_VIRT_INTERFACES=
2022-06-13T02:22:31.014695455Z stdout F ENABLE_INBOUND_IPV6=false
2022-06-13T02:22:31.014699464Z stdout F DNS_CAPTURE=false
2022-06-13T02:22:31.014735513Z stdout F DROP_INVALID=false
2022-06-13T02:22:31.014744103Z stdout F CAPTURE_ALL_DNS=false
2022-06-13T02:22:31.014748463Z stdout F DNS_SERVERS=[],[]
2022-06-13T02:22:31.014751086Z stdout F OUTPUT_PATH=
2022-06-13T02:22:31.01475354Z stdout F NETWORK_NAMESPACE=
2022-06-13T02:22:31.014756075Z stdout F CNI_MODE=false
2022-06-13T02:22:31.014758607Z stdout F EXCLUDE_INTERFACES=
2022-06-13T02:22:31.014760921Z stdout F 
2022-06-13T02:22:31.017085718Z stdout F 2022-06-13T02:22:31.015233Z	info	Writing following contents to rules file: /tmp/iptables-rules-1655086951014509004.txt4059616520
2022-06-13T02:22:31.017142532Z stdout F * nat
2022-06-13T02:22:31.017234831Z stdout F -N ISTIO_INBOUND
2022-06-13T02:22:31.017246779Z stdout F -N ISTIO_REDIRECT
2022-06-13T02:22:31.017251738Z stdout F -N ISTIO_IN_REDIRECT
2022-06-13T02:22:31.017256047Z stdout F -N ISTIO_OUTPUT
2022-06-13T02:22:31.017260816Z stdout F -A ISTIO_INBOUND -p tcp --dport 15008 -j RETURN
2022-06-13T02:22:31.017265239Z stdout F -A ISTIO_REDIRECT -p tcp -j REDIRECT --to-ports 15001
2022-06-13T02:22:31.017269669Z stdout F -A ISTIO_IN_REDIRECT -p tcp -j REDIRECT --to-ports 15006
2022-06-13T02:22:31.017274029Z stdout F -A PREROUTING -p tcp -j ISTIO_INBOUND
2022-06-13T02:22:31.017278211Z stdout F -A ISTIO_INBOUND -p tcp --dport 15090 -j RETURN
2022-06-13T02:22:31.017282122Z stdout F -A ISTIO_INBOUND -p tcp --dport 15021 -j RETURN
2022-06-13T02:22:31.017296314Z stdout F -A ISTIO_INBOUND -p tcp --dport 15020 -j RETURN
2022-06-13T02:22:31.017305985Z stdout F -A ISTIO_INBOUND -p tcp -j ISTIO_IN_REDIRECT
2022-06-13T02:22:31.017312747Z stdout F -A OUTPUT -p tcp -j ISTIO_OUTPUT
2022-06-13T02:22:31.017317353Z stdout F -A ISTIO_OUTPUT -o lo -s 127.0.0.6/32 -j RETURN
2022-06-13T02:22:31.017322105Z stdout F -A ISTIO_OUTPUT -o lo ! -d 127.0.0.1/32 -m owner --uid-owner 1337 -j ISTIO_IN_REDIRECT
2022-06-13T02:22:31.017326376Z stdout F -A ISTIO_OUTPUT -o lo -m owner ! --uid-owner 1337 -j RETURN
2022-06-13T02:22:31.017345886Z stdout F -A ISTIO_OUTPUT -m owner --uid-owner 1337 -j RETURN
2022-06-13T02:22:31.017351354Z stdout F -A ISTIO_OUTPUT -o lo ! -d 127.0.0.1/32 -m owner --gid-owner 1337 -j ISTIO_IN_REDIRECT
2022-06-13T02:22:31.017389067Z stdout F -A ISTIO_OUTPUT -o lo -m owner ! --gid-owner 1337 -j RETURN
2022-06-13T02:22:31.01740783Z stdout F -A ISTIO_OUTPUT -m owner --gid-owner 1337 -j RETURN
2022-06-13T02:22:31.017414097Z stdout F -A ISTIO_OUTPUT -d 127.0.0.1/32 -j RETURN
2022-06-13T02:22:31.01741846Z stdout F -A ISTIO_OUTPUT -j ISTIO_REDIRECT
2022-06-13T02:22:31.017422936Z stdout F COMMIT
2022-06-13T02:22:31.017427572Z stdout F 2022-06-13T02:22:31.015311Z	info	Running command: iptables-restore --noflush /tmp/iptables-rules-1655086951014509004.txt4059616520
2022-06-13T02:22:31.030892381Z stdout F 2022-06-13T02:22:31.030622Z	info	Writing following contents to rules file: /tmp/ip6tables-rules-1655086951030542885.txt486211876
2022-06-13T02:22:31.030911374Z stdout F 
2022-06-13T02:22:31.030917787Z stdout F 2022-06-13T02:22:31.030706Z	info	Running command: ip6tables-restore --noflush /tmp/ip6tables-rules-1655086951030542885.txt486211876
2022-06-13T02:22:31.041905832Z stdout F 2022-06-13T02:22:31.040653Z	info	Running command: iptables-save 
2022-06-13T02:22:31.05060889Z stdout F 2022-06-13T02:22:31.050020Z	info	Command output: 
2022-06-13T02:22:31.075820521Z stdout F # Generated by iptables-save v1.8.4 on Mon Jun 13 02:22:31 2022
2022-06-13T02:22:31.075835246Z stdout F *nat
2022-06-13T02:22:31.075838836Z stdout F :PREROUTING ACCEPT [0:0]
2022-06-13T02:22:31.075841222Z stdout F :INPUT ACCEPT [0:0]
2022-06-13T02:22:31.075843628Z stdout F :OUTPUT ACCEPT [0:0]
2022-06-13T02:22:31.075846368Z stdout F :POSTROUTING ACCEPT [0:0]
2022-06-13T02:22:31.075877077Z stdout F :ISTIO_INBOUND - [0:0]
2022-06-13T02:22:31.075884759Z stdout F :ISTIO_IN_REDIRECT - [0:0]
2022-06-13T02:22:31.075887486Z stdout F :ISTIO_OUTPUT - [0:0]
2022-06-13T02:22:31.07588985Z stdout F :ISTIO_REDIRECT - [0:0]
2022-06-13T02:22:31.075892694Z stdout F -A PREROUTING -p tcp -j ISTIO_INBOUND
2022-06-13T02:22:31.075895033Z stdout F -A OUTPUT -p tcp -j ISTIO_OUTPUT
2022-06-13T02:22:31.075897337Z stdout F -A ISTIO_INBOUND -p tcp -m tcp --dport 15008 -j RETURN
2022-06-13T02:22:31.075899609Z stdout F -A ISTIO_INBOUND -p tcp -m tcp --dport 15090 -j RETURN
2022-06-13T02:22:31.075902008Z stdout F -A ISTIO_INBOUND -p tcp -m tcp --dport 15021 -j RETURN
2022-06-13T02:22:31.075904287Z stdout F -A ISTIO_INBOUND -p tcp -m tcp --dport 15020 -j RETURN
2022-06-13T02:22:31.075906571Z stdout F -A ISTIO_INBOUND -p tcp -j ISTIO_IN_REDIRECT
2022-06-13T02:22:31.07590885Z stdout F -A ISTIO_IN_REDIRECT -p tcp -j REDIRECT --to-ports 15006
2022-06-13T02:22:31.075911109Z stdout F -A ISTIO_OUTPUT -s 127.0.0.6/32 -o lo -j RETURN
2022-06-13T02:22:31.075913999Z stdout F -A ISTIO_OUTPUT ! -d 127.0.0.1/32 -o lo -m owner --uid-owner 1337 -j ISTIO_IN_REDIRECT
2022-06-13T02:22:31.075916262Z stdout F -A ISTIO_OUTPUT -o lo -m owner ! --uid-owner 1337 -j RETURN
2022-06-13T02:22:31.075918501Z stdout F -A ISTIO_OUTPUT -m owner --uid-owner 1337 -j RETURN
2022-06-13T02:22:31.075920931Z stdout F -A ISTIO_OUTPUT ! -d 127.0.0.1/32 -o lo -m owner --gid-owner 1337 -j ISTIO_IN_REDIRECT
2022-06-13T02:22:31.076029707Z stdout F -A ISTIO_OUTPUT -o lo -m owner ! --gid-owner 1337 -j RETURN
2022-06-13T02:22:31.076041881Z stdout F -A ISTIO_OUTPUT -m owner --gid-owner 1337 -j RETURN
2022-06-13T02:22:31.076046836Z stdout F -A ISTIO_OUTPUT -d 127.0.0.1/32 -j RETURN
2022-06-13T02:22:31.076050828Z stdout F -A ISTIO_OUTPUT -j ISTIO_REDIRECT
2022-06-13T02:22:31.076054671Z stdout F -A ISTIO_REDIRECT -p tcp -j REDIRECT --to-ports 15001
2022-06-13T02:22:31.076059014Z stdout F COMMIT
2022-06-13T02:22:31.076062828Z stdout F # Completed on Mon Jun 13 02:22:31 2022
2022-06-13T02:22:31.076066852Z stdout F 
