2022-06-13T02:22:25.463104184Z stdout F 2022-06-13T02:22:25.461963Z	info	Istio iptables environment:
2022-06-13T02:22:25.463130849Z stdout F ENVOY_PORT=
2022-06-13T02:22:25.463134912Z stdout F INBOUND_CAPTURE_PORT=
2022-06-13T02:22:25.463137432Z stdout F ISTIO_INBOUND_INTERCEPTION_MODE=
2022-06-13T02:22:25.463139713Z stdout F ISTIO_INBOUND_TPROXY_ROUTE_TABLE=
2022-06-13T02:22:25.46314159Z stdout F ISTIO_INBOUND_PORTS=
2022-06-13T02:22:25.463143473Z stdout F ISTIO_OUTBOUND_PORTS=
2022-06-13T02:22:25.463145324Z stdout F ISTIO_LOCAL_EXCLUDE_PORTS=
2022-06-13T02:22:25.463161886Z stdout F ISTIO_EXCLUDE_INTERFACES=
2022-06-13T02:22:25.463163843Z stdout F ISTIO_SERVICE_CIDR=
2022-06-13T02:22:25.46316737Z stdout F ISTIO_SERVICE_EXCLUDE_CIDR=
2022-06-13T02:22:25.46316928Z stdout F ISTIO_META_DNS_CAPTURE=
2022-06-13T02:22:25.463184897Z stdout F INVALID_DROP=
2022-06-13T02:22:25.46318653Z stdout F 
2022-06-13T02:22:25.463188205Z stdout F 2022-06-13T02:22:25.462035Z	info	Istio iptables variables:
2022-06-13T02:22:25.463189866Z stdout F PROXY_PORT=15001
2022-06-13T02:22:25.463191561Z stdout F PROXY_INBOUND_CAPTURE_PORT=15006
2022-06-13T02:22:25.463212604Z stdout F PROXY_TUNNEL_PORT=15008
2022-06-13T02:22:25.463214517Z stdout F PROXY_UID=1337
2022-06-13T02:22:25.463216977Z stdout F PROXY_GID=1337
2022-06-13T02:22:25.463218747Z stdout F INBOUND_INTERCEPTION_MODE=REDIRECT
2022-06-13T02:22:25.463220516Z stdout F INBOUND_TPROXY_MARK=1337
2022-06-13T02:22:25.463237198Z stdout F INBOUND_TPROXY_ROUTE_TABLE=133
2022-06-13T02:22:25.463239041Z stdout F INBOUND_PORTS_INCLUDE=*
2022-06-13T02:22:25.463240859Z stdout F INBOUND_PORTS_EXCLUDE=15090,15021,15020
2022-06-13T02:22:25.463253566Z stdout F OUTBOUND_IP_RANGES_INCLUDE=*
2022-06-13T02:22:25.463263015Z stdout F OUTBOUND_IP_RANGES_EXCLUDE=
2022-06-13T02:22:25.463270059Z stdout F OUTBOUND_PORTS_INCLUDE=
2022-06-13T02:22:25.463278259Z stdout F OUTBOUND_PORTS_EXCLUDE=
2022-06-13T02:22:25.46328694Z stdout F KUBE_VIRT_INTERFACES=
2022-06-13T02:22:25.463292442Z stdout F ENABLE_INBOUND_IPV6=false
2022-06-13T02:22:25.463300024Z stdout F DNS_CAPTURE=false
2022-06-13T02:22:25.463305862Z stdout F DROP_INVALID=false
2022-06-13T02:22:25.463331432Z stdout F CAPTURE_ALL_DNS=false
2022-06-13T02:22:25.463339979Z stdout F DNS_SERVERS=[],[]
2022-06-13T02:22:25.463343106Z stdout F OUTPUT_PATH=
2022-06-13T02:22:25.463345157Z stdout F NETWORK_NAMESPACE=
2022-06-13T02:22:25.463347066Z stdout F CNI_MODE=false
2022-06-13T02:22:25.463363257Z stdout F EXCLUDE_INTERFACES=
2022-06-13T02:22:25.463364947Z stdout F 
2022-06-13T02:22:25.463367092Z stdout F 2022-06-13T02:22:25.462236Z	info	Writing following contents to rules file: /tmp/iptables-rules-1655086945462108422.txt778620109
2022-06-13T02:22:25.463368841Z stdout F * nat
2022-06-13T02:22:25.463370612Z stdout F -N ISTIO_INBOUND
2022-06-13T02:22:25.463392689Z stdout F -N ISTIO_REDIRECT
2022-06-13T02:22:25.463394526Z stdout F -N ISTIO_IN_REDIRECT
2022-06-13T02:22:25.463396397Z stdout F -N ISTIO_OUTPUT
2022-06-13T02:22:25.463398464Z stdout F -A ISTIO_INBOUND -p tcp --dport 15008 -j RETURN
2022-06-13T02:22:25.463400522Z stdout F -A ISTIO_REDIRECT -p tcp -j REDIRECT --to-ports 15001
2022-06-13T02:22:25.463402347Z stdout F -A ISTIO_IN_REDIRECT -p tcp -j REDIRECT --to-ports 15006
2022-06-13T02:22:25.463404144Z stdout F -A PREROUTING -p tcp -j ISTIO_INBOUND
2022-06-13T02:22:25.463405956Z stdout F -A ISTIO_INBOUND -p tcp --dport 15090 -j RETURN
2022-06-13T02:22:25.463407839Z stdout F -A ISTIO_INBOUND -p tcp --dport 15021 -j RETURN
2022-06-13T02:22:25.463409663Z stdout F -A ISTIO_INBOUND -p tcp --dport 15020 -j RETURN
2022-06-13T02:22:25.463411486Z stdout F -A ISTIO_INBOUND -p tcp -j ISTIO_IN_REDIRECT
2022-06-13T02:22:25.463413405Z stdout F -A OUTPUT -p tcp -j ISTIO_OUTPUT
2022-06-13T02:22:25.463415228Z stdout F -A ISTIO_OUTPUT -o lo -s 127.0.0.6/32 -j RETURN
2022-06-13T02:22:25.463417374Z stdout F -A ISTIO_OUTPUT -o lo ! -d 127.0.0.1/32 -m owner --uid-owner 1337 -j ISTIO_IN_REDIRECT
2022-06-13T02:22:25.463419211Z stdout F -A ISTIO_OUTPUT -o lo -m owner ! --uid-owner 1337 -j RETURN
2022-06-13T02:22:25.463421054Z stdout F -A ISTIO_OUTPUT -m owner --uid-owner 1337 -j RETURN
2022-06-13T02:22:25.463446586Z stdout F -A ISTIO_OUTPUT -o lo ! -d 127.0.0.1/32 -m owner --gid-owner 1337 -j ISTIO_IN_REDIRECT
2022-06-13T02:22:25.463450586Z stdout F -A ISTIO_OUTPUT -o lo -m owner ! --gid-owner 1337 -j RETURN
2022-06-13T02:22:25.463452549Z stdout F -A ISTIO_OUTPUT -m owner --gid-owner 1337 -j RETURN
2022-06-13T02:22:25.463454421Z stdout F -A ISTIO_OUTPUT -d 127.0.0.1/32 -j RETURN
2022-06-13T02:22:25.463456282Z stdout F -A ISTIO_OUTPUT -j ISTIO_REDIRECT
2022-06-13T02:22:25.4634582Z stdout F COMMIT
2022-06-13T02:22:25.46346076Z stdout F 2022-06-13T02:22:25.462274Z	info	Running command: iptables-restore --noflush /tmp/iptables-rules-1655086945462108422.txt778620109
2022-06-13T02:22:25.467357991Z stdout F 2022-06-13T02:22:25.467077Z	info	Writing following contents to rules file: /tmp/ip6tables-rules-1655086945466997298.txt3321596897
2022-06-13T02:22:25.46737035Z stdout F 
2022-06-13T02:22:25.467373167Z stdout F 2022-06-13T02:22:25.467180Z	info	Running command: ip6tables-restore --noflush /tmp/ip6tables-rules-1655086945466997298.txt3321596897
2022-06-13T02:22:25.469205405Z stdout F 2022-06-13T02:22:25.468877Z	info	Running command: iptables-save 
2022-06-13T02:22:25.471745081Z stdout F 2022-06-13T02:22:25.471516Z	info	Command output: 
2022-06-13T02:22:25.471760634Z stdout F # Generated by iptables-save v1.8.4 on Mon Jun 13 02:22:25 2022
2022-06-13T02:22:25.471771863Z stdout F *nat
2022-06-13T02:22:25.471782426Z stdout F :PREROUTING ACCEPT [0:0]
2022-06-13T02:22:25.471786901Z stdout F :INPUT ACCEPT [0:0]
2022-06-13T02:22:25.47179029Z stdout F :OUTPUT ACCEPT [0:0]
2022-06-13T02:22:25.471793906Z stdout F :POSTROUTING ACCEPT [0:0]
2022-06-13T02:22:25.471801635Z stdout F :ISTIO_INBOUND - [0:0]
2022-06-13T02:22:25.471806076Z stdout F :ISTIO_IN_REDIRECT - [0:0]
2022-06-13T02:22:25.471808118Z stdout F :ISTIO_OUTPUT - [0:0]
2022-06-13T02:22:25.471810055Z stdout F :ISTIO_REDIRECT - [0:0]
2022-06-13T02:22:25.471812351Z stdout F -A PREROUTING -p tcp -j ISTIO_INBOUND
2022-06-13T02:22:25.471814178Z stdout F -A OUTPUT -p tcp -j ISTIO_OUTPUT
2022-06-13T02:22:25.471815989Z stdout F -A ISTIO_INBOUND -p tcp -m tcp --dport 15008 -j RETURN
2022-06-13T02:22:25.471817796Z stdout F -A ISTIO_INBOUND -p tcp -m tcp --dport 15090 -j RETURN
2022-06-13T02:22:25.471819598Z stdout F -A ISTIO_INBOUND -p tcp -m tcp --dport 15021 -j RETURN
2022-06-13T02:22:25.471821386Z stdout F -A ISTIO_INBOUND -p tcp -m tcp --dport 15020 -j RETURN
2022-06-13T02:22:25.471823195Z stdout F -A ISTIO_INBOUND -p tcp -j ISTIO_IN_REDIRECT
2022-06-13T02:22:25.471825066Z stdout F -A ISTIO_IN_REDIRECT -p tcp -j REDIRECT --to-ports 15006
2022-06-13T02:22:25.471826831Z stdout F -A ISTIO_OUTPUT -s 127.0.0.6/32 -o lo -j RETURN
2022-06-13T02:22:25.471828958Z stdout F -A ISTIO_OUTPUT ! -d 127.0.0.1/32 -o lo -m owner --uid-owner 1337 -j ISTIO_IN_REDIRECT
2022-06-13T02:22:25.471830811Z stdout F -A ISTIO_OUTPUT -o lo -m owner ! --uid-owner 1337 -j RETURN
2022-06-13T02:22:25.471832567Z stdout F -A ISTIO_OUTPUT -m owner --uid-owner 1337 -j RETURN
2022-06-13T02:22:25.471834395Z stdout F -A ISTIO_OUTPUT ! -d 127.0.0.1/32 -o lo -m owner --gid-owner 1337 -j ISTIO_IN_REDIRECT
2022-06-13T02:22:25.471836171Z stdout F -A ISTIO_OUTPUT -o lo -m owner ! --gid-owner 1337 -j RETURN
2022-06-13T02:22:25.471837984Z stdout F -A ISTIO_OUTPUT -m owner --gid-owner 1337 -j RETURN
2022-06-13T02:22:25.471841574Z stdout F -A ISTIO_OUTPUT -d 127.0.0.1/32 -j RETURN
2022-06-13T02:22:25.471843498Z stdout F -A ISTIO_OUTPUT -j ISTIO_REDIRECT
2022-06-13T02:22:25.471845329Z stdout F -A ISTIO_REDIRECT -p tcp -j REDIRECT --to-ports 15001
2022-06-13T02:22:25.471847225Z stdout F COMMIT
2022-06-13T02:22:25.471849137Z stdout F # Completed on Mon Jun 13 02:22:25 2022
2022-06-13T02:22:25.471850911Z stdout F 
