2022-06-13T02:22:33.461698442Z stdout F 2022-06-13T02:22:33.461466Z	info	Istio iptables environment:
2022-06-13T02:22:33.461722217Z stdout F ENVOY_PORT=
2022-06-13T02:22:33.461728308Z stdout F INBOUND_CAPTURE_PORT=
2022-06-13T02:22:33.461732659Z stdout F ISTIO_INBOUND_INTERCEPTION_MODE=
2022-06-13T02:22:33.461736438Z stdout F ISTIO_INBOUND_TPROXY_ROUTE_TABLE=
2022-06-13T02:22:33.461739872Z stdout F ISTIO_INBOUND_PORTS=
2022-06-13T02:22:33.461743193Z stdout F ISTIO_OUTBOUND_PORTS=
2022-06-13T02:22:33.461746321Z stdout F ISTIO_LOCAL_EXCLUDE_PORTS=
2022-06-13T02:22:33.461749574Z stdout F ISTIO_EXCLUDE_INTERFACES=
2022-06-13T02:22:33.461752689Z stdout F ISTIO_SERVICE_CIDR=
2022-06-13T02:22:33.461755724Z stdout F ISTIO_SERVICE_EXCLUDE_CIDR=
2022-06-13T02:22:33.461758746Z stdout F ISTIO_META_DNS_CAPTURE=
2022-06-13T02:22:33.461761998Z stdout F INVALID_DROP=
2022-06-13T02:22:33.461765025Z stdout F 
2022-06-13T02:22:33.461768251Z stdout F 2022-06-13T02:22:33.461567Z	info	Istio iptables variables:
2022-06-13T02:22:33.461771482Z stdout F PROXY_PORT=15001
2022-06-13T02:22:33.461774566Z stdout F PROXY_INBOUND_CAPTURE_PORT=15006
2022-06-13T02:22:33.461777689Z stdout F PROXY_TUNNEL_PORT=15008
2022-06-13T02:22:33.461780721Z stdout F PROXY_UID=1337
2022-06-13T02:22:33.461783767Z stdout F PROXY_GID=1337
2022-06-13T02:22:33.461786994Z stdout F INBOUND_INTERCEPTION_MODE=REDIRECT
2022-06-13T02:22:33.461790112Z stdout F INBOUND_TPROXY_MARK=1337
2022-06-13T02:22:33.461792888Z stdout F INBOUND_TPROXY_ROUTE_TABLE=133
2022-06-13T02:22:33.461795702Z stdout F INBOUND_PORTS_INCLUDE=*
2022-06-13T02:22:33.461798814Z stdout F INBOUND_PORTS_EXCLUDE=15090,15021,15020
2022-06-13T02:22:33.4618018Z stdout F OUTBOUND_IP_RANGES_INCLUDE=*
2022-06-13T02:22:33.461805018Z stdout F OUTBOUND_IP_RANGES_EXCLUDE=
2022-06-13T02:22:33.461808137Z stdout F OUTBOUND_PORTS_INCLUDE=
2022-06-13T02:22:33.461811341Z stdout F OUTBOUND_PORTS_EXCLUDE=
2022-06-13T02:22:33.461814284Z stdout F KUBE_VIRT_INTERFACES=
2022-06-13T02:22:33.461817517Z stdout F ENABLE_INBOUND_IPV6=false
2022-06-13T02:22:33.461820542Z stdout F DNS_CAPTURE=false
2022-06-13T02:22:33.461823785Z stdout F DROP_INVALID=false
2022-06-13T02:22:33.461826898Z stdout F CAPTURE_ALL_DNS=false
2022-06-13T02:22:33.461829919Z stdout F DNS_SERVERS=[],[]
2022-06-13T02:22:33.461832862Z stdout F OUTPUT_PATH=
2022-06-13T02:22:33.461835744Z stdout F NETWORK_NAMESPACE=
2022-06-13T02:22:33.461838779Z stdout F CNI_MODE=false
2022-06-13T02:22:33.461841857Z stdout F EXCLUDE_INTERFACES=
2022-06-13T02:22:33.461844753Z stdout F 
2022-06-13T02:22:33.461957944Z stdout F 2022-06-13T02:22:33.461765Z	info	Writing following contents to rules file: /tmp/iptables-rules-1655086953461612353.txt943386517
2022-06-13T02:22:33.461968818Z stdout F * nat
2022-06-13T02:22:33.461972428Z stdout F -N ISTIO_INBOUND
2022-06-13T02:22:33.461975433Z stdout F -N ISTIO_REDIRECT
2022-06-13T02:22:33.461978643Z stdout F -N ISTIO_IN_REDIRECT
2022-06-13T02:22:33.461981744Z stdout F -N ISTIO_OUTPUT
2022-06-13T02:22:33.461984744Z stdout F -A ISTIO_INBOUND -p tcp --dport 15008 -j RETURN
2022-06-13T02:22:33.461987575Z stdout F -A ISTIO_REDIRECT -p tcp -j REDIRECT --to-ports 15001
2022-06-13T02:22:33.461990361Z stdout F -A ISTIO_IN_REDIRECT -p tcp -j REDIRECT --to-ports 15006
2022-06-13T02:22:33.461993532Z stdout F -A PREROUTING -p tcp -j ISTIO_INBOUND
2022-06-13T02:22:33.461996755Z stdout F -A ISTIO_INBOUND -p tcp --dport 15090 -j RETURN
2022-06-13T02:22:33.461999968Z stdout F -A ISTIO_INBOUND -p tcp --dport 15021 -j RETURN
2022-06-13T02:22:33.462006128Z stdout F -A ISTIO_INBOUND -p tcp --dport 15020 -j RETURN
2022-06-13T02:22:33.462015857Z stdout F -A ISTIO_INBOUND -p tcp -j ISTIO_IN_REDIRECT
2022-06-13T02:22:33.462021084Z stdout F -A OUTPUT -p tcp -j ISTIO_OUTPUT
2022-06-13T02:22:33.462024532Z stdout F -A ISTIO_OUTPUT -o lo -s 127.0.0.6/32 -j RETURN
2022-06-13T02:22:33.462027943Z stdout F -A ISTIO_OUTPUT -o lo ! -d 127.0.0.1/32 -m owner --uid-owner 1337 -j ISTIO_IN_REDIRECT
2022-06-13T02:22:33.462031049Z stdout F -A ISTIO_OUTPUT -o lo -m owner ! --uid-owner 1337 -j RETURN
2022-06-13T02:22:33.462044467Z stdout F -A ISTIO_OUTPUT -m owner --uid-owner 1337 -j RETURN
2022-06-13T02:22:33.462054073Z stdout F -A ISTIO_OUTPUT -o lo ! -d 127.0.0.1/32 -m owner --gid-owner 1337 -j ISTIO_IN_REDIRECT
2022-06-13T02:22:33.462063166Z stdout F -A ISTIO_OUTPUT -o lo -m owner ! --gid-owner 1337 -j RETURN
2022-06-13T02:22:33.462067259Z stdout F -A ISTIO_OUTPUT -m owner --gid-owner 1337 -j RETURN
2022-06-13T02:22:33.462073052Z stdout F -A ISTIO_OUTPUT -d 127.0.0.1/32 -j RETURN
2022-06-13T02:22:33.462079788Z stdout F -A ISTIO_OUTPUT -j ISTIO_REDIRECT
2022-06-13T02:22:33.462082994Z stdout F COMMIT
2022-06-13T02:22:33.462085495Z stdout F 2022-06-13T02:22:33.461827Z	info	Running command: iptables-restore --noflush /tmp/iptables-rules-1655086953461612353.txt943386517
2022-06-13T02:22:33.466627884Z stdout F 2022-06-13T02:22:33.466036Z	info	Writing following contents to rules file: /tmp/ip6tables-rules-1655086953465928689.txt1732504693
2022-06-13T02:22:33.466647964Z stdout F 
2022-06-13T02:22:33.466652673Z stdout F 2022-06-13T02:22:33.466116Z	info	Running command: ip6tables-restore --noflush /tmp/ip6tables-rules-1655086953465928689.txt1732504693
2022-06-13T02:22:33.468452148Z stdout F 2022-06-13T02:22:33.468183Z	info	Running command: iptables-save 
2022-06-13T02:22:33.471633187Z stdout F 2022-06-13T02:22:33.471334Z	info	Command output: 
2022-06-13T02:22:33.471647819Z stdout F # Generated by iptables-save v1.8.4 on Mon Jun 13 02:22:33 2022
2022-06-13T02:22:33.471651008Z stdout F *nat
2022-06-13T02:22:33.471653904Z stdout F :PREROUTING ACCEPT [0:0]
2022-06-13T02:22:33.471656046Z stdout F :INPUT ACCEPT [0:0]
2022-06-13T02:22:33.471658114Z stdout F :OUTPUT ACCEPT [0:0]
2022-06-13T02:22:33.471660989Z stdout F :POSTROUTING ACCEPT [0:0]
2022-06-13T02:22:33.471663219Z stdout F :ISTIO_INBOUND - [0:0]
2022-06-13T02:22:33.471665344Z stdout F :ISTIO_IN_REDIRECT - [0:0]
2022-06-13T02:22:33.471667336Z stdout F :ISTIO_OUTPUT - [0:0]
2022-06-13T02:22:33.471669503Z stdout F :ISTIO_REDIRECT - [0:0]
2022-06-13T02:22:33.471672321Z stdout F -A PREROUTING -p tcp -j ISTIO_INBOUND
2022-06-13T02:22:33.471686584Z stdout F -A OUTPUT -p tcp -j ISTIO_OUTPUT
2022-06-13T02:22:33.471689702Z stdout F -A ISTIO_INBOUND -p tcp -m tcp --dport 15008 -j RETURN
2022-06-13T02:22:33.471693203Z stdout F -A ISTIO_INBOUND -p tcp -m tcp --dport 15090 -j RETURN
2022-06-13T02:22:33.471730857Z stdout F -A ISTIO_INBOUND -p tcp -m tcp --dport 15021 -j RETURN
2022-06-13T02:22:33.471736947Z stdout F -A ISTIO_INBOUND -p tcp -m tcp --dport 15020 -j RETURN
2022-06-13T02:22:33.471741033Z stdout F -A ISTIO_INBOUND -p tcp -j ISTIO_IN_REDIRECT
2022-06-13T02:22:33.471744738Z stdout F -A ISTIO_IN_REDIRECT -p tcp -j REDIRECT --to-ports 15006
2022-06-13T02:22:33.471748263Z stdout F -A ISTIO_OUTPUT -s 127.0.0.6/32 -o lo -j RETURN
2022-06-13T02:22:33.471752325Z stdout F -A ISTIO_OUTPUT ! -d 127.0.0.1/32 -o lo -m owner --uid-owner 1337 -j ISTIO_IN_REDIRECT
2022-06-13T02:22:33.471756072Z stdout F -A ISTIO_OUTPUT -o lo -m owner ! --uid-owner 1337 -j RETURN
2022-06-13T02:22:33.471759892Z stdout F -A ISTIO_OUTPUT -m owner --uid-owner 1337 -j RETURN
2022-06-13T02:22:33.471763547Z stdout F -A ISTIO_OUTPUT ! -d 127.0.0.1/32 -o lo -m owner --gid-owner 1337 -j ISTIO_IN_REDIRECT
2022-06-13T02:22:33.47176719Z stdout F -A ISTIO_OUTPUT -o lo -m owner ! --gid-owner 1337 -j RETURN
2022-06-13T02:22:33.471770905Z stdout F -A ISTIO_OUTPUT -m owner --gid-owner 1337 -j RETURN
2022-06-13T02:22:33.471774413Z stdout F -A ISTIO_OUTPUT -d 127.0.0.1/32 -j RETURN
2022-06-13T02:22:33.471778019Z stdout F -A ISTIO_OUTPUT -j ISTIO_REDIRECT
2022-06-13T02:22:33.471781393Z stdout F -A ISTIO_REDIRECT -p tcp -j REDIRECT --to-ports 15001
2022-06-13T02:22:33.471784798Z stdout F COMMIT
2022-06-13T02:22:33.471788789Z stdout F # Completed on Mon Jun 13 02:22:33 2022
2022-06-13T02:22:33.471792429Z stdout F 
