2022-05-09T11:48:12.353225809Z stdout F 2022-05-09T11:48:12.326418Z	info	Istio iptables environment:
2022-05-09T11:48:12.353288476Z stdout F ENVOY_PORT=
2022-05-09T11:48:12.353297999Z stdout F INBOUND_CAPTURE_PORT=
2022-05-09T11:48:12.353303474Z stdout F ISTIO_INBOUND_INTERCEPTION_MODE=
2022-05-09T11:48:12.35334344Z stdout F ISTIO_INBOUND_TPROXY_ROUTE_TABLE=
2022-05-09T11:48:12.353357477Z stdout F ISTIO_INBOUND_PORTS=
2022-05-09T11:48:12.35336252Z stdout F ISTIO_OUTBOUND_PORTS=
2022-05-09T11:48:12.353366786Z stdout F ISTIO_LOCAL_EXCLUDE_PORTS=
2022-05-09T11:48:12.35337098Z stdout F ISTIO_EXCLUDE_INTERFACES=
2022-05-09T11:48:12.353375297Z stdout F ISTIO_SERVICE_CIDR=
2022-05-09T11:48:12.353379509Z stdout F ISTIO_SERVICE_EXCLUDE_CIDR=
2022-05-09T11:48:12.353383643Z stdout F ISTIO_META_DNS_CAPTURE=
2022-05-09T11:48:12.353387952Z stdout F INVALID_DROP=
2022-05-09T11:48:12.353392036Z stdout F 
2022-05-09T11:48:12.353396234Z stdout F 2022-05-09T11:48:12.351084Z	info	Istio iptables variables:
2022-05-09T11:48:12.353400989Z stdout F PROXY_PORT=15001
2022-05-09T11:48:12.353405283Z stdout F PROXY_INBOUND_CAPTURE_PORT=15006
2022-05-09T11:48:12.353409513Z stdout F PROXY_TUNNEL_PORT=15008
2022-05-09T11:48:12.353413777Z stdout F PROXY_UID=1337
2022-05-09T11:48:12.353421184Z stdout F PROXY_GID=1337
2022-05-09T11:48:12.353425641Z stdout F INBOUND_INTERCEPTION_MODE=REDIRECT
2022-05-09T11:48:12.353429824Z stdout F INBOUND_TPROXY_MARK=1337
2022-05-09T11:48:12.353434036Z stdout F INBOUND_TPROXY_ROUTE_TABLE=133
2022-05-09T11:48:12.353438218Z stdout F INBOUND_PORTS_INCLUDE=*
2022-05-09T11:48:12.353442349Z stdout F INBOUND_PORTS_EXCLUDE=15090,15021,15020
2022-05-09T11:48:12.353446469Z stdout F OUTBOUND_IP_RANGES_INCLUDE=*
2022-05-09T11:48:12.353450573Z stdout F OUTBOUND_IP_RANGES_EXCLUDE=
2022-05-09T11:48:12.3534547Z stdout F OUTBOUND_PORTS_INCLUDE=
2022-05-09T11:48:12.353459018Z stdout F OUTBOUND_PORTS_EXCLUDE=
2022-05-09T11:48:12.353463179Z stdout F KUBE_VIRT_INTERFACES=
2022-05-09T11:48:12.353467351Z stdout F ENABLE_INBOUND_IPV6=false
2022-05-09T11:48:12.353471433Z stdout F DNS_CAPTURE=false
2022-05-09T11:48:12.353475682Z stdout F DROP_INVALID=false
2022-05-09T11:48:12.353479904Z stdout F CAPTURE_ALL_DNS=false
2022-05-09T11:48:12.353484023Z stdout F DNS_SERVERS=[],[]
2022-05-09T11:48:12.353488223Z stdout F OUTPUT_PATH=
2022-05-09T11:48:12.353492382Z stdout F NETWORK_NAMESPACE=
2022-05-09T11:48:12.353496654Z stdout F CNI_MODE=false
2022-05-09T11:48:12.35350094Z stdout F EXCLUDE_INTERFACES=
2022-05-09T11:48:12.353504986Z stdout F 
2022-05-09T11:48:12.355735096Z stdout F 2022-05-09T11:48:12.351610Z	info	Writing following contents to rules file: /tmp/iptables-rules-1652096892351194009.txt2269072762
2022-05-09T11:48:12.355772988Z stdout F * nat
2022-05-09T11:48:12.355780213Z stdout F -N ISTIO_INBOUND
2022-05-09T11:48:12.355785358Z stdout F -N ISTIO_REDIRECT
2022-05-09T11:48:12.355789483Z stdout F -N ISTIO_IN_REDIRECT
2022-05-09T11:48:12.355793796Z stdout F -N ISTIO_OUTPUT
2022-05-09T11:48:12.355798751Z stdout F -A ISTIO_INBOUND -p tcp --dport 15008 -j RETURN
2022-05-09T11:48:12.355803655Z stdout F -A ISTIO_REDIRECT -p tcp -j REDIRECT --to-ports 15001
2022-05-09T11:48:12.355807777Z stdout F -A ISTIO_IN_REDIRECT -p tcp -j REDIRECT --to-ports 15006
2022-05-09T11:48:12.355811817Z stdout F -A PREROUTING -p tcp -j ISTIO_INBOUND
2022-05-09T11:48:12.355815884Z stdout F -A ISTIO_INBOUND -p tcp --dport 15090 -j RETURN
2022-05-09T11:48:12.355820041Z stdout F -A ISTIO_INBOUND -p tcp --dport 15021 -j RETURN
2022-05-09T11:48:12.355824103Z stdout F -A ISTIO_INBOUND -p tcp --dport 15020 -j RETURN
2022-05-09T11:48:12.355828154Z stdout F -A ISTIO_INBOUND -p tcp -j ISTIO_IN_REDIRECT
2022-05-09T11:48:12.355832812Z stdout F -A OUTPUT -p tcp -j ISTIO_OUTPUT
2022-05-09T11:48:12.355836948Z stdout F -A ISTIO_OUTPUT -o lo -s 127.0.0.6/32 -j RETURN
2022-05-09T11:48:12.355841983Z stdout F -A ISTIO_OUTPUT -o lo ! -d 127.0.0.1/32 -m owner --uid-owner 1337 -j ISTIO_IN_REDIRECT
2022-05-09T11:48:12.355848313Z stdout F -A ISTIO_OUTPUT -o lo -m owner ! --uid-owner 1337 -j RETURN
2022-05-09T11:48:12.355936416Z stdout F -A ISTIO_OUTPUT -m owner --uid-owner 1337 -j RETURN
2022-05-09T11:48:12.356009629Z stdout F -A ISTIO_OUTPUT -o lo ! -d 127.0.0.1/32 -m owner --gid-owner 1337 -j ISTIO_IN_REDIRECT
2022-05-09T11:48:12.356022307Z stdout F -A ISTIO_OUTPUT -o lo -m owner ! --gid-owner 1337 -j RETURN
2022-05-09T11:48:12.356029677Z stdout F -A ISTIO_OUTPUT -m owner --gid-owner 1337 -j RETURN
2022-05-09T11:48:12.35603647Z stdout F -A ISTIO_OUTPUT -d 127.0.0.1/32 -j RETURN
2022-05-09T11:48:12.356043928Z stdout F -A ISTIO_OUTPUT -j ISTIO_REDIRECT
2022-05-09T11:48:12.35605073Z stdout F COMMIT
2022-05-09T11:48:12.356058772Z stdout F 2022-05-09T11:48:12.351685Z	info	Running command: iptables-restore --noflush /tmp/iptables-rules-1652096892351194009.txt2269072762
2022-05-09T11:48:12.493392776Z stdout F 2022-05-09T11:48:12.492368Z	info	Writing following contents to rules file: /tmp/ip6tables-rules-1652096892492262240.txt52759821
2022-05-09T11:48:12.493432244Z stdout F 
2022-05-09T11:48:12.493550604Z stdout F 2022-05-09T11:48:12.492548Z	info	Running command: ip6tables-restore --noflush /tmp/ip6tables-rules-1652096892492262240.txt52759821
2022-05-09T11:48:12.510387157Z stdout F 2022-05-09T11:48:12.506526Z	info	Running command: iptables-save 
2022-05-09T11:48:12.550603157Z stdout F 2022-05-09T11:48:12.548696Z	info	Command output: 
2022-05-09T11:48:12.550649346Z stdout F # Generated by iptables-save v1.8.4 on Mon May  9 11:48:12 2022
2022-05-09T11:48:12.550739246Z stdout F *nat
2022-05-09T11:48:12.5507578Z stdout F :PREROUTING ACCEPT [0:0]
2022-05-09T11:48:12.550765961Z stdout F :INPUT ACCEPT [0:0]
2022-05-09T11:48:12.55077317Z stdout F :OUTPUT ACCEPT [0:0]
2022-05-09T11:48:12.550780624Z stdout F :POSTROUTING ACCEPT [0:0]
2022-05-09T11:48:12.550787472Z stdout F :ISTIO_INBOUND - [0:0]
2022-05-09T11:48:12.550794159Z stdout F :ISTIO_IN_REDIRECT - [0:0]
2022-05-09T11:48:12.550801044Z stdout F :ISTIO_OUTPUT - [0:0]
2022-05-09T11:48:12.550807625Z stdout F :ISTIO_REDIRECT - [0:0]
2022-05-09T11:48:12.550814626Z stdout F -A PREROUTING -p tcp -j ISTIO_INBOUND
2022-05-09T11:48:12.550821314Z stdout F -A OUTPUT -p tcp -j ISTIO_OUTPUT
2022-05-09T11:48:12.550828599Z stdout F -A ISTIO_INBOUND -p tcp -m tcp --dport 15008 -j RETURN
2022-05-09T11:48:12.550836222Z stdout F -A ISTIO_INBOUND -p tcp -m tcp --dport 15090 -j RETURN
2022-05-09T11:48:12.55084315Z stdout F -A ISTIO_INBOUND -p tcp -m tcp --dport 15021 -j RETURN
2022-05-09T11:48:12.550849812Z stdout F -A ISTIO_INBOUND -p tcp -m tcp --dport 15020 -j RETURN
2022-05-09T11:48:12.550856365Z stdout F -A ISTIO_INBOUND -p tcp -j ISTIO_IN_REDIRECT
2022-05-09T11:48:12.550863252Z stdout F -A ISTIO_IN_REDIRECT -p tcp -j REDIRECT --to-ports 15006
2022-05-09T11:48:12.550870033Z stdout F -A ISTIO_OUTPUT -s 127.0.0.6/32 -o lo -j RETURN
2022-05-09T11:48:12.55087698Z stdout F -A ISTIO_OUTPUT ! -d 127.0.0.1/32 -o lo -m owner --uid-owner 1337 -j ISTIO_IN_REDIRECT
2022-05-09T11:48:12.550883798Z stdout F -A ISTIO_OUTPUT -o lo -m owner ! --uid-owner 1337 -j RETURN
2022-05-09T11:48:12.550890831Z stdout F -A ISTIO_OUTPUT -m owner --uid-owner 1337 -j RETURN
2022-05-09T11:48:12.550897953Z stdout F -A ISTIO_OUTPUT ! -d 127.0.0.1/32 -o lo -m owner --gid-owner 1337 -j ISTIO_IN_REDIRECT
2022-05-09T11:48:12.550904938Z stdout F -A ISTIO_OUTPUT -o lo -m owner ! --gid-owner 1337 -j RETURN
2022-05-09T11:48:12.550912059Z stdout F -A ISTIO_OUTPUT -m owner --gid-owner 1337 -j RETURN
2022-05-09T11:48:12.550919064Z stdout F -A ISTIO_OUTPUT -d 127.0.0.1/32 -j RETURN
2022-05-09T11:48:12.551029681Z stdout F -A ISTIO_OUTPUT -j ISTIO_REDIRECT
2022-05-09T11:48:12.551047295Z stdout F -A ISTIO_REDIRECT -p tcp -j REDIRECT --to-ports 15001
2022-05-09T11:48:12.551055741Z stdout F COMMIT
2022-05-09T11:48:12.551065394Z stdout F # Completed on Mon May  9 11:48:12 2022
2022-05-09T11:48:12.551069802Z stdout F 
