2022-06-13T02:22:10.833511955Z stdout F 2022-06-13T02:22:10.832803Z	info	Istio iptables environment:
2022-06-13T02:22:10.833550296Z stdout F ENVOY_PORT=
2022-06-13T02:22:10.833555534Z stdout F INBOUND_CAPTURE_PORT=
2022-06-13T02:22:10.833558249Z stdout F ISTIO_INBOUND_INTERCEPTION_MODE=
2022-06-13T02:22:10.833560616Z stdout F ISTIO_INBOUND_TPROXY_ROUTE_TABLE=
2022-06-13T02:22:10.833562616Z stdout F ISTIO_INBOUND_PORTS=
2022-06-13T02:22:10.833564548Z stdout F ISTIO_OUTBOUND_PORTS=
2022-06-13T02:22:10.833566667Z stdout F ISTIO_LOCAL_EXCLUDE_PORTS=
2022-06-13T02:22:10.833569126Z stdout F ISTIO_EXCLUDE_INTERFACES=
2022-06-13T02:22:10.833572138Z stdout F ISTIO_SERVICE_CIDR=
2022-06-13T02:22:10.833575307Z stdout F ISTIO_SERVICE_EXCLUDE_CIDR=
2022-06-13T02:22:10.833580569Z stdout F ISTIO_META_DNS_CAPTURE=
2022-06-13T02:22:10.833587409Z stdout F INVALID_DROP=
2022-06-13T02:22:10.833590025Z stdout F 
2022-06-13T02:22:10.833591969Z stdout F 2022-06-13T02:22:10.832858Z	info	Istio iptables variables:
2022-06-13T02:22:10.833593958Z stdout F PROXY_PORT=15001
2022-06-13T02:22:10.833595873Z stdout F PROXY_INBOUND_CAPTURE_PORT=15006
2022-06-13T02:22:10.833597743Z stdout F PROXY_TUNNEL_PORT=15008
2022-06-13T02:22:10.833599629Z stdout F PROXY_UID=1337
2022-06-13T02:22:10.833601807Z stdout F PROXY_GID=1337
2022-06-13T02:22:10.833603877Z stdout F INBOUND_INTERCEPTION_MODE=REDIRECT
2022-06-13T02:22:10.833605788Z stdout F INBOUND_TPROXY_MARK=1337
2022-06-13T02:22:10.833608295Z stdout F INBOUND_TPROXY_ROUTE_TABLE=133
2022-06-13T02:22:10.833611266Z stdout F INBOUND_PORTS_INCLUDE=*
2022-06-13T02:22:10.83361428Z stdout F INBOUND_PORTS_EXCLUDE=15090,15021,15020
2022-06-13T02:22:10.833616599Z stdout F OUTBOUND_IP_RANGES_INCLUDE=*
2022-06-13T02:22:10.833618556Z stdout F OUTBOUND_IP_RANGES_EXCLUDE=
2022-06-13T02:22:10.833620381Z stdout F OUTBOUND_PORTS_INCLUDE=
2022-06-13T02:22:10.83362221Z stdout F OUTBOUND_PORTS_EXCLUDE=
2022-06-13T02:22:10.833624822Z stdout F KUBE_VIRT_INTERFACES=
2022-06-13T02:22:10.833627897Z stdout F ENABLE_INBOUND_IPV6=false
2022-06-13T02:22:10.833631393Z stdout F DNS_CAPTURE=false
2022-06-13T02:22:10.833634299Z stdout F DROP_INVALID=false
2022-06-13T02:22:10.833636218Z stdout F CAPTURE_ALL_DNS=false
2022-06-13T02:22:10.83363806Z stdout F DNS_SERVERS=[],[]
2022-06-13T02:22:10.833639964Z stdout F OUTPUT_PATH=
2022-06-13T02:22:10.833641848Z stdout F NETWORK_NAMESPACE=
2022-06-13T02:22:10.833643693Z stdout F CNI_MODE=false
2022-06-13T02:22:10.83364558Z stdout F EXCLUDE_INTERFACES=
2022-06-13T02:22:10.833647479Z stdout F 
2022-06-13T02:22:10.833649639Z stdout F 2022-06-13T02:22:10.833139Z	info	Writing following contents to rules file: /tmp/iptables-rules-1655086930832924970.txt366088397
2022-06-13T02:22:10.833651509Z stdout F * nat
2022-06-13T02:22:10.833653398Z stdout F -N ISTIO_INBOUND
2022-06-13T02:22:10.833655272Z stdout F -N ISTIO_REDIRECT
2022-06-13T02:22:10.833657118Z stdout F -N ISTIO_IN_REDIRECT
2022-06-13T02:22:10.83365898Z stdout F -N ISTIO_OUTPUT
2022-06-13T02:22:10.83366089Z stdout F -A ISTIO_INBOUND -p tcp --dport 15008 -j RETURN
2022-06-13T02:22:10.833676817Z stdout F -A ISTIO_REDIRECT -p tcp -j REDIRECT --to-ports 15001
2022-06-13T02:22:10.833678475Z stdout F -A ISTIO_IN_REDIRECT -p tcp -j REDIRECT --to-ports 15006
2022-06-13T02:22:10.833680117Z stdout F -A PREROUTING -p tcp -j ISTIO_INBOUND
2022-06-13T02:22:10.833681801Z stdout F -A ISTIO_INBOUND -p tcp --dport 15090 -j RETURN
2022-06-13T02:22:10.833683458Z stdout F -A ISTIO_INBOUND -p tcp --dport 15021 -j RETURN
2022-06-13T02:22:10.83370572Z stdout F -A ISTIO_INBOUND -p tcp --dport 15020 -j RETURN
2022-06-13T02:22:10.833707583Z stdout F -A ISTIO_INBOUND -p tcp -j ISTIO_IN_REDIRECT
2022-06-13T02:22:10.833709417Z stdout F -A OUTPUT -p tcp -j ISTIO_OUTPUT
2022-06-13T02:22:10.833711319Z stdout F -A ISTIO_OUTPUT -o lo -s 127.0.0.6/32 -j RETURN
2022-06-13T02:22:10.833713502Z stdout F -A ISTIO_OUTPUT -o lo ! -d 127.0.0.1/32 -m owner --uid-owner 1337 -j ISTIO_IN_REDIRECT
2022-06-13T02:22:10.833717104Z stdout F -A ISTIO_OUTPUT -o lo -m owner ! --uid-owner 1337 -j RETURN
2022-06-13T02:22:10.833719569Z stdout F -A ISTIO_OUTPUT -m owner --uid-owner 1337 -j RETURN
2022-06-13T02:22:10.833727699Z stdout F -A ISTIO_OUTPUT -o lo ! -d 127.0.0.1/32 -m owner --gid-owner 1337 -j ISTIO_IN_REDIRECT
2022-06-13T02:22:10.833730035Z stdout F -A ISTIO_OUTPUT -o lo -m owner ! --gid-owner 1337 -j RETURN
2022-06-13T02:22:10.8337459Z stdout F -A ISTIO_OUTPUT -m owner --gid-owner 1337 -j RETURN
2022-06-13T02:22:10.833749629Z stdout F -A ISTIO_OUTPUT -d 127.0.0.1/32 -j RETURN
2022-06-13T02:22:10.833751991Z stdout F -A ISTIO_OUTPUT -j ISTIO_REDIRECT
2022-06-13T02:22:10.833814576Z stdout F COMMIT
2022-06-13T02:22:10.833817677Z stdout F 2022-06-13T02:22:10.833181Z	info	Running command: iptables-restore --noflush /tmp/iptables-rules-1655086930832924970.txt366088397
2022-06-13T02:22:10.837761007Z stdout F 2022-06-13T02:22:10.837073Z	info	Writing following contents to rules file: /tmp/ip6tables-rules-1655086930836974726.txt3628652135
2022-06-13T02:22:10.837790336Z stdout F 
2022-06-13T02:22:10.837795211Z stdout F 2022-06-13T02:22:10.837100Z	info	Running command: ip6tables-restore --noflush /tmp/ip6tables-rules-1655086930836974726.txt3628652135
2022-06-13T02:22:10.840071447Z stdout F 2022-06-13T02:22:10.839149Z	info	Running command: iptables-save 
2022-06-13T02:22:10.842613075Z stdout F 2022-06-13T02:22:10.842073Z	info	Command output: 
2022-06-13T02:22:10.842627615Z stdout F # Generated by iptables-save v1.8.4 on Mon Jun 13 02:22:10 2022
2022-06-13T02:22:10.842630342Z stdout F *nat
2022-06-13T02:22:10.842632544Z stdout F :PREROUTING ACCEPT [0:0]
2022-06-13T02:22:10.84263445Z stdout F :INPUT ACCEPT [0:0]
2022-06-13T02:22:10.8426364Z stdout F :OUTPUT ACCEPT [0:0]
2022-06-13T02:22:10.84263869Z stdout F :POSTROUTING ACCEPT [0:0]
2022-06-13T02:22:10.84264053Z stdout F :ISTIO_INBOUND - [0:0]
2022-06-13T02:22:10.842642375Z stdout F :ISTIO_IN_REDIRECT - [0:0]
2022-06-13T02:22:10.842644223Z stdout F :ISTIO_OUTPUT - [0:0]
2022-06-13T02:22:10.842660157Z stdout F :ISTIO_REDIRECT - [0:0]
2022-06-13T02:22:10.842662149Z stdout F -A PREROUTING -p tcp -j ISTIO_INBOUND
2022-06-13T02:22:10.842663857Z stdout F -A OUTPUT -p tcp -j ISTIO_OUTPUT
2022-06-13T02:22:10.842665563Z stdout F -A ISTIO_INBOUND -p tcp -m tcp --dport 15008 -j RETURN
2022-06-13T02:22:10.842667338Z stdout F -A ISTIO_INBOUND -p tcp -m tcp --dport 15090 -j RETURN
2022-06-13T02:22:10.842688954Z stdout F -A ISTIO_INBOUND -p tcp -m tcp --dport 15021 -j RETURN
2022-06-13T02:22:10.842690936Z stdout F -A ISTIO_INBOUND -p tcp -m tcp --dport 15020 -j RETURN
2022-06-13T02:22:10.842693593Z stdout F -A ISTIO_INBOUND -p tcp -j ISTIO_IN_REDIRECT
2022-06-13T02:22:10.842696253Z stdout F -A ISTIO_IN_REDIRECT -p tcp -j REDIRECT --to-ports 15006
2022-06-13T02:22:10.842698014Z stdout F -A ISTIO_OUTPUT -s 127.0.0.6/32 -o lo -j RETURN
2022-06-13T02:22:10.842701797Z stdout F -A ISTIO_OUTPUT ! -d 127.0.0.1/32 -o lo -m owner --uid-owner 1337 -j ISTIO_IN_REDIRECT
2022-06-13T02:22:10.842703733Z stdout F -A ISTIO_OUTPUT -o lo -m owner ! --uid-owner 1337 -j RETURN
2022-06-13T02:22:10.842705587Z stdout F -A ISTIO_OUTPUT -m owner --uid-owner 1337 -j RETURN
2022-06-13T02:22:10.842709028Z stdout F -A ISTIO_OUTPUT ! -d 127.0.0.1/32 -o lo -m owner --gid-owner 1337 -j ISTIO_IN_REDIRECT
2022-06-13T02:22:10.842710928Z stdout F -A ISTIO_OUTPUT -o lo -m owner ! --gid-owner 1337 -j RETURN
2022-06-13T02:22:10.842712742Z stdout F -A ISTIO_OUTPUT -m owner --gid-owner 1337 -j RETURN
2022-06-13T02:22:10.842746998Z stdout F -A ISTIO_OUTPUT -d 127.0.0.1/32 -j RETURN
2022-06-13T02:22:10.842751222Z stdout F -A ISTIO_OUTPUT -j ISTIO_REDIRECT
2022-06-13T02:22:10.842753237Z stdout F -A ISTIO_REDIRECT -p tcp -j REDIRECT --to-ports 15001
2022-06-13T02:22:10.842755182Z stdout F COMMIT
2022-06-13T02:22:10.842757296Z stdout F # Completed on Mon Jun 13 02:22:10 2022
2022-06-13T02:22:10.842759084Z stdout F 
