2022-05-09T11:47:38.933665187Z stdout F 2022-05-09T11:47:38.933144Z	info	Istio iptables environment:
2022-05-09T11:47:38.933756648Z stdout F ENVOY_PORT=
2022-05-09T11:47:38.933765248Z stdout F INBOUND_CAPTURE_PORT=
2022-05-09T11:47:38.933770683Z stdout F ISTIO_INBOUND_INTERCEPTION_MODE=
2022-05-09T11:47:38.933775049Z stdout F ISTIO_INBOUND_TPROXY_ROUTE_TABLE=
2022-05-09T11:47:38.933778876Z stdout F ISTIO_INBOUND_PORTS=
2022-05-09T11:47:38.933786752Z stdout F ISTIO_OUTBOUND_PORTS=
2022-05-09T11:47:38.933800079Z stdout F ISTIO_LOCAL_EXCLUDE_PORTS=
2022-05-09T11:47:38.933809624Z stdout F ISTIO_EXCLUDE_INTERFACES=
2022-05-09T11:47:38.933814612Z stdout F ISTIO_SERVICE_CIDR=
2022-05-09T11:47:38.933823291Z stdout F ISTIO_SERVICE_EXCLUDE_CIDR=
2022-05-09T11:47:38.933830494Z stdout F ISTIO_META_DNS_CAPTURE=
2022-05-09T11:47:38.933833392Z stdout F INVALID_DROP=
2022-05-09T11:47:38.933835716Z stdout F 
2022-05-09T11:47:38.933838283Z stdout F 2022-05-09T11:47:38.933256Z	info	Istio iptables variables:
2022-05-09T11:47:38.933840602Z stdout F PROXY_PORT=15001
2022-05-09T11:47:38.933842976Z stdout F PROXY_INBOUND_CAPTURE_PORT=15006
2022-05-09T11:47:38.933845329Z stdout F PROXY_TUNNEL_PORT=15008
2022-05-09T11:47:38.933847675Z stdout F PROXY_UID=1337
2022-05-09T11:47:38.933850065Z stdout F PROXY_GID=1337
2022-05-09T11:47:38.933852451Z stdout F INBOUND_INTERCEPTION_MODE=REDIRECT
2022-05-09T11:47:38.933854808Z stdout F INBOUND_TPROXY_MARK=1337
2022-05-09T11:47:38.933857132Z stdout F INBOUND_TPROXY_ROUTE_TABLE=133
2022-05-09T11:47:38.933859431Z stdout F INBOUND_PORTS_INCLUDE=*
2022-05-09T11:47:38.933861789Z stdout F INBOUND_PORTS_EXCLUDE=15090,15021,15020
2022-05-09T11:47:38.933864106Z stdout F OUTBOUND_IP_RANGES_INCLUDE=*
2022-05-09T11:47:38.933866409Z stdout F OUTBOUND_IP_RANGES_EXCLUDE=
2022-05-09T11:47:38.933868714Z stdout F OUTBOUND_PORTS_INCLUDE=
2022-05-09T11:47:38.933871052Z stdout F OUTBOUND_PORTS_EXCLUDE=
2022-05-09T11:47:38.933873336Z stdout F KUBE_VIRT_INTERFACES=
2022-05-09T11:47:38.933875689Z stdout F ENABLE_INBOUND_IPV6=false
2022-05-09T11:47:38.933878004Z stdout F DNS_CAPTURE=false
2022-05-09T11:47:38.933880341Z stdout F DROP_INVALID=false
2022-05-09T11:47:38.933882706Z stdout F CAPTURE_ALL_DNS=false
2022-05-09T11:47:38.933885029Z stdout F DNS_SERVERS=[],[]
2022-05-09T11:47:38.933887407Z stdout F OUTPUT_PATH=
2022-05-09T11:47:38.933889759Z stdout F NETWORK_NAMESPACE=
2022-05-09T11:47:38.933892151Z stdout F CNI_MODE=false
2022-05-09T11:47:38.933894522Z stdout F EXCLUDE_INTERFACES=
2022-05-09T11:47:38.933896741Z stdout F 
2022-05-09T11:47:38.933934818Z stdout F 2022-05-09T11:47:38.933674Z	info	Writing following contents to rules file: /tmp/iptables-rules-1652096858933363275.txt2748476565
2022-05-09T11:47:38.933942162Z stdout F * nat
2022-05-09T11:47:38.933945056Z stdout F -N ISTIO_INBOUND
2022-05-09T11:47:38.933947441Z stdout F -N ISTIO_REDIRECT
2022-05-09T11:47:38.933949763Z stdout F -N ISTIO_IN_REDIRECT
2022-05-09T11:47:38.933952124Z stdout F -N ISTIO_OUTPUT
2022-05-09T11:47:38.933954475Z stdout F -A ISTIO_INBOUND -p tcp --dport 15008 -j RETURN
2022-05-09T11:47:38.933956785Z stdout F -A ISTIO_REDIRECT -p tcp -j REDIRECT --to-ports 15001
2022-05-09T11:47:38.933959096Z stdout F -A ISTIO_IN_REDIRECT -p tcp -j REDIRECT --to-ports 15006
2022-05-09T11:47:38.933961387Z stdout F -A PREROUTING -p tcp -j ISTIO_INBOUND
2022-05-09T11:47:38.933963672Z stdout F -A ISTIO_INBOUND -p tcp --dport 15090 -j RETURN
2022-05-09T11:47:38.933965953Z stdout F -A ISTIO_INBOUND -p tcp --dport 15021 -j RETURN
2022-05-09T11:47:38.933968253Z stdout F -A ISTIO_INBOUND -p tcp --dport 15020 -j RETURN
2022-05-09T11:47:38.933970521Z stdout F -A ISTIO_INBOUND -p tcp -j ISTIO_IN_REDIRECT
2022-05-09T11:47:38.933972794Z stdout F -A OUTPUT -p tcp -j ISTIO_OUTPUT
2022-05-09T11:47:38.933975061Z stdout F -A ISTIO_OUTPUT -o lo -s 127.0.0.6/32 -j RETURN
2022-05-09T11:47:38.933977737Z stdout F -A ISTIO_OUTPUT -o lo ! -d 127.0.0.1/32 -m owner --uid-owner 1337 -j ISTIO_IN_REDIRECT
2022-05-09T11:47:38.933980031Z stdout F -A ISTIO_OUTPUT -o lo -m owner ! --uid-owner 1337 -j RETURN
2022-05-09T11:47:38.934004376Z stdout F -A ISTIO_OUTPUT -m owner --uid-owner 1337 -j RETURN
2022-05-09T11:47:38.93400931Z stdout F -A ISTIO_OUTPUT -o lo ! -d 127.0.0.1/32 -m owner --gid-owner 1337 -j ISTIO_IN_REDIRECT
2022-05-09T11:47:38.93401181Z stdout F -A ISTIO_OUTPUT -o lo -m owner ! --gid-owner 1337 -j RETURN
2022-05-09T11:47:38.934014107Z stdout F -A ISTIO_OUTPUT -m owner --gid-owner 1337 -j RETURN
2022-05-09T11:47:38.934016455Z stdout F -A ISTIO_OUTPUT -d 127.0.0.1/32 -j RETURN
2022-05-09T11:47:38.934018802Z stdout F -A ISTIO_OUTPUT -j ISTIO_REDIRECT
2022-05-09T11:47:38.934021196Z stdout F COMMIT
2022-05-09T11:47:38.934024276Z stdout F 2022-05-09T11:47:38.933723Z	info	Running command: iptables-restore --noflush /tmp/iptables-rules-1652096858933363275.txt2748476565
2022-05-09T11:47:38.94404724Z stdout F 2022-05-09T11:47:38.943096Z	info	Writing following contents to rules file: /tmp/ip6tables-rules-1652096858943022432.txt3627895563
2022-05-09T11:47:38.944069319Z stdout F 
2022-05-09T11:47:38.944074008Z stdout F 2022-05-09T11:47:38.943145Z	info	Running command: ip6tables-restore --noflush /tmp/ip6tables-rules-1652096858943022432.txt3627895563
2022-05-09T11:47:38.948339456Z stdout F 2022-05-09T11:47:38.946654Z	info	Running command: iptables-save 
2022-05-09T11:47:38.95767091Z stdout F 2022-05-09T11:47:38.955944Z	info	Command output: 
2022-05-09T11:47:38.958012949Z stdout F # Generated by iptables-save v1.8.4 on Mon May  9 11:47:38 2022
2022-05-09T11:47:38.95802274Z stdout F *nat
2022-05-09T11:47:38.958028116Z stdout F :PREROUTING ACCEPT [0:0]
2022-05-09T11:47:38.958032251Z stdout F :INPUT ACCEPT [0:0]
2022-05-09T11:47:38.958036325Z stdout F :OUTPUT ACCEPT [0:0]
2022-05-09T11:47:38.958040874Z stdout F :POSTROUTING ACCEPT [0:0]
2022-05-09T11:47:38.958044916Z stdout F :ISTIO_INBOUND - [0:0]
2022-05-09T11:47:38.958049024Z stdout F :ISTIO_IN_REDIRECT - [0:0]
2022-05-09T11:47:38.958053061Z stdout F :ISTIO_OUTPUT - [0:0]
2022-05-09T11:47:38.958057067Z stdout F :ISTIO_REDIRECT - [0:0]
2022-05-09T11:47:38.958061505Z stdout F -A PREROUTING -p tcp -j ISTIO_INBOUND
2022-05-09T11:47:38.958065532Z stdout F -A OUTPUT -p tcp -j ISTIO_OUTPUT
2022-05-09T11:47:38.958069565Z stdout F -A ISTIO_INBOUND -p tcp -m tcp --dport 15008 -j RETURN
2022-05-09T11:47:38.958073613Z stdout F -A ISTIO_INBOUND -p tcp -m tcp --dport 15090 -j RETURN
2022-05-09T11:47:38.958077952Z stdout F -A ISTIO_INBOUND -p tcp -m tcp --dport 15021 -j RETURN
2022-05-09T11:47:38.958081984Z stdout F -A ISTIO_INBOUND -p tcp -m tcp --dport 15020 -j RETURN
2022-05-09T11:47:38.958085994Z stdout F -A ISTIO_INBOUND -p tcp -j ISTIO_IN_REDIRECT
2022-05-09T11:47:38.958090037Z stdout F -A ISTIO_IN_REDIRECT -p tcp -j REDIRECT --to-ports 15006
2022-05-09T11:47:38.958094098Z stdout F -A ISTIO_OUTPUT -s 127.0.0.6/32 -o lo -j RETURN
2022-05-09T11:47:38.958098767Z stdout F -A ISTIO_OUTPUT ! -d 127.0.0.1/32 -o lo -m owner --uid-owner 1337 -j ISTIO_IN_REDIRECT
2022-05-09T11:47:38.958102892Z stdout F -A ISTIO_OUTPUT -o lo -m owner ! --uid-owner 1337 -j RETURN
2022-05-09T11:47:38.958106965Z stdout F -A ISTIO_OUTPUT -m owner --uid-owner 1337 -j RETURN
2022-05-09T11:47:38.958111028Z stdout F -A ISTIO_OUTPUT ! -d 127.0.0.1/32 -o lo -m owner --gid-owner 1337 -j ISTIO_IN_REDIRECT
2022-05-09T11:47:38.958115056Z stdout F -A ISTIO_OUTPUT -o lo -m owner ! --gid-owner 1337 -j RETURN
2022-05-09T11:47:38.958119092Z stdout F -A ISTIO_OUTPUT -m owner --gid-owner 1337 -j RETURN
2022-05-09T11:47:38.958123118Z stdout F -A ISTIO_OUTPUT -d 127.0.0.1/32 -j RETURN
2022-05-09T11:47:38.958127159Z stdout F -A ISTIO_OUTPUT -j ISTIO_REDIRECT
2022-05-09T11:47:38.958131212Z stdout F -A ISTIO_REDIRECT -p tcp -j REDIRECT --to-ports 15001
2022-05-09T11:47:38.958135535Z stdout F COMMIT
2022-05-09T11:47:38.958139681Z stdout F # Completed on Mon May  9 11:47:38 2022
2022-05-09T11:47:38.958143559Z stdout F 
