2022-05-26T05:25:32.924655194Z stdout F 2022-05-26T05:25:32.924174Z	info	Istio iptables environment:
2022-05-26T05:25:32.924753168Z stdout F ENVOY_PORT=
2022-05-26T05:25:32.924769822Z stdout F INBOUND_CAPTURE_PORT=
2022-05-26T05:25:32.924781212Z stdout F ISTIO_INBOUND_INTERCEPTION_MODE=
2022-05-26T05:25:32.924788176Z stdout F ISTIO_INBOUND_TPROXY_ROUTE_TABLE=
2022-05-26T05:25:32.924792289Z stdout F ISTIO_INBOUND_PORTS=
2022-05-26T05:25:32.924795936Z stdout F ISTIO_OUTBOUND_PORTS=
2022-05-26T05:25:32.924799586Z stdout F ISTIO_LOCAL_EXCLUDE_PORTS=
2022-05-26T05:25:32.924803446Z stdout F ISTIO_EXCLUDE_INTERFACES=
2022-05-26T05:25:32.924806776Z stdout F ISTIO_SERVICE_CIDR=
2022-05-26T05:25:32.924810256Z stdout F ISTIO_SERVICE_EXCLUDE_CIDR=
2022-05-26T05:25:32.924813485Z stdout F ISTIO_META_DNS_CAPTURE=
2022-05-26T05:25:32.924816848Z stdout F INVALID_DROP=
2022-05-26T05:25:32.924820276Z stdout F 
2022-05-26T05:25:32.924824205Z stdout F 2022-05-26T05:25:32.924280Z	info	Istio iptables variables:
2022-05-26T05:25:32.924828092Z stdout F PROXY_PORT=15001
2022-05-26T05:25:32.924831637Z stdout F PROXY_INBOUND_CAPTURE_PORT=15006
2022-05-26T05:25:32.924835065Z stdout F PROXY_TUNNEL_PORT=15008
2022-05-26T05:25:32.924838688Z stdout F PROXY_UID=1337
2022-05-26T05:25:32.92484282Z stdout F PROXY_GID=1337
2022-05-26T05:25:32.924851316Z stdout F INBOUND_INTERCEPTION_MODE=REDIRECT
2022-05-26T05:25:32.924859503Z stdout F INBOUND_TPROXY_MARK=1337
2022-05-26T05:25:32.924867523Z stdout F INBOUND_TPROXY_ROUTE_TABLE=133
2022-05-26T05:25:32.924873814Z stdout F INBOUND_PORTS_INCLUDE=*
2022-05-26T05:25:32.924881907Z stdout F INBOUND_PORTS_EXCLUDE=15090,15021,15020
2022-05-26T05:25:32.924886543Z stdout F OUTBOUND_IP_RANGES_INCLUDE=*
2022-05-26T05:25:32.924890565Z stdout F OUTBOUND_IP_RANGES_EXCLUDE=
2022-05-26T05:25:32.92489444Z stdout F OUTBOUND_PORTS_INCLUDE=
2022-05-26T05:25:32.924898717Z stdout F OUTBOUND_PORTS_EXCLUDE=
2022-05-26T05:25:32.924903185Z stdout F KUBE_VIRT_INTERFACES=
2022-05-26T05:25:32.924906941Z stdout F ENABLE_INBOUND_IPV6=false
2022-05-26T05:25:32.924912373Z stdout F DNS_CAPTURE=false
2022-05-26T05:25:32.924930353Z stdout F DROP_INVALID=false
2022-05-26T05:25:32.924938045Z stdout F CAPTURE_ALL_DNS=false
2022-05-26T05:25:32.924942053Z stdout F DNS_SERVERS=[],[]
2022-05-26T05:25:32.924945325Z stdout F OUTPUT_PATH=
2022-05-26T05:25:32.924949172Z stdout F NETWORK_NAMESPACE=
2022-05-26T05:25:32.924952624Z stdout F CNI_MODE=false
2022-05-26T05:25:32.924956132Z stdout F EXCLUDE_INTERFACES=
2022-05-26T05:25:32.924959556Z stdout F 
2022-05-26T05:25:32.924973705Z stdout F 2022-05-26T05:25:32.924620Z	info	Writing following contents to rules file: /tmp/iptables-rules-1653542732924382219.txt2334798937
2022-05-26T05:25:32.924977Z stdout F * nat
2022-05-26T05:25:32.924979464Z stdout F -N ISTIO_INBOUND
2022-05-26T05:25:32.924981696Z stdout F -N ISTIO_REDIRECT
2022-05-26T05:25:32.924983891Z stdout F -N ISTIO_IN_REDIRECT
2022-05-26T05:25:32.924986133Z stdout F -N ISTIO_OUTPUT
2022-05-26T05:25:32.924988399Z stdout F -A ISTIO_INBOUND -p tcp --dport 15008 -j RETURN
2022-05-26T05:25:32.924990764Z stdout F -A ISTIO_REDIRECT -p tcp -j REDIRECT --to-ports 15001
2022-05-26T05:25:32.924992937Z stdout F -A ISTIO_IN_REDIRECT -p tcp -j REDIRECT --to-ports 15006
2022-05-26T05:25:32.924995147Z stdout F -A PREROUTING -p tcp -j ISTIO_INBOUND
2022-05-26T05:25:32.924997292Z stdout F -A ISTIO_INBOUND -p tcp --dport 15090 -j RETURN
2022-05-26T05:25:32.924999435Z stdout F -A ISTIO_INBOUND -p tcp --dport 15021 -j RETURN
2022-05-26T05:25:32.92500155Z stdout F -A ISTIO_INBOUND -p tcp --dport 15020 -j RETURN
2022-05-26T05:25:32.925004494Z stdout F -A ISTIO_INBOUND -p tcp -j ISTIO_IN_REDIRECT
2022-05-26T05:25:32.925008032Z stdout F -A OUTPUT -p tcp -j ISTIO_OUTPUT
2022-05-26T05:25:32.925010404Z stdout F -A ISTIO_OUTPUT -o lo -s 127.0.0.6/32 -j RETURN
2022-05-26T05:25:32.925012798Z stdout F -A ISTIO_OUTPUT -o lo ! -d 127.0.0.1/32 -m owner --uid-owner 1337 -j ISTIO_IN_REDIRECT
2022-05-26T05:25:32.92501502Z stdout F -A ISTIO_OUTPUT -o lo -m owner ! --uid-owner 1337 -j RETURN
2022-05-26T05:25:32.92502913Z stdout F -A ISTIO_OUTPUT -m owner --uid-owner 1337 -j RETURN
2022-05-26T05:25:32.925058638Z stdout F -A ISTIO_OUTPUT -o lo ! -d 127.0.0.1/32 -m owner --gid-owner 1337 -j ISTIO_IN_REDIRECT
2022-05-26T05:25:32.925063295Z stdout F -A ISTIO_OUTPUT -o lo -m owner ! --gid-owner 1337 -j RETURN
2022-05-26T05:25:32.925065487Z stdout F -A ISTIO_OUTPUT -m owner --gid-owner 1337 -j RETURN
2022-05-26T05:25:32.925067629Z stdout F -A ISTIO_OUTPUT -d 127.0.0.1/32 -j RETURN
2022-05-26T05:25:32.925069823Z stdout F -A ISTIO_OUTPUT -j ISTIO_REDIRECT
2022-05-26T05:25:32.925072028Z stdout F COMMIT
2022-05-26T05:25:32.925075129Z stdout F 2022-05-26T05:25:32.924842Z	info	Running command: iptables-restore --noflush /tmp/iptables-rules-1653542732924382219.txt2334798937
2022-05-26T05:25:32.93251817Z stdout F 2022-05-26T05:25:32.932232Z	info	Writing following contents to rules file: /tmp/ip6tables-rules-1653542732932174374.txt4154743312
2022-05-26T05:25:32.932532707Z stdout F 
2022-05-26T05:25:32.932536034Z stdout F 2022-05-26T05:25:32.932279Z	info	Running command: ip6tables-restore --noflush /tmp/ip6tables-rules-1653542732932174374.txt4154743312
2022-05-26T05:25:32.935119695Z stdout F 2022-05-26T05:25:32.934373Z	info	Running command: iptables-save 
2022-05-26T05:25:32.93815776Z stdout F 2022-05-26T05:25:32.937600Z	info	Command output: 
2022-05-26T05:25:32.93817935Z stdout F # Generated by iptables-save v1.8.4 on Thu May 26 05:25:32 2022
2022-05-26T05:25:32.938183506Z stdout F *nat
2022-05-26T05:25:32.938186609Z stdout F :PREROUTING ACCEPT [0:0]
2022-05-26T05:25:32.938188872Z stdout F :INPUT ACCEPT [0:0]
2022-05-26T05:25:32.938191055Z stdout F :OUTPUT ACCEPT [0:0]
2022-05-26T05:25:32.938193693Z stdout F :POSTROUTING ACCEPT [0:0]
2022-05-26T05:25:32.938195788Z stdout F :ISTIO_INBOUND - [0:0]
2022-05-26T05:25:32.938198125Z stdout F :ISTIO_IN_REDIRECT - [0:0]
2022-05-26T05:25:32.938200233Z stdout F :ISTIO_OUTPUT - [0:0]
2022-05-26T05:25:32.938202698Z stdout F :ISTIO_REDIRECT - [0:0]
2022-05-26T05:25:32.938205382Z stdout F -A PREROUTING -p tcp -j ISTIO_INBOUND
2022-05-26T05:25:32.938207522Z stdout F -A OUTPUT -p tcp -j ISTIO_OUTPUT
2022-05-26T05:25:32.938209611Z stdout F -A ISTIO_INBOUND -p tcp -m tcp --dport 15008 -j RETURN
2022-05-26T05:25:32.93821242Z stdout F -A ISTIO_INBOUND -p tcp -m tcp --dport 15090 -j RETURN
2022-05-26T05:25:32.938215724Z stdout F -A ISTIO_INBOUND -p tcp -m tcp --dport 15021 -j RETURN
2022-05-26T05:25:32.938219344Z stdout F -A ISTIO_INBOUND -p tcp -m tcp --dport 15020 -j RETURN
2022-05-26T05:25:32.938223093Z stdout F -A ISTIO_INBOUND -p tcp -j ISTIO_IN_REDIRECT
2022-05-26T05:25:32.938226867Z stdout F -A ISTIO_IN_REDIRECT -p tcp -j REDIRECT --to-ports 15006
2022-05-26T05:25:32.938229298Z stdout F -A ISTIO_OUTPUT -s 127.0.0.6/32 -o lo -j RETURN
2022-05-26T05:25:32.93823175Z stdout F -A ISTIO_OUTPUT ! -d 127.0.0.1/32 -o lo -m owner --uid-owner 1337 -j ISTIO_IN_REDIRECT
2022-05-26T05:25:32.938233787Z stdout F -A ISTIO_OUTPUT -o lo -m owner ! --uid-owner 1337 -j RETURN
2022-05-26T05:25:32.938235817Z stdout F -A ISTIO_OUTPUT -m owner --uid-owner 1337 -j RETURN
2022-05-26T05:25:32.938237926Z stdout F -A ISTIO_OUTPUT ! -d 127.0.0.1/32 -o lo -m owner --gid-owner 1337 -j ISTIO_IN_REDIRECT
2022-05-26T05:25:32.938240442Z stdout F -A ISTIO_OUTPUT -o lo -m owner ! --gid-owner 1337 -j RETURN
2022-05-26T05:25:32.938243921Z stdout F -A ISTIO_OUTPUT -m owner --gid-owner 1337 -j RETURN
2022-05-26T05:25:32.938247364Z stdout F -A ISTIO_OUTPUT -d 127.0.0.1/32 -j RETURN
2022-05-26T05:25:32.938251016Z stdout F -A ISTIO_OUTPUT -j ISTIO_REDIRECT
2022-05-26T05:25:32.938254429Z stdout F -A ISTIO_REDIRECT -p tcp -j REDIRECT --to-ports 15001
2022-05-26T05:25:32.93825683Z stdout F COMMIT
2022-05-26T05:25:32.938259058Z stdout F # Completed on Thu May 26 05:25:32 2022
2022-05-26T05:25:32.938261092Z stdout F 
