2022-05-09T11:48:07.398239414Z stdout F 2022-05-09T11:48:07.397880Z	info	Istio iptables environment:
2022-05-09T11:48:07.39833139Z stdout F ENVOY_PORT=
2022-05-09T11:48:07.398341348Z stdout F INBOUND_CAPTURE_PORT=
2022-05-09T11:48:07.398346946Z stdout F ISTIO_INBOUND_INTERCEPTION_MODE=
2022-05-09T11:48:07.398351711Z stdout F ISTIO_INBOUND_TPROXY_ROUTE_TABLE=
2022-05-09T11:48:07.398355819Z stdout F ISTIO_INBOUND_PORTS=
2022-05-09T11:48:07.398359736Z stdout F ISTIO_OUTBOUND_PORTS=
2022-05-09T11:48:07.398363543Z stdout F ISTIO_LOCAL_EXCLUDE_PORTS=
2022-05-09T11:48:07.398371379Z stdout F ISTIO_EXCLUDE_INTERFACES=
2022-05-09T11:48:07.398375432Z stdout F ISTIO_SERVICE_CIDR=
2022-05-09T11:48:07.398379448Z stdout F ISTIO_SERVICE_EXCLUDE_CIDR=
2022-05-09T11:48:07.3983835Z stdout F ISTIO_META_DNS_CAPTURE=
2022-05-09T11:48:07.398387498Z stdout F INVALID_DROP=
2022-05-09T11:48:07.39839118Z stdout F 
2022-05-09T11:48:07.398395306Z stdout F 2022-05-09T11:48:07.397998Z	info	Istio iptables variables:
2022-05-09T11:48:07.398399096Z stdout F PROXY_PORT=15001
2022-05-09T11:48:07.398403024Z stdout F PROXY_INBOUND_CAPTURE_PORT=15006
2022-05-09T11:48:07.398407064Z stdout F PROXY_TUNNEL_PORT=15008
2022-05-09T11:48:07.398410904Z stdout F PROXY_UID=1337
2022-05-09T11:48:07.398414721Z stdout F PROXY_GID=1337
2022-05-09T11:48:07.398418422Z stdout F INBOUND_INTERCEPTION_MODE=REDIRECT
2022-05-09T11:48:07.39842473Z stdout F INBOUND_TPROXY_MARK=1337
2022-05-09T11:48:07.398428648Z stdout F INBOUND_TPROXY_ROUTE_TABLE=133
2022-05-09T11:48:07.398432341Z stdout F INBOUND_PORTS_INCLUDE=*
2022-05-09T11:48:07.398435966Z stdout F INBOUND_PORTS_EXCLUDE=15090,15021,15020
2022-05-09T11:48:07.398439635Z stdout F OUTBOUND_IP_RANGES_INCLUDE=*
2022-05-09T11:48:07.398443313Z stdout F OUTBOUND_IP_RANGES_EXCLUDE=
2022-05-09T11:48:07.39844771Z stdout F OUTBOUND_PORTS_INCLUDE=
2022-05-09T11:48:07.398452482Z stdout F OUTBOUND_PORTS_EXCLUDE=
2022-05-09T11:48:07.398456293Z stdout F KUBE_VIRT_INTERFACES=
2022-05-09T11:48:07.39846034Z stdout F ENABLE_INBOUND_IPV6=false
2022-05-09T11:48:07.398464118Z stdout F DNS_CAPTURE=false
2022-05-09T11:48:07.398467889Z stdout F DROP_INVALID=false
2022-05-09T11:48:07.398471604Z stdout F CAPTURE_ALL_DNS=false
2022-05-09T11:48:07.39847528Z stdout F DNS_SERVERS=[],[]
2022-05-09T11:48:07.398479141Z stdout F OUTPUT_PATH=
2022-05-09T11:48:07.398482856Z stdout F NETWORK_NAMESPACE=
2022-05-09T11:48:07.39848658Z stdout F CNI_MODE=false
2022-05-09T11:48:07.398490633Z stdout F EXCLUDE_INTERFACES=
2022-05-09T11:48:07.398494383Z stdout F 
2022-05-09T11:48:07.399387975Z stdout F 2022-05-09T11:48:07.398457Z	info	Writing following contents to rules file: /tmp/iptables-rules-1652096887398135360.txt1224551866
2022-05-09T11:48:07.399428954Z stdout F * nat
2022-05-09T11:48:07.399449953Z stdout F -N ISTIO_INBOUND
2022-05-09T11:48:07.399531804Z stdout F -N ISTIO_REDIRECT
2022-05-09T11:48:07.399544775Z stdout F -N ISTIO_IN_REDIRECT
2022-05-09T11:48:07.399563191Z stdout F -N ISTIO_OUTPUT
2022-05-09T11:48:07.399582057Z stdout F -A ISTIO_INBOUND -p tcp --dport 15008 -j RETURN
2022-05-09T11:48:07.39959203Z stdout F -A ISTIO_REDIRECT -p tcp -j REDIRECT --to-ports 15001
2022-05-09T11:48:07.39959802Z stdout F -A ISTIO_IN_REDIRECT -p tcp -j REDIRECT --to-ports 15006
2022-05-09T11:48:07.399603987Z stdout F -A PREROUTING -p tcp -j ISTIO_INBOUND
2022-05-09T11:48:07.399611059Z stdout F -A ISTIO_INBOUND -p tcp --dport 15090 -j RETURN
2022-05-09T11:48:07.39961765Z stdout F -A ISTIO_INBOUND -p tcp --dport 15021 -j RETURN
2022-05-09T11:48:07.399623495Z stdout F -A ISTIO_INBOUND -p tcp --dport 15020 -j RETURN
2022-05-09T11:48:07.399630076Z stdout F -A ISTIO_INBOUND -p tcp -j ISTIO_IN_REDIRECT
2022-05-09T11:48:07.399636768Z stdout F -A OUTPUT -p tcp -j ISTIO_OUTPUT
2022-05-09T11:48:07.399647095Z stdout F -A ISTIO_OUTPUT -o lo -s 127.0.0.6/32 -j RETURN
2022-05-09T11:48:07.399665094Z stdout F -A ISTIO_OUTPUT -o lo ! -d 127.0.0.1/32 -m owner --uid-owner 1337 -j ISTIO_IN_REDIRECT
2022-05-09T11:48:07.399683916Z stdout F -A ISTIO_OUTPUT -o lo -m owner ! --uid-owner 1337 -j RETURN
2022-05-09T11:48:07.399693772Z stdout F -A ISTIO_OUTPUT -m owner --uid-owner 1337 -j RETURN
2022-05-09T11:48:07.39972257Z stdout F -A ISTIO_OUTPUT -o lo ! -d 127.0.0.1/32 -m owner --gid-owner 1337 -j ISTIO_IN_REDIRECT
2022-05-09T11:48:07.399734221Z stdout F -A ISTIO_OUTPUT -o lo -m owner ! --gid-owner 1337 -j RETURN
2022-05-09T11:48:07.399751373Z stdout F -A ISTIO_OUTPUT -m owner --gid-owner 1337 -j RETURN
2022-05-09T11:48:07.39976945Z stdout F -A ISTIO_OUTPUT -d 127.0.0.1/32 -j RETURN
2022-05-09T11:48:07.399858435Z stdout F -A ISTIO_OUTPUT -j ISTIO_REDIRECT
2022-05-09T11:48:07.399875129Z stdout F COMMIT
2022-05-09T11:48:07.399896102Z stdout F 2022-05-09T11:48:07.398584Z	info	Running command: iptables-restore --noflush /tmp/iptables-rules-1652096887398135360.txt1224551866
2022-05-09T11:48:07.673157449Z stdout F 2022-05-09T11:48:07.660308Z	info	Writing following contents to rules file: /tmp/ip6tables-rules-1652096887660118003.txt3353870862
2022-05-09T11:48:07.673203527Z stdout F 
2022-05-09T11:48:07.673213014Z stdout F 2022-05-09T11:48:07.660410Z	info	Running command: ip6tables-restore --noflush /tmp/ip6tables-rules-1652096887660118003.txt3353870862
2022-05-09T11:48:07.785092392Z stdout F 2022-05-09T11:48:07.777717Z	info	Running command: iptables-save 
2022-05-09T11:48:07.855946365Z stdout F 2022-05-09T11:48:07.836743Z	info	Command output: 
2022-05-09T11:48:07.856112312Z stdout F # Generated by iptables-save v1.8.4 on Mon May  9 11:48:07 2022
2022-05-09T11:48:07.856234535Z stdout F *nat
2022-05-09T11:48:07.856254435Z stdout F :PREROUTING ACCEPT [0:0]
2022-05-09T11:48:07.856263762Z stdout F :INPUT ACCEPT [0:0]
2022-05-09T11:48:07.856476929Z stdout F :OUTPUT ACCEPT [0:0]
2022-05-09T11:48:07.856499083Z stdout F :POSTROUTING ACCEPT [0:0]
2022-05-09T11:48:07.856511852Z stdout F :ISTIO_INBOUND - [0:0]
2022-05-09T11:48:07.856592786Z stdout F :ISTIO_IN_REDIRECT - [0:0]
2022-05-09T11:48:07.856604589Z stdout F :ISTIO_OUTPUT - [0:0]
2022-05-09T11:48:07.856611105Z stdout F :ISTIO_REDIRECT - [0:0]
2022-05-09T11:48:07.85661771Z stdout F -A PREROUTING -p tcp -j ISTIO_INBOUND
2022-05-09T11:48:07.856623913Z stdout F -A OUTPUT -p tcp -j ISTIO_OUTPUT
2022-05-09T11:48:07.856630159Z stdout F -A ISTIO_INBOUND -p tcp -m tcp --dport 15008 -j RETURN
2022-05-09T11:48:07.856635982Z stdout F -A ISTIO_INBOUND -p tcp -m tcp --dport 15090 -j RETURN
2022-05-09T11:48:07.856641768Z stdout F -A ISTIO_INBOUND -p tcp -m tcp --dport 15021 -j RETURN
2022-05-09T11:48:07.856647873Z stdout F -A ISTIO_INBOUND -p tcp -m tcp --dport 15020 -j RETURN
2022-05-09T11:48:07.85665407Z stdout F -A ISTIO_INBOUND -p tcp -j ISTIO_IN_REDIRECT
2022-05-09T11:48:07.856660665Z stdout F -A ISTIO_IN_REDIRECT -p tcp -j REDIRECT --to-ports 15006
2022-05-09T11:48:07.856666935Z stdout F -A ISTIO_OUTPUT -s 127.0.0.6/32 -o lo -j RETURN
2022-05-09T11:48:07.856673969Z stdout F -A ISTIO_OUTPUT ! -d 127.0.0.1/32 -o lo -m owner --uid-owner 1337 -j ISTIO_IN_REDIRECT
2022-05-09T11:48:07.856681111Z stdout F -A ISTIO_OUTPUT -o lo -m owner ! --uid-owner 1337 -j RETURN
2022-05-09T11:48:07.856687926Z stdout F -A ISTIO_OUTPUT -m owner --uid-owner 1337 -j RETURN
2022-05-09T11:48:07.856694902Z stdout F -A ISTIO_OUTPUT ! -d 127.0.0.1/32 -o lo -m owner --gid-owner 1337 -j ISTIO_IN_REDIRECT
2022-05-09T11:48:07.856700777Z stdout F -A ISTIO_OUTPUT -o lo -m owner ! --gid-owner 1337 -j RETURN
2022-05-09T11:48:07.85675406Z stdout F -A ISTIO_OUTPUT -m owner --gid-owner 1337 -j RETURN
2022-05-09T11:48:07.856959125Z stdout F -A ISTIO_OUTPUT -d 127.0.0.1/32 -j RETURN
2022-05-09T11:48:07.856987094Z stdout F -A ISTIO_OUTPUT -j ISTIO_REDIRECT
2022-05-09T11:48:07.857186023Z stdout F -A ISTIO_REDIRECT -p tcp -j REDIRECT --to-ports 15001
2022-05-09T11:48:07.857201783Z stdout F COMMIT
2022-05-09T11:48:07.857210759Z stdout F # Completed on Mon May  9 11:48:07 2022
2022-05-09T11:48:07.857217348Z stdout F 
