2022-04-30T04:27:47.039528Z	info	FLAG: --concurrency="2"
2022-04-30T04:27:47.039795Z	info	FLAG: --domain="default.svc.cluster.local"
2022-04-30T04:27:47.039819Z	info	FLAG: --help="false"
2022-04-30T04:27:47.039853Z	info	FLAG: --log_as_json="false"
2022-04-30T04:27:47.039864Z	info	FLAG: --log_caller=""
2022-04-30T04:27:47.039955Z	info	FLAG: --log_output_level="default:info"
2022-04-30T04:27:47.039965Z	info	FLAG: --log_rotate=""
2022-04-30T04:27:47.039976Z	info	FLAG: --log_rotate_max_age="30"
2022-04-30T04:27:47.039986Z	info	FLAG: --log_rotate_max_backups="1000"
2022-04-30T04:27:47.039996Z	info	FLAG: --log_rotate_max_size="104857600"
2022-04-30T04:27:47.040006Z	info	FLAG: --log_stacktrace_level="default:none"
2022-04-30T04:27:47.040032Z	info	FLAG: --log_target="[stdout]"
2022-04-30T04:27:47.040058Z	info	FLAG: --meshConfig="./etc/istio/config/mesh"
2022-04-30T04:27:47.040165Z	info	FLAG: --outlierLogPath=""
2022-04-30T04:27:47.040189Z	info	FLAG: --proxyComponentLogLevel="misc:error"
2022-04-30T04:27:47.040201Z	info	FLAG: --proxyLogLevel="warning"
2022-04-30T04:27:47.040209Z	info	FLAG: --serviceCluster="istio-proxy"
2022-04-30T04:27:47.040216Z	info	FLAG: --stsPort="0"
2022-04-30T04:27:47.040237Z	info	FLAG: --templateFile=""
2022-04-30T04:27:47.040493Z	info	FLAG: --tokenManagerPlugin="GoogleTokenExchange"
2022-04-30T04:27:47.040503Z	info	FLAG: --vklog="0"
2022-04-30T04:27:47.040590Z	info	Version 1.13.2-91533d04e894ff86b80acd6d7a4517b144f9e19a-Clean
2022-04-30T04:27:47.041220Z	info	Proxy role	ips=[10.244.0.25 fe80::4cf8:22ff:fe01:9ec1] type=sidecar id=ts-assurance-mongo-8b6bc46df-f7zpr.default domain=default.svc.cluster.local
2022-04-30T04:27:47.041652Z	info	Apply proxy config from env {}

2022-04-30T04:27:47.080954Z	info	Effective config: binaryPath: /usr/local/bin/envoy
concurrency: 2
configPath: ./etc/istio/proxy
controlPlaneAuthPolicy: MUTUAL_TLS
discoveryAddress: istiod.istio-system.svc:15012
drainDuration: 45s
parentShutdownDuration: 60s
proxyAdminPort: 15000
serviceCluster: istio-proxy
statNameLength: 189
statusPort: 15020
terminationDrainDuration: 5s
tracing:
  zipkin:
    address: zipkin.istio-system:9411

2022-04-30T04:27:47.081032Z	info	JWT policy is third-party-jwt
2022-04-30T04:27:47.087405Z	info	CA Endpoint istiod.istio-system.svc:15012, provider Citadel
2022-04-30T04:27:47.087733Z	info	Using CA istiod.istio-system.svc:15012 cert with certs: var/run/secrets/istio/root-cert.pem
2022-04-30T04:27:47.087925Z	info	citadelclient	Citadel client using custom root cert: var/run/secrets/istio/root-cert.pem
2022-04-30T04:27:47.093651Z	info	Opening status port 15020
2022-04-30T04:27:47.228060Z	info	ads	All caches have been synced up in 199.826591ms, marking server ready
2022-04-30T04:27:47.229869Z	info	sds	SDS server for workload certificates started, listening on "etc/istio/proxy/SDS"
2022-04-30T04:27:47.230037Z	info	xdsproxy	Initializing with upstream address "istiod.istio-system.svc:15012" and cluster "Kubernetes"
2022-04-30T04:27:47.234220Z	info	sds	Starting SDS grpc server
2022-04-30T04:27:47.239100Z	info	Pilot SAN: [istiod.istio-system.svc]
2022-04-30T04:27:47.242408Z	info	starting Http service at 127.0.0.1:15004
2022-04-30T04:27:47.330498Z	info	Starting proxy agent
2022-04-30T04:27:47.330732Z	info	Epoch 0 starting
2022-04-30T04:27:47.330863Z	info	Envoy command: [-c etc/istio/proxy/envoy-rev0.json --restart-epoch 0 --drain-time-s 45 --drain-strategy immediate --parent-shutdown-time-s 60 --local-address-ip-version v4 --file-flush-interval-msec 1000 --disable-hot-restart --log-format %Y-%m-%dT%T.%fZ	%l	envoy %n	%v -l warning --component-log-level misc:error --concurrency 2]
2022-04-30T04:27:50.732032Z	info	xdsproxy	connected to upstream XDS server: istiod.istio-system.svc:15012
2022-04-30T04:27:50.928890Z	info	ads	ADS: new connection for node:ts-assurance-mongo-8b6bc46df-f7zpr.default-1
2022-04-30T04:27:50.970217Z	info	ads	ADS: new connection for node:ts-assurance-mongo-8b6bc46df-f7zpr.default-2
2022-04-30T04:27:51.469380Z	info	cache	generated new workload certificate	latency=4.224612562s ttl=23h59m59.530645743s
2022-04-30T04:27:51.469674Z	info	cache	Root cert has changed, start rotating root cert
2022-04-30T04:27:51.469736Z	info	ads	XDS: Incremental Pushing:0 ConnectedEndpoints:2 Version:
2022-04-30T04:27:51.470017Z	info	cache	returned workload trust anchor from cache	ttl=23h59m59.529994692s
2022-04-30T04:27:51.470157Z	info	cache	returned workload trust anchor from cache	ttl=23h59m59.529859844s
2022-04-30T04:27:51.481012Z	info	cache	returned workload certificate from cache	ttl=23h59m59.519264138s
2022-04-30T04:27:51.488517Z	info	ads	SDS: PUSH request for node:ts-assurance-mongo-8b6bc46df-f7zpr.default resources:1 size:4.0kB resource:default
2022-04-30T04:27:51.493823Z	info	ads	SDS: PUSH request for node:ts-assurance-mongo-8b6bc46df-f7zpr.default resources:1 size:1.1kB resource:ROOTCA
2022-04-30T04:27:51.494172Z	info	cache	returned workload trust anchor from cache	ttl=23h59m59.505845532s
2022-04-30T04:27:51.504944Z	info	ads	SDS: PUSH for node:ts-assurance-mongo-8b6bc46df-f7zpr.default resources:1 size:1.1kB resource:ROOTCA
2022-04-30T04:27:52.544589Z	info	Readiness succeeded in 5.514499967s
2022-04-30T04:27:52.547180Z	info	Envoy proxy is ready
2022-04-30T04:55:51.194208Z	info	xdsproxy	connected to upstream XDS server: istiod.istio-system.svc:15012
2022-04-30T05:28:17.456444Z	info	xdsproxy	connected to upstream XDS server: istiod.istio-system.svc:15012
2022-04-30T06:00:56.027953Z	info	xdsproxy	connected to upstream XDS server: istiod.istio-system.svc:15012
2022-04-30T06:28:43.471398Z	info	xdsproxy	connected to upstream XDS server: istiod.istio-system.svc:15012
2022-04-30T06:56:43.099242Z	info	xdsproxy	connected to upstream XDS server: istiod.istio-system.svc:15012
2022-04-30T07:28:41.161738Z	info	xdsproxy	connected to upstream XDS server: istiod.istio-system.svc:15012
