2022-04-30T04:26:02.792213374Z stdout F 2022-04-30T04:26:02.784910Z	info	Istio iptables environment:
2022-04-30T04:26:02.792320154Z stdout F ENVOY_PORT=
2022-04-30T04:26:02.792340352Z stdout F INBOUND_CAPTURE_PORT=
2022-04-30T04:26:02.792355105Z stdout F ISTIO_INBOUND_INTERCEPTION_MODE=
2022-04-30T04:26:02.792368868Z stdout F ISTIO_INBOUND_TPROXY_ROUTE_TABLE=
2022-04-30T04:26:02.792381305Z stdout F ISTIO_INBOUND_PORTS=
2022-04-30T04:26:02.792394005Z stdout F ISTIO_OUTBOUND_PORTS=
2022-04-30T04:26:02.79240665Z stdout F ISTIO_LOCAL_EXCLUDE_PORTS=
2022-04-30T04:26:02.792420259Z stdout F ISTIO_EXCLUDE_INTERFACES=
2022-04-30T04:26:02.792433001Z stdout F ISTIO_SERVICE_CIDR=
2022-04-30T04:26:02.792444801Z stdout F ISTIO_SERVICE_EXCLUDE_CIDR=
2022-04-30T04:26:02.792456689Z stdout F ISTIO_META_DNS_CAPTURE=
2022-04-30T04:26:02.792468987Z stdout F INVALID_DROP=
2022-04-30T04:26:02.792480131Z stdout F 
2022-04-30T04:26:02.79249257Z stdout F 2022-04-30T04:26:02.785074Z	info	Istio iptables variables:
2022-04-30T04:26:02.792505849Z stdout F PROXY_PORT=15001
2022-04-30T04:26:02.792518652Z stdout F PROXY_INBOUND_CAPTURE_PORT=15006
2022-04-30T04:26:02.79253025Z stdout F PROXY_TUNNEL_PORT=15008
2022-04-30T04:26:02.792542618Z stdout F PROXY_UID=1337
2022-04-30T04:26:02.792554898Z stdout F PROXY_GID=1337
2022-04-30T04:26:02.792567507Z stdout F INBOUND_INTERCEPTION_MODE=REDIRECT
2022-04-30T04:26:02.792579216Z stdout F INBOUND_TPROXY_MARK=1337
2022-04-30T04:26:02.792591378Z stdout F INBOUND_TPROXY_ROUTE_TABLE=133
2022-04-30T04:26:02.792605001Z stdout F INBOUND_PORTS_INCLUDE=*
2022-04-30T04:26:02.792618207Z stdout F INBOUND_PORTS_EXCLUDE=15090,15021,15020
2022-04-30T04:26:02.792631388Z stdout F OUTBOUND_IP_RANGES_INCLUDE=*
2022-04-30T04:26:02.792643942Z stdout F OUTBOUND_IP_RANGES_EXCLUDE=
2022-04-30T04:26:02.792656714Z stdout F OUTBOUND_PORTS_INCLUDE=
2022-04-30T04:26:02.792667175Z stdout F OUTBOUND_PORTS_EXCLUDE=
2022-04-30T04:26:02.79267819Z stdout F KUBE_VIRT_INTERFACES=
2022-04-30T04:26:02.792690528Z stdout F ENABLE_INBOUND_IPV6=false
2022-04-30T04:26:02.792867197Z stdout F DNS_CAPTURE=false
2022-04-30T04:26:02.792915976Z stdout F DROP_INVALID=false
2022-04-30T04:26:02.792946773Z stdout F CAPTURE_ALL_DNS=false
2022-04-30T04:26:02.792964052Z stdout F DNS_SERVERS=[],[]
2022-04-30T04:26:02.792972589Z stdout F OUTPUT_PATH=
2022-04-30T04:26:02.792980735Z stdout F NETWORK_NAMESPACE=
2022-04-30T04:26:02.792992522Z stdout F CNI_MODE=false
2022-04-30T04:26:02.793005578Z stdout F EXCLUDE_INTERFACES=
2022-04-30T04:26:02.793017875Z stdout F 
2022-04-30T04:26:05.001194289Z stdout F 2022-04-30T04:26:04.988360Z	info	Writing following contents to rules file: /tmp/iptables-rules-1651292762785182631.txt2052456417
2022-04-30T04:26:05.003277656Z stdout F * nat
2022-04-30T04:26:05.0033882Z stdout F -N ISTIO_INBOUND
2022-04-30T04:26:05.003414905Z stdout F -N ISTIO_REDIRECT
2022-04-30T04:26:05.003429565Z stdout F -N ISTIO_IN_REDIRECT
2022-04-30T04:26:05.003443529Z stdout F -N ISTIO_OUTPUT
2022-04-30T04:26:05.003457296Z stdout F -A ISTIO_INBOUND -p tcp --dport 15008 -j RETURN
2022-04-30T04:26:05.003471222Z stdout F -A ISTIO_REDIRECT -p tcp -j REDIRECT --to-ports 15001
2022-04-30T04:26:05.003484778Z stdout F -A ISTIO_IN_REDIRECT -p tcp -j REDIRECT --to-ports 15006
2022-04-30T04:26:05.003497458Z stdout F -A PREROUTING -p tcp -j ISTIO_INBOUND
2022-04-30T04:26:05.003510381Z stdout F -A ISTIO_INBOUND -p tcp --dport 15090 -j RETURN
2022-04-30T04:26:05.003523581Z stdout F -A ISTIO_INBOUND -p tcp --dport 15021 -j RETURN
2022-04-30T04:26:05.003536986Z stdout F -A ISTIO_INBOUND -p tcp --dport 15020 -j RETURN
2022-04-30T04:26:05.003550466Z stdout F -A ISTIO_INBOUND -p tcp -j ISTIO_IN_REDIRECT
2022-04-30T04:26:05.003565091Z stdout F -A OUTPUT -p tcp -j ISTIO_OUTPUT
2022-04-30T04:26:05.00357869Z stdout F -A ISTIO_OUTPUT -o lo -s 127.0.0.6/32 -j RETURN
2022-04-30T04:26:05.003593632Z stdout F -A ISTIO_OUTPUT -o lo ! -d 127.0.0.1/32 -m owner --uid-owner 1337 -j ISTIO_IN_REDIRECT
2022-04-30T04:26:05.003606913Z stdout F -A ISTIO_OUTPUT -o lo -m owner ! --uid-owner 1337 -j RETURN
2022-04-30T04:26:05.003620081Z stdout F -A ISTIO_OUTPUT -m owner --uid-owner 1337 -j RETURN
2022-04-30T04:26:05.003673501Z stdout F -A ISTIO_OUTPUT -o lo ! -d 127.0.0.1/32 -m owner --gid-owner 1337 -j ISTIO_IN_REDIRECT
2022-04-30T04:26:05.003688656Z stdout F -A ISTIO_OUTPUT -o lo -m owner ! --gid-owner 1337 -j RETURN
2022-04-30T04:26:05.003702019Z stdout F -A ISTIO_OUTPUT -m owner --gid-owner 1337 -j RETURN
2022-04-30T04:26:05.00371513Z stdout F -A ISTIO_OUTPUT -d 127.0.0.1/32 -j RETURN
2022-04-30T04:26:05.003727907Z stdout F -A ISTIO_OUTPUT -j ISTIO_REDIRECT
2022-04-30T04:26:05.003741228Z stdout F COMMIT
2022-04-30T04:26:05.003756929Z stdout F 2022-04-30T04:26:04.988754Z	info	Running command: iptables-restore --noflush /tmp/iptables-rules-1651292762785182631.txt2052456417
2022-04-30T04:26:05.849772024Z stdout F 2022-04-30T04:26:05.659754Z	info	Writing following contents to rules file: /tmp/ip6tables-rules-1651292765659576276.txt998064090
2022-04-30T04:26:05.851542148Z stdout F 
2022-04-30T04:26:05.852207056Z stdout F 2022-04-30T04:26:05.659988Z	info	Running command: ip6tables-restore --noflush /tmp/ip6tables-rules-1651292765659576276.txt998064090
2022-04-30T04:26:05.852543105Z stdout F 2022-04-30T04:26:05.677304Z	info	Running command: iptables-save 
2022-04-30T04:26:05.853439721Z stdout F 2022-04-30T04:26:05.795412Z	info	Command output: 
2022-04-30T04:26:05.853652872Z stdout F # Generated by iptables-save v1.8.4 on Sat Apr 30 04:26:05 2022
2022-04-30T04:26:05.854197128Z stdout F *nat
2022-04-30T04:26:05.854365368Z stdout F :PREROUTING ACCEPT [0:0]
2022-04-30T04:26:05.85453085Z stdout F :INPUT ACCEPT [0:0]
2022-04-30T04:26:05.854912582Z stdout F :OUTPUT ACCEPT [0:0]
2022-04-30T04:26:05.855178228Z stdout F :POSTROUTING ACCEPT [0:0]
2022-04-30T04:26:05.85536877Z stdout F :ISTIO_INBOUND - [0:0]
2022-04-30T04:26:06.000204763Z stdout F :ISTIO_IN_REDIRECT - [0:0]
2022-04-30T04:26:06.000288903Z stdout F :ISTIO_OUTPUT - [0:0]
2022-04-30T04:26:06.000322987Z stdout F :ISTIO_REDIRECT - [0:0]
2022-04-30T04:26:06.000356437Z stdout F -A PREROUTING -p tcp -j ISTIO_INBOUND
2022-04-30T04:26:06.000520125Z stdout F -A OUTPUT -p tcp -j ISTIO_OUTPUT
2022-04-30T04:26:06.000544734Z stdout F -A ISTIO_INBOUND -p tcp -m tcp --dport 15008 -j RETURN
2022-04-30T04:26:06.000671418Z stdout F -A ISTIO_INBOUND -p tcp -m tcp --dport 15090 -j RETURN
2022-04-30T04:26:06.000693423Z stdout F -A ISTIO_INBOUND -p tcp -m tcp --dport 15021 -j RETURN
2022-04-30T04:26:06.000707998Z stdout F -A ISTIO_INBOUND -p tcp -m tcp --dport 15020 -j RETURN
2022-04-30T04:26:06.000721867Z stdout F -A ISTIO_INBOUND -p tcp -j ISTIO_IN_REDIRECT
2022-04-30T04:26:06.000733614Z stdout F -A ISTIO_IN_REDIRECT -p tcp -j REDIRECT --to-ports 15006
2022-04-30T04:26:06.00074502Z stdout F -A ISTIO_OUTPUT -s 127.0.0.6/32 -o lo -j RETURN
2022-04-30T04:26:06.000758623Z stdout F -A ISTIO_OUTPUT ! -d 127.0.0.1/32 -o lo -m owner --uid-owner 1337 -j ISTIO_IN_REDIRECT
2022-04-30T04:26:06.000771032Z stdout F -A ISTIO_OUTPUT -o lo -m owner ! --uid-owner 1337 -j RETURN
2022-04-30T04:26:06.00078314Z stdout F -A ISTIO_OUTPUT -m owner --uid-owner 1337 -j RETURN
2022-04-30T04:26:06.000795173Z stdout F -A ISTIO_OUTPUT ! -d 127.0.0.1/32 -o lo -m owner --gid-owner 1337 -j ISTIO_IN_REDIRECT
2022-04-30T04:26:06.000807167Z stdout F -A ISTIO_OUTPUT -o lo -m owner ! --gid-owner 1337 -j RETURN
2022-04-30T04:26:06.000819298Z stdout F -A ISTIO_OUTPUT -m owner --gid-owner 1337 -j RETURN
2022-04-30T04:26:06.001029071Z stdout F -A ISTIO_OUTPUT -d 127.0.0.1/32 -j RETURN
2022-04-30T04:26:06.001054046Z stdout F -A ISTIO_OUTPUT -j ISTIO_REDIRECT
2022-04-30T04:26:06.001068896Z stdout F -A ISTIO_REDIRECT -p tcp -j REDIRECT --to-ports 15001
2022-04-30T04:26:06.001083202Z stdout F COMMIT
2022-04-30T04:26:06.001095273Z stdout F # Completed on Sat Apr 30 04:26:05 2022
2022-04-30T04:26:06.001107052Z stdout F 
