2022-04-30T04:42:29.092352851Z stderr F [2022-04-30 12:42:29 +0800] [1] [INFO] Starting gunicorn 20.0.4
2022-04-30T04:42:29.093252076Z stderr F [2022-04-30 12:42:29 +0800] [1] [INFO] Listening at: http://0.0.0.0:17001 (1)
2022-04-30T04:42:29.093277022Z stderr F [2022-04-30 12:42:29 +0800] [1] [INFO] Using worker: sync
2022-04-30T04:42:29.166492393Z stderr F [2022-04-30 12:42:29 +0800] [15] [INFO] Booting worker with pid: 15
2022-04-30T04:42:29.300358035Z stderr F [2022-04-30 12:42:29 +0800] [16] [INFO] Booting worker with pid: 16
2022-04-30T04:42:29.386920995Z stderr F [2022-04-30 12:42:29 +0800] [17] [INFO] Booting worker with pid: 17
2022-04-30T04:42:29.570403567Z stderr F [2022-04-30 12:42:29 +0800] [18] [INFO] Booting worker with pid: 18
2022-04-30T04:42:59.140851315Z stderr F [2022-04-30 12:42:59 +0800] [1] [CRITICAL] WORKER TIMEOUT (pid:15)
2022-04-30T04:42:59.521569485Z stderr F [2022-04-30 12:42:59 +0800] [15] [ERROR] Exception in worker process
2022-04-30T04:42:59.52162871Z stderr F Traceback (most recent call last):
2022-04-30T04:42:59.521643623Z stderr F   File "/usr/local/lib/python3.9/site-packages/gunicorn/arbiter.py", line 583, in spawn_worker
2022-04-30T04:42:59.521655242Z stderr F     worker.init_process()
2022-04-30T04:42:59.521666287Z stderr F   File "/usr/local/lib/python3.9/site-packages/gunicorn/workers/base.py", line 119, in init_process
2022-04-30T04:42:59.521676902Z stderr F     self.load_wsgi()
2022-04-30T04:42:59.52168757Z stderr F   File "/usr/local/lib/python3.9/site-packages/gunicorn/workers/base.py", line 144, in load_wsgi
2022-04-30T04:42:59.521697431Z stderr F     self.wsgi = self.app.wsgi()
2022-04-30T04:42:59.521706945Z stderr F   File "/usr/local/lib/python3.9/site-packages/gunicorn/app/base.py", line 67, in wsgi
2022-04-30T04:42:59.521716061Z stderr F     self.callable = self.load()
2022-04-30T04:42:59.521725515Z stderr F   File "/usr/local/lib/python3.9/site-packages/gunicorn/app/wsgiapp.py", line 49, in load
2022-04-30T04:42:59.521734781Z stderr F     return self.load_wsgiapp()
2022-04-30T04:42:59.521744256Z stderr F   File "/usr/local/lib/python3.9/site-packages/gunicorn/app/wsgiapp.py", line 39, in load_wsgiapp
2022-04-30T04:42:59.52175395Z stderr F     return util.import_app(self.app_uri)
2022-04-30T04:42:59.521763481Z stderr F   File "/usr/local/lib/python3.9/site-packages/gunicorn/util.py", line 358, in import_app
2022-04-30T04:42:59.521773257Z stderr F     mod = importlib.import_module(module)
2022-04-30T04:42:59.521782851Z stderr F   File "/usr/local/lib/python3.9/importlib/__init__.py", line 127, in import_module
2022-04-30T04:42:59.521792915Z stderr F     return _bootstrap._gcd_import(name[level:], package, level)
2022-04-30T04:42:59.521802436Z stderr F   File "<frozen importlib._bootstrap>", line 1030, in _gcd_import
2022-04-30T04:42:59.521811887Z stderr F   File "<frozen importlib._bootstrap>", line 1007, in _find_and_load
2022-04-30T04:42:59.521821533Z stderr F   File "<frozen importlib._bootstrap>", line 986, in _find_and_load_unlocked
2022-04-30T04:42:59.521830934Z stderr F   File "<frozen importlib._bootstrap>", line 680, in _load_unlocked
2022-04-30T04:42:59.52183995Z stderr F   File "<frozen importlib._bootstrap_external>", line 850, in exec_module
2022-04-30T04:42:59.521849275Z stderr F   File "<frozen importlib._bootstrap>", line 228, in _call_with_frames_removed
2022-04-30T04:42:59.521858645Z stderr F   File "/app/app.py", line 10, in <module>
2022-04-30T04:42:59.521867972Z stderr F     from face_detect import check
2022-04-30T04:42:59.52187743Z stderr F   File "/app/face_detect.py", line 2, in <module>
2022-04-30T04:42:59.521888927Z stderr F     import dlib
2022-04-30T04:42:59.521898591Z stderr F   File "/usr/local/lib/python3.9/site-packages/dlib/__init__.py", line 19, in <module>
2022-04-30T04:42:59.521908009Z stderr F     from _dlib_pybind11 import *
2022-04-30T04:42:59.521917543Z stderr F ImportError: SystemExit: 1
2022-04-30T04:42:59.521926417Z stderr F 
2022-04-30T04:42:59.52193552Z stderr F At:
2022-04-30T04:42:59.521944925Z stderr F   /usr/local/lib/python3.9/site-packages/gunicorn/workers/base.py(201): handle_abort
2022-04-30T04:42:59.521990902Z stderr F   <frozen importlib._bootstrap>(228): _call_with_frames_removed
2022-04-30T04:42:59.52200227Z stderr F   <frozen importlib._bootstrap_external>(1173): create_module
2022-04-30T04:42:59.522011751Z stderr F   <frozen importlib._bootstrap>(565): module_from_spec
2022-04-30T04:42:59.522021165Z stderr F   <frozen importlib._bootstrap>(666): _load_unlocked
2022-04-30T04:42:59.522030363Z stderr F   <frozen importlib._bootstrap>(986): _find_and_load_unlocked
2022-04-30T04:42:59.522039552Z stderr F   <frozen importlib._bootstrap>(1007): _find_and_load
2022-04-30T04:42:59.52204897Z stderr F   /usr/local/lib/python3.9/site-packages/dlib/__init__.py(19): <module>
2022-04-30T04:42:59.522058172Z stderr F   <frozen importlib._bootstrap>(228): _call_with_frames_removed
2022-04-30T04:42:59.522067068Z stderr F   <frozen importlib._bootstrap_external>(850): exec_module
2022-04-30T04:42:59.522076395Z stderr F   <frozen importlib._bootstrap>(680): _load_unlocked
2022-04-30T04:42:59.522085678Z stderr F   <frozen importlib._bootstrap>(986): _find_and_load_unlocked
2022-04-30T04:42:59.522095278Z stderr F   <frozen importlib._bootstrap>(1007): _find_and_load
2022-04-30T04:42:59.522104954Z stderr F   /app/face_detect.py(2): <module>
2022-04-30T04:42:59.522114068Z stderr F   <frozen importlib._bootstrap>(228): _call_with_frames_removed
2022-04-30T04:42:59.522123103Z stderr F   <frozen importlib._bootstrap_external>(850): exec_module
2022-04-30T04:42:59.522132268Z stderr F   <frozen importlib._bootstrap>(680): _load_unlocked
2022-04-30T04:42:59.522141605Z stderr F   <frozen importlib._bootstrap>(986): _find_and_load_unlocked
2022-04-30T04:42:59.522150749Z stderr F   <frozen importlib._bootstrap>(1007): _find_and_load
2022-04-30T04:42:59.52216037Z stderr F   /app/app.py(10): <module>
2022-04-30T04:42:59.522169688Z stderr F   <frozen importlib._bootstrap>(228): _call_with_frames_removed
2022-04-30T04:42:59.52217881Z stderr F   <frozen importlib._bootstrap_external>(850): exec_module
2022-04-30T04:42:59.522188231Z stderr F   <frozen importlib._bootstrap>(680): _load_unlocked
2022-04-30T04:42:59.522197601Z stderr F   <frozen importlib._bootstrap>(986): _find_and_load_unlocked
2022-04-30T04:42:59.522206955Z stderr F   <frozen importlib._bootstrap>(1007): _find_and_load
2022-04-30T04:42:59.522214979Z stderr F   <frozen importlib._bootstrap>(1030): _gcd_import
2022-04-30T04:42:59.522223463Z stderr F   /usr/local/lib/python3.9/importlib/__init__.py(127): import_module
2022-04-30T04:42:59.522232956Z stderr F   /usr/local/lib/python3.9/site-packages/gunicorn/util.py(358): import_app
2022-04-30T04:42:59.522241965Z stderr F   /usr/local/lib/python3.9/site-packages/gunicorn/app/wsgiapp.py(39): load_wsgiapp
2022-04-30T04:42:59.522251326Z stderr F   /usr/local/lib/python3.9/site-packages/gunicorn/app/wsgiapp.py(49): load
2022-04-30T04:42:59.522261075Z stderr F   /usr/local/lib/python3.9/site-packages/gunicorn/app/base.py(67): wsgi
2022-04-30T04:42:59.522270568Z stderr F   /usr/local/lib/python3.9/site-packages/gunicorn/workers/base.py(144): load_wsgi
2022-04-30T04:42:59.522279833Z stderr F   /usr/local/lib/python3.9/site-packages/gunicorn/workers/base.py(119): init_process
2022-04-30T04:42:59.522288931Z stderr F   /usr/local/lib/python3.9/site-packages/gunicorn/arbiter.py(583): spawn_worker
2022-04-30T04:42:59.522298088Z stderr F   /usr/local/lib/python3.9/site-packages/gunicorn/arbiter.py(616): spawn_workers
2022-04-30T04:42:59.5223163Z stderr F   /usr/local/lib/python3.9/site-packages/gunicorn/arbiter.py(545): manage_workers
2022-04-30T04:42:59.522327243Z stderr F   /usr/local/lib/python3.9/site-packages/gunicorn/arbiter.py(202): run
2022-04-30T04:42:59.522337069Z stderr F   /usr/local/lib/python3.9/site-packages/gunicorn/app/base.py(72): run
2022-04-30T04:42:59.522345566Z stderr F   /usr/local/lib/python3.9/site-packages/gunicorn/app/base.py(228): run
2022-04-30T04:42:59.522354841Z stderr F   /usr/local/lib/python3.9/site-packages/gunicorn/app/wsgiapp.py(58): run
2022-04-30T04:42:59.522379716Z stderr F   /usr/local/bin/gunicorn(8): <module>
2022-04-30T04:42:59.522389981Z stderr F 
2022-04-30T04:42:59.59021397Z stderr F [2022-04-30 12:42:59 +0800] [15] [INFO] Worker exiting (pid: 15)
2022-04-30T04:43:00.222837954Z stderr F [2022-04-30 12:43:00 +0800] [1] [CRITICAL] WORKER TIMEOUT (pid:16)
2022-04-30T04:43:00.302328774Z stderr F [2022-04-30 12:43:00 +0800] [1] [CRITICAL] WORKER TIMEOUT (pid:17)
2022-04-30T04:43:00.35898433Z stderr F [2022-04-30 12:43:00 +0800] [1] [CRITICAL] WORKER TIMEOUT (pid:18)
2022-04-30T04:43:00.798784383Z stderr F [2022-04-30 12:43:00 +0800] [18] [INFO] Worker exiting (pid: 18)
2022-04-30T04:43:02.194520906Z stderr F [2022-04-30 12:43:02 +0800] [48] [INFO] Booting worker with pid: 48
2022-04-30T04:43:02.508602194Z stderr F [2022-04-30 12:43:02 +0800] [47] [INFO] Booting worker with pid: 47
2022-04-30T04:43:03.013005717Z stderr F [2022-04-30 12:43:02 +0800] [49] [INFO] Booting worker with pid: 49
2022-04-30T04:43:03.486739133Z stderr F [2022-04-30 12:43:03 +0800] [50] [INFO] Booting worker with pid: 50
2022-04-30T04:43:31.493826137Z stderr F [2022-04-30 12:43:31 +0800] [1] [CRITICAL] WORKER TIMEOUT (pid:47)
2022-04-30T04:43:32.525016467Z stderr F [2022-04-30 12:43:32 +0800] [1] [CRITICAL] WORKER TIMEOUT (pid:48)
2022-04-30T04:43:34.181142965Z stderr F [2022-04-30 12:43:34 +0800] [1] [CRITICAL] WORKER TIMEOUT (pid:49)
2022-04-30T04:43:34.181221741Z stderr F [2022-04-30 12:43:34 +0800] [1] [CRITICAL] WORKER TIMEOUT (pid:50)
2022-04-30T04:43:36.790927799Z stderr F [2022-04-30 12:43:36 +0800] [79] [INFO] Booting worker with pid: 79
2022-04-30T04:43:36.864307457Z stderr F [2022-04-30 12:43:36 +0800] [80] [INFO] Booting worker with pid: 80
2022-04-30T04:43:37.479875996Z stderr F [2022-04-30 12:43:37 +0800] [81] [INFO] Booting worker with pid: 81
2022-04-30T04:43:38.174024634Z stderr F [2022-04-30 12:43:38 +0800] [82] [INFO] Booting worker with pid: 82
2022-04-30T04:44:06.449073393Z stderr F [2022-04-30 12:44:06 +0800] [1] [CRITICAL] WORKER TIMEOUT (pid:79)
2022-04-30T04:44:07.529043608Z stderr F [2022-04-30 12:44:07 +0800] [1] [CRITICAL] WORKER TIMEOUT (pid:80)
2022-04-30T04:44:07.529145677Z stderr F [2022-04-30 12:44:07 +0800] [1] [CRITICAL] WORKER TIMEOUT (pid:81)
2022-04-30T04:44:08.333945347Z stderr F [2022-04-30 12:44:08 +0800] [111] [INFO] Booting worker with pid: 111
2022-04-30T04:44:08.35296252Z stderr F [2022-04-30 12:44:08 +0800] [1] [CRITICAL] WORKER TIMEOUT (pid:82)
2022-04-30T04:44:08.477188198Z stderr F [2022-04-30 12:44:08 +0800] [112] [INFO] Booting worker with pid: 112
2022-04-30T04:44:08.741005166Z stderr F [2022-04-30 12:44:08 +0800] [113] [INFO] Booting worker with pid: 113
2022-04-30T04:44:08.960070041Z stderr F [2022-04-30 12:44:08 +0800] [114] [INFO] Booting worker with pid: 114
2022-04-30T04:44:38.53258359Z stderr F [2022-04-30 12:44:38 +0800] [1] [CRITICAL] WORKER TIMEOUT (pid:111)
2022-04-30T04:44:38.535110833Z stderr F [2022-04-30 12:44:38 +0800] [1] [CRITICAL] WORKER TIMEOUT (pid:112)
2022-04-30T04:44:39.670187398Z stderr F [2022-04-30 12:44:39 +0800] [1] [CRITICAL] WORKER TIMEOUT (pid:113)
2022-04-30T04:44:39.670237744Z stderr F [2022-04-30 12:44:39 +0800] [1] [CRITICAL] WORKER TIMEOUT (pid:114)
2022-04-30T04:44:40.052053897Z stderr F [2022-04-30 12:44:40 +0800] [143] [INFO] Booting worker with pid: 143
2022-04-30T04:44:40.245041777Z stderr F [2022-04-30 12:44:40 +0800] [144] [INFO] Booting worker with pid: 144
2022-04-30T04:44:40.358541393Z stderr F [2022-04-30 12:44:40 +0800] [145] [INFO] Booting worker with pid: 145
2022-04-30T04:44:40.449309177Z stderr F [2022-04-30 12:44:40 +0800] [146] [INFO] Booting worker with pid: 146
2022-04-30T04:45:10.125384573Z stderr F [2022-04-30 12:45:10 +0800] [1] [CRITICAL] WORKER TIMEOUT (pid:143)
2022-04-30T04:45:10.125651414Z stderr F [2022-04-30 12:45:10 +0800] [1] [CRITICAL] WORKER TIMEOUT (pid:144)
2022-04-30T04:45:11.219699131Z stderr F [2022-04-30 12:45:11 +0800] [1] [CRITICAL] WORKER TIMEOUT (pid:145)
2022-04-30T04:45:11.219790985Z stderr F [2022-04-30 12:45:11 +0800] [1] [CRITICAL] WORKER TIMEOUT (pid:146)
2022-04-30T04:45:11.61866366Z stderr F [2022-04-30 12:45:11 +0800] [175] [INFO] Booting worker with pid: 175
2022-04-30T04:45:11.620412202Z stderr F [2022-04-30 12:45:11 +0800] [176] [INFO] Booting worker with pid: 176
2022-04-30T04:45:11.919423208Z stderr F [2022-04-30 12:45:11 +0800] [177] [INFO] Booting worker with pid: 177
2022-04-30T04:45:12.113122789Z stderr F [2022-04-30 12:45:12 +0800] [178] [INFO] Booting worker with pid: 178
