2022-05-09T21:45:57.158989791Z stdout F 2022-05-09T21:45:57.156580Z	info	Istio iptables environment:
2022-05-09T21:45:57.159023097Z stdout F ENVOY_PORT=
2022-05-09T21:45:57.159030541Z stdout F INBOUND_CAPTURE_PORT=
2022-05-09T21:45:57.159036311Z stdout F ISTIO_INBOUND_INTERCEPTION_MODE=
2022-05-09T21:45:57.159040974Z stdout F ISTIO_INBOUND_TPROXY_ROUTE_TABLE=
2022-05-09T21:45:57.15904499Z stdout F ISTIO_INBOUND_PORTS=
2022-05-09T21:45:57.159049428Z stdout F ISTIO_OUTBOUND_PORTS=
2022-05-09T21:45:57.159145469Z stdout F ISTIO_LOCAL_EXCLUDE_PORTS=
2022-05-09T21:45:57.159154851Z stdout F ISTIO_EXCLUDE_INTERFACES=
2022-05-09T21:45:57.159159637Z stdout F ISTIO_SERVICE_CIDR=
2022-05-09T21:45:57.159163995Z stdout F ISTIO_SERVICE_EXCLUDE_CIDR=
2022-05-09T21:45:57.159168076Z stdout F ISTIO_META_DNS_CAPTURE=
2022-05-09T21:45:57.159172347Z stdout F INVALID_DROP=
2022-05-09T21:45:57.159176577Z stdout F 
2022-05-09T21:45:57.159180867Z stdout F 2022-05-09T21:45:57.156675Z	info	Istio iptables variables:
2022-05-09T21:45:57.159185123Z stdout F PROXY_PORT=15001
2022-05-09T21:45:57.159189287Z stdout F PROXY_INBOUND_CAPTURE_PORT=15006
2022-05-09T21:45:57.159201817Z stdout F PROXY_TUNNEL_PORT=15008
2022-05-09T21:45:57.159212192Z stdout F PROXY_UID=1337
2022-05-09T21:45:57.159221906Z stdout F PROXY_GID=1337
2022-05-09T21:45:57.159229579Z stdout F INBOUND_INTERCEPTION_MODE=REDIRECT
2022-05-09T21:45:57.159241133Z stdout F INBOUND_TPROXY_MARK=1337
2022-05-09T21:45:57.159247158Z stdout F INBOUND_TPROXY_ROUTE_TABLE=133
2022-05-09T21:45:57.159251608Z stdout F INBOUND_PORTS_INCLUDE=*
2022-05-09T21:45:57.159256016Z stdout F INBOUND_PORTS_EXCLUDE=15090,15021,15020
2022-05-09T21:45:57.159260021Z stdout F OUTBOUND_IP_RANGES_INCLUDE=*
2022-05-09T21:45:57.159264049Z stdout F OUTBOUND_IP_RANGES_EXCLUDE=
2022-05-09T21:45:57.159268049Z stdout F OUTBOUND_PORTS_INCLUDE=
2022-05-09T21:45:57.159272178Z stdout F OUTBOUND_PORTS_EXCLUDE=
2022-05-09T21:45:57.159288832Z stdout F KUBE_VIRT_INTERFACES=
2022-05-09T21:45:57.159298667Z stdout F ENABLE_INBOUND_IPV6=false
2022-05-09T21:45:57.159303567Z stdout F DNS_CAPTURE=false
2022-05-09T21:45:57.159307777Z stdout F DROP_INVALID=false
2022-05-09T21:45:57.159312063Z stdout F CAPTURE_ALL_DNS=false
2022-05-09T21:45:57.159316321Z stdout F DNS_SERVERS=[],[]
2022-05-09T21:45:57.159379147Z stdout F OUTPUT_PATH=
2022-05-09T21:45:57.159389161Z stdout F NETWORK_NAMESPACE=
2022-05-09T21:45:57.159394413Z stdout F CNI_MODE=false
2022-05-09T21:45:57.159398919Z stdout F EXCLUDE_INTERFACES=
2022-05-09T21:45:57.159403073Z stdout F 
2022-05-09T21:45:57.159407563Z stdout F 2022-05-09T21:45:57.156959Z	info	Writing following contents to rules file: /tmp/iptables-rules-1652132757156769094.txt1310837249
2022-05-09T21:45:57.159412018Z stdout F * nat
2022-05-09T21:45:57.15944542Z stdout F -N ISTIO_INBOUND
2022-05-09T21:45:57.159452277Z stdout F -N ISTIO_REDIRECT
2022-05-09T21:45:57.159456666Z stdout F -N ISTIO_IN_REDIRECT
2022-05-09T21:45:57.159461Z stdout F -N ISTIO_OUTPUT
2022-05-09T21:45:57.159469369Z stdout F -A ISTIO_INBOUND -p tcp --dport 15008 -j RETURN
2022-05-09T21:45:57.159481856Z stdout F -A ISTIO_REDIRECT -p tcp -j REDIRECT --to-ports 15001
2022-05-09T21:45:57.159488418Z stdout F -A ISTIO_IN_REDIRECT -p tcp -j REDIRECT --to-ports 15006
2022-05-09T21:45:57.159496792Z stdout F -A PREROUTING -p tcp -j ISTIO_INBOUND
2022-05-09T21:45:57.159505385Z stdout F -A ISTIO_INBOUND -p tcp --dport 15090 -j RETURN
2022-05-09T21:45:57.159509823Z stdout F -A ISTIO_INBOUND -p tcp --dport 15021 -j RETURN
2022-05-09T21:45:57.159514157Z stdout F -A ISTIO_INBOUND -p tcp --dport 15020 -j RETURN
2022-05-09T21:45:57.159523598Z stdout F -A ISTIO_INBOUND -p tcp -j ISTIO_IN_REDIRECT
2022-05-09T21:45:57.159531288Z stdout F -A OUTPUT -p tcp -j ISTIO_OUTPUT
2022-05-09T21:45:57.159674403Z stdout F -A ISTIO_OUTPUT -o lo -s 127.0.0.6/32 -j RETURN
2022-05-09T21:45:57.159682928Z stdout F -A ISTIO_OUTPUT -o lo ! -d 127.0.0.1/32 -m owner --uid-owner 1337 -j ISTIO_IN_REDIRECT
2022-05-09T21:45:57.159687745Z stdout F -A ISTIO_OUTPUT -o lo -m owner ! --uid-owner 1337 -j RETURN
2022-05-09T21:45:57.159703414Z stdout F -A ISTIO_OUTPUT -m owner --uid-owner 1337 -j RETURN
2022-05-09T21:45:57.159708847Z stdout F -A ISTIO_OUTPUT -o lo ! -d 127.0.0.1/32 -m owner --gid-owner 1337 -j ISTIO_IN_REDIRECT
2022-05-09T21:45:57.159712698Z stdout F -A ISTIO_OUTPUT -o lo -m owner ! --gid-owner 1337 -j RETURN
2022-05-09T21:45:57.159716672Z stdout F -A ISTIO_OUTPUT -m owner --gid-owner 1337 -j RETURN
2022-05-09T21:45:57.159729418Z stdout F -A ISTIO_OUTPUT -d 127.0.0.1/32 -j RETURN
2022-05-09T21:45:57.159739554Z stdout F -A ISTIO_OUTPUT -j ISTIO_REDIRECT
2022-05-09T21:45:57.159749085Z stdout F COMMIT
2022-05-09T21:45:57.15975794Z stdout F 2022-05-09T21:45:57.157036Z	info	Running command: iptables-restore --noflush /tmp/iptables-rules-1652132757156769094.txt1310837249
2022-05-09T21:45:57.180594034Z stdout F 2022-05-09T21:45:57.179632Z	info	Writing following contents to rules file: /tmp/ip6tables-rules-1652132757179429860.txt1322016153
2022-05-09T21:45:57.180624416Z stdout F 
2022-05-09T21:45:57.180630272Z stdout F 2022-05-09T21:45:57.179824Z	info	Running command: ip6tables-restore --noflush /tmp/ip6tables-rules-1652132757179429860.txt1322016153
2022-05-09T21:45:57.186533897Z stdout F 2022-05-09T21:45:57.186289Z	info	Running command: iptables-save 
2022-05-09T21:45:57.20348961Z stdout F 2022-05-09T21:45:57.203124Z	info	Command output: 
2022-05-09T21:45:57.203519899Z stdout F # Generated by iptables-save v1.8.4 on Mon May  9 21:45:57 2022
2022-05-09T21:45:57.203527951Z stdout F *nat
2022-05-09T21:45:57.203533996Z stdout F :PREROUTING ACCEPT [0:0]
2022-05-09T21:45:57.203539285Z stdout F :INPUT ACCEPT [0:0]
2022-05-09T21:45:57.203544467Z stdout F :OUTPUT ACCEPT [0:0]
2022-05-09T21:45:57.20355004Z stdout F :POSTROUTING ACCEPT [0:0]
2022-05-09T21:45:57.203555199Z stdout F :ISTIO_INBOUND - [0:0]
2022-05-09T21:45:57.203560273Z stdout F :ISTIO_IN_REDIRECT - [0:0]
2022-05-09T21:45:57.203565373Z stdout F :ISTIO_OUTPUT - [0:0]
2022-05-09T21:45:57.203570522Z stdout F :ISTIO_REDIRECT - [0:0]
2022-05-09T21:45:57.203576124Z stdout F -A PREROUTING -p tcp -j ISTIO_INBOUND
2022-05-09T21:45:57.203581215Z stdout F -A OUTPUT -p tcp -j ISTIO_OUTPUT
2022-05-09T21:45:57.203586356Z stdout F -A ISTIO_INBOUND -p tcp -m tcp --dport 15008 -j RETURN
2022-05-09T21:45:57.203591427Z stdout F -A ISTIO_INBOUND -p tcp -m tcp --dport 15090 -j RETURN
2022-05-09T21:45:57.203596518Z stdout F -A ISTIO_INBOUND -p tcp -m tcp --dport 15021 -j RETURN
2022-05-09T21:45:57.203601545Z stdout F -A ISTIO_INBOUND -p tcp -m tcp --dport 15020 -j RETURN
2022-05-09T21:45:57.203606604Z stdout F -A ISTIO_INBOUND -p tcp -j ISTIO_IN_REDIRECT
2022-05-09T21:45:57.203611743Z stdout F -A ISTIO_IN_REDIRECT -p tcp -j REDIRECT --to-ports 15006
2022-05-09T21:45:57.203616891Z stdout F -A ISTIO_OUTPUT -s 127.0.0.6/32 -o lo -j RETURN
2022-05-09T21:45:57.203622539Z stdout F -A ISTIO_OUTPUT ! -d 127.0.0.1/32 -o lo -m owner --uid-owner 1337 -j ISTIO_IN_REDIRECT
2022-05-09T21:45:57.203627746Z stdout F -A ISTIO_OUTPUT -o lo -m owner ! --uid-owner 1337 -j RETURN
2022-05-09T21:45:57.203632692Z stdout F -A ISTIO_OUTPUT -m owner --uid-owner 1337 -j RETURN
2022-05-09T21:45:57.203637786Z stdout F -A ISTIO_OUTPUT ! -d 127.0.0.1/32 -o lo -m owner --gid-owner 1337 -j ISTIO_IN_REDIRECT
2022-05-09T21:45:57.203642852Z stdout F -A ISTIO_OUTPUT -o lo -m owner ! --gid-owner 1337 -j RETURN
2022-05-09T21:45:57.203648054Z stdout F -A ISTIO_OUTPUT -m owner --gid-owner 1337 -j RETURN
2022-05-09T21:45:57.203653051Z stdout F -A ISTIO_OUTPUT -d 127.0.0.1/32 -j RETURN
2022-05-09T21:45:57.203658022Z stdout F -A ISTIO_OUTPUT -j ISTIO_REDIRECT
2022-05-09T21:45:57.203663009Z stdout F -A ISTIO_REDIRECT -p tcp -j REDIRECT --to-ports 15001
2022-05-09T21:45:57.203668135Z stdout F COMMIT
2022-05-09T21:45:57.203673462Z stdout F # Completed on Mon May  9 21:45:57 2022
2022-05-09T21:45:57.203678347Z stdout F 
