2022-04-30T04:29:48.359627Z	info	FLAG: --concurrency="2"
2022-04-30T04:29:48.360001Z	info	FLAG: --domain="default.svc.cluster.local"
2022-04-30T04:29:48.360042Z	info	FLAG: --help="false"
2022-04-30T04:29:48.360058Z	info	FLAG: --log_as_json="false"
2022-04-30T04:29:48.360071Z	info	FLAG: --log_caller=""
2022-04-30T04:29:48.360081Z	info	FLAG: --log_output_level="default:info"
2022-04-30T04:29:48.360090Z	info	FLAG: --log_rotate=""
2022-04-30T04:29:48.360103Z	info	FLAG: --log_rotate_max_age="30"
2022-04-30T04:29:48.360114Z	info	FLAG: --log_rotate_max_backups="1000"
2022-04-30T04:29:48.360123Z	info	FLAG: --log_rotate_max_size="104857600"
2022-04-30T04:29:48.360134Z	info	FLAG: --log_stacktrace_level="default:none"
2022-04-30T04:29:48.360186Z	info	FLAG: --log_target="[stdout]"
2022-04-30T04:29:48.360206Z	info	FLAG: --meshConfig="./etc/istio/config/mesh"
2022-04-30T04:29:48.360218Z	info	FLAG: --outlierLogPath=""
2022-04-30T04:29:48.360230Z	info	FLAG: --proxyComponentLogLevel="misc:error"
2022-04-30T04:29:48.360240Z	info	FLAG: --proxyLogLevel="warning"
2022-04-30T04:29:48.360250Z	info	FLAG: --serviceCluster="istio-proxy"
2022-04-30T04:29:48.360260Z	info	FLAG: --stsPort="0"
2022-04-30T04:29:48.360269Z	info	FLAG: --templateFile=""
2022-04-30T04:29:48.360280Z	info	FLAG: --tokenManagerPlugin="GoogleTokenExchange"
2022-04-30T04:29:48.360296Z	info	FLAG: --vklog="0"
2022-04-30T04:29:48.360317Z	info	Version 1.13.2-91533d04e894ff86b80acd6d7a4517b144f9e19a-Clean
2022-04-30T04:29:48.361354Z	info	Proxy role	ips=[10.244.0.40 fe80::a8a3:abff:fe55:830e] type=sidecar id=ts-admin-route-service-6cd655cc7b-xtmjx.default domain=default.svc.cluster.local
2022-04-30T04:29:48.361679Z	info	Apply proxy config from env {}

2022-04-30T04:29:48.371802Z	info	Effective config: binaryPath: /usr/local/bin/envoy
concurrency: 2
configPath: ./etc/istio/proxy
controlPlaneAuthPolicy: MUTUAL_TLS
discoveryAddress: istiod.istio-system.svc:15012
drainDuration: 45s
parentShutdownDuration: 60s
proxyAdminPort: 15000
serviceCluster: istio-proxy
statNameLength: 189
statusPort: 15020
terminationDrainDuration: 5s
tracing:
  zipkin:
    address: zipkin.istio-system:9411

2022-04-30T04:29:48.372132Z	info	JWT policy is third-party-jwt
2022-04-30T04:29:48.742226Z	info	CA Endpoint istiod.istio-system.svc:15012, provider Citadel
2022-04-30T04:29:48.742512Z	info	Using CA istiod.istio-system.svc:15012 cert with certs: var/run/secrets/istio/root-cert.pem
2022-04-30T04:29:48.742880Z	info	citadelclient	Citadel client using custom root cert: var/run/secrets/istio/root-cert.pem
2022-04-30T04:29:48.744452Z	info	Opening status port 15020
2022-04-30T04:29:49.908456Z	info	ads	All caches have been synced up in 1.630928436s, marking server ready
2022-04-30T04:29:49.910027Z	info	sds	SDS server for workload certificates started, listening on "etc/istio/proxy/SDS"
2022-04-30T04:29:49.910254Z	info	xdsproxy	Initializing with upstream address "istiod.istio-system.svc:15012" and cluster "Kubernetes"
2022-04-30T04:29:49.936716Z	info	sds	Starting SDS grpc server
2022-04-30T04:29:49.937703Z	info	starting Http service at 127.0.0.1:15004
2022-04-30T04:29:49.947709Z	info	Pilot SAN: [istiod.istio-system.svc]
2022-04-30T04:29:49.967344Z	info	Starting proxy agent
2022-04-30T04:29:49.967632Z	info	Epoch 0 starting
2022-04-30T04:29:49.967745Z	info	Envoy command: [-c etc/istio/proxy/envoy-rev0.json --restart-epoch 0 --drain-time-s 45 --drain-strategy immediate --parent-shutdown-time-s 60 --local-address-ip-version v4 --file-flush-interval-msec 1000 --disable-hot-restart --log-format %Y-%m-%dT%T.%fZ	%l	envoy %n	%v -l warning --component-log-level misc:error --concurrency 2]
2022-04-30T04:29:53.645345Z	info	xdsproxy	connected to upstream XDS server: istiod.istio-system.svc:15012
2022-04-30T04:29:53.759886Z	error	failed scraping envoy metrics: error scraping http://localhost:15090/stats/prometheus: Get "http://localhost:15090/stats/prometheus": dial tcp [::1]:15090: connect: connection refused
2022-04-30T04:29:58.969494Z	info	ads	ADS: new connection for node:ts-admin-route-service-6cd655cc7b-xtmjx.default-1
2022-04-30T04:29:59.025138Z	info	ads	ADS: new connection for node:ts-admin-route-service-6cd655cc7b-xtmjx.default-2
2022-04-30T04:30:04.340523Z	info	cache	generated new workload certificate	latency=14.429772743s ttl=23h59m59.659497288s
2022-04-30T04:30:04.340633Z	info	cache	Root cert has changed, start rotating root cert
2022-04-30T04:30:04.340663Z	info	ads	XDS: Incremental Pushing:0 ConnectedEndpoints:2 Version:
2022-04-30T04:30:04.340788Z	info	cache	returned workload trust anchor from cache	ttl=23h59m59.659220392s
2022-04-30T04:30:04.340954Z	info	cache	returned workload trust anchor from cache	ttl=23h59m59.659056107s
2022-04-30T04:30:04.345282Z	info	cache	returned workload certificate from cache	ttl=23h59m59.654734738s
2022-04-30T04:30:04.349832Z	info	ads	SDS: PUSH request for node:ts-admin-route-service-6cd655cc7b-xtmjx.default resources:1 size:1.1kB resource:ROOTCA
2022-04-30T04:30:04.350213Z	info	cache	returned workload trust anchor from cache	ttl=23h59m59.649819443s
2022-04-30T04:30:04.350397Z	info	ads	SDS: PUSH for node:ts-admin-route-service-6cd655cc7b-xtmjx.default resources:1 size:1.1kB resource:ROOTCA
2022-04-30T04:30:04.351418Z	info	ads	SDS: PUSH request for node:ts-admin-route-service-6cd655cc7b-xtmjx.default resources:1 size:4.0kB resource:default
2022-04-30T04:30:08.757743Z	info	Readiness succeeded in 20.439399421s
2022-04-30T04:30:08.768879Z	info	Envoy proxy is ready
2022-04-30T04:38:16.746457Z	warn	xdsproxy	upstream [1] terminated with unexpected error rpc error: code = Unavailable desc = keepalive ping failed to receive ACK within timeout
2022-04-30T04:39:01.457795Z	warning	envoy config	StreamAggregatedResources gRPC config stream closed since 44s ago: 14, connection error: desc = "transport: authentication handshake failed: context deadline exceeded"
2022-04-30T04:39:06.967668Z	info	xdsproxy	connected to upstream XDS server: istiod.istio-system.svc:15012
2022-04-30T05:06:39.727489Z	info	xdsproxy	connected to upstream XDS server: istiod.istio-system.svc:15012
2022-04-30T05:38:25.077513Z	info	xdsproxy	connected to upstream XDS server: istiod.istio-system.svc:15012
2022-04-30T06:10:51.165746Z	info	xdsproxy	connected to upstream XDS server: istiod.istio-system.svc:15012
2022-04-30T06:40:02.968035Z	info	xdsproxy	connected to upstream XDS server: istiod.istio-system.svc:15012
2022-04-30T07:10:18.447606Z	info	xdsproxy	connected to upstream XDS server: istiod.istio-system.svc:15012
2022-04-30T07:38:16.082975Z	info	xdsproxy	connected to upstream XDS server: istiod.istio-system.svc:15012
