2022-04-27T06:23:37.089553Z	info	FLAG: --concurrency="2"
2022-04-27T06:23:37.091816Z	info	FLAG: --domain="default.svc.cluster.local"
2022-04-27T06:23:37.093151Z	info	FLAG: --help="false"
2022-04-27T06:23:37.093311Z	info	FLAG: --log_as_json="false"
2022-04-27T06:23:37.093364Z	info	FLAG: --log_caller=""
2022-04-27T06:23:37.094606Z	info	FLAG: --log_output_level="default:info"
2022-04-27T06:23:37.094807Z	info	FLAG: --log_rotate=""
2022-04-27T06:23:37.094921Z	info	FLAG: --log_rotate_max_age="30"
2022-04-27T06:23:37.130558Z	info	FLAG: --log_rotate_max_backups="1000"
2022-04-27T06:23:37.130705Z	info	FLAG: --log_rotate_max_size="104857600"
2022-04-27T06:23:37.130719Z	info	FLAG: --log_stacktrace_level="default:none"
2022-04-27T06:23:37.130869Z	info	FLAG: --log_target="[stdout]"
2022-04-27T06:23:37.130932Z	info	FLAG: --meshConfig="./etc/istio/config/mesh"
2022-04-27T06:23:37.130942Z	info	FLAG: --outlierLogPath=""
2022-04-27T06:23:37.130948Z	info	FLAG: --proxyComponentLogLevel="misc:error"
2022-04-27T06:23:37.130953Z	info	FLAG: --proxyLogLevel="warning"
2022-04-27T06:23:37.130958Z	info	FLAG: --serviceCluster="istio-proxy"
2022-04-27T06:23:37.130965Z	info	FLAG: --stsPort="0"
2022-04-27T06:23:37.130971Z	info	FLAG: --templateFile=""
2022-04-27T06:23:37.130976Z	info	FLAG: --tokenManagerPlugin="GoogleTokenExchange"
2022-04-27T06:23:37.130985Z	info	FLAG: --vklog="0"
2022-04-27T06:23:37.130991Z	info	Version 1.13.2-91533d04e894ff86b80acd6d7a4517b144f9e19a-Clean
2022-04-27T06:23:37.131280Z	info	Proxy role	ips=[10.244.0.53 fe80::50bb:91ff:fe91:c8d0] type=sidecar id=ts-preserve-other-service-f79b9f45c-8q9rc.default domain=default.svc.cluster.local
2022-04-27T06:23:37.131457Z	info	Apply proxy config from env {}

2022-04-27T06:23:37.256292Z	info	Effective config: binaryPath: /usr/local/bin/envoy
concurrency: 2
configPath: ./etc/istio/proxy
controlPlaneAuthPolicy: MUTUAL_TLS
discoveryAddress: istiod.istio-system.svc:15012
drainDuration: 45s
parentShutdownDuration: 60s
proxyAdminPort: 15000
serviceCluster: istio-proxy
statNameLength: 189
statusPort: 15020
terminationDrainDuration: 5s
tracing:
  zipkin:
    address: zipkin.istio-system:9411

2022-04-27T06:23:37.256373Z	info	JWT policy is third-party-jwt
2022-04-27T06:23:37.286087Z	info	CA Endpoint istiod.istio-system.svc:15012, provider Citadel
2022-04-27T06:23:37.286266Z	info	Using CA istiod.istio-system.svc:15012 cert with certs: var/run/secrets/istio/root-cert.pem
2022-04-27T06:23:37.286567Z	info	citadelclient	Citadel client using custom root cert: var/run/secrets/istio/root-cert.pem
2022-04-27T06:23:37.311030Z	info	Opening status port 15020
2022-04-27T06:23:38.845979Z	info	ads	All caches have been synced up in 2.173924341s, marking server ready
2022-04-27T06:23:38.901905Z	info	sds	SDS server for workload certificates started, listening on "etc/istio/proxy/SDS"
2022-04-27T06:23:38.902023Z	info	xdsproxy	Initializing with upstream address "istiod.istio-system.svc:15012" and cluster "Kubernetes"
2022-04-27T06:23:38.912082Z	info	sds	Starting SDS grpc server
2022-04-27T06:23:38.912234Z	info	starting Http service at 127.0.0.1:15004
2022-04-27T06:23:38.926346Z	info	Pilot SAN: [istiod.istio-system.svc]
2022-04-27T06:23:39.063221Z	info	Starting proxy agent
2022-04-27T06:23:39.063370Z	info	Epoch 0 starting
2022-04-27T06:23:39.063413Z	info	Envoy command: [-c etc/istio/proxy/envoy-rev0.json --restart-epoch 0 --drain-time-s 45 --drain-strategy immediate --parent-shutdown-time-s 60 --local-address-ip-version v4 --file-flush-interval-msec 1000 --disable-hot-restart --log-format %Y-%m-%dT%T.%fZ	%l	envoy %n	%v -l warning --component-log-level misc:error --concurrency 2]
2022-04-27T06:23:49.078419Z	info	xdsproxy	connected to upstream XDS server: istiod.istio-system.svc:15012
2022-04-27T06:23:52.856619Z	info	ads	ADS: new connection for node:ts-preserve-other-service-f79b9f45c-8q9rc.default-1
2022-04-27T06:23:53.021292Z	info	ads	ADS: new connection for node:ts-preserve-other-service-f79b9f45c-8q9rc.default-2
2022-04-27T06:24:00.845406Z	info	cache	generated new workload certificate	latency=21.996383913s ttl=23h59m59.1546105s
2022-04-27T06:24:00.845710Z	info	cache	Root cert has changed, start rotating root cert
2022-04-27T06:24:00.845803Z	info	ads	XDS: Incremental Pushing:0 ConnectedEndpoints:2 Version:
2022-04-27T06:24:00.845924Z	info	cache	returned workload trust anchor from cache	ttl=23h59m59.154083026s
2022-04-27T06:24:00.846016Z	info	cache	returned workload trust anchor from cache	ttl=23h59m59.153988357s
2022-04-27T06:24:00.854724Z	info	cache	returned workload certificate from cache	ttl=23h59m59.145308229s
2022-04-27T06:24:00.867059Z	info	ads	SDS: PUSH request for node:ts-preserve-other-service-f79b9f45c-8q9rc.default resources:1 size:1.1kB resource:ROOTCA
2022-04-27T06:24:00.878176Z	info	cache	returned workload trust anchor from cache	ttl=23h59m59.121845081s
2022-04-27T06:24:00.900731Z	info	ads	SDS: PUSH request for node:ts-preserve-other-service-f79b9f45c-8q9rc.default resources:1 size:4.0kB resource:default
2022-04-27T06:24:00.901596Z	info	ads	SDS: PUSH for node:ts-preserve-other-service-f79b9f45c-8q9rc.default resources:1 size:1.1kB resource:ROOTCA
2022-04-27T06:24:22.938169Z	info	Readiness succeeded in 46.136456533s
2022-04-27T06:24:22.938782Z	info	Envoy proxy is ready
2022-04-27T06:27:25.117379Z	warn	xdsproxy	upstream [1] terminated with unexpected error rpc error: code = Unavailable desc = keepalive ping failed to receive ACK within timeout
2022-04-27T06:27:46.868349Z	info	xdsproxy	connected to upstream XDS server: istiod.istio-system.svc:15012
2022-04-27T06:55:53.890427Z	info	xdsproxy	connected to upstream XDS server: istiod.istio-system.svc:15012
2022-04-27T07:25:51.419567Z	info	xdsproxy	connected to upstream XDS server: istiod.istio-system.svc:15012
