2022-04-27T06:20:34.749406Z	info	FLAG: --concurrency="2"
2022-04-27T06:20:34.749495Z	info	FLAG: --domain="default.svc.cluster.local"
2022-04-27T06:20:34.749510Z	info	FLAG: --help="false"
2022-04-27T06:20:34.749523Z	info	FLAG: --log_as_json="false"
2022-04-27T06:20:34.749532Z	info	FLAG: --log_caller=""
2022-04-27T06:20:34.749536Z	info	FLAG: --log_output_level="default:info"
2022-04-27T06:20:34.749547Z	info	FLAG: --log_rotate=""
2022-04-27T06:20:34.749550Z	info	FLAG: --log_rotate_max_age="30"
2022-04-27T06:20:34.749554Z	info	FLAG: --log_rotate_max_backups="1000"
2022-04-27T06:20:34.749557Z	info	FLAG: --log_rotate_max_size="104857600"
2022-04-27T06:20:34.749560Z	info	FLAG: --log_stacktrace_level="default:none"
2022-04-27T06:20:34.749577Z	info	FLAG: --log_target="[stdout]"
2022-04-27T06:20:34.749586Z	info	FLAG: --meshConfig="./etc/istio/config/mesh"
2022-04-27T06:20:34.749589Z	info	FLAG: --outlierLogPath=""
2022-04-27T06:20:34.749593Z	info	FLAG: --proxyComponentLogLevel="misc:error"
2022-04-27T06:20:34.749598Z	info	FLAG: --proxyLogLevel="warning"
2022-04-27T06:20:34.749603Z	info	FLAG: --serviceCluster="istio-proxy"
2022-04-27T06:20:34.749609Z	info	FLAG: --stsPort="0"
2022-04-27T06:20:34.749619Z	info	FLAG: --templateFile=""
2022-04-27T06:20:34.749627Z	info	FLAG: --tokenManagerPlugin="GoogleTokenExchange"
2022-04-27T06:20:34.749658Z	info	FLAG: --vklog="0"
2022-04-27T06:20:34.749677Z	info	Version 1.13.2-91533d04e894ff86b80acd6d7a4517b144f9e19a-Clean
2022-04-27T06:20:34.749956Z	info	Proxy role	ips=[10.244.0.24 fe80::f0c8:b6ff:febb:275c] type=sidecar id=ts-ticket-office-mongo-6f4b5d8c45-zr575.default domain=default.svc.cluster.local
2022-04-27T06:20:34.750076Z	info	Apply proxy config from env {}

2022-04-27T06:20:34.757071Z	info	Effective config: binaryPath: /usr/local/bin/envoy
concurrency: 2
configPath: ./etc/istio/proxy
controlPlaneAuthPolicy: MUTUAL_TLS
discoveryAddress: istiod.istio-system.svc:15012
drainDuration: 45s
parentShutdownDuration: 60s
proxyAdminPort: 15000
serviceCluster: istio-proxy
statNameLength: 189
statusPort: 15020
terminationDrainDuration: 5s
tracing:
  zipkin:
    address: zipkin.istio-system:9411

2022-04-27T06:20:34.757215Z	info	JWT policy is third-party-jwt
2022-04-27T06:20:34.762852Z	info	CA Endpoint istiod.istio-system.svc:15012, provider Citadel
2022-04-27T06:20:34.762948Z	info	Using CA istiod.istio-system.svc:15012 cert with certs: var/run/secrets/istio/root-cert.pem
2022-04-27T06:20:34.763048Z	info	citadelclient	Citadel client using custom root cert: var/run/secrets/istio/root-cert.pem
2022-04-27T06:20:34.765232Z	info	Opening status port 15020
2022-04-27T06:20:34.837948Z	info	ads	All caches have been synced up in 117.688026ms, marking server ready
2022-04-27T06:20:34.838456Z	info	sds	SDS server for workload certificates started, listening on "etc/istio/proxy/SDS"
2022-04-27T06:20:34.838547Z	info	xdsproxy	Initializing with upstream address "istiod.istio-system.svc:15012" and cluster "Kubernetes"
2022-04-27T06:20:34.843305Z	info	sds	Starting SDS grpc server
2022-04-27T06:20:34.850999Z	info	starting Http service at 127.0.0.1:15004
2022-04-27T06:20:34.853922Z	info	Pilot SAN: [istiod.istio-system.svc]
2022-04-27T06:20:34.859847Z	info	Starting proxy agent
2022-04-27T06:20:34.860450Z	info	Epoch 0 starting
2022-04-27T06:20:34.860554Z	info	Envoy command: [-c etc/istio/proxy/envoy-rev0.json --restart-epoch 0 --drain-time-s 45 --drain-strategy immediate --parent-shutdown-time-s 60 --local-address-ip-version v4 --file-flush-interval-msec 1000 --disable-hot-restart --log-format %Y-%m-%dT%T.%fZ	%l	envoy %n	%v -l warning --component-log-level misc:error --concurrency 2]
2022-04-27T06:20:35.573306Z	info	xdsproxy	connected to upstream XDS server: istiod.istio-system.svc:15012
2022-04-27T06:20:36.096862Z	info	ads	ADS: new connection for node:ts-ticket-office-mongo-6f4b5d8c45-zr575.default-1
2022-04-27T06:20:36.166415Z	info	ads	ADS: new connection for node:ts-ticket-office-mongo-6f4b5d8c45-zr575.default-2
2022-04-27T06:20:36.834852Z	info	cache	generated new workload certificate	latency=1.993434352s ttl=23h59m59.165166241s
2022-04-27T06:20:36.834936Z	info	cache	Root cert has changed, start rotating root cert
2022-04-27T06:20:36.835053Z	info	ads	XDS: Incremental Pushing:0 ConnectedEndpoints:2 Version:
2022-04-27T06:20:36.836747Z	info	cache	returned workload trust anchor from cache	ttl=23h59m59.163898221s
2022-04-27T06:20:36.837686Z	info	ads	SDS: PUSH request for node:ts-ticket-office-mongo-6f4b5d8c45-zr575.default resources:1 size:1.1kB resource:ROOTCA
2022-04-27T06:20:36.838918Z	info	cache	returned workload certificate from cache	ttl=23h59m59.161091047s
2022-04-27T06:20:36.839320Z	info	cache	returned workload trust anchor from cache	ttl=23h59m59.160688045s
2022-04-27T06:20:36.839420Z	info	ads	SDS: PUSH for node:ts-ticket-office-mongo-6f4b5d8c45-zr575.default resources:1 size:1.1kB resource:ROOTCA
2022-04-27T06:20:36.839507Z	info	ads	SDS: PUSH request for node:ts-ticket-office-mongo-6f4b5d8c45-zr575.default resources:1 size:4.0kB resource:default
2022-04-27T06:20:36.836018Z	info	cache	returned workload trust anchor from cache	ttl=23h59m59.163993243s
2022-04-27T06:20:40.656664Z	info	Readiness succeeded in 5.956909456s
2022-04-27T06:20:40.672782Z	info	Envoy proxy is ready
{"downstream_local_address":"10.244.0.24:27017","bytes_received":2143,"x_forwarded_for":null,"path":null,"response_flags":"-","response_code_details":null,"downstream_remote_address":"10.244.0.67:53542","user_agent":null,"response_code":0,"bytes_sent":842,"upstream_transport_failure_reason":null,"requested_server_name":"outbound_.27017_._.ts-ticket-office-mongo.default.svc.cluster.local","authority":null,"protocol":null,"upstream_local_address":"127.0.0.6:58603","upstream_host":"10.244.0.24:27017","method":null,"start_time":"2022-04-27T06:34:26.354Z","route_name":null,"request_id":null,"upstream_service_time":null,"duration":1394,"connection_termination_details":null,"upstream_cluster":"inbound|27017||"}
{"bytes_sent":1161,"authority":null,"user_agent":null,"response_code_details":null,"upstream_service_time":null,"start_time":"2022-04-27T06:34:23.208Z","downstream_remote_address":"10.244.0.67:53348","connection_termination_details":null,"method":null,"x_forwarded_for":null,"upstream_cluster":"inbound|27017||","bytes_received":1180,"route_name":null,"path":null,"response_flags":"-","upstream_host":"10.244.0.24:27017","requested_server_name":"outbound_.27017_._.ts-ticket-office-mongo.default.svc.cluster.local","downstream_local_address":"10.244.0.24:27017","upstream_transport_failure_reason":null,"response_code":0,"protocol":null,"request_id":null,"upstream_local_address":"127.0.0.6:33907","duration":4685}
2022-04-27T06:49:31.791252Z	info	xdsproxy	connected to upstream XDS server: istiod.istio-system.svc:15012
2022-04-27T07:17:39.179201Z	info	xdsproxy	connected to upstream XDS server: istiod.istio-system.svc:15012
