2022-04-27T06:20:55.904376Z	info	FLAG: --concurrency="2"
2022-04-27T06:20:55.904501Z	info	FLAG: --domain="default.svc.cluster.local"
2022-04-27T06:20:55.904511Z	info	FLAG: --help="false"
2022-04-27T06:20:55.904514Z	info	FLAG: --log_as_json="false"
2022-04-27T06:20:55.904517Z	info	FLAG: --log_caller=""
2022-04-27T06:20:55.904520Z	info	FLAG: --log_output_level="default:info"
2022-04-27T06:20:55.904523Z	info	FLAG: --log_rotate=""
2022-04-27T06:20:55.904526Z	info	FLAG: --log_rotate_max_age="30"
2022-04-27T06:20:55.904529Z	info	FLAG: --log_rotate_max_backups="1000"
2022-04-27T06:20:55.904531Z	info	FLAG: --log_rotate_max_size="104857600"
2022-04-27T06:20:55.904534Z	info	FLAG: --log_stacktrace_level="default:none"
2022-04-27T06:20:55.904570Z	info	FLAG: --log_target="[stdout]"
2022-04-27T06:20:55.904583Z	info	FLAG: --meshConfig="./etc/istio/config/mesh"
2022-04-27T06:20:55.904586Z	info	FLAG: --outlierLogPath=""
2022-04-27T06:20:55.904589Z	info	FLAG: --proxyComponentLogLevel="misc:error"
2022-04-27T06:20:55.904592Z	info	FLAG: --proxyLogLevel="warning"
2022-04-27T06:20:55.904594Z	info	FLAG: --serviceCluster="istio-proxy"
2022-04-27T06:20:55.904597Z	info	FLAG: --stsPort="0"
2022-04-27T06:20:55.904600Z	info	FLAG: --templateFile=""
2022-04-27T06:20:55.904603Z	info	FLAG: --tokenManagerPlugin="GoogleTokenExchange"
2022-04-27T06:20:55.904633Z	info	FLAG: --vklog="0"
2022-04-27T06:20:55.904678Z	info	Version 1.13.2-91533d04e894ff86b80acd6d7a4517b144f9e19a-Clean
2022-04-27T06:20:55.905051Z	info	Proxy role	ips=[10.244.0.26 fe80::70db:64ff:fe80:ab13] type=sidecar id=ts-voucher-mysql-866b74d746-xmwd8.default domain=default.svc.cluster.local
2022-04-27T06:20:55.913348Z	info	Apply proxy config from env {}

2022-04-27T06:20:55.915101Z	info	Effective config: binaryPath: /usr/local/bin/envoy
concurrency: 2
configPath: ./etc/istio/proxy
controlPlaneAuthPolicy: MUTUAL_TLS
discoveryAddress: istiod.istio-system.svc:15012
drainDuration: 45s
parentShutdownDuration: 60s
proxyAdminPort: 15000
serviceCluster: istio-proxy
statNameLength: 189
statusPort: 15020
terminationDrainDuration: 5s
tracing:
  zipkin:
    address: zipkin.istio-system:9411

2022-04-27T06:20:55.915155Z	info	JWT policy is third-party-jwt
2022-04-27T06:20:55.934608Z	info	CA Endpoint istiod.istio-system.svc:15012, provider Citadel
2022-04-27T06:20:55.934760Z	info	Using CA istiod.istio-system.svc:15012 cert with certs: var/run/secrets/istio/root-cert.pem
2022-04-27T06:20:55.934948Z	info	citadelclient	Citadel client using custom root cert: var/run/secrets/istio/root-cert.pem
2022-04-27T06:20:55.934594Z	info	Opening status port 15020
2022-04-27T06:20:55.997054Z	info	ads	All caches have been synced up in 102.789124ms, marking server ready
2022-04-27T06:20:55.997770Z	info	sds	SDS server for workload certificates started, listening on "etc/istio/proxy/SDS"
2022-04-27T06:20:55.997859Z	info	xdsproxy	Initializing with upstream address "istiod.istio-system.svc:15012" and cluster "Kubernetes"
2022-04-27T06:20:55.998105Z	info	sds	Starting SDS grpc server
2022-04-27T06:20:55.999020Z	info	starting Http service at 127.0.0.1:15004
2022-04-27T06:20:56.010835Z	info	Pilot SAN: [istiod.istio-system.svc]
2022-04-27T06:20:56.014336Z	info	Starting proxy agent
2022-04-27T06:20:56.014403Z	info	Epoch 0 starting
2022-04-27T06:20:56.014434Z	info	Envoy command: [-c etc/istio/proxy/envoy-rev0.json --restart-epoch 0 --drain-time-s 45 --drain-strategy immediate --parent-shutdown-time-s 60 --local-address-ip-version v4 --file-flush-interval-msec 1000 --disable-hot-restart --log-format %Y-%m-%dT%T.%fZ	%l	envoy %n	%v -l warning --component-log-level misc:error --concurrency 2]
2022-04-27T06:20:56.534344Z	info	xdsproxy	connected to upstream XDS server: istiod.istio-system.svc:15012
2022-04-27T06:20:56.656173Z	info	ads	ADS: new connection for node:ts-voucher-mysql-866b74d746-xmwd8.default-1
2022-04-27T06:20:56.700235Z	info	ads	ADS: new connection for node:ts-voucher-mysql-866b74d746-xmwd8.default-2
2022-04-27T06:20:57.044678Z	info	cache	generated new workload certificate	latency=1.0460567s ttl=23h59m59.955339482s
2022-04-27T06:20:57.044758Z	info	cache	Root cert has changed, start rotating root cert
2022-04-27T06:20:57.044780Z	info	ads	XDS: Incremental Pushing:0 ConnectedEndpoints:2 Version:
2022-04-27T06:20:57.044871Z	info	cache	returned workload trust anchor from cache	ttl=23h59m59.955136246s
2022-04-27T06:20:57.044911Z	info	cache	returned workload trust anchor from cache	ttl=23h59m59.955094185s
2022-04-27T06:20:57.045375Z	info	ads	SDS: PUSH request for node:ts-voucher-mysql-866b74d746-xmwd8.default resources:1 size:1.1kB resource:ROOTCA
2022-04-27T06:20:57.045662Z	info	cache	returned workload certificate from cache	ttl=23h59m59.95434608s
2022-04-27T06:20:57.045855Z	info	ads	SDS: PUSH request for node:ts-voucher-mysql-866b74d746-xmwd8.default resources:1 size:4.0kB resource:default
2022-04-27T06:20:57.046010Z	info	cache	returned workload trust anchor from cache	ttl=23h59m59.953998161s
2022-04-27T06:20:57.046136Z	info	ads	SDS: PUSH for node:ts-voucher-mysql-866b74d746-xmwd8.default resources:1 size:1.1kB resource:ROOTCA
2022-04-27T06:20:58.734011Z	info	Readiness succeeded in 2.833500582s
2022-04-27T06:20:58.734582Z	info	Envoy proxy is ready
{"upstream_host":"10.244.0.26:3306","user_agent":null,"downstream_local_address":"10.244.0.26:3306","start_time":"2022-04-27T06:34:02.984Z","downstream_remote_address":"10.244.0.73:54068","upstream_cluster":"inbound|3306||","response_flags":"-","upstream_transport_failure_reason":null,"bytes_received":1527,"authority":null,"upstream_local_address":"127.0.0.6:46587","method":null,"route_name":null,"request_id":null,"upstream_service_time":null,"protocol":null,"response_code_details":null,"requested_server_name":"outbound_.3306_._.ts-voucher-mysql.default.svc.cluster.local","duration":3784,"x_forwarded_for":null,"path":null,"bytes_sent":906,"connection_termination_details":null,"response_code":0}
2022-04-27T06:53:56.856926Z	info	xdsproxy	connected to upstream XDS server: istiod.istio-system.svc:15012
2022-04-27T07:22:18.820140Z	info	xdsproxy	connected to upstream XDS server: istiod.istio-system.svc:15012
