2022-04-12 10:21:29.079065+00:00 [info] <0.230.0> Feature flags: list of feature flags found:
2022-04-12 10:21:29.735798+00:00 [info] <0.230.0> Feature flags:   [ ] implicit_default_bindings
2022-04-12 10:21:29.735875+00:00 [info] <0.230.0> Feature flags:   [ ] maintenance_mode_status
2022-04-12 10:21:29.735990+00:00 [info] <0.230.0> Feature flags:   [ ] quorum_queue
2022-04-12 10:21:29.736033+00:00 [info] <0.230.0> Feature flags:   [ ] stream_queue
2022-04-12 10:21:29.752973+00:00 [info] <0.230.0> Feature flags:   [ ] user_limits
2022-04-12 10:21:29.753028+00:00 [info] <0.230.0> Feature flags:   [ ] virtual_host_metadata
2022-04-12 10:21:29.753076+00:00 [info] <0.230.0> Feature flags: feature flag states written to disk: yes
2022-04-12 10:21:36.062039+00:00 [noti] <0.44.0> Application syslog exited with reason: stopped
2022-04-12 10:21:36.062183+00:00 [noti] <0.230.0> Logging: switching to configured handler(s); following messages may not be visible in this log output
[38;5;87m2022-04-12 10:21:37.710558+00:00 [notice] <0.230.0> Logging: configured log handlers are now ACTIVE[0m
2022-04-12 10:21:44.812875+00:00 [info] <0.230.0> ra: starting system quorum_queues[0m
2022-04-12 10:21:44.813083+00:00 [info] <0.230.0> starting Ra system: quorum_queues in directory: /var/lib/rabbitmq/mnesia/rabbit@rabbitmq-7b954994dc-gpndx/quorum/rabbit@rabbitmq-7b954994dc-gpndx[0m
2022-04-12 10:21:47.674480+00:00 [info] <0.286.0> ra: meta data store initialised for system quorum_queues. 0 record(s) recovered[0m
[38;5;87m2022-04-12 10:21:48.137667+00:00 [notice] <0.292.0> WAL: ra_log_wal init, open tbls: ra_log_open_mem_tables, closed tbls: ra_log_closed_mem_tables[0m
2022-04-12 10:21:48.338316+00:00 [info] <0.230.0> ra: starting system coordination[0m
2022-04-12 10:21:48.338392+00:00 [info] <0.230.0> starting Ra system: coordination in directory: /var/lib/rabbitmq/mnesia/rabbit@rabbitmq-7b954994dc-gpndx/coordination/rabbit@rabbitmq-7b954994dc-gpndx[0m
2022-04-12 10:21:48.393819+00:00 [info] <0.300.0> ra: meta data store initialised for system coordination. 0 record(s) recovered[0m
[38;5;87m2022-04-12 10:21:48.394291+00:00 [notice] <0.305.0> WAL: ra_coordination_log_wal init, open tbls: ra_coordination_log_open_mem_tables, closed tbls: ra_coordination_log_closed_mem_tables[0m
2022-04-12 10:21:48.429766+00:00 [info] <0.230.0> [0m
2022-04-12 10:21:48.429766+00:00 [info] <0.230.0>  Starting RabbitMQ 3.9.14 on Erlang 24.3.3 [jit][0m
2022-04-12 10:21:48.429766+00:00 [info] <0.230.0>  Copyright (c) 2007-2022 VMware, Inc. or its affiliates.[0m
2022-04-12 10:21:48.429766+00:00 [info] <0.230.0>  Licensed under the MPL 2.0. Website: https://rabbitmq.com[0m

  ##  ##      RabbitMQ 3.9.14
  ##  ##
  ##########  Copyright (c) 2007-2022 VMware, Inc. or its affiliates.
  ######  ##
  ##########  Licensed under the MPL 2.0. Website: https://rabbitmq.com

  Erlang:      24.3.3 [jit]
  TLS Library: OpenSSL - OpenSSL 1.1.1n  15 Mar 2022

  Doc guides:  https://rabbitmq.com/documentation.html
  Support:     https://rabbitmq.com/contact.html
  Tutorials:   https://rabbitmq.com/getstarted.html
  Monitoring:  https://rabbitmq.com/monitoring.html

  Logs: /var/log/rabbitmq/rabbit@rabbitmq-7b954994dc-gpndx_upgrade.log
        <stdout>

  Config file(s): /etc/rabbitmq/conf.d/10-defaults.conf
                  /etc/rabbitmq/conf.d/management_agent.disable_metrics_collector.conf

  Starting broker...2022-04-12 10:21:48.474425+00:00 [info] <0.230.0> [0m
2022-04-12 10:21:48.474425+00:00 [info] <0.230.0>  node           : rabbit@rabbitmq-7b954994dc-gpndx[0m
2022-04-12 10:21:48.474425+00:00 [info] <0.230.0>  home dir       : /var/lib/rabbitmq[0m
2022-04-12 10:21:48.474425+00:00 [info] <0.230.0>  config file(s) : /etc/rabbitmq/conf.d/10-defaults.conf[0m
2022-04-12 10:21:48.474425+00:00 [info] <0.230.0>                 : /etc/rabbitmq/conf.d/management_agent.disable_metrics_collector.conf[0m
2022-04-12 10:21:48.474425+00:00 [info] <0.230.0>  cookie hash    : J6mepxFUXSKhlWz7lpksSw==[0m
2022-04-12 10:21:48.474425+00:00 [info] <0.230.0>  log(s)         : /var/log/rabbitmq/rabbit@rabbitmq-7b954994dc-gpndx_upgrade.log[0m
2022-04-12 10:21:48.474425+00:00 [info] <0.230.0>                 : <stdout>[0m
2022-04-12 10:21:48.474425+00:00 [info] <0.230.0>  database dir   : /var/lib/rabbitmq/mnesia/rabbit@rabbitmq-7b954994dc-gpndx[0m
2022-04-12 10:21:53.888534+00:00 [info] <0.230.0> Feature flags: list of feature flags found:[0m
2022-04-12 10:21:53.909229+00:00 [info] <0.230.0> Feature flags:   [ ] drop_unroutable_metric[0m
2022-04-12 10:21:53.909436+00:00 [info] <0.230.0> Feature flags:   [ ] empty_basic_get_metric[0m
2022-04-12 10:21:53.909516+00:00 [info] <0.230.0> Feature flags:   [ ] implicit_default_bindings[0m
2022-04-12 10:21:53.909571+00:00 [info] <0.230.0> Feature flags:   [ ] maintenance_mode_status[0m
2022-04-12 10:21:53.909722+00:00 [info] <0.230.0> Feature flags:   [ ] quorum_queue[0m
2022-04-12 10:21:53.909761+00:00 [info] <0.230.0> Feature flags:   [ ] stream_queue[0m
2022-04-12 10:21:53.909794+00:00 [info] <0.230.0> Feature flags:   [ ] user_limits[0m
2022-04-12 10:21:53.909827+00:00 [info] <0.230.0> Feature flags:   [ ] virtual_host_metadata[0m
2022-04-12 10:21:53.909929+00:00 [info] <0.230.0> Feature flags: feature flag states written to disk: yes[0m
2022-04-12 10:24:16.301368+00:00 [info] <0.230.0> Running boot step pre_boot defined by app rabbit[0m
2022-04-12 10:24:16.302636+00:00 [info] <0.230.0> Running boot step rabbit_global_counters defined by app rabbit[0m
2022-04-12 10:24:16.316912+00:00 [info] <0.230.0> Running boot step rabbit_osiris_metrics defined by app rabbit[0m
2022-04-12 10:24:16.317407+00:00 [info] <0.230.0> Running boot step rabbit_core_metrics defined by app rabbit[0m
2022-04-12 10:24:16.374632+00:00 [info] <0.230.0> Running boot step rabbit_alarm defined by app rabbit[0m
2022-04-12 10:24:16.591964+00:00 [info] <0.376.0> Memory high watermark set to 8814 MiB (9242312704 bytes) of 22035 MiB (23105781760 bytes) total[0m
2022-04-12 10:24:16.890807+00:00 [info] <0.378.0> Enabling free disk space monitoring[0m
2022-04-12 10:24:16.891108+00:00 [info] <0.378.0> Disk free limit set to 50MB[0m
2022-04-12 10:24:17.047487+00:00 [info] <0.230.0> Running boot step code_server_cache defined by app rabbit[0m
2022-04-12 10:24:17.047790+00:00 [info] <0.230.0> Running boot step file_handle_cache defined by app rabbit[0m
2022-04-12 10:24:17.048570+00:00 [info] <0.384.0> Limiting to approx 1048479 file handles (943629 sockets)[0m
2022-04-12 10:24:17.048862+00:00 [info] <0.385.0> FHC read buffering: OFF[0m
2022-04-12 10:24:17.048938+00:00 [info] <0.385.0> FHC write buffering: ON[0m
2022-04-12 10:24:17.098022+00:00 [info] <0.230.0> Running boot step worker_pool defined by app rabbit[0m
2022-04-12 10:24:17.098373+00:00 [info] <0.307.0> Will use 8 processes for default worker pool[0m
2022-04-12 10:24:17.098556+00:00 [info] <0.307.0> Starting worker pool 'worker_pool' with 8 processes in it[0m
2022-04-12 10:24:17.133302+00:00 [info] <0.230.0> Running boot step database defined by app rabbit[0m
2022-04-12 10:24:17.136647+00:00 [info] <0.230.0> Node database directory at /var/lib/rabbitmq/mnesia/rabbit@rabbitmq-7b954994dc-gpndx is empty. Assuming we need to join an existing cluster or initialise from scratch...[0m
2022-04-12 10:24:17.136853+00:00 [info] <0.230.0> Configured peer discovery backend: rabbit_peer_discovery_classic_config[0m
2022-04-12 10:24:17.136990+00:00 [info] <0.230.0> Will try to lock with peer discovery backend rabbit_peer_discovery_classic_config[0m
2022-04-12 10:24:17.137430+00:00 [info] <0.230.0> All discovered existing cluster peers:[0m
2022-04-12 10:24:17.137565+00:00 [info] <0.230.0> Discovered no peer nodes to cluster with. Some discovery backends can filter nodes out based on a readiness criteria. Enabling debug logging might help troubleshoot.[0m
[38;5;87m2022-04-12 10:24:17.266293+00:00 [notice] <0.44.0> Application mnesia exited with reason: stopped[0m
2022-04-12 10:24:20.923045+00:00 [info] <0.230.0> Waiting for Mnesia tables for 30000 ms, 9 retries left[0m
2022-04-12 10:24:20.923748+00:00 [info] <0.230.0> Successfully synced tables from a peer[0m
2022-04-12 10:24:21.049512+00:00 [info] <0.230.0> Waiting for Mnesia tables for 30000 ms, 9 retries left[0m
2022-04-12 10:24:21.050105+00:00 [info] <0.230.0> Successfully synced tables from a peer[0m
2022-04-12 10:24:21.050527+00:00 [info] <0.230.0> Feature flag `drop_unroutable_metric`: supported, attempt to enable...[0m
2022-04-12 10:24:21.051177+00:00 [info] <0.230.0> Feature flag `drop_unroutable_metric`: mark as enabled=state_changing[0m
2022-04-12 10:24:21.118870+00:00 [info] <0.230.0> Feature flags: list of feature flags found:[0m
2022-04-12 10:24:21.119185+00:00 [info] <0.230.0> Feature flags:   [~] drop_unroutable_metric[0m
2022-04-12 10:24:21.119535+00:00 [info] <0.230.0> Feature flags:   [ ] empty_basic_get_metric[0m
2022-04-12 10:24:21.120037+00:00 [info] <0.230.0> Feature flags:   [ ] implicit_default_bindings[0m
2022-04-12 10:24:21.121960+00:00 [info] <0.230.0> Feature flags:   [ ] maintenance_mode_status[0m
2022-04-12 10:24:21.122055+00:00 [info] <0.230.0> Feature flags:   [ ] quorum_queue[0m
2022-04-12 10:24:21.122115+00:00 [info] <0.230.0> Feature flags:   [ ] stream_queue[0m
2022-04-12 10:24:21.122220+00:00 [info] <0.230.0> Feature flags:   [ ] user_limits[0m
2022-04-12 10:24:21.122358+00:00 [info] <0.230.0> Feature flags:   [ ] virtual_host_metadata[0m
2022-04-12 10:24:21.122428+00:00 [info] <0.230.0> Feature flags: feature flag states written to disk: yes[0m
2022-04-12 10:24:21.396718+00:00 [info] <0.230.0> Feature flag `drop_unroutable_metric`: mark as enabled=true[0m
2022-04-12 10:24:21.408617+00:00 [info] <0.230.0> Feature flags: list of feature flags found:[0m
2022-04-12 10:24:21.408797+00:00 [info] <0.230.0> Feature flags:   [x] drop_unroutable_metric[0m
2022-04-12 10:24:21.408937+00:00 [info] <0.230.0> Feature flags:   [ ] empty_basic_get_metric[0m
2022-04-12 10:24:21.409130+00:00 [info] <0.230.0> Feature flags:   [ ] implicit_default_bindings[0m
2022-04-12 10:24:21.409223+00:00 [info] <0.230.0> Feature flags:   [ ] maintenance_mode_status[0m
2022-04-12 10:24:21.409321+00:00 [info] <0.230.0> Feature flags:   [ ] quorum_queue[0m
2022-04-12 10:24:21.409383+00:00 [info] <0.230.0> Feature flags:   [ ] stream_queue[0m
2022-04-12 10:24:21.409465+00:00 [info] <0.230.0> Feature flags:   [ ] user_limits[0m
2022-04-12 10:24:21.409636+00:00 [info] <0.230.0> Feature flags:   [ ] virtual_host_metadata[0m
2022-04-12 10:24:21.409719+00:00 [info] <0.230.0> Feature flags: feature flag states written to disk: yes[0m
2022-04-12 10:24:21.628218+00:00 [info] <0.230.0> Feature flag `empty_basic_get_metric`: supported, attempt to enable...[0m
2022-04-12 10:24:21.628346+00:00 [info] <0.230.0> Feature flag `empty_basic_get_metric`: mark as enabled=state_changing[0m
2022-04-12 10:24:21.633794+00:00 [info] <0.230.0> Feature flags: list of feature flags found:[0m
2022-04-12 10:24:21.634449+00:00 [info] <0.230.0> Feature flags:   [x] drop_unroutable_metric[0m
2022-04-12 10:24:21.634643+00:00 [info] <0.230.0> Feature flags:   [~] empty_basic_get_metric[0m
2022-04-12 10:24:21.634723+00:00 [info] <0.230.0> Feature flags:   [ ] implicit_default_bindings[0m
2022-04-12 10:24:21.634815+00:00 [info] <0.230.0> Feature flags:   [ ] maintenance_mode_status[0m
2022-04-12 10:24:21.634891+00:00 [info] <0.230.0> Feature flags:   [ ] quorum_queue[0m
2022-04-12 10:24:21.635055+00:00 [info] <0.230.0> Feature flags:   [ ] stream_queue[0m
2022-04-12 10:24:21.635111+00:00 [info] <0.230.0> Feature flags:   [ ] user_limits[0m
2022-04-12 10:24:21.635162+00:00 [info] <0.230.0> Feature flags:   [ ] virtual_host_metadata[0m
2022-04-12 10:24:21.635206+00:00 [info] <0.230.0> Feature flags: feature flag states written to disk: yes[0m
2022-04-12 10:24:21.847005+00:00 [info] <0.230.0> Feature flag `empty_basic_get_metric`: mark as enabled=true[0m
2022-04-12 10:24:21.904684+00:00 [info] <0.230.0> Feature flags: list of feature flags found:[0m
2022-04-12 10:24:21.904876+00:00 [info] <0.230.0> Feature flags:   [x] drop_unroutable_metric[0m
2022-04-12 10:24:21.904962+00:00 [info] <0.230.0> Feature flags:   [x] empty_basic_get_metric[0m
2022-04-12 10:24:21.905054+00:00 [info] <0.230.0> Feature flags:   [ ] implicit_default_bindings[0m
2022-04-12 10:24:21.905104+00:00 [info] <0.230.0> Feature flags:   [ ] maintenance_mode_status[0m
2022-04-12 10:24:21.905182+00:00 [info] <0.230.0> Feature flags:   [ ] quorum_queue[0m
2022-04-12 10:24:21.967671+00:00 [info] <0.230.0> Feature flags:   [ ] stream_queue[0m
2022-04-12 10:24:21.967768+00:00 [info] <0.230.0> Feature flags:   [ ] user_limits[0m
2022-04-12 10:24:21.967823+00:00 [info] <0.230.0> Feature flags:   [ ] virtual_host_metadata[0m
2022-04-12 10:24:21.967968+00:00 [info] <0.230.0> Feature flags: feature flag states written to disk: yes[0m
2022-04-12 10:24:22.323882+00:00 [info] <0.230.0> Feature flag `implicit_default_bindings`: supported, attempt to enable...[0m
2022-04-12 10:24:22.324038+00:00 [info] <0.230.0> Feature flag `implicit_default_bindings`: mark as enabled=state_changing[0m
2022-04-12 10:24:22.326090+00:00 [info] <0.230.0> Feature flags: list of feature flags found:[0m
2022-04-12 10:24:22.326206+00:00 [info] <0.230.0> Feature flags:   [x] drop_unroutable_metric[0m
2022-04-12 10:24:22.326271+00:00 [info] <0.230.0> Feature flags:   [x] empty_basic_get_metric[0m
2022-04-12 10:24:22.394304+00:00 [info] <0.230.0> Feature flags:   [~] implicit_default_bindings[0m
2022-04-12 10:24:22.394450+00:00 [info] <0.230.0> Feature flags:   [ ] maintenance_mode_status[0m
2022-04-12 10:24:22.394502+00:00 [info] <0.230.0> Feature flags:   [ ] quorum_queue[0m
2022-04-12 10:24:22.394576+00:00 [info] <0.230.0> Feature flags:   [ ] stream_queue[0m
2022-04-12 10:24:22.394606+00:00 [info] <0.230.0> Feature flags:   [ ] user_limits[0m
2022-04-12 10:24:22.394695+00:00 [info] <0.230.0> Feature flags:   [ ] virtual_host_metadata[0m
2022-04-12 10:24:22.394729+00:00 [info] <0.230.0> Feature flags: feature flag states written to disk: yes[0m
2022-04-12 10:24:22.757220+00:00 [info] <0.230.0> Waiting for Mnesia tables for 30000 ms, 0 retries left[0m
2022-04-12 10:24:22.803324+00:00 [info] <0.230.0> Successfully synced tables from a peer[0m
2022-04-12 10:24:22.803788+00:00 [info] <0.230.0> Feature flag `implicit_default_bindings`: mark as enabled=true[0m
2022-04-12 10:24:23.141265+00:00 [info] <0.230.0> Feature flags: list of feature flags found:[0m
2022-04-12 10:24:23.160951+00:00 [info] <0.230.0> Feature flags:   [x] drop_unroutable_metric[0m
2022-04-12 10:24:23.161284+00:00 [info] <0.230.0> Feature flags:   [x] empty_basic_get_metric[0m
2022-04-12 10:24:23.161356+00:00 [info] <0.230.0> Feature flags:   [x] implicit_default_bindings[0m
2022-04-12 10:24:23.161403+00:00 [info] <0.230.0> Feature flags:   [ ] maintenance_mode_status[0m
2022-04-12 10:24:23.161714+00:00 [info] <0.230.0> Feature flags:   [ ] quorum_queue[0m
2022-04-12 10:24:23.161797+00:00 [info] <0.230.0> Feature flags:   [ ] stream_queue[0m
2022-04-12 10:24:23.161846+00:00 [info] <0.230.0> Feature flags:   [ ] user_limits[0m
2022-04-12 10:24:23.162021+00:00 [info] <0.230.0> Feature flags:   [ ] virtual_host_metadata[0m
2022-04-12 10:24:23.162407+00:00 [info] <0.230.0> Feature flags: feature flag states written to disk: yes[0m
2022-04-12 10:24:23.341618+00:00 [info] <0.230.0> Feature flag `maintenance_mode_status`: supported, attempt to enable...[0m
2022-04-12 10:24:23.341824+00:00 [info] <0.230.0> Feature flag `maintenance_mode_status`: mark as enabled=state_changing[0m
2022-04-12 10:24:23.344041+00:00 [info] <0.230.0> Feature flags: list of feature flags found:[0m
2022-04-12 10:24:23.344140+00:00 [info] <0.230.0> Feature flags:   [x] drop_unroutable_metric[0m
2022-04-12 10:24:23.344205+00:00 [info] <0.230.0> Feature flags:   [x] empty_basic_get_metric[0m
2022-04-12 10:24:23.344309+00:00 [info] <0.230.0> Feature flags:   [x] implicit_default_bindings[0m
2022-04-12 10:24:23.347927+00:00 [info] <0.230.0> Feature flags:   [~] maintenance_mode_status[0m
2022-04-12 10:24:23.347992+00:00 [info] <0.230.0> Feature flags:   [ ] quorum_queue[0m
2022-04-12 10:24:23.348070+00:00 [info] <0.230.0> Feature flags:   [ ] stream_queue[0m
2022-04-12 10:24:23.348129+00:00 [info] <0.230.0> Feature flags:   [ ] user_limits[0m
2022-04-12 10:24:23.348239+00:00 [info] <0.230.0> Feature flags:   [ ] virtual_host_metadata[0m
2022-04-12 10:24:23.348376+00:00 [info] <0.230.0> Feature flags: feature flag states written to disk: yes[0m
2022-04-12 10:24:23.628172+00:00 [info] <0.230.0> Creating table rabbit_node_maintenance_states for feature flag `maintenance_mode_status`[0m
2022-04-12 10:24:23.848996+00:00 [info] <0.230.0> Feature flag `maintenance_mode_status`: mark as enabled=true[0m
2022-04-12 10:24:23.891643+00:00 [info] <0.230.0> Feature flags: list of feature flags found:[0m
2022-04-12 10:24:23.891758+00:00 [info] <0.230.0> Feature flags:   [x] drop_unroutable_metric[0m
2022-04-12 10:24:23.891988+00:00 [info] <0.230.0> Feature flags:   [x] empty_basic_get_metric[0m
2022-04-12 10:24:23.892054+00:00 [info] <0.230.0> Feature flags:   [x] implicit_default_bindings[0m
2022-04-12 10:24:23.892322+00:00 [info] <0.230.0> Feature flags:   [x] maintenance_mode_status[0m
2022-04-12 10:24:23.892494+00:00 [info] <0.230.0> Feature flags:   [ ] quorum_queue[0m
2022-04-12 10:24:23.892641+00:00 [info] <0.230.0> Feature flags:   [ ] stream_queue[0m
2022-04-12 10:24:23.892745+00:00 [info] <0.230.0> Feature flags:   [ ] user_limits[0m
2022-04-12 10:24:23.892828+00:00 [info] <0.230.0> Feature flags:   [ ] virtual_host_metadata[0m
2022-04-12 10:24:23.904582+00:00 [info] <0.230.0> Feature flags: feature flag states written to disk: yes[0m
2022-04-12 10:24:24.260916+00:00 [info] <0.230.0> Feature flag `quorum_queue`: supported, attempt to enable...[0m
2022-04-12 10:24:24.263639+00:00 [info] <0.230.0> Feature flag `quorum_queue`: mark as enabled=state_changing[0m
2022-04-12 10:24:24.379661+00:00 [info] <0.230.0> Feature flags: list of feature flags found:[0m
2022-04-12 10:24:24.379983+00:00 [info] <0.230.0> Feature flags:   [x] drop_unroutable_metric[0m
2022-04-12 10:24:24.380057+00:00 [info] <0.230.0> Feature flags:   [x] empty_basic_get_metric[0m
2022-04-12 10:24:24.380125+00:00 [info] <0.230.0> Feature flags:   [x] implicit_default_bindings[0m
2022-04-12 10:24:24.380289+00:00 [info] <0.230.0> Feature flags:   [x] maintenance_mode_status[0m
2022-04-12 10:24:24.380346+00:00 [info] <0.230.0> Feature flags:   [~] quorum_queue[0m
2022-04-12 10:24:24.380390+00:00 [info] <0.230.0> Feature flags:   [ ] stream_queue[0m
2022-04-12 10:24:24.380431+00:00 [info] <0.230.0> Feature flags:   [ ] user_limits[0m
2022-04-12 10:24:24.380645+00:00 [info] <0.230.0> Feature flags:   [ ] virtual_host_metadata[0m
2022-04-12 10:24:24.380749+00:00 [info] <0.230.0> Feature flags: feature flag states written to disk: yes[0m
2022-04-12 10:24:24.646372+00:00 [info] <0.230.0> Waiting for Mnesia tables for 30000 ms, 9 retries left[0m
2022-04-12 10:24:24.646814+00:00 [info] <0.230.0> Successfully synced tables from a peer[0m
2022-04-12 10:24:24.646884+00:00 [info] <0.230.0> Feature flag `quorum_queue`:   migrating Mnesia table rabbit_queue...[0m
2022-04-12 10:24:25.178967+00:00 [info] <0.230.0> Feature flag `quorum_queue`:   migrating Mnesia table rabbit_durable_queue...[0m
2022-04-12 10:24:25.828005+00:00 [info] <0.230.0> Feature flag `quorum_queue`:   Mnesia tables migration done[0m
2022-04-12 10:24:25.828170+00:00 [info] <0.230.0> Feature flag `quorum_queue`: mark as enabled=true[0m
2022-04-12 10:24:25.902898+00:00 [info] <0.230.0> Feature flags: list of feature flags found:[0m
2022-04-12 10:24:25.903026+00:00 [info] <0.230.0> Feature flags:   [x] drop_unroutable_metric[0m
2022-04-12 10:24:25.904852+00:00 [info] <0.230.0> Feature flags:   [x] empty_basic_get_metric[0m
2022-04-12 10:24:25.904948+00:00 [info] <0.230.0> Feature flags:   [x] implicit_default_bindings[0m
2022-04-12 10:24:25.905016+00:00 [info] <0.230.0> Feature flags:   [x] maintenance_mode_status[0m
2022-04-12 10:24:25.905230+00:00 [info] <0.230.0> Feature flags:   [x] quorum_queue[0m
2022-04-12 10:24:25.905347+00:00 [info] <0.230.0> Feature flags:   [ ] stream_queue[0m
2022-04-12 10:24:25.905387+00:00 [info] <0.230.0> Feature flags:   [ ] user_limits[0m
2022-04-12 10:24:25.905511+00:00 [info] <0.230.0> Feature flags:   [ ] virtual_host_metadata[0m
2022-04-12 10:24:25.905679+00:00 [info] <0.230.0> Feature flags: feature flag states written to disk: yes[0m
2022-04-12 10:24:26.197944+00:00 [info] <0.230.0> Feature flag `stream_queue`: supported, attempt to enable...[0m
2022-04-12 10:24:26.198140+00:00 [info] <0.230.0> Feature flag `stream_queue`: mark as enabled=state_changing[0m
2022-04-12 10:24:26.200076+00:00 [info] <0.230.0> Feature flags: list of feature flags found:[0m
2022-04-12 10:24:26.200187+00:00 [info] <0.230.0> Feature flags:   [x] drop_unroutable_metric[0m
2022-04-12 10:24:26.200276+00:00 [info] <0.230.0> Feature flags:   [x] empty_basic_get_metric[0m
2022-04-12 10:24:26.200325+00:00 [info] <0.230.0> Feature flags:   [x] implicit_default_bindings[0m
2022-04-12 10:24:26.217935+00:00 [info] <0.230.0> Feature flags:   [x] maintenance_mode_status[0m
2022-04-12 10:24:26.218064+00:00 [info] <0.230.0> Feature flags:   [x] quorum_queue[0m
2022-04-12 10:24:26.218126+00:00 [info] <0.230.0> Feature flags:   [~] stream_queue[0m
2022-04-12 10:24:26.218180+00:00 [info] <0.230.0> Feature flags:   [ ] user_limits[0m
2022-04-12 10:24:26.218342+00:00 [info] <0.230.0> Feature flags:   [ ] virtual_host_metadata[0m
2022-04-12 10:24:26.218470+00:00 [info] <0.230.0> Feature flags: feature flag states written to disk: yes[0m
2022-04-12 10:24:26.547633+00:00 [info] <0.230.0> Feature flag `stream_queue`: mark as enabled=true[0m
2022-04-12 10:24:26.585225+00:00 [info] <0.230.0> Feature flags: list of feature flags found:[0m
2022-04-12 10:24:26.585553+00:00 [info] <0.230.0> Feature flags:   [x] drop_unroutable_metric[0m
2022-04-12 10:24:26.585788+00:00 [info] <0.230.0> Feature flags:   [x] empty_basic_get_metric[0m
2022-04-12 10:24:26.585886+00:00 [info] <0.230.0> Feature flags:   [x] implicit_default_bindings[0m
2022-04-12 10:24:26.585943+00:00 [info] <0.230.0> Feature flags:   [x] maintenance_mode_status[0m
2022-04-12 10:24:26.586004+00:00 [info] <0.230.0> Feature flags:   [x] quorum_queue[0m
2022-04-12 10:24:26.586053+00:00 [info] <0.230.0> Feature flags:   [x] stream_queue[0m
2022-04-12 10:24:26.586100+00:00 [info] <0.230.0> Feature flags:   [ ] user_limits[0m
2022-04-12 10:24:26.586142+00:00 [info] <0.230.0> Feature flags:   [ ] virtual_host_metadata[0m
2022-04-12 10:24:26.587049+00:00 [info] <0.230.0> Feature flags: feature flag states written to disk: yes[0m
2022-04-12 10:24:27.325239+00:00 [info] <0.230.0> Feature flag `user_limits`: supported, attempt to enable...[0m
2022-04-12 10:24:27.325451+00:00 [info] <0.230.0> Feature flag `user_limits`: mark as enabled=state_changing[0m
2022-04-12 10:24:27.346886+00:00 [info] <0.230.0> Feature flags: list of feature flags found:[0m
2022-04-12 10:24:27.347038+00:00 [info] <0.230.0> Feature flags:   [x] drop_unroutable_metric[0m
2022-04-12 10:24:27.347104+00:00 [info] <0.230.0> Feature flags:   [x] empty_basic_get_metric[0m
2022-04-12 10:24:27.347163+00:00 [info] <0.230.0> Feature flags:   [x] implicit_default_bindings[0m
2022-04-12 10:24:27.347277+00:00 [info] <0.230.0> Feature flags:   [x] maintenance_mode_status[0m
2022-04-12 10:24:27.347323+00:00 [info] <0.230.0> Feature flags:   [x] quorum_queue[0m
2022-04-12 10:24:27.347406+00:00 [info] <0.230.0> Feature flags:   [x] stream_queue[0m
2022-04-12 10:24:27.347577+00:00 [info] <0.230.0> Feature flags:   [~] user_limits[0m
2022-04-12 10:24:27.347712+00:00 [info] <0.230.0> Feature flags:   [ ] virtual_host_metadata[0m
2022-04-12 10:24:27.347764+00:00 [info] <0.230.0> Feature flags: feature flag states written to disk: yes[0m
2022-04-12 10:24:27.792525+00:00 [info] <0.230.0> Waiting for Mnesia tables for 30000 ms, 9 retries left[0m
2022-04-12 10:24:27.827785+00:00 [info] <0.230.0> Successfully synced tables from a peer[0m
2022-04-12 10:24:28.193459+00:00 [info] <0.230.0> Feature flag `user_limits`: mark as enabled=true[0m
2022-04-12 10:24:28.239832+00:00 [info] <0.230.0> Feature flags: list of feature flags found:[0m
2022-04-12 10:24:28.240059+00:00 [info] <0.230.0> Feature flags:   [x] drop_unroutable_metric[0m
2022-04-12 10:24:28.240253+00:00 [info] <0.230.0> Feature flags:   [x] empty_basic_get_metric[0m
2022-04-12 10:24:28.240356+00:00 [info] <0.230.0> Feature flags:   [x] implicit_default_bindings[0m
2022-04-12 10:24:28.240404+00:00 [info] <0.230.0> Feature flags:   [x] maintenance_mode_status[0m
2022-04-12 10:24:28.240598+00:00 [info] <0.230.0> Feature flags:   [x] quorum_queue[0m
2022-04-12 10:24:28.240674+00:00 [info] <0.230.0> Feature flags:   [x] stream_queue[0m
2022-04-12 10:24:28.240718+00:00 [info] <0.230.0> Feature flags:   [x] user_limits[0m
2022-04-12 10:24:28.240881+00:00 [info] <0.230.0> Feature flags:   [ ] virtual_host_metadata[0m
2022-04-12 10:24:28.240969+00:00 [info] <0.230.0> Feature flags: feature flag states written to disk: yes[0m
2022-04-12 10:24:28.441560+00:00 [info] <0.230.0> Feature flag `virtual_host_metadata`: supported, attempt to enable...[0m
2022-04-12 10:24:28.441833+00:00 [info] <0.230.0> Feature flag `virtual_host_metadata`: mark as enabled=state_changing[0m
2022-04-12 10:24:28.457940+00:00 [info] <0.230.0> Feature flags: list of feature flags found:[0m
2022-04-12 10:24:28.458246+00:00 [info] <0.230.0> Feature flags:   [x] drop_unroutable_metric[0m
2022-04-12 10:24:28.458372+00:00 [info] <0.230.0> Feature flags:   [x] empty_basic_get_metric[0m
2022-04-12 10:24:28.458579+00:00 [info] <0.230.0> Feature flags:   [x] implicit_default_bindings[0m
2022-04-12 10:24:28.458713+00:00 [info] <0.230.0> Feature flags:   [x] maintenance_mode_status[0m
2022-04-12 10:24:28.458765+00:00 [info] <0.230.0> Feature flags:   [x] quorum_queue[0m
2022-04-12 10:24:28.458807+00:00 [info] <0.230.0> Feature flags:   [x] stream_queue[0m
2022-04-12 10:24:28.458875+00:00 [info] <0.230.0> Feature flags:   [x] user_limits[0m
2022-04-12 10:24:28.458927+00:00 [info] <0.230.0> Feature flags:   [~] virtual_host_metadata[0m
2022-04-12 10:24:28.458975+00:00 [info] <0.230.0> Feature flags: feature flag states written to disk: yes[0m
2022-04-12 10:24:28.619473+00:00 [info] <0.230.0> Waiting for Mnesia tables for 30000 ms, 9 retries left[0m
2022-04-12 10:24:28.620255+00:00 [info] <0.230.0> Successfully synced tables from a peer[0m
2022-04-12 10:24:28.834407+00:00 [info] <0.230.0> Feature flag `virtual_host_metadata`: mark as enabled=true[0m
2022-04-12 10:24:28.867116+00:00 [info] <0.230.0> Feature flags: list of feature flags found:[0m
2022-04-12 10:24:28.867333+00:00 [info] <0.230.0> Feature flags:   [x] drop_unroutable_metric[0m
2022-04-12 10:24:28.867404+00:00 [info] <0.230.0> Feature flags:   [x] empty_basic_get_metric[0m
2022-04-12 10:24:28.867563+00:00 [info] <0.230.0> Feature flags:   [x] implicit_default_bindings[0m
2022-04-12 10:24:28.867608+00:00 [info] <0.230.0> Feature flags:   [x] maintenance_mode_status[0m
2022-04-12 10:24:28.867657+00:00 [info] <0.230.0> Feature flags:   [x] quorum_queue[0m
2022-04-12 10:24:28.867698+00:00 [info] <0.230.0> Feature flags:   [x] stream_queue[0m
2022-04-12 10:24:28.867737+00:00 [info] <0.230.0> Feature flags:   [x] user_limits[0m
2022-04-12 10:24:28.867774+00:00 [info] <0.230.0> Feature flags:   [x] virtual_host_metadata[0m
2022-04-12 10:24:28.867817+00:00 [info] <0.230.0> Feature flags: feature flag states written to disk: yes[0m
2022-04-12 10:24:28.988868+00:00 [info] <0.230.0> Waiting for Mnesia tables for 30000 ms, 9 retries left[0m
2022-04-12 10:24:29.113674+00:00 [info] <0.230.0> Successfully synced tables from a peer[0m
2022-04-12 10:24:29.415528+00:00 [info] <0.230.0> Waiting for Mnesia tables for 30000 ms, 9 retries left[0m
2022-04-12 10:24:29.415829+00:00 [info] <0.230.0> Successfully synced tables from a peer[0m
2022-04-12 10:24:29.415900+00:00 [info] <0.230.0> Peer discovery backend rabbit_peer_discovery_classic_config does not support registration, skipping registration.[0m
2022-04-12 10:24:29.416008+00:00 [info] <0.230.0> Will try to unlock with peer discovery backend rabbit_peer_discovery_classic_config[0m
2022-04-12 10:24:29.416186+00:00 [info] <0.230.0> Running boot step database_sync defined by app rabbit[0m
2022-04-12 10:24:29.416477+00:00 [info] <0.230.0> Running boot step feature_flags defined by app rabbit[0m
2022-04-12 10:24:29.420168+00:00 [info] <0.230.0> Running boot step codec_correctness_check defined by app rabbit[0m
2022-04-12 10:24:29.420294+00:00 [info] <0.230.0> Running boot step external_infrastructure defined by app rabbit[0m
2022-04-12 10:24:29.420370+00:00 [info] <0.230.0> Running boot step rabbit_registry defined by app rabbit[0m
2022-04-12 10:24:29.420674+00:00 [info] <0.230.0> Running boot step rabbit_auth_mechanism_cr_demo defined by app rabbit[0m
2022-04-12 10:24:29.420781+00:00 [info] <0.230.0> Running boot step rabbit_queue_location_random defined by app rabbit[0m
2022-04-12 10:24:29.420844+00:00 [info] <0.230.0> Running boot step rabbit_event defined by app rabbit[0m
2022-04-12 10:24:29.420978+00:00 [info] <0.230.0> Running boot step rabbit_auth_mechanism_amqplain defined by app rabbit[0m
2022-04-12 10:24:29.421043+00:00 [info] <0.230.0> Running boot step rabbit_auth_mechanism_plain defined by app rabbit[0m
2022-04-12 10:24:29.421095+00:00 [info] <0.230.0> Running boot step rabbit_exchange_type_direct defined by app rabbit[0m
2022-04-12 10:24:29.421166+00:00 [info] <0.230.0> Running boot step rabbit_exchange_type_fanout defined by app rabbit[0m
2022-04-12 10:24:29.421220+00:00 [info] <0.230.0> Running boot step rabbit_exchange_type_headers defined by app rabbit[0m
2022-04-12 10:24:29.421356+00:00 [info] <0.230.0> Running boot step rabbit_exchange_type_topic defined by app rabbit[0m
2022-04-12 10:24:29.421461+00:00 [info] <0.230.0> Running boot step rabbit_mirror_queue_mode_all defined by app rabbit[0m
2022-04-12 10:24:29.421528+00:00 [info] <0.230.0> Running boot step rabbit_mirror_queue_mode_exactly defined by app rabbit[0m
2022-04-12 10:24:29.421581+00:00 [info] <0.230.0> Running boot step rabbit_mirror_queue_mode_nodes defined by app rabbit[0m
2022-04-12 10:24:29.421711+00:00 [info] <0.230.0> Running boot step rabbit_priority_queue defined by app rabbit[0m
2022-04-12 10:24:29.421767+00:00 [info] <0.230.0> Priority queues enabled, real BQ is rabbit_variable_queue[0m
2022-04-12 10:24:29.421919+00:00 [info] <0.230.0> Running boot step rabbit_queue_location_client_local defined by app rabbit[0m
2022-04-12 10:24:29.422372+00:00 [info] <0.230.0> Running boot step rabbit_queue_location_min_masters defined by app rabbit[0m
2022-04-12 10:24:29.422538+00:00 [info] <0.230.0> Running boot step kernel_ready defined by app rabbit[0m
2022-04-12 10:24:29.422590+00:00 [info] <0.230.0> Running boot step rabbit_sysmon_minder defined by app rabbit[0m
2022-04-12 10:24:29.423742+00:00 [info] <0.230.0> Running boot step rabbit_epmd_monitor defined by app rabbit[0m
2022-04-12 10:24:29.444706+00:00 [info] <0.655.0> epmd monitor knows us, inter-node communication (distribution) port: 25672[0m
2022-04-12 10:24:29.444997+00:00 [info] <0.230.0> Running boot step guid_generator defined by app rabbit[0m
2022-04-12 10:24:29.533724+00:00 [info] <0.230.0> Running boot step rabbit_node_monitor defined by app rabbit[0m
2022-04-12 10:24:29.540110+00:00 [info] <0.659.0> Starting rabbit_node_monitor[0m
2022-04-12 10:24:29.540766+00:00 [info] <0.230.0> Running boot step delegate_sup defined by app rabbit[0m
2022-04-12 10:24:29.542884+00:00 [info] <0.230.0> Running boot step rabbit_memory_monitor defined by app rabbit[0m
2022-04-12 10:24:29.543363+00:00 [info] <0.230.0> Running boot step core_initialized defined by app rabbit[0m
2022-04-12 10:24:29.617778+00:00 [info] <0.230.0> Running boot step upgrade_queues defined by app rabbit[0m
2022-04-12 10:24:29.776509+00:00 [info] <0.230.0> message_store upgrades: 1 to apply[0m
2022-04-12 10:24:29.776843+00:00 [info] <0.230.0> message_store upgrades: Applying rabbit_variable_queue:move_messages_to_vhost_store[0m
2022-04-12 10:24:29.777131+00:00 [info] <0.230.0> message_store upgrades: No durable queues found. Skipping message store migration[0m
2022-04-12 10:24:29.777225+00:00 [info] <0.230.0> message_store upgrades: Removing the old message store data[0m
2022-04-12 10:24:29.792117+00:00 [info] <0.230.0> message_store upgrades: All upgrades applied successfully[0m
2022-04-12 10:24:29.927985+00:00 [info] <0.230.0> Running boot step channel_tracking defined by app rabbit[0m
2022-04-12 10:24:29.968843+00:00 [info] <0.230.0> Setting up a table for channel tracking on this node: 'tracked_channel_on_node_rabbit@rabbitmq-7b954994dc-gpndx'[0m
2022-04-12 10:24:30.021347+00:00 [info] <0.230.0> Setting up a table for channel tracking on this node: 'tracked_channel_table_per_user_on_node_rabbit@rabbitmq-7b954994dc-gpndx'[0m
2022-04-12 10:24:30.021730+00:00 [info] <0.230.0> Running boot step rabbit_channel_tracking_handler defined by app rabbit[0m
2022-04-12 10:24:30.021885+00:00 [info] <0.230.0> Running boot step connection_tracking defined by app rabbit[0m
2022-04-12 10:24:30.083125+00:00 [info] <0.230.0> Setting up a table for connection tracking on this node: 'tracked_connection_on_node_rabbit@rabbitmq-7b954994dc-gpndx'[0m
2022-04-12 10:24:30.125251+00:00 [info] <0.230.0> Setting up a table for per-vhost connection counting on this node: 'tracked_connection_per_vhost_on_node_rabbit@rabbitmq-7b954994dc-gpndx'[0m
2022-04-12 10:24:30.198272+00:00 [info] <0.230.0> Setting up a table for per-user connection counting on this node: 'tracked_connection_table_per_user_on_node_rabbit@rabbitmq-7b954994dc-gpndx'[0m
2022-04-12 10:24:30.199456+00:00 [info] <0.230.0> Running boot step rabbit_connection_tracking_handler defined by app rabbit[0m
2022-04-12 10:24:30.199703+00:00 [info] <0.230.0> Running boot step rabbit_exchange_parameters defined by app rabbit[0m
2022-04-12 10:24:30.199919+00:00 [info] <0.230.0> Running boot step rabbit_mirror_queue_misc defined by app rabbit[0m
2022-04-12 10:24:30.200503+00:00 [info] <0.230.0> Running boot step rabbit_policies defined by app rabbit[0m
2022-04-12 10:24:30.202239+00:00 [info] <0.230.0> Running boot step rabbit_policy defined by app rabbit[0m
2022-04-12 10:24:30.202412+00:00 [info] <0.230.0> Running boot step rabbit_queue_location_validator defined by app rabbit[0m
2022-04-12 10:24:30.202611+00:00 [info] <0.230.0> Running boot step rabbit_quorum_memory_manager defined by app rabbit[0m
2022-04-12 10:24:30.269171+00:00 [info] <0.230.0> Running boot step rabbit_stream_coordinator defined by app rabbit[0m
2022-04-12 10:24:30.270877+00:00 [info] <0.230.0> Running boot step rabbit_vhost_limit defined by app rabbit[0m
2022-04-12 10:24:30.271172+00:00 [info] <0.230.0> Running boot step rabbit_mgmt_db_handler defined by app rabbitmq_management_agent[0m
2022-04-12 10:24:30.271266+00:00 [info] <0.230.0> Management plugin: using rates mode 'basic'[0m
2022-04-12 10:24:30.272941+00:00 [info] <0.230.0> Running boot step recovery defined by app rabbit[0m
2022-04-12 10:24:30.282376+00:00 [info] <0.230.0> Running boot step empty_db_check defined by app rabbit[0m
2022-04-12 10:24:30.282463+00:00 [info] <0.230.0> Will seed default virtual host and user...[0m
2022-04-12 10:24:30.282612+00:00 [info] <0.230.0> Adding vhost '/' (description: 'Default virtual host', tags: [])[0m
2022-04-12 10:24:30.555459+00:00 [info] <0.721.0> Making sure data directory '/var/lib/rabbitmq/mnesia/rabbit@rabbitmq-7b954994dc-gpndx/msg_stores/vhosts/628WB79CIFDYO9LJI6DKMI09L' for vhost '/' exists[0m
2022-04-12 10:24:30.582956+00:00 [info] <0.721.0> Setting segment_entry_count for vhost '/' with 0 queues to '2048'[0m
2022-04-12 10:24:30.635886+00:00 [info] <0.721.0> Starting message stores for vhost '/'[0m
2022-04-12 10:24:30.636810+00:00 [info] <0.725.0> Message store "628WB79CIFDYO9LJI6DKMI09L/msg_store_transient": using rabbit_msg_store_ets_index to provide index[0m
2022-04-12 10:24:30.666283+00:00 [info] <0.721.0> Started message store of type transient for vhost '/'[0m
2022-04-12 10:24:30.666623+00:00 [info] <0.729.0> Message store "628WB79CIFDYO9LJI6DKMI09L/msg_store_persistent": using rabbit_msg_store_ets_index to provide index[0m
[38;5;214m2022-04-12 10:24:30.690853+00:00 [warning] <0.729.0> Message store "628WB79CIFDYO9LJI6DKMI09L/msg_store_persistent": rebuilding indices from scratch[0m
2022-04-12 10:24:30.723404+00:00 [info] <0.721.0> Started message store of type persistent for vhost '/'[0m
2022-04-12 10:24:30.723841+00:00 [info] <0.721.0> Recovering 0 queues of type rabbit_classic_queue took 140ms[0m
2022-04-12 10:24:30.724005+00:00 [info] <0.721.0> Recovering 0 queues of type rabbit_quorum_queue took 0ms[0m
2022-04-12 10:24:30.724155+00:00 [info] <0.721.0> Recovering 0 queues of type rabbit_stream_queue took 0ms[0m
2022-04-12 10:24:30.761490+00:00 [info] <0.230.0> Created user 'guest'[0m
2022-04-12 10:24:30.771999+00:00 [info] <0.230.0> Successfully set user tags for user 'guest' to [administrator][0m
2022-04-12 10:24:30.793587+00:00 [info] <0.230.0> Successfully set permissions for 'guest' in virtual host '/' to '.*', '.*', '.*'[0m
2022-04-12 10:24:30.793858+00:00 [info] <0.230.0> Running boot step rabbit_looking_glass defined by app rabbit[0m
2022-04-12 10:24:30.793930+00:00 [info] <0.230.0> Running boot step rabbit_core_metrics_gc defined by app rabbit[0m
2022-04-12 10:24:30.794556+00:00 [info] <0.230.0> Running boot step background_gc defined by app rabbit[0m
2022-04-12 10:24:30.795186+00:00 [info] <0.230.0> Running boot step routing_ready defined by app rabbit[0m
2022-04-12 10:24:30.795326+00:00 [info] <0.230.0> Running boot step pre_flight defined by app rabbit[0m
2022-04-12 10:24:30.795505+00:00 [info] <0.230.0> Running boot step notify_cluster defined by app rabbit[0m
2022-04-12 10:24:30.795693+00:00 [info] <0.230.0> Running boot step networking defined by app rabbit[0m
2022-04-12 10:24:30.795927+00:00 [info] <0.230.0> Running boot step definition_import_worker_pool defined by app rabbit[0m
2022-04-12 10:24:30.796266+00:00 [info] <0.307.0> Starting worker pool 'definition_import_pool' with 8 processes in it[0m
2022-04-12 10:24:30.799365+00:00 [info] <0.230.0> Running boot step cluster_name defined by app rabbit[0m
2022-04-12 10:24:30.799677+00:00 [info] <0.230.0> Initialising internal cluster ID to 'rabbitmq-cluster-id-pY9X87LiXkiCda2BFkeotA'[0m
2022-04-12 10:24:30.838187+00:00 [info] <0.230.0> Running boot step direct_client defined by app rabbit[0m
2022-04-12 10:24:30.838933+00:00 [info] <0.766.0> Resetting node maintenance status[0m
2022-04-12 10:24:31.099226+00:00 [info] <0.793.0> Prometheus metrics: HTTP (non-TLS) listener started on port 15692[0m
2022-04-12 10:24:31.099804+00:00 [info] <0.766.0> Ready to start client connection listeners[0m
2022-04-12 10:24:31.253653+00:00 [info] <0.837.0> started TCP listener on [::]:5672[0m
2022-04-12 10:24:33.692952+00:00 [info] <0.766.0> Server startup complete; 3 plugins started.[0m
2022-04-12 10:24:33.692952+00:00 [info] <0.766.0>  * rabbitmq_prometheus[0m
2022-04-12 10:24:33.692952+00:00 [info] <0.766.0>  * rabbitmq_web_dispatch[0m
2022-04-12 10:24:33.692952+00:00 [info] <0.766.0>  * rabbitmq_management_agent[0m
 completed with 3 plugins.
2022-04-12 10:30:05.080783+00:00 [info] <0.1026.0> accepting AMQP connection <0.1026.0> (127.0.0.6:40597 -> 10.244.0.129:5672)[0m
2022-04-12 10:30:05.868381+00:00 [info] <0.1026.0> Connection <0.1026.0> (127.0.0.6:40597 -> 10.244.0.129:5672) has a client-provided name: rabbitConnectionFactory#516b1710:0[0m
2022-04-12 10:30:05.986620+00:00 [info] <0.1026.0> connection <0.1026.0> (127.0.0.6:40597 -> 10.244.0.129:5672 - rabbitConnectionFactory#516b1710:0): user 'guest' authenticated and granted access to vhost '/'[0m
2022-04-12 10:30:31.643426+00:00 [info] <0.1065.0> accepting AMQP connection <0.1065.0> (127.0.0.6:60025 -> 10.244.0.129:5672)[0m
2022-04-12 10:30:32.614377+00:00 [info] <0.1065.0> Connection <0.1065.0> (127.0.0.6:60025 -> 10.244.0.129:5672) has a client-provided name: rabbitConnectionFactory#bfbcfad:0[0m
2022-04-12 10:30:32.671572+00:00 [info] <0.1065.0> connection <0.1065.0> (127.0.0.6:60025 -> 10.244.0.129:5672 - rabbitConnectionFactory#bfbcfad:0): user 'guest' authenticated and granted access to vhost '/'[0m
