
  .   ____          _            __ _ _
 /\\ / ___'_ __ _ _(_)_ __  __ _ \ \ \ \
( ( )\___ | '_ | '_| | '_ \/ _` | \ \ \ \
 \\/  ___)| |_)| | | | | || (_| |  ) ) ) )
  '  |____| .__|_| |_|_| |_\__, | / / / /
 =========|_|==============|___/=/_/_/_/
 :: Spring Boot ::       (v1.5.22.RELEASE)

2022-04-12 18:20:56.122  INFO 1 --- [           main] preserveOther.PreserveOtherApplication   : Starting PreserveOtherApplication v1.0 on ts-preserve-other-service-f79b9f45c-t6p8d with PID 1 (/app/ts-preserve-other-service-1.0.jar started by root in /)
2022-04-12 18:20:56.599  INFO 1 --- [           main] preserveOther.PreserveOtherApplication   : No active profile set, falling back to default profiles: default
2022-04-12 18:21:06.584  INFO 1 --- [           main] ationConfigEmbeddedWebApplicationContext : Refreshing org.springframework.boot.context.embedded.AnnotationConfigEmbeddedWebApplicationContext@3b95a09c: startup date [Tue Apr 12 18:21:06 CST 2022]; root of context hierarchy
2022-04-12 18:22:26.886  INFO 1 --- [           main] o.s.i.config.IntegrationRegistrar        : No bean named 'integrationHeaderChannelRegistry' has been explicitly defined. Therefore, a default DefaultHeaderChannelRegistry will be created.
2022-04-12 18:22:48.682  INFO 1 --- [           main] faultConfiguringBeanFactoryPostProcessor : No bean named 'errorChannel' has been explicitly defined. Therefore, a default PublishSubscribeChannel will be created.
2022-04-12 18:22:48.936  INFO 1 --- [           main] faultConfiguringBeanFactoryPostProcessor : No bean named 'taskScheduler' has been explicitly defined. Therefore, a default ThreadPoolTaskScheduler will be created.
2022-04-12 18:22:53.696  INFO 1 --- [           main] trationDelegate$BeanPostProcessorChecker : Bean 'org.springframework.amqp.rabbit.annotation.RabbitBootstrapConfiguration' of type [org.springframework.amqp.rabbit.annotation.RabbitBootstrapConfiguration$$EnhancerBySpringCGLIB$$a1eb1777] is not eligible for getting processed by all BeanPostProcessors (for example: not eligible for auto-proxying)
2022-04-12 18:22:56.510  INFO 1 --- [           main] trationDelegate$BeanPostProcessorChecker : Bean 'org.springframework.security.config.annotation.configuration.ObjectPostProcessorConfiguration' of type [org.springframework.security.config.annotation.configuration.ObjectPostProcessorConfiguration$$EnhancerBySpringCGLIB$$742d2183] is not eligible for getting processed by all BeanPostProcessors (for example: not eligible for auto-proxying)
2022-04-12 18:22:56.691  INFO 1 --- [           main] trationDelegate$BeanPostProcessorChecker : Bean 'objectPostProcessor' of type [org.springframework.security.config.annotation.configuration.AutowireBeanFactoryObjectPostProcessor] is not eligible for getting processed by all BeanPostProcessors (for example: not eligible for auto-proxying)
2022-04-12 18:22:56.745  INFO 1 --- [           main] trationDelegate$BeanPostProcessorChecker : Bean 'org.springframework.security.access.expression.method.DefaultMethodSecurityExpressionHandler@55183b20' of type [org.springframework.security.access.expression.method.DefaultMethodSecurityExpressionHandler] is not eligible for getting processed by all BeanPostProcessors (for example: not eligible for auto-proxying)
2022-04-12 18:22:56.827  INFO 1 --- [           main] trationDelegate$BeanPostProcessorChecker : Bean 'org.springframework.security.config.annotation.method.configuration.GlobalMethodSecurityConfiguration' of type [org.springframework.security.config.annotation.method.configuration.GlobalMethodSecurityConfiguration$$EnhancerBySpringCGLIB$$9901c435] is not eligible for getting processed by all BeanPostProcessors (for example: not eligible for auto-proxying)
2022-04-12 18:22:57.494  INFO 1 --- [           main] trationDelegate$BeanPostProcessorChecker : Bean 'methodSecurityMetadataSource' of type [org.springframework.security.access.method.DelegatingMethodSecurityMetadataSource] is not eligible for getting processed by all BeanPostProcessors (for example: not eligible for auto-proxying)
2022-04-12 18:22:59.984  INFO 1 --- [           main] trationDelegate$BeanPostProcessorChecker : Bean 'integrationGlobalProperties' of type [org.springframework.beans.factory.config.PropertiesFactoryBean] is not eligible for getting processed by all BeanPostProcessors (for example: not eligible for auto-proxying)
2022-04-12 18:23:00.119  INFO 1 --- [           main] trationDelegate$BeanPostProcessorChecker : Bean 'integrationGlobalProperties' of type [java.util.Properties] is not eligible for getting processed by all BeanPostProcessors (for example: not eligible for auto-proxying)
2022-04-12 18:23:50.489  INFO 1 --- [           main] s.b.c.e.t.TomcatEmbeddedServletContainer : Tomcat initialized with port(s): 14569 (http)
2022-04-12 18:23:57.660  INFO 1 --- [           main] o.apache.catalina.core.StandardService   : Starting service [Tomcat]
2022-04-12 18:23:57.873  INFO 1 --- [           main] org.apache.catalina.core.StandardEngine  : Starting Servlet Engine: Apache Tomcat/8.5.43
2022-04-12 18:24:04.218  INFO 1 --- [ost-startStop-1] o.a.c.c.C.[Tomcat].[localhost].[/]       : Initializing Spring embedded WebApplicationContext
2022-04-12 18:24:04.234  INFO 1 --- [ost-startStop-1] o.s.web.context.ContextLoader            : Root WebApplicationContext: initialization completed in 177866 ms
2022-04-12 18:24:31.045  INFO 1 --- [ost-startStop-1] o.s.b.w.servlet.FilterRegistrationBean   : Mapping filter: 'metricsFilter' to: [/*]
2022-04-12 18:24:31.072  INFO 1 --- [ost-startStop-1] o.s.b.w.servlet.FilterRegistrationBean   : Mapping filter: 'characterEncodingFilter' to: [/*]
2022-04-12 18:24:31.077  INFO 1 --- [ost-startStop-1] o.s.b.w.servlet.FilterRegistrationBean   : Mapping filter: 'hiddenHttpMethodFilter' to: [/*]
2022-04-12 18:24:31.078  INFO 1 --- [ost-startStop-1] o.s.b.w.servlet.FilterRegistrationBean   : Mapping filter: 'httpPutFormContentFilter' to: [/*]
2022-04-12 18:24:31.078  INFO 1 --- [ost-startStop-1] o.s.b.w.servlet.FilterRegistrationBean   : Mapping filter: 'requestContextFilter' to: [/*]
2022-04-12 18:24:31.080  INFO 1 --- [ost-startStop-1] .s.DelegatingFilterProxyRegistrationBean : Mapping filter: 'springSecurityFilterChain' to: [/*]
2022-04-12 18:24:31.179  INFO 1 --- [ost-startStop-1] o.s.b.w.servlet.FilterRegistrationBean   : Mapping filter: 'webRequestLoggingFilter' to: [/*]
2022-04-12 18:24:31.183  INFO 1 --- [ost-startStop-1] o.s.b.w.servlet.FilterRegistrationBean   : Mapping filter: 'applicationContextIdFilter' to: [/*]
2022-04-12 18:24:31.190  INFO 1 --- [ost-startStop-1] o.s.b.w.servlet.ServletRegistrationBean  : Mapping servlet: 'dispatcherServlet' to [/]
2022-04-12 18:26:31.917  INFO 1 --- [           main] s.w.s.m.m.a.RequestMappingHandlerMapping : Mapped "{[/api/v1/preserveotherservice/welcome],methods=[GET]}" onto public java.lang.String preserveOther.controller.PreserveOtherController.home()
2022-04-12 18:26:35.945  INFO 1 --- [           main] s.w.s.m.m.a.RequestMappingHandlerMapping : Mapped "{[/api/v1/preserveotherservice/preserveOther],methods=[POST]}" onto public org.springframework.http.HttpEntity preserveOther.controller.PreserveOtherController.preserve(preserveOther.entity.OrderTicketsInfo,org.springframework.http.HttpHeaders)
2022-04-12 18:26:38.509  INFO 1 --- [           main] s.w.s.m.m.a.RequestMappingHandlerMapping : Mapped "{[/v2/api-docs],methods=[GET],produces=[application/json || application/hal+json]}" onto public org.springframework.http.ResponseEntity<springfox.documentation.spring.web.json.Json> springfox.documentation.swagger2.web.Swagger2Controller.getDocumentation(java.lang.String,javax.servlet.http.HttpServletRequest)
2022-04-12 18:26:38.692  INFO 1 --- [           main] s.w.s.m.m.a.RequestMappingHandlerMapping : Mapped "{[/swagger-resources]}" onto org.springframework.http.ResponseEntity<java.util.List<springfox.documentation.swagger.web.SwaggerResource>> springfox.documentation.swagger.web.ApiResourceController.swaggerResources()
2022-04-12 18:26:38.693  INFO 1 --- [           main] s.w.s.m.m.a.RequestMappingHandlerMapping : Mapped "{[/configuration/ui]}" onto org.springframework.http.ResponseEntity<springfox.documentation.swagger.web.UiConfiguration> springfox.documentation.swagger.web.ApiResourceController.uiConfiguration()
2022-04-12 18:26:38.752  INFO 1 --- [           main] s.w.s.m.m.a.RequestMappingHandlerMapping : Mapped "{[/configuration/security]}" onto org.springframework.http.ResponseEntity<springfox.documentation.swagger.web.SecurityConfiguration> springfox.documentation.swagger.web.ApiResourceController.securityConfiguration()
2022-04-12 18:26:39.125  INFO 1 --- [           main] s.w.s.m.m.a.RequestMappingHandlerMapping : Mapped "{[/error]}" onto public org.springframework.http.ResponseEntity<java.util.Map<java.lang.String, java.lang.Object>> org.springframework.boot.autoconfigure.web.BasicErrorController.error(javax.servlet.http.HttpServletRequest)
2022-04-12 18:26:39.246  INFO 1 --- [           main] s.w.s.m.m.a.RequestMappingHandlerMapping : Mapped "{[/error],produces=[text/html]}" onto public org.springframework.web.servlet.ModelAndView org.springframework.boot.autoconfigure.web.BasicErrorController.errorHtml(javax.servlet.http.HttpServletRequest,javax.servlet.http.HttpServletResponse)
2022-04-12 18:27:12.938  INFO 1 --- [           main] o.s.b.a.e.mvc.EndpointHandlerMapping     : Mapped "{[/loggers/{name:.*}],methods=[GET],produces=[application/vnd.spring-boot.actuator.v1+json || application/json]}" onto public java.lang.Object org.springframework.boot.actuate.endpoint.mvc.LoggersMvcEndpoint.get(java.lang.String)
2022-04-12 18:27:13.023  INFO 1 --- [           main] o.s.b.a.e.mvc.EndpointHandlerMapping     : Mapped "{[/loggers/{name:.*}],methods=[POST],consumes=[application/vnd.spring-boot.actuator.v1+json || application/json],produces=[application/vnd.spring-boot.actuator.v1+json || application/json]}" onto public java.lang.Object org.springframework.boot.actuate.endpoint.mvc.LoggersMvcEndpoint.set(java.lang.String,java.util.Map<java.lang.String, java.lang.String>)
2022-04-12 18:27:13.042  INFO 1 --- [           main] o.s.b.a.e.mvc.EndpointHandlerMapping     : Mapped "{[/loggers || /loggers.json],methods=[GET],produces=[application/vnd.spring-boot.actuator.v1+json || application/json]}" onto public java.lang.Object org.springframework.boot.actuate.endpoint.mvc.EndpointMvcAdapter.invoke()
2022-04-12 18:27:13.059  INFO 1 --- [           main] o.s.b.a.e.mvc.EndpointHandlerMapping     : Mapped "{[/health || /health.json],methods=[GET],produces=[application/vnd.spring-boot.actuator.v1+json || application/json]}" onto public java.lang.Object org.springframework.boot.actuate.endpoint.mvc.HealthMvcEndpoint.invoke(javax.servlet.http.HttpServletRequest,java.security.Principal)
2022-04-12 18:27:13.112  INFO 1 --- [           main] o.s.b.a.e.mvc.EndpointHandlerMapping     : Mapped "{[/info || /info.json],methods=[GET],produces=[application/vnd.spring-boot.actuator.v1+json || application/json]}" onto public java.lang.Object org.springframework.boot.actuate.endpoint.mvc.EndpointMvcAdapter.invoke()
2022-04-12 18:27:13.212  INFO 1 --- [           main] o.s.b.a.e.mvc.EndpointHandlerMapping     : Mapped "{[/env/{name:.*}],methods=[GET],produces=[application/vnd.spring-boot.actuator.v1+json || application/json]}" onto public java.lang.Object org.springframework.boot.actuate.endpoint.mvc.EnvironmentMvcEndpoint.value(java.lang.String)
2022-04-12 18:27:13.245  INFO 1 --- [           main] o.s.b.a.e.mvc.EndpointHandlerMapping     : Mapped "{[/env || /env.json],methods=[GET],produces=[application/vnd.spring-boot.actuator.v1+json || application/json]}" onto public java.lang.Object org.springframework.boot.actuate.endpoint.mvc.EndpointMvcAdapter.invoke()
2022-04-12 18:27:13.324  INFO 1 --- [           main] o.s.b.a.e.mvc.EndpointHandlerMapping     : Mapped "{[/metrics/{name:.*}],methods=[GET],produces=[application/vnd.spring-boot.actuator.v1+json || application/json]}" onto public java.lang.Object org.springframework.boot.actuate.endpoint.mvc.MetricsMvcEndpoint.value(java.lang.String)
2022-04-12 18:27:13.562  INFO 1 --- [           main] o.s.b.a.e.mvc.EndpointHandlerMapping     : Mapped "{[/metrics || /metrics.json],methods=[GET],produces=[application/vnd.spring-boot.actuator.v1+json || application/json]}" onto public java.lang.Object org.springframework.boot.actuate.endpoint.mvc.EndpointMvcAdapter.invoke()
2022-04-12 18:27:13.569  INFO 1 --- [           main] o.s.b.a.e.mvc.EndpointHandlerMapping     : Mapped "{[/auditevents || /auditevents.json],methods=[GET],produces=[application/vnd.spring-boot.actuator.v1+json || application/json]}" onto public org.springframework.http.ResponseEntity<?> org.springframework.boot.actuate.endpoint.mvc.AuditEventsMvcEndpoint.findByPrincipalAndAfterAndType(java.lang.String,java.util.Date,java.lang.String)
2022-04-12 18:27:13.581  INFO 1 --- [           main] o.s.b.a.e.mvc.EndpointHandlerMapping     : Mapped "{[/beans || /beans.json],methods=[GET],produces=[application/vnd.spring-boot.actuator.v1+json || application/json]}" onto public java.lang.Object org.springframework.boot.actuate.endpoint.mvc.EndpointMvcAdapter.invoke()
2022-04-12 18:27:13.673  INFO 1 --- [           main] o.s.b.a.e.mvc.EndpointHandlerMapping     : Mapped "{[/heapdump || /heapdump.json],methods=[GET],produces=[application/octet-stream]}" onto public void org.springframework.boot.actuate.endpoint.mvc.HeapdumpMvcEndpoint.invoke(boolean,javax.servlet.http.HttpServletRequest,javax.servlet.http.HttpServletResponse) throws java.io.IOException,javax.servlet.ServletException
2022-04-12 18:27:13.792  INFO 1 --- [           main] o.s.b.a.e.mvc.EndpointHandlerMapping     : Mapped "{[/mappings || /mappings.json],methods=[GET],produces=[application/vnd.spring-boot.actuator.v1+json || application/json]}" onto public java.lang.Object org.springframework.boot.actuate.endpoint.mvc.EndpointMvcAdapter.invoke()
2022-04-12 18:27:13.835  INFO 1 --- [           main] o.s.b.a.e.mvc.EndpointHandlerMapping     : Mapped "{[/trace || /trace.json],methods=[GET],produces=[application/vnd.spring-boot.actuator.v1+json || application/json]}" onto public java.lang.Object org.springframework.boot.actuate.endpoint.mvc.EndpointMvcAdapter.invoke()
2022-04-12 18:27:13.921  INFO 1 --- [           main] o.s.b.a.e.mvc.EndpointHandlerMapping     : Mapped "{[/dump || /dump.json],methods=[GET],produces=[application/vnd.spring-boot.actuator.v1+json || application/json]}" onto public java.lang.Object org.springframework.boot.actuate.endpoint.mvc.EndpointMvcAdapter.invoke()
2022-04-12 18:27:14.011  INFO 1 --- [           main] o.s.b.a.e.mvc.EndpointHandlerMapping     : Mapped "{[/autoconfig || /autoconfig.json],methods=[GET],produces=[application/vnd.spring-boot.actuator.v1+json || application/json]}" onto public java.lang.Object org.springframework.boot.actuate.endpoint.mvc.EndpointMvcAdapter.invoke()
2022-04-12 18:27:14.024  INFO 1 --- [           main] o.s.b.a.e.mvc.EndpointHandlerMapping     : Mapped "{[/configprops || /configprops.json],methods=[GET],produces=[application/vnd.spring-boot.actuator.v1+json || application/json]}" onto public java.lang.Object org.springframework.boot.actuate.endpoint.mvc.EndpointMvcAdapter.invoke()
2022-04-12 18:27:33.885  INFO 1 --- [           main] b.a.s.AuthenticationManagerConfiguration : 

Using default security password: 01432eaf-664e-4040-a82d-1e29d5de4e2c

2022-04-12 18:27:51.101  INFO 1 --- [           main] o.s.s.web.DefaultSecurityFilterChain     : Creating filter chain: org.springframework.security.web.util.matcher.AnyRequestMatcher@1, [org.springframework.security.web.context.request.async.WebAsyncManagerIntegrationFilter@2f666ebb, org.springframework.security.web.context.SecurityContextPersistenceFilter@1ebea008, org.springframework.security.web.header.HeaderWriterFilter@2ca26d77, org.springframework.security.web.authentication.logout.LogoutFilter@13d9cbf5, edu.fudan.common.security.jwt.JWTFilter@19976a65, org.springframework.security.web.savedrequest.RequestCacheAwareFilter@1787f2a0, org.springframework.security.web.servletapi.SecurityContextHolderAwareRequestFilter@51bf5add, org.springframework.security.web.authentication.AnonymousAuthenticationFilter@a1f72f5, org.springframework.security.web.session.SessionManagementFilter@70e38ce1, org.springframework.security.web.access.ExceptionTranslationFilter@2e570ded, org.springframework.security.web.access.intercept.FilterSecurityInterceptor@3cfdd820]
2022-04-12 18:27:54.983  INFO 1 --- [           main] o.s.w.s.handler.SimpleUrlHandlerMapping  : Mapped URL path [/webjars/**] onto handler of type [class org.springframework.web.servlet.resource.ResourceHttpRequestHandler]
2022-04-12 18:27:54.984  INFO 1 --- [           main] o.s.w.s.handler.SimpleUrlHandlerMapping  : Mapped URL path [/**] onto handler of type [class org.springframework.web.servlet.resource.ResourceHttpRequestHandler]
2022-04-12 18:27:58.355  INFO 1 --- [           main] o.s.w.s.handler.SimpleUrlHandlerMapping  : Mapped URL path [/**/favicon.ico] onto handler of type [class org.springframework.web.servlet.resource.ResourceHttpRequestHandler]
2022-04-12 18:28:01.704  INFO 1 --- [           main] o.s.s.web.DefaultSecurityFilterChain     : Creating filter chain: org.springframework.boot.actuate.autoconfigure.ManagementWebSecurityAutoConfiguration$LazyEndpointPathRequestMatcher@6aa8e115, [org.springframework.security.web.context.request.async.WebAsyncManagerIntegrationFilter@5e21e98f, org.springframework.security.web.context.SecurityContextPersistenceFilter@27912e3, org.springframework.security.web.header.HeaderWriterFilter@102cec62, org.springframework.web.filter.CorsFilter@51a9ad5e, org.springframework.security.web.authentication.logout.LogoutFilter@19b89d4, org.springframework.security.web.authentication.www.BasicAuthenticationFilter@cd1e646, org.springframework.security.web.savedrequest.RequestCacheAwareFilter@34b9f960, org.springframework.security.web.servletapi.SecurityContextHolderAwareRequestFilter@43015c69, org.springframework.security.web.authentication.AnonymousAuthenticationFilter@5f20155b, org.springframework.security.web.session.SessionManagementFilter@74f6c5d8, org.springframework.security.web.access.ExceptionTranslationFilter@56dc1551, org.springframework.security.web.access.intercept.FilterSecurityInterceptor@24c22fe]
2022-04-12 18:28:15.050  INFO 1 --- [           main] s.w.s.m.m.a.RequestMappingHandlerAdapter : Looking for @ControllerAdvice: org.springframework.boot.context.embedded.AnnotationConfigEmbeddedWebApplicationContext@3b95a09c: startup date [Tue Apr 12 18:21:06 CST 2022]; root of context hierarchy
2022-04-12 18:28:40.245  INFO 1 --- [           main] o.s.s.c.ThreadPoolTaskScheduler          : Initializing ExecutorService 'taskScheduler'
2022-04-12 18:29:24.378  INFO 1 --- [           main] o.s.j.e.a.AnnotationMBeanExporter        : Registering beans for JMX exposure on startup
2022-04-12 18:29:24.998  INFO 1 --- [           main] o.s.j.e.a.AnnotationMBeanExporter        : Bean with name 'rabbitConnectionFactory' has been autodetected for JMX exposure
2022-04-12 18:29:25.268  INFO 1 --- [           main] o.s.j.e.a.AnnotationMBeanExporter        : Located managed bean 'rabbitConnectionFactory': registering with JMX server as MBean [org.springframework.amqp.rabbit.connection:name=rabbitConnectionFactory,type=CachingConnectionFactory]
2022-04-12 18:29:27.024  INFO 1 --- [           main] o.s.c.support.DefaultLifecycleProcessor  : Starting beans in phase 0
2022-04-12 18:29:30.540  INFO 1 --- [           main] o.s.i.endpoint.EventDrivenConsumer       : Adding {logging-channel-adapter:_org.springframework.integration.errorLogger} as a subscriber to the 'errorChannel' channel
2022-04-12 18:29:30.541  INFO 1 --- [           main] o.s.i.channel.PublishSubscribeChannel    : Channel 'ts-preserve-other-service:14569.errorChannel' has 1 subscriber(s).
2022-04-12 18:29:30.541  INFO 1 --- [           main] o.s.i.endpoint.EventDrivenConsumer       : started _org.springframework.integration.errorLogger
2022-04-12 18:29:30.541  INFO 1 --- [           main] o.s.c.support.DefaultLifecycleProcessor  : Starting beans in phase 2147483647
2022-04-12 18:29:31.674  INFO 1 --- [           main] d.s.w.p.DocumentationPluginsBootstrapper : Context refreshed
2022-04-12 18:29:32.797  INFO 1 --- [           main] d.s.w.p.DocumentationPluginsBootstrapper : Found 1 custom documentation plugin(s)
2022-04-12 18:29:33.125  INFO 1 --- [           main] s.d.s.w.s.ApiListingReferenceScanner     : Scanning for api listing references
2022-04-12 18:29:38.004  INFO 1 --- [           main] .d.s.w.r.o.CachingOperationNameGenerator : Generating unique operation named: findByPrincipalAndAfterAndTypeUsingGET_1
2022-04-12 18:29:41.677  INFO 1 --- [           main] .d.s.w.r.o.CachingOperationNameGenerator : Generating unique operation named: invokeUsingGET_1
2022-04-12 18:29:41.719  INFO 1 --- [           main] .d.s.w.r.o.CachingOperationNameGenerator : Generating unique operation named: invokeUsingGET_2
2022-04-12 18:29:41.827  INFO 1 --- [           main] .d.s.w.r.o.CachingOperationNameGenerator : Generating unique operation named: invokeUsingGET_3
2022-04-12 18:29:41.837  INFO 1 --- [           main] .d.s.w.r.o.CachingOperationNameGenerator : Generating unique operation named: invokeUsingGET_4
2022-04-12 18:29:41.841  INFO 1 --- [           main] .d.s.w.r.o.CachingOperationNameGenerator : Generating unique operation named: invokeUsingGET_5
2022-04-12 18:29:41.848  INFO 1 --- [           main] .d.s.w.r.o.CachingOperationNameGenerator : Generating unique operation named: invokeUsingGET_6
2022-04-12 18:29:41.854  INFO 1 --- [           main] .d.s.w.r.o.CachingOperationNameGenerator : Generating unique operation named: invokeUsingGET_7
2022-04-12 18:29:41.913  INFO 1 --- [           main] .d.s.w.r.o.CachingOperationNameGenerator : Generating unique operation named: invokeUsingGET_8
2022-04-12 18:29:41.928  INFO 1 --- [           main] .d.s.w.r.o.CachingOperationNameGenerator : Generating unique operation named: invokeUsingGET_9
2022-04-12 18:29:41.932  INFO 1 --- [           main] .d.s.w.r.o.CachingOperationNameGenerator : Generating unique operation named: invokeUsingGET_10
2022-04-12 18:29:41.936  INFO 1 --- [           main] .d.s.w.r.o.CachingOperationNameGenerator : Generating unique operation named: invokeUsingGET_11
2022-04-12 18:29:41.941  INFO 1 --- [           main] .d.s.w.r.o.CachingOperationNameGenerator : Generating unique operation named: invokeUsingGET_12
2022-04-12 18:29:41.947  INFO 1 --- [           main] .d.s.w.r.o.CachingOperationNameGenerator : Generating unique operation named: invokeUsingGET_13
2022-04-12 18:29:41.955  INFO 1 --- [           main] .d.s.w.r.o.CachingOperationNameGenerator : Generating unique operation named: invokeUsingGET_14
2022-04-12 18:29:41.959  INFO 1 --- [           main] .d.s.w.r.o.CachingOperationNameGenerator : Generating unique operation named: invokeUsingGET_15
2022-04-12 18:29:42.215  INFO 1 --- [           main] .d.s.w.r.o.CachingOperationNameGenerator : Generating unique operation named: invokeUsingGET_16
2022-04-12 18:29:42.281  INFO 1 --- [           main] .d.s.w.r.o.CachingOperationNameGenerator : Generating unique operation named: invokeUsingGET_17
2022-04-12 18:29:42.486  INFO 1 --- [           main] .d.s.w.r.o.CachingOperationNameGenerator : Generating unique operation named: invokeUsingGET_18
2022-04-12 18:29:42.790  INFO 1 --- [           main] .d.s.w.r.o.CachingOperationNameGenerator : Generating unique operation named: invokeUsingGET_19
2022-04-12 18:29:43.365  INFO 1 --- [           main] .d.s.w.r.o.CachingOperationNameGenerator : Generating unique operation named: invokeUsingGET_20
2022-04-12 18:29:43.370  INFO 1 --- [           main] .d.s.w.r.o.CachingOperationNameGenerator : Generating unique operation named: invokeUsingGET_21
2022-04-12 18:29:43.535  INFO 1 --- [           main] .d.s.w.r.o.CachingOperationNameGenerator : Generating unique operation named: invokeUsingGET_22
2022-04-12 18:29:43.566  INFO 1 --- [           main] .d.s.w.r.o.CachingOperationNameGenerator : Generating unique operation named: invokeUsingGET_23
2022-04-12 18:29:43.685  INFO 1 --- [           main] .d.s.w.r.o.CachingOperationNameGenerator : Generating unique operation named: valueUsingGET_1
2022-04-12 18:29:46.632  INFO 1 --- [           main] s.b.c.e.t.TomcatEmbeddedServletContainer : Tomcat started on port(s): 14569 (http)
2022-04-12 18:29:47.106  INFO 1 --- [           main] preserveOther.PreserveOtherApplication   : Started PreserveOtherApplication in 582.66 seconds (JVM running for 609.428)
