
  .   ____          _            __ _ _
 /\\ / ___'_ __ _ _(_)_ __  __ _ \ \ \ \
( ( )\___ | '_ | '_| | '_ \/ _` | \ \ \ \
 \\/  ___)| |_)| | | | | || (_| |  ) ) ) )
  '  |____| .__|_| |_|_| |_\__, | / / / /
 =========|_|==============|___/=/_/_/_/
 :: Spring Boot ::       (v1.5.22.RELEASE)

2022-04-11 17:08:56.797  INFO 1 --- [           main] travel2.Travel2Application               : Starting Travel2Application v1.0 on ts-travel2-service-7ccbbfd6df-j5smh with PID 1 (/app/ts-travel2-service-1.0.jar started by root in /)
2022-04-11 17:08:56.936  INFO 1 --- [           main] travel2.Travel2Application               : No active profile set, falling back to default profiles: default
2022-04-11 17:08:59.194  INFO 1 --- [           main] ationConfigEmbeddedWebApplicationContext : Refreshing org.springframework.boot.context.embedded.AnnotationConfigEmbeddedWebApplicationContext@4dcbadb4: startup date [Mon Apr 11 17:08:59 CST 2022]; root of context hierarchy
2022-04-11 17:10:33.735  INFO 1 --- [           main] o.s.i.config.IntegrationRegistrar        : No bean named 'integrationHeaderChannelRegistry' has been explicitly defined. Therefore, a default DefaultHeaderChannelRegistry will be created.
2022-04-11 17:10:44.713  INFO 1 --- [           main] faultConfiguringBeanFactoryPostProcessor : No bean named 'errorChannel' has been explicitly defined. Therefore, a default PublishSubscribeChannel will be created.
2022-04-11 17:10:44.811  INFO 1 --- [           main] faultConfiguringBeanFactoryPostProcessor : No bean named 'taskScheduler' has been explicitly defined. Therefore, a default ThreadPoolTaskScheduler will be created.
2022-04-11 17:10:51.866  INFO 1 --- [           main] trationDelegate$BeanPostProcessorChecker : Bean 'org.springframework.security.config.annotation.configuration.ObjectPostProcessorConfiguration' of type [org.springframework.security.config.annotation.configuration.ObjectPostProcessorConfiguration$$EnhancerBySpringCGLIB$$1f3be9ce] is not eligible for getting processed by all BeanPostProcessors (for example: not eligible for auto-proxying)
2022-04-11 17:10:52.204  INFO 1 --- [           main] trationDelegate$BeanPostProcessorChecker : Bean 'objectPostProcessor' of type [org.springframework.security.config.annotation.configuration.AutowireBeanFactoryObjectPostProcessor] is not eligible for getting processed by all BeanPostProcessors (for example: not eligible for auto-proxying)
2022-04-11 17:10:52.273  INFO 1 --- [           main] trationDelegate$BeanPostProcessorChecker : Bean 'org.springframework.security.access.expression.method.DefaultMethodSecurityExpressionHandler@75d4a5c2' of type [org.springframework.security.access.expression.method.DefaultMethodSecurityExpressionHandler] is not eligible for getting processed by all BeanPostProcessors (for example: not eligible for auto-proxying)
2022-04-11 17:10:52.369  INFO 1 --- [           main] trationDelegate$BeanPostProcessorChecker : Bean 'org.springframework.security.config.annotation.method.configuration.GlobalMethodSecurityConfiguration' of type [org.springframework.security.config.annotation.method.configuration.GlobalMethodSecurityConfiguration$$EnhancerBySpringCGLIB$$44108c80] is not eligible for getting processed by all BeanPostProcessors (for example: not eligible for auto-proxying)
2022-04-11 17:10:53.270  INFO 1 --- [           main] trationDelegate$BeanPostProcessorChecker : Bean 'methodSecurityMetadataSource' of type [org.springframework.security.access.method.DelegatingMethodSecurityMetadataSource] is not eligible for getting processed by all BeanPostProcessors (for example: not eligible for auto-proxying)
2022-04-11 17:10:55.230  INFO 1 --- [           main] trationDelegate$BeanPostProcessorChecker : Bean 'integrationGlobalProperties' of type [org.springframework.beans.factory.config.PropertiesFactoryBean] is not eligible for getting processed by all BeanPostProcessors (for example: not eligible for auto-proxying)
2022-04-11 17:10:55.370  INFO 1 --- [           main] trationDelegate$BeanPostProcessorChecker : Bean 'integrationGlobalProperties' of type [java.util.Properties] is not eligible for getting processed by all BeanPostProcessors (for example: not eligible for auto-proxying)
2022-04-11 17:11:15.254  INFO 1 --- [           main] s.b.c.e.t.TomcatEmbeddedServletContainer : Tomcat initialized with port(s): 16346 (http)
2022-04-11 17:11:17.015  INFO 1 --- [           main] o.apache.catalina.core.StandardService   : Starting service [Tomcat]
2022-04-11 17:11:17.015  INFO 1 --- [           main] org.apache.catalina.core.StandardEngine  : Starting Servlet Engine: Apache Tomcat/8.5.43
2022-04-11 17:11:19.657  INFO 1 --- [ost-startStop-1] o.a.c.c.C.[Tomcat].[localhost].[/]       : Initializing Spring embedded WebApplicationContext
2022-04-11 17:11:19.658  INFO 1 --- [ost-startStop-1] o.s.web.context.ContextLoader            : Root WebApplicationContext: initialization completed in 140553 ms
2022-04-11 17:11:34.754  INFO 1 --- [ost-startStop-1] o.s.b.w.servlet.FilterRegistrationBean   : Mapping filter: 'metricsFilter' to: [/*]
2022-04-11 17:11:34.817  INFO 1 --- [ost-startStop-1] o.s.b.w.servlet.FilterRegistrationBean   : Mapping filter: 'characterEncodingFilter' to: [/*]
2022-04-11 17:11:34.861  INFO 1 --- [ost-startStop-1] o.s.b.w.servlet.FilterRegistrationBean   : Mapping filter: 'hiddenHttpMethodFilter' to: [/*]
2022-04-11 17:11:34.892  INFO 1 --- [ost-startStop-1] o.s.b.w.servlet.FilterRegistrationBean   : Mapping filter: 'httpPutFormContentFilter' to: [/*]
2022-04-11 17:11:34.902  INFO 1 --- [ost-startStop-1] o.s.b.w.servlet.FilterRegistrationBean   : Mapping filter: 'requestContextFilter' to: [/*]
2022-04-11 17:11:34.962  INFO 1 --- [ost-startStop-1] .s.DelegatingFilterProxyRegistrationBean : Mapping filter: 'springSecurityFilterChain' to: [/*]
2022-04-11 17:11:34.963  INFO 1 --- [ost-startStop-1] o.s.b.w.servlet.FilterRegistrationBean   : Mapping filter: 'webRequestLoggingFilter' to: [/*]
2022-04-11 17:11:34.963  INFO 1 --- [ost-startStop-1] o.s.b.w.servlet.FilterRegistrationBean   : Mapping filter: 'applicationContextIdFilter' to: [/*]
2022-04-11 17:11:34.965  INFO 1 --- [ost-startStop-1] o.s.b.w.servlet.ServletRegistrationBean  : Mapping servlet: 'dispatcherServlet' to [/]
2022-04-11 17:12:21.011  INFO 1 --- [           main] org.mongodb.driver.cluster               : Cluster created with settings {hosts=[ts-travel2-mongo:27017], mode=MULTIPLE, requiredClusterType=UNKNOWN, serverSelectionTimeout='30000 ms', maxWaitQueueSize=500}
2022-04-11 17:12:21.024  INFO 1 --- [           main] org.mongodb.driver.cluster               : Adding discovered server ts-travel2-mongo:27017 to client view of cluster
2022-04-11 17:12:38.965  INFO 1 --- [el2-mongo:27017] org.mongodb.driver.connection            : Opened connection [connectionId{localValue:1, serverValue:1}] to ts-travel2-mongo:27017
2022-04-11 17:12:39.330  INFO 1 --- [el2-mongo:27017] org.mongodb.driver.cluster               : Monitor thread successfully connected to server with description ServerDescription{address=ts-travel2-mongo:27017, type=STANDALONE, state=CONNECTED, ok=true, version=ServerVersion{versionList=[5, 0, 6]}, minWireVersion=0, maxWireVersion=13, maxDocumentSize=16777216, roundTripTimeNanos=97836319}
2022-04-11 17:12:40.246  INFO 1 --- [el2-mongo:27017] org.mongodb.driver.cluster               : Discovered cluster type of STANDALONE
2022-04-11 17:13:26.942  INFO 1 --- [           main] s.w.s.m.m.a.RequestMappingHandlerMapping : Mapped "{[/api/v1/travel2service/trips/{tripId}],methods=[GET]}" onto public org.springframework.http.HttpEntity travel2.controller.Travel2Controller.retrieve(java.lang.String,org.springframework.http.HttpHeaders)
2022-04-11 17:13:27.053  INFO 1 --- [           main] s.w.s.m.m.a.RequestMappingHandlerMapping : Mapped "{[/api/v1/travel2service/trips/routes],methods=[POST]}" onto public org.springframework.http.HttpEntity travel2.controller.Travel2Controller.getTripsByRouteId(java.util.ArrayList<java.lang.String>,org.springframework.http.HttpHeaders)
2022-04-11 17:13:27.054  INFO 1 --- [           main] s.w.s.m.m.a.RequestMappingHandlerMapping : Mapped "{[/api/v1/travel2service/trips],methods=[POST]}" onto public org.springframework.http.HttpEntity<?> travel2.controller.Travel2Controller.createTrip(travel2.entity.TravelInfo,org.springframework.http.HttpHeaders)
2022-04-11 17:13:27.056  INFO 1 --- [           main] s.w.s.m.m.a.RequestMappingHandlerMapping : Mapped "{[/api/v1/travel2service/trips],methods=[PUT]}" onto public org.springframework.http.HttpEntity travel2.controller.Travel2Controller.updateTrip(travel2.entity.TravelInfo,org.springframework.http.HttpHeaders)
2022-04-11 17:13:27.057  INFO 1 --- [           main] s.w.s.m.m.a.RequestMappingHandlerMapping : Mapped "{[/api/v1/travel2service/trips/{tripId}],methods=[DELETE]}" onto public org.springframework.http.HttpEntity travel2.controller.Travel2Controller.deleteTrip(java.lang.String,org.springframework.http.HttpHeaders)
2022-04-11 17:13:27.060  INFO 1 --- [           main] s.w.s.m.m.a.RequestMappingHandlerMapping : Mapped "{[/api/v1/travel2service/trips/left],methods=[POST]}" onto public org.springframework.http.HttpEntity travel2.controller.Travel2Controller.queryInfo(travel2.entity.TripInfo,org.springframework.http.HttpHeaders)
2022-04-11 17:13:27.061  INFO 1 --- [           main] s.w.s.m.m.a.RequestMappingHandlerMapping : Mapped "{[/api/v1/travel2service/welcome],methods=[GET]}" onto public java.lang.String travel2.controller.Travel2Controller.home(org.springframework.http.HttpHeaders)
2022-04-11 17:13:27.063  INFO 1 --- [           main] s.w.s.m.m.a.RequestMappingHandlerMapping : Mapped "{[/api/v1/travel2service/routes/{tripId}],methods=[GET]}" onto public org.springframework.http.HttpEntity travel2.controller.Travel2Controller.getRouteByTripId(java.lang.String,org.springframework.http.HttpHeaders)
2022-04-11 17:13:27.064  INFO 1 --- [           main] s.w.s.m.m.a.RequestMappingHandlerMapping : Mapped "{[/api/v1/travel2service/trips],methods=[GET]}" onto public org.springframework.http.HttpEntity travel2.controller.Travel2Controller.queryAll(org.springframework.http.HttpHeaders)
2022-04-11 17:13:27.065  INFO 1 --- [           main] s.w.s.m.m.a.RequestMappingHandlerMapping : Mapped "{[/api/v1/travel2service/admin_trip],methods=[GET]}" onto public org.springframework.http.HttpEntity travel2.controller.Travel2Controller.adminQueryAll(org.springframework.http.HttpHeaders)
2022-04-11 17:13:27.066  INFO 1 --- [           main] s.w.s.m.m.a.RequestMappingHandlerMapping : Mapped "{[/api/v1/travel2service/train_types/{tripId}],methods=[GET]}" onto public org.springframework.http.HttpEntity travel2.controller.Travel2Controller.getTrainTypeByTripId(java.lang.String,org.springframework.http.HttpHeaders)
2022-04-11 17:13:27.069  INFO 1 --- [           main] s.w.s.m.m.a.RequestMappingHandlerMapping : Mapped "{[/api/v1/travel2service/trip_detail],methods=[POST]}" onto public org.springframework.http.HttpEntity travel2.controller.Travel2Controller.getTripAllDetailInfo(travel2.entity.TripAllDetailInfo,org.springframework.http.HttpHeaders)
2022-04-11 17:13:27.137  INFO 1 --- [           main] s.w.s.m.m.a.RequestMappingHandlerMapping : Mapped "{[/v2/api-docs],methods=[GET],produces=[application/json || application/hal+json]}" onto public org.springframework.http.ResponseEntity<springfox.documentation.spring.web.json.Json> springfox.documentation.swagger2.web.Swagger2Controller.getDocumentation(java.lang.String,javax.servlet.http.HttpServletRequest)
2022-04-11 17:13:27.143  INFO 1 --- [           main] s.w.s.m.m.a.RequestMappingHandlerMapping : Mapped "{[/configuration/security]}" onto org.springframework.http.ResponseEntity<springfox.documentation.swagger.web.SecurityConfiguration> springfox.documentation.swagger.web.ApiResourceController.securityConfiguration()
2022-04-11 17:13:27.153  INFO 1 --- [           main] s.w.s.m.m.a.RequestMappingHandlerMapping : Mapped "{[/configuration/ui]}" onto org.springframework.http.ResponseEntity<springfox.documentation.swagger.web.UiConfiguration> springfox.documentation.swagger.web.ApiResourceController.uiConfiguration()
2022-04-11 17:13:27.156  INFO 1 --- [           main] s.w.s.m.m.a.RequestMappingHandlerMapping : Mapped "{[/swagger-resources]}" onto org.springframework.http.ResponseEntity<java.util.List<springfox.documentation.swagger.web.SwaggerResource>> springfox.documentation.swagger.web.ApiResourceController.swaggerResources()
2022-04-11 17:13:27.343  INFO 1 --- [           main] s.w.s.m.m.a.RequestMappingHandlerMapping : Mapped "{[/error],produces=[text/html]}" onto public org.springframework.web.servlet.ModelAndView org.springframework.boot.autoconfigure.web.BasicErrorController.errorHtml(javax.servlet.http.HttpServletRequest,javax.servlet.http.HttpServletResponse)
2022-04-11 17:13:27.348  INFO 1 --- [           main] s.w.s.m.m.a.RequestMappingHandlerMapping : Mapped "{[/error]}" onto public org.springframework.http.ResponseEntity<java.util.Map<java.lang.String, java.lang.Object>> org.springframework.boot.autoconfigure.web.BasicErrorController.error(javax.servlet.http.HttpServletRequest)
2022-04-11 17:13:36.533  INFO 1 --- [           main] o.s.b.a.e.mvc.EndpointHandlerMapping     : Mapped "{[/trace || /trace.json],methods=[GET],produces=[application/vnd.spring-boot.actuator.v1+json || application/json]}" onto public java.lang.Object org.springframework.boot.actuate.endpoint.mvc.EndpointMvcAdapter.invoke()
2022-04-11 17:13:36.539  INFO 1 --- [           main] o.s.b.a.e.mvc.EndpointHandlerMapping     : Mapped "{[/mappings || /mappings.json],methods=[GET],produces=[application/vnd.spring-boot.actuator.v1+json || application/json]}" onto public java.lang.Object org.springframework.boot.actuate.endpoint.mvc.EndpointMvcAdapter.invoke()
2022-04-11 17:13:36.541  INFO 1 --- [           main] o.s.b.a.e.mvc.EndpointHandlerMapping     : Mapped "{[/beans || /beans.json],methods=[GET],produces=[application/vnd.spring-boot.actuator.v1+json || application/json]}" onto public java.lang.Object org.springframework.boot.actuate.endpoint.mvc.EndpointMvcAdapter.invoke()
2022-04-11 17:13:36.632  INFO 1 --- [           main] o.s.b.a.e.mvc.EndpointHandlerMapping     : Mapped "{[/heapdump || /heapdump.json],methods=[GET],produces=[application/octet-stream]}" onto public void org.springframework.boot.actuate.endpoint.mvc.HeapdumpMvcEndpoint.invoke(boolean,javax.servlet.http.HttpServletRequest,javax.servlet.http.HttpServletResponse) throws java.io.IOException,javax.servlet.ServletException
2022-04-11 17:13:36.634  INFO 1 --- [           main] o.s.b.a.e.mvc.EndpointHandlerMapping     : Mapped "{[/autoconfig || /autoconfig.json],methods=[GET],produces=[application/vnd.spring-boot.actuator.v1+json || application/json]}" onto public java.lang.Object org.springframework.boot.actuate.endpoint.mvc.EndpointMvcAdapter.invoke()
2022-04-11 17:13:36.636  INFO 1 --- [           main] o.s.b.a.e.mvc.EndpointHandlerMapping     : Mapped "{[/dump || /dump.json],methods=[GET],produces=[application/vnd.spring-boot.actuator.v1+json || application/json]}" onto public java.lang.Object org.springframework.boot.actuate.endpoint.mvc.EndpointMvcAdapter.invoke()
2022-04-11 17:13:36.643  INFO 1 --- [           main] o.s.b.a.e.mvc.EndpointHandlerMapping     : Mapped "{[/env/{name:.*}],methods=[GET],produces=[application/vnd.spring-boot.actuator.v1+json || application/json]}" onto public java.lang.Object org.springframework.boot.actuate.endpoint.mvc.EnvironmentMvcEndpoint.value(java.lang.String)
2022-04-11 17:13:36.644  INFO 1 --- [           main] o.s.b.a.e.mvc.EndpointHandlerMapping     : Mapped "{[/env || /env.json],methods=[GET],produces=[application/vnd.spring-boot.actuator.v1+json || application/json]}" onto public java.lang.Object org.springframework.boot.actuate.endpoint.mvc.EndpointMvcAdapter.invoke()
2022-04-11 17:13:36.646  INFO 1 --- [           main] o.s.b.a.e.mvc.EndpointHandlerMapping     : Mapped "{[/health || /health.json],methods=[GET],produces=[application/vnd.spring-boot.actuator.v1+json || application/json]}" onto public java.lang.Object org.springframework.boot.actuate.endpoint.mvc.HealthMvcEndpoint.invoke(javax.servlet.http.HttpServletRequest,java.security.Principal)
2022-04-11 17:13:36.736  INFO 1 --- [           main] o.s.b.a.e.mvc.EndpointHandlerMapping     : Mapped "{[/info || /info.json],methods=[GET],produces=[application/vnd.spring-boot.actuator.v1+json || application/json]}" onto public java.lang.Object org.springframework.boot.actuate.endpoint.mvc.EndpointMvcAdapter.invoke()
2022-04-11 17:13:36.744  INFO 1 --- [           main] o.s.b.a.e.mvc.EndpointHandlerMapping     : Mapped "{[/configprops || /configprops.json],methods=[GET],produces=[application/vnd.spring-boot.actuator.v1+json || application/json]}" onto public java.lang.Object org.springframework.boot.actuate.endpoint.mvc.EndpointMvcAdapter.invoke()
2022-04-11 17:13:36.747  INFO 1 --- [           main] o.s.b.a.e.mvc.EndpointHandlerMapping     : Mapped "{[/metrics/{name:.*}],methods=[GET],produces=[application/vnd.spring-boot.actuator.v1+json || application/json]}" onto public java.lang.Object org.springframework.boot.actuate.endpoint.mvc.MetricsMvcEndpoint.value(java.lang.String)
2022-04-11 17:13:36.748  INFO 1 --- [           main] o.s.b.a.e.mvc.EndpointHandlerMapping     : Mapped "{[/metrics || /metrics.json],methods=[GET],produces=[application/vnd.spring-boot.actuator.v1+json || application/json]}" onto public java.lang.Object org.springframework.boot.actuate.endpoint.mvc.EndpointMvcAdapter.invoke()
2022-04-11 17:13:36.838  INFO 1 --- [           main] o.s.b.a.e.mvc.EndpointHandlerMapping     : Mapped "{[/loggers/{name:.*}],methods=[GET],produces=[application/vnd.spring-boot.actuator.v1+json || application/json]}" onto public java.lang.Object org.springframework.boot.actuate.endpoint.mvc.LoggersMvcEndpoint.get(java.lang.String)
2022-04-11 17:13:36.839  INFO 1 --- [           main] o.s.b.a.e.mvc.EndpointHandlerMapping     : Mapped "{[/loggers/{name:.*}],methods=[POST],consumes=[application/vnd.spring-boot.actuator.v1+json || application/json],produces=[application/vnd.spring-boot.actuator.v1+json || application/json]}" onto public java.lang.Object org.springframework.boot.actuate.endpoint.mvc.LoggersMvcEndpoint.set(java.lang.String,java.util.Map<java.lang.String, java.lang.String>)
2022-04-11 17:13:36.843  INFO 1 --- [           main] o.s.b.a.e.mvc.EndpointHandlerMapping     : Mapped "{[/loggers || /loggers.json],methods=[GET],produces=[application/vnd.spring-boot.actuator.v1+json || application/json]}" onto public java.lang.Object org.springframework.boot.actuate.endpoint.mvc.EndpointMvcAdapter.invoke()
2022-04-11 17:13:36.844  INFO 1 --- [           main] o.s.b.a.e.mvc.EndpointHandlerMapping     : Mapped "{[/auditevents || /auditevents.json],methods=[GET],produces=[application/vnd.spring-boot.actuator.v1+json || application/json]}" onto public org.springframework.http.ResponseEntity<?> org.springframework.boot.actuate.endpoint.mvc.AuditEventsMvcEndpoint.findByPrincipalAndAfterAndType(java.lang.String,java.util.Date,java.lang.String)
2022-04-11 17:13:45.738  INFO 1 --- [           main] b.a.s.AuthenticationManagerConfiguration : 

Using default security password: c0fe23b1-0312-4356-bfd1-b40ef7273d5e

2022-04-11 17:13:56.728  INFO 1 --- [           main] o.s.s.web.DefaultSecurityFilterChain     : Creating filter chain: org.springframework.security.web.util.matcher.AnyRequestMatcher@1, [org.springframework.security.web.context.request.async.WebAsyncManagerIntegrationFilter@1b8a29df, org.springframework.security.web.context.SecurityContextPersistenceFilter@a307a8c, org.springframework.security.web.header.HeaderWriterFilter@404bbcbd, org.springframework.security.web.authentication.logout.LogoutFilter@3fc79729, edu.fudan.common.security.jwt.JWTFilter@4fbe37eb, org.springframework.security.web.savedrequest.RequestCacheAwareFilter@2b9ed6da, org.springframework.security.web.servletapi.SecurityContextHolderAwareRequestFilter@421e361, org.springframework.security.web.authentication.AnonymousAuthenticationFilter@12a94400, org.springframework.security.web.session.SessionManagementFilter@1acaf3d, org.springframework.security.web.access.ExceptionTranslationFilter@4b5189ac, org.springframework.security.web.access.intercept.FilterSecurityInterceptor@57ad2aa7]
2022-04-11 17:14:00.063  INFO 1 --- [           main] o.s.w.s.handler.SimpleUrlHandlerMapping  : Mapped URL path [/webjars/**] onto handler of type [class org.springframework.web.servlet.resource.ResourceHttpRequestHandler]
2022-04-11 17:14:00.064  INFO 1 --- [           main] o.s.w.s.handler.SimpleUrlHandlerMapping  : Mapped URL path [/**] onto handler of type [class org.springframework.web.servlet.resource.ResourceHttpRequestHandler]
2022-04-11 17:14:01.220  INFO 1 --- [           main] o.s.w.s.handler.SimpleUrlHandlerMapping  : Mapped URL path [/**/favicon.ico] onto handler of type [class org.springframework.web.servlet.resource.ResourceHttpRequestHandler]
2022-04-11 17:14:02.114  INFO 1 --- [           main] o.s.s.web.DefaultSecurityFilterChain     : Creating filter chain: org.springframework.boot.actuate.autoconfigure.ManagementWebSecurityAutoConfiguration$LazyEndpointPathRequestMatcher@df6620a, [org.springframework.security.web.context.request.async.WebAsyncManagerIntegrationFilter@4e31276e, org.springframework.security.web.context.SecurityContextPersistenceFilter@616ac46a, org.springframework.security.web.header.HeaderWriterFilter@6fa34d52, org.springframework.web.filter.CorsFilter@1a72a540, org.springframework.security.web.authentication.logout.LogoutFilter@7ef27d7f, org.springframework.security.web.authentication.www.BasicAuthenticationFilter@55cf0d14, org.springframework.security.web.savedrequest.RequestCacheAwareFilter@67b9b51a, org.springframework.security.web.servletapi.SecurityContextHolderAwareRequestFilter@1205bd62, org.springframework.security.web.authentication.AnonymousAuthenticationFilter@27d5a580, org.springframework.security.web.session.SessionManagementFilter@57576994, org.springframework.security.web.access.ExceptionTranslationFilter@125290e5, org.springframework.security.web.access.intercept.FilterSecurityInterceptor@28d18df5]
2022-04-11 17:14:05.132  INFO 1 --- [           main] s.w.s.m.m.a.RequestMappingHandlerAdapter : Looking for @ControllerAdvice: org.springframework.boot.context.embedded.AnnotationConfigEmbeddedWebApplicationContext@4dcbadb4: startup date [Mon Apr 11 17:08:59 CST 2022]; root of context hierarchy
2022-04-11 17:14:16.115  INFO 1 --- [           main] o.s.s.c.ThreadPoolTaskScheduler          : Initializing ExecutorService 'taskScheduler'
2022-04-11 17:14:25.209  INFO 1 --- [           main] o.s.j.e.a.AnnotationMBeanExporter        : Registering beans for JMX exposure on startup
2022-04-11 17:14:25.611  INFO 1 --- [           main] o.s.c.support.DefaultLifecycleProcessor  : Starting beans in phase 0
2022-04-11 17:14:26.906  INFO 1 --- [           main] o.s.i.endpoint.EventDrivenConsumer       : Adding {logging-channel-adapter:_org.springframework.integration.errorLogger} as a subscriber to the 'errorChannel' channel
2022-04-11 17:14:26.906  INFO 1 --- [           main] o.s.i.channel.PublishSubscribeChannel    : Channel 'ts-travel2-service:16346.errorChannel' has 1 subscriber(s).
2022-04-11 17:14:26.906  INFO 1 --- [           main] o.s.i.endpoint.EventDrivenConsumer       : started _org.springframework.integration.errorLogger
2022-04-11 17:14:27.214  INFO 1 --- [           main] d.s.w.p.DocumentationPluginsBootstrapper : Context refreshed
2022-04-11 17:14:28.102  INFO 1 --- [           main] d.s.w.p.DocumentationPluginsBootstrapper : Found 1 custom documentation plugin(s)
2022-04-11 17:14:28.415  INFO 1 --- [           main] s.d.s.w.s.ApiListingReferenceScanner     : Scanning for api listing references
2022-04-11 17:14:30.192  INFO 1 --- [           main] .d.s.w.r.o.CachingOperationNameGenerator : Generating unique operation named: findByPrincipalAndAfterAndTypeUsingGET_1
2022-04-11 17:14:31.092  INFO 1 --- [           main] .d.s.w.r.o.CachingOperationNameGenerator : Generating unique operation named: invokeUsingGET_1
2022-04-11 17:14:31.105  INFO 1 --- [           main] .d.s.w.r.o.CachingOperationNameGenerator : Generating unique operation named: invokeUsingGET_2
2022-04-11 17:14:31.116  INFO 1 --- [           main] .d.s.w.r.o.CachingOperationNameGenerator : Generating unique operation named: invokeUsingGET_3
2022-04-11 17:14:31.121  INFO 1 --- [           main] .d.s.w.r.o.CachingOperationNameGenerator : Generating unique operation named: invokeUsingGET_4
2022-04-11 17:14:31.126  INFO 1 --- [           main] .d.s.w.r.o.CachingOperationNameGenerator : Generating unique operation named: invokeUsingGET_5
2022-04-11 17:14:31.192  INFO 1 --- [           main] .d.s.w.r.o.CachingOperationNameGenerator : Generating unique operation named: invokeUsingGET_6
2022-04-11 17:14:31.199  INFO 1 --- [           main] .d.s.w.r.o.CachingOperationNameGenerator : Generating unique operation named: invokeUsingGET_7
2022-04-11 17:14:31.204  INFO 1 --- [           main] .d.s.w.r.o.CachingOperationNameGenerator : Generating unique operation named: invokeUsingGET_8
2022-04-11 17:14:31.209  INFO 1 --- [           main] .d.s.w.r.o.CachingOperationNameGenerator : Generating unique operation named: invokeUsingGET_9
2022-04-11 17:14:31.219  INFO 1 --- [           main] .d.s.w.r.o.CachingOperationNameGenerator : Generating unique operation named: invokeUsingGET_10
2022-04-11 17:14:31.224  INFO 1 --- [           main] .d.s.w.r.o.CachingOperationNameGenerator : Generating unique operation named: invokeUsingGET_11
2022-04-11 17:14:31.293  INFO 1 --- [           main] .d.s.w.r.o.CachingOperationNameGenerator : Generating unique operation named: invokeUsingGET_12
2022-04-11 17:14:31.297  INFO 1 --- [           main] .d.s.w.r.o.CachingOperationNameGenerator : Generating unique operation named: invokeUsingGET_13
2022-04-11 17:14:31.303  INFO 1 --- [           main] .d.s.w.r.o.CachingOperationNameGenerator : Generating unique operation named: invokeUsingGET_14
2022-04-11 17:14:31.309  INFO 1 --- [           main] .d.s.w.r.o.CachingOperationNameGenerator : Generating unique operation named: invokeUsingGET_15
2022-04-11 17:14:31.490  INFO 1 --- [           main] .d.s.w.r.o.CachingOperationNameGenerator : Generating unique operation named: invokeUsingGET_16
2022-04-11 17:14:31.500  INFO 1 --- [           main] .d.s.w.r.o.CachingOperationNameGenerator : Generating unique operation named: invokeUsingGET_17
2022-04-11 17:14:31.592  INFO 1 --- [           main] .d.s.w.r.o.CachingOperationNameGenerator : Generating unique operation named: invokeUsingGET_18
2022-04-11 17:14:31.601  INFO 1 --- [           main] .d.s.w.r.o.CachingOperationNameGenerator : Generating unique operation named: invokeUsingGET_19
2022-04-11 17:14:31.710  INFO 1 --- [           main] .d.s.w.r.o.CachingOperationNameGenerator : Generating unique operation named: invokeUsingGET_20
2022-04-11 17:14:31.798  INFO 1 --- [           main] .d.s.w.r.o.CachingOperationNameGenerator : Generating unique operation named: invokeUsingGET_21
2022-04-11 17:14:31.900  INFO 1 --- [           main] .d.s.w.r.o.CachingOperationNameGenerator : Generating unique operation named: invokeUsingGET_22
2022-04-11 17:14:31.991  INFO 1 --- [           main] .d.s.w.r.o.CachingOperationNameGenerator : Generating unique operation named: invokeUsingGET_23
2022-04-11 17:14:31.999  INFO 1 --- [           main] .d.s.w.r.o.CachingOperationNameGenerator : Generating unique operation named: valueUsingGET_1
2022-04-11 17:14:34.392  INFO 1 --- [           main] s.b.c.e.t.TomcatEmbeddedServletContainer : Tomcat started on port(s): 16346 (http)
2022-04-11 17:14:36.162  INFO 1 --- [           main] org.mongodb.driver.connection            : Opened connection [connectionId{localValue:2, serverValue:2}] to ts-travel2-mongo:27017
2022-04-11 17:14:37.215  INFO 1 --- [           main] travel2.Travel2Application               : Started Travel2Application in 450.899 seconds (JVM running for 496.879)
2022-04-11 17:25:10.233  INFO 1 --- [io-16346-exec-7] o.a.c.c.C.[Tomcat].[localhost].[/]       : Initializing Spring FrameworkServlet 'dispatcherServlet'
2022-04-11 17:25:10.234  INFO 1 --- [io-16346-exec-7] o.s.web.servlet.DispatcherServlet        : FrameworkServlet 'dispatcherServlet': initialization started
2022-04-11 17:25:11.356  INFO 1 --- [io-16346-exec-7] o.s.web.servlet.DispatcherServlet        : FrameworkServlet 'dispatcherServlet': initialization completed in 1121 ms
2022-04-11 17:25:20.931  INFO 1 --- [io-16346-exec-7] travel2.controller.Travel2Controller     : Query TripResponse
2022-04-11 17:25:20.941  INFO 1 --- [io-16346-exec-9] travel2.controller.Travel2Controller     : Query TripResponse
2022-04-11 17:25:21.531  INFO 1 --- [o-16346-exec-10] travel2.controller.Travel2Controller     : Query TripResponse
2022-04-11 17:25:24.483  INFO 1 --- [io-16346-exec-7] org.mongodb.driver.connection            : Opened connection [connectionId{localValue:3, serverValue:3}] to ts-travel2-mongo:27017
2022-04-11 17:25:25.021  INFO 1 --- [io-16346-exec-9] travel2.service.Travel2ServiceImpl       : [Get Route By Id] Route ID：0b23bd3e-876a-4af3-b920-c50a90c90b04
2022-04-11 17:25:25.109  INFO 1 --- [o-16346-exec-10] travel2.service.Travel2ServiceImpl       : [Get Route By Id] Route ID：0b23bd3e-876a-4af3-b920-c50a90c90b04
2022-04-11 17:25:25.111  INFO 1 --- [io-16346-exec-7] travel2.service.Travel2ServiceImpl       : [Get Route By Id] Route ID：0b23bd3e-876a-4af3-b920-c50a90c90b04
2022-04-11 17:25:25.632  INFO 1 --- [o-16346-exec-10] travel2.service.Travel2ServiceImpl       : [Get Route By Id] Success.
2022-04-11 17:25:26.510  INFO 1 --- [io-16346-exec-9] travel2.service.Travel2ServiceImpl       : [Get Route By Id] Success.
2022-04-11 17:25:26.549  INFO 1 --- [io-16346-exec-7] travel2.service.Travel2ServiceImpl       : [Get Route By Id] Success.
2022-04-11 17:25:27.080  INFO 1 --- [io-16346-exec-7] travel2.service.Travel2ServiceImpl       : [Get Route By Id] Route ID：9fc9c261-3263-4bfa-82f8-bb44e06b2f52
2022-04-11 17:25:27.138  INFO 1 --- [o-16346-exec-10] travel2.service.Travel2ServiceImpl       : [Get Route By Id] Route ID：9fc9c261-3263-4bfa-82f8-bb44e06b2f52
2022-04-11 17:25:27.415  INFO 1 --- [io-16346-exec-9] travel2.service.Travel2ServiceImpl       : [Get Route By Id] Route ID：9fc9c261-3263-4bfa-82f8-bb44e06b2f52
2022-04-11 17:25:27.754  INFO 1 --- [o-16346-exec-10] travel2.service.Travel2ServiceImpl       : [Get Route By Id] Success.
2022-04-11 17:25:27.755  INFO 1 --- [io-16346-exec-7] travel2.service.Travel2ServiceImpl       : [Get Route By Id] Success.
2022-04-11 17:25:27.922  INFO 1 --- [o-16346-exec-10] travel2.service.Travel2ServiceImpl       : [Get Route By Id] Route ID：d693a2c5-ef87-4a3c-bef8-600b43f62c68
2022-04-11 17:25:28.180  INFO 1 --- [io-16346-exec-7] travel2.service.Travel2ServiceImpl       : [Get Route By Id] Route ID：d693a2c5-ef87-4a3c-bef8-600b43f62c68
2022-04-11 17:25:28.329  INFO 1 --- [io-16346-exec-9] travel2.service.Travel2ServiceImpl       : [Get Route By Id] Success.
2022-04-11 17:25:28.406  INFO 1 --- [io-16346-exec-9] travel2.service.Travel2ServiceImpl       : [Get Route By Id] Route ID：d693a2c5-ef87-4a3c-bef8-600b43f62c68
2022-04-11 17:25:28.752  INFO 1 --- [io-16346-exec-9] travel2.service.Travel2ServiceImpl       : [Get Route By Id] Success.
2022-04-11 17:25:28.874  INFO 1 --- [o-16346-exec-10] travel2.service.Travel2ServiceImpl       : [Get Route By Id] Success.
2022-04-11 17:25:29.358  INFO 1 --- [io-16346-exec-7] travel2.service.Travel2ServiceImpl       : [Get Route By Id] Success.
2022-04-11 17:25:49.672  INFO 1 --- [o-16346-exec-10] travel2.service.Travel2ServiceImpl       : Ticket info  is: Response(status=1, msg=Success, data=TravelResult(status=true, percent=1.0, trainType=TrainType(id=ZhiDa, economyClass=2147483647, confortClass=2147483647, averageSpeed=120), prices={confortClass=350.0, economyClass=112.0}))
2022-04-11 17:25:54.192  INFO 1 --- [io-16346-exec-7] travel2.service.Travel2ServiceImpl       : Ticket info  is: Response(status=1, msg=Success, data=TravelResult(status=true, percent=1.0, trainType=TrainType(id=ZhiDa, economyClass=2147483647, confortClass=2147483647, averageSpeed=120), prices={confortClass=350.0, economyClass=112.0}))
2022-04-11 17:25:59.375  INFO 1 --- [io-16346-exec-9] travel2.service.Travel2ServiceImpl       : Ticket info  is: Response(status=1, msg=Success, data=TravelResult(status=true, percent=1.0, trainType=TrainType(id=ZhiDa, economyClass=2147483647, confortClass=2147483647, averageSpeed=120), prices={confortClass=350.0, economyClass=112.0}))
2022-04-11 17:26:09.442  INFO 1 --- [io-16346-exec-7] travel2.service.Travel2ServiceImpl       : Order other Ticket info  is: Response(status=1, msg=Success, data=TravelResult(status=true, percent=1.0, trainType=TrainType(id=ZhiDa, economyClass=2147483647, confortClass=2147483647, averageSpeed=120), prices={confortClass=350.0, economyClass=112.0}))
2022-04-11 17:26:09.442  INFO 1 --- [o-16346-exec-10] travel2.service.Travel2ServiceImpl       : Order other Ticket info  is: Response(status=1, msg=Success, data=TravelResult(status=true, percent=1.0, trainType=TrainType(id=ZhiDa, economyClass=2147483647, confortClass=2147483647, averageSpeed=120), prices={confortClass=350.0, economyClass=112.0}))
2022-04-11 17:26:09.447  INFO 1 --- [io-16346-exec-9] travel2.service.Travel2ServiceImpl       : Order other Ticket info  is: Response(status=1, msg=Success, data=TravelResult(status=true, percent=1.0, trainType=TrainType(id=ZhiDa, economyClass=2147483647, confortClass=2147483647, averageSpeed=120), prices={confortClass=350.0, economyClass=112.0}))
2022-04-11 17:26:10.353  INFO 1 --- [io-16346-exec-9] travel2.service.Travel2ServiceImpl       : Seat request To String: Seat(travelDate=Mon Apr 11 08:00:00 CST 2022, trainNumber=Z1236, startStation=nanjing, destStation=shanghai, seatType=2)
2022-04-11 17:26:10.370  INFO 1 --- [io-16346-exec-7] travel2.service.Travel2ServiceImpl       : Seat request To String: Seat(travelDate=Mon Apr 11 08:00:00 CST 2022, trainNumber=Z1236, startStation=nanjing, destStation=shanghai, seatType=2)
2022-04-11 17:26:10.538  INFO 1 --- [io-16346-exec-4] travel2.controller.Travel2Controller     : [Get Route By Trip ID] TripId: Z1236
2022-04-11 17:26:10.539  INFO 1 --- [io-16346-exec-8] travel2.controller.Travel2Controller     : [Get Route By Trip ID] TripId: Z1236
2022-04-11 17:26:10.562  INFO 1 --- [io-16346-exec-8] travel2.service.Travel2ServiceImpl       : [Get Route By Id] Route ID：d693a2c5-ef87-4a3c-bef8-600b43f62c68
2022-04-11 17:26:10.624  INFO 1 --- [io-16346-exec-4] travel2.service.Travel2ServiceImpl       : [Get Route By Id] Route ID：d693a2c5-ef87-4a3c-bef8-600b43f62c68
2022-04-11 17:26:10.657  INFO 1 --- [o-16346-exec-10] travel2.service.Travel2ServiceImpl       : Seat request To String: Seat(travelDate=Mon Apr 11 08:00:00 CST 2022, trainNumber=Z1236, startStation=nanjing, destStation=shanghai, seatType=2)
2022-04-11 17:26:10.701  INFO 1 --- [io-16346-exec-8] travel2.service.Travel2ServiceImpl       : [Get Route By Id] Success.
2022-04-11 17:26:10.712  INFO 1 --- [io-16346-exec-8] travel2.service.Travel2ServiceImpl       : [Get Route By Trip ID] Success
2022-04-11 17:26:10.739  INFO 1 --- [io-16346-exec-4] travel2.service.Travel2ServiceImpl       : [Get Route By Id] Success.
2022-04-11 17:26:10.843  INFO 1 --- [io-16346-exec-4] travel2.service.Travel2ServiceImpl       : [Get Route By Trip ID] Success
2022-04-11 17:26:10.964  INFO 1 --- [io-16346-exec-6] travel2.controller.Travel2Controller     : [Get Route By Trip ID] TripId: Z1236
2022-04-11 17:26:11.132  INFO 1 --- [io-16346-exec-6] travel2.service.Travel2ServiceImpl       : [Get Route By Id] Route ID：d693a2c5-ef87-4a3c-bef8-600b43f62c68
2022-04-11 17:26:11.233  INFO 1 --- [io-16346-exec-6] travel2.service.Travel2ServiceImpl       : [Get Route By Id] Success.
2022-04-11 17:26:11.240  INFO 1 --- [io-16346-exec-6] travel2.service.Travel2ServiceImpl       : [Get Route By Trip ID] Success
2022-04-11 17:26:13.649  INFO 1 --- [io-16346-exec-3] travel2.controller.Travel2Controller     : Get train by Trip id, TripId: Z1236
2022-04-11 17:26:13.652  INFO 1 --- [io-16346-exec-8] travel2.controller.Travel2Controller     : Get train by Trip id, TripId: Z1236
2022-04-11 17:26:13.731  INFO 1 --- [io-16346-exec-5] travel2.controller.Travel2Controller     : Get train by Trip id, TripId: Z1236
2022-04-11 17:26:13.913  INFO 1 --- [io-16346-exec-7] travel2.service.Travel2ServiceImpl       : Get Rest tickets num is: Response(status=1, msg=Get Left Ticket of Internal Success, data=1073741823)
2022-04-11 17:26:14.152  INFO 1 --- [o-16346-exec-10] travel2.service.Travel2ServiceImpl       : Get Rest tickets num is: Response(status=1, msg=Get Left Ticket of Internal Success, data=1073741823)
2022-04-11 17:26:14.195  INFO 1 --- [io-16346-exec-7] travel2.service.Travel2ServiceImpl       : Seat request To String: Seat(travelDate=Mon Apr 11 08:00:00 CST 2022, trainNumber=Z1236, startStation=nanjing, destStation=shanghai, seatType=3)
2022-04-11 17:26:14.270  INFO 1 --- [io-16346-exec-6] travel2.controller.Travel2Controller     : [Get Route By Trip ID] TripId: Z1236
2022-04-11 17:26:14.279  INFO 1 --- [io-16346-exec-6] travel2.service.Travel2ServiceImpl       : [Get Route By Id] Route ID：d693a2c5-ef87-4a3c-bef8-600b43f62c68
2022-04-11 17:26:14.325  INFO 1 --- [io-16346-exec-9] travel2.service.Travel2ServiceImpl       : Get Rest tickets num is: Response(status=1, msg=Get Left Ticket of Internal Success, data=1073741823)
2022-04-11 17:26:14.326  INFO 1 --- [o-16346-exec-10] travel2.service.Travel2ServiceImpl       : Seat request To String: Seat(travelDate=Mon Apr 11 08:00:00 CST 2022, trainNumber=Z1236, startStation=nanjing, destStation=shanghai, seatType=3)
2022-04-11 17:26:14.358  INFO 1 --- [io-16346-exec-6] travel2.service.Travel2ServiceImpl       : [Get Route By Id] Success.
2022-04-11 17:26:14.362  INFO 1 --- [io-16346-exec-6] travel2.service.Travel2ServiceImpl       : [Get Route By Trip ID] Success
2022-04-11 17:26:14.460  INFO 1 --- [io-16346-exec-9] travel2.service.Travel2ServiceImpl       : Seat request To String: Seat(travelDate=Mon Apr 11 08:00:00 CST 2022, trainNumber=Z1236, startStation=nanjing, destStation=shanghai, seatType=3)
2022-04-11 17:26:14.546  INFO 1 --- [io-16346-exec-1] travel2.controller.Travel2Controller     : [Get Route By Trip ID] TripId: Z1236
2022-04-11 17:26:14.558  INFO 1 --- [io-16346-exec-1] travel2.service.Travel2ServiceImpl       : [Get Route By Id] Route ID：d693a2c5-ef87-4a3c-bef8-600b43f62c68
2022-04-11 17:26:14.573  INFO 1 --- [io-16346-exec-1] travel2.service.Travel2ServiceImpl       : [Get Route By Id] Success.
2022-04-11 17:26:14.630  INFO 1 --- [io-16346-exec-1] travel2.service.Travel2ServiceImpl       : [Get Route By Trip ID] Success
2022-04-11 17:26:14.651  INFO 1 --- [io-16346-exec-2] travel2.controller.Travel2Controller     : [Get Route By Trip ID] TripId: Z1236
2022-04-11 17:26:14.659  INFO 1 --- [io-16346-exec-3] travel2.controller.Travel2Controller     : Get train by Trip id, TripId: Z1236
2022-04-11 17:26:14.726  INFO 1 --- [io-16346-exec-2] travel2.service.Travel2ServiceImpl       : [Get Route By Id] Route ID：d693a2c5-ef87-4a3c-bef8-600b43f62c68
2022-04-11 17:26:14.839  INFO 1 --- [io-16346-exec-2] travel2.service.Travel2ServiceImpl       : [Get Route By Id] Success.
2022-04-11 17:26:14.923  INFO 1 --- [io-16346-exec-2] travel2.service.Travel2ServiceImpl       : [Get Route By Trip ID] Success
2022-04-11 17:26:15.029  INFO 1 --- [io-16346-exec-5] travel2.controller.Travel2Controller     : Get train by Trip id, TripId: Z1236
2022-04-11 17:26:15.238  INFO 1 --- [io-16346-exec-8] travel2.controller.Travel2Controller     : Get train by Trip id, TripId: Z1236
2022-04-11 17:26:15.343  INFO 1 --- [o-16346-exec-10] travel2.service.Travel2ServiceImpl       : Get Rest tickets num is: Response(status=1, msg=Get Left Ticket of Internal Success, data=1073741823)
2022-04-11 17:26:15.345  INFO 1 --- [o-16346-exec-10] travel2.service.Travel2ServiceImpl       : [getTickets] route: d693a2c5-ef87-4a3c-bef8-600b43f62c68  station: [taiyuan, shijiazhuang, nanjing, shanghai]
2022-04-11 17:26:15.360  INFO 1 --- [io-16346-exec-7] travel2.service.Travel2ServiceImpl       : Get Rest tickets num is: Response(status=1, msg=Get Left Ticket of Internal Success, data=1073741823)
2022-04-11 17:26:15.361  INFO 1 --- [io-16346-exec-7] travel2.service.Travel2ServiceImpl       : [getTickets] route: d693a2c5-ef87-4a3c-bef8-600b43f62c68  station: [taiyuan, shijiazhuang, nanjing, shanghai]
2022-04-11 17:26:15.408  INFO 1 --- [io-16346-exec-7] travel2.service.Travel2ServiceImpl       : calculate time：475  time: Sat May 04 15:00:52 CST 2013
2022-04-11 17:26:15.417  INFO 1 --- [io-16346-exec-7] travel2.service.Travel2ServiceImpl       : calculate time：650  time: Sat May 04 17:55:52 CST 2013
2022-04-11 17:26:15.419  INFO 1 --- [io-16346-exec-7] travel2.service.Travel2ServiceImpl       : [Get Route By Id] Route ID：20eb7122-3a11-423f-b10a-be0dc5bce7db
2022-04-11 17:26:15.442  INFO 1 --- [o-16346-exec-10] travel2.service.Travel2ServiceImpl       : calculate time：475  time: Sat May 04 15:00:52 CST 2013
2022-04-11 17:26:15.444  INFO 1 --- [o-16346-exec-10] travel2.service.Travel2ServiceImpl       : calculate time：650  time: Sat May 04 17:55:52 CST 2013
2022-04-11 17:26:15.446  INFO 1 --- [io-16346-exec-9] travel2.service.Travel2ServiceImpl       : Get Rest tickets num is: Response(status=1, msg=Get Left Ticket of Internal Success, data=1073741823)
2022-04-11 17:26:15.449  INFO 1 --- [io-16346-exec-9] travel2.service.Travel2ServiceImpl       : [getTickets] route: d693a2c5-ef87-4a3c-bef8-600b43f62c68  station: [taiyuan, shijiazhuang, nanjing, shanghai]
2022-04-11 17:26:15.446  INFO 1 --- [o-16346-exec-10] travel2.service.Travel2ServiceImpl       : [Get Route By Id] Route ID：20eb7122-3a11-423f-b10a-be0dc5bce7db
2022-04-11 17:26:15.481  INFO 1 --- [o-16346-exec-10] travel2.service.Travel2ServiceImpl       : [Get Route By Id] Success.
2022-04-11 17:26:15.485  INFO 1 --- [io-16346-exec-9] travel2.service.Travel2ServiceImpl       : calculate time：475  time: Sat May 04 15:00:52 CST 2013
2022-04-11 17:26:15.485  INFO 1 --- [io-16346-exec-9] travel2.service.Travel2ServiceImpl       : calculate time：650  time: Sat May 04 17:55:52 CST 2013
2022-04-11 17:26:15.486  INFO 1 --- [io-16346-exec-9] travel2.service.Travel2ServiceImpl       : [Get Route By Id] Route ID：20eb7122-3a11-423f-b10a-be0dc5bce7db
2022-04-11 17:26:15.525  INFO 1 --- [io-16346-exec-7] travel2.service.Travel2ServiceImpl       : [Get Route By Id] Success.
2022-04-11 17:26:15.494  INFO 1 --- [o-16346-exec-10] travel2.service.Travel2ServiceImpl       : [Get Route By Id] Route ID：1367db1f-461e-4ab7-87ad-2bcc05fd9cb7
2022-04-11 17:26:15.531  INFO 1 --- [io-16346-exec-9] travel2.service.Travel2ServiceImpl       : [Get Route By Id] Success.
2022-04-11 17:26:15.533  INFO 1 --- [io-16346-exec-7] travel2.service.Travel2ServiceImpl       : [Get Route By Id] Route ID：1367db1f-461e-4ab7-87ad-2bcc05fd9cb7
2022-04-11 17:26:15.546  INFO 1 --- [io-16346-exec-9] travel2.service.Travel2ServiceImpl       : [Get Route By Id] Route ID：1367db1f-461e-4ab7-87ad-2bcc05fd9cb7
2022-04-11 17:26:15.643  INFO 1 --- [o-16346-exec-10] travel2.service.Travel2ServiceImpl       : [Get Route By Id] Success.
2022-04-11 17:26:15.733  INFO 1 --- [io-16346-exec-9] travel2.service.Travel2ServiceImpl       : [Get Route By Id] Success.
2022-04-11 17:26:15.752  INFO 1 --- [io-16346-exec-7] travel2.service.Travel2ServiceImpl       : [Get Route By Id] Success.
2022-04-11 17:26:15.973  INFO 1 --- [io-16346-exec-4] travel2.controller.Travel2Controller     : [Get Route By Trip ID] TripId: Z1236
2022-04-11 17:26:15.985  INFO 1 --- [io-16346-exec-4] travel2.service.Travel2ServiceImpl       : [Get Route By Id] Route ID：d693a2c5-ef87-4a3c-bef8-600b43f62c68
2022-04-11 17:26:16.150  INFO 1 --- [io-16346-exec-4] travel2.service.Travel2ServiceImpl       : [Get Route By Id] Success.
2022-04-11 17:26:16.160  INFO 1 --- [io-16346-exec-4] travel2.service.Travel2ServiceImpl       : [Get Route By Trip ID] Success
2022-04-11 17:26:16.276  INFO 1 --- [io-16346-exec-6] travel2.controller.Travel2Controller     : [Get Route By Trip ID] TripId: Z1236
2022-04-11 17:26:16.290  INFO 1 --- [io-16346-exec-6] travel2.service.Travel2ServiceImpl       : [Get Route By Id] Route ID：d693a2c5-ef87-4a3c-bef8-600b43f62c68
2022-04-11 17:26:16.381  INFO 1 --- [io-16346-exec-1] travel2.controller.Travel2Controller     : [Get Route By Trip ID] TripId: Z1236
2022-04-11 17:26:16.391  INFO 1 --- [io-16346-exec-1] travel2.service.Travel2ServiceImpl       : [Get Route By Id] Route ID：d693a2c5-ef87-4a3c-bef8-600b43f62c68
2022-04-11 17:26:16.509  INFO 1 --- [io-16346-exec-6] travel2.service.Travel2ServiceImpl       : [Get Route By Id] Success.
2022-04-11 17:26:16.513  INFO 1 --- [io-16346-exec-6] travel2.service.Travel2ServiceImpl       : [Get Route By Trip ID] Success
2022-04-11 17:26:16.617  INFO 1 --- [io-16346-exec-1] travel2.service.Travel2ServiceImpl       : [Get Route By Id] Success.
2022-04-11 17:26:16.622  INFO 1 --- [io-16346-exec-1] travel2.service.Travel2ServiceImpl       : [Get Route By Trip ID] Success
2022-04-11 17:26:22.074  INFO 1 --- [io-16346-exec-2] travel2.controller.Travel2Controller     : [Get Route By Trip ID] TripId: Z1236
2022-04-11 17:26:22.081  INFO 1 --- [io-16346-exec-2] travel2.service.Travel2ServiceImpl       : [Get Route By Id] Route ID：d693a2c5-ef87-4a3c-bef8-600b43f62c68
2022-04-11 17:26:22.096  INFO 1 --- [io-16346-exec-2] travel2.service.Travel2ServiceImpl       : [Get Route By Id] Success.
2022-04-11 17:26:22.103  INFO 1 --- [io-16346-exec-2] travel2.service.Travel2ServiceImpl       : [Get Route By Trip ID] Success
2022-04-11 17:26:22.253  INFO 1 --- [io-16346-exec-3] travel2.controller.Travel2Controller     : Get train by Trip id, TripId: Z1236
2022-04-11 17:26:22.578  INFO 1 --- [io-16346-exec-5] travel2.controller.Travel2Controller     : [Get Route By Trip ID] TripId: Z1236
2022-04-11 17:26:22.585  INFO 1 --- [io-16346-exec-5] travel2.service.Travel2ServiceImpl       : [Get Route By Id] Route ID：d693a2c5-ef87-4a3c-bef8-600b43f62c68
2022-04-11 17:26:22.637  INFO 1 --- [io-16346-exec-5] travel2.service.Travel2ServiceImpl       : [Get Route By Id] Success.
2022-04-11 17:26:22.645  INFO 1 --- [io-16346-exec-5] travel2.service.Travel2ServiceImpl       : [Get Route By Trip ID] Success
2022-04-11 17:26:22.762  INFO 1 --- [io-16346-exec-8] travel2.controller.Travel2Controller     : Get train by Trip id, TripId: Z1236
2022-04-11 17:26:22.998  INFO 1 --- [o-16346-exec-10] travel2.controller.Travel2Controller     : [Get Route By Trip ID] TripId: Z1236
2022-04-11 17:26:23.093  INFO 1 --- [o-16346-exec-10] travel2.service.Travel2ServiceImpl       : [Get Route By Id] Route ID：d693a2c5-ef87-4a3c-bef8-600b43f62c68
2022-04-11 17:26:23.355  INFO 1 --- [io-16346-exec-9] travel2.controller.Travel2Controller     : [Get Route By Trip ID] TripId: Z1236
2022-04-11 17:26:23.356  INFO 1 --- [o-16346-exec-10] travel2.service.Travel2ServiceImpl       : [Get Route By Id] Success.
2022-04-11 17:26:23.398  INFO 1 --- [o-16346-exec-10] travel2.service.Travel2ServiceImpl       : [Get Route By Trip ID] Success
2022-04-11 17:26:23.416  INFO 1 --- [io-16346-exec-9] travel2.service.Travel2ServiceImpl       : [Get Route By Id] Route ID：d693a2c5-ef87-4a3c-bef8-600b43f62c68
2022-04-11 17:26:23.506  INFO 1 --- [io-16346-exec-7] travel2.controller.Travel2Controller     : [Get Route By Trip ID] TripId: Z1236
2022-04-11 17:26:23.513  INFO 1 --- [io-16346-exec-4] travel2.controller.Travel2Controller     : Get train by Trip id, TripId: Z1236
2022-04-11 17:26:23.531  INFO 1 --- [io-16346-exec-7] travel2.service.Travel2ServiceImpl       : [Get Route By Id] Route ID：d693a2c5-ef87-4a3c-bef8-600b43f62c68
2022-04-11 17:26:23.600  INFO 1 --- [io-16346-exec-9] travel2.service.Travel2ServiceImpl       : [Get Route By Id] Success.
2022-04-11 17:26:23.611  INFO 1 --- [io-16346-exec-9] travel2.service.Travel2ServiceImpl       : [Get Route By Trip ID] Success
2022-04-11 17:26:23.662  INFO 1 --- [io-16346-exec-7] travel2.service.Travel2ServiceImpl       : [Get Route By Id] Success.
2022-04-11 17:26:23.700  INFO 1 --- [io-16346-exec-7] travel2.service.Travel2ServiceImpl       : [Get Route By Trip ID] Success
2022-04-11 17:26:23.740  INFO 1 --- [io-16346-exec-6] travel2.controller.Travel2Controller     : Get train by Trip id, TripId: Z1236
2022-04-11 17:26:24.313  INFO 1 --- [io-16346-exec-2] travel2.controller.Travel2Controller     : [Get Route By Trip ID] TripId: Z1236
2022-04-11 17:26:24.323  INFO 1 --- [io-16346-exec-2] travel2.service.Travel2ServiceImpl       : [Get Route By Id] Route ID：d693a2c5-ef87-4a3c-bef8-600b43f62c68
2022-04-11 17:26:24.352  INFO 1 --- [io-16346-exec-2] travel2.service.Travel2ServiceImpl       : [Get Route By Id] Success.
2022-04-11 17:26:24.407  INFO 1 --- [io-16346-exec-2] travel2.service.Travel2ServiceImpl       : [Get Route By Trip ID] Success
2022-04-11 17:26:25.350  INFO 1 --- [io-16346-exec-3] travel2.controller.Travel2Controller     : Get train by Trip id, TripId: Z1236
2022-04-11 17:26:25.506  INFO 1 --- [io-16346-exec-5] travel2.controller.Travel2Controller     : Get train by Trip id, TripId: Z1236
2022-04-11 17:38:20.835  INFO 1 --- [io-16346-exec-2] travel2.controller.Travel2Controller     : Query TripResponse
2022-04-11 17:38:20.899  INFO 1 --- [io-16346-exec-2] travel2.service.Travel2ServiceImpl       : [Get Route By Id] Route ID：0b23bd3e-876a-4af3-b920-c50a90c90b04
2022-04-11 17:38:20.919  INFO 1 --- [io-16346-exec-2] travel2.service.Travel2ServiceImpl       : [Get Route By Id] Success.
2022-04-11 17:38:20.925  INFO 1 --- [io-16346-exec-2] travel2.service.Travel2ServiceImpl       : [Get Route By Id] Route ID：9fc9c261-3263-4bfa-82f8-bb44e06b2f52
2022-04-11 17:38:20.944  INFO 1 --- [io-16346-exec-2] travel2.service.Travel2ServiceImpl       : [Get Route By Id] Success.
2022-04-11 17:38:20.947  INFO 1 --- [io-16346-exec-2] travel2.service.Travel2ServiceImpl       : [Get Route By Id] Route ID：d693a2c5-ef87-4a3c-bef8-600b43f62c68
2022-04-11 17:38:21.112  INFO 1 --- [io-16346-exec-2] travel2.service.Travel2ServiceImpl       : [Get Route By Id] Success.
2022-04-11 17:38:21.277  INFO 1 --- [io-16346-exec-2] travel2.service.Travel2ServiceImpl       : Ticket info  is: Response(status=1, msg=Success, data=TravelResult(status=true, percent=1.0, trainType=TrainType(id=ZhiDa, economyClass=2147483647, confortClass=2147483647, averageSpeed=120), prices={confortClass=350.0, economyClass=112.0}))
2022-04-11 17:38:21.385  INFO 1 --- [io-16346-exec-2] travel2.service.Travel2ServiceImpl       : Order other Ticket info  is: Response(status=1, msg=Success, data=TravelResult(status=true, percent=1.0, trainType=TrainType(id=ZhiDa, economyClass=2147483647, confortClass=2147483647, averageSpeed=120), prices={confortClass=350.0, economyClass=112.0}))
2022-04-11 17:38:21.476  INFO 1 --- [io-16346-exec-2] travel2.service.Travel2ServiceImpl       : Seat request To String: Seat(travelDate=Mon Apr 11 08:00:00 CST 2022, trainNumber=Z1236, startStation=nanjing, destStation=shanghai, seatType=2)
2022-04-11 17:38:21.489  INFO 1 --- [io-16346-exec-3] travel2.controller.Travel2Controller     : [Get Route By Trip ID] TripId: Z1236
2022-04-11 17:38:21.494  INFO 1 --- [io-16346-exec-3] travel2.service.Travel2ServiceImpl       : [Get Route By Id] Route ID：d693a2c5-ef87-4a3c-bef8-600b43f62c68
2022-04-11 17:38:21.507  INFO 1 --- [io-16346-exec-3] travel2.service.Travel2ServiceImpl       : [Get Route By Id] Success.
2022-04-11 17:38:21.509  INFO 1 --- [io-16346-exec-3] travel2.service.Travel2ServiceImpl       : [Get Route By Trip ID] Success
2022-04-11 17:38:21.597  INFO 1 --- [io-16346-exec-5] travel2.controller.Travel2Controller     : Get train by Trip id, TripId: Z1236
2022-04-11 17:38:21.644  INFO 1 --- [io-16346-exec-2] travel2.service.Travel2ServiceImpl       : Get Rest tickets num is: Response(status=1, msg=Get Left Ticket of Internal Success, data=1073741823)
2022-04-11 17:38:21.820  INFO 1 --- [io-16346-exec-2] travel2.service.Travel2ServiceImpl       : Seat request To String: Seat(travelDate=Mon Apr 11 08:00:00 CST 2022, trainNumber=Z1236, startStation=nanjing, destStation=shanghai, seatType=3)
2022-04-11 17:38:21.832  INFO 1 --- [io-16346-exec-8] travel2.controller.Travel2Controller     : [Get Route By Trip ID] TripId: Z1236
2022-04-11 17:38:21.838  INFO 1 --- [io-16346-exec-8] travel2.service.Travel2ServiceImpl       : [Get Route By Id] Route ID：d693a2c5-ef87-4a3c-bef8-600b43f62c68
2022-04-11 17:38:21.848  INFO 1 --- [io-16346-exec-8] travel2.service.Travel2ServiceImpl       : [Get Route By Id] Success.
2022-04-11 17:38:21.850  INFO 1 --- [io-16346-exec-8] travel2.service.Travel2ServiceImpl       : [Get Route By Trip ID] Success
2022-04-11 17:38:21.898  INFO 1 --- [o-16346-exec-10] travel2.controller.Travel2Controller     : Get train by Trip id, TripId: Z1236
2022-04-11 17:38:21.945  INFO 1 --- [io-16346-exec-2] travel2.service.Travel2ServiceImpl       : Get Rest tickets num is: Response(status=1, msg=Get Left Ticket of Internal Success, data=1073741823)
2022-04-11 17:38:21.946  INFO 1 --- [io-16346-exec-2] travel2.service.Travel2ServiceImpl       : [getTickets] route: d693a2c5-ef87-4a3c-bef8-600b43f62c68  station: [taiyuan, shijiazhuang, nanjing, shanghai]
2022-04-11 17:38:21.959  INFO 1 --- [io-16346-exec-2] travel2.service.Travel2ServiceImpl       : calculate time：475  time: Sat May 04 15:00:52 CST 2013
2022-04-11 17:38:21.959  INFO 1 --- [io-16346-exec-2] travel2.service.Travel2ServiceImpl       : calculate time：650  time: Sat May 04 17:55:52 CST 2013
2022-04-11 17:38:21.959  INFO 1 --- [io-16346-exec-2] travel2.service.Travel2ServiceImpl       : [Get Route By Id] Route ID：20eb7122-3a11-423f-b10a-be0dc5bce7db
2022-04-11 17:38:21.974  INFO 1 --- [io-16346-exec-2] travel2.service.Travel2ServiceImpl       : [Get Route By Id] Success.
2022-04-11 17:38:21.980  INFO 1 --- [io-16346-exec-2] travel2.service.Travel2ServiceImpl       : [Get Route By Id] Route ID：1367db1f-461e-4ab7-87ad-2bcc05fd9cb7
2022-04-11 17:38:21.997  INFO 1 --- [io-16346-exec-2] travel2.service.Travel2ServiceImpl       : [Get Route By Id] Success.
2022-04-11 17:38:22.065  INFO 1 --- [io-16346-exec-9] travel2.controller.Travel2Controller     : [Get Route By Trip ID] TripId: Z1236
2022-04-11 17:38:22.068  INFO 1 --- [io-16346-exec-9] travel2.service.Travel2ServiceImpl       : [Get Route By Id] Route ID：d693a2c5-ef87-4a3c-bef8-600b43f62c68
2022-04-11 17:38:22.099  INFO 1 --- [io-16346-exec-9] travel2.service.Travel2ServiceImpl       : [Get Route By Id] Success.
2022-04-11 17:38:22.101  INFO 1 --- [io-16346-exec-9] travel2.service.Travel2ServiceImpl       : [Get Route By Trip ID] Success
2022-04-11 17:38:23.143  INFO 1 --- [io-16346-exec-7] travel2.controller.Travel2Controller     : [Get Route By Trip ID] TripId: Z1236
2022-04-11 17:38:23.158  INFO 1 --- [io-16346-exec-7] travel2.service.Travel2ServiceImpl       : [Get Route By Id] Route ID：d693a2c5-ef87-4a3c-bef8-600b43f62c68
2022-04-11 17:38:23.197  INFO 1 --- [io-16346-exec-7] travel2.service.Travel2ServiceImpl       : [Get Route By Id] Success.
2022-04-11 17:38:23.227  INFO 1 --- [io-16346-exec-7] travel2.service.Travel2ServiceImpl       : [Get Route By Trip ID] Success
2022-04-11 17:38:23.426  INFO 1 --- [io-16346-exec-4] travel2.controller.Travel2Controller     : Get train by Trip id, TripId: Z1236
2022-04-11 17:38:23.929  INFO 1 --- [io-16346-exec-1] travel2.controller.Travel2Controller     : [Get Route By Trip ID] TripId: Z1236
2022-04-11 17:38:23.938  INFO 1 --- [io-16346-exec-1] travel2.service.Travel2ServiceImpl       : [Get Route By Id] Route ID：d693a2c5-ef87-4a3c-bef8-600b43f62c68
2022-04-11 17:38:24.026  INFO 1 --- [io-16346-exec-1] travel2.service.Travel2ServiceImpl       : [Get Route By Id] Success.
2022-04-11 17:38:24.098  INFO 1 --- [io-16346-exec-1] travel2.service.Travel2ServiceImpl       : [Get Route By Trip ID] Success
2022-04-11 17:38:24.199  INFO 1 --- [io-16346-exec-3] travel2.controller.Travel2Controller     : Get train by Trip id, TripId: Z1236
2022-04-11 18:58:29.173  INFO 1 --- [io-16346-exec-2] travel2.controller.Travel2Controller     : Query TripResponse
2022-04-11 18:58:29.289  WARN 1 --- [io-16346-exec-2] org.mongodb.driver.connection            : Got socket exception on connection [connectionId{localValue:3, serverValue:3}] to ts-travel2-mongo:27017. All connections to ts-travel2-mongo:27017 will be closed.
2022-04-11 18:58:29.293  INFO 1 --- [io-16346-exec-2] org.mongodb.driver.connection            : Closed connection [connectionId{localValue:3, serverValue:3}] to ts-travel2-mongo:27017 because there was a socket exception raised by this connection.
2022-04-11 18:58:29.593 ERROR 1 --- [io-16346-exec-2] o.a.c.c.C.[.[.[/].[dispatcherServlet]    : Servlet.service() for servlet [dispatcherServlet] in context with path [] threw exception [Request processing failed; nested exception is org.springframework.data.mongodb.UncategorizedMongoDbException: Prematurely reached end of stream; nested exception is com.mongodb.MongoSocketReadException: Prematurely reached end of stream] with root cause

com.mongodb.MongoSocketReadException: Prematurely reached end of stream
	at com.mongodb.connection.SocketStream.read(SocketStream.java:88) ~[mongodb-driver-core-3.4.3.jar!/:na]
	at com.mongodb.connection.InternalStreamConnection.receiveResponseBuffers(InternalStreamConnection.java:494) ~[mongodb-driver-core-3.4.3.jar!/:na]
	at com.mongodb.connection.InternalStreamConnection.receiveMessage(InternalStreamConnection.java:224) ~[mongodb-driver-core-3.4.3.jar!/:na]
	at com.mongodb.connection.UsageTrackingInternalConnection.receiveMessage(UsageTrackingInternalConnection.java:96) ~[mongodb-driver-core-3.4.3.jar!/:na]
	at com.mongodb.connection.DefaultConnectionPool$PooledConnection.receiveMessage(DefaultConnectionPool.java:440) ~[mongodb-driver-core-3.4.3.jar!/:na]
	at com.mongodb.connection.CommandProtocol.execute(CommandProtocol.java:112) ~[mongodb-driver-core-3.4.3.jar!/:na]
	at com.mongodb.connection.DefaultServer$DefaultServerProtocolExecutor.execute(DefaultServer.java:168) ~[mongodb-driver-core-3.4.3.jar!/:na]
	at com.mongodb.connection.DefaultServerConnection.executeProtocol(DefaultServerConnection.java:289) ~[mongodb-driver-core-3.4.3.jar!/:na]
	at com.mongodb.connection.DefaultServerConnection.command(DefaultServerConnection.java:176) ~[mongodb-driver-core-3.4.3.jar!/:na]
	at com.mongodb.operation.CommandOperationHelper.executeWrappedCommandProtocol(CommandOperationHelper.java:216) ~[mongodb-driver-core-3.4.3.jar!/:na]
	at com.mongodb.operation.CommandOperationHelper.executeWrappedCommandProtocol(CommandOperationHelper.java:207) ~[mongodb-driver-core-3.4.3.jar!/:na]
	at com.mongodb.operation.CommandOperationHelper.executeWrappedCommandProtocol(CommandOperationHelper.java:113) ~[mongodb-driver-core-3.4.3.jar!/:na]
	at com.mongodb.operation.FindOperation$1.call(FindOperation.java:516) ~[mongodb-driver-core-3.4.3.jar!/:na]
	at com.mongodb.operation.FindOperation$1.call(FindOperation.java:510) ~[mongodb-driver-core-3.4.3.jar!/:na]
	at com.mongodb.operation.OperationHelper.withConnectionSource(OperationHelper.java:435) ~[mongodb-driver-core-3.4.3.jar!/:na]
	at com.mongodb.operation.OperationHelper.withConnection(OperationHelper.java:408) ~[mongodb-driver-core-3.4.3.jar!/:na]
	at com.mongodb.operation.FindOperation.execute(FindOperation.java:510) ~[mongodb-driver-core-3.4.3.jar!/:na]
	at com.mongodb.operation.FindOperation.execute(FindOperation.java:81) ~[mongodb-driver-core-3.4.3.jar!/:na]
	at com.mongodb.Mongo.execute(Mongo.java:836) ~[mongodb-driver-3.4.3.jar!/:na]
	at com.mongodb.Mongo$2.execute(Mongo.java:823) ~[mongodb-driver-3.4.3.jar!/:na]
	at com.mongodb.DBCursor.initializeCursor(DBCursor.java:870) ~[mongodb-driver-3.4.3.jar!/:na]
	at com.mongodb.DBCursor.hasNext(DBCursor.java:142) ~[mongodb-driver-3.4.3.jar!/:na]
	at org.springframework.data.mongodb.core.MongoTemplate.executeFindMultiInternal(MongoTemplate.java:1949) ~[spring-data-mongodb-1.10.23.RELEASE.jar!/:na]
	at org.springframework.data.mongodb.core.MongoTemplate.doFind(MongoTemplate.java:1769) ~[spring-data-mongodb-1.10.23.RELEASE.jar!/:na]
	at org.springframework.data.mongodb.core.MongoTemplate.doFind(MongoTemplate.java:1752) ~[spring-data-mongodb-1.10.23.RELEASE.jar!/:na]
	at org.springframework.data.mongodb.core.MongoTemplate.find(MongoTemplate.java:621) ~[spring-data-mongodb-1.10.23.RELEASE.jar!/:na]
	at org.springframework.data.mongodb.repository.support.SimpleMongoRepository.findAll(SimpleMongoRepository.java:359) ~[spring-data-mongodb-1.10.23.RELEASE.jar!/:na]
	at org.springframework.data.mongodb.repository.support.SimpleMongoRepository.findAll(SimpleMongoRepository.java:197) ~[spring-data-mongodb-1.10.23.RELEASE.jar!/:na]
	at sun.reflect.NativeMethodAccessorImpl.invoke0(Native Method) ~[na:1.8.0_111]
	at sun.reflect.NativeMethodAccessorImpl.invoke(NativeMethodAccessorImpl.java:62) ~[na:1.8.0_111]
	at sun.reflect.DelegatingMethodAccessorImpl.invoke(DelegatingMethodAccessorImpl.java:43) ~[na:1.8.0_111]
	at java.lang.reflect.Method.invoke(Method.java:498) ~[na:1.8.0_111]
	at org.springframework.data.repository.core.support.RepositoryFactorySupport$QueryExecutorMethodInterceptor.executeMethodOn(RepositoryFactorySupport.java:515) ~[spring-data-commons-1.13.23.RELEASE.jar!/:na]
	at org.springframework.data.repository.core.support.RepositoryFactorySupport$QueryExecutorMethodInterceptor.doInvoke(RepositoryFactorySupport.java:500) ~[spring-data-commons-1.13.23.RELEASE.jar!/:na]
	at org.springframework.data.repository.core.support.RepositoryFactorySupport$QueryExecutorMethodInterceptor.invoke(RepositoryFactorySupport.java:477) ~[spring-data-commons-1.13.23.RELEASE.jar!/:na]
	at org.springframework.aop.framework.ReflectiveMethodInvocation.proceed(ReflectiveMethodInvocation.java:179) ~[spring-aop-4.3.25.RELEASE.jar!/:4.3.25.RELEASE]
	at org.springframework.data.projection.DefaultMethodInvokingMethodInterceptor.invoke(DefaultMethodInvokingMethodInterceptor.java:56) ~[spring-data-commons-1.13.23.RELEASE.jar!/:na]
	at org.springframework.aop.framework.ReflectiveMethodInvocation.proceed(ReflectiveMethodInvocation.java:179) ~[spring-aop-4.3.25.RELEASE.jar!/:4.3.25.RELEASE]
	at org.springframework.aop.interceptor.ExposeInvocationInterceptor.invoke(ExposeInvocationInterceptor.java:92) ~[spring-aop-4.3.25.RELEASE.jar!/:4.3.25.RELEASE]
	at org.springframework.aop.framework.ReflectiveMethodInvocation.proceed(ReflectiveMethodInvocation.java:179) ~[spring-aop-4.3.25.RELEASE.jar!/:4.3.25.RELEASE]
	at org.springframework.data.repository.core.support.SurroundingTransactionDetectorMethodInterceptor.invoke(SurroundingTransactionDetectorMethodInterceptor.java:57) ~[spring-data-commons-1.13.23.RELEASE.jar!/:na]
	at org.springframework.aop.framework.ReflectiveMethodInvocation.proceed(ReflectiveMethodInvocation.java:179) ~[spring-aop-4.3.25.RELEASE.jar!/:4.3.25.RELEASE]
	at org.springframework.aop.framework.JdkDynamicAopProxy.invoke(JdkDynamicAopProxy.java:213) ~[spring-aop-4.3.25.RELEASE.jar!/:4.3.25.RELEASE]
	at com.sun.proxy.$Proxy98.findAll(Unknown Source) ~[na:na]
	at travel2.service.Travel2ServiceImpl.query(Travel2ServiceImpl.java:162) ~[classes!/:1.0]
	at travel2.controller.Travel2Controller.queryInfo(Travel2Controller.java:116) ~[classes!/:1.0]
	at sun.reflect.NativeMethodAccessorImpl.invoke0(Native Method) ~[na:1.8.0_111]
	at sun.reflect.NativeMethodAccessorImpl.invoke(NativeMethodAccessorImpl.java:62) ~[na:1.8.0_111]
	at sun.reflect.DelegatingMethodAccessorImpl.invoke(DelegatingMethodAccessorImpl.java:43) ~[na:1.8.0_111]
	at java.lang.reflect.Method.invoke(Method.java:498) ~[na:1.8.0_111]
	at org.springframework.web.method.support.InvocableHandlerMethod.doInvoke(InvocableHandlerMethod.java:205) ~[spring-web-4.3.25.RELEASE.jar!/:4.3.25.RELEASE]
	at org.springframework.web.method.support.InvocableHandlerMethod.invokeForRequest(InvocableHandlerMethod.java:133) ~[spring-web-4.3.25.RELEASE.jar!/:4.3.25.RELEASE]
	at org.springframework.web.servlet.mvc.method.annotation.ServletInvocableHandlerMethod.invokeAndHandle(ServletInvocableHandlerMethod.java:97) ~[spring-webmvc-4.3.25.RELEASE.jar!/:4.3.25.RELEASE]
	at org.springframework.web.servlet.mvc.method.annotation.RequestMappingHandlerAdapter.invokeHandlerMethod(RequestMappingHandlerAdapter.java:854) ~[spring-webmvc-4.3.25.RELEASE.jar!/:4.3.25.RELEASE]
	at org.springframework.web.servlet.mvc.method.annotation.RequestMappingHandlerAdapter.handleInternal(RequestMappingHandlerAdapter.java:765) ~[spring-webmvc-4.3.25.RELEASE.jar!/:4.3.25.RELEASE]
	at org.springframework.web.servlet.mvc.method.AbstractHandlerMethodAdapter.handle(AbstractHandlerMethodAdapter.java:85) ~[spring-webmvc-4.3.25.RELEASE.jar!/:4.3.25.RELEASE]
	at org.springframework.web.servlet.DispatcherServlet.doDispatch(DispatcherServlet.java:967) ~[spring-webmvc-4.3.25.RELEASE.jar!/:4.3.25.RELEASE]
	at org.springframework.web.servlet.DispatcherServlet.doService(DispatcherServlet.java:901) ~[spring-webmvc-4.3.25.RELEASE.jar!/:4.3.25.RELEASE]
	at org.springframework.web.servlet.FrameworkServlet.processRequest(FrameworkServlet.java:970) ~[spring-webmvc-4.3.25.RELEASE.jar!/:4.3.25.RELEASE]
	at org.springframework.web.servlet.FrameworkServlet.doPost(FrameworkServlet.java:872) ~[spring-webmvc-4.3.25.RELEASE.jar!/:4.3.25.RELEASE]
	at javax.servlet.http.HttpServlet.service(HttpServlet.java:660) ~[tomcat-embed-core-8.5.43.jar!/:8.5.43]
	at org.springframework.web.servlet.FrameworkServlet.service(FrameworkServlet.java:846) ~[spring-webmvc-4.3.25.RELEASE.jar!/:4.3.25.RELEASE]
	at javax.servlet.http.HttpServlet.service(HttpServlet.java:741) ~[tomcat-embed-core-8.5.43.jar!/:8.5.43]
	at org.apache.catalina.core.ApplicationFilterChain.internalDoFilter(ApplicationFilterChain.java:231) ~[tomcat-embed-core-8.5.43.jar!/:8.5.43]
	at org.apache.catalina.core.ApplicationFilterChain.doFilter(ApplicationFilterChain.java:166) ~[tomcat-embed-core-8.5.43.jar!/:8.5.43]
	at org.apache.tomcat.websocket.server.WsFilter.doFilter(WsFilter.java:52) ~[tomcat-embed-websocket-8.5.43.jar!/:8.5.43]
	at org.apache.catalina.core.ApplicationFilterChain.internalDoFilter(ApplicationFilterChain.java:193) ~[tomcat-embed-core-8.5.43.jar!/:8.5.43]
	at org.apache.catalina.core.ApplicationFilterChain.doFilter(ApplicationFilterChain.java:166) ~[tomcat-embed-core-8.5.43.jar!/:8.5.43]
	at org.springframework.boot.web.filter.ApplicationContextHeaderFilter.doFilterInternal(ApplicationContextHeaderFilter.java:54) ~[spring-boot-1.5.22.RELEASE.jar!/:1.5.22.RELEASE]
	at org.springframework.web.filter.OncePerRequestFilter.doFilter(OncePerRequestFilter.java:107) ~[spring-web-4.3.25.RELEASE.jar!/:4.3.25.RELEASE]
	at org.apache.catalina.core.ApplicationFilterChain.internalDoFilter(ApplicationFilterChain.java:193) ~[tomcat-embed-core-8.5.43.jar!/:8.5.43]
	at org.apache.catalina.core.ApplicationFilterChain.doFilter(ApplicationFilterChain.java:166) ~[tomcat-embed-core-8.5.43.jar!/:8.5.43]
	at org.springframework.boot.actuate.trace.WebRequestTraceFilter.doFilterInternal(WebRequestTraceFilter.java:111) ~[spring-boot-actuator-1.5.22.RELEASE.jar!/:1.5.22.RELEASE]
	at org.springframework.web.filter.OncePerRequestFilter.doFilter(OncePerRequestFilter.java:107) ~[spring-web-4.3.25.RELEASE.jar!/:4.3.25.RELEASE]
	at org.apache.catalina.core.ApplicationFilterChain.internalDoFilter(ApplicationFilterChain.java:193) ~[tomcat-embed-core-8.5.43.jar!/:8.5.43]
	at org.apache.catalina.core.ApplicationFilterChain.doFilter(ApplicationFilterChain.java:166) ~[tomcat-embed-core-8.5.43.jar!/:8.5.43]
	at org.springframework.security.web.FilterChainProxy$VirtualFilterChain.doFilter(FilterChainProxy.java:317) ~[spring-security-web-4.2.13.RELEASE.jar!/:4.2.13.RELEASE]
	at org.springframework.security.web.access.intercept.FilterSecurityInterceptor.invoke(FilterSecurityInterceptor.java:127) ~[spring-security-web-4.2.13.RELEASE.jar!/:4.2.13.RELEASE]
	at org.springframework.security.web.access.intercept.FilterSecurityInterceptor.doFilter(FilterSecurityInterceptor.java:91) ~[spring-security-web-4.2.13.RELEASE.jar!/:4.2.13.RELEASE]
	at org.springframework.security.web.FilterChainProxy$VirtualFilterChain.doFilter(FilterChainProxy.java:331) ~[spring-security-web-4.2.13.RELEASE.jar!/:4.2.13.RELEASE]
	at org.springframework.security.web.access.ExceptionTranslationFilter.doFilter(ExceptionTranslationFilter.java:114) ~[spring-security-web-4.2.13.RELEASE.jar!/:4.2.13.RELEASE]
	at org.springframework.security.web.FilterChainProxy$VirtualFilterChain.doFilter(FilterChainProxy.java:331) ~[spring-security-web-4.2.13.RELEASE.jar!/:4.2.13.RELEASE]
	at org.springframework.security.web.session.SessionManagementFilter.doFilter(SessionManagementFilter.java:137) ~[spring-security-web-4.2.13.RELEASE.jar!/:4.2.13.RELEASE]
	at org.springframework.security.web.FilterChainProxy$VirtualFilterChain.doFilter(FilterChainProxy.java:331) ~[spring-security-web-4.2.13.RELEASE.jar!/:4.2.13.RELEASE]
	at org.springframework.security.web.authentication.AnonymousAuthenticationFilter.doFilter(AnonymousAuthenticationFilter.java:111) ~[spring-security-web-4.2.13.RELEASE.jar!/:4.2.13.RELEASE]
	at org.springframework.security.web.FilterChainProxy$VirtualFilterChain.doFilter(FilterChainProxy.java:331) ~[spring-security-web-4.2.13.RELEASE.jar!/:4.2.13.RELEASE]
	at org.springframework.security.web.servletapi.SecurityContextHolderAwareRequestFilter.doFilter(SecurityContextHolderAwareRequestFilter.java:170) ~[spring-security-web-4.2.13.RELEASE.jar!/:4.2.13.RELEASE]
	at org.springframework.security.web.FilterChainProxy$VirtualFilterChain.doFilter(FilterChainProxy.java:331) ~[spring-security-web-4.2.13.RELEASE.jar!/:4.2.13.RELEASE]
	at org.springframework.security.web.savedrequest.RequestCacheAwareFilter.doFilter(RequestCacheAwareFilter.java:63) ~[spring-security-web-4.2.13.RELEASE.jar!/:4.2.13.RELEASE]
	at org.springframework.security.web.FilterChainProxy$VirtualFilterChain.doFilter(FilterChainProxy.java:331) ~[spring-security-web-4.2.13.RELEASE.jar!/:4.2.13.RELEASE]
	at edu.fudan.common.security.jwt.JWTFilter.doFilterInternal(JWTFilter.java:27) ~[ts-common-0.1.0.jar!/:0.1.0]
	at org.springframework.web.filter.OncePerRequestFilter.doFilter(OncePerRequestFilter.java:107) ~[spring-web-4.3.25.RELEASE.jar!/:4.3.25.RELEASE]
	at org.springframework.security.web.FilterChainProxy$VirtualFilterChain.doFilter(FilterChainProxy.java:331) ~[spring-security-web-4.2.13.RELEASE.jar!/:4.2.13.RELEASE]
	at org.springframework.security.web.authentication.logout.LogoutFilter.doFilter(LogoutFilter.java:116) ~[spring-security-web-4.2.13.RELEASE.jar!/:4.2.13.RELEASE]
	at org.springframework.security.web.FilterChainProxy$VirtualFilterChain.doFilter(FilterChainProxy.java:331) ~[spring-security-web-4.2.13.RELEASE.jar!/:4.2.13.RELEASE]
	at org.springframework.security.web.header.HeaderWriterFilter.doFilterInternal(HeaderWriterFilter.java:66) ~[spring-security-web-4.2.13.RELEASE.jar!/:4.2.13.RELEASE]
	at org.springframework.web.filter.OncePerRequestFilter.doFilter(OncePerRequestFilter.java:107) ~[spring-web-4.3.25.RELEASE.jar!/:4.3.25.RELEASE]
	at org.springframework.security.web.FilterChainProxy$VirtualFilterChain.doFilter(FilterChainProxy.java:331) ~[spring-security-web-4.2.13.RELEASE.jar!/:4.2.13.RELEASE]
	at org.springframework.security.web.context.SecurityContextPersistenceFilter.doFilter(SecurityContextPersistenceFilter.java:105) ~[spring-security-web-4.2.13.RELEASE.jar!/:4.2.13.RELEASE]
	at org.springframework.security.web.FilterChainProxy$VirtualFilterChain.doFilter(FilterChainProxy.java:331) ~[spring-security-web-4.2.13.RELEASE.jar!/:4.2.13.RELEASE]
	at org.springframework.security.web.context.request.async.WebAsyncManagerIntegrationFilter.doFilterInternal(WebAsyncManagerIntegrationFilter.java:56) ~[spring-security-web-4.2.13.RELEASE.jar!/:4.2.13.RELEASE]
	at org.springframework.web.filter.OncePerRequestFilter.doFilter(OncePerRequestFilter.java:107) ~[spring-web-4.3.25.RELEASE.jar!/:4.3.25.RELEASE]
	at org.springframework.security.web.FilterChainProxy$VirtualFilterChain.doFilter(FilterChainProxy.java:331) ~[spring-security-web-4.2.13.RELEASE.jar!/:4.2.13.RELEASE]
	at org.springframework.security.web.FilterChainProxy.doFilterInternal(FilterChainProxy.java:214) ~[spring-security-web-4.2.13.RELEASE.jar!/:4.2.13.RELEASE]
	at org.springframework.security.web.FilterChainProxy.doFilter(FilterChainProxy.java:177) ~[spring-security-web-4.2.13.RELEASE.jar!/:4.2.13.RELEASE]
	at org.springframework.web.filter.DelegatingFilterProxy.invokeDelegate(DelegatingFilterProxy.java:347) ~[spring-web-4.3.25.RELEASE.jar!/:4.3.25.RELEASE]
	at org.springframework.web.filter.DelegatingFilterProxy.doFilter(DelegatingFilterProxy.java:263) ~[spring-web-4.3.25.RELEASE.jar!/:4.3.25.RELEASE]
	at org.apache.catalina.core.ApplicationFilterChain.internalDoFilter(ApplicationFilterChain.java:193) ~[tomcat-embed-core-8.5.43.jar!/:8.5.43]
	at org.apache.catalina.core.ApplicationFilterChain.doFilter(ApplicationFilterChain.java:166) ~[tomcat-embed-core-8.5.43.jar!/:8.5.43]
	at org.springframework.web.filter.RequestContextFilter.doFilterInternal(RequestContextFilter.java:99) ~[spring-web-4.3.25.RELEASE.jar!/:4.3.25.RELEASE]
	at org.springframework.web.filter.OncePerRequestFilter.doFilter(OncePerRequestFilter.java:107) ~[spring-web-4.3.25.RELEASE.jar!/:4.3.25.RELEASE]
	at org.apache.catalina.core.ApplicationFilterChain.internalDoFilter(ApplicationFilterChain.java:193) ~[tomcat-embed-core-8.5.43.jar!/:8.5.43]
	at org.apache.catalina.core.ApplicationFilterChain.doFilter(ApplicationFilterChain.java:166) ~[tomcat-embed-core-8.5.43.jar!/:8.5.43]
	at org.springframework.web.filter.HttpPutFormContentFilter.doFilterInternal(HttpPutFormContentFilter.java:109) ~[spring-web-4.3.25.RELEASE.jar!/:4.3.25.RELEASE]
	at org.springframework.web.filter.OncePerRequestFilter.doFilter(OncePerRequestFilter.java:107) ~[spring-web-4.3.25.RELEASE.jar!/:4.3.25.RELEASE]
	at org.apache.catalina.core.ApplicationFilterChain.internalDoFilter(ApplicationFilterChain.java:193) ~[tomcat-embed-core-8.5.43.jar!/:8.5.43]
	at org.apache.catalina.core.ApplicationFilterChain.doFilter(ApplicationFilterChain.java:166) ~[tomcat-embed-core-8.5.43.jar!/:8.5.43]
	at org.springframework.web.filter.HiddenHttpMethodFilter.doFilterInternal(HiddenHttpMethodFilter.java:93) ~[spring-web-4.3.25.RELEASE.jar!/:4.3.25.RELEASE]
	at org.springframework.web.filter.OncePerRequestFilter.doFilter(OncePerRequestFilter.java:107) ~[spring-web-4.3.25.RELEASE.jar!/:4.3.25.RELEASE]
	at org.apache.catalina.core.ApplicationFilterChain.internalDoFilter(ApplicationFilterChain.java:193) ~[tomcat-embed-core-8.5.43.jar!/:8.5.43]
	at org.apache.catalina.core.ApplicationFilterChain.doFilter(ApplicationFilterChain.java:166) ~[tomcat-embed-core-8.5.43.jar!/:8.5.43]
	at org.springframework.web.filter.CharacterEncodingFilter.doFilterInternal(CharacterEncodingFilter.java:197) ~[spring-web-4.3.25.RELEASE.jar!/:4.3.25.RELEASE]
	at org.springframework.web.filter.OncePerRequestFilter.doFilter(OncePerRequestFilter.java:107) ~[spring-web-4.3.25.RELEASE.jar!/:4.3.25.RELEASE]
	at org.apache.catalina.core.ApplicationFilterChain.internalDoFilter(ApplicationFilterChain.java:193) ~[tomcat-embed-core-8.5.43.jar!/:8.5.43]
	at org.apache.catalina.core.ApplicationFilterChain.doFilter(ApplicationFilterChain.java:166) ~[tomcat-embed-core-8.5.43.jar!/:8.5.43]
	at org.springframework.boot.actuate.autoconfigure.MetricsFilter.doFilterInternal(MetricsFilter.java:100) ~[spring-boot-actuator-1.5.22.RELEASE.jar!/:1.5.22.RELEASE]
	at org.springframework.web.filter.OncePerRequestFilter.doFilter(OncePerRequestFilter.java:107) ~[spring-web-4.3.25.RELEASE.jar!/:4.3.25.RELEASE]
	at org.apache.catalina.core.ApplicationFilterChain.internalDoFilter(ApplicationFilterChain.java:193) ~[tomcat-embed-core-8.5.43.jar!/:8.5.43]
	at org.apache.catalina.core.ApplicationFilterChain.doFilter(ApplicationFilterChain.java:166) ~[tomcat-embed-core-8.5.43.jar!/:8.5.43]
	at org.apache.catalina.core.StandardWrapperValve.invoke(StandardWrapperValve.java:199) ~[tomcat-embed-core-8.5.43.jar!/:8.5.43]
	at org.apache.catalina.core.StandardContextValve.invoke(StandardContextValve.java:96) [tomcat-embed-core-8.5.43.jar!/:8.5.43]
	at org.apache.catalina.authenticator.AuthenticatorBase.invoke(AuthenticatorBase.java:493) [tomcat-embed-core-8.5.43.jar!/:8.5.43]
	at org.apache.catalina.core.StandardHostValve.invoke(StandardHostValve.java:137) [tomcat-embed-core-8.5.43.jar!/:8.5.43]
	at org.apache.catalina.valves.ErrorReportValve.invoke(ErrorReportValve.java:81) [tomcat-embed-core-8.5.43.jar!/:8.5.43]
	at org.apache.catalina.core.StandardEngineValve.invoke(StandardEngineValve.java:87) [tomcat-embed-core-8.5.43.jar!/:8.5.43]
	at org.apache.catalina.connector.CoyoteAdapter.service(CoyoteAdapter.java:343) [tomcat-embed-core-8.5.43.jar!/:8.5.43]
	at org.apache.coyote.http11.Http11Processor.service(Http11Processor.java:798) [tomcat-embed-core-8.5.43.jar!/:8.5.43]
	at org.apache.coyote.AbstractProcessorLight.process(AbstractProcessorLight.java:66) [tomcat-embed-core-8.5.43.jar!/:8.5.43]
	at org.apache.coyote.AbstractProtocol$ConnectionHandler.process(AbstractProtocol.java:808) [tomcat-embed-core-8.5.43.jar!/:8.5.43]
	at org.apache.tomcat.util.net.NioEndpoint$SocketProcessor.doRun(NioEndpoint.java:1498) [tomcat-embed-core-8.5.43.jar!/:8.5.43]
	at org.apache.tomcat.util.net.SocketProcessorBase.run(SocketProcessorBase.java:49) [tomcat-embed-core-8.5.43.jar!/:8.5.43]
	at java.util.concurrent.ThreadPoolExecutor.runWorker(ThreadPoolExecutor.java:1142) [na:1.8.0_111]
	at java.util.concurrent.ThreadPoolExecutor$Worker.run(ThreadPoolExecutor.java:617) [na:1.8.0_111]
	at org.apache.tomcat.util.threads.TaskThread$WrappingRunnable.run(TaskThread.java:61) [tomcat-embed-core-8.5.43.jar!/:8.5.43]
	at java.lang.Thread.run(Thread.java:745) [na:1.8.0_111]

2022-04-11 18:58:47.684  INFO 1 --- [io-16346-exec-6] travel2.controller.Travel2Controller     : Query TripResponse
2022-04-11 18:58:47.725  INFO 1 --- [io-16346-exec-6] org.mongodb.driver.connection            : Closed connection [connectionId{localValue:2, serverValue:2}] to ts-travel2-mongo:27017 because there was a socket exception raised on another connection from this pool.
2022-04-11 18:58:47.745  INFO 1 --- [io-16346-exec-6] org.mongodb.driver.connection            : Opened connection [connectionId{localValue:4, serverValue:4}] to ts-travel2-mongo:27017
2022-04-11 18:58:47.760  INFO 1 --- [io-16346-exec-6] travel2.service.Travel2ServiceImpl       : [Get Route By Id] Route ID：0b23bd3e-876a-4af3-b920-c50a90c90b04
2022-04-11 18:58:47.771  INFO 1 --- [io-16346-exec-6] travel2.service.Travel2ServiceImpl       : [Get Route By Id] Success.
2022-04-11 18:58:47.790  INFO 1 --- [io-16346-exec-6] travel2.service.Travel2ServiceImpl       : [Get Route By Id] Route ID：9fc9c261-3263-4bfa-82f8-bb44e06b2f52
2022-04-11 18:58:47.798  INFO 1 --- [io-16346-exec-6] travel2.service.Travel2ServiceImpl       : [Get Route By Id] Success.
2022-04-11 18:58:47.804  INFO 1 --- [io-16346-exec-6] travel2.service.Travel2ServiceImpl       : [Get Route By Id] Route ID：d693a2c5-ef87-4a3c-bef8-600b43f62c68
2022-04-11 18:58:47.849  INFO 1 --- [io-16346-exec-6] travel2.service.Travel2ServiceImpl       : [Get Route By Id] Success.
2022-04-11 18:58:47.949  INFO 1 --- [io-16346-exec-6] travel2.service.Travel2ServiceImpl       : Ticket info  is: Response(status=1, msg=Success, data=TravelResult(status=true, percent=1.0, trainType=TrainType(id=ZhiDa, economyClass=2147483647, confortClass=2147483647, averageSpeed=120), prices={confortClass=350.0, economyClass=112.0}))
2022-04-11 18:58:47.966  INFO 1 --- [io-16346-exec-6] travel2.service.Travel2ServiceImpl       : Order other Ticket info  is: Response(status=1, msg=Success, data=TravelResult(status=true, percent=1.0, trainType=TrainType(id=ZhiDa, economyClass=2147483647, confortClass=2147483647, averageSpeed=120), prices={confortClass=350.0, economyClass=112.0}))
2022-04-11 18:58:48.024  INFO 1 --- [io-16346-exec-6] travel2.service.Travel2ServiceImpl       : Seat request To String: Seat(travelDate=Tue Apr 12 08:00:00 CST 2022, trainNumber=Z1236, startStation=nanjing, destStation=shanghai, seatType=2)
2022-04-11 18:58:48.043  INFO 1 --- [io-16346-exec-4] travel2.controller.Travel2Controller     : [Get Route By Trip ID] TripId: Z1236
2022-04-11 18:58:48.057  INFO 1 --- [io-16346-exec-4] travel2.service.Travel2ServiceImpl       : [Get Route By Id] Route ID：d693a2c5-ef87-4a3c-bef8-600b43f62c68
2022-04-11 18:58:48.067  INFO 1 --- [io-16346-exec-4] travel2.service.Travel2ServiceImpl       : [Get Route By Id] Success.
2022-04-11 18:58:48.072  INFO 1 --- [io-16346-exec-4] travel2.service.Travel2ServiceImpl       : [Get Route By Trip ID] Success
2022-04-11 18:58:48.145  INFO 1 --- [io-16346-exec-1] travel2.controller.Travel2Controller     : Get train by Trip id, TripId: Z1236
2022-04-11 18:58:48.191  INFO 1 --- [io-16346-exec-6] travel2.service.Travel2ServiceImpl       : Get Rest tickets num is: Response(status=1, msg=Get Left Ticket of Internal Success, data=1073741823)
2022-04-11 18:58:48.250  INFO 1 --- [io-16346-exec-6] travel2.service.Travel2ServiceImpl       : Seat request To String: Seat(travelDate=Tue Apr 12 08:00:00 CST 2022, trainNumber=Z1236, startStation=nanjing, destStation=shanghai, seatType=3)
2022-04-11 18:58:48.273  INFO 1 --- [io-16346-exec-3] travel2.controller.Travel2Controller     : [Get Route By Trip ID] TripId: Z1236
2022-04-11 18:58:48.276  INFO 1 --- [io-16346-exec-3] travel2.service.Travel2ServiceImpl       : [Get Route By Id] Route ID：d693a2c5-ef87-4a3c-bef8-600b43f62c68
2022-04-11 18:58:48.288  INFO 1 --- [io-16346-exec-3] travel2.service.Travel2ServiceImpl       : [Get Route By Id] Success.
2022-04-11 18:58:48.294  INFO 1 --- [io-16346-exec-3] travel2.service.Travel2ServiceImpl       : [Get Route By Trip ID] Success
2022-04-11 18:58:48.315  INFO 1 --- [io-16346-exec-5] travel2.controller.Travel2Controller     : Get train by Trip id, TripId: Z1236
2022-04-11 18:58:48.344  INFO 1 --- [io-16346-exec-6] travel2.service.Travel2ServiceImpl       : Get Rest tickets num is: Response(status=1, msg=Get Left Ticket of Internal Success, data=1073741823)
2022-04-11 18:58:48.344  INFO 1 --- [io-16346-exec-6] travel2.service.Travel2ServiceImpl       : [getTickets] route: d693a2c5-ef87-4a3c-bef8-600b43f62c68  station: [taiyuan, shijiazhuang, nanjing, shanghai]
2022-04-11 18:58:48.354  INFO 1 --- [io-16346-exec-6] travel2.service.Travel2ServiceImpl       : calculate time：475  time: Sat May 04 15:00:52 CST 2013
2022-04-11 18:58:48.354  INFO 1 --- [io-16346-exec-6] travel2.service.Travel2ServiceImpl       : calculate time：650  time: Sat May 04 17:55:52 CST 2013
2022-04-11 18:58:48.354  INFO 1 --- [io-16346-exec-6] travel2.service.Travel2ServiceImpl       : [Get Route By Id] Route ID：20eb7122-3a11-423f-b10a-be0dc5bce7db
2022-04-11 18:58:48.362  INFO 1 --- [io-16346-exec-6] travel2.service.Travel2ServiceImpl       : [Get Route By Id] Success.
2022-04-11 18:58:48.365  INFO 1 --- [io-16346-exec-6] travel2.service.Travel2ServiceImpl       : [Get Route By Id] Route ID：1367db1f-461e-4ab7-87ad-2bcc05fd9cb7
2022-04-11 18:58:48.374  INFO 1 --- [io-16346-exec-6] travel2.service.Travel2ServiceImpl       : [Get Route By Id] Success.
2022-04-11 18:58:48.411  INFO 1 --- [io-16346-exec-8] travel2.controller.Travel2Controller     : [Get Route By Trip ID] TripId: Z1236
2022-04-11 18:58:48.416  INFO 1 --- [io-16346-exec-8] travel2.service.Travel2ServiceImpl       : [Get Route By Id] Route ID：d693a2c5-ef87-4a3c-bef8-600b43f62c68
2022-04-11 18:58:48.425  INFO 1 --- [io-16346-exec-8] travel2.service.Travel2ServiceImpl       : [Get Route By Id] Success.
2022-04-11 18:58:48.446  INFO 1 --- [io-16346-exec-8] travel2.service.Travel2ServiceImpl       : [Get Route By Trip ID] Success
2022-04-11 18:58:48.889  INFO 1 --- [o-16346-exec-10] travel2.controller.Travel2Controller     : [Get Route By Trip ID] TripId: Z1236
2022-04-11 18:58:48.893  INFO 1 --- [o-16346-exec-10] travel2.service.Travel2ServiceImpl       : [Get Route By Id] Route ID：d693a2c5-ef87-4a3c-bef8-600b43f62c68
2022-04-11 18:58:48.902  INFO 1 --- [o-16346-exec-10] travel2.service.Travel2ServiceImpl       : [Get Route By Id] Success.
2022-04-11 18:58:48.907  INFO 1 --- [o-16346-exec-10] travel2.service.Travel2ServiceImpl       : [Get Route By Trip ID] Success
2022-04-11 18:58:48.935  INFO 1 --- [io-16346-exec-2] travel2.controller.Travel2Controller     : Get train by Trip id, TripId: Z1236
2022-04-11 18:58:49.109  INFO 1 --- [io-16346-exec-9] travel2.controller.Travel2Controller     : [Get Route By Trip ID] TripId: Z1236
2022-04-11 18:58:49.114  INFO 1 --- [io-16346-exec-9] travel2.service.Travel2ServiceImpl       : [Get Route By Id] Route ID：d693a2c5-ef87-4a3c-bef8-600b43f62c68
2022-04-11 18:58:49.126  INFO 1 --- [io-16346-exec-9] travel2.service.Travel2ServiceImpl       : [Get Route By Id] Success.
2022-04-11 18:58:49.129  INFO 1 --- [io-16346-exec-9] travel2.service.Travel2ServiceImpl       : [Get Route By Trip ID] Success
2022-04-11 18:58:49.213  INFO 1 --- [io-16346-exec-7] travel2.controller.Travel2Controller     : Get train by Trip id, TripId: Z1236
