2022-05-25T10:52:19.186875238Z stdout F 2022-05-25T10:52:19.181622Z	info	Istio iptables environment:
2022-05-25T10:52:19.186922328Z stdout F ENVOY_PORT=
2022-05-25T10:52:19.186929979Z stdout F INBOUND_CAPTURE_PORT=
2022-05-25T10:52:19.186934839Z stdout F ISTIO_INBOUND_INTERCEPTION_MODE=
2022-05-25T10:52:19.186939288Z stdout F ISTIO_INBOUND_TPROXY_ROUTE_TABLE=
2022-05-25T10:52:19.186943295Z stdout F ISTIO_INBOUND_PORTS=
2022-05-25T10:52:19.18694733Z stdout F ISTIO_OUTBOUND_PORTS=
2022-05-25T10:52:19.186951287Z stdout F ISTIO_LOCAL_EXCLUDE_PORTS=
2022-05-25T10:52:19.186955654Z stdout F ISTIO_EXCLUDE_INTERFACES=
2022-05-25T10:52:19.18696438Z stdout F ISTIO_SERVICE_CIDR=
2022-05-25T10:52:19.187084813Z stdout F ISTIO_SERVICE_EXCLUDE_CIDR=
2022-05-25T10:52:19.187091954Z stdout F ISTIO_META_DNS_CAPTURE=
2022-05-25T10:52:19.187096831Z stdout F INVALID_DROP=
2022-05-25T10:52:19.187100596Z stdout F 
2022-05-25T10:52:19.18710495Z stdout F 2022-05-25T10:52:19.182520Z	info	Istio iptables variables:
2022-05-25T10:52:19.18710909Z stdout F PROXY_PORT=15001
2022-05-25T10:52:19.18711356Z stdout F PROXY_INBOUND_CAPTURE_PORT=15006
2022-05-25T10:52:19.187157923Z stdout F PROXY_TUNNEL_PORT=15008
2022-05-25T10:52:19.187170339Z stdout F PROXY_UID=1337
2022-05-25T10:52:19.187303749Z stdout F PROXY_GID=1337
2022-05-25T10:52:19.187346304Z stdout F INBOUND_INTERCEPTION_MODE=REDIRECT
2022-05-25T10:52:19.187360114Z stdout F INBOUND_TPROXY_MARK=1337
2022-05-25T10:52:19.187365831Z stdout F INBOUND_TPROXY_ROUTE_TABLE=133
2022-05-25T10:52:19.187369861Z stdout F INBOUND_PORTS_INCLUDE=*
2022-05-25T10:52:19.187373974Z stdout F INBOUND_PORTS_EXCLUDE=15090,15021,15020
2022-05-25T10:52:19.187377928Z stdout F OUTBOUND_IP_RANGES_INCLUDE=*
2022-05-25T10:52:19.187381867Z stdout F OUTBOUND_IP_RANGES_EXCLUDE=
2022-05-25T10:52:19.187385833Z stdout F OUTBOUND_PORTS_INCLUDE=
2022-05-25T10:52:19.187389759Z stdout F OUTBOUND_PORTS_EXCLUDE=
2022-05-25T10:52:19.18739372Z stdout F KUBE_VIRT_INTERFACES=
2022-05-25T10:52:19.187397713Z stdout F ENABLE_INBOUND_IPV6=false
2022-05-25T10:52:19.187401698Z stdout F DNS_CAPTURE=false
2022-05-25T10:52:19.187405793Z stdout F DROP_INVALID=false
2022-05-25T10:52:19.187409819Z stdout F CAPTURE_ALL_DNS=false
2022-05-25T10:52:19.187413852Z stdout F DNS_SERVERS=[],[]
2022-05-25T10:52:19.187418063Z stdout F OUTPUT_PATH=
2022-05-25T10:52:19.187422675Z stdout F NETWORK_NAMESPACE=
2022-05-25T10:52:19.187426764Z stdout F CNI_MODE=false
2022-05-25T10:52:19.187430907Z stdout F EXCLUDE_INTERFACES=
2022-05-25T10:52:19.187434755Z stdout F 
2022-05-25T10:52:19.195783148Z stdout F 2022-05-25T10:52:19.192293Z	info	Writing following contents to rules file: /tmp/iptables-rules-1653475939191978607.txt232297590
2022-05-25T10:52:19.195812522Z stdout F * nat
2022-05-25T10:52:19.195818974Z stdout F -N ISTIO_INBOUND
2022-05-25T10:52:19.195823938Z stdout F -N ISTIO_REDIRECT
2022-05-25T10:52:19.195827895Z stdout F -N ISTIO_IN_REDIRECT
2022-05-25T10:52:19.19583156Z stdout F -N ISTIO_OUTPUT
2022-05-25T10:52:19.195836199Z stdout F -A ISTIO_INBOUND -p tcp --dport 15008 -j RETURN
2022-05-25T10:52:19.195840518Z stdout F -A ISTIO_REDIRECT -p tcp -j REDIRECT --to-ports 15001
2022-05-25T10:52:19.195844497Z stdout F -A ISTIO_IN_REDIRECT -p tcp -j REDIRECT --to-ports 15006
2022-05-25T10:52:19.195848556Z stdout F -A PREROUTING -p tcp -j ISTIO_INBOUND
2022-05-25T10:52:19.195852294Z stdout F -A ISTIO_INBOUND -p tcp --dport 15090 -j RETURN
2022-05-25T10:52:19.19585617Z stdout F -A ISTIO_INBOUND -p tcp --dport 15021 -j RETURN
2022-05-25T10:52:19.195860119Z stdout F -A ISTIO_INBOUND -p tcp --dport 15020 -j RETURN
2022-05-25T10:52:19.195863958Z stdout F -A ISTIO_INBOUND -p tcp -j ISTIO_IN_REDIRECT
2022-05-25T10:52:19.195868315Z stdout F -A OUTPUT -p tcp -j ISTIO_OUTPUT
2022-05-25T10:52:19.195872481Z stdout F -A ISTIO_OUTPUT -o lo -s 127.0.0.6/32 -j RETURN
2022-05-25T10:52:19.195876998Z stdout F -A ISTIO_OUTPUT -o lo ! -d 127.0.0.1/32 -m owner --uid-owner 1337 -j ISTIO_IN_REDIRECT
2022-05-25T10:52:19.1958811Z stdout F -A ISTIO_OUTPUT -o lo -m owner ! --uid-owner 1337 -j RETURN
2022-05-25T10:52:19.195885761Z stdout F -A ISTIO_OUTPUT -m owner --uid-owner 1337 -j RETURN
2022-05-25T10:52:19.195903107Z stdout F -A ISTIO_OUTPUT -o lo ! -d 127.0.0.1/32 -m owner --gid-owner 1337 -j ISTIO_IN_REDIRECT
2022-05-25T10:52:19.195907801Z stdout F -A ISTIO_OUTPUT -o lo -m owner ! --gid-owner 1337 -j RETURN
2022-05-25T10:52:19.195911752Z stdout F -A ISTIO_OUTPUT -m owner --gid-owner 1337 -j RETURN
2022-05-25T10:52:19.195915751Z stdout F -A ISTIO_OUTPUT -d 127.0.0.1/32 -j RETURN
2022-05-25T10:52:19.195919726Z stdout F -A ISTIO_OUTPUT -j ISTIO_REDIRECT
2022-05-25T10:52:19.195923926Z stdout F COMMIT
2022-05-25T10:52:19.195928399Z stdout F 2022-05-25T10:52:19.192406Z	info	Running command: iptables-restore --noflush /tmp/iptables-rules-1653475939191978607.txt232297590
2022-05-25T10:52:19.316429173Z stdout F 2022-05-25T10:52:19.315170Z	info	Writing following contents to rules file: /tmp/ip6tables-rules-1653475939315040969.txt3114022711
2022-05-25T10:52:19.316456704Z stdout F 
2022-05-25T10:52:19.316462129Z stdout F 2022-05-25T10:52:19.315250Z	info	Running command: ip6tables-restore --noflush /tmp/ip6tables-rules-1653475939315040969.txt3114022711
2022-05-25T10:52:19.322489976Z stdout F 2022-05-25T10:52:19.318842Z	info	Running command: iptables-save 
2022-05-25T10:52:19.376604315Z stdout F 2022-05-25T10:52:19.372569Z	info	Command output: 
2022-05-25T10:52:19.378548762Z stdout F # Generated by iptables-save v1.8.4 on Wed May 25 10:52:19 2022
2022-05-25T10:52:19.378583872Z stdout F *nat
2022-05-25T10:52:19.378589116Z stdout F :PREROUTING ACCEPT [0:0]
2022-05-25T10:52:19.378591911Z stdout F :INPUT ACCEPT [0:0]
2022-05-25T10:52:19.378594652Z stdout F :OUTPUT ACCEPT [0:0]
2022-05-25T10:52:19.378597638Z stdout F :POSTROUTING ACCEPT [0:0]
2022-05-25T10:52:19.378600088Z stdout F :ISTIO_INBOUND - [0:0]
2022-05-25T10:52:19.378602575Z stdout F :ISTIO_IN_REDIRECT - [0:0]
2022-05-25T10:52:19.378604989Z stdout F :ISTIO_OUTPUT - [0:0]
2022-05-25T10:52:19.378607438Z stdout F :ISTIO_REDIRECT - [0:0]
2022-05-25T10:52:19.37861035Z stdout F -A PREROUTING -p tcp -j ISTIO_INBOUND
2022-05-25T10:52:19.378612843Z stdout F -A OUTPUT -p tcp -j ISTIO_OUTPUT
2022-05-25T10:52:19.378615392Z stdout F -A ISTIO_INBOUND -p tcp -m tcp --dport 15008 -j RETURN
2022-05-25T10:52:19.378617806Z stdout F -A ISTIO_INBOUND -p tcp -m tcp --dport 15090 -j RETURN
2022-05-25T10:52:19.378620228Z stdout F -A ISTIO_INBOUND -p tcp -m tcp --dport 15021 -j RETURN
2022-05-25T10:52:19.37862263Z stdout F -A ISTIO_INBOUND -p tcp -m tcp --dport 15020 -j RETURN
2022-05-25T10:52:19.378661925Z stdout F -A ISTIO_INBOUND -p tcp -j ISTIO_IN_REDIRECT
2022-05-25T10:52:19.37866562Z stdout F -A ISTIO_IN_REDIRECT -p tcp -j REDIRECT --to-ports 15006
2022-05-25T10:52:19.378668189Z stdout F -A ISTIO_OUTPUT -s 127.0.0.6/32 -o lo -j RETURN
2022-05-25T10:52:19.378671157Z stdout F -A ISTIO_OUTPUT ! -d 127.0.0.1/32 -o lo -m owner --uid-owner 1337 -j ISTIO_IN_REDIRECT
2022-05-25T10:52:19.378673759Z stdout F -A ISTIO_OUTPUT -o lo -m owner ! --uid-owner 1337 -j RETURN
2022-05-25T10:52:19.378676173Z stdout F -A ISTIO_OUTPUT -m owner --uid-owner 1337 -j RETURN
2022-05-25T10:52:19.37867864Z stdout F -A ISTIO_OUTPUT ! -d 127.0.0.1/32 -o lo -m owner --gid-owner 1337 -j ISTIO_IN_REDIRECT
2022-05-25T10:52:19.378681037Z stdout F -A ISTIO_OUTPUT -o lo -m owner ! --gid-owner 1337 -j RETURN
2022-05-25T10:52:19.378683382Z stdout F -A ISTIO_OUTPUT -m owner --gid-owner 1337 -j RETURN
2022-05-25T10:52:19.378685773Z stdout F -A ISTIO_OUTPUT -d 127.0.0.1/32 -j RETURN
2022-05-25T10:52:19.378688181Z stdout F -A ISTIO_OUTPUT -j ISTIO_REDIRECT
2022-05-25T10:52:19.378690621Z stdout F -A ISTIO_REDIRECT -p tcp -j REDIRECT --to-ports 15001
2022-05-25T10:52:19.378693179Z stdout F COMMIT
2022-05-25T10:52:19.378695756Z stdout F # Completed on Wed May 25 10:52:19 2022
2022-05-25T10:52:19.378698161Z stdout F 
