2022-05-09T21:46:04.285898577Z stdout F 2022-05-09T21:46:04.285252Z	info	Istio iptables environment:
2022-05-09T21:46:04.285939566Z stdout F ENVOY_PORT=
2022-05-09T21:46:04.285947462Z stdout F INBOUND_CAPTURE_PORT=
2022-05-09T21:46:04.285952343Z stdout F ISTIO_INBOUND_INTERCEPTION_MODE=
2022-05-09T21:46:04.285956612Z stdout F ISTIO_INBOUND_TPROXY_ROUTE_TABLE=
2022-05-09T21:46:04.285960709Z stdout F ISTIO_INBOUND_PORTS=
2022-05-09T21:46:04.286007078Z stdout F ISTIO_OUTBOUND_PORTS=
2022-05-09T21:46:04.28601397Z stdout F ISTIO_LOCAL_EXCLUDE_PORTS=
2022-05-09T21:46:04.286018304Z stdout F ISTIO_EXCLUDE_INTERFACES=
2022-05-09T21:46:04.286022184Z stdout F ISTIO_SERVICE_CIDR=
2022-05-09T21:46:04.286026032Z stdout F ISTIO_SERVICE_EXCLUDE_CIDR=
2022-05-09T21:46:04.28603028Z stdout F ISTIO_META_DNS_CAPTURE=
2022-05-09T21:46:04.286034488Z stdout F INVALID_DROP=
2022-05-09T21:46:04.286038533Z stdout F 
2022-05-09T21:46:04.286042852Z stdout F 2022-05-09T21:46:04.285334Z	info	Istio iptables variables:
2022-05-09T21:46:04.286047171Z stdout F PROXY_PORT=15001
2022-05-09T21:46:04.286051799Z stdout F PROXY_INBOUND_CAPTURE_PORT=15006
2022-05-09T21:46:04.286056591Z stdout F PROXY_TUNNEL_PORT=15008
2022-05-09T21:46:04.286061067Z stdout F PROXY_UID=1337
2022-05-09T21:46:04.286065334Z stdout F PROXY_GID=1337
2022-05-09T21:46:04.286069886Z stdout F INBOUND_INTERCEPTION_MODE=REDIRECT
2022-05-09T21:46:04.286074796Z stdout F INBOUND_TPROXY_MARK=1337
2022-05-09T21:46:04.286079632Z stdout F INBOUND_TPROXY_ROUTE_TABLE=133
2022-05-09T21:46:04.286084396Z stdout F INBOUND_PORTS_INCLUDE=*
2022-05-09T21:46:04.286118567Z stdout F INBOUND_PORTS_EXCLUDE=15090,15021,15020
2022-05-09T21:46:04.28615512Z stdout F OUTBOUND_IP_RANGES_INCLUDE=*
2022-05-09T21:46:04.28616685Z stdout F OUTBOUND_IP_RANGES_EXCLUDE=
2022-05-09T21:46:04.286172472Z stdout F OUTBOUND_PORTS_INCLUDE=
2022-05-09T21:46:04.286176859Z stdout F OUTBOUND_PORTS_EXCLUDE=
2022-05-09T21:46:04.286181075Z stdout F KUBE_VIRT_INTERFACES=
2022-05-09T21:46:04.286184936Z stdout F ENABLE_INBOUND_IPV6=false
2022-05-09T21:46:04.286189124Z stdout F DNS_CAPTURE=false
2022-05-09T21:46:04.286193673Z stdout F DROP_INVALID=false
2022-05-09T21:46:04.286198233Z stdout F CAPTURE_ALL_DNS=false
2022-05-09T21:46:04.286202674Z stdout F DNS_SERVERS=[],[]
2022-05-09T21:46:04.286207102Z stdout F OUTPUT_PATH=
2022-05-09T21:46:04.286211116Z stdout F NETWORK_NAMESPACE=
2022-05-09T21:46:04.286215229Z stdout F CNI_MODE=false
2022-05-09T21:46:04.286219363Z stdout F EXCLUDE_INTERFACES=
2022-05-09T21:46:04.286223241Z stdout F 
2022-05-09T21:46:04.286228005Z stdout F 2022-05-09T21:46:04.285639Z	info	Writing following contents to rules file: /tmp/iptables-rules-1652132764285379640.txt1449816140
2022-05-09T21:46:04.286232339Z stdout F * nat
2022-05-09T21:46:04.286236945Z stdout F -N ISTIO_INBOUND
2022-05-09T21:46:04.286241631Z stdout F -N ISTIO_REDIRECT
2022-05-09T21:46:04.286245695Z stdout F -N ISTIO_IN_REDIRECT
2022-05-09T21:46:04.286249702Z stdout F -N ISTIO_OUTPUT
2022-05-09T21:46:04.286253683Z stdout F -A ISTIO_INBOUND -p tcp --dport 15008 -j RETURN
2022-05-09T21:46:04.28625757Z stdout F -A ISTIO_REDIRECT -p tcp -j REDIRECT --to-ports 15001
2022-05-09T21:46:04.286261619Z stdout F -A ISTIO_IN_REDIRECT -p tcp -j REDIRECT --to-ports 15006
2022-05-09T21:46:04.286265706Z stdout F -A PREROUTING -p tcp -j ISTIO_INBOUND
2022-05-09T21:46:04.286269847Z stdout F -A ISTIO_INBOUND -p tcp --dport 15090 -j RETURN
2022-05-09T21:46:04.28627387Z stdout F -A ISTIO_INBOUND -p tcp --dport 15021 -j RETURN
2022-05-09T21:46:04.286280624Z stdout F -A ISTIO_INBOUND -p tcp --dport 15020 -j RETURN
2022-05-09T21:46:04.286285404Z stdout F -A ISTIO_INBOUND -p tcp -j ISTIO_IN_REDIRECT
2022-05-09T21:46:04.28629634Z stdout F -A OUTPUT -p tcp -j ISTIO_OUTPUT
2022-05-09T21:46:04.286302173Z stdout F -A ISTIO_OUTPUT -o lo -s 127.0.0.6/32 -j RETURN
2022-05-09T21:46:04.286310242Z stdout F -A ISTIO_OUTPUT -o lo ! -d 127.0.0.1/32 -m owner --uid-owner 1337 -j ISTIO_IN_REDIRECT
2022-05-09T21:46:04.286318386Z stdout F -A ISTIO_OUTPUT -o lo -m owner ! --uid-owner 1337 -j RETURN
2022-05-09T21:46:04.28632317Z stdout F -A ISTIO_OUTPUT -m owner --uid-owner 1337 -j RETURN
2022-05-09T21:46:04.286356094Z stdout F -A ISTIO_OUTPUT -o lo ! -d 127.0.0.1/32 -m owner --gid-owner 1337 -j ISTIO_IN_REDIRECT
2022-05-09T21:46:04.286363482Z stdout F -A ISTIO_OUTPUT -o lo -m owner ! --gid-owner 1337 -j RETURN
2022-05-09T21:46:04.28636816Z stdout F -A ISTIO_OUTPUT -m owner --gid-owner 1337 -j RETURN
2022-05-09T21:46:04.286372751Z stdout F -A ISTIO_OUTPUT -d 127.0.0.1/32 -j RETURN
2022-05-09T21:46:04.286377438Z stdout F -A ISTIO_OUTPUT -j ISTIO_REDIRECT
2022-05-09T21:46:04.28638207Z stdout F COMMIT
2022-05-09T21:46:04.286706497Z stdout F 2022-05-09T21:46:04.286099Z	info	Running command: iptables-restore --noflush /tmp/iptables-rules-1652132764285379640.txt1449816140
2022-05-09T21:46:04.332684274Z stdout F 2022-05-09T21:46:04.331147Z	info	Writing following contents to rules file: /tmp/ip6tables-rules-1652132764330661451.txt131858408
2022-05-09T21:46:04.332742816Z stdout F 
2022-05-09T21:46:04.332760804Z stdout F 2022-05-09T21:46:04.331245Z	info	Running command: ip6tables-restore --noflush /tmp/ip6tables-rules-1652132764330661451.txt131858408
2022-05-09T21:46:04.341255148Z stdout F 2022-05-09T21:46:04.341091Z	info	Running command: iptables-save 
2022-05-09T21:46:04.354169181Z stdout F 2022-05-09T21:46:04.353816Z	info	Command output: 
2022-05-09T21:46:04.354194804Z stdout F # Generated by iptables-save v1.8.4 on Mon May  9 21:46:04 2022
2022-05-09T21:46:04.354199082Z stdout F *nat
2022-05-09T21:46:04.354202145Z stdout F :PREROUTING ACCEPT [0:0]
2022-05-09T21:46:04.35420467Z stdout F :INPUT ACCEPT [0:0]
2022-05-09T21:46:04.354207268Z stdout F :OUTPUT ACCEPT [0:0]
2022-05-09T21:46:04.354210176Z stdout F :POSTROUTING ACCEPT [0:0]
2022-05-09T21:46:04.354212684Z stdout F :ISTIO_INBOUND - [0:0]
2022-05-09T21:46:04.354215142Z stdout F :ISTIO_IN_REDIRECT - [0:0]
2022-05-09T21:46:04.354217589Z stdout F :ISTIO_OUTPUT - [0:0]
2022-05-09T21:46:04.354220061Z stdout F :ISTIO_REDIRECT - [0:0]
2022-05-09T21:46:04.354223061Z stdout F -A PREROUTING -p tcp -j ISTIO_INBOUND
2022-05-09T21:46:04.354225584Z stdout F -A OUTPUT -p tcp -j ISTIO_OUTPUT
2022-05-09T21:46:04.354228031Z stdout F -A ISTIO_INBOUND -p tcp -m tcp --dport 15008 -j RETURN
2022-05-09T21:46:04.354230489Z stdout F -A ISTIO_INBOUND -p tcp -m tcp --dport 15090 -j RETURN
2022-05-09T21:46:04.354232956Z stdout F -A ISTIO_INBOUND -p tcp -m tcp --dport 15021 -j RETURN
2022-05-09T21:46:04.354235445Z stdout F -A ISTIO_INBOUND -p tcp -m tcp --dport 15020 -j RETURN
2022-05-09T21:46:04.354237912Z stdout F -A ISTIO_INBOUND -p tcp -j ISTIO_IN_REDIRECT
2022-05-09T21:46:04.354240375Z stdout F -A ISTIO_IN_REDIRECT -p tcp -j REDIRECT --to-ports 15006
2022-05-09T21:46:04.354242821Z stdout F -A ISTIO_OUTPUT -s 127.0.0.6/32 -o lo -j RETURN
2022-05-09T21:46:04.354245682Z stdout F -A ISTIO_OUTPUT ! -d 127.0.0.1/32 -o lo -m owner --uid-owner 1337 -j ISTIO_IN_REDIRECT
2022-05-09T21:46:04.354248509Z stdout F -A ISTIO_OUTPUT -o lo -m owner ! --uid-owner 1337 -j RETURN
2022-05-09T21:46:04.354250974Z stdout F -A ISTIO_OUTPUT -m owner --uid-owner 1337 -j RETURN
2022-05-09T21:46:04.354253483Z stdout F -A ISTIO_OUTPUT ! -d 127.0.0.1/32 -o lo -m owner --gid-owner 1337 -j ISTIO_IN_REDIRECT
2022-05-09T21:46:04.354255907Z stdout F -A ISTIO_OUTPUT -o lo -m owner ! --gid-owner 1337 -j RETURN
2022-05-09T21:46:04.354258344Z stdout F -A ISTIO_OUTPUT -m owner --gid-owner 1337 -j RETURN
2022-05-09T21:46:04.354260774Z stdout F -A ISTIO_OUTPUT -d 127.0.0.1/32 -j RETURN
2022-05-09T21:46:04.354263252Z stdout F -A ISTIO_OUTPUT -j ISTIO_REDIRECT
2022-05-09T21:46:04.354265714Z stdout F -A ISTIO_REDIRECT -p tcp -j REDIRECT --to-ports 15001
2022-05-09T21:46:04.354268256Z stdout F COMMIT
2022-05-09T21:46:04.354270777Z stdout F # Completed on Mon May  9 21:46:04 2022
2022-05-09T21:46:04.35427321Z stdout F 
