2022-05-09T06:50:57.712106615Z stdout F 2022-05-09T06:50:57.711664Z	info	Istio iptables environment:
2022-05-09T06:50:57.712144139Z stdout F ENVOY_PORT=
2022-05-09T06:50:57.712149221Z stdout F INBOUND_CAPTURE_PORT=
2022-05-09T06:50:57.712152851Z stdout F ISTIO_INBOUND_INTERCEPTION_MODE=
2022-05-09T06:50:57.712155924Z stdout F ISTIO_INBOUND_TPROXY_ROUTE_TABLE=
2022-05-09T06:50:57.712158494Z stdout F ISTIO_INBOUND_PORTS=
2022-05-09T06:50:57.71216107Z stdout F ISTIO_OUTBOUND_PORTS=
2022-05-09T06:50:57.712176413Z stdout F ISTIO_LOCAL_EXCLUDE_PORTS=
2022-05-09T06:50:57.712180225Z stdout F ISTIO_EXCLUDE_INTERFACES=
2022-05-09T06:50:57.712182748Z stdout F ISTIO_SERVICE_CIDR=
2022-05-09T06:50:57.712185239Z stdout F ISTIO_SERVICE_EXCLUDE_CIDR=
2022-05-09T06:50:57.712199152Z stdout F ISTIO_META_DNS_CAPTURE=
2022-05-09T06:50:57.712204326Z stdout F INVALID_DROP=
2022-05-09T06:50:57.712206923Z stdout F 
2022-05-09T06:50:57.712209506Z stdout F 2022-05-09T06:50:57.711728Z	info	Istio iptables variables:
2022-05-09T06:50:57.712212331Z stdout F PROXY_PORT=15001
2022-05-09T06:50:57.712216128Z stdout F PROXY_INBOUND_CAPTURE_PORT=15006
2022-05-09T06:50:57.712220241Z stdout F PROXY_TUNNEL_PORT=15008
2022-05-09T06:50:57.712224594Z stdout F PROXY_UID=1337
2022-05-09T06:50:57.712229422Z stdout F PROXY_GID=1337
2022-05-09T06:50:57.712238951Z stdout F INBOUND_INTERCEPTION_MODE=REDIRECT
2022-05-09T06:50:57.71224779Z stdout F INBOUND_TPROXY_MARK=1337
2022-05-09T06:50:57.712260435Z stdout F INBOUND_TPROXY_ROUTE_TABLE=133
2022-05-09T06:50:57.712272426Z stdout F INBOUND_PORTS_INCLUDE=*
2022-05-09T06:50:57.712286346Z stdout F INBOUND_PORTS_EXCLUDE=15090,15021,15020
2022-05-09T06:50:57.712298681Z stdout F OUTBOUND_IP_RANGES_INCLUDE=*
2022-05-09T06:50:57.712305916Z stdout F OUTBOUND_IP_RANGES_EXCLUDE=
2022-05-09T06:50:57.712316295Z stdout F OUTBOUND_PORTS_INCLUDE=
2022-05-09T06:50:57.712322027Z stdout F OUTBOUND_PORTS_EXCLUDE=
2022-05-09T06:50:57.712324758Z stdout F KUBE_VIRT_INTERFACES=
2022-05-09T06:50:57.712327781Z stdout F ENABLE_INBOUND_IPV6=false
2022-05-09T06:50:57.712330334Z stdout F DNS_CAPTURE=false
2022-05-09T06:50:57.712334011Z stdout F DROP_INVALID=false
2022-05-09T06:50:57.712338233Z stdout F CAPTURE_ALL_DNS=false
2022-05-09T06:50:57.712342547Z stdout F DNS_SERVERS=[],[]
2022-05-09T06:50:57.712346839Z stdout F OUTPUT_PATH=
2022-05-09T06:50:57.712349649Z stdout F NETWORK_NAMESPACE=
2022-05-09T06:50:57.712352193Z stdout F CNI_MODE=false
2022-05-09T06:50:57.712354689Z stdout F EXCLUDE_INTERFACES=
2022-05-09T06:50:57.712357057Z stdout F 
2022-05-09T06:50:57.712397624Z stdout F 2022-05-09T06:50:57.712046Z	info	Writing following contents to rules file: /tmp/iptables-rules-1652079057711782368.txt1923512582
2022-05-09T06:50:57.712405753Z stdout F * nat
2022-05-09T06:50:57.712409475Z stdout F -N ISTIO_INBOUND
2022-05-09T06:50:57.712412045Z stdout F -N ISTIO_REDIRECT
2022-05-09T06:50:57.712414606Z stdout F -N ISTIO_IN_REDIRECT
2022-05-09T06:50:57.712417117Z stdout F -N ISTIO_OUTPUT
2022-05-09T06:50:57.712419637Z stdout F -A ISTIO_INBOUND -p tcp --dport 15008 -j RETURN
2022-05-09T06:50:57.712422137Z stdout F -A ISTIO_REDIRECT -p tcp -j REDIRECT --to-ports 15001
2022-05-09T06:50:57.712424983Z stdout F -A ISTIO_IN_REDIRECT -p tcp -j REDIRECT --to-ports 15006
2022-05-09T06:50:57.712428844Z stdout F -A PREROUTING -p tcp -j ISTIO_INBOUND
2022-05-09T06:50:57.712432877Z stdout F -A ISTIO_INBOUND -p tcp --dport 15090 -j RETURN
2022-05-09T06:50:57.712437448Z stdout F -A ISTIO_INBOUND -p tcp --dport 15021 -j RETURN
2022-05-09T06:50:57.712445673Z stdout F -A ISTIO_INBOUND -p tcp --dport 15020 -j RETURN
2022-05-09T06:50:57.712453836Z stdout F -A ISTIO_INBOUND -p tcp -j ISTIO_IN_REDIRECT
2022-05-09T06:50:57.712464132Z stdout F -A OUTPUT -p tcp -j ISTIO_OUTPUT
2022-05-09T06:50:57.712471336Z stdout F -A ISTIO_OUTPUT -o lo -s 127.0.0.6/32 -j RETURN
2022-05-09T06:50:57.71247667Z stdout F -A ISTIO_OUTPUT -o lo ! -d 127.0.0.1/32 -m owner --uid-owner 1337 -j ISTIO_IN_REDIRECT
2022-05-09T06:50:57.71248499Z stdout F -A ISTIO_OUTPUT -o lo -m owner ! --uid-owner 1337 -j RETURN
2022-05-09T06:50:57.712507463Z stdout F -A ISTIO_OUTPUT -m owner --uid-owner 1337 -j RETURN
2022-05-09T06:50:57.712513247Z stdout F -A ISTIO_OUTPUT -o lo ! -d 127.0.0.1/32 -m owner --gid-owner 1337 -j ISTIO_IN_REDIRECT
2022-05-09T06:50:57.712515896Z stdout F -A ISTIO_OUTPUT -o lo -m owner ! --gid-owner 1337 -j RETURN
2022-05-09T06:50:57.712518382Z stdout F -A ISTIO_OUTPUT -m owner --gid-owner 1337 -j RETURN
2022-05-09T06:50:57.712520884Z stdout F -A ISTIO_OUTPUT -d 127.0.0.1/32 -j RETURN
2022-05-09T06:50:57.712523346Z stdout F -A ISTIO_OUTPUT -j ISTIO_REDIRECT
2022-05-09T06:50:57.712525981Z stdout F COMMIT
2022-05-09T06:50:57.712528953Z stdout F 2022-05-09T06:50:57.712130Z	info	Running command: iptables-restore --noflush /tmp/iptables-rules-1652079057711782368.txt1923512582
2022-05-09T06:50:57.717391986Z stdout F 2022-05-09T06:50:57.716757Z	info	Writing following contents to rules file: /tmp/ip6tables-rules-1652079057716543944.txt151053980
2022-05-09T06:50:57.717411719Z stdout F 
2022-05-09T06:50:57.71742053Z stdout F 2022-05-09T06:50:57.716823Z	info	Running command: ip6tables-restore --noflush /tmp/ip6tables-rules-1652079057716543944.txt151053980
2022-05-09T06:50:57.719741788Z stdout F 2022-05-09T06:50:57.719340Z	info	Running command: iptables-save 
2022-05-09T06:50:57.724284851Z stdout F 2022-05-09T06:50:57.723839Z	info	Command output: 
2022-05-09T06:50:57.724325753Z stdout F # Generated by iptables-save v1.8.4 on Mon May  9 06:50:57 2022
2022-05-09T06:50:57.724336248Z stdout F *nat
2022-05-09T06:50:57.724342206Z stdout F :PREROUTING ACCEPT [0:0]
2022-05-09T06:50:57.724345934Z stdout F :INPUT ACCEPT [0:0]
2022-05-09T06:50:57.724349708Z stdout F :OUTPUT ACCEPT [0:0]
2022-05-09T06:50:57.72435493Z stdout F :POSTROUTING ACCEPT [0:0]
2022-05-09T06:50:57.724358623Z stdout F :ISTIO_INBOUND - [0:0]
2022-05-09T06:50:57.72443687Z stdout F :ISTIO_IN_REDIRECT - [0:0]
2022-05-09T06:50:57.724467228Z stdout F :ISTIO_OUTPUT - [0:0]
2022-05-09T06:50:57.72448043Z stdout F :ISTIO_REDIRECT - [0:0]
2022-05-09T06:50:57.724492292Z stdout F -A PREROUTING -p tcp -j ISTIO_INBOUND
2022-05-09T06:50:57.724504684Z stdout F -A OUTPUT -p tcp -j ISTIO_OUTPUT
2022-05-09T06:50:57.724510598Z stdout F -A ISTIO_INBOUND -p tcp -m tcp --dport 15008 -j RETURN
2022-05-09T06:50:57.724536908Z stdout F -A ISTIO_INBOUND -p tcp -m tcp --dport 15090 -j RETURN
2022-05-09T06:50:57.724546553Z stdout F -A ISTIO_INBOUND -p tcp -m tcp --dport 15021 -j RETURN
2022-05-09T06:50:57.72455105Z stdout F -A ISTIO_INBOUND -p tcp -m tcp --dport 15020 -j RETURN
2022-05-09T06:50:57.724555327Z stdout F -A ISTIO_INBOUND -p tcp -j ISTIO_IN_REDIRECT
2022-05-09T06:50:57.724559197Z stdout F -A ISTIO_IN_REDIRECT -p tcp -j REDIRECT --to-ports 15006
2022-05-09T06:50:57.724562976Z stdout F -A ISTIO_OUTPUT -s 127.0.0.6/32 -o lo -j RETURN
2022-05-09T06:50:57.724568462Z stdout F -A ISTIO_OUTPUT ! -d 127.0.0.1/32 -o lo -m owner --uid-owner 1337 -j ISTIO_IN_REDIRECT
2022-05-09T06:50:57.724573057Z stdout F -A ISTIO_OUTPUT -o lo -m owner ! --uid-owner 1337 -j RETURN
2022-05-09T06:50:57.724577133Z stdout F -A ISTIO_OUTPUT -m owner --uid-owner 1337 -j RETURN
2022-05-09T06:50:57.724581085Z stdout F -A ISTIO_OUTPUT ! -d 127.0.0.1/32 -o lo -m owner --gid-owner 1337 -j ISTIO_IN_REDIRECT
2022-05-09T06:50:57.724585164Z stdout F -A ISTIO_OUTPUT -o lo -m owner ! --gid-owner 1337 -j RETURN
2022-05-09T06:50:57.7245894Z stdout F -A ISTIO_OUTPUT -m owner --gid-owner 1337 -j RETURN
2022-05-09T06:50:57.724593624Z stdout F -A ISTIO_OUTPUT -d 127.0.0.1/32 -j RETURN
2022-05-09T06:50:57.724597596Z stdout F -A ISTIO_OUTPUT -j ISTIO_REDIRECT
2022-05-09T06:50:57.724601556Z stdout F -A ISTIO_REDIRECT -p tcp -j REDIRECT --to-ports 15001
2022-05-09T06:50:57.72460572Z stdout F COMMIT
2022-05-09T06:50:57.724610262Z stdout F # Completed on Mon May  9 06:50:57 2022
2022-05-09T06:50:57.724654445Z stdout F 
