2022-05-09T11:47:58.580484077Z stdout F 2022-05-09T11:47:58.580014Z	info	Istio iptables environment:
2022-05-09T11:47:58.580627422Z stdout F ENVOY_PORT=
2022-05-09T11:47:58.580636276Z stdout F INBOUND_CAPTURE_PORT=
2022-05-09T11:47:58.580640591Z stdout F ISTIO_INBOUND_INTERCEPTION_MODE=
2022-05-09T11:47:58.580644284Z stdout F ISTIO_INBOUND_TPROXY_ROUTE_TABLE=
2022-05-09T11:47:58.580647423Z stdout F ISTIO_INBOUND_PORTS=
2022-05-09T11:47:58.580650584Z stdout F ISTIO_OUTBOUND_PORTS=
2022-05-09T11:47:58.580653703Z stdout F ISTIO_LOCAL_EXCLUDE_PORTS=
2022-05-09T11:47:58.580656755Z stdout F ISTIO_EXCLUDE_INTERFACES=
2022-05-09T11:47:58.58065985Z stdout F ISTIO_SERVICE_CIDR=
2022-05-09T11:47:58.580663063Z stdout F ISTIO_SERVICE_EXCLUDE_CIDR=
2022-05-09T11:47:58.580666172Z stdout F ISTIO_META_DNS_CAPTURE=
2022-05-09T11:47:58.580669226Z stdout F INVALID_DROP=
2022-05-09T11:47:58.580672257Z stdout F 
2022-05-09T11:47:58.580675337Z stdout F 2022-05-09T11:47:58.580133Z	info	Istio iptables variables:
2022-05-09T11:47:58.580678465Z stdout F PROXY_PORT=15001
2022-05-09T11:47:58.580681785Z stdout F PROXY_INBOUND_CAPTURE_PORT=15006
2022-05-09T11:47:58.580684835Z stdout F PROXY_TUNNEL_PORT=15008
2022-05-09T11:47:58.580688038Z stdout F PROXY_UID=1337
2022-05-09T11:47:58.580691187Z stdout F PROXY_GID=1337
2022-05-09T11:47:58.580694311Z stdout F INBOUND_INTERCEPTION_MODE=REDIRECT
2022-05-09T11:47:58.580697391Z stdout F INBOUND_TPROXY_MARK=1337
2022-05-09T11:47:58.580700428Z stdout F INBOUND_TPROXY_ROUTE_TABLE=133
2022-05-09T11:47:58.580703479Z stdout F INBOUND_PORTS_INCLUDE=*
2022-05-09T11:47:58.580706541Z stdout F INBOUND_PORTS_EXCLUDE=15090,15021,15020
2022-05-09T11:47:58.580709634Z stdout F OUTBOUND_IP_RANGES_INCLUDE=*
2022-05-09T11:47:58.580712648Z stdout F OUTBOUND_IP_RANGES_EXCLUDE=
2022-05-09T11:47:58.580715676Z stdout F OUTBOUND_PORTS_INCLUDE=
2022-05-09T11:47:58.580718719Z stdout F OUTBOUND_PORTS_EXCLUDE=
2022-05-09T11:47:58.580721776Z stdout F KUBE_VIRT_INTERFACES=
2022-05-09T11:47:58.580724861Z stdout F ENABLE_INBOUND_IPV6=false
2022-05-09T11:47:58.580727888Z stdout F DNS_CAPTURE=false
2022-05-09T11:47:58.580730977Z stdout F DROP_INVALID=false
2022-05-09T11:47:58.580734076Z stdout F CAPTURE_ALL_DNS=false
2022-05-09T11:47:58.58073715Z stdout F DNS_SERVERS=[],[]
2022-05-09T11:47:58.58074083Z stdout F OUTPUT_PATH=
2022-05-09T11:47:58.580743965Z stdout F NETWORK_NAMESPACE=
2022-05-09T11:47:58.580747084Z stdout F CNI_MODE=false
2022-05-09T11:47:58.580750239Z stdout F EXCLUDE_INTERFACES=
2022-05-09T11:47:58.580753171Z stdout F 
2022-05-09T11:47:58.581056805Z stdout F 2022-05-09T11:47:58.580551Z	info	Writing following contents to rules file: /tmp/iptables-rules-1652096878580284157.txt379075478
2022-05-09T11:47:58.581070067Z stdout F * nat
2022-05-09T11:47:58.581073984Z stdout F -N ISTIO_INBOUND
2022-05-09T11:47:58.581077421Z stdout F -N ISTIO_REDIRECT
2022-05-09T11:47:58.581080534Z stdout F -N ISTIO_IN_REDIRECT
2022-05-09T11:47:58.581083713Z stdout F -N ISTIO_OUTPUT
2022-05-09T11:47:58.581087023Z stdout F -A ISTIO_INBOUND -p tcp --dport 15008 -j RETURN
2022-05-09T11:47:58.58109045Z stdout F -A ISTIO_REDIRECT -p tcp -j REDIRECT --to-ports 15001
2022-05-09T11:47:58.581093627Z stdout F -A ISTIO_IN_REDIRECT -p tcp -j REDIRECT --to-ports 15006
2022-05-09T11:47:58.581096683Z stdout F -A PREROUTING -p tcp -j ISTIO_INBOUND
2022-05-09T11:47:58.581142303Z stdout F -A ISTIO_INBOUND -p tcp --dport 15090 -j RETURN
2022-05-09T11:47:58.581148081Z stdout F -A ISTIO_INBOUND -p tcp --dport 15021 -j RETURN
2022-05-09T11:47:58.581151291Z stdout F -A ISTIO_INBOUND -p tcp --dport 15020 -j RETURN
2022-05-09T11:47:58.581154449Z stdout F -A ISTIO_INBOUND -p tcp -j ISTIO_IN_REDIRECT
2022-05-09T11:47:58.581157875Z stdout F -A OUTPUT -p tcp -j ISTIO_OUTPUT
2022-05-09T11:47:58.581160985Z stdout F -A ISTIO_OUTPUT -o lo -s 127.0.0.6/32 -j RETURN
2022-05-09T11:47:58.581164564Z stdout F -A ISTIO_OUTPUT -o lo ! -d 127.0.0.1/32 -m owner --uid-owner 1337 -j ISTIO_IN_REDIRECT
2022-05-09T11:47:58.581167693Z stdout F -A ISTIO_OUTPUT -o lo -m owner ! --uid-owner 1337 -j RETURN
2022-05-09T11:47:58.58118097Z stdout F -A ISTIO_OUTPUT -m owner --uid-owner 1337 -j RETURN
2022-05-09T11:47:58.58118481Z stdout F -A ISTIO_OUTPUT -o lo ! -d 127.0.0.1/32 -m owner --gid-owner 1337 -j ISTIO_IN_REDIRECT
2022-05-09T11:47:58.581187868Z stdout F -A ISTIO_OUTPUT -o lo -m owner ! --gid-owner 1337 -j RETURN
2022-05-09T11:47:58.58119091Z stdout F -A ISTIO_OUTPUT -m owner --gid-owner 1337 -j RETURN
2022-05-09T11:47:58.581197857Z stdout F -A ISTIO_OUTPUT -d 127.0.0.1/32 -j RETURN
2022-05-09T11:47:58.581201151Z stdout F -A ISTIO_OUTPUT -j ISTIO_REDIRECT
2022-05-09T11:47:58.58120436Z stdout F COMMIT
2022-05-09T11:47:58.58120789Z stdout F 2022-05-09T11:47:58.580613Z	info	Running command: iptables-restore --noflush /tmp/iptables-rules-1652096878580284157.txt379075478
2022-05-09T11:47:58.647611475Z stdout F 2022-05-09T11:47:58.647053Z	info	Writing following contents to rules file: /tmp/ip6tables-rules-1652096878646963576.txt649139451
2022-05-09T11:47:58.647639266Z stdout F 
2022-05-09T11:47:58.647645267Z stdout F 2022-05-09T11:47:58.647231Z	info	Running command: ip6tables-restore --noflush /tmp/ip6tables-rules-1652096878646963576.txt649139451
2022-05-09T11:47:58.687721446Z stdout F 2022-05-09T11:47:58.686362Z	info	Running command: iptables-save 
2022-05-09T11:47:58.703964314Z stdout F 2022-05-09T11:47:58.703010Z	info	Command output: 
2022-05-09T11:47:58.703989082Z stdout F # Generated by iptables-save v1.8.4 on Mon May  9 11:47:58 2022
2022-05-09T11:47:58.703995046Z stdout F *nat
2022-05-09T11:47:58.70399979Z stdout F :PREROUTING ACCEPT [0:0]
2022-05-09T11:47:58.704003352Z stdout F :INPUT ACCEPT [0:0]
2022-05-09T11:47:58.704006667Z stdout F :OUTPUT ACCEPT [0:0]
2022-05-09T11:47:58.704010251Z stdout F :POSTROUTING ACCEPT [0:0]
2022-05-09T11:47:58.704013387Z stdout F :ISTIO_INBOUND - [0:0]
2022-05-09T11:47:58.704016597Z stdout F :ISTIO_IN_REDIRECT - [0:0]
2022-05-09T11:47:58.704019713Z stdout F :ISTIO_OUTPUT - [0:0]
2022-05-09T11:47:58.704022856Z stdout F :ISTIO_REDIRECT - [0:0]
2022-05-09T11:47:58.70402623Z stdout F -A PREROUTING -p tcp -j ISTIO_INBOUND
2022-05-09T11:47:58.704029441Z stdout F -A OUTPUT -p tcp -j ISTIO_OUTPUT
2022-05-09T11:47:58.704032589Z stdout F -A ISTIO_INBOUND -p tcp -m tcp --dport 15008 -j RETURN
2022-05-09T11:47:58.704035895Z stdout F -A ISTIO_INBOUND -p tcp -m tcp --dport 15090 -j RETURN
2022-05-09T11:47:58.704039283Z stdout F -A ISTIO_INBOUND -p tcp -m tcp --dport 15021 -j RETURN
2022-05-09T11:47:58.70404239Z stdout F -A ISTIO_INBOUND -p tcp -m tcp --dport 15020 -j RETURN
2022-05-09T11:47:58.704045573Z stdout F -A ISTIO_INBOUND -p tcp -j ISTIO_IN_REDIRECT
2022-05-09T11:47:58.704048688Z stdout F -A ISTIO_IN_REDIRECT -p tcp -j REDIRECT --to-ports 15006
2022-05-09T11:47:58.704051744Z stdout F -A ISTIO_OUTPUT -s 127.0.0.6/32 -o lo -j RETURN
2022-05-09T11:47:58.704055336Z stdout F -A ISTIO_OUTPUT ! -d 127.0.0.1/32 -o lo -m owner --uid-owner 1337 -j ISTIO_IN_REDIRECT
2022-05-09T11:47:58.704058528Z stdout F -A ISTIO_OUTPUT -o lo -m owner ! --uid-owner 1337 -j RETURN
2022-05-09T11:47:58.70406171Z stdout F -A ISTIO_OUTPUT -m owner --uid-owner 1337 -j RETURN
2022-05-09T11:47:58.704064927Z stdout F -A ISTIO_OUTPUT ! -d 127.0.0.1/32 -o lo -m owner --gid-owner 1337 -j ISTIO_IN_REDIRECT
2022-05-09T11:47:58.704068104Z stdout F -A ISTIO_OUTPUT -o lo -m owner ! --gid-owner 1337 -j RETURN
2022-05-09T11:47:58.704071211Z stdout F -A ISTIO_OUTPUT -m owner --gid-owner 1337 -j RETURN
2022-05-09T11:47:58.70407455Z stdout F -A ISTIO_OUTPUT -d 127.0.0.1/32 -j RETURN
2022-05-09T11:47:58.704077775Z stdout F -A ISTIO_OUTPUT -j ISTIO_REDIRECT
2022-05-09T11:47:58.704080968Z stdout F -A ISTIO_REDIRECT -p tcp -j REDIRECT --to-ports 15001
2022-05-09T11:47:58.704084168Z stdout F COMMIT
2022-05-09T11:47:58.704087439Z stdout F # Completed on Mon May  9 11:47:58 2022
2022-05-09T11:47:58.704090498Z stdout F 
