2022-05-09T06:50:56.811296469Z stdout F 2022-05-09T06:50:56.810894Z	info	Istio iptables environment:
2022-05-09T06:50:56.811332272Z stdout F ENVOY_PORT=
2022-05-09T06:50:56.811337261Z stdout F INBOUND_CAPTURE_PORT=
2022-05-09T06:50:56.811340296Z stdout F ISTIO_INBOUND_INTERCEPTION_MODE=
2022-05-09T06:50:56.811371473Z stdout F ISTIO_INBOUND_TPROXY_ROUTE_TABLE=
2022-05-09T06:50:56.811375007Z stdout F ISTIO_INBOUND_PORTS=
2022-05-09T06:50:56.811377546Z stdout F ISTIO_OUTBOUND_PORTS=
2022-05-09T06:50:56.811379868Z stdout F ISTIO_LOCAL_EXCLUDE_PORTS=
2022-05-09T06:50:56.811382197Z stdout F ISTIO_EXCLUDE_INTERFACES=
2022-05-09T06:50:56.811384486Z stdout F ISTIO_SERVICE_CIDR=
2022-05-09T06:50:56.811386827Z stdout F ISTIO_SERVICE_EXCLUDE_CIDR=
2022-05-09T06:50:56.811389144Z stdout F ISTIO_META_DNS_CAPTURE=
2022-05-09T06:50:56.811391657Z stdout F INVALID_DROP=
2022-05-09T06:50:56.81139394Z stdout F 
2022-05-09T06:50:56.811396448Z stdout F 2022-05-09T06:50:56.811047Z	info	Istio iptables variables:
2022-05-09T06:50:56.811398755Z stdout F PROXY_PORT=15001
2022-05-09T06:50:56.811401107Z stdout F PROXY_INBOUND_CAPTURE_PORT=15006
2022-05-09T06:50:56.811403492Z stdout F PROXY_TUNNEL_PORT=15008
2022-05-09T06:50:56.811405834Z stdout F PROXY_UID=1337
2022-05-09T06:50:56.811408283Z stdout F PROXY_GID=1337
2022-05-09T06:50:56.811410615Z stdout F INBOUND_INTERCEPTION_MODE=REDIRECT
2022-05-09T06:50:56.811412957Z stdout F INBOUND_TPROXY_MARK=1337
2022-05-09T06:50:56.81141523Z stdout F INBOUND_TPROXY_ROUTE_TABLE=133
2022-05-09T06:50:56.81141756Z stdout F INBOUND_PORTS_INCLUDE=*
2022-05-09T06:50:56.811419901Z stdout F INBOUND_PORTS_EXCLUDE=15090,15021,15020
2022-05-09T06:50:56.811422198Z stdout F OUTBOUND_IP_RANGES_INCLUDE=*
2022-05-09T06:50:56.811424499Z stdout F OUTBOUND_IP_RANGES_EXCLUDE=
2022-05-09T06:50:56.811426758Z stdout F OUTBOUND_PORTS_INCLUDE=
2022-05-09T06:50:56.811429041Z stdout F OUTBOUND_PORTS_EXCLUDE=
2022-05-09T06:50:56.811431308Z stdout F KUBE_VIRT_INTERFACES=
2022-05-09T06:50:56.811433645Z stdout F ENABLE_INBOUND_IPV6=false
2022-05-09T06:50:56.811435908Z stdout F DNS_CAPTURE=false
2022-05-09T06:50:56.8114382Z stdout F DROP_INVALID=false
2022-05-09T06:50:56.811440554Z stdout F CAPTURE_ALL_DNS=false
2022-05-09T06:50:56.811442855Z stdout F DNS_SERVERS=[],[]
2022-05-09T06:50:56.8114452Z stdout F OUTPUT_PATH=
2022-05-09T06:50:56.811447871Z stdout F NETWORK_NAMESPACE=
2022-05-09T06:50:56.81145024Z stdout F CNI_MODE=false
2022-05-09T06:50:56.811452674Z stdout F EXCLUDE_INTERFACES=
2022-05-09T06:50:56.811454849Z stdout F 
2022-05-09T06:50:56.81210906Z stdout F 2022-05-09T06:50:56.811930Z	info	Writing following contents to rules file: /tmp/iptables-rules-1652079056811094391.txt3580935833
2022-05-09T06:50:56.812126442Z stdout F * nat
2022-05-09T06:50:56.812130569Z stdout F -N ISTIO_INBOUND
2022-05-09T06:50:56.812133628Z stdout F -N ISTIO_REDIRECT
2022-05-09T06:50:56.812136147Z stdout F -N ISTIO_IN_REDIRECT
2022-05-09T06:50:56.812138624Z stdout F -N ISTIO_OUTPUT
2022-05-09T06:50:56.812141378Z stdout F -A ISTIO_INBOUND -p tcp --dport 15008 -j RETURN
2022-05-09T06:50:56.812144042Z stdout F -A ISTIO_REDIRECT -p tcp -j REDIRECT --to-ports 15001
2022-05-09T06:50:56.812146425Z stdout F -A ISTIO_IN_REDIRECT -p tcp -j REDIRECT --to-ports 15006
2022-05-09T06:50:56.812148699Z stdout F -A PREROUTING -p tcp -j ISTIO_INBOUND
2022-05-09T06:50:56.812151027Z stdout F -A ISTIO_INBOUND -p tcp --dport 15090 -j RETURN
2022-05-09T06:50:56.812153347Z stdout F -A ISTIO_INBOUND -p tcp --dport 15021 -j RETURN
2022-05-09T06:50:56.812155667Z stdout F -A ISTIO_INBOUND -p tcp --dport 15020 -j RETURN
2022-05-09T06:50:56.812158381Z stdout F -A ISTIO_INBOUND -p tcp -j ISTIO_IN_REDIRECT
2022-05-09T06:50:56.81216089Z stdout F -A OUTPUT -p tcp -j ISTIO_OUTPUT
2022-05-09T06:50:56.81216326Z stdout F -A ISTIO_OUTPUT -o lo -s 127.0.0.6/32 -j RETURN
2022-05-09T06:50:56.812165859Z stdout F -A ISTIO_OUTPUT -o lo ! -d 127.0.0.1/32 -m owner --uid-owner 1337 -j ISTIO_IN_REDIRECT
2022-05-09T06:50:56.812168186Z stdout F -A ISTIO_OUTPUT -o lo -m owner ! --uid-owner 1337 -j RETURN
2022-05-09T06:50:56.812170523Z stdout F -A ISTIO_OUTPUT -m owner --uid-owner 1337 -j RETURN
2022-05-09T06:50:56.812182163Z stdout F -A ISTIO_OUTPUT -o lo ! -d 127.0.0.1/32 -m owner --gid-owner 1337 -j ISTIO_IN_REDIRECT
2022-05-09T06:50:56.812184958Z stdout F -A ISTIO_OUTPUT -o lo -m owner ! --gid-owner 1337 -j RETURN
2022-05-09T06:50:56.812187257Z stdout F -A ISTIO_OUTPUT -m owner --gid-owner 1337 -j RETURN
2022-05-09T06:50:56.812189571Z stdout F -A ISTIO_OUTPUT -d 127.0.0.1/32 -j RETURN
2022-05-09T06:50:56.812191952Z stdout F -A ISTIO_OUTPUT -j ISTIO_REDIRECT
2022-05-09T06:50:56.81219433Z stdout F COMMIT
2022-05-09T06:50:56.812217214Z stdout F 2022-05-09T06:50:56.812034Z	info	Running command: iptables-restore --noflush /tmp/iptables-rules-1652079056811094391.txt3580935833
2022-05-09T06:50:56.815497364Z stdout F 2022-05-09T06:50:56.815312Z	info	Writing following contents to rules file: /tmp/ip6tables-rules-1652079056815274299.txt3212238388
2022-05-09T06:50:56.81551075Z stdout F 
2022-05-09T06:50:56.815514809Z stdout F 2022-05-09T06:50:56.815352Z	info	Running command: ip6tables-restore --noflush /tmp/ip6tables-rules-1652079056815274299.txt3212238388
2022-05-09T06:50:56.817228108Z stdout F 2022-05-09T06:50:56.817017Z	info	Running command: iptables-save 
2022-05-09T06:50:56.819787943Z stdout F 2022-05-09T06:50:56.819490Z	info	Command output: 
2022-05-09T06:50:56.81981088Z stdout F # Generated by iptables-save v1.8.4 on Mon May  9 06:50:56 2022
2022-05-09T06:50:56.819814648Z stdout F *nat
2022-05-09T06:50:56.819817914Z stdout F :PREROUTING ACCEPT [0:0]
2022-05-09T06:50:56.819820264Z stdout F :INPUT ACCEPT [0:0]
2022-05-09T06:50:56.819822625Z stdout F :OUTPUT ACCEPT [0:0]
2022-05-09T06:50:56.819825607Z stdout F :POSTROUTING ACCEPT [0:0]
2022-05-09T06:50:56.819879394Z stdout F :ISTIO_INBOUND - [0:0]
2022-05-09T06:50:56.819903492Z stdout F :ISTIO_IN_REDIRECT - [0:0]
2022-05-09T06:50:56.81991088Z stdout F :ISTIO_OUTPUT - [0:0]
2022-05-09T06:50:56.819913867Z stdout F :ISTIO_REDIRECT - [0:0]
2022-05-09T06:50:56.819916824Z stdout F -A PREROUTING -p tcp -j ISTIO_INBOUND
2022-05-09T06:50:56.819919274Z stdout F -A OUTPUT -p tcp -j ISTIO_OUTPUT
2022-05-09T06:50:56.819921858Z stdout F -A ISTIO_INBOUND -p tcp -m tcp --dport 15008 -j RETURN
2022-05-09T06:50:56.81992425Z stdout F -A ISTIO_INBOUND -p tcp -m tcp --dport 15090 -j RETURN
2022-05-09T06:50:56.819926771Z stdout F -A ISTIO_INBOUND -p tcp -m tcp --dport 15021 -j RETURN
2022-05-09T06:50:56.819929132Z stdout F -A ISTIO_INBOUND -p tcp -m tcp --dport 15020 -j RETURN
2022-05-09T06:50:56.819931507Z stdout F -A ISTIO_INBOUND -p tcp -j ISTIO_IN_REDIRECT
2022-05-09T06:50:56.819967283Z stdout F -A ISTIO_IN_REDIRECT -p tcp -j REDIRECT --to-ports 15006
2022-05-09T06:50:56.819971569Z stdout F -A ISTIO_OUTPUT -s 127.0.0.6/32 -o lo -j RETURN
2022-05-09T06:50:56.819974445Z stdout F -A ISTIO_OUTPUT ! -d 127.0.0.1/32 -o lo -m owner --uid-owner 1337 -j ISTIO_IN_REDIRECT
2022-05-09T06:50:56.819976814Z stdout F -A ISTIO_OUTPUT -o lo -m owner ! --uid-owner 1337 -j RETURN
2022-05-09T06:50:56.819979094Z stdout F -A ISTIO_OUTPUT -m owner --uid-owner 1337 -j RETURN
2022-05-09T06:50:56.819981441Z stdout F -A ISTIO_OUTPUT ! -d 127.0.0.1/32 -o lo -m owner --gid-owner 1337 -j ISTIO_IN_REDIRECT
2022-05-09T06:50:56.819983743Z stdout F -A ISTIO_OUTPUT -o lo -m owner ! --gid-owner 1337 -j RETURN
2022-05-09T06:50:56.819986066Z stdout F -A ISTIO_OUTPUT -m owner --gid-owner 1337 -j RETURN
2022-05-09T06:50:56.819988427Z stdout F -A ISTIO_OUTPUT -d 127.0.0.1/32 -j RETURN
2022-05-09T06:50:56.819990748Z stdout F -A ISTIO_OUTPUT -j ISTIO_REDIRECT
2022-05-09T06:50:56.819993069Z stdout F -A ISTIO_REDIRECT -p tcp -j REDIRECT --to-ports 15001
2022-05-09T06:50:56.819995697Z stdout F COMMIT
2022-05-09T06:50:56.819998211Z stdout F # Completed on Mon May  9 06:50:56 2022
2022-05-09T06:50:56.820000445Z stdout F 
