2022-05-26T05:25:28.133556011Z stdout F 2022-05-26T05:25:28.132072Z	info	Istio iptables environment:
2022-05-26T05:25:28.133602303Z stdout F ENVOY_PORT=
2022-05-26T05:25:28.133611791Z stdout F INBOUND_CAPTURE_PORT=
2022-05-26T05:25:28.133615506Z stdout F ISTIO_INBOUND_INTERCEPTION_MODE=
2022-05-26T05:25:28.133618808Z stdout F ISTIO_INBOUND_TPROXY_ROUTE_TABLE=
2022-05-26T05:25:28.133621255Z stdout F ISTIO_INBOUND_PORTS=
2022-05-26T05:25:28.133623702Z stdout F ISTIO_OUTBOUND_PORTS=
2022-05-26T05:25:28.133626199Z stdout F ISTIO_LOCAL_EXCLUDE_PORTS=
2022-05-26T05:25:28.133628598Z stdout F ISTIO_EXCLUDE_INTERFACES=
2022-05-26T05:25:28.133631292Z stdout F ISTIO_SERVICE_CIDR=
2022-05-26T05:25:28.133633702Z stdout F ISTIO_SERVICE_EXCLUDE_CIDR=
2022-05-26T05:25:28.133636168Z stdout F ISTIO_META_DNS_CAPTURE=
2022-05-26T05:25:28.133638734Z stdout F INVALID_DROP=
2022-05-26T05:25:28.133641097Z stdout F 
2022-05-26T05:25:28.133643576Z stdout F 2022-05-26T05:25:28.132394Z	info	Istio iptables variables:
2022-05-26T05:25:28.133725555Z stdout F PROXY_PORT=15001
2022-05-26T05:25:28.133731342Z stdout F PROXY_INBOUND_CAPTURE_PORT=15006
2022-05-26T05:25:28.133735461Z stdout F PROXY_TUNNEL_PORT=15008
2022-05-26T05:25:28.13373906Z stdout F PROXY_UID=1337
2022-05-26T05:25:28.133742817Z stdout F PROXY_GID=1337
2022-05-26T05:25:28.133746523Z stdout F INBOUND_INTERCEPTION_MODE=REDIRECT
2022-05-26T05:25:28.133750146Z stdout F INBOUND_TPROXY_MARK=1337
2022-05-26T05:25:28.133754162Z stdout F INBOUND_TPROXY_ROUTE_TABLE=133
2022-05-26T05:25:28.133758139Z stdout F INBOUND_PORTS_INCLUDE=*
2022-05-26T05:25:28.133762066Z stdout F INBOUND_PORTS_EXCLUDE=15090,15021,15020
2022-05-26T05:25:28.13376599Z stdout F OUTBOUND_IP_RANGES_INCLUDE=*
2022-05-26T05:25:28.133769223Z stdout F OUTBOUND_IP_RANGES_EXCLUDE=
2022-05-26T05:25:28.133773105Z stdout F OUTBOUND_PORTS_INCLUDE=
2022-05-26T05:25:28.133776495Z stdout F OUTBOUND_PORTS_EXCLUDE=
2022-05-26T05:25:28.133780052Z stdout F KUBE_VIRT_INTERFACES=
2022-05-26T05:25:28.133783975Z stdout F ENABLE_INBOUND_IPV6=false
2022-05-26T05:25:28.133787859Z stdout F DNS_CAPTURE=false
2022-05-26T05:25:28.133798632Z stdout F DROP_INVALID=false
2022-05-26T05:25:28.133804669Z stdout F CAPTURE_ALL_DNS=false
2022-05-26T05:25:28.133812149Z stdout F DNS_SERVERS=[],[]
2022-05-26T05:25:28.133823083Z stdout F OUTPUT_PATH=
2022-05-26T05:25:28.133832418Z stdout F NETWORK_NAMESPACE=
2022-05-26T05:25:28.133839509Z stdout F CNI_MODE=false
2022-05-26T05:25:28.133850521Z stdout F EXCLUDE_INTERFACES=
2022-05-26T05:25:28.133861726Z stdout F 
2022-05-26T05:25:28.133874769Z stdout F 2022-05-26T05:25:28.132832Z	info	Writing following contents to rules file: /tmp/iptables-rules-1653542728132531888.txt3797397963
2022-05-26T05:25:28.133888491Z stdout F * nat
2022-05-26T05:25:28.133896632Z stdout F -N ISTIO_INBOUND
2022-05-26T05:25:28.133901202Z stdout F -N ISTIO_REDIRECT
2022-05-26T05:25:28.133905695Z stdout F -N ISTIO_IN_REDIRECT
2022-05-26T05:25:28.13390971Z stdout F -N ISTIO_OUTPUT
2022-05-26T05:25:28.133913644Z stdout F -A ISTIO_INBOUND -p tcp --dport 15008 -j RETURN
2022-05-26T05:25:28.133917566Z stdout F -A ISTIO_REDIRECT -p tcp -j REDIRECT --to-ports 15001
2022-05-26T05:25:28.133925078Z stdout F -A ISTIO_IN_REDIRECT -p tcp -j REDIRECT --to-ports 15006
2022-05-26T05:25:28.133933041Z stdout F -A PREROUTING -p tcp -j ISTIO_INBOUND
2022-05-26T05:25:28.133938413Z stdout F -A ISTIO_INBOUND -p tcp --dport 15090 -j RETURN
2022-05-26T05:25:28.133942619Z stdout F -A ISTIO_INBOUND -p tcp --dport 15021 -j RETURN
2022-05-26T05:25:28.13395126Z stdout F -A ISTIO_INBOUND -p tcp --dport 15020 -j RETURN
2022-05-26T05:25:28.133958902Z stdout F -A ISTIO_INBOUND -p tcp -j ISTIO_IN_REDIRECT
2022-05-26T05:25:28.133962177Z stdout F -A OUTPUT -p tcp -j ISTIO_OUTPUT
2022-05-26T05:25:28.133964585Z stdout F -A ISTIO_OUTPUT -o lo -s 127.0.0.6/32 -j RETURN
2022-05-26T05:25:28.133967291Z stdout F -A ISTIO_OUTPUT -o lo ! -d 127.0.0.1/32 -m owner --uid-owner 1337 -j ISTIO_IN_REDIRECT
2022-05-26T05:25:28.133969693Z stdout F -A ISTIO_OUTPUT -o lo -m owner ! --uid-owner 1337 -j RETURN
2022-05-26T05:25:28.133981579Z stdout F -A ISTIO_OUTPUT -m owner --uid-owner 1337 -j RETURN
2022-05-26T05:25:28.133984651Z stdout F -A ISTIO_OUTPUT -o lo ! -d 127.0.0.1/32 -m owner --gid-owner 1337 -j ISTIO_IN_REDIRECT
2022-05-26T05:25:28.133987161Z stdout F -A ISTIO_OUTPUT -o lo -m owner ! --gid-owner 1337 -j RETURN
2022-05-26T05:25:28.133989493Z stdout F -A ISTIO_OUTPUT -m owner --gid-owner 1337 -j RETURN
2022-05-26T05:25:28.133991882Z stdout F -A ISTIO_OUTPUT -d 127.0.0.1/32 -j RETURN
2022-05-26T05:25:28.133994356Z stdout F -A ISTIO_OUTPUT -j ISTIO_REDIRECT
2022-05-26T05:25:28.133997049Z stdout F COMMIT
2022-05-26T05:25:28.134000051Z stdout F 2022-05-26T05:25:28.132867Z	info	Running command: iptables-restore --noflush /tmp/iptables-rules-1653542728132531888.txt3797397963
2022-05-26T05:25:28.143867863Z stdout F 2022-05-26T05:25:28.143108Z	info	Writing following contents to rules file: /tmp/ip6tables-rules-1653542728143011488.txt2390651322
2022-05-26T05:25:28.143896256Z stdout F 
2022-05-26T05:25:28.143946668Z stdout F 2022-05-26T05:25:28.143224Z	info	Running command: ip6tables-restore --noflush /tmp/ip6tables-rules-1653542728143011488.txt2390651322
2022-05-26T05:25:28.147276877Z stdout F 2022-05-26T05:25:28.146873Z	info	Running command: iptables-save 
2022-05-26T05:25:28.155046746Z stdout F 2022-05-26T05:25:28.154814Z	info	Command output: 
2022-05-26T05:25:28.155080064Z stdout F # Generated by iptables-save v1.8.4 on Thu May 26 05:25:28 2022
2022-05-26T05:25:28.155094076Z stdout F *nat
2022-05-26T05:25:28.155101263Z stdout F :PREROUTING ACCEPT [0:0]
2022-05-26T05:25:28.155105767Z stdout F :INPUT ACCEPT [0:0]
2022-05-26T05:25:28.155109893Z stdout F :OUTPUT ACCEPT [0:0]
2022-05-26T05:25:28.155116672Z stdout F :POSTROUTING ACCEPT [0:0]
2022-05-26T05:25:28.155125821Z stdout F :ISTIO_INBOUND - [0:0]
2022-05-26T05:25:28.155130616Z stdout F :ISTIO_IN_REDIRECT - [0:0]
2022-05-26T05:25:28.155133154Z stdout F :ISTIO_OUTPUT - [0:0]
2022-05-26T05:25:28.15513567Z stdout F :ISTIO_REDIRECT - [0:0]
2022-05-26T05:25:28.155138677Z stdout F -A PREROUTING -p tcp -j ISTIO_INBOUND
2022-05-26T05:25:28.155141142Z stdout F -A OUTPUT -p tcp -j ISTIO_OUTPUT
2022-05-26T05:25:28.155143698Z stdout F -A ISTIO_INBOUND -p tcp -m tcp --dport 15008 -j RETURN
2022-05-26T05:25:28.155146142Z stdout F -A ISTIO_INBOUND -p tcp -m tcp --dport 15090 -j RETURN
2022-05-26T05:25:28.155148585Z stdout F -A ISTIO_INBOUND -p tcp -m tcp --dport 15021 -j RETURN
2022-05-26T05:25:28.155151013Z stdout F -A ISTIO_INBOUND -p tcp -m tcp --dport 15020 -j RETURN
2022-05-26T05:25:28.155153455Z stdout F -A ISTIO_INBOUND -p tcp -j ISTIO_IN_REDIRECT
2022-05-26T05:25:28.155155888Z stdout F -A ISTIO_IN_REDIRECT -p tcp -j REDIRECT --to-ports 15006
2022-05-26T05:25:28.155158361Z stdout F -A ISTIO_OUTPUT -s 127.0.0.6/32 -o lo -j RETURN
2022-05-26T05:25:28.155161354Z stdout F -A ISTIO_OUTPUT ! -d 127.0.0.1/32 -o lo -m owner --uid-owner 1337 -j ISTIO_IN_REDIRECT
2022-05-26T05:25:28.155163779Z stdout F -A ISTIO_OUTPUT -o lo -m owner ! --uid-owner 1337 -j RETURN
2022-05-26T05:25:28.155166169Z stdout F -A ISTIO_OUTPUT -m owner --uid-owner 1337 -j RETURN
2022-05-26T05:25:28.155168641Z stdout F -A ISTIO_OUTPUT ! -d 127.0.0.1/32 -o lo -m owner --gid-owner 1337 -j ISTIO_IN_REDIRECT
2022-05-26T05:25:28.15517103Z stdout F -A ISTIO_OUTPUT -o lo -m owner ! --gid-owner 1337 -j RETURN
2022-05-26T05:25:28.155173435Z stdout F -A ISTIO_OUTPUT -m owner --gid-owner 1337 -j RETURN
2022-05-26T05:25:28.155175877Z stdout F -A ISTIO_OUTPUT -d 127.0.0.1/32 -j RETURN
2022-05-26T05:25:28.155178391Z stdout F -A ISTIO_OUTPUT -j ISTIO_REDIRECT
2022-05-26T05:25:28.155180811Z stdout F -A ISTIO_REDIRECT -p tcp -j REDIRECT --to-ports 15001
2022-05-26T05:25:28.155183648Z stdout F COMMIT
2022-05-26T05:25:28.15518615Z stdout F # Completed on Thu May 26 05:25:28 2022
2022-05-26T05:25:28.155197732Z stdout F 
