2022-05-09T11:47:57.449397227Z stdout F 2022-05-09T11:47:57.448001Z	info	Istio iptables environment:
2022-05-09T11:47:57.44944858Z stdout F ENVOY_PORT=
2022-05-09T11:47:57.449455359Z stdout F INBOUND_CAPTURE_PORT=
2022-05-09T11:47:57.449459417Z stdout F ISTIO_INBOUND_INTERCEPTION_MODE=
2022-05-09T11:47:57.449463428Z stdout F ISTIO_INBOUND_TPROXY_ROUTE_TABLE=
2022-05-09T11:47:57.449466615Z stdout F ISTIO_INBOUND_PORTS=
2022-05-09T11:47:57.449469805Z stdout F ISTIO_OUTBOUND_PORTS=
2022-05-09T11:47:57.449472978Z stdout F ISTIO_LOCAL_EXCLUDE_PORTS=
2022-05-09T11:47:57.449476094Z stdout F ISTIO_EXCLUDE_INTERFACES=
2022-05-09T11:47:57.449479195Z stdout F ISTIO_SERVICE_CIDR=
2022-05-09T11:47:57.449482314Z stdout F ISTIO_SERVICE_EXCLUDE_CIDR=
2022-05-09T11:47:57.449485466Z stdout F ISTIO_META_DNS_CAPTURE=
2022-05-09T11:47:57.449488619Z stdout F INVALID_DROP=
2022-05-09T11:47:57.449491677Z stdout F 
2022-05-09T11:47:57.44949484Z stdout F 2022-05-09T11:47:57.448132Z	info	Istio iptables variables:
2022-05-09T11:47:57.449499682Z stdout F PROXY_PORT=15001
2022-05-09T11:47:57.449504872Z stdout F PROXY_INBOUND_CAPTURE_PORT=15006
2022-05-09T11:47:57.449510776Z stdout F PROXY_TUNNEL_PORT=15008
2022-05-09T11:47:57.449516168Z stdout F PROXY_UID=1337
2022-05-09T11:47:57.449521203Z stdout F PROXY_GID=1337
2022-05-09T11:47:57.449531571Z stdout F INBOUND_INTERCEPTION_MODE=REDIRECT
2022-05-09T11:47:57.449541596Z stdout F INBOUND_TPROXY_MARK=1337
2022-05-09T11:47:57.449547409Z stdout F INBOUND_TPROXY_ROUTE_TABLE=133
2022-05-09T11:47:57.449552425Z stdout F INBOUND_PORTS_INCLUDE=*
2022-05-09T11:47:57.44955688Z stdout F INBOUND_PORTS_EXCLUDE=15090,15021,15020
2022-05-09T11:47:57.449561644Z stdout F OUTBOUND_IP_RANGES_INCLUDE=*
2022-05-09T11:47:57.44956635Z stdout F OUTBOUND_IP_RANGES_EXCLUDE=
2022-05-09T11:47:57.449571474Z stdout F OUTBOUND_PORTS_INCLUDE=
2022-05-09T11:47:57.449581568Z stdout F OUTBOUND_PORTS_EXCLUDE=
2022-05-09T11:47:57.449592138Z stdout F KUBE_VIRT_INTERFACES=
2022-05-09T11:47:57.449597522Z stdout F ENABLE_INBOUND_IPV6=false
2022-05-09T11:47:57.449605737Z stdout F DNS_CAPTURE=false
2022-05-09T11:47:57.449619173Z stdout F DROP_INVALID=false
2022-05-09T11:47:57.449630721Z stdout F CAPTURE_ALL_DNS=false
2022-05-09T11:47:57.449637007Z stdout F DNS_SERVERS=[],[]
2022-05-09T11:47:57.449649171Z stdout F OUTPUT_PATH=
2022-05-09T11:47:57.449658934Z stdout F NETWORK_NAMESPACE=
2022-05-09T11:47:57.44966472Z stdout F CNI_MODE=false
2022-05-09T11:47:57.449670299Z stdout F EXCLUDE_INTERFACES=
2022-05-09T11:47:57.449678263Z stdout F 
2022-05-09T11:47:57.466449357Z stdout F 2022-05-09T11:47:57.465806Z	info	Writing following contents to rules file: /tmp/iptables-rules-1652096877448270634.txt3384744370
2022-05-09T11:47:57.466545942Z stdout F * nat
2022-05-09T11:47:57.466566233Z stdout F -N ISTIO_INBOUND
2022-05-09T11:47:57.466575142Z stdout F -N ISTIO_REDIRECT
2022-05-09T11:47:57.4665807Z stdout F -N ISTIO_IN_REDIRECT
2022-05-09T11:47:57.466586322Z stdout F -N ISTIO_OUTPUT
2022-05-09T11:47:57.466591937Z stdout F -A ISTIO_INBOUND -p tcp --dport 15008 -j RETURN
2022-05-09T11:47:57.46660558Z stdout F -A ISTIO_REDIRECT -p tcp -j REDIRECT --to-ports 15001
2022-05-09T11:47:57.466613426Z stdout F -A ISTIO_IN_REDIRECT -p tcp -j REDIRECT --to-ports 15006
2022-05-09T11:47:57.466618753Z stdout F -A PREROUTING -p tcp -j ISTIO_INBOUND
2022-05-09T11:47:57.466623209Z stdout F -A ISTIO_INBOUND -p tcp --dport 15090 -j RETURN
2022-05-09T11:47:57.466627697Z stdout F -A ISTIO_INBOUND -p tcp --dport 15021 -j RETURN
2022-05-09T11:47:57.46663254Z stdout F -A ISTIO_INBOUND -p tcp --dport 15020 -j RETURN
2022-05-09T11:47:57.466637379Z stdout F -A ISTIO_INBOUND -p tcp -j ISTIO_IN_REDIRECT
2022-05-09T11:47:57.466643093Z stdout F -A OUTPUT -p tcp -j ISTIO_OUTPUT
2022-05-09T11:47:57.466648258Z stdout F -A ISTIO_OUTPUT -o lo -s 127.0.0.6/32 -j RETURN
2022-05-09T11:47:57.46665393Z stdout F -A ISTIO_OUTPUT -o lo ! -d 127.0.0.1/32 -m owner --uid-owner 1337 -j ISTIO_IN_REDIRECT
2022-05-09T11:47:57.466659114Z stdout F -A ISTIO_OUTPUT -o lo -m owner ! --uid-owner 1337 -j RETURN
2022-05-09T11:47:57.466664503Z stdout F -A ISTIO_OUTPUT -m owner --uid-owner 1337 -j RETURN
2022-05-09T11:47:57.466694361Z stdout F -A ISTIO_OUTPUT -o lo ! -d 127.0.0.1/32 -m owner --gid-owner 1337 -j ISTIO_IN_REDIRECT
2022-05-09T11:47:57.466709855Z stdout F -A ISTIO_OUTPUT -o lo -m owner ! --gid-owner 1337 -j RETURN
2022-05-09T11:47:57.466720852Z stdout F -A ISTIO_OUTPUT -m owner --gid-owner 1337 -j RETURN
2022-05-09T11:47:57.466726598Z stdout F -A ISTIO_OUTPUT -d 127.0.0.1/32 -j RETURN
2022-05-09T11:47:57.466731665Z stdout F -A ISTIO_OUTPUT -j ISTIO_REDIRECT
2022-05-09T11:47:57.466737197Z stdout F COMMIT
2022-05-09T11:47:57.466742993Z stdout F 2022-05-09T11:47:57.465919Z	info	Running command: iptables-restore --noflush /tmp/iptables-rules-1652096877448270634.txt3384744370
2022-05-09T11:47:57.51106727Z stdout F 2022-05-09T11:47:57.508257Z	info	Writing following contents to rules file: /tmp/ip6tables-rules-1652096877508171930.txt670392926
2022-05-09T11:47:57.511097172Z stdout F 
2022-05-09T11:47:57.511106271Z stdout F 2022-05-09T11:47:57.508341Z	info	Running command: ip6tables-restore --noflush /tmp/ip6tables-rules-1652096877508171930.txt670392926
2022-05-09T11:47:57.527057Z stdout F 2022-05-09T11:47:57.526402Z	info	Running command: iptables-save 
2022-05-09T11:47:57.535978703Z stdout F 2022-05-09T11:47:57.535115Z	info	Command output: 
2022-05-09T11:47:57.536029938Z stdout F # Generated by iptables-save v1.8.4 on Mon May  9 11:47:57 2022
2022-05-09T11:47:57.536046859Z stdout F *nat
2022-05-09T11:47:57.536065137Z stdout F :PREROUTING ACCEPT [0:0]
2022-05-09T11:47:57.53607678Z stdout F :INPUT ACCEPT [0:0]
2022-05-09T11:47:57.536083431Z stdout F :OUTPUT ACCEPT [0:0]
2022-05-09T11:47:57.536089691Z stdout F :POSTROUTING ACCEPT [0:0]
2022-05-09T11:47:57.536095115Z stdout F :ISTIO_INBOUND - [0:0]
2022-05-09T11:47:57.536099941Z stdout F :ISTIO_IN_REDIRECT - [0:0]
2022-05-09T11:47:57.536104796Z stdout F :ISTIO_OUTPUT - [0:0]
2022-05-09T11:47:57.536115538Z stdout F :ISTIO_REDIRECT - [0:0]
2022-05-09T11:47:57.536135826Z stdout F -A PREROUTING -p tcp -j ISTIO_INBOUND
2022-05-09T11:47:57.536209087Z stdout F -A OUTPUT -p tcp -j ISTIO_OUTPUT
2022-05-09T11:47:57.53621918Z stdout F -A ISTIO_INBOUND -p tcp -m tcp --dport 15008 -j RETURN
2022-05-09T11:47:57.536225188Z stdout F -A ISTIO_INBOUND -p tcp -m tcp --dport 15090 -j RETURN
2022-05-09T11:47:57.536230883Z stdout F -A ISTIO_INBOUND -p tcp -m tcp --dport 15021 -j RETURN
2022-05-09T11:47:57.536236321Z stdout F -A ISTIO_INBOUND -p tcp -m tcp --dport 15020 -j RETURN
2022-05-09T11:47:57.536241514Z stdout F -A ISTIO_INBOUND -p tcp -j ISTIO_IN_REDIRECT
2022-05-09T11:47:57.536246751Z stdout F -A ISTIO_IN_REDIRECT -p tcp -j REDIRECT --to-ports 15006
2022-05-09T11:47:57.536251735Z stdout F -A ISTIO_OUTPUT -s 127.0.0.6/32 -o lo -j RETURN
2022-05-09T11:47:57.536261026Z stdout F -A ISTIO_OUTPUT ! -d 127.0.0.1/32 -o lo -m owner --uid-owner 1337 -j ISTIO_IN_REDIRECT
2022-05-09T11:47:57.536275573Z stdout F -A ISTIO_OUTPUT -o lo -m owner ! --uid-owner 1337 -j RETURN
2022-05-09T11:47:57.536291194Z stdout F -A ISTIO_OUTPUT -m owner --uid-owner 1337 -j RETURN
2022-05-09T11:47:57.536298508Z stdout F -A ISTIO_OUTPUT ! -d 127.0.0.1/32 -o lo -m owner --gid-owner 1337 -j ISTIO_IN_REDIRECT
2022-05-09T11:47:57.536304464Z stdout F -A ISTIO_OUTPUT -o lo -m owner ! --gid-owner 1337 -j RETURN
2022-05-09T11:47:57.536309277Z stdout F -A ISTIO_OUTPUT -m owner --gid-owner 1337 -j RETURN
2022-05-09T11:47:57.536317356Z stdout F -A ISTIO_OUTPUT -d 127.0.0.1/32 -j RETURN
2022-05-09T11:47:57.536328443Z stdout F -A ISTIO_OUTPUT -j ISTIO_REDIRECT
2022-05-09T11:47:57.536336133Z stdout F -A ISTIO_REDIRECT -p tcp -j REDIRECT --to-ports 15001
2022-05-09T11:47:57.536341647Z stdout F COMMIT
2022-05-09T11:47:57.536346492Z stdout F # Completed on Mon May  9 11:47:57 2022
2022-05-09T11:47:57.536350934Z stdout F 
