2022-06-13T02:22:19.940054653Z stdout F 2022-06-13T02:22:19.939644Z	info	Istio iptables environment:
2022-06-13T02:22:19.940116095Z stdout F ENVOY_PORT=
2022-06-13T02:22:19.940120298Z stdout F INBOUND_CAPTURE_PORT=
2022-06-13T02:22:19.940122807Z stdout F ISTIO_INBOUND_INTERCEPTION_MODE=
2022-06-13T02:22:19.940141403Z stdout F ISTIO_INBOUND_TPROXY_ROUTE_TABLE=
2022-06-13T02:22:19.940143291Z stdout F ISTIO_INBOUND_PORTS=
2022-06-13T02:22:19.94014502Z stdout F ISTIO_OUTBOUND_PORTS=
2022-06-13T02:22:19.940146829Z stdout F ISTIO_LOCAL_EXCLUDE_PORTS=
2022-06-13T02:22:19.94014855Z stdout F ISTIO_EXCLUDE_INTERFACES=
2022-06-13T02:22:19.9401646Z stdout F ISTIO_SERVICE_CIDR=
2022-06-13T02:22:19.940166593Z stdout F ISTIO_SERVICE_EXCLUDE_CIDR=
2022-06-13T02:22:19.940168368Z stdout F ISTIO_META_DNS_CAPTURE=
2022-06-13T02:22:19.94017012Z stdout F INVALID_DROP=
2022-06-13T02:22:19.940171844Z stdout F 
2022-06-13T02:22:19.94019454Z stdout F 2022-06-13T02:22:19.939790Z	info	Istio iptables variables:
2022-06-13T02:22:19.940196542Z stdout F PROXY_PORT=15001
2022-06-13T02:22:19.940198462Z stdout F PROXY_INBOUND_CAPTURE_PORT=15006
2022-06-13T02:22:19.940200292Z stdout F PROXY_TUNNEL_PORT=15008
2022-06-13T02:22:19.940202291Z stdout F PROXY_UID=1337
2022-06-13T02:22:19.940204237Z stdout F PROXY_GID=1337
2022-06-13T02:22:19.940206074Z stdout F INBOUND_INTERCEPTION_MODE=REDIRECT
2022-06-13T02:22:19.940208043Z stdout F INBOUND_TPROXY_MARK=1337
2022-06-13T02:22:19.940209898Z stdout F INBOUND_TPROXY_ROUTE_TABLE=133
2022-06-13T02:22:19.940211727Z stdout F INBOUND_PORTS_INCLUDE=*
2022-06-13T02:22:19.940213583Z stdout F INBOUND_PORTS_EXCLUDE=15090,15021,15020
2022-06-13T02:22:19.940215421Z stdout F OUTBOUND_IP_RANGES_INCLUDE=*
2022-06-13T02:22:19.940217272Z stdout F OUTBOUND_IP_RANGES_EXCLUDE=
2022-06-13T02:22:19.94021915Z stdout F OUTBOUND_PORTS_INCLUDE=
2022-06-13T02:22:19.94023533Z stdout F OUTBOUND_PORTS_EXCLUDE=
2022-06-13T02:22:19.940237117Z stdout F KUBE_VIRT_INTERFACES=
2022-06-13T02:22:19.940238869Z stdout F ENABLE_INBOUND_IPV6=false
2022-06-13T02:22:19.940240577Z stdout F DNS_CAPTURE=false
2022-06-13T02:22:19.940242412Z stdout F DROP_INVALID=false
2022-06-13T02:22:19.940265317Z stdout F CAPTURE_ALL_DNS=false
2022-06-13T02:22:19.940267249Z stdout F DNS_SERVERS=[],[]
2022-06-13T02:22:19.940269279Z stdout F OUTPUT_PATH=
2022-06-13T02:22:19.94027135Z stdout F NETWORK_NAMESPACE=
2022-06-13T02:22:19.94027325Z stdout F CNI_MODE=false
2022-06-13T02:22:19.940275223Z stdout F EXCLUDE_INTERFACES=
2022-06-13T02:22:19.940276982Z stdout F 
2022-06-13T02:22:19.940282976Z stdout F 2022-06-13T02:22:19.940121Z	info	Writing following contents to rules file: /tmp/iptables-rules-1655086939939881352.txt2525653439
2022-06-13T02:22:19.940285297Z stdout F * nat
2022-06-13T02:22:19.940287317Z stdout F -N ISTIO_INBOUND
2022-06-13T02:22:19.94028921Z stdout F -N ISTIO_REDIRECT
2022-06-13T02:22:19.940305181Z stdout F -N ISTIO_IN_REDIRECT
2022-06-13T02:22:19.940306965Z stdout F -N ISTIO_OUTPUT
2022-06-13T02:22:19.940308743Z stdout F -A ISTIO_INBOUND -p tcp --dport 15008 -j RETURN
2022-06-13T02:22:19.940310495Z stdout F -A ISTIO_REDIRECT -p tcp -j REDIRECT --to-ports 15001
2022-06-13T02:22:19.940312219Z stdout F -A ISTIO_IN_REDIRECT -p tcp -j REDIRECT --to-ports 15006
2022-06-13T02:22:19.940313901Z stdout F -A PREROUTING -p tcp -j ISTIO_INBOUND
2022-06-13T02:22:19.940315689Z stdout F -A ISTIO_INBOUND -p tcp --dport 15090 -j RETURN
2022-06-13T02:22:19.940317406Z stdout F -A ISTIO_INBOUND -p tcp --dport 15021 -j RETURN
2022-06-13T02:22:19.940319127Z stdout F -A ISTIO_INBOUND -p tcp --dport 15020 -j RETURN
2022-06-13T02:22:19.94032084Z stdout F -A ISTIO_INBOUND -p tcp -j ISTIO_IN_REDIRECT
2022-06-13T02:22:19.940322585Z stdout F -A OUTPUT -p tcp -j ISTIO_OUTPUT
2022-06-13T02:22:19.940324307Z stdout F -A ISTIO_OUTPUT -o lo -s 127.0.0.6/32 -j RETURN
2022-06-13T02:22:19.940326288Z stdout F -A ISTIO_OUTPUT -o lo ! -d 127.0.0.1/32 -m owner --uid-owner 1337 -j ISTIO_IN_REDIRECT
2022-06-13T02:22:19.940327973Z stdout F -A ISTIO_OUTPUT -o lo -m owner ! --uid-owner 1337 -j RETURN
2022-06-13T02:22:19.940329703Z stdout F -A ISTIO_OUTPUT -m owner --uid-owner 1337 -j RETURN
2022-06-13T02:22:19.940345333Z stdout F -A ISTIO_OUTPUT -o lo ! -d 127.0.0.1/32 -m owner --gid-owner 1337 -j ISTIO_IN_REDIRECT
2022-06-13T02:22:19.940347726Z stdout F -A ISTIO_OUTPUT -o lo -m owner ! --gid-owner 1337 -j RETURN
2022-06-13T02:22:19.940349383Z stdout F -A ISTIO_OUTPUT -m owner --gid-owner 1337 -j RETURN
2022-06-13T02:22:19.940366012Z stdout F -A ISTIO_OUTPUT -d 127.0.0.1/32 -j RETURN
2022-06-13T02:22:19.940367707Z stdout F -A ISTIO_OUTPUT -j ISTIO_REDIRECT
2022-06-13T02:22:19.940369414Z stdout F COMMIT
2022-06-13T02:22:19.940371579Z stdout F 2022-06-13T02:22:19.940214Z	info	Running command: iptables-restore --noflush /tmp/iptables-rules-1655086939939881352.txt2525653439
2022-06-13T02:22:19.945030533Z stdout F 2022-06-13T02:22:19.944796Z	info	Writing following contents to rules file: /tmp/ip6tables-rules-1655086939944674236.txt1752009371
2022-06-13T02:22:19.945043591Z stdout F 
2022-06-13T02:22:19.945046552Z stdout F 2022-06-13T02:22:19.944842Z	info	Running command: ip6tables-restore --noflush /tmp/ip6tables-rules-1655086939944674236.txt1752009371
2022-06-13T02:22:19.948236586Z stdout F 2022-06-13T02:22:19.947779Z	info	Running command: iptables-save 
2022-06-13T02:22:19.950926181Z stdout F 2022-06-13T02:22:19.950603Z	info	Command output: 
2022-06-13T02:22:19.950939386Z stdout F # Generated by iptables-save v1.8.4 on Mon Jun 13 02:22:19 2022
2022-06-13T02:22:19.950942176Z stdout F *nat
2022-06-13T02:22:19.950944449Z stdout F :PREROUTING ACCEPT [0:0]
2022-06-13T02:22:19.95094635Z stdout F :INPUT ACCEPT [0:0]
2022-06-13T02:22:19.950948296Z stdout F :OUTPUT ACCEPT [0:0]
2022-06-13T02:22:19.950950622Z stdout F :POSTROUTING ACCEPT [0:0]
2022-06-13T02:22:19.950952497Z stdout F :ISTIO_INBOUND - [0:0]
2022-06-13T02:22:19.950954406Z stdout F :ISTIO_IN_REDIRECT - [0:0]
2022-06-13T02:22:19.950956314Z stdout F :ISTIO_OUTPUT - [0:0]
2022-06-13T02:22:19.950958172Z stdout F :ISTIO_REDIRECT - [0:0]
2022-06-13T02:22:19.950960384Z stdout F -A PREROUTING -p tcp -j ISTIO_INBOUND
2022-06-13T02:22:19.950962263Z stdout F -A OUTPUT -p tcp -j ISTIO_OUTPUT
2022-06-13T02:22:19.950964121Z stdout F -A ISTIO_INBOUND -p tcp -m tcp --dport 15008 -j RETURN
2022-06-13T02:22:19.950965967Z stdout F -A ISTIO_INBOUND -p tcp -m tcp --dport 15090 -j RETURN
2022-06-13T02:22:19.950967792Z stdout F -A ISTIO_INBOUND -p tcp -m tcp --dport 15021 -j RETURN
2022-06-13T02:22:19.950969614Z stdout F -A ISTIO_INBOUND -p tcp -m tcp --dport 15020 -j RETURN
2022-06-13T02:22:19.950972005Z stdout F -A ISTIO_INBOUND -p tcp -j ISTIO_IN_REDIRECT
2022-06-13T02:22:19.950973882Z stdout F -A ISTIO_IN_REDIRECT -p tcp -j REDIRECT --to-ports 15006
2022-06-13T02:22:19.950975656Z stdout F -A ISTIO_OUTPUT -s 127.0.0.6/32 -o lo -j RETURN
2022-06-13T02:22:19.950977766Z stdout F -A ISTIO_OUTPUT ! -d 127.0.0.1/32 -o lo -m owner --uid-owner 1337 -j ISTIO_IN_REDIRECT
2022-06-13T02:22:19.950979576Z stdout F -A ISTIO_OUTPUT -o lo -m owner ! --uid-owner 1337 -j RETURN
2022-06-13T02:22:19.950981362Z stdout F -A ISTIO_OUTPUT -m owner --uid-owner 1337 -j RETURN
2022-06-13T02:22:19.950988801Z stdout F -A ISTIO_OUTPUT ! -d 127.0.0.1/32 -o lo -m owner --gid-owner 1337 -j ISTIO_IN_REDIRECT
2022-06-13T02:22:19.95099092Z stdout F -A ISTIO_OUTPUT -o lo -m owner ! --gid-owner 1337 -j RETURN
2022-06-13T02:22:19.950992844Z stdout F -A ISTIO_OUTPUT -m owner --gid-owner 1337 -j RETURN
2022-06-13T02:22:19.95099471Z stdout F -A ISTIO_OUTPUT -d 127.0.0.1/32 -j RETURN
2022-06-13T02:22:19.950996575Z stdout F -A ISTIO_OUTPUT -j ISTIO_REDIRECT
2022-06-13T02:22:19.950998402Z stdout F -A ISTIO_REDIRECT -p tcp -j REDIRECT --to-ports 15001
2022-06-13T02:22:19.951015445Z stdout F COMMIT
2022-06-13T02:22:19.951017158Z stdout F # Completed on Mon Jun 13 02:22:19 2022
2022-06-13T02:22:19.951018848Z stdout F 
