2022-04-30T04:26:21.994110602Z stdout F 2022-04-30T04:26:21.991395Z	info	Istio iptables environment:
2022-04-30T04:26:21.994195511Z stdout F ENVOY_PORT=
2022-04-30T04:26:21.994215944Z stdout F INBOUND_CAPTURE_PORT=
2022-04-30T04:26:21.994229877Z stdout F ISTIO_INBOUND_INTERCEPTION_MODE=
2022-04-30T04:26:21.994242015Z stdout F ISTIO_INBOUND_TPROXY_ROUTE_TABLE=
2022-04-30T04:26:21.994252695Z stdout F ISTIO_INBOUND_PORTS=
2022-04-30T04:26:21.994262167Z stdout F ISTIO_OUTBOUND_PORTS=
2022-04-30T04:26:21.994270807Z stdout F ISTIO_LOCAL_EXCLUDE_PORTS=
2022-04-30T04:26:21.994279006Z stdout F ISTIO_EXCLUDE_INTERFACES=
2022-04-30T04:26:21.994286912Z stdout F ISTIO_SERVICE_CIDR=
2022-04-30T04:26:21.994294774Z stdout F ISTIO_SERVICE_EXCLUDE_CIDR=
2022-04-30T04:26:21.994302732Z stdout F ISTIO_META_DNS_CAPTURE=
2022-04-30T04:26:21.994310984Z stdout F INVALID_DROP=
2022-04-30T04:26:21.994318358Z stdout F 
2022-04-30T04:26:21.994326477Z stdout F 2022-04-30T04:26:21.991806Z	info	Istio iptables variables:
2022-04-30T04:26:21.994334689Z stdout F PROXY_PORT=15001
2022-04-30T04:26:21.994342742Z stdout F PROXY_INBOUND_CAPTURE_PORT=15006
2022-04-30T04:26:21.994350673Z stdout F PROXY_TUNNEL_PORT=15008
2022-04-30T04:26:21.994358839Z stdout F PROXY_UID=1337
2022-04-30T04:26:21.99436713Z stdout F PROXY_GID=1337
2022-04-30T04:26:21.994375508Z stdout F INBOUND_INTERCEPTION_MODE=REDIRECT
2022-04-30T04:26:21.994383646Z stdout F INBOUND_TPROXY_MARK=1337
2022-04-30T04:26:21.994391529Z stdout F INBOUND_TPROXY_ROUTE_TABLE=133
2022-04-30T04:26:21.994400071Z stdout F INBOUND_PORTS_INCLUDE=*
2022-04-30T04:26:21.994408201Z stdout F INBOUND_PORTS_EXCLUDE=15090,15021,15020
2022-04-30T04:26:21.994416025Z stdout F OUTBOUND_IP_RANGES_INCLUDE=*
2022-04-30T04:26:21.99442426Z stdout F OUTBOUND_IP_RANGES_EXCLUDE=
2022-04-30T04:26:21.994432844Z stdout F OUTBOUND_PORTS_INCLUDE=
2022-04-30T04:26:21.994441477Z stdout F OUTBOUND_PORTS_EXCLUDE=
2022-04-30T04:26:21.994449452Z stdout F KUBE_VIRT_INTERFACES=
2022-04-30T04:26:21.994457404Z stdout F ENABLE_INBOUND_IPV6=false
2022-04-30T04:26:21.994465217Z stdout F DNS_CAPTURE=false
2022-04-30T04:26:21.994473171Z stdout F DROP_INVALID=false
2022-04-30T04:26:21.994481016Z stdout F CAPTURE_ALL_DNS=false
2022-04-30T04:26:21.994488779Z stdout F DNS_SERVERS=[],[]
2022-04-30T04:26:21.994496497Z stdout F OUTPUT_PATH=
2022-04-30T04:26:21.994504156Z stdout F NETWORK_NAMESPACE=
2022-04-30T04:26:21.994513095Z stdout F CNI_MODE=false
2022-04-30T04:26:21.994522679Z stdout F EXCLUDE_INTERFACES=
2022-04-30T04:26:21.994531858Z stdout F 
2022-04-30T04:26:21.994542651Z stdout F 2022-04-30T04:26:21.992533Z	info	Writing following contents to rules file: /tmp/iptables-rules-1651292781992064315.txt2682357575
2022-04-30T04:26:21.994553056Z stdout F * nat
2022-04-30T04:26:21.994564039Z stdout F -N ISTIO_INBOUND
2022-04-30T04:26:21.994573867Z stdout F -N ISTIO_REDIRECT
2022-04-30T04:26:21.994599772Z stdout F -N ISTIO_IN_REDIRECT
2022-04-30T04:26:21.994729221Z stdout F -N ISTIO_OUTPUT
2022-04-30T04:26:21.994748648Z stdout F -A ISTIO_INBOUND -p tcp --dport 15008 -j RETURN
2022-04-30T04:26:21.994779168Z stdout F -A ISTIO_REDIRECT -p tcp -j REDIRECT --to-ports 15001
2022-04-30T04:26:21.994808048Z stdout F -A ISTIO_IN_REDIRECT -p tcp -j REDIRECT --to-ports 15006
2022-04-30T04:26:21.994829464Z stdout F -A PREROUTING -p tcp -j ISTIO_INBOUND
2022-04-30T04:26:21.994842085Z stdout F -A ISTIO_INBOUND -p tcp --dport 15090 -j RETURN
2022-04-30T04:26:21.994852609Z stdout F -A ISTIO_INBOUND -p tcp --dport 15021 -j RETURN
2022-04-30T04:26:21.994863318Z stdout F -A ISTIO_INBOUND -p tcp --dport 15020 -j RETURN
2022-04-30T04:26:21.994873152Z stdout F -A ISTIO_INBOUND -p tcp -j ISTIO_IN_REDIRECT
2022-04-30T04:26:21.994882441Z stdout F -A OUTPUT -p tcp -j ISTIO_OUTPUT
2022-04-30T04:26:21.994892506Z stdout F -A ISTIO_OUTPUT -o lo -s 127.0.0.6/32 -j RETURN
2022-04-30T04:26:21.994904941Z stdout F -A ISTIO_OUTPUT -o lo ! -d 127.0.0.1/32 -m owner --uid-owner 1337 -j ISTIO_IN_REDIRECT
2022-04-30T04:26:21.994919153Z stdout F -A ISTIO_OUTPUT -o lo -m owner ! --uid-owner 1337 -j RETURN
2022-04-30T04:26:21.994951857Z stdout F -A ISTIO_OUTPUT -m owner --uid-owner 1337 -j RETURN
2022-04-30T04:26:21.994964208Z stdout F -A ISTIO_OUTPUT -o lo ! -d 127.0.0.1/32 -m owner --gid-owner 1337 -j ISTIO_IN_REDIRECT
2022-04-30T04:26:21.994974513Z stdout F -A ISTIO_OUTPUT -o lo -m owner ! --gid-owner 1337 -j RETURN
2022-04-30T04:26:21.994988777Z stdout F -A ISTIO_OUTPUT -m owner --gid-owner 1337 -j RETURN
2022-04-30T04:26:21.994999275Z stdout F -A ISTIO_OUTPUT -d 127.0.0.1/32 -j RETURN
2022-04-30T04:26:21.995008897Z stdout F -A ISTIO_OUTPUT -j ISTIO_REDIRECT
2022-04-30T04:26:21.995018924Z stdout F COMMIT
2022-04-30T04:26:22.007620526Z stdout F 2022-04-30T04:26:22.007103Z	info	Running command: iptables-restore --noflush /tmp/iptables-rules-1651292781992064315.txt2682357575
2022-04-30T04:26:22.093711681Z stdout F 2022-04-30T04:26:22.092342Z	info	Writing following contents to rules file: /tmp/ip6tables-rules-1651292782092206088.txt1261959278
2022-04-30T04:26:22.093770614Z stdout F 
2022-04-30T04:26:22.093796106Z stdout F 2022-04-30T04:26:22.092488Z	info	Running command: ip6tables-restore --noflush /tmp/ip6tables-rules-1651292782092206088.txt1261959278
2022-04-30T04:26:22.116179284Z stdout F 2022-04-30T04:26:22.113510Z	info	Running command: iptables-save 
2022-04-30T04:26:22.155582505Z stdout F 2022-04-30T04:26:22.146903Z	info	Command output: 
2022-04-30T04:26:22.155637715Z stdout F # Generated by iptables-save v1.8.4 on Sat Apr 30 04:26:22 2022
2022-04-30T04:26:22.15565413Z stdout F *nat
2022-04-30T04:26:22.155667442Z stdout F :PREROUTING ACCEPT [0:0]
2022-04-30T04:26:22.155685075Z stdout F :INPUT ACCEPT [0:0]
2022-04-30T04:26:22.155696799Z stdout F :OUTPUT ACCEPT [0:0]
2022-04-30T04:26:22.155833365Z stdout F :POSTROUTING ACCEPT [0:0]
2022-04-30T04:26:22.155867803Z stdout F :ISTIO_INBOUND - [0:0]
2022-04-30T04:26:22.155891128Z stdout F :ISTIO_IN_REDIRECT - [0:0]
2022-04-30T04:26:22.155905975Z stdout F :ISTIO_OUTPUT - [0:0]
2022-04-30T04:26:22.155914949Z stdout F :ISTIO_REDIRECT - [0:0]
2022-04-30T04:26:22.155925569Z stdout F -A PREROUTING -p tcp -j ISTIO_INBOUND
2022-04-30T04:26:22.155935474Z stdout F -A OUTPUT -p tcp -j ISTIO_OUTPUT
2022-04-30T04:26:22.155945124Z stdout F -A ISTIO_INBOUND -p tcp -m tcp --dport 15008 -j RETURN
2022-04-30T04:26:22.155953518Z stdout F -A ISTIO_INBOUND -p tcp -m tcp --dport 15090 -j RETURN
2022-04-30T04:26:22.155971989Z stdout F -A ISTIO_INBOUND -p tcp -m tcp --dport 15021 -j RETURN
2022-04-30T04:26:22.15600198Z stdout F -A ISTIO_INBOUND -p tcp -m tcp --dport 15020 -j RETURN
2022-04-30T04:26:22.156022504Z stdout F -A ISTIO_INBOUND -p tcp -j ISTIO_IN_REDIRECT
2022-04-30T04:26:22.156050888Z stdout F -A ISTIO_IN_REDIRECT -p tcp -j REDIRECT --to-ports 15006
2022-04-30T04:26:22.156081315Z stdout F -A ISTIO_OUTPUT -s 127.0.0.6/32 -o lo -j RETURN
2022-04-30T04:26:22.156095159Z stdout F -A ISTIO_OUTPUT ! -d 127.0.0.1/32 -o lo -m owner --uid-owner 1337 -j ISTIO_IN_REDIRECT
2022-04-30T04:26:22.156104693Z stdout F -A ISTIO_OUTPUT -o lo -m owner ! --uid-owner 1337 -j RETURN
2022-04-30T04:26:22.156113849Z stdout F -A ISTIO_OUTPUT -m owner --uid-owner 1337 -j RETURN
2022-04-30T04:26:22.15612333Z stdout F -A ISTIO_OUTPUT ! -d 127.0.0.1/32 -o lo -m owner --gid-owner 1337 -j ISTIO_IN_REDIRECT
2022-04-30T04:26:22.15613258Z stdout F -A ISTIO_OUTPUT -o lo -m owner ! --gid-owner 1337 -j RETURN
2022-04-30T04:26:22.156142171Z stdout F -A ISTIO_OUTPUT -m owner --gid-owner 1337 -j RETURN
2022-04-30T04:26:22.156151931Z stdout F -A ISTIO_OUTPUT -d 127.0.0.1/32 -j RETURN
2022-04-30T04:26:22.156161584Z stdout F -A ISTIO_OUTPUT -j ISTIO_REDIRECT
2022-04-30T04:26:22.156170534Z stdout F -A ISTIO_REDIRECT -p tcp -j REDIRECT --to-ports 15001
2022-04-30T04:26:22.156179919Z stdout F COMMIT
2022-04-30T04:26:22.156208732Z stdout F # Completed on Sat Apr 30 04:26:22 2022
2022-04-30T04:26:22.156229019Z stdout F 
