2022-04-27 06:21:28.839437+00:00 [info] <0.228.0> Feature flags: list of feature flags found:
2022-04-27 06:21:28.857721+00:00 [info] <0.228.0> Feature flags:   [ ] implicit_default_bindings
2022-04-27 06:21:28.857808+00:00 [info] <0.228.0> Feature flags:   [ ] maintenance_mode_status
2022-04-27 06:21:28.857866+00:00 [info] <0.228.0> Feature flags:   [ ] quorum_queue
2022-04-27 06:21:28.857898+00:00 [info] <0.228.0> Feature flags:   [ ] stream_queue
2022-04-27 06:21:28.858073+00:00 [info] <0.228.0> Feature flags:   [ ] user_limits
2022-04-27 06:21:28.858105+00:00 [info] <0.228.0> Feature flags:   [ ] virtual_host_metadata
2022-04-27 06:21:28.858132+00:00 [info] <0.228.0> Feature flags: feature flag states written to disk: yes
2022-04-27 06:21:29.813500+00:00 [noti] <0.44.0> Application syslog exited with reason: stopped
2022-04-27 06:21:29.813708+00:00 [noti] <0.228.0> Logging: switching to configured handler(s); following messages may not be visible in this log output
[38;5;87m2022-04-27 06:21:29.845306+00:00 [notice] <0.228.0> Logging: configured log handlers are now ACTIVE[0m
2022-04-27 06:21:30.246806+00:00 [info] <0.228.0> ra: starting system quorum_queues[0m
2022-04-27 06:21:30.246895+00:00 [info] <0.228.0> starting Ra system: quorum_queues in directory: /var/lib/rabbitmq/mnesia/rabbit@rabbitmq-7b954994dc-5pz6s/quorum/rabbit@rabbitmq-7b954994dc-5pz6s[0m
2022-04-27 06:21:30.397640+00:00 [info] <0.265.0> ra system 'quorum_queues' running pre init for 0 registered servers[0m
2022-04-27 06:21:30.415439+00:00 [info] <0.266.0> ra: meta data store initialised for system quorum_queues. 0 record(s) recovered[0m
[38;5;87m2022-04-27 06:21:30.438574+00:00 [notice] <0.271.0> WAL: ra_log_wal init, open tbls: ra_log_open_mem_tables, closed tbls: ra_log_closed_mem_tables[0m
2022-04-27 06:21:30.448796+00:00 [info] <0.228.0> ra: starting system coordination[0m
2022-04-27 06:21:30.448858+00:00 [info] <0.228.0> starting Ra system: coordination in directory: /var/lib/rabbitmq/mnesia/rabbit@rabbitmq-7b954994dc-5pz6s/coordination/rabbit@rabbitmq-7b954994dc-5pz6s[0m
2022-04-27 06:21:30.450823+00:00 [info] <0.278.0> ra system 'coordination' running pre init for 0 registered servers[0m
2022-04-27 06:21:30.452451+00:00 [info] <0.279.0> ra: meta data store initialised for system coordination. 0 record(s) recovered[0m
[38;5;87m2022-04-27 06:21:30.452786+00:00 [notice] <0.284.0> WAL: ra_coordination_log_wal init, open tbls: ra_coordination_log_open_mem_tables, closed tbls: ra_coordination_log_closed_mem_tables[0m
2022-04-27 06:21:30.457321+00:00 [info] <0.228.0> [0m
2022-04-27 06:21:30.457321+00:00 [info] <0.228.0>  Starting RabbitMQ 3.9.15 on Erlang 24.3.3 [jit][0m
2022-04-27 06:21:30.457321+00:00 [info] <0.228.0>  Copyright (c) 2007-2022 VMware, Inc. or its affiliates.[0m
2022-04-27 06:21:30.457321+00:00 [info] <0.228.0>  Licensed under the MPL 2.0. Website: https://rabbitmq.com[0m

  ##  ##      RabbitMQ 3.9.15
  ##  ##
  ##########  Copyright (c) 2007-2022 VMware, Inc. or its affiliates.
  ######  ##
  ##########  Licensed under the MPL 2.0. Website: https://rabbitmq.com

  Erlang:      24.3.3 [jit]
  TLS Library: OpenSSL - OpenSSL 1.1.1n  15 Mar 2022

  Doc guides:  https://rabbitmq.com/documentation.html
  Support:     https://rabbitmq.com/contact.html
  Tutorials:   https://rabbitmq.com/getstarted.html
  Monitoring:  https://rabbitmq.com/monitoring.html

  Logs: /var/log/rabbitmq/rabbit@rabbitmq-7b954994dc-5pz6s_upgrade.log
        <stdout>

  Config file(s): /etc/rabbitmq/conf.d/10-defaults.conf
                  /etc/rabbitmq/conf.d/management_agent.disable_metrics_collector.conf

  Starting broker...2022-04-27 06:21:30.460055+00:00 [info] <0.228.0> [0m
2022-04-27 06:21:30.460055+00:00 [info] <0.228.0>  node           : rabbit@rabbitmq-7b954994dc-5pz6s[0m
2022-04-27 06:21:30.460055+00:00 [info] <0.228.0>  home dir       : /var/lib/rabbitmq[0m
2022-04-27 06:21:30.460055+00:00 [info] <0.228.0>  config file(s) : /etc/rabbitmq/conf.d/10-defaults.conf[0m
2022-04-27 06:21:30.460055+00:00 [info] <0.228.0>                 : /etc/rabbitmq/conf.d/management_agent.disable_metrics_collector.conf[0m
2022-04-27 06:21:30.460055+00:00 [info] <0.228.0>  cookie hash    : /wrY3auZtdtOJVQQnbI6kw==[0m
2022-04-27 06:21:30.460055+00:00 [info] <0.228.0>  log(s)         : /var/log/rabbitmq/rabbit@rabbitmq-7b954994dc-5pz6s_upgrade.log[0m
2022-04-27 06:21:30.460055+00:00 [info] <0.228.0>                 : <stdout>[0m
2022-04-27 06:21:30.460055+00:00 [info] <0.228.0>  database dir   : /var/lib/rabbitmq/mnesia/rabbit@rabbitmq-7b954994dc-5pz6s[0m
2022-04-27 06:21:30.721708+00:00 [info] <0.228.0> Feature flags: list of feature flags found:[0m
2022-04-27 06:21:30.721876+00:00 [info] <0.228.0> Feature flags:   [ ] drop_unroutable_metric[0m
2022-04-27 06:21:30.722090+00:00 [info] <0.228.0> Feature flags:   [ ] empty_basic_get_metric[0m
2022-04-27 06:21:30.722279+00:00 [info] <0.228.0> Feature flags:   [ ] implicit_default_bindings[0m
2022-04-27 06:21:30.722350+00:00 [info] <0.228.0> Feature flags:   [ ] maintenance_mode_status[0m
2022-04-27 06:21:30.722526+00:00 [info] <0.228.0> Feature flags:   [ ] quorum_queue[0m
2022-04-27 06:21:30.722596+00:00 [info] <0.228.0> Feature flags:   [ ] stream_queue[0m
2022-04-27 06:21:30.722638+00:00 [info] <0.228.0> Feature flags:   [ ] user_limits[0m
2022-04-27 06:21:30.722677+00:00 [info] <0.228.0> Feature flags:   [ ] virtual_host_metadata[0m
2022-04-27 06:21:30.722858+00:00 [info] <0.228.0> Feature flags: feature flag states written to disk: yes[0m
2022-04-27 06:21:46.406947+00:00 [info] <0.228.0> Running boot step pre_boot defined by app rabbit[0m
2022-04-27 06:21:46.407136+00:00 [info] <0.228.0> Running boot step rabbit_global_counters defined by app rabbit[0m
2022-04-27 06:21:46.408119+00:00 [info] <0.228.0> Running boot step rabbit_osiris_metrics defined by app rabbit[0m
2022-04-27 06:21:46.408426+00:00 [info] <0.228.0> Running boot step rabbit_core_metrics defined by app rabbit[0m
2022-04-27 06:21:46.411726+00:00 [info] <0.228.0> Running boot step rabbit_alarm defined by app rabbit[0m
2022-04-27 06:21:46.436069+00:00 [info] <0.302.0> Memory high watermark set to 8814 MiB (9242312704 bytes) of 22035 MiB (23105781760 bytes) total[0m
2022-04-27 06:21:46.467427+00:00 [info] <0.304.0> Enabling free disk space monitoring[0m
2022-04-27 06:21:46.467541+00:00 [info] <0.304.0> Disk free limit set to 50MB[0m
2022-04-27 06:21:46.532554+00:00 [info] <0.228.0> Running boot step code_server_cache defined by app rabbit[0m
2022-04-27 06:21:46.532847+00:00 [info] <0.228.0> Running boot step file_handle_cache defined by app rabbit[0m
2022-04-27 06:21:46.534768+00:00 [info] <0.309.0> Limiting to approx 1048479 file handles (943629 sockets)[0m
2022-04-27 06:21:46.535374+00:00 [info] <0.310.0> FHC read buffering: OFF[0m
2022-04-27 06:21:46.535489+00:00 [info] <0.310.0> FHC write buffering: ON[0m
2022-04-27 06:21:46.538969+00:00 [info] <0.228.0> Running boot step worker_pool defined by app rabbit[0m
2022-04-27 06:21:46.539299+00:00 [info] <0.286.0> Will use 8 processes for default worker pool[0m
2022-04-27 06:21:46.540888+00:00 [info] <0.286.0> Starting worker pool 'worker_pool' with 8 processes in it[0m
2022-04-27 06:21:46.544285+00:00 [info] <0.228.0> Running boot step database defined by app rabbit[0m
2022-04-27 06:21:46.545758+00:00 [info] <0.228.0> Node database directory at /var/lib/rabbitmq/mnesia/rabbit@rabbitmq-7b954994dc-5pz6s is empty. Assuming we need to join an existing cluster or initialise from scratch...[0m
2022-04-27 06:21:46.545894+00:00 [info] <0.228.0> Configured peer discovery backend: rabbit_peer_discovery_classic_config[0m
2022-04-27 06:21:46.546072+00:00 [info] <0.228.0> Will try to lock with peer discovery backend rabbit_peer_discovery_classic_config[0m
2022-04-27 06:21:46.546279+00:00 [info] <0.228.0> All discovered existing cluster peers:[0m
2022-04-27 06:21:46.546589+00:00 [info] <0.228.0> Discovered no peer nodes to cluster with. Some discovery backends can filter nodes out based on a readiness criteria. Enabling debug logging might help troubleshoot.[0m
[38;5;87m2022-04-27 06:21:46.552498+00:00 [notice] <0.44.0> Application mnesia exited with reason: stopped[0m
2022-04-27 06:21:47.122200+00:00 [info] <0.228.0> Waiting for Mnesia tables for 30000 ms, 9 retries left[0m
2022-04-27 06:21:47.122651+00:00 [info] <0.228.0> Successfully synced tables from a peer[0m
2022-04-27 06:21:47.142289+00:00 [info] <0.228.0> Waiting for Mnesia tables for 30000 ms, 9 retries left[0m
2022-04-27 06:21:47.142573+00:00 [info] <0.228.0> Successfully synced tables from a peer[0m
2022-04-27 06:21:47.142646+00:00 [info] <0.228.0> Feature flag `drop_unroutable_metric`: supported, attempt to enable...[0m
2022-04-27 06:21:47.144366+00:00 [info] <0.228.0> Feature flag `drop_unroutable_metric`: mark as enabled=state_changing[0m
2022-04-27 06:21:47.150488+00:00 [info] <0.228.0> Feature flags: list of feature flags found:[0m
2022-04-27 06:21:47.150591+00:00 [info] <0.228.0> Feature flags:   [~] drop_unroutable_metric[0m
2022-04-27 06:21:47.150737+00:00 [info] <0.228.0> Feature flags:   [ ] empty_basic_get_metric[0m
2022-04-27 06:21:47.150793+00:00 [info] <0.228.0> Feature flags:   [ ] implicit_default_bindings[0m
2022-04-27 06:21:47.151684+00:00 [info] <0.228.0> Feature flags:   [ ] maintenance_mode_status[0m
2022-04-27 06:21:47.151917+00:00 [info] <0.228.0> Feature flags:   [ ] quorum_queue[0m
2022-04-27 06:21:47.151946+00:00 [info] <0.228.0> Feature flags:   [ ] stream_queue[0m
2022-04-27 06:21:47.152219+00:00 [info] <0.228.0> Feature flags:   [ ] user_limits[0m
2022-04-27 06:21:47.152298+00:00 [info] <0.228.0> Feature flags:   [ ] virtual_host_metadata[0m
2022-04-27 06:21:47.152568+00:00 [info] <0.228.0> Feature flags: feature flag states written to disk: yes[0m
2022-04-27 06:21:47.224607+00:00 [info] <0.228.0> Feature flag `drop_unroutable_metric`: mark as enabled=true[0m
2022-04-27 06:21:47.228870+00:00 [info] <0.228.0> Feature flags: list of feature flags found:[0m
2022-04-27 06:21:47.229113+00:00 [info] <0.228.0> Feature flags:   [x] drop_unroutable_metric[0m
2022-04-27 06:21:47.229202+00:00 [info] <0.228.0> Feature flags:   [ ] empty_basic_get_metric[0m
2022-04-27 06:21:47.229239+00:00 [info] <0.228.0> Feature flags:   [ ] implicit_default_bindings[0m
2022-04-27 06:21:47.229276+00:00 [info] <0.228.0> Feature flags:   [ ] maintenance_mode_status[0m
2022-04-27 06:21:47.230352+00:00 [info] <0.228.0> Feature flags:   [ ] quorum_queue[0m
2022-04-27 06:21:47.230417+00:00 [info] <0.228.0> Feature flags:   [ ] stream_queue[0m
2022-04-27 06:21:47.230457+00:00 [info] <0.228.0> Feature flags:   [ ] user_limits[0m
2022-04-27 06:21:47.230536+00:00 [info] <0.228.0> Feature flags:   [ ] virtual_host_metadata[0m
2022-04-27 06:21:47.231151+00:00 [info] <0.228.0> Feature flags: feature flag states written to disk: yes[0m
2022-04-27 06:21:47.248767+00:00 [info] <0.228.0> Feature flag `empty_basic_get_metric`: supported, attempt to enable...[0m
2022-04-27 06:21:47.252151+00:00 [info] <0.228.0> Feature flag `empty_basic_get_metric`: mark as enabled=state_changing[0m
2022-04-27 06:21:47.255938+00:00 [info] <0.228.0> Feature flags: list of feature flags found:[0m
2022-04-27 06:21:47.258398+00:00 [info] <0.228.0> Feature flags:   [x] drop_unroutable_metric[0m
2022-04-27 06:21:47.258531+00:00 [info] <0.228.0> Feature flags:   [~] empty_basic_get_metric[0m
2022-04-27 06:21:47.258574+00:00 [info] <0.228.0> Feature flags:   [ ] implicit_default_bindings[0m
2022-04-27 06:21:47.258666+00:00 [info] <0.228.0> Feature flags:   [ ] maintenance_mode_status[0m
2022-04-27 06:21:47.258767+00:00 [info] <0.228.0> Feature flags:   [ ] quorum_queue[0m
2022-04-27 06:21:47.258847+00:00 [info] <0.228.0> Feature flags:   [ ] stream_queue[0m
2022-04-27 06:21:47.258929+00:00 [info] <0.228.0> Feature flags:   [ ] user_limits[0m
2022-04-27 06:21:47.258981+00:00 [info] <0.228.0> Feature flags:   [ ] virtual_host_metadata[0m
2022-04-27 06:21:47.259008+00:00 [info] <0.228.0> Feature flags: feature flag states written to disk: yes[0m
2022-04-27 06:21:47.310704+00:00 [info] <0.228.0> Feature flag `empty_basic_get_metric`: mark as enabled=true[0m
2022-04-27 06:21:47.320944+00:00 [info] <0.228.0> Feature flags: list of feature flags found:[0m
2022-04-27 06:21:47.321225+00:00 [info] <0.228.0> Feature flags:   [x] drop_unroutable_metric[0m
2022-04-27 06:21:47.321292+00:00 [info] <0.228.0> Feature flags:   [x] empty_basic_get_metric[0m
2022-04-27 06:21:47.321361+00:00 [info] <0.228.0> Feature flags:   [ ] implicit_default_bindings[0m
2022-04-27 06:21:47.321389+00:00 [info] <0.228.0> Feature flags:   [ ] maintenance_mode_status[0m
2022-04-27 06:21:47.321440+00:00 [info] <0.228.0> Feature flags:   [ ] quorum_queue[0m
2022-04-27 06:21:47.321466+00:00 [info] <0.228.0> Feature flags:   [ ] stream_queue[0m
2022-04-27 06:21:47.321490+00:00 [info] <0.228.0> Feature flags:   [ ] user_limits[0m
2022-04-27 06:21:47.321524+00:00 [info] <0.228.0> Feature flags:   [ ] virtual_host_metadata[0m
2022-04-27 06:21:47.321549+00:00 [info] <0.228.0> Feature flags: feature flag states written to disk: yes[0m
2022-04-27 06:21:47.410567+00:00 [info] <0.228.0> Feature flag `implicit_default_bindings`: supported, attempt to enable...[0m
2022-04-27 06:21:47.410761+00:00 [info] <0.228.0> Feature flag `implicit_default_bindings`: mark as enabled=state_changing[0m
2022-04-27 06:21:47.412833+00:00 [info] <0.228.0> Feature flags: list of feature flags found:[0m
2022-04-27 06:21:47.412972+00:00 [info] <0.228.0> Feature flags:   [x] drop_unroutable_metric[0m
2022-04-27 06:21:47.413071+00:00 [info] <0.228.0> Feature flags:   [x] empty_basic_get_metric[0m
2022-04-27 06:21:47.413121+00:00 [info] <0.228.0> Feature flags:   [~] implicit_default_bindings[0m
2022-04-27 06:21:47.413171+00:00 [info] <0.228.0> Feature flags:   [ ] maintenance_mode_status[0m
2022-04-27 06:21:47.413233+00:00 [info] <0.228.0> Feature flags:   [ ] quorum_queue[0m
2022-04-27 06:21:47.413271+00:00 [info] <0.228.0> Feature flags:   [ ] stream_queue[0m
2022-04-27 06:21:47.427393+00:00 [info] <0.228.0> Feature flags:   [ ] user_limits[0m
2022-04-27 06:21:47.427531+00:00 [info] <0.228.0> Feature flags:   [ ] virtual_host_metadata[0m
2022-04-27 06:21:47.427606+00:00 [info] <0.228.0> Feature flags: feature flag states written to disk: yes[0m
2022-04-27 06:21:47.458286+00:00 [info] <0.228.0> Waiting for Mnesia tables for 30000 ms, 0 retries left[0m
2022-04-27 06:21:47.458595+00:00 [info] <0.228.0> Successfully synced tables from a peer[0m
2022-04-27 06:21:47.458674+00:00 [info] <0.228.0> Feature flag `implicit_default_bindings`: mark as enabled=true[0m
2022-04-27 06:21:47.529170+00:00 [info] <0.228.0> Feature flags: list of feature flags found:[0m
2022-04-27 06:21:47.529284+00:00 [info] <0.228.0> Feature flags:   [x] drop_unroutable_metric[0m
2022-04-27 06:21:47.529699+00:00 [info] <0.228.0> Feature flags:   [x] empty_basic_get_metric[0m
2022-04-27 06:21:47.529777+00:00 [info] <0.228.0> Feature flags:   [x] implicit_default_bindings[0m
2022-04-27 06:21:47.529831+00:00 [info] <0.228.0> Feature flags:   [ ] maintenance_mode_status[0m
2022-04-27 06:21:47.530368+00:00 [info] <0.228.0> Feature flags:   [ ] quorum_queue[0m
2022-04-27 06:21:47.530430+00:00 [info] <0.228.0> Feature flags:   [ ] stream_queue[0m
2022-04-27 06:21:47.530477+00:00 [info] <0.228.0> Feature flags:   [ ] user_limits[0m
2022-04-27 06:21:47.530554+00:00 [info] <0.228.0> Feature flags:   [ ] virtual_host_metadata[0m
2022-04-27 06:21:47.530638+00:00 [info] <0.228.0> Feature flags: feature flag states written to disk: yes[0m
2022-04-27 06:21:47.594821+00:00 [info] <0.228.0> Feature flag `maintenance_mode_status`: supported, attempt to enable...[0m
2022-04-27 06:21:47.594985+00:00 [info] <0.228.0> Feature flag `maintenance_mode_status`: mark as enabled=state_changing[0m
2022-04-27 06:21:47.609277+00:00 [info] <0.228.0> Feature flags: list of feature flags found:[0m
2022-04-27 06:21:47.609469+00:00 [info] <0.228.0> Feature flags:   [x] drop_unroutable_metric[0m
2022-04-27 06:21:47.609590+00:00 [info] <0.228.0> Feature flags:   [x] empty_basic_get_metric[0m
2022-04-27 06:21:47.609642+00:00 [info] <0.228.0> Feature flags:   [x] implicit_default_bindings[0m
2022-04-27 06:21:47.609745+00:00 [info] <0.228.0> Feature flags:   [~] maintenance_mode_status[0m
2022-04-27 06:21:47.609838+00:00 [info] <0.228.0> Feature flags:   [ ] quorum_queue[0m
2022-04-27 06:21:47.609881+00:00 [info] <0.228.0> Feature flags:   [ ] stream_queue[0m
2022-04-27 06:21:47.609935+00:00 [info] <0.228.0> Feature flags:   [ ] user_limits[0m
2022-04-27 06:21:47.609993+00:00 [info] <0.228.0> Feature flags:   [ ] virtual_host_metadata[0m
2022-04-27 06:21:47.610035+00:00 [info] <0.228.0> Feature flags: feature flag states written to disk: yes[0m
2022-04-27 06:21:47.637955+00:00 [info] <0.228.0> Creating table rabbit_node_maintenance_states for feature flag `maintenance_mode_status`[0m
2022-04-27 06:21:47.689895+00:00 [info] <0.228.0> Feature flag `maintenance_mode_status`: mark as enabled=true[0m
2022-04-27 06:21:47.726181+00:00 [info] <0.228.0> Feature flags: list of feature flags found:[0m
2022-04-27 06:21:47.726611+00:00 [info] <0.228.0> Feature flags:   [x] drop_unroutable_metric[0m
2022-04-27 06:21:47.726673+00:00 [info] <0.228.0> Feature flags:   [x] empty_basic_get_metric[0m
2022-04-27 06:21:47.726761+00:00 [info] <0.228.0> Feature flags:   [x] implicit_default_bindings[0m
2022-04-27 06:21:47.726860+00:00 [info] <0.228.0> Feature flags:   [x] maintenance_mode_status[0m
2022-04-27 06:21:47.727120+00:00 [info] <0.228.0> Feature flags:   [ ] quorum_queue[0m
2022-04-27 06:21:47.727199+00:00 [info] <0.228.0> Feature flags:   [ ] stream_queue[0m
2022-04-27 06:21:47.727313+00:00 [info] <0.228.0> Feature flags:   [ ] user_limits[0m
2022-04-27 06:21:47.727452+00:00 [info] <0.228.0> Feature flags:   [ ] virtual_host_metadata[0m
2022-04-27 06:21:47.727512+00:00 [info] <0.228.0> Feature flags: feature flag states written to disk: yes[0m
2022-04-27 06:21:47.749088+00:00 [info] <0.228.0> Feature flag `quorum_queue`: supported, attempt to enable...[0m
2022-04-27 06:21:47.749287+00:00 [info] <0.228.0> Feature flag `quorum_queue`: mark as enabled=state_changing[0m
2022-04-27 06:21:47.750702+00:00 [info] <0.228.0> Feature flags: list of feature flags found:[0m
2022-04-27 06:21:47.750803+00:00 [info] <0.228.0> Feature flags:   [x] drop_unroutable_metric[0m
2022-04-27 06:21:47.751409+00:00 [info] <0.228.0> Feature flags:   [x] empty_basic_get_metric[0m
2022-04-27 06:21:47.751456+00:00 [info] <0.228.0> Feature flags:   [x] implicit_default_bindings[0m
2022-04-27 06:21:47.751485+00:00 [info] <0.228.0> Feature flags:   [x] maintenance_mode_status[0m
2022-04-27 06:21:47.751523+00:00 [info] <0.228.0> Feature flags:   [~] quorum_queue[0m
2022-04-27 06:21:47.751612+00:00 [info] <0.228.0> Feature flags:   [ ] stream_queue[0m
2022-04-27 06:21:47.751640+00:00 [info] <0.228.0> Feature flags:   [ ] user_limits[0m
2022-04-27 06:21:47.751672+00:00 [info] <0.228.0> Feature flags:   [ ] virtual_host_metadata[0m
2022-04-27 06:21:47.751698+00:00 [info] <0.228.0> Feature flags: feature flag states written to disk: yes[0m
2022-04-27 06:21:47.814375+00:00 [info] <0.228.0> Waiting for Mnesia tables for 30000 ms, 9 retries left[0m
2022-04-27 06:21:47.814618+00:00 [info] <0.228.0> Successfully synced tables from a peer[0m
2022-04-27 06:21:47.814669+00:00 [info] <0.228.0> Feature flag `quorum_queue`:   migrating Mnesia table rabbit_queue...[0m
2022-04-27 06:21:47.948455+00:00 [info] <0.228.0> Feature flag `quorum_queue`:   migrating Mnesia table rabbit_durable_queue...[0m
2022-04-27 06:21:48.032457+00:00 [info] <0.228.0> Feature flag `quorum_queue`:   Mnesia tables migration done[0m
2022-04-27 06:21:48.032538+00:00 [info] <0.228.0> Feature flag `quorum_queue`: mark as enabled=true[0m
2022-04-27 06:21:48.038089+00:00 [info] <0.228.0> Feature flags: list of feature flags found:[0m
2022-04-27 06:21:48.038231+00:00 [info] <0.228.0> Feature flags:   [x] drop_unroutable_metric[0m
2022-04-27 06:21:48.038358+00:00 [info] <0.228.0> Feature flags:   [x] empty_basic_get_metric[0m
2022-04-27 06:21:48.038414+00:00 [info] <0.228.0> Feature flags:   [x] implicit_default_bindings[0m
2022-04-27 06:21:48.038461+00:00 [info] <0.228.0> Feature flags:   [x] maintenance_mode_status[0m
2022-04-27 06:21:48.038552+00:00 [info] <0.228.0> Feature flags:   [x] quorum_queue[0m
2022-04-27 06:21:48.038604+00:00 [info] <0.228.0> Feature flags:   [ ] stream_queue[0m
2022-04-27 06:21:48.038661+00:00 [info] <0.228.0> Feature flags:   [ ] user_limits[0m
2022-04-27 06:21:48.038830+00:00 [info] <0.228.0> Feature flags:   [ ] virtual_host_metadata[0m
2022-04-27 06:21:48.038889+00:00 [info] <0.228.0> Feature flags: feature flag states written to disk: yes[0m
2022-04-27 06:21:48.100165+00:00 [info] <0.228.0> Feature flag `stream_queue`: supported, attempt to enable...[0m
2022-04-27 06:21:48.100332+00:00 [info] <0.228.0> Feature flag `stream_queue`: mark as enabled=state_changing[0m
2022-04-27 06:21:48.102488+00:00 [info] <0.228.0> Feature flags: list of feature flags found:[0m
2022-04-27 06:21:48.102644+00:00 [info] <0.228.0> Feature flags:   [x] drop_unroutable_metric[0m
2022-04-27 06:21:48.102728+00:00 [info] <0.228.0> Feature flags:   [x] empty_basic_get_metric[0m
2022-04-27 06:21:48.102847+00:00 [info] <0.228.0> Feature flags:   [x] implicit_default_bindings[0m
2022-04-27 06:21:48.102917+00:00 [info] <0.228.0> Feature flags:   [x] maintenance_mode_status[0m
2022-04-27 06:21:48.102969+00:00 [info] <0.228.0> Feature flags:   [x] quorum_queue[0m
2022-04-27 06:21:48.111281+00:00 [info] <0.228.0> Feature flags:   [~] stream_queue[0m
2022-04-27 06:21:48.111440+00:00 [info] <0.228.0> Feature flags:   [ ] user_limits[0m
2022-04-27 06:21:48.111545+00:00 [info] <0.228.0> Feature flags:   [ ] virtual_host_metadata[0m
2022-04-27 06:21:48.111644+00:00 [info] <0.228.0> Feature flags: feature flag states written to disk: yes[0m
2022-04-27 06:21:48.133207+00:00 [info] <0.228.0> Feature flag `stream_queue`: mark as enabled=true[0m
2022-04-27 06:21:48.140415+00:00 [info] <0.228.0> Feature flags: list of feature flags found:[0m
2022-04-27 06:21:48.140646+00:00 [info] <0.228.0> Feature flags:   [x] drop_unroutable_metric[0m
2022-04-27 06:21:48.140711+00:00 [info] <0.228.0> Feature flags:   [x] empty_basic_get_metric[0m
2022-04-27 06:21:48.140742+00:00 [info] <0.228.0> Feature flags:   [x] implicit_default_bindings[0m
2022-04-27 06:21:48.140795+00:00 [info] <0.228.0> Feature flags:   [x] maintenance_mode_status[0m
2022-04-27 06:21:48.140854+00:00 [info] <0.228.0> Feature flags:   [x] quorum_queue[0m
2022-04-27 06:21:48.140897+00:00 [info] <0.228.0> Feature flags:   [x] stream_queue[0m
2022-04-27 06:21:48.140938+00:00 [info] <0.228.0> Feature flags:   [ ] user_limits[0m
2022-04-27 06:21:48.141098+00:00 [info] <0.228.0> Feature flags:   [ ] virtual_host_metadata[0m
2022-04-27 06:21:48.141161+00:00 [info] <0.228.0> Feature flags: feature flag states written to disk: yes[0m
2022-04-27 06:21:48.176985+00:00 [info] <0.228.0> Feature flag `user_limits`: supported, attempt to enable...[0m
2022-04-27 06:21:48.177437+00:00 [info] <0.228.0> Feature flag `user_limits`: mark as enabled=state_changing[0m
2022-04-27 06:21:48.190016+00:00 [info] <0.228.0> Feature flags: list of feature flags found:[0m
2022-04-27 06:21:48.190277+00:00 [info] <0.228.0> Feature flags:   [x] drop_unroutable_metric[0m
2022-04-27 06:21:48.190512+00:00 [info] <0.228.0> Feature flags:   [x] empty_basic_get_metric[0m
2022-04-27 06:21:48.190599+00:00 [info] <0.228.0> Feature flags:   [x] implicit_default_bindings[0m
2022-04-27 06:21:48.191305+00:00 [info] <0.228.0> Feature flags:   [x] maintenance_mode_status[0m
2022-04-27 06:21:48.191404+00:00 [info] <0.228.0> Feature flags:   [x] quorum_queue[0m
2022-04-27 06:21:48.191526+00:00 [info] <0.228.0> Feature flags:   [x] stream_queue[0m
2022-04-27 06:21:48.191704+00:00 [info] <0.228.0> Feature flags:   [~] user_limits[0m
2022-04-27 06:21:48.191800+00:00 [info] <0.228.0> Feature flags:   [ ] virtual_host_metadata[0m
2022-04-27 06:21:48.191854+00:00 [info] <0.228.0> Feature flags: feature flag states written to disk: yes[0m
2022-04-27 06:21:48.258847+00:00 [info] <0.228.0> Waiting for Mnesia tables for 30000 ms, 9 retries left[0m
2022-04-27 06:21:48.259556+00:00 [info] <0.228.0> Successfully synced tables from a peer[0m
2022-04-27 06:21:48.732326+00:00 [info] <0.228.0> Feature flag `user_limits`: mark as enabled=true[0m
2022-04-27 06:21:48.739208+00:00 [info] <0.228.0> Feature flags: list of feature flags found:[0m
2022-04-27 06:21:48.739292+00:00 [info] <0.228.0> Feature flags:   [x] drop_unroutable_metric[0m
2022-04-27 06:21:48.739340+00:00 [info] <0.228.0> Feature flags:   [x] empty_basic_get_metric[0m
2022-04-27 06:21:48.739371+00:00 [info] <0.228.0> Feature flags:   [x] implicit_default_bindings[0m
2022-04-27 06:21:48.739404+00:00 [info] <0.228.0> Feature flags:   [x] maintenance_mode_status[0m
2022-04-27 06:21:48.739563+00:00 [info] <0.228.0> Feature flags:   [x] quorum_queue[0m
2022-04-27 06:21:48.739628+00:00 [info] <0.228.0> Feature flags:   [x] stream_queue[0m
2022-04-27 06:21:48.739673+00:00 [info] <0.228.0> Feature flags:   [x] user_limits[0m
2022-04-27 06:21:48.739741+00:00 [info] <0.228.0> Feature flags:   [ ] virtual_host_metadata[0m
2022-04-27 06:21:48.739843+00:00 [info] <0.228.0> Feature flags: feature flag states written to disk: yes[0m
2022-04-27 06:21:48.759425+00:00 [info] <0.228.0> Feature flag `virtual_host_metadata`: supported, attempt to enable...[0m
2022-04-27 06:21:48.759573+00:00 [info] <0.228.0> Feature flag `virtual_host_metadata`: mark as enabled=state_changing[0m
2022-04-27 06:21:48.781815+00:00 [info] <0.228.0> Feature flags: list of feature flags found:[0m
2022-04-27 06:21:48.782120+00:00 [info] <0.228.0> Feature flags:   [x] drop_unroutable_metric[0m
2022-04-27 06:21:48.782222+00:00 [info] <0.228.0> Feature flags:   [x] empty_basic_get_metric[0m
2022-04-27 06:21:48.782271+00:00 [info] <0.228.0> Feature flags:   [x] implicit_default_bindings[0m
2022-04-27 06:21:48.782389+00:00 [info] <0.228.0> Feature flags:   [x] maintenance_mode_status[0m
2022-04-27 06:21:48.782462+00:00 [info] <0.228.0> Feature flags:   [x] quorum_queue[0m
2022-04-27 06:21:48.782509+00:00 [info] <0.228.0> Feature flags:   [x] stream_queue[0m
2022-04-27 06:21:48.782559+00:00 [info] <0.228.0> Feature flags:   [x] user_limits[0m
2022-04-27 06:21:48.782616+00:00 [info] <0.228.0> Feature flags:   [~] virtual_host_metadata[0m
2022-04-27 06:21:48.782657+00:00 [info] <0.228.0> Feature flags: feature flag states written to disk: yes[0m
2022-04-27 06:21:48.838109+00:00 [info] <0.228.0> Waiting for Mnesia tables for 30000 ms, 9 retries left[0m
2022-04-27 06:21:48.838766+00:00 [info] <0.228.0> Successfully synced tables from a peer[0m
2022-04-27 06:21:48.978611+00:00 [info] <0.228.0> Feature flag `virtual_host_metadata`: mark as enabled=true[0m
2022-04-27 06:21:49.031548+00:00 [info] <0.228.0> Feature flags: list of feature flags found:[0m
2022-04-27 06:21:49.031689+00:00 [info] <0.228.0> Feature flags:   [x] drop_unroutable_metric[0m
2022-04-27 06:21:49.031749+00:00 [info] <0.228.0> Feature flags:   [x] empty_basic_get_metric[0m
2022-04-27 06:21:49.031782+00:00 [info] <0.228.0> Feature flags:   [x] implicit_default_bindings[0m
2022-04-27 06:21:49.031810+00:00 [info] <0.228.0> Feature flags:   [x] maintenance_mode_status[0m
2022-04-27 06:21:49.032034+00:00 [info] <0.228.0> Feature flags:   [x] quorum_queue[0m
2022-04-27 06:21:49.032077+00:00 [info] <0.228.0> Feature flags:   [x] stream_queue[0m
2022-04-27 06:21:49.032104+00:00 [info] <0.228.0> Feature flags:   [x] user_limits[0m
2022-04-27 06:21:49.032248+00:00 [info] <0.228.0> Feature flags:   [x] virtual_host_metadata[0m
2022-04-27 06:21:49.032288+00:00 [info] <0.228.0> Feature flags: feature flag states written to disk: yes[0m
2022-04-27 06:21:49.095976+00:00 [info] <0.228.0> Waiting for Mnesia tables for 30000 ms, 9 retries left[0m
2022-04-27 06:21:49.096419+00:00 [info] <0.228.0> Successfully synced tables from a peer[0m
2022-04-27 06:21:49.153165+00:00 [info] <0.228.0> Waiting for Mnesia tables for 30000 ms, 9 retries left[0m
2022-04-27 06:21:49.153676+00:00 [info] <0.228.0> Successfully synced tables from a peer[0m
2022-04-27 06:21:49.153775+00:00 [info] <0.228.0> Peer discovery backend rabbit_peer_discovery_classic_config does not support registration, skipping registration.[0m
2022-04-27 06:21:49.153946+00:00 [info] <0.228.0> Will try to unlock with peer discovery backend rabbit_peer_discovery_classic_config[0m
2022-04-27 06:21:49.155786+00:00 [info] <0.228.0> Running boot step database_sync defined by app rabbit[0m
2022-04-27 06:21:49.156285+00:00 [info] <0.228.0> Running boot step feature_flags defined by app rabbit[0m
2022-04-27 06:21:49.157332+00:00 [info] <0.228.0> Running boot step codec_correctness_check defined by app rabbit[0m
2022-04-27 06:21:49.158252+00:00 [info] <0.228.0> Running boot step external_infrastructure defined by app rabbit[0m
2022-04-27 06:21:49.158317+00:00 [info] <0.228.0> Running boot step rabbit_registry defined by app rabbit[0m
2022-04-27 06:21:49.158535+00:00 [info] <0.228.0> Running boot step rabbit_auth_mechanism_cr_demo defined by app rabbit[0m
2022-04-27 06:21:49.158708+00:00 [info] <0.228.0> Running boot step rabbit_queue_location_random defined by app rabbit[0m
2022-04-27 06:21:49.158879+00:00 [info] <0.228.0> Running boot step rabbit_event defined by app rabbit[0m
2022-04-27 06:21:49.166401+00:00 [info] <0.228.0> Running boot step rabbit_auth_mechanism_amqplain defined by app rabbit[0m
2022-04-27 06:21:49.166786+00:00 [info] <0.228.0> Running boot step rabbit_auth_mechanism_plain defined by app rabbit[0m
2022-04-27 06:21:49.166942+00:00 [info] <0.228.0> Running boot step rabbit_exchange_type_direct defined by app rabbit[0m
2022-04-27 06:21:49.167194+00:00 [info] <0.228.0> Running boot step rabbit_exchange_type_fanout defined by app rabbit[0m
2022-04-27 06:21:49.167331+00:00 [info] <0.228.0> Running boot step rabbit_exchange_type_headers defined by app rabbit[0m
2022-04-27 06:21:49.167462+00:00 [info] <0.228.0> Running boot step rabbit_exchange_type_topic defined by app rabbit[0m
2022-04-27 06:21:49.167579+00:00 [info] <0.228.0> Running boot step rabbit_mirror_queue_mode_all defined by app rabbit[0m
2022-04-27 06:21:49.167709+00:00 [info] <0.228.0> Running boot step rabbit_mirror_queue_mode_exactly defined by app rabbit[0m
2022-04-27 06:21:49.167827+00:00 [info] <0.228.0> Running boot step rabbit_mirror_queue_mode_nodes defined by app rabbit[0m
2022-04-27 06:21:49.167951+00:00 [info] <0.228.0> Running boot step rabbit_priority_queue defined by app rabbit[0m
2022-04-27 06:21:49.168118+00:00 [info] <0.228.0> Priority queues enabled, real BQ is rabbit_variable_queue[0m
2022-04-27 06:21:49.168254+00:00 [info] <0.228.0> Running boot step rabbit_queue_location_client_local defined by app rabbit[0m
2022-04-27 06:21:49.168387+00:00 [info] <0.228.0> Running boot step rabbit_queue_location_min_masters defined by app rabbit[0m
2022-04-27 06:21:49.168509+00:00 [info] <0.228.0> Running boot step kernel_ready defined by app rabbit[0m
2022-04-27 06:21:49.168561+00:00 [info] <0.228.0> Running boot step rabbit_sysmon_minder defined by app rabbit[0m
2022-04-27 06:21:49.168833+00:00 [info] <0.228.0> Running boot step rabbit_epmd_monitor defined by app rabbit[0m
2022-04-27 06:21:49.195391+00:00 [info] <0.575.0> epmd monitor knows us, inter-node communication (distribution) port: 25672[0m
2022-04-27 06:21:49.195761+00:00 [info] <0.228.0> Running boot step guid_generator defined by app rabbit[0m
2022-04-27 06:21:49.225560+00:00 [info] <0.228.0> Running boot step rabbit_node_monitor defined by app rabbit[0m
2022-04-27 06:21:49.225910+00:00 [info] <0.579.0> Starting rabbit_node_monitor[0m
2022-04-27 06:21:49.226256+00:00 [info] <0.228.0> Running boot step delegate_sup defined by app rabbit[0m
2022-04-27 06:21:49.227450+00:00 [info] <0.228.0> Running boot step rabbit_memory_monitor defined by app rabbit[0m
2022-04-27 06:21:49.227829+00:00 [info] <0.228.0> Running boot step core_initialized defined by app rabbit[0m
2022-04-27 06:21:49.227892+00:00 [info] <0.228.0> Running boot step upgrade_queues defined by app rabbit[0m
2022-04-27 06:21:49.286697+00:00 [info] <0.228.0> message_store upgrades: 1 to apply[0m
2022-04-27 06:21:49.287077+00:00 [info] <0.228.0> message_store upgrades: Applying rabbit_variable_queue:move_messages_to_vhost_store[0m
2022-04-27 06:21:49.287515+00:00 [info] <0.228.0> message_store upgrades: No durable queues found. Skipping message store migration[0m
2022-04-27 06:21:49.287641+00:00 [info] <0.228.0> message_store upgrades: Removing the old message store data[0m
2022-04-27 06:21:49.303637+00:00 [info] <0.228.0> message_store upgrades: All upgrades applied successfully[0m
2022-04-27 06:21:49.348691+00:00 [info] <0.228.0> Running boot step channel_tracking defined by app rabbit[0m
2022-04-27 06:21:49.392800+00:00 [info] <0.228.0> Setting up a table for channel tracking on this node: 'tracked_channel_on_node_rabbit@rabbitmq-7b954994dc-5pz6s'[0m
2022-04-27 06:21:49.416106+00:00 [info] <0.228.0> Setting up a table for channel tracking on this node: 'tracked_channel_table_per_user_on_node_rabbit@rabbitmq-7b954994dc-5pz6s'[0m
2022-04-27 06:21:49.416474+00:00 [info] <0.228.0> Running boot step rabbit_channel_tracking_handler defined by app rabbit[0m
2022-04-27 06:21:49.416565+00:00 [info] <0.228.0> Running boot step connection_tracking defined by app rabbit[0m
2022-04-27 06:21:49.425479+00:00 [info] <0.228.0> Setting up a table for connection tracking on this node: 'tracked_connection_on_node_rabbit@rabbitmq-7b954994dc-5pz6s'[0m
2022-04-27 06:21:49.437236+00:00 [info] <0.228.0> Setting up a table for per-vhost connection counting on this node: 'tracked_connection_per_vhost_on_node_rabbit@rabbitmq-7b954994dc-5pz6s'[0m
2022-04-27 06:21:49.448495+00:00 [info] <0.228.0> Setting up a table for per-user connection counting on this node: 'tracked_connection_table_per_user_on_node_rabbit@rabbitmq-7b954994dc-5pz6s'[0m
2022-04-27 06:21:49.449122+00:00 [info] <0.228.0> Running boot step rabbit_connection_tracking_handler defined by app rabbit[0m
2022-04-27 06:21:49.449201+00:00 [info] <0.228.0> Running boot step rabbit_exchange_parameters defined by app rabbit[0m
2022-04-27 06:21:49.449536+00:00 [info] <0.228.0> Running boot step rabbit_mirror_queue_misc defined by app rabbit[0m
2022-04-27 06:21:49.449912+00:00 [info] <0.228.0> Running boot step rabbit_policies defined by app rabbit[0m
2022-04-27 06:21:49.451245+00:00 [info] <0.228.0> Running boot step rabbit_policy defined by app rabbit[0m
2022-04-27 06:21:49.451442+00:00 [info] <0.228.0> Running boot step rabbit_queue_location_validator defined by app rabbit[0m
2022-04-27 06:21:49.451642+00:00 [info] <0.228.0> Running boot step rabbit_quorum_memory_manager defined by app rabbit[0m
2022-04-27 06:21:49.451858+00:00 [info] <0.228.0> Running boot step rabbit_stream_coordinator defined by app rabbit[0m
2022-04-27 06:21:49.452201+00:00 [info] <0.228.0> Running boot step rabbit_vhost_limit defined by app rabbit[0m
2022-04-27 06:21:49.452379+00:00 [info] <0.228.0> Running boot step rabbit_mgmt_db_handler defined by app rabbitmq_management_agent[0m
2022-04-27 06:21:49.452467+00:00 [info] <0.228.0> Management plugin: using rates mode 'basic'[0m
2022-04-27 06:21:49.453956+00:00 [info] <0.228.0> Running boot step recovery defined by app rabbit[0m
2022-04-27 06:21:49.456857+00:00 [info] <0.228.0> Running boot step empty_db_check defined by app rabbit[0m
2022-04-27 06:21:49.457197+00:00 [info] <0.228.0> Will seed default virtual host and user...[0m
2022-04-27 06:21:49.457518+00:00 [info] <0.228.0> Adding vhost '/' (description: 'Default virtual host', tags: [])[0m
2022-04-27 06:21:49.536868+00:00 [info] <0.641.0> Making sure data directory '/var/lib/rabbitmq/mnesia/rabbit@rabbitmq-7b954994dc-5pz6s/msg_stores/vhosts/628WB79CIFDYO9LJI6DKMI09L' for vhost '/' exists[0m
2022-04-27 06:21:49.543514+00:00 [info] <0.641.0> Setting segment_entry_count for vhost '/' with 0 queues to '2048'[0m
2022-04-27 06:21:49.558430+00:00 [info] <0.641.0> Starting message stores for vhost '/'[0m
2022-04-27 06:21:49.558865+00:00 [info] <0.645.0> Message store "628WB79CIFDYO9LJI6DKMI09L/msg_store_transient": using rabbit_msg_store_ets_index to provide index[0m
2022-04-27 06:21:49.582079+00:00 [info] <0.641.0> Started message store of type transient for vhost '/'[0m
2022-04-27 06:21:49.582387+00:00 [info] <0.649.0> Message store "628WB79CIFDYO9LJI6DKMI09L/msg_store_persistent": using rabbit_msg_store_ets_index to provide index[0m
[38;5;214m2022-04-27 06:21:49.602616+00:00 [warning] <0.649.0> Message store "628WB79CIFDYO9LJI6DKMI09L/msg_store_persistent": rebuilding indices from scratch[0m
2022-04-27 06:21:49.605753+00:00 [info] <0.641.0> Started message store of type persistent for vhost '/'[0m
2022-04-27 06:21:49.606468+00:00 [info] <0.641.0> Recovering 0 queues of type rabbit_classic_queue took 61ms[0m
2022-04-27 06:21:49.606857+00:00 [info] <0.641.0> Recovering 0 queues of type rabbit_quorum_queue took 0ms[0m
2022-04-27 06:21:49.606942+00:00 [info] <0.641.0> Recovering 0 queues of type rabbit_stream_queue took 0ms[0m
2022-04-27 06:21:49.645732+00:00 [info] <0.228.0> Created user 'guest'[0m
2022-04-27 06:21:49.652851+00:00 [info] <0.228.0> Successfully set user tags for user 'guest' to [administrator][0m
2022-04-27 06:21:49.657745+00:00 [info] <0.228.0> Successfully set permissions for 'guest' in virtual host '/' to '.*', '.*', '.*'[0m
2022-04-27 06:21:49.657861+00:00 [info] <0.228.0> Running boot step rabbit_looking_glass defined by app rabbit[0m
2022-04-27 06:21:49.657920+00:00 [info] <0.228.0> Running boot step rabbit_core_metrics_gc defined by app rabbit[0m
2022-04-27 06:21:49.658510+00:00 [info] <0.228.0> Running boot step background_gc defined by app rabbit[0m
2022-04-27 06:21:49.658805+00:00 [info] <0.228.0> Running boot step routing_ready defined by app rabbit[0m
2022-04-27 06:21:49.658860+00:00 [info] <0.228.0> Running boot step pre_flight defined by app rabbit[0m
2022-04-27 06:21:49.658919+00:00 [info] <0.228.0> Running boot step notify_cluster defined by app rabbit[0m
2022-04-27 06:21:49.658984+00:00 [info] <0.228.0> Running boot step networking defined by app rabbit[0m
2022-04-27 06:21:49.659692+00:00 [info] <0.228.0> Running boot step definition_import_worker_pool defined by app rabbit[0m
2022-04-27 06:21:49.659808+00:00 [info] <0.286.0> Starting worker pool 'definition_import_pool' with 8 processes in it[0m
2022-04-27 06:21:49.660878+00:00 [info] <0.228.0> Running boot step cluster_name defined by app rabbit[0m
2022-04-27 06:21:49.660989+00:00 [info] <0.228.0> Initialising internal cluster ID to 'rabbitmq-cluster-id-1lwmdLz6Vtli1h4NlceZ9A'[0m
2022-04-27 06:21:49.698465+00:00 [info] <0.228.0> Running boot step direct_client defined by app rabbit[0m
2022-04-27 06:21:49.699129+00:00 [info] <0.686.0> Resetting node maintenance status[0m
2022-04-27 06:21:49.773473+00:00 [info] <0.719.0> Prometheus metrics: HTTP (non-TLS) listener started on port 15692[0m
2022-04-27 06:21:49.773953+00:00 [info] <0.686.0> Ready to start client connection listeners[0m
2022-04-27 06:21:49.818230+00:00 [info] <0.763.0> started TCP listener on [::]:5672[0m
2022-04-27 06:21:50.523361+00:00 [info] <0.686.0> Server startup complete; 3 plugins started.[0m
2022-04-27 06:21:50.523361+00:00 [info] <0.686.0>  * rabbitmq_prometheus[0m
2022-04-27 06:21:50.523361+00:00 [info] <0.686.0>  * rabbitmq_web_dispatch[0m
2022-04-27 06:21:50.523361+00:00 [info] <0.686.0>  * rabbitmq_management_agent[0m
 completed with 3 plugins.
[38;5;160m2022-04-27 06:24:45.546776+00:00 [error] <0.304.0> Command timed out: '/usr/bin/df -kP /var/lib/rabbitmq/mnesia/rabbit@rabbitmq-7b954994dc-5pz6s'[0m
[38;5;160m2022-04-27 06:24:45.577209+00:00 [error] <0.304.0> ** Generic server rabbit_disk_monitor terminating[0m
[38;5;160m2022-04-27 06:24:45.577209+00:00 [error] <0.304.0> ** Last message in was update[0m
[38;5;160m2022-04-27 06:24:45.577209+00:00 [error] <0.304.0> ** When Server state == {state,"/var/lib/rabbitmq/mnesia/rabbit@rabbitmq-7b954994dc-5pz6s",[0m
[38;5;160m2022-04-27 06:24:45.577209+00:00 [error] <0.304.0>                                50000000,135308120064,100,10000,[0m
[38;5;160m2022-04-27 06:24:45.577209+00:00 [error] <0.304.0>                                #Ref<0.3032681683.3762290690.104200>,false,[0m
[38;5;160m2022-04-27 06:24:45.577209+00:00 [error] <0.304.0>                                true,10,120000}[0m
[38;5;160m2022-04-27 06:24:45.577209+00:00 [error] <0.304.0> ** Reason for termination ==[0m
[38;5;160m2022-04-27 06:24:45.577209+00:00 [error] <0.304.0> ** {function_clause,[0m
[38;5;160m2022-04-27 06:24:45.577209+00:00 [error] <0.304.0>        [{lists,reverse,[{error,timeout}],[{file,"lists.erl"},{line,147}]},[0m
[38;5;160m2022-04-27 06:24:45.577209+00:00 [error] <0.304.0>         {string,tokens,2,[{file,"string.erl"},{line,1934}]},[0m
[38;5;160m2022-04-27 06:24:45.577209+00:00 [error] <0.304.0>         {rabbit_disk_monitor,parse_free_unix,1,[0m
[38;5;160m2022-04-27 06:24:45.577209+00:00 [error] <0.304.0>             [{file,"rabbit_disk_monitor.erl"},{line,262}]},[0m
[38;5;160m2022-04-27 06:24:45.577209+00:00 [error] <0.304.0>         {rabbit_disk_monitor,internal_update,1,[0m
[38;5;160m2022-04-27 06:24:45.577209+00:00 [error] <0.304.0>             [{file,"rabbit_disk_monitor.erl"},{line,216}]},[0m
[38;5;160m2022-04-27 06:24:45.577209+00:00 [error] <0.304.0>         {rabbit_disk_monitor,handle_info,2,[0m
[38;5;160m2022-04-27 06:24:45.577209+00:00 [error] <0.304.0>             [{file,"rabbit_disk_monitor.erl"},{line,166}]},[0m
[38;5;160m2022-04-27 06:24:45.577209+00:00 [error] <0.304.0>         {gen_server,try_dispatch,4,[{file,"gen_server.erl"},{line,695}]},[0m
[38;5;160m2022-04-27 06:24:45.577209+00:00 [error] <0.304.0>         {gen_server,handle_msg,6,[{file,"gen_server.erl"},{line,771}]},[0m
[38;5;160m2022-04-27 06:24:45.577209+00:00 [error] <0.304.0>         {proc_lib,init_p_do_apply,3,[{file,"proc_lib.erl"},{line,226}]}]}[0m
[38;5;160m2022-04-27 06:24:45.577209+00:00 [error] <0.304.0> [0m
[38;5;160m2022-04-27 06:24:46.639768+00:00 [error] <0.304.0>   crasher:[0m
[38;5;160m2022-04-27 06:24:46.639768+00:00 [error] <0.304.0>     initial call: rabbit_disk_monitor:init/1[0m
[38;5;160m2022-04-27 06:24:46.639768+00:00 [error] <0.304.0>     pid: <0.304.0>[0m
[38;5;160m2022-04-27 06:24:46.639768+00:00 [error] <0.304.0>     registered_name: rabbit_disk_monitor[0m
[38;5;160m2022-04-27 06:24:46.639768+00:00 [error] <0.304.0>     exception error: no function clause matching[0m
[38;5;160m2022-04-27 06:24:46.639768+00:00 [error] <0.304.0>                      lists:reverse({error,timeout}) (lists.erl, line 147)[0m
[38;5;160m2022-04-27 06:24:46.639768+00:00 [error] <0.304.0>       in function  string:tokens/2 (string.erl, line 1934)[0m
[38;5;160m2022-04-27 06:24:46.639768+00:00 [error] <0.304.0>       in call from rabbit_disk_monitor:parse_free_unix/1 (rabbit_disk_monitor.erl, line 262)[0m
[38;5;160m2022-04-27 06:24:46.639768+00:00 [error] <0.304.0>       in call from rabbit_disk_monitor:internal_update/1 (rabbit_disk_monitor.erl, line 216)[0m
[38;5;160m2022-04-27 06:24:46.639768+00:00 [error] <0.304.0>       in call from rabbit_disk_monitor:handle_info/2 (rabbit_disk_monitor.erl, line 166)[0m
[38;5;160m2022-04-27 06:24:46.639768+00:00 [error] <0.304.0>       in call from gen_server:try_dispatch/4 (gen_server.erl, line 695)[0m
[38;5;160m2022-04-27 06:24:46.639768+00:00 [error] <0.304.0>       in call from gen_server:handle_msg/6 (gen_server.erl, line 771)[0m
[38;5;160m2022-04-27 06:24:46.639768+00:00 [error] <0.304.0>     ancestors: [rabbit_disk_monitor_sup,rabbit_sup,<0.228.0>][0m
[38;5;160m2022-04-27 06:24:46.639768+00:00 [error] <0.304.0>     message_queue_len: 0[0m
[38;5;160m2022-04-27 06:24:46.639768+00:00 [error] <0.304.0>     messages: [][0m
[38;5;160m2022-04-27 06:24:46.639768+00:00 [error] <0.304.0>     links: [<0.303.0>][0m
[38;5;160m2022-04-27 06:24:46.639768+00:00 [error] <0.304.0>     dictionary: [][0m
[38;5;160m2022-04-27 06:24:46.639768+00:00 [error] <0.304.0>     trap_exit: false[0m
[38;5;160m2022-04-27 06:24:46.639768+00:00 [error] <0.304.0>     status: running[0m
[38;5;160m2022-04-27 06:24:46.639768+00:00 [error] <0.304.0>     heap_size: 10958[0m
[38;5;160m2022-04-27 06:24:46.639768+00:00 [error] <0.304.0>     stack_size: 29[0m
[38;5;160m2022-04-27 06:24:46.639768+00:00 [error] <0.304.0>     reductions: 58818[0m
[38;5;160m2022-04-27 06:24:46.639768+00:00 [error] <0.304.0>   neighbours:[0m
[38;5;160m2022-04-27 06:24:46.639768+00:00 [error] <0.304.0> [0m
[38;5;160m2022-04-27 06:24:47.159971+00:00 [error] <0.303.0>     supervisor: {local,rabbit_disk_monitor_sup}[0m
[38;5;160m2022-04-27 06:24:47.159971+00:00 [error] <0.303.0>     errorContext: child_terminated[0m
[38;5;160m2022-04-27 06:24:47.159971+00:00 [error] <0.303.0>     reason: {function_clause,[0m
[38;5;160m2022-04-27 06:24:47.159971+00:00 [error] <0.303.0>                 [{lists,reverse,[0m
[38;5;160m2022-04-27 06:24:47.159971+00:00 [error] <0.303.0>                      [{error,timeout}],[0m
[38;5;160m2022-04-27 06:24:47.159971+00:00 [error] <0.303.0>                      [{file,"lists.erl"},{line,147}]},[0m
[38;5;160m2022-04-27 06:24:47.159971+00:00 [error] <0.303.0>                  {string,tokens,2,[{file,"string.erl"},{line,1934}]},[0m
[38;5;160m2022-04-27 06:24:47.159971+00:00 [error] <0.303.0>                  {rabbit_disk_monitor,parse_free_unix,1,[0m
[38;5;160m2022-04-27 06:24:47.159971+00:00 [error] <0.303.0>                      [{file,"rabbit_disk_monitor.erl"},{line,262}]},[0m
[38;5;160m2022-04-27 06:24:47.159971+00:00 [error] <0.303.0>                  {rabbit_disk_monitor,internal_update,1,[0m
[38;5;160m2022-04-27 06:24:47.159971+00:00 [error] <0.303.0>                      [{file,"rabbit_disk_monitor.erl"},{line,216}]},[0m
[38;5;160m2022-04-27 06:24:47.159971+00:00 [error] <0.303.0>                  {rabbit_disk_monitor,handle_info,2,[0m
[38;5;160m2022-04-27 06:24:47.159971+00:00 [error] <0.303.0>                      [{file,"rabbit_disk_monitor.erl"},{line,166}]},[0m
[38;5;160m2022-04-27 06:24:47.159971+00:00 [error] <0.303.0>                  {gen_server,try_dispatch,4,[0m
[38;5;160m2022-04-27 06:24:47.159971+00:00 [error] <0.303.0>                      [{file,"gen_server.erl"},{line,695}]},[0m
[38;5;160m2022-04-27 06:24:47.159971+00:00 [error] <0.303.0>                  {gen_server,handle_msg,6,[0m
[38;5;160m2022-04-27 06:24:47.159971+00:00 [error] <0.303.0>                      [{file,"gen_server.erl"},{line,771}]},[0m
[38;5;160m2022-04-27 06:24:47.159971+00:00 [error] <0.303.0>                  {proc_lib,init_p_do_apply,3,[0m
[38;5;160m2022-04-27 06:24:47.159971+00:00 [error] <0.303.0>                      [{file,"proc_lib.erl"},{line,226}]}]}[0m
[38;5;160m2022-04-27 06:24:47.159971+00:00 [error] <0.303.0>     offender: [{pid,<0.304.0>},[0m
[38;5;160m2022-04-27 06:24:47.159971+00:00 [error] <0.303.0>                {id,rabbit_disk_monitor},[0m
[38;5;160m2022-04-27 06:24:47.159971+00:00 [error] <0.303.0>                {mfargs,{rabbit_disk_monitor,start_link,[50000000]}},[0m
[38;5;160m2022-04-27 06:24:47.159971+00:00 [error] <0.303.0>                {restart_type,{transient,1}},[0m
[38;5;160m2022-04-27 06:24:47.159971+00:00 [error] <0.303.0>                {shutdown,300000},[0m
[38;5;160m2022-04-27 06:24:47.159971+00:00 [error] <0.303.0>                {child_type,worker}][0m
2022-04-27 06:24:49.887482+00:00 [info] <0.856.0> Enabling free disk space monitoring[0m
2022-04-27 06:24:49.887646+00:00 [info] <0.856.0> Disk free limit set to 50MB[0m
2022-04-27 06:36:19.558437+00:00 [info] <0.1221.0> accepting AMQP connection <0.1221.0> (127.0.0.6:46503 -> 10.244.0.32:5672)[0m
2022-04-27 06:36:23.928363+00:00 [info] <0.1221.0> Connection <0.1221.0> (127.0.0.6:46503 -> 10.244.0.32:5672) has a client-provided name: rabbitConnectionFactory#9ae717b:0[0m
2022-04-27 06:36:25.215930+00:00 [info] <0.1221.0> connection <0.1221.0> (127.0.0.6:46503 -> 10.244.0.32:5672 - rabbitConnectionFactory#9ae717b:0): user 'guest' authenticated and granted access to vhost '/'[0m
2022-04-27 06:37:22.257718+00:00 [info] <0.1279.0> accepting AMQP connection <0.1279.0> (127.0.0.6:38741 -> 10.244.0.32:5672)[0m
2022-04-27 06:37:23.359696+00:00 [info] <0.1279.0> Connection <0.1279.0> (127.0.0.6:38741 -> 10.244.0.32:5672) has a client-provided name: rabbitConnectionFactory#1570dcb0:0[0m
2022-04-27 06:37:23.390191+00:00 [info] <0.1279.0> connection <0.1279.0> (127.0.0.6:38741 -> 10.244.0.32:5672 - rabbitConnectionFactory#1570dcb0:0): user 'guest' authenticated and granted access to vhost '/'[0m
