[2022-03-30 17:30:58 +0800] [1] [INFO] Starting gunicorn 20.0.4
[2022-03-30 17:30:58 +0800] [1] [INFO] Listening at: http://0.0.0.0:17001 (1)
[2022-03-30 17:30:58 +0800] [1] [INFO] Using worker: sync
[2022-03-30 17:30:58 +0800] [14] [INFO] Booting worker with pid: 14
[2022-03-30 17:30:58 +0800] [15] [INFO] Booting worker with pid: 15
[2022-03-30 17:30:58 +0800] [16] [INFO] Booting worker with pid: 16
[2022-03-30 17:30:58 +0800] [17] [INFO] Booting worker with pid: 17
[2022-03-30 17:31:28 +0800] [1] [CRITICAL] WORKER TIMEOUT (pid:14)
[2022-03-30 17:31:28 +0800] [1] [CRITICAL] WORKER TIMEOUT (pid:15)
[2022-03-30 17:31:28 +0800] [1] [CRITICAL] WORKER TIMEOUT (pid:16)
[2022-03-30 17:31:28 +0800] [1] [CRITICAL] WORKER TIMEOUT (pid:17)
[2022-03-30 17:31:30 +0800] [38] [INFO] Booting worker with pid: 38
[2022-03-30 17:31:30 +0800] [39] [INFO] Booting worker with pid: 39
[2022-03-30 17:31:30 +0800] [40] [INFO] Booting worker with pid: 40
[2022-03-30 17:31:30 +0800] [41] [INFO] Booting worker with pid: 41
[2022-03-30 17:32:00 +0800] [1] [CRITICAL] WORKER TIMEOUT (pid:38)
[2022-03-30 17:32:01 +0800] [1] [CRITICAL] WORKER TIMEOUT (pid:39)
[2022-03-30 17:32:01 +0800] [1] [CRITICAL] WORKER TIMEOUT (pid:40)
[2022-03-30 17:32:01 +0800] [1] [CRITICAL] WORKER TIMEOUT (pid:41)
[2022-03-30 17:32:01 +0800] [62] [INFO] Booting worker with pid: 62
[2022-03-30 17:32:01 +0800] [63] [INFO] Booting worker with pid: 63
[2022-03-30 17:32:02 +0800] [64] [INFO] Booting worker with pid: 64
[2022-03-30 17:32:02 +0800] [65] [INFO] Booting worker with pid: 65
[2022-03-30 17:58:05 +0800] [1] [CRITICAL] WORKER TIMEOUT (pid:62)
[2022-03-30 17:58:06 +0800] [62] [INFO] Worker exiting (pid: 62)
[2022-03-30 17:58:13 +0800] [86] [INFO] Booting worker with pid: 86
