
  .   ____          _            __ _ _
 /\\ / ___'_ __ _ _(_)_ __  __ _ \ \ \ \
( ( )\___ | '_ | '_| | '_ \/ _` | \ \ \ \
 \\/  ___)| |_)| | | | | || (_| |  ) ) ) )
  '  |____| .__|_| |_|_| |_\__, | / / / /
 =========|_|==============|___/=/_/_/_/
 :: Spring Boot ::       (v1.5.22.RELEASE)

2022-04-27 14:31:25.200  INFO 1 --- [           main] verifycode.VerifyCodeApplication         : Starting VerifyCodeApplication v1.0 on ts-verification-code-service-7f46c78ffd-kpqt9 with PID 1 (/app/ts-verification-code-service-1.0.jar started by root in /)
2022-04-27 14:31:25.413  INFO 1 --- [           main] verifycode.VerifyCodeApplication         : No active profile set, falling back to default profiles: default
2022-04-27 14:31:40.467  INFO 1 --- [           main] ationConfigEmbeddedWebApplicationContext : Refreshing org.springframework.boot.context.embedded.AnnotationConfigEmbeddedWebApplicationContext@deb6432: startup date [Wed Apr 27 14:31:40 CST 2022]; root of context hierarchy
2022-04-27 14:33:29.023  INFO 1 --- [           main] o.s.i.config.IntegrationRegistrar        : No bean named 'integrationHeaderChannelRegistry' has been explicitly defined. Therefore, a default DefaultHeaderChannelRegistry will be created.
2022-04-27 14:33:57.237  INFO 1 --- [           main] faultConfiguringBeanFactoryPostProcessor : No bean named 'errorChannel' has been explicitly defined. Therefore, a default PublishSubscribeChannel will be created.
2022-04-27 14:33:58.764  INFO 1 --- [           main] faultConfiguringBeanFactoryPostProcessor : No bean named 'taskScheduler' has been explicitly defined. Therefore, a default ThreadPoolTaskScheduler will be created.
2022-04-27 14:34:06.608  INFO 1 --- [           main] trationDelegate$BeanPostProcessorChecker : Bean 'org.springframework.security.config.annotation.configuration.ObjectPostProcessorConfiguration' of type [org.springframework.security.config.annotation.configuration.ObjectPostProcessorConfiguration$$EnhancerBySpringCGLIB$$cd17712e] is not eligible for getting processed by all BeanPostProcessors (for example: not eligible for auto-proxying)
2022-04-27 14:34:06.910  INFO 1 --- [           main] trationDelegate$BeanPostProcessorChecker : Bean 'objectPostProcessor' of type [org.springframework.security.config.annotation.configuration.AutowireBeanFactoryObjectPostProcessor] is not eligible for getting processed by all BeanPostProcessors (for example: not eligible for auto-proxying)
2022-04-27 14:34:06.936  INFO 1 --- [           main] trationDelegate$BeanPostProcessorChecker : Bean 'org.springframework.security.access.expression.method.DefaultMethodSecurityExpressionHandler@79ca92b9' of type [org.springframework.security.access.expression.method.DefaultMethodSecurityExpressionHandler] is not eligible for getting processed by all BeanPostProcessors (for example: not eligible for auto-proxying)
2022-04-27 14:34:07.252  INFO 1 --- [           main] trationDelegate$BeanPostProcessorChecker : Bean 'org.springframework.security.config.annotation.method.configuration.GlobalMethodSecurityConfiguration' of type [org.springframework.security.config.annotation.method.configuration.GlobalMethodSecurityConfiguration$$EnhancerBySpringCGLIB$$f1ec13e0] is not eligible for getting processed by all BeanPostProcessors (for example: not eligible for auto-proxying)
2022-04-27 14:34:07.913  INFO 1 --- [           main] trationDelegate$BeanPostProcessorChecker : Bean 'methodSecurityMetadataSource' of type [org.springframework.security.access.method.DelegatingMethodSecurityMetadataSource] is not eligible for getting processed by all BeanPostProcessors (for example: not eligible for auto-proxying)
2022-04-27 14:34:10.269  INFO 1 --- [           main] trationDelegate$BeanPostProcessorChecker : Bean 'integrationGlobalProperties' of type [org.springframework.beans.factory.config.PropertiesFactoryBean] is not eligible for getting processed by all BeanPostProcessors (for example: not eligible for auto-proxying)
2022-04-27 14:34:10.310  INFO 1 --- [           main] trationDelegate$BeanPostProcessorChecker : Bean 'integrationGlobalProperties' of type [java.util.Properties] is not eligible for getting processed by all BeanPostProcessors (for example: not eligible for auto-proxying)
2022-04-27 14:34:41.899  INFO 1 --- [           main] s.b.c.e.t.TomcatEmbeddedServletContainer : Tomcat initialized with port(s): 15678 (http)
2022-04-27 14:34:43.873  INFO 1 --- [           main] o.apache.catalina.core.StandardService   : Starting service [Tomcat]
2022-04-27 14:34:43.927  INFO 1 --- [           main] org.apache.catalina.core.StandardEngine  : Starting Servlet Engine: Apache Tomcat/8.5.43
2022-04-27 14:34:52.799  INFO 1 --- [ost-startStop-1] o.a.c.c.C.[Tomcat].[localhost].[/]       : Initializing Spring embedded WebApplicationContext
2022-04-27 14:34:52.979  INFO 1 --- [ost-startStop-1] o.s.web.context.ContextLoader            : Root WebApplicationContext: initialization completed in 192527 ms
2022-04-27 14:35:15.859  INFO 1 --- [ost-startStop-1] o.s.b.w.servlet.FilterRegistrationBean   : Mapping filter: 'metricsFilter' to: [/*]
2022-04-27 14:35:15.900  INFO 1 --- [ost-startStop-1] o.s.b.w.servlet.FilterRegistrationBean   : Mapping filter: 'characterEncodingFilter' to: [/*]
2022-04-27 14:35:15.908  INFO 1 --- [ost-startStop-1] o.s.b.w.servlet.FilterRegistrationBean   : Mapping filter: 'hiddenHttpMethodFilter' to: [/*]
2022-04-27 14:35:15.909  INFO 1 --- [ost-startStop-1] o.s.b.w.servlet.FilterRegistrationBean   : Mapping filter: 'httpPutFormContentFilter' to: [/*]
2022-04-27 14:35:15.909  INFO 1 --- [ost-startStop-1] o.s.b.w.servlet.FilterRegistrationBean   : Mapping filter: 'requestContextFilter' to: [/*]
2022-04-27 14:35:15.944  INFO 1 --- [ost-startStop-1] .s.DelegatingFilterProxyRegistrationBean : Mapping filter: 'springSecurityFilterChain' to: [/*]
2022-04-27 14:35:15.944  INFO 1 --- [ost-startStop-1] o.s.b.w.servlet.FilterRegistrationBean   : Mapping filter: 'webRequestLoggingFilter' to: [/*]
2022-04-27 14:35:15.953  INFO 1 --- [ost-startStop-1] o.s.b.w.servlet.FilterRegistrationBean   : Mapping filter: 'applicationContextIdFilter' to: [/*]
2022-04-27 14:35:15.968  INFO 1 --- [ost-startStop-1] o.s.b.w.servlet.ServletRegistrationBean  : Mapping servlet: 'dispatcherServlet' to [/]
2022-04-27 14:35:33.757  INFO 1 --- [           main] b.a.s.AuthenticationManagerConfiguration : 

Using default security password: 5fb33a28-1eef-4f52-8cba-d50ac673e3c4

2022-04-27 14:35:40.974  INFO 1 --- [           main] o.s.s.web.DefaultSecurityFilterChain     : Creating filter chain: org.springframework.security.web.util.matcher.AnyRequestMatcher@1, [org.springframework.security.web.context.request.async.WebAsyncManagerIntegrationFilter@6b927fb, org.springframework.security.web.context.SecurityContextPersistenceFilter@32eff876, org.springframework.security.web.header.HeaderWriterFilter@7fa98a66, org.springframework.security.web.authentication.logout.LogoutFilter@7c729a55, edu.fudan.common.security.jwt.JWTFilter@3e58a80e, org.springframework.security.web.savedrequest.RequestCacheAwareFilter@6e20b53a, org.springframework.security.web.servletapi.SecurityContextHolderAwareRequestFilter@6aba2b86, org.springframework.security.web.authentication.AnonymousAuthenticationFilter@4fb61f4a, org.springframework.security.web.session.SessionManagementFilter@5fdcaa40, org.springframework.security.web.access.ExceptionTranslationFilter@14dd9eb7, org.springframework.security.web.access.intercept.FilterSecurityInterceptor@4f18837a]
2022-04-27 14:35:43.349  INFO 1 --- [           main] s.w.s.m.m.a.RequestMappingHandlerMapping : Mapped "{[/api/v1/verifycode/generate],methods=[GET]}" onto public void verifycode.controller.VerifyCodeController.imageCode(org.springframework.http.HttpHeaders,javax.servlet.http.HttpServletRequest,javax.servlet.http.HttpServletResponse) throws java.io.IOException
2022-04-27 14:35:43.387  INFO 1 --- [           main] s.w.s.m.m.a.RequestMappingHandlerMapping : Mapped "{[/api/v1/verifycode/verify/{verifyCode}],methods=[GET]}" onto public boolean verifycode.controller.VerifyCodeController.verifyCode(java.lang.String,javax.servlet.http.HttpServletRequest,javax.servlet.http.HttpServletResponse,org.springframework.http.HttpHeaders)
2022-04-27 14:35:43.447  INFO 1 --- [           main] s.w.s.m.m.a.RequestMappingHandlerMapping : Mapped "{[/error],produces=[text/html]}" onto public org.springframework.web.servlet.ModelAndView org.springframework.boot.autoconfigure.web.BasicErrorController.errorHtml(javax.servlet.http.HttpServletRequest,javax.servlet.http.HttpServletResponse)
2022-04-27 14:35:43.448  INFO 1 --- [           main] s.w.s.m.m.a.RequestMappingHandlerMapping : Mapped "{[/error]}" onto public org.springframework.http.ResponseEntity<java.util.Map<java.lang.String, java.lang.Object>> org.springframework.boot.autoconfigure.web.BasicErrorController.error(javax.servlet.http.HttpServletRequest)
2022-04-27 14:35:46.982  INFO 1 --- [           main] o.s.w.s.handler.SimpleUrlHandlerMapping  : Mapped URL path [/webjars/**] onto handler of type [class org.springframework.web.servlet.resource.ResourceHttpRequestHandler]
2022-04-27 14:35:46.984  INFO 1 --- [           main] o.s.w.s.handler.SimpleUrlHandlerMapping  : Mapped URL path [/**] onto handler of type [class org.springframework.web.servlet.resource.ResourceHttpRequestHandler]
2022-04-27 14:35:47.898  INFO 1 --- [           main] o.s.w.s.handler.SimpleUrlHandlerMapping  : Mapped URL path [/**/favicon.ico] onto handler of type [class org.springframework.web.servlet.resource.ResourceHttpRequestHandler]
2022-04-27 14:35:59.783  INFO 1 --- [           main] o.s.b.a.e.mvc.EndpointHandlerMapping     : Mapped "{[/beans || /beans.json],methods=[GET],produces=[application/vnd.spring-boot.actuator.v1+json || application/json]}" onto public java.lang.Object org.springframework.boot.actuate.endpoint.mvc.EndpointMvcAdapter.invoke()
2022-04-27 14:36:00.054  INFO 1 --- [           main] o.s.b.a.e.mvc.EndpointHandlerMapping     : Mapped "{[/auditevents || /auditevents.json],methods=[GET],produces=[application/vnd.spring-boot.actuator.v1+json || application/json]}" onto public org.springframework.http.ResponseEntity<?> org.springframework.boot.actuate.endpoint.mvc.AuditEventsMvcEndpoint.findByPrincipalAndAfterAndType(java.lang.String,java.util.Date,java.lang.String)
2022-04-27 14:36:00.089  INFO 1 --- [           main] o.s.b.a.e.mvc.EndpointHandlerMapping     : Mapped "{[/trace || /trace.json],methods=[GET],produces=[application/vnd.spring-boot.actuator.v1+json || application/json]}" onto public java.lang.Object org.springframework.boot.actuate.endpoint.mvc.EndpointMvcAdapter.invoke()
2022-04-27 14:36:00.091  INFO 1 --- [           main] o.s.b.a.e.mvc.EndpointHandlerMapping     : Mapped "{[/info || /info.json],methods=[GET],produces=[application/vnd.spring-boot.actuator.v1+json || application/json]}" onto public java.lang.Object org.springframework.boot.actuate.endpoint.mvc.EndpointMvcAdapter.invoke()
2022-04-27 14:36:00.195  INFO 1 --- [           main] o.s.b.a.e.mvc.EndpointHandlerMapping     : Mapped "{[/autoconfig || /autoconfig.json],methods=[GET],produces=[application/vnd.spring-boot.actuator.v1+json || application/json]}" onto public java.lang.Object org.springframework.boot.actuate.endpoint.mvc.EndpointMvcAdapter.invoke()
2022-04-27 14:36:00.236  INFO 1 --- [           main] o.s.b.a.e.mvc.EndpointHandlerMapping     : Mapped "{[/heapdump || /heapdump.json],methods=[GET],produces=[application/octet-stream]}" onto public void org.springframework.boot.actuate.endpoint.mvc.HeapdumpMvcEndpoint.invoke(boolean,javax.servlet.http.HttpServletRequest,javax.servlet.http.HttpServletResponse) throws java.io.IOException,javax.servlet.ServletException
2022-04-27 14:36:00.268  INFO 1 --- [           main] o.s.b.a.e.mvc.EndpointHandlerMapping     : Mapped "{[/metrics/{name:.*}],methods=[GET],produces=[application/vnd.spring-boot.actuator.v1+json || application/json]}" onto public java.lang.Object org.springframework.boot.actuate.endpoint.mvc.MetricsMvcEndpoint.value(java.lang.String)
2022-04-27 14:36:00.268  INFO 1 --- [           main] o.s.b.a.e.mvc.EndpointHandlerMapping     : Mapped "{[/metrics || /metrics.json],methods=[GET],produces=[application/vnd.spring-boot.actuator.v1+json || application/json]}" onto public java.lang.Object org.springframework.boot.actuate.endpoint.mvc.EndpointMvcAdapter.invoke()
2022-04-27 14:36:00.377  INFO 1 --- [           main] o.s.b.a.e.mvc.EndpointHandlerMapping     : Mapped "{[/loggers/{name:.*}],methods=[GET],produces=[application/vnd.spring-boot.actuator.v1+json || application/json]}" onto public java.lang.Object org.springframework.boot.actuate.endpoint.mvc.LoggersMvcEndpoint.get(java.lang.String)
2022-04-27 14:36:00.404  INFO 1 --- [           main] o.s.b.a.e.mvc.EndpointHandlerMapping     : Mapped "{[/loggers/{name:.*}],methods=[POST],consumes=[application/vnd.spring-boot.actuator.v1+json || application/json],produces=[application/vnd.spring-boot.actuator.v1+json || application/json]}" onto public java.lang.Object org.springframework.boot.actuate.endpoint.mvc.LoggersMvcEndpoint.set(java.lang.String,java.util.Map<java.lang.String, java.lang.String>)
2022-04-27 14:36:00.404  INFO 1 --- [           main] o.s.b.a.e.mvc.EndpointHandlerMapping     : Mapped "{[/loggers || /loggers.json],methods=[GET],produces=[application/vnd.spring-boot.actuator.v1+json || application/json]}" onto public java.lang.Object org.springframework.boot.actuate.endpoint.mvc.EndpointMvcAdapter.invoke()
2022-04-27 14:36:00.406  INFO 1 --- [           main] o.s.b.a.e.mvc.EndpointHandlerMapping     : Mapped "{[/mappings || /mappings.json],methods=[GET],produces=[application/vnd.spring-boot.actuator.v1+json || application/json]}" onto public java.lang.Object org.springframework.boot.actuate.endpoint.mvc.EndpointMvcAdapter.invoke()
2022-04-27 14:36:00.430  INFO 1 --- [           main] o.s.b.a.e.mvc.EndpointHandlerMapping     : Mapped "{[/env/{name:.*}],methods=[GET],produces=[application/vnd.spring-boot.actuator.v1+json || application/json]}" onto public java.lang.Object org.springframework.boot.actuate.endpoint.mvc.EnvironmentMvcEndpoint.value(java.lang.String)
2022-04-27 14:36:00.430  INFO 1 --- [           main] o.s.b.a.e.mvc.EndpointHandlerMapping     : Mapped "{[/env || /env.json],methods=[GET],produces=[application/vnd.spring-boot.actuator.v1+json || application/json]}" onto public java.lang.Object org.springframework.boot.actuate.endpoint.mvc.EndpointMvcAdapter.invoke()
2022-04-27 14:36:00.448  INFO 1 --- [           main] o.s.b.a.e.mvc.EndpointHandlerMapping     : Mapped "{[/health || /health.json],methods=[GET],produces=[application/vnd.spring-boot.actuator.v1+json || application/json]}" onto public java.lang.Object org.springframework.boot.actuate.endpoint.mvc.HealthMvcEndpoint.invoke(javax.servlet.http.HttpServletRequest,java.security.Principal)
2022-04-27 14:36:00.449  INFO 1 --- [           main] o.s.b.a.e.mvc.EndpointHandlerMapping     : Mapped "{[/configprops || /configprops.json],methods=[GET],produces=[application/vnd.spring-boot.actuator.v1+json || application/json]}" onto public java.lang.Object org.springframework.boot.actuate.endpoint.mvc.EndpointMvcAdapter.invoke()
2022-04-27 14:36:00.471  INFO 1 --- [           main] o.s.b.a.e.mvc.EndpointHandlerMapping     : Mapped "{[/dump || /dump.json],methods=[GET],produces=[application/vnd.spring-boot.actuator.v1+json || application/json]}" onto public java.lang.Object org.springframework.boot.actuate.endpoint.mvc.EndpointMvcAdapter.invoke()
2022-04-27 14:36:01.496  INFO 1 --- [           main] o.s.s.web.DefaultSecurityFilterChain     : Creating filter chain: org.springframework.boot.actuate.autoconfigure.ManagementWebSecurityAutoConfiguration$LazyEndpointPathRequestMatcher@4e08711f, [org.springframework.security.web.context.request.async.WebAsyncManagerIntegrationFilter@bcec361, org.springframework.security.web.context.SecurityContextPersistenceFilter@5876a9af, org.springframework.security.web.header.HeaderWriterFilter@1aa7ecca, org.springframework.web.filter.CorsFilter@26794848, org.springframework.security.web.authentication.logout.LogoutFilter@6572421, org.springframework.security.web.authentication.www.BasicAuthenticationFilter@6c64cb25, org.springframework.security.web.savedrequest.RequestCacheAwareFilter@7ec7ffd3, org.springframework.security.web.servletapi.SecurityContextHolderAwareRequestFilter@5b239d7d, org.springframework.security.web.authentication.AnonymousAuthenticationFilter@302552ec, org.springframework.security.web.session.SessionManagementFilter@59309333, org.springframework.security.web.access.ExceptionTranslationFilter@12468a38, org.springframework.security.web.access.intercept.FilterSecurityInterceptor@dd8ba08]
2022-04-27 14:36:14.097  INFO 1 --- [           main] s.w.s.m.m.a.RequestMappingHandlerAdapter : Looking for @ControllerAdvice: org.springframework.boot.context.embedded.AnnotationConfigEmbeddedWebApplicationContext@deb6432: startup date [Wed Apr 27 14:31:40 CST 2022]; root of context hierarchy
2022-04-27 14:36:23.806  INFO 1 --- [           main] o.s.s.c.ThreadPoolTaskScheduler          : Initializing ExecutorService 'taskScheduler'
2022-04-27 14:36:44.999  INFO 1 --- [           main] o.s.j.e.a.AnnotationMBeanExporter        : Registering beans for JMX exposure on startup
2022-04-27 14:36:45.509  INFO 1 --- [           main] o.s.c.support.DefaultLifecycleProcessor  : Starting beans in phase 0
2022-04-27 14:36:46.870  INFO 1 --- [           main] o.s.i.endpoint.EventDrivenConsumer       : Adding {logging-channel-adapter:_org.springframework.integration.errorLogger} as a subscriber to the 'errorChannel' channel
2022-04-27 14:36:46.870  INFO 1 --- [           main] o.s.i.channel.PublishSubscribeChannel    : Channel 'ts-verification-code-service:15678.errorChannel' has 1 subscriber(s).
2022-04-27 14:36:46.876  INFO 1 --- [           main] o.s.i.endpoint.EventDrivenConsumer       : started _org.springframework.integration.errorLogger
2022-04-27 14:36:53.708  INFO 1 --- [           main] s.b.c.e.t.TomcatEmbeddedServletContainer : Tomcat started on port(s): 15678 (http)
2022-04-27 14:36:53.913  INFO 1 --- [           main] verifycode.VerifyCodeApplication         : Started VerifyCodeApplication in 386.786 seconds (JVM running for 483.863)
2022-04-27 14:51:02.084  INFO 1 --- [io-15678-exec-8] o.a.c.c.C.[Tomcat].[localhost].[/]       : Initializing Spring FrameworkServlet 'dispatcherServlet'
2022-04-27 14:51:02.090  INFO 1 --- [io-15678-exec-8] o.s.web.servlet.DispatcherServlet        : FrameworkServlet 'dispatcherServlet': initialization started
2022-04-27 14:51:02.498  INFO 1 --- [io-15678-exec-8] o.s.web.servlet.DispatcherServlet        : FrameworkServlet 'dispatcherServlet': initialization completed in 408 ms
2022-04-27 14:51:03.495  INFO 1 --- [io-15678-exec-8] v.controller.VerifyCodeController        : Image code
2022-04-27 14:51:04.594  INFO 1 --- [io-15678-exec-7] v.controller.VerifyCodeController        : Image code
2022-04-27 14:51:04.695  WARN 1 --- [io-15678-exec-7] v.service.impl.VerifyCodeServiceImpl     : Get image code warn.Cookie not found,Path Info: null
2022-04-27 14:51:04.584  WARN 1 --- [io-15678-exec-8] v.service.impl.VerifyCodeServiceImpl     : Get image code warn.Cookie not found,Path Info: null
2022-04-27 14:51:04.788  INFO 1 --- [io-15678-exec-8] v.service.impl.VerifyCodeServiceImpl     :  J3EJ  ___ st
2022-04-27 14:51:04.788  INFO 1 --- [io-15678-exec-7] v.service.impl.VerifyCodeServiceImpl     :  OZJS  ___ st
2022-04-27 14:51:05.383  WARN 1 --- [io-15678-exec-7] o.a.c.util.SessionIdGeneratorBase        : Creation of SecureRandom instance for session ID generation using [SHA1PRNG] took [298] milliseconds.
2022-04-27 14:51:05.383  WARN 1 --- [io-15678-exec-8] o.a.c.util.SessionIdGeneratorBase        : Creation of SecureRandom instance for session ID generation using [SHA1PRNG] took [305] milliseconds.
2022-04-27 14:51:18.912  INFO 1 --- [io-15678-exec-9] v.controller.VerifyCodeController        : receivedCode  OXJS
2022-04-27 14:51:18.912  INFO 1 --- [io-15678-exec-9] v.service.impl.VerifyCodeServiceImpl     : GET Code By cookieId 714695EC95FB458C8F4FD491FB996BBA   is :OZJS
2022-04-27 14:51:18.912  INFO 1 --- [io-15678-exec-9] v.controller.VerifyCodeController        : verify result: false
2022-04-27 14:51:43.452  INFO 1 --- [io-15678-exec-4] v.controller.VerifyCodeController        : Image code
2022-04-27 14:51:43.455  INFO 1 --- [io-15678-exec-4] v.service.impl.VerifyCodeServiceImpl     :  65HQ  ___ st
2022-04-27 14:51:43.521  INFO 1 --- [io-15678-exec-5] v.controller.VerifyCodeController        : Image code
2022-04-27 14:51:43.541  INFO 1 --- [io-15678-exec-5] v.service.impl.VerifyCodeServiceImpl     :  1JAM  ___ st
2022-04-27 15:23:00.123  INFO 1 --- [io-15678-exec-7] v.controller.VerifyCodeController        : Image code
2022-04-27 15:23:00.222  WARN 1 --- [io-15678-exec-7] v.service.impl.VerifyCodeServiceImpl     : Get image code warn.Cookie not found,Path Info: null
2022-04-27 15:23:00.226  INFO 1 --- [io-15678-exec-7] v.service.impl.VerifyCodeServiceImpl     :  JF7R  ___ st
2022-04-27 15:23:02.192  INFO 1 --- [io-15678-exec-8] v.controller.VerifyCodeController        : Image code
2022-04-27 15:23:02.196  INFO 1 --- [io-15678-exec-8] v.service.impl.VerifyCodeServiceImpl     :  T7AW  ___ st
2022-04-27 15:23:12.875  INFO 1 --- [io-15678-exec-9] v.controller.VerifyCodeController        : receivedCode  T7AW
2022-04-27 15:23:12.876  INFO 1 --- [io-15678-exec-9] v.service.impl.VerifyCodeServiceImpl     : GET Code By cookieId 12C7CDBB661C41188761B7ABBB8D56DA   is :T7AW
2022-04-27 15:23:12.877  INFO 1 --- [io-15678-exec-9] v.controller.VerifyCodeController        : verify result: true
2022-04-27 15:23:17.414  INFO 1 --- [io-15678-exec-1] v.controller.VerifyCodeController        : Image code
2022-04-27 15:23:17.418  INFO 1 --- [io-15678-exec-1] v.service.impl.VerifyCodeServiceImpl     :  P5NK  ___ st
2022-04-27 15:23:47.660  INFO 1 --- [io-15678-exec-5] v.controller.VerifyCodeController        : Image code
2022-04-27 15:23:47.664  INFO 1 --- [io-15678-exec-5] v.service.impl.VerifyCodeServiceImpl     :  4OBD  ___ st
