2022-05-09T20:31:07.932216081Z stdout F 
2022-05-09T20:31:07.932348962Z stdout F > ts-ticket-office-service@0.0.0 start
2022-05-09T20:31:07.932362843Z stdout F > node bin/www
2022-05-09T20:31:07.932368168Z stdout F 
2022-05-09T20:31:11.88860407Z stdout F initMongo连接上数据库啦！
2022-05-09T20:31:11.890058055Z stderr F /app/node_modules/mongodb/lib/mongo_client.js:421
2022-05-09T20:31:11.890091822Z stderr F           throw err
2022-05-09T20:31:11.890100184Z stderr F           ^
2022-05-09T20:31:11.890105608Z stderr F 
2022-05-09T20:31:11.890110872Z stderr F TypeError: Cannot read property 'collection' of null
2022-05-09T20:31:11.890117401Z stderr F     at initData (/app/bin/db.js:11:26)
2022-05-09T20:31:11.890124488Z stderr F     at /app/bin/db.js:133:9
2022-05-09T20:31:11.890131202Z stderr F     at connectCallback (/app/node_modules/mongodb/lib/mongo_client.js:515:5)
2022-05-09T20:31:11.890139486Z stderr F     at /app/node_modules/mongodb/lib/mongo_client.js:418:11
2022-05-09T20:31:11.890149894Z stderr F     at processTicksAndRejections (node:internal/process/task_queues:78:11)
2022-05-09T20:31:12.123582537Z stderr F npm notice 
2022-05-09T20:31:12.123679339Z stderr F npm notice New major version of npm available! 7.21.0 -> 8.9.0
2022-05-09T20:31:12.12398414Z stderr F npm notice Changelog: <https://github.com/npm/cli/releases/tag/v8.9.0>
2022-05-09T20:31:12.124006576Z stderr F npm notice Run `npm install -g npm@8.9.0` to update!
2022-05-09T20:31:12.124014595Z stderr F npm notice 
