2022-06-13T02:22:31.050857689Z stdout F 2022-06-13T02:22:31.049459Z	info	Istio iptables environment:
2022-06-13T02:22:31.050967715Z stdout F ENVOY_PORT=
2022-06-13T02:22:31.050985546Z stdout F INBOUND_CAPTURE_PORT=
2022-06-13T02:22:31.05099276Z stdout F ISTIO_INBOUND_INTERCEPTION_MODE=
2022-06-13T02:22:31.050997947Z stdout F ISTIO_INBOUND_TPROXY_ROUTE_TABLE=
2022-06-13T02:22:31.051001987Z stdout F ISTIO_INBOUND_PORTS=
2022-06-13T02:22:31.051005723Z stdout F ISTIO_OUTBOUND_PORTS=
2022-06-13T02:22:31.051009327Z stdout F ISTIO_LOCAL_EXCLUDE_PORTS=
2022-06-13T02:22:31.051013147Z stdout F ISTIO_EXCLUDE_INTERFACES=
2022-06-13T02:22:31.051073458Z stdout F ISTIO_SERVICE_CIDR=
2022-06-13T02:22:31.051077999Z stdout F ISTIO_SERVICE_EXCLUDE_CIDR=
2022-06-13T02:22:31.051081747Z stdout F ISTIO_META_DNS_CAPTURE=
2022-06-13T02:22:31.051089854Z stdout F INVALID_DROP=
2022-06-13T02:22:31.051101351Z stdout F 
2022-06-13T02:22:31.05111285Z stdout F 2022-06-13T02:22:31.049615Z	info	Istio iptables variables:
2022-06-13T02:22:31.051117905Z stdout F PROXY_PORT=15001
2022-06-13T02:22:31.051127847Z stdout F PROXY_INBOUND_CAPTURE_PORT=15006
2022-06-13T02:22:31.051140735Z stdout F PROXY_TUNNEL_PORT=15008
2022-06-13T02:22:31.051152939Z stdout F PROXY_UID=1337
2022-06-13T02:22:31.051188676Z stdout F PROXY_GID=1337
2022-06-13T02:22:31.051196723Z stdout F INBOUND_INTERCEPTION_MODE=REDIRECT
2022-06-13T02:22:31.051217631Z stdout F INBOUND_TPROXY_MARK=1337
2022-06-13T02:22:31.051223631Z stdout F INBOUND_TPROXY_ROUTE_TABLE=133
2022-06-13T02:22:31.051227709Z stdout F INBOUND_PORTS_INCLUDE=*
2022-06-13T02:22:31.051231869Z stdout F INBOUND_PORTS_EXCLUDE=15090,15021,15020
2022-06-13T02:22:31.051235732Z stdout F OUTBOUND_IP_RANGES_INCLUDE=*
2022-06-13T02:22:31.051239453Z stdout F OUTBOUND_IP_RANGES_EXCLUDE=
2022-06-13T02:22:31.051243565Z stdout F OUTBOUND_PORTS_INCLUDE=
2022-06-13T02:22:31.051247715Z stdout F OUTBOUND_PORTS_EXCLUDE=
2022-06-13T02:22:31.051256222Z stdout F KUBE_VIRT_INTERFACES=
2022-06-13T02:22:31.051263232Z stdout F ENABLE_INBOUND_IPV6=false
2022-06-13T02:22:31.051267336Z stdout F DNS_CAPTURE=false
2022-06-13T02:22:31.051271599Z stdout F DROP_INVALID=false
2022-06-13T02:22:31.051275674Z stdout F CAPTURE_ALL_DNS=false
2022-06-13T02:22:31.051279499Z stdout F DNS_SERVERS=[],[]
2022-06-13T02:22:31.051283028Z stdout F OUTPUT_PATH=
2022-06-13T02:22:31.05128668Z stdout F NETWORK_NAMESPACE=
2022-06-13T02:22:31.051290345Z stdout F CNI_MODE=false
2022-06-13T02:22:31.051294267Z stdout F EXCLUDE_INTERFACES=
2022-06-13T02:22:31.051297598Z stdout F 
2022-06-13T02:22:31.087333043Z stdout F 2022-06-13T02:22:31.076045Z	info	Writing following contents to rules file: /tmp/iptables-rules-1655086951049869191.txt3697397028
2022-06-13T02:22:31.087359904Z stdout F * nat
2022-06-13T02:22:31.087406239Z stdout F -N ISTIO_INBOUND
2022-06-13T02:22:31.087416238Z stdout F -N ISTIO_REDIRECT
2022-06-13T02:22:31.087421311Z stdout F -N ISTIO_IN_REDIRECT
2022-06-13T02:22:31.08742571Z stdout F -N ISTIO_OUTPUT
2022-06-13T02:22:31.087431261Z stdout F -A ISTIO_INBOUND -p tcp --dport 15008 -j RETURN
2022-06-13T02:22:31.087436514Z stdout F -A ISTIO_REDIRECT -p tcp -j REDIRECT --to-ports 15001
2022-06-13T02:22:31.087440804Z stdout F -A ISTIO_IN_REDIRECT -p tcp -j REDIRECT --to-ports 15006
2022-06-13T02:22:31.087444685Z stdout F -A PREROUTING -p tcp -j ISTIO_INBOUND
2022-06-13T02:22:31.087448987Z stdout F -A ISTIO_INBOUND -p tcp --dport 15090 -j RETURN
2022-06-13T02:22:31.087452889Z stdout F -A ISTIO_INBOUND -p tcp --dport 15021 -j RETURN
2022-06-13T02:22:31.087456936Z stdout F -A ISTIO_INBOUND -p tcp --dport 15020 -j RETURN
2022-06-13T02:22:31.087461067Z stdout F -A ISTIO_INBOUND -p tcp -j ISTIO_IN_REDIRECT
2022-06-13T02:22:31.087465831Z stdout F -A OUTPUT -p tcp -j ISTIO_OUTPUT
2022-06-13T02:22:31.087470312Z stdout F -A ISTIO_OUTPUT -o lo -s 127.0.0.6/32 -j RETURN
2022-06-13T02:22:31.087475067Z stdout F -A ISTIO_OUTPUT -o lo ! -d 127.0.0.1/32 -m owner --uid-owner 1337 -j ISTIO_IN_REDIRECT
2022-06-13T02:22:31.087479341Z stdout F -A ISTIO_OUTPUT -o lo -m owner ! --uid-owner 1337 -j RETURN
2022-06-13T02:22:31.087497247Z stdout F -A ISTIO_OUTPUT -m owner --uid-owner 1337 -j RETURN
2022-06-13T02:22:31.087521795Z stdout F -A ISTIO_OUTPUT -o lo ! -d 127.0.0.1/32 -m owner --gid-owner 1337 -j ISTIO_IN_REDIRECT
2022-06-13T02:22:31.087529739Z stdout F -A ISTIO_OUTPUT -o lo -m owner ! --gid-owner 1337 -j RETURN
2022-06-13T02:22:31.087534014Z stdout F -A ISTIO_OUTPUT -m owner --gid-owner 1337 -j RETURN
2022-06-13T02:22:31.087538109Z stdout F -A ISTIO_OUTPUT -d 127.0.0.1/32 -j RETURN
2022-06-13T02:22:31.087541994Z stdout F -A ISTIO_OUTPUT -j ISTIO_REDIRECT
2022-06-13T02:22:31.087546297Z stdout F COMMIT
2022-06-13T02:22:31.087550958Z stdout F 2022-06-13T02:22:31.076144Z	info	Running command: iptables-restore --noflush /tmp/iptables-rules-1655086951049869191.txt3697397028
2022-06-13T02:22:31.11791134Z stdout F 2022-06-13T02:22:31.117395Z	info	Writing following contents to rules file: /tmp/ip6tables-rules-1655086951117196762.txt3730874660
2022-06-13T02:22:31.117986598Z stdout F 
2022-06-13T02:22:31.11800572Z stdout F 2022-06-13T02:22:31.117478Z	info	Running command: ip6tables-restore --noflush /tmp/ip6tables-rules-1655086951117196762.txt3730874660
2022-06-13T02:22:31.129890201Z stdout F 2022-06-13T02:22:31.126074Z	info	Running command: iptables-save 
2022-06-13T02:22:31.137912123Z stdout F 2022-06-13T02:22:31.136612Z	info	Command output: 
2022-06-13T02:22:31.13803591Z stdout F # Generated by iptables-save v1.8.4 on Mon Jun 13 02:22:31 2022
2022-06-13T02:22:31.138053228Z stdout F *nat
2022-06-13T02:22:31.13805952Z stdout F :PREROUTING ACCEPT [0:0]
2022-06-13T02:22:31.138064156Z stdout F :INPUT ACCEPT [0:0]
2022-06-13T02:22:31.138085217Z stdout F :OUTPUT ACCEPT [0:0]
2022-06-13T02:22:31.138092918Z stdout F :POSTROUTING ACCEPT [0:0]
2022-06-13T02:22:31.138097999Z stdout F :ISTIO_INBOUND - [0:0]
2022-06-13T02:22:31.13810265Z stdout F :ISTIO_IN_REDIRECT - [0:0]
2022-06-13T02:22:31.138107192Z stdout F :ISTIO_OUTPUT - [0:0]
2022-06-13T02:22:31.13811172Z stdout F :ISTIO_REDIRECT - [0:0]
2022-06-13T02:22:31.138133912Z stdout F -A PREROUTING -p tcp -j ISTIO_INBOUND
2022-06-13T02:22:31.138139961Z stdout F -A OUTPUT -p tcp -j ISTIO_OUTPUT
2022-06-13T02:22:31.138144782Z stdout F -A ISTIO_INBOUND -p tcp -m tcp --dport 15008 -j RETURN
2022-06-13T02:22:31.138149435Z stdout F -A ISTIO_INBOUND -p tcp -m tcp --dport 15090 -j RETURN
2022-06-13T02:22:31.138153697Z stdout F -A ISTIO_INBOUND -p tcp -m tcp --dport 15021 -j RETURN
2022-06-13T02:22:31.138157962Z stdout F -A ISTIO_INBOUND -p tcp -m tcp --dport 15020 -j RETURN
2022-06-13T02:22:31.138177528Z stdout F -A ISTIO_INBOUND -p tcp -j ISTIO_IN_REDIRECT
2022-06-13T02:22:31.138184973Z stdout F -A ISTIO_IN_REDIRECT -p tcp -j REDIRECT --to-ports 15006
2022-06-13T02:22:31.13818888Z stdout F -A ISTIO_OUTPUT -s 127.0.0.6/32 -o lo -j RETURN
2022-06-13T02:22:31.138192833Z stdout F -A ISTIO_OUTPUT ! -d 127.0.0.1/32 -o lo -m owner --uid-owner 1337 -j ISTIO_IN_REDIRECT
2022-06-13T02:22:31.138196529Z stdout F -A ISTIO_OUTPUT -o lo -m owner ! --uid-owner 1337 -j RETURN
2022-06-13T02:22:31.138215611Z stdout F -A ISTIO_OUTPUT -m owner --uid-owner 1337 -j RETURN
2022-06-13T02:22:31.13826759Z stdout F -A ISTIO_OUTPUT ! -d 127.0.0.1/32 -o lo -m owner --gid-owner 1337 -j ISTIO_IN_REDIRECT
2022-06-13T02:22:31.138277507Z stdout F -A ISTIO_OUTPUT -o lo -m owner ! --gid-owner 1337 -j RETURN
2022-06-13T02:22:31.138281878Z stdout F -A ISTIO_OUTPUT -m owner --gid-owner 1337 -j RETURN
2022-06-13T02:22:31.138285384Z stdout F -A ISTIO_OUTPUT -d 127.0.0.1/32 -j RETURN
2022-06-13T02:22:31.138288914Z stdout F -A ISTIO_OUTPUT -j ISTIO_REDIRECT
2022-06-13T02:22:31.138292505Z stdout F -A ISTIO_REDIRECT -p tcp -j REDIRECT --to-ports 15001
2022-06-13T02:22:31.138314624Z stdout F COMMIT
2022-06-13T02:22:31.138325166Z stdout F # Completed on Mon Jun 13 02:22:31 2022
2022-06-13T02:22:31.138332267Z stdout F 
