2022-06-13T02:22:25.20764792Z stdout F 2022-06-13T02:22:25.207321Z	info	Istio iptables environment:
2022-06-13T02:22:25.207726524Z stdout F ENVOY_PORT=
2022-06-13T02:22:25.207730747Z stdout F INBOUND_CAPTURE_PORT=
2022-06-13T02:22:25.207734069Z stdout F ISTIO_INBOUND_INTERCEPTION_MODE=
2022-06-13T02:22:25.207736419Z stdout F ISTIO_INBOUND_TPROXY_ROUTE_TABLE=
2022-06-13T02:22:25.20773846Z stdout F ISTIO_INBOUND_PORTS=
2022-06-13T02:22:25.207773322Z stdout F ISTIO_OUTBOUND_PORTS=
2022-06-13T02:22:25.207776638Z stdout F ISTIO_LOCAL_EXCLUDE_PORTS=
2022-06-13T02:22:25.207778551Z stdout F ISTIO_EXCLUDE_INTERFACES=
2022-06-13T02:22:25.207780401Z stdout F ISTIO_SERVICE_CIDR=
2022-06-13T02:22:25.207782258Z stdout F ISTIO_SERVICE_EXCLUDE_CIDR=
2022-06-13T02:22:25.207784118Z stdout F ISTIO_META_DNS_CAPTURE=
2022-06-13T02:22:25.207786006Z stdout F INVALID_DROP=
2022-06-13T02:22:25.207787924Z stdout F 
2022-06-13T02:22:25.207789815Z stdout F 2022-06-13T02:22:25.207436Z	info	Istio iptables variables:
2022-06-13T02:22:25.207791647Z stdout F PROXY_PORT=15001
2022-06-13T02:22:25.207793542Z stdout F PROXY_INBOUND_CAPTURE_PORT=15006
2022-06-13T02:22:25.207795516Z stdout F PROXY_TUNNEL_PORT=15008
2022-06-13T02:22:25.207797372Z stdout F PROXY_UID=1337
2022-06-13T02:22:25.207799314Z stdout F PROXY_GID=1337
2022-06-13T02:22:25.207804073Z stdout F INBOUND_INTERCEPTION_MODE=REDIRECT
2022-06-13T02:22:25.207806296Z stdout F INBOUND_TPROXY_MARK=1337
2022-06-13T02:22:25.207808191Z stdout F INBOUND_TPROXY_ROUTE_TABLE=133
2022-06-13T02:22:25.20781005Z stdout F INBOUND_PORTS_INCLUDE=*
2022-06-13T02:22:25.207812029Z stdout F INBOUND_PORTS_EXCLUDE=15090,15021,15020
2022-06-13T02:22:25.207813948Z stdout F OUTBOUND_IP_RANGES_INCLUDE=*
2022-06-13T02:22:25.20783121Z stdout F OUTBOUND_IP_RANGES_EXCLUDE=
2022-06-13T02:22:25.207832898Z stdout F OUTBOUND_PORTS_INCLUDE=
2022-06-13T02:22:25.207834628Z stdout F OUTBOUND_PORTS_EXCLUDE=
2022-06-13T02:22:25.207836419Z stdout F KUBE_VIRT_INTERFACES=
2022-06-13T02:22:25.207838176Z stdout F ENABLE_INBOUND_IPV6=false
2022-06-13T02:22:25.20786163Z stdout F DNS_CAPTURE=false
2022-06-13T02:22:25.207863454Z stdout F DROP_INVALID=false
2022-06-13T02:22:25.207865332Z stdout F CAPTURE_ALL_DNS=false
2022-06-13T02:22:25.207867205Z stdout F DNS_SERVERS=[],[]
2022-06-13T02:22:25.207869116Z stdout F OUTPUT_PATH=
2022-06-13T02:22:25.207870986Z stdout F NETWORK_NAMESPACE=
2022-06-13T02:22:25.207872952Z stdout F CNI_MODE=false
2022-06-13T02:22:25.207874904Z stdout F EXCLUDE_INTERFACES=
2022-06-13T02:22:25.207876694Z stdout F 
2022-06-13T02:22:25.207885035Z stdout F 2022-06-13T02:22:25.207693Z	info	Writing following contents to rules file: /tmp/iptables-rules-1655086945207511707.txt4226532949
2022-06-13T02:22:25.207887477Z stdout F * nat
2022-06-13T02:22:25.207889417Z stdout F -N ISTIO_INBOUND
2022-06-13T02:22:25.207891287Z stdout F -N ISTIO_REDIRECT
2022-06-13T02:22:25.207893288Z stdout F -N ISTIO_IN_REDIRECT
2022-06-13T02:22:25.2078952Z stdout F -N ISTIO_OUTPUT
2022-06-13T02:22:25.207897162Z stdout F -A ISTIO_INBOUND -p tcp --dport 15008 -j RETURN
2022-06-13T02:22:25.207899098Z stdout F -A ISTIO_REDIRECT -p tcp -j REDIRECT --to-ports 15001
2022-06-13T02:22:25.207900998Z stdout F -A ISTIO_IN_REDIRECT -p tcp -j REDIRECT --to-ports 15006
2022-06-13T02:22:25.207902828Z stdout F -A PREROUTING -p tcp -j ISTIO_INBOUND
2022-06-13T02:22:25.207904693Z stdout F -A ISTIO_INBOUND -p tcp --dport 15090 -j RETURN
2022-06-13T02:22:25.207906542Z stdout F -A ISTIO_INBOUND -p tcp --dport 15021 -j RETURN
2022-06-13T02:22:25.207908464Z stdout F -A ISTIO_INBOUND -p tcp --dport 15020 -j RETURN
2022-06-13T02:22:25.207910318Z stdout F -A ISTIO_INBOUND -p tcp -j ISTIO_IN_REDIRECT
2022-06-13T02:22:25.207912194Z stdout F -A OUTPUT -p tcp -j ISTIO_OUTPUT
2022-06-13T02:22:25.207914065Z stdout F -A ISTIO_OUTPUT -o lo -s 127.0.0.6/32 -j RETURN
2022-06-13T02:22:25.207916265Z stdout F -A ISTIO_OUTPUT -o lo ! -d 127.0.0.1/32 -m owner --uid-owner 1337 -j ISTIO_IN_REDIRECT
2022-06-13T02:22:25.207918149Z stdout F -A ISTIO_OUTPUT -o lo -m owner ! --uid-owner 1337 -j RETURN
2022-06-13T02:22:25.207919967Z stdout F -A ISTIO_OUTPUT -m owner --uid-owner 1337 -j RETURN
2022-06-13T02:22:25.207927628Z stdout F -A ISTIO_OUTPUT -o lo ! -d 127.0.0.1/32 -m owner --gid-owner 1337 -j ISTIO_IN_REDIRECT
2022-06-13T02:22:25.207930026Z stdout F -A ISTIO_OUTPUT -o lo -m owner ! --gid-owner 1337 -j RETURN
2022-06-13T02:22:25.207931855Z stdout F -A ISTIO_OUTPUT -m owner --gid-owner 1337 -j RETURN
2022-06-13T02:22:25.207933726Z stdout F -A ISTIO_OUTPUT -d 127.0.0.1/32 -j RETURN
2022-06-13T02:22:25.207935607Z stdout F -A ISTIO_OUTPUT -j ISTIO_REDIRECT
2022-06-13T02:22:25.207937534Z stdout F COMMIT
2022-06-13T02:22:25.207939946Z stdout F 2022-06-13T02:22:25.207813Z	info	Running command: iptables-restore --noflush /tmp/iptables-rules-1655086945207511707.txt4226532949
2022-06-13T02:22:25.212013054Z stdout F 2022-06-13T02:22:25.211476Z	info	Writing following contents to rules file: /tmp/ip6tables-rules-1655086945211413813.txt773748460
2022-06-13T02:22:25.212029681Z stdout F 
2022-06-13T02:22:25.212035291Z stdout F 2022-06-13T02:22:25.211552Z	info	Running command: ip6tables-restore --noflush /tmp/ip6tables-rules-1655086945211413813.txt773748460
2022-06-13T02:22:25.213996823Z stdout F 2022-06-13T02:22:25.213677Z	info	Running command: iptables-save 
2022-06-13T02:22:25.216403455Z stdout F 2022-06-13T02:22:25.216199Z	info	Command output: 
2022-06-13T02:22:25.216415355Z stdout F # Generated by iptables-save v1.8.4 on Mon Jun 13 02:22:25 2022
2022-06-13T02:22:25.216419555Z stdout F *nat
2022-06-13T02:22:25.216423654Z stdout F :PREROUTING ACCEPT [0:0]
2022-06-13T02:22:25.216427263Z stdout F :INPUT ACCEPT [0:0]
2022-06-13T02:22:25.21643024Z stdout F :OUTPUT ACCEPT [0:0]
2022-06-13T02:22:25.216438433Z stdout F :POSTROUTING ACCEPT [0:0]
2022-06-13T02:22:25.216442195Z stdout F :ISTIO_INBOUND - [0:0]
2022-06-13T02:22:25.216444187Z stdout F :ISTIO_IN_REDIRECT - [0:0]
2022-06-13T02:22:25.216446047Z stdout F :ISTIO_OUTPUT - [0:0]
2022-06-13T02:22:25.216447932Z stdout F :ISTIO_REDIRECT - [0:0]
2022-06-13T02:22:25.216450376Z stdout F -A PREROUTING -p tcp -j ISTIO_INBOUND
2022-06-13T02:22:25.216452213Z stdout F -A OUTPUT -p tcp -j ISTIO_OUTPUT
2022-06-13T02:22:25.216454049Z stdout F -A ISTIO_INBOUND -p tcp -m tcp --dport 15008 -j RETURN
2022-06-13T02:22:25.216455907Z stdout F -A ISTIO_INBOUND -p tcp -m tcp --dport 15090 -j RETURN
2022-06-13T02:22:25.216457738Z stdout F -A ISTIO_INBOUND -p tcp -m tcp --dport 15021 -j RETURN
2022-06-13T02:22:25.216459575Z stdout F -A ISTIO_INBOUND -p tcp -m tcp --dport 15020 -j RETURN
2022-06-13T02:22:25.216461432Z stdout F -A ISTIO_INBOUND -p tcp -j ISTIO_IN_REDIRECT
2022-06-13T02:22:25.216463256Z stdout F -A ISTIO_IN_REDIRECT -p tcp -j REDIRECT --to-ports 15006
2022-06-13T02:22:25.216465107Z stdout F -A ISTIO_OUTPUT -s 127.0.0.6/32 -o lo -j RETURN
2022-06-13T02:22:25.216467234Z stdout F -A ISTIO_OUTPUT ! -d 127.0.0.1/32 -o lo -m owner --uid-owner 1337 -j ISTIO_IN_REDIRECT
2022-06-13T02:22:25.216469096Z stdout F -A ISTIO_OUTPUT -o lo -m owner ! --uid-owner 1337 -j RETURN
2022-06-13T02:22:25.216473401Z stdout F -A ISTIO_OUTPUT -m owner --uid-owner 1337 -j RETURN
2022-06-13T02:22:25.216475369Z stdout F -A ISTIO_OUTPUT ! -d 127.0.0.1/32 -o lo -m owner --gid-owner 1337 -j ISTIO_IN_REDIRECT
2022-06-13T02:22:25.216477222Z stdout F -A ISTIO_OUTPUT -o lo -m owner ! --gid-owner 1337 -j RETURN
2022-06-13T02:22:25.21647901Z stdout F -A ISTIO_OUTPUT -m owner --gid-owner 1337 -j RETURN
2022-06-13T02:22:25.216480845Z stdout F -A ISTIO_OUTPUT -d 127.0.0.1/32 -j RETURN
2022-06-13T02:22:25.216482765Z stdout F -A ISTIO_OUTPUT -j ISTIO_REDIRECT
2022-06-13T02:22:25.216484613Z stdout F -A ISTIO_REDIRECT -p tcp -j REDIRECT --to-ports 15001
2022-06-13T02:22:25.216486685Z stdout F COMMIT
2022-06-13T02:22:25.216488593Z stdout F # Completed on Mon Jun 13 02:22:25 2022
2022-06-13T02:22:25.216490388Z stdout F 
