2022-05-09T21:46:06.248226118Z stdout F 2022-05-09T21:46:06.247913Z	info	Istio iptables environment:
2022-05-09T21:46:06.248339154Z stdout F ENVOY_PORT=
2022-05-09T21:46:06.249633502Z stdout F INBOUND_CAPTURE_PORT=
2022-05-09T21:46:06.249653533Z stdout F ISTIO_INBOUND_INTERCEPTION_MODE=
2022-05-09T21:46:06.249660197Z stdout F ISTIO_INBOUND_TPROXY_ROUTE_TABLE=
2022-05-09T21:46:06.249664366Z stdout F ISTIO_INBOUND_PORTS=
2022-05-09T21:46:06.249672583Z stdout F ISTIO_OUTBOUND_PORTS=
2022-05-09T21:46:06.249679739Z stdout F ISTIO_LOCAL_EXCLUDE_PORTS=
2022-05-09T21:46:06.249687665Z stdout F ISTIO_EXCLUDE_INTERFACES=
2022-05-09T21:46:06.249692417Z stdout F ISTIO_SERVICE_CIDR=
2022-05-09T21:46:06.249696719Z stdout F ISTIO_SERVICE_EXCLUDE_CIDR=
2022-05-09T21:46:06.249754514Z stdout F ISTIO_META_DNS_CAPTURE=
2022-05-09T21:46:06.249762191Z stdout F INVALID_DROP=
2022-05-09T21:46:06.249770926Z stdout F 
2022-05-09T21:46:06.249777925Z stdout F 2022-05-09T21:46:06.248007Z	info	Istio iptables variables:
2022-05-09T21:46:06.249783367Z stdout F PROXY_PORT=15001
2022-05-09T21:46:06.249787534Z stdout F PROXY_INBOUND_CAPTURE_PORT=15006
2022-05-09T21:46:06.249791689Z stdout F PROXY_TUNNEL_PORT=15008
2022-05-09T21:46:06.249795869Z stdout F PROXY_UID=1337
2022-05-09T21:46:06.249799814Z stdout F PROXY_GID=1337
2022-05-09T21:46:06.249803828Z stdout F INBOUND_INTERCEPTION_MODE=REDIRECT
2022-05-09T21:46:06.249808849Z stdout F INBOUND_TPROXY_MARK=1337
2022-05-09T21:46:06.24982098Z stdout F INBOUND_TPROXY_ROUTE_TABLE=133
2022-05-09T21:46:06.249828075Z stdout F INBOUND_PORTS_INCLUDE=*
2022-05-09T21:46:06.249832531Z stdout F INBOUND_PORTS_EXCLUDE=15090,15021,15020
2022-05-09T21:46:06.249836947Z stdout F OUTBOUND_IP_RANGES_INCLUDE=*
2022-05-09T21:46:06.249842912Z stdout F OUTBOUND_IP_RANGES_EXCLUDE=
2022-05-09T21:46:06.249852036Z stdout F OUTBOUND_PORTS_INCLUDE=
2022-05-09T21:46:06.249858225Z stdout F OUTBOUND_PORTS_EXCLUDE=
2022-05-09T21:46:06.249862514Z stdout F KUBE_VIRT_INTERFACES=
2022-05-09T21:46:06.249866884Z stdout F ENABLE_INBOUND_IPV6=false
2022-05-09T21:46:06.249871142Z stdout F DNS_CAPTURE=false
2022-05-09T21:46:06.249875164Z stdout F DROP_INVALID=false
2022-05-09T21:46:06.249881318Z stdout F CAPTURE_ALL_DNS=false
2022-05-09T21:46:06.249890898Z stdout F DNS_SERVERS=[],[]
2022-05-09T21:46:06.249896424Z stdout F OUTPUT_PATH=
2022-05-09T21:46:06.249902914Z stdout F NETWORK_NAMESPACE=
2022-05-09T21:46:06.249907161Z stdout F CNI_MODE=false
2022-05-09T21:46:06.249911232Z stdout F EXCLUDE_INTERFACES=
2022-05-09T21:46:06.249914575Z stdout F 
2022-05-09T21:46:06.249973273Z stdout F 2022-05-09T21:46:06.248302Z	info	Writing following contents to rules file: /tmp/iptables-rules-1652132766248095143.txt1770084507
2022-05-09T21:46:06.249986821Z stdout F * nat
2022-05-09T21:46:06.249992557Z stdout F -N ISTIO_INBOUND
2022-05-09T21:46:06.249997105Z stdout F -N ISTIO_REDIRECT
2022-05-09T21:46:06.250001589Z stdout F -N ISTIO_IN_REDIRECT
2022-05-09T21:46:06.25000587Z stdout F -N ISTIO_OUTPUT
2022-05-09T21:46:06.250010295Z stdout F -A ISTIO_INBOUND -p tcp --dport 15008 -j RETURN
2022-05-09T21:46:06.25001488Z stdout F -A ISTIO_REDIRECT -p tcp -j REDIRECT --to-ports 15001
2022-05-09T21:46:06.250019072Z stdout F -A ISTIO_IN_REDIRECT -p tcp -j REDIRECT --to-ports 15006
2022-05-09T21:46:06.250024936Z stdout F -A PREROUTING -p tcp -j ISTIO_INBOUND
2022-05-09T21:46:06.250033807Z stdout F -A ISTIO_INBOUND -p tcp --dport 15090 -j RETURN
2022-05-09T21:46:06.250039541Z stdout F -A ISTIO_INBOUND -p tcp --dport 15021 -j RETURN
2022-05-09T21:46:06.250075073Z stdout F -A ISTIO_INBOUND -p tcp --dport 15020 -j RETURN
2022-05-09T21:46:06.250086372Z stdout F -A ISTIO_INBOUND -p tcp -j ISTIO_IN_REDIRECT
2022-05-09T21:46:06.25009498Z stdout F -A OUTPUT -p tcp -j ISTIO_OUTPUT
2022-05-09T21:46:06.250099698Z stdout F -A ISTIO_OUTPUT -o lo -s 127.0.0.6/32 -j RETURN
2022-05-09T21:46:06.250104502Z stdout F -A ISTIO_OUTPUT -o lo ! -d 127.0.0.1/32 -m owner --uid-owner 1337 -j ISTIO_IN_REDIRECT
2022-05-09T21:46:06.250110779Z stdout F -A ISTIO_OUTPUT -o lo -m owner ! --uid-owner 1337 -j RETURN
2022-05-09T21:46:06.250139015Z stdout F -A ISTIO_OUTPUT -m owner --uid-owner 1337 -j RETURN
2022-05-09T21:46:06.250149312Z stdout F -A ISTIO_OUTPUT -o lo ! -d 127.0.0.1/32 -m owner --gid-owner 1337 -j ISTIO_IN_REDIRECT
2022-05-09T21:46:06.250159255Z stdout F -A ISTIO_OUTPUT -o lo -m owner ! --gid-owner 1337 -j RETURN
2022-05-09T21:46:06.2501668Z stdout F -A ISTIO_OUTPUT -m owner --gid-owner 1337 -j RETURN
2022-05-09T21:46:06.250176382Z stdout F -A ISTIO_OUTPUT -d 127.0.0.1/32 -j RETURN
2022-05-09T21:46:06.250183356Z stdout F -A ISTIO_OUTPUT -j ISTIO_REDIRECT
2022-05-09T21:46:06.250193519Z stdout F COMMIT
2022-05-09T21:46:06.262711231Z stdout F 2022-05-09T21:46:06.259464Z	info	Running command: iptables-restore --noflush /tmp/iptables-rules-1652132766248095143.txt1770084507
2022-05-09T21:46:06.2727264Z stdout F 2022-05-09T21:46:06.270686Z	info	Writing following contents to rules file: /tmp/ip6tables-rules-1652132766270598082.txt4053089672
2022-05-09T21:46:06.272782063Z stdout F 
2022-05-09T21:46:06.27278792Z stdout F 2022-05-09T21:46:06.270771Z	info	Running command: ip6tables-restore --noflush /tmp/ip6tables-rules-1652132766270598082.txt4053089672
2022-05-09T21:46:06.285671159Z stdout F 2022-05-09T21:46:06.285036Z	info	Running command: iptables-save 
2022-05-09T21:46:06.304021031Z stdout F 2022-05-09T21:46:06.297103Z	info	Command output: 
2022-05-09T21:46:06.304049125Z stdout F # Generated by iptables-save v1.8.4 on Mon May  9 21:46:06 2022
2022-05-09T21:46:06.304055881Z stdout F *nat
2022-05-09T21:46:06.304061371Z stdout F :PREROUTING ACCEPT [0:0]
2022-05-09T21:46:06.304065563Z stdout F :INPUT ACCEPT [0:0]
2022-05-09T21:46:06.304069582Z stdout F :OUTPUT ACCEPT [0:0]
2022-05-09T21:46:06.304074604Z stdout F :POSTROUTING ACCEPT [0:0]
2022-05-09T21:46:06.304078863Z stdout F :ISTIO_INBOUND - [0:0]
2022-05-09T21:46:06.304083125Z stdout F :ISTIO_IN_REDIRECT - [0:0]
2022-05-09T21:46:06.30408741Z stdout F :ISTIO_OUTPUT - [0:0]
2022-05-09T21:46:06.304091841Z stdout F :ISTIO_REDIRECT - [0:0]
2022-05-09T21:46:06.304096367Z stdout F -A PREROUTING -p tcp -j ISTIO_INBOUND
2022-05-09T21:46:06.304104725Z stdout F -A OUTPUT -p tcp -j ISTIO_OUTPUT
2022-05-09T21:46:06.304109547Z stdout F -A ISTIO_INBOUND -p tcp -m tcp --dport 15008 -j RETURN
2022-05-09T21:46:06.304113972Z stdout F -A ISTIO_INBOUND -p tcp -m tcp --dport 15090 -j RETURN
2022-05-09T21:46:06.304117667Z stdout F -A ISTIO_INBOUND -p tcp -m tcp --dport 15021 -j RETURN
2022-05-09T21:46:06.304121737Z stdout F -A ISTIO_INBOUND -p tcp -m tcp --dport 15020 -j RETURN
2022-05-09T21:46:06.304125736Z stdout F -A ISTIO_INBOUND -p tcp -j ISTIO_IN_REDIRECT
2022-05-09T21:46:06.304129924Z stdout F -A ISTIO_IN_REDIRECT -p tcp -j REDIRECT --to-ports 15006
2022-05-09T21:46:06.304134282Z stdout F -A ISTIO_OUTPUT -s 127.0.0.6/32 -o lo -j RETURN
2022-05-09T21:46:06.304139757Z stdout F -A ISTIO_OUTPUT ! -d 127.0.0.1/32 -o lo -m owner --uid-owner 1337 -j ISTIO_IN_REDIRECT
2022-05-09T21:46:06.304144411Z stdout F -A ISTIO_OUTPUT -o lo -m owner ! --uid-owner 1337 -j RETURN
2022-05-09T21:46:06.304148821Z stdout F -A ISTIO_OUTPUT -m owner --uid-owner 1337 -j RETURN
2022-05-09T21:46:06.304152735Z stdout F -A ISTIO_OUTPUT ! -d 127.0.0.1/32 -o lo -m owner --gid-owner 1337 -j ISTIO_IN_REDIRECT
2022-05-09T21:46:06.304156752Z stdout F -A ISTIO_OUTPUT -o lo -m owner ! --gid-owner 1337 -j RETURN
2022-05-09T21:46:06.304160939Z stdout F -A ISTIO_OUTPUT -m owner --gid-owner 1337 -j RETURN
2022-05-09T21:46:06.304165153Z stdout F -A ISTIO_OUTPUT -d 127.0.0.1/32 -j RETURN
2022-05-09T21:46:06.30416956Z stdout F -A ISTIO_OUTPUT -j ISTIO_REDIRECT
2022-05-09T21:46:06.304173938Z stdout F -A ISTIO_REDIRECT -p tcp -j REDIRECT --to-ports 15001
2022-05-09T21:46:06.304178536Z stdout F COMMIT
2022-05-09T21:46:06.304182603Z stdout F # Completed on Mon May  9 21:46:06 2022
2022-05-09T21:46:06.304186417Z stdout F 
