2022-06-13T02:29:37.485767689Z stderr F [2022-06-13 10:29:37 +0800] [1] [INFO] Starting gunicorn 20.0.4
2022-06-13T02:29:37.496350654Z stderr F [2022-06-13 10:29:37 +0800] [1] [INFO] Listening at: http://0.0.0.0:17001 (1)
2022-06-13T02:29:37.496563358Z stderr F [2022-06-13 10:29:37 +0800] [1] [INFO] Using worker: sync
2022-06-13T02:29:37.562813364Z stderr F [2022-06-13 10:29:37 +0800] [13] [INFO] Booting worker with pid: 13
2022-06-13T02:29:37.657505699Z stderr F [2022-06-13 10:29:37 +0800] [14] [INFO] Booting worker with pid: 14
2022-06-13T02:29:37.762686825Z stderr F [2022-06-13 10:29:37 +0800] [15] [INFO] Booting worker with pid: 15
2022-06-13T02:29:37.882626097Z stderr F [2022-06-13 10:29:37 +0800] [16] [INFO] Booting worker with pid: 16
2022-06-13T02:30:07.719934905Z stderr F [2022-06-13 10:30:07 +0800] [1] [CRITICAL] WORKER TIMEOUT (pid:13)
2022-06-13T02:30:07.725954532Z stderr F [2022-06-13 10:30:07 +0800] [1] [CRITICAL] WORKER TIMEOUT (pid:14)
2022-06-13T02:30:07.725987832Z stderr F [2022-06-13 10:30:07 +0800] [1] [CRITICAL] WORKER TIMEOUT (pid:15)
2022-06-13T02:30:08.870705815Z stderr F [2022-06-13 10:30:08 +0800] [1] [CRITICAL] WORKER TIMEOUT (pid:16)
2022-06-13T02:30:09.239949812Z stderr F [2022-06-13 10:30:09 +0800] [45] [INFO] Booting worker with pid: 45
2022-06-13T02:30:09.328671549Z stderr F [2022-06-13 10:30:09 +0800] [46] [INFO] Booting worker with pid: 46
2022-06-13T02:30:09.493676326Z stderr F [2022-06-13 10:30:09 +0800] [47] [INFO] Booting worker with pid: 47
2022-06-13T02:30:09.593339517Z stderr F [2022-06-13 10:30:09 +0800] [48] [INFO] Booting worker with pid: 48
2022-06-13T02:30:39.903916778Z stderr F [2022-06-13 10:30:39 +0800] [1] [CRITICAL] WORKER TIMEOUT (pid:45)
2022-06-13T02:30:39.90394971Z stderr F [2022-06-13 10:30:39 +0800] [1] [CRITICAL] WORKER TIMEOUT (pid:46)
2022-06-13T02:30:39.903953738Z stderr F [2022-06-13 10:30:39 +0800] [1] [CRITICAL] WORKER TIMEOUT (pid:47)
2022-06-13T02:30:39.905321861Z stderr F [2022-06-13 10:30:39 +0800] [1] [CRITICAL] WORKER TIMEOUT (pid:48)
2022-06-13T02:30:41.27680165Z stderr F [2022-06-13 10:30:41 +0800] [77] [INFO] Booting worker with pid: 77
2022-06-13T02:30:41.382559258Z stderr F [2022-06-13 10:30:41 +0800] [78] [INFO] Booting worker with pid: 78
2022-06-13T02:30:41.53546246Z stderr F [2022-06-13 10:30:41 +0800] [79] [INFO] Booting worker with pid: 79
2022-06-13T02:30:41.747784532Z stderr F [2022-06-13 10:30:41 +0800] [80] [INFO] Booting worker with pid: 80
2022-06-13T02:31:11.934541818Z stderr F [2022-06-13 10:31:11 +0800] [1] [CRITICAL] WORKER TIMEOUT (pid:77)
2022-06-13T02:31:11.935164098Z stderr F [2022-06-13 10:31:11 +0800] [1] [CRITICAL] WORKER TIMEOUT (pid:78)
2022-06-13T02:31:11.93518011Z stderr F [2022-06-13 10:31:11 +0800] [1] [CRITICAL] WORKER TIMEOUT (pid:79)
2022-06-13T02:31:11.935190114Z stderr F [2022-06-13 10:31:11 +0800] [1] [CRITICAL] WORKER TIMEOUT (pid:80)
2022-06-13T02:31:12.926690266Z stderr F [2022-06-13 10:31:12 +0800] [77] [INFO] Worker exiting (pid: 77)
2022-06-13T02:31:13.189902582Z stderr F [2022-06-13 10:31:13 +0800] [109] [INFO] Booting worker with pid: 109
2022-06-13T02:31:13.29977286Z stderr F [2022-06-13 10:31:13 +0800] [110] [INFO] Booting worker with pid: 110
2022-06-13T02:31:13.390571417Z stderr F [2022-06-13 10:31:13 +0800] [111] [INFO] Booting worker with pid: 111
2022-06-13T02:31:13.553499013Z stderr F [2022-06-13 10:31:13 +0800] [112] [INFO] Booting worker with pid: 112
2022-06-13T03:20:00.542615473Z stderr F [2022-06-13 11:20:00 +0800] [1] [CRITICAL] WORKER TIMEOUT (pid:109)
2022-06-13T03:20:00.543019217Z stderr F [2022-06-13 11:20:00 +0800] [1] [CRITICAL] WORKER TIMEOUT (pid:110)
2022-06-13T03:20:00.543031855Z stderr F [2022-06-13 11:20:00 +0800] [1] [CRITICAL] WORKER TIMEOUT (pid:111)
2022-06-13T03:20:00.543183743Z stderr F [2022-06-13 11:20:00 +0800] [1] [CRITICAL] WORKER TIMEOUT (pid:112)
2022-06-13T03:20:00.54406136Z stderr F [2022-06-13 11:20:00 +0800] [109] [INFO] Worker exiting (pid: 109)
2022-06-13T03:20:00.54454279Z stderr F [2022-06-13 11:20:00 +0800] [111] [INFO] Worker exiting (pid: 111)
2022-06-13T03:20:00.544553703Z stderr F [2022-06-13 11:20:00 +0800] [112] [INFO] Worker exiting (pid: 112)
2022-06-13T03:20:00.544572416Z stderr F [2022-06-13 11:20:00 +0800] [110] [INFO] Worker exiting (pid: 110)
2022-06-13T03:20:01.868946561Z stderr F [2022-06-13 11:20:01 +0800] [141] [INFO] Booting worker with pid: 141
2022-06-13T03:20:01.963307592Z stderr F [2022-06-13 11:20:01 +0800] [142] [INFO] Booting worker with pid: 142
2022-06-13T03:20:02.066148769Z stderr F [2022-06-13 11:20:02 +0800] [143] [INFO] Booting worker with pid: 143
2022-06-13T03:20:02.164234589Z stderr F [2022-06-13 11:20:02 +0800] [144] [INFO] Booting worker with pid: 144
2022-06-13T03:37:34.022299569Z stderr F [2022-06-13 11:37:34 +0800] [1] [CRITICAL] WORKER TIMEOUT (pid:141)
2022-06-13T03:37:34.022685638Z stderr F [2022-06-13 11:37:34 +0800] [1] [CRITICAL] WORKER TIMEOUT (pid:142)
2022-06-13T03:37:34.023334095Z stderr F [2022-06-13 11:37:34 +0800] [141] [INFO] Worker exiting (pid: 141)
2022-06-13T03:37:34.023353341Z stderr F [2022-06-13 11:37:34 +0800] [142] [INFO] Worker exiting (pid: 142)
2022-06-13T03:37:34.023767853Z stderr F [2022-06-13 11:37:34 +0800] [1] [CRITICAL] WORKER TIMEOUT (pid:143)
2022-06-13T03:37:34.024421843Z stderr F [2022-06-13 11:37:34 +0800] [1] [CRITICAL] WORKER TIMEOUT (pid:144)
2022-06-13T03:37:34.025731975Z stderr F [2022-06-13 11:37:34 +0800] [143] [INFO] Worker exiting (pid: 143)
2022-06-13T03:37:34.027901202Z stderr F [2022-06-13 11:37:34 +0800] [144] [INFO] Worker exiting (pid: 144)
2022-06-13T03:37:35.17243286Z stderr F [2022-06-13 11:37:35 +0800] [173] [INFO] Booting worker with pid: 173
2022-06-13T03:37:35.271681607Z stderr F [2022-06-13 11:37:35 +0800] [174] [INFO] Booting worker with pid: 174
2022-06-13T03:37:35.369052768Z stderr F [2022-06-13 11:37:35 +0800] [175] [INFO] Booting worker with pid: 175
2022-06-13T03:37:35.569147635Z stderr F [2022-06-13 11:37:35 +0800] [176] [INFO] Booting worker with pid: 176
