2022-04-27T06:19:17.132757476Z stdout F 2022-04-27T06:19:17.131934Z	info	Istio iptables environment:
2022-04-27T06:19:17.132797389Z stdout F ENVOY_PORT=
2022-04-27T06:19:17.132804086Z stdout F INBOUND_CAPTURE_PORT=
2022-04-27T06:19:17.132808223Z stdout F ISTIO_INBOUND_INTERCEPTION_MODE=
2022-04-27T06:19:17.132811821Z stdout F ISTIO_INBOUND_TPROXY_ROUTE_TABLE=
2022-04-27T06:19:17.132814977Z stdout F ISTIO_INBOUND_PORTS=
2022-04-27T06:19:17.13281826Z stdout F ISTIO_OUTBOUND_PORTS=
2022-04-27T06:19:17.132821484Z stdout F ISTIO_LOCAL_EXCLUDE_PORTS=
2022-04-27T06:19:17.132824643Z stdout F ISTIO_EXCLUDE_INTERFACES=
2022-04-27T06:19:17.132827729Z stdout F ISTIO_SERVICE_CIDR=
2022-04-27T06:19:17.132830961Z stdout F ISTIO_SERVICE_EXCLUDE_CIDR=
2022-04-27T06:19:17.132834117Z stdout F ISTIO_META_DNS_CAPTURE=
2022-04-27T06:19:17.132837267Z stdout F INVALID_DROP=
2022-04-27T06:19:17.132840317Z stdout F 
2022-04-27T06:19:17.132843516Z stdout F 2022-04-27T06:19:17.132002Z	info	Istio iptables variables:
2022-04-27T06:19:17.132846728Z stdout F PROXY_PORT=15001
2022-04-27T06:19:17.132850016Z stdout F PROXY_INBOUND_CAPTURE_PORT=15006
2022-04-27T06:19:17.132853273Z stdout F PROXY_TUNNEL_PORT=15008
2022-04-27T06:19:17.132856476Z stdout F PROXY_UID=1337
2022-04-27T06:19:17.132859721Z stdout F PROXY_GID=1337
2022-04-27T06:19:17.132862898Z stdout F INBOUND_INTERCEPTION_MODE=REDIRECT
2022-04-27T06:19:17.132866112Z stdout F INBOUND_TPROXY_MARK=1337
2022-04-27T06:19:17.132869309Z stdout F INBOUND_TPROXY_ROUTE_TABLE=133
2022-04-27T06:19:17.132872837Z stdout F INBOUND_PORTS_INCLUDE=*
2022-04-27T06:19:17.132876062Z stdout F INBOUND_PORTS_EXCLUDE=15090,15021,15020
2022-04-27T06:19:17.132879207Z stdout F OUTBOUND_IP_RANGES_INCLUDE=*
2022-04-27T06:19:17.132882353Z stdout F OUTBOUND_IP_RANGES_EXCLUDE=
2022-04-27T06:19:17.132885447Z stdout F OUTBOUND_PORTS_INCLUDE=
2022-04-27T06:19:17.132888614Z stdout F OUTBOUND_PORTS_EXCLUDE=
2022-04-27T06:19:17.132891738Z stdout F KUBE_VIRT_INTERFACES=
2022-04-27T06:19:17.132894928Z stdout F ENABLE_INBOUND_IPV6=false
2022-04-27T06:19:17.132898028Z stdout F DNS_CAPTURE=false
2022-04-27T06:19:17.132901181Z stdout F DROP_INVALID=false
2022-04-27T06:19:17.132904304Z stdout F CAPTURE_ALL_DNS=false
2022-04-27T06:19:17.132907493Z stdout F DNS_SERVERS=[],[]
2022-04-27T06:19:17.132910698Z stdout F OUTPUT_PATH=
2022-04-27T06:19:17.132913895Z stdout F NETWORK_NAMESPACE=
2022-04-27T06:19:17.1329171Z stdout F CNI_MODE=false
2022-04-27T06:19:17.132920352Z stdout F EXCLUDE_INTERFACES=
2022-04-27T06:19:17.132923365Z stdout F 
2022-04-27T06:19:17.13292688Z stdout F 2022-04-27T06:19:17.132258Z	info	Writing following contents to rules file: /tmp/iptables-rules-1651040357132074574.txt121793098
2022-04-27T06:19:17.132930181Z stdout F * nat
2022-04-27T06:19:17.132933359Z stdout F -N ISTIO_INBOUND
2022-04-27T06:19:17.13293656Z stdout F -N ISTIO_REDIRECT
2022-04-27T06:19:17.132939752Z stdout F -N ISTIO_IN_REDIRECT
2022-04-27T06:19:17.132942913Z stdout F -N ISTIO_OUTPUT
2022-04-27T06:19:17.132946121Z stdout F -A ISTIO_INBOUND -p tcp --dport 15008 -j RETURN
2022-04-27T06:19:17.132949347Z stdout F -A ISTIO_REDIRECT -p tcp -j REDIRECT --to-ports 15001
2022-04-27T06:19:17.132952562Z stdout F -A ISTIO_IN_REDIRECT -p tcp -j REDIRECT --to-ports 15006
2022-04-27T06:19:17.132955666Z stdout F -A PREROUTING -p tcp -j ISTIO_INBOUND
2022-04-27T06:19:17.132958822Z stdout F -A ISTIO_INBOUND -p tcp --dport 15090 -j RETURN
2022-04-27T06:19:17.132961977Z stdout F -A ISTIO_INBOUND -p tcp --dport 15021 -j RETURN
2022-04-27T06:19:17.132965129Z stdout F -A ISTIO_INBOUND -p tcp --dport 15020 -j RETURN
2022-04-27T06:19:17.132968274Z stdout F -A ISTIO_INBOUND -p tcp -j ISTIO_IN_REDIRECT
2022-04-27T06:19:17.132971425Z stdout F -A OUTPUT -p tcp -j ISTIO_OUTPUT
2022-04-27T06:19:17.132974588Z stdout F -A ISTIO_OUTPUT -o lo -s 127.0.0.6/32 -j RETURN
2022-04-27T06:19:17.132978085Z stdout F -A ISTIO_OUTPUT -o lo ! -d 127.0.0.1/32 -m owner --uid-owner 1337 -j ISTIO_IN_REDIRECT
2022-04-27T06:19:17.1329812Z stdout F -A ISTIO_OUTPUT -o lo -m owner ! --uid-owner 1337 -j RETURN
2022-04-27T06:19:17.132984337Z stdout F -A ISTIO_OUTPUT -m owner --uid-owner 1337 -j RETURN
2022-04-27T06:19:17.132994429Z stdout F -A ISTIO_OUTPUT -o lo ! -d 127.0.0.1/32 -m owner --gid-owner 1337 -j ISTIO_IN_REDIRECT
2022-04-27T06:19:17.132998017Z stdout F -A ISTIO_OUTPUT -o lo -m owner ! --gid-owner 1337 -j RETURN
2022-04-27T06:19:17.133001219Z stdout F -A ISTIO_OUTPUT -m owner --gid-owner 1337 -j RETURN
2022-04-27T06:19:17.133004898Z stdout F -A ISTIO_OUTPUT -d 127.0.0.1/32 -j RETURN
2022-04-27T06:19:17.133008097Z stdout F -A ISTIO_OUTPUT -j ISTIO_REDIRECT
2022-04-27T06:19:17.133011299Z stdout F COMMIT
2022-04-27T06:19:17.133015096Z stdout F 2022-04-27T06:19:17.132293Z	info	Running command: iptables-restore --noflush /tmp/iptables-rules-1651040357132074574.txt121793098
2022-04-27T06:19:17.136459262Z stdout F 2022-04-27T06:19:17.136181Z	info	Writing following contents to rules file: /tmp/ip6tables-rules-1651040357136110692.txt3246285782
2022-04-27T06:19:17.136479579Z stdout F 
2022-04-27T06:19:17.136527914Z stdout F 2022-04-27T06:19:17.136271Z	info	Running command: ip6tables-restore --noflush /tmp/ip6tables-rules-1651040357136110692.txt3246285782
2022-04-27T06:19:17.138614234Z stdout F 2022-04-27T06:19:17.138406Z	info	Running command: iptables-save 
2022-04-27T06:19:17.142491539Z stdout F 2022-04-27T06:19:17.142029Z	info	Command output: 
2022-04-27T06:19:17.142511101Z stdout F # Generated by iptables-save v1.8.4 on Wed Apr 27 06:19:17 2022
2022-04-27T06:19:17.142517637Z stdout F *nat
2022-04-27T06:19:17.142522043Z stdout F :PREROUTING ACCEPT [0:0]
2022-04-27T06:19:17.142525423Z stdout F :INPUT ACCEPT [0:0]
2022-04-27T06:19:17.142528678Z stdout F :OUTPUT ACCEPT [0:0]
2022-04-27T06:19:17.142532232Z stdout F :POSTROUTING ACCEPT [0:0]
2022-04-27T06:19:17.142535453Z stdout F :ISTIO_INBOUND - [0:0]
2022-04-27T06:19:17.142571801Z stdout F :ISTIO_IN_REDIRECT - [0:0]
2022-04-27T06:19:17.142581847Z stdout F :ISTIO_OUTPUT - [0:0]
2022-04-27T06:19:17.142585481Z stdout F :ISTIO_REDIRECT - [0:0]
2022-04-27T06:19:17.142589264Z stdout F -A PREROUTING -p tcp -j ISTIO_INBOUND
2022-04-27T06:19:17.142592573Z stdout F -A OUTPUT -p tcp -j ISTIO_OUTPUT
2022-04-27T06:19:17.142595805Z stdout F -A ISTIO_INBOUND -p tcp -m tcp --dport 15008 -j RETURN
2022-04-27T06:19:17.142599033Z stdout F -A ISTIO_INBOUND -p tcp -m tcp --dport 15090 -j RETURN
2022-04-27T06:19:17.142602276Z stdout F -A ISTIO_INBOUND -p tcp -m tcp --dport 15021 -j RETURN
2022-04-27T06:19:17.142605473Z stdout F -A ISTIO_INBOUND -p tcp -m tcp --dport 15020 -j RETURN
2022-04-27T06:19:17.142608676Z stdout F -A ISTIO_INBOUND -p tcp -j ISTIO_IN_REDIRECT
2022-04-27T06:19:17.142611882Z stdout F -A ISTIO_IN_REDIRECT -p tcp -j REDIRECT --to-ports 15006
2022-04-27T06:19:17.142615037Z stdout F -A ISTIO_OUTPUT -s 127.0.0.6/32 -o lo -j RETURN
2022-04-27T06:19:17.142618595Z stdout F -A ISTIO_OUTPUT ! -d 127.0.0.1/32 -o lo -m owner --uid-owner 1337 -j ISTIO_IN_REDIRECT
2022-04-27T06:19:17.142622072Z stdout F -A ISTIO_OUTPUT -o lo -m owner ! --uid-owner 1337 -j RETURN
2022-04-27T06:19:17.142625294Z stdout F -A ISTIO_OUTPUT -m owner --uid-owner 1337 -j RETURN
2022-04-27T06:19:17.142628502Z stdout F -A ISTIO_OUTPUT ! -d 127.0.0.1/32 -o lo -m owner --gid-owner 1337 -j ISTIO_IN_REDIRECT
2022-04-27T06:19:17.142631666Z stdout F -A ISTIO_OUTPUT -o lo -m owner ! --gid-owner 1337 -j RETURN
2022-04-27T06:19:17.142634779Z stdout F -A ISTIO_OUTPUT -m owner --gid-owner 1337 -j RETURN
2022-04-27T06:19:17.142637907Z stdout F -A ISTIO_OUTPUT -d 127.0.0.1/32 -j RETURN
2022-04-27T06:19:17.142641051Z stdout F -A ISTIO_OUTPUT -j ISTIO_REDIRECT
2022-04-27T06:19:17.142644225Z stdout F -A ISTIO_REDIRECT -p tcp -j REDIRECT --to-ports 15001
2022-04-27T06:19:17.142647456Z stdout F COMMIT
2022-04-27T06:19:17.14265078Z stdout F # Completed on Wed Apr 27 06:19:17 2022
2022-04-27T06:19:17.142653979Z stdout F 
