2022-06-13T02:22:17.198790899Z stdout F 2022-06-13T02:22:17.198453Z	info	Istio iptables environment:
2022-06-13T02:22:17.198829735Z stdout F ENVOY_PORT=
2022-06-13T02:22:17.198834594Z stdout F INBOUND_CAPTURE_PORT=
2022-06-13T02:22:17.198837262Z stdout F ISTIO_INBOUND_INTERCEPTION_MODE=
2022-06-13T02:22:17.19883974Z stdout F ISTIO_INBOUND_TPROXY_ROUTE_TABLE=
2022-06-13T02:22:17.198841741Z stdout F ISTIO_INBOUND_PORTS=
2022-06-13T02:22:17.198843794Z stdout F ISTIO_OUTBOUND_PORTS=
2022-06-13T02:22:17.198845782Z stdout F ISTIO_LOCAL_EXCLUDE_PORTS=
2022-06-13T02:22:17.198847733Z stdout F ISTIO_EXCLUDE_INTERFACES=
2022-06-13T02:22:17.198849776Z stdout F ISTIO_SERVICE_CIDR=
2022-06-13T02:22:17.198851669Z stdout F ISTIO_SERVICE_EXCLUDE_CIDR=
2022-06-13T02:22:17.198853641Z stdout F ISTIO_META_DNS_CAPTURE=
2022-06-13T02:22:17.198855681Z stdout F INVALID_DROP=
2022-06-13T02:22:17.198857553Z stdout F 
2022-06-13T02:22:17.198859524Z stdout F 2022-06-13T02:22:17.198559Z	info	Istio iptables variables:
2022-06-13T02:22:17.198861481Z stdout F PROXY_PORT=15001
2022-06-13T02:22:17.198863486Z stdout F PROXY_INBOUND_CAPTURE_PORT=15006
2022-06-13T02:22:17.198865371Z stdout F PROXY_TUNNEL_PORT=15008
2022-06-13T02:22:17.198867672Z stdout F PROXY_UID=1337
2022-06-13T02:22:17.198870649Z stdout F PROXY_GID=1337
2022-06-13T02:22:17.198874597Z stdout F INBOUND_INTERCEPTION_MODE=REDIRECT
2022-06-13T02:22:17.198876632Z stdout F INBOUND_TPROXY_MARK=1337
2022-06-13T02:22:17.198878475Z stdout F INBOUND_TPROXY_ROUTE_TABLE=133
2022-06-13T02:22:17.198880315Z stdout F INBOUND_PORTS_INCLUDE=*
2022-06-13T02:22:17.198882178Z stdout F INBOUND_PORTS_EXCLUDE=15090,15021,15020
2022-06-13T02:22:17.198884039Z stdout F OUTBOUND_IP_RANGES_INCLUDE=*
2022-06-13T02:22:17.198885875Z stdout F OUTBOUND_IP_RANGES_EXCLUDE=
2022-06-13T02:22:17.198887709Z stdout F OUTBOUND_PORTS_INCLUDE=
2022-06-13T02:22:17.19888966Z stdout F OUTBOUND_PORTS_EXCLUDE=
2022-06-13T02:22:17.198891581Z stdout F KUBE_VIRT_INTERFACES=
2022-06-13T02:22:17.198908877Z stdout F ENABLE_INBOUND_IPV6=false
2022-06-13T02:22:17.198911634Z stdout F DNS_CAPTURE=false
2022-06-13T02:22:17.198913388Z stdout F DROP_INVALID=false
2022-06-13T02:22:17.198915151Z stdout F CAPTURE_ALL_DNS=false
2022-06-13T02:22:17.198938673Z stdout F DNS_SERVERS=[],[]
2022-06-13T02:22:17.198940737Z stdout F OUTPUT_PATH=
2022-06-13T02:22:17.198942668Z stdout F NETWORK_NAMESPACE=
2022-06-13T02:22:17.198944581Z stdout F CNI_MODE=false
2022-06-13T02:22:17.198946486Z stdout F EXCLUDE_INTERFACES=
2022-06-13T02:22:17.198948281Z stdout F 
2022-06-13T02:22:17.199175162Z stdout F 2022-06-13T02:22:17.198914Z	info	Writing following contents to rules file: /tmp/iptables-rules-1655086937198701393.txt220563526
2022-06-13T02:22:17.199185077Z stdout F * nat
2022-06-13T02:22:17.199187951Z stdout F -N ISTIO_INBOUND
2022-06-13T02:22:17.199190396Z stdout F -N ISTIO_REDIRECT
2022-06-13T02:22:17.199192297Z stdout F -N ISTIO_IN_REDIRECT
2022-06-13T02:22:17.199194224Z stdout F -N ISTIO_OUTPUT
2022-06-13T02:22:17.199196468Z stdout F -A ISTIO_INBOUND -p tcp --dport 15008 -j RETURN
2022-06-13T02:22:17.199198686Z stdout F -A ISTIO_REDIRECT -p tcp -j REDIRECT --to-ports 15001
2022-06-13T02:22:17.199200522Z stdout F -A ISTIO_IN_REDIRECT -p tcp -j REDIRECT --to-ports 15006
2022-06-13T02:22:17.19920228Z stdout F -A PREROUTING -p tcp -j ISTIO_INBOUND
2022-06-13T02:22:17.199204145Z stdout F -A ISTIO_INBOUND -p tcp --dport 15090 -j RETURN
2022-06-13T02:22:17.199206014Z stdout F -A ISTIO_INBOUND -p tcp --dport 15021 -j RETURN
2022-06-13T02:22:17.199207819Z stdout F -A ISTIO_INBOUND -p tcp --dport 15020 -j RETURN
2022-06-13T02:22:17.199209623Z stdout F -A ISTIO_INBOUND -p tcp -j ISTIO_IN_REDIRECT
2022-06-13T02:22:17.199211711Z stdout F -A OUTPUT -p tcp -j ISTIO_OUTPUT
2022-06-13T02:22:17.199213535Z stdout F -A ISTIO_OUTPUT -o lo -s 127.0.0.6/32 -j RETURN
2022-06-13T02:22:17.199215629Z stdout F -A ISTIO_OUTPUT -o lo ! -d 127.0.0.1/32 -m owner --uid-owner 1337 -j ISTIO_IN_REDIRECT
2022-06-13T02:22:17.199217435Z stdout F -A ISTIO_OUTPUT -o lo -m owner ! --uid-owner 1337 -j RETURN
2022-06-13T02:22:17.199227125Z stdout F -A ISTIO_OUTPUT -m owner --uid-owner 1337 -j RETURN
2022-06-13T02:22:17.199229729Z stdout F -A ISTIO_OUTPUT -o lo ! -d 127.0.0.1/32 -m owner --gid-owner 1337 -j ISTIO_IN_REDIRECT
2022-06-13T02:22:17.19923166Z stdout F -A ISTIO_OUTPUT -o lo -m owner ! --gid-owner 1337 -j RETURN
2022-06-13T02:22:17.199233575Z stdout F -A ISTIO_OUTPUT -m owner --gid-owner 1337 -j RETURN
2022-06-13T02:22:17.199235435Z stdout F -A ISTIO_OUTPUT -d 127.0.0.1/32 -j RETURN
2022-06-13T02:22:17.199237314Z stdout F -A ISTIO_OUTPUT -j ISTIO_REDIRECT
2022-06-13T02:22:17.199239231Z stdout F COMMIT
2022-06-13T02:22:17.199241523Z stdout F 2022-06-13T02:22:17.199043Z	info	Running command: iptables-restore --noflush /tmp/iptables-rules-1655086937198701393.txt220563526
2022-06-13T02:22:17.20508039Z stdout F 2022-06-13T02:22:17.204921Z	info	Writing following contents to rules file: /tmp/ip6tables-rules-1655086937204865831.txt359947022
2022-06-13T02:22:17.205172305Z stdout F 
2022-06-13T02:22:17.205191662Z stdout F 2022-06-13T02:22:17.204998Z	info	Running command: ip6tables-restore --noflush /tmp/ip6tables-rules-1655086937204865831.txt359947022
2022-06-13T02:22:17.209542686Z stdout F 2022-06-13T02:22:17.208983Z	info	Running command: iptables-save 
2022-06-13T02:22:17.212973305Z stdout F 2022-06-13T02:22:17.212613Z	info	Command output: 
2022-06-13T02:22:17.212990035Z stdout F # Generated by iptables-save v1.8.4 on Mon Jun 13 02:22:17 2022
2022-06-13T02:22:17.212995162Z stdout F *nat
2022-06-13T02:22:17.212999178Z stdout F :PREROUTING ACCEPT [0:0]
2022-06-13T02:22:17.213002555Z stdout F :INPUT ACCEPT [0:0]
2022-06-13T02:22:17.213005675Z stdout F :OUTPUT ACCEPT [0:0]
2022-06-13T02:22:17.213009482Z stdout F :POSTROUTING ACCEPT [0:0]
2022-06-13T02:22:17.213018057Z stdout F :ISTIO_INBOUND - [0:0]
2022-06-13T02:22:17.213022529Z stdout F :ISTIO_IN_REDIRECT - [0:0]
2022-06-13T02:22:17.213025717Z stdout F :ISTIO_OUTPUT - [0:0]
2022-06-13T02:22:17.213028784Z stdout F :ISTIO_REDIRECT - [0:0]
2022-06-13T02:22:17.213032036Z stdout F -A PREROUTING -p tcp -j ISTIO_INBOUND
2022-06-13T02:22:17.213034647Z stdout F -A OUTPUT -p tcp -j ISTIO_OUTPUT
2022-06-13T02:22:17.213080714Z stdout F -A ISTIO_INBOUND -p tcp -m tcp --dport 15008 -j RETURN
2022-06-13T02:22:17.213087077Z stdout F -A ISTIO_INBOUND -p tcp -m tcp --dport 15090 -j RETURN
2022-06-13T02:22:17.213090753Z stdout F -A ISTIO_INBOUND -p tcp -m tcp --dport 15021 -j RETURN
2022-06-13T02:22:17.213093921Z stdout F -A ISTIO_INBOUND -p tcp -m tcp --dport 15020 -j RETURN
2022-06-13T02:22:17.213097163Z stdout F -A ISTIO_INBOUND -p tcp -j ISTIO_IN_REDIRECT
2022-06-13T02:22:17.213100368Z stdout F -A ISTIO_IN_REDIRECT -p tcp -j REDIRECT --to-ports 15006
2022-06-13T02:22:17.213103472Z stdout F -A ISTIO_OUTPUT -s 127.0.0.6/32 -o lo -j RETURN
2022-06-13T02:22:17.213106098Z stdout F -A ISTIO_OUTPUT ! -d 127.0.0.1/32 -o lo -m owner --uid-owner 1337 -j ISTIO_IN_REDIRECT
2022-06-13T02:22:17.213107947Z stdout F -A ISTIO_OUTPUT -o lo -m owner ! --uid-owner 1337 -j RETURN
2022-06-13T02:22:17.213109785Z stdout F -A ISTIO_OUTPUT -m owner --uid-owner 1337 -j RETURN
2022-06-13T02:22:17.213111683Z stdout F -A ISTIO_OUTPUT ! -d 127.0.0.1/32 -o lo -m owner --gid-owner 1337 -j ISTIO_IN_REDIRECT
2022-06-13T02:22:17.213113516Z stdout F -A ISTIO_OUTPUT -o lo -m owner ! --gid-owner 1337 -j RETURN
2022-06-13T02:22:17.213115315Z stdout F -A ISTIO_OUTPUT -m owner --gid-owner 1337 -j RETURN
2022-06-13T02:22:17.21311725Z stdout F -A ISTIO_OUTPUT -d 127.0.0.1/32 -j RETURN
2022-06-13T02:22:17.213119214Z stdout F -A ISTIO_OUTPUT -j ISTIO_REDIRECT
2022-06-13T02:22:17.213121116Z stdout F -A ISTIO_REDIRECT -p tcp -j REDIRECT --to-ports 15001
2022-06-13T02:22:17.213123276Z stdout F COMMIT
2022-06-13T02:22:17.213125308Z stdout F # Completed on Mon Jun 13 02:22:17 2022
2022-06-13T02:22:17.213127164Z stdout F 
