2022-05-26T05:25:33.858565191Z stdout F 2022-05-26T05:25:33.858375Z	info	Istio iptables environment:
2022-05-26T05:25:33.858593728Z stdout F ENVOY_PORT=
2022-05-26T05:25:33.858597885Z stdout F INBOUND_CAPTURE_PORT=
2022-05-26T05:25:33.858630282Z stdout F ISTIO_INBOUND_INTERCEPTION_MODE=
2022-05-26T05:25:33.858638814Z stdout F ISTIO_INBOUND_TPROXY_ROUTE_TABLE=
2022-05-26T05:25:33.858641287Z stdout F ISTIO_INBOUND_PORTS=
2022-05-26T05:25:33.85864324Z stdout F ISTIO_OUTBOUND_PORTS=
2022-05-26T05:25:33.858645152Z stdout F ISTIO_LOCAL_EXCLUDE_PORTS=
2022-05-26T05:25:33.858647032Z stdout F ISTIO_EXCLUDE_INTERFACES=
2022-05-26T05:25:33.85864904Z stdout F ISTIO_SERVICE_CIDR=
2022-05-26T05:25:33.858651055Z stdout F ISTIO_SERVICE_EXCLUDE_CIDR=
2022-05-26T05:25:33.858652951Z stdout F ISTIO_META_DNS_CAPTURE=
2022-05-26T05:25:33.858654876Z stdout F INVALID_DROP=
2022-05-26T05:25:33.858656706Z stdout F 
2022-05-26T05:25:33.85865874Z stdout F 2022-05-26T05:25:33.858436Z	info	Istio iptables variables:
2022-05-26T05:25:33.85866066Z stdout F PROXY_PORT=15001
2022-05-26T05:25:33.858662657Z stdout F PROXY_INBOUND_CAPTURE_PORT=15006
2022-05-26T05:25:33.858665197Z stdout F PROXY_TUNNEL_PORT=15008
2022-05-26T05:25:33.858667219Z stdout F PROXY_UID=1337
2022-05-26T05:25:33.858669197Z stdout F PROXY_GID=1337
2022-05-26T05:25:33.858671322Z stdout F INBOUND_INTERCEPTION_MODE=REDIRECT
2022-05-26T05:25:33.858673297Z stdout F INBOUND_TPROXY_MARK=1337
2022-05-26T05:25:33.858675367Z stdout F INBOUND_TPROXY_ROUTE_TABLE=133
2022-05-26T05:25:33.858721133Z stdout F INBOUND_PORTS_INCLUDE=*
2022-05-26T05:25:33.858727357Z stdout F INBOUND_PORTS_EXCLUDE=15090,15021,15020
2022-05-26T05:25:33.85872961Z stdout F OUTBOUND_IP_RANGES_INCLUDE=*
2022-05-26T05:25:33.858731618Z stdout F OUTBOUND_IP_RANGES_EXCLUDE=
2022-05-26T05:25:33.858733479Z stdout F OUTBOUND_PORTS_INCLUDE=
2022-05-26T05:25:33.858735325Z stdout F OUTBOUND_PORTS_EXCLUDE=
2022-05-26T05:25:33.858737197Z stdout F KUBE_VIRT_INTERFACES=
2022-05-26T05:25:33.858739091Z stdout F ENABLE_INBOUND_IPV6=false
2022-05-26T05:25:33.858740941Z stdout F DNS_CAPTURE=false
2022-05-26T05:25:33.858742809Z stdout F DROP_INVALID=false
2022-05-26T05:25:33.858744674Z stdout F CAPTURE_ALL_DNS=false
2022-05-26T05:25:33.858746745Z stdout F DNS_SERVERS=[],[]
2022-05-26T05:25:33.85874867Z stdout F OUTPUT_PATH=
2022-05-26T05:25:33.858750875Z stdout F NETWORK_NAMESPACE=
2022-05-26T05:25:33.858752812Z stdout F CNI_MODE=false
2022-05-26T05:25:33.858754805Z stdout F EXCLUDE_INTERFACES=
2022-05-26T05:25:33.858756603Z stdout F 
2022-05-26T05:25:33.858924805Z stdout F 2022-05-26T05:25:33.858784Z	info	Writing following contents to rules file: /tmp/iptables-rules-1653542733858476451.txt3990566205
2022-05-26T05:25:33.858947745Z stdout F * nat
2022-05-26T05:25:33.858950251Z stdout F -N ISTIO_INBOUND
2022-05-26T05:25:33.858953023Z stdout F -N ISTIO_REDIRECT
2022-05-26T05:25:33.858954948Z stdout F -N ISTIO_IN_REDIRECT
2022-05-26T05:25:33.85895704Z stdout F -N ISTIO_OUTPUT
2022-05-26T05:25:33.858959242Z stdout F -A ISTIO_INBOUND -p tcp --dport 15008 -j RETURN
2022-05-26T05:25:33.858961475Z stdout F -A ISTIO_REDIRECT -p tcp -j REDIRECT --to-ports 15001
2022-05-26T05:25:33.858963337Z stdout F -A ISTIO_IN_REDIRECT -p tcp -j REDIRECT --to-ports 15006
2022-05-26T05:25:33.858965228Z stdout F -A PREROUTING -p tcp -j ISTIO_INBOUND
2022-05-26T05:25:33.858967055Z stdout F -A ISTIO_INBOUND -p tcp --dport 15090 -j RETURN
2022-05-26T05:25:33.858968843Z stdout F -A ISTIO_INBOUND -p tcp --dport 15021 -j RETURN
2022-05-26T05:25:33.858970628Z stdout F -A ISTIO_INBOUND -p tcp --dport 15020 -j RETURN
2022-05-26T05:25:33.858972406Z stdout F -A ISTIO_INBOUND -p tcp -j ISTIO_IN_REDIRECT
2022-05-26T05:25:33.85900067Z stdout F -A OUTPUT -p tcp -j ISTIO_OUTPUT
2022-05-26T05:25:33.859002955Z stdout F -A ISTIO_OUTPUT -o lo -s 127.0.0.6/32 -j RETURN
2022-05-26T05:25:33.859005169Z stdout F -A ISTIO_OUTPUT -o lo ! -d 127.0.0.1/32 -m owner --uid-owner 1337 -j ISTIO_IN_REDIRECT
2022-05-26T05:25:33.859007082Z stdout F -A ISTIO_OUTPUT -o lo -m owner ! --uid-owner 1337 -j RETURN
2022-05-26T05:25:33.859008866Z stdout F -A ISTIO_OUTPUT -m owner --uid-owner 1337 -j RETURN
2022-05-26T05:25:33.859017335Z stdout F -A ISTIO_OUTPUT -o lo ! -d 127.0.0.1/32 -m owner --gid-owner 1337 -j ISTIO_IN_REDIRECT
2022-05-26T05:25:33.859019619Z stdout F -A ISTIO_OUTPUT -o lo -m owner ! --gid-owner 1337 -j RETURN
2022-05-26T05:25:33.859021409Z stdout F -A ISTIO_OUTPUT -m owner --gid-owner 1337 -j RETURN
2022-05-26T05:25:33.859023236Z stdout F -A ISTIO_OUTPUT -d 127.0.0.1/32 -j RETURN
2022-05-26T05:25:33.859025044Z stdout F -A ISTIO_OUTPUT -j ISTIO_REDIRECT
2022-05-26T05:25:33.859026911Z stdout F COMMIT
2022-05-26T05:25:33.859029339Z stdout F 2022-05-26T05:25:33.858872Z	info	Running command: iptables-restore --noflush /tmp/iptables-rules-1653542733858476451.txt3990566205
2022-05-26T05:25:33.863314914Z stdout F 2022-05-26T05:25:33.863172Z	info	Writing following contents to rules file: /tmp/ip6tables-rules-1653542733863138540.txt3676937517
2022-05-26T05:25:33.863327762Z stdout F 
2022-05-26T05:25:33.863331064Z stdout F 2022-05-26T05:25:33.863214Z	info	Running command: ip6tables-restore --noflush /tmp/ip6tables-rules-1653542733863138540.txt3676937517
2022-05-26T05:25:33.865040255Z stdout F 2022-05-26T05:25:33.864895Z	info	Running command: iptables-save 
2022-05-26T05:25:33.867445168Z stdout F 2022-05-26T05:25:33.867259Z	info	Command output: 
2022-05-26T05:25:33.867461922Z stdout F # Generated by iptables-save v1.8.4 on Thu May 26 05:25:33 2022
2022-05-26T05:25:33.867465116Z stdout F *nat
2022-05-26T05:25:33.867468123Z stdout F :PREROUTING ACCEPT [0:0]
2022-05-26T05:25:33.867471413Z stdout F :INPUT ACCEPT [0:0]
2022-05-26T05:25:33.867504386Z stdout F :OUTPUT ACCEPT [0:0]
2022-05-26T05:25:33.867510808Z stdout F :POSTROUTING ACCEPT [0:0]
2022-05-26T05:25:33.867513105Z stdout F :ISTIO_INBOUND - [0:0]
2022-05-26T05:25:33.867515337Z stdout F :ISTIO_IN_REDIRECT - [0:0]
2022-05-26T05:25:33.867517423Z stdout F :ISTIO_OUTPUT - [0:0]
2022-05-26T05:25:33.86751946Z stdout F :ISTIO_REDIRECT - [0:0]
2022-05-26T05:25:33.867522085Z stdout F -A PREROUTING -p tcp -j ISTIO_INBOUND
2022-05-26T05:25:33.867524122Z stdout F -A OUTPUT -p tcp -j ISTIO_OUTPUT
2022-05-26T05:25:33.867526149Z stdout F -A ISTIO_INBOUND -p tcp -m tcp --dport 15008 -j RETURN
2022-05-26T05:25:33.867528152Z stdout F -A ISTIO_INBOUND -p tcp -m tcp --dport 15090 -j RETURN
2022-05-26T05:25:33.867530183Z stdout F -A ISTIO_INBOUND -p tcp -m tcp --dport 15021 -j RETURN
2022-05-26T05:25:33.867532286Z stdout F -A ISTIO_INBOUND -p tcp -m tcp --dport 15020 -j RETURN
2022-05-26T05:25:33.867534312Z stdout F -A ISTIO_INBOUND -p tcp -j ISTIO_IN_REDIRECT
2022-05-26T05:25:33.867536853Z stdout F -A ISTIO_IN_REDIRECT -p tcp -j REDIRECT --to-ports 15006
2022-05-26T05:25:33.867540201Z stdout F -A ISTIO_OUTPUT -s 127.0.0.6/32 -o lo -j RETURN
2022-05-26T05:25:33.867544361Z stdout F -A ISTIO_OUTPUT ! -d 127.0.0.1/32 -o lo -m owner --uid-owner 1337 -j ISTIO_IN_REDIRECT
2022-05-26T05:25:33.867547858Z stdout F -A ISTIO_OUTPUT -o lo -m owner ! --uid-owner 1337 -j RETURN
2022-05-26T05:25:33.867551332Z stdout F -A ISTIO_OUTPUT -m owner --uid-owner 1337 -j RETURN
2022-05-26T05:25:33.867554864Z stdout F -A ISTIO_OUTPUT ! -d 127.0.0.1/32 -o lo -m owner --gid-owner 1337 -j ISTIO_IN_REDIRECT
2022-05-26T05:25:33.867556971Z stdout F -A ISTIO_OUTPUT -o lo -m owner ! --gid-owner 1337 -j RETURN
2022-05-26T05:25:33.867558946Z stdout F -A ISTIO_OUTPUT -m owner --gid-owner 1337 -j RETURN
2022-05-26T05:25:33.867560931Z stdout F -A ISTIO_OUTPUT -d 127.0.0.1/32 -j RETURN
2022-05-26T05:25:33.867562923Z stdout F -A ISTIO_OUTPUT -j ISTIO_REDIRECT
2022-05-26T05:25:33.867564914Z stdout F -A ISTIO_REDIRECT -p tcp -j REDIRECT --to-ports 15001
2022-05-26T05:25:33.867567318Z stdout F COMMIT
2022-05-26T05:25:33.867569396Z stdout F # Completed on Thu May 26 05:25:33 2022
2022-05-26T05:25:33.867571336Z stdout F 
