2022-04-27T06:19:32.742140604Z stdout F 2022-04-27T06:19:32.738718Z	info	Istio iptables environment:
2022-04-27T06:19:32.743193354Z stdout F ENVOY_PORT=
2022-04-27T06:19:32.743220901Z stdout F INBOUND_CAPTURE_PORT=
2022-04-27T06:19:32.743231734Z stdout F ISTIO_INBOUND_INTERCEPTION_MODE=
2022-04-27T06:19:32.743240892Z stdout F ISTIO_INBOUND_TPROXY_ROUTE_TABLE=
2022-04-27T06:19:32.743249179Z stdout F ISTIO_INBOUND_PORTS=
2022-04-27T06:19:32.743257375Z stdout F ISTIO_OUTBOUND_PORTS=
2022-04-27T06:19:32.743265487Z stdout F ISTIO_LOCAL_EXCLUDE_PORTS=
2022-04-27T06:19:32.743273502Z stdout F ISTIO_EXCLUDE_INTERFACES=
2022-04-27T06:19:32.743281272Z stdout F ISTIO_SERVICE_CIDR=
2022-04-27T06:19:32.743289236Z stdout F ISTIO_SERVICE_EXCLUDE_CIDR=
2022-04-27T06:19:32.743297211Z stdout F ISTIO_META_DNS_CAPTURE=
2022-04-27T06:19:32.743305156Z stdout F INVALID_DROP=
2022-04-27T06:19:32.74331251Z stdout F 
2022-04-27T06:19:32.743320869Z stdout F 2022-04-27T06:19:32.738861Z	info	Istio iptables variables:
2022-04-27T06:19:32.743329417Z stdout F PROXY_PORT=15001
2022-04-27T06:19:32.743423229Z stdout F PROXY_INBOUND_CAPTURE_PORT=15006
2022-04-27T06:19:32.743438851Z stdout F PROXY_TUNNEL_PORT=15008
2022-04-27T06:19:32.743447716Z stdout F PROXY_UID=1337
2022-04-27T06:19:32.743456113Z stdout F PROXY_GID=1337
2022-04-27T06:19:32.743464247Z stdout F INBOUND_INTERCEPTION_MODE=REDIRECT
2022-04-27T06:19:32.743472607Z stdout F INBOUND_TPROXY_MARK=1337
2022-04-27T06:19:32.743480567Z stdout F INBOUND_TPROXY_ROUTE_TABLE=133
2022-04-27T06:19:32.7435094Z stdout F INBOUND_PORTS_INCLUDE=*
2022-04-27T06:19:32.743527601Z stdout F INBOUND_PORTS_EXCLUDE=15090,15021,15020
2022-04-27T06:19:32.743536995Z stdout F OUTBOUND_IP_RANGES_INCLUDE=*
2022-04-27T06:19:32.743545069Z stdout F OUTBOUND_IP_RANGES_EXCLUDE=
2022-04-27T06:19:32.743552878Z stdout F OUTBOUND_PORTS_INCLUDE=
2022-04-27T06:19:32.743560785Z stdout F OUTBOUND_PORTS_EXCLUDE=
2022-04-27T06:19:32.743568807Z stdout F KUBE_VIRT_INTERFACES=
2022-04-27T06:19:32.743576931Z stdout F ENABLE_INBOUND_IPV6=false
2022-04-27T06:19:32.743584787Z stdout F DNS_CAPTURE=false
2022-04-27T06:19:32.743593068Z stdout F DROP_INVALID=false
2022-04-27T06:19:32.743600858Z stdout F CAPTURE_ALL_DNS=false
2022-04-27T06:19:32.743609001Z stdout F DNS_SERVERS=[],[]
2022-04-27T06:19:32.743617002Z stdout F OUTPUT_PATH=
2022-04-27T06:19:32.743624965Z stdout F NETWORK_NAMESPACE=
2022-04-27T06:19:32.743632948Z stdout F CNI_MODE=false
2022-04-27T06:19:32.743641001Z stdout F EXCLUDE_INTERFACES=
2022-04-27T06:19:32.743648763Z stdout F 
2022-04-27T06:19:32.753973081Z stdout F 2022-04-27T06:19:32.751085Z	info	Writing following contents to rules file: /tmp/iptables-rules-1651040372750241263.txt2646832321
2022-04-27T06:19:32.754015799Z stdout F * nat
2022-04-27T06:19:32.754027202Z stdout F -N ISTIO_INBOUND
2022-04-27T06:19:32.754099546Z stdout F -N ISTIO_REDIRECT
2022-04-27T06:19:32.754114488Z stdout F -N ISTIO_IN_REDIRECT
2022-04-27T06:19:32.754123551Z stdout F -N ISTIO_OUTPUT
2022-04-27T06:19:32.754131066Z stdout F -A ISTIO_INBOUND -p tcp --dport 15008 -j RETURN
2022-04-27T06:19:32.754138541Z stdout F -A ISTIO_REDIRECT -p tcp -j REDIRECT --to-ports 15001
2022-04-27T06:19:32.754145103Z stdout F -A ISTIO_IN_REDIRECT -p tcp -j REDIRECT --to-ports 15006
2022-04-27T06:19:32.754177275Z stdout F -A PREROUTING -p tcp -j ISTIO_INBOUND
2022-04-27T06:19:32.754189148Z stdout F -A ISTIO_INBOUND -p tcp --dport 15090 -j RETURN
2022-04-27T06:19:32.754196704Z stdout F -A ISTIO_INBOUND -p tcp --dport 15021 -j RETURN
2022-04-27T06:19:32.754203567Z stdout F -A ISTIO_INBOUND -p tcp --dport 15020 -j RETURN
2022-04-27T06:19:32.754210272Z stdout F -A ISTIO_INBOUND -p tcp -j ISTIO_IN_REDIRECT
2022-04-27T06:19:32.754217398Z stdout F -A OUTPUT -p tcp -j ISTIO_OUTPUT
2022-04-27T06:19:32.754224059Z stdout F -A ISTIO_OUTPUT -o lo -s 127.0.0.6/32 -j RETURN
2022-04-27T06:19:32.754231406Z stdout F -A ISTIO_OUTPUT -o lo ! -d 127.0.0.1/32 -m owner --uid-owner 1337 -j ISTIO_IN_REDIRECT
2022-04-27T06:19:32.754238049Z stdout F -A ISTIO_OUTPUT -o lo -m owner ! --uid-owner 1337 -j RETURN
2022-04-27T06:19:32.754268929Z stdout F -A ISTIO_OUTPUT -m owner --uid-owner 1337 -j RETURN
2022-04-27T06:19:32.754304667Z stdout F -A ISTIO_OUTPUT -o lo ! -d 127.0.0.1/32 -m owner --gid-owner 1337 -j ISTIO_IN_REDIRECT
2022-04-27T06:19:32.754313316Z stdout F -A ISTIO_OUTPUT -o lo -m owner ! --gid-owner 1337 -j RETURN
2022-04-27T06:19:32.754320246Z stdout F -A ISTIO_OUTPUT -m owner --gid-owner 1337 -j RETURN
2022-04-27T06:19:32.754326997Z stdout F -A ISTIO_OUTPUT -d 127.0.0.1/32 -j RETURN
2022-04-27T06:19:32.754333648Z stdout F -A ISTIO_OUTPUT -j ISTIO_REDIRECT
2022-04-27T06:19:32.754340378Z stdout F COMMIT
2022-04-27T06:19:32.75458355Z stdout F 2022-04-27T06:19:32.753531Z	info	Running command: iptables-restore --noflush /tmp/iptables-rules-1651040372750241263.txt2646832321
2022-04-27T06:19:32.791557153Z stdout F 2022-04-27T06:19:32.789290Z	info	Writing following contents to rules file: /tmp/ip6tables-rules-1651040372789145254.txt2010190763
2022-04-27T06:19:32.791603093Z stdout F 
2022-04-27T06:19:32.791615254Z stdout F 2022-04-27T06:19:32.789513Z	info	Running command: ip6tables-restore --noflush /tmp/ip6tables-rules-1651040372789145254.txt2010190763
2022-04-27T06:19:32.81417073Z stdout F 2022-04-27T06:19:32.805450Z	info	Running command: iptables-save 
2022-04-27T06:19:32.862000249Z stdout F 2022-04-27T06:19:32.857485Z	info	Command output: 
2022-04-27T06:19:32.862057521Z stdout F # Generated by iptables-save v1.8.4 on Wed Apr 27 06:19:32 2022
2022-04-27T06:19:32.862069456Z stdout F *nat
2022-04-27T06:19:32.862168525Z stdout F :PREROUTING ACCEPT [0:0]
2022-04-27T06:19:32.862204985Z stdout F :INPUT ACCEPT [0:0]
2022-04-27T06:19:32.862216054Z stdout F :OUTPUT ACCEPT [0:0]
2022-04-27T06:19:32.862224262Z stdout F :POSTROUTING ACCEPT [0:0]
2022-04-27T06:19:32.862231932Z stdout F :ISTIO_INBOUND - [0:0]
2022-04-27T06:19:32.862239369Z stdout F :ISTIO_IN_REDIRECT - [0:0]
2022-04-27T06:19:32.86224638Z stdout F :ISTIO_OUTPUT - [0:0]
2022-04-27T06:19:32.86225384Z stdout F :ISTIO_REDIRECT - [0:0]
2022-04-27T06:19:32.862261784Z stdout F -A PREROUTING -p tcp -j ISTIO_INBOUND
2022-04-27T06:19:32.862268857Z stdout F -A OUTPUT -p tcp -j ISTIO_OUTPUT
2022-04-27T06:19:32.862276549Z stdout F -A ISTIO_INBOUND -p tcp -m tcp --dport 15008 -j RETURN
2022-04-27T06:19:32.862283704Z stdout F -A ISTIO_INBOUND -p tcp -m tcp --dport 15090 -j RETURN
2022-04-27T06:19:32.862291159Z stdout F -A ISTIO_INBOUND -p tcp -m tcp --dport 15021 -j RETURN
2022-04-27T06:19:32.86229852Z stdout F -A ISTIO_INBOUND -p tcp -m tcp --dport 15020 -j RETURN
2022-04-27T06:19:32.862305482Z stdout F -A ISTIO_INBOUND -p tcp -j ISTIO_IN_REDIRECT
2022-04-27T06:19:32.862312903Z stdout F -A ISTIO_IN_REDIRECT -p tcp -j REDIRECT --to-ports 15006
2022-04-27T06:19:32.862320385Z stdout F -A ISTIO_OUTPUT -s 127.0.0.6/32 -o lo -j RETURN
2022-04-27T06:19:32.862328233Z stdout F -A ISTIO_OUTPUT ! -d 127.0.0.1/32 -o lo -m owner --uid-owner 1337 -j ISTIO_IN_REDIRECT
2022-04-27T06:19:32.862334841Z stdout F -A ISTIO_OUTPUT -o lo -m owner ! --uid-owner 1337 -j RETURN
2022-04-27T06:19:32.862342003Z stdout F -A ISTIO_OUTPUT -m owner --uid-owner 1337 -j RETURN
2022-04-27T06:19:32.86234908Z stdout F -A ISTIO_OUTPUT ! -d 127.0.0.1/32 -o lo -m owner --gid-owner 1337 -j ISTIO_IN_REDIRECT
2022-04-27T06:19:32.862356707Z stdout F -A ISTIO_OUTPUT -o lo -m owner ! --gid-owner 1337 -j RETURN
2022-04-27T06:19:32.862363949Z stdout F -A ISTIO_OUTPUT -m owner --gid-owner 1337 -j RETURN
2022-04-27T06:19:32.862457717Z stdout F -A ISTIO_OUTPUT -d 127.0.0.1/32 -j RETURN
2022-04-27T06:19:32.862473077Z stdout F -A ISTIO_OUTPUT -j ISTIO_REDIRECT
2022-04-27T06:19:32.862481537Z stdout F -A ISTIO_REDIRECT -p tcp -j REDIRECT --to-ports 15001
2022-04-27T06:19:32.862490254Z stdout F COMMIT
2022-04-27T06:19:32.86249804Z stdout F # Completed on Wed Apr 27 06:19:32 2022
2022-04-27T06:19:32.86250545Z stdout F 
