2022-04-30T04:28:26.708417703Z stdout F 2022-04-30T04:28:26.707306Z	info	Istio iptables environment:
2022-04-30T04:28:26.708540571Z stdout F ENVOY_PORT=
2022-04-30T04:28:26.708550264Z stdout F INBOUND_CAPTURE_PORT=
2022-04-30T04:28:26.708556381Z stdout F ISTIO_INBOUND_INTERCEPTION_MODE=
2022-04-30T04:28:26.708561673Z stdout F ISTIO_INBOUND_TPROXY_ROUTE_TABLE=
2022-04-30T04:28:26.708566573Z stdout F ISTIO_INBOUND_PORTS=
2022-04-30T04:28:26.708570965Z stdout F ISTIO_OUTBOUND_PORTS=
2022-04-30T04:28:26.708575388Z stdout F ISTIO_LOCAL_EXCLUDE_PORTS=
2022-04-30T04:28:26.708579946Z stdout F ISTIO_EXCLUDE_INTERFACES=
2022-04-30T04:28:26.708584863Z stdout F ISTIO_SERVICE_CIDR=
2022-04-30T04:28:26.708657941Z stdout F ISTIO_SERVICE_EXCLUDE_CIDR=
2022-04-30T04:28:26.708666375Z stdout F ISTIO_META_DNS_CAPTURE=
2022-04-30T04:28:26.708672011Z stdout F INVALID_DROP=
2022-04-30T04:28:26.70867691Z stdout F 
2022-04-30T04:28:26.708681888Z stdout F 2022-04-30T04:28:26.707387Z	info	Istio iptables variables:
2022-04-30T04:28:26.708686688Z stdout F PROXY_PORT=15001
2022-04-30T04:28:26.70869152Z stdout F PROXY_INBOUND_CAPTURE_PORT=15006
2022-04-30T04:28:26.708696483Z stdout F PROXY_TUNNEL_PORT=15008
2022-04-30T04:28:26.708701232Z stdout F PROXY_UID=1337
2022-04-30T04:28:26.708705826Z stdout F PROXY_GID=1337
2022-04-30T04:28:26.708710455Z stdout F INBOUND_INTERCEPTION_MODE=REDIRECT
2022-04-30T04:28:26.708714644Z stdout F INBOUND_TPROXY_MARK=1337
2022-04-30T04:28:26.708719092Z stdout F INBOUND_TPROXY_ROUTE_TABLE=133
2022-04-30T04:28:26.708723507Z stdout F INBOUND_PORTS_INCLUDE=*
2022-04-30T04:28:26.708727828Z stdout F INBOUND_PORTS_EXCLUDE=15090,15021,15020
2022-04-30T04:28:26.708732183Z stdout F OUTBOUND_IP_RANGES_INCLUDE=*
2022-04-30T04:28:26.708737139Z stdout F OUTBOUND_IP_RANGES_EXCLUDE=
2022-04-30T04:28:26.708741916Z stdout F OUTBOUND_PORTS_INCLUDE=
2022-04-30T04:28:26.708785764Z stdout F OUTBOUND_PORTS_EXCLUDE=
2022-04-30T04:28:26.708806987Z stdout F KUBE_VIRT_INTERFACES=
2022-04-30T04:28:26.70881361Z stdout F ENABLE_INBOUND_IPV6=false
2022-04-30T04:28:26.708818375Z stdout F DNS_CAPTURE=false
2022-04-30T04:28:26.708822528Z stdout F DROP_INVALID=false
2022-04-30T04:28:26.708826849Z stdout F CAPTURE_ALL_DNS=false
2022-04-30T04:28:26.708830861Z stdout F DNS_SERVERS=[],[]
2022-04-30T04:28:26.708835217Z stdout F OUTPUT_PATH=
2022-04-30T04:28:26.708948514Z stdout F NETWORK_NAMESPACE=
2022-04-30T04:28:26.70896518Z stdout F CNI_MODE=false
2022-04-30T04:28:26.709012444Z stdout F EXCLUDE_INTERFACES=
2022-04-30T04:28:26.70902114Z stdout F 
2022-04-30T04:28:26.709027506Z stdout F 2022-04-30T04:28:26.708048Z	info	Writing following contents to rules file: /tmp/iptables-rules-1651292906707451302.txt3652653602
2022-04-30T04:28:26.709032508Z stdout F * nat
2022-04-30T04:28:26.709036537Z stdout F -N ISTIO_INBOUND
2022-04-30T04:28:26.709040252Z stdout F -N ISTIO_REDIRECT
2022-04-30T04:28:26.70904776Z stdout F -N ISTIO_IN_REDIRECT
2022-04-30T04:28:26.709400337Z stdout F -N ISTIO_OUTPUT
2022-04-30T04:28:26.709422672Z stdout F -A ISTIO_INBOUND -p tcp --dport 15008 -j RETURN
2022-04-30T04:28:26.709513455Z stdout F -A ISTIO_REDIRECT -p tcp -j REDIRECT --to-ports 15001
2022-04-30T04:28:26.709529534Z stdout F -A ISTIO_IN_REDIRECT -p tcp -j REDIRECT --to-ports 15006
2022-04-30T04:28:26.709536377Z stdout F -A PREROUTING -p tcp -j ISTIO_INBOUND
2022-04-30T04:28:26.709542434Z stdout F -A ISTIO_INBOUND -p tcp --dport 15090 -j RETURN
2022-04-30T04:28:26.709551215Z stdout F -A ISTIO_INBOUND -p tcp --dport 15021 -j RETURN
2022-04-30T04:28:26.709556715Z stdout F -A ISTIO_INBOUND -p tcp --dport 15020 -j RETURN
2022-04-30T04:28:26.709561363Z stdout F -A ISTIO_INBOUND -p tcp -j ISTIO_IN_REDIRECT
2022-04-30T04:28:26.709566248Z stdout F -A OUTPUT -p tcp -j ISTIO_OUTPUT
2022-04-30T04:28:26.709570872Z stdout F -A ISTIO_OUTPUT -o lo -s 127.0.0.6/32 -j RETURN
2022-04-30T04:28:26.709576281Z stdout F -A ISTIO_OUTPUT -o lo ! -d 127.0.0.1/32 -m owner --uid-owner 1337 -j ISTIO_IN_REDIRECT
2022-04-30T04:28:26.709581206Z stdout F -A ISTIO_OUTPUT -o lo -m owner ! --uid-owner 1337 -j RETURN
2022-04-30T04:28:26.709586101Z stdout F -A ISTIO_OUTPUT -m owner --uid-owner 1337 -j RETURN
2022-04-30T04:28:26.70967549Z stdout F -A ISTIO_OUTPUT -o lo ! -d 127.0.0.1/32 -m owner --gid-owner 1337 -j ISTIO_IN_REDIRECT
2022-04-30T04:28:26.709684049Z stdout F -A ISTIO_OUTPUT -o lo -m owner ! --gid-owner 1337 -j RETURN
2022-04-30T04:28:26.709688926Z stdout F -A ISTIO_OUTPUT -m owner --gid-owner 1337 -j RETURN
2022-04-30T04:28:26.70969341Z stdout F -A ISTIO_OUTPUT -d 127.0.0.1/32 -j RETURN
2022-04-30T04:28:26.709698041Z stdout F -A ISTIO_OUTPUT -j ISTIO_REDIRECT
2022-04-30T04:28:26.70970324Z stdout F COMMIT
2022-04-30T04:28:26.709709126Z stdout F 2022-04-30T04:28:26.708122Z	info	Running command: iptables-restore --noflush /tmp/iptables-rules-1651292906707451302.txt3652653602
2022-04-30T04:28:26.729550726Z stdout F 2022-04-30T04:28:26.728866Z	info	Writing following contents to rules file: /tmp/ip6tables-rules-1651292906728794033.txt2281923964
2022-04-30T04:28:26.7295742Z stdout F 
2022-04-30T04:28:26.729579967Z stdout F 2022-04-30T04:28:26.728940Z	info	Running command: ip6tables-restore --noflush /tmp/ip6tables-rules-1651292906728794033.txt2281923964
2022-04-30T04:28:26.751697498Z stdout F 2022-04-30T04:28:26.748980Z	info	Running command: iptables-save 
2022-04-30T04:28:26.772568689Z stdout F 2022-04-30T04:28:26.772065Z	info	Command output: 
2022-04-30T04:28:26.772603787Z stdout F # Generated by iptables-save v1.8.4 on Sat Apr 30 04:28:26 2022
2022-04-30T04:28:26.772610481Z stdout F *nat
2022-04-30T04:28:26.772615786Z stdout F :PREROUTING ACCEPT [0:0]
2022-04-30T04:28:26.772620241Z stdout F :INPUT ACCEPT [0:0]
2022-04-30T04:28:26.772625196Z stdout F :OUTPUT ACCEPT [0:0]
2022-04-30T04:28:26.772630337Z stdout F :POSTROUTING ACCEPT [0:0]
2022-04-30T04:28:26.772647443Z stdout F :ISTIO_INBOUND - [0:0]
2022-04-30T04:28:26.772655514Z stdout F :ISTIO_IN_REDIRECT - [0:0]
2022-04-30T04:28:26.772660292Z stdout F :ISTIO_OUTPUT - [0:0]
2022-04-30T04:28:26.772664992Z stdout F :ISTIO_REDIRECT - [0:0]
2022-04-30T04:28:26.772670083Z stdout F -A PREROUTING -p tcp -j ISTIO_INBOUND
2022-04-30T04:28:26.77267434Z stdout F -A OUTPUT -p tcp -j ISTIO_OUTPUT
2022-04-30T04:28:26.77267873Z stdout F -A ISTIO_INBOUND -p tcp -m tcp --dport 15008 -j RETURN
2022-04-30T04:28:26.772683054Z stdout F -A ISTIO_INBOUND -p tcp -m tcp --dport 15090 -j RETURN
2022-04-30T04:28:26.772687424Z stdout F -A ISTIO_INBOUND -p tcp -m tcp --dport 15021 -j RETURN
2022-04-30T04:28:26.772691689Z stdout F -A ISTIO_INBOUND -p tcp -m tcp --dport 15020 -j RETURN
2022-04-30T04:28:26.772695982Z stdout F -A ISTIO_INBOUND -p tcp -j ISTIO_IN_REDIRECT
2022-04-30T04:28:26.772700275Z stdout F -A ISTIO_IN_REDIRECT -p tcp -j REDIRECT --to-ports 15006
2022-04-30T04:28:26.77270454Z stdout F -A ISTIO_OUTPUT -s 127.0.0.6/32 -o lo -j RETURN
2022-04-30T04:28:26.772709981Z stdout F -A ISTIO_OUTPUT ! -d 127.0.0.1/32 -o lo -m owner --uid-owner 1337 -j ISTIO_IN_REDIRECT
2022-04-30T04:28:26.772714366Z stdout F -A ISTIO_OUTPUT -o lo -m owner ! --uid-owner 1337 -j RETURN
2022-04-30T04:28:26.772718739Z stdout F -A ISTIO_OUTPUT -m owner --uid-owner 1337 -j RETURN
2022-04-30T04:28:26.772723099Z stdout F -A ISTIO_OUTPUT ! -d 127.0.0.1/32 -o lo -m owner --gid-owner 1337 -j ISTIO_IN_REDIRECT
2022-04-30T04:28:26.772727378Z stdout F -A ISTIO_OUTPUT -o lo -m owner ! --gid-owner 1337 -j RETURN
2022-04-30T04:28:26.77273178Z stdout F -A ISTIO_OUTPUT -m owner --gid-owner 1337 -j RETURN
2022-04-30T04:28:26.772736044Z stdout F -A ISTIO_OUTPUT -d 127.0.0.1/32 -j RETURN
2022-04-30T04:28:26.772740283Z stdout F -A ISTIO_OUTPUT -j ISTIO_REDIRECT
2022-04-30T04:28:26.772744596Z stdout F -A ISTIO_REDIRECT -p tcp -j REDIRECT --to-ports 15001
2022-04-30T04:28:26.77274925Z stdout F COMMIT
2022-04-30T04:28:26.772753594Z stdout F # Completed on Sat Apr 30 04:28:26 2022
2022-04-30T04:28:26.772757729Z stdout F 
