2022-06-13T02:22:10.501902474Z stdout F 2022-06-13T02:22:10.501704Z	info	Istio iptables environment:
2022-06-13T02:22:10.501940391Z stdout F ENVOY_PORT=
2022-06-13T02:22:10.501943904Z stdout F INBOUND_CAPTURE_PORT=
2022-06-13T02:22:10.501946136Z stdout F ISTIO_INBOUND_INTERCEPTION_MODE=
2022-06-13T02:22:10.501948197Z stdout F ISTIO_INBOUND_TPROXY_ROUTE_TABLE=
2022-06-13T02:22:10.501950028Z stdout F ISTIO_INBOUND_PORTS=
2022-06-13T02:22:10.501951725Z stdout F ISTIO_OUTBOUND_PORTS=
2022-06-13T02:22:10.501953563Z stdout F ISTIO_LOCAL_EXCLUDE_PORTS=
2022-06-13T02:22:10.501955402Z stdout F ISTIO_EXCLUDE_INTERFACES=
2022-06-13T02:22:10.501957337Z stdout F ISTIO_SERVICE_CIDR=
2022-06-13T02:22:10.50195904Z stdout F ISTIO_SERVICE_EXCLUDE_CIDR=
2022-06-13T02:22:10.501960765Z stdout F ISTIO_META_DNS_CAPTURE=
2022-06-13T02:22:10.501962475Z stdout F INVALID_DROP=
2022-06-13T02:22:10.50196412Z stdout F 
2022-06-13T02:22:10.501965925Z stdout F 2022-06-13T02:22:10.501801Z	info	Istio iptables variables:
2022-06-13T02:22:10.501967787Z stdout F PROXY_PORT=15001
2022-06-13T02:22:10.501969521Z stdout F PROXY_INBOUND_CAPTURE_PORT=15006
2022-06-13T02:22:10.50197115Z stdout F PROXY_TUNNEL_PORT=15008
2022-06-13T02:22:10.501972856Z stdout F PROXY_UID=1337
2022-06-13T02:22:10.501974512Z stdout F PROXY_GID=1337
2022-06-13T02:22:10.501976168Z stdout F INBOUND_INTERCEPTION_MODE=REDIRECT
2022-06-13T02:22:10.501977843Z stdout F INBOUND_TPROXY_MARK=1337
2022-06-13T02:22:10.502007014Z stdout F INBOUND_TPROXY_ROUTE_TABLE=133
2022-06-13T02:22:10.502008917Z stdout F INBOUND_PORTS_INCLUDE=*
2022-06-13T02:22:10.502010735Z stdout F INBOUND_PORTS_EXCLUDE=15090,15021,15020
2022-06-13T02:22:10.50201252Z stdout F OUTBOUND_IP_RANGES_INCLUDE=*
2022-06-13T02:22:10.502014329Z stdout F OUTBOUND_IP_RANGES_EXCLUDE=
2022-06-13T02:22:10.502016147Z stdout F OUTBOUND_PORTS_INCLUDE=
2022-06-13T02:22:10.502017946Z stdout F OUTBOUND_PORTS_EXCLUDE=
2022-06-13T02:22:10.502019748Z stdout F KUBE_VIRT_INTERFACES=
2022-06-13T02:22:10.502021574Z stdout F ENABLE_INBOUND_IPV6=false
2022-06-13T02:22:10.502023412Z stdout F DNS_CAPTURE=false
2022-06-13T02:22:10.502025268Z stdout F DROP_INVALID=false
2022-06-13T02:22:10.50202708Z stdout F CAPTURE_ALL_DNS=false
2022-06-13T02:22:10.502028948Z stdout F DNS_SERVERS=[],[]
2022-06-13T02:22:10.502031123Z stdout F OUTPUT_PATH=
2022-06-13T02:22:10.502047591Z stdout F NETWORK_NAMESPACE=
2022-06-13T02:22:10.502049555Z stdout F CNI_MODE=false
2022-06-13T02:22:10.502051297Z stdout F EXCLUDE_INTERFACES=
2022-06-13T02:22:10.50205294Z stdout F 
2022-06-13T02:22:10.502361717Z stdout F 2022-06-13T02:22:10.502107Z	info	Writing following contents to rules file: /tmp/iptables-rules-1655086930501861854.txt2923679940
2022-06-13T02:22:10.50237061Z stdout F * nat
2022-06-13T02:22:10.502373535Z stdout F -N ISTIO_INBOUND
2022-06-13T02:22:10.50237559Z stdout F -N ISTIO_REDIRECT
2022-06-13T02:22:10.502377307Z stdout F -N ISTIO_IN_REDIRECT
2022-06-13T02:22:10.502407468Z stdout F -N ISTIO_OUTPUT
2022-06-13T02:22:10.502409868Z stdout F -A ISTIO_INBOUND -p tcp --dport 15008 -j RETURN
2022-06-13T02:22:10.502412082Z stdout F -A ISTIO_REDIRECT -p tcp -j REDIRECT --to-ports 15001
2022-06-13T02:22:10.502413914Z stdout F -A ISTIO_IN_REDIRECT -p tcp -j REDIRECT --to-ports 15006
2022-06-13T02:22:10.502415709Z stdout F -A PREROUTING -p tcp -j ISTIO_INBOUND
2022-06-13T02:22:10.502417527Z stdout F -A ISTIO_INBOUND -p tcp --dport 15090 -j RETURN
2022-06-13T02:22:10.502419351Z stdout F -A ISTIO_INBOUND -p tcp --dport 15021 -j RETURN
2022-06-13T02:22:10.502421168Z stdout F -A ISTIO_INBOUND -p tcp --dport 15020 -j RETURN
2022-06-13T02:22:10.502422986Z stdout F -A ISTIO_INBOUND -p tcp -j ISTIO_IN_REDIRECT
2022-06-13T02:22:10.502425052Z stdout F -A OUTPUT -p tcp -j ISTIO_OUTPUT
2022-06-13T02:22:10.502426879Z stdout F -A ISTIO_OUTPUT -o lo -s 127.0.0.6/32 -j RETURN
2022-06-13T02:22:10.502428976Z stdout F -A ISTIO_OUTPUT -o lo ! -d 127.0.0.1/32 -m owner --uid-owner 1337 -j ISTIO_IN_REDIRECT
2022-06-13T02:22:10.502430767Z stdout F -A ISTIO_OUTPUT -o lo -m owner ! --uid-owner 1337 -j RETURN
2022-06-13T02:22:10.502432606Z stdout F -A ISTIO_OUTPUT -m owner --uid-owner 1337 -j RETURN
2022-06-13T02:22:10.502458239Z stdout F -A ISTIO_OUTPUT -o lo ! -d 127.0.0.1/32 -m owner --gid-owner 1337 -j ISTIO_IN_REDIRECT
2022-06-13T02:22:10.502460447Z stdout F -A ISTIO_OUTPUT -o lo -m owner ! --gid-owner 1337 -j RETURN
2022-06-13T02:22:10.502483341Z stdout F -A ISTIO_OUTPUT -m owner --gid-owner 1337 -j RETURN
2022-06-13T02:22:10.502485238Z stdout F -A ISTIO_OUTPUT -d 127.0.0.1/32 -j RETURN
2022-06-13T02:22:10.50248709Z stdout F -A ISTIO_OUTPUT -j ISTIO_REDIRECT
2022-06-13T02:22:10.50248899Z stdout F COMMIT
2022-06-13T02:22:10.502491414Z stdout F 2022-06-13T02:22:10.502320Z	info	Running command: iptables-restore --noflush /tmp/iptables-rules-1655086930501861854.txt2923679940
2022-06-13T02:22:10.510329974Z stdout F 2022-06-13T02:22:10.510189Z	info	Writing following contents to rules file: /tmp/ip6tables-rules-1655086930510125474.txt768437208
2022-06-13T02:22:10.510346894Z stdout F 
2022-06-13T02:22:10.510350834Z stdout F 2022-06-13T02:22:10.510213Z	info	Running command: ip6tables-restore --noflush /tmp/ip6tables-rules-1655086930510125474.txt768437208
2022-06-13T02:22:10.51186132Z stdout F 2022-06-13T02:22:10.511702Z	info	Running command: iptables-save 
2022-06-13T02:22:10.515179424Z stdout F 2022-06-13T02:22:10.515062Z	info	Command output: 
2022-06-13T02:22:10.515194316Z stdout F # Generated by iptables-save v1.8.4 on Mon Jun 13 02:22:10 2022
2022-06-13T02:22:10.515197512Z stdout F *nat
2022-06-13T02:22:10.515200242Z stdout F :PREROUTING ACCEPT [0:0]
2022-06-13T02:22:10.51520248Z stdout F :INPUT ACCEPT [0:0]
2022-06-13T02:22:10.515204915Z stdout F :OUTPUT ACCEPT [0:0]
2022-06-13T02:22:10.515207274Z stdout F :POSTROUTING ACCEPT [0:0]
2022-06-13T02:22:10.515209447Z stdout F :ISTIO_INBOUND - [0:0]
2022-06-13T02:22:10.515211648Z stdout F :ISTIO_IN_REDIRECT - [0:0]
2022-06-13T02:22:10.515213767Z stdout F :ISTIO_OUTPUT - [0:0]
2022-06-13T02:22:10.515215929Z stdout F :ISTIO_REDIRECT - [0:0]
2022-06-13T02:22:10.51521843Z stdout F -A PREROUTING -p tcp -j ISTIO_INBOUND
2022-06-13T02:22:10.515220567Z stdout F -A OUTPUT -p tcp -j ISTIO_OUTPUT
2022-06-13T02:22:10.51522285Z stdout F -A ISTIO_INBOUND -p tcp -m tcp --dport 15008 -j RETURN
2022-06-13T02:22:10.515225005Z stdout F -A ISTIO_INBOUND -p tcp -m tcp --dport 15090 -j RETURN
2022-06-13T02:22:10.515227182Z stdout F -A ISTIO_INBOUND -p tcp -m tcp --dport 15021 -j RETURN
2022-06-13T02:22:10.515229313Z stdout F -A ISTIO_INBOUND -p tcp -m tcp --dport 15020 -j RETURN
2022-06-13T02:22:10.515231472Z stdout F -A ISTIO_INBOUND -p tcp -j ISTIO_IN_REDIRECT
2022-06-13T02:22:10.515233626Z stdout F -A ISTIO_IN_REDIRECT -p tcp -j REDIRECT --to-ports 15006
2022-06-13T02:22:10.515235726Z stdout F -A ISTIO_OUTPUT -s 127.0.0.6/32 -o lo -j RETURN
2022-06-13T02:22:10.515238189Z stdout F -A ISTIO_OUTPUT ! -d 127.0.0.1/32 -o lo -m owner --uid-owner 1337 -j ISTIO_IN_REDIRECT
2022-06-13T02:22:10.515240391Z stdout F -A ISTIO_OUTPUT -o lo -m owner ! --uid-owner 1337 -j RETURN
2022-06-13T02:22:10.515242539Z stdout F -A ISTIO_OUTPUT -m owner --uid-owner 1337 -j RETURN
2022-06-13T02:22:10.515244816Z stdout F -A ISTIO_OUTPUT ! -d 127.0.0.1/32 -o lo -m owner --gid-owner 1337 -j ISTIO_IN_REDIRECT
2022-06-13T02:22:10.515246975Z stdout F -A ISTIO_OUTPUT -o lo -m owner ! --gid-owner 1337 -j RETURN
2022-06-13T02:22:10.515249101Z stdout F -A ISTIO_OUTPUT -m owner --gid-owner 1337 -j RETURN
2022-06-13T02:22:10.515251239Z stdout F -A ISTIO_OUTPUT -d 127.0.0.1/32 -j RETURN
2022-06-13T02:22:10.515253404Z stdout F -A ISTIO_OUTPUT -j ISTIO_REDIRECT
2022-06-13T02:22:10.515255545Z stdout F -A ISTIO_REDIRECT -p tcp -j REDIRECT --to-ports 15001
2022-06-13T02:22:10.515258008Z stdout F COMMIT
2022-06-13T02:22:10.515260245Z stdout F # Completed on Mon Jun 13 02:22:10 2022
2022-06-13T02:22:10.515262327Z stdout F 
