2022-05-25T10:54:35.710927036Z stdout F 2022-05-25 18:54:35.376  INFO [bootstrap,,,] 1 --- [           main] s.c.a.AnnotationConfigApplicationContext : Refreshing org.springframework.context.annotation.AnnotationConfigApplicationContext@48533e64: startup date [Wed May 25 18:54:35 CST 2022]; root of context hierarchy
2022-05-25T10:55:11.790850727Z stdout F 2022-05-25 18:55:11.789  INFO [bootstrap,,,] 1 --- [           main] trationDelegate$BeanPostProcessorChecker : Bean 'configurationPropertiesRebinderAutoConfiguration' of type [org.springframework.cloud.autoconfigure.ConfigurationPropertiesRebinderAutoConfiguration$$EnhancerBySpringCGLIB$$3c5b44cd] is not eligible for getting processed by all BeanPostProcessors (for example: not eligible for auto-proxying)
2022-05-25T10:56:17.903234749Z stdout F 
2022-05-25T10:56:17.903304185Z stdout F   .   ____          _            __ _ _
2022-05-25T10:56:17.903317129Z stdout F  /\\ / ___'_ __ _ _(_)_ __  __ _ \ \ \ \
2022-05-25T10:56:17.903322251Z stdout F ( ( )\___ | '_ | '_| | '_ \/ _` | \ \ \ \
2022-05-25T10:56:17.90332622Z stdout F  \\/  ___)| |_)| | | | | || (_| |  ) ) ) )
2022-05-25T10:56:17.903330244Z stdout F   '  |____| .__|_| |_|_| |_\__, | / / / /
2022-05-25T10:56:17.903337865Z stdout F  =========|_|==============|___/=/_/_/_/
2022-05-25T10:56:18.050467446Z stdout F  :: Spring Boot ::       (v1.5.22.RELEASE)
2022-05-25T10:56:18.050510164Z stdout F 
2022-05-25T10:56:21.85461644Z stdout F 2022-05-25 18:56:21.853  INFO [ts-rebook-service,,,] 1 --- [           main] rebook.RebookApplication                 : No active profile set, falling back to default profiles: default
2022-05-25T10:56:26.107095824Z stdout F 2022-05-25 18:56:26.102  INFO [ts-rebook-service,,,] 1 --- [           main] ationConfigEmbeddedWebApplicationContext : Refreshing org.springframework.boot.context.embedded.AnnotationConfigEmbeddedWebApplicationContext@4f933fd1: startup date [Wed May 25 18:56:26 CST 2022]; parent: org.springframework.context.annotation.AnnotationConfigApplicationContext@48533e64
2022-05-25T10:57:47.564235317Z stdout F 2022-05-25 18:57:47.563  INFO [ts-rebook-service,,,] 1 --- [           main] o.s.i.config.IntegrationRegistrar        : No bean named 'integrationHeaderChannelRegistry' has been explicitly defined. Therefore, a default DefaultHeaderChannelRegistry will be created.
2022-05-25T10:58:12.414562793Z stdout F 2022-05-25 18:58:12.390  INFO [ts-rebook-service,,,] 1 --- [           main] o.s.cloud.context.scope.GenericScope     : BeanFactory id=5bdd49a3-66c4-39c0-a09b-2eb5a71ad072
2022-05-25T10:58:13.698262635Z stdout F 2022-05-25 18:58:13.697  INFO [ts-rebook-service,,,] 1 --- [           main] faultConfiguringBeanFactoryPostProcessor : No bean named 'errorChannel' has been explicitly defined. Therefore, a default PublishSubscribeChannel will be created.
2022-05-25T10:58:13.845193497Z stdout F 2022-05-25 18:58:13.844  INFO [ts-rebook-service,,,] 1 --- [           main] faultConfiguringBeanFactoryPostProcessor : No bean named 'taskScheduler' has been explicitly defined. Therefore, a default ThreadPoolTaskScheduler will be created.
2022-05-25T10:58:21.994679526Z stdout F 2022-05-25 18:58:21.993  INFO [ts-rebook-service,,,] 1 --- [           main] trationDelegate$BeanPostProcessorChecker : Bean 'org.springframework.cloud.sleuth.instrument.async.AsyncDefaultAutoConfiguration$DefaultAsyncConfigurerSupport' of type [org.springframework.cloud.sleuth.instrument.async.AsyncDefaultAutoConfiguration$DefaultAsyncConfigurerSupport$$EnhancerBySpringCGLIB$$5d82df93] is not eligible for getting processed by all BeanPostProcessors (for example: not eligible for auto-proxying)
2022-05-25T10:58:28.454589768Z stdout F 2022-05-25 18:58:28.403  INFO [ts-rebook-service,,,] 1 --- [           main] trationDelegate$BeanPostProcessorChecker : Bean 'org.springframework.cloud.sleuth.annotation.SleuthAnnotationAutoConfiguration' of type [org.springframework.cloud.sleuth.annotation.SleuthAnnotationAutoConfiguration$$EnhancerBySpringCGLIB$$22a68802] is not eligible for getting processed by all BeanPostProcessors (for example: not eligible for auto-proxying)
2022-05-25T10:58:37.993945108Z stdout F 2022-05-25 18:58:37.993  INFO [ts-rebook-service,,,] 1 --- [           main] trationDelegate$BeanPostProcessorChecker : Bean 'sleuthAdvisorConfig' of type [org.springframework.cloud.sleuth.annotation.SleuthAdvisorConfig] is not eligible for getting processed by all BeanPostProcessors (for example: not eligible for auto-proxying)
2022-05-25T10:58:39.470108305Z stdout F 2022-05-25 18:58:39.469  INFO [ts-rebook-service,,,] 1 --- [           main] trationDelegate$BeanPostProcessorChecker : Bean 'org.springframework.security.config.annotation.configuration.ObjectPostProcessorConfiguration' of type [org.springframework.security.config.annotation.configuration.ObjectPostProcessorConfiguration$$EnhancerBySpringCGLIB$$b8ef0a0a] is not eligible for getting processed by all BeanPostProcessors (for example: not eligible for auto-proxying)
2022-05-25T10:58:41.988643201Z stdout F 2022-05-25 18:58:41.987  INFO [ts-rebook-service,,,] 1 --- [           main] trationDelegate$BeanPostProcessorChecker : Bean 'objectPostProcessor' of type [org.springframework.security.config.annotation.configuration.AutowireBeanFactoryObjectPostProcessor] is not eligible for getting processed by all BeanPostProcessors (for example: not eligible for auto-proxying)
2022-05-25T10:58:42.484416646Z stdout F 2022-05-25 18:58:42.483  INFO [ts-rebook-service,,,] 1 --- [           main] trationDelegate$BeanPostProcessorChecker : Bean 'org.springframework.security.access.expression.method.DefaultMethodSecurityExpressionHandler@7bbc8656' of type [org.springframework.security.access.expression.method.DefaultMethodSecurityExpressionHandler] is not eligible for getting processed by all BeanPostProcessors (for example: not eligible for auto-proxying)
2022-05-25T10:58:43.610836777Z stdout F 2022-05-25 18:58:43.609  INFO [ts-rebook-service,,,] 1 --- [           main] trationDelegate$BeanPostProcessorChecker : Bean 'org.springframework.security.config.annotation.method.configuration.GlobalMethodSecurityConfiguration' of type [org.springframework.security.config.annotation.method.configuration.GlobalMethodSecurityConfiguration$$EnhancerBySpringCGLIB$$ddc3acbc] is not eligible for getting processed by all BeanPostProcessors (for example: not eligible for auto-proxying)
2022-05-25T10:58:45.699218561Z stdout F 2022-05-25 18:58:45.698  INFO [ts-rebook-service,,,] 1 --- [           main] trationDelegate$BeanPostProcessorChecker : Bean 'methodSecurityMetadataSource' of type [org.springframework.security.access.method.DelegatingMethodSecurityMetadataSource] is not eligible for getting processed by all BeanPostProcessors (for example: not eligible for auto-proxying)
2022-05-25T10:58:53.060415654Z stdout F 2022-05-25 18:58:52.987  INFO [ts-rebook-service,,,] 1 --- [           main] trationDelegate$BeanPostProcessorChecker : Bean 'integrationGlobalProperties' of type [org.springframework.beans.factory.config.PropertiesFactoryBean] is not eligible for getting processed by all BeanPostProcessors (for example: not eligible for auto-proxying)
2022-05-25T10:58:54.706825185Z stdout F 2022-05-25 18:58:54.666  INFO [ts-rebook-service,,,] 1 --- [           main] trationDelegate$BeanPostProcessorChecker : Bean 'integrationGlobalProperties' of type [java.util.Properties] is not eligible for getting processed by all BeanPostProcessors (for example: not eligible for auto-proxying)
2022-05-25T10:59:03.736291168Z stdout F 2022-05-25 18:59:03.735  INFO [ts-rebook-service,,,] 1 --- [           main] trationDelegate$BeanPostProcessorChecker : Bean 'org.springframework.cloud.autoconfigure.ConfigurationPropertiesRebinderAutoConfiguration' of type [org.springframework.cloud.autoconfigure.ConfigurationPropertiesRebinderAutoConfiguration$$EnhancerBySpringCGLIB$$3c5b44cd] is not eligible for getting processed by all BeanPostProcessors (for example: not eligible for auto-proxying)
2022-05-25T10:59:05.612924246Z stdout F 2022-05-25 18:59:05.611  INFO [ts-rebook-service,,,] 1 --- [           main] trationDelegate$BeanPostProcessorChecker : Bean 'org.springframework.cloud.sleuth.instrument.async.AsyncDefaultAutoConfiguration' of type [org.springframework.cloud.sleuth.instrument.async.AsyncDefaultAutoConfiguration$$EnhancerBySpringCGLIB$$824edef] is not eligible for getting processed by all BeanPostProcessors (for example: not eligible for auto-proxying)
2022-05-25T10:59:08.762911902Z stdout F 2022-05-25 18:59:08.761  INFO [ts-rebook-service,,,] 1 --- [           main] trationDelegate$BeanPostProcessorChecker : Bean 'org.springframework.cloud.sleuth.instrument.web.client.TraceWebClientAutoConfiguration' of type [org.springframework.cloud.sleuth.instrument.web.client.TraceWebClientAutoConfiguration$$EnhancerBySpringCGLIB$$ccd40d4f] is not eligible for getting processed by all BeanPostProcessors (for example: not eligible for auto-proxying)
2022-05-25T11:00:52.397349946Z stdout F 2022-05-25 19:00:52.382  INFO [ts-rebook-service,,,] 1 --- [           main] s.b.c.e.t.TomcatEmbeddedServletContainer : Tomcat initialized with port(s): 18886 (http)
2022-05-25T11:00:56.308781859Z stdout F 2022-05-25 19:00:56.243  INFO [ts-rebook-service,,,] 1 --- [           main] o.apache.catalina.core.StandardService   : Starting service [Tomcat]
2022-05-25T11:00:56.353301996Z stdout F 2022-05-25 19:00:56.323  INFO [ts-rebook-service,,,] 1 --- [           main] org.apache.catalina.core.StandardEngine  : Starting Servlet Engine: Apache Tomcat/8.5.43
2022-05-25T11:01:09.624585221Z stdout F 2022-05-25 19:01:09.607  INFO [ts-rebook-service,,,] 1 --- [ost-startStop-1] o.a.c.c.C.[Tomcat].[localhost].[/]       : Initializing Spring embedded WebApplicationContext
2022-05-25T11:01:09.625066324Z stdout F 2022-05-25 19:01:09.624  INFO [ts-rebook-service,,,] 1 --- [ost-startStop-1] o.s.web.context.ContextLoader            : Root WebApplicationContext: initialization completed in 283522 ms
2022-05-25T11:02:54.5401367Z stdout F 2022-05-25 19:02:54.539  INFO [ts-rebook-service,,,] 1 --- [ost-startStop-1] o.s.b.w.servlet.FilterRegistrationBean   : Mapping filter: 'metricsFilter' to: [/*]
2022-05-25T11:02:54.541283211Z stdout F 2022-05-25 19:02:54.540  INFO [ts-rebook-service,,,] 1 --- [ost-startStop-1] o.s.b.w.servlet.FilterRegistrationBean   : Mapping filter: 'characterEncodingFilter' to: [/*]
2022-05-25T11:02:54.541547022Z stdout F 2022-05-25 19:02:54.541  INFO [ts-rebook-service,,,] 1 --- [ost-startStop-1] o.s.b.w.servlet.FilterRegistrationBean   : Mapping filter: 'traceFilter' to: [/*]
2022-05-25T11:02:54.54162573Z stdout F 2022-05-25 19:02:54.541  INFO [ts-rebook-service,,,] 1 --- [ost-startStop-1] o.s.b.w.servlet.FilterRegistrationBean   : Mapping filter: 'hiddenHttpMethodFilter' to: [/*]
2022-05-25T11:02:54.541877792Z stdout F 2022-05-25 19:02:54.541  INFO [ts-rebook-service,,,] 1 --- [ost-startStop-1] o.s.b.w.servlet.FilterRegistrationBean   : Mapping filter: 'httpPutFormContentFilter' to: [/*]
2022-05-25T11:02:54.541902591Z stdout F 2022-05-25 19:02:54.541  INFO [ts-rebook-service,,,] 1 --- [ost-startStop-1] o.s.b.w.servlet.FilterRegistrationBean   : Mapping filter: 'requestContextFilter' to: [/*]
2022-05-25T11:02:54.656156699Z stdout F 2022-05-25 19:02:54.655  INFO [ts-rebook-service,,,] 1 --- [ost-startStop-1] .s.DelegatingFilterProxyRegistrationBean : Mapping filter: 'springSecurityFilterChain' to: [/*]
2022-05-25T11:02:54.656241825Z stdout F 2022-05-25 19:02:54.655  INFO [ts-rebook-service,,,] 1 --- [ost-startStop-1] o.s.b.w.servlet.FilterRegistrationBean   : Mapping filter: 'webRequestLoggingFilter' to: [/*]
2022-05-25T11:02:54.74650512Z stdout F 2022-05-25 19:02:54.745  INFO [ts-rebook-service,,,] 1 --- [ost-startStop-1] o.s.b.w.servlet.FilterRegistrationBean   : Mapping filter: 'applicationContextIdFilter' to: [/*]
2022-05-25T11:02:54.785559752Z stdout F 2022-05-25 19:02:54.752  INFO [ts-rebook-service,,,] 1 --- [ost-startStop-1] o.s.b.w.servlet.ServletRegistrationBean  : Mapping servlet: 'dispatcherServlet' to [/]
2022-05-25T11:10:08.035280529Z stdout F 2022-05-25 19:10:04.650  INFO [ts-rebook-service,,,] 1 --- [           main] s.w.s.m.m.a.RequestMappingHandlerMapping : Mapped "{[/api/v1/rebookservice/welcome],methods=[GET]}" onto public java.lang.String rebook.controller.RebookController.home()
2022-05-25T11:10:11.362969353Z stdout F 2022-05-25 19:10:11.361  INFO [ts-rebook-service,,,] 1 --- [           main] s.w.s.m.m.a.RequestMappingHandlerMapping : Mapped "{[/api/v1/rebookservice/rebook/difference],methods=[POST]}" onto public org.springframework.http.HttpEntity rebook.controller.RebookController.payDifference(rebook.entity.RebookInfo,org.springframework.http.HttpHeaders)
2022-05-25T11:10:11.463819206Z stdout F 2022-05-25 19:10:11.460  INFO [ts-rebook-service,,,] 1 --- [           main] s.w.s.m.m.a.RequestMappingHandlerMapping : Mapped "{[/api/v1/rebookservice/rebook],methods=[POST]}" onto public org.springframework.http.HttpEntity rebook.controller.RebookController.rebook(rebook.entity.RebookInfo,org.springframework.http.HttpHeaders)
2022-05-25T11:10:13.658620518Z stdout F 2022-05-25 19:10:13.657  INFO [ts-rebook-service,,,] 1 --- [           main] s.w.s.m.m.a.RequestMappingHandlerMapping : Mapped "{[/v2/api-docs],methods=[GET],produces=[application/json || application/hal+json]}" onto public org.springframework.http.ResponseEntity<springfox.documentation.spring.web.json.Json> springfox.documentation.swagger2.web.Swagger2Controller.getDocumentation(java.lang.String,javax.servlet.http.HttpServletRequest)
2022-05-25T11:10:19.288055694Z stdout F 2022-05-25 19:10:19.216  INFO [ts-rebook-service,,,] 1 --- [           main] s.w.s.m.m.a.RequestMappingHandlerMapping : Mapped "{[/configuration/ui]}" onto org.springframework.http.ResponseEntity<springfox.documentation.swagger.web.UiConfiguration> springfox.documentation.swagger.web.ApiResourceController.uiConfiguration()
2022-05-25T11:10:19.928760784Z stdout F 2022-05-25 19:10:19.761  INFO [ts-rebook-service,,,] 1 --- [           main] s.w.s.m.m.a.RequestMappingHandlerMapping : Mapped "{[/configuration/security]}" onto org.springframework.http.ResponseEntity<springfox.documentation.swagger.web.SecurityConfiguration> springfox.documentation.swagger.web.ApiResourceController.securityConfiguration()
2022-05-25T11:10:20.190248621Z stdout F 2022-05-25 19:10:20.035  INFO [ts-rebook-service,,,] 1 --- [           main] s.w.s.m.m.a.RequestMappingHandlerMapping : Mapped "{[/swagger-resources]}" onto org.springframework.http.ResponseEntity<java.util.List<springfox.documentation.swagger.web.SwaggerResource>> springfox.documentation.swagger.web.ApiResourceController.swaggerResources()
2022-05-25T11:10:25.277190701Z stdout F 2022-05-25 19:10:24.644  INFO [ts-rebook-service,,,] 1 --- [           main] s.w.s.m.m.a.RequestMappingHandlerMapping : Mapped "{[/error]}" onto public org.springframework.http.ResponseEntity<java.util.Map<java.lang.String, java.lang.Object>> org.springframework.boot.autoconfigure.web.BasicErrorController.error(javax.servlet.http.HttpServletRequest)
2022-05-25T11:10:26.245346376Z stdout F 2022-05-25 19:10:26.243  INFO [ts-rebook-service,,,] 1 --- [           main] s.w.s.m.m.a.RequestMappingHandlerMapping : Mapped "{[/error],produces=[text/html]}" onto public org.springframework.web.servlet.ModelAndView org.springframework.boot.autoconfigure.web.BasicErrorController.errorHtml(javax.servlet.http.HttpServletRequest,javax.servlet.http.HttpServletResponse)
2022-05-25T11:11:30.339989706Z stdout F 2022-05-25 19:11:30.334  INFO [ts-rebook-service,,,] 1 --- [           main] o.s.b.a.e.mvc.EndpointHandlerMapping     : Mapped "{[/heapdump || /heapdump.json],methods=[GET],produces=[application/octet-stream]}" onto public void org.springframework.boot.actuate.endpoint.mvc.HeapdumpMvcEndpoint.invoke(boolean,javax.servlet.http.HttpServletRequest,javax.servlet.http.HttpServletResponse) throws java.io.IOException,javax.servlet.ServletException
2022-05-25T11:11:30.405778833Z stdout F 2022-05-25 19:11:30.396  INFO [ts-rebook-service,,,] 1 --- [           main] o.s.b.a.e.mvc.EndpointHandlerMapping     : Mapped "{[/refresh || /refresh.json],methods=[POST]}" onto public java.lang.Object org.springframework.cloud.endpoint.GenericPostableMvcEndpoint.invoke()
2022-05-25T11:11:30.419914133Z stdout F 2022-05-25 19:11:30.418  INFO [ts-rebook-service,,,] 1 --- [           main] o.s.b.a.e.mvc.EndpointHandlerMapping     : Mapped "{[/autoconfig || /autoconfig.json],methods=[GET],produces=[application/vnd.spring-boot.actuator.v1+json || application/json]}" onto public java.lang.Object org.springframework.boot.actuate.endpoint.mvc.EndpointMvcAdapter.invoke()
2022-05-25T11:11:30.484619148Z stdout F 2022-05-25 19:11:30.482  INFO [ts-rebook-service,,,] 1 --- [           main] o.s.b.a.e.mvc.EndpointHandlerMapping     : Mapped "{[/trace || /trace.json],methods=[GET],produces=[application/vnd.spring-boot.actuator.v1+json || application/json]}" onto public java.lang.Object org.springframework.boot.actuate.endpoint.mvc.EndpointMvcAdapter.invoke()
2022-05-25T11:11:30.523042018Z stdout F 2022-05-25 19:11:30.520  INFO [ts-rebook-service,,,] 1 --- [           main] o.s.b.a.e.mvc.EndpointHandlerMapping     : Mapped "{[/metrics/{name:.*}],methods=[GET],produces=[application/vnd.spring-boot.actuator.v1+json || application/json]}" onto public java.lang.Object org.springframework.boot.actuate.endpoint.mvc.MetricsMvcEndpoint.value(java.lang.String)
2022-05-25T11:11:30.523092568Z stdout F 2022-05-25 19:11:30.520  INFO [ts-rebook-service,,,] 1 --- [           main] o.s.b.a.e.mvc.EndpointHandlerMapping     : Mapped "{[/metrics || /metrics.json],methods=[GET],produces=[application/vnd.spring-boot.actuator.v1+json || application/json]}" onto public java.lang.Object org.springframework.boot.actuate.endpoint.mvc.EndpointMvcAdapter.invoke()
2022-05-25T11:11:30.66118114Z stdout F 2022-05-25 19:11:30.611  INFO [ts-rebook-service,,,] 1 --- [           main] o.s.b.a.e.mvc.EndpointHandlerMapping     : Mapped "{[/auditevents || /auditevents.json],methods=[GET],produces=[application/vnd.spring-boot.actuator.v1+json || application/json]}" onto public org.springframework.http.ResponseEntity<?> org.springframework.boot.actuate.endpoint.mvc.AuditEventsMvcEndpoint.findByPrincipalAndAfterAndType(java.lang.String,java.util.Date,java.lang.String)
2022-05-25T11:11:30.706555633Z stdout F 2022-05-25 19:11:30.705  INFO [ts-rebook-service,,,] 1 --- [           main] o.s.b.a.e.mvc.EndpointHandlerMapping     : Mapped "{[/env/{name:.*}],methods=[GET],produces=[application/vnd.spring-boot.actuator.v1+json || application/json]}" onto public java.lang.Object org.springframework.boot.actuate.endpoint.mvc.EnvironmentMvcEndpoint.value(java.lang.String)
2022-05-25T11:11:30.706593987Z stdout F 2022-05-25 19:11:30.705  INFO [ts-rebook-service,,,] 1 --- [           main] o.s.b.a.e.mvc.EndpointHandlerMapping     : Mapped "{[/env || /env.json],methods=[GET],produces=[application/vnd.spring-boot.actuator.v1+json || application/json]}" onto public java.lang.Object org.springframework.boot.actuate.endpoint.mvc.EndpointMvcAdapter.invoke()
2022-05-25T11:11:30.709029693Z stdout F 2022-05-25 19:11:30.707  INFO [ts-rebook-service,,,] 1 --- [           main] o.s.b.a.e.mvc.EndpointHandlerMapping     : Mapped "{[/beans || /beans.json],methods=[GET],produces=[application/vnd.spring-boot.actuator.v1+json || application/json]}" onto public java.lang.Object org.springframework.boot.actuate.endpoint.mvc.EndpointMvcAdapter.invoke()
2022-05-25T11:11:30.797215412Z stdout F 2022-05-25 19:11:30.796  INFO [ts-rebook-service,,,] 1 --- [           main] o.s.b.a.e.mvc.EndpointHandlerMapping     : Mapped "{[/configprops || /configprops.json],methods=[GET],produces=[application/vnd.spring-boot.actuator.v1+json || application/json]}" onto public java.lang.Object org.springframework.boot.actuate.endpoint.mvc.EndpointMvcAdapter.invoke()
2022-05-25T11:11:30.79885667Z stdout F 2022-05-25 19:11:30.797  INFO [ts-rebook-service,,,] 1 --- [           main] o.s.b.a.e.mvc.EndpointHandlerMapping     : Mapped "{[/features || /features.json],methods=[GET],produces=[application/vnd.spring-boot.actuator.v1+json || application/json]}" onto public java.lang.Object org.springframework.boot.actuate.endpoint.mvc.EndpointMvcAdapter.invoke()
2022-05-25T11:11:30.993182712Z stdout F 2022-05-25 19:11:30.992  INFO [ts-rebook-service,,,] 1 --- [           main] o.s.b.a.e.mvc.EndpointHandlerMapping     : Mapped "{[/health || /health.json],methods=[GET],produces=[application/vnd.spring-boot.actuator.v1+json || application/json]}" onto public java.lang.Object org.springframework.boot.actuate.endpoint.mvc.HealthMvcEndpoint.invoke(javax.servlet.http.HttpServletRequest,java.security.Principal)
2022-05-25T11:11:30.994873999Z stdout F 2022-05-25 19:11:30.994  INFO [ts-rebook-service,,,] 1 --- [           main] o.s.b.a.e.mvc.EndpointHandlerMapping     : Mapped "{[/env],methods=[POST]}" onto public java.lang.Object org.springframework.cloud.context.environment.EnvironmentManagerMvcEndpoint.value(java.util.Map<java.lang.String, java.lang.String>)
2022-05-25T11:11:31.091466781Z stdout F 2022-05-25 19:11:30.995  INFO [ts-rebook-service,,,] 1 --- [           main] o.s.b.a.e.mvc.EndpointHandlerMapping     : Mapped "{[/env/reset],methods=[POST]}" onto public java.util.Map<java.lang.String, java.lang.Object> org.springframework.cloud.context.environment.EnvironmentManagerMvcEndpoint.reset()
2022-05-25T11:11:31.114826943Z stdout F 2022-05-25 19:11:31.101  INFO [ts-rebook-service,,,] 1 --- [           main] o.s.b.a.e.mvc.EndpointHandlerMapping     : Mapped "{[/info || /info.json],methods=[GET],produces=[application/vnd.spring-boot.actuator.v1+json || application/json]}" onto public java.lang.Object org.springframework.boot.actuate.endpoint.mvc.EndpointMvcAdapter.invoke()
2022-05-25T11:11:31.118087722Z stdout F 2022-05-25 19:11:31.116  INFO [ts-rebook-service,,,] 1 --- [           main] o.s.b.a.e.mvc.EndpointHandlerMapping     : Mapped "{[/mappings || /mappings.json],methods=[GET],produces=[application/vnd.spring-boot.actuator.v1+json || application/json]}" onto public java.lang.Object org.springframework.boot.actuate.endpoint.mvc.EndpointMvcAdapter.invoke()
2022-05-25T11:11:31.118135889Z stdout F 2022-05-25 19:11:31.117  INFO [ts-rebook-service,,,] 1 --- [           main] o.s.b.a.e.mvc.EndpointHandlerMapping     : Mapped "{[/dump || /dump.json],methods=[GET],produces=[application/vnd.spring-boot.actuator.v1+json || application/json]}" onto public java.lang.Object org.springframework.boot.actuate.endpoint.mvc.EndpointMvcAdapter.invoke()
2022-05-25T11:11:31.225272559Z stdout F 2022-05-25 19:11:31.224  INFO [ts-rebook-service,,,] 1 --- [           main] o.s.b.a.e.mvc.EndpointHandlerMapping     : Mapped "{[/loggers/{name:.*}],methods=[GET],produces=[application/vnd.spring-boot.actuator.v1+json || application/json]}" onto public java.lang.Object org.springframework.boot.actuate.endpoint.mvc.LoggersMvcEndpoint.get(java.lang.String)
2022-05-25T11:11:31.225895833Z stdout F 2022-05-25 19:11:31.225  INFO [ts-rebook-service,,,] 1 --- [           main] o.s.b.a.e.mvc.EndpointHandlerMapping     : Mapped "{[/loggers/{name:.*}],methods=[POST],consumes=[application/vnd.spring-boot.actuator.v1+json || application/json],produces=[application/vnd.spring-boot.actuator.v1+json || application/json]}" onto public java.lang.Object org.springframework.boot.actuate.endpoint.mvc.LoggersMvcEndpoint.set(java.lang.String,java.util.Map<java.lang.String, java.lang.String>)
2022-05-25T11:11:31.226322567Z stdout F 2022-05-25 19:11:31.225  INFO [ts-rebook-service,,,] 1 --- [           main] o.s.b.a.e.mvc.EndpointHandlerMapping     : Mapped "{[/loggers || /loggers.json],methods=[GET],produces=[application/vnd.spring-boot.actuator.v1+json || application/json]}" onto public java.lang.Object org.springframework.boot.actuate.endpoint.mvc.EndpointMvcAdapter.invoke()
2022-05-25T11:12:45.146531277Z stdout F 2022-05-25 19:12:45.088  INFO [ts-rebook-service,,,] 1 --- [           main] b.a.s.AuthenticationManagerConfiguration : 
2022-05-25T11:12:45.146575547Z stdout F 
2022-05-25T11:12:45.14658303Z stdout F Using default security password: 391d6305-46e2-4aea-b98c-516274560f32
2022-05-25T11:12:45.146587468Z stdout F 
2022-05-25T11:13:58.128760541Z stdout F 2022-05-25 19:13:58.077  INFO [ts-rebook-service,,,] 1 --- [           main] o.s.s.web.DefaultSecurityFilterChain     : Creating filter chain: org.springframework.security.web.util.matcher.AnyRequestMatcher@1, [org.springframework.security.web.context.request.async.WebAsyncManagerIntegrationFilter@31024624, org.springframework.security.web.context.SecurityContextPersistenceFilter@47da3952, org.springframework.security.web.header.HeaderWriterFilter@1255b1d1, org.springframework.security.web.authentication.logout.LogoutFilter@6f80fafe, edu.fudan.common.security.jwt.JWTFilter@25bcd0c7, org.springframework.security.web.savedrequest.RequestCacheAwareFilter@27a5328c, org.springframework.security.web.servletapi.SecurityContextHolderAwareRequestFilter@6b5966e1, org.springframework.security.web.authentication.AnonymousAuthenticationFilter@32cb636e, org.springframework.security.web.session.SessionManagementFilter@7c22d4f, org.springframework.security.web.access.ExceptionTranslationFilter@35fe2125, org.springframework.security.web.access.intercept.FilterSecurityInterceptor@5ab14cb9]
2022-05-25T11:14:21.642853892Z stdout F 2022-05-25 19:14:21.637  INFO [ts-rebook-service,,,] 1 --- [           main] o.s.w.s.handler.SimpleUrlHandlerMapping  : Mapped URL path [/webjars/**] onto handler of type [class org.springframework.web.servlet.resource.ResourceHttpRequestHandler]
2022-05-25T11:14:21.642989696Z stdout F 2022-05-25 19:14:21.640  INFO [ts-rebook-service,,,] 1 --- [           main] o.s.w.s.handler.SimpleUrlHandlerMapping  : Mapped URL path [/**] onto handler of type [class org.springframework.web.servlet.resource.ResourceHttpRequestHandler]
2022-05-25T11:14:38.60983838Z stdout F 2022-05-25 19:14:38.608  INFO [ts-rebook-service,,,] 1 --- [           main] o.s.w.s.handler.SimpleUrlHandlerMapping  : Mapped URL path [/**/favicon.ico] onto handler of type [class org.springframework.web.servlet.resource.ResourceHttpRequestHandler]
2022-05-25T11:15:31.355166394Z stdout F 2022-05-25 19:15:29.944  INFO [ts-rebook-service,,,] 1 --- [           main] o.s.s.web.DefaultSecurityFilterChain     : Creating filter chain: org.springframework.boot.actuate.autoconfigure.ManagementWebSecurityAutoConfiguration$LazyEndpointPathRequestMatcher@293bb8a5, [org.springframework.security.web.context.request.async.WebAsyncManagerIntegrationFilter@2416a51, org.springframework.security.web.context.SecurityContextPersistenceFilter@72ccd81a, org.springframework.security.web.header.HeaderWriterFilter@2f94c4db, org.springframework.web.filter.CorsFilter@6fa590ba, org.springframework.security.web.authentication.logout.LogoutFilter@493dfb8e, org.springframework.security.web.authentication.www.BasicAuthenticationFilter@1cb3ec38, org.springframework.security.web.savedrequest.RequestCacheAwareFilter@6d8792db, org.springframework.security.web.servletapi.SecurityContextHolderAwareRequestFilter@64bc21ac, org.springframework.security.web.authentication.AnonymousAuthenticationFilter@6e9319f, org.springframework.security.web.session.SessionManagementFilter@593e824f, org.springframework.security.web.access.ExceptionTranslationFilter@3954d008, org.springframework.security.web.access.intercept.FilterSecurityInterceptor@7f69d591]
2022-05-25T11:16:41.337534854Z stdout F 2022-05-25 19:16:41.251  INFO [ts-rebook-service,,,] 1 --- [           main] s.w.s.m.m.a.RequestMappingHandlerAdapter : Looking for @ControllerAdvice: org.springframework.boot.context.embedded.AnnotationConfigEmbeddedWebApplicationContext@4f933fd1: startup date [Wed May 25 18:56:26 CST 2022]; parent: org.springframework.context.annotation.AnnotationConfigApplicationContext@48533e64
2022-05-25T11:18:05.351350256Z stdout F 2022-05-25 19:18:05.350  INFO [ts-rebook-service,,,] 1 --- [           main] o.s.s.c.ThreadPoolTaskScheduler          : Initializing ExecutorService  'taskScheduler'
2022-05-25T11:18:37.759221151Z stdout F 2022-05-25 19:18:37.758  INFO [ts-rebook-service,,,] 1 --- [           main] o.s.s.c.ThreadPoolTaskScheduler          : Initializing ExecutorService 
2022-05-25T11:19:00.024771118Z stdout F 2022-05-25 19:19:00.024  INFO [ts-rebook-service,,,] 1 --- [           main] o.s.j.e.a.AnnotationMBeanExporter        : Registering beans for JMX exposure on startup
2022-05-25T11:19:01.607864353Z stdout F 2022-05-25 19:19:01.606  INFO [ts-rebook-service,,,] 1 --- [           main] o.s.j.e.a.AnnotationMBeanExporter        : Bean with name 'configurationPropertiesRebinder' has been autodetected for JMX exposure
2022-05-25T11:19:01.667132504Z stdout F 2022-05-25 19:19:01.666  INFO [ts-rebook-service,,,] 1 --- [           main] o.s.j.e.a.AnnotationMBeanExporter        : Bean with name 'refreshEndpoint' has been autodetected for JMX exposure
2022-05-25T11:19:01.775016043Z stdout F 2022-05-25 19:19:01.774  INFO [ts-rebook-service,,,] 1 --- [           main] o.s.j.e.a.AnnotationMBeanExporter        : Bean with name 'environmentManager' has been autodetected for JMX exposure
2022-05-25T11:19:01.851994483Z stdout F 2022-05-25 19:19:01.777  INFO [ts-rebook-service,,,] 1 --- [           main] o.s.j.e.a.AnnotationMBeanExporter        : Bean with name 'refreshScope' has been autodetected for JMX exposure
2022-05-25T11:19:03.034443388Z stdout F 2022-05-25 19:19:03.033  INFO [ts-rebook-service,,,] 1 --- [           main] o.s.j.e.a.AnnotationMBeanExporter        : Located managed bean 'environmentManager': registering with JMX server as MBean [org.springframework.cloud.context.environment:name=environmentManager,type=EnvironmentManager]
2022-05-25T11:19:04.532276351Z stdout F 2022-05-25 19:19:04.354  INFO [ts-rebook-service,,,] 1 --- [           main] o.s.j.e.a.AnnotationMBeanExporter        : Located managed bean 'refreshScope': registering with JMX server as MBean [org.springframework.cloud.context.scope.refresh:name=refreshScope,type=RefreshScope]
2022-05-25T11:19:06.956583324Z stdout F 2022-05-25 19:19:06.953  INFO [ts-rebook-service,,,] 1 --- [           main] o.s.j.e.a.AnnotationMBeanExporter        : Located managed bean 'configurationPropertiesRebinder': registering with JMX server as MBean [org.springframework.cloud.context.properties:name=configurationPropertiesRebinder,context=4f933fd1,type=ConfigurationPropertiesRebinder]
2022-05-25T11:19:08.427221914Z stdout F 2022-05-25 19:19:08.424  INFO [ts-rebook-service,,,] 1 --- [           main] o.s.j.e.a.AnnotationMBeanExporter        : Located managed bean 'refreshEndpoint': registering with JMX server as MBean [org.springframework.cloud.endpoint:name=refreshEndpoint,type=RefreshEndpoint]
2022-05-25T11:20:27.729768021Z stdout F 2022-05-25 19:20:27.720  INFO [ts-rebook-service,,,] 1 --- [           main] o.s.c.support.DefaultLifecycleProcessor  : Starting beans in phase 0
2022-05-25T11:20:32.351634556Z stdout F 2022-05-25 19:20:32.350  INFO [ts-rebook-service,,,] 1 --- [           main] o.s.i.endpoint.EventDrivenConsumer       : Adding {logging-channel-adapter:_org.springframework.integration.errorLogger} as a subscriber to the 'errorChannel' channel
2022-05-25T11:20:32.380484044Z stdout F 2022-05-25 19:20:32.379  INFO [ts-rebook-service,,,] 1 --- [           main] o.s.i.channel.PublishSubscribeChannel    : Channel 'ts-rebook-service:18886.errorChannel' has 1 subscriber(s).
2022-05-25T11:20:32.380649927Z stdout F 2022-05-25 19:20:32.380  INFO [ts-rebook-service,,,] 1 --- [           main] o.s.i.endpoint.EventDrivenConsumer       : started _org.springframework.integration.errorLogger
2022-05-25T11:20:34.125989421Z stdout F 2022-05-25 19:20:34.125  INFO [ts-rebook-service,,,] 1 --- [           main] d.s.w.p.DocumentationPluginsBootstrapper : Context refreshed
2022-05-25T11:20:36.525887178Z stdout F 2022-05-25 19:20:36.478  INFO [ts-rebook-service,,,] 1 --- [           main] d.s.w.p.DocumentationPluginsBootstrapper : Found 1 custom documentation plugin(s)
2022-05-25T11:20:36.847677673Z stdout F 2022-05-25 19:20:36.847  INFO [ts-rebook-service,,,] 1 --- [           main] s.d.s.w.s.ApiListingReferenceScanner     : Scanning for api listing references
2022-05-25T11:20:41.97764545Z stdout F 2022-05-25 19:20:41.977  INFO [ts-rebook-service,,,] 1 --- [           main] .d.s.w.r.o.CachingOperationNameGenerator : Generating unique operation named: findByPrincipalAndAfterAndTypeUsingGET_1
2022-05-25T11:20:49.757253498Z stdout F 2022-05-25 19:20:49.752  INFO [ts-rebook-service,,,] 1 --- [           main] .d.s.w.r.o.CachingOperationNameGenerator : Generating unique operation named: invokeUsingGET_1
2022-05-25T11:20:49.84320419Z stdout F 2022-05-25 19:20:49.842  INFO [ts-rebook-service,,,] 1 --- [           main] .d.s.w.r.o.CachingOperationNameGenerator : Generating unique operation named: invokeUsingGET_2
2022-05-25T11:20:49.884222829Z stdout F 2022-05-25 19:20:49.882  INFO [ts-rebook-service,,,] 1 --- [           main] .d.s.w.r.o.CachingOperationNameGenerator : Generating unique operation named: invokeUsingGET_3
2022-05-25T11:20:49.9797994Z stdout F 2022-05-25 19:20:49.979  INFO [ts-rebook-service,,,] 1 --- [           main] .d.s.w.r.o.CachingOperationNameGenerator : Generating unique operation named: invokeUsingGET_4
2022-05-25T11:20:50.029199858Z stdout F 2022-05-25 19:20:50.021  INFO [ts-rebook-service,,,] 1 --- [           main] .d.s.w.r.o.CachingOperationNameGenerator : Generating unique operation named: invokeUsingGET_5
2022-05-25T11:20:50.05092351Z stdout F 2022-05-25 19:20:50.050  INFO [ts-rebook-service,,,] 1 --- [           main] .d.s.w.r.o.CachingOperationNameGenerator : Generating unique operation named: invokeUsingGET_6
2022-05-25T11:20:50.226883012Z stdout F 2022-05-25 19:20:50.149  INFO [ts-rebook-service,,,] 1 --- [           main] .d.s.w.r.o.CachingOperationNameGenerator : Generating unique operation named: invokeUsingGET_7
2022-05-25T11:20:50.256801244Z stdout F 2022-05-25 19:20:50.255  INFO [ts-rebook-service,,,] 1 --- [           main] .d.s.w.r.o.CachingOperationNameGenerator : Generating unique operation named: invokeUsingGET_8
2022-05-25T11:20:50.311289825Z stdout F 2022-05-25 19:20:50.310  INFO [ts-rebook-service,,,] 1 --- [           main] .d.s.w.r.o.CachingOperationNameGenerator : Generating unique operation named: invokeUsingGET_9
2022-05-25T11:20:50.612744208Z stdout F 2022-05-25 19:20:50.610  INFO [ts-rebook-service,,,] 1 --- [           main] .d.s.w.r.o.CachingOperationNameGenerator : Generating unique operation named: invokeUsingGET_10
2022-05-25T11:20:50.795344704Z stdout F 2022-05-25 19:20:50.788  INFO [ts-rebook-service,,,] 1 --- [           main] .d.s.w.r.o.CachingOperationNameGenerator : Generating unique operation named: invokeUsingGET_11
2022-05-25T11:20:51.153636375Z stdout F 2022-05-25 19:20:51.153  INFO [ts-rebook-service,,,] 1 --- [           main] .d.s.w.r.o.CachingOperationNameGenerator : Generating unique operation named: invokeUsingGET_12
2022-05-25T11:20:51.182442592Z stdout F 2022-05-25 19:20:51.181  INFO [ts-rebook-service,,,] 1 --- [           main] .d.s.w.r.o.CachingOperationNameGenerator : Generating unique operation named: invokeUsingGET_13
2022-05-25T11:20:51.352713968Z stdout F 2022-05-25 19:20:51.351  INFO [ts-rebook-service,,,] 1 --- [           main] .d.s.w.r.o.CachingOperationNameGenerator : Generating unique operation named: invokeUsingGET_14
2022-05-25T11:20:51.617426903Z stdout F 2022-05-25 19:20:51.617  INFO [ts-rebook-service,,,] 1 --- [           main] .d.s.w.r.o.CachingOperationNameGenerator : Generating unique operation named: invokeUsingGET_15
2022-05-25T11:20:52.13411115Z stdout F 2022-05-25 19:20:52.132  INFO [ts-rebook-service,,,] 1 --- [           main] .d.s.w.r.o.CachingOperationNameGenerator : Generating unique operation named: invokeUsingGET_16
2022-05-25T11:20:52.942515165Z stdout F 2022-05-25 19:20:52.942  INFO [ts-rebook-service,,,] 1 --- [           main] .d.s.w.r.o.CachingOperationNameGenerator : Generating unique operation named: invokeUsingGET_17
2022-05-25T11:20:54.23920881Z stdout F 2022-05-25 19:20:54.238  INFO [ts-rebook-service,,,] 1 --- [           main] .d.s.w.r.o.CachingOperationNameGenerator : Generating unique operation named: invokeUsingPOST_1
2022-05-25T11:20:55.649282071Z stdout F 2022-05-25 19:20:55.621  INFO [ts-rebook-service,,,] 1 --- [           main] .d.s.w.r.o.CachingOperationNameGenerator : Generating unique operation named: invokeUsingGET_18
2022-05-25T11:20:56.02683787Z stdout F 2022-05-25 19:20:56.025  INFO [ts-rebook-service,,,] 1 --- [           main] .d.s.w.r.o.CachingOperationNameGenerator : Generating unique operation named: invokeUsingGET_19
2022-05-25T11:20:56.376891471Z stdout F 2022-05-25 19:20:56.376  INFO [ts-rebook-service,,,] 1 --- [           main] .d.s.w.r.o.CachingOperationNameGenerator : Generating unique operation named: invokeUsingGET_20
2022-05-25T11:20:56.606669225Z stdout F 2022-05-25 19:20:56.606  INFO [ts-rebook-service,,,] 1 --- [           main] .d.s.w.r.o.CachingOperationNameGenerator : Generating unique operation named: invokeUsingGET_21
2022-05-25T11:20:56.999710396Z stdout F 2022-05-25 19:20:56.999  INFO [ts-rebook-service,,,] 1 --- [           main] .d.s.w.r.o.CachingOperationNameGenerator : Generating unique operation named: invokeUsingGET_22
2022-05-25T11:20:57.164132999Z stdout F 2022-05-25 19:20:57.163  INFO [ts-rebook-service,,,] 1 --- [           main] .d.s.w.r.o.CachingOperationNameGenerator : Generating unique operation named: invokeUsingGET_23
2022-05-25T11:20:57.464271663Z stdout F 2022-05-25 19:20:57.463  INFO [ts-rebook-service,,,] 1 --- [           main] .d.s.w.r.o.CachingOperationNameGenerator : Generating unique operation named: invokeUsingGET_24
2022-05-25T11:20:57.676643939Z stdout F 2022-05-25 19:20:57.676  INFO [ts-rebook-service,,,] 1 --- [           main] .d.s.w.r.o.CachingOperationNameGenerator : Generating unique operation named: invokeUsingGET_25
2022-05-25T11:20:58.076409794Z stdout F 2022-05-25 19:20:58.075  INFO [ts-rebook-service,,,] 1 --- [           main] .d.s.w.r.o.CachingOperationNameGenerator : Generating unique operation named: valueUsingGET_1
2022-05-25T11:21:08.157492019Z stdout F 2022-05-25 19:21:08.156  INFO [ts-rebook-service,,,] 1 --- [           main] s.b.c.e.t.TomcatEmbeddedServletContainer : Tomcat started on port(s): 18886 (http)
2022-05-25T11:21:08.919112969Z stdout F 2022-05-25 19:21:08.918  INFO [ts-rebook-service,,,] 1 --- [           main] rebook.RebookApplication                 : Started RebookApplication in 1628.687 seconds (JVM running for 1707.966)
