2022-05-09T11:47:52.867257757Z stdout F 2022-05-09T11:47:52.865519Z	info	Istio iptables environment:
2022-05-09T11:47:52.870941224Z stdout F ENVOY_PORT=
2022-05-09T11:47:52.87096132Z stdout F INBOUND_CAPTURE_PORT=
2022-05-09T11:47:52.870969911Z stdout F ISTIO_INBOUND_INTERCEPTION_MODE=
2022-05-09T11:47:52.870976413Z stdout F ISTIO_INBOUND_TPROXY_ROUTE_TABLE=
2022-05-09T11:47:52.870981767Z stdout F ISTIO_INBOUND_PORTS=
2022-05-09T11:47:52.87098746Z stdout F ISTIO_OUTBOUND_PORTS=
2022-05-09T11:47:52.870992213Z stdout F ISTIO_LOCAL_EXCLUDE_PORTS=
2022-05-09T11:47:52.870996677Z stdout F ISTIO_EXCLUDE_INTERFACES=
2022-05-09T11:47:52.87100109Z stdout F ISTIO_SERVICE_CIDR=
2022-05-09T11:47:52.87100552Z stdout F ISTIO_SERVICE_EXCLUDE_CIDR=
2022-05-09T11:47:52.871012794Z stdout F ISTIO_META_DNS_CAPTURE=
2022-05-09T11:47:52.871024575Z stdout F INVALID_DROP=
2022-05-09T11:47:52.871032636Z stdout F 
2022-05-09T11:47:52.871050255Z stdout F 2022-05-09T11:47:52.865623Z	info	Istio iptables variables:
2022-05-09T11:47:52.871065383Z stdout F PROXY_PORT=15001
2022-05-09T11:47:52.871080854Z stdout F PROXY_INBOUND_CAPTURE_PORT=15006
2022-05-09T11:47:52.871089458Z stdout F PROXY_TUNNEL_PORT=15008
2022-05-09T11:47:52.871102656Z stdout F PROXY_UID=1337
2022-05-09T11:47:52.871110427Z stdout F PROXY_GID=1337
2022-05-09T11:47:52.871115774Z stdout F INBOUND_INTERCEPTION_MODE=REDIRECT
2022-05-09T11:47:52.871120916Z stdout F INBOUND_TPROXY_MARK=1337
2022-05-09T11:47:52.871125973Z stdout F INBOUND_TPROXY_ROUTE_TABLE=133
2022-05-09T11:47:52.871138622Z stdout F INBOUND_PORTS_INCLUDE=*
2022-05-09T11:47:52.871145295Z stdout F INBOUND_PORTS_EXCLUDE=15090,15021,15020
2022-05-09T11:47:52.87115086Z stdout F OUTBOUND_IP_RANGES_INCLUDE=*
2022-05-09T11:47:52.871155715Z stdout F OUTBOUND_IP_RANGES_EXCLUDE=
2022-05-09T11:47:52.871160185Z stdout F OUTBOUND_PORTS_INCLUDE=
2022-05-09T11:47:52.871164476Z stdout F OUTBOUND_PORTS_EXCLUDE=
2022-05-09T11:47:52.871168715Z stdout F KUBE_VIRT_INTERFACES=
2022-05-09T11:47:52.871173491Z stdout F ENABLE_INBOUND_IPV6=false
2022-05-09T11:47:52.871177897Z stdout F DNS_CAPTURE=false
2022-05-09T11:47:52.871182296Z stdout F DROP_INVALID=false
2022-05-09T11:47:52.871186861Z stdout F CAPTURE_ALL_DNS=false
2022-05-09T11:47:52.871191771Z stdout F DNS_SERVERS=[],[]
2022-05-09T11:47:52.87119676Z stdout F OUTPUT_PATH=
2022-05-09T11:47:52.871201533Z stdout F NETWORK_NAMESPACE=
2022-05-09T11:47:52.871208408Z stdout F CNI_MODE=false
2022-05-09T11:47:52.871221881Z stdout F EXCLUDE_INTERFACES=
2022-05-09T11:47:52.871233068Z stdout F 
2022-05-09T11:47:52.930298902Z stdout F 2022-05-09T11:47:52.929153Z	info	Writing following contents to rules file: /tmp/iptables-rules-1652096872865719368.txt3307578155
2022-05-09T11:47:52.930357073Z stdout F * nat
2022-05-09T11:47:52.93049596Z stdout F -N ISTIO_INBOUND
2022-05-09T11:47:52.930507935Z stdout F -N ISTIO_REDIRECT
2022-05-09T11:47:52.930513528Z stdout F -N ISTIO_IN_REDIRECT
2022-05-09T11:47:52.930521894Z stdout F -N ISTIO_OUTPUT
2022-05-09T11:47:52.930536629Z stdout F -A ISTIO_INBOUND -p tcp --dport 15008 -j RETURN
2022-05-09T11:47:52.930597223Z stdout F -A ISTIO_REDIRECT -p tcp -j REDIRECT --to-ports 15001
2022-05-09T11:47:52.93061007Z stdout F -A ISTIO_IN_REDIRECT -p tcp -j REDIRECT --to-ports 15006
2022-05-09T11:47:52.930653848Z stdout F -A PREROUTING -p tcp -j ISTIO_INBOUND
2022-05-09T11:47:52.930664986Z stdout F -A ISTIO_INBOUND -p tcp --dport 15090 -j RETURN
2022-05-09T11:47:52.930670824Z stdout F -A ISTIO_INBOUND -p tcp --dport 15021 -j RETURN
2022-05-09T11:47:52.930676071Z stdout F -A ISTIO_INBOUND -p tcp --dport 15020 -j RETURN
2022-05-09T11:47:52.930681203Z stdout F -A ISTIO_INBOUND -p tcp -j ISTIO_IN_REDIRECT
2022-05-09T11:47:52.93075292Z stdout F -A OUTPUT -p tcp -j ISTIO_OUTPUT
2022-05-09T11:47:52.930933666Z stdout F -A ISTIO_OUTPUT -o lo -s 127.0.0.6/32 -j RETURN
2022-05-09T11:47:52.930943332Z stdout F -A ISTIO_OUTPUT -o lo ! -d 127.0.0.1/32 -m owner --uid-owner 1337 -j ISTIO_IN_REDIRECT
2022-05-09T11:47:52.930947592Z stdout F -A ISTIO_OUTPUT -o lo -m owner ! --uid-owner 1337 -j RETURN
2022-05-09T11:47:52.930950916Z stdout F -A ISTIO_OUTPUT -m owner --uid-owner 1337 -j RETURN
2022-05-09T11:47:52.930984346Z stdout F -A ISTIO_OUTPUT -o lo ! -d 127.0.0.1/32 -m owner --gid-owner 1337 -j ISTIO_IN_REDIRECT
2022-05-09T11:47:52.930992907Z stdout F -A ISTIO_OUTPUT -o lo -m owner ! --gid-owner 1337 -j RETURN
2022-05-09T11:47:52.930997952Z stdout F -A ISTIO_OUTPUT -m owner --gid-owner 1337 -j RETURN
2022-05-09T11:47:52.93100292Z stdout F -A ISTIO_OUTPUT -d 127.0.0.1/32 -j RETURN
2022-05-09T11:47:52.931007743Z stdout F -A ISTIO_OUTPUT -j ISTIO_REDIRECT
2022-05-09T11:47:52.931012741Z stdout F COMMIT
2022-05-09T11:47:52.931018261Z stdout F 2022-05-09T11:47:52.929291Z	info	Running command: iptables-restore --noflush /tmp/iptables-rules-1652096872865719368.txt3307578155
2022-05-09T11:47:52.992929295Z stdout F 2022-05-09T11:47:52.979126Z	info	Writing following contents to rules file: /tmp/ip6tables-rules-1652096872979047814.txt231514650
2022-05-09T11:47:52.992979825Z stdout F 
2022-05-09T11:47:52.99300378Z stdout F 2022-05-09T11:47:52.979247Z	info	Running command: ip6tables-restore --noflush /tmp/ip6tables-rules-1652096872979047814.txt231514650
2022-05-09T11:47:52.997195453Z stdout F 2022-05-09T11:47:52.996222Z	info	Running command: iptables-save 
2022-05-09T11:47:53.030365971Z stdout F 2022-05-09T11:47:53.027412Z	info	Command output: 
2022-05-09T11:47:53.030399445Z stdout F # Generated by iptables-save v1.8.4 on Mon May  9 11:47:52 2022
2022-05-09T11:47:53.030407124Z stdout F *nat
2022-05-09T11:47:53.030413168Z stdout F :PREROUTING ACCEPT [0:0]
2022-05-09T11:47:53.030418408Z stdout F :INPUT ACCEPT [0:0]
2022-05-09T11:47:53.030423583Z stdout F :OUTPUT ACCEPT [0:0]
2022-05-09T11:47:53.030429182Z stdout F :POSTROUTING ACCEPT [0:0]
2022-05-09T11:47:53.030434139Z stdout F :ISTIO_INBOUND - [0:0]
2022-05-09T11:47:53.030443225Z stdout F :ISTIO_IN_REDIRECT - [0:0]
2022-05-09T11:47:53.03044885Z stdout F :ISTIO_OUTPUT - [0:0]
2022-05-09T11:47:53.030453727Z stdout F :ISTIO_REDIRECT - [0:0]
2022-05-09T11:47:53.030459125Z stdout F -A PREROUTING -p tcp -j ISTIO_INBOUND
2022-05-09T11:47:53.030464322Z stdout F -A OUTPUT -p tcp -j ISTIO_OUTPUT
2022-05-09T11:47:53.030469441Z stdout F -A ISTIO_INBOUND -p tcp -m tcp --dport 15008 -j RETURN
2022-05-09T11:47:53.03047426Z stdout F -A ISTIO_INBOUND -p tcp -m tcp --dport 15090 -j RETURN
2022-05-09T11:47:53.030479394Z stdout F -A ISTIO_INBOUND -p tcp -m tcp --dport 15021 -j RETURN
2022-05-09T11:47:53.030484178Z stdout F -A ISTIO_INBOUND -p tcp -m tcp --dport 15020 -j RETURN
2022-05-09T11:47:53.030491261Z stdout F -A ISTIO_INBOUND -p tcp -j ISTIO_IN_REDIRECT
2022-05-09T11:47:53.030505256Z stdout F -A ISTIO_IN_REDIRECT -p tcp -j REDIRECT --to-ports 15006
2022-05-09T11:47:53.03051998Z stdout F -A ISTIO_OUTPUT -s 127.0.0.6/32 -o lo -j RETURN
2022-05-09T11:47:53.030529906Z stdout F -A ISTIO_OUTPUT ! -d 127.0.0.1/32 -o lo -m owner --uid-owner 1337 -j ISTIO_IN_REDIRECT
2022-05-09T11:47:53.030536087Z stdout F -A ISTIO_OUTPUT -o lo -m owner ! --uid-owner 1337 -j RETURN
2022-05-09T11:47:53.030541498Z stdout F -A ISTIO_OUTPUT -m owner --uid-owner 1337 -j RETURN
2022-05-09T11:47:53.030546782Z stdout F -A ISTIO_OUTPUT ! -d 127.0.0.1/32 -o lo -m owner --gid-owner 1337 -j ISTIO_IN_REDIRECT
2022-05-09T11:47:53.030551346Z stdout F -A ISTIO_OUTPUT -o lo -m owner ! --gid-owner 1337 -j RETURN
2022-05-09T11:47:53.030555901Z stdout F -A ISTIO_OUTPUT -m owner --gid-owner 1337 -j RETURN
2022-05-09T11:47:53.030560559Z stdout F -A ISTIO_OUTPUT -d 127.0.0.1/32 -j RETURN
2022-05-09T11:47:53.030565623Z stdout F -A ISTIO_OUTPUT -j ISTIO_REDIRECT
2022-05-09T11:47:53.030570512Z stdout F -A ISTIO_REDIRECT -p tcp -j REDIRECT --to-ports 15001
2022-05-09T11:47:53.03057552Z stdout F COMMIT
2022-05-09T11:47:53.030580376Z stdout F # Completed on Mon May  9 11:47:53 2022
2022-05-09T11:47:53.030584916Z stdout F 
