2022-05-09T06:52:53.473537625Z stdout F 2022-05-09T06:52:53.473173Z	info	Istio iptables environment:
2022-05-09T06:52:53.473590311Z stdout F ENVOY_PORT=
2022-05-09T06:52:53.473646898Z stdout F INBOUND_CAPTURE_PORT=
2022-05-09T06:52:53.473660074Z stdout F ISTIO_INBOUND_INTERCEPTION_MODE=
2022-05-09T06:52:53.473665668Z stdout F ISTIO_INBOUND_TPROXY_ROUTE_TABLE=
2022-05-09T06:52:53.473670302Z stdout F ISTIO_INBOUND_PORTS=
2022-05-09T06:52:53.473674887Z stdout F ISTIO_OUTBOUND_PORTS=
2022-05-09T06:52:53.473679419Z stdout F ISTIO_LOCAL_EXCLUDE_PORTS=
2022-05-09T06:52:53.473683826Z stdout F ISTIO_EXCLUDE_INTERFACES=
2022-05-09T06:52:53.473688032Z stdout F ISTIO_SERVICE_CIDR=
2022-05-09T06:52:53.473692531Z stdout F ISTIO_SERVICE_EXCLUDE_CIDR=
2022-05-09T06:52:53.473696907Z stdout F ISTIO_META_DNS_CAPTURE=
2022-05-09T06:52:53.473701675Z stdout F INVALID_DROP=
2022-05-09T06:52:53.473706065Z stdout F 
2022-05-09T06:52:53.473710831Z stdout F 2022-05-09T06:52:53.473241Z	info	Istio iptables variables:
2022-05-09T06:52:53.473715342Z stdout F PROXY_PORT=15001
2022-05-09T06:52:53.473719834Z stdout F PROXY_INBOUND_CAPTURE_PORT=15006
2022-05-09T06:52:53.473724149Z stdout F PROXY_TUNNEL_PORT=15008
2022-05-09T06:52:53.473728672Z stdout F PROXY_UID=1337
2022-05-09T06:52:53.473733243Z stdout F PROXY_GID=1337
2022-05-09T06:52:53.473737508Z stdout F INBOUND_INTERCEPTION_MODE=REDIRECT
2022-05-09T06:52:53.473742001Z stdout F INBOUND_TPROXY_MARK=1337
2022-05-09T06:52:53.473746459Z stdout F INBOUND_TPROXY_ROUTE_TABLE=133
2022-05-09T06:52:53.473750797Z stdout F INBOUND_PORTS_INCLUDE=*
2022-05-09T06:52:53.473755219Z stdout F INBOUND_PORTS_EXCLUDE=15090,15021,15020
2022-05-09T06:52:53.47375955Z stdout F OUTBOUND_IP_RANGES_INCLUDE=*
2022-05-09T06:52:53.473764027Z stdout F OUTBOUND_IP_RANGES_EXCLUDE=
2022-05-09T06:52:53.473768218Z stdout F OUTBOUND_PORTS_INCLUDE=
2022-05-09T06:52:53.473772611Z stdout F OUTBOUND_PORTS_EXCLUDE=
2022-05-09T06:52:53.473776985Z stdout F KUBE_VIRT_INTERFACES=
2022-05-09T06:52:53.473781235Z stdout F ENABLE_INBOUND_IPV6=false
2022-05-09T06:52:53.473785398Z stdout F DNS_CAPTURE=false
2022-05-09T06:52:53.473789322Z stdout F DROP_INVALID=false
2022-05-09T06:52:53.47379339Z stdout F CAPTURE_ALL_DNS=false
2022-05-09T06:52:53.473797793Z stdout F DNS_SERVERS=[],[]
2022-05-09T06:52:53.473802274Z stdout F OUTPUT_PATH=
2022-05-09T06:52:53.473806633Z stdout F NETWORK_NAMESPACE=
2022-05-09T06:52:53.473811109Z stdout F CNI_MODE=false
2022-05-09T06:52:53.473815567Z stdout F EXCLUDE_INTERFACES=
2022-05-09T06:52:53.473819633Z stdout F 
2022-05-09T06:52:53.474663679Z stdout F 2022-05-09T06:52:53.473674Z	info	Writing following contents to rules file: /tmp/iptables-rules-1652079173473353437.txt623957752
2022-05-09T06:52:53.474682016Z stdout F * nat
2022-05-09T06:52:53.474686639Z stdout F -N ISTIO_INBOUND
2022-05-09T06:52:53.474689591Z stdout F -N ISTIO_REDIRECT
2022-05-09T06:52:53.474692151Z stdout F -N ISTIO_IN_REDIRECT
2022-05-09T06:52:53.474694736Z stdout F -N ISTIO_OUTPUT
2022-05-09T06:52:53.474697559Z stdout F -A ISTIO_INBOUND -p tcp --dport 15008 -j RETURN
2022-05-09T06:52:53.474700479Z stdout F -A ISTIO_REDIRECT -p tcp -j REDIRECT --to-ports 15001
2022-05-09T06:52:53.474703122Z stdout F -A ISTIO_IN_REDIRECT -p tcp -j REDIRECT --to-ports 15006
2022-05-09T06:52:53.47470558Z stdout F -A PREROUTING -p tcp -j ISTIO_INBOUND
2022-05-09T06:52:53.474708152Z stdout F -A ISTIO_INBOUND -p tcp --dport 15090 -j RETURN
2022-05-09T06:52:53.474710623Z stdout F -A ISTIO_INBOUND -p tcp --dport 15021 -j RETURN
2022-05-09T06:52:53.47471311Z stdout F -A ISTIO_INBOUND -p tcp --dport 15020 -j RETURN
2022-05-09T06:52:53.474715609Z stdout F -A ISTIO_INBOUND -p tcp -j ISTIO_IN_REDIRECT
2022-05-09T06:52:53.474718373Z stdout F -A OUTPUT -p tcp -j ISTIO_OUTPUT
2022-05-09T06:52:53.474720836Z stdout F -A ISTIO_OUTPUT -o lo -s 127.0.0.6/32 -j RETURN
2022-05-09T06:52:53.474723765Z stdout F -A ISTIO_OUTPUT -o lo ! -d 127.0.0.1/32 -m owner --uid-owner 1337 -j ISTIO_IN_REDIRECT
2022-05-09T06:52:53.474726214Z stdout F -A ISTIO_OUTPUT -o lo -m owner ! --uid-owner 1337 -j RETURN
2022-05-09T06:52:53.474738172Z stdout F -A ISTIO_OUTPUT -m owner --uid-owner 1337 -j RETURN
2022-05-09T06:52:53.474741289Z stdout F -A ISTIO_OUTPUT -o lo ! -d 127.0.0.1/32 -m owner --gid-owner 1337 -j ISTIO_IN_REDIRECT
2022-05-09T06:52:53.47474374Z stdout F -A ISTIO_OUTPUT -o lo -m owner ! --gid-owner 1337 -j RETURN
2022-05-09T06:52:53.474746227Z stdout F -A ISTIO_OUTPUT -m owner --gid-owner 1337 -j RETURN
2022-05-09T06:52:53.4747487Z stdout F -A ISTIO_OUTPUT -d 127.0.0.1/32 -j RETURN
2022-05-09T06:52:53.474751199Z stdout F -A ISTIO_OUTPUT -j ISTIO_REDIRECT
2022-05-09T06:52:53.474753735Z stdout F COMMIT
2022-05-09T06:52:53.47475702Z stdout F 2022-05-09T06:52:53.473842Z	info	Running command: iptables-restore --noflush /tmp/iptables-rules-1652079173473353437.txt623957752
2022-05-09T06:52:53.481391852Z stdout F 2022-05-09T06:52:53.480131Z	info	Writing following contents to rules file: /tmp/ip6tables-rules-1652079173480070003.txt210585403
2022-05-09T06:52:53.481410977Z stdout F 
2022-05-09T06:52:53.481415075Z stdout F 2022-05-09T06:52:53.480224Z	info	Running command: ip6tables-restore --noflush /tmp/ip6tables-rules-1652079173480070003.txt210585403
2022-05-09T06:52:53.483197669Z stdout F 2022-05-09T06:52:53.482582Z	info	Running command: iptables-save 
2022-05-09T06:52:53.490898446Z stdout F 2022-05-09T06:52:53.487498Z	info	Command output: 
2022-05-09T06:52:53.490927224Z stdout F # Generated by iptables-save v1.8.4 on Mon May  9 06:52:53 2022
2022-05-09T06:52:53.490933057Z stdout F *nat
2022-05-09T06:52:53.490938062Z stdout F :PREROUTING ACCEPT [0:0]
2022-05-09T06:52:53.490942232Z stdout F :INPUT ACCEPT [0:0]
2022-05-09T06:52:53.490946092Z stdout F :OUTPUT ACCEPT [0:0]
2022-05-09T06:52:53.490950188Z stdout F :POSTROUTING ACCEPT [0:0]
2022-05-09T06:52:53.490953942Z stdout F :ISTIO_INBOUND - [0:0]
2022-05-09T06:52:53.490957702Z stdout F :ISTIO_IN_REDIRECT - [0:0]
2022-05-09T06:52:53.49096164Z stdout F :ISTIO_OUTPUT - [0:0]
2022-05-09T06:52:53.490965608Z stdout F :ISTIO_REDIRECT - [0:0]
2022-05-09T06:52:53.490969622Z stdout F -A PREROUTING -p tcp -j ISTIO_INBOUND
2022-05-09T06:52:53.490973549Z stdout F -A OUTPUT -p tcp -j ISTIO_OUTPUT
2022-05-09T06:52:53.490977702Z stdout F -A ISTIO_INBOUND -p tcp -m tcp --dport 15008 -j RETURN
2022-05-09T06:52:53.490981728Z stdout F -A ISTIO_INBOUND -p tcp -m tcp --dport 15090 -j RETURN
2022-05-09T06:52:53.490985846Z stdout F -A ISTIO_INBOUND -p tcp -m tcp --dport 15021 -j RETURN
2022-05-09T06:52:53.490990046Z stdout F -A ISTIO_INBOUND -p tcp -m tcp --dport 15020 -j RETURN
2022-05-09T06:52:53.490994258Z stdout F -A ISTIO_INBOUND -p tcp -j ISTIO_IN_REDIRECT
2022-05-09T06:52:53.490998511Z stdout F -A ISTIO_IN_REDIRECT -p tcp -j REDIRECT --to-ports 15006
2022-05-09T06:52:53.491002692Z stdout F -A ISTIO_OUTPUT -s 127.0.0.6/32 -o lo -j RETURN
2022-05-09T06:52:53.491007336Z stdout F -A ISTIO_OUTPUT ! -d 127.0.0.1/32 -o lo -m owner --uid-owner 1337 -j ISTIO_IN_REDIRECT
2022-05-09T06:52:53.491011643Z stdout F -A ISTIO_OUTPUT -o lo -m owner ! --uid-owner 1337 -j RETURN
2022-05-09T06:52:53.491018184Z stdout F -A ISTIO_OUTPUT -m owner --uid-owner 1337 -j RETURN
2022-05-09T06:52:53.491022888Z stdout F -A ISTIO_OUTPUT ! -d 127.0.0.1/32 -o lo -m owner --gid-owner 1337 -j ISTIO_IN_REDIRECT
2022-05-09T06:52:53.491027079Z stdout F -A ISTIO_OUTPUT -o lo -m owner ! --gid-owner 1337 -j RETURN
2022-05-09T06:52:53.491031309Z stdout F -A ISTIO_OUTPUT -m owner --gid-owner 1337 -j RETURN
2022-05-09T06:52:53.491086268Z stdout F -A ISTIO_OUTPUT -d 127.0.0.1/32 -j RETURN
2022-05-09T06:52:53.491094147Z stdout F -A ISTIO_OUTPUT -j ISTIO_REDIRECT
2022-05-09T06:52:53.491097517Z stdout F -A ISTIO_REDIRECT -p tcp -j REDIRECT --to-ports 15001
2022-05-09T06:52:53.491100502Z stdout F COMMIT
2022-05-09T06:52:53.491103165Z stdout F # Completed on Mon May  9 06:52:53 2022
2022-05-09T06:52:53.491105573Z stdout F 
