2022-05-09T15:10:43.535957038Z stdout F 2022-05-09 23:10:42.267  INFO [bootstrap,,,] 1 --- [           main] s.c.a.AnnotationConfigApplicationContext : Refreshing org.springframework.context.annotation.AnnotationConfigApplicationContext@48533e64: startup date [Mon May 09 23:10:41 CST 2022]; root of context hierarchy
2022-05-09T20:27:20.335142715Z stdout F 2022-05-10 04:27:20.327  INFO [bootstrap,,,] 1 --- [           main] trationDelegate$BeanPostProcessorChecker : Bean 'configurationPropertiesRebinderAutoConfiguration' of type [org.springframework.cloud.autoconfigure.ConfigurationPropertiesRebinderAutoConfiguration$$EnhancerBySpringCGLIB$$3c5b44cd] is not eligible for getting processed by all BeanPostProcessors (for example: not eligible for auto-proxying)
2022-05-09T20:28:02.9710657Z stdout F 
2022-05-09T20:28:02.971112074Z stdout F   .   ____          _            __ _ _
2022-05-09T20:28:02.971118102Z stdout F  /\\ / ___'_ __ _ _(_)_ __  __ _ \ \ \ \
2022-05-09T20:28:03.006792843Z stdout F ( ( )\___ | '_ | '_| | '_ \/ _` | \ \ \ \
2022-05-09T20:28:03.021098124Z stdout F  \\/  ___)| |_)| | | | | || (_| |  ) ) ) )
2022-05-09T20:28:03.025344908Z stdout F   '  |____| .__|_| |_|_| |_\__, | / / / /
2022-05-09T20:28:03.034589296Z stdout F  =========|_|==============|___/=/_/_/_/
2022-05-09T20:28:03.035858475Z stdout F  :: Spring Boot ::       (v1.5.22.RELEASE)
2022-05-09T20:28:03.035884091Z stdout F 
2022-05-09T20:28:04.032175879Z stdout F 2022-05-10 04:28:04.031  INFO [ts-admin-route-service,,,] 1 --- [           main] adminroute.AdminRouteApplication         : No active profile set, falling back to default profiles: default
2022-05-09T20:28:06.235434744Z stdout F 2022-05-10 04:28:06.232  INFO [ts-admin-route-service,,,] 1 --- [           main] ationConfigEmbeddedWebApplicationContext : Refreshing org.springframework.boot.context.embedded.AnnotationConfigEmbeddedWebApplicationContext@77caeb3e: startup date [Tue May 10 04:28:06 CST 2022]; parent: org.springframework.context.annotation.AnnotationConfigApplicationContext@48533e64
2022-05-09T20:29:01.932040452Z stdout F 2022-05-10 04:29:01.930  INFO [ts-admin-route-service,,,] 1 --- [           main] o.s.i.config.IntegrationRegistrar        : No bean named 'integrationHeaderChannelRegistry' has been explicitly defined. Therefore, a default DefaultHeaderChannelRegistry will be created.
2022-05-09T20:29:25.652276105Z stdout F 2022-05-10 04:29:25.651  INFO [ts-admin-route-service,,,] 1 --- [           main] o.s.cloud.context.scope.GenericScope     : BeanFactory id=8c710257-eae6-3b13-8ae4-1a671717b6b0
2022-05-09T20:29:26.260266953Z stdout F 2022-05-10 04:29:26.259  INFO [ts-admin-route-service,,,] 1 --- [           main] faultConfiguringBeanFactoryPostProcessor : No bean named 'errorChannel' has been explicitly defined. Therefore, a default PublishSubscribeChannel will be created.
2022-05-09T20:29:26.414049181Z stdout F 2022-05-10 04:29:26.339  INFO [ts-admin-route-service,,,] 1 --- [           main] faultConfiguringBeanFactoryPostProcessor : No bean named 'taskScheduler' has been explicitly defined. Therefore, a default ThreadPoolTaskScheduler will be created.
2022-05-09T20:29:29.095216017Z stdout F 2022-05-10 04:29:29.094  INFO [ts-admin-route-service,,,] 1 --- [           main] trationDelegate$BeanPostProcessorChecker : Bean 'org.springframework.cloud.sleuth.instrument.async.AsyncDefaultAutoConfiguration$DefaultAsyncConfigurerSupport' of type [org.springframework.cloud.sleuth.instrument.async.AsyncDefaultAutoConfiguration$DefaultAsyncConfigurerSupport$$EnhancerBySpringCGLIB$$5d82df93] is not eligible for getting processed by all BeanPostProcessors (for example: not eligible for auto-proxying)
2022-05-09T20:29:34.80765358Z stdout F 2022-05-10 04:29:34.807  INFO [ts-admin-route-service,,,] 1 --- [           main] trationDelegate$BeanPostProcessorChecker : Bean 'org.springframework.cloud.sleuth.annotation.SleuthAnnotationAutoConfiguration' of type [org.springframework.cloud.sleuth.annotation.SleuthAnnotationAutoConfiguration$$EnhancerBySpringCGLIB$$22a68802] is not eligible for getting processed by all BeanPostProcessors (for example: not eligible for auto-proxying)
2022-05-09T20:29:43.032636828Z stdout F 2022-05-10 04:29:43.032  INFO [ts-admin-route-service,,,] 1 --- [           main] trationDelegate$BeanPostProcessorChecker : Bean 'sleuthAdvisorConfig' of type [org.springframework.cloud.sleuth.annotation.SleuthAdvisorConfig] is not eligible for getting processed by all BeanPostProcessors (for example: not eligible for auto-proxying)
2022-05-09T20:29:43.440558763Z stdout F 2022-05-10 04:29:43.408  INFO [ts-admin-route-service,,,] 1 --- [           main] trationDelegate$BeanPostProcessorChecker : Bean 'org.springframework.security.config.annotation.configuration.ObjectPostProcessorConfiguration' of type [org.springframework.security.config.annotation.configuration.ObjectPostProcessorConfiguration$$EnhancerBySpringCGLIB$$b8ef0a0a] is not eligible for getting processed by all BeanPostProcessors (for example: not eligible for auto-proxying)
2022-05-09T20:29:44.070165715Z stdout F 2022-05-10 04:29:44.069  INFO [ts-admin-route-service,,,] 1 --- [           main] trationDelegate$BeanPostProcessorChecker : Bean 'objectPostProcessor' of type [org.springframework.security.config.annotation.configuration.AutowireBeanFactoryObjectPostProcessor] is not eligible for getting processed by all BeanPostProcessors (for example: not eligible for auto-proxying)
2022-05-09T20:29:44.299660066Z stdout F 2022-05-10 04:29:44.299  INFO [ts-admin-route-service,,,] 1 --- [           main] trationDelegate$BeanPostProcessorChecker : Bean 'org.springframework.security.access.expression.method.DefaultMethodSecurityExpressionHandler@60db1c0e' of type [org.springframework.security.access.expression.method.DefaultMethodSecurityExpressionHandler] is not eligible for getting processed by all BeanPostProcessors (for example: not eligible for auto-proxying)
2022-05-09T20:29:44.985069868Z stdout F 2022-05-10 04:29:44.984  INFO [ts-admin-route-service,,,] 1 --- [           main] trationDelegate$BeanPostProcessorChecker : Bean 'org.springframework.security.config.annotation.method.configuration.GlobalMethodSecurityConfiguration' of type [org.springframework.security.config.annotation.method.configuration.GlobalMethodSecurityConfiguration$$EnhancerBySpringCGLIB$$ddc3acbc] is not eligible for getting processed by all BeanPostProcessors (for example: not eligible for auto-proxying)
2022-05-09T20:29:46.896666618Z stdout F 2022-05-10 04:29:46.896  INFO [ts-admin-route-service,,,] 1 --- [           main] trationDelegate$BeanPostProcessorChecker : Bean 'methodSecurityMetadataSource' of type [org.springframework.security.access.method.DelegatingMethodSecurityMetadataSource] is not eligible for getting processed by all BeanPostProcessors (for example: not eligible for auto-proxying)
2022-05-09T20:29:50.812841842Z stdout F 2022-05-10 04:29:50.812  INFO [ts-admin-route-service,,,] 1 --- [           main] trationDelegate$BeanPostProcessorChecker : Bean 'integrationGlobalProperties' of type [org.springframework.beans.factory.config.PropertiesFactoryBean] is not eligible for getting processed by all BeanPostProcessors (for example: not eligible for auto-proxying)
2022-05-09T20:29:51.333106322Z stdout F 2022-05-10 04:29:51.332  INFO [ts-admin-route-service,,,] 1 --- [           main] trationDelegate$BeanPostProcessorChecker : Bean 'integrationGlobalProperties' of type [java.util.Properties] is not eligible for getting processed by all BeanPostProcessors (for example: not eligible for auto-proxying)
2022-05-09T20:29:56.73539117Z stdout F 2022-05-10 04:29:56.734  INFO [ts-admin-route-service,,,] 1 --- [           main] trationDelegate$BeanPostProcessorChecker : Bean 'org.springframework.cloud.autoconfigure.ConfigurationPropertiesRebinderAutoConfiguration' of type [org.springframework.cloud.autoconfigure.ConfigurationPropertiesRebinderAutoConfiguration$$EnhancerBySpringCGLIB$$3c5b44cd] is not eligible for getting processed by all BeanPostProcessors (for example: not eligible for auto-proxying)
2022-05-09T20:29:58.209809273Z stdout F 2022-05-10 04:29:58.209  INFO [ts-admin-route-service,,,] 1 --- [           main] trationDelegate$BeanPostProcessorChecker : Bean 'org.springframework.cloud.sleuth.instrument.async.AsyncDefaultAutoConfiguration' of type [org.springframework.cloud.sleuth.instrument.async.AsyncDefaultAutoConfiguration$$EnhancerBySpringCGLIB$$824edef] is not eligible for getting processed by all BeanPostProcessors (for example: not eligible for auto-proxying)
2022-05-09T20:29:59.164234789Z stdout F 2022-05-10 04:29:59.163  INFO [ts-admin-route-service,,,] 1 --- [           main] trationDelegate$BeanPostProcessorChecker : Bean 'org.springframework.cloud.sleuth.instrument.web.client.TraceWebClientAutoConfiguration' of type [org.springframework.cloud.sleuth.instrument.web.client.TraceWebClientAutoConfiguration$$EnhancerBySpringCGLIB$$ccd40d4f] is not eligible for getting processed by all BeanPostProcessors (for example: not eligible for auto-proxying)
2022-05-09T20:30:16.737732154Z stdout F 2022-05-10 04:30:16.736  INFO [ts-admin-route-service,,,] 1 --- [           main] s.b.c.e.t.TomcatEmbeddedServletContainer : Tomcat initialized with port(s): 16113 (http)
2022-05-09T20:30:18.469502493Z stdout F 2022-05-10 04:30:18.453  INFO [ts-admin-route-service,,,] 1 --- [           main] o.apache.catalina.core.StandardService   : Starting service [Tomcat]
2022-05-09T20:30:18.469854804Z stdout F 2022-05-10 04:30:18.469  INFO [ts-admin-route-service,,,] 1 --- [           main] org.apache.catalina.core.StandardEngine  : Starting Servlet Engine: Apache Tomcat/8.5.43
2022-05-09T20:30:24.955279514Z stdout F 2022-05-10 04:30:24.895  INFO [ts-admin-route-service,,,] 1 --- [ost-startStop-1] o.a.c.c.C.[Tomcat].[localhost].[/]       : Initializing Spring embedded WebApplicationContext
2022-05-09T20:30:24.956960152Z stdout F 2022-05-10 04:30:24.955  INFO [ts-admin-route-service,,,] 1 --- [ost-startStop-1] o.s.web.context.ContextLoader            : Root WebApplicationContext: initialization completed in 138724 ms
2022-05-09T20:31:02.923084144Z stdout F 2022-05-10 04:31:02.922  INFO [ts-admin-route-service,,,] 1 --- [ost-startStop-1] o.s.b.w.servlet.FilterRegistrationBean   : Mapping filter: 'metricsFilter' to: [/*]
2022-05-09T20:31:02.923681583Z stdout F 2022-05-10 04:31:02.923  INFO [ts-admin-route-service,,,] 1 --- [ost-startStop-1] o.s.b.w.servlet.FilterRegistrationBean   : Mapping filter: 'characterEncodingFilter' to: [/*]
2022-05-09T20:31:02.924261663Z stdout F 2022-05-10 04:31:02.923  INFO [ts-admin-route-service,,,] 1 --- [ost-startStop-1] o.s.b.w.servlet.FilterRegistrationBean   : Mapping filter: 'traceFilter' to: [/*]
2022-05-09T20:31:02.924614826Z stdout F 2022-05-10 04:31:02.924  INFO [ts-admin-route-service,,,] 1 --- [ost-startStop-1] o.s.b.w.servlet.FilterRegistrationBean   : Mapping filter: 'hiddenHttpMethodFilter' to: [/*]
2022-05-09T20:31:02.924751113Z stdout F 2022-05-10 04:31:02.924  INFO [ts-admin-route-service,,,] 1 --- [ost-startStop-1] o.s.b.w.servlet.FilterRegistrationBean   : Mapping filter: 'httpPutFormContentFilter' to: [/*]
2022-05-09T20:31:02.925072566Z stdout F 2022-05-10 04:31:02.924  INFO [ts-admin-route-service,,,] 1 --- [ost-startStop-1] o.s.b.w.servlet.FilterRegistrationBean   : Mapping filter: 'requestContextFilter' to: [/*]
2022-05-09T20:31:02.994741818Z stdout F 2022-05-10 04:31:02.994  INFO [ts-admin-route-service,,,] 1 --- [ost-startStop-1] .s.DelegatingFilterProxyRegistrationBean : Mapping filter: 'springSecurityFilterChain' to: [/*]
2022-05-09T20:31:02.994764045Z stdout F 2022-05-10 04:31:02.994  INFO [ts-admin-route-service,,,] 1 --- [ost-startStop-1] o.s.b.w.servlet.FilterRegistrationBean   : Mapping filter: 'webRequestLoggingFilter' to: [/*]
2022-05-09T20:31:02.995025042Z stdout F 2022-05-10 04:31:02.994  INFO [ts-admin-route-service,,,] 1 --- [ost-startStop-1] o.s.b.w.servlet.FilterRegistrationBean   : Mapping filter: 'applicationContextIdFilter' to: [/*]
2022-05-09T20:31:02.995037943Z stdout F 2022-05-10 04:31:02.994  INFO [ts-admin-route-service,,,] 1 --- [ost-startStop-1] o.s.b.w.servlet.ServletRegistrationBean  : Mapping servlet: 'dispatcherServlet' to [/]
2022-05-09T20:32:55.535939809Z stdout F 2022-05-10 04:32:55.535  INFO [ts-admin-route-service,,,] 1 --- [           main] s.w.s.m.m.a.RequestMappingHandlerMapping : Mapped "{[/api/v1/adminrouteservice/adminroute],methods=[POST]}" onto public org.springframework.http.HttpEntity adminroute.controller.AdminRouteController.addRoute(adminroute.entity.RouteInfo,org.springframework.http.HttpHeaders)
2022-05-09T20:32:55.537080787Z stdout F 2022-05-10 04:32:55.536  INFO [ts-admin-route-service,,,] 1 --- [           main] s.w.s.m.m.a.RequestMappingHandlerMapping : Mapped "{[/api/v1/adminrouteservice/adminroute/{routeId}],methods=[DELETE]}" onto public org.springframework.http.HttpEntity adminroute.controller.AdminRouteController.deleteRoute(java.lang.String,org.springframework.http.HttpHeaders)
2022-05-09T20:32:55.537369753Z stdout F 2022-05-10 04:32:55.537  INFO [ts-admin-route-service,,,] 1 --- [           main] s.w.s.m.m.a.RequestMappingHandlerMapping : Mapped "{[/api/v1/adminrouteservice/welcome],methods=[GET]}" onto public java.lang.String adminroute.controller.AdminRouteController.home(org.springframework.http.HttpHeaders)
2022-05-09T20:32:55.537507358Z stdout F 2022-05-10 04:32:55.537  INFO [ts-admin-route-service,,,] 1 --- [           main] s.w.s.m.m.a.RequestMappingHandlerMapping : Mapped "{[/api/v1/adminrouteservice/adminroute],methods=[GET]}" onto public org.springframework.http.HttpEntity adminroute.controller.AdminRouteController.getAllRoutes(org.springframework.http.HttpHeaders)
2022-05-09T20:32:55.683700785Z stdout F 2022-05-10 04:32:55.683  INFO [ts-admin-route-service,,,] 1 --- [           main] s.w.s.m.m.a.RequestMappingHandlerMapping : Mapped "{[/v2/api-docs],methods=[GET],produces=[application/json || application/hal+json]}" onto public org.springframework.http.ResponseEntity<springfox.documentation.spring.web.json.Json> springfox.documentation.swagger2.web.Swagger2Controller.getDocumentation(java.lang.String,javax.servlet.http.HttpServletRequest)
2022-05-09T20:32:55.784312314Z stdout F 2022-05-10 04:32:55.783  INFO [ts-admin-route-service,,,] 1 --- [           main] s.w.s.m.m.a.RequestMappingHandlerMapping : Mapped "{[/configuration/ui]}" onto org.springframework.http.ResponseEntity<springfox.documentation.swagger.web.UiConfiguration> springfox.documentation.swagger.web.ApiResourceController.uiConfiguration()
2022-05-09T20:32:55.822042425Z stdout F 2022-05-10 04:32:55.821  INFO [ts-admin-route-service,,,] 1 --- [           main] s.w.s.m.m.a.RequestMappingHandlerMapping : Mapped "{[/configuration/security]}" onto org.springframework.http.ResponseEntity<springfox.documentation.swagger.web.SecurityConfiguration> springfox.documentation.swagger.web.ApiResourceController.securityConfiguration()
2022-05-09T20:32:55.879199626Z stdout F 2022-05-10 04:32:55.878  INFO [ts-admin-route-service,,,] 1 --- [           main] s.w.s.m.m.a.RequestMappingHandlerMapping : Mapped "{[/swagger-resources]}" onto org.springframework.http.ResponseEntity<java.util.List<springfox.documentation.swagger.web.SwaggerResource>> springfox.documentation.swagger.web.ApiResourceController.swaggerResources()
2022-05-09T20:32:56.058832957Z stdout F 2022-05-10 04:32:56.058  INFO [ts-admin-route-service,,,] 1 --- [           main] s.w.s.m.m.a.RequestMappingHandlerMapping : Mapped "{[/error],produces=[text/html]}" onto public org.springframework.web.servlet.ModelAndView org.springframework.boot.autoconfigure.web.BasicErrorController.errorHtml(javax.servlet.http.HttpServletRequest,javax.servlet.http.HttpServletResponse)
2022-05-09T20:32:56.059503294Z stdout F 2022-05-10 04:32:56.059  INFO [ts-admin-route-service,,,] 1 --- [           main] s.w.s.m.m.a.RequestMappingHandlerMapping : Mapped "{[/error]}" onto public org.springframework.http.ResponseEntity<java.util.Map<java.lang.String, java.lang.Object>> org.springframework.boot.autoconfigure.web.BasicErrorController.error(javax.servlet.http.HttpServletRequest)
2022-05-09T20:34:12.335692768Z stdout F 2022-05-10 04:34:12.334  INFO [ts-admin-route-service,,,] 1 --- [           main] o.s.b.a.e.mvc.EndpointHandlerMapping     : Mapped "{[/heapdump || /heapdump.json],methods=[GET],produces=[application/octet-stream]}" onto public void org.springframework.boot.actuate.endpoint.mvc.HeapdumpMvcEndpoint.invoke(boolean,javax.servlet.http.HttpServletRequest,javax.servlet.http.HttpServletResponse) throws java.io.IOException,javax.servlet.ServletException
2022-05-09T20:34:12.442861405Z stdout F 2022-05-10 04:34:12.442  INFO [ts-admin-route-service,,,] 1 --- [           main] o.s.b.a.e.mvc.EndpointHandlerMapping     : Mapped "{[/dump || /dump.json],methods=[GET],produces=[application/vnd.spring-boot.actuator.v1+json || application/json]}" onto public java.lang.Object org.springframework.boot.actuate.endpoint.mvc.EndpointMvcAdapter.invoke()
2022-05-09T20:34:12.482369991Z stdout F 2022-05-10 04:34:12.481  INFO [ts-admin-route-service,,,] 1 --- [           main] o.s.b.a.e.mvc.EndpointHandlerMapping     : Mapped "{[/autoconfig || /autoconfig.json],methods=[GET],produces=[application/vnd.spring-boot.actuator.v1+json || application/json]}" onto public java.lang.Object org.springframework.boot.actuate.endpoint.mvc.EndpointMvcAdapter.invoke()
2022-05-09T20:34:12.898666926Z stdout F 2022-05-10 04:34:12.884  INFO [ts-admin-route-service,,,] 1 --- [           main] o.s.b.a.e.mvc.EndpointHandlerMapping     : Mapped "{[/loggers/{name:.*}],methods=[GET],produces=[application/vnd.spring-boot.actuator.v1+json || application/json]}" onto public java.lang.Object org.springframework.boot.actuate.endpoint.mvc.LoggersMvcEndpoint.get(java.lang.String)
2022-05-09T20:34:12.898706462Z stdout F 2022-05-10 04:34:12.885  INFO [ts-admin-route-service,,,] 1 --- [           main] o.s.b.a.e.mvc.EndpointHandlerMapping     : Mapped "{[/loggers/{name:.*}],methods=[POST],consumes=[application/vnd.spring-boot.actuator.v1+json || application/json],produces=[application/vnd.spring-boot.actuator.v1+json || application/json]}" onto public java.lang.Object org.springframework.boot.actuate.endpoint.mvc.LoggersMvcEndpoint.set(java.lang.String,java.util.Map<java.lang.String, java.lang.String>)
2022-05-09T20:34:12.898714185Z stdout F 2022-05-10 04:34:12.885  INFO [ts-admin-route-service,,,] 1 --- [           main] o.s.b.a.e.mvc.EndpointHandlerMapping     : Mapped "{[/loggers || /loggers.json],methods=[GET],produces=[application/vnd.spring-boot.actuator.v1+json || application/json]}" onto public java.lang.Object org.springframework.boot.actuate.endpoint.mvc.EndpointMvcAdapter.invoke()
2022-05-09T20:34:12.898807773Z stdout F 2022-05-10 04:34:12.886  INFO [ts-admin-route-service,,,] 1 --- [           main] o.s.b.a.e.mvc.EndpointHandlerMapping     : Mapped "{[/health || /health.json],methods=[GET],produces=[application/vnd.spring-boot.actuator.v1+json || application/json]}" onto public java.lang.Object org.springframework.boot.actuate.endpoint.mvc.HealthMvcEndpoint.invoke(javax.servlet.http.HttpServletRequest,java.security.Principal)
2022-05-09T20:34:13.132671268Z stdout F 2022-05-10 04:34:12.887  INFO [ts-admin-route-service,,,] 1 --- [           main] o.s.b.a.e.mvc.EndpointHandlerMapping     : Mapped "{[/trace || /trace.json],methods=[GET],produces=[application/vnd.spring-boot.actuator.v1+json || application/json]}" onto public java.lang.Object org.springframework.boot.actuate.endpoint.mvc.EndpointMvcAdapter.invoke()
2022-05-09T20:34:13.13421122Z stdout F 2022-05-10 04:34:13.133  INFO [ts-admin-route-service,,,] 1 --- [           main] o.s.b.a.e.mvc.EndpointHandlerMapping     : Mapped "{[/info || /info.json],methods=[GET],produces=[application/vnd.spring-boot.actuator.v1+json || application/json]}" onto public java.lang.Object org.springframework.boot.actuate.endpoint.mvc.EndpointMvcAdapter.invoke()
2022-05-09T20:34:13.169413691Z stdout F 2022-05-10 04:34:13.168  INFO [ts-admin-route-service,,,] 1 --- [           main] o.s.b.a.e.mvc.EndpointHandlerMapping     : Mapped "{[/env],methods=[POST]}" onto public java.lang.Object org.springframework.cloud.context.environment.EnvironmentManagerMvcEndpoint.value(java.util.Map<java.lang.String, java.lang.String>)
2022-05-09T20:34:13.169883108Z stdout F 2022-05-10 04:34:13.169  INFO [ts-admin-route-service,,,] 1 --- [           main] o.s.b.a.e.mvc.EndpointHandlerMapping     : Mapped "{[/env/reset],methods=[POST]}" onto public java.util.Map<java.lang.String, java.lang.Object> org.springframework.cloud.context.environment.EnvironmentManagerMvcEndpoint.reset()
2022-05-09T20:34:13.209220971Z stdout F 2022-05-10 04:34:13.208  INFO [ts-admin-route-service,,,] 1 --- [           main] o.s.b.a.e.mvc.EndpointHandlerMapping     : Mapped "{[/mappings || /mappings.json],methods=[GET],produces=[application/vnd.spring-boot.actuator.v1+json || application/json]}" onto public java.lang.Object org.springframework.boot.actuate.endpoint.mvc.EndpointMvcAdapter.invoke()
2022-05-09T20:34:13.279233791Z stdout F 2022-05-10 04:34:13.278  INFO [ts-admin-route-service,,,] 1 --- [           main] o.s.b.a.e.mvc.EndpointHandlerMapping     : Mapped "{[/beans || /beans.json],methods=[GET],produces=[application/vnd.spring-boot.actuator.v1+json || application/json]}" onto public java.lang.Object org.springframework.boot.actuate.endpoint.mvc.EndpointMvcAdapter.invoke()
2022-05-09T20:34:13.308241867Z stdout F 2022-05-10 04:34:13.307  INFO [ts-admin-route-service,,,] 1 --- [           main] o.s.b.a.e.mvc.EndpointHandlerMapping     : Mapped "{[/env/{name:.*}],methods=[GET],produces=[application/vnd.spring-boot.actuator.v1+json || application/json]}" onto public java.lang.Object org.springframework.boot.actuate.endpoint.mvc.EnvironmentMvcEndpoint.value(java.lang.String)
2022-05-09T20:34:13.309176143Z stdout F 2022-05-10 04:34:13.308  INFO [ts-admin-route-service,,,] 1 --- [           main] o.s.b.a.e.mvc.EndpointHandlerMapping     : Mapped "{[/env || /env.json],methods=[GET],produces=[application/vnd.spring-boot.actuator.v1+json || application/json]}" onto public java.lang.Object org.springframework.boot.actuate.endpoint.mvc.EndpointMvcAdapter.invoke()
2022-05-09T20:34:13.36478044Z stdout F 2022-05-10 04:34:13.343  INFO [ts-admin-route-service,,,] 1 --- [           main] o.s.b.a.e.mvc.EndpointHandlerMapping     : Mapped "{[/metrics/{name:.*}],methods=[GET],produces=[application/vnd.spring-boot.actuator.v1+json || application/json]}" onto public java.lang.Object org.springframework.boot.actuate.endpoint.mvc.MetricsMvcEndpoint.value(java.lang.String)
2022-05-09T20:34:13.364816067Z stdout F 2022-05-10 04:34:13.344  INFO [ts-admin-route-service,,,] 1 --- [           main] o.s.b.a.e.mvc.EndpointHandlerMapping     : Mapped "{[/metrics || /metrics.json],methods=[GET],produces=[application/vnd.spring-boot.actuator.v1+json || application/json]}" onto public java.lang.Object org.springframework.boot.actuate.endpoint.mvc.EndpointMvcAdapter.invoke()
2022-05-09T20:34:13.364824405Z stdout F 2022-05-10 04:34:13.344  INFO [ts-admin-route-service,,,] 1 --- [           main] o.s.b.a.e.mvc.EndpointHandlerMapping     : Mapped "{[/refresh || /refresh.json],methods=[POST]}" onto public java.lang.Object org.springframework.cloud.endpoint.GenericPostableMvcEndpoint.invoke()
2022-05-09T20:34:13.364834179Z stdout F 2022-05-10 04:34:13.345  INFO [ts-admin-route-service,,,] 1 --- [           main] o.s.b.a.e.mvc.EndpointHandlerMapping     : Mapped "{[/features || /features.json],methods=[GET],produces=[application/vnd.spring-boot.actuator.v1+json || application/json]}" onto public java.lang.Object org.springframework.boot.actuate.endpoint.mvc.EndpointMvcAdapter.invoke()
2022-05-09T20:34:13.465272089Z stdout F 2022-05-10 04:34:13.464  INFO [ts-admin-route-service,,,] 1 --- [           main] o.s.b.a.e.mvc.EndpointHandlerMapping     : Mapped "{[/auditevents || /auditevents.json],methods=[GET],produces=[application/vnd.spring-boot.actuator.v1+json || application/json]}" onto public org.springframework.http.ResponseEntity<?> org.springframework.boot.actuate.endpoint.mvc.AuditEventsMvcEndpoint.findByPrincipalAndAfterAndType(java.lang.String,java.util.Date,java.lang.String)
2022-05-09T20:34:13.859487126Z stdout F 2022-05-10 04:34:13.859  INFO [ts-admin-route-service,,,] 1 --- [           main] o.s.b.a.e.mvc.EndpointHandlerMapping     : Mapped "{[/configprops || /configprops.json],methods=[GET],produces=[application/vnd.spring-boot.actuator.v1+json || application/json]}" onto public java.lang.Object org.springframework.boot.actuate.endpoint.mvc.EndpointMvcAdapter.invoke()
2022-05-09T20:35:03.44900852Z stdout F 2022-05-10 04:35:03.401  INFO [ts-admin-route-service,,,] 1 --- [           main] b.a.s.AuthenticationManagerConfiguration : 
2022-05-09T20:35:03.449120198Z stdout F 
2022-05-09T20:35:03.449176461Z stdout F Using default security password: 0713acac-46a2-4d6a-b79a-940e645b262f
2022-05-09T20:35:03.449188076Z stdout F 
2022-05-09T20:35:32.636055639Z stdout F 2022-05-10 04:35:32.634  INFO [ts-admin-route-service,,,] 1 --- [           main] o.s.s.web.DefaultSecurityFilterChain     : Creating filter chain: org.springframework.security.web.util.matcher.AnyRequestMatcher@1, [org.springframework.security.web.context.request.async.WebAsyncManagerIntegrationFilter@7a48e6e2, org.springframework.security.web.context.SecurityContextPersistenceFilter@58670130, org.springframework.security.web.header.HeaderWriterFilter@10fde30a, org.springframework.security.web.authentication.logout.LogoutFilter@1c9f0a20, edu.fudan.common.security.jwt.JWTFilter@b40bb6e, org.springframework.security.web.savedrequest.RequestCacheAwareFilter@1991f767, org.springframework.security.web.servletapi.SecurityContextHolderAwareRequestFilter@10650953, org.springframework.security.web.authentication.AnonymousAuthenticationFilter@3a94964, org.springframework.security.web.session.SessionManagementFilter@1ce61929, org.springframework.security.web.access.ExceptionTranslationFilter@65aa6596, org.springframework.security.web.access.intercept.FilterSecurityInterceptor@72a85671]
2022-05-09T20:35:42.411412049Z stdout F 2022-05-10 04:35:42.273  INFO [ts-admin-route-service,,,] 1 --- [           main] o.s.w.s.handler.SimpleUrlHandlerMapping  : Mapped URL path [/webjars/**] onto handler of type [class org.springframework.web.servlet.resource.ResourceHttpRequestHandler]
2022-05-09T20:35:42.411501352Z stdout F 2022-05-10 04:35:42.411  INFO [ts-admin-route-service,,,] 1 --- [           main] o.s.w.s.handler.SimpleUrlHandlerMapping  : Mapped URL path [/**] onto handler of type [class org.springframework.web.servlet.resource.ResourceHttpRequestHandler]
2022-05-09T20:35:47.601636299Z stdout F 2022-05-10 04:35:47.597  INFO [ts-admin-route-service,,,] 1 --- [           main] o.s.w.s.handler.SimpleUrlHandlerMapping  : Mapped URL path [/**/favicon.ico] onto handler of type [class org.springframework.web.servlet.resource.ResourceHttpRequestHandler]
2022-05-09T20:35:50.499450537Z stdout F 2022-05-10 04:35:50.498  INFO [ts-admin-route-service,,,] 1 --- [           main] o.s.s.web.DefaultSecurityFilterChain     : Creating filter chain: org.springframework.boot.actuate.autoconfigure.ManagementWebSecurityAutoConfiguration$LazyEndpointPathRequestMatcher@2a39fe6a, [org.springframework.security.web.context.request.async.WebAsyncManagerIntegrationFilter@410ae9a3, org.springframework.security.web.context.SecurityContextPersistenceFilter@132ddbab, org.springframework.security.web.header.HeaderWriterFilter@482d776b, org.springframework.web.filter.CorsFilter@319988b0, org.springframework.security.web.authentication.logout.LogoutFilter@5bf22f18, org.springframework.security.web.authentication.www.BasicAuthenticationFilter@63648ee9, org.springframework.security.web.savedrequest.RequestCacheAwareFilter@297ea53a, org.springframework.security.web.servletapi.SecurityContextHolderAwareRequestFilter@acb0951, org.springframework.security.web.authentication.AnonymousAuthenticationFilter@d5ae57e, org.springframework.security.web.session.SessionManagementFilter@4052274f, org.springframework.security.web.access.ExceptionTranslationFilter@2e029d61, org.springframework.security.web.access.intercept.FilterSecurityInterceptor@741b3bc3]
2022-05-09T20:36:10.537775168Z stdout F 2022-05-10 04:36:10.536  INFO [ts-admin-route-service,,,] 1 --- [           main] s.w.s.m.m.a.RequestMappingHandlerAdapter : Looking for @ControllerAdvice: org.springframework.boot.context.embedded.AnnotationConfigEmbeddedWebApplicationContext@77caeb3e: startup date [Tue May 10 04:28:06 CST 2022]; parent: org.springframework.context.annotation.AnnotationConfigApplicationContext@48533e64
2022-05-09T20:37:18.749422573Z stdout F 2022-05-10 04:37:18.623  INFO [ts-admin-route-service,,,] 1 --- [           main] o.s.s.c.ThreadPoolTaskScheduler          : Initializing ExecutorService  'taskScheduler'
2022-05-09T20:38:17.467696475Z stdout F 2022-05-10 04:38:17.349  INFO [ts-admin-route-service,,,] 1 --- [           main] o.s.s.c.ThreadPoolTaskScheduler          : Initializing ExecutorService 
2022-05-09T20:39:10.833310431Z stdout F 2022-05-10 04:39:10.759  INFO [ts-admin-route-service,,,] 1 --- [           main] o.s.j.e.a.AnnotationMBeanExporter        : Registering beans for JMX exposure on startup
2022-05-09T20:39:11.677738886Z stdout F 2022-05-10 04:39:11.677  INFO [ts-admin-route-service,,,] 1 --- [           main] o.s.j.e.a.AnnotationMBeanExporter        : Bean with name 'configurationPropertiesRebinder' has been autodetected for JMX exposure
2022-05-09T20:39:11.798065092Z stdout F 2022-05-10 04:39:11.797  INFO [ts-admin-route-service,,,] 1 --- [           main] o.s.j.e.a.AnnotationMBeanExporter        : Bean with name 'refreshEndpoint' has been autodetected for JMX exposure
2022-05-09T20:39:11.837396214Z stdout F 2022-05-10 04:39:11.836  INFO [ts-admin-route-service,,,] 1 --- [           main] o.s.j.e.a.AnnotationMBeanExporter        : Bean with name 'environmentManager' has been autodetected for JMX exposure
2022-05-09T20:39:11.957998567Z stdout F 2022-05-10 04:39:11.885  INFO [ts-admin-route-service,,,] 1 --- [           main] o.s.j.e.a.AnnotationMBeanExporter        : Bean with name 'refreshScope' has been autodetected for JMX exposure
2022-05-09T20:39:11.973963868Z stdout F 2022-05-10 04:39:11.972  INFO [ts-admin-route-service,,,] 1 --- [           main] o.s.j.e.a.AnnotationMBeanExporter        : Located managed bean 'environmentManager': registering with JMX server as MBean [org.springframework.cloud.context.environment:name=environmentManager,type=EnvironmentManager]
2022-05-09T20:39:12.81539307Z stdout F 2022-05-10 04:39:12.814  INFO [ts-admin-route-service,,,] 1 --- [           main] o.s.j.e.a.AnnotationMBeanExporter        : Located managed bean 'refreshScope': registering with JMX server as MBean [org.springframework.cloud.context.scope.refresh:name=refreshScope,type=RefreshScope]
2022-05-09T20:39:13.69323307Z stdout F 2022-05-10 04:39:13.685  INFO [ts-admin-route-service,,,] 1 --- [           main] o.s.j.e.a.AnnotationMBeanExporter        : Located managed bean 'configurationPropertiesRebinder': registering with JMX server as MBean [org.springframework.cloud.context.properties:name=configurationPropertiesRebinder,context=77caeb3e,type=ConfigurationPropertiesRebinder]
2022-05-09T20:39:14.623678338Z stdout F 2022-05-10 04:39:14.622  INFO [ts-admin-route-service,,,] 1 --- [           main] o.s.j.e.a.AnnotationMBeanExporter        : Located managed bean 'refreshEndpoint': registering with JMX server as MBean [org.springframework.cloud.endpoint:name=refreshEndpoint,type=RefreshEndpoint]
2022-05-09T20:39:57.119303828Z stdout F 2022-05-10 04:39:56.996  INFO [ts-admin-route-service,,,] 1 --- [           main] o.s.c.support.DefaultLifecycleProcessor  : Starting beans in phase 0
2022-05-09T20:40:02.580506228Z stdout F 2022-05-10 04:40:02.578  INFO [ts-admin-route-service,,,] 1 --- [           main] o.s.i.endpoint.EventDrivenConsumer       : Adding {logging-channel-adapter:_org.springframework.integration.errorLogger} as a subscriber to the 'errorChannel' channel
2022-05-09T20:40:02.627677452Z stdout F 2022-05-10 04:40:02.579  INFO [ts-admin-route-service,,,] 1 --- [           main] o.s.i.channel.PublishSubscribeChannel    : Channel 'ts-admin-route-service:16113.errorChannel' has 1 subscriber(s).
2022-05-09T20:40:02.627726279Z stdout F 2022-05-10 04:40:02.626  INFO [ts-admin-route-service,,,] 1 --- [           main] o.s.i.endpoint.EventDrivenConsumer       : started _org.springframework.integration.errorLogger
2022-05-09T20:40:04.71271845Z stdout F 2022-05-10 04:40:04.712  INFO [ts-admin-route-service,,,] 1 --- [           main] d.s.w.p.DocumentationPluginsBootstrapper : Context refreshed
2022-05-09T20:40:09.274285809Z stdout F 2022-05-10 04:40:08.567  INFO [ts-admin-route-service,,,] 1 --- [           main] d.s.w.p.DocumentationPluginsBootstrapper : Found 1 custom documentation plugin(s)
2022-05-09T20:40:09.658719501Z stdout F 2022-05-10 04:40:09.656  INFO [ts-admin-route-service,,,] 1 --- [           main] s.d.s.w.s.ApiListingReferenceScanner     : Scanning for api listing references
2022-05-09T20:40:21.030425182Z stdout F 2022-05-10 04:40:21.029  INFO [ts-admin-route-service,,,] 1 --- [           main] .d.s.w.r.o.CachingOperationNameGenerator : Generating unique operation named: findByPrincipalAndAfterAndTypeUsingGET_1
2022-05-09T20:40:23.367841849Z stdout F 2022-05-10 04:40:23.356  INFO [ts-admin-route-service,,,] 1 --- [           main] .d.s.w.r.o.CachingOperationNameGenerator : Generating unique operation named: invokeUsingGET_1
2022-05-09T20:40:23.385915691Z stdout F 2022-05-10 04:40:23.384  INFO [ts-admin-route-service,,,] 1 --- [           main] .d.s.w.r.o.CachingOperationNameGenerator : Generating unique operation named: invokeUsingGET_2
2022-05-09T20:40:23.389141494Z stdout F 2022-05-10 04:40:23.387  INFO [ts-admin-route-service,,,] 1 --- [           main] .d.s.w.r.o.CachingOperationNameGenerator : Generating unique operation named: invokeUsingGET_3
2022-05-09T20:40:23.566148841Z stdout F 2022-05-10 04:40:23.564  INFO [ts-admin-route-service,,,] 1 --- [           main] .d.s.w.r.o.CachingOperationNameGenerator : Generating unique operation named: invokeUsingGET_4
2022-05-09T20:40:23.60838655Z stdout F 2022-05-10 04:40:23.606  INFO [ts-admin-route-service,,,] 1 --- [           main] .d.s.w.r.o.CachingOperationNameGenerator : Generating unique operation named: invokeUsingGET_5
2022-05-09T20:40:23.671772648Z stdout F 2022-05-10 04:40:23.666  INFO [ts-admin-route-service,,,] 1 --- [           main] .d.s.w.r.o.CachingOperationNameGenerator : Generating unique operation named: invokeUsingGET_6
2022-05-09T20:40:23.815554942Z stdout F 2022-05-10 04:40:23.790  INFO [ts-admin-route-service,,,] 1 --- [           main] .d.s.w.r.o.CachingOperationNameGenerator : Generating unique operation named: invokeUsingGET_7
2022-05-09T20:40:23.832419082Z stdout F 2022-05-10 04:40:23.825  INFO [ts-admin-route-service,,,] 1 --- [           main] .d.s.w.r.o.CachingOperationNameGenerator : Generating unique operation named: invokeUsingGET_8
2022-05-09T20:40:23.852082678Z stdout F 2022-05-10 04:40:23.850  INFO [ts-admin-route-service,,,] 1 --- [           main] .d.s.w.r.o.CachingOperationNameGenerator : Generating unique operation named: invokeUsingGET_9
2022-05-09T20:40:24.22588287Z stdout F 2022-05-10 04:40:24.223  INFO [ts-admin-route-service,,,] 1 --- [           main] .d.s.w.r.o.CachingOperationNameGenerator : Generating unique operation named: invokeUsingGET_10
2022-05-09T20:40:24.287110238Z stdout F 2022-05-10 04:40:24.284  INFO [ts-admin-route-service,,,] 1 --- [           main] .d.s.w.r.o.CachingOperationNameGenerator : Generating unique operation named: invokeUsingGET_11
2022-05-09T20:40:24.406842575Z stdout F 2022-05-10 04:40:24.371  INFO [ts-admin-route-service,,,] 1 --- [           main] .d.s.w.r.o.CachingOperationNameGenerator : Generating unique operation named: invokeUsingGET_12
2022-05-09T20:40:24.446712403Z stdout F 2022-05-10 04:40:24.446  INFO [ts-admin-route-service,,,] 1 --- [           main] .d.s.w.r.o.CachingOperationNameGenerator : Generating unique operation named: invokeUsingGET_13
2022-05-09T20:40:24.499531362Z stdout F 2022-05-10 04:40:24.498  INFO [ts-admin-route-service,,,] 1 --- [           main] .d.s.w.r.o.CachingOperationNameGenerator : Generating unique operation named: invokeUsingGET_14
2022-05-09T20:40:24.569547189Z stdout F 2022-05-10 04:40:24.568  INFO [ts-admin-route-service,,,] 1 --- [           main] .d.s.w.r.o.CachingOperationNameGenerator : Generating unique operation named: invokeUsingGET_15
2022-05-09T20:40:25.03873514Z stdout F 2022-05-10 04:40:25.038  INFO [ts-admin-route-service,,,] 1 --- [           main] .d.s.w.r.o.CachingOperationNameGenerator : Generating unique operation named: invokeUsingGET_16
2022-05-09T20:40:25.137686374Z stdout F 2022-05-10 04:40:25.137  INFO [ts-admin-route-service,,,] 1 --- [           main] .d.s.w.r.o.CachingOperationNameGenerator : Generating unique operation named: invokeUsingGET_17
2022-05-09T20:40:25.501333035Z stdout F 2022-05-10 04:40:25.500  INFO [ts-admin-route-service,,,] 1 --- [           main] .d.s.w.r.o.CachingOperationNameGenerator : Generating unique operation named: invokeUsingPOST_1
2022-05-09T20:40:25.717284991Z stdout F 2022-05-10 04:40:25.715  INFO [ts-admin-route-service,,,] 1 --- [           main] .d.s.w.r.o.CachingOperationNameGenerator : Generating unique operation named: invokeUsingGET_18
2022-05-09T20:40:25.720164951Z stdout F 2022-05-10 04:40:25.719  INFO [ts-admin-route-service,,,] 1 --- [           main] .d.s.w.r.o.CachingOperationNameGenerator : Generating unique operation named: invokeUsingGET_19
2022-05-09T20:40:25.944078269Z stdout F 2022-05-10 04:40:25.943  INFO [ts-admin-route-service,,,] 1 --- [           main] .d.s.w.r.o.CachingOperationNameGenerator : Generating unique operation named: invokeUsingGET_20
2022-05-09T20:40:26.102494246Z stdout F 2022-05-10 04:40:26.102  INFO [ts-admin-route-service,,,] 1 --- [           main] .d.s.w.r.o.CachingOperationNameGenerator : Generating unique operation named: invokeUsingGET_21
2022-05-09T20:40:26.390185931Z stdout F 2022-05-10 04:40:26.389  INFO [ts-admin-route-service,,,] 1 --- [           main] .d.s.w.r.o.CachingOperationNameGenerator : Generating unique operation named: invokeUsingGET_22
2022-05-09T20:40:26.422355808Z stdout F 2022-05-10 04:40:26.421  INFO [ts-admin-route-service,,,] 1 --- [           main] .d.s.w.r.o.CachingOperationNameGenerator : Generating unique operation named: invokeUsingGET_23
2022-05-09T20:40:27.206401355Z stdout F 2022-05-10 04:40:27.205  INFO [ts-admin-route-service,,,] 1 --- [           main] .d.s.w.r.o.CachingOperationNameGenerator : Generating unique operation named: invokeUsingGET_24
2022-05-09T20:40:27.352936092Z stdout F 2022-05-10 04:40:27.352  INFO [ts-admin-route-service,,,] 1 --- [           main] .d.s.w.r.o.CachingOperationNameGenerator : Generating unique operation named: invokeUsingGET_25
2022-05-09T20:40:27.675747836Z stdout F 2022-05-10 04:40:27.674  INFO [ts-admin-route-service,,,] 1 --- [           main] .d.s.w.r.o.CachingOperationNameGenerator : Generating unique operation named: valueUsingGET_1
2022-05-09T20:40:30.202601285Z stdout F 2022-05-10 04:40:30.201  INFO [ts-admin-route-service,,,] 1 --- [           main] s.b.c.e.t.TomcatEmbeddedServletContainer : Tomcat started on port(s): 16113 (http)
2022-05-09T20:40:30.552085482Z stdout F 2022-05-10 04:40:30.551  INFO [ts-admin-route-service,,,] 1 --- [           main] adminroute.AdminRouteApplication         : Started AdminRouteApplication in 31869.203 seconds (JVM running for 1171.057)
