2022-05-26T05:25:09.042457075Z stdout F 2022-05-26T05:25:09.034545Z	info	Istio iptables environment:
2022-05-26T05:25:09.0425248Z stdout F ENVOY_PORT=
2022-05-26T05:25:09.042531906Z stdout F INBOUND_CAPTURE_PORT=
2022-05-26T05:25:09.042536728Z stdout F ISTIO_INBOUND_INTERCEPTION_MODE=
2022-05-26T05:25:09.042540636Z stdout F ISTIO_INBOUND_TPROXY_ROUTE_TABLE=
2022-05-26T05:25:09.042544102Z stdout F ISTIO_INBOUND_PORTS=
2022-05-26T05:25:09.042547547Z stdout F ISTIO_OUTBOUND_PORTS=
2022-05-26T05:25:09.042550961Z stdout F ISTIO_LOCAL_EXCLUDE_PORTS=
2022-05-26T05:25:09.042554358Z stdout F ISTIO_EXCLUDE_INTERFACES=
2022-05-26T05:25:09.042557663Z stdout F ISTIO_SERVICE_CIDR=
2022-05-26T05:25:09.042560985Z stdout F ISTIO_SERVICE_EXCLUDE_CIDR=
2022-05-26T05:25:09.042564382Z stdout F ISTIO_META_DNS_CAPTURE=
2022-05-26T05:25:09.042567957Z stdout F INVALID_DROP=
2022-05-26T05:25:09.042571854Z stdout F 
2022-05-26T05:25:09.042575486Z stdout F 2022-05-26T05:25:09.034662Z	info	Istio iptables variables:
2022-05-26T05:25:09.042578774Z stdout F PROXY_PORT=15001
2022-05-26T05:25:09.042582417Z stdout F PROXY_INBOUND_CAPTURE_PORT=15006
2022-05-26T05:25:09.042586588Z stdout F PROXY_TUNNEL_PORT=15008
2022-05-26T05:25:09.042590296Z stdout F PROXY_UID=1337
2022-05-26T05:25:09.042593742Z stdout F PROXY_GID=1337
2022-05-26T05:25:09.042597395Z stdout F INBOUND_INTERCEPTION_MODE=REDIRECT
2022-05-26T05:25:09.042600841Z stdout F INBOUND_TPROXY_MARK=1337
2022-05-26T05:25:09.042604202Z stdout F INBOUND_TPROXY_ROUTE_TABLE=133
2022-05-26T05:25:09.042607857Z stdout F INBOUND_PORTS_INCLUDE=*
2022-05-26T05:25:09.042616806Z stdout F INBOUND_PORTS_EXCLUDE=15090,15021,15020
2022-05-26T05:25:09.042623671Z stdout F OUTBOUND_IP_RANGES_INCLUDE=*
2022-05-26T05:25:09.042628758Z stdout F OUTBOUND_IP_RANGES_EXCLUDE=
2022-05-26T05:25:09.042632625Z stdout F OUTBOUND_PORTS_INCLUDE=
2022-05-26T05:25:09.042635976Z stdout F OUTBOUND_PORTS_EXCLUDE=
2022-05-26T05:25:09.042639266Z stdout F KUBE_VIRT_INTERFACES=
2022-05-26T05:25:09.042642563Z stdout F ENABLE_INBOUND_IPV6=false
2022-05-26T05:25:09.042646014Z stdout F DNS_CAPTURE=false
2022-05-26T05:25:09.04264951Z stdout F DROP_INVALID=false
2022-05-26T05:25:09.0426533Z stdout F CAPTURE_ALL_DNS=false
2022-05-26T05:25:09.042656769Z stdout F DNS_SERVERS=[],[]
2022-05-26T05:25:09.042660131Z stdout F OUTPUT_PATH=
2022-05-26T05:25:09.04266349Z stdout F NETWORK_NAMESPACE=
2022-05-26T05:25:09.042667251Z stdout F CNI_MODE=false
2022-05-26T05:25:09.042670786Z stdout F EXCLUDE_INTERFACES=
2022-05-26T05:25:09.04267434Z stdout F 
2022-05-26T05:25:09.042678996Z stdout F 2022-05-26T05:25:09.035719Z	info	Writing following contents to rules file: /tmp/iptables-rules-1653542709035460850.txt260091652
2022-05-26T05:25:09.042682505Z stdout F * nat
2022-05-26T05:25:09.042686493Z stdout F -N ISTIO_INBOUND
2022-05-26T05:25:09.042689973Z stdout F -N ISTIO_REDIRECT
2022-05-26T05:25:09.042693611Z stdout F -N ISTIO_IN_REDIRECT
2022-05-26T05:25:09.042697244Z stdout F -N ISTIO_OUTPUT
2022-05-26T05:25:09.042700934Z stdout F -A ISTIO_INBOUND -p tcp --dport 15008 -j RETURN
2022-05-26T05:25:09.042704842Z stdout F -A ISTIO_REDIRECT -p tcp -j REDIRECT --to-ports 15001
2022-05-26T05:25:09.042709007Z stdout F -A ISTIO_IN_REDIRECT -p tcp -j REDIRECT --to-ports 15006
2022-05-26T05:25:09.042720238Z stdout F -A PREROUTING -p tcp -j ISTIO_INBOUND
2022-05-26T05:25:09.042733113Z stdout F -A ISTIO_INBOUND -p tcp --dport 15090 -j RETURN
2022-05-26T05:25:09.042825435Z stdout F -A ISTIO_INBOUND -p tcp --dport 15021 -j RETURN
2022-05-26T05:25:09.042832254Z stdout F -A ISTIO_INBOUND -p tcp --dport 15020 -j RETURN
2022-05-26T05:25:09.042836554Z stdout F -A ISTIO_INBOUND -p tcp -j ISTIO_IN_REDIRECT
2022-05-26T05:25:09.042840331Z stdout F -A OUTPUT -p tcp -j ISTIO_OUTPUT
2022-05-26T05:25:09.042843547Z stdout F -A ISTIO_OUTPUT -o lo -s 127.0.0.6/32 -j RETURN
2022-05-26T05:25:09.042847499Z stdout F -A ISTIO_OUTPUT -o lo ! -d 127.0.0.1/32 -m owner --uid-owner 1337 -j ISTIO_IN_REDIRECT
2022-05-26T05:25:09.042850716Z stdout F -A ISTIO_OUTPUT -o lo -m owner ! --uid-owner 1337 -j RETURN
2022-05-26T05:25:09.042854043Z stdout F -A ISTIO_OUTPUT -m owner --uid-owner 1337 -j RETURN
2022-05-26T05:25:09.042868401Z stdout F -A ISTIO_OUTPUT -o lo ! -d 127.0.0.1/32 -m owner --gid-owner 1337 -j ISTIO_IN_REDIRECT
2022-05-26T05:25:09.042872767Z stdout F -A ISTIO_OUTPUT -o lo -m owner ! --gid-owner 1337 -j RETURN
2022-05-26T05:25:09.042876495Z stdout F -A ISTIO_OUTPUT -m owner --gid-owner 1337 -j RETURN
2022-05-26T05:25:09.042880227Z stdout F -A ISTIO_OUTPUT -d 127.0.0.1/32 -j RETURN
2022-05-26T05:25:09.042884021Z stdout F -A ISTIO_OUTPUT -j ISTIO_REDIRECT
2022-05-26T05:25:09.042887509Z stdout F COMMIT
2022-05-26T05:25:09.042891754Z stdout F 2022-05-26T05:25:09.035902Z	info	Running command: iptables-restore --noflush /tmp/iptables-rules-1653542709035460850.txt260091652
2022-05-26T05:25:09.047611173Z stdout F 2022-05-26T05:25:09.047436Z	info	Writing following contents to rules file: /tmp/ip6tables-rules-1653542709047385295.txt2429276767
2022-05-26T05:25:09.047627306Z stdout F 
2022-05-26T05:25:09.047630792Z stdout F 2022-05-26T05:25:09.047486Z	info	Running command: ip6tables-restore --noflush /tmp/ip6tables-rules-1653542709047385295.txt2429276767
2022-05-26T05:25:09.053631357Z stdout F 2022-05-26T05:25:09.053429Z	info	Running command: iptables-save 
2022-05-26T05:25:09.058817545Z stdout F 2022-05-26T05:25:09.057604Z	info	Command output: 
2022-05-26T05:25:09.058843216Z stdout F # Generated by iptables-save v1.8.4 on Thu May 26 05:25:09 2022
2022-05-26T05:25:09.05884694Z stdout F *nat
2022-05-26T05:25:09.058850102Z stdout F :PREROUTING ACCEPT [0:0]
2022-05-26T05:25:09.058852759Z stdout F :INPUT ACCEPT [0:0]
2022-05-26T05:25:09.058855151Z stdout F :OUTPUT ACCEPT [0:0]
2022-05-26T05:25:09.058857851Z stdout F :POSTROUTING ACCEPT [0:0]
2022-05-26T05:25:09.058860213Z stdout F :ISTIO_INBOUND - [0:0]
2022-05-26T05:25:09.058862563Z stdout F :ISTIO_IN_REDIRECT - [0:0]
2022-05-26T05:25:09.058864873Z stdout F :ISTIO_OUTPUT - [0:0]
2022-05-26T05:25:09.058867219Z stdout F :ISTIO_REDIRECT - [0:0]
2022-05-26T05:25:09.058869787Z stdout F -A PREROUTING -p tcp -j ISTIO_INBOUND
2022-05-26T05:25:09.058872242Z stdout F -A OUTPUT -p tcp -j ISTIO_OUTPUT
2022-05-26T05:25:09.058874564Z stdout F -A ISTIO_INBOUND -p tcp -m tcp --dport 15008 -j RETURN
2022-05-26T05:25:09.058876889Z stdout F -A ISTIO_INBOUND -p tcp -m tcp --dport 15090 -j RETURN
2022-05-26T05:25:09.05887919Z stdout F -A ISTIO_INBOUND -p tcp -m tcp --dport 15021 -j RETURN
2022-05-26T05:25:09.058881527Z stdout F -A ISTIO_INBOUND -p tcp -m tcp --dport 15020 -j RETURN
2022-05-26T05:25:09.058883833Z stdout F -A ISTIO_INBOUND -p tcp -j ISTIO_IN_REDIRECT
2022-05-26T05:25:09.058886167Z stdout F -A ISTIO_IN_REDIRECT -p tcp -j REDIRECT --to-ports 15006
2022-05-26T05:25:09.058888424Z stdout F -A ISTIO_OUTPUT -s 127.0.0.6/32 -o lo -j RETURN
2022-05-26T05:25:09.058891388Z stdout F -A ISTIO_OUTPUT ! -d 127.0.0.1/32 -o lo -m owner --uid-owner 1337 -j ISTIO_IN_REDIRECT
2022-05-26T05:25:09.058893723Z stdout F -A ISTIO_OUTPUT -o lo -m owner ! --uid-owner 1337 -j RETURN
2022-05-26T05:25:09.058895985Z stdout F -A ISTIO_OUTPUT -m owner --uid-owner 1337 -j RETURN
2022-05-26T05:25:09.058898301Z stdout F -A ISTIO_OUTPUT ! -d 127.0.0.1/32 -o lo -m owner --gid-owner 1337 -j ISTIO_IN_REDIRECT
2022-05-26T05:25:09.058900556Z stdout F -A ISTIO_OUTPUT -o lo -m owner ! --gid-owner 1337 -j RETURN
2022-05-26T05:25:09.058902852Z stdout F -A ISTIO_OUTPUT -m owner --gid-owner 1337 -j RETURN
2022-05-26T05:25:09.058905157Z stdout F -A ISTIO_OUTPUT -d 127.0.0.1/32 -j RETURN
2022-05-26T05:25:09.058907457Z stdout F -A ISTIO_OUTPUT -j ISTIO_REDIRECT
2022-05-26T05:25:09.058909852Z stdout F -A ISTIO_REDIRECT -p tcp -j REDIRECT --to-ports 15001
2022-05-26T05:25:09.058912778Z stdout F COMMIT
2022-05-26T05:25:09.058915215Z stdout F # Completed on Thu May 26 05:25:09 2022
2022-05-26T05:25:09.058917529Z stdout F 
