2022-05-09T21:46:26.886905485Z stdout F 2022-05-09T21:46:26.884569Z	info	Istio iptables environment:
2022-05-09T21:46:26.887000365Z stdout F ENVOY_PORT=
2022-05-09T21:46:26.887017566Z stdout F INBOUND_CAPTURE_PORT=
2022-05-09T21:46:26.887028782Z stdout F ISTIO_INBOUND_INTERCEPTION_MODE=
2022-05-09T21:46:26.887038847Z stdout F ISTIO_INBOUND_TPROXY_ROUTE_TABLE=
2022-05-09T21:46:26.887048292Z stdout F ISTIO_INBOUND_PORTS=
2022-05-09T21:46:26.887057832Z stdout F ISTIO_OUTBOUND_PORTS=
2022-05-09T21:46:26.887067152Z stdout F ISTIO_LOCAL_EXCLUDE_PORTS=
2022-05-09T21:46:26.887076498Z stdout F ISTIO_EXCLUDE_INTERFACES=
2022-05-09T21:46:26.887085439Z stdout F ISTIO_SERVICE_CIDR=
2022-05-09T21:46:26.887093928Z stdout F ISTIO_SERVICE_EXCLUDE_CIDR=
2022-05-09T21:46:26.887102325Z stdout F ISTIO_META_DNS_CAPTURE=
2022-05-09T21:46:26.887980446Z stdout F INVALID_DROP=
2022-05-09T21:46:26.888014689Z stdout F 
2022-05-09T21:46:26.888027555Z stdout F 2022-05-09T21:46:26.884753Z	info	Istio iptables variables:
2022-05-09T21:46:26.888037892Z stdout F PROXY_PORT=15001
2022-05-09T21:46:26.888049226Z stdout F PROXY_INBOUND_CAPTURE_PORT=15006
2022-05-09T21:46:26.888059074Z stdout F PROXY_TUNNEL_PORT=15008
2022-05-09T21:46:26.888069077Z stdout F PROXY_UID=1337
2022-05-09T21:46:26.888084805Z stdout F PROXY_GID=1337
2022-05-09T21:46:26.888096068Z stdout F INBOUND_INTERCEPTION_MODE=REDIRECT
2022-05-09T21:46:26.88810548Z stdout F INBOUND_TPROXY_MARK=1337
2022-05-09T21:46:26.888114551Z stdout F INBOUND_TPROXY_ROUTE_TABLE=133
2022-05-09T21:46:26.888123593Z stdout F INBOUND_PORTS_INCLUDE=*
2022-05-09T21:46:26.88813269Z stdout F INBOUND_PORTS_EXCLUDE=15090,15021,15020
2022-05-09T21:46:26.88814214Z stdout F OUTBOUND_IP_RANGES_INCLUDE=*
2022-05-09T21:46:26.888151769Z stdout F OUTBOUND_IP_RANGES_EXCLUDE=
2022-05-09T21:46:26.888161361Z stdout F OUTBOUND_PORTS_INCLUDE=
2022-05-09T21:46:26.888170967Z stdout F OUTBOUND_PORTS_EXCLUDE=
2022-05-09T21:46:26.888180079Z stdout F KUBE_VIRT_INTERFACES=
2022-05-09T21:46:26.888188918Z stdout F ENABLE_INBOUND_IPV6=false
2022-05-09T21:46:26.888197488Z stdout F DNS_CAPTURE=false
2022-05-09T21:46:26.888206017Z stdout F DROP_INVALID=false
2022-05-09T21:46:26.888214626Z stdout F CAPTURE_ALL_DNS=false
2022-05-09T21:46:26.888224647Z stdout F DNS_SERVERS=[],[]
2022-05-09T21:46:26.888237315Z stdout F OUTPUT_PATH=
2022-05-09T21:46:26.888247243Z stdout F NETWORK_NAMESPACE=
2022-05-09T21:46:26.888257182Z stdout F CNI_MODE=false
2022-05-09T21:46:26.888266673Z stdout F EXCLUDE_INTERFACES=
2022-05-09T21:46:26.888275639Z stdout F 
2022-05-09T21:46:26.8882855Z stdout F 2022-05-09T21:46:26.885933Z	info	Writing following contents to rules file: /tmp/iptables-rules-1652132786885288314.txt603980630
2022-05-09T21:46:26.888594469Z stdout F * nat
2022-05-09T21:46:26.88874791Z stdout F -N ISTIO_INBOUND
2022-05-09T21:46:26.888780428Z stdout F -N ISTIO_REDIRECT
2022-05-09T21:46:26.888797397Z stdout F -N ISTIO_IN_REDIRECT
2022-05-09T21:46:26.888807176Z stdout F -N ISTIO_OUTPUT
2022-05-09T21:46:26.888816749Z stdout F -A ISTIO_INBOUND -p tcp --dport 15008 -j RETURN
2022-05-09T21:46:26.888825825Z stdout F -A ISTIO_REDIRECT -p tcp -j REDIRECT --to-ports 15001
2022-05-09T21:46:26.888835098Z stdout F -A ISTIO_IN_REDIRECT -p tcp -j REDIRECT --to-ports 15006
2022-05-09T21:46:26.888844836Z stdout F -A PREROUTING -p tcp -j ISTIO_INBOUND
2022-05-09T21:46:26.888854273Z stdout F -A ISTIO_INBOUND -p tcp --dport 15090 -j RETURN
2022-05-09T21:46:26.888863482Z stdout F -A ISTIO_INBOUND -p tcp --dport 15021 -j RETURN
2022-05-09T21:46:26.88887287Z stdout F -A ISTIO_INBOUND -p tcp --dport 15020 -j RETURN
2022-05-09T21:46:26.888882328Z stdout F -A ISTIO_INBOUND -p tcp -j ISTIO_IN_REDIRECT
2022-05-09T21:46:26.888891937Z stdout F -A OUTPUT -p tcp -j ISTIO_OUTPUT
2022-05-09T21:46:26.888900428Z stdout F -A ISTIO_OUTPUT -o lo -s 127.0.0.6/32 -j RETURN
2022-05-09T21:46:26.888909966Z stdout F -A ISTIO_OUTPUT -o lo ! -d 127.0.0.1/32 -m owner --uid-owner 1337 -j ISTIO_IN_REDIRECT
2022-05-09T21:46:26.888919449Z stdout F -A ISTIO_OUTPUT -o lo -m owner ! --uid-owner 1337 -j RETURN
2022-05-09T21:46:26.889044335Z stdout F -A ISTIO_OUTPUT -m owner --uid-owner 1337 -j RETURN
2022-05-09T21:46:26.889094154Z stdout F -A ISTIO_OUTPUT -o lo ! -d 127.0.0.1/32 -m owner --gid-owner 1337 -j ISTIO_IN_REDIRECT
2022-05-09T21:46:26.889111146Z stdout F -A ISTIO_OUTPUT -o lo -m owner ! --gid-owner 1337 -j RETURN
2022-05-09T21:46:26.889120568Z stdout F -A ISTIO_OUTPUT -m owner --gid-owner 1337 -j RETURN
2022-05-09T21:46:26.889129812Z stdout F -A ISTIO_OUTPUT -d 127.0.0.1/32 -j RETURN
2022-05-09T21:46:26.889138264Z stdout F -A ISTIO_OUTPUT -j ISTIO_REDIRECT
2022-05-09T21:46:26.889147186Z stdout F COMMIT
2022-05-09T21:46:26.88915802Z stdout F 2022-05-09T21:46:26.886091Z	info	Running command: iptables-restore --noflush /tmp/iptables-rules-1652132786885288314.txt603980630
2022-05-09T21:46:27.114943152Z stdout F 2022-05-09T21:46:27.110624Z	info	Writing following contents to rules file: /tmp/ip6tables-rules-1652132787110459125.txt3010411625
2022-05-09T21:46:27.115016921Z stdout F 
2022-05-09T21:46:27.115035968Z stdout F 2022-05-09T21:46:27.110711Z	info	Running command: ip6tables-restore --noflush /tmp/ip6tables-rules-1652132787110459125.txt3010411625
2022-05-09T21:46:27.127339282Z stdout F 2022-05-09T21:46:27.125224Z	info	Running command: iptables-save 
2022-05-09T21:46:27.192279503Z stdout F 2022-05-09T21:46:27.190761Z	info	Command output: 
2022-05-09T21:46:27.192334424Z stdout F # Generated by iptables-save v1.8.4 on Mon May  9 21:46:27 2022
2022-05-09T21:46:27.192350347Z stdout F *nat
2022-05-09T21:46:27.192363314Z stdout F :PREROUTING ACCEPT [0:0]
2022-05-09T21:46:27.192373096Z stdout F :INPUT ACCEPT [0:0]
2022-05-09T21:46:27.19238252Z stdout F :OUTPUT ACCEPT [0:0]
2022-05-09T21:46:27.192393143Z stdout F :POSTROUTING ACCEPT [0:0]
2022-05-09T21:46:27.19240191Z stdout F :ISTIO_INBOUND - [0:0]
2022-05-09T21:46:27.192411415Z stdout F :ISTIO_IN_REDIRECT - [0:0]
2022-05-09T21:46:27.192420608Z stdout F :ISTIO_OUTPUT - [0:0]
2022-05-09T21:46:27.192429558Z stdout F :ISTIO_REDIRECT - [0:0]
2022-05-09T21:46:27.192439177Z stdout F -A PREROUTING -p tcp -j ISTIO_INBOUND
2022-05-09T21:46:27.192448504Z stdout F -A OUTPUT -p tcp -j ISTIO_OUTPUT
2022-05-09T21:46:27.192457842Z stdout F -A ISTIO_INBOUND -p tcp -m tcp --dport 15008 -j RETURN
2022-05-09T21:46:27.192466606Z stdout F -A ISTIO_INBOUND -p tcp -m tcp --dport 15090 -j RETURN
2022-05-09T21:46:27.19261829Z stdout F -A ISTIO_INBOUND -p tcp -m tcp --dport 15021 -j RETURN
2022-05-09T21:46:27.192625866Z stdout F -A ISTIO_INBOUND -p tcp -m tcp --dport 15020 -j RETURN
2022-05-09T21:46:27.19263129Z stdout F -A ISTIO_INBOUND -p tcp -j ISTIO_IN_REDIRECT
2022-05-09T21:46:27.192636798Z stdout F -A ISTIO_IN_REDIRECT -p tcp -j REDIRECT --to-ports 15006
2022-05-09T21:46:27.192730169Z stdout F -A ISTIO_OUTPUT -s 127.0.0.6/32 -o lo -j RETURN
2022-05-09T21:46:27.192738434Z stdout F -A ISTIO_OUTPUT ! -d 127.0.0.1/32 -o lo -m owner --uid-owner 1337 -j ISTIO_IN_REDIRECT
2022-05-09T21:46:27.192744031Z stdout F -A ISTIO_OUTPUT -o lo -m owner ! --uid-owner 1337 -j RETURN
2022-05-09T21:46:27.192749452Z stdout F -A ISTIO_OUTPUT -m owner --uid-owner 1337 -j RETURN
2022-05-09T21:46:27.192757511Z stdout F -A ISTIO_OUTPUT ! -d 127.0.0.1/32 -o lo -m owner --gid-owner 1337 -j ISTIO_IN_REDIRECT
2022-05-09T21:46:27.192763135Z stdout F -A ISTIO_OUTPUT -o lo -m owner ! --gid-owner 1337 -j RETURN
2022-05-09T21:46:27.192768457Z stdout F -A ISTIO_OUTPUT -m owner --gid-owner 1337 -j RETURN
2022-05-09T21:46:27.192773813Z stdout F -A ISTIO_OUTPUT -d 127.0.0.1/32 -j RETURN
2022-05-09T21:46:27.192779199Z stdout F -A ISTIO_OUTPUT -j ISTIO_REDIRECT
2022-05-09T21:46:27.192784618Z stdout F -A ISTIO_REDIRECT -p tcp -j REDIRECT --to-ports 15001
2022-05-09T21:46:27.192790539Z stdout F COMMIT
2022-05-09T21:46:27.192796228Z stdout F # Completed on Mon May  9 21:46:27 2022
2022-05-09T21:46:27.192801396Z stdout F 
