2022-04-30T04:26:23.208610139Z stdout F 2022-04-30T04:26:23.208191Z	info	Istio iptables environment:
2022-04-30T04:26:23.208854717Z stdout F ENVOY_PORT=
2022-04-30T04:26:23.208879368Z stdout F INBOUND_CAPTURE_PORT=
2022-04-30T04:26:23.208890636Z stdout F ISTIO_INBOUND_INTERCEPTION_MODE=
2022-04-30T04:26:23.208900534Z stdout F ISTIO_INBOUND_TPROXY_ROUTE_TABLE=
2022-04-30T04:26:23.208909Z stdout F ISTIO_INBOUND_PORTS=
2022-04-30T04:26:23.20891808Z stdout F ISTIO_OUTBOUND_PORTS=
2022-04-30T04:26:23.20892701Z stdout F ISTIO_LOCAL_EXCLUDE_PORTS=
2022-04-30T04:26:23.208935321Z stdout F ISTIO_EXCLUDE_INTERFACES=
2022-04-30T04:26:23.208943816Z stdout F ISTIO_SERVICE_CIDR=
2022-04-30T04:26:23.208951767Z stdout F ISTIO_SERVICE_EXCLUDE_CIDR=
2022-04-30T04:26:23.208959367Z stdout F ISTIO_META_DNS_CAPTURE=
2022-04-30T04:26:23.208972401Z stdout F INVALID_DROP=
2022-04-30T04:26:23.208981146Z stdout F 
2022-04-30T04:26:23.208989875Z stdout F 2022-04-30T04:26:23.208326Z	info	Istio iptables variables:
2022-04-30T04:26:23.208998305Z stdout F PROXY_PORT=15001
2022-04-30T04:26:23.209006916Z stdout F PROXY_INBOUND_CAPTURE_PORT=15006
2022-04-30T04:26:23.209015374Z stdout F PROXY_TUNNEL_PORT=15008
2022-04-30T04:26:23.209023875Z stdout F PROXY_UID=1337
2022-04-30T04:26:23.20903274Z stdout F PROXY_GID=1337
2022-04-30T04:26:23.209041865Z stdout F INBOUND_INTERCEPTION_MODE=REDIRECT
2022-04-30T04:26:23.209050351Z stdout F INBOUND_TPROXY_MARK=1337
2022-04-30T04:26:23.209058828Z stdout F INBOUND_TPROXY_ROUTE_TABLE=133
2022-04-30T04:26:23.20906714Z stdout F INBOUND_PORTS_INCLUDE=*
2022-04-30T04:26:23.20907531Z stdout F INBOUND_PORTS_EXCLUDE=15090,15021,15020
2022-04-30T04:26:23.209083504Z stdout F OUTBOUND_IP_RANGES_INCLUDE=*
2022-04-30T04:26:23.209091343Z stdout F OUTBOUND_IP_RANGES_EXCLUDE=
2022-04-30T04:26:23.209099657Z stdout F OUTBOUND_PORTS_INCLUDE=
2022-04-30T04:26:23.209107632Z stdout F OUTBOUND_PORTS_EXCLUDE=
2022-04-30T04:26:23.209115683Z stdout F KUBE_VIRT_INTERFACES=
2022-04-30T04:26:23.209124056Z stdout F ENABLE_INBOUND_IPV6=false
2022-04-30T04:26:23.209132266Z stdout F DNS_CAPTURE=false
2022-04-30T04:26:23.20914069Z stdout F DROP_INVALID=false
2022-04-30T04:26:23.209289639Z stdout F CAPTURE_ALL_DNS=false
2022-04-30T04:26:23.209446716Z stdout F DNS_SERVERS=[],[]
2022-04-30T04:26:23.209479079Z stdout F OUTPUT_PATH=
2022-04-30T04:26:23.209496693Z stdout F NETWORK_NAMESPACE=
2022-04-30T04:26:23.209507187Z stdout F CNI_MODE=false
2022-04-30T04:26:23.209516838Z stdout F EXCLUDE_INTERFACES=
2022-04-30T04:26:23.209525277Z stdout F 
2022-04-30T04:26:23.210071784Z stdout F 2022-04-30T04:26:23.209062Z	info	Writing following contents to rules file: /tmp/iptables-rules-1651292783208414401.txt3788692157
2022-04-30T04:26:23.210110952Z stdout F * nat
2022-04-30T04:26:23.210123727Z stdout F -N ISTIO_INBOUND
2022-04-30T04:26:23.210133738Z stdout F -N ISTIO_REDIRECT
2022-04-30T04:26:23.210142672Z stdout F -N ISTIO_IN_REDIRECT
2022-04-30T04:26:23.210151728Z stdout F -N ISTIO_OUTPUT
2022-04-30T04:26:23.210161222Z stdout F -A ISTIO_INBOUND -p tcp --dport 15008 -j RETURN
2022-04-30T04:26:23.210170527Z stdout F -A ISTIO_REDIRECT -p tcp -j REDIRECT --to-ports 15001
2022-04-30T04:26:23.21033491Z stdout F -A ISTIO_IN_REDIRECT -p tcp -j REDIRECT --to-ports 15006
2022-04-30T04:26:23.210351276Z stdout F -A PREROUTING -p tcp -j ISTIO_INBOUND
2022-04-30T04:26:23.210360295Z stdout F -A ISTIO_INBOUND -p tcp --dport 15090 -j RETURN
2022-04-30T04:26:23.210369052Z stdout F -A ISTIO_INBOUND -p tcp --dport 15021 -j RETURN
2022-04-30T04:26:23.210377824Z stdout F -A ISTIO_INBOUND -p tcp --dport 15020 -j RETURN
2022-04-30T04:26:23.210386525Z stdout F -A ISTIO_INBOUND -p tcp -j ISTIO_IN_REDIRECT
2022-04-30T04:26:23.210396204Z stdout F -A OUTPUT -p tcp -j ISTIO_OUTPUT
2022-04-30T04:26:23.210405067Z stdout F -A ISTIO_OUTPUT -o lo -s 127.0.0.6/32 -j RETURN
2022-04-30T04:26:23.210419539Z stdout F -A ISTIO_OUTPUT -o lo ! -d 127.0.0.1/32 -m owner --uid-owner 1337 -j ISTIO_IN_REDIRECT
2022-04-30T04:26:23.21052394Z stdout F -A ISTIO_OUTPUT -o lo -m owner ! --uid-owner 1337 -j RETURN
2022-04-30T04:26:23.210542762Z stdout F -A ISTIO_OUTPUT -m owner --uid-owner 1337 -j RETURN
2022-04-30T04:26:23.210633237Z stdout F -A ISTIO_OUTPUT -o lo ! -d 127.0.0.1/32 -m owner --gid-owner 1337 -j ISTIO_IN_REDIRECT
2022-04-30T04:26:23.210649219Z stdout F -A ISTIO_OUTPUT -o lo -m owner ! --gid-owner 1337 -j RETURN
2022-04-30T04:26:23.210659569Z stdout F -A ISTIO_OUTPUT -m owner --gid-owner 1337 -j RETURN
2022-04-30T04:26:23.21066861Z stdout F -A ISTIO_OUTPUT -d 127.0.0.1/32 -j RETURN
2022-04-30T04:26:23.210877802Z stdout F -A ISTIO_OUTPUT -j ISTIO_REDIRECT
2022-04-30T04:26:23.210891942Z stdout F COMMIT
2022-04-30T04:26:23.210905675Z stdout F 2022-04-30T04:26:23.209542Z	info	Running command: iptables-restore --noflush /tmp/iptables-rules-1651292783208414401.txt3788692157
2022-04-30T04:26:23.229590419Z stdout F 2022-04-30T04:26:23.228778Z	info	Writing following contents to rules file: /tmp/ip6tables-rules-1651292783228576705.txt867454308
2022-04-30T04:26:23.229748354Z stdout F 
2022-04-30T04:26:23.229782437Z stdout F 2022-04-30T04:26:23.228879Z	info	Running command: ip6tables-restore --noflush /tmp/ip6tables-rules-1651292783228576705.txt867454308
2022-04-30T04:26:23.236087026Z stdout F 2022-04-30T04:26:23.235548Z	info	Running command: iptables-save 
2022-04-30T04:26:23.250310784Z stdout F 2022-04-30T04:26:23.248802Z	info	Command output: 
2022-04-30T04:26:23.252271915Z stdout F # Generated by iptables-save v1.8.4 on Sat Apr 30 04:26:23 2022
2022-04-30T04:26:23.252295701Z stdout F *nat
2022-04-30T04:26:23.252308996Z stdout F :PREROUTING ACCEPT [0:0]
2022-04-30T04:26:23.252318646Z stdout F :INPUT ACCEPT [0:0]
2022-04-30T04:26:23.25232728Z stdout F :OUTPUT ACCEPT [0:0]
2022-04-30T04:26:23.252336754Z stdout F :POSTROUTING ACCEPT [0:0]
2022-04-30T04:26:23.252345297Z stdout F :ISTIO_INBOUND - [0:0]
2022-04-30T04:26:23.252353995Z stdout F :ISTIO_IN_REDIRECT - [0:0]
2022-04-30T04:26:23.252362533Z stdout F :ISTIO_OUTPUT - [0:0]
2022-04-30T04:26:23.252371094Z stdout F :ISTIO_REDIRECT - [0:0]
2022-04-30T04:26:23.252380452Z stdout F -A PREROUTING -p tcp -j ISTIO_INBOUND
2022-04-30T04:26:23.252389062Z stdout F -A OUTPUT -p tcp -j ISTIO_OUTPUT
2022-04-30T04:26:23.252397155Z stdout F -A ISTIO_INBOUND -p tcp -m tcp --dport 15008 -j RETURN
2022-04-30T04:26:23.252405602Z stdout F -A ISTIO_INBOUND -p tcp -m tcp --dport 15090 -j RETURN
2022-04-30T04:26:23.252414589Z stdout F -A ISTIO_INBOUND -p tcp -m tcp --dport 15021 -j RETURN
2022-04-30T04:26:23.25242349Z stdout F -A ISTIO_INBOUND -p tcp -m tcp --dport 15020 -j RETURN
2022-04-30T04:26:23.252432192Z stdout F -A ISTIO_INBOUND -p tcp -j ISTIO_IN_REDIRECT
2022-04-30T04:26:23.252440353Z stdout F -A ISTIO_IN_REDIRECT -p tcp -j REDIRECT --to-ports 15006
2022-04-30T04:26:23.252448953Z stdout F -A ISTIO_OUTPUT -s 127.0.0.6/32 -o lo -j RETURN
2022-04-30T04:26:23.252458574Z stdout F -A ISTIO_OUTPUT ! -d 127.0.0.1/32 -o lo -m owner --uid-owner 1337 -j ISTIO_IN_REDIRECT
2022-04-30T04:26:23.252466943Z stdout F -A ISTIO_OUTPUT -o lo -m owner ! --uid-owner 1337 -j RETURN
2022-04-30T04:26:23.252475236Z stdout F -A ISTIO_OUTPUT -m owner --uid-owner 1337 -j RETURN
2022-04-30T04:26:23.252596531Z stdout F -A ISTIO_OUTPUT ! -d 127.0.0.1/32 -o lo -m owner --gid-owner 1337 -j ISTIO_IN_REDIRECT
2022-04-30T04:26:23.252615981Z stdout F -A ISTIO_OUTPUT -o lo -m owner ! --gid-owner 1337 -j RETURN
2022-04-30T04:26:23.252625724Z stdout F -A ISTIO_OUTPUT -m owner --gid-owner 1337 -j RETURN
2022-04-30T04:26:23.252635026Z stdout F -A ISTIO_OUTPUT -d 127.0.0.1/32 -j RETURN
2022-04-30T04:26:23.252643479Z stdout F -A ISTIO_OUTPUT -j ISTIO_REDIRECT
2022-04-30T04:26:23.252651782Z stdout F -A ISTIO_REDIRECT -p tcp -j REDIRECT --to-ports 15001
2022-04-30T04:26:23.252663479Z stdout F COMMIT
2022-04-30T04:26:23.252672499Z stdout F # Completed on Sat Apr 30 04:26:23 2022
2022-04-30T04:26:23.252680414Z stdout F 
