2022-04-27T06:19:54.026542429Z stdout F 2022-04-27T06:19:53.989594Z	info	Istio iptables environment:
2022-04-27T06:19:54.066321354Z stdout F ENVOY_PORT=
2022-04-27T06:19:54.06636386Z stdout F INBOUND_CAPTURE_PORT=
2022-04-27T06:19:54.066382783Z stdout F ISTIO_INBOUND_INTERCEPTION_MODE=
2022-04-27T06:19:54.066397605Z stdout F ISTIO_INBOUND_TPROXY_ROUTE_TABLE=
2022-04-27T06:19:54.066410096Z stdout F ISTIO_INBOUND_PORTS=
2022-04-27T06:19:54.066465774Z stdout F ISTIO_OUTBOUND_PORTS=
2022-04-27T06:19:54.066586144Z stdout F ISTIO_LOCAL_EXCLUDE_PORTS=
2022-04-27T06:19:54.066641277Z stdout F ISTIO_EXCLUDE_INTERFACES=
2022-04-27T06:19:54.066662651Z stdout F ISTIO_SERVICE_CIDR=
2022-04-27T06:19:54.066674907Z stdout F ISTIO_SERVICE_EXCLUDE_CIDR=
2022-04-27T06:19:54.066712409Z stdout F ISTIO_META_DNS_CAPTURE=
2022-04-27T06:19:54.066737111Z stdout F INVALID_DROP=
2022-04-27T06:19:54.066748853Z stdout F 
2022-04-27T06:19:54.066788005Z stdout F 2022-04-27T06:19:53.990492Z	info	Istio iptables variables:
2022-04-27T06:19:54.066838321Z stdout F PROXY_PORT=15001
2022-04-27T06:19:54.06689091Z stdout F PROXY_INBOUND_CAPTURE_PORT=15006
2022-04-27T06:19:54.066932945Z stdout F PROXY_TUNNEL_PORT=15008
2022-04-27T06:19:54.06695738Z stdout F PROXY_UID=1337
2022-04-27T06:19:54.066969776Z stdout F PROXY_GID=1337
2022-04-27T06:19:54.066982535Z stdout F INBOUND_INTERCEPTION_MODE=REDIRECT
2022-04-27T06:19:54.066993867Z stdout F INBOUND_TPROXY_MARK=1337
2022-04-27T06:19:54.067004927Z stdout F INBOUND_TPROXY_ROUTE_TABLE=133
2022-04-27T06:19:54.067015761Z stdout F INBOUND_PORTS_INCLUDE=*
2022-04-27T06:19:54.067026675Z stdout F INBOUND_PORTS_EXCLUDE=15090,15021,15020
2022-04-27T06:19:54.067037536Z stdout F OUTBOUND_IP_RANGES_INCLUDE=*
2022-04-27T06:19:54.067048398Z stdout F OUTBOUND_IP_RANGES_EXCLUDE=
2022-04-27T06:19:54.067059437Z stdout F OUTBOUND_PORTS_INCLUDE=
2022-04-27T06:19:54.071127517Z stdout F OUTBOUND_PORTS_EXCLUDE=
2022-04-27T06:19:54.07123006Z stdout F KUBE_VIRT_INTERFACES=
2022-04-27T06:19:54.071251392Z stdout F ENABLE_INBOUND_IPV6=false
2022-04-27T06:19:54.071265962Z stdout F DNS_CAPTURE=false
2022-04-27T06:19:54.071280544Z stdout F DROP_INVALID=false
2022-04-27T06:19:54.073226733Z stdout F CAPTURE_ALL_DNS=false
2022-04-27T06:19:54.073279914Z stdout F DNS_SERVERS=[],[]
2022-04-27T06:19:54.073300531Z stdout F OUTPUT_PATH=
2022-04-27T06:19:54.073314199Z stdout F NETWORK_NAMESPACE=
2022-04-27T06:19:54.073326068Z stdout F CNI_MODE=false
2022-04-27T06:19:54.073338042Z stdout F EXCLUDE_INTERFACES=
2022-04-27T06:19:54.073349803Z stdout F 
2022-04-27T06:19:54.073363343Z stdout F 2022-04-27T06:19:53.997039Z	info	Writing following contents to rules file: /tmp/iptables-rules-1651040393990784873.txt3619379528
2022-04-27T06:19:54.073376049Z stdout F * nat
2022-04-27T06:19:54.073388517Z stdout F -N ISTIO_INBOUND
2022-04-27T06:19:54.073402104Z stdout F -N ISTIO_REDIRECT
2022-04-27T06:19:54.073414909Z stdout F -N ISTIO_IN_REDIRECT
2022-04-27T06:19:54.073426886Z stdout F -N ISTIO_OUTPUT
2022-04-27T06:19:54.073440312Z stdout F -A ISTIO_INBOUND -p tcp --dport 15008 -j RETURN
2022-04-27T06:19:54.073453543Z stdout F -A ISTIO_REDIRECT -p tcp -j REDIRECT --to-ports 15001
2022-04-27T06:19:54.073465615Z stdout F -A ISTIO_IN_REDIRECT -p tcp -j REDIRECT --to-ports 15006
2022-04-27T06:19:54.073477996Z stdout F -A PREROUTING -p tcp -j ISTIO_INBOUND
2022-04-27T06:19:54.073489479Z stdout F -A ISTIO_INBOUND -p tcp --dport 15090 -j RETURN
2022-04-27T06:19:54.073501578Z stdout F -A ISTIO_INBOUND -p tcp --dport 15021 -j RETURN
2022-04-27T06:19:54.073513775Z stdout F -A ISTIO_INBOUND -p tcp --dport 15020 -j RETURN
2022-04-27T06:19:54.073525808Z stdout F -A ISTIO_INBOUND -p tcp -j ISTIO_IN_REDIRECT
2022-04-27T06:19:54.073538726Z stdout F -A OUTPUT -p tcp -j ISTIO_OUTPUT
2022-04-27T06:19:54.07355035Z stdout F -A ISTIO_OUTPUT -o lo -s 127.0.0.6/32 -j RETURN
2022-04-27T06:19:54.073563883Z stdout F -A ISTIO_OUTPUT -o lo ! -d 127.0.0.1/32 -m owner --uid-owner 1337 -j ISTIO_IN_REDIRECT
2022-04-27T06:19:54.073576372Z stdout F -A ISTIO_OUTPUT -o lo -m owner ! --uid-owner 1337 -j RETURN
2022-04-27T06:19:54.073626905Z stdout F -A ISTIO_OUTPUT -m owner --uid-owner 1337 -j RETURN
2022-04-27T06:19:54.073643546Z stdout F -A ISTIO_OUTPUT -o lo ! -d 127.0.0.1/32 -m owner --gid-owner 1337 -j ISTIO_IN_REDIRECT
2022-04-27T06:19:54.073656278Z stdout F -A ISTIO_OUTPUT -o lo -m owner ! --gid-owner 1337 -j RETURN
2022-04-27T06:19:54.073668444Z stdout F -A ISTIO_OUTPUT -m owner --gid-owner 1337 -j RETURN
2022-04-27T06:19:54.073679963Z stdout F -A ISTIO_OUTPUT -d 127.0.0.1/32 -j RETURN
2022-04-27T06:19:54.074120536Z stdout F -A ISTIO_OUTPUT -j ISTIO_REDIRECT
2022-04-27T06:19:54.074159484Z stdout F COMMIT
2022-04-27T06:19:54.074178465Z stdout F 2022-04-27T06:19:53.997239Z	info	Running command: iptables-restore --noflush /tmp/iptables-rules-1651040393990784873.txt3619379528
2022-04-27T06:19:54.097432673Z stdout F 2022-04-27T06:19:54.092072Z	info	Writing following contents to rules file: /tmp/ip6tables-rules-1651040394091761450.txt1861659197
2022-04-27T06:19:54.097636203Z stdout F 
2022-04-27T06:19:54.097660341Z stdout F 2022-04-27T06:19:54.092428Z	info	Running command: ip6tables-restore --noflush /tmp/ip6tables-rules-1651040394091761450.txt1861659197
2022-04-27T06:19:54.262532996Z stdout F 2022-04-27T06:19:54.227603Z	info	Running command: iptables-save 
2022-04-27T06:19:54.346074292Z stdout F 2022-04-27T06:19:54.340813Z	info	Command output: 
2022-04-27T06:19:54.3926963Z stdout F # Generated by iptables-save v1.8.4 on Wed Apr 27 06:19:54 2022
2022-04-27T06:19:54.392746956Z stdout F *nat
2022-04-27T06:19:54.392767661Z stdout F :PREROUTING ACCEPT [0:0]
2022-04-27T06:19:54.392782509Z stdout F :INPUT ACCEPT [0:0]
2022-04-27T06:19:54.392795616Z stdout F :OUTPUT ACCEPT [0:0]
2022-04-27T06:19:54.392809687Z stdout F :POSTROUTING ACCEPT [0:0]
2022-04-27T06:19:54.392822501Z stdout F :ISTIO_INBOUND - [0:0]
2022-04-27T06:19:54.392835098Z stdout F :ISTIO_IN_REDIRECT - [0:0]
2022-04-27T06:19:54.392847802Z stdout F :ISTIO_OUTPUT - [0:0]
2022-04-27T06:19:54.392860398Z stdout F :ISTIO_REDIRECT - [0:0]
2022-04-27T06:19:54.392873681Z stdout F -A PREROUTING -p tcp -j ISTIO_INBOUND
2022-04-27T06:19:54.392887005Z stdout F -A OUTPUT -p tcp -j ISTIO_OUTPUT
2022-04-27T06:19:54.392898985Z stdout F -A ISTIO_INBOUND -p tcp -m tcp --dport 15008 -j RETURN
2022-04-27T06:19:54.39291034Z stdout F -A ISTIO_INBOUND -p tcp -m tcp --dport 15090 -j RETURN
2022-04-27T06:19:54.392923836Z stdout F -A ISTIO_INBOUND -p tcp -m tcp --dport 15021 -j RETURN
2022-04-27T06:19:54.392939564Z stdout F -A ISTIO_INBOUND -p tcp -m tcp --dport 15020 -j RETURN
2022-04-27T06:19:54.392952001Z stdout F -A ISTIO_INBOUND -p tcp -j ISTIO_IN_REDIRECT
2022-04-27T06:19:54.392964674Z stdout F -A ISTIO_IN_REDIRECT -p tcp -j REDIRECT --to-ports 15006
2022-04-27T06:19:54.393105136Z stdout F -A ISTIO_OUTPUT -s 127.0.0.6/32 -o lo -j RETURN
2022-04-27T06:19:54.393127085Z stdout F -A ISTIO_OUTPUT ! -d 127.0.0.1/32 -o lo -m owner --uid-owner 1337 -j ISTIO_IN_REDIRECT
2022-04-27T06:19:54.393144253Z stdout F -A ISTIO_OUTPUT -o lo -m owner ! --uid-owner 1337 -j RETURN
2022-04-27T06:19:54.393158792Z stdout F -A ISTIO_OUTPUT -m owner --uid-owner 1337 -j RETURN
2022-04-27T06:19:54.393172095Z stdout F -A ISTIO_OUTPUT ! -d 127.0.0.1/32 -o lo -m owner --gid-owner 1337 -j ISTIO_IN_REDIRECT
2022-04-27T06:19:54.393185767Z stdout F -A ISTIO_OUTPUT -o lo -m owner ! --gid-owner 1337 -j RETURN
2022-04-27T06:19:54.393199731Z stdout F -A ISTIO_OUTPUT -m owner --gid-owner 1337 -j RETURN
2022-04-27T06:19:54.393221529Z stdout F -A ISTIO_OUTPUT -d 127.0.0.1/32 -j RETURN
2022-04-27T06:19:54.393237573Z stdout F -A ISTIO_OUTPUT -j ISTIO_REDIRECT
2022-04-27T06:19:54.393251242Z stdout F -A ISTIO_REDIRECT -p tcp -j REDIRECT --to-ports 15001
2022-04-27T06:19:54.3932653Z stdout F COMMIT
2022-04-27T06:19:54.393279711Z stdout F # Completed on Wed Apr 27 06:19:54 2022
2022-04-27T06:19:54.393292695Z stdout F 
