2022-05-09T11:47:54.220415796Z stdout F 2022-05-09T11:47:54.219116Z	info	Istio iptables environment:
2022-05-09T11:47:54.220496897Z stdout F ENVOY_PORT=
2022-05-09T11:47:54.22051356Z stdout F INBOUND_CAPTURE_PORT=
2022-05-09T11:47:54.220520999Z stdout F ISTIO_INBOUND_INTERCEPTION_MODE=
2022-05-09T11:47:54.220525184Z stdout F ISTIO_INBOUND_TPROXY_ROUTE_TABLE=
2022-05-09T11:47:54.220528289Z stdout F ISTIO_INBOUND_PORTS=
2022-05-09T11:47:54.220531297Z stdout F ISTIO_OUTBOUND_PORTS=
2022-05-09T11:47:54.220534258Z stdout F ISTIO_LOCAL_EXCLUDE_PORTS=
2022-05-09T11:47:54.220537237Z stdout F ISTIO_EXCLUDE_INTERFACES=
2022-05-09T11:47:54.22054017Z stdout F ISTIO_SERVICE_CIDR=
2022-05-09T11:47:54.220543144Z stdout F ISTIO_SERVICE_EXCLUDE_CIDR=
2022-05-09T11:47:54.220546148Z stdout F ISTIO_META_DNS_CAPTURE=
2022-05-09T11:47:54.220549165Z stdout F INVALID_DROP=
2022-05-09T11:47:54.220596498Z stdout F 
2022-05-09T11:47:54.243163419Z stdout F 2022-05-09T11:47:54.241503Z	info	Istio iptables variables:
2022-05-09T11:47:54.243234251Z stdout F PROXY_PORT=15001
2022-05-09T11:47:54.243247933Z stdout F PROXY_INBOUND_CAPTURE_PORT=15006
2022-05-09T11:47:54.243254857Z stdout F PROXY_TUNNEL_PORT=15008
2022-05-09T11:47:54.243260115Z stdout F PROXY_UID=1337
2022-05-09T11:47:54.243264999Z stdout F PROXY_GID=1337
2022-05-09T11:47:54.243270549Z stdout F INBOUND_INTERCEPTION_MODE=REDIRECT
2022-05-09T11:47:54.243275472Z stdout F INBOUND_TPROXY_MARK=1337
2022-05-09T11:47:54.243280371Z stdout F INBOUND_TPROXY_ROUTE_TABLE=133
2022-05-09T11:47:54.243285149Z stdout F INBOUND_PORTS_INCLUDE=*
2022-05-09T11:47:54.24329002Z stdout F INBOUND_PORTS_EXCLUDE=15090,15021,15020
2022-05-09T11:47:54.243294971Z stdout F OUTBOUND_IP_RANGES_INCLUDE=*
2022-05-09T11:47:54.24329975Z stdout F OUTBOUND_IP_RANGES_EXCLUDE=
2022-05-09T11:47:54.243304729Z stdout F OUTBOUND_PORTS_INCLUDE=
2022-05-09T11:47:54.243309671Z stdout F OUTBOUND_PORTS_EXCLUDE=
2022-05-09T11:47:54.243314436Z stdout F KUBE_VIRT_INTERFACES=
2022-05-09T11:47:54.243319261Z stdout F ENABLE_INBOUND_IPV6=false
2022-05-09T11:47:54.243324116Z stdout F DNS_CAPTURE=false
2022-05-09T11:47:54.243361661Z stdout F DROP_INVALID=false
2022-05-09T11:47:54.24338681Z stdout F CAPTURE_ALL_DNS=false
2022-05-09T11:47:54.243394796Z stdout F DNS_SERVERS=[],[]
2022-05-09T11:47:54.24340122Z stdout F OUTPUT_PATH=
2022-05-09T11:47:54.243406327Z stdout F NETWORK_NAMESPACE=
2022-05-09T11:47:54.24341164Z stdout F CNI_MODE=false
2022-05-09T11:47:54.243416775Z stdout F EXCLUDE_INTERFACES=
2022-05-09T11:47:54.24342143Z stdout F 
2022-05-09T11:47:54.289487433Z stdout F 2022-05-09T11:47:54.286072Z	info	Writing following contents to rules file: /tmp/iptables-rules-1652096874242764965.txt2342698746
2022-05-09T11:47:54.289520014Z stdout F * nat
2022-05-09T11:47:54.289528099Z stdout F -N ISTIO_INBOUND
2022-05-09T11:47:54.289534322Z stdout F -N ISTIO_REDIRECT
2022-05-09T11:47:54.289539741Z stdout F -N ISTIO_IN_REDIRECT
2022-05-09T11:47:54.289544919Z stdout F -N ISTIO_OUTPUT
2022-05-09T11:47:54.289550745Z stdout F -A ISTIO_INBOUND -p tcp --dport 15008 -j RETURN
2022-05-09T11:47:54.289556244Z stdout F -A ISTIO_REDIRECT -p tcp -j REDIRECT --to-ports 15001
2022-05-09T11:47:54.28956099Z stdout F -A ISTIO_IN_REDIRECT -p tcp -j REDIRECT --to-ports 15006
2022-05-09T11:47:54.289566084Z stdout F -A PREROUTING -p tcp -j ISTIO_INBOUND
2022-05-09T11:47:54.289570609Z stdout F -A ISTIO_INBOUND -p tcp --dport 15090 -j RETURN
2022-05-09T11:47:54.289575406Z stdout F -A ISTIO_INBOUND -p tcp --dport 15021 -j RETURN
2022-05-09T11:47:54.289580253Z stdout F -A ISTIO_INBOUND -p tcp --dport 15020 -j RETURN
2022-05-09T11:47:54.28958538Z stdout F -A ISTIO_INBOUND -p tcp -j ISTIO_IN_REDIRECT
2022-05-09T11:47:54.28959076Z stdout F -A OUTPUT -p tcp -j ISTIO_OUTPUT
2022-05-09T11:47:54.289595528Z stdout F -A ISTIO_OUTPUT -o lo -s 127.0.0.6/32 -j RETURN
2022-05-09T11:47:54.289601133Z stdout F -A ISTIO_OUTPUT -o lo ! -d 127.0.0.1/32 -m owner --uid-owner 1337 -j ISTIO_IN_REDIRECT
2022-05-09T11:47:54.28960622Z stdout F -A ISTIO_OUTPUT -o lo -m owner ! --uid-owner 1337 -j RETURN
2022-05-09T11:47:54.28961194Z stdout F -A ISTIO_OUTPUT -m owner --uid-owner 1337 -j RETURN
2022-05-09T11:47:54.289656783Z stdout F -A ISTIO_OUTPUT -o lo ! -d 127.0.0.1/32 -m owner --gid-owner 1337 -j ISTIO_IN_REDIRECT
2022-05-09T11:47:54.289666601Z stdout F -A ISTIO_OUTPUT -o lo -m owner ! --gid-owner 1337 -j RETURN
2022-05-09T11:47:54.289676275Z stdout F -A ISTIO_OUTPUT -m owner --gid-owner 1337 -j RETURN
2022-05-09T11:47:54.289683178Z stdout F -A ISTIO_OUTPUT -d 127.0.0.1/32 -j RETURN
2022-05-09T11:47:54.289688988Z stdout F -A ISTIO_OUTPUT -j ISTIO_REDIRECT
2022-05-09T11:47:54.289707104Z stdout F COMMIT
2022-05-09T11:47:54.289724127Z stdout F 2022-05-09T11:47:54.286162Z	info	Running command: iptables-restore --noflush /tmp/iptables-rules-1652096874242764965.txt2342698746
2022-05-09T11:47:55.494731196Z stdout F 2022-05-09T11:47:55.483763Z	info	Writing following contents to rules file: /tmp/ip6tables-rules-1652096875483326897.txt2286379564
2022-05-09T11:47:55.494758437Z stdout F 
2022-05-09T11:47:55.494905961Z stdout F 2022-05-09T11:47:55.484094Z	info	Running command: ip6tables-restore --noflush /tmp/ip6tables-rules-1652096875483326897.txt2286379564
2022-05-09T11:47:55.605551146Z stdout F 2022-05-09T11:47:55.603712Z	info	Running command: iptables-save 
2022-05-09T11:47:55.629558573Z stdout F 2022-05-09T11:47:55.628874Z	info	Command output: 
2022-05-09T11:47:55.629584877Z stdout F # Generated by iptables-save v1.8.4 on Mon May  9 11:47:55 2022
2022-05-09T11:47:55.629589719Z stdout F *nat
2022-05-09T11:47:55.62959367Z stdout F :PREROUTING ACCEPT [0:0]
2022-05-09T11:47:55.629596763Z stdout F :INPUT ACCEPT [0:0]
2022-05-09T11:47:55.629599831Z stdout F :OUTPUT ACCEPT [0:0]
2022-05-09T11:47:55.629603232Z stdout F :POSTROUTING ACCEPT [0:0]
2022-05-09T11:47:55.629609168Z stdout F :ISTIO_INBOUND - [0:0]
2022-05-09T11:47:55.629612464Z stdout F :ISTIO_IN_REDIRECT - [0:0]
2022-05-09T11:47:55.629615534Z stdout F :ISTIO_OUTPUT - [0:0]
2022-05-09T11:47:55.62961856Z stdout F :ISTIO_REDIRECT - [0:0]
2022-05-09T11:47:55.629621943Z stdout F -A PREROUTING -p tcp -j ISTIO_INBOUND
2022-05-09T11:47:55.629624993Z stdout F -A OUTPUT -p tcp -j ISTIO_OUTPUT
2022-05-09T11:47:55.629628001Z stdout F -A ISTIO_INBOUND -p tcp -m tcp --dport 15008 -j RETURN
2022-05-09T11:47:55.629630998Z stdout F -A ISTIO_INBOUND -p tcp -m tcp --dport 15090 -j RETURN
2022-05-09T11:47:55.629633961Z stdout F -A ISTIO_INBOUND -p tcp -m tcp --dport 15021 -j RETURN
2022-05-09T11:47:55.62963693Z stdout F -A ISTIO_INBOUND -p tcp -m tcp --dport 15020 -j RETURN
2022-05-09T11:47:55.629639947Z stdout F -A ISTIO_INBOUND -p tcp -j ISTIO_IN_REDIRECT
2022-05-09T11:47:55.629642923Z stdout F -A ISTIO_IN_REDIRECT -p tcp -j REDIRECT --to-ports 15006
2022-05-09T11:47:55.629645856Z stdout F -A ISTIO_OUTPUT -s 127.0.0.6/32 -o lo -j RETURN
2022-05-09T11:47:55.629649217Z stdout F -A ISTIO_OUTPUT ! -d 127.0.0.1/32 -o lo -m owner --uid-owner 1337 -j ISTIO_IN_REDIRECT
2022-05-09T11:47:55.629652216Z stdout F -A ISTIO_OUTPUT -o lo -m owner ! --uid-owner 1337 -j RETURN
2022-05-09T11:47:55.629655155Z stdout F -A ISTIO_OUTPUT -m owner --uid-owner 1337 -j RETURN
2022-05-09T11:47:55.629658182Z stdout F -A ISTIO_OUTPUT ! -d 127.0.0.1/32 -o lo -m owner --gid-owner 1337 -j ISTIO_IN_REDIRECT
2022-05-09T11:47:55.62966114Z stdout F -A ISTIO_OUTPUT -o lo -m owner ! --gid-owner 1337 -j RETURN
2022-05-09T11:47:55.62966406Z stdout F -A ISTIO_OUTPUT -m owner --gid-owner 1337 -j RETURN
2022-05-09T11:47:55.629667056Z stdout F -A ISTIO_OUTPUT -d 127.0.0.1/32 -j RETURN
2022-05-09T11:47:55.629704606Z stdout F -A ISTIO_OUTPUT -j ISTIO_REDIRECT
2022-05-09T11:47:55.629746616Z stdout F -A ISTIO_REDIRECT -p tcp -j REDIRECT --to-ports 15001
2022-05-09T11:47:55.629765169Z stdout F COMMIT
2022-05-09T11:47:55.629773611Z stdout F # Completed on Mon May  9 11:47:55 2022
2022-05-09T11:47:55.629779556Z stdout F 
