2022-05-25T12:13:54.806740397Z stdout F 2022-05-25 20:13:54.599  INFO [bootstrap,,,] 1 --- [           main] s.c.a.AnnotationConfigApplicationContext : Refreshing org.springframework.context.annotation.AnnotationConfigApplicationContext@48533e64: startup date [Wed May 25 20:13:54 CST 2022]; root of context hierarchy
2022-05-25T12:14:07.991833225Z stdout F 2022-05-25 20:14:07.991  INFO [bootstrap,,,] 1 --- [           main] trationDelegate$BeanPostProcessorChecker : Bean 'configurationPropertiesRebinderAutoConfiguration' of type [org.springframework.cloud.autoconfigure.ConfigurationPropertiesRebinderAutoConfiguration$$EnhancerBySpringCGLIB$$3c5b44cd] is not eligible for getting processed by all BeanPostProcessors (for example: not eligible for auto-proxying)
2022-05-25T12:14:27.780981057Z stdout F 
2022-05-25T12:14:27.78101528Z stdout F   .   ____          _            __ _ _
2022-05-25T12:14:27.781019918Z stdout F  /\\ / ___'_ __ _ _(_)_ __  __ _ \ \ \ \
2022-05-25T12:14:27.781022851Z stdout F ( ( )\___ | '_ | '_| | '_ \/ _` | \ \ \ \
2022-05-25T12:14:27.781076355Z stdout F  \\/  ___)| |_)| | | | | || (_| |  ) ) ) )
2022-05-25T12:14:27.78110134Z stdout F   '  |____| .__|_| |_|_| |_\__, | / / / /
2022-05-25T12:14:27.781108632Z stdout F  =========|_|==============|___/=/_/_/_/
2022-05-25T12:14:27.781846588Z stdout F  :: Spring Boot ::       (v1.5.22.RELEASE)
2022-05-25T12:14:27.781861538Z stdout F 
2022-05-25T12:14:28.777141635Z stdout F 2022-05-25 20:14:28.776  INFO [ts-payment-service,,,] 1 --- [           main] com.trainticket.PaymentApplication       : No active profile set, falling back to default profiles: default
2022-05-25T12:14:29.289265544Z stdout F 2022-05-25 20:14:29.288  INFO [ts-payment-service,,,] 1 --- [           main] ationConfigEmbeddedWebApplicationContext : Refreshing org.springframework.boot.context.embedded.AnnotationConfigEmbeddedWebApplicationContext@c038203: startup date [Wed May 25 20:14:29 CST 2022]; parent: org.springframework.context.annotation.AnnotationConfigApplicationContext@48533e64
2022-05-25T12:14:58.668467726Z stdout F 2022-05-25 20:14:58.667  INFO [ts-payment-service,,,] 1 --- [           main] o.s.i.config.IntegrationRegistrar        : No bean named 'integrationHeaderChannelRegistry' has been explicitly defined. Therefore, a default DefaultHeaderChannelRegistry will be created.
2022-05-25T12:15:15.752351808Z stdout F 2022-05-25 20:15:15.748  INFO [ts-payment-service,,,] 1 --- [           main] o.s.cloud.context.scope.GenericScope     : BeanFactory id=b64da570-308e-310e-939d-b92e8764712b
2022-05-25T12:15:16.070398857Z stdout F 2022-05-25 20:15:16.069  INFO [ts-payment-service,,,] 1 --- [           main] faultConfiguringBeanFactoryPostProcessor : No bean named 'errorChannel' has been explicitly defined. Therefore, a default PublishSubscribeChannel will be created.
2022-05-25T12:15:16.259187536Z stdout F 2022-05-25 20:15:16.258  INFO [ts-payment-service,,,] 1 --- [           main] faultConfiguringBeanFactoryPostProcessor : No bean named 'taskScheduler' has been explicitly defined. Therefore, a default ThreadPoolTaskScheduler will be created.
2022-05-25T12:15:18.542349144Z stdout F 2022-05-25 20:15:18.541  INFO [ts-payment-service,,,] 1 --- [           main] trationDelegate$BeanPostProcessorChecker : Bean 'org.springframework.cloud.sleuth.instrument.async.AsyncDefaultAutoConfiguration$DefaultAsyncConfigurerSupport' of type [org.springframework.cloud.sleuth.instrument.async.AsyncDefaultAutoConfiguration$DefaultAsyncConfigurerSupport$$EnhancerBySpringCGLIB$$5d82df93] is not eligible for getting processed by all BeanPostProcessors (for example: not eligible for auto-proxying)
2022-05-25T12:15:21.065225779Z stdout F 2022-05-25 20:15:21.064  INFO [ts-payment-service,,,] 1 --- [           main] trationDelegate$BeanPostProcessorChecker : Bean 'org.springframework.cloud.sleuth.annotation.SleuthAnnotationAutoConfiguration' of type [org.springframework.cloud.sleuth.annotation.SleuthAnnotationAutoConfiguration$$EnhancerBySpringCGLIB$$22a68802] is not eligible for getting processed by all BeanPostProcessors (for example: not eligible for auto-proxying)
2022-05-25T12:15:25.648748377Z stdout F 2022-05-25 20:15:25.647  INFO [ts-payment-service,,,] 1 --- [           main] trationDelegate$BeanPostProcessorChecker : Bean 'sleuthAdvisorConfig' of type [org.springframework.cloud.sleuth.annotation.SleuthAdvisorConfig] is not eligible for getting processed by all BeanPostProcessors (for example: not eligible for auto-proxying)
2022-05-25T12:15:26.543421204Z stdout F 2022-05-25 20:15:26.536  INFO [ts-payment-service,,,] 1 --- [           main] trationDelegate$BeanPostProcessorChecker : Bean 'org.springframework.security.config.annotation.configuration.ObjectPostProcessorConfiguration' of type [org.springframework.security.config.annotation.configuration.ObjectPostProcessorConfiguration$$EnhancerBySpringCGLIB$$b8ef0a0a] is not eligible for getting processed by all BeanPostProcessors (for example: not eligible for auto-proxying)
2022-05-25T12:15:26.93584356Z stdout F 2022-05-25 20:15:26.935  INFO [ts-payment-service,,,] 1 --- [           main] trationDelegate$BeanPostProcessorChecker : Bean 'objectPostProcessor' of type [org.springframework.security.config.annotation.configuration.AutowireBeanFactoryObjectPostProcessor] is not eligible for getting processed by all BeanPostProcessors (for example: not eligible for auto-proxying)
2022-05-25T12:15:27.141610834Z stdout F 2022-05-25 20:15:27.141  INFO [ts-payment-service,,,] 1 --- [           main] trationDelegate$BeanPostProcessorChecker : Bean 'org.springframework.security.access.expression.method.DefaultMethodSecurityExpressionHandler@2e570ded' of type [org.springframework.security.access.expression.method.DefaultMethodSecurityExpressionHandler] is not eligible for getting processed by all BeanPostProcessors (for example: not eligible for auto-proxying)
2022-05-25T12:15:27.448634203Z stdout F 2022-05-25 20:15:27.447  INFO [ts-payment-service,,,] 1 --- [           main] trationDelegate$BeanPostProcessorChecker : Bean 'org.springframework.security.config.annotation.method.configuration.GlobalMethodSecurityConfiguration' of type [org.springframework.security.config.annotation.method.configuration.GlobalMethodSecurityConfiguration$$EnhancerBySpringCGLIB$$ddc3acbc] is not eligible for getting processed by all BeanPostProcessors (for example: not eligible for auto-proxying)
2022-05-25T12:15:28.542254757Z stdout F 2022-05-25 20:15:28.536  INFO [ts-payment-service,,,] 1 --- [           main] trationDelegate$BeanPostProcessorChecker : Bean 'methodSecurityMetadataSource' of type [org.springframework.security.access.method.DelegatingMethodSecurityMetadataSource] is not eligible for getting processed by all BeanPostProcessors (for example: not eligible for auto-proxying)
2022-05-25T12:15:30.652637006Z stdout F 2022-05-25 20:15:30.652  INFO [ts-payment-service,,,] 1 --- [           main] trationDelegate$BeanPostProcessorChecker : Bean 'integrationGlobalProperties' of type [org.springframework.beans.factory.config.PropertiesFactoryBean] is not eligible for getting processed by all BeanPostProcessors (for example: not eligible for auto-proxying)
2022-05-25T12:15:30.949956885Z stdout F 2022-05-25 20:15:30.949  INFO [ts-payment-service,,,] 1 --- [           main] trationDelegate$BeanPostProcessorChecker : Bean 'integrationGlobalProperties' of type [java.util.Properties] is not eligible for getting processed by all BeanPostProcessors (for example: not eligible for auto-proxying)
2022-05-25T12:15:32.839497751Z stdout F 2022-05-25 20:15:32.838  INFO [ts-payment-service,,,] 1 --- [           main] trationDelegate$BeanPostProcessorChecker : Bean 'org.springframework.cloud.autoconfigure.ConfigurationPropertiesRebinderAutoConfiguration' of type [org.springframework.cloud.autoconfigure.ConfigurationPropertiesRebinderAutoConfiguration$$EnhancerBySpringCGLIB$$3c5b44cd] is not eligible for getting processed by all BeanPostProcessors (for example: not eligible for auto-proxying)
2022-05-25T12:15:33.236037924Z stdout F 2022-05-25 20:15:33.235  INFO [ts-payment-service,,,] 1 --- [           main] trationDelegate$BeanPostProcessorChecker : Bean 'org.springframework.cloud.sleuth.instrument.async.AsyncDefaultAutoConfiguration' of type [org.springframework.cloud.sleuth.instrument.async.AsyncDefaultAutoConfiguration$$EnhancerBySpringCGLIB$$824edef] is not eligible for getting processed by all BeanPostProcessors (for example: not eligible for auto-proxying)
2022-05-25T12:15:33.545457008Z stdout F 2022-05-25 20:15:33.544  INFO [ts-payment-service,,,] 1 --- [           main] trationDelegate$BeanPostProcessorChecker : Bean 'org.springframework.cloud.sleuth.instrument.web.client.TraceWebClientAutoConfiguration' of type [org.springframework.cloud.sleuth.instrument.web.client.TraceWebClientAutoConfiguration$$EnhancerBySpringCGLIB$$ccd40d4f] is not eligible for getting processed by all BeanPostProcessors (for example: not eligible for auto-proxying)
2022-05-25T12:15:50.423193453Z stdout F 2022-05-25 20:15:50.422  INFO [ts-payment-service,,,] 1 --- [           main] s.b.c.e.t.TomcatEmbeddedServletContainer : Tomcat initialized with port(s): 19001 (http)
2022-05-25T12:15:51.720235202Z stdout F 2022-05-25 20:15:51.719  INFO [ts-payment-service,,,] 1 --- [           main] o.apache.catalina.core.StandardService   : Starting service [Tomcat]
2022-05-25T12:15:51.727733883Z stdout F 2022-05-25 20:15:51.727  INFO [ts-payment-service,,,] 1 --- [           main] org.apache.catalina.core.StandardEngine  : Starting Servlet Engine: Apache Tomcat/8.5.43
2022-05-25T12:15:55.614794469Z stdout F 2022-05-25 20:15:55.523  INFO [ts-payment-service,,,] 1 --- [ost-startStop-1] o.a.c.c.C.[Tomcat].[localhost].[/]       : Initializing Spring embedded WebApplicationContext
2022-05-25T12:15:55.615298323Z stdout F 2022-05-25 20:15:55.614  INFO [ts-payment-service,,,] 1 --- [ost-startStop-1] o.s.web.context.ContextLoader            : Root WebApplicationContext: initialization completed in 86326 ms
2022-05-25T12:16:20.795259105Z stdout F 2022-05-25 20:16:20.794  INFO [ts-payment-service,,,] 1 --- [ost-startStop-1] o.s.b.w.servlet.FilterRegistrationBean   : Mapping filter: 'metricsFilter' to: [/*]
2022-05-25T12:16:20.806480955Z stdout F 2022-05-25 20:16:20.805  INFO [ts-payment-service,,,] 1 --- [ost-startStop-1] o.s.b.w.servlet.FilterRegistrationBean   : Mapping filter: 'characterEncodingFilter' to: [/*]
2022-05-25T12:16:20.810754048Z stdout F 2022-05-25 20:16:20.806  INFO [ts-payment-service,,,] 1 --- [ost-startStop-1] o.s.b.w.servlet.FilterRegistrationBean   : Mapping filter: 'traceFilter' to: [/*]
2022-05-25T12:16:20.811209228Z stdout F 2022-05-25 20:16:20.810  INFO [ts-payment-service,,,] 1 --- [ost-startStop-1] o.s.b.w.servlet.FilterRegistrationBean   : Mapping filter: 'hiddenHttpMethodFilter' to: [/*]
2022-05-25T12:16:20.811468073Z stdout F 2022-05-25 20:16:20.810  INFO [ts-payment-service,,,] 1 --- [ost-startStop-1] o.s.b.w.servlet.FilterRegistrationBean   : Mapping filter: 'httpPutFormContentFilter' to: [/*]
2022-05-25T12:16:20.811778467Z stdout F 2022-05-25 20:16:20.811  INFO [ts-payment-service,,,] 1 --- [ost-startStop-1] o.s.b.w.servlet.FilterRegistrationBean   : Mapping filter: 'requestContextFilter' to: [/*]
2022-05-25T12:16:20.908417912Z stdout F 2022-05-25 20:16:20.896  INFO [ts-payment-service,,,] 1 --- [ost-startStop-1] .s.DelegatingFilterProxyRegistrationBean : Mapping filter: 'springSecurityFilterChain' to: [/*]
2022-05-25T12:16:20.908733423Z stdout F 2022-05-25 20:16:20.908  INFO [ts-payment-service,,,] 1 --- [ost-startStop-1] o.s.b.w.servlet.FilterRegistrationBean   : Mapping filter: 'webRequestLoggingFilter' to: [/*]
2022-05-25T12:16:20.908968936Z stdout F 2022-05-25 20:16:20.908  INFO [ts-payment-service,,,] 1 --- [ost-startStop-1] o.s.b.w.servlet.FilterRegistrationBean   : Mapping filter: 'applicationContextIdFilter' to: [/*]
2022-05-25T12:16:20.909328962Z stdout F 2022-05-25 20:16:20.908  INFO [ts-payment-service,,,] 1 --- [ost-startStop-1] o.s.b.w.servlet.ServletRegistrationBean  : Mapping servlet: 'dispatcherServlet' to [/]
2022-05-25T12:16:33.59740298Z stdout F 2022-05-25 20:16:33.596  INFO [ts-payment-service,,,] 1 --- [           main] org.mongodb.driver.cluster               : Cluster created with settings {hosts=[ts-payment-mongo:27017], mode=MULTIPLE, requiredClusterType=UNKNOWN, serverSelectionTimeout='30000 ms', maxWaitQueueSize=500}
2022-05-25T12:16:33.600662093Z stdout F 2022-05-25 20:16:33.599  INFO [ts-payment-service,,,] 1 --- [           main] org.mongodb.driver.cluster               : Adding discovered server ts-payment-mongo:27017 to client view of cluster
2022-05-25T12:16:36.49613729Z stdout F 2022-05-25 20:16:36.495  INFO [ts-payment-service,,,] 1 --- [ent-mongo:27017] org.mongodb.driver.connection            : Opened connection [connectionId{localValue:1, serverValue:3}] to ts-payment-mongo:27017
2022-05-25T12:16:36.50927718Z stdout F 2022-05-25 20:16:36.508  INFO [ts-payment-service,,,] 1 --- [ent-mongo:27017] org.mongodb.driver.cluster               : Monitor thread successfully connected to server with description ServerDescription{address=ts-payment-mongo:27017, type=STANDALONE, state=CONNECTED, ok=true, version=ServerVersion{versionList=[5, 0, 8]}, minWireVersion=0, maxWireVersion=13, maxDocumentSize=16777216, roundTripTimeNanos=5312054}
2022-05-25T12:16:36.702786851Z stdout F 2022-05-25 20:16:36.702  INFO [ts-payment-service,,,] 1 --- [ent-mongo:27017] org.mongodb.driver.cluster               : Discovered cluster type of STANDALONE
2022-05-25T12:17:56.735421052Z stdout F 2022-05-25 20:17:56.734  INFO [ts-payment-service,,,] 1 --- [           main] s.w.s.m.m.a.RequestMappingHandlerMapping : Mapped "{[/api/v1/paymentservice/payment/money],methods=[POST]}" onto public org.springframework.http.HttpEntity com.trainticket.controller.PaymentController.addMoney(com.trainticket.entity.Payment,org.springframework.http.HttpHeaders)
2022-05-25T12:17:56.744360273Z stdout F 2022-05-25 20:17:56.736  INFO [ts-payment-service,,,] 1 --- [           main] s.w.s.m.m.a.RequestMappingHandlerMapping : Mapped "{[/api/v1/paymentservice/welcome],methods=[GET]}" onto public java.lang.String com.trainticket.controller.PaymentController.home()
2022-05-25T12:17:56.745137759Z stdout F 2022-05-25 20:17:56.744  INFO [ts-payment-service,,,] 1 --- [           main] s.w.s.m.m.a.RequestMappingHandlerMapping : Mapped "{[/api/v1/paymentservice/payment],methods=[POST]}" onto public org.springframework.http.HttpEntity com.trainticket.controller.PaymentController.pay(com.trainticket.entity.Payment,org.springframework.http.HttpHeaders)
2022-05-25T12:17:56.745568443Z stdout F 2022-05-25 20:17:56.745  INFO [ts-payment-service,,,] 1 --- [           main] s.w.s.m.m.a.RequestMappingHandlerMapping : Mapped "{[/api/v1/paymentservice/payment],methods=[GET]}" onto public org.springframework.http.HttpEntity com.trainticket.controller.PaymentController.query(org.springframework.http.HttpHeaders)
2022-05-25T12:17:56.935929498Z stdout F 2022-05-25 20:17:56.935  INFO [ts-payment-service,,,] 1 --- [           main] s.w.s.m.m.a.RequestMappingHandlerMapping : Mapped "{[/v2/api-docs],methods=[GET],produces=[application/json || application/hal+json]}" onto public org.springframework.http.ResponseEntity<springfox.documentation.spring.web.json.Json> springfox.documentation.swagger2.web.Swagger2Controller.getDocumentation(java.lang.String,javax.servlet.http.HttpServletRequest)
2022-05-25T12:17:56.945931241Z stdout F 2022-05-25 20:17:56.945  INFO [ts-payment-service,,,] 1 --- [           main] s.w.s.m.m.a.RequestMappingHandlerMapping : Mapped "{[/configuration/ui]}" onto org.springframework.http.ResponseEntity<springfox.documentation.swagger.web.UiConfiguration> springfox.documentation.swagger.web.ApiResourceController.uiConfiguration()
2022-05-25T12:17:56.947183487Z stdout F 2022-05-25 20:17:56.946  INFO [ts-payment-service,,,] 1 --- [           main] s.w.s.m.m.a.RequestMappingHandlerMapping : Mapped "{[/configuration/security]}" onto org.springframework.http.ResponseEntity<springfox.documentation.swagger.web.SecurityConfiguration> springfox.documentation.swagger.web.ApiResourceController.securityConfiguration()
2022-05-25T12:17:57.034782997Z stdout F 2022-05-25 20:17:57.034  INFO [ts-payment-service,,,] 1 --- [           main] s.w.s.m.m.a.RequestMappingHandlerMapping : Mapped "{[/swagger-resources]}" onto org.springframework.http.ResponseEntity<java.util.List<springfox.documentation.swagger.web.SwaggerResource>> springfox.documentation.swagger.web.ApiResourceController.swaggerResources()
2022-05-25T12:17:57.147016043Z stdout F 2022-05-25 20:17:57.146  INFO [ts-payment-service,,,] 1 --- [           main] s.w.s.m.m.a.RequestMappingHandlerMapping : Mapped "{[/error],produces=[text/html]}" onto public org.springframework.web.servlet.ModelAndView org.springframework.boot.autoconfigure.web.BasicErrorController.errorHtml(javax.servlet.http.HttpServletRequest,javax.servlet.http.HttpServletResponse)
2022-05-25T12:17:57.147578695Z stdout F 2022-05-25 20:17:57.147  INFO [ts-payment-service,,,] 1 --- [           main] s.w.s.m.m.a.RequestMappingHandlerMapping : Mapped "{[/error]}" onto public org.springframework.http.ResponseEntity<java.util.Map<java.lang.String, java.lang.Object>> org.springframework.boot.autoconfigure.web.BasicErrorController.error(javax.servlet.http.HttpServletRequest)
2022-05-25T12:18:25.0094725Z stdout F 2022-05-25 20:18:24.924  INFO [ts-payment-service,,,] 1 --- [           main] o.s.b.a.e.mvc.EndpointHandlerMapping     : Mapped "{[/heapdump || /heapdump.json],methods=[GET],produces=[application/octet-stream]}" onto public void org.springframework.boot.actuate.endpoint.mvc.HeapdumpMvcEndpoint.invoke(boolean,javax.servlet.http.HttpServletRequest,javax.servlet.http.HttpServletResponse) throws java.io.IOException,javax.servlet.ServletException
2022-05-25T12:18:25.117023034Z stdout F 2022-05-25 20:18:25.109  INFO [ts-payment-service,,,] 1 --- [           main] o.s.b.a.e.mvc.EndpointHandlerMapping     : Mapped "{[/dump || /dump.json],methods=[GET],produces=[application/vnd.spring-boot.actuator.v1+json || application/json]}" onto public java.lang.Object org.springframework.boot.actuate.endpoint.mvc.EndpointMvcAdapter.invoke()
2022-05-25T12:18:25.124049051Z stdout F 2022-05-25 20:18:25.123  INFO [ts-payment-service,,,] 1 --- [           main] o.s.b.a.e.mvc.EndpointHandlerMapping     : Mapped "{[/env/{name:.*}],methods=[GET],produces=[application/vnd.spring-boot.actuator.v1+json || application/json]}" onto public java.lang.Object org.springframework.boot.actuate.endpoint.mvc.EnvironmentMvcEndpoint.value(java.lang.String)
2022-05-25T12:18:25.124502407Z stdout F 2022-05-25 20:18:25.124  INFO [ts-payment-service,,,] 1 --- [           main] o.s.b.a.e.mvc.EndpointHandlerMapping     : Mapped "{[/env || /env.json],methods=[GET],produces=[application/vnd.spring-boot.actuator.v1+json || application/json]}" onto public java.lang.Object org.springframework.boot.actuate.endpoint.mvc.EndpointMvcAdapter.invoke()
2022-05-25T12:18:25.125520509Z stdout F 2022-05-25 20:18:25.125  INFO [ts-payment-service,,,] 1 --- [           main] o.s.b.a.e.mvc.EndpointHandlerMapping     : Mapped "{[/mappings || /mappings.json],methods=[GET],produces=[application/vnd.spring-boot.actuator.v1+json || application/json]}" onto public java.lang.Object org.springframework.boot.actuate.endpoint.mvc.EndpointMvcAdapter.invoke()
2022-05-25T12:18:25.218040509Z stdout F 2022-05-25 20:18:25.217  INFO [ts-payment-service,,,] 1 --- [           main] o.s.b.a.e.mvc.EndpointHandlerMapping     : Mapped "{[/loggers/{name:.*}],methods=[GET],produces=[application/vnd.spring-boot.actuator.v1+json || application/json]}" onto public java.lang.Object org.springframework.boot.actuate.endpoint.mvc.LoggersMvcEndpoint.get(java.lang.String)
2022-05-25T12:18:25.319851815Z stdout F 2022-05-25 20:18:25.319  INFO [ts-payment-service,,,] 1 --- [           main] o.s.b.a.e.mvc.EndpointHandlerMapping     : Mapped "{[/loggers/{name:.*}],methods=[POST],consumes=[application/vnd.spring-boot.actuator.v1+json || application/json],produces=[application/vnd.spring-boot.actuator.v1+json || application/json]}" onto public java.lang.Object org.springframework.boot.actuate.endpoint.mvc.LoggersMvcEndpoint.set(java.lang.String,java.util.Map<java.lang.String, java.lang.String>)
2022-05-25T12:18:25.320142165Z stdout F 2022-05-25 20:18:25.319  INFO [ts-payment-service,,,] 1 --- [           main] o.s.b.a.e.mvc.EndpointHandlerMapping     : Mapped "{[/loggers || /loggers.json],methods=[GET],produces=[application/vnd.spring-boot.actuator.v1+json || application/json]}" onto public java.lang.Object org.springframework.boot.actuate.endpoint.mvc.EndpointMvcAdapter.invoke()
2022-05-25T12:18:25.411141448Z stdout F 2022-05-25 20:18:25.410  INFO [ts-payment-service,,,] 1 --- [           main] o.s.b.a.e.mvc.EndpointHandlerMapping     : Mapped "{[/trace || /trace.json],methods=[GET],produces=[application/vnd.spring-boot.actuator.v1+json || application/json]}" onto public java.lang.Object org.springframework.boot.actuate.endpoint.mvc.EndpointMvcAdapter.invoke()
2022-05-25T12:18:25.412162491Z stdout F 2022-05-25 20:18:25.411  INFO [ts-payment-service,,,] 1 --- [           main] o.s.b.a.e.mvc.EndpointHandlerMapping     : Mapped "{[/auditevents || /auditevents.json],methods=[GET],produces=[application/vnd.spring-boot.actuator.v1+json || application/json]}" onto public org.springframework.http.ResponseEntity<?> org.springframework.boot.actuate.endpoint.mvc.AuditEventsMvcEndpoint.findByPrincipalAndAfterAndType(java.lang.String,java.util.Date,java.lang.String)
2022-05-25T12:18:25.413070179Z stdout F 2022-05-25 20:18:25.412  INFO [ts-payment-service,,,] 1 --- [           main] o.s.b.a.e.mvc.EndpointHandlerMapping     : Mapped "{[/features || /features.json],methods=[GET],produces=[application/vnd.spring-boot.actuator.v1+json || application/json]}" onto public java.lang.Object org.springframework.boot.actuate.endpoint.mvc.EndpointMvcAdapter.invoke()
2022-05-25T12:18:25.421785408Z stdout F 2022-05-25 20:18:25.421  INFO [ts-payment-service,,,] 1 --- [           main] o.s.b.a.e.mvc.EndpointHandlerMapping     : Mapped "{[/info || /info.json],methods=[GET],produces=[application/vnd.spring-boot.actuator.v1+json || application/json]}" onto public java.lang.Object org.springframework.boot.actuate.endpoint.mvc.EndpointMvcAdapter.invoke()
2022-05-25T12:18:25.422243314Z stdout F 2022-05-25 20:18:25.421  INFO [ts-payment-service,,,] 1 --- [           main] o.s.b.a.e.mvc.EndpointHandlerMapping     : Mapped "{[/refresh || /refresh.json],methods=[POST]}" onto public java.lang.Object org.springframework.cloud.endpoint.GenericPostableMvcEndpoint.invoke()
2022-05-25T12:18:25.614898018Z stdout F 2022-05-25 20:18:25.614  INFO [ts-payment-service,,,] 1 --- [           main] o.s.b.a.e.mvc.EndpointHandlerMapping     : Mapped "{[/autoconfig || /autoconfig.json],methods=[GET],produces=[application/vnd.spring-boot.actuator.v1+json || application/json]}" onto public java.lang.Object org.springframework.boot.actuate.endpoint.mvc.EndpointMvcAdapter.invoke()
2022-05-25T12:18:25.620385844Z stdout F 2022-05-25 20:18:25.619  INFO [ts-payment-service,,,] 1 --- [           main] o.s.b.a.e.mvc.EndpointHandlerMapping     : Mapped "{[/configprops || /configprops.json],methods=[GET],produces=[application/vnd.spring-boot.actuator.v1+json || application/json]}" onto public java.lang.Object org.springframework.boot.actuate.endpoint.mvc.EndpointMvcAdapter.invoke()
2022-05-25T12:18:25.621566569Z stdout F 2022-05-25 20:18:25.621  INFO [ts-payment-service,,,] 1 --- [           main] o.s.b.a.e.mvc.EndpointHandlerMapping     : Mapped "{[/beans || /beans.json],methods=[GET],produces=[application/vnd.spring-boot.actuator.v1+json || application/json]}" onto public java.lang.Object org.springframework.boot.actuate.endpoint.mvc.EndpointMvcAdapter.invoke()
2022-05-25T12:18:25.715302715Z stdout F 2022-05-25 20:18:25.710  INFO [ts-payment-service,,,] 1 --- [           main] o.s.b.a.e.mvc.EndpointHandlerMapping     : Mapped "{[/health || /health.json],methods=[GET],produces=[application/vnd.spring-boot.actuator.v1+json || application/json]}" onto public java.lang.Object org.springframework.boot.actuate.endpoint.mvc.HealthMvcEndpoint.invoke(javax.servlet.http.HttpServletRequest,java.security.Principal)
2022-05-25T12:18:25.71659033Z stdout F 2022-05-25 20:18:25.716  INFO [ts-payment-service,,,] 1 --- [           main] o.s.b.a.e.mvc.EndpointHandlerMapping     : Mapped "{[/env],methods=[POST]}" onto public java.lang.Object org.springframework.cloud.context.environment.EnvironmentManagerMvcEndpoint.value(java.util.Map<java.lang.String, java.lang.String>)
2022-05-25T12:18:25.716802133Z stdout F 2022-05-25 20:18:25.716  INFO [ts-payment-service,,,] 1 --- [           main] o.s.b.a.e.mvc.EndpointHandlerMapping     : Mapped "{[/env/reset],methods=[POST]}" onto public java.util.Map<java.lang.String, java.lang.Object> org.springframework.cloud.context.environment.EnvironmentManagerMvcEndpoint.reset()
2022-05-25T12:18:25.718015584Z stdout F 2022-05-25 20:18:25.717  INFO [ts-payment-service,,,] 1 --- [           main] o.s.b.a.e.mvc.EndpointHandlerMapping     : Mapped "{[/metrics/{name:.*}],methods=[GET],produces=[application/vnd.spring-boot.actuator.v1+json || application/json]}" onto public java.lang.Object org.springframework.boot.actuate.endpoint.mvc.MetricsMvcEndpoint.value(java.lang.String)
2022-05-25T12:18:25.718306648Z stdout F 2022-05-25 20:18:25.718  INFO [ts-payment-service,,,] 1 --- [           main] o.s.b.a.e.mvc.EndpointHandlerMapping     : Mapped "{[/metrics || /metrics.json],methods=[GET],produces=[application/vnd.spring-boot.actuator.v1+json || application/json]}" onto public java.lang.Object org.springframework.boot.actuate.endpoint.mvc.EndpointMvcAdapter.invoke()
2022-05-25T12:18:37.015425318Z stdout F 2022-05-25 20:18:37.014  INFO [ts-payment-service,,,] 1 --- [           main] b.a.s.AuthenticationManagerConfiguration : 
2022-05-25T12:18:37.015475746Z stdout F 
2022-05-25T12:18:37.015484504Z stdout F Using default security password: 8bebdbe4-977a-4be4-acc7-a597499de381
2022-05-25T12:18:37.015489518Z stdout F 
2022-05-25T12:18:43.402065846Z stdout F 2022-05-25 20:18:43.401  INFO [ts-payment-service,,,] 1 --- [           main] o.s.s.web.DefaultSecurityFilterChain     : Creating filter chain: org.springframework.security.web.util.matcher.AnyRequestMatcher@1, [org.springframework.security.web.context.request.async.WebAsyncManagerIntegrationFilter@7e3f95fe, org.springframework.security.web.context.SecurityContextPersistenceFilter@3ce3db41, org.springframework.security.web.header.HeaderWriterFilter@28d6290, org.springframework.security.web.authentication.logout.LogoutFilter@2cac4385, edu.fudan.common.security.jwt.JWTFilter@34625ccd, org.springframework.security.web.savedrequest.RequestCacheAwareFilter@77602954, org.springframework.security.web.servletapi.SecurityContextHolderAwareRequestFilter@34a97744, org.springframework.security.web.authentication.AnonymousAuthenticationFilter@2c7d121c, org.springframework.security.web.session.SessionManagementFilter@5ef0d29e, org.springframework.security.web.access.ExceptionTranslationFilter@50eca7c6, org.springframework.security.web.access.intercept.FilterSecurityInterceptor@42f3156d]
2022-05-25T12:18:47.199677358Z stdout F 2022-05-25 20:18:47.199  INFO [ts-payment-service,,,] 1 --- [           main] o.s.w.s.handler.SimpleUrlHandlerMapping  : Mapped URL path [/webjars/**] onto handler of type [class org.springframework.web.servlet.resource.ResourceHttpRequestHandler]
2022-05-25T12:18:47.204150623Z stdout F 2022-05-25 20:18:47.199  INFO [ts-payment-service,,,] 1 --- [           main] o.s.w.s.handler.SimpleUrlHandlerMapping  : Mapped URL path [/**] onto handler of type [class org.springframework.web.servlet.resource.ResourceHttpRequestHandler]
2022-05-25T12:18:49.500059746Z stdout F 2022-05-25 20:18:49.491  INFO [ts-payment-service,,,] 1 --- [           main] o.s.w.s.handler.SimpleUrlHandlerMapping  : Mapped URL path [/**/favicon.ico] onto handler of type [class org.springframework.web.servlet.resource.ResourceHttpRequestHandler]
2022-05-25T12:18:50.890829573Z stdout F 2022-05-25 20:18:50.889  INFO [ts-payment-service,,,] 1 --- [           main] o.s.s.web.DefaultSecurityFilterChain     : Creating filter chain: org.springframework.boot.actuate.autoconfigure.ManagementWebSecurityAutoConfiguration$LazyEndpointPathRequestMatcher@631e06ab, [org.springframework.security.web.context.request.async.WebAsyncManagerIntegrationFilter@2a3591c5, org.springframework.security.web.context.SecurityContextPersistenceFilter@9bd0fa6, org.springframework.security.web.header.HeaderWriterFilter@58670130, org.springframework.web.filter.CorsFilter@34a75079, org.springframework.security.web.authentication.logout.LogoutFilter@6e4de19b, org.springframework.security.web.authentication.www.BasicAuthenticationFilter@162be91c, org.springframework.security.web.savedrequest.RequestCacheAwareFilter@59d2103b, org.springframework.security.web.servletapi.SecurityContextHolderAwareRequestFilter@39dcf4b0, org.springframework.security.web.authentication.AnonymousAuthenticationFilter@346a361, org.springframework.security.web.session.SessionManagementFilter@74e47444, org.springframework.security.web.access.ExceptionTranslationFilter@4bf3798b, org.springframework.security.web.access.intercept.FilterSecurityInterceptor@10650953]
2022-05-25T12:19:08.468977099Z stdout F 2022-05-25 20:19:08.468  INFO [ts-payment-service,,,] 1 --- [           main] s.w.s.m.m.a.RequestMappingHandlerAdapter : Looking for @ControllerAdvice: org.springframework.boot.context.embedded.AnnotationConfigEmbeddedWebApplicationContext@c038203: startup date [Wed May 25 20:14:29 CST 2022]; parent: org.springframework.context.annotation.AnnotationConfigApplicationContext@48533e64
2022-05-25T12:19:24.067923216Z stdout F 2022-05-25 20:19:24.067  INFO [ts-payment-service,,,] 1 --- [           main] o.s.s.c.ThreadPoolTaskScheduler          : Initializing ExecutorService  'taskScheduler'
2022-05-25T12:19:44.950227954Z stdout F 2022-05-25 20:19:44.860  INFO [ts-payment-service,,,] 1 --- [           main] o.s.s.c.ThreadPoolTaskScheduler          : Initializing ExecutorService 
2022-05-25T12:19:57.04947799Z stdout F 2022-05-25 20:19:57.048  INFO [ts-payment-service,,,] 1 --- [           main] o.s.j.e.a.AnnotationMBeanExporter        : Registering beans for JMX exposure on startup
2022-05-25T12:19:57.548800283Z stdout F 2022-05-25 20:19:57.548  INFO [ts-payment-service,,,] 1 --- [           main] o.s.j.e.a.AnnotationMBeanExporter        : Bean with name 'configurationPropertiesRebinder' has been autodetected for JMX exposure
2022-05-25T12:19:57.561391674Z stdout F 2022-05-25 20:19:57.549  INFO [ts-payment-service,,,] 1 --- [           main] o.s.j.e.a.AnnotationMBeanExporter        : Bean with name 'refreshEndpoint' has been autodetected for JMX exposure
2022-05-25T12:19:57.658148443Z stdout F 2022-05-25 20:19:57.657  INFO [ts-payment-service,,,] 1 --- [           main] o.s.j.e.a.AnnotationMBeanExporter        : Bean with name 'environmentManager' has been autodetected for JMX exposure
2022-05-25T12:19:57.751152412Z stdout F 2022-05-25 20:19:57.750  INFO [ts-payment-service,,,] 1 --- [           main] o.s.j.e.a.AnnotationMBeanExporter        : Bean with name 'refreshScope' has been autodetected for JMX exposure
2022-05-25T12:19:57.949234081Z stdout F 2022-05-25 20:19:57.947  INFO [ts-payment-service,,,] 1 --- [           main] o.s.j.e.a.AnnotationMBeanExporter        : Located managed bean 'environmentManager': registering with JMX server as MBean [org.springframework.cloud.context.environment:name=environmentManager,type=EnvironmentManager]
2022-05-25T12:19:58.559217754Z stdout F 2022-05-25 20:19:58.546  INFO [ts-payment-service,,,] 1 --- [           main] o.s.j.e.a.AnnotationMBeanExporter        : Located managed bean 'refreshScope': registering with JMX server as MBean [org.springframework.cloud.context.scope.refresh:name=refreshScope,type=RefreshScope]
2022-05-25T12:19:58.861946252Z stdout F 2022-05-25 20:19:58.849  INFO [ts-payment-service,,,] 1 --- [           main] o.s.j.e.a.AnnotationMBeanExporter        : Located managed bean 'configurationPropertiesRebinder': registering with JMX server as MBean [org.springframework.cloud.context.properties:name=configurationPropertiesRebinder,context=c038203,type=ConfigurationPropertiesRebinder]
2022-05-25T12:19:59.052947084Z stdout F 2022-05-25 20:19:59.052  INFO [ts-payment-service,,,] 1 --- [           main] o.s.j.e.a.AnnotationMBeanExporter        : Located managed bean 'refreshEndpoint': registering with JMX server as MBean [org.springframework.cloud.endpoint:name=refreshEndpoint,type=RefreshEndpoint]
2022-05-25T12:20:14.626049777Z stdout F 2022-05-25 20:20:14.534  INFO [ts-payment-service,,,] 1 --- [           main] o.s.c.support.DefaultLifecycleProcessor  : Starting beans in phase 0
2022-05-25T12:20:17.028844732Z stdout F 2022-05-25 20:20:17.028  INFO [ts-payment-service,,,] 1 --- [           main] o.s.i.endpoint.EventDrivenConsumer       : Adding {logging-channel-adapter:_org.springframework.integration.errorLogger} as a subscriber to the 'errorChannel' channel
2022-05-25T12:20:17.039735983Z stdout F 2022-05-25 20:20:17.039  INFO [ts-payment-service,,,] 1 --- [           main] o.s.i.channel.PublishSubscribeChannel    : Channel 'ts-payment-service:19001.errorChannel' has 1 subscriber(s).
2022-05-25T12:20:17.040016722Z stdout F 2022-05-25 20:20:17.039  INFO [ts-payment-service,,,] 1 --- [           main] o.s.i.endpoint.EventDrivenConsumer       : started _org.springframework.integration.errorLogger
2022-05-25T12:20:18.133677686Z stdout F 2022-05-25 20:20:18.132  INFO [ts-payment-service,,,] 1 --- [           main] d.s.w.p.DocumentationPluginsBootstrapper : Context refreshed
2022-05-25T12:20:19.628333247Z stdout F 2022-05-25 20:20:19.537  INFO [ts-payment-service,,,] 1 --- [           main] d.s.w.p.DocumentationPluginsBootstrapper : Found 1 custom documentation plugin(s)
2022-05-25T12:20:19.927731304Z stdout F 2022-05-25 20:20:19.927  INFO [ts-payment-service,,,] 1 --- [           main] s.d.s.w.s.ApiListingReferenceScanner     : Scanning for api listing references
2022-05-25T12:20:22.741704083Z stdout F 2022-05-25 20:20:22.741  INFO [ts-payment-service,,,] 1 --- [           main] .d.s.w.r.o.CachingOperationNameGenerator : Generating unique operation named: findByPrincipalAndAfterAndTypeUsingGET_1
2022-05-25T12:20:25.834593732Z stdout F 2022-05-25 20:20:25.834  INFO [ts-payment-service,,,] 1 --- [           main] .d.s.w.r.o.CachingOperationNameGenerator : Generating unique operation named: invokeUsingGET_1
2022-05-25T12:20:25.935703832Z stdout F 2022-05-25 20:20:25.935  INFO [ts-payment-service,,,] 1 --- [           main] .d.s.w.r.o.CachingOperationNameGenerator : Generating unique operation named: invokeUsingGET_2
2022-05-25T12:20:26.127244213Z stdout F 2022-05-25 20:20:26.126  INFO [ts-payment-service,,,] 1 --- [           main] .d.s.w.r.o.CachingOperationNameGenerator : Generating unique operation named: invokeUsingGET_3
2022-05-25T12:20:26.130736841Z stdout F 2022-05-25 20:20:26.130  INFO [ts-payment-service,,,] 1 --- [           main] .d.s.w.r.o.CachingOperationNameGenerator : Generating unique operation named: invokeUsingGET_4
2022-05-25T12:20:26.230014201Z stdout F 2022-05-25 20:20:26.229  INFO [ts-payment-service,,,] 1 --- [           main] .d.s.w.r.o.CachingOperationNameGenerator : Generating unique operation named: invokeUsingGET_5
2022-05-25T12:20:26.232536358Z stdout F 2022-05-25 20:20:26.232  INFO [ts-payment-service,,,] 1 --- [           main] .d.s.w.r.o.CachingOperationNameGenerator : Generating unique operation named: invokeUsingGET_6
2022-05-25T12:20:26.235003602Z stdout F 2022-05-25 20:20:26.234  INFO [ts-payment-service,,,] 1 --- [           main] .d.s.w.r.o.CachingOperationNameGenerator : Generating unique operation named: invokeUsingGET_7
2022-05-25T12:20:26.441956992Z stdout F 2022-05-25 20:20:26.441  INFO [ts-payment-service,,,] 1 --- [           main] .d.s.w.r.o.CachingOperationNameGenerator : Generating unique operation named: invokeUsingGET_8
2022-05-25T12:20:26.529373196Z stdout F 2022-05-25 20:20:26.528  INFO [ts-payment-service,,,] 1 --- [           main] .d.s.w.r.o.CachingOperationNameGenerator : Generating unique operation named: invokeUsingGET_9
2022-05-25T12:20:26.62887527Z stdout F 2022-05-25 20:20:26.628  INFO [ts-payment-service,,,] 1 --- [           main] .d.s.w.r.o.CachingOperationNameGenerator : Generating unique operation named: invokeUsingGET_10
2022-05-25T12:20:26.638008179Z stdout F 2022-05-25 20:20:26.637  INFO [ts-payment-service,,,] 1 --- [           main] .d.s.w.r.o.CachingOperationNameGenerator : Generating unique operation named: invokeUsingGET_11
2022-05-25T12:20:26.639569273Z stdout F 2022-05-25 20:20:26.639  INFO [ts-payment-service,,,] 1 --- [           main] .d.s.w.r.o.CachingOperationNameGenerator : Generating unique operation named: invokeUsingGET_12
2022-05-25T12:20:26.727293613Z stdout F 2022-05-25 20:20:26.726  INFO [ts-payment-service,,,] 1 --- [           main] .d.s.w.r.o.CachingOperationNameGenerator : Generating unique operation named: invokeUsingGET_13
2022-05-25T12:20:26.73255183Z stdout F 2022-05-25 20:20:26.732  INFO [ts-payment-service,,,] 1 --- [           main] .d.s.w.r.o.CachingOperationNameGenerator : Generating unique operation named: invokeUsingGET_14
2022-05-25T12:20:26.826195211Z stdout F 2022-05-25 20:20:26.735  INFO [ts-payment-service,,,] 1 --- [           main] .d.s.w.r.o.CachingOperationNameGenerator : Generating unique operation named: invokeUsingGET_15
2022-05-25T12:20:27.028883746Z stdout F 2022-05-25 20:20:27.028  INFO [ts-payment-service,,,] 1 --- [           main] .d.s.w.r.o.CachingOperationNameGenerator : Generating unique operation named: invokeUsingGET_16
2022-05-25T12:20:27.036875058Z stdout F 2022-05-25 20:20:27.036  INFO [ts-payment-service,,,] 1 --- [           main] .d.s.w.r.o.CachingOperationNameGenerator : Generating unique operation named: invokeUsingGET_17
2022-05-25T12:20:27.334141016Z stdout F 2022-05-25 20:20:27.333  INFO [ts-payment-service,,,] 1 --- [           main] .d.s.w.r.o.CachingOperationNameGenerator : Generating unique operation named: invokeUsingPOST_1
2022-05-25T12:20:27.535959586Z stdout F 2022-05-25 20:20:27.535  INFO [ts-payment-service,,,] 1 --- [           main] .d.s.w.r.o.CachingOperationNameGenerator : Generating unique operation named: invokeUsingGET_18
2022-05-25T12:20:27.63072207Z stdout F 2022-05-25 20:20:27.628  INFO [ts-payment-service,,,] 1 --- [           main] .d.s.w.r.o.CachingOperationNameGenerator : Generating unique operation named: invokeUsingGET_19
2022-05-25T12:20:27.736960781Z stdout F 2022-05-25 20:20:27.728  INFO [ts-payment-service,,,] 1 --- [           main] .d.s.w.r.o.CachingOperationNameGenerator : Generating unique operation named: invokeUsingGET_20
2022-05-25T12:20:27.833259021Z stdout F 2022-05-25 20:20:27.832  INFO [ts-payment-service,,,] 1 --- [           main] .d.s.w.r.o.CachingOperationNameGenerator : Generating unique operation named: invokeUsingGET_21
2022-05-25T12:20:28.03585164Z stdout F 2022-05-25 20:20:28.035  INFO [ts-payment-service,,,] 1 --- [           main] .d.s.w.r.o.CachingOperationNameGenerator : Generating unique operation named: invokeUsingGET_22
2022-05-25T12:20:28.038232155Z stdout F 2022-05-25 20:20:28.037  INFO [ts-payment-service,,,] 1 --- [           main] .d.s.w.r.o.CachingOperationNameGenerator : Generating unique operation named: invokeUsingGET_23
2022-05-25T12:20:28.444378571Z stdout F 2022-05-25 20:20:28.442  INFO [ts-payment-service,,,] 1 --- [           main] .d.s.w.r.o.CachingOperationNameGenerator : Generating unique operation named: invokeUsingGET_24
2022-05-25T12:20:28.626327625Z stdout F 2022-05-25 20:20:28.625  INFO [ts-payment-service,,,] 1 --- [           main] .d.s.w.r.o.CachingOperationNameGenerator : Generating unique operation named: invokeUsingGET_25
2022-05-25T12:20:28.9258643Z stdout F 2022-05-25 20:20:28.830  INFO [ts-payment-service,,,] 1 --- [           main] .d.s.w.r.o.CachingOperationNameGenerator : Generating unique operation named: valueUsingGET_1
2022-05-25T12:20:31.34212549Z stdout F 2022-05-25 20:20:31.341  INFO [ts-payment-service,,,] 1 --- [           main] s.b.c.e.t.TomcatEmbeddedServletContainer : Tomcat started on port(s): 19001 (http)
2022-05-25T12:20:32.526911583Z stdout F 2022-05-25 20:20:32.526  INFO [ts-payment-service,,,] 1 --- [           main] org.mongodb.driver.connection            : Opened connection [connectionId{localValue:2, serverValue:4}] to ts-payment-mongo:27017
2022-05-25T12:20:33.743426073Z stdout F 2022-05-25 20:20:33.738  INFO [ts-payment-service,,,] 1 --- [           main] c.t.service.PaymentServiceImpl           : [Payment Service][Init Payment] Already Exists: 5ad7750ba68b49c0a8c035276b067701
2022-05-25T12:20:33.828665923Z stdout F 2022-05-25 20:20:33.828  INFO [ts-payment-service,,,] 1 --- [           main] com.trainticket.PaymentApplication       : Started PaymentApplication in 430.378 seconds (JVM running for 482.88)
2022-05-25T12:25:13.728958159Z stdout F 2022-05-25 20:25:13.728  INFO [ts-payment-service,,,] 1 --- [io-19001-exec-9] o.a.c.c.C.[Tomcat].[localhost].[/]       : Initializing Spring FrameworkServlet 'dispatcherServlet'
2022-05-25T12:25:13.729303368Z stdout F 2022-05-25 20:25:13.728  INFO [ts-payment-service,,,] 1 --- [io-19001-exec-9] o.s.web.servlet.DispatcherServlet        : FrameworkServlet 'dispatcherServlet': initialization started
2022-05-25T12:25:14.925212908Z stdout F 2022-05-25 20:25:14.924  INFO [ts-payment-service,,,] 1 --- [io-19001-exec-9] o.s.web.servlet.DispatcherServlet        : FrameworkServlet 'dispatcherServlet': initialization completed in 1195 ms
2022-05-25T12:25:27.524161826Z stdout F 2022-05-25 20:25:27.523  INFO [ts-payment-service,bc275c8805140fe7f4b3174a15a20cbc,6898fdffb4ac7351,true] 1 --- [io-19001-exec-3] org.mongodb.driver.connection            : Opened connection [connectionId{localValue:3, serverValue:5}] to ts-payment-mongo:27017
2022-05-25T12:25:27.919654545Z stdout F 2022-05-25 20:25:27.919  INFO [ts-payment-service,9ed14ede3ea8479d736c394b57435e0c,dee1f705562002cd,true] 1 --- [io-19001-exec-1] org.mongodb.driver.connection            : Opened connection [connectionId{localValue:5, serverValue:7}] to ts-payment-mongo:27017
2022-05-25T12:25:28.018165504Z stdout F 2022-05-25 20:25:27.936  INFO [ts-payment-service,1241177b353a5d29c57c6880cb833d4c,ccb6b4f398135234,true] 1 --- [o-19001-exec-10] org.mongodb.driver.connection            : Opened connection [connectionId{localValue:4, serverValue:6}] to ts-payment-mongo:27017
