2022-06-13T02:22:18.725893018Z stdout F 2022-06-13T02:22:18.725646Z	info	Istio iptables environment:
2022-06-13T02:22:18.725919755Z stdout F ENVOY_PORT=
2022-06-13T02:22:18.725924038Z stdout F INBOUND_CAPTURE_PORT=
2022-06-13T02:22:18.72592712Z stdout F ISTIO_INBOUND_INTERCEPTION_MODE=
2022-06-13T02:22:18.725929383Z stdout F ISTIO_INBOUND_TPROXY_ROUTE_TABLE=
2022-06-13T02:22:18.725931302Z stdout F ISTIO_INBOUND_PORTS=
2022-06-13T02:22:18.725933179Z stdout F ISTIO_OUTBOUND_PORTS=
2022-06-13T02:22:18.725935075Z stdout F ISTIO_LOCAL_EXCLUDE_PORTS=
2022-06-13T02:22:18.725936924Z stdout F ISTIO_EXCLUDE_INTERFACES=
2022-06-13T02:22:18.725956204Z stdout F ISTIO_SERVICE_CIDR=
2022-06-13T02:22:18.725961079Z stdout F ISTIO_SERVICE_EXCLUDE_CIDR=
2022-06-13T02:22:18.725963224Z stdout F ISTIO_META_DNS_CAPTURE=
2022-06-13T02:22:18.725965059Z stdout F INVALID_DROP=
2022-06-13T02:22:18.725966897Z stdout F 
2022-06-13T02:22:18.72596877Z stdout F 2022-06-13T02:22:18.725694Z	info	Istio iptables variables:
2022-06-13T02:22:18.725970646Z stdout F PROXY_PORT=15001
2022-06-13T02:22:18.725972557Z stdout F PROXY_INBOUND_CAPTURE_PORT=15006
2022-06-13T02:22:18.725974416Z stdout F PROXY_TUNNEL_PORT=15008
2022-06-13T02:22:18.725976261Z stdout F PROXY_UID=1337
2022-06-13T02:22:18.725978248Z stdout F PROXY_GID=1337
2022-06-13T02:22:18.725980172Z stdout F INBOUND_INTERCEPTION_MODE=REDIRECT
2022-06-13T02:22:18.725982013Z stdout F INBOUND_TPROXY_MARK=1337
2022-06-13T02:22:18.725983864Z stdout F INBOUND_TPROXY_ROUTE_TABLE=133
2022-06-13T02:22:18.725985718Z stdout F INBOUND_PORTS_INCLUDE=*
2022-06-13T02:22:18.725990956Z stdout F INBOUND_PORTS_EXCLUDE=15090,15021,15020
2022-06-13T02:22:18.725992985Z stdout F OUTBOUND_IP_RANGES_INCLUDE=*
2022-06-13T02:22:18.725994892Z stdout F OUTBOUND_IP_RANGES_EXCLUDE=
2022-06-13T02:22:18.725996827Z stdout F OUTBOUND_PORTS_INCLUDE=
2022-06-13T02:22:18.725998702Z stdout F OUTBOUND_PORTS_EXCLUDE=
2022-06-13T02:22:18.72600052Z stdout F KUBE_VIRT_INTERFACES=
2022-06-13T02:22:18.726002402Z stdout F ENABLE_INBOUND_IPV6=false
2022-06-13T02:22:18.726004259Z stdout F DNS_CAPTURE=false
2022-06-13T02:22:18.726006111Z stdout F DROP_INVALID=false
2022-06-13T02:22:18.726007939Z stdout F CAPTURE_ALL_DNS=false
2022-06-13T02:22:18.726009811Z stdout F DNS_SERVERS=[],[]
2022-06-13T02:22:18.726011779Z stdout F OUTPUT_PATH=
2022-06-13T02:22:18.726013664Z stdout F NETWORK_NAMESPACE=
2022-06-13T02:22:18.726015551Z stdout F CNI_MODE=false
2022-06-13T02:22:18.726017479Z stdout F EXCLUDE_INTERFACES=
2022-06-13T02:22:18.726019217Z stdout F 
2022-06-13T02:22:18.726026734Z stdout F 2022-06-13T02:22:18.725879Z	info	Writing following contents to rules file: /tmp/iptables-rules-1655086938725724525.txt879391752
2022-06-13T02:22:18.726029105Z stdout F * nat
2022-06-13T02:22:18.726031131Z stdout F -N ISTIO_INBOUND
2022-06-13T02:22:18.726033058Z stdout F -N ISTIO_REDIRECT
2022-06-13T02:22:18.726034934Z stdout F -N ISTIO_IN_REDIRECT
2022-06-13T02:22:18.726036827Z stdout F -N ISTIO_OUTPUT
2022-06-13T02:22:18.726038709Z stdout F -A ISTIO_INBOUND -p tcp --dport 15008 -j RETURN
2022-06-13T02:22:18.72604064Z stdout F -A ISTIO_REDIRECT -p tcp -j REDIRECT --to-ports 15001
2022-06-13T02:22:18.726042527Z stdout F -A ISTIO_IN_REDIRECT -p tcp -j REDIRECT --to-ports 15006
2022-06-13T02:22:18.72604437Z stdout F -A PREROUTING -p tcp -j ISTIO_INBOUND
2022-06-13T02:22:18.726046305Z stdout F -A ISTIO_INBOUND -p tcp --dport 15090 -j RETURN
2022-06-13T02:22:18.726048129Z stdout F -A ISTIO_INBOUND -p tcp --dport 15021 -j RETURN
2022-06-13T02:22:18.726049974Z stdout F -A ISTIO_INBOUND -p tcp --dport 15020 -j RETURN
2022-06-13T02:22:18.726051821Z stdout F -A ISTIO_INBOUND -p tcp -j ISTIO_IN_REDIRECT
2022-06-13T02:22:18.726053646Z stdout F -A OUTPUT -p tcp -j ISTIO_OUTPUT
2022-06-13T02:22:18.726055488Z stdout F -A ISTIO_OUTPUT -o lo -s 127.0.0.6/32 -j RETURN
2022-06-13T02:22:18.726057623Z stdout F -A ISTIO_OUTPUT -o lo ! -d 127.0.0.1/32 -m owner --uid-owner 1337 -j ISTIO_IN_REDIRECT
2022-06-13T02:22:18.726059459Z stdout F -A ISTIO_OUTPUT -o lo -m owner ! --uid-owner 1337 -j RETURN
2022-06-13T02:22:18.726061314Z stdout F -A ISTIO_OUTPUT -m owner --uid-owner 1337 -j RETURN
2022-06-13T02:22:18.726068257Z stdout F -A ISTIO_OUTPUT -o lo ! -d 127.0.0.1/32 -m owner --gid-owner 1337 -j ISTIO_IN_REDIRECT
2022-06-13T02:22:18.726070462Z stdout F -A ISTIO_OUTPUT -o lo -m owner ! --gid-owner 1337 -j RETURN
2022-06-13T02:22:18.726072292Z stdout F -A ISTIO_OUTPUT -m owner --gid-owner 1337 -j RETURN
2022-06-13T02:22:18.72607413Z stdout F -A ISTIO_OUTPUT -d 127.0.0.1/32 -j RETURN
2022-06-13T02:22:18.726076005Z stdout F -A ISTIO_OUTPUT -j ISTIO_REDIRECT
2022-06-13T02:22:18.726077887Z stdout F COMMIT
2022-06-13T02:22:18.726080094Z stdout F 2022-06-13T02:22:18.725945Z	info	Running command: iptables-restore --noflush /tmp/iptables-rules-1655086938725724525.txt879391752
2022-06-13T02:22:18.728641612Z stdout F 2022-06-13T02:22:18.728470Z	info	Writing following contents to rules file: /tmp/ip6tables-rules-1655086938728404451.txt2537010971
2022-06-13T02:22:18.728652677Z stdout F 
2022-06-13T02:22:18.728655478Z stdout F 2022-06-13T02:22:18.728520Z	info	Running command: ip6tables-restore --noflush /tmp/ip6tables-rules-1655086938728404451.txt2537010971
2022-06-13T02:22:18.730524452Z stdout F 2022-06-13T02:22:18.730254Z	info	Running command: iptables-save 
2022-06-13T02:22:18.736295641Z stdout F 2022-06-13T02:22:18.733399Z	info	Command output: 
2022-06-13T02:22:18.736314339Z stdout F # Generated by iptables-save v1.8.4 on Mon Jun 13 02:22:18 2022
2022-06-13T02:22:18.736317137Z stdout F *nat
2022-06-13T02:22:18.736319702Z stdout F :PREROUTING ACCEPT [0:0]
2022-06-13T02:22:18.736321633Z stdout F :INPUT ACCEPT [0:0]
2022-06-13T02:22:18.736323552Z stdout F :OUTPUT ACCEPT [0:0]
2022-06-13T02:22:18.73632568Z stdout F :POSTROUTING ACCEPT [0:0]
2022-06-13T02:22:18.736327603Z stdout F :ISTIO_INBOUND - [0:0]
2022-06-13T02:22:18.736329587Z stdout F :ISTIO_IN_REDIRECT - [0:0]
2022-06-13T02:22:18.736331581Z stdout F :ISTIO_OUTPUT - [0:0]
2022-06-13T02:22:18.73633347Z stdout F :ISTIO_REDIRECT - [0:0]
2022-06-13T02:22:18.736335865Z stdout F -A PREROUTING -p tcp -j ISTIO_INBOUND
2022-06-13T02:22:18.73633781Z stdout F -A OUTPUT -p tcp -j ISTIO_OUTPUT
2022-06-13T02:22:18.736339699Z stdout F -A ISTIO_INBOUND -p tcp -m tcp --dport 15008 -j RETURN
2022-06-13T02:22:18.736341579Z stdout F -A ISTIO_INBOUND -p tcp -m tcp --dport 15090 -j RETURN
2022-06-13T02:22:18.736343458Z stdout F -A ISTIO_INBOUND -p tcp -m tcp --dport 15021 -j RETURN
2022-06-13T02:22:18.736345328Z stdout F -A ISTIO_INBOUND -p tcp -m tcp --dport 15020 -j RETURN
2022-06-13T02:22:18.736347311Z stdout F -A ISTIO_INBOUND -p tcp -j ISTIO_IN_REDIRECT
2022-06-13T02:22:18.736349155Z stdout F -A ISTIO_IN_REDIRECT -p tcp -j REDIRECT --to-ports 15006
2022-06-13T02:22:18.73635099Z stdout F -A ISTIO_OUTPUT -s 127.0.0.6/32 -o lo -j RETURN
2022-06-13T02:22:18.736353315Z stdout F -A ISTIO_OUTPUT ! -d 127.0.0.1/32 -o lo -m owner --uid-owner 1337 -j ISTIO_IN_REDIRECT
2022-06-13T02:22:18.736355777Z stdout F -A ISTIO_OUTPUT -o lo -m owner ! --uid-owner 1337 -j RETURN
2022-06-13T02:22:18.73635767Z stdout F -A ISTIO_OUTPUT -m owner --uid-owner 1337 -j RETURN
2022-06-13T02:22:18.736359557Z stdout F -A ISTIO_OUTPUT ! -d 127.0.0.1/32 -o lo -m owner --gid-owner 1337 -j ISTIO_IN_REDIRECT
2022-06-13T02:22:18.736361385Z stdout F -A ISTIO_OUTPUT -o lo -m owner ! --gid-owner 1337 -j RETURN
2022-06-13T02:22:18.736363295Z stdout F -A ISTIO_OUTPUT -m owner --gid-owner 1337 -j RETURN
2022-06-13T02:22:18.736365608Z stdout F -A ISTIO_OUTPUT -d 127.0.0.1/32 -j RETURN
2022-06-13T02:22:18.736367471Z stdout F -A ISTIO_OUTPUT -j ISTIO_REDIRECT
2022-06-13T02:22:18.736369329Z stdout F -A ISTIO_REDIRECT -p tcp -j REDIRECT --to-ports 15001
2022-06-13T02:22:18.736371511Z stdout F COMMIT
2022-06-13T02:22:18.736373465Z stdout F # Completed on Mon Jun 13 02:22:18 2022
2022-06-13T02:22:18.736375272Z stdout F 
