2022-05-25T10:52:23.166268152Z stdout F 2022-05-25T10:52:23.165760Z	info	Istio iptables environment:
2022-05-25T10:52:23.166333803Z stdout F ENVOY_PORT=
2022-05-25T10:52:23.166346696Z stdout F INBOUND_CAPTURE_PORT=
2022-05-25T10:52:23.166356465Z stdout F ISTIO_INBOUND_INTERCEPTION_MODE=
2022-05-25T10:52:23.16636565Z stdout F ISTIO_INBOUND_TPROXY_ROUTE_TABLE=
2022-05-25T10:52:23.166373128Z stdout F ISTIO_INBOUND_PORTS=
2022-05-25T10:52:23.166378159Z stdout F ISTIO_OUTBOUND_PORTS=
2022-05-25T10:52:23.166421856Z stdout F ISTIO_LOCAL_EXCLUDE_PORTS=
2022-05-25T10:52:23.166437065Z stdout F ISTIO_EXCLUDE_INTERFACES=
2022-05-25T10:52:23.166447063Z stdout F ISTIO_SERVICE_CIDR=
2022-05-25T10:52:23.166452366Z stdout F ISTIO_SERVICE_EXCLUDE_CIDR=
2022-05-25T10:52:23.16645914Z stdout F ISTIO_META_DNS_CAPTURE=
2022-05-25T10:52:23.166468644Z stdout F INVALID_DROP=
2022-05-25T10:52:23.166474414Z stdout F 
2022-05-25T10:52:23.166479531Z stdout F 2022-05-25T10:52:23.165903Z	info	Istio iptables variables:
2022-05-25T10:52:23.166484493Z stdout F PROXY_PORT=15001
2022-05-25T10:52:23.166494715Z stdout F PROXY_INBOUND_CAPTURE_PORT=15006
2022-05-25T10:52:23.166502558Z stdout F PROXY_TUNNEL_PORT=15008
2022-05-25T10:52:23.166510329Z stdout F PROXY_UID=1337
2022-05-25T10:52:23.166519119Z stdout F PROXY_GID=1337
2022-05-25T10:52:23.166531137Z stdout F INBOUND_INTERCEPTION_MODE=REDIRECT
2022-05-25T10:52:23.166540691Z stdout F INBOUND_TPROXY_MARK=1337
2022-05-25T10:52:23.166552936Z stdout F INBOUND_TPROXY_ROUTE_TABLE=133
2022-05-25T10:52:23.16655963Z stdout F INBOUND_PORTS_INCLUDE=*
2022-05-25T10:52:23.166564932Z stdout F INBOUND_PORTS_EXCLUDE=15090,15021,15020
2022-05-25T10:52:23.16656944Z stdout F OUTBOUND_IP_RANGES_INCLUDE=*
2022-05-25T10:52:23.166573417Z stdout F OUTBOUND_IP_RANGES_EXCLUDE=
2022-05-25T10:52:23.166577836Z stdout F OUTBOUND_PORTS_INCLUDE=
2022-05-25T10:52:23.166581734Z stdout F OUTBOUND_PORTS_EXCLUDE=
2022-05-25T10:52:23.166585772Z stdout F KUBE_VIRT_INTERFACES=
2022-05-25T10:52:23.166589911Z stdout F ENABLE_INBOUND_IPV6=false
2022-05-25T10:52:23.166593911Z stdout F DNS_CAPTURE=false
2022-05-25T10:52:23.166598198Z stdout F DROP_INVALID=false
2022-05-25T10:52:23.16660227Z stdout F CAPTURE_ALL_DNS=false
2022-05-25T10:52:23.166606087Z stdout F DNS_SERVERS=[],[]
2022-05-25T10:52:23.166609954Z stdout F OUTPUT_PATH=
2022-05-25T10:52:23.166613685Z stdout F NETWORK_NAMESPACE=
2022-05-25T10:52:23.166617526Z stdout F CNI_MODE=false
2022-05-25T10:52:23.166621375Z stdout F EXCLUDE_INTERFACES=
2022-05-25T10:52:23.166625161Z stdout F 
2022-05-25T10:52:23.166644571Z stdout F 2022-05-25T10:52:23.166410Z	info	Writing following contents to rules file: /tmp/iptables-rules-1653475943166149560.txt219861243
2022-05-25T10:52:23.166650959Z stdout F * nat
2022-05-25T10:52:23.166655591Z stdout F -N ISTIO_INBOUND
2022-05-25T10:52:23.166659774Z stdout F -N ISTIO_REDIRECT
2022-05-25T10:52:23.166663679Z stdout F -N ISTIO_IN_REDIRECT
2022-05-25T10:52:23.166668045Z stdout F -N ISTIO_OUTPUT
2022-05-25T10:52:23.166672271Z stdout F -A ISTIO_INBOUND -p tcp --dport 15008 -j RETURN
2022-05-25T10:52:23.166676939Z stdout F -A ISTIO_REDIRECT -p tcp -j REDIRECT --to-ports 15001
2022-05-25T10:52:23.166681072Z stdout F -A ISTIO_IN_REDIRECT -p tcp -j REDIRECT --to-ports 15006
2022-05-25T10:52:23.166733917Z stdout F -A PREROUTING -p tcp -j ISTIO_INBOUND
2022-05-25T10:52:23.166741252Z stdout F -A ISTIO_INBOUND -p tcp --dport 15090 -j RETURN
2022-05-25T10:52:23.166746603Z stdout F -A ISTIO_INBOUND -p tcp --dport 15021 -j RETURN
2022-05-25T10:52:23.166750769Z stdout F -A ISTIO_INBOUND -p tcp --dport 15020 -j RETURN
2022-05-25T10:52:23.166754949Z stdout F -A ISTIO_INBOUND -p tcp -j ISTIO_IN_REDIRECT
2022-05-25T10:52:23.166759121Z stdout F -A OUTPUT -p tcp -j ISTIO_OUTPUT
2022-05-25T10:52:23.166763053Z stdout F -A ISTIO_OUTPUT -o lo -s 127.0.0.6/32 -j RETURN
2022-05-25T10:52:23.166767443Z stdout F -A ISTIO_OUTPUT -o lo ! -d 127.0.0.1/32 -m owner --uid-owner 1337 -j ISTIO_IN_REDIRECT
2022-05-25T10:52:23.166771413Z stdout F -A ISTIO_OUTPUT -o lo -m owner ! --uid-owner 1337 -j RETURN
2022-05-25T10:52:23.166775514Z stdout F -A ISTIO_OUTPUT -m owner --uid-owner 1337 -j RETURN
2022-05-25T10:52:23.166814589Z stdout F -A ISTIO_OUTPUT -o lo ! -d 127.0.0.1/32 -m owner --gid-owner 1337 -j ISTIO_IN_REDIRECT
2022-05-25T10:52:23.166827714Z stdout F -A ISTIO_OUTPUT -o lo -m owner ! --gid-owner 1337 -j RETURN
2022-05-25T10:52:23.166834458Z stdout F -A ISTIO_OUTPUT -m owner --gid-owner 1337 -j RETURN
2022-05-25T10:52:23.166839568Z stdout F -A ISTIO_OUTPUT -d 127.0.0.1/32 -j RETURN
2022-05-25T10:52:23.166844417Z stdout F -A ISTIO_OUTPUT -j ISTIO_REDIRECT
2022-05-25T10:52:23.166848824Z stdout F COMMIT
2022-05-25T10:52:23.166853329Z stdout F 2022-05-25T10:52:23.166511Z	info	Running command: iptables-restore --noflush /tmp/iptables-rules-1653475943166149560.txt219861243
2022-05-25T10:52:23.27639155Z stdout F 2022-05-25T10:52:23.275842Z	info	Writing following contents to rules file: /tmp/ip6tables-rules-1653475943275717533.txt970119028
2022-05-25T10:52:23.276413024Z stdout F 
2022-05-25T10:52:23.276417811Z stdout F 2022-05-25T10:52:23.275924Z	info	Running command: ip6tables-restore --noflush /tmp/ip6tables-rules-1653475943275717533.txt970119028
2022-05-25T10:52:23.306533409Z stdout F 2022-05-25T10:52:23.304108Z	info	Running command: iptables-save 
2022-05-25T10:52:23.312077249Z stdout F 2022-05-25T10:52:23.311577Z	info	Command output: 
2022-05-25T10:52:23.312097089Z stdout F # Generated by iptables-save v1.8.4 on Wed May 25 10:52:23 2022
2022-05-25T10:52:23.312100839Z stdout F *nat
2022-05-25T10:52:23.312104292Z stdout F :PREROUTING ACCEPT [0:0]
2022-05-25T10:52:23.31210713Z stdout F :INPUT ACCEPT [0:0]
2022-05-25T10:52:23.312121664Z stdout F :OUTPUT ACCEPT [0:0]
2022-05-25T10:52:23.312129547Z stdout F :POSTROUTING ACCEPT [0:0]
2022-05-25T10:52:23.312133567Z stdout F :ISTIO_INBOUND - [0:0]
2022-05-25T10:52:23.312136904Z stdout F :ISTIO_IN_REDIRECT - [0:0]
2022-05-25T10:52:23.312140712Z stdout F :ISTIO_OUTPUT - [0:0]
2022-05-25T10:52:23.312144117Z stdout F :ISTIO_REDIRECT - [0:0]
2022-05-25T10:52:23.312148164Z stdout F -A PREROUTING -p tcp -j ISTIO_INBOUND
2022-05-25T10:52:23.312151712Z stdout F -A OUTPUT -p tcp -j ISTIO_OUTPUT
2022-05-25T10:52:23.312154963Z stdout F -A ISTIO_INBOUND -p tcp -m tcp --dport 15008 -j RETURN
2022-05-25T10:52:23.312174295Z stdout F -A ISTIO_INBOUND -p tcp -m tcp --dport 15090 -j RETURN
2022-05-25T10:52:23.312178754Z stdout F -A ISTIO_INBOUND -p tcp -m tcp --dport 15021 -j RETURN
2022-05-25T10:52:23.312182062Z stdout F -A ISTIO_INBOUND -p tcp -m tcp --dport 15020 -j RETURN
2022-05-25T10:52:23.312185452Z stdout F -A ISTIO_INBOUND -p tcp -j ISTIO_IN_REDIRECT
2022-05-25T10:52:23.31218892Z stdout F -A ISTIO_IN_REDIRECT -p tcp -j REDIRECT --to-ports 15006
2022-05-25T10:52:23.312192247Z stdout F -A ISTIO_OUTPUT -s 127.0.0.6/32 -o lo -j RETURN
2022-05-25T10:52:23.312196382Z stdout F -A ISTIO_OUTPUT ! -d 127.0.0.1/32 -o lo -m owner --uid-owner 1337 -j ISTIO_IN_REDIRECT
2022-05-25T10:52:23.312199873Z stdout F -A ISTIO_OUTPUT -o lo -m owner ! --uid-owner 1337 -j RETURN
2022-05-25T10:52:23.312236003Z stdout F -A ISTIO_OUTPUT -m owner --uid-owner 1337 -j RETURN
2022-05-25T10:52:23.312242326Z stdout F -A ISTIO_OUTPUT ! -d 127.0.0.1/32 -o lo -m owner --gid-owner 1337 -j ISTIO_IN_REDIRECT
2022-05-25T10:52:23.31224644Z stdout F -A ISTIO_OUTPUT -o lo -m owner ! --gid-owner 1337 -j RETURN
2022-05-25T10:52:23.312250503Z stdout F -A ISTIO_OUTPUT -m owner --gid-owner 1337 -j RETURN
2022-05-25T10:52:23.312254645Z stdout F -A ISTIO_OUTPUT -d 127.0.0.1/32 -j RETURN
2022-05-25T10:52:23.31225837Z stdout F -A ISTIO_OUTPUT -j ISTIO_REDIRECT
2022-05-25T10:52:23.312262373Z stdout F -A ISTIO_REDIRECT -p tcp -j REDIRECT --to-ports 15001
2022-05-25T10:52:23.312859238Z stdout F COMMIT
2022-05-25T10:52:23.312947038Z stdout F # Completed on Wed May 25 10:52:23 2022
2022-05-25T10:52:23.3131161Z stdout F 
