2022-05-09T06:52:57.947502784Z stdout F 2022-05-09T06:52:57.946928Z	info	Istio iptables environment:
2022-05-09T06:52:57.947540791Z stdout F ENVOY_PORT=
2022-05-09T06:52:57.947547984Z stdout F INBOUND_CAPTURE_PORT=
2022-05-09T06:52:57.947552798Z stdout F ISTIO_INBOUND_INTERCEPTION_MODE=
2022-05-09T06:52:57.947564543Z stdout F ISTIO_INBOUND_TPROXY_ROUTE_TABLE=
2022-05-09T06:52:57.947572158Z stdout F ISTIO_INBOUND_PORTS=
2022-05-09T06:52:57.947583914Z stdout F ISTIO_OUTBOUND_PORTS=
2022-05-09T06:52:57.947591412Z stdout F ISTIO_LOCAL_EXCLUDE_PORTS=
2022-05-09T06:52:57.947688641Z stdout F ISTIO_EXCLUDE_INTERFACES=
2022-05-09T06:52:57.947701818Z stdout F ISTIO_SERVICE_CIDR=
2022-05-09T06:52:57.947706678Z stdout F ISTIO_SERVICE_EXCLUDE_CIDR=
2022-05-09T06:52:57.947710615Z stdout F ISTIO_META_DNS_CAPTURE=
2022-05-09T06:52:57.94773082Z stdout F INVALID_DROP=
2022-05-09T06:52:57.947739993Z stdout F 
2022-05-09T06:52:57.947745156Z stdout F 2022-05-09T06:52:57.947161Z	info	Istio iptables variables:
2022-05-09T06:52:57.947749317Z stdout F PROXY_PORT=15001
2022-05-09T06:52:57.947756582Z stdout F PROXY_INBOUND_CAPTURE_PORT=15006
2022-05-09T06:52:57.947768153Z stdout F PROXY_TUNNEL_PORT=15008
2022-05-09T06:52:57.947777408Z stdout F PROXY_UID=1337
2022-05-09T06:52:57.947787267Z stdout F PROXY_GID=1337
2022-05-09T06:52:57.947793226Z stdout F INBOUND_INTERCEPTION_MODE=REDIRECT
2022-05-09T06:52:57.947798225Z stdout F INBOUND_TPROXY_MARK=1337
2022-05-09T06:52:57.947804267Z stdout F INBOUND_TPROXY_ROUTE_TABLE=133
2022-05-09T06:52:57.947813883Z stdout F INBOUND_PORTS_INCLUDE=*
2022-05-09T06:52:57.9478192Z stdout F INBOUND_PORTS_EXCLUDE=15090,15021,15020
2022-05-09T06:52:57.947823463Z stdout F OUTBOUND_IP_RANGES_INCLUDE=*
2022-05-09T06:52:57.947827463Z stdout F OUTBOUND_IP_RANGES_EXCLUDE=
2022-05-09T06:52:57.947831394Z stdout F OUTBOUND_PORTS_INCLUDE=
2022-05-09T06:52:57.947835337Z stdout F OUTBOUND_PORTS_EXCLUDE=
2022-05-09T06:52:57.947839264Z stdout F KUBE_VIRT_INTERFACES=
2022-05-09T06:52:57.947843189Z stdout F ENABLE_INBOUND_IPV6=false
2022-05-09T06:52:57.947847132Z stdout F DNS_CAPTURE=false
2022-05-09T06:52:57.947851111Z stdout F DROP_INVALID=false
2022-05-09T06:52:57.947855078Z stdout F CAPTURE_ALL_DNS=false
2022-05-09T06:52:57.947859065Z stdout F DNS_SERVERS=[],[]
2022-05-09T06:52:57.947863343Z stdout F OUTPUT_PATH=
2022-05-09T06:52:57.947867352Z stdout F NETWORK_NAMESPACE=
2022-05-09T06:52:57.947871367Z stdout F CNI_MODE=false
2022-05-09T06:52:57.947875445Z stdout F EXCLUDE_INTERFACES=
2022-05-09T06:52:57.947879279Z stdout F 
2022-05-09T06:52:57.947893767Z stdout F 2022-05-09T06:52:57.947445Z	info	Writing following contents to rules file: /tmp/iptables-rules-1652079177947278087.txt2288257631
2022-05-09T06:52:57.947900319Z stdout F * nat
2022-05-09T06:52:57.947911714Z stdout F -N ISTIO_INBOUND
2022-05-09T06:52:57.947920831Z stdout F -N ISTIO_REDIRECT
2022-05-09T06:52:57.947925456Z stdout F -N ISTIO_IN_REDIRECT
2022-05-09T06:52:57.947934065Z stdout F -N ISTIO_OUTPUT
2022-05-09T06:52:57.947998298Z stdout F -A ISTIO_INBOUND -p tcp --dport 15008 -j RETURN
2022-05-09T06:52:57.948008661Z stdout F -A ISTIO_REDIRECT -p tcp -j REDIRECT --to-ports 15001
2022-05-09T06:52:57.948013811Z stdout F -A ISTIO_IN_REDIRECT -p tcp -j REDIRECT --to-ports 15006
2022-05-09T06:52:57.94801782Z stdout F -A PREROUTING -p tcp -j ISTIO_INBOUND
2022-05-09T06:52:57.948021988Z stdout F -A ISTIO_INBOUND -p tcp --dport 15090 -j RETURN
2022-05-09T06:52:57.948026346Z stdout F -A ISTIO_INBOUND -p tcp --dport 15021 -j RETURN
2022-05-09T06:52:57.948030533Z stdout F -A ISTIO_INBOUND -p tcp --dport 15020 -j RETURN
2022-05-09T06:52:57.948034321Z stdout F -A ISTIO_INBOUND -p tcp -j ISTIO_IN_REDIRECT
2022-05-09T06:52:57.948038642Z stdout F -A OUTPUT -p tcp -j ISTIO_OUTPUT
2022-05-09T06:52:57.948043034Z stdout F -A ISTIO_OUTPUT -o lo -s 127.0.0.6/32 -j RETURN
2022-05-09T06:52:57.94804731Z stdout F -A ISTIO_OUTPUT -o lo ! -d 127.0.0.1/32 -m owner --uid-owner 1337 -j ISTIO_IN_REDIRECT
2022-05-09T06:52:57.948051617Z stdout F -A ISTIO_OUTPUT -o lo -m owner ! --uid-owner 1337 -j RETURN
2022-05-09T06:52:57.948128808Z stdout F -A ISTIO_OUTPUT -m owner --uid-owner 1337 -j RETURN
2022-05-09T06:52:57.948137497Z stdout F -A ISTIO_OUTPUT -o lo ! -d 127.0.0.1/32 -m owner --gid-owner 1337 -j ISTIO_IN_REDIRECT
2022-05-09T06:52:57.948142375Z stdout F -A ISTIO_OUTPUT -o lo -m owner ! --gid-owner 1337 -j RETURN
2022-05-09T06:52:57.948146885Z stdout F -A ISTIO_OUTPUT -m owner --gid-owner 1337 -j RETURN
2022-05-09T06:52:57.948151571Z stdout F -A ISTIO_OUTPUT -d 127.0.0.1/32 -j RETURN
2022-05-09T06:52:57.948155823Z stdout F -A ISTIO_OUTPUT -j ISTIO_REDIRECT
2022-05-09T06:52:57.948160179Z stdout F COMMIT
2022-05-09T06:52:57.948165826Z stdout F 2022-05-09T06:52:57.947682Z	info	Running command: iptables-restore --noflush /tmp/iptables-rules-1652079177947278087.txt2288257631
2022-05-09T06:52:57.953749432Z stdout F 2022-05-09T06:52:57.952497Z	info	Writing following contents to rules file: /tmp/ip6tables-rules-1652079177952451370.txt3128984990
2022-05-09T06:52:57.95377124Z stdout F 
2022-05-09T06:52:57.953775345Z stdout F 2022-05-09T06:52:57.952599Z	info	Running command: ip6tables-restore --noflush /tmp/ip6tables-rules-1652079177952451370.txt3128984990
2022-05-09T06:52:57.954920648Z stdout F 2022-05-09T06:52:57.954555Z	info	Running command: iptables-save 
2022-05-09T06:52:57.957920811Z stdout F 2022-05-09T06:52:57.957511Z	info	Command output: 
2022-05-09T06:52:57.957937697Z stdout F # Generated by iptables-save v1.8.4 on Mon May  9 06:52:57 2022
2022-05-09T06:52:57.957941255Z stdout F *nat
2022-05-09T06:52:57.95794397Z stdout F :PREROUTING ACCEPT [0:0]
2022-05-09T06:52:57.957946555Z stdout F :INPUT ACCEPT [0:0]
2022-05-09T06:52:57.95794916Z stdout F :OUTPUT ACCEPT [0:0]
2022-05-09T06:52:57.957951892Z stdout F :POSTROUTING ACCEPT [0:0]
2022-05-09T06:52:57.957954343Z stdout F :ISTIO_INBOUND - [0:0]
2022-05-09T06:52:57.957956761Z stdout F :ISTIO_IN_REDIRECT - [0:0]
2022-05-09T06:52:57.957959134Z stdout F :ISTIO_OUTPUT - [0:0]
2022-05-09T06:52:57.9579617Z stdout F :ISTIO_REDIRECT - [0:0]
2022-05-09T06:52:57.957964271Z stdout F -A PREROUTING -p tcp -j ISTIO_INBOUND
2022-05-09T06:52:57.957966677Z stdout F -A OUTPUT -p tcp -j ISTIO_OUTPUT
2022-05-09T06:52:57.95796911Z stdout F -A ISTIO_INBOUND -p tcp -m tcp --dport 15008 -j RETURN
2022-05-09T06:52:57.957971509Z stdout F -A ISTIO_INBOUND -p tcp -m tcp --dport 15090 -j RETURN
2022-05-09T06:52:57.957973866Z stdout F -A ISTIO_INBOUND -p tcp -m tcp --dport 15021 -j RETURN
2022-05-09T06:52:57.95797627Z stdout F -A ISTIO_INBOUND -p tcp -m tcp --dport 15020 -j RETURN
2022-05-09T06:52:57.957978639Z stdout F -A ISTIO_INBOUND -p tcp -j ISTIO_IN_REDIRECT
2022-05-09T06:52:57.957980995Z stdout F -A ISTIO_IN_REDIRECT -p tcp -j REDIRECT --to-ports 15006
2022-05-09T06:52:57.957983281Z stdout F -A ISTIO_OUTPUT -s 127.0.0.6/32 -o lo -j RETURN
2022-05-09T06:52:57.957985717Z stdout F -A ISTIO_OUTPUT ! -d 127.0.0.1/32 -o lo -m owner --uid-owner 1337 -j ISTIO_IN_REDIRECT
2022-05-09T06:52:57.957988088Z stdout F -A ISTIO_OUTPUT -o lo -m owner ! --uid-owner 1337 -j RETURN
2022-05-09T06:52:57.957990394Z stdout F -A ISTIO_OUTPUT -m owner --uid-owner 1337 -j RETURN
2022-05-09T06:52:57.957992773Z stdout F -A ISTIO_OUTPUT ! -d 127.0.0.1/32 -o lo -m owner --gid-owner 1337 -j ISTIO_IN_REDIRECT
2022-05-09T06:52:57.957995115Z stdout F -A ISTIO_OUTPUT -o lo -m owner ! --gid-owner 1337 -j RETURN
2022-05-09T06:52:57.957997432Z stdout F -A ISTIO_OUTPUT -m owner --gid-owner 1337 -j RETURN
2022-05-09T06:52:57.9579998Z stdout F -A ISTIO_OUTPUT -d 127.0.0.1/32 -j RETURN
2022-05-09T06:52:57.958002251Z stdout F -A ISTIO_OUTPUT -j ISTIO_REDIRECT
2022-05-09T06:52:57.958004616Z stdout F -A ISTIO_REDIRECT -p tcp -j REDIRECT --to-ports 15001
2022-05-09T06:52:57.95800701Z stdout F COMMIT
2022-05-09T06:52:57.958009448Z stdout F # Completed on Mon May  9 06:52:57 2022
2022-05-09T06:52:57.958011709Z stdout F 
