2022-05-09T11:48:02.539044752Z stdout F 2022-05-09T11:48:02.527294Z	info	Istio iptables environment:
2022-05-09T11:48:02.539119232Z stdout F ENVOY_PORT=
2022-05-09T11:48:02.539131127Z stdout F INBOUND_CAPTURE_PORT=
2022-05-09T11:48:02.539138371Z stdout F ISTIO_INBOUND_INTERCEPTION_MODE=
2022-05-09T11:48:02.539144761Z stdout F ISTIO_INBOUND_TPROXY_ROUTE_TABLE=
2022-05-09T11:48:02.539150379Z stdout F ISTIO_INBOUND_PORTS=
2022-05-09T11:48:02.539162998Z stdout F ISTIO_OUTBOUND_PORTS=
2022-05-09T11:48:02.539194434Z stdout F ISTIO_LOCAL_EXCLUDE_PORTS=
2022-05-09T11:48:02.539204207Z stdout F ISTIO_EXCLUDE_INTERFACES=
2022-05-09T11:48:02.539210576Z stdout F ISTIO_SERVICE_CIDR=
2022-05-09T11:48:02.539216979Z stdout F ISTIO_SERVICE_EXCLUDE_CIDR=
2022-05-09T11:48:02.539223028Z stdout F ISTIO_META_DNS_CAPTURE=
2022-05-09T11:48:02.539228554Z stdout F INVALID_DROP=
2022-05-09T11:48:02.539233714Z stdout F 
2022-05-09T11:48:02.539239115Z stdout F 2022-05-09T11:48:02.527396Z	info	Istio iptables variables:
2022-05-09T11:48:02.539244218Z stdout F PROXY_PORT=15001
2022-05-09T11:48:02.539249733Z stdout F PROXY_INBOUND_CAPTURE_PORT=15006
2022-05-09T11:48:02.539255312Z stdout F PROXY_TUNNEL_PORT=15008
2022-05-09T11:48:02.539261089Z stdout F PROXY_UID=1337
2022-05-09T11:48:02.539266626Z stdout F PROXY_GID=1337
2022-05-09T11:48:02.539272193Z stdout F INBOUND_INTERCEPTION_MODE=REDIRECT
2022-05-09T11:48:02.53927782Z stdout F INBOUND_TPROXY_MARK=1337
2022-05-09T11:48:02.53928349Z stdout F INBOUND_TPROXY_ROUTE_TABLE=133
2022-05-09T11:48:02.539289193Z stdout F INBOUND_PORTS_INCLUDE=*
2022-05-09T11:48:02.53929422Z stdout F INBOUND_PORTS_EXCLUDE=15090,15021,15020
2022-05-09T11:48:02.53929972Z stdout F OUTBOUND_IP_RANGES_INCLUDE=*
2022-05-09T11:48:02.539305695Z stdout F OUTBOUND_IP_RANGES_EXCLUDE=
2022-05-09T11:48:02.539311447Z stdout F OUTBOUND_PORTS_INCLUDE=
2022-05-09T11:48:02.539317074Z stdout F OUTBOUND_PORTS_EXCLUDE=
2022-05-09T11:48:02.53932279Z stdout F KUBE_VIRT_INTERFACES=
2022-05-09T11:48:02.539328659Z stdout F ENABLE_INBOUND_IPV6=false
2022-05-09T11:48:02.539334075Z stdout F DNS_CAPTURE=false
2022-05-09T11:48:02.53933979Z stdout F DROP_INVALID=false
2022-05-09T11:48:02.539345581Z stdout F CAPTURE_ALL_DNS=false
2022-05-09T11:48:02.53935096Z stdout F DNS_SERVERS=[],[]
2022-05-09T11:48:02.539357222Z stdout F OUTPUT_PATH=
2022-05-09T11:48:02.53936319Z stdout F NETWORK_NAMESPACE=
2022-05-09T11:48:02.539368944Z stdout F CNI_MODE=false
2022-05-09T11:48:02.53937516Z stdout F EXCLUDE_INTERFACES=
2022-05-09T11:48:02.539380795Z stdout F 
2022-05-09T11:48:02.539386995Z stdout F 2022-05-09T11:48:02.527878Z	info	Writing following contents to rules file: /tmp/iptables-rules-1652096882527519214.txt1457347614
2022-05-09T11:48:02.539393131Z stdout F * nat
2022-05-09T11:48:02.539399468Z stdout F -N ISTIO_INBOUND
2022-05-09T11:48:02.539440606Z stdout F -N ISTIO_REDIRECT
2022-05-09T11:48:02.539455504Z stdout F -N ISTIO_IN_REDIRECT
2022-05-09T11:48:02.539463341Z stdout F -N ISTIO_OUTPUT
2022-05-09T11:48:02.539469661Z stdout F -A ISTIO_INBOUND -p tcp --dport 15008 -j RETURN
2022-05-09T11:48:02.539475511Z stdout F -A ISTIO_REDIRECT -p tcp -j REDIRECT --to-ports 15001
2022-05-09T11:48:02.539481726Z stdout F -A ISTIO_IN_REDIRECT -p tcp -j REDIRECT --to-ports 15006
2022-05-09T11:48:02.539622403Z stdout F -A PREROUTING -p tcp -j ISTIO_INBOUND
2022-05-09T11:48:02.539635408Z stdout F -A ISTIO_INBOUND -p tcp --dport 15090 -j RETURN
2022-05-09T11:48:02.539642011Z stdout F -A ISTIO_INBOUND -p tcp --dport 15021 -j RETURN
2022-05-09T11:48:02.53964812Z stdout F -A ISTIO_INBOUND -p tcp --dport 15020 -j RETURN
2022-05-09T11:48:02.539653948Z stdout F -A ISTIO_INBOUND -p tcp -j ISTIO_IN_REDIRECT
2022-05-09T11:48:02.539660117Z stdout F -A OUTPUT -p tcp -j ISTIO_OUTPUT
2022-05-09T11:48:02.539665955Z stdout F -A ISTIO_OUTPUT -o lo -s 127.0.0.6/32 -j RETURN
2022-05-09T11:48:02.539671942Z stdout F -A ISTIO_OUTPUT -o lo ! -d 127.0.0.1/32 -m owner --uid-owner 1337 -j ISTIO_IN_REDIRECT
2022-05-09T11:48:02.539678588Z stdout F -A ISTIO_OUTPUT -o lo -m owner ! --uid-owner 1337 -j RETURN
2022-05-09T11:48:02.539684278Z stdout F -A ISTIO_OUTPUT -m owner --uid-owner 1337 -j RETURN
2022-05-09T11:48:02.53970577Z stdout F -A ISTIO_OUTPUT -o lo ! -d 127.0.0.1/32 -m owner --gid-owner 1337 -j ISTIO_IN_REDIRECT
2022-05-09T11:48:02.539713002Z stdout F -A ISTIO_OUTPUT -o lo -m owner ! --gid-owner 1337 -j RETURN
2022-05-09T11:48:02.53971883Z stdout F -A ISTIO_OUTPUT -m owner --gid-owner 1337 -j RETURN
2022-05-09T11:48:02.539725249Z stdout F -A ISTIO_OUTPUT -d 127.0.0.1/32 -j RETURN
2022-05-09T11:48:02.539738344Z stdout F -A ISTIO_OUTPUT -j ISTIO_REDIRECT
2022-05-09T11:48:02.539748703Z stdout F COMMIT
2022-05-09T11:48:02.539756055Z stdout F 2022-05-09T11:48:02.527955Z	info	Running command: iptables-restore --noflush /tmp/iptables-rules-1652096882527519214.txt1457347614
2022-05-09T11:48:02.608576206Z stdout F 2022-05-09T11:48:02.594651Z	info	Writing following contents to rules file: /tmp/ip6tables-rules-1652096882594448384.txt1324074157
2022-05-09T11:48:02.608594099Z stdout F 
2022-05-09T11:48:02.608600127Z stdout F 2022-05-09T11:48:02.594834Z	info	Running command: ip6tables-restore --noflush /tmp/ip6tables-rules-1652096882594448384.txt1324074157
2022-05-09T11:48:02.707912939Z stdout F 2022-05-09T11:48:02.705929Z	info	Running command: iptables-save 
2022-05-09T11:48:02.805719778Z stdout F 2022-05-09T11:48:02.798427Z	info	Command output: 
2022-05-09T11:48:02.805733147Z stdout F # Generated by iptables-save v1.8.4 on Mon May  9 11:48:02 2022
2022-05-09T11:48:02.805739357Z stdout F *nat
2022-05-09T11:48:02.805745816Z stdout F :PREROUTING ACCEPT [0:0]
2022-05-09T11:48:02.805752148Z stdout F :INPUT ACCEPT [0:0]
2022-05-09T11:48:02.805757356Z stdout F :OUTPUT ACCEPT [0:0]
2022-05-09T11:48:02.80576337Z stdout F :POSTROUTING ACCEPT [0:0]
2022-05-09T11:48:02.805768756Z stdout F :ISTIO_INBOUND - [0:0]
2022-05-09T11:48:02.805842764Z stdout F :ISTIO_IN_REDIRECT - [0:0]
2022-05-09T11:48:02.805851657Z stdout F :ISTIO_OUTPUT - [0:0]
2022-05-09T11:48:02.805857733Z stdout F :ISTIO_REDIRECT - [0:0]
2022-05-09T11:48:02.805864187Z stdout F -A PREROUTING -p tcp -j ISTIO_INBOUND
2022-05-09T11:48:02.805869864Z stdout F -A OUTPUT -p tcp -j ISTIO_OUTPUT
2022-05-09T11:48:02.80587559Z stdout F -A ISTIO_INBOUND -p tcp -m tcp --dport 15008 -j RETURN
2022-05-09T11:48:02.805881728Z stdout F -A ISTIO_INBOUND -p tcp -m tcp --dport 15090 -j RETURN
2022-05-09T11:48:02.805887665Z stdout F -A ISTIO_INBOUND -p tcp -m tcp --dport 15021 -j RETURN
2022-05-09T11:48:02.805893679Z stdout F -A ISTIO_INBOUND -p tcp -m tcp --dport 15020 -j RETURN
2022-05-09T11:48:02.805899579Z stdout F -A ISTIO_INBOUND -p tcp -j ISTIO_IN_REDIRECT
2022-05-09T11:48:02.805905368Z stdout F -A ISTIO_IN_REDIRECT -p tcp -j REDIRECT --to-ports 15006
2022-05-09T11:48:02.805911299Z stdout F -A ISTIO_OUTPUT -s 127.0.0.6/32 -o lo -j RETURN
2022-05-09T11:48:02.805917607Z stdout F -A ISTIO_OUTPUT ! -d 127.0.0.1/32 -o lo -m owner --uid-owner 1337 -j ISTIO_IN_REDIRECT
2022-05-09T11:48:02.805923297Z stdout F -A ISTIO_OUTPUT -o lo -m owner ! --uid-owner 1337 -j RETURN
2022-05-09T11:48:02.805928677Z stdout F -A ISTIO_OUTPUT -m owner --uid-owner 1337 -j RETURN
2022-05-09T11:48:02.805933974Z stdout F -A ISTIO_OUTPUT ! -d 127.0.0.1/32 -o lo -m owner --gid-owner 1337 -j ISTIO_IN_REDIRECT
2022-05-09T11:48:02.805939024Z stdout F -A ISTIO_OUTPUT -o lo -m owner ! --gid-owner 1337 -j RETURN
2022-05-09T11:48:02.805944599Z stdout F -A ISTIO_OUTPUT -m owner --gid-owner 1337 -j RETURN
2022-05-09T11:48:02.805949708Z stdout F -A ISTIO_OUTPUT -d 127.0.0.1/32 -j RETURN
2022-05-09T11:48:02.805954893Z stdout F -A ISTIO_OUTPUT -j ISTIO_REDIRECT
2022-05-09T11:48:02.805960309Z stdout F -A ISTIO_REDIRECT -p tcp -j REDIRECT --to-ports 15001
2022-05-09T11:48:02.805965343Z stdout F COMMIT
2022-05-09T11:48:02.805970668Z stdout F # Completed on Mon May  9 11:48:02 2022
2022-05-09T11:48:02.805975441Z stdout F 
