2022-04-30T04:39:34.508885224Z stdout F 
2022-04-30T04:39:34.508960653Z stdout F   .   ____          _            __ _ _
2022-04-30T04:39:34.508979625Z stdout F  /\\ / ___'_ __ _ _(_)_ __  __ _ \ \ \ \
2022-04-30T04:39:34.508987762Z stdout F ( ( )\___ | '_ | '_| | '_ \/ _` | \ \ \ \
2022-04-30T04:39:34.508991726Z stdout F  \\/  ___)| |_)| | | | | || (_| |  ) ) ) )
2022-04-30T04:39:34.537192047Z stdout F   '  |____| .__|_| |_|_| |_\__, | / / / /
2022-04-30T04:39:34.537204698Z stdout F  =========|_|==============|___/=/_/_/_/
2022-04-30T04:39:34.796794724Z stdout F  :: Spring Boot ::       (v1.5.22.RELEASE)
2022-04-30T04:39:34.796819309Z stdout F 
2022-04-30T04:39:41.312972562Z stdout F 2022-04-30 12:39:41.300  INFO 1 --- [           main] verifycode.VerifyCodeApplication         : Starting VerifyCodeApplication v1.0 on ts-verification-code-service-7f46c78ffd-t9v46 with PID 1 (/app/ts-verification-code-service-1.0.jar started by root in /)
2022-04-30T04:39:41.313007236Z stdout F 2022-04-30 12:39:41.311  INFO 1 --- [           main] verifycode.VerifyCodeApplication         : No active profile set, falling back to default profiles: default
2022-04-30T04:39:50.851539985Z stdout F 2022-04-30 12:39:50.850  INFO 1 --- [           main] ationConfigEmbeddedWebApplicationContext : Refreshing org.springframework.boot.context.embedded.AnnotationConfigEmbeddedWebApplicationContext@deb6432: startup date [Sat Apr 30 12:39:50 CST 2022]; root of context hierarchy
2022-04-30T04:41:57.95853514Z stdout F 2022-04-30 12:41:57.956  INFO 1 --- [           main] o.s.i.config.IntegrationRegistrar        : No bean named 'integrationHeaderChannelRegistry' has been explicitly defined. Therefore, a default DefaultHeaderChannelRegistry will be created.
2022-04-30T04:42:16.996305968Z stdout F 2022-04-30 12:42:16.993  INFO 1 --- [           main] faultConfiguringBeanFactoryPostProcessor : No bean named 'errorChannel' has been explicitly defined. Therefore, a default PublishSubscribeChannel will be created.
2022-04-30T04:42:17.158460569Z stdout F 2022-04-30 12:42:17.157  INFO 1 --- [           main] faultConfiguringBeanFactoryPostProcessor : No bean named 'taskScheduler' has been explicitly defined. Therefore, a default ThreadPoolTaskScheduler will be created.
2022-04-30T04:42:21.33299987Z stdout F 2022-04-30 12:42:21.326  INFO 1 --- [           main] trationDelegate$BeanPostProcessorChecker : Bean 'org.springframework.security.config.annotation.configuration.ObjectPostProcessorConfiguration' of type [org.springframework.security.config.annotation.configuration.ObjectPostProcessorConfiguration$$EnhancerBySpringCGLIB$$b9a7485] is not eligible for getting processed by all BeanPostProcessors (for example: not eligible for auto-proxying)
2022-04-30T04:42:22.344881923Z stdout F 2022-04-30 12:42:22.343  INFO 1 --- [           main] trationDelegate$BeanPostProcessorChecker : Bean 'objectPostProcessor' of type [org.springframework.security.config.annotation.configuration.AutowireBeanFactoryObjectPostProcessor] is not eligible for getting processed by all BeanPostProcessors (for example: not eligible for auto-proxying)
2022-04-30T04:42:22.498164878Z stdout F 2022-04-30 12:42:22.497  INFO 1 --- [           main] trationDelegate$BeanPostProcessorChecker : Bean 'org.springframework.security.access.expression.method.DefaultMethodSecurityExpressionHandler@4f638935' of type [org.springframework.security.access.expression.method.DefaultMethodSecurityExpressionHandler] is not eligible for getting processed by all BeanPostProcessors (for example: not eligible for auto-proxying)
2022-04-30T04:42:22.725399024Z stdout F 2022-04-30 12:42:22.690  INFO 1 --- [           main] trationDelegate$BeanPostProcessorChecker : Bean 'org.springframework.security.config.annotation.method.configuration.GlobalMethodSecurityConfiguration' of type [org.springframework.security.config.annotation.method.configuration.GlobalMethodSecurityConfiguration$$EnhancerBySpringCGLIB$$306f1737] is not eligible for getting processed by all BeanPostProcessors (for example: not eligible for auto-proxying)
2022-04-30T04:42:23.119269758Z stdout F 2022-04-30 12:42:23.118  INFO 1 --- [           main] trationDelegate$BeanPostProcessorChecker : Bean 'methodSecurityMetadataSource' of type [org.springframework.security.access.method.DelegatingMethodSecurityMetadataSource] is not eligible for getting processed by all BeanPostProcessors (for example: not eligible for auto-proxying)
2022-04-30T04:42:25.22406884Z stdout F 2022-04-30 12:42:25.223  INFO 1 --- [           main] trationDelegate$BeanPostProcessorChecker : Bean 'integrationGlobalProperties' of type [org.springframework.beans.factory.config.PropertiesFactoryBean] is not eligible for getting processed by all BeanPostProcessors (for example: not eligible for auto-proxying)
2022-04-30T04:42:25.548166301Z stdout F 2022-04-30 12:42:25.547  INFO 1 --- [           main] trationDelegate$BeanPostProcessorChecker : Bean 'integrationGlobalProperties' of type [java.util.Properties] is not eligible for getting processed by all BeanPostProcessors (for example: not eligible for auto-proxying)
2022-04-30T04:42:42.11553468Z stdout F 2022-04-30 12:42:42.114  INFO 1 --- [           main] s.b.c.e.t.TomcatEmbeddedServletContainer : Tomcat initialized with port(s): 15678 (http)
2022-04-30T04:42:44.382983076Z stdout F 2022-04-30 12:42:44.382  INFO 1 --- [           main] o.apache.catalina.core.StandardService   : Starting service [Tomcat]
2022-04-30T04:42:44.448941885Z stdout F 2022-04-30 12:42:44.435  INFO 1 --- [           main] org.apache.catalina.core.StandardEngine  : Starting Servlet Engine: Apache Tomcat/8.5.43
2022-04-30T04:42:52.289069623Z stdout F 2022-04-30 12:42:52.270  INFO 1 --- [ost-startStop-1] o.a.c.c.C.[Tomcat].[localhost].[/]       : Initializing Spring embedded WebApplicationContext
2022-04-30T04:42:52.290797232Z stdout F 2022-04-30 12:42:52.289  INFO 1 --- [ost-startStop-1] o.s.web.context.ContextLoader            : Root WebApplicationContext: initialization completed in 181504 ms
2022-04-30T04:43:17.095302411Z stdout F 2022-04-30 12:43:17.093  INFO 1 --- [ost-startStop-1] o.s.b.w.servlet.FilterRegistrationBean   : Mapping filter: 'metricsFilter' to: [/*]
2022-04-30T04:43:17.09712856Z stdout F 2022-04-30 12:43:17.094  INFO 1 --- [ost-startStop-1] o.s.b.w.servlet.FilterRegistrationBean   : Mapping filter: 'characterEncodingFilter' to: [/*]
2022-04-30T04:43:17.189195925Z stdout F 2022-04-30 12:43:17.095  INFO 1 --- [ost-startStop-1] o.s.b.w.servlet.FilterRegistrationBean   : Mapping filter: 'hiddenHttpMethodFilter' to: [/*]
2022-04-30T04:43:17.189391291Z stdout F 2022-04-30 12:43:17.184  INFO 1 --- [ost-startStop-1] o.s.b.w.servlet.FilterRegistrationBean   : Mapping filter: 'httpPutFormContentFilter' to: [/*]
2022-04-30T04:43:17.189417944Z stdout F 2022-04-30 12:43:17.185  INFO 1 --- [ost-startStop-1] o.s.b.w.servlet.FilterRegistrationBean   : Mapping filter: 'requestContextFilter' to: [/*]
2022-04-30T04:43:17.332786685Z stdout F 2022-04-30 12:43:17.330  INFO 1 --- [ost-startStop-1] .s.DelegatingFilterProxyRegistrationBean : Mapping filter: 'springSecurityFilterChain' to: [/*]
2022-04-30T04:43:17.371747994Z stdout F 2022-04-30 12:43:17.364  INFO 1 --- [ost-startStop-1] o.s.b.w.servlet.FilterRegistrationBean   : Mapping filter: 'webRequestLoggingFilter' to: [/*]
2022-04-30T04:43:17.419319384Z stdout F 2022-04-30 12:43:17.372  INFO 1 --- [ost-startStop-1] o.s.b.w.servlet.FilterRegistrationBean   : Mapping filter: 'applicationContextIdFilter' to: [/*]
2022-04-30T04:43:17.4194727Z stdout F 2022-04-30 12:43:17.417  INFO 1 --- [ost-startStop-1] o.s.b.w.servlet.ServletRegistrationBean  : Mapping servlet: 'dispatcherServlet' to [/]
2022-04-30T04:43:42.09796234Z stdout F 2022-04-30 12:43:42.071  INFO 1 --- [           main] b.a.s.AuthenticationManagerConfiguration : 
2022-04-30T04:43:42.098164947Z stdout F 
2022-04-30T04:43:42.098194391Z stdout F Using default security password: 869cb043-f972-4ea6-9146-73a79d1a941b
2022-04-30T04:43:42.098206753Z stdout F 
2022-04-30T04:43:48.391517608Z stdout F 2022-04-30 12:43:48.357  INFO 1 --- [           main] o.s.s.web.DefaultSecurityFilterChain     : Creating filter chain: org.springframework.security.web.util.matcher.AnyRequestMatcher@1, [org.springframework.security.web.context.request.async.WebAsyncManagerIntegrationFilter@7b9a4292, org.springframework.security.web.context.SecurityContextPersistenceFilter@6aba2b86, org.springframework.security.web.header.HeaderWriterFilter@32eff876, org.springframework.security.web.authentication.logout.LogoutFilter@44ebcd03, edu.fudan.common.security.jwt.JWTFilter@4a94ee4, org.springframework.security.web.savedrequest.RequestCacheAwareFilter@74e52303, org.springframework.security.web.servletapi.SecurityContextHolderAwareRequestFilter@3bb9a3ff, org.springframework.security.web.authentication.AnonymousAuthenticationFilter@4cc451f2, org.springframework.security.web.session.SessionManagementFilter@6e20b53a, org.springframework.security.web.access.ExceptionTranslationFilter@7fa98a66, org.springframework.security.web.access.intercept.FilterSecurityInterceptor@a514af7]
2022-04-30T04:43:52.435308964Z stdout F 2022-04-30 12:43:52.434  INFO 1 --- [           main] s.w.s.m.m.a.RequestMappingHandlerMapping : Mapped "{[/api/v1/verifycode/generate],methods=[GET]}" onto public void verifycode.controller.VerifyCodeController.imageCode(org.springframework.http.HttpHeaders,javax.servlet.http.HttpServletRequest,javax.servlet.http.HttpServletResponse) throws java.io.IOException
2022-04-30T04:43:52.463010419Z stdout F 2022-04-30 12:43:52.462  INFO 1 --- [           main] s.w.s.m.m.a.RequestMappingHandlerMapping : Mapped "{[/api/v1/verifycode/verify/{verifyCode}],methods=[GET]}" onto public boolean verifycode.controller.VerifyCodeController.verifyCode(java.lang.String,javax.servlet.http.HttpServletRequest,javax.servlet.http.HttpServletResponse,org.springframework.http.HttpHeaders)
2022-04-30T04:43:52.592709431Z stdout F 2022-04-30 12:43:52.592  INFO 1 --- [           main] s.w.s.m.m.a.RequestMappingHandlerMapping : Mapped "{[/error],produces=[text/html]}" onto public org.springframework.web.servlet.ModelAndView org.springframework.boot.autoconfigure.web.BasicErrorController.errorHtml(javax.servlet.http.HttpServletRequest,javax.servlet.http.HttpServletResponse)
2022-04-30T04:43:52.634202577Z stdout F 2022-04-30 12:43:52.622  INFO 1 --- [           main] s.w.s.m.m.a.RequestMappingHandlerMapping : Mapped "{[/error]}" onto public org.springframework.http.ResponseEntity<java.util.Map<java.lang.String, java.lang.Object>> org.springframework.boot.autoconfigure.web.BasicErrorController.error(javax.servlet.http.HttpServletRequest)
2022-04-30T04:43:59.435021251Z stdout F 2022-04-30 12:43:59.431  INFO 1 --- [           main] o.s.w.s.handler.SimpleUrlHandlerMapping  : Mapped URL path [/webjars/**] onto handler of type [class org.springframework.web.servlet.resource.ResourceHttpRequestHandler]
2022-04-30T04:43:59.435145647Z stdout F 2022-04-30 12:43:59.431  INFO 1 --- [           main] o.s.w.s.handler.SimpleUrlHandlerMapping  : Mapped URL path [/**] onto handler of type [class org.springframework.web.servlet.resource.ResourceHttpRequestHandler]
2022-04-30T04:44:00.637407185Z stdout F 2022-04-30 12:44:00.631  INFO 1 --- [           main] o.s.w.s.handler.SimpleUrlHandlerMapping  : Mapped URL path [/**/favicon.ico] onto handler of type [class org.springframework.web.servlet.resource.ResourceHttpRequestHandler]
2022-04-30T04:44:10.974547491Z stdout F 2022-04-30 12:44:10.937  INFO 1 --- [           main] o.s.b.a.e.mvc.EndpointHandlerMapping     : Mapped "{[/dump || /dump.json],methods=[GET],produces=[application/vnd.spring-boot.actuator.v1+json || application/json]}" onto public java.lang.Object org.springframework.boot.actuate.endpoint.mvc.EndpointMvcAdapter.invoke()
2022-04-30T04:44:10.978105407Z stdout F 2022-04-30 12:44:10.977  INFO 1 --- [           main] o.s.b.a.e.mvc.EndpointHandlerMapping     : Mapped "{[/mappings || /mappings.json],methods=[GET],produces=[application/vnd.spring-boot.actuator.v1+json || application/json]}" onto public java.lang.Object org.springframework.boot.actuate.endpoint.mvc.EndpointMvcAdapter.invoke()
2022-04-30T04:44:10.999514114Z stdout F 2022-04-30 12:44:10.998  INFO 1 --- [           main] o.s.b.a.e.mvc.EndpointHandlerMapping     : Mapped "{[/health || /health.json],methods=[GET],produces=[application/vnd.spring-boot.actuator.v1+json || application/json]}" onto public java.lang.Object org.springframework.boot.actuate.endpoint.mvc.HealthMvcEndpoint.invoke(javax.servlet.http.HttpServletRequest,java.security.Principal)
2022-04-30T04:44:11.05584945Z stdout F 2022-04-30 12:44:11.055  INFO 1 --- [           main] o.s.b.a.e.mvc.EndpointHandlerMapping     : Mapped "{[/loggers/{name:.*}],methods=[GET],produces=[application/vnd.spring-boot.actuator.v1+json || application/json]}" onto public java.lang.Object org.springframework.boot.actuate.endpoint.mvc.LoggersMvcEndpoint.get(java.lang.String)
2022-04-30T04:44:11.116280479Z stdout F 2022-04-30 12:44:11.115  INFO 1 --- [           main] o.s.b.a.e.mvc.EndpointHandlerMapping     : Mapped "{[/loggers/{name:.*}],methods=[POST],consumes=[application/vnd.spring-boot.actuator.v1+json || application/json],produces=[application/vnd.spring-boot.actuator.v1+json || application/json]}" onto public java.lang.Object org.springframework.boot.actuate.endpoint.mvc.LoggersMvcEndpoint.set(java.lang.String,java.util.Map<java.lang.String, java.lang.String>)
2022-04-30T04:44:11.116833338Z stdout F 2022-04-30 12:44:11.116  INFO 1 --- [           main] o.s.b.a.e.mvc.EndpointHandlerMapping     : Mapped "{[/loggers || /loggers.json],methods=[GET],produces=[application/vnd.spring-boot.actuator.v1+json || application/json]}" onto public java.lang.Object org.springframework.boot.actuate.endpoint.mvc.EndpointMvcAdapter.invoke()
2022-04-30T04:44:11.254681236Z stdout F 2022-04-30 12:44:11.117  INFO 1 --- [           main] o.s.b.a.e.mvc.EndpointHandlerMapping     : Mapped "{[/configprops || /configprops.json],methods=[GET],produces=[application/vnd.spring-boot.actuator.v1+json || application/json]}" onto public java.lang.Object org.springframework.boot.actuate.endpoint.mvc.EndpointMvcAdapter.invoke()
2022-04-30T04:44:11.263119456Z stdout F 2022-04-30 12:44:11.262  INFO 1 --- [           main] o.s.b.a.e.mvc.EndpointHandlerMapping     : Mapped "{[/auditevents || /auditevents.json],methods=[GET],produces=[application/vnd.spring-boot.actuator.v1+json || application/json]}" onto public org.springframework.http.ResponseEntity<?> org.springframework.boot.actuate.endpoint.mvc.AuditEventsMvcEndpoint.findByPrincipalAndAfterAndType(java.lang.String,java.util.Date,java.lang.String)
2022-04-30T04:44:11.304212097Z stdout F 2022-04-30 12:44:11.303  INFO 1 --- [           main] o.s.b.a.e.mvc.EndpointHandlerMapping     : Mapped "{[/metrics/{name:.*}],methods=[GET],produces=[application/vnd.spring-boot.actuator.v1+json || application/json]}" onto public java.lang.Object org.springframework.boot.actuate.endpoint.mvc.MetricsMvcEndpoint.value(java.lang.String)
2022-04-30T04:44:11.304668923Z stdout F 2022-04-30 12:44:11.304  INFO 1 --- [           main] o.s.b.a.e.mvc.EndpointHandlerMapping     : Mapped "{[/metrics || /metrics.json],methods=[GET],produces=[application/vnd.spring-boot.actuator.v1+json || application/json]}" onto public java.lang.Object org.springframework.boot.actuate.endpoint.mvc.EndpointMvcAdapter.invoke()
2022-04-30T04:44:11.436329968Z stdout F 2022-04-30 12:44:11.346  INFO 1 --- [           main] o.s.b.a.e.mvc.EndpointHandlerMapping     : Mapped "{[/trace || /trace.json],methods=[GET],produces=[application/vnd.spring-boot.actuator.v1+json || application/json]}" onto public java.lang.Object org.springframework.boot.actuate.endpoint.mvc.EndpointMvcAdapter.invoke()
2022-04-30T04:44:11.437446153Z stdout F 2022-04-30 12:44:11.437  INFO 1 --- [           main] o.s.b.a.e.mvc.EndpointHandlerMapping     : Mapped "{[/heapdump || /heapdump.json],methods=[GET],produces=[application/octet-stream]}" onto public void org.springframework.boot.actuate.endpoint.mvc.HeapdumpMvcEndpoint.invoke(boolean,javax.servlet.http.HttpServletRequest,javax.servlet.http.HttpServletResponse) throws java.io.IOException,javax.servlet.ServletException
2022-04-30T04:44:11.438088317Z stdout F 2022-04-30 12:44:11.437  INFO 1 --- [           main] o.s.b.a.e.mvc.EndpointHandlerMapping     : Mapped "{[/autoconfig || /autoconfig.json],methods=[GET],produces=[application/vnd.spring-boot.actuator.v1+json || application/json]}" onto public java.lang.Object org.springframework.boot.actuate.endpoint.mvc.EndpointMvcAdapter.invoke()
2022-04-30T04:44:11.480748545Z stdout F 2022-04-30 12:44:11.480  INFO 1 --- [           main] o.s.b.a.e.mvc.EndpointHandlerMapping     : Mapped "{[/env/{name:.*}],methods=[GET],produces=[application/vnd.spring-boot.actuator.v1+json || application/json]}" onto public java.lang.Object org.springframework.boot.actuate.endpoint.mvc.EnvironmentMvcEndpoint.value(java.lang.String)
2022-04-30T04:44:11.480872757Z stdout F 2022-04-30 12:44:11.480  INFO 1 --- [           main] o.s.b.a.e.mvc.EndpointHandlerMapping     : Mapped "{[/env || /env.json],methods=[GET],produces=[application/vnd.spring-boot.actuator.v1+json || application/json]}" onto public java.lang.Object org.springframework.boot.actuate.endpoint.mvc.EndpointMvcAdapter.invoke()
2022-04-30T04:44:11.558634653Z stdout F 2022-04-30 12:44:11.558  INFO 1 --- [           main] o.s.b.a.e.mvc.EndpointHandlerMapping     : Mapped "{[/beans || /beans.json],methods=[GET],produces=[application/vnd.spring-boot.actuator.v1+json || application/json]}" onto public java.lang.Object org.springframework.boot.actuate.endpoint.mvc.EndpointMvcAdapter.invoke()
2022-04-30T04:44:11.615941525Z stdout F 2022-04-30 12:44:11.615  INFO 1 --- [           main] o.s.b.a.e.mvc.EndpointHandlerMapping     : Mapped "{[/info || /info.json],methods=[GET],produces=[application/vnd.spring-boot.actuator.v1+json || application/json]}" onto public java.lang.Object org.springframework.boot.actuate.endpoint.mvc.EndpointMvcAdapter.invoke()
2022-04-30T04:44:13.135929726Z stdout F 2022-04-30 12:44:13.092  INFO 1 --- [           main] o.s.s.web.DefaultSecurityFilterChain     : Creating filter chain: org.springframework.boot.actuate.autoconfigure.ManagementWebSecurityAutoConfiguration$LazyEndpointPathRequestMatcher@40005471, [org.springframework.security.web.context.request.async.WebAsyncManagerIntegrationFilter@2cd76f31, org.springframework.security.web.context.SecurityContextPersistenceFilter@2a798d51, org.springframework.security.web.header.HeaderWriterFilter@6572421, org.springframework.web.filter.CorsFilter@367ffa75, org.springframework.security.web.authentication.logout.LogoutFilter@37afeb11, org.springframework.security.web.authentication.www.BasicAuthenticationFilter@5158b42f, org.springframework.security.web.savedrequest.RequestCacheAwareFilter@6d763516, org.springframework.security.web.servletapi.SecurityContextHolderAwareRequestFilter@52bf72b5, org.springframework.security.web.authentication.AnonymousAuthenticationFilter@49438269, org.springframework.security.web.session.SessionManagementFilter@6b81ce95, org.springframework.security.web.access.ExceptionTranslationFilter@5b239d7d, org.springframework.security.web.access.intercept.FilterSecurityInterceptor@5c5eefef]
2022-04-30T04:44:22.231297371Z stdout F 2022-04-30 12:44:22.176  INFO 1 --- [           main] s.w.s.m.m.a.RequestMappingHandlerAdapter : Looking for @ControllerAdvice: org.springframework.boot.context.embedded.AnnotationConfigEmbeddedWebApplicationContext@deb6432: startup date [Sat Apr 30 12:39:50 CST 2022]; root of context hierarchy
2022-04-30T04:44:29.720285689Z stdout F 2022-04-30 12:44:29.719  INFO 1 --- [           main] o.s.s.c.ThreadPoolTaskScheduler          : Initializing ExecutorService 'taskScheduler'
2022-04-30T04:44:40.113522635Z stdout F 2022-04-30 12:44:40.112  INFO 1 --- [           main] o.s.j.e.a.AnnotationMBeanExporter        : Registering beans for JMX exposure on startup
2022-04-30T04:44:40.483034373Z stdout F 2022-04-30 12:44:40.482  INFO 1 --- [           main] o.s.c.support.DefaultLifecycleProcessor  : Starting beans in phase 0
2022-04-30T04:44:41.303487255Z stdout F 2022-04-30 12:44:41.302  INFO 1 --- [           main] o.s.i.endpoint.EventDrivenConsumer       : Adding {logging-channel-adapter:_org.springframework.integration.errorLogger} as a subscriber to the 'errorChannel' channel
2022-04-30T04:44:41.304150653Z stdout F 2022-04-30 12:44:41.303  INFO 1 --- [           main] o.s.i.channel.PublishSubscribeChannel    : Channel 'ts-verification-code-service:15678.errorChannel' has 1 subscriber(s).
2022-04-30T04:44:41.304989363Z stdout F 2022-04-30 12:44:41.303  INFO 1 --- [           main] o.s.i.endpoint.EventDrivenConsumer       : started _org.springframework.integration.errorLogger
2022-04-30T04:44:45.442883244Z stdout F 2022-04-30 12:44:45.442  INFO 1 --- [           main] s.b.c.e.t.TomcatEmbeddedServletContainer : Tomcat started on port(s): 15678 (http)
2022-04-30T04:44:45.57546778Z stdout F 2022-04-30 12:44:45.574  INFO 1 --- [           main] verifycode.VerifyCodeApplication         : Started VerifyCodeApplication in 327.439 seconds (JVM running for 422.166)
2022-04-30T04:51:43.142876904Z stdout F 2022-04-30 12:51:43.140  INFO 1 --- [io-15678-exec-4] o.a.c.c.C.[Tomcat].[localhost].[/]       : Initializing Spring FrameworkServlet 'dispatcherServlet'
2022-04-30T04:51:43.143270811Z stdout F 2022-04-30 12:51:43.142  INFO 1 --- [io-15678-exec-4] o.s.web.servlet.DispatcherServlet        : FrameworkServlet 'dispatcherServlet': initialization started
2022-04-30T04:51:43.628463286Z stdout F 2022-04-30 12:51:43.627  INFO 1 --- [io-15678-exec-4] o.s.web.servlet.DispatcherServlet        : FrameworkServlet 'dispatcherServlet': initialization completed in 484 ms
2022-04-30T04:51:44.337324365Z stdout F 2022-04-30 12:51:44.336  INFO 1 --- [io-15678-exec-4] v.controller.VerifyCodeController        : Image code
2022-04-30T04:51:44.737882889Z stdout F 2022-04-30 12:51:44.733  WARN 1 --- [io-15678-exec-4] v.service.impl.VerifyCodeServiceImpl     : Get image code warn.Cookie not found,Path Info: null
2022-04-30T04:51:44.740984935Z stdout F 2022-04-30 12:51:44.740  INFO 1 --- [io-15678-exec-4] v.service.impl.VerifyCodeServiceImpl     :  W253  ___ st
2022-04-30T04:51:44.934262295Z stdout F 2022-04-30 12:51:44.933  WARN 1 --- [io-15678-exec-4] o.a.c.util.SessionIdGeneratorBase        : Creation of SecureRandom instance for session ID generation using [SHA1PRNG] took [102] milliseconds.
2022-04-30T04:51:47.166940934Z stdout F 2022-04-30 12:51:47.166  INFO 1 --- [io-15678-exec-5] v.controller.VerifyCodeController        : Image code
2022-04-30T04:51:47.229180849Z stdout F 2022-04-30 12:51:47.228  INFO 1 --- [io-15678-exec-5] v.service.impl.VerifyCodeServiceImpl     :  WHVU  ___ st
2022-04-30T04:51:56.748901629Z stdout F 2022-04-30 12:51:56.748  INFO 1 --- [io-15678-exec-7] v.controller.VerifyCodeController        : receivedCode  WHVU
2022-04-30T04:51:56.749345908Z stdout F 2022-04-30 12:51:56.749  INFO 1 --- [io-15678-exec-7] v.service.impl.VerifyCodeServiceImpl     : GET Code By cookieId 1C41704B59594B2DBF2DBA801CE23F46   is :WHVU
2022-04-30T04:51:56.74936607Z stdout F 2022-04-30 12:51:56.749  INFO 1 --- [io-15678-exec-7] v.controller.VerifyCodeController        : verify result: true
