2022-04-27T06:19:38.024532777Z stdout F 2022-04-27T06:19:38.022771Z	info	Istio iptables environment:
2022-04-27T06:19:38.02504096Z stdout F ENVOY_PORT=
2022-04-27T06:19:38.025055709Z stdout F INBOUND_CAPTURE_PORT=
2022-04-27T06:19:38.025062401Z stdout F ISTIO_INBOUND_INTERCEPTION_MODE=
2022-04-27T06:19:38.025067875Z stdout F ISTIO_INBOUND_TPROXY_ROUTE_TABLE=
2022-04-27T06:19:38.025072686Z stdout F ISTIO_INBOUND_PORTS=
2022-04-27T06:19:38.025077489Z stdout F ISTIO_OUTBOUND_PORTS=
2022-04-27T06:19:38.025082158Z stdout F ISTIO_LOCAL_EXCLUDE_PORTS=
2022-04-27T06:19:38.025086852Z stdout F ISTIO_EXCLUDE_INTERFACES=
2022-04-27T06:19:38.025091463Z stdout F ISTIO_SERVICE_CIDR=
2022-04-27T06:19:38.025096178Z stdout F ISTIO_SERVICE_EXCLUDE_CIDR=
2022-04-27T06:19:38.025100804Z stdout F ISTIO_META_DNS_CAPTURE=
2022-04-27T06:19:38.025105465Z stdout F INVALID_DROP=
2022-04-27T06:19:38.025109993Z stdout F 
2022-04-27T06:19:38.025114653Z stdout F 2022-04-27T06:19:38.023459Z	info	Istio iptables variables:
2022-04-27T06:19:38.025119433Z stdout F PROXY_PORT=15001
2022-04-27T06:19:38.025124239Z stdout F PROXY_INBOUND_CAPTURE_PORT=15006
2022-04-27T06:19:38.025128937Z stdout F PROXY_TUNNEL_PORT=15008
2022-04-27T06:19:38.025133714Z stdout F PROXY_UID=1337
2022-04-27T06:19:38.025138517Z stdout F PROXY_GID=1337
2022-04-27T06:19:38.025143308Z stdout F INBOUND_INTERCEPTION_MODE=REDIRECT
2022-04-27T06:19:38.025147993Z stdout F INBOUND_TPROXY_MARK=1337
2022-04-27T06:19:38.025152595Z stdout F INBOUND_TPROXY_ROUTE_TABLE=133
2022-04-27T06:19:38.025157161Z stdout F INBOUND_PORTS_INCLUDE=*
2022-04-27T06:19:38.025161954Z stdout F INBOUND_PORTS_EXCLUDE=15090,15021,15020
2022-04-27T06:19:38.025166667Z stdout F OUTBOUND_IP_RANGES_INCLUDE=*
2022-04-27T06:19:38.025171363Z stdout F OUTBOUND_IP_RANGES_EXCLUDE=
2022-04-27T06:19:38.025176041Z stdout F OUTBOUND_PORTS_INCLUDE=
2022-04-27T06:19:38.025180789Z stdout F OUTBOUND_PORTS_EXCLUDE=
2022-04-27T06:19:38.02518549Z stdout F KUBE_VIRT_INTERFACES=
2022-04-27T06:19:38.02519025Z stdout F ENABLE_INBOUND_IPV6=false
2022-04-27T06:19:38.02519495Z stdout F DNS_CAPTURE=false
2022-04-27T06:19:38.025199615Z stdout F DROP_INVALID=false
2022-04-27T06:19:38.025204326Z stdout F CAPTURE_ALL_DNS=false
2022-04-27T06:19:38.025208988Z stdout F DNS_SERVERS=[],[]
2022-04-27T06:19:38.025213755Z stdout F OUTPUT_PATH=
2022-04-27T06:19:38.025218537Z stdout F NETWORK_NAMESPACE=
2022-04-27T06:19:38.025223232Z stdout F CNI_MODE=false
2022-04-27T06:19:38.025228063Z stdout F EXCLUDE_INTERFACES=
2022-04-27T06:19:38.025232557Z stdout F 
2022-04-27T06:19:38.039340709Z stdout F 2022-04-27T06:19:38.034130Z	info	Writing following contents to rules file: /tmp/iptables-rules-1651040378023658741.txt879799185
2022-04-27T06:19:38.039411159Z stdout F * nat
2022-04-27T06:19:38.039425562Z stdout F -N ISTIO_INBOUND
2022-04-27T06:19:38.039435396Z stdout F -N ISTIO_REDIRECT
2022-04-27T06:19:38.039443649Z stdout F -N ISTIO_IN_REDIRECT
2022-04-27T06:19:38.039451977Z stdout F -N ISTIO_OUTPUT
2022-04-27T06:19:38.039461125Z stdout F -A ISTIO_INBOUND -p tcp --dport 15008 -j RETURN
2022-04-27T06:19:38.039469703Z stdout F -A ISTIO_REDIRECT -p tcp -j REDIRECT --to-ports 15001
2022-04-27T06:19:38.039477174Z stdout F -A ISTIO_IN_REDIRECT -p tcp -j REDIRECT --to-ports 15006
2022-04-27T06:19:38.039484961Z stdout F -A PREROUTING -p tcp -j ISTIO_INBOUND
2022-04-27T06:19:38.039492721Z stdout F -A ISTIO_INBOUND -p tcp --dport 15090 -j RETURN
2022-04-27T06:19:38.039500722Z stdout F -A ISTIO_INBOUND -p tcp --dport 15021 -j RETURN
2022-04-27T06:19:38.03951113Z stdout F -A ISTIO_INBOUND -p tcp --dport 15020 -j RETURN
2022-04-27T06:19:38.039531478Z stdout F -A ISTIO_INBOUND -p tcp -j ISTIO_IN_REDIRECT
2022-04-27T06:19:38.039550649Z stdout F -A OUTPUT -p tcp -j ISTIO_OUTPUT
2022-04-27T06:19:38.039560476Z stdout F -A ISTIO_OUTPUT -o lo -s 127.0.0.6/32 -j RETURN
2022-04-27T06:19:38.039570345Z stdout F -A ISTIO_OUTPUT -o lo ! -d 127.0.0.1/32 -m owner --uid-owner 1337 -j ISTIO_IN_REDIRECT
2022-04-27T06:19:38.039578396Z stdout F -A ISTIO_OUTPUT -o lo -m owner ! --uid-owner 1337 -j RETURN
2022-04-27T06:19:38.039586803Z stdout F -A ISTIO_OUTPUT -m owner --uid-owner 1337 -j RETURN
2022-04-27T06:19:38.039621442Z stdout F -A ISTIO_OUTPUT -o lo ! -d 127.0.0.1/32 -m owner --gid-owner 1337 -j ISTIO_IN_REDIRECT
2022-04-27T06:19:38.039632775Z stdout F -A ISTIO_OUTPUT -o lo -m owner ! --gid-owner 1337 -j RETURN
2022-04-27T06:19:38.03964154Z stdout F -A ISTIO_OUTPUT -m owner --gid-owner 1337 -j RETURN
2022-04-27T06:19:38.039649951Z stdout F -A ISTIO_OUTPUT -d 127.0.0.1/32 -j RETURN
2022-04-27T06:19:38.039658049Z stdout F -A ISTIO_OUTPUT -j ISTIO_REDIRECT
2022-04-27T06:19:38.039666406Z stdout F COMMIT
2022-04-27T06:19:38.040341068Z stdout F 2022-04-27T06:19:38.040037Z	info	Running command: iptables-restore --noflush /tmp/iptables-rules-1651040378023658741.txt879799185
2022-04-27T06:19:38.098723835Z stdout F 2022-04-27T06:19:38.095234Z	info	Writing following contents to rules file: /tmp/ip6tables-rules-1651040378094866961.txt788891654
2022-04-27T06:19:38.09887498Z stdout F 
2022-04-27T06:19:38.098890809Z stdout F 2022-04-27T06:19:38.095644Z	info	Running command: ip6tables-restore --noflush /tmp/ip6tables-rules-1651040378094866961.txt788891654
2022-04-27T06:19:38.108173421Z stdout F 2022-04-27T06:19:38.107550Z	info	Running command: iptables-save 
2022-04-27T06:19:38.128353034Z stdout F 2022-04-27T06:19:38.127678Z	info	Command output: 
2022-04-27T06:19:38.128409712Z stdout F # Generated by iptables-save v1.8.4 on Wed Apr 27 06:19:38 2022
2022-04-27T06:19:38.128424384Z stdout F *nat
2022-04-27T06:19:38.128436113Z stdout F :PREROUTING ACCEPT [0:0]
2022-04-27T06:19:38.128445616Z stdout F :INPUT ACCEPT [0:0]
2022-04-27T06:19:38.128454794Z stdout F :OUTPUT ACCEPT [0:0]
2022-04-27T06:19:38.128464155Z stdout F :POSTROUTING ACCEPT [0:0]
2022-04-27T06:19:38.128473739Z stdout F :ISTIO_INBOUND - [0:0]
2022-04-27T06:19:38.128482726Z stdout F :ISTIO_IN_REDIRECT - [0:0]
2022-04-27T06:19:38.128491691Z stdout F :ISTIO_OUTPUT - [0:0]
2022-04-27T06:19:38.128500668Z stdout F :ISTIO_REDIRECT - [0:0]
2022-04-27T06:19:38.128510534Z stdout F -A PREROUTING -p tcp -j ISTIO_INBOUND
2022-04-27T06:19:38.128519889Z stdout F -A OUTPUT -p tcp -j ISTIO_OUTPUT
2022-04-27T06:19:38.128528964Z stdout F -A ISTIO_INBOUND -p tcp -m tcp --dport 15008 -j RETURN
2022-04-27T06:19:38.128538174Z stdout F -A ISTIO_INBOUND -p tcp -m tcp --dport 15090 -j RETURN
2022-04-27T06:19:38.128547439Z stdout F -A ISTIO_INBOUND -p tcp -m tcp --dport 15021 -j RETURN
2022-04-27T06:19:38.128556471Z stdout F -A ISTIO_INBOUND -p tcp -m tcp --dport 15020 -j RETURN
2022-04-27T06:19:38.128565509Z stdout F -A ISTIO_INBOUND -p tcp -j ISTIO_IN_REDIRECT
2022-04-27T06:19:38.128574447Z stdout F -A ISTIO_IN_REDIRECT -p tcp -j REDIRECT --to-ports 15006
2022-04-27T06:19:38.128655235Z stdout F -A ISTIO_OUTPUT -s 127.0.0.6/32 -o lo -j RETURN
2022-04-27T06:19:38.128676081Z stdout F -A ISTIO_OUTPUT ! -d 127.0.0.1/32 -o lo -m owner --uid-owner 1337 -j ISTIO_IN_REDIRECT
2022-04-27T06:19:38.128686721Z stdout F -A ISTIO_OUTPUT -o lo -m owner ! --uid-owner 1337 -j RETURN
2022-04-27T06:19:38.128694702Z stdout F -A ISTIO_OUTPUT -m owner --uid-owner 1337 -j RETURN
2022-04-27T06:19:38.128702631Z stdout F -A ISTIO_OUTPUT ! -d 127.0.0.1/32 -o lo -m owner --gid-owner 1337 -j ISTIO_IN_REDIRECT
2022-04-27T06:19:38.12871064Z stdout F -A ISTIO_OUTPUT -o lo -m owner ! --gid-owner 1337 -j RETURN
2022-04-27T06:19:38.128718726Z stdout F -A ISTIO_OUTPUT -m owner --gid-owner 1337 -j RETURN
2022-04-27T06:19:38.128726603Z stdout F -A ISTIO_OUTPUT -d 127.0.0.1/32 -j RETURN
2022-04-27T06:19:38.128734391Z stdout F -A ISTIO_OUTPUT -j ISTIO_REDIRECT
2022-04-27T06:19:38.128742126Z stdout F -A ISTIO_REDIRECT -p tcp -j REDIRECT --to-ports 15001
2022-04-27T06:19:38.128750598Z stdout F COMMIT
2022-04-27T06:19:38.128758759Z stdout F # Completed on Wed Apr 27 06:19:38 2022
2022-04-27T06:19:38.128774086Z stdout F 
