2022-04-27T06:19:34.971182864Z stdout F 2022-04-27T06:19:34.970604Z	info	Istio iptables environment:
2022-04-27T06:19:34.979709164Z stdout F ENVOY_PORT=
2022-04-27T06:19:34.979735813Z stdout F INBOUND_CAPTURE_PORT=
2022-04-27T06:19:34.979746975Z stdout F ISTIO_INBOUND_INTERCEPTION_MODE=
2022-04-27T06:19:34.979756079Z stdout F ISTIO_INBOUND_TPROXY_ROUTE_TABLE=
2022-04-27T06:19:34.979764092Z stdout F ISTIO_INBOUND_PORTS=
2022-04-27T06:19:34.979771955Z stdout F ISTIO_OUTBOUND_PORTS=
2022-04-27T06:19:34.979780212Z stdout F ISTIO_LOCAL_EXCLUDE_PORTS=
2022-04-27T06:19:34.979787881Z stdout F ISTIO_EXCLUDE_INTERFACES=
2022-04-27T06:19:34.979794633Z stdout F ISTIO_SERVICE_CIDR=
2022-04-27T06:19:34.97980129Z stdout F ISTIO_SERVICE_EXCLUDE_CIDR=
2022-04-27T06:19:34.979807979Z stdout F ISTIO_META_DNS_CAPTURE=
2022-04-27T06:19:34.979814994Z stdout F INVALID_DROP=
2022-04-27T06:19:34.979821109Z stdout F 
2022-04-27T06:19:34.979828423Z stdout F 2022-04-27T06:19:34.970712Z	info	Istio iptables variables:
2022-04-27T06:19:34.979834979Z stdout F PROXY_PORT=15001
2022-04-27T06:19:34.979847575Z stdout F PROXY_INBOUND_CAPTURE_PORT=15006
2022-04-27T06:19:34.97986766Z stdout F PROXY_TUNNEL_PORT=15008
2022-04-27T06:19:34.979882448Z stdout F PROXY_UID=1337
2022-04-27T06:19:34.979890669Z stdout F PROXY_GID=1337
2022-04-27T06:19:34.979898073Z stdout F INBOUND_INTERCEPTION_MODE=REDIRECT
2022-04-27T06:19:34.979905046Z stdout F INBOUND_TPROXY_MARK=1337
2022-04-27T06:19:34.979912046Z stdout F INBOUND_TPROXY_ROUTE_TABLE=133
2022-04-27T06:19:34.979918835Z stdout F INBOUND_PORTS_INCLUDE=*
2022-04-27T06:19:34.97992566Z stdout F INBOUND_PORTS_EXCLUDE=15090,15021,15020
2022-04-27T06:19:34.979932687Z stdout F OUTBOUND_IP_RANGES_INCLUDE=*
2022-04-27T06:19:34.97993961Z stdout F OUTBOUND_IP_RANGES_EXCLUDE=
2022-04-27T06:19:34.979949604Z stdout F OUTBOUND_PORTS_INCLUDE=
2022-04-27T06:19:34.97996914Z stdout F OUTBOUND_PORTS_EXCLUDE=
2022-04-27T06:19:34.979993086Z stdout F KUBE_VIRT_INTERFACES=
2022-04-27T06:19:34.980015259Z stdout F ENABLE_INBOUND_IPV6=false
2022-04-27T06:19:34.980035102Z stdout F DNS_CAPTURE=false
2022-04-27T06:19:34.98004903Z stdout F DROP_INVALID=false
2022-04-27T06:19:34.980065249Z stdout F CAPTURE_ALL_DNS=false
2022-04-27T06:19:34.98007443Z stdout F DNS_SERVERS=[],[]
2022-04-27T06:19:34.980082637Z stdout F OUTPUT_PATH=
2022-04-27T06:19:34.980090247Z stdout F NETWORK_NAMESPACE=
2022-04-27T06:19:34.980097817Z stdout F CNI_MODE=false
2022-04-27T06:19:34.980105182Z stdout F EXCLUDE_INTERFACES=
2022-04-27T06:19:34.980112358Z stdout F 
2022-04-27T06:19:34.980139775Z stdout F 2022-04-27T06:19:34.977824Z	info	Writing following contents to rules file: /tmp/iptables-rules-1651040374970783816.txt3602939330
2022-04-27T06:19:34.980149566Z stdout F * nat
2022-04-27T06:19:34.980157072Z stdout F -N ISTIO_INBOUND
2022-04-27T06:19:34.980164447Z stdout F -N ISTIO_REDIRECT
2022-04-27T06:19:34.980171867Z stdout F -N ISTIO_IN_REDIRECT
2022-04-27T06:19:34.980179702Z stdout F -N ISTIO_OUTPUT
2022-04-27T06:19:34.980187343Z stdout F -A ISTIO_INBOUND -p tcp --dport 15008 -j RETURN
2022-04-27T06:19:34.980195135Z stdout F -A ISTIO_REDIRECT -p tcp -j REDIRECT --to-ports 15001
2022-04-27T06:19:34.980202545Z stdout F -A ISTIO_IN_REDIRECT -p tcp -j REDIRECT --to-ports 15006
2022-04-27T06:19:34.980210667Z stdout F -A PREROUTING -p tcp -j ISTIO_INBOUND
2022-04-27T06:19:34.980217911Z stdout F -A ISTIO_INBOUND -p tcp --dport 15090 -j RETURN
2022-04-27T06:19:34.980224807Z stdout F -A ISTIO_INBOUND -p tcp --dport 15021 -j RETURN
2022-04-27T06:19:34.980236948Z stdout F -A ISTIO_INBOUND -p tcp --dport 15020 -j RETURN
2022-04-27T06:19:34.980245624Z stdout F -A ISTIO_INBOUND -p tcp -j ISTIO_IN_REDIRECT
2022-04-27T06:19:34.98025281Z stdout F -A OUTPUT -p tcp -j ISTIO_OUTPUT
2022-04-27T06:19:34.980260298Z stdout F -A ISTIO_OUTPUT -o lo -s 127.0.0.6/32 -j RETURN
2022-04-27T06:19:34.980268615Z stdout F -A ISTIO_OUTPUT -o lo ! -d 127.0.0.1/32 -m owner --uid-owner 1337 -j ISTIO_IN_REDIRECT
2022-04-27T06:19:34.980276795Z stdout F -A ISTIO_OUTPUT -o lo -m owner ! --uid-owner 1337 -j RETURN
2022-04-27T06:19:34.980285179Z stdout F -A ISTIO_OUTPUT -m owner --uid-owner 1337 -j RETURN
2022-04-27T06:19:34.980452277Z stdout F -A ISTIO_OUTPUT -o lo ! -d 127.0.0.1/32 -m owner --gid-owner 1337 -j ISTIO_IN_REDIRECT
2022-04-27T06:19:34.980471325Z stdout F -A ISTIO_OUTPUT -o lo -m owner ! --gid-owner 1337 -j RETURN
2022-04-27T06:19:34.980479521Z stdout F -A ISTIO_OUTPUT -m owner --gid-owner 1337 -j RETURN
2022-04-27T06:19:34.980486809Z stdout F -A ISTIO_OUTPUT -d 127.0.0.1/32 -j RETURN
2022-04-27T06:19:34.980493011Z stdout F -A ISTIO_OUTPUT -j ISTIO_REDIRECT
2022-04-27T06:19:34.980499486Z stdout F COMMIT
2022-04-27T06:19:34.980507641Z stdout F 2022-04-27T06:19:34.977971Z	info	Running command: iptables-restore --noflush /tmp/iptables-rules-1651040374970783816.txt3602939330
2022-04-27T06:19:35.08518878Z stdout F 2022-04-27T06:19:35.082410Z	info	Writing following contents to rules file: /tmp/ip6tables-rules-1651040375082162044.txt2438666370
2022-04-27T06:19:35.085416129Z stdout F 
2022-04-27T06:19:35.085441326Z stdout F 2022-04-27T06:19:35.082490Z	info	Running command: ip6tables-restore --noflush /tmp/ip6tables-rules-1651040375082162044.txt2438666370
2022-04-27T06:19:35.123545971Z stdout F 2022-04-27T06:19:35.121767Z	info	Running command: iptables-save 
2022-04-27T06:19:35.176792092Z stdout F 2022-04-27T06:19:35.173920Z	info	Command output: 
2022-04-27T06:19:35.176844762Z stdout F # Generated by iptables-save v1.8.4 on Wed Apr 27 06:19:35 2022
2022-04-27T06:19:35.176857804Z stdout F *nat
2022-04-27T06:19:35.176867138Z stdout F :PREROUTING ACCEPT [0:0]
2022-04-27T06:19:35.176875058Z stdout F :INPUT ACCEPT [0:0]
2022-04-27T06:19:35.176882455Z stdout F :OUTPUT ACCEPT [0:0]
2022-04-27T06:19:35.176890119Z stdout F :POSTROUTING ACCEPT [0:0]
2022-04-27T06:19:35.176896739Z stdout F :ISTIO_INBOUND - [0:0]
2022-04-27T06:19:35.176904757Z stdout F :ISTIO_IN_REDIRECT - [0:0]
2022-04-27T06:19:35.176912203Z stdout F :ISTIO_OUTPUT - [0:0]
2022-04-27T06:19:35.176919246Z stdout F :ISTIO_REDIRECT - [0:0]
2022-04-27T06:19:35.176926876Z stdout F -A PREROUTING -p tcp -j ISTIO_INBOUND
2022-04-27T06:19:35.176933504Z stdout F -A OUTPUT -p tcp -j ISTIO_OUTPUT
2022-04-27T06:19:35.176940247Z stdout F -A ISTIO_INBOUND -p tcp -m tcp --dport 15008 -j RETURN
2022-04-27T06:19:35.17694748Z stdout F -A ISTIO_INBOUND -p tcp -m tcp --dport 15090 -j RETURN
2022-04-27T06:19:35.176955155Z stdout F -A ISTIO_INBOUND -p tcp -m tcp --dport 15021 -j RETURN
2022-04-27T06:19:35.176973836Z stdout F -A ISTIO_INBOUND -p tcp -m tcp --dport 15020 -j RETURN
2022-04-27T06:19:35.176984434Z stdout F -A ISTIO_INBOUND -p tcp -j ISTIO_IN_REDIRECT
2022-04-27T06:19:35.176993482Z stdout F -A ISTIO_IN_REDIRECT -p tcp -j REDIRECT --to-ports 15006
2022-04-27T06:19:35.177002012Z stdout F -A ISTIO_OUTPUT -s 127.0.0.6/32 -o lo -j RETURN
2022-04-27T06:19:35.177011903Z stdout F -A ISTIO_OUTPUT ! -d 127.0.0.1/32 -o lo -m owner --uid-owner 1337 -j ISTIO_IN_REDIRECT
2022-04-27T06:19:35.17702091Z stdout F -A ISTIO_OUTPUT -o lo -m owner ! --uid-owner 1337 -j RETURN
2022-04-27T06:19:35.177030095Z stdout F -A ISTIO_OUTPUT -m owner --uid-owner 1337 -j RETURN
2022-04-27T06:19:35.177039527Z stdout F -A ISTIO_OUTPUT ! -d 127.0.0.1/32 -o lo -m owner --gid-owner 1337 -j ISTIO_IN_REDIRECT
2022-04-27T06:19:35.177048099Z stdout F -A ISTIO_OUTPUT -o lo -m owner ! --gid-owner 1337 -j RETURN
2022-04-27T06:19:35.177057559Z stdout F -A ISTIO_OUTPUT -m owner --gid-owner 1337 -j RETURN
2022-04-27T06:19:35.177064891Z stdout F -A ISTIO_OUTPUT -d 127.0.0.1/32 -j RETURN
2022-04-27T06:19:35.177071672Z stdout F -A ISTIO_OUTPUT -j ISTIO_REDIRECT
2022-04-27T06:19:35.177079198Z stdout F -A ISTIO_REDIRECT -p tcp -j REDIRECT --to-ports 15001
2022-04-27T06:19:35.177086875Z stdout F COMMIT
2022-04-27T06:19:35.177095152Z stdout F # Completed on Wed Apr 27 06:19:35 2022
2022-04-27T06:19:35.177102644Z stdout F 
