2022-05-09T21:46:29.792183702Z stdout F 2022-05-09T21:46:29.789522Z	info	Istio iptables environment:
2022-05-09T21:46:29.792312324Z stdout F ENVOY_PORT=
2022-05-09T21:46:29.792333276Z stdout F INBOUND_CAPTURE_PORT=
2022-05-09T21:46:29.792346703Z stdout F ISTIO_INBOUND_INTERCEPTION_MODE=
2022-05-09T21:46:29.792358073Z stdout F ISTIO_INBOUND_TPROXY_ROUTE_TABLE=
2022-05-09T21:46:29.792368427Z stdout F ISTIO_INBOUND_PORTS=
2022-05-09T21:46:29.792392119Z stdout F ISTIO_OUTBOUND_PORTS=
2022-05-09T21:46:29.792409243Z stdout F ISTIO_LOCAL_EXCLUDE_PORTS=
2022-05-09T21:46:29.792420542Z stdout F ISTIO_EXCLUDE_INTERFACES=
2022-05-09T21:46:29.792643466Z stdout F ISTIO_SERVICE_CIDR=
2022-05-09T21:46:29.792836775Z stdout F ISTIO_SERVICE_EXCLUDE_CIDR=
2022-05-09T21:46:29.792853726Z stdout F ISTIO_META_DNS_CAPTURE=
2022-05-09T21:46:29.792866427Z stdout F INVALID_DROP=
2022-05-09T21:46:29.792877084Z stdout F 
2022-05-09T21:46:29.792889605Z stdout F 2022-05-09T21:46:29.789946Z	info	Istio iptables variables:
2022-05-09T21:46:29.792901069Z stdout F PROXY_PORT=15001
2022-05-09T21:46:29.79291221Z stdout F PROXY_INBOUND_CAPTURE_PORT=15006
2022-05-09T21:46:29.792923481Z stdout F PROXY_TUNNEL_PORT=15008
2022-05-09T21:46:29.792934282Z stdout F PROXY_UID=1337
2022-05-09T21:46:29.792946493Z stdout F PROXY_GID=1337
2022-05-09T21:46:29.79295842Z stdout F INBOUND_INTERCEPTION_MODE=REDIRECT
2022-05-09T21:46:29.792969118Z stdout F INBOUND_TPROXY_MARK=1337
2022-05-09T21:46:29.792995473Z stdout F INBOUND_TPROXY_ROUTE_TABLE=133
2022-05-09T21:46:29.793029114Z stdout F INBOUND_PORTS_INCLUDE=*
2022-05-09T21:46:29.793046298Z stdout F INBOUND_PORTS_EXCLUDE=15090,15021,15020
2022-05-09T21:46:29.79305827Z stdout F OUTBOUND_IP_RANGES_INCLUDE=*
2022-05-09T21:46:29.793072732Z stdout F OUTBOUND_IP_RANGES_EXCLUDE=
2022-05-09T21:46:29.793085526Z stdout F OUTBOUND_PORTS_INCLUDE=
2022-05-09T21:46:29.793097757Z stdout F OUTBOUND_PORTS_EXCLUDE=
2022-05-09T21:46:29.793109435Z stdout F KUBE_VIRT_INTERFACES=
2022-05-09T21:46:29.793120907Z stdout F ENABLE_INBOUND_IPV6=false
2022-05-09T21:46:29.793132712Z stdout F DNS_CAPTURE=false
2022-05-09T21:46:29.793145173Z stdout F DROP_INVALID=false
2022-05-09T21:46:29.7931569Z stdout F CAPTURE_ALL_DNS=false
2022-05-09T21:46:29.793168536Z stdout F DNS_SERVERS=[],[]
2022-05-09T21:46:29.793181329Z stdout F OUTPUT_PATH=
2022-05-09T21:46:29.793192731Z stdout F NETWORK_NAMESPACE=
2022-05-09T21:46:29.793204782Z stdout F CNI_MODE=false
2022-05-09T21:46:29.79321629Z stdout F EXCLUDE_INTERFACES=
2022-05-09T21:46:29.793226753Z stdout F 
2022-05-09T21:46:29.822694906Z stdout F 2022-05-09T21:46:29.816563Z	info	Writing following contents to rules file: /tmp/iptables-rules-1652132789790149970.txt2426854276
2022-05-09T21:46:29.822770758Z stdout F * nat
2022-05-09T21:46:29.822791128Z stdout F -N ISTIO_INBOUND
2022-05-09T21:46:29.826111703Z stdout F -N ISTIO_REDIRECT
2022-05-09T21:46:29.826261321Z stdout F -N ISTIO_IN_REDIRECT
2022-05-09T21:46:29.826315429Z stdout F -N ISTIO_OUTPUT
2022-05-09T21:46:29.826336667Z stdout F -A ISTIO_INBOUND -p tcp --dport 15008 -j RETURN
2022-05-09T21:46:29.82635247Z stdout F -A ISTIO_REDIRECT -p tcp -j REDIRECT --to-ports 15001
2022-05-09T21:46:29.826365298Z stdout F -A ISTIO_IN_REDIRECT -p tcp -j REDIRECT --to-ports 15006
2022-05-09T21:46:29.826376563Z stdout F -A PREROUTING -p tcp -j ISTIO_INBOUND
2022-05-09T21:46:29.826387308Z stdout F -A ISTIO_INBOUND -p tcp --dport 15090 -j RETURN
2022-05-09T21:46:29.826397853Z stdout F -A ISTIO_INBOUND -p tcp --dport 15021 -j RETURN
2022-05-09T21:46:29.826408386Z stdout F -A ISTIO_INBOUND -p tcp --dport 15020 -j RETURN
2022-05-09T21:46:29.826419129Z stdout F -A ISTIO_INBOUND -p tcp -j ISTIO_IN_REDIRECT
2022-05-09T21:46:29.82643218Z stdout F -A OUTPUT -p tcp -j ISTIO_OUTPUT
2022-05-09T21:46:29.826444003Z stdout F -A ISTIO_OUTPUT -o lo -s 127.0.0.6/32 -j RETURN
2022-05-09T21:46:29.826456224Z stdout F -A ISTIO_OUTPUT -o lo ! -d 127.0.0.1/32 -m owner --uid-owner 1337 -j ISTIO_IN_REDIRECT
2022-05-09T21:46:29.826467816Z stdout F -A ISTIO_OUTPUT -o lo -m owner ! --uid-owner 1337 -j RETURN
2022-05-09T21:46:29.826479195Z stdout F -A ISTIO_OUTPUT -m owner --uid-owner 1337 -j RETURN
2022-05-09T21:46:29.82654161Z stdout F -A ISTIO_OUTPUT -o lo ! -d 127.0.0.1/32 -m owner --gid-owner 1337 -j ISTIO_IN_REDIRECT
2022-05-09T21:46:29.826559457Z stdout F -A ISTIO_OUTPUT -o lo -m owner ! --gid-owner 1337 -j RETURN
2022-05-09T21:46:29.826571757Z stdout F -A ISTIO_OUTPUT -m owner --gid-owner 1337 -j RETURN
2022-05-09T21:46:29.826582774Z stdout F -A ISTIO_OUTPUT -d 127.0.0.1/32 -j RETURN
2022-05-09T21:46:29.826593568Z stdout F -A ISTIO_OUTPUT -j ISTIO_REDIRECT
2022-05-09T21:46:29.826604322Z stdout F COMMIT
2022-05-09T21:46:29.826617043Z stdout F 2022-05-09T21:46:29.817022Z	info	Running command: iptables-restore --noflush /tmp/iptables-rules-1652132789790149970.txt2426854276
2022-05-09T21:46:30.111629975Z stdout F 2022-05-09T21:46:30.107267Z	info	Writing following contents to rules file: /tmp/ip6tables-rules-1652132790106556312.txt2157052159
2022-05-09T21:46:30.111861073Z stdout F 
2022-05-09T21:46:30.111926203Z stdout F 2022-05-09T21:46:30.107892Z	info	Running command: ip6tables-restore --noflush /tmp/ip6tables-rules-1652132790106556312.txt2157052159
2022-05-09T21:46:30.15261429Z stdout F 2022-05-09T21:46:30.136673Z	info	Running command: iptables-save 
2022-05-09T21:46:30.216078191Z stdout F 2022-05-09T21:46:30.212972Z	info	Command output: 
2022-05-09T21:46:30.216157479Z stdout F # Generated by iptables-save v1.8.4 on Mon May  9 21:46:30 2022
2022-05-09T21:46:30.216180589Z stdout F *nat
2022-05-09T21:46:30.216195949Z stdout F :PREROUTING ACCEPT [0:0]
2022-05-09T21:46:30.216207491Z stdout F :INPUT ACCEPT [0:0]
2022-05-09T21:46:30.216218724Z stdout F :OUTPUT ACCEPT [0:0]
2022-05-09T21:46:30.216230938Z stdout F :POSTROUTING ACCEPT [0:0]
2022-05-09T21:46:30.216241632Z stdout F :ISTIO_INBOUND - [0:0]
2022-05-09T21:46:30.216253357Z stdout F :ISTIO_IN_REDIRECT - [0:0]
2022-05-09T21:46:30.21626396Z stdout F :ISTIO_OUTPUT - [0:0]
2022-05-09T21:46:30.216274233Z stdout F :ISTIO_REDIRECT - [0:0]
2022-05-09T21:46:30.216284941Z stdout F -A PREROUTING -p tcp -j ISTIO_INBOUND
2022-05-09T21:46:30.216294843Z stdout F -A OUTPUT -p tcp -j ISTIO_OUTPUT
2022-05-09T21:46:30.216304944Z stdout F -A ISTIO_INBOUND -p tcp -m tcp --dport 15008 -j RETURN
2022-05-09T21:46:30.216315466Z stdout F -A ISTIO_INBOUND -p tcp -m tcp --dport 15090 -j RETURN
2022-05-09T21:46:30.216326332Z stdout F -A ISTIO_INBOUND -p tcp -m tcp --dport 15021 -j RETURN
2022-05-09T21:46:30.216336572Z stdout F -A ISTIO_INBOUND -p tcp -m tcp --dport 15020 -j RETURN
2022-05-09T21:46:30.216346716Z stdout F -A ISTIO_INBOUND -p tcp -j ISTIO_IN_REDIRECT
2022-05-09T21:46:30.216356703Z stdout F -A ISTIO_IN_REDIRECT -p tcp -j REDIRECT --to-ports 15006
2022-05-09T21:46:30.216366211Z stdout F -A ISTIO_OUTPUT -s 127.0.0.6/32 -o lo -j RETURN
2022-05-09T21:46:30.216377121Z stdout F -A ISTIO_OUTPUT ! -d 127.0.0.1/32 -o lo -m owner --uid-owner 1337 -j ISTIO_IN_REDIRECT
2022-05-09T21:46:30.216387101Z stdout F -A ISTIO_OUTPUT -o lo -m owner ! --uid-owner 1337 -j RETURN
2022-05-09T21:46:30.216396681Z stdout F -A ISTIO_OUTPUT -m owner --uid-owner 1337 -j RETURN
2022-05-09T21:46:30.216405939Z stdout F -A ISTIO_OUTPUT ! -d 127.0.0.1/32 -o lo -m owner --gid-owner 1337 -j ISTIO_IN_REDIRECT
2022-05-09T21:46:30.216415543Z stdout F -A ISTIO_OUTPUT -o lo -m owner ! --gid-owner 1337 -j RETURN
2022-05-09T21:46:30.216425262Z stdout F -A ISTIO_OUTPUT -m owner --gid-owner 1337 -j RETURN
2022-05-09T21:46:30.216435219Z stdout F -A ISTIO_OUTPUT -d 127.0.0.1/32 -j RETURN
2022-05-09T21:46:30.216445259Z stdout F -A ISTIO_OUTPUT -j ISTIO_REDIRECT
2022-05-09T21:46:30.216455713Z stdout F -A ISTIO_REDIRECT -p tcp -j REDIRECT --to-ports 15001
2022-05-09T21:46:30.216466686Z stdout F COMMIT
2022-05-09T21:46:30.216477727Z stdout F # Completed on Mon May  9 21:46:30 2022
2022-05-09T21:46:30.216487852Z stdout F 
