2022-04-30T04:28:37.77226214Z stdout F 2022-04-30T04:28:37.771432Z	info	Istio iptables environment:
2022-04-30T04:28:37.772301361Z stdout F ENVOY_PORT=
2022-04-30T04:28:37.772308011Z stdout F INBOUND_CAPTURE_PORT=
2022-04-30T04:28:37.7723122Z stdout F ISTIO_INBOUND_INTERCEPTION_MODE=
2022-04-30T04:28:37.772316211Z stdout F ISTIO_INBOUND_TPROXY_ROUTE_TABLE=
2022-04-30T04:28:37.772319548Z stdout F ISTIO_INBOUND_PORTS=
2022-04-30T04:28:37.772322731Z stdout F ISTIO_OUTBOUND_PORTS=
2022-04-30T04:28:37.772325838Z stdout F ISTIO_LOCAL_EXCLUDE_PORTS=
2022-04-30T04:28:37.772328893Z stdout F ISTIO_EXCLUDE_INTERFACES=
2022-04-30T04:28:37.772331985Z stdout F ISTIO_SERVICE_CIDR=
2022-04-30T04:28:37.772335254Z stdout F ISTIO_SERVICE_EXCLUDE_CIDR=
2022-04-30T04:28:37.772338317Z stdout F ISTIO_META_DNS_CAPTURE=
2022-04-30T04:28:37.772341439Z stdout F INVALID_DROP=
2022-04-30T04:28:37.7723445Z stdout F 
2022-04-30T04:28:37.772347648Z stdout F 2022-04-30T04:28:37.771521Z	info	Istio iptables variables:
2022-04-30T04:28:37.772350815Z stdout F PROXY_PORT=15001
2022-04-30T04:28:37.772354037Z stdout F PROXY_INBOUND_CAPTURE_PORT=15006
2022-04-30T04:28:37.772357193Z stdout F PROXY_TUNNEL_PORT=15008
2022-04-30T04:28:37.772434018Z stdout F PROXY_UID=1337
2022-04-30T04:28:37.772439147Z stdout F PROXY_GID=1337
2022-04-30T04:28:37.772442373Z stdout F INBOUND_INTERCEPTION_MODE=REDIRECT
2022-04-30T04:28:37.772445553Z stdout F INBOUND_TPROXY_MARK=1337
2022-04-30T04:28:37.772448624Z stdout F INBOUND_TPROXY_ROUTE_TABLE=133
2022-04-30T04:28:37.772451687Z stdout F INBOUND_PORTS_INCLUDE=*
2022-04-30T04:28:37.772454759Z stdout F INBOUND_PORTS_EXCLUDE=15090,15021,15020
2022-04-30T04:28:37.772457876Z stdout F OUTBOUND_IP_RANGES_INCLUDE=*
2022-04-30T04:28:37.772460975Z stdout F OUTBOUND_IP_RANGES_EXCLUDE=
2022-04-30T04:28:37.772464065Z stdout F OUTBOUND_PORTS_INCLUDE=
2022-04-30T04:28:37.772467098Z stdout F OUTBOUND_PORTS_EXCLUDE=
2022-04-30T04:28:37.772470199Z stdout F KUBE_VIRT_INTERFACES=
2022-04-30T04:28:37.772473304Z stdout F ENABLE_INBOUND_IPV6=false
2022-04-30T04:28:37.772476347Z stdout F DNS_CAPTURE=false
2022-04-30T04:28:37.772479466Z stdout F DROP_INVALID=false
2022-04-30T04:28:37.772482607Z stdout F CAPTURE_ALL_DNS=false
2022-04-30T04:28:37.772485724Z stdout F DNS_SERVERS=[],[]
2022-04-30T04:28:37.772488853Z stdout F OUTPUT_PATH=
2022-04-30T04:28:37.77249203Z stdout F NETWORK_NAMESPACE=
2022-04-30T04:28:37.772495192Z stdout F CNI_MODE=false
2022-04-30T04:28:37.772498371Z stdout F EXCLUDE_INTERFACES=
2022-04-30T04:28:37.772501352Z stdout F 
2022-04-30T04:28:37.772811514Z stdout F 2022-04-30T04:28:37.772290Z	info	Writing following contents to rules file: /tmp/iptables-rules-1651292917771585106.txt2186557569
2022-04-30T04:28:37.772830396Z stdout F * nat
2022-04-30T04:28:37.772835354Z stdout F -N ISTIO_INBOUND
2022-04-30T04:28:37.772841605Z stdout F -N ISTIO_REDIRECT
2022-04-30T04:28:37.77284505Z stdout F -N ISTIO_IN_REDIRECT
2022-04-30T04:28:37.772848514Z stdout F -N ISTIO_OUTPUT
2022-04-30T04:28:37.772852423Z stdout F -A ISTIO_INBOUND -p tcp --dport 15008 -j RETURN
2022-04-30T04:28:37.772857359Z stdout F -A ISTIO_REDIRECT -p tcp -j REDIRECT --to-ports 15001
2022-04-30T04:28:37.772862853Z stdout F -A ISTIO_IN_REDIRECT -p tcp -j REDIRECT --to-ports 15006
2022-04-30T04:28:37.772867882Z stdout F -A PREROUTING -p tcp -j ISTIO_INBOUND
2022-04-30T04:28:37.772879387Z stdout F -A ISTIO_INBOUND -p tcp --dport 15090 -j RETURN
2022-04-30T04:28:37.772890064Z stdout F -A ISTIO_INBOUND -p tcp --dport 15021 -j RETURN
2022-04-30T04:28:37.772895543Z stdout F -A ISTIO_INBOUND -p tcp --dport 15020 -j RETURN
2022-04-30T04:28:37.772900534Z stdout F -A ISTIO_INBOUND -p tcp -j ISTIO_IN_REDIRECT
2022-04-30T04:28:37.772906269Z stdout F -A OUTPUT -p tcp -j ISTIO_OUTPUT
2022-04-30T04:28:37.772917564Z stdout F -A ISTIO_OUTPUT -o lo -s 127.0.0.6/32 -j RETURN
2022-04-30T04:28:37.772926626Z stdout F -A ISTIO_OUTPUT -o lo ! -d 127.0.0.1/32 -m owner --uid-owner 1337 -j ISTIO_IN_REDIRECT
2022-04-30T04:28:37.772933445Z stdout F -A ISTIO_OUTPUT -o lo -m owner ! --uid-owner 1337 -j RETURN
2022-04-30T04:28:37.772938867Z stdout F -A ISTIO_OUTPUT -m owner --uid-owner 1337 -j RETURN
2022-04-30T04:28:37.7733003Z stdout F -A ISTIO_OUTPUT -o lo ! -d 127.0.0.1/32 -m owner --gid-owner 1337 -j ISTIO_IN_REDIRECT
2022-04-30T04:28:37.773309558Z stdout F -A ISTIO_OUTPUT -o lo -m owner ! --gid-owner 1337 -j RETURN
2022-04-30T04:28:37.773313132Z stdout F -A ISTIO_OUTPUT -m owner --gid-owner 1337 -j RETURN
2022-04-30T04:28:37.77331679Z stdout F -A ISTIO_OUTPUT -d 127.0.0.1/32 -j RETURN
2022-04-30T04:28:37.773322877Z stdout F -A ISTIO_OUTPUT -j ISTIO_REDIRECT
2022-04-30T04:28:37.773328074Z stdout F COMMIT
2022-04-30T04:28:37.773334411Z stdout F 2022-04-30T04:28:37.772348Z	info	Running command: iptables-restore --noflush /tmp/iptables-rules-1651292917771585106.txt2186557569
2022-04-30T04:28:37.779317762Z stdout F 2022-04-30T04:28:37.778993Z	info	Writing following contents to rules file: /tmp/ip6tables-rules-1651292917778929257.txt1419417642
2022-04-30T04:28:37.779343138Z stdout F 
2022-04-30T04:28:37.779348255Z stdout F 2022-04-30T04:28:37.779106Z	info	Running command: ip6tables-restore --noflush /tmp/ip6tables-rules-1651292917778929257.txt1419417642
2022-04-30T04:28:37.782947164Z stdout F 2022-04-30T04:28:37.782369Z	info	Running command: iptables-save 
2022-04-30T04:28:37.787803324Z stdout F 2022-04-30T04:28:37.787052Z	info	Command output: 
2022-04-30T04:28:37.787825921Z stdout F # Generated by iptables-save v1.8.4 on Sat Apr 30 04:28:37 2022
2022-04-30T04:28:37.787830818Z stdout F *nat
2022-04-30T04:28:37.78783493Z stdout F :PREROUTING ACCEPT [0:0]
2022-04-30T04:28:37.78783829Z stdout F :INPUT ACCEPT [0:0]
2022-04-30T04:28:37.787875858Z stdout F :OUTPUT ACCEPT [0:0]
2022-04-30T04:28:37.78788649Z stdout F :POSTROUTING ACCEPT [0:0]
2022-04-30T04:28:37.787890006Z stdout F :ISTIO_INBOUND - [0:0]
2022-04-30T04:28:37.787893204Z stdout F :ISTIO_IN_REDIRECT - [0:0]
2022-04-30T04:28:37.787896345Z stdout F :ISTIO_OUTPUT - [0:0]
2022-04-30T04:28:37.787899554Z stdout F :ISTIO_REDIRECT - [0:0]
2022-04-30T04:28:37.787903305Z stdout F -A PREROUTING -p tcp -j ISTIO_INBOUND
2022-04-30T04:28:37.787906421Z stdout F -A OUTPUT -p tcp -j ISTIO_OUTPUT
2022-04-30T04:28:37.787909562Z stdout F -A ISTIO_INBOUND -p tcp -m tcp --dport 15008 -j RETURN
2022-04-30T04:28:37.787912683Z stdout F -A ISTIO_INBOUND -p tcp -m tcp --dport 15090 -j RETURN
2022-04-30T04:28:37.787916231Z stdout F -A ISTIO_INBOUND -p tcp -m tcp --dport 15021 -j RETURN
2022-04-30T04:28:37.787919375Z stdout F -A ISTIO_INBOUND -p tcp -m tcp --dport 15020 -j RETURN
2022-04-30T04:28:37.787922527Z stdout F -A ISTIO_INBOUND -p tcp -j ISTIO_IN_REDIRECT
2022-04-30T04:28:37.787925626Z stdout F -A ISTIO_IN_REDIRECT -p tcp -j REDIRECT --to-ports 15006
2022-04-30T04:28:37.7879287Z stdout F -A ISTIO_OUTPUT -s 127.0.0.6/32 -o lo -j RETURN
2022-04-30T04:28:37.787932447Z stdout F -A ISTIO_OUTPUT ! -d 127.0.0.1/32 -o lo -m owner --uid-owner 1337 -j ISTIO_IN_REDIRECT
2022-04-30T04:28:37.787935618Z stdout F -A ISTIO_OUTPUT -o lo -m owner ! --uid-owner 1337 -j RETURN
2022-04-30T04:28:37.78793869Z stdout F -A ISTIO_OUTPUT -m owner --uid-owner 1337 -j RETURN
2022-04-30T04:28:37.787941834Z stdout F -A ISTIO_OUTPUT ! -d 127.0.0.1/32 -o lo -m owner --gid-owner 1337 -j ISTIO_IN_REDIRECT
2022-04-30T04:28:37.787944972Z stdout F -A ISTIO_OUTPUT -o lo -m owner ! --gid-owner 1337 -j RETURN
2022-04-30T04:28:37.787948069Z stdout F -A ISTIO_OUTPUT -m owner --gid-owner 1337 -j RETURN
2022-04-30T04:28:37.787951236Z stdout F -A ISTIO_OUTPUT -d 127.0.0.1/32 -j RETURN
2022-04-30T04:28:37.787954363Z stdout F -A ISTIO_OUTPUT -j ISTIO_REDIRECT
2022-04-30T04:28:37.787957503Z stdout F -A ISTIO_REDIRECT -p tcp -j REDIRECT --to-ports 15001
2022-04-30T04:28:37.787961343Z stdout F COMMIT
2022-04-30T04:28:37.78796459Z stdout F # Completed on Sat Apr 30 04:28:37 2022
2022-04-30T04:28:37.787967683Z stdout F 
