2022-05-09T21:46:11.672214485Z stdout F 2022-05-09T21:46:11.671913Z	info	Istio iptables environment:
2022-05-09T21:46:11.678012923Z stdout F ENVOY_PORT=
2022-05-09T21:46:11.678026907Z stdout F INBOUND_CAPTURE_PORT=
2022-05-09T21:46:11.67803285Z stdout F ISTIO_INBOUND_INTERCEPTION_MODE=
2022-05-09T21:46:11.678038183Z stdout F ISTIO_INBOUND_TPROXY_ROUTE_TABLE=
2022-05-09T21:46:11.678104941Z stdout F ISTIO_INBOUND_PORTS=
2022-05-09T21:46:11.678114103Z stdout F ISTIO_OUTBOUND_PORTS=
2022-05-09T21:46:11.678120034Z stdout F ISTIO_LOCAL_EXCLUDE_PORTS=
2022-05-09T21:46:11.67812497Z stdout F ISTIO_EXCLUDE_INTERFACES=
2022-05-09T21:46:11.678130425Z stdout F ISTIO_SERVICE_CIDR=
2022-05-09T21:46:11.67813514Z stdout F ISTIO_SERVICE_EXCLUDE_CIDR=
2022-05-09T21:46:11.678139987Z stdout F ISTIO_META_DNS_CAPTURE=
2022-05-09T21:46:11.678145324Z stdout F INVALID_DROP=
2022-05-09T21:46:11.67815004Z stdout F 
2022-05-09T21:46:11.678155349Z stdout F 2022-05-09T21:46:11.672005Z	info	Istio iptables variables:
2022-05-09T21:46:11.678160372Z stdout F PROXY_PORT=15001
2022-05-09T21:46:11.678165146Z stdout F PROXY_INBOUND_CAPTURE_PORT=15006
2022-05-09T21:46:11.67817009Z stdout F PROXY_TUNNEL_PORT=15008
2022-05-09T21:46:11.678174993Z stdout F PROXY_UID=1337
2022-05-09T21:46:11.6781798Z stdout F PROXY_GID=1337
2022-05-09T21:46:11.678184755Z stdout F INBOUND_INTERCEPTION_MODE=REDIRECT
2022-05-09T21:46:11.678189559Z stdout F INBOUND_TPROXY_MARK=1337
2022-05-09T21:46:11.678200102Z stdout F INBOUND_TPROXY_ROUTE_TABLE=133
2022-05-09T21:46:11.678208551Z stdout F INBOUND_PORTS_INCLUDE=*
2022-05-09T21:46:11.678218386Z stdout F INBOUND_PORTS_EXCLUDE=15090,15021,15020
2022-05-09T21:46:11.67822407Z stdout F OUTBOUND_IP_RANGES_INCLUDE=*
2022-05-09T21:46:11.678229332Z stdout F OUTBOUND_IP_RANGES_EXCLUDE=
2022-05-09T21:46:11.678234082Z stdout F OUTBOUND_PORTS_INCLUDE=
2022-05-09T21:46:11.678239064Z stdout F OUTBOUND_PORTS_EXCLUDE=
2022-05-09T21:46:11.678346942Z stdout F KUBE_VIRT_INTERFACES=
2022-05-09T21:46:11.67836228Z stdout F ENABLE_INBOUND_IPV6=false
2022-05-09T21:46:11.678369929Z stdout F DNS_CAPTURE=false
2022-05-09T21:46:11.678375247Z stdout F DROP_INVALID=false
2022-05-09T21:46:11.678379961Z stdout F CAPTURE_ALL_DNS=false
2022-05-09T21:46:11.678384675Z stdout F DNS_SERVERS=[],[]
2022-05-09T21:46:11.678390405Z stdout F OUTPUT_PATH=
2022-05-09T21:46:11.678395238Z stdout F NETWORK_NAMESPACE=
2022-05-09T21:46:11.678399808Z stdout F CNI_MODE=false
2022-05-09T21:46:11.678404603Z stdout F EXCLUDE_INTERFACES=
2022-05-09T21:46:11.678408872Z stdout F 
2022-05-09T21:46:11.67844704Z stdout F 2022-05-09T21:46:11.674778Z	info	Writing following contents to rules file: /tmp/iptables-rules-1652132771672099508.txt3201219714
2022-05-09T21:46:11.678456029Z stdout F * nat
2022-05-09T21:46:11.678466299Z stdout F -N ISTIO_INBOUND
2022-05-09T21:46:11.678474004Z stdout F -N ISTIO_REDIRECT
2022-05-09T21:46:11.67848005Z stdout F -N ISTIO_IN_REDIRECT
2022-05-09T21:46:11.67848508Z stdout F -N ISTIO_OUTPUT
2022-05-09T21:46:11.678490335Z stdout F -A ISTIO_INBOUND -p tcp --dport 15008 -j RETURN
2022-05-09T21:46:11.67849508Z stdout F -A ISTIO_REDIRECT -p tcp -j REDIRECT --to-ports 15001
2022-05-09T21:46:11.678499652Z stdout F -A ISTIO_IN_REDIRECT -p tcp -j REDIRECT --to-ports 15006
2022-05-09T21:46:11.678504266Z stdout F -A PREROUTING -p tcp -j ISTIO_INBOUND
2022-05-09T21:46:11.678508604Z stdout F -A ISTIO_INBOUND -p tcp --dport 15090 -j RETURN
2022-05-09T21:46:11.678513058Z stdout F -A ISTIO_INBOUND -p tcp --dport 15021 -j RETURN
2022-05-09T21:46:11.678517683Z stdout F -A ISTIO_INBOUND -p tcp --dport 15020 -j RETURN
2022-05-09T21:46:11.678522348Z stdout F -A ISTIO_INBOUND -p tcp -j ISTIO_IN_REDIRECT
2022-05-09T21:46:11.678535636Z stdout F -A OUTPUT -p tcp -j ISTIO_OUTPUT
2022-05-09T21:46:11.67854187Z stdout F -A ISTIO_OUTPUT -o lo -s 127.0.0.6/32 -j RETURN
2022-05-09T21:46:11.678552798Z stdout F -A ISTIO_OUTPUT -o lo ! -d 127.0.0.1/32 -m owner --uid-owner 1337 -j ISTIO_IN_REDIRECT
2022-05-09T21:46:11.678560995Z stdout F -A ISTIO_OUTPUT -o lo -m owner ! --uid-owner 1337 -j RETURN
2022-05-09T21:46:11.678570965Z stdout F -A ISTIO_OUTPUT -m owner --uid-owner 1337 -j RETURN
2022-05-09T21:46:11.678592331Z stdout F -A ISTIO_OUTPUT -o lo ! -d 127.0.0.1/32 -m owner --gid-owner 1337 -j ISTIO_IN_REDIRECT
2022-05-09T21:46:11.678602972Z stdout F -A ISTIO_OUTPUT -o lo -m owner ! --gid-owner 1337 -j RETURN
2022-05-09T21:46:11.678612344Z stdout F -A ISTIO_OUTPUT -m owner --gid-owner 1337 -j RETURN
2022-05-09T21:46:11.678617692Z stdout F -A ISTIO_OUTPUT -d 127.0.0.1/32 -j RETURN
2022-05-09T21:46:11.678622612Z stdout F -A ISTIO_OUTPUT -j ISTIO_REDIRECT
2022-05-09T21:46:11.678627511Z stdout F COMMIT
2022-05-09T21:46:11.678632784Z stdout F 2022-05-09T21:46:11.674884Z	info	Running command: iptables-restore --noflush /tmp/iptables-rules-1652132771672099508.txt3201219714
2022-05-09T21:46:11.717877904Z stdout F 2022-05-09T21:46:11.717571Z	info	Writing following contents to rules file: /tmp/ip6tables-rules-1652132771717448743.txt1632403568
2022-05-09T21:46:11.717913818Z stdout F 
2022-05-09T21:46:11.717926912Z stdout F 2022-05-09T21:46:11.717600Z	info	Running command: ip6tables-restore --noflush /tmp/ip6tables-rules-1652132771717448743.txt1632403568
2022-05-09T21:46:11.726471906Z stdout F 2022-05-09T21:46:11.725157Z	info	Running command: iptables-save 
2022-05-09T21:46:11.745700862Z stdout F 2022-05-09T21:46:11.741896Z	info	Command output: 
2022-05-09T21:46:11.745794218Z stdout F # Generated by iptables-save v1.8.4 on Mon May  9 21:46:11 2022
2022-05-09T21:46:11.745803743Z stdout F *nat
2022-05-09T21:46:11.745809729Z stdout F :PREROUTING ACCEPT [0:0]
2022-05-09T21:46:11.745814362Z stdout F :INPUT ACCEPT [0:0]
2022-05-09T21:46:11.745863165Z stdout F :OUTPUT ACCEPT [0:0]
2022-05-09T21:46:11.745875123Z stdout F :POSTROUTING ACCEPT [0:0]
2022-05-09T21:46:11.745880691Z stdout F :ISTIO_INBOUND - [0:0]
2022-05-09T21:46:11.745885686Z stdout F :ISTIO_IN_REDIRECT - [0:0]
2022-05-09T21:46:11.745890086Z stdout F :ISTIO_OUTPUT - [0:0]
2022-05-09T21:46:11.745894892Z stdout F :ISTIO_REDIRECT - [0:0]
2022-05-09T21:46:11.74589963Z stdout F -A PREROUTING -p tcp -j ISTIO_INBOUND
2022-05-09T21:46:11.745904314Z stdout F -A OUTPUT -p tcp -j ISTIO_OUTPUT
2022-05-09T21:46:11.745908996Z stdout F -A ISTIO_INBOUND -p tcp -m tcp --dport 15008 -j RETURN
2022-05-09T21:46:11.745913356Z stdout F -A ISTIO_INBOUND -p tcp -m tcp --dport 15090 -j RETURN
2022-05-09T21:46:11.745917548Z stdout F -A ISTIO_INBOUND -p tcp -m tcp --dport 15021 -j RETURN
2022-05-09T21:46:11.745921868Z stdout F -A ISTIO_INBOUND -p tcp -m tcp --dport 15020 -j RETURN
2022-05-09T21:46:11.74592636Z stdout F -A ISTIO_INBOUND -p tcp -j ISTIO_IN_REDIRECT
2022-05-09T21:46:11.745930681Z stdout F -A ISTIO_IN_REDIRECT -p tcp -j REDIRECT --to-ports 15006
2022-05-09T21:46:11.745934793Z stdout F -A ISTIO_OUTPUT -s 127.0.0.6/32 -o lo -j RETURN
2022-05-09T21:46:11.745939441Z stdout F -A ISTIO_OUTPUT ! -d 127.0.0.1/32 -o lo -m owner --uid-owner 1337 -j ISTIO_IN_REDIRECT
2022-05-09T21:46:11.745944006Z stdout F -A ISTIO_OUTPUT -o lo -m owner ! --uid-owner 1337 -j RETURN
2022-05-09T21:46:11.745948369Z stdout F -A ISTIO_OUTPUT -m owner --uid-owner 1337 -j RETURN
2022-05-09T21:46:11.745952787Z stdout F -A ISTIO_OUTPUT ! -d 127.0.0.1/32 -o lo -m owner --gid-owner 1337 -j ISTIO_IN_REDIRECT
2022-05-09T21:46:11.745957182Z stdout F -A ISTIO_OUTPUT -o lo -m owner ! --gid-owner 1337 -j RETURN
2022-05-09T21:46:11.745961364Z stdout F -A ISTIO_OUTPUT -m owner --gid-owner 1337 -j RETURN
2022-05-09T21:46:11.745965775Z stdout F -A ISTIO_OUTPUT -d 127.0.0.1/32 -j RETURN
2022-05-09T21:46:11.745970636Z stdout F -A ISTIO_OUTPUT -j ISTIO_REDIRECT
2022-05-09T21:46:11.745974982Z stdout F -A ISTIO_REDIRECT -p tcp -j REDIRECT --to-ports 15001
2022-05-09T21:46:11.745979426Z stdout F COMMIT
2022-05-09T21:46:11.745983964Z stdout F # Completed on Mon May  9 21:46:11 2022
2022-05-09T21:46:11.745987939Z stdout F 
