2022-05-09T06:53:01.886964584Z stdout F 2022-05-09T06:53:01.886661Z	info	Istio iptables environment:
2022-05-09T06:53:01.886993481Z stdout F ENVOY_PORT=
2022-05-09T06:53:01.886997743Z stdout F INBOUND_CAPTURE_PORT=
2022-05-09T06:53:01.887000895Z stdout F ISTIO_INBOUND_INTERCEPTION_MODE=
2022-05-09T06:53:01.88700342Z stdout F ISTIO_INBOUND_TPROXY_ROUTE_TABLE=
2022-05-09T06:53:01.887005705Z stdout F ISTIO_INBOUND_PORTS=
2022-05-09T06:53:01.887007883Z stdout F ISTIO_OUTBOUND_PORTS=
2022-05-09T06:53:01.887010045Z stdout F ISTIO_LOCAL_EXCLUDE_PORTS=
2022-05-09T06:53:01.887012218Z stdout F ISTIO_EXCLUDE_INTERFACES=
2022-05-09T06:53:01.88701438Z stdout F ISTIO_SERVICE_CIDR=
2022-05-09T06:53:01.887016557Z stdout F ISTIO_SERVICE_EXCLUDE_CIDR=
2022-05-09T06:53:01.887018715Z stdout F ISTIO_META_DNS_CAPTURE=
2022-05-09T06:53:01.88702084Z stdout F INVALID_DROP=
2022-05-09T06:53:01.887022929Z stdout F 
2022-05-09T06:53:01.88702508Z stdout F 2022-05-09T06:53:01.886736Z	info	Istio iptables variables:
2022-05-09T06:53:01.88702736Z stdout F PROXY_PORT=15001
2022-05-09T06:53:01.887029588Z stdout F PROXY_INBOUND_CAPTURE_PORT=15006
2022-05-09T06:53:01.887031787Z stdout F PROXY_TUNNEL_PORT=15008
2022-05-09T06:53:01.887033968Z stdout F PROXY_UID=1337
2022-05-09T06:53:01.887036131Z stdout F PROXY_GID=1337
2022-05-09T06:53:01.887038271Z stdout F INBOUND_INTERCEPTION_MODE=REDIRECT
2022-05-09T06:53:01.887040387Z stdout F INBOUND_TPROXY_MARK=1337
2022-05-09T06:53:01.887042523Z stdout F INBOUND_TPROXY_ROUTE_TABLE=133
2022-05-09T06:53:01.887044614Z stdout F INBOUND_PORTS_INCLUDE=*
2022-05-09T06:53:01.887046785Z stdout F INBOUND_PORTS_EXCLUDE=15090,15021,15020
2022-05-09T06:53:01.887048982Z stdout F OUTBOUND_IP_RANGES_INCLUDE=*
2022-05-09T06:53:01.887051112Z stdout F OUTBOUND_IP_RANGES_EXCLUDE=
2022-05-09T06:53:01.887053242Z stdout F OUTBOUND_PORTS_INCLUDE=
2022-05-09T06:53:01.887055365Z stdout F OUTBOUND_PORTS_EXCLUDE=
2022-05-09T06:53:01.887057481Z stdout F KUBE_VIRT_INTERFACES=
2022-05-09T06:53:01.887059631Z stdout F ENABLE_INBOUND_IPV6=false
2022-05-09T06:53:01.887061767Z stdout F DNS_CAPTURE=false
2022-05-09T06:53:01.88706393Z stdout F DROP_INVALID=false
2022-05-09T06:53:01.887066067Z stdout F CAPTURE_ALL_DNS=false
2022-05-09T06:53:01.887068515Z stdout F DNS_SERVERS=[],[]
2022-05-09T06:53:01.887070702Z stdout F OUTPUT_PATH=
2022-05-09T06:53:01.887073056Z stdout F NETWORK_NAMESPACE=
2022-05-09T06:53:01.887075199Z stdout F CNI_MODE=false
2022-05-09T06:53:01.887077471Z stdout F EXCLUDE_INTERFACES=
2022-05-09T06:53:01.887079495Z stdout F 
2022-05-09T06:53:01.887089332Z stdout F 2022-05-09T06:53:01.886963Z	info	Writing following contents to rules file: /tmp/iptables-rules-1652079181886792945.txt329965322
2022-05-09T06:53:01.887103121Z stdout F * nat
2022-05-09T06:53:01.887106546Z stdout F -N ISTIO_INBOUND
2022-05-09T06:53:01.887109331Z stdout F -N ISTIO_REDIRECT
2022-05-09T06:53:01.887111698Z stdout F -N ISTIO_IN_REDIRECT
2022-05-09T06:53:01.887114617Z stdout F -N ISTIO_OUTPUT
2022-05-09T06:53:01.88711739Z stdout F -A ISTIO_INBOUND -p tcp --dport 15008 -j RETURN
2022-05-09T06:53:01.887120073Z stdout F -A ISTIO_REDIRECT -p tcp -j REDIRECT --to-ports 15001
2022-05-09T06:53:01.887122231Z stdout F -A ISTIO_IN_REDIRECT -p tcp -j REDIRECT --to-ports 15006
2022-05-09T06:53:01.8871243Z stdout F -A PREROUTING -p tcp -j ISTIO_INBOUND
2022-05-09T06:53:01.887126517Z stdout F -A ISTIO_INBOUND -p tcp --dport 15090 -j RETURN
2022-05-09T06:53:01.887128638Z stdout F -A ISTIO_INBOUND -p tcp --dport 15021 -j RETURN
2022-05-09T06:53:01.887130788Z stdout F -A ISTIO_INBOUND -p tcp --dport 15020 -j RETURN
2022-05-09T06:53:01.887132917Z stdout F -A ISTIO_INBOUND -p tcp -j ISTIO_IN_REDIRECT
2022-05-09T06:53:01.887135251Z stdout F -A OUTPUT -p tcp -j ISTIO_OUTPUT
2022-05-09T06:53:01.887137408Z stdout F -A ISTIO_OUTPUT -o lo -s 127.0.0.6/32 -j RETURN
2022-05-09T06:53:01.887139885Z stdout F -A ISTIO_OUTPUT -o lo ! -d 127.0.0.1/32 -m owner --uid-owner 1337 -j ISTIO_IN_REDIRECT
2022-05-09T06:53:01.887142009Z stdout F -A ISTIO_OUTPUT -o lo -m owner ! --uid-owner 1337 -j RETURN
2022-05-09T06:53:01.887144168Z stdout F -A ISTIO_OUTPUT -m owner --uid-owner 1337 -j RETURN
2022-05-09T06:53:01.887186665Z stdout F -A ISTIO_OUTPUT -o lo ! -d 127.0.0.1/32 -m owner --gid-owner 1337 -j ISTIO_IN_REDIRECT
2022-05-09T06:53:01.887191121Z stdout F -A ISTIO_OUTPUT -o lo -m owner ! --gid-owner 1337 -j RETURN
2022-05-09T06:53:01.887193269Z stdout F -A ISTIO_OUTPUT -m owner --gid-owner 1337 -j RETURN
2022-05-09T06:53:01.887195398Z stdout F -A ISTIO_OUTPUT -d 127.0.0.1/32 -j RETURN
2022-05-09T06:53:01.887197514Z stdout F -A ISTIO_OUTPUT -j ISTIO_REDIRECT
2022-05-09T06:53:01.887199702Z stdout F COMMIT
2022-05-09T06:53:01.887202377Z stdout F 2022-05-09T06:53:01.887059Z	info	Running command: iptables-restore --noflush /tmp/iptables-rules-1652079181886792945.txt329965322
2022-05-09T06:53:01.892569071Z stdout F 2022-05-09T06:53:01.892042Z	info	Writing following contents to rules file: /tmp/ip6tables-rules-1652079181891998632.txt1520001943
2022-05-09T06:53:01.892587806Z stdout F 
2022-05-09T06:53:01.892591219Z stdout F 2022-05-09T06:53:01.892088Z	info	Running command: ip6tables-restore --noflush /tmp/ip6tables-rules-1652079181891998632.txt1520001943
2022-05-09T06:53:01.894418619Z stdout F 2022-05-09T06:53:01.894087Z	info	Running command: iptables-save 
2022-05-09T06:53:01.896707434Z stdout F 2022-05-09T06:53:01.896466Z	info	Command output: 
2022-05-09T06:53:01.896725219Z stdout F # Generated by iptables-save v1.8.4 on Mon May  9 06:53:01 2022
2022-05-09T06:53:01.896731286Z stdout F *nat
2022-05-09T06:53:01.896734552Z stdout F :PREROUTING ACCEPT [0:0]
2022-05-09T06:53:01.896736744Z stdout F :INPUT ACCEPT [0:0]
2022-05-09T06:53:01.896738936Z stdout F :OUTPUT ACCEPT [0:0]
2022-05-09T06:53:01.896741524Z stdout F :POSTROUTING ACCEPT [0:0]
2022-05-09T06:53:01.896743661Z stdout F :ISTIO_INBOUND - [0:0]
2022-05-09T06:53:01.896745788Z stdout F :ISTIO_IN_REDIRECT - [0:0]
2022-05-09T06:53:01.896752034Z stdout F :ISTIO_OUTPUT - [0:0]
2022-05-09T06:53:01.89675447Z stdout F :ISTIO_REDIRECT - [0:0]
2022-05-09T06:53:01.896756907Z stdout F -A PREROUTING -p tcp -j ISTIO_INBOUND
2022-05-09T06:53:01.896759043Z stdout F -A OUTPUT -p tcp -j ISTIO_OUTPUT
2022-05-09T06:53:01.896761167Z stdout F -A ISTIO_INBOUND -p tcp -m tcp --dport 15008 -j RETURN
2022-05-09T06:53:01.896763291Z stdout F -A ISTIO_INBOUND -p tcp -m tcp --dport 15090 -j RETURN
2022-05-09T06:53:01.896765432Z stdout F -A ISTIO_INBOUND -p tcp -m tcp --dport 15021 -j RETURN
2022-05-09T06:53:01.896767541Z stdout F -A ISTIO_INBOUND -p tcp -m tcp --dport 15020 -j RETURN
2022-05-09T06:53:01.896769651Z stdout F -A ISTIO_INBOUND -p tcp -j ISTIO_IN_REDIRECT
2022-05-09T06:53:01.896771771Z stdout F -A ISTIO_IN_REDIRECT -p tcp -j REDIRECT --to-ports 15006
2022-05-09T06:53:01.896773839Z stdout F -A ISTIO_OUTPUT -s 127.0.0.6/32 -o lo -j RETURN
2022-05-09T06:53:01.896776236Z stdout F -A ISTIO_OUTPUT ! -d 127.0.0.1/32 -o lo -m owner --uid-owner 1337 -j ISTIO_IN_REDIRECT
2022-05-09T06:53:01.896778321Z stdout F -A ISTIO_OUTPUT -o lo -m owner ! --uid-owner 1337 -j RETURN
2022-05-09T06:53:01.896780374Z stdout F -A ISTIO_OUTPUT -m owner --uid-owner 1337 -j RETURN
2022-05-09T06:53:01.896782494Z stdout F -A ISTIO_OUTPUT ! -d 127.0.0.1/32 -o lo -m owner --gid-owner 1337 -j ISTIO_IN_REDIRECT
2022-05-09T06:53:01.89678453Z stdout F -A ISTIO_OUTPUT -o lo -m owner ! --gid-owner 1337 -j RETURN
2022-05-09T06:53:01.896786578Z stdout F -A ISTIO_OUTPUT -m owner --gid-owner 1337 -j RETURN
2022-05-09T06:53:01.896788657Z stdout F -A ISTIO_OUTPUT -d 127.0.0.1/32 -j RETURN
2022-05-09T06:53:01.896790753Z stdout F -A ISTIO_OUTPUT -j ISTIO_REDIRECT
2022-05-09T06:53:01.896792841Z stdout F -A ISTIO_REDIRECT -p tcp -j REDIRECT --to-ports 15001
2022-05-09T06:53:01.896795285Z stdout F COMMIT
2022-05-09T06:53:01.896797476Z stdout F # Completed on Mon May  9 06:53:01 2022
2022-05-09T06:53:01.896799512Z stdout F 
