2022-05-09T11:47:52.284522515Z stdout F 2022-05-09T11:47:52.279865Z	info	Istio iptables environment:
2022-05-09T11:47:52.2846499Z stdout F ENVOY_PORT=
2022-05-09T11:47:52.284714652Z stdout F INBOUND_CAPTURE_PORT=
2022-05-09T11:47:52.284724325Z stdout F ISTIO_INBOUND_INTERCEPTION_MODE=
2022-05-09T11:47:52.284730356Z stdout F ISTIO_INBOUND_TPROXY_ROUTE_TABLE=
2022-05-09T11:47:52.284735313Z stdout F ISTIO_INBOUND_PORTS=
2022-05-09T11:47:52.284739932Z stdout F ISTIO_OUTBOUND_PORTS=
2022-05-09T11:47:52.284744833Z stdout F ISTIO_LOCAL_EXCLUDE_PORTS=
2022-05-09T11:47:52.284749706Z stdout F ISTIO_EXCLUDE_INTERFACES=
2022-05-09T11:47:52.284754173Z stdout F ISTIO_SERVICE_CIDR=
2022-05-09T11:47:52.28475897Z stdout F ISTIO_SERVICE_EXCLUDE_CIDR=
2022-05-09T11:47:52.284763637Z stdout F ISTIO_META_DNS_CAPTURE=
2022-05-09T11:47:52.284768656Z stdout F INVALID_DROP=
2022-05-09T11:47:52.284773192Z stdout F 
2022-05-09T11:47:52.284862053Z stdout F 2022-05-09T11:47:52.280080Z	info	Istio iptables variables:
2022-05-09T11:47:52.284878272Z stdout F PROXY_PORT=15001
2022-05-09T11:47:52.284889485Z stdout F PROXY_INBOUND_CAPTURE_PORT=15006
2022-05-09T11:47:52.284895798Z stdout F PROXY_TUNNEL_PORT=15008
2022-05-09T11:47:52.284900988Z stdout F PROXY_UID=1337
2022-05-09T11:47:52.284905886Z stdout F PROXY_GID=1337
2022-05-09T11:47:52.285010519Z stdout F INBOUND_INTERCEPTION_MODE=REDIRECT
2022-05-09T11:47:52.285022287Z stdout F INBOUND_TPROXY_MARK=1337
2022-05-09T11:47:52.285027991Z stdout F INBOUND_TPROXY_ROUTE_TABLE=133
2022-05-09T11:47:52.285033064Z stdout F INBOUND_PORTS_INCLUDE=*
2022-05-09T11:47:52.285037886Z stdout F INBOUND_PORTS_EXCLUDE=15090,15021,15020
2022-05-09T11:47:52.285042815Z stdout F OUTBOUND_IP_RANGES_INCLUDE=*
2022-05-09T11:47:52.285047453Z stdout F OUTBOUND_IP_RANGES_EXCLUDE=
2022-05-09T11:47:52.28505231Z stdout F OUTBOUND_PORTS_INCLUDE=
2022-05-09T11:47:52.285057348Z stdout F OUTBOUND_PORTS_EXCLUDE=
2022-05-09T11:47:52.28506214Z stdout F KUBE_VIRT_INTERFACES=
2022-05-09T11:47:52.285067122Z stdout F ENABLE_INBOUND_IPV6=false
2022-05-09T11:47:52.285137752Z stdout F DNS_CAPTURE=false
2022-05-09T11:47:52.285144824Z stdout F DROP_INVALID=false
2022-05-09T11:47:52.285149924Z stdout F CAPTURE_ALL_DNS=false
2022-05-09T11:47:52.285154889Z stdout F DNS_SERVERS=[],[]
2022-05-09T11:47:52.285159903Z stdout F OUTPUT_PATH=
2022-05-09T11:47:52.285164822Z stdout F NETWORK_NAMESPACE=
2022-05-09T11:47:52.285169733Z stdout F CNI_MODE=false
2022-05-09T11:47:52.28517473Z stdout F EXCLUDE_INTERFACES=
2022-05-09T11:47:52.285179365Z stdout F 
2022-05-09T11:47:52.324572667Z stdout F 2022-05-09T11:47:52.323089Z	info	Writing following contents to rules file: /tmp/iptables-rules-1652096872280161509.txt1793102997
2022-05-09T11:47:52.324602825Z stdout F * nat
2022-05-09T11:47:52.324611162Z stdout F -N ISTIO_INBOUND
2022-05-09T11:47:52.324617983Z stdout F -N ISTIO_REDIRECT
2022-05-09T11:47:52.324623367Z stdout F -N ISTIO_IN_REDIRECT
2022-05-09T11:47:52.324628721Z stdout F -N ISTIO_OUTPUT
2022-05-09T11:47:52.324634731Z stdout F -A ISTIO_INBOUND -p tcp --dport 15008 -j RETURN
2022-05-09T11:47:52.32464065Z stdout F -A ISTIO_REDIRECT -p tcp -j REDIRECT --to-ports 15001
2022-05-09T11:47:52.324645718Z stdout F -A ISTIO_IN_REDIRECT -p tcp -j REDIRECT --to-ports 15006
2022-05-09T11:47:52.324650806Z stdout F -A PREROUTING -p tcp -j ISTIO_INBOUND
2022-05-09T11:47:52.324656121Z stdout F -A ISTIO_INBOUND -p tcp --dport 15090 -j RETURN
2022-05-09T11:47:52.324661219Z stdout F -A ISTIO_INBOUND -p tcp --dport 15021 -j RETURN
2022-05-09T11:47:52.324666158Z stdout F -A ISTIO_INBOUND -p tcp --dport 15020 -j RETURN
2022-05-09T11:47:52.324670994Z stdout F -A ISTIO_INBOUND -p tcp -j ISTIO_IN_REDIRECT
2022-05-09T11:47:52.324676836Z stdout F -A OUTPUT -p tcp -j ISTIO_OUTPUT
2022-05-09T11:47:52.324681769Z stdout F -A ISTIO_OUTPUT -o lo -s 127.0.0.6/32 -j RETURN
2022-05-09T11:47:52.324687439Z stdout F -A ISTIO_OUTPUT -o lo ! -d 127.0.0.1/32 -m owner --uid-owner 1337 -j ISTIO_IN_REDIRECT
2022-05-09T11:47:52.324692723Z stdout F -A ISTIO_OUTPUT -o lo -m owner ! --uid-owner 1337 -j RETURN
2022-05-09T11:47:52.324698151Z stdout F -A ISTIO_OUTPUT -m owner --uid-owner 1337 -j RETURN
2022-05-09T11:47:52.324742191Z stdout F -A ISTIO_OUTPUT -o lo ! -d 127.0.0.1/32 -m owner --gid-owner 1337 -j ISTIO_IN_REDIRECT
2022-05-09T11:47:52.32475157Z stdout F -A ISTIO_OUTPUT -o lo -m owner ! --gid-owner 1337 -j RETURN
2022-05-09T11:47:52.32475685Z stdout F -A ISTIO_OUTPUT -m owner --gid-owner 1337 -j RETURN
2022-05-09T11:47:52.324761879Z stdout F -A ISTIO_OUTPUT -d 127.0.0.1/32 -j RETURN
2022-05-09T11:47:52.324869231Z stdout F -A ISTIO_OUTPUT -j ISTIO_REDIRECT
2022-05-09T11:47:52.324889603Z stdout F COMMIT
2022-05-09T11:47:52.324897008Z stdout F 2022-05-09T11:47:52.323177Z	info	Running command: iptables-restore --noflush /tmp/iptables-rules-1652096872280161509.txt1793102997
2022-05-09T11:47:52.337211824Z stdout F 2022-05-09T11:47:52.335980Z	info	Writing following contents to rules file: /tmp/ip6tables-rules-1652096872335682973.txt2116240286
2022-05-09T11:47:52.343883833Z stdout F 
2022-05-09T11:47:52.34395687Z stdout F 2022-05-09T11:47:52.336153Z	info	Running command: ip6tables-restore --noflush /tmp/ip6tables-rules-1652096872335682973.txt2116240286
2022-05-09T11:47:52.375990991Z stdout F 2022-05-09T11:47:52.372309Z	info	Running command: iptables-save 
2022-05-09T11:47:52.395015869Z stdout F 2022-05-09T11:47:52.390461Z	info	Command output: 
2022-05-09T11:47:52.41342632Z stdout F # Generated by iptables-save v1.8.4 on Mon May  9 11:47:52 2022
2022-05-09T11:47:52.413445615Z stdout F *nat
2022-05-09T11:47:52.413453366Z stdout F :PREROUTING ACCEPT [0:0]
2022-05-09T11:47:52.413459251Z stdout F :INPUT ACCEPT [0:0]
2022-05-09T11:47:52.413464663Z stdout F :OUTPUT ACCEPT [0:0]
2022-05-09T11:47:52.413470929Z stdout F :POSTROUTING ACCEPT [0:0]
2022-05-09T11:47:52.413476327Z stdout F :ISTIO_INBOUND - [0:0]
2022-05-09T11:47:52.413481761Z stdout F :ISTIO_IN_REDIRECT - [0:0]
2022-05-09T11:47:52.413487133Z stdout F :ISTIO_OUTPUT - [0:0]
2022-05-09T11:47:52.413492406Z stdout F :ISTIO_REDIRECT - [0:0]
2022-05-09T11:47:52.413498174Z stdout F -A PREROUTING -p tcp -j ISTIO_INBOUND
2022-05-09T11:47:52.41350319Z stdout F -A OUTPUT -p tcp -j ISTIO_OUTPUT
2022-05-09T11:47:52.413508027Z stdout F -A ISTIO_INBOUND -p tcp -m tcp --dport 15008 -j RETURN
2022-05-09T11:47:52.413513019Z stdout F -A ISTIO_INBOUND -p tcp -m tcp --dport 15090 -j RETURN
2022-05-09T11:47:52.4135179Z stdout F -A ISTIO_INBOUND -p tcp -m tcp --dport 15021 -j RETURN
2022-05-09T11:47:52.4135227Z stdout F -A ISTIO_INBOUND -p tcp -m tcp --dport 15020 -j RETURN
2022-05-09T11:47:52.413528002Z stdout F -A ISTIO_INBOUND -p tcp -j ISTIO_IN_REDIRECT
2022-05-09T11:47:52.413533237Z stdout F -A ISTIO_IN_REDIRECT -p tcp -j REDIRECT --to-ports 15006
2022-05-09T11:47:52.413538132Z stdout F -A ISTIO_OUTPUT -s 127.0.0.6/32 -o lo -j RETURN
2022-05-09T11:47:52.413543636Z stdout F -A ISTIO_OUTPUT ! -d 127.0.0.1/32 -o lo -m owner --uid-owner 1337 -j ISTIO_IN_REDIRECT
2022-05-09T11:47:52.41354919Z stdout F -A ISTIO_OUTPUT -o lo -m owner ! --uid-owner 1337 -j RETURN
2022-05-09T11:47:52.413554455Z stdout F -A ISTIO_OUTPUT -m owner --uid-owner 1337 -j RETURN
2022-05-09T11:47:52.413559519Z stdout F -A ISTIO_OUTPUT ! -d 127.0.0.1/32 -o lo -m owner --gid-owner 1337 -j ISTIO_IN_REDIRECT
2022-05-09T11:47:52.413564381Z stdout F -A ISTIO_OUTPUT -o lo -m owner ! --gid-owner 1337 -j RETURN
2022-05-09T11:47:52.413568987Z stdout F -A ISTIO_OUTPUT -m owner --gid-owner 1337 -j RETURN
2022-05-09T11:47:52.413573423Z stdout F -A ISTIO_OUTPUT -d 127.0.0.1/32 -j RETURN
2022-05-09T11:47:52.413578084Z stdout F -A ISTIO_OUTPUT -j ISTIO_REDIRECT
2022-05-09T11:47:52.413586447Z stdout F -A ISTIO_REDIRECT -p tcp -j REDIRECT --to-ports 15001
2022-05-09T11:47:52.413591729Z stdout F COMMIT
2022-05-09T11:47:52.413596599Z stdout F # Completed on Mon May  9 11:47:52 2022
2022-05-09T11:47:52.413600702Z stdout F 
