2022-05-26T05:25:18.830194946Z stdout F 2022-05-26T05:25:18.828340Z	info	Istio iptables environment:
2022-05-26T05:25:18.830228778Z stdout F ENVOY_PORT=
2022-05-26T05:25:18.830233954Z stdout F INBOUND_CAPTURE_PORT=
2022-05-26T05:25:18.830237124Z stdout F ISTIO_INBOUND_INTERCEPTION_MODE=
2022-05-26T05:25:18.830239872Z stdout F ISTIO_INBOUND_TPROXY_ROUTE_TABLE=
2022-05-26T05:25:18.830242174Z stdout F ISTIO_INBOUND_PORTS=
2022-05-26T05:25:18.830244611Z stdout F ISTIO_OUTBOUND_PORTS=
2022-05-26T05:25:18.830246907Z stdout F ISTIO_LOCAL_EXCLUDE_PORTS=
2022-05-26T05:25:18.830249099Z stdout F ISTIO_EXCLUDE_INTERFACES=
2022-05-26T05:25:18.830277438Z stdout F ISTIO_SERVICE_CIDR=
2022-05-26T05:25:18.830292808Z stdout F ISTIO_SERVICE_EXCLUDE_CIDR=
2022-05-26T05:25:18.830296909Z stdout F ISTIO_META_DNS_CAPTURE=
2022-05-26T05:25:18.8302997Z stdout F INVALID_DROP=
2022-05-26T05:25:18.83030224Z stdout F 
2022-05-26T05:25:18.830305008Z stdout F 2022-05-26T05:25:18.828394Z	info	Istio iptables variables:
2022-05-26T05:25:18.830307376Z stdout F PROXY_PORT=15001
2022-05-26T05:25:18.830310261Z stdout F PROXY_INBOUND_CAPTURE_PORT=15006
2022-05-26T05:25:18.830313948Z stdout F PROXY_TUNNEL_PORT=15008
2022-05-26T05:25:18.83031765Z stdout F PROXY_UID=1337
2022-05-26T05:25:18.830321987Z stdout F PROXY_GID=1337
2022-05-26T05:25:18.830483579Z stdout F INBOUND_INTERCEPTION_MODE=REDIRECT
2022-05-26T05:25:18.830488445Z stdout F INBOUND_TPROXY_MARK=1337
2022-05-26T05:25:18.830491441Z stdout F INBOUND_TPROXY_ROUTE_TABLE=133
2022-05-26T05:25:18.830493779Z stdout F INBOUND_PORTS_INCLUDE=*
2022-05-26T05:25:18.830496064Z stdout F INBOUND_PORTS_EXCLUDE=15090,15021,15020
2022-05-26T05:25:18.830498286Z stdout F OUTBOUND_IP_RANGES_INCLUDE=*
2022-05-26T05:25:18.830500528Z stdout F OUTBOUND_IP_RANGES_EXCLUDE=
2022-05-26T05:25:18.830502726Z stdout F OUTBOUND_PORTS_INCLUDE=
2022-05-26T05:25:18.830504959Z stdout F OUTBOUND_PORTS_EXCLUDE=
2022-05-26T05:25:18.830507128Z stdout F KUBE_VIRT_INTERFACES=
2022-05-26T05:25:18.830509447Z stdout F ENABLE_INBOUND_IPV6=false
2022-05-26T05:25:18.830511736Z stdout F DNS_CAPTURE=false
2022-05-26T05:25:18.830513977Z stdout F DROP_INVALID=false
2022-05-26T05:25:18.830516241Z stdout F CAPTURE_ALL_DNS=false
2022-05-26T05:25:18.83051853Z stdout F DNS_SERVERS=[],[]
2022-05-26T05:25:18.830521005Z stdout F OUTPUT_PATH=
2022-05-26T05:25:18.830523323Z stdout F NETWORK_NAMESPACE=
2022-05-26T05:25:18.830525643Z stdout F CNI_MODE=false
2022-05-26T05:25:18.830528082Z stdout F EXCLUDE_INTERFACES=
2022-05-26T05:25:18.830530252Z stdout F 
2022-05-26T05:25:18.830532973Z stdout F 2022-05-26T05:25:18.828597Z	info	Writing following contents to rules file: /tmp/iptables-rules-1653542718828432181.txt200837845
2022-05-26T05:25:18.830535269Z stdout F * nat
2022-05-26T05:25:18.830537555Z stdout F -N ISTIO_INBOUND
2022-05-26T05:25:18.83053981Z stdout F -N ISTIO_REDIRECT
2022-05-26T05:25:18.830542084Z stdout F -N ISTIO_IN_REDIRECT
2022-05-26T05:25:18.83054432Z stdout F -N ISTIO_OUTPUT
2022-05-26T05:25:18.830546713Z stdout F -A ISTIO_INBOUND -p tcp --dport 15008 -j RETURN
2022-05-26T05:25:18.830549222Z stdout F -A ISTIO_REDIRECT -p tcp -j REDIRECT --to-ports 15001
2022-05-26T05:25:18.830551462Z stdout F -A ISTIO_IN_REDIRECT -p tcp -j REDIRECT --to-ports 15006
2022-05-26T05:25:18.830553628Z stdout F -A PREROUTING -p tcp -j ISTIO_INBOUND
2022-05-26T05:25:18.830565526Z stdout F -A ISTIO_INBOUND -p tcp --dport 15090 -j RETURN
2022-05-26T05:25:18.830571074Z stdout F -A ISTIO_INBOUND -p tcp --dport 15021 -j RETURN
2022-05-26T05:25:18.830573442Z stdout F -A ISTIO_INBOUND -p tcp --dport 15020 -j RETURN
2022-05-26T05:25:18.830575757Z stdout F -A ISTIO_INBOUND -p tcp -j ISTIO_IN_REDIRECT
2022-05-26T05:25:18.830578075Z stdout F -A OUTPUT -p tcp -j ISTIO_OUTPUT
2022-05-26T05:25:18.830580306Z stdout F -A ISTIO_OUTPUT -o lo -s 127.0.0.6/32 -j RETURN
2022-05-26T05:25:18.830583182Z stdout F -A ISTIO_OUTPUT -o lo ! -d 127.0.0.1/32 -m owner --uid-owner 1337 -j ISTIO_IN_REDIRECT
2022-05-26T05:25:18.830585376Z stdout F -A ISTIO_OUTPUT -o lo -m owner ! --uid-owner 1337 -j RETURN
2022-05-26T05:25:18.830587646Z stdout F -A ISTIO_OUTPUT -m owner --uid-owner 1337 -j RETURN
2022-05-26T05:25:18.830620667Z stdout F -A ISTIO_OUTPUT -o lo ! -d 127.0.0.1/32 -m owner --gid-owner 1337 -j ISTIO_IN_REDIRECT
2022-05-26T05:25:18.830625159Z stdout F -A ISTIO_OUTPUT -o lo -m owner ! --gid-owner 1337 -j RETURN
2022-05-26T05:25:18.830627466Z stdout F -A ISTIO_OUTPUT -m owner --gid-owner 1337 -j RETURN
2022-05-26T05:25:18.830629795Z stdout F -A ISTIO_OUTPUT -d 127.0.0.1/32 -j RETURN
2022-05-26T05:25:18.830632004Z stdout F -A ISTIO_OUTPUT -j ISTIO_REDIRECT
2022-05-26T05:25:18.830634242Z stdout F COMMIT
2022-05-26T05:25:18.830637562Z stdout F 2022-05-26T05:25:18.828625Z	info	Running command: iptables-restore --noflush /tmp/iptables-rules-1653542718828432181.txt200837845
2022-05-26T05:25:18.836028898Z stdout F 2022-05-26T05:25:18.835320Z	info	Writing following contents to rules file: /tmp/ip6tables-rules-1653542718835268182.txt972295617
2022-05-26T05:25:18.836053515Z stdout F 
2022-05-26T05:25:18.836061064Z stdout F 2022-05-26T05:25:18.835376Z	info	Running command: ip6tables-restore --noflush /tmp/ip6tables-rules-1653542718835268182.txt972295617
2022-05-26T05:25:18.839970514Z stdout F 2022-05-26T05:25:18.838500Z	info	Running command: iptables-save 
2022-05-26T05:25:18.842082312Z stdout F 2022-05-26T05:25:18.841848Z	info	Command output: 
2022-05-26T05:25:18.842107161Z stdout F # Generated by iptables-save v1.8.4 on Thu May 26 05:25:18 2022
2022-05-26T05:25:18.842110767Z stdout F *nat
2022-05-26T05:25:18.842113778Z stdout F :PREROUTING ACCEPT [0:0]
2022-05-26T05:25:18.842116113Z stdout F :INPUT ACCEPT [0:0]
2022-05-26T05:25:18.842118601Z stdout F :OUTPUT ACCEPT [0:0]
2022-05-26T05:25:18.842121304Z stdout F :POSTROUTING ACCEPT [0:0]
2022-05-26T05:25:18.842123571Z stdout F :ISTIO_INBOUND - [0:0]
2022-05-26T05:25:18.842140574Z stdout F :ISTIO_IN_REDIRECT - [0:0]
2022-05-26T05:25:18.842146033Z stdout F :ISTIO_OUTPUT - [0:0]
2022-05-26T05:25:18.842148535Z stdout F :ISTIO_REDIRECT - [0:0]
2022-05-26T05:25:18.842151546Z stdout F -A PREROUTING -p tcp -j ISTIO_INBOUND
2022-05-26T05:25:18.842153869Z stdout F -A OUTPUT -p tcp -j ISTIO_OUTPUT
2022-05-26T05:25:18.842156227Z stdout F -A ISTIO_INBOUND -p tcp -m tcp --dport 15008 -j RETURN
2022-05-26T05:25:18.842158492Z stdout F -A ISTIO_INBOUND -p tcp -m tcp --dport 15090 -j RETURN
2022-05-26T05:25:18.842160735Z stdout F -A ISTIO_INBOUND -p tcp -m tcp --dport 15021 -j RETURN
2022-05-26T05:25:18.842162976Z stdout F -A ISTIO_INBOUND -p tcp -m tcp --dport 15020 -j RETURN
2022-05-26T05:25:18.842165246Z stdout F -A ISTIO_INBOUND -p tcp -j ISTIO_IN_REDIRECT
2022-05-26T05:25:18.842167486Z stdout F -A ISTIO_IN_REDIRECT -p tcp -j REDIRECT --to-ports 15006
2022-05-26T05:25:18.842169647Z stdout F -A ISTIO_OUTPUT -s 127.0.0.6/32 -o lo -j RETURN
2022-05-26T05:25:18.842172537Z stdout F -A ISTIO_OUTPUT ! -d 127.0.0.1/32 -o lo -m owner --uid-owner 1337 -j ISTIO_IN_REDIRECT
2022-05-26T05:25:18.842174855Z stdout F -A ISTIO_OUTPUT -o lo -m owner ! --uid-owner 1337 -j RETURN
2022-05-26T05:25:18.842177087Z stdout F -A ISTIO_OUTPUT -m owner --uid-owner 1337 -j RETURN
2022-05-26T05:25:18.842179376Z stdout F -A ISTIO_OUTPUT ! -d 127.0.0.1/32 -o lo -m owner --gid-owner 1337 -j ISTIO_IN_REDIRECT
2022-05-26T05:25:18.842181632Z stdout F -A ISTIO_OUTPUT -o lo -m owner ! --gid-owner 1337 -j RETURN
2022-05-26T05:25:18.842183847Z stdout F -A ISTIO_OUTPUT -m owner --gid-owner 1337 -j RETURN
2022-05-26T05:25:18.842186119Z stdout F -A ISTIO_OUTPUT -d 127.0.0.1/32 -j RETURN
2022-05-26T05:25:18.842188346Z stdout F -A ISTIO_OUTPUT -j ISTIO_REDIRECT
2022-05-26T05:25:18.842190608Z stdout F -A ISTIO_REDIRECT -p tcp -j REDIRECT --to-ports 15001
2022-05-26T05:25:18.842193289Z stdout F COMMIT
2022-05-26T05:25:18.842195617Z stdout F # Completed on Thu May 26 05:25:18 2022
2022-05-26T05:25:18.842197777Z stdout F 
