2022-04-27T06:19:58.114740412Z stdout F 2022-04-27T06:19:58.086428Z	info	Istio iptables environment:
2022-04-27T06:19:58.117135457Z stdout F ENVOY_PORT=
2022-04-27T06:19:58.117185648Z stdout F INBOUND_CAPTURE_PORT=
2022-04-27T06:19:58.117287895Z stdout F ISTIO_INBOUND_INTERCEPTION_MODE=
2022-04-27T06:19:58.117312928Z stdout F ISTIO_INBOUND_TPROXY_ROUTE_TABLE=
2022-04-27T06:19:58.117328513Z stdout F ISTIO_INBOUND_PORTS=
2022-04-27T06:19:58.117341952Z stdout F ISTIO_OUTBOUND_PORTS=
2022-04-27T06:19:58.117354717Z stdout F ISTIO_LOCAL_EXCLUDE_PORTS=
2022-04-27T06:19:58.117367538Z stdout F ISTIO_EXCLUDE_INTERFACES=
2022-04-27T06:19:58.117380685Z stdout F ISTIO_SERVICE_CIDR=
2022-04-27T06:19:58.117393505Z stdout F ISTIO_SERVICE_EXCLUDE_CIDR=
2022-04-27T06:19:58.117406695Z stdout F ISTIO_META_DNS_CAPTURE=
2022-04-27T06:19:58.117420309Z stdout F INVALID_DROP=
2022-04-27T06:19:58.117432642Z stdout F 
2022-04-27T06:19:58.117446833Z stdout F 2022-04-27T06:19:58.086652Z	info	Istio iptables variables:
2022-04-27T06:19:58.117459902Z stdout F PROXY_PORT=15001
2022-04-27T06:19:58.117473088Z stdout F PROXY_INBOUND_CAPTURE_PORT=15006
2022-04-27T06:19:58.117486737Z stdout F PROXY_TUNNEL_PORT=15008
2022-04-27T06:19:58.11749998Z stdout F PROXY_UID=1337
2022-04-27T06:19:58.117513489Z stdout F PROXY_GID=1337
2022-04-27T06:19:58.117526907Z stdout F INBOUND_INTERCEPTION_MODE=REDIRECT
2022-04-27T06:19:58.117540437Z stdout F INBOUND_TPROXY_MARK=1337
2022-04-27T06:19:58.117553441Z stdout F INBOUND_TPROXY_ROUTE_TABLE=133
2022-04-27T06:19:58.117568066Z stdout F INBOUND_PORTS_INCLUDE=*
2022-04-27T06:19:58.117582237Z stdout F INBOUND_PORTS_EXCLUDE=15090,15021,15020
2022-04-27T06:19:58.117595257Z stdout F OUTBOUND_IP_RANGES_INCLUDE=*
2022-04-27T06:19:58.117608759Z stdout F OUTBOUND_IP_RANGES_EXCLUDE=
2022-04-27T06:19:58.117622017Z stdout F OUTBOUND_PORTS_INCLUDE=
2022-04-27T06:19:58.117635435Z stdout F OUTBOUND_PORTS_EXCLUDE=
2022-04-27T06:19:58.117648808Z stdout F KUBE_VIRT_INTERFACES=
2022-04-27T06:19:58.117662042Z stdout F ENABLE_INBOUND_IPV6=false
2022-04-27T06:19:58.117674841Z stdout F DNS_CAPTURE=false
2022-04-27T06:19:58.117687832Z stdout F DROP_INVALID=false
2022-04-27T06:19:58.117701281Z stdout F CAPTURE_ALL_DNS=false
2022-04-27T06:19:58.117714449Z stdout F DNS_SERVERS=[],[]
2022-04-27T06:19:58.117896438Z stdout F OUTPUT_PATH=
2022-04-27T06:19:58.118033179Z stdout F NETWORK_NAMESPACE=
2022-04-27T06:19:58.11805342Z stdout F CNI_MODE=false
2022-04-27T06:19:58.118067805Z stdout F EXCLUDE_INTERFACES=
2022-04-27T06:19:58.118081202Z stdout F 
2022-04-27T06:19:58.118095315Z stdout F 2022-04-27T06:19:58.088025Z	info	Writing following contents to rules file: /tmp/iptables-rules-1651040398086818559.txt2876183263
2022-04-27T06:19:58.118109767Z stdout F * nat
2022-04-27T06:19:58.118123567Z stdout F -N ISTIO_INBOUND
2022-04-27T06:19:58.11813741Z stdout F -N ISTIO_REDIRECT
2022-04-27T06:19:58.118187593Z stdout F -N ISTIO_IN_REDIRECT
2022-04-27T06:19:58.118212632Z stdout F -N ISTIO_OUTPUT
2022-04-27T06:19:58.118229074Z stdout F -A ISTIO_INBOUND -p tcp --dport 15008 -j RETURN
2022-04-27T06:19:58.118242969Z stdout F -A ISTIO_REDIRECT -p tcp -j REDIRECT --to-ports 15001
2022-04-27T06:19:58.11825585Z stdout F -A ISTIO_IN_REDIRECT -p tcp -j REDIRECT --to-ports 15006
2022-04-27T06:19:58.118268386Z stdout F -A PREROUTING -p tcp -j ISTIO_INBOUND
2022-04-27T06:19:58.11828068Z stdout F -A ISTIO_INBOUND -p tcp --dport 15090 -j RETURN
2022-04-27T06:19:58.118293557Z stdout F -A ISTIO_INBOUND -p tcp --dport 15021 -j RETURN
2022-04-27T06:19:58.118306431Z stdout F -A ISTIO_INBOUND -p tcp --dport 15020 -j RETURN
2022-04-27T06:19:58.118319334Z stdout F -A ISTIO_INBOUND -p tcp -j ISTIO_IN_REDIRECT
2022-04-27T06:19:58.118332457Z stdout F -A OUTPUT -p tcp -j ISTIO_OUTPUT
2022-04-27T06:19:58.118346497Z stdout F -A ISTIO_OUTPUT -o lo -s 127.0.0.6/32 -j RETURN
2022-04-27T06:19:58.118360483Z stdout F -A ISTIO_OUTPUT -o lo ! -d 127.0.0.1/32 -m owner --uid-owner 1337 -j ISTIO_IN_REDIRECT
2022-04-27T06:19:58.118373381Z stdout F -A ISTIO_OUTPUT -o lo -m owner ! --uid-owner 1337 -j RETURN
2022-04-27T06:19:58.119320067Z stdout F -A ISTIO_OUTPUT -m owner --uid-owner 1337 -j RETURN
2022-04-27T06:19:58.11940466Z stdout F -A ISTIO_OUTPUT -o lo ! -d 127.0.0.1/32 -m owner --gid-owner 1337 -j ISTIO_IN_REDIRECT
2022-04-27T06:19:58.119539049Z stdout F -A ISTIO_OUTPUT -o lo -m owner ! --gid-owner 1337 -j RETURN
2022-04-27T06:19:58.119567995Z stdout F -A ISTIO_OUTPUT -m owner --gid-owner 1337 -j RETURN
2022-04-27T06:19:58.119583259Z stdout F -A ISTIO_OUTPUT -d 127.0.0.1/32 -j RETURN
2022-04-27T06:19:58.119594579Z stdout F -A ISTIO_OUTPUT -j ISTIO_REDIRECT
2022-04-27T06:19:58.119606289Z stdout F COMMIT
2022-04-27T06:19:58.119645653Z stdout F 2022-04-27T06:19:58.088637Z	info	Running command: iptables-restore --noflush /tmp/iptables-rules-1651040398086818559.txt2876183263
2022-04-27T06:19:58.174539569Z stdout F 2022-04-27T06:19:58.155585Z	info	Writing following contents to rules file: /tmp/ip6tables-rules-1651040398155193068.txt1829624100
2022-04-27T06:19:58.184467859Z stdout F 
2022-04-27T06:19:58.184516483Z stdout F 2022-04-27T06:19:58.156196Z	info	Running command: ip6tables-restore --noflush /tmp/ip6tables-rules-1651040398155193068.txt1829624100
2022-04-27T06:19:58.326988319Z stdout F 2022-04-27T06:19:58.321646Z	info	Running command: iptables-save 
2022-04-27T06:19:58.374190778Z stdout F 2022-04-27T06:19:58.368579Z	info	Command output: 
2022-04-27T06:19:58.374273629Z stdout F # Generated by iptables-save v1.8.4 on Wed Apr 27 06:19:58 2022
2022-04-27T06:19:58.374297135Z stdout F *nat
2022-04-27T06:19:58.374314099Z stdout F :PREROUTING ACCEPT [0:0]
2022-04-27T06:19:58.374327664Z stdout F :INPUT ACCEPT [0:0]
2022-04-27T06:19:58.374339599Z stdout F :OUTPUT ACCEPT [0:0]
2022-04-27T06:19:58.374353254Z stdout F :POSTROUTING ACCEPT [0:0]
2022-04-27T06:19:58.3743654Z stdout F :ISTIO_INBOUND - [0:0]
2022-04-27T06:19:58.374378086Z stdout F :ISTIO_IN_REDIRECT - [0:0]
2022-04-27T06:19:58.374390103Z stdout F :ISTIO_OUTPUT - [0:0]
2022-04-27T06:19:58.374404219Z stdout F :ISTIO_REDIRECT - [0:0]
2022-04-27T06:19:58.374417838Z stdout F -A PREROUTING -p tcp -j ISTIO_INBOUND
2022-04-27T06:19:58.374430814Z stdout F -A OUTPUT -p tcp -j ISTIO_OUTPUT
2022-04-27T06:19:58.374443865Z stdout F -A ISTIO_INBOUND -p tcp -m tcp --dport 15008 -j RETURN
2022-04-27T06:19:58.374457115Z stdout F -A ISTIO_INBOUND -p tcp -m tcp --dport 15090 -j RETURN
2022-04-27T06:19:58.374469704Z stdout F -A ISTIO_INBOUND -p tcp -m tcp --dport 15021 -j RETURN
2022-04-27T06:19:58.374482285Z stdout F -A ISTIO_INBOUND -p tcp -m tcp --dport 15020 -j RETURN
2022-04-27T06:19:58.374584261Z stdout F -A ISTIO_INBOUND -p tcp -j ISTIO_IN_REDIRECT
2022-04-27T06:19:58.374623248Z stdout F -A ISTIO_IN_REDIRECT -p tcp -j REDIRECT --to-ports 15006
2022-04-27T06:19:58.374633987Z stdout F -A ISTIO_OUTPUT -s 127.0.0.6/32 -o lo -j RETURN
2022-04-27T06:19:58.374671516Z stdout F -A ISTIO_OUTPUT ! -d 127.0.0.1/32 -o lo -m owner --uid-owner 1337 -j ISTIO_IN_REDIRECT
2022-04-27T06:19:58.374725045Z stdout F -A ISTIO_OUTPUT -o lo -m owner ! --uid-owner 1337 -j RETURN
2022-04-27T06:19:58.374742701Z stdout F -A ISTIO_OUTPUT -m owner --uid-owner 1337 -j RETURN
2022-04-27T06:19:58.374755193Z stdout F -A ISTIO_OUTPUT ! -d 127.0.0.1/32 -o lo -m owner --gid-owner 1337 -j ISTIO_IN_REDIRECT
2022-04-27T06:19:58.374767523Z stdout F -A ISTIO_OUTPUT -o lo -m owner ! --gid-owner 1337 -j RETURN
2022-04-27T06:19:58.374779916Z stdout F -A ISTIO_OUTPUT -m owner --gid-owner 1337 -j RETURN
2022-04-27T06:19:58.374791594Z stdout F -A ISTIO_OUTPUT -d 127.0.0.1/32 -j RETURN
2022-04-27T06:19:58.374803517Z stdout F -A ISTIO_OUTPUT -j ISTIO_REDIRECT
2022-04-27T06:19:58.374815328Z stdout F -A ISTIO_REDIRECT -p tcp -j REDIRECT --to-ports 15001
2022-04-27T06:19:58.374827703Z stdout F COMMIT
2022-04-27T06:19:58.374840102Z stdout F # Completed on Wed Apr 27 06:19:58 2022
2022-04-27T06:19:58.37485147Z stdout F 
