2022-05-26T05:25:20.866189608Z stdout F 2022-05-26T05:25:20.865875Z	info	Istio iptables environment:
2022-05-26T05:25:20.866211302Z stdout F ENVOY_PORT=
2022-05-26T05:25:20.866214792Z stdout F INBOUND_CAPTURE_PORT=
2022-05-26T05:25:20.86621745Z stdout F ISTIO_INBOUND_INTERCEPTION_MODE=
2022-05-26T05:25:20.866219937Z stdout F ISTIO_INBOUND_TPROXY_ROUTE_TABLE=
2022-05-26T05:25:20.866221907Z stdout F ISTIO_INBOUND_PORTS=
2022-05-26T05:25:20.86622383Z stdout F ISTIO_OUTBOUND_PORTS=
2022-05-26T05:25:20.866225754Z stdout F ISTIO_LOCAL_EXCLUDE_PORTS=
2022-05-26T05:25:20.866227655Z stdout F ISTIO_EXCLUDE_INTERFACES=
2022-05-26T05:25:20.866229653Z stdout F ISTIO_SERVICE_CIDR=
2022-05-26T05:25:20.866231539Z stdout F ISTIO_SERVICE_EXCLUDE_CIDR=
2022-05-26T05:25:20.86623344Z stdout F ISTIO_META_DNS_CAPTURE=
2022-05-26T05:25:20.866251392Z stdout F INVALID_DROP=
2022-05-26T05:25:20.866253295Z stdout F 
2022-05-26T05:25:20.866255092Z stdout F 2022-05-26T05:25:20.865963Z	info	Istio iptables variables:
2022-05-26T05:25:20.866256827Z stdout F PROXY_PORT=15001
2022-05-26T05:25:20.866258615Z stdout F PROXY_INBOUND_CAPTURE_PORT=15006
2022-05-26T05:25:20.866282048Z stdout F PROXY_TUNNEL_PORT=15008
2022-05-26T05:25:20.866284089Z stdout F PROXY_UID=1337
2022-05-26T05:25:20.866286056Z stdout F PROXY_GID=1337
2022-05-26T05:25:20.86628807Z stdout F INBOUND_INTERCEPTION_MODE=REDIRECT
2022-05-26T05:25:20.866290031Z stdout F INBOUND_TPROXY_MARK=1337
2022-05-26T05:25:20.86629197Z stdout F INBOUND_TPROXY_ROUTE_TABLE=133
2022-05-26T05:25:20.866293883Z stdout F INBOUND_PORTS_INCLUDE=*
2022-05-26T05:25:20.86629582Z stdout F INBOUND_PORTS_EXCLUDE=15090,15021,15020
2022-05-26T05:25:20.866297794Z stdout F OUTBOUND_IP_RANGES_INCLUDE=*
2022-05-26T05:25:20.866299685Z stdout F OUTBOUND_IP_RANGES_EXCLUDE=
2022-05-26T05:25:20.866301587Z stdout F OUTBOUND_PORTS_INCLUDE=
2022-05-26T05:25:20.866303473Z stdout F OUTBOUND_PORTS_EXCLUDE=
2022-05-26T05:25:20.866305384Z stdout F KUBE_VIRT_INTERFACES=
2022-05-26T05:25:20.866307313Z stdout F ENABLE_INBOUND_IPV6=false
2022-05-26T05:25:20.866309173Z stdout F DNS_CAPTURE=false
2022-05-26T05:25:20.866311078Z stdout F DROP_INVALID=false
2022-05-26T05:25:20.866313052Z stdout F CAPTURE_ALL_DNS=false
2022-05-26T05:25:20.86631498Z stdout F DNS_SERVERS=[],[]
2022-05-26T05:25:20.866316976Z stdout F OUTPUT_PATH=
2022-05-26T05:25:20.86631891Z stdout F NETWORK_NAMESPACE=
2022-05-26T05:25:20.866321144Z stdout F CNI_MODE=false
2022-05-26T05:25:20.866323112Z stdout F EXCLUDE_INTERFACES=
2022-05-26T05:25:20.866324879Z stdout F 
2022-05-26T05:25:20.866993971Z stdout F 2022-05-26T05:25:20.866203Z	info	Writing following contents to rules file: /tmp/iptables-rules-1653542720866039083.txt2367702705
2022-05-26T05:25:20.867037573Z stdout F * nat
2022-05-26T05:25:20.867055568Z stdout F -N ISTIO_INBOUND
2022-05-26T05:25:20.867057966Z stdout F -N ISTIO_REDIRECT
2022-05-26T05:25:20.867059708Z stdout F -N ISTIO_IN_REDIRECT
2022-05-26T05:25:20.867081048Z stdout F -N ISTIO_OUTPUT
2022-05-26T05:25:20.867083249Z stdout F -A ISTIO_INBOUND -p tcp --dport 15008 -j RETURN
2022-05-26T05:25:20.867094753Z stdout F -A ISTIO_REDIRECT -p tcp -j REDIRECT --to-ports 15001
2022-05-26T05:25:20.867119225Z stdout F -A ISTIO_IN_REDIRECT -p tcp -j REDIRECT --to-ports 15006
2022-05-26T05:25:20.86712125Z stdout F -A PREROUTING -p tcp -j ISTIO_INBOUND
2022-05-26T05:25:20.867123275Z stdout F -A ISTIO_INBOUND -p tcp --dport 15090 -j RETURN
2022-05-26T05:25:20.867125197Z stdout F -A ISTIO_INBOUND -p tcp --dport 15021 -j RETURN
2022-05-26T05:25:20.867127107Z stdout F -A ISTIO_INBOUND -p tcp --dport 15020 -j RETURN
2022-05-26T05:25:20.867129018Z stdout F -A ISTIO_INBOUND -p tcp -j ISTIO_IN_REDIRECT
2022-05-26T05:25:20.86713125Z stdout F -A OUTPUT -p tcp -j ISTIO_OUTPUT
2022-05-26T05:25:20.867133155Z stdout F -A ISTIO_OUTPUT -o lo -s 127.0.0.6/32 -j RETURN
2022-05-26T05:25:20.867136595Z stdout F -A ISTIO_OUTPUT -o lo ! -d 127.0.0.1/32 -m owner --uid-owner 1337 -j ISTIO_IN_REDIRECT
2022-05-26T05:25:20.867138698Z stdout F -A ISTIO_OUTPUT -o lo -m owner ! --uid-owner 1337 -j RETURN
2022-05-26T05:25:20.867140621Z stdout F -A ISTIO_OUTPUT -m owner --uid-owner 1337 -j RETURN
2022-05-26T05:25:20.867152764Z stdout F -A ISTIO_OUTPUT -o lo ! -d 127.0.0.1/32 -m owner --gid-owner 1337 -j ISTIO_IN_REDIRECT
2022-05-26T05:25:20.867155223Z stdout F -A ISTIO_OUTPUT -o lo -m owner ! --gid-owner 1337 -j RETURN
2022-05-26T05:25:20.867157085Z stdout F -A ISTIO_OUTPUT -m owner --gid-owner 1337 -j RETURN
2022-05-26T05:25:20.867173086Z stdout F -A ISTIO_OUTPUT -d 127.0.0.1/32 -j RETURN
2022-05-26T05:25:20.867174851Z stdout F -A ISTIO_OUTPUT -j ISTIO_REDIRECT
2022-05-26T05:25:20.867176728Z stdout F COMMIT
2022-05-26T05:25:20.86717909Z stdout F 2022-05-26T05:25:20.866298Z	info	Running command: iptables-restore --noflush /tmp/iptables-rules-1653542720866039083.txt2367702705
2022-05-26T05:25:20.876886782Z stdout F 2022-05-26T05:25:20.876478Z	info	Writing following contents to rules file: /tmp/ip6tables-rules-1653542720876420786.txt1783416269
2022-05-26T05:25:20.87691745Z stdout F 
2022-05-26T05:25:20.876921956Z stdout F 2022-05-26T05:25:20.876604Z	info	Running command: ip6tables-restore --noflush /tmp/ip6tables-rules-1653542720876420786.txt1783416269
2022-05-26T05:25:20.879492515Z stdout F 2022-05-26T05:25:20.879248Z	info	Running command: iptables-save 
2022-05-26T05:25:20.883564735Z stdout F 2022-05-26T05:25:20.883366Z	info	Command output: 
2022-05-26T05:25:20.883575583Z stdout F # Generated by iptables-save v1.8.4 on Thu May 26 05:25:20 2022
2022-05-26T05:25:20.883580233Z stdout F *nat
2022-05-26T05:25:20.883599151Z stdout F :PREROUTING ACCEPT [0:0]
2022-05-26T05:25:20.8836011Z stdout F :INPUT ACCEPT [0:0]
2022-05-26T05:25:20.883603202Z stdout F :OUTPUT ACCEPT [0:0]
2022-05-26T05:25:20.883605358Z stdout F :POSTROUTING ACCEPT [0:0]
2022-05-26T05:25:20.883607351Z stdout F :ISTIO_INBOUND - [0:0]
2022-05-26T05:25:20.883609305Z stdout F :ISTIO_IN_REDIRECT - [0:0]
2022-05-26T05:25:20.883611162Z stdout F :ISTIO_OUTPUT - [0:0]
2022-05-26T05:25:20.883612992Z stdout F :ISTIO_REDIRECT - [0:0]
2022-05-26T05:25:20.883615356Z stdout F -A PREROUTING -p tcp -j ISTIO_INBOUND
2022-05-26T05:25:20.88361723Z stdout F -A OUTPUT -p tcp -j ISTIO_OUTPUT
2022-05-26T05:25:20.88361917Z stdout F -A ISTIO_INBOUND -p tcp -m tcp --dport 15008 -j RETURN
2022-05-26T05:25:20.883621117Z stdout F -A ISTIO_INBOUND -p tcp -m tcp --dport 15090 -j RETURN
2022-05-26T05:25:20.883623039Z stdout F -A ISTIO_INBOUND -p tcp -m tcp --dport 15021 -j RETURN
2022-05-26T05:25:20.883624864Z stdout F -A ISTIO_INBOUND -p tcp -m tcp --dport 15020 -j RETURN
2022-05-26T05:25:20.883626668Z stdout F -A ISTIO_INBOUND -p tcp -j ISTIO_IN_REDIRECT
2022-05-26T05:25:20.883628501Z stdout F -A ISTIO_IN_REDIRECT -p tcp -j REDIRECT --to-ports 15006
2022-05-26T05:25:20.883630298Z stdout F -A ISTIO_OUTPUT -s 127.0.0.6/32 -o lo -j RETURN
2022-05-26T05:25:20.883632342Z stdout F -A ISTIO_OUTPUT ! -d 127.0.0.1/32 -o lo -m owner --uid-owner 1337 -j ISTIO_IN_REDIRECT
2022-05-26T05:25:20.883634154Z stdout F -A ISTIO_OUTPUT -o lo -m owner ! --uid-owner 1337 -j RETURN
2022-05-26T05:25:20.883636088Z stdout F -A ISTIO_OUTPUT -m owner --uid-owner 1337 -j RETURN
2022-05-26T05:25:20.883638002Z stdout F -A ISTIO_OUTPUT ! -d 127.0.0.1/32 -o lo -m owner --gid-owner 1337 -j ISTIO_IN_REDIRECT
2022-05-26T05:25:20.883639799Z stdout F -A ISTIO_OUTPUT -o lo -m owner ! --gid-owner 1337 -j RETURN
2022-05-26T05:25:20.883641572Z stdout F -A ISTIO_OUTPUT -m owner --gid-owner 1337 -j RETURN
2022-05-26T05:25:20.883643385Z stdout F -A ISTIO_OUTPUT -d 127.0.0.1/32 -j RETURN
2022-05-26T05:25:20.883645225Z stdout F -A ISTIO_OUTPUT -j ISTIO_REDIRECT
2022-05-26T05:25:20.883647057Z stdout F -A ISTIO_REDIRECT -p tcp -j REDIRECT --to-ports 15001
2022-05-26T05:25:20.883648939Z stdout F COMMIT
2022-05-26T05:25:20.883650958Z stdout F # Completed on Thu May 26 05:25:20 2022
2022-05-26T05:25:20.883652816Z stdout F 
