2022-04-27T06:19:33.80096671Z stdout F 2022-04-27T06:19:33.798791Z	info	Istio iptables environment:
2022-04-27T06:19:33.801073115Z stdout F ENVOY_PORT=
2022-04-27T06:19:33.801091001Z stdout F INBOUND_CAPTURE_PORT=
2022-04-27T06:19:33.801100825Z stdout F ISTIO_INBOUND_INTERCEPTION_MODE=
2022-04-27T06:19:33.801109348Z stdout F ISTIO_INBOUND_TPROXY_ROUTE_TABLE=
2022-04-27T06:19:33.801117895Z stdout F ISTIO_INBOUND_PORTS=
2022-04-27T06:19:33.801125177Z stdout F ISTIO_OUTBOUND_PORTS=
2022-04-27T06:19:33.801132099Z stdout F ISTIO_LOCAL_EXCLUDE_PORTS=
2022-04-27T06:19:33.801138579Z stdout F ISTIO_EXCLUDE_INTERFACES=
2022-04-27T06:19:33.801144957Z stdout F ISTIO_SERVICE_CIDR=
2022-04-27T06:19:33.801154892Z stdout F ISTIO_SERVICE_EXCLUDE_CIDR=
2022-04-27T06:19:33.801168833Z stdout F ISTIO_META_DNS_CAPTURE=
2022-04-27T06:19:33.801230876Z stdout F INVALID_DROP=
2022-04-27T06:19:33.801250736Z stdout F 
2022-04-27T06:19:33.801266906Z stdout F 2022-04-27T06:19:33.798902Z	info	Istio iptables variables:
2022-04-27T06:19:33.801275593Z stdout F PROXY_PORT=15001
2022-04-27T06:19:33.801282954Z stdout F PROXY_INBOUND_CAPTURE_PORT=15006
2022-04-27T06:19:33.801290186Z stdout F PROXY_TUNNEL_PORT=15008
2022-04-27T06:19:33.801297221Z stdout F PROXY_UID=1337
2022-04-27T06:19:33.801304112Z stdout F PROXY_GID=1337
2022-04-27T06:19:33.805121533Z stdout F INBOUND_INTERCEPTION_MODE=REDIRECT
2022-04-27T06:19:33.805261699Z stdout F INBOUND_TPROXY_MARK=1337
2022-04-27T06:19:33.805401058Z stdout F INBOUND_TPROXY_ROUTE_TABLE=133
2022-04-27T06:19:33.805420658Z stdout F INBOUND_PORTS_INCLUDE=*
2022-04-27T06:19:33.80543028Z stdout F INBOUND_PORTS_EXCLUDE=15090,15021,15020
2022-04-27T06:19:33.805438923Z stdout F OUTBOUND_IP_RANGES_INCLUDE=*
2022-04-27T06:19:33.805446567Z stdout F OUTBOUND_IP_RANGES_EXCLUDE=
2022-04-27T06:19:33.805453615Z stdout F OUTBOUND_PORTS_INCLUDE=
2022-04-27T06:19:33.805460872Z stdout F OUTBOUND_PORTS_EXCLUDE=
2022-04-27T06:19:33.805468208Z stdout F KUBE_VIRT_INTERFACES=
2022-04-27T06:19:33.805475191Z stdout F ENABLE_INBOUND_IPV6=false
2022-04-27T06:19:33.805481885Z stdout F DNS_CAPTURE=false
2022-04-27T06:19:33.805488881Z stdout F DROP_INVALID=false
2022-04-27T06:19:33.8054959Z stdout F CAPTURE_ALL_DNS=false
2022-04-27T06:19:33.805503622Z stdout F DNS_SERVERS=[],[]
2022-04-27T06:19:33.805509194Z stdout F OUTPUT_PATH=
2022-04-27T06:19:33.805513718Z stdout F NETWORK_NAMESPACE=
2022-04-27T06:19:33.80551822Z stdout F CNI_MODE=false
2022-04-27T06:19:33.80552268Z stdout F EXCLUDE_INTERFACES=
2022-04-27T06:19:33.805526921Z stdout F 
2022-04-27T06:19:33.805532198Z stdout F 2022-04-27T06:19:33.799644Z	info	Writing following contents to rules file: /tmp/iptables-rules-1651040373799039945.txt1047042737
2022-04-27T06:19:33.805536894Z stdout F * nat
2022-04-27T06:19:33.805541369Z stdout F -N ISTIO_INBOUND
2022-04-27T06:19:33.80554573Z stdout F -N ISTIO_REDIRECT
2022-04-27T06:19:33.80555013Z stdout F -N ISTIO_IN_REDIRECT
2022-04-27T06:19:33.80555453Z stdout F -N ISTIO_OUTPUT
2022-04-27T06:19:33.8055591Z stdout F -A ISTIO_INBOUND -p tcp --dport 15008 -j RETURN
2022-04-27T06:19:33.805564082Z stdout F -A ISTIO_REDIRECT -p tcp -j REDIRECT --to-ports 15001
2022-04-27T06:19:33.805568654Z stdout F -A ISTIO_IN_REDIRECT -p tcp -j REDIRECT --to-ports 15006
2022-04-27T06:19:33.805574945Z stdout F -A PREROUTING -p tcp -j ISTIO_INBOUND
2022-04-27T06:19:33.805581724Z stdout F -A ISTIO_INBOUND -p tcp --dport 15090 -j RETURN
2022-04-27T06:19:33.805588198Z stdout F -A ISTIO_INBOUND -p tcp --dport 15021 -j RETURN
2022-04-27T06:19:33.80559521Z stdout F -A ISTIO_INBOUND -p tcp --dport 15020 -j RETURN
2022-04-27T06:19:33.80560214Z stdout F -A ISTIO_INBOUND -p tcp -j ISTIO_IN_REDIRECT
2022-04-27T06:19:33.805609024Z stdout F -A OUTPUT -p tcp -j ISTIO_OUTPUT
2022-04-27T06:19:33.80561568Z stdout F -A ISTIO_OUTPUT -o lo -s 127.0.0.6/32 -j RETURN
2022-04-27T06:19:33.805622729Z stdout F -A ISTIO_OUTPUT -o lo ! -d 127.0.0.1/32 -m owner --uid-owner 1337 -j ISTIO_IN_REDIRECT
2022-04-27T06:19:33.805629408Z stdout F -A ISTIO_OUTPUT -o lo -m owner ! --uid-owner 1337 -j RETURN
2022-04-27T06:19:33.805636669Z stdout F -A ISTIO_OUTPUT -m owner --uid-owner 1337 -j RETURN
2022-04-27T06:19:33.805669037Z stdout F -A ISTIO_OUTPUT -o lo ! -d 127.0.0.1/32 -m owner --gid-owner 1337 -j ISTIO_IN_REDIRECT
2022-04-27T06:19:33.805721957Z stdout F -A ISTIO_OUTPUT -o lo -m owner ! --gid-owner 1337 -j RETURN
2022-04-27T06:19:33.805739842Z stdout F -A ISTIO_OUTPUT -m owner --gid-owner 1337 -j RETURN
2022-04-27T06:19:33.80574931Z stdout F -A ISTIO_OUTPUT -d 127.0.0.1/32 -j RETURN
2022-04-27T06:19:33.8057571Z stdout F -A ISTIO_OUTPUT -j ISTIO_REDIRECT
2022-04-27T06:19:33.805764617Z stdout F COMMIT
2022-04-27T06:19:33.805773453Z stdout F 2022-04-27T06:19:33.799748Z	info	Running command: iptables-restore --noflush /tmp/iptables-rules-1651040373799039945.txt1047042737
2022-04-27T06:19:33.848065114Z stdout F 2022-04-27T06:19:33.847153Z	info	Writing following contents to rules file: /tmp/ip6tables-rules-1651040373847013074.txt3160113301
2022-04-27T06:19:33.848097643Z stdout F 
2022-04-27T06:19:33.84810716Z stdout F 2022-04-27T06:19:33.847256Z	info	Running command: ip6tables-restore --noflush /tmp/ip6tables-rules-1651040373847013074.txt3160113301
2022-04-27T06:19:33.86655965Z stdout F 2022-04-27T06:19:33.865210Z	info	Running command: iptables-save 
2022-04-27T06:19:33.889750554Z stdout F 2022-04-27T06:19:33.887539Z	info	Command output: 
2022-04-27T06:19:33.889803609Z stdout F # Generated by iptables-save v1.8.4 on Wed Apr 27 06:19:33 2022
2022-04-27T06:19:33.889829672Z stdout F *nat
2022-04-27T06:19:33.889849124Z stdout F :PREROUTING ACCEPT [0:0]
2022-04-27T06:19:33.889857906Z stdout F :INPUT ACCEPT [0:0]
2022-04-27T06:19:33.889870978Z stdout F :OUTPUT ACCEPT [0:0]
2022-04-27T06:19:33.889893595Z stdout F :POSTROUTING ACCEPT [0:0]
2022-04-27T06:19:33.889915224Z stdout F :ISTIO_INBOUND - [0:0]
2022-04-27T06:19:33.889925683Z stdout F :ISTIO_IN_REDIRECT - [0:0]
2022-04-27T06:19:33.889932007Z stdout F :ISTIO_OUTPUT - [0:0]
2022-04-27T06:19:33.889938223Z stdout F :ISTIO_REDIRECT - [0:0]
2022-04-27T06:19:33.889945129Z stdout F -A PREROUTING -p tcp -j ISTIO_INBOUND
2022-04-27T06:19:33.889965774Z stdout F -A OUTPUT -p tcp -j ISTIO_OUTPUT
2022-04-27T06:19:33.8899861Z stdout F -A ISTIO_INBOUND -p tcp -m tcp --dport 15008 -j RETURN
2022-04-27T06:19:33.890005021Z stdout F -A ISTIO_INBOUND -p tcp -m tcp --dport 15090 -j RETURN
2022-04-27T06:19:33.890019205Z stdout F -A ISTIO_INBOUND -p tcp -m tcp --dport 15021 -j RETURN
2022-04-27T06:19:33.89002768Z stdout F -A ISTIO_INBOUND -p tcp -m tcp --dport 15020 -j RETURN
2022-04-27T06:19:33.890035861Z stdout F -A ISTIO_INBOUND -p tcp -j ISTIO_IN_REDIRECT
2022-04-27T06:19:33.890111828Z stdout F -A ISTIO_IN_REDIRECT -p tcp -j REDIRECT --to-ports 15006
2022-04-27T06:19:33.890129468Z stdout F -A ISTIO_OUTPUT -s 127.0.0.6/32 -o lo -j RETURN
2022-04-27T06:19:33.890140882Z stdout F -A ISTIO_OUTPUT ! -d 127.0.0.1/32 -o lo -m owner --uid-owner 1337 -j ISTIO_IN_REDIRECT
2022-04-27T06:19:33.890148785Z stdout F -A ISTIO_OUTPUT -o lo -m owner ! --uid-owner 1337 -j RETURN
2022-04-27T06:19:33.890155923Z stdout F -A ISTIO_OUTPUT -m owner --uid-owner 1337 -j RETURN
2022-04-27T06:19:33.890164168Z stdout F -A ISTIO_OUTPUT ! -d 127.0.0.1/32 -o lo -m owner --gid-owner 1337 -j ISTIO_IN_REDIRECT
2022-04-27T06:19:33.890171022Z stdout F -A ISTIO_OUTPUT -o lo -m owner ! --gid-owner 1337 -j RETURN
2022-04-27T06:19:33.890177846Z stdout F -A ISTIO_OUTPUT -m owner --gid-owner 1337 -j RETURN
2022-04-27T06:19:33.89018441Z stdout F -A ISTIO_OUTPUT -d 127.0.0.1/32 -j RETURN
2022-04-27T06:19:33.890191455Z stdout F -A ISTIO_OUTPUT -j ISTIO_REDIRECT
2022-04-27T06:19:33.890198395Z stdout F -A ISTIO_REDIRECT -p tcp -j REDIRECT --to-ports 15001
2022-04-27T06:19:33.890208544Z stdout F COMMIT
2022-04-27T06:19:33.89022714Z stdout F # Completed on Wed Apr 27 06:19:33 2022
2022-04-27T06:19:33.89024236Z stdout F 
