2022-06-13T02:22:36.335322645Z stdout F 2022-06-13T02:22:36.334281Z	info	Istio iptables environment:
2022-06-13T02:22:36.335658259Z stdout F ENVOY_PORT=
2022-06-13T02:22:36.335708762Z stdout F INBOUND_CAPTURE_PORT=
2022-06-13T02:22:36.335721505Z stdout F ISTIO_INBOUND_INTERCEPTION_MODE=
2022-06-13T02:22:36.335870322Z stdout F ISTIO_INBOUND_TPROXY_ROUTE_TABLE=
2022-06-13T02:22:36.335882258Z stdout F ISTIO_INBOUND_PORTS=
2022-06-13T02:22:36.335888328Z stdout F ISTIO_OUTBOUND_PORTS=
2022-06-13T02:22:36.335893481Z stdout F ISTIO_LOCAL_EXCLUDE_PORTS=
2022-06-13T02:22:36.33589789Z stdout F ISTIO_EXCLUDE_INTERFACES=
2022-06-13T02:22:36.33590207Z stdout F ISTIO_SERVICE_CIDR=
2022-06-13T02:22:36.335906322Z stdout F ISTIO_SERVICE_EXCLUDE_CIDR=
2022-06-13T02:22:36.335910102Z stdout F ISTIO_META_DNS_CAPTURE=
2022-06-13T02:22:36.335914209Z stdout F INVALID_DROP=
2022-06-13T02:22:36.335918339Z stdout F 
2022-06-13T02:22:36.336043155Z stdout F 2022-06-13T02:22:36.334364Z	info	Istio iptables variables:
2022-06-13T02:22:36.336051938Z stdout F PROXY_PORT=15001
2022-06-13T02:22:36.336056915Z stdout F PROXY_INBOUND_CAPTURE_PORT=15006
2022-06-13T02:22:36.336061366Z stdout F PROXY_TUNNEL_PORT=15008
2022-06-13T02:22:36.336065564Z stdout F PROXY_UID=1337
2022-06-13T02:22:36.336070059Z stdout F PROXY_GID=1337
2022-06-13T02:22:36.336074279Z stdout F INBOUND_INTERCEPTION_MODE=REDIRECT
2022-06-13T02:22:36.336078661Z stdout F INBOUND_TPROXY_MARK=1337
2022-06-13T02:22:36.336082765Z stdout F INBOUND_TPROXY_ROUTE_TABLE=133
2022-06-13T02:22:36.336086923Z stdout F INBOUND_PORTS_INCLUDE=*
2022-06-13T02:22:36.33836367Z stdout F INBOUND_PORTS_EXCLUDE=15090,15021,15020
2022-06-13T02:22:36.338388032Z stdout F OUTBOUND_IP_RANGES_INCLUDE=*
2022-06-13T02:22:36.338720124Z stdout F OUTBOUND_IP_RANGES_EXCLUDE=
2022-06-13T02:22:36.338790601Z stdout F OUTBOUND_PORTS_INCLUDE=
2022-06-13T02:22:36.338801637Z stdout F OUTBOUND_PORTS_EXCLUDE=
2022-06-13T02:22:36.338811403Z stdout F KUBE_VIRT_INTERFACES=
2022-06-13T02:22:36.338848705Z stdout F ENABLE_INBOUND_IPV6=false
2022-06-13T02:22:36.339152553Z stdout F DNS_CAPTURE=false
2022-06-13T02:22:36.33916205Z stdout F DROP_INVALID=false
2022-06-13T02:22:36.339204747Z stdout F CAPTURE_ALL_DNS=false
2022-06-13T02:22:36.339212938Z stdout F DNS_SERVERS=[],[]
2022-06-13T02:22:36.33923453Z stdout F OUTPUT_PATH=
2022-06-13T02:22:36.33924127Z stdout F NETWORK_NAMESPACE=
2022-06-13T02:22:36.339246022Z stdout F CNI_MODE=false
2022-06-13T02:22:36.339250218Z stdout F EXCLUDE_INTERFACES=
2022-06-13T02:22:36.339282345Z stdout F 
2022-06-13T02:22:36.339289668Z stdout F 2022-06-13T02:22:36.334736Z	info	Writing following contents to rules file: /tmp/iptables-rules-1655086956334443614.txt4257877902
2022-06-13T02:22:36.339294396Z stdout F * nat
2022-06-13T02:22:36.33929888Z stdout F -N ISTIO_INBOUND
2022-06-13T02:22:36.339303247Z stdout F -N ISTIO_REDIRECT
2022-06-13T02:22:36.339307679Z stdout F -N ISTIO_IN_REDIRECT
2022-06-13T02:22:36.339312516Z stdout F -N ISTIO_OUTPUT
2022-06-13T02:22:36.339321704Z stdout F -A ISTIO_INBOUND -p tcp --dport 15008 -j RETURN
2022-06-13T02:22:36.339421124Z stdout F -A ISTIO_REDIRECT -p tcp -j REDIRECT --to-ports 15001
2022-06-13T02:22:36.339433398Z stdout F -A ISTIO_IN_REDIRECT -p tcp -j REDIRECT --to-ports 15006
2022-06-13T02:22:36.339499357Z stdout F -A PREROUTING -p tcp -j ISTIO_INBOUND
2022-06-13T02:22:36.339509205Z stdout F -A ISTIO_INBOUND -p tcp --dport 15090 -j RETURN
2022-06-13T02:22:36.339543161Z stdout F -A ISTIO_INBOUND -p tcp --dport 15021 -j RETURN
2022-06-13T02:22:36.33955165Z stdout F -A ISTIO_INBOUND -p tcp --dport 15020 -j RETURN
2022-06-13T02:22:36.339556701Z stdout F -A ISTIO_INBOUND -p tcp -j ISTIO_IN_REDIRECT
2022-06-13T02:22:36.339561424Z stdout F -A OUTPUT -p tcp -j ISTIO_OUTPUT
2022-06-13T02:22:36.339565825Z stdout F -A ISTIO_OUTPUT -o lo -s 127.0.0.6/32 -j RETURN
2022-06-13T02:22:36.339609607Z stdout F -A ISTIO_OUTPUT -o lo ! -d 127.0.0.1/32 -m owner --uid-owner 1337 -j ISTIO_IN_REDIRECT
2022-06-13T02:22:36.339626571Z stdout F -A ISTIO_OUTPUT -o lo -m owner ! --uid-owner 1337 -j RETURN
2022-06-13T02:22:36.339632326Z stdout F -A ISTIO_OUTPUT -m owner --uid-owner 1337 -j RETURN
2022-06-13T02:22:36.339680023Z stdout F -A ISTIO_OUTPUT -o lo ! -d 127.0.0.1/32 -m owner --gid-owner 1337 -j ISTIO_IN_REDIRECT
2022-06-13T02:22:36.339687921Z stdout F -A ISTIO_OUTPUT -o lo -m owner ! --gid-owner 1337 -j RETURN
2022-06-13T02:22:36.339692992Z stdout F -A ISTIO_OUTPUT -m owner --gid-owner 1337 -j RETURN
2022-06-13T02:22:36.339710966Z stdout F -A ISTIO_OUTPUT -d 127.0.0.1/32 -j RETURN
2022-06-13T02:22:36.339719942Z stdout F -A ISTIO_OUTPUT -j ISTIO_REDIRECT
2022-06-13T02:22:36.339725037Z stdout F COMMIT
2022-06-13T02:22:36.339742171Z stdout F 2022-06-13T02:22:36.334892Z	info	Running command: iptables-restore --noflush /tmp/iptables-rules-1655086956334443614.txt4257877902
2022-06-13T02:22:36.348299396Z stdout F 2022-06-13T02:22:36.345718Z	info	Writing following contents to rules file: /tmp/ip6tables-rules-1655086956345593279.txt3244376619
2022-06-13T02:22:36.348340744Z stdout F 
2022-06-13T02:22:36.348352474Z stdout F 2022-06-13T02:22:36.345849Z	info	Running command: ip6tables-restore --noflush /tmp/ip6tables-rules-1655086956345593279.txt3244376619
2022-06-13T02:22:36.352745875Z stdout F 2022-06-13T02:22:36.352006Z	info	Running command: iptables-save 
2022-06-13T02:22:36.363577207Z stdout F 2022-06-13T02:22:36.361640Z	info	Command output: 
2022-06-13T02:22:36.363622479Z stdout F # Generated by iptables-save v1.8.4 on Mon Jun 13 02:22:36 2022
2022-06-13T02:22:36.363640968Z stdout F *nat
2022-06-13T02:22:36.363653095Z stdout F :PREROUTING ACCEPT [0:0]
2022-06-13T02:22:36.363658973Z stdout F :INPUT ACCEPT [0:0]
2022-06-13T02:22:36.363676266Z stdout F :OUTPUT ACCEPT [0:0]
2022-06-13T02:22:36.363684407Z stdout F :POSTROUTING ACCEPT [0:0]
2022-06-13T02:22:36.363689416Z stdout F :ISTIO_INBOUND - [0:0]
2022-06-13T02:22:36.363693982Z stdout F :ISTIO_IN_REDIRECT - [0:0]
2022-06-13T02:22:36.363712551Z stdout F :ISTIO_OUTPUT - [0:0]
2022-06-13T02:22:36.363729771Z stdout F :ISTIO_REDIRECT - [0:0]
2022-06-13T02:22:36.363758486Z stdout F -A PREROUTING -p tcp -j ISTIO_INBOUND
2022-06-13T02:22:36.363765543Z stdout F -A OUTPUT -p tcp -j ISTIO_OUTPUT
2022-06-13T02:22:36.363770376Z stdout F -A ISTIO_INBOUND -p tcp -m tcp --dport 15008 -j RETURN
2022-06-13T02:22:36.363775281Z stdout F -A ISTIO_INBOUND -p tcp -m tcp --dport 15090 -j RETURN
2022-06-13T02:22:36.363794116Z stdout F -A ISTIO_INBOUND -p tcp -m tcp --dport 15021 -j RETURN
2022-06-13T02:22:36.363799436Z stdout F -A ISTIO_INBOUND -p tcp -m tcp --dport 15020 -j RETURN
2022-06-13T02:22:36.363804469Z stdout F -A ISTIO_INBOUND -p tcp -j ISTIO_IN_REDIRECT
2022-06-13T02:22:36.363808658Z stdout F -A ISTIO_IN_REDIRECT -p tcp -j REDIRECT --to-ports 15006
2022-06-13T02:22:36.363812846Z stdout F -A ISTIO_OUTPUT -s 127.0.0.6/32 -o lo -j RETURN
2022-06-13T02:22:36.363830122Z stdout F -A ISTIO_OUTPUT ! -d 127.0.0.1/32 -o lo -m owner --uid-owner 1337 -j ISTIO_IN_REDIRECT
2022-06-13T02:22:36.363849647Z stdout F -A ISTIO_OUTPUT -o lo -m owner ! --uid-owner 1337 -j RETURN
2022-06-13T02:22:36.363858508Z stdout F -A ISTIO_OUTPUT -m owner --uid-owner 1337 -j RETURN
2022-06-13T02:22:36.363863231Z stdout F -A ISTIO_OUTPUT ! -d 127.0.0.1/32 -o lo -m owner --gid-owner 1337 -j ISTIO_IN_REDIRECT
2022-06-13T02:22:36.363879256Z stdout F -A ISTIO_OUTPUT -o lo -m owner ! --gid-owner 1337 -j RETURN
2022-06-13T02:22:36.363907614Z stdout F -A ISTIO_OUTPUT -m owner --gid-owner 1337 -j RETURN
2022-06-13T02:22:36.363917099Z stdout F -A ISTIO_OUTPUT -d 127.0.0.1/32 -j RETURN
2022-06-13T02:22:36.363942741Z stdout F -A ISTIO_OUTPUT -j ISTIO_REDIRECT
2022-06-13T02:22:36.363951628Z stdout F -A ISTIO_REDIRECT -p tcp -j REDIRECT --to-ports 15001
2022-06-13T02:22:36.363956821Z stdout F COMMIT
2022-06-13T02:22:36.363961699Z stdout F # Completed on Mon Jun 13 02:22:36 2022
2022-06-13T02:22:36.363966063Z stdout F 
