2022-05-09T11:47:52.50341686Z stdout F 2022-05-09T11:47:52.501944Z	info	Istio iptables environment:
2022-05-09T11:47:52.503468818Z stdout F ENVOY_PORT=
2022-05-09T11:47:52.503478377Z stdout F INBOUND_CAPTURE_PORT=
2022-05-09T11:47:52.503483754Z stdout F ISTIO_INBOUND_INTERCEPTION_MODE=
2022-05-09T11:47:52.503489352Z stdout F ISTIO_INBOUND_TPROXY_ROUTE_TABLE=
2022-05-09T11:47:52.503494205Z stdout F ISTIO_INBOUND_PORTS=
2022-05-09T11:47:52.503499312Z stdout F ISTIO_OUTBOUND_PORTS=
2022-05-09T11:47:52.5035042Z stdout F ISTIO_LOCAL_EXCLUDE_PORTS=
2022-05-09T11:47:52.503508972Z stdout F ISTIO_EXCLUDE_INTERFACES=
2022-05-09T11:47:52.503513108Z stdout F ISTIO_SERVICE_CIDR=
2022-05-09T11:47:52.503517482Z stdout F ISTIO_SERVICE_EXCLUDE_CIDR=
2022-05-09T11:47:52.503522088Z stdout F ISTIO_META_DNS_CAPTURE=
2022-05-09T11:47:52.503527195Z stdout F INVALID_DROP=
2022-05-09T11:47:52.503531893Z stdout F 
2022-05-09T11:47:52.504668701Z stdout F 2022-05-09T11:47:52.502033Z	info	Istio iptables variables:
2022-05-09T11:47:52.50468132Z stdout F PROXY_PORT=15001
2022-05-09T11:47:52.505462527Z stdout F PROXY_INBOUND_CAPTURE_PORT=15006
2022-05-09T11:47:52.505732364Z stdout F PROXY_TUNNEL_PORT=15008
2022-05-09T11:47:52.505744467Z stdout F PROXY_UID=1337
2022-05-09T11:47:52.505750561Z stdout F PROXY_GID=1337
2022-05-09T11:47:52.505756333Z stdout F INBOUND_INTERCEPTION_MODE=REDIRECT
2022-05-09T11:47:52.505990332Z stdout F INBOUND_TPROXY_MARK=1337
2022-05-09T11:47:52.507331134Z stdout F INBOUND_TPROXY_ROUTE_TABLE=133
2022-05-09T11:47:52.507639579Z stdout F INBOUND_PORTS_INCLUDE=*
2022-05-09T11:47:52.507659017Z stdout F INBOUND_PORTS_EXCLUDE=15090,15021,15020
2022-05-09T11:47:52.508517924Z stdout F OUTBOUND_IP_RANGES_INCLUDE=*
2022-05-09T11:47:52.508768427Z stdout F OUTBOUND_IP_RANGES_EXCLUDE=
2022-05-09T11:47:52.508783341Z stdout F OUTBOUND_PORTS_INCLUDE=
2022-05-09T11:47:52.508789825Z stdout F OUTBOUND_PORTS_EXCLUDE=
2022-05-09T11:47:52.508795314Z stdout F KUBE_VIRT_INTERFACES=
2022-05-09T11:47:52.509070052Z stdout F ENABLE_INBOUND_IPV6=false
2022-05-09T11:47:52.509090266Z stdout F DNS_CAPTURE=false
2022-05-09T11:47:52.509096853Z stdout F DROP_INVALID=false
2022-05-09T11:47:52.509101779Z stdout F CAPTURE_ALL_DNS=false
2022-05-09T11:47:52.509106289Z stdout F DNS_SERVERS=[],[]
2022-05-09T11:47:52.509111335Z stdout F OUTPUT_PATH=
2022-05-09T11:47:52.509366154Z stdout F NETWORK_NAMESPACE=
2022-05-09T11:47:52.509373663Z stdout F CNI_MODE=false
2022-05-09T11:47:52.509378632Z stdout F EXCLUDE_INTERFACES=
2022-05-09T11:47:52.509382806Z stdout F 
2022-05-09T11:47:52.509388329Z stdout F 2022-05-09T11:47:52.502269Z	info	Writing following contents to rules file: /tmp/iptables-rules-1652096872502076939.txt1963876025
2022-05-09T11:47:52.509393394Z stdout F * nat
2022-05-09T11:47:52.509398398Z stdout F -N ISTIO_INBOUND
2022-05-09T11:47:52.509637221Z stdout F -N ISTIO_REDIRECT
2022-05-09T11:47:52.509646002Z stdout F -N ISTIO_IN_REDIRECT
2022-05-09T11:47:52.509652161Z stdout F -N ISTIO_OUTPUT
2022-05-09T11:47:52.509658781Z stdout F -A ISTIO_INBOUND -p tcp --dport 15008 -j RETURN
2022-05-09T11:47:52.509665923Z stdout F -A ISTIO_REDIRECT -p tcp -j REDIRECT --to-ports 15001
2022-05-09T11:47:52.509922981Z stdout F -A ISTIO_IN_REDIRECT -p tcp -j REDIRECT --to-ports 15006
2022-05-09T11:47:52.509933787Z stdout F -A PREROUTING -p tcp -j ISTIO_INBOUND
2022-05-09T11:47:52.509940449Z stdout F -A ISTIO_INBOUND -p tcp --dport 15090 -j RETURN
2022-05-09T11:47:52.509945631Z stdout F -A ISTIO_INBOUND -p tcp --dport 15021 -j RETURN
2022-05-09T11:47:52.510703694Z stdout F -A ISTIO_INBOUND -p tcp --dport 15020 -j RETURN
2022-05-09T11:47:52.510721732Z stdout F -A ISTIO_INBOUND -p tcp -j ISTIO_IN_REDIRECT
2022-05-09T11:47:52.510729457Z stdout F -A OUTPUT -p tcp -j ISTIO_OUTPUT
2022-05-09T11:47:52.510734568Z stdout F -A ISTIO_OUTPUT -o lo -s 127.0.0.6/32 -j RETURN
2022-05-09T11:47:52.510740252Z stdout F -A ISTIO_OUTPUT -o lo ! -d 127.0.0.1/32 -m owner --uid-owner 1337 -j ISTIO_IN_REDIRECT
2022-05-09T11:47:52.510965883Z stdout F -A ISTIO_OUTPUT -o lo -m owner ! --uid-owner 1337 -j RETURN
2022-05-09T11:47:52.511228686Z stdout F -A ISTIO_OUTPUT -m owner --uid-owner 1337 -j RETURN
2022-05-09T11:47:52.511239644Z stdout F -A ISTIO_OUTPUT -o lo ! -d 127.0.0.1/32 -m owner --gid-owner 1337 -j ISTIO_IN_REDIRECT
2022-05-09T11:47:52.511244997Z stdout F -A ISTIO_OUTPUT -o lo -m owner ! --gid-owner 1337 -j RETURN
2022-05-09T11:47:52.51125027Z stdout F -A ISTIO_OUTPUT -m owner --gid-owner 1337 -j RETURN
2022-05-09T11:47:52.511255912Z stdout F -A ISTIO_OUTPUT -d 127.0.0.1/32 -j RETURN
2022-05-09T11:47:52.51126088Z stdout F -A ISTIO_OUTPUT -j ISTIO_REDIRECT
2022-05-09T11:47:52.511501473Z stdout F COMMIT
2022-05-09T11:47:52.511512501Z stdout F 2022-05-09T11:47:52.502314Z	info	Running command: iptables-restore --noflush /tmp/iptables-rules-1652096872502076939.txt1963876025
2022-05-09T11:47:52.55620346Z stdout F 2022-05-09T11:47:52.555569Z	info	Writing following contents to rules file: /tmp/ip6tables-rules-1652096872555151853.txt2469380379
2022-05-09T11:47:52.556235846Z stdout F 
2022-05-09T11:47:52.556251704Z stdout F 2022-05-09T11:47:52.555925Z	info	Running command: ip6tables-restore --noflush /tmp/ip6tables-rules-1652096872555151853.txt2469380379
2022-05-09T11:47:52.652056176Z stdout F 2022-05-09T11:47:52.648139Z	info	Running command: iptables-save 
2022-05-09T11:47:52.664260759Z stdout F 2022-05-09T11:47:52.663141Z	info	Command output: 
2022-05-09T11:47:52.668413024Z stdout F # Generated by iptables-save v1.8.4 on Mon May  9 11:47:52 2022
2022-05-09T11:47:52.668430333Z stdout F *nat
2022-05-09T11:47:52.668437382Z stdout F :PREROUTING ACCEPT [0:0]
2022-05-09T11:47:52.668442614Z stdout F :INPUT ACCEPT [0:0]
2022-05-09T11:47:52.668536108Z stdout F :OUTPUT ACCEPT [0:0]
2022-05-09T11:47:52.668549477Z stdout F :POSTROUTING ACCEPT [0:0]
2022-05-09T11:47:52.668555709Z stdout F :ISTIO_INBOUND - [0:0]
2022-05-09T11:47:52.668560758Z stdout F :ISTIO_IN_REDIRECT - [0:0]
2022-05-09T11:47:52.668565443Z stdout F :ISTIO_OUTPUT - [0:0]
2022-05-09T11:47:52.668570331Z stdout F :ISTIO_REDIRECT - [0:0]
2022-05-09T11:47:52.668575595Z stdout F -A PREROUTING -p tcp -j ISTIO_INBOUND
2022-05-09T11:47:52.668581068Z stdout F -A OUTPUT -p tcp -j ISTIO_OUTPUT
2022-05-09T11:47:52.66858616Z stdout F -A ISTIO_INBOUND -p tcp -m tcp --dport 15008 -j RETURN
2022-05-09T11:47:52.668591101Z stdout F -A ISTIO_INBOUND -p tcp -m tcp --dport 15090 -j RETURN
2022-05-09T11:47:52.668595804Z stdout F -A ISTIO_INBOUND -p tcp -m tcp --dport 15021 -j RETURN
2022-05-09T11:47:52.668600761Z stdout F -A ISTIO_INBOUND -p tcp -m tcp --dport 15020 -j RETURN
2022-05-09T11:47:52.668605477Z stdout F -A ISTIO_INBOUND -p tcp -j ISTIO_IN_REDIRECT
2022-05-09T11:47:52.668613937Z stdout F -A ISTIO_IN_REDIRECT -p tcp -j REDIRECT --to-ports 15006
2022-05-09T11:47:52.668619408Z stdout F -A ISTIO_OUTPUT -s 127.0.0.6/32 -o lo -j RETURN
2022-05-09T11:47:52.668625001Z stdout F -A ISTIO_OUTPUT ! -d 127.0.0.1/32 -o lo -m owner --uid-owner 1337 -j ISTIO_IN_REDIRECT
2022-05-09T11:47:52.668630162Z stdout F -A ISTIO_OUTPUT -o lo -m owner ! --uid-owner 1337 -j RETURN
2022-05-09T11:47:52.668635463Z stdout F -A ISTIO_OUTPUT -m owner --uid-owner 1337 -j RETURN
2022-05-09T11:47:52.668640274Z stdout F -A ISTIO_OUTPUT ! -d 127.0.0.1/32 -o lo -m owner --gid-owner 1337 -j ISTIO_IN_REDIRECT
2022-05-09T11:47:52.668644517Z stdout F -A ISTIO_OUTPUT -o lo -m owner ! --gid-owner 1337 -j RETURN
2022-05-09T11:47:52.668648724Z stdout F -A ISTIO_OUTPUT -m owner --gid-owner 1337 -j RETURN
2022-05-09T11:47:52.668653225Z stdout F -A ISTIO_OUTPUT -d 127.0.0.1/32 -j RETURN
2022-05-09T11:47:52.668657592Z stdout F -A ISTIO_OUTPUT -j ISTIO_REDIRECT
2022-05-09T11:47:52.66866229Z stdout F -A ISTIO_REDIRECT -p tcp -j REDIRECT --to-ports 15001
2022-05-09T11:47:52.668669917Z stdout F COMMIT
2022-05-09T11:47:52.668683629Z stdout F # Completed on Mon May  9 11:47:52 2022
2022-05-09T11:47:52.668697475Z stdout F 
