2022-04-30T04:28:40.179045139Z stdout F 2022-04-30T04:28:40.178188Z	info	Istio iptables environment:
2022-04-30T04:28:40.179081003Z stdout F ENVOY_PORT=
2022-04-30T04:28:40.179087664Z stdout F INBOUND_CAPTURE_PORT=
2022-04-30T04:28:40.17909215Z stdout F ISTIO_INBOUND_INTERCEPTION_MODE=
2022-04-30T04:28:40.179096318Z stdout F ISTIO_INBOUND_TPROXY_ROUTE_TABLE=
2022-04-30T04:28:40.179099748Z stdout F ISTIO_INBOUND_PORTS=
2022-04-30T04:28:40.179103175Z stdout F ISTIO_OUTBOUND_PORTS=
2022-04-30T04:28:40.179106563Z stdout F ISTIO_LOCAL_EXCLUDE_PORTS=
2022-04-30T04:28:40.179109944Z stdout F ISTIO_EXCLUDE_INTERFACES=
2022-04-30T04:28:40.179113296Z stdout F ISTIO_SERVICE_CIDR=
2022-04-30T04:28:40.179116678Z stdout F ISTIO_SERVICE_EXCLUDE_CIDR=
2022-04-30T04:28:40.179120098Z stdout F ISTIO_META_DNS_CAPTURE=
2022-04-30T04:28:40.179123567Z stdout F INVALID_DROP=
2022-04-30T04:28:40.179126896Z stdout F 
2022-04-30T04:28:40.179130278Z stdout F 2022-04-30T04:28:40.178335Z	info	Istio iptables variables:
2022-04-30T04:28:40.179133708Z stdout F PROXY_PORT=15001
2022-04-30T04:28:40.179137252Z stdout F PROXY_INBOUND_CAPTURE_PORT=15006
2022-04-30T04:28:40.179140822Z stdout F PROXY_TUNNEL_PORT=15008
2022-04-30T04:28:40.179144358Z stdout F PROXY_UID=1337
2022-04-30T04:28:40.179147868Z stdout F PROXY_GID=1337
2022-04-30T04:28:40.179151318Z stdout F INBOUND_INTERCEPTION_MODE=REDIRECT
2022-04-30T04:28:40.179154715Z stdout F INBOUND_TPROXY_MARK=1337
2022-04-30T04:28:40.17915811Z stdout F INBOUND_TPROXY_ROUTE_TABLE=133
2022-04-30T04:28:40.17916146Z stdout F INBOUND_PORTS_INCLUDE=*
2022-04-30T04:28:40.179164939Z stdout F INBOUND_PORTS_EXCLUDE=15090,15021,15020
2022-04-30T04:28:40.179168306Z stdout F OUTBOUND_IP_RANGES_INCLUDE=*
2022-04-30T04:28:40.179171669Z stdout F OUTBOUND_IP_RANGES_EXCLUDE=
2022-04-30T04:28:40.179175049Z stdout F OUTBOUND_PORTS_INCLUDE=
2022-04-30T04:28:40.179178394Z stdout F OUTBOUND_PORTS_EXCLUDE=
2022-04-30T04:28:40.179181765Z stdout F KUBE_VIRT_INTERFACES=
2022-04-30T04:28:40.179217991Z stdout F ENABLE_INBOUND_IPV6=false
2022-04-30T04:28:40.179226023Z stdout F DNS_CAPTURE=false
2022-04-30T04:28:40.17922973Z stdout F DROP_INVALID=false
2022-04-30T04:28:40.179233217Z stdout F CAPTURE_ALL_DNS=false
2022-04-30T04:28:40.179237188Z stdout F DNS_SERVERS=[],[]
2022-04-30T04:28:40.179240782Z stdout F OUTPUT_PATH=
2022-04-30T04:28:40.179244262Z stdout F NETWORK_NAMESPACE=
2022-04-30T04:28:40.179247779Z stdout F CNI_MODE=false
2022-04-30T04:28:40.179251244Z stdout F EXCLUDE_INTERFACES=
2022-04-30T04:28:40.179254547Z stdout F 
2022-04-30T04:28:40.179258809Z stdout F 2022-04-30T04:28:40.178615Z	info	Writing following contents to rules file: /tmp/iptables-rules-1651292920178399865.txt1020955949
2022-04-30T04:28:40.179262292Z stdout F * nat
2022-04-30T04:28:40.179265783Z stdout F -N ISTIO_INBOUND
2022-04-30T04:28:40.179271055Z stdout F -N ISTIO_REDIRECT
2022-04-30T04:28:40.179274798Z stdout F -N ISTIO_IN_REDIRECT
2022-04-30T04:28:40.179278259Z stdout F -N ISTIO_OUTPUT
2022-04-30T04:28:40.179281689Z stdout F -A ISTIO_INBOUND -p tcp --dport 15008 -j RETURN
2022-04-30T04:28:40.179285139Z stdout F -A ISTIO_REDIRECT -p tcp -j REDIRECT --to-ports 15001
2022-04-30T04:28:40.179288535Z stdout F -A ISTIO_IN_REDIRECT -p tcp -j REDIRECT --to-ports 15006
2022-04-30T04:28:40.179291849Z stdout F -A PREROUTING -p tcp -j ISTIO_INBOUND
2022-04-30T04:28:40.179295211Z stdout F -A ISTIO_INBOUND -p tcp --dport 15090 -j RETURN
2022-04-30T04:28:40.179298552Z stdout F -A ISTIO_INBOUND -p tcp --dport 15021 -j RETURN
2022-04-30T04:28:40.179301924Z stdout F -A ISTIO_INBOUND -p tcp --dport 15020 -j RETURN
2022-04-30T04:28:40.179305294Z stdout F -A ISTIO_INBOUND -p tcp -j ISTIO_IN_REDIRECT
2022-04-30T04:28:40.1793087Z stdout F -A OUTPUT -p tcp -j ISTIO_OUTPUT
2022-04-30T04:28:40.17931228Z stdout F -A ISTIO_OUTPUT -o lo -s 127.0.0.6/32 -j RETURN
2022-04-30T04:28:40.179315849Z stdout F -A ISTIO_OUTPUT -o lo ! -d 127.0.0.1/32 -m owner --uid-owner 1337 -j ISTIO_IN_REDIRECT
2022-04-30T04:28:40.179319232Z stdout F -A ISTIO_OUTPUT -o lo -m owner ! --uid-owner 1337 -j RETURN
2022-04-30T04:28:40.17932266Z stdout F -A ISTIO_OUTPUT -m owner --uid-owner 1337 -j RETURN
2022-04-30T04:28:40.179338811Z stdout F -A ISTIO_OUTPUT -o lo ! -d 127.0.0.1/32 -m owner --gid-owner 1337 -j ISTIO_IN_REDIRECT
2022-04-30T04:28:40.179342967Z stdout F -A ISTIO_OUTPUT -o lo -m owner ! --gid-owner 1337 -j RETURN
2022-04-30T04:28:40.179346394Z stdout F -A ISTIO_OUTPUT -m owner --gid-owner 1337 -j RETURN
2022-04-30T04:28:40.179349773Z stdout F -A ISTIO_OUTPUT -d 127.0.0.1/32 -j RETURN
2022-04-30T04:28:40.179353172Z stdout F -A ISTIO_OUTPUT -j ISTIO_REDIRECT
2022-04-30T04:28:40.179356683Z stdout F COMMIT
2022-04-30T04:28:40.17936103Z stdout F 2022-04-30T04:28:40.178705Z	info	Running command: iptables-restore --noflush /tmp/iptables-rules-1651292920178399865.txt1020955949
2022-04-30T04:28:40.185644796Z stdout F 2022-04-30T04:28:40.185380Z	info	Writing following contents to rules file: /tmp/ip6tables-rules-1651292920185289200.txt670062264
2022-04-30T04:28:40.18566393Z stdout F 
2022-04-30T04:28:40.185669488Z stdout F 2022-04-30T04:28:40.185479Z	info	Running command: ip6tables-restore --noflush /tmp/ip6tables-rules-1651292920185289200.txt670062264
2022-04-30T04:28:40.19129605Z stdout F 2022-04-30T04:28:40.188852Z	info	Running command: iptables-save 
2022-04-30T04:28:40.197173682Z stdout F 2022-04-30T04:28:40.193618Z	info	Command output: 
2022-04-30T04:28:40.197209363Z stdout F # Generated by iptables-save v1.8.4 on Sat Apr 30 04:28:40 2022
2022-04-30T04:28:40.197218356Z stdout F *nat
2022-04-30T04:28:40.197225189Z stdout F :PREROUTING ACCEPT [0:0]
2022-04-30T04:28:40.197231027Z stdout F :INPUT ACCEPT [0:0]
2022-04-30T04:28:40.19723696Z stdout F :OUTPUT ACCEPT [0:0]
2022-04-30T04:28:40.197327527Z stdout F :POSTROUTING ACCEPT [0:0]
2022-04-30T04:28:40.197343742Z stdout F :ISTIO_INBOUND - [0:0]
2022-04-30T04:28:40.197348927Z stdout F :ISTIO_IN_REDIRECT - [0:0]
2022-04-30T04:28:40.19735278Z stdout F :ISTIO_OUTPUT - [0:0]
2022-04-30T04:28:40.197356422Z stdout F :ISTIO_REDIRECT - [0:0]
2022-04-30T04:28:40.197360523Z stdout F -A PREROUTING -p tcp -j ISTIO_INBOUND
2022-04-30T04:28:40.197364059Z stdout F -A OUTPUT -p tcp -j ISTIO_OUTPUT
2022-04-30T04:28:40.197367792Z stdout F -A ISTIO_INBOUND -p tcp -m tcp --dport 15008 -j RETURN
2022-04-30T04:28:40.197371389Z stdout F -A ISTIO_INBOUND -p tcp -m tcp --dport 15090 -j RETURN
2022-04-30T04:28:40.19737784Z stdout F -A ISTIO_INBOUND -p tcp -m tcp --dport 15021 -j RETURN
2022-04-30T04:28:40.197381358Z stdout F -A ISTIO_INBOUND -p tcp -m tcp --dport 15020 -j RETURN
2022-04-30T04:28:40.1973848Z stdout F -A ISTIO_INBOUND -p tcp -j ISTIO_IN_REDIRECT
2022-04-30T04:28:40.19738827Z stdout F -A ISTIO_IN_REDIRECT -p tcp -j REDIRECT --to-ports 15006
2022-04-30T04:28:40.197391678Z stdout F -A ISTIO_OUTPUT -s 127.0.0.6/32 -o lo -j RETURN
2022-04-30T04:28:40.197395743Z stdout F -A ISTIO_OUTPUT ! -d 127.0.0.1/32 -o lo -m owner --uid-owner 1337 -j ISTIO_IN_REDIRECT
2022-04-30T04:28:40.197399313Z stdout F -A ISTIO_OUTPUT -o lo -m owner ! --uid-owner 1337 -j RETURN
2022-04-30T04:28:40.197402741Z stdout F -A ISTIO_OUTPUT -m owner --uid-owner 1337 -j RETURN
2022-04-30T04:28:40.197406201Z stdout F -A ISTIO_OUTPUT ! -d 127.0.0.1/32 -o lo -m owner --gid-owner 1337 -j ISTIO_IN_REDIRECT
2022-04-30T04:28:40.197409615Z stdout F -A ISTIO_OUTPUT -o lo -m owner ! --gid-owner 1337 -j RETURN
2022-04-30T04:28:40.197412946Z stdout F -A ISTIO_OUTPUT -m owner --gid-owner 1337 -j RETURN
2022-04-30T04:28:40.197423706Z stdout F -A ISTIO_OUTPUT -d 127.0.0.1/32 -j RETURN
2022-04-30T04:28:40.197427898Z stdout F -A ISTIO_OUTPUT -j ISTIO_REDIRECT
2022-04-30T04:28:40.197431362Z stdout F -A ISTIO_REDIRECT -p tcp -j REDIRECT --to-ports 15001
2022-04-30T04:28:40.197435177Z stdout F COMMIT
2022-04-30T04:28:40.197438709Z stdout F # Completed on Sat Apr 30 04:28:40 2022
2022-04-30T04:28:40.197442065Z stdout F 
