2022-04-30T04:28:35.52967177Z stdout F 2022-04-30T04:28:35.529334Z	info	Istio iptables environment:
2022-04-30T04:28:35.5297151Z stdout F ENVOY_PORT=
2022-04-30T04:28:35.529845187Z stdout F INBOUND_CAPTURE_PORT=
2022-04-30T04:28:35.529858598Z stdout F ISTIO_INBOUND_INTERCEPTION_MODE=
2022-04-30T04:28:35.529862743Z stdout F ISTIO_INBOUND_TPROXY_ROUTE_TABLE=
2022-04-30T04:28:35.52986583Z stdout F ISTIO_INBOUND_PORTS=
2022-04-30T04:28:35.529869511Z stdout F ISTIO_OUTBOUND_PORTS=
2022-04-30T04:28:35.52987271Z stdout F ISTIO_LOCAL_EXCLUDE_PORTS=
2022-04-30T04:28:35.529875665Z stdout F ISTIO_EXCLUDE_INTERFACES=
2022-04-30T04:28:35.529878658Z stdout F ISTIO_SERVICE_CIDR=
2022-04-30T04:28:35.529881647Z stdout F ISTIO_SERVICE_EXCLUDE_CIDR=
2022-04-30T04:28:35.529884658Z stdout F ISTIO_META_DNS_CAPTURE=
2022-04-30T04:28:35.52988801Z stdout F INVALID_DROP=
2022-04-30T04:28:35.52989107Z stdout F 
2022-04-30T04:28:35.529894479Z stdout F 2022-04-30T04:28:35.529431Z	info	Istio iptables variables:
2022-04-30T04:28:35.529897576Z stdout F PROXY_PORT=15001
2022-04-30T04:28:35.529900704Z stdout F PROXY_INBOUND_CAPTURE_PORT=15006
2022-04-30T04:28:35.529903711Z stdout F PROXY_TUNNEL_PORT=15008
2022-04-30T04:28:35.529906779Z stdout F PROXY_UID=1337
2022-04-30T04:28:35.529909849Z stdout F PROXY_GID=1337
2022-04-30T04:28:35.529912976Z stdout F INBOUND_INTERCEPTION_MODE=REDIRECT
2022-04-30T04:28:35.529915977Z stdout F INBOUND_TPROXY_MARK=1337
2022-04-30T04:28:35.52991924Z stdout F INBOUND_TPROXY_ROUTE_TABLE=133
2022-04-30T04:28:35.529922277Z stdout F INBOUND_PORTS_INCLUDE=*
2022-04-30T04:28:35.529925213Z stdout F INBOUND_PORTS_EXCLUDE=15090,15021,15020
2022-04-30T04:28:35.529928208Z stdout F OUTBOUND_IP_RANGES_INCLUDE=*
2022-04-30T04:28:35.529931384Z stdout F OUTBOUND_IP_RANGES_EXCLUDE=
2022-04-30T04:28:35.529934317Z stdout F OUTBOUND_PORTS_INCLUDE=
2022-04-30T04:28:35.529937284Z stdout F OUTBOUND_PORTS_EXCLUDE=
2022-04-30T04:28:35.529940256Z stdout F KUBE_VIRT_INTERFACES=
2022-04-30T04:28:35.529943336Z stdout F ENABLE_INBOUND_IPV6=false
2022-04-30T04:28:35.529946359Z stdout F DNS_CAPTURE=false
2022-04-30T04:28:35.529949743Z stdout F DROP_INVALID=false
2022-04-30T04:28:35.529952758Z stdout F CAPTURE_ALL_DNS=false
2022-04-30T04:28:35.529955783Z stdout F DNS_SERVERS=[],[]
2022-04-30T04:28:35.529958817Z stdout F OUTPUT_PATH=
2022-04-30T04:28:35.529961834Z stdout F NETWORK_NAMESPACE=
2022-04-30T04:28:35.529964877Z stdout F CNI_MODE=false
2022-04-30T04:28:35.52996798Z stdout F EXCLUDE_INTERFACES=
2022-04-30T04:28:35.529970892Z stdout F 
2022-04-30T04:28:35.530070315Z stdout F 2022-04-30T04:28:35.529655Z	info	Writing following contents to rules file: /tmp/iptables-rules-1651292915529489856.txt1582383988
2022-04-30T04:28:35.530084858Z stdout F * nat
2022-04-30T04:28:35.530089815Z stdout F -N ISTIO_INBOUND
2022-04-30T04:28:35.530093183Z stdout F -N ISTIO_REDIRECT
2022-04-30T04:28:35.530096222Z stdout F -N ISTIO_IN_REDIRECT
2022-04-30T04:28:35.530099516Z stdout F -N ISTIO_OUTPUT
2022-04-30T04:28:35.53010256Z stdout F -A ISTIO_INBOUND -p tcp --dport 15008 -j RETURN
2022-04-30T04:28:35.530106403Z stdout F -A ISTIO_REDIRECT -p tcp -j REDIRECT --to-ports 15001
2022-04-30T04:28:35.530109587Z stdout F -A ISTIO_IN_REDIRECT -p tcp -j REDIRECT --to-ports 15006
2022-04-30T04:28:35.530112839Z stdout F -A PREROUTING -p tcp -j ISTIO_INBOUND
2022-04-30T04:28:35.530115882Z stdout F -A ISTIO_INBOUND -p tcp --dport 15090 -j RETURN
2022-04-30T04:28:35.530118877Z stdout F -A ISTIO_INBOUND -p tcp --dport 15021 -j RETURN
2022-04-30T04:28:35.530121815Z stdout F -A ISTIO_INBOUND -p tcp --dport 15020 -j RETURN
2022-04-30T04:28:35.530124758Z stdout F -A ISTIO_INBOUND -p tcp -j ISTIO_IN_REDIRECT
2022-04-30T04:28:35.530127911Z stdout F -A OUTPUT -p tcp -j ISTIO_OUTPUT
2022-04-30T04:28:35.53013118Z stdout F -A ISTIO_OUTPUT -o lo -s 127.0.0.6/32 -j RETURN
2022-04-30T04:28:35.5301342Z stdout F -A ISTIO_OUTPUT -o lo ! -d 127.0.0.1/32 -m owner --uid-owner 1337 -j ISTIO_IN_REDIRECT
2022-04-30T04:28:35.53013733Z stdout F -A ISTIO_OUTPUT -o lo -m owner ! --uid-owner 1337 -j RETURN
2022-04-30T04:28:35.530140483Z stdout F -A ISTIO_OUTPUT -m owner --uid-owner 1337 -j RETURN
2022-04-30T04:28:35.530160212Z stdout F -A ISTIO_OUTPUT -o lo ! -d 127.0.0.1/32 -m owner --gid-owner 1337 -j ISTIO_IN_REDIRECT
2022-04-30T04:28:35.530193733Z stdout F -A ISTIO_OUTPUT -o lo -m owner ! --gid-owner 1337 -j RETURN
2022-04-30T04:28:35.530200468Z stdout F -A ISTIO_OUTPUT -m owner --gid-owner 1337 -j RETURN
2022-04-30T04:28:35.530203689Z stdout F -A ISTIO_OUTPUT -d 127.0.0.1/32 -j RETURN
2022-04-30T04:28:35.530206718Z stdout F -A ISTIO_OUTPUT -j ISTIO_REDIRECT
2022-04-30T04:28:35.530209839Z stdout F COMMIT
2022-04-30T04:28:35.53021509Z stdout F 2022-04-30T04:28:35.529810Z	info	Running command: iptables-restore --noflush /tmp/iptables-rules-1651292915529489856.txt1582383988
2022-04-30T04:28:35.539688867Z stdout F 2022-04-30T04:28:35.539354Z	info	Writing following contents to rules file: /tmp/ip6tables-rules-1651292915539254029.txt3660116745
2022-04-30T04:28:35.539710717Z stdout F 
2022-04-30T04:28:35.53978891Z stdout F 2022-04-30T04:28:35.539542Z	info	Running command: ip6tables-restore --noflush /tmp/ip6tables-rules-1651292915539254029.txt3660116745
2022-04-30T04:28:35.545872655Z stdout F 2022-04-30T04:28:35.543110Z	info	Running command: iptables-save 
2022-04-30T04:28:35.549182064Z stdout F 2022-04-30T04:28:35.548908Z	info	Command output: 
2022-04-30T04:28:35.549353093Z stdout F # Generated by iptables-save v1.8.4 on Sat Apr 30 04:28:35 2022
2022-04-30T04:28:35.549357662Z stdout F *nat
2022-04-30T04:28:35.54936134Z stdout F :PREROUTING ACCEPT [0:0]
2022-04-30T04:28:35.549364558Z stdout F :INPUT ACCEPT [0:0]
2022-04-30T04:28:35.549367697Z stdout F :OUTPUT ACCEPT [0:0]
2022-04-30T04:28:35.549370976Z stdout F :POSTROUTING ACCEPT [0:0]
2022-04-30T04:28:35.549374068Z stdout F :ISTIO_INBOUND - [0:0]
2022-04-30T04:28:35.549377155Z stdout F :ISTIO_IN_REDIRECT - [0:0]
2022-04-30T04:28:35.549380248Z stdout F :ISTIO_OUTPUT - [0:0]
2022-04-30T04:28:35.549383333Z stdout F :ISTIO_REDIRECT - [0:0]
2022-04-30T04:28:35.549387343Z stdout F -A PREROUTING -p tcp -j ISTIO_INBOUND
2022-04-30T04:28:35.549391792Z stdout F -A OUTPUT -p tcp -j ISTIO_OUTPUT
2022-04-30T04:28:35.54939489Z stdout F -A ISTIO_INBOUND -p tcp -m tcp --dport 15008 -j RETURN
2022-04-30T04:28:35.549397963Z stdout F -A ISTIO_INBOUND -p tcp -m tcp --dport 15090 -j RETURN
2022-04-30T04:28:35.549401124Z stdout F -A ISTIO_INBOUND -p tcp -m tcp --dport 15021 -j RETURN
2022-04-30T04:28:35.549404148Z stdout F -A ISTIO_INBOUND -p tcp -m tcp --dport 15020 -j RETURN
2022-04-30T04:28:35.549407142Z stdout F -A ISTIO_INBOUND -p tcp -j ISTIO_IN_REDIRECT
2022-04-30T04:28:35.549410141Z stdout F -A ISTIO_IN_REDIRECT -p tcp -j REDIRECT --to-ports 15006
2022-04-30T04:28:35.549413087Z stdout F -A ISTIO_OUTPUT -s 127.0.0.6/32 -o lo -j RETURN
2022-04-30T04:28:35.549416401Z stdout F -A ISTIO_OUTPUT ! -d 127.0.0.1/32 -o lo -m owner --uid-owner 1337 -j ISTIO_IN_REDIRECT
2022-04-30T04:28:35.549419495Z stdout F -A ISTIO_OUTPUT -o lo -m owner ! --uid-owner 1337 -j RETURN
2022-04-30T04:28:35.549422533Z stdout F -A ISTIO_OUTPUT -m owner --uid-owner 1337 -j RETURN
2022-04-30T04:28:35.549425547Z stdout F -A ISTIO_OUTPUT ! -d 127.0.0.1/32 -o lo -m owner --gid-owner 1337 -j ISTIO_IN_REDIRECT
2022-04-30T04:28:35.549428495Z stdout F -A ISTIO_OUTPUT -o lo -m owner ! --gid-owner 1337 -j RETURN
2022-04-30T04:28:35.549431454Z stdout F -A ISTIO_OUTPUT -m owner --gid-owner 1337 -j RETURN
2022-04-30T04:28:35.549434466Z stdout F -A ISTIO_OUTPUT -d 127.0.0.1/32 -j RETURN
2022-04-30T04:28:35.549437459Z stdout F -A ISTIO_OUTPUT -j ISTIO_REDIRECT
2022-04-30T04:28:35.549440464Z stdout F -A ISTIO_REDIRECT -p tcp -j REDIRECT --to-ports 15001
2022-04-30T04:28:35.549443786Z stdout F COMMIT
2022-04-30T04:28:35.549446945Z stdout F # Completed on Sat Apr 30 04:28:35 2022
2022-04-30T04:28:35.549449952Z stdout F 
