2022-06-13T02:22:30.730059423Z stdout F 2022-06-13T02:22:30.727524Z	info	Istio iptables environment:
2022-06-13T02:22:30.730124858Z stdout F ENVOY_PORT=
2022-06-13T02:22:30.730131127Z stdout F INBOUND_CAPTURE_PORT=
2022-06-13T02:22:30.730134544Z stdout F ISTIO_INBOUND_INTERCEPTION_MODE=
2022-06-13T02:22:30.730137381Z stdout F ISTIO_INBOUND_TPROXY_ROUTE_TABLE=
2022-06-13T02:22:30.730139843Z stdout F ISTIO_INBOUND_PORTS=
2022-06-13T02:22:30.73014226Z stdout F ISTIO_OUTBOUND_PORTS=
2022-06-13T02:22:30.730144783Z stdout F ISTIO_LOCAL_EXCLUDE_PORTS=
2022-06-13T02:22:30.730147183Z stdout F ISTIO_EXCLUDE_INTERFACES=
2022-06-13T02:22:30.730149557Z stdout F ISTIO_SERVICE_CIDR=
2022-06-13T02:22:30.730152059Z stdout F ISTIO_SERVICE_EXCLUDE_CIDR=
2022-06-13T02:22:30.730154474Z stdout F ISTIO_META_DNS_CAPTURE=
2022-06-13T02:22:30.730156875Z stdout F INVALID_DROP=
2022-06-13T02:22:30.730159262Z stdout F 
2022-06-13T02:22:30.730161751Z stdout F 2022-06-13T02:22:30.727589Z	info	Istio iptables variables:
2022-06-13T02:22:30.730164159Z stdout F PROXY_PORT=15001
2022-06-13T02:22:30.730166602Z stdout F PROXY_INBOUND_CAPTURE_PORT=15006
2022-06-13T02:22:30.730169023Z stdout F PROXY_TUNNEL_PORT=15008
2022-06-13T02:22:30.730171525Z stdout F PROXY_UID=1337
2022-06-13T02:22:30.730173973Z stdout F PROXY_GID=1337
2022-06-13T02:22:30.730176429Z stdout F INBOUND_INTERCEPTION_MODE=REDIRECT
2022-06-13T02:22:30.730178883Z stdout F INBOUND_TPROXY_MARK=1337
2022-06-13T02:22:30.7301813Z stdout F INBOUND_TPROXY_ROUTE_TABLE=133
2022-06-13T02:22:30.730183764Z stdout F INBOUND_PORTS_INCLUDE=*
2022-06-13T02:22:30.73018617Z stdout F INBOUND_PORTS_EXCLUDE=15090,15021,15020
2022-06-13T02:22:30.730188586Z stdout F OUTBOUND_IP_RANGES_INCLUDE=*
2022-06-13T02:22:30.73021177Z stdout F OUTBOUND_IP_RANGES_EXCLUDE=
2022-06-13T02:22:30.730215466Z stdout F OUTBOUND_PORTS_INCLUDE=
2022-06-13T02:22:30.730217904Z stdout F OUTBOUND_PORTS_EXCLUDE=
2022-06-13T02:22:30.730220308Z stdout F KUBE_VIRT_INTERFACES=
2022-06-13T02:22:30.730222764Z stdout F ENABLE_INBOUND_IPV6=false
2022-06-13T02:22:30.730225163Z stdout F DNS_CAPTURE=false
2022-06-13T02:22:30.730227597Z stdout F DROP_INVALID=false
2022-06-13T02:22:30.73023004Z stdout F CAPTURE_ALL_DNS=false
2022-06-13T02:22:30.730232571Z stdout F DNS_SERVERS=[],[]
2022-06-13T02:22:30.730235177Z stdout F OUTPUT_PATH=
2022-06-13T02:22:30.730237605Z stdout F NETWORK_NAMESPACE=
2022-06-13T02:22:30.73024002Z stdout F CNI_MODE=false
2022-06-13T02:22:30.730242476Z stdout F EXCLUDE_INTERFACES=
2022-06-13T02:22:30.730244829Z stdout F 
2022-06-13T02:22:30.730247994Z stdout F 2022-06-13T02:22:30.727760Z	info	Writing following contents to rules file: /tmp/iptables-rules-1655086950727625007.txt3695949831
2022-06-13T02:22:30.730250409Z stdout F * nat
2022-06-13T02:22:30.730252935Z stdout F -N ISTIO_INBOUND
2022-06-13T02:22:30.730255343Z stdout F -N ISTIO_REDIRECT
2022-06-13T02:22:30.730257767Z stdout F -N ISTIO_IN_REDIRECT
2022-06-13T02:22:30.730260438Z stdout F -N ISTIO_OUTPUT
2022-06-13T02:22:30.730262971Z stdout F -A ISTIO_INBOUND -p tcp --dport 15008 -j RETURN
2022-06-13T02:22:30.730265494Z stdout F -A ISTIO_REDIRECT -p tcp -j REDIRECT --to-ports 15001
2022-06-13T02:22:30.730267913Z stdout F -A ISTIO_IN_REDIRECT -p tcp -j REDIRECT --to-ports 15006
2022-06-13T02:22:30.730270289Z stdout F -A PREROUTING -p tcp -j ISTIO_INBOUND
2022-06-13T02:22:30.73027283Z stdout F -A ISTIO_INBOUND -p tcp --dport 15090 -j RETURN
2022-06-13T02:22:30.730275302Z stdout F -A ISTIO_INBOUND -p tcp --dport 15021 -j RETURN
2022-06-13T02:22:30.730277672Z stdout F -A ISTIO_INBOUND -p tcp --dport 15020 -j RETURN
2022-06-13T02:22:30.730280064Z stdout F -A ISTIO_INBOUND -p tcp -j ISTIO_IN_REDIRECT
2022-06-13T02:22:30.730282451Z stdout F -A OUTPUT -p tcp -j ISTIO_OUTPUT
2022-06-13T02:22:30.730284852Z stdout F -A ISTIO_OUTPUT -o lo -s 127.0.0.6/32 -j RETURN
2022-06-13T02:22:30.730287703Z stdout F -A ISTIO_OUTPUT -o lo ! -d 127.0.0.1/32 -m owner --uid-owner 1337 -j ISTIO_IN_REDIRECT
2022-06-13T02:22:30.730290204Z stdout F -A ISTIO_OUTPUT -o lo -m owner ! --uid-owner 1337 -j RETURN
2022-06-13T02:22:30.730292657Z stdout F -A ISTIO_OUTPUT -m owner --uid-owner 1337 -j RETURN
2022-06-13T02:22:30.730303547Z stdout F -A ISTIO_OUTPUT -o lo ! -d 127.0.0.1/32 -m owner --gid-owner 1337 -j ISTIO_IN_REDIRECT
2022-06-13T02:22:30.730401893Z stdout F -A ISTIO_OUTPUT -o lo -m owner ! --gid-owner 1337 -j RETURN
2022-06-13T02:22:30.730405919Z stdout F -A ISTIO_OUTPUT -m owner --gid-owner 1337 -j RETURN
2022-06-13T02:22:30.730408414Z stdout F -A ISTIO_OUTPUT -d 127.0.0.1/32 -j RETURN
2022-06-13T02:22:30.73041084Z stdout F -A ISTIO_OUTPUT -j ISTIO_REDIRECT
2022-06-13T02:22:30.730415539Z stdout F COMMIT
2022-06-13T02:22:30.730418833Z stdout F 2022-06-13T02:22:30.727794Z	info	Running command: iptables-restore --noflush /tmp/iptables-rules-1655086950727625007.txt3695949831
2022-06-13T02:22:31.000191081Z stdout F 2022-06-13T02:22:30.990889Z	info	Writing following contents to rules file: /tmp/ip6tables-rules-1655086950990803069.txt2995952124
2022-06-13T02:22:31.00021826Z stdout F 
2022-06-13T02:22:31.000224344Z stdout F 2022-06-13T02:22:30.991014Z	info	Running command: ip6tables-restore --noflush /tmp/ip6tables-rules-1655086950990803069.txt2995952124
2022-06-13T02:22:31.000229111Z stdout F 2022-06-13T02:22:30.997213Z	info	Running command: iptables-save 
2022-06-13T02:22:31.00772616Z stdout F 2022-06-13T02:22:31.004118Z	info	Command output: 
2022-06-13T02:22:31.007778229Z stdout F # Generated by iptables-save v1.8.4 on Mon Jun 13 02:22:30 2022
2022-06-13T02:22:31.007788382Z stdout F *nat
2022-06-13T02:22:31.007799759Z stdout F :PREROUTING ACCEPT [0:0]
2022-06-13T02:22:31.00780545Z stdout F :INPUT ACCEPT [0:0]
2022-06-13T02:22:31.007812679Z stdout F :OUTPUT ACCEPT [0:0]
2022-06-13T02:22:31.007818403Z stdout F :POSTROUTING ACCEPT [0:0]
2022-06-13T02:22:31.007822626Z stdout F :ISTIO_INBOUND - [0:0]
2022-06-13T02:22:31.00782681Z stdout F :ISTIO_IN_REDIRECT - [0:0]
2022-06-13T02:22:31.007830893Z stdout F :ISTIO_OUTPUT - [0:0]
2022-06-13T02:22:31.00783536Z stdout F :ISTIO_REDIRECT - [0:0]
2022-06-13T02:22:31.007840022Z stdout F -A PREROUTING -p tcp -j ISTIO_INBOUND
2022-06-13T02:22:31.007843605Z stdout F -A OUTPUT -p tcp -j ISTIO_OUTPUT
2022-06-13T02:22:31.007847723Z stdout F -A ISTIO_INBOUND -p tcp -m tcp --dport 15008 -j RETURN
2022-06-13T02:22:31.007851513Z stdout F -A ISTIO_INBOUND -p tcp -m tcp --dport 15090 -j RETURN
2022-06-13T02:22:31.007861748Z stdout F -A ISTIO_INBOUND -p tcp -m tcp --dport 15021 -j RETURN
2022-06-13T02:22:31.007867224Z stdout F -A ISTIO_INBOUND -p tcp -m tcp --dport 15020 -j RETURN
2022-06-13T02:22:31.007871539Z stdout F -A ISTIO_INBOUND -p tcp -j ISTIO_IN_REDIRECT
2022-06-13T02:22:31.007875584Z stdout F -A ISTIO_IN_REDIRECT -p tcp -j REDIRECT --to-ports 15006
2022-06-13T02:22:31.007879762Z stdout F -A ISTIO_OUTPUT -s 127.0.0.6/32 -o lo -j RETURN
2022-06-13T02:22:31.007884747Z stdout F -A ISTIO_OUTPUT ! -d 127.0.0.1/32 -o lo -m owner --uid-owner 1337 -j ISTIO_IN_REDIRECT
2022-06-13T02:22:31.007888657Z stdout F -A ISTIO_OUTPUT -o lo -m owner ! --uid-owner 1337 -j RETURN
2022-06-13T02:22:31.007954504Z stdout F -A ISTIO_OUTPUT -m owner --uid-owner 1337 -j RETURN
2022-06-13T02:22:31.00796654Z stdout F -A ISTIO_OUTPUT ! -d 127.0.0.1/32 -o lo -m owner --gid-owner 1337 -j ISTIO_IN_REDIRECT
2022-06-13T02:22:31.007977072Z stdout F -A ISTIO_OUTPUT -o lo -m owner ! --gid-owner 1337 -j RETURN
2022-06-13T02:22:31.007982063Z stdout F -A ISTIO_OUTPUT -m owner --gid-owner 1337 -j RETURN
2022-06-13T02:22:31.007986277Z stdout F -A ISTIO_OUTPUT -d 127.0.0.1/32 -j RETURN
2022-06-13T02:22:31.007990264Z stdout F -A ISTIO_OUTPUT -j ISTIO_REDIRECT
2022-06-13T02:22:31.007993878Z stdout F -A ISTIO_REDIRECT -p tcp -j REDIRECT --to-ports 15001
2022-06-13T02:22:31.007997934Z stdout F COMMIT
2022-06-13T02:22:31.008001725Z stdout F # Completed on Mon Jun 13 02:22:30 2022
2022-06-13T02:22:31.008005306Z stdout F 
