2022-04-27T06:22:17.077062523Z stdout F 
2022-04-27T06:22:17.077459457Z stdout F   .   ____          _            __ _ _
2022-04-27T06:22:17.077514395Z stdout F  /\\ / ___'_ __ _ _(_)_ __  __ _ \ \ \ \
2022-04-27T06:22:17.077531368Z stdout F ( ( )\___ | '_ | '_| | '_ \/ _` | \ \ \ \
2022-04-27T06:22:17.077541434Z stdout F  \\/  ___)| |_)| | | | | || (_| |  ) ) ) )
2022-04-27T06:22:17.077550021Z stdout F   '  |____| .__|_| |_|_| |_\__, | / / / /
2022-04-27T06:22:17.077557753Z stdout F  =========|_|==============|___/=/_/_/_/
2022-04-27T06:22:17.150907297Z stdout F  :: Spring Boot ::       (v1.5.22.RELEASE)
2022-04-27T06:22:17.150948584Z stdout F 
2022-04-27T06:22:21.158285081Z stdout F 2022-04-27 14:22:20.996  INFO 1 --- [           main] consign.ConsignApplication               : Starting ConsignApplication v1.0 on ts-consign-service-856df966b-v689l with PID 1 (/app/ts-consign-service-1.0.jar started by root in /)
2022-04-27T06:22:21.169821347Z stdout F 2022-04-27 14:22:21.166  INFO 1 --- [           main] consign.ConsignApplication               : No active profile set, falling back to default profiles: default
2022-04-27T06:22:23.359894999Z stdout F 2022-04-27 14:22:23.343  INFO 1 --- [           main] ationConfigEmbeddedWebApplicationContext : Refreshing org.springframework.boot.context.embedded.AnnotationConfigEmbeddedWebApplicationContext@4dcbadb4: startup date [Wed Apr 27 14:22:23 CST 2022]; root of context hierarchy
2022-04-27T06:23:17.700413795Z stdout F 2022-04-27 14:23:17.697  INFO 1 --- [           main] o.s.i.config.IntegrationRegistrar        : No bean named 'integrationHeaderChannelRegistry' has been explicitly defined. Therefore, a default DefaultHeaderChannelRegistry will be created.
2022-04-27T06:23:25.894002592Z stdout F 2022-04-27 14:23:25.890  INFO 1 --- [           main] faultConfiguringBeanFactoryPostProcessor : No bean named 'errorChannel' has been explicitly defined. Therefore, a default PublishSubscribeChannel will be created.
2022-04-27T06:23:26.185937679Z stdout F 2022-04-27 14:23:26.183  INFO 1 --- [           main] faultConfiguringBeanFactoryPostProcessor : No bean named 'taskScheduler' has been explicitly defined. Therefore, a default ThreadPoolTaskScheduler will be created.
2022-04-27T06:23:29.611528087Z stdout F 2022-04-27 14:23:29.609  INFO 1 --- [           main] trationDelegate$BeanPostProcessorChecker : Bean 'org.springframework.security.config.annotation.configuration.ObjectPostProcessorConfiguration' of type [org.springframework.security.config.annotation.configuration.ObjectPostProcessorConfiguration$$EnhancerBySpringCGLIB$$c8ce0f3d] is not eligible for getting processed by all BeanPostProcessors (for example: not eligible for auto-proxying)
2022-04-27T06:23:29.822046293Z stdout F 2022-04-27 14:23:29.818  INFO 1 --- [           main] trationDelegate$BeanPostProcessorChecker : Bean 'objectPostProcessor' of type [org.springframework.security.config.annotation.configuration.AutowireBeanFactoryObjectPostProcessor] is not eligible for getting processed by all BeanPostProcessors (for example: not eligible for auto-proxying)
2022-04-27T06:23:29.848411013Z stdout F 2022-04-27 14:23:29.847  INFO 1 --- [           main] trationDelegate$BeanPostProcessorChecker : Bean 'org.springframework.security.access.expression.method.DefaultMethodSecurityExpressionHandler@65fb9ffc' of type [org.springframework.security.access.expression.method.DefaultMethodSecurityExpressionHandler] is not eligible for getting processed by all BeanPostProcessors (for example: not eligible for auto-proxying)
2022-04-27T06:23:30.102225991Z stdout F 2022-04-27 14:23:30.101  INFO 1 --- [           main] trationDelegate$BeanPostProcessorChecker : Bean 'org.springframework.security.config.annotation.method.configuration.GlobalMethodSecurityConfiguration' of type [org.springframework.security.config.annotation.method.configuration.GlobalMethodSecurityConfiguration$$EnhancerBySpringCGLIB$$eda2b1ef] is not eligible for getting processed by all BeanPostProcessors (for example: not eligible for auto-proxying)
2022-04-27T06:23:30.167991549Z stdout F 2022-04-27 14:23:30.164  INFO 1 --- [           main] trationDelegate$BeanPostProcessorChecker : Bean 'methodSecurityMetadataSource' of type [org.springframework.security.access.method.DelegatingMethodSecurityMetadataSource] is not eligible for getting processed by all BeanPostProcessors (for example: not eligible for auto-proxying)
2022-04-27T06:23:30.959422463Z stdout F 2022-04-27 14:23:30.958  INFO 1 --- [           main] trationDelegate$BeanPostProcessorChecker : Bean 'integrationGlobalProperties' of type [org.springframework.beans.factory.config.PropertiesFactoryBean] is not eligible for getting processed by all BeanPostProcessors (for example: not eligible for auto-proxying)
2022-04-27T06:23:30.996228738Z stdout F 2022-04-27 14:23:30.995  INFO 1 --- [           main] trationDelegate$BeanPostProcessorChecker : Bean 'integrationGlobalProperties' of type [java.util.Properties] is not eligible for getting processed by all BeanPostProcessors (for example: not eligible for auto-proxying)
2022-04-27T06:23:43.293007808Z stdout F 2022-04-27 14:23:43.292  INFO 1 --- [           main] s.b.c.e.t.TomcatEmbeddedServletContainer : Tomcat initialized with port(s): 16111 (http)
2022-04-27T06:23:49.470231115Z stdout F 2022-04-27 14:23:48.866  INFO 1 --- [           main] o.apache.catalina.core.StandardService   : Starting service [Tomcat]
2022-04-27T06:23:49.470314827Z stdout F 2022-04-27 14:23:49.468  INFO 1 --- [           main] org.apache.catalina.core.StandardEngine  : Starting Servlet Engine: Apache Tomcat/8.5.43
2022-04-27T06:23:56.52834104Z stdout F 2022-04-27 14:23:56.496  INFO 1 --- [ost-startStop-1] o.a.c.c.C.[Tomcat].[localhost].[/]       : Initializing Spring embedded WebApplicationContext
2022-04-27T06:23:56.57043852Z stdout F 2022-04-27 14:23:56.567  INFO 1 --- [ost-startStop-1] o.s.web.context.ContextLoader            : Root WebApplicationContext: initialization completed in 93250 ms
2022-04-27T06:24:13.954758392Z stdout F 2022-04-27 14:24:13.932  INFO 1 --- [ost-startStop-1] o.s.b.w.servlet.FilterRegistrationBean   : Mapping filter: 'metricsFilter' to: [/*]
2022-04-27T06:24:13.98992242Z stdout F 2022-04-27 14:24:13.986  INFO 1 --- [ost-startStop-1] o.s.b.w.servlet.FilterRegistrationBean   : Mapping filter: 'characterEncodingFilter' to: [/*]
2022-04-27T06:24:13.990072884Z stdout F 2022-04-27 14:24:13.987  INFO 1 --- [ost-startStop-1] o.s.b.w.servlet.FilterRegistrationBean   : Mapping filter: 'hiddenHttpMethodFilter' to: [/*]
2022-04-27T06:24:13.990091197Z stdout F 2022-04-27 14:24:13.987  INFO 1 --- [ost-startStop-1] o.s.b.w.servlet.FilterRegistrationBean   : Mapping filter: 'httpPutFormContentFilter' to: [/*]
2022-04-27T06:24:13.998346676Z stdout F 2022-04-27 14:24:13.996  INFO 1 --- [ost-startStop-1] o.s.b.w.servlet.FilterRegistrationBean   : Mapping filter: 'requestContextFilter' to: [/*]
2022-04-27T06:24:14.083097686Z stdout F 2022-04-27 14:24:14.073  INFO 1 --- [ost-startStop-1] .s.DelegatingFilterProxyRegistrationBean : Mapping filter: 'springSecurityFilterChain' to: [/*]
2022-04-27T06:24:14.094820094Z stdout F 2022-04-27 14:24:14.089  INFO 1 --- [ost-startStop-1] o.s.b.w.servlet.FilterRegistrationBean   : Mapping filter: 'webRequestLoggingFilter' to: [/*]
2022-04-27T06:24:14.119299101Z stdout F 2022-04-27 14:24:14.118  INFO 1 --- [ost-startStop-1] o.s.b.w.servlet.FilterRegistrationBean   : Mapping filter: 'applicationContextIdFilter' to: [/*]
2022-04-27T06:24:14.123975925Z stdout F 2022-04-27 14:24:14.122  INFO 1 --- [ost-startStop-1] o.s.b.w.servlet.ServletRegistrationBean  : Mapping servlet: 'dispatcherServlet' to [/]
2022-04-27T06:25:10.480755435Z stdout F 2022-04-27 14:25:10.479  INFO 1 --- [           main] org.mongodb.driver.cluster               : Cluster created with settings {hosts=[ts-consign-mongo:27017], mode=MULTIPLE, requiredClusterType=UNKNOWN, serverSelectionTimeout='30000 ms', maxWaitQueueSize=500}
2022-04-27T06:25:10.480920243Z stdout F 2022-04-27 14:25:10.480  INFO 1 --- [           main] org.mongodb.driver.cluster               : Adding discovered server ts-consign-mongo:27017 to client view of cluster
2022-04-27T06:25:27.689786193Z stdout F 2022-04-27 14:25:27.687  INFO 1 --- [ign-mongo:27017] org.mongodb.driver.connection            : Opened connection [connectionId{localValue:1, serverValue:1}] to ts-consign-mongo:27017
2022-04-27T06:25:28.361662637Z stdout F 2022-04-27 14:25:28.360  INFO 1 --- [ign-mongo:27017] org.mongodb.driver.cluster               : Monitor thread successfully connected to server with description ServerDescription{address=ts-consign-mongo:27017, type=STANDALONE, state=CONNECTED, ok=true, version=ServerVersion{versionList=[5, 0, 8]}, minWireVersion=0, maxWireVersion=13, maxDocumentSize=16777216, roundTripTimeNanos=361893911}
2022-04-27T06:25:28.528678047Z stdout F 2022-04-27 14:25:28.525  INFO 1 --- [ign-mongo:27017] org.mongodb.driver.cluster               : Discovered cluster type of STANDALONE
2022-04-27T06:27:44.7091656Z stdout F 2022-04-27 14:27:44.657  INFO 1 --- [           main] s.w.s.m.m.a.RequestMappingHandlerMapping : Mapped "{[/api/v1/consignservice/welcome],methods=[GET]}" onto public java.lang.String consign.controller.ConsignController.home(org.springframework.http.HttpHeaders)
2022-04-27T06:27:44.795019349Z stdout F 2022-04-27 14:27:44.792  INFO 1 --- [           main] s.w.s.m.m.a.RequestMappingHandlerMapping : Mapped "{[/api/v1/consignservice/consigns/account/{id}],methods=[GET]}" onto public org.springframework.http.HttpEntity consign.controller.ConsignController.findByAccountId(java.lang.String,org.springframework.http.HttpHeaders)
2022-04-27T06:27:44.79505373Z stdout F 2022-04-27 14:27:44.793  INFO 1 --- [           main] s.w.s.m.m.a.RequestMappingHandlerMapping : Mapped "{[/api/v1/consignservice/consigns/order/{id}],methods=[GET]}" onto public org.springframework.http.HttpEntity consign.controller.ConsignController.findByOrderId(java.lang.String,org.springframework.http.HttpHeaders)
2022-04-27T06:27:44.795060706Z stdout F 2022-04-27 14:27:44.793  INFO 1 --- [           main] s.w.s.m.m.a.RequestMappingHandlerMapping : Mapped "{[/api/v1/consignservice/consigns/{consignee}],methods=[GET]}" onto public org.springframework.http.HttpEntity consign.controller.ConsignController.findByConsignee(java.lang.String,org.springframework.http.HttpHeaders)
2022-04-27T06:27:44.795068391Z stdout F 2022-04-27 14:27:44.793  INFO 1 --- [           main] s.w.s.m.m.a.RequestMappingHandlerMapping : Mapped "{[/api/v1/consignservice/consigns],methods=[POST]}" onto public org.springframework.http.HttpEntity consign.controller.ConsignController.insertConsign(consign.entity.Consign,org.springframework.http.HttpHeaders)
2022-04-27T06:27:44.795072669Z stdout F 2022-04-27 14:27:44.793  INFO 1 --- [           main] s.w.s.m.m.a.RequestMappingHandlerMapping : Mapped "{[/api/v1/consignservice/consigns],methods=[PUT]}" onto public org.springframework.http.HttpEntity consign.controller.ConsignController.updateConsign(consign.entity.Consign,org.springframework.http.HttpHeaders)
2022-04-27T06:27:44.911539458Z stdout F 2022-04-27 14:27:44.910  INFO 1 --- [           main] s.w.s.m.m.a.RequestMappingHandlerMapping : Mapped "{[/v2/api-docs],methods=[GET],produces=[application/json || application/hal+json]}" onto public org.springframework.http.ResponseEntity<springfox.documentation.spring.web.json.Json> springfox.documentation.swagger2.web.Swagger2Controller.getDocumentation(java.lang.String,javax.servlet.http.HttpServletRequest)
2022-04-27T06:27:45.894752771Z stdout F 2022-04-27 14:27:45.892  INFO 1 --- [           main] s.w.s.m.m.a.RequestMappingHandlerMapping : Mapped "{[/configuration/ui]}" onto org.springframework.http.ResponseEntity<springfox.documentation.swagger.web.UiConfiguration> springfox.documentation.swagger.web.ApiResourceController.uiConfiguration()
2022-04-27T06:27:46.073165475Z stdout F 2022-04-27 14:27:46.072  INFO 1 --- [           main] s.w.s.m.m.a.RequestMappingHandlerMapping : Mapped "{[/configuration/security]}" onto org.springframework.http.ResponseEntity<springfox.documentation.swagger.web.SecurityConfiguration> springfox.documentation.swagger.web.ApiResourceController.securityConfiguration()
2022-04-27T06:27:46.075301955Z stdout F 2022-04-27 14:27:46.074  INFO 1 --- [           main] s.w.s.m.m.a.RequestMappingHandlerMapping : Mapped "{[/swagger-resources]}" onto org.springframework.http.ResponseEntity<java.util.List<springfox.documentation.swagger.web.SwaggerResource>> springfox.documentation.swagger.web.ApiResourceController.swaggerResources()
2022-04-27T06:27:46.283934436Z stdout F 2022-04-27 14:27:46.278  INFO 1 --- [           main] s.w.s.m.m.a.RequestMappingHandlerMapping : Mapped "{[/error],produces=[text/html]}" onto public org.springframework.web.servlet.ModelAndView org.springframework.boot.autoconfigure.web.BasicErrorController.errorHtml(javax.servlet.http.HttpServletRequest,javax.servlet.http.HttpServletResponse)
2022-04-27T06:27:46.283962302Z stdout F 2022-04-27 14:27:46.279  INFO 1 --- [           main] s.w.s.m.m.a.RequestMappingHandlerMapping : Mapped "{[/error]}" onto public org.springframework.http.ResponseEntity<java.util.Map<java.lang.String, java.lang.Object>> org.springframework.boot.autoconfigure.web.BasicErrorController.error(javax.servlet.http.HttpServletRequest)
2022-04-27T06:28:17.746110665Z stdout F 2022-04-27 14:28:17.744  INFO 1 --- [           main] o.s.b.a.e.mvc.EndpointHandlerMapping     : Mapped "{[/auditevents || /auditevents.json],methods=[GET],produces=[application/vnd.spring-boot.actuator.v1+json || application/json]}" onto public org.springframework.http.ResponseEntity<?> org.springframework.boot.actuate.endpoint.mvc.AuditEventsMvcEndpoint.findByPrincipalAndAfterAndType(java.lang.String,java.util.Date,java.lang.String)
2022-04-27T06:28:17.767011257Z stdout F 2022-04-27 14:28:17.764  INFO 1 --- [           main] o.s.b.a.e.mvc.EndpointHandlerMapping     : Mapped "{[/dump || /dump.json],methods=[GET],produces=[application/vnd.spring-boot.actuator.v1+json || application/json]}" onto public java.lang.Object org.springframework.boot.actuate.endpoint.mvc.EndpointMvcAdapter.invoke()
2022-04-27T06:28:17.788153466Z stdout F 2022-04-27 14:28:17.785  INFO 1 --- [           main] o.s.b.a.e.mvc.EndpointHandlerMapping     : Mapped "{[/trace || /trace.json],methods=[GET],produces=[application/vnd.spring-boot.actuator.v1+json || application/json]}" onto public java.lang.Object org.springframework.boot.actuate.endpoint.mvc.EndpointMvcAdapter.invoke()
2022-04-27T06:28:17.788193903Z stdout F 2022-04-27 14:28:17.787  INFO 1 --- [           main] o.s.b.a.e.mvc.EndpointHandlerMapping     : Mapped "{[/mappings || /mappings.json],methods=[GET],produces=[application/vnd.spring-boot.actuator.v1+json || application/json]}" onto public java.lang.Object org.springframework.boot.actuate.endpoint.mvc.EndpointMvcAdapter.invoke()
2022-04-27T06:28:17.820379859Z stdout F 2022-04-27 14:28:17.811  INFO 1 --- [           main] o.s.b.a.e.mvc.EndpointHandlerMapping     : Mapped "{[/metrics/{name:.*}],methods=[GET],produces=[application/vnd.spring-boot.actuator.v1+json || application/json]}" onto public java.lang.Object org.springframework.boot.actuate.endpoint.mvc.MetricsMvcEndpoint.value(java.lang.String)
2022-04-27T06:28:17.835562492Z stdout F 2022-04-27 14:28:17.832  INFO 1 --- [           main] o.s.b.a.e.mvc.EndpointHandlerMapping     : Mapped "{[/metrics || /metrics.json],methods=[GET],produces=[application/vnd.spring-boot.actuator.v1+json || application/json]}" onto public java.lang.Object org.springframework.boot.actuate.endpoint.mvc.EndpointMvcAdapter.invoke()
2022-04-27T06:28:17.851033836Z stdout F 2022-04-27 14:28:17.842  INFO 1 --- [           main] o.s.b.a.e.mvc.EndpointHandlerMapping     : Mapped "{[/configprops || /configprops.json],methods=[GET],produces=[application/vnd.spring-boot.actuator.v1+json || application/json]}" onto public java.lang.Object org.springframework.boot.actuate.endpoint.mvc.EndpointMvcAdapter.invoke()
2022-04-27T06:28:17.875583782Z stdout F 2022-04-27 14:28:17.868  INFO 1 --- [           main] o.s.b.a.e.mvc.EndpointHandlerMapping     : Mapped "{[/info || /info.json],methods=[GET],produces=[application/vnd.spring-boot.actuator.v1+json || application/json]}" onto public java.lang.Object org.springframework.boot.actuate.endpoint.mvc.EndpointMvcAdapter.invoke()
2022-04-27T06:28:17.87571876Z stdout F 2022-04-27 14:28:17.869  INFO 1 --- [           main] o.s.b.a.e.mvc.EndpointHandlerMapping     : Mapped "{[/heapdump || /heapdump.json],methods=[GET],produces=[application/octet-stream]}" onto public void org.springframework.boot.actuate.endpoint.mvc.HeapdumpMvcEndpoint.invoke(boolean,javax.servlet.http.HttpServletRequest,javax.servlet.http.HttpServletResponse) throws java.io.IOException,javax.servlet.ServletException
2022-04-27T06:28:17.911344837Z stdout F 2022-04-27 14:28:17.908  INFO 1 --- [           main] o.s.b.a.e.mvc.EndpointHandlerMapping     : Mapped "{[/loggers/{name:.*}],methods=[GET],produces=[application/vnd.spring-boot.actuator.v1+json || application/json]}" onto public java.lang.Object org.springframework.boot.actuate.endpoint.mvc.LoggersMvcEndpoint.get(java.lang.String)
2022-04-27T06:28:17.987652901Z stdout F 2022-04-27 14:28:17.909  INFO 1 --- [           main] o.s.b.a.e.mvc.EndpointHandlerMapping     : Mapped "{[/loggers/{name:.*}],methods=[POST],consumes=[application/vnd.spring-boot.actuator.v1+json || application/json],produces=[application/vnd.spring-boot.actuator.v1+json || application/json]}" onto public java.lang.Object org.springframework.boot.actuate.endpoint.mvc.LoggersMvcEndpoint.set(java.lang.String,java.util.Map<java.lang.String, java.lang.String>)
2022-04-27T06:28:18.000647058Z stdout F 2022-04-27 14:28:17.987  INFO 1 --- [           main] o.s.b.a.e.mvc.EndpointHandlerMapping     : Mapped "{[/loggers || /loggers.json],methods=[GET],produces=[application/vnd.spring-boot.actuator.v1+json || application/json]}" onto public java.lang.Object org.springframework.boot.actuate.endpoint.mvc.EndpointMvcAdapter.invoke()
2022-04-27T06:28:18.001874201Z stdout F 2022-04-27 14:28:18.001  INFO 1 --- [           main] o.s.b.a.e.mvc.EndpointHandlerMapping     : Mapped "{[/autoconfig || /autoconfig.json],methods=[GET],produces=[application/vnd.spring-boot.actuator.v1+json || application/json]}" onto public java.lang.Object org.springframework.boot.actuate.endpoint.mvc.EndpointMvcAdapter.invoke()
2022-04-27T06:28:18.254741428Z stdout F 2022-04-27 14:28:18.173  INFO 1 --- [           main] o.s.b.a.e.mvc.EndpointHandlerMapping     : Mapped "{[/env/{name:.*}],methods=[GET],produces=[application/vnd.spring-boot.actuator.v1+json || application/json]}" onto public java.lang.Object org.springframework.boot.actuate.endpoint.mvc.EnvironmentMvcEndpoint.value(java.lang.String)
2022-04-27T06:28:18.30910708Z stdout F 2022-04-27 14:28:18.253  INFO 1 --- [           main] o.s.b.a.e.mvc.EndpointHandlerMapping     : Mapped "{[/env || /env.json],methods=[GET],produces=[application/vnd.spring-boot.actuator.v1+json || application/json]}" onto public java.lang.Object org.springframework.boot.actuate.endpoint.mvc.EndpointMvcAdapter.invoke()
2022-04-27T06:28:18.378404867Z stdout F 2022-04-27 14:28:18.373  INFO 1 --- [           main] o.s.b.a.e.mvc.EndpointHandlerMapping     : Mapped "{[/health || /health.json],methods=[GET],produces=[application/vnd.spring-boot.actuator.v1+json || application/json]}" onto public java.lang.Object org.springframework.boot.actuate.endpoint.mvc.HealthMvcEndpoint.invoke(javax.servlet.http.HttpServletRequest,java.security.Principal)
2022-04-27T06:28:18.378440075Z stdout F 2022-04-27 14:28:18.374  INFO 1 --- [           main] o.s.b.a.e.mvc.EndpointHandlerMapping     : Mapped "{[/beans || /beans.json],methods=[GET],produces=[application/vnd.spring-boot.actuator.v1+json || application/json]}" onto public java.lang.Object org.springframework.boot.actuate.endpoint.mvc.EndpointMvcAdapter.invoke()
2022-04-27T06:28:45.895976841Z stdout F 2022-04-27 14:28:45.885  INFO 1 --- [           main] b.a.s.AuthenticationManagerConfiguration : 
2022-04-27T06:28:45.896027998Z stdout F 
2022-04-27T06:28:45.896037806Z stdout F Using default security password: 7eed1cbb-89d1-40e4-8a59-7f0560241007
2022-04-27T06:28:45.896043101Z stdout F 
2022-04-27T06:29:34.362054284Z stdout F 2022-04-27 14:29:34.023  INFO 1 --- [           main] o.s.s.web.DefaultSecurityFilterChain     : Creating filter chain: org.springframework.security.web.util.matcher.AnyRequestMatcher@1, [org.springframework.security.web.context.request.async.WebAsyncManagerIntegrationFilter@19e7a160, org.springframework.security.web.context.SecurityContextPersistenceFilter@3b74ac8, org.springframework.security.web.header.HeaderWriterFilter@1d483de4, org.springframework.security.web.authentication.logout.LogoutFilter@1ae8bcbc, edu.fudan.common.security.jwt.JWTFilter@662706a7, org.springframework.security.web.savedrequest.RequestCacheAwareFilter@b83a9be, org.springframework.security.web.servletapi.SecurityContextHolderAwareRequestFilter@563e4951, org.springframework.security.web.authentication.AnonymousAuthenticationFilter@45a4b042, org.springframework.security.web.session.SessionManagementFilter@28d18df5, org.springframework.security.web.access.ExceptionTranslationFilter@7ef27d7f, org.springframework.security.web.access.intercept.FilterSecurityInterceptor@198d6542]
2022-04-27T06:30:13.758417956Z stdout F 2022-04-27 14:30:13.698  INFO 1 --- [           main] o.s.w.s.handler.SimpleUrlHandlerMapping  : Mapped URL path [/webjars/**] onto handler of type [class org.springframework.web.servlet.resource.ResourceHttpRequestHandler]
2022-04-27T06:30:13.758505663Z stdout F 2022-04-27 14:30:13.755  INFO 1 --- [           main] o.s.w.s.handler.SimpleUrlHandlerMapping  : Mapped URL path [/**] onto handler of type [class org.springframework.web.servlet.resource.ResourceHttpRequestHandler]
2022-04-27T06:30:19.126264436Z stdout F 2022-04-27 14:30:19.123  INFO 1 --- [           main] o.s.w.s.handler.SimpleUrlHandlerMapping  : Mapped URL path [/**/favicon.ico] onto handler of type [class org.springframework.web.servlet.resource.ResourceHttpRequestHandler]
2022-04-27T06:30:23.761983168Z stdout F 2022-04-27 14:30:23.760  INFO 1 --- [           main] o.s.s.web.DefaultSecurityFilterChain     : Creating filter chain: org.springframework.boot.actuate.autoconfigure.ManagementWebSecurityAutoConfiguration$LazyEndpointPathRequestMatcher@68d279ec, [org.springframework.security.web.context.request.async.WebAsyncManagerIntegrationFilter@258d79be, org.springframework.security.web.context.SecurityContextPersistenceFilter@5717c37, org.springframework.security.web.header.HeaderWriterFilter@7357a011, org.springframework.web.filter.CorsFilter@14f9390f, org.springframework.security.web.authentication.logout.LogoutFilter@4eaf3684, org.springframework.security.web.authentication.www.BasicAuthenticationFilter@2ce6c6ec, org.springframework.security.web.savedrequest.RequestCacheAwareFilter@68f4865, org.springframework.security.web.servletapi.SecurityContextHolderAwareRequestFilter@4816278d, org.springframework.security.web.authentication.AnonymousAuthenticationFilter@6c0d7c83, org.springframework.security.web.session.SessionManagementFilter@3406472c, org.springframework.security.web.access.ExceptionTranslationFilter@2474f125, org.springframework.security.web.access.intercept.FilterSecurityInterceptor@5b7a8434]
2022-04-27T06:30:53.350788024Z stdout F 2022-04-27 14:30:53.346  INFO 1 --- [           main] s.w.s.m.m.a.RequestMappingHandlerAdapter : Looking for @ControllerAdvice: org.springframework.boot.context.embedded.AnnotationConfigEmbeddedWebApplicationContext@4dcbadb4: startup date [Wed Apr 27 14:22:23 CST 2022]; root of context hierarchy
2022-04-27T06:31:47.967531902Z stdout F 2022-04-27 14:31:47.966  INFO 1 --- [           main] o.s.s.c.ThreadPoolTaskScheduler          : Initializing ExecutorService 'taskScheduler'
2022-04-27T06:32:46.504402913Z stdout F 2022-04-27 14:32:46.408  INFO 1 --- [           main] o.s.j.e.a.AnnotationMBeanExporter        : Registering beans for JMX exposure on startup
2022-04-27T06:32:48.442850506Z stdout F 2022-04-27 14:32:48.427  INFO 1 --- [           main] o.s.c.support.DefaultLifecycleProcessor  : Starting beans in phase 0
2022-04-27T06:32:54.593798062Z stdout F 2022-04-27 14:32:54.593  INFO 1 --- [           main] o.s.i.endpoint.EventDrivenConsumer       : Adding {logging-channel-adapter:_org.springframework.integration.errorLogger} as a subscriber to the 'errorChannel' channel
2022-04-27T06:32:54.64908842Z stdout F 2022-04-27 14:32:54.648  INFO 1 --- [           main] o.s.i.channel.PublishSubscribeChannel    : Channel 'ts-consign-service:16111.errorChannel' has 1 subscriber(s).
2022-04-27T06:32:54.649246331Z stdout F 2022-04-27 14:32:54.648  INFO 1 --- [           main] o.s.i.endpoint.EventDrivenConsumer       : started _org.springframework.integration.errorLogger
2022-04-27T06:32:56.227973134Z stdout F 2022-04-27 14:32:56.227  INFO 1 --- [           main] d.s.w.p.DocumentationPluginsBootstrapper : Context refreshed
2022-04-27T06:33:01.540361925Z stdout F 2022-04-27 14:33:01.392  INFO 1 --- [           main] d.s.w.p.DocumentationPluginsBootstrapper : Found 1 custom documentation plugin(s)
2022-04-27T06:33:03.372864388Z stdout F 2022-04-27 14:33:03.369  INFO 1 --- [           main] s.d.s.w.s.ApiListingReferenceScanner     : Scanning for api listing references
2022-04-27T06:33:14.3315856Z stdout F 2022-04-27 14:33:14.158  INFO 1 --- [           main] .d.s.w.r.o.CachingOperationNameGenerator : Generating unique operation named: findByPrincipalAndAfterAndTypeUsingGET_1
2022-04-27T06:33:32.414717146Z stdout F 2022-04-27 14:33:32.391  INFO 1 --- [           main] .d.s.w.r.o.CachingOperationNameGenerator : Generating unique operation named: invokeUsingGET_1
2022-04-27T06:33:32.428188395Z stdout F 2022-04-27 14:33:32.427  INFO 1 --- [           main] .d.s.w.r.o.CachingOperationNameGenerator : Generating unique operation named: invokeUsingGET_2
2022-04-27T06:33:32.438033421Z stdout F 2022-04-27 14:33:32.437  INFO 1 --- [           main] .d.s.w.r.o.CachingOperationNameGenerator : Generating unique operation named: invokeUsingGET_3
2022-04-27T06:33:32.454107214Z stdout F 2022-04-27 14:33:32.453  INFO 1 --- [           main] .d.s.w.r.o.CachingOperationNameGenerator : Generating unique operation named: invokeUsingGET_4
2022-04-27T06:33:32.464019019Z stdout F 2022-04-27 14:33:32.460  INFO 1 --- [           main] .d.s.w.r.o.CachingOperationNameGenerator : Generating unique operation named: invokeUsingGET_5
2022-04-27T06:33:32.466559341Z stdout F 2022-04-27 14:33:32.465  INFO 1 --- [           main] .d.s.w.r.o.CachingOperationNameGenerator : Generating unique operation named: invokeUsingGET_6
2022-04-27T06:33:32.469332513Z stdout F 2022-04-27 14:33:32.468  INFO 1 --- [           main] .d.s.w.r.o.CachingOperationNameGenerator : Generating unique operation named: invokeUsingGET_7
2022-04-27T06:33:32.472987665Z stdout F 2022-04-27 14:33:32.471  INFO 1 --- [           main] .d.s.w.r.o.CachingOperationNameGenerator : Generating unique operation named: invokeUsingGET_8
2022-04-27T06:33:32.474826063Z stdout F 2022-04-27 14:33:32.473  INFO 1 --- [           main] .d.s.w.r.o.CachingOperationNameGenerator : Generating unique operation named: invokeUsingGET_9
2022-04-27T06:33:32.478563455Z stdout F 2022-04-27 14:33:32.477  INFO 1 --- [           main] .d.s.w.r.o.CachingOperationNameGenerator : Generating unique operation named: invokeUsingGET_10
2022-04-27T06:33:32.539790213Z stdout F 2022-04-27 14:33:32.537  INFO 1 --- [           main] .d.s.w.r.o.CachingOperationNameGenerator : Generating unique operation named: invokeUsingGET_11
2022-04-27T06:33:32.565105244Z stdout F 2022-04-27 14:33:32.558  INFO 1 --- [           main] .d.s.w.r.o.CachingOperationNameGenerator : Generating unique operation named: invokeUsingGET_12
2022-04-27T06:33:32.583644866Z stdout F 2022-04-27 14:33:32.581  INFO 1 --- [           main] .d.s.w.r.o.CachingOperationNameGenerator : Generating unique operation named: invokeUsingGET_13
2022-04-27T06:33:32.604293014Z stdout F 2022-04-27 14:33:32.599  INFO 1 --- [           main] .d.s.w.r.o.CachingOperationNameGenerator : Generating unique operation named: invokeUsingGET_14
2022-04-27T06:33:32.609265394Z stdout F 2022-04-27 14:33:32.607  INFO 1 --- [           main] .d.s.w.r.o.CachingOperationNameGenerator : Generating unique operation named: invokeUsingGET_15
2022-04-27T06:33:32.644005524Z stdout F 2022-04-27 14:33:32.643  INFO 1 --- [           main] .d.s.w.r.o.CachingOperationNameGenerator : Generating unique operation named: invokeUsingGET_16
2022-04-27T06:33:32.684320824Z stdout F 2022-04-27 14:33:32.682  INFO 1 --- [           main] .d.s.w.r.o.CachingOperationNameGenerator : Generating unique operation named: invokeUsingGET_17
2022-04-27T06:33:32.73422863Z stdout F 2022-04-27 14:33:32.730  INFO 1 --- [           main] .d.s.w.r.o.CachingOperationNameGenerator : Generating unique operation named: invokeUsingGET_18
2022-04-27T06:33:32.759634536Z stdout F 2022-04-27 14:33:32.757  INFO 1 --- [           main] .d.s.w.r.o.CachingOperationNameGenerator : Generating unique operation named: invokeUsingGET_19
2022-04-27T06:33:32.868938796Z stdout F 2022-04-27 14:33:32.867  INFO 1 --- [           main] .d.s.w.r.o.CachingOperationNameGenerator : Generating unique operation named: invokeUsingGET_20
2022-04-27T06:33:32.887902269Z stdout F 2022-04-27 14:33:32.884  INFO 1 --- [           main] .d.s.w.r.o.CachingOperationNameGenerator : Generating unique operation named: invokeUsingGET_21
2022-04-27T06:33:33.636630893Z stdout F 2022-04-27 14:33:33.631  INFO 1 --- [           main] .d.s.w.r.o.CachingOperationNameGenerator : Generating unique operation named: invokeUsingGET_22
2022-04-27T06:33:33.636681939Z stdout F 2022-04-27 14:33:33.633  INFO 1 --- [           main] .d.s.w.r.o.CachingOperationNameGenerator : Generating unique operation named: invokeUsingGET_23
2022-04-27T06:33:34.091268977Z stdout F 2022-04-27 14:33:34.090  INFO 1 --- [           main] .d.s.w.r.o.CachingOperationNameGenerator : Generating unique operation named: valueUsingGET_1
2022-04-27T06:33:37.845754204Z stdout F 2022-04-27 14:33:37.844  INFO 1 --- [           main] s.b.c.e.t.TomcatEmbeddedServletContainer : Tomcat started on port(s): 16111 (http)
2022-04-27T06:33:37.922784632Z stdout F 2022-04-27 14:33:37.922  INFO 1 --- [           main] consign.ConsignApplication               : Started ConsignApplication in 685.974 seconds (JVM running for 695.308)
2022-04-27T07:23:24.512778483Z stdout F 2022-04-27 15:23:24.494  INFO 1 --- [o-16111-exec-10] o.a.c.c.C.[Tomcat].[localhost].[/]       : Initializing Spring FrameworkServlet 'dispatcherServlet'
2022-04-27T07:23:24.517085333Z stdout F 2022-04-27 15:23:24.514  INFO 1 --- [o-16111-exec-10] o.s.web.servlet.DispatcherServlet        : FrameworkServlet 'dispatcherServlet': initialization started
2022-04-27T07:23:26.512745466Z stdout F 2022-04-27 15:23:26.512  INFO 1 --- [o-16111-exec-10] o.s.web.servlet.DispatcherServlet        : FrameworkServlet 'dispatcherServlet': initialization completed in 1995 ms
2022-04-27T07:23:35.093949035Z stdout F 2022-04-27 15:23:35.087  INFO 1 --- [o-16111-exec-10] consign.controller.ConsignController     : Find consign by account id: 4d2a46c7-71cb-4cf1-b5bb-b68406d9da6f
2022-04-27T07:23:41.1705509Z stdout F 2022-04-27 15:23:41.170  INFO 1 --- [o-16111-exec-10] org.mongodb.driver.connection            : Opened connection [connectionId{localValue:2, serverValue:2}] to ts-consign-mongo:27017
2022-04-27T07:23:41.584721282Z stdout F 2022-04-27 15:23:41.582  WARN 1 --- [o-16111-exec-10] consign.service.ConsignServiceImpl       : No Content according to accountId: 4d2a46c7-71cb-4cf1-b5bb-b68406d9da6f
2022-04-27T07:23:43.268747897Z stdout F 2022-04-27 15:23:43.265  INFO 1 --- [io-16111-exec-4] consign.controller.ConsignController     : Find consign by account id: 4d2a46c7-71cb-4cf1-b5bb-b68406d9da6f
2022-04-27T07:23:43.280837052Z stdout F 2022-04-27 15:23:43.280  WARN 1 --- [io-16111-exec-4] consign.service.ConsignServiceImpl       : No Content according to accountId: 4d2a46c7-71cb-4cf1-b5bb-b68406d9da6f
