2022-05-25T10:54:32.960470983Z stdout F 2022-05-25 18:54:32.359  INFO [bootstrap,,,] 1 --- [           main] s.c.a.AnnotationConfigApplicationContext : Refreshing org.springframework.context.annotation.AnnotationConfigApplicationContext@48533e64: startup date [Wed May 25 18:54:32 CST 2022]; root of context hierarchy
2022-05-25T10:55:11.669868021Z stdout F 2022-05-25 18:55:11.667  INFO [bootstrap,,,] 1 --- [           main] trationDelegate$BeanPostProcessorChecker : Bean 'configurationPropertiesRebinderAutoConfiguration' of type [org.springframework.cloud.autoconfigure.ConfigurationPropertiesRebinderAutoConfiguration$$EnhancerBySpringCGLIB$$3c5b44cd] is not eligible for getting processed by all BeanPostProcessors (for example: not eligible for auto-proxying)
2022-05-25T10:56:26.28101489Z stdout F 
2022-05-25T10:56:26.281072575Z stdout F   .   ____          _            __ _ _
2022-05-25T10:56:26.283906282Z stdout F  /\\ / ___'_ __ _ _(_)_ __  __ _ \ \ \ \
2022-05-25T10:56:26.283914371Z stdout F ( ( )\___ | '_ | '_| | '_ \/ _` | \ \ \ \
2022-05-25T10:56:26.283918506Z stdout F  \\/  ___)| |_)| | | | | || (_| |  ) ) ) )
2022-05-25T10:56:26.287799289Z stdout F   '  |____| .__|_| |_|_| |_\__, | / / / /
2022-05-25T10:56:26.29128378Z stdout F  =========|_|==============|___/=/_/_/_/
2022-05-25T10:56:26.345115939Z stdout F  :: Spring Boot ::       (v1.5.22.RELEASE)
2022-05-25T10:56:26.345150536Z stdout F 
2022-05-25T10:56:29.087913868Z stdout F 2022-05-25 18:56:29.029  INFO [ts-config-service,,,] 1 --- [           main] config.ConfigApplication                 : No active profile set, falling back to default profiles: default
2022-05-25T10:56:33.748801748Z stdout F 2022-05-25 18:56:33.734  INFO [ts-config-service,,,] 1 --- [           main] ationConfigEmbeddedWebApplicationContext : Refreshing org.springframework.boot.context.embedded.AnnotationConfigEmbeddedWebApplicationContext@724af044: startup date [Wed May 25 18:56:33 CST 2022]; parent: org.springframework.context.annotation.AnnotationConfigApplicationContext@48533e64
2022-05-25T10:57:50.157585899Z stdout F 2022-05-25 18:57:49.676  INFO [ts-config-service,,,] 1 --- [           main] o.s.i.config.IntegrationRegistrar        : No bean named 'integrationHeaderChannelRegistry' has been explicitly defined. Therefore, a default DefaultHeaderChannelRegistry will be created.
2022-05-25T10:58:15.891416027Z stdout F 2022-05-25 18:58:15.890  INFO [ts-config-service,,,] 1 --- [           main] o.s.cloud.context.scope.GenericScope     : BeanFactory id=bfbe99b2-e9ab-3038-b32d-c9700569b7a7
2022-05-25T10:58:17.147020305Z stdout F 2022-05-25 18:58:17.145  INFO [ts-config-service,,,] 1 --- [           main] faultConfiguringBeanFactoryPostProcessor : No bean named 'errorChannel' has been explicitly defined. Therefore, a default PublishSubscribeChannel will be created.
2022-05-25T10:58:17.510701804Z stdout F 2022-05-25 18:58:17.509  INFO [ts-config-service,,,] 1 --- [           main] faultConfiguringBeanFactoryPostProcessor : No bean named 'taskScheduler' has been explicitly defined. Therefore, a default ThreadPoolTaskScheduler will be created.
2022-05-25T10:58:22.472880793Z stdout F 2022-05-25 18:58:22.472  INFO [ts-config-service,,,] 1 --- [           main] trationDelegate$BeanPostProcessorChecker : Bean 'org.springframework.cloud.sleuth.instrument.async.AsyncDefaultAutoConfiguration$DefaultAsyncConfigurerSupport' of type [org.springframework.cloud.sleuth.instrument.async.AsyncDefaultAutoConfiguration$DefaultAsyncConfigurerSupport$$EnhancerBySpringCGLIB$$5d82df93] is not eligible for getting processed by all BeanPostProcessors (for example: not eligible for auto-proxying)
2022-05-25T10:58:29.47147138Z stdout F 2022-05-25 18:58:29.468  INFO [ts-config-service,,,] 1 --- [           main] trationDelegate$BeanPostProcessorChecker : Bean 'org.springframework.cloud.sleuth.annotation.SleuthAnnotationAutoConfiguration' of type [org.springframework.cloud.sleuth.annotation.SleuthAnnotationAutoConfiguration$$EnhancerBySpringCGLIB$$22a68802] is not eligible for getting processed by all BeanPostProcessors (for example: not eligible for auto-proxying)
2022-05-25T10:58:42.709694876Z stdout F 2022-05-25 18:58:42.621  INFO [ts-config-service,,,] 1 --- [           main] trationDelegate$BeanPostProcessorChecker : Bean 'sleuthAdvisorConfig' of type [org.springframework.cloud.sleuth.annotation.SleuthAdvisorConfig] is not eligible for getting processed by all BeanPostProcessors (for example: not eligible for auto-proxying)
2022-05-25T10:58:44.106682592Z stdout F 2022-05-25 18:58:44.106  INFO [ts-config-service,,,] 1 --- [           main] trationDelegate$BeanPostProcessorChecker : Bean 'org.springframework.security.config.annotation.configuration.ObjectPostProcessorConfiguration' of type [org.springframework.security.config.annotation.configuration.ObjectPostProcessorConfiguration$$EnhancerBySpringCGLIB$$b8ef0a0a] is not eligible for getting processed by all BeanPostProcessors (for example: not eligible for auto-proxying)
2022-05-25T10:58:44.766531701Z stdout F 2022-05-25 18:58:44.765  INFO [ts-config-service,,,] 1 --- [           main] trationDelegate$BeanPostProcessorChecker : Bean 'objectPostProcessor' of type [org.springframework.security.config.annotation.configuration.AutowireBeanFactoryObjectPostProcessor] is not eligible for getting processed by all BeanPostProcessors (for example: not eligible for auto-proxying)
2022-05-25T10:58:44.999182199Z stdout F 2022-05-25 18:58:44.998  INFO [ts-config-service,,,] 1 --- [           main] trationDelegate$BeanPostProcessorChecker : Bean 'org.springframework.security.access.expression.method.DefaultMethodSecurityExpressionHandler@163370c2' of type [org.springframework.security.access.expression.method.DefaultMethodSecurityExpressionHandler] is not eligible for getting processed by all BeanPostProcessors (for example: not eligible for auto-proxying)
2022-05-25T10:58:45.975674209Z stdout F 2022-05-25 18:58:45.974  INFO [ts-config-service,,,] 1 --- [           main] trationDelegate$BeanPostProcessorChecker : Bean 'org.springframework.security.config.annotation.method.configuration.GlobalMethodSecurityConfiguration' of type [org.springframework.security.config.annotation.method.configuration.GlobalMethodSecurityConfiguration$$EnhancerBySpringCGLIB$$ddc3acbc] is not eligible for getting processed by all BeanPostProcessors (for example: not eligible for auto-proxying)
2022-05-25T10:58:49.335153918Z stdout F 2022-05-25 18:58:49.334  INFO [ts-config-service,,,] 1 --- [           main] trationDelegate$BeanPostProcessorChecker : Bean 'methodSecurityMetadataSource' of type [org.springframework.security.access.method.DelegatingMethodSecurityMetadataSource] is not eligible for getting processed by all BeanPostProcessors (for example: not eligible for auto-proxying)
2022-05-25T10:58:56.168258401Z stdout F 2022-05-25 18:58:56.146  INFO [ts-config-service,,,] 1 --- [           main] trationDelegate$BeanPostProcessorChecker : Bean 'integrationGlobalProperties' of type [org.springframework.beans.factory.config.PropertiesFactoryBean] is not eligible for getting processed by all BeanPostProcessors (for example: not eligible for auto-proxying)
2022-05-25T10:58:56.859555276Z stdout F 2022-05-25 18:58:56.858  INFO [ts-config-service,,,] 1 --- [           main] trationDelegate$BeanPostProcessorChecker : Bean 'integrationGlobalProperties' of type [java.util.Properties] is not eligible for getting processed by all BeanPostProcessors (for example: not eligible for auto-proxying)
2022-05-25T10:59:08.335876779Z stdout F 2022-05-25 18:59:08.297  INFO [ts-config-service,,,] 1 --- [           main] trationDelegate$BeanPostProcessorChecker : Bean 'org.springframework.cloud.autoconfigure.ConfigurationPropertiesRebinderAutoConfiguration' of type [org.springframework.cloud.autoconfigure.ConfigurationPropertiesRebinderAutoConfiguration$$EnhancerBySpringCGLIB$$3c5b44cd] is not eligible for getting processed by all BeanPostProcessors (for example: not eligible for auto-proxying)
2022-05-25T10:59:09.75914791Z stdout F 2022-05-25 18:59:09.757  INFO [ts-config-service,,,] 1 --- [           main] trationDelegate$BeanPostProcessorChecker : Bean 'org.springframework.cloud.sleuth.instrument.async.AsyncDefaultAutoConfiguration' of type [org.springframework.cloud.sleuth.instrument.async.AsyncDefaultAutoConfiguration$$EnhancerBySpringCGLIB$$824edef] is not eligible for getting processed by all BeanPostProcessors (for example: not eligible for auto-proxying)
2022-05-25T10:59:15.429694505Z stdout F 2022-05-25 18:59:15.428  INFO [ts-config-service,,,] 1 --- [           main] trationDelegate$BeanPostProcessorChecker : Bean 'org.springframework.cloud.sleuth.instrument.web.client.TraceWebClientAutoConfiguration' of type [org.springframework.cloud.sleuth.instrument.web.client.TraceWebClientAutoConfiguration$$EnhancerBySpringCGLIB$$ccd40d4f] is not eligible for getting processed by all BeanPostProcessors (for example: not eligible for auto-proxying)
2022-05-25T11:00:52.765241501Z stdout F 2022-05-25 19:00:52.763  INFO [ts-config-service,,,] 1 --- [           main] s.b.c.e.t.TomcatEmbeddedServletContainer : Tomcat initialized with port(s): 15679 (http)
2022-05-25T11:00:57.087132231Z stdout F 2022-05-25 19:00:57.056  INFO [ts-config-service,,,] 1 --- [           main] o.apache.catalina.core.StandardService   : Starting service [Tomcat]
2022-05-25T11:00:57.121205132Z stdout F 2022-05-25 19:00:57.119  INFO [ts-config-service,,,] 1 --- [           main] org.apache.catalina.core.StandardEngine  : Starting Servlet Engine: Apache Tomcat/8.5.43
2022-05-25T11:01:08.390879892Z stdout F 2022-05-25 19:01:08.388  INFO [ts-config-service,,,] 1 --- [ost-startStop-1] o.a.c.c.C.[Tomcat].[localhost].[/]       : Initializing Spring embedded WebApplicationContext
2022-05-25T11:01:08.399272564Z stdout F 2022-05-25 19:01:08.398  INFO [ts-config-service,,,] 1 --- [ost-startStop-1] o.s.web.context.ContextLoader            : Root WebApplicationContext: initialization completed in 274665 ms
2022-05-25T11:02:55.033575221Z stdout F 2022-05-25 19:02:55.032  INFO [ts-config-service,,,] 1 --- [ost-startStop-1] o.s.b.w.servlet.FilterRegistrationBean   : Mapping filter: 'metricsFilter' to: [/*]
2022-05-25T11:02:55.111481033Z stdout F 2022-05-25 19:02:55.095  INFO [ts-config-service,,,] 1 --- [ost-startStop-1] o.s.b.w.servlet.FilterRegistrationBean   : Mapping filter: 'characterEncodingFilter' to: [/*]
2022-05-25T11:02:55.112183687Z stdout F 2022-05-25 19:02:55.111  INFO [ts-config-service,,,] 1 --- [ost-startStop-1] o.s.b.w.servlet.FilterRegistrationBean   : Mapping filter: 'traceFilter' to: [/*]
2022-05-25T11:02:55.112573531Z stdout F 2022-05-25 19:02:55.112  INFO [ts-config-service,,,] 1 --- [ost-startStop-1] o.s.b.w.servlet.FilterRegistrationBean   : Mapping filter: 'hiddenHttpMethodFilter' to: [/*]
2022-05-25T11:02:55.113103296Z stdout F 2022-05-25 19:02:55.112  INFO [ts-config-service,,,] 1 --- [ost-startStop-1] o.s.b.w.servlet.FilterRegistrationBean   : Mapping filter: 'httpPutFormContentFilter' to: [/*]
2022-05-25T11:02:55.162633306Z stdout F 2022-05-25 19:02:55.112  INFO [ts-config-service,,,] 1 --- [ost-startStop-1] o.s.b.w.servlet.FilterRegistrationBean   : Mapping filter: 'requestContextFilter' to: [/*]
2022-05-25T11:02:55.493049413Z stdout F 2022-05-25 19:02:55.269  INFO [ts-config-service,,,] 1 --- [ost-startStop-1] .s.DelegatingFilterProxyRegistrationBean : Mapping filter: 'springSecurityFilterChain' to: [/*]
2022-05-25T11:02:55.493287272Z stdout F 2022-05-25 19:02:55.492  INFO [ts-config-service,,,] 1 --- [ost-startStop-1] o.s.b.w.servlet.FilterRegistrationBean   : Mapping filter: 'webRequestLoggingFilter' to: [/*]
2022-05-25T11:02:55.493874157Z stdout F 2022-05-25 19:02:55.493  INFO [ts-config-service,,,] 1 --- [ost-startStop-1] o.s.b.w.servlet.FilterRegistrationBean   : Mapping filter: 'applicationContextIdFilter' to: [/*]
2022-05-25T11:02:55.49414745Z stdout F 2022-05-25 19:02:55.493  INFO [ts-config-service,,,] 1 --- [ost-startStop-1] o.s.b.w.servlet.ServletRegistrationBean  : Mapping servlet: 'dispatcherServlet' to [/]
2022-05-25T11:03:31.780924198Z stdout F 2022-05-25 19:03:31.713  INFO [ts-config-service,,,] 1 --- [           main] org.mongodb.driver.cluster               : Cluster created with settings {hosts=[ts-config-mongo:27017], mode=MULTIPLE, requiredClusterType=UNKNOWN, serverSelectionTimeout='30000 ms', maxWaitQueueSize=500}
2022-05-25T11:03:31.781863211Z stdout F 2022-05-25 19:03:31.781  INFO [ts-config-service,,,] 1 --- [           main] org.mongodb.driver.cluster               : Adding discovered server ts-config-mongo:27017 to client view of cluster
2022-05-25T11:03:37.840013462Z stdout F 2022-05-25 19:03:37.839  INFO [ts-config-service,,,] 1 --- [fig-mongo:27017] org.mongodb.driver.connection            : Opened connection [connectionId{localValue:1, serverValue:1}] to ts-config-mongo:27017
2022-05-25T11:03:38.799835573Z stdout F 2022-05-25 19:03:38.122  INFO [ts-config-service,,,] 1 --- [fig-mongo:27017] org.mongodb.driver.cluster               : Monitor thread successfully connected to server with description ServerDescription{address=ts-config-mongo:27017, type=STANDALONE, state=CONNECTED, ok=true, version=ServerVersion{versionList=[5, 0, 8]}, minWireVersion=0, maxWireVersion=13, maxDocumentSize=16777216, roundTripTimeNanos=33082710}
2022-05-25T11:03:38.80000772Z stdout F 2022-05-25 19:03:38.394  INFO [ts-config-service,,,] 1 --- [fig-mongo:27017] org.mongodb.driver.cluster               : Discovered cluster type of STANDALONE
2022-05-25T11:09:23.509441143Z stdout F 2022-05-25 19:09:22.744  INFO [ts-config-service,,,] 1 --- [fig-mongo:27017] org.mongodb.driver.connection            : Opened connection [connectionId{localValue:2, serverValue:2}] to ts-config-mongo:27017
2022-05-25T11:10:56.165106526Z stdout F 2022-05-25 19:10:56.163  INFO [ts-config-service,,,] 1 --- [           main] s.w.s.m.m.a.RequestMappingHandlerMapping : Mapped "{[/api/v1/configservice/configs/{configName}],methods=[GET]}" onto public org.springframework.http.HttpEntity config.controller.ConfigController.retrieve(java.lang.String,org.springframework.http.HttpHeaders)
2022-05-25T11:10:56.644621991Z stdout F 2022-05-25 19:10:56.598  INFO [ts-config-service,,,] 1 --- [           main] s.w.s.m.m.a.RequestMappingHandlerMapping : Mapped "{[/api/v1/configservice/configs],methods=[GET]}" onto public org.springframework.http.HttpEntity config.controller.ConfigController.queryAll(org.springframework.http.HttpHeaders)
2022-05-25T11:10:56.646018328Z stdout F 2022-05-25 19:10:56.645  INFO [ts-config-service,,,] 1 --- [           main] s.w.s.m.m.a.RequestMappingHandlerMapping : Mapped "{[/api/v1/configservice/configs],methods=[POST]}" onto public org.springframework.http.HttpEntity<?> config.controller.ConfigController.createConfig(config.entity.Config,org.springframework.http.HttpHeaders)
2022-05-25T11:10:56.646741573Z stdout F 2022-05-25 19:10:56.646  INFO [ts-config-service,,,] 1 --- [           main] s.w.s.m.m.a.RequestMappingHandlerMapping : Mapped "{[/api/v1/configservice/configs],methods=[PUT]}" onto public org.springframework.http.HttpEntity config.controller.ConfigController.updateConfig(config.entity.Config,org.springframework.http.HttpHeaders)
2022-05-25T11:10:56.733024959Z stdout F 2022-05-25 19:10:56.732  INFO [ts-config-service,,,] 1 --- [           main] s.w.s.m.m.a.RequestMappingHandlerMapping : Mapped "{[/api/v1/configservice/configs/{configName}],methods=[DELETE]}" onto public org.springframework.http.HttpEntity config.controller.ConfigController.deleteConfig(java.lang.String,org.springframework.http.HttpHeaders)
2022-05-25T11:10:56.751955053Z stdout F 2022-05-25 19:10:56.750  INFO [ts-config-service,,,] 1 --- [           main] s.w.s.m.m.a.RequestMappingHandlerMapping : Mapped "{[/api/v1/configservice/welcome],methods=[GET]}" onto public java.lang.String config.controller.ConfigController.home(org.springframework.http.HttpHeaders)
2022-05-25T11:10:56.974077331Z stdout F 2022-05-25 19:10:56.973  INFO [ts-config-service,,,] 1 --- [           main] s.w.s.m.m.a.RequestMappingHandlerMapping : Mapped "{[/v2/api-docs],methods=[GET],produces=[application/json || application/hal+json]}" onto public org.springframework.http.ResponseEntity<springfox.documentation.spring.web.json.Json> springfox.documentation.swagger2.web.Swagger2Controller.getDocumentation(java.lang.String,javax.servlet.http.HttpServletRequest)
2022-05-25T11:10:57.339137983Z stdout F 2022-05-25 19:10:57.338  INFO [ts-config-service,,,] 1 --- [           main] s.w.s.m.m.a.RequestMappingHandlerMapping : Mapped "{[/configuration/security]}" onto org.springframework.http.ResponseEntity<springfox.documentation.swagger.web.SecurityConfiguration> springfox.documentation.swagger.web.ApiResourceController.securityConfiguration()
2022-05-25T11:10:57.499503885Z stdout F 2022-05-25 19:10:57.499  INFO [ts-config-service,,,] 1 --- [           main] s.w.s.m.m.a.RequestMappingHandlerMapping : Mapped "{[/configuration/ui]}" onto org.springframework.http.ResponseEntity<springfox.documentation.swagger.web.UiConfiguration> springfox.documentation.swagger.web.ApiResourceController.uiConfiguration()
2022-05-25T11:10:57.710628525Z stdout F 2022-05-25 19:10:57.709  INFO [ts-config-service,,,] 1 --- [           main] s.w.s.m.m.a.RequestMappingHandlerMapping : Mapped "{[/swagger-resources]}" onto org.springframework.http.ResponseEntity<java.util.List<springfox.documentation.swagger.web.SwaggerResource>> springfox.documentation.swagger.web.ApiResourceController.swaggerResources()
2022-05-25T11:10:58.071228027Z stdout F 2022-05-25 19:10:57.969  INFO [ts-config-service,,,] 1 --- [           main] s.w.s.m.m.a.RequestMappingHandlerMapping : Mapped "{[/error],produces=[text/html]}" onto public org.springframework.web.servlet.ModelAndView org.springframework.boot.autoconfigure.web.BasicErrorController.errorHtml(javax.servlet.http.HttpServletRequest,javax.servlet.http.HttpServletResponse)
2022-05-25T11:10:58.077678583Z stdout F 2022-05-25 19:10:58.077  INFO [ts-config-service,,,] 1 --- [           main] s.w.s.m.m.a.RequestMappingHandlerMapping : Mapped "{[/error]}" onto public org.springframework.http.ResponseEntity<java.util.Map<java.lang.String, java.lang.Object>> org.springframework.boot.autoconfigure.web.BasicErrorController.error(javax.servlet.http.HttpServletRequest)
2022-05-25T11:12:17.267381099Z stdout F 2022-05-25 19:12:17.265  INFO [ts-config-service,,,] 1 --- [           main] o.s.b.a.e.mvc.EndpointHandlerMapping     : Mapped "{[/trace || /trace.json],methods=[GET],produces=[application/vnd.spring-boot.actuator.v1+json || application/json]}" onto public java.lang.Object org.springframework.boot.actuate.endpoint.mvc.EndpointMvcAdapter.invoke()
2022-05-25T11:12:17.422737184Z stdout F 2022-05-25 19:12:17.420  INFO [ts-config-service,,,] 1 --- [           main] o.s.b.a.e.mvc.EndpointHandlerMapping     : Mapped "{[/info || /info.json],methods=[GET],produces=[application/vnd.spring-boot.actuator.v1+json || application/json]}" onto public java.lang.Object org.springframework.boot.actuate.endpoint.mvc.EndpointMvcAdapter.invoke()
2022-05-25T11:12:17.720283758Z stdout F 2022-05-25 19:12:17.668  INFO [ts-config-service,,,] 1 --- [           main] o.s.b.a.e.mvc.EndpointHandlerMapping     : Mapped "{[/mappings || /mappings.json],methods=[GET],produces=[application/vnd.spring-boot.actuator.v1+json || application/json]}" onto public java.lang.Object org.springframework.boot.actuate.endpoint.mvc.EndpointMvcAdapter.invoke()
2022-05-25T11:12:17.881839432Z stdout F 2022-05-25 19:12:17.880  INFO [ts-config-service,,,] 1 --- [           main] o.s.b.a.e.mvc.EndpointHandlerMapping     : Mapped "{[/auditevents || /auditevents.json],methods=[GET],produces=[application/vnd.spring-boot.actuator.v1+json || application/json]}" onto public org.springframework.http.ResponseEntity<?> org.springframework.boot.actuate.endpoint.mvc.AuditEventsMvcEndpoint.findByPrincipalAndAfterAndType(java.lang.String,java.util.Date,java.lang.String)
2022-05-25T11:12:18.127673427Z stdout F 2022-05-25 19:12:18.125  INFO [ts-config-service,,,] 1 --- [           main] o.s.b.a.e.mvc.EndpointHandlerMapping     : Mapped "{[/env],methods=[POST]}" onto public java.lang.Object org.springframework.cloud.context.environment.EnvironmentManagerMvcEndpoint.value(java.util.Map<java.lang.String, java.lang.String>)
2022-05-25T11:12:18.128103795Z stdout F 2022-05-25 19:12:18.126  INFO [ts-config-service,,,] 1 --- [           main] o.s.b.a.e.mvc.EndpointHandlerMapping     : Mapped "{[/env/reset],methods=[POST]}" onto public java.util.Map<java.lang.String, java.lang.Object> org.springframework.cloud.context.environment.EnvironmentManagerMvcEndpoint.reset()
2022-05-25T11:12:18.430590113Z stdout F 2022-05-25 19:12:18.272  INFO [ts-config-service,,,] 1 --- [           main] o.s.b.a.e.mvc.EndpointHandlerMapping     : Mapped "{[/health || /health.json],methods=[GET],produces=[application/vnd.spring-boot.actuator.v1+json || application/json]}" onto public java.lang.Object org.springframework.boot.actuate.endpoint.mvc.HealthMvcEndpoint.invoke(javax.servlet.http.HttpServletRequest,java.security.Principal)
2022-05-25T11:12:18.719785027Z stdout F 2022-05-25 19:12:18.718  INFO [ts-config-service,,,] 1 --- [           main] o.s.b.a.e.mvc.EndpointHandlerMapping     : Mapped "{[/dump || /dump.json],methods=[GET],produces=[application/vnd.spring-boot.actuator.v1+json || application/json]}" onto public java.lang.Object org.springframework.boot.actuate.endpoint.mvc.EndpointMvcAdapter.invoke()
2022-05-25T11:12:18.989962245Z stdout F 2022-05-25 19:12:18.988  INFO [ts-config-service,,,] 1 --- [           main] o.s.b.a.e.mvc.EndpointHandlerMapping     : Mapped "{[/beans || /beans.json],methods=[GET],produces=[application/vnd.spring-boot.actuator.v1+json || application/json]}" onto public java.lang.Object org.springframework.boot.actuate.endpoint.mvc.EndpointMvcAdapter.invoke()
2022-05-25T11:12:18.991859348Z stdout F 2022-05-25 19:12:18.991  INFO [ts-config-service,,,] 1 --- [           main] o.s.b.a.e.mvc.EndpointHandlerMapping     : Mapped "{[/refresh || /refresh.json],methods=[POST]}" onto public java.lang.Object org.springframework.cloud.endpoint.GenericPostableMvcEndpoint.invoke()
2022-05-25T11:12:19.277019868Z stdout F 2022-05-25 19:12:19.275  INFO [ts-config-service,,,] 1 --- [           main] o.s.b.a.e.mvc.EndpointHandlerMapping     : Mapped "{[/configprops || /configprops.json],methods=[GET],produces=[application/vnd.spring-boot.actuator.v1+json || application/json]}" onto public java.lang.Object org.springframework.boot.actuate.endpoint.mvc.EndpointMvcAdapter.invoke()
2022-05-25T11:12:20.091898075Z stdout F 2022-05-25 19:12:19.999  INFO [ts-config-service,,,] 1 --- [           main] o.s.b.a.e.mvc.EndpointHandlerMapping     : Mapped "{[/env/{name:.*}],methods=[GET],produces=[application/vnd.spring-boot.actuator.v1+json || application/json]}" onto public java.lang.Object org.springframework.boot.actuate.endpoint.mvc.EnvironmentMvcEndpoint.value(java.lang.String)
2022-05-25T11:12:20.201599604Z stdout F 2022-05-25 19:12:20.200  INFO [ts-config-service,,,] 1 --- [           main] o.s.b.a.e.mvc.EndpointHandlerMapping     : Mapped "{[/env || /env.json],methods=[GET],produces=[application/vnd.spring-boot.actuator.v1+json || application/json]}" onto public java.lang.Object org.springframework.boot.actuate.endpoint.mvc.EndpointMvcAdapter.invoke()
2022-05-25T11:12:20.409395962Z stdout F 2022-05-25 19:12:20.407  INFO [ts-config-service,,,] 1 --- [           main] o.s.b.a.e.mvc.EndpointHandlerMapping     : Mapped "{[/features || /features.json],methods=[GET],produces=[application/vnd.spring-boot.actuator.v1+json || application/json]}" onto public java.lang.Object org.springframework.boot.actuate.endpoint.mvc.EndpointMvcAdapter.invoke()
2022-05-25T11:12:21.957977764Z stdout F 2022-05-25 19:12:21.520  INFO [ts-config-service,,,] 1 --- [           main] o.s.b.a.e.mvc.EndpointHandlerMapping     : Mapped "{[/loggers/{name:.*}],methods=[GET],produces=[application/vnd.spring-boot.actuator.v1+json || application/json]}" onto public java.lang.Object org.springframework.boot.actuate.endpoint.mvc.LoggersMvcEndpoint.get(java.lang.String)
2022-05-25T11:12:22.25601196Z stdout F 2022-05-25 19:12:22.057  INFO [ts-config-service,,,] 1 --- [           main] o.s.b.a.e.mvc.EndpointHandlerMapping     : Mapped "{[/loggers/{name:.*}],methods=[POST],consumes=[application/vnd.spring-boot.actuator.v1+json || application/json],produces=[application/vnd.spring-boot.actuator.v1+json || application/json]}" onto public java.lang.Object org.springframework.boot.actuate.endpoint.mvc.LoggersMvcEndpoint.set(java.lang.String,java.util.Map<java.lang.String, java.lang.String>)
2022-05-25T11:12:22.335997919Z stdout F 2022-05-25 19:12:22.255  INFO [ts-config-service,,,] 1 --- [           main] o.s.b.a.e.mvc.EndpointHandlerMapping     : Mapped "{[/loggers || /loggers.json],methods=[GET],produces=[application/vnd.spring-boot.actuator.v1+json || application/json]}" onto public java.lang.Object org.springframework.boot.actuate.endpoint.mvc.EndpointMvcAdapter.invoke()
2022-05-25T11:12:22.467495686Z stdout F 2022-05-25 19:12:22.466  INFO [ts-config-service,,,] 1 --- [           main] o.s.b.a.e.mvc.EndpointHandlerMapping     : Mapped "{[/metrics/{name:.*}],methods=[GET],produces=[application/vnd.spring-boot.actuator.v1+json || application/json]}" onto public java.lang.Object org.springframework.boot.actuate.endpoint.mvc.MetricsMvcEndpoint.value(java.lang.String)
2022-05-25T11:12:22.765195503Z stdout F 2022-05-25 19:12:22.705  INFO [ts-config-service,,,] 1 --- [           main] o.s.b.a.e.mvc.EndpointHandlerMapping     : Mapped "{[/metrics || /metrics.json],methods=[GET],produces=[application/vnd.spring-boot.actuator.v1+json || application/json]}" onto public java.lang.Object org.springframework.boot.actuate.endpoint.mvc.EndpointMvcAdapter.invoke()
2022-05-25T11:12:22.900972467Z stdout F 2022-05-25 19:12:22.857  INFO [ts-config-service,,,] 1 --- [           main] o.s.b.a.e.mvc.EndpointHandlerMapping     : Mapped "{[/autoconfig || /autoconfig.json],methods=[GET],produces=[application/vnd.spring-boot.actuator.v1+json || application/json]}" onto public java.lang.Object org.springframework.boot.actuate.endpoint.mvc.EndpointMvcAdapter.invoke()
2022-05-25T11:12:23.110233674Z stdout F 2022-05-25 19:12:23.007  INFO [ts-config-service,,,] 1 --- [           main] o.s.b.a.e.mvc.EndpointHandlerMapping     : Mapped "{[/heapdump || /heapdump.json],methods=[GET],produces=[application/octet-stream]}" onto public void org.springframework.boot.actuate.endpoint.mvc.HeapdumpMvcEndpoint.invoke(boolean,javax.servlet.http.HttpServletRequest,javax.servlet.http.HttpServletResponse) throws java.io.IOException,javax.servlet.ServletException
2022-05-25T11:14:04.811699714Z stdout F 2022-05-25 19:14:03.849  INFO [ts-config-service,,,] 1 --- [           main] b.a.s.AuthenticationManagerConfiguration : 
2022-05-25T11:14:04.81179129Z stdout F 
2022-05-25T11:14:04.811804285Z stdout F Using default security password: dff04aa6-0bec-405c-b100-d61f01a06c71
2022-05-25T11:14:04.811809973Z stdout F 
2022-05-25T11:16:28.332053511Z stdout F 2022-05-25 19:16:28.288  INFO [ts-config-service,,,] 1 --- [           main] o.s.s.web.DefaultSecurityFilterChain     : Creating filter chain: org.springframework.security.web.util.matcher.AnyRequestMatcher@1, [org.springframework.security.web.context.request.async.WebAsyncManagerIntegrationFilter@6a2eea2a, org.springframework.security.web.context.SecurityContextPersistenceFilter@23e44287, org.springframework.security.web.header.HeaderWriterFilter@63e5e5b4, org.springframework.security.web.authentication.logout.LogoutFilter@45792847, edu.fudan.common.security.jwt.JWTFilter@b967222, org.springframework.security.web.savedrequest.RequestCacheAwareFilter@6daf2337, org.springframework.security.web.servletapi.SecurityContextHolderAwareRequestFilter@61f3fbb8, org.springframework.security.web.authentication.AnonymousAuthenticationFilter@3b0ee03a, org.springframework.security.web.session.SessionManagementFilter@2b4c3c29, org.springframework.security.web.access.ExceptionTranslationFilter@62ddd21b, org.springframework.security.web.access.intercept.FilterSecurityInterceptor@ae372b9]
2022-05-25T11:16:47.076778883Z stdout F 2022-05-25 19:16:47.075  INFO [ts-config-service,,,] 1 --- [           main] o.s.w.s.handler.SimpleUrlHandlerMapping  : Mapped URL path [/webjars/**] onto handler of type [class org.springframework.web.servlet.resource.ResourceHttpRequestHandler]
2022-05-25T11:16:47.156040753Z stdout F 2022-05-25 19:16:47.154  INFO [ts-config-service,,,] 1 --- [           main] o.s.w.s.handler.SimpleUrlHandlerMapping  : Mapped URL path [/**] onto handler of type [class org.springframework.web.servlet.resource.ResourceHttpRequestHandler]
2022-05-25T11:16:59.554002724Z stdout F 2022-05-25 19:16:59.553  INFO [ts-config-service,,,] 1 --- [           main] o.s.w.s.handler.SimpleUrlHandlerMapping  : Mapped URL path [/**/favicon.ico] onto handler of type [class org.springframework.web.servlet.resource.ResourceHttpRequestHandler]
2022-05-25T11:17:05.943599618Z stdout F 2022-05-25 19:17:05.942  INFO [ts-config-service,,,] 1 --- [           main] o.s.s.web.DefaultSecurityFilterChain     : Creating filter chain: org.springframework.boot.actuate.autoconfigure.ManagementWebSecurityAutoConfiguration$LazyEndpointPathRequestMatcher@46a953cf, [org.springframework.security.web.context.request.async.WebAsyncManagerIntegrationFilter@154bd49b, org.springframework.security.web.context.SecurityContextPersistenceFilter@3d36dff4, org.springframework.security.web.header.HeaderWriterFilter@1436a7ab, org.springframework.web.filter.CorsFilter@3a01773b, org.springframework.security.web.authentication.logout.LogoutFilter@38a1c423, org.springframework.security.web.authentication.www.BasicAuthenticationFilter@7e4d2287, org.springframework.security.web.savedrequest.RequestCacheAwareFilter@7abe27bf, org.springframework.security.web.servletapi.SecurityContextHolderAwareRequestFilter@5b94ccbc, org.springframework.security.web.authentication.AnonymousAuthenticationFilter@20e3c449, org.springframework.security.web.session.SessionManagementFilter@3b7b05a8, org.springframework.security.web.access.ExceptionTranslationFilter@d8948cd, org.springframework.security.web.access.intercept.FilterSecurityInterceptor@4074023c]
2022-05-25T11:18:38.715103766Z stdout F 2022-05-25 19:18:38.714  INFO [ts-config-service,,,] 1 --- [           main] s.w.s.m.m.a.RequestMappingHandlerAdapter : Looking for @ControllerAdvice: org.springframework.boot.context.embedded.AnnotationConfigEmbeddedWebApplicationContext@724af044: startup date [Wed May 25 18:56:33 CST 2022]; parent: org.springframework.context.annotation.AnnotationConfigApplicationContext@48533e64
2022-05-25T11:19:31.707864859Z stdout F 2022-05-25 19:19:31.706  INFO [ts-config-service,,,] 1 --- [           main] o.s.s.c.ThreadPoolTaskScheduler          : Initializing ExecutorService  'taskScheduler'
2022-05-25T11:20:41.199036162Z stdout F 2022-05-25 19:20:41.198  INFO [ts-config-service,,,] 1 --- [           main] o.s.s.c.ThreadPoolTaskScheduler          : Initializing ExecutorService 
2022-05-25T11:21:09.682441333Z stdout F 2022-05-25 19:21:09.681  INFO [ts-config-service,,,] 1 --- [           main] o.s.j.e.a.AnnotationMBeanExporter        : Registering beans for JMX exposure on startup
2022-05-25T11:21:11.445503169Z stdout F 2022-05-25 19:21:11.387  INFO [ts-config-service,,,] 1 --- [           main] o.s.j.e.a.AnnotationMBeanExporter        : Bean with name 'configurationPropertiesRebinder' has been autodetected for JMX exposure
2022-05-25T11:21:11.536810973Z stdout F 2022-05-25 19:21:11.535  INFO [ts-config-service,,,] 1 --- [           main] o.s.j.e.a.AnnotationMBeanExporter        : Bean with name 'refreshEndpoint' has been autodetected for JMX exposure
2022-05-25T11:21:11.613986398Z stdout F 2022-05-25 19:21:11.613  INFO [ts-config-service,,,] 1 --- [           main] o.s.j.e.a.AnnotationMBeanExporter        : Bean with name 'environmentManager' has been autodetected for JMX exposure
2022-05-25T11:21:11.871428906Z stdout F 2022-05-25 19:21:11.870  INFO [ts-config-service,,,] 1 --- [           main] o.s.j.e.a.AnnotationMBeanExporter        : Bean with name 'refreshScope' has been autodetected for JMX exposure
2022-05-25T11:21:12.074089929Z stdout F 2022-05-25 19:21:12.072  INFO [ts-config-service,,,] 1 --- [           main] o.s.j.e.a.AnnotationMBeanExporter        : Located managed bean 'environmentManager': registering with JMX server as MBean [org.springframework.cloud.context.environment:name=environmentManager,type=EnvironmentManager]
2022-05-25T11:21:13.508948405Z stdout F 2022-05-25 19:21:13.508  INFO [ts-config-service,,,] 1 --- [           main] o.s.j.e.a.AnnotationMBeanExporter        : Located managed bean 'refreshScope': registering with JMX server as MBean [org.springframework.cloud.context.scope.refresh:name=refreshScope,type=RefreshScope]
2022-05-25T11:21:14.060472055Z stdout F 2022-05-25 19:21:14.059  INFO [ts-config-service,,,] 1 --- [           main] o.s.j.e.a.AnnotationMBeanExporter        : Located managed bean 'configurationPropertiesRebinder': registering with JMX server as MBean [org.springframework.cloud.context.properties:name=configurationPropertiesRebinder,context=724af044,type=ConfigurationPropertiesRebinder]
2022-05-25T11:21:14.494903619Z stdout F 2022-05-25 19:21:14.494  INFO [ts-config-service,,,] 1 --- [           main] o.s.j.e.a.AnnotationMBeanExporter        : Located managed bean 'refreshEndpoint': registering with JMX server as MBean [org.springframework.cloud.endpoint:name=refreshEndpoint,type=RefreshEndpoint]
2022-05-25T11:21:52.594286584Z stdout F 2022-05-25 19:21:52.553  INFO [ts-config-service,,,] 1 --- [           main] o.s.c.support.DefaultLifecycleProcessor  : Starting beans in phase 0
2022-05-25T11:21:54.893810642Z stdout F 2022-05-25 19:21:54.893  INFO [ts-config-service,,,] 1 --- [           main] o.s.i.endpoint.EventDrivenConsumer       : Adding {logging-channel-adapter:_org.springframework.integration.errorLogger} as a subscriber to the 'errorChannel' channel
2022-05-25T11:21:54.907014582Z stdout F 2022-05-25 19:21:54.906  INFO [ts-config-service,,,] 1 --- [           main] o.s.i.channel.PublishSubscribeChannel    : Channel 'ts-config-service:15679.errorChannel' has 1 subscriber(s).
2022-05-25T11:21:54.996995087Z stdout F 2022-05-25 19:21:54.907  INFO [ts-config-service,,,] 1 --- [           main] o.s.i.endpoint.EventDrivenConsumer       : started _org.springframework.integration.errorLogger
2022-05-25T11:21:56.995389744Z stdout F 2022-05-25 19:21:56.994  INFO [ts-config-service,,,] 1 --- [           main] d.s.w.p.DocumentationPluginsBootstrapper : Context refreshed
2022-05-25T11:21:59.27108039Z stdout F 2022-05-25 19:21:59.086  INFO [ts-config-service,,,] 1 --- [           main] d.s.w.p.DocumentationPluginsBootstrapper : Found 1 custom documentation plugin(s)
2022-05-25T11:22:00.068548094Z stdout F 2022-05-25 19:22:00.067  INFO [ts-config-service,,,] 1 --- [           main] s.d.s.w.s.ApiListingReferenceScanner     : Scanning for api listing references
2022-05-25T11:22:07.972575603Z stdout F 2022-05-25 19:22:07.966  INFO [ts-config-service,,,] 1 --- [           main] .d.s.w.r.o.CachingOperationNameGenerator : Generating unique operation named: findByPrincipalAndAfterAndTypeUsingGET_1
2022-05-25T11:22:16.884565531Z stdout F 2022-05-25 19:22:16.884  INFO [ts-config-service,,,] 1 --- [           main] .d.s.w.r.o.CachingOperationNameGenerator : Generating unique operation named: invokeUsingGET_1
2022-05-25T11:22:17.097253009Z stdout F 2022-05-25 19:22:17.096  INFO [ts-config-service,,,] 1 --- [           main] .d.s.w.r.o.CachingOperationNameGenerator : Generating unique operation named: invokeUsingGET_2
2022-05-25T11:22:17.363067239Z stdout F 2022-05-25 19:22:17.362  INFO [ts-config-service,,,] 1 --- [           main] .d.s.w.r.o.CachingOperationNameGenerator : Generating unique operation named: invokeUsingGET_3
2022-05-25T11:22:17.479107016Z stdout F 2022-05-25 19:22:17.395  INFO [ts-config-service,,,] 1 --- [           main] .d.s.w.r.o.CachingOperationNameGenerator : Generating unique operation named: invokeUsingGET_4
2022-05-25T11:22:17.657245586Z stdout F 2022-05-25 19:22:17.604  INFO [ts-config-service,,,] 1 --- [           main] .d.s.w.r.o.CachingOperationNameGenerator : Generating unique operation named: invokeUsingGET_5
2022-05-25T11:22:17.853323956Z stdout F 2022-05-25 19:22:17.817  INFO [ts-config-service,,,] 1 --- [           main] .d.s.w.r.o.CachingOperationNameGenerator : Generating unique operation named: invokeUsingGET_6
2022-05-25T11:22:17.985494154Z stdout F 2022-05-25 19:22:17.984  INFO [ts-config-service,,,] 1 --- [           main] .d.s.w.r.o.CachingOperationNameGenerator : Generating unique operation named: invokeUsingGET_7
2022-05-25T11:22:18.151584255Z stdout F 2022-05-25 19:22:18.151  INFO [ts-config-service,,,] 1 --- [           main] .d.s.w.r.o.CachingOperationNameGenerator : Generating unique operation named: invokeUsingGET_8
2022-05-25T11:22:18.414934793Z stdout F 2022-05-25 19:22:18.414  INFO [ts-config-service,,,] 1 --- [           main] .d.s.w.r.o.CachingOperationNameGenerator : Generating unique operation named: invokeUsingGET_9
2022-05-25T11:22:18.672255151Z stdout F 2022-05-25 19:22:18.557  INFO [ts-config-service,,,] 1 --- [           main] .d.s.w.r.o.CachingOperationNameGenerator : Generating unique operation named: invokeUsingGET_10
2022-05-25T11:22:18.687156817Z stdout F 2022-05-25 19:22:18.686  INFO [ts-config-service,,,] 1 --- [           main] .d.s.w.r.o.CachingOperationNameGenerator : Generating unique operation named: invokeUsingGET_11
2022-05-25T11:22:18.79974431Z stdout F 2022-05-25 19:22:18.799  INFO [ts-config-service,,,] 1 --- [           main] .d.s.w.r.o.CachingOperationNameGenerator : Generating unique operation named: invokeUsingGET_12
2022-05-25T11:22:18.866480982Z stdout F 2022-05-25 19:22:18.865  INFO [ts-config-service,,,] 1 --- [           main] .d.s.w.r.o.CachingOperationNameGenerator : Generating unique operation named: invokeUsingGET_13
2022-05-25T11:22:18.958811267Z stdout F 2022-05-25 19:22:18.947  INFO [ts-config-service,,,] 1 --- [           main] .d.s.w.r.o.CachingOperationNameGenerator : Generating unique operation named: invokeUsingGET_14
2022-05-25T11:22:18.987838381Z stdout F 2022-05-25 19:22:18.987  INFO [ts-config-service,,,] 1 --- [           main] .d.s.w.r.o.CachingOperationNameGenerator : Generating unique operation named: invokeUsingGET_15
2022-05-25T11:22:19.352735566Z stdout F 2022-05-25 19:22:19.352  INFO [ts-config-service,,,] 1 --- [           main] .d.s.w.r.o.CachingOperationNameGenerator : Generating unique operation named: invokeUsingGET_16
2022-05-25T11:22:19.454175804Z stdout F 2022-05-25 19:22:19.453  INFO [ts-config-service,,,] 1 --- [           main] .d.s.w.r.o.CachingOperationNameGenerator : Generating unique operation named: invokeUsingGET_17
2022-05-25T11:22:20.071073704Z stdout F 2022-05-25 19:22:20.070  INFO [ts-config-service,,,] 1 --- [           main] .d.s.w.r.o.CachingOperationNameGenerator : Generating unique operation named: invokeUsingPOST_1
2022-05-25T11:22:20.260394592Z stdout F 2022-05-25 19:22:20.259  INFO [ts-config-service,,,] 1 --- [           main] .d.s.w.r.o.CachingOperationNameGenerator : Generating unique operation named: invokeUsingGET_18
2022-05-25T11:22:20.449312278Z stdout F 2022-05-25 19:22:20.448  INFO [ts-config-service,,,] 1 --- [           main] .d.s.w.r.o.CachingOperationNameGenerator : Generating unique operation named: invokeUsingGET_19
2022-05-25T11:22:20.753308382Z stdout F 2022-05-25 19:22:20.752  INFO [ts-config-service,,,] 1 --- [           main] .d.s.w.r.o.CachingOperationNameGenerator : Generating unique operation named: invokeUsingGET_20
2022-05-25T11:22:20.861742911Z stdout F 2022-05-25 19:22:20.861  INFO [ts-config-service,,,] 1 --- [           main] .d.s.w.r.o.CachingOperationNameGenerator : Generating unique operation named: invokeUsingGET_21
2022-05-25T11:22:21.261097366Z stdout F 2022-05-25 19:22:21.260  INFO [ts-config-service,,,] 1 --- [           main] .d.s.w.r.o.CachingOperationNameGenerator : Generating unique operation named: invokeUsingGET_22
2022-05-25T11:22:21.365528006Z stdout F 2022-05-25 19:22:21.364  INFO [ts-config-service,,,] 1 --- [           main] .d.s.w.r.o.CachingOperationNameGenerator : Generating unique operation named: invokeUsingGET_23
2022-05-25T11:22:21.752736298Z stdout F 2022-05-25 19:22:21.752  INFO [ts-config-service,,,] 1 --- [           main] .d.s.w.r.o.CachingOperationNameGenerator : Generating unique operation named: invokeUsingGET_24
2022-05-25T11:22:21.780091251Z stdout F 2022-05-25 19:22:21.779  INFO [ts-config-service,,,] 1 --- [           main] .d.s.w.r.o.CachingOperationNameGenerator : Generating unique operation named: invokeUsingGET_25
2022-05-25T11:22:22.057540768Z stdout F 2022-05-25 19:22:22.056  INFO [ts-config-service,,,] 1 --- [           main] .d.s.w.r.o.CachingOperationNameGenerator : Generating unique operation named: valueUsingGET_1
2022-05-25T11:22:24.75260092Z stdout F 2022-05-25 19:22:24.751  INFO [ts-config-service,,,] 1 --- [           main] s.b.c.e.t.TomcatEmbeddedServletContainer : Tomcat started on port(s): 15679 (http)
2022-05-25T11:22:29.383172276Z stdout F 2022-05-25 19:22:29.381  INFO [ts-config-service,,,] 1 --- [           main] org.mongodb.driver.connection            : Opened connection [connectionId{localValue:3, serverValue:3}] to ts-config-mongo:27017
2022-05-25T11:22:31.653268574Z stdout F 2022-05-25 19:22:31.611  INFO [ts-config-service,,,] 1 --- [           main] config.ConfigApplication                 : Started ConfigApplication in 1723.313 seconds (JVM running for 1801.375)
2022-05-25T11:30:15.826440929Z stdout F 2022-05-25 19:30:15.822  INFO [ts-config-service,,,] 1 --- [io-15679-exec-1] o.a.c.c.C.[Tomcat].[localhost].[/]       : Initializing Spring FrameworkServlet 'dispatcherServlet'
2022-05-25T11:30:15.82748802Z stdout F 2022-05-25 19:30:15.826  INFO [ts-config-service,,,] 1 --- [io-15679-exec-1] o.s.web.servlet.DispatcherServlet        : FrameworkServlet 'dispatcherServlet': initialization started
2022-05-25T11:30:19.605984085Z stdout F 2022-05-25 19:30:19.605  INFO [ts-config-service,,,] 1 --- [io-15679-exec-1] o.s.web.servlet.DispatcherServlet        : FrameworkServlet 'dispatcherServlet': initialization completed in 3778 ms
2022-05-25T11:30:31.812519172Z stdout F 2022-05-25 19:30:31.811  INFO [ts-config-service,96c6c3b1e272cadacb30848047518297,4d1c8fbd30d5a166,true] 1 --- [o-15679-exec-10] org.mongodb.driver.connection            : Opened connection [connectionId{localValue:4, serverValue:4}] to ts-config-mongo:27017
2022-05-25T11:30:32.02987826Z stdout F 2022-05-25 19:30:32.029  INFO [ts-config-service,d67c29932ce39cd2890c89318c6b8aab,95427a399a8be898,true] 1 --- [io-15679-exec-9] org.mongodb.driver.connection            : Opened connection [connectionId{localValue:5, serverValue:5}] to ts-config-mongo:27017
2022-05-25T11:30:32.104877934Z stdout F 2022-05-25 19:30:32.104  INFO [ts-config-service,b94d78d0e94cd6fc970aadf58c93d2ae,4cf5eb2b518c2ee2,true] 1 --- [io-15679-exec-1] org.mongodb.driver.connection            : Opened connection [connectionId{localValue:6, serverValue:6}] to ts-config-mongo:27017
