2022-05-09T21:46:11.495716328Z stdout F 2022-05-09T21:46:11.492006Z	info	Istio iptables environment:
2022-05-09T21:46:11.495763259Z stdout F ENVOY_PORT=
2022-05-09T21:46:11.495772422Z stdout F INBOUND_CAPTURE_PORT=
2022-05-09T21:46:11.495778553Z stdout F ISTIO_INBOUND_INTERCEPTION_MODE=
2022-05-09T21:46:11.495784031Z stdout F ISTIO_INBOUND_TPROXY_ROUTE_TABLE=
2022-05-09T21:46:11.495788886Z stdout F ISTIO_INBOUND_PORTS=
2022-05-09T21:46:11.495793412Z stdout F ISTIO_OUTBOUND_PORTS=
2022-05-09T21:46:11.495798006Z stdout F ISTIO_LOCAL_EXCLUDE_PORTS=
2022-05-09T21:46:11.495802698Z stdout F ISTIO_EXCLUDE_INTERFACES=
2022-05-09T21:46:11.495807447Z stdout F ISTIO_SERVICE_CIDR=
2022-05-09T21:46:11.495812064Z stdout F ISTIO_SERVICE_EXCLUDE_CIDR=
2022-05-09T21:46:11.495817055Z stdout F ISTIO_META_DNS_CAPTURE=
2022-05-09T21:46:11.495826816Z stdout F INVALID_DROP=
2022-05-09T21:46:11.495872741Z stdout F 
2022-05-09T21:46:11.495884136Z stdout F 2022-05-09T21:46:11.492130Z	info	Istio iptables variables:
2022-05-09T21:46:11.495890344Z stdout F PROXY_PORT=15001
2022-05-09T21:46:11.495895246Z stdout F PROXY_INBOUND_CAPTURE_PORT=15006
2022-05-09T21:46:11.495899739Z stdout F PROXY_TUNNEL_PORT=15008
2022-05-09T21:46:11.49590443Z stdout F PROXY_UID=1337
2022-05-09T21:46:11.495942026Z stdout F PROXY_GID=1337
2022-05-09T21:46:11.495948521Z stdout F INBOUND_INTERCEPTION_MODE=REDIRECT
2022-05-09T21:46:11.495953461Z stdout F INBOUND_TPROXY_MARK=1337
2022-05-09T21:46:11.495961231Z stdout F INBOUND_TPROXY_ROUTE_TABLE=133
2022-05-09T21:46:11.495974211Z stdout F INBOUND_PORTS_INCLUDE=*
2022-05-09T21:46:11.495987748Z stdout F INBOUND_PORTS_EXCLUDE=15090,15021,15020
2022-05-09T21:46:11.496041718Z stdout F OUTBOUND_IP_RANGES_INCLUDE=*
2022-05-09T21:46:11.496048985Z stdout F OUTBOUND_IP_RANGES_EXCLUDE=
2022-05-09T21:46:11.49605426Z stdout F OUTBOUND_PORTS_INCLUDE=
2022-05-09T21:46:11.496058766Z stdout F OUTBOUND_PORTS_EXCLUDE=
2022-05-09T21:46:11.496063321Z stdout F KUBE_VIRT_INTERFACES=
2022-05-09T21:46:11.496067946Z stdout F ENABLE_INBOUND_IPV6=false
2022-05-09T21:46:11.496072656Z stdout F DNS_CAPTURE=false
2022-05-09T21:46:11.496077586Z stdout F DROP_INVALID=false
2022-05-09T21:46:11.496082402Z stdout F CAPTURE_ALL_DNS=false
2022-05-09T21:46:11.496087368Z stdout F DNS_SERVERS=[],[]
2022-05-09T21:46:11.496091861Z stdout F OUTPUT_PATH=
2022-05-09T21:46:11.496095653Z stdout F NETWORK_NAMESPACE=
2022-05-09T21:46:11.496099366Z stdout F CNI_MODE=false
2022-05-09T21:46:11.496103027Z stdout F EXCLUDE_INTERFACES=
2022-05-09T21:46:11.496106501Z stdout F 
2022-05-09T21:46:11.49611402Z stdout F 2022-05-09T21:46:11.492503Z	info	Writing following contents to rules file: /tmp/iptables-rules-1652132771492246412.txt4275252951
2022-05-09T21:46:11.496126618Z stdout F * nat
2022-05-09T21:46:11.496173817Z stdout F -N ISTIO_INBOUND
2022-05-09T21:46:11.496186017Z stdout F -N ISTIO_REDIRECT
2022-05-09T21:46:11.49619206Z stdout F -N ISTIO_IN_REDIRECT
2022-05-09T21:46:11.496196961Z stdout F -N ISTIO_OUTPUT
2022-05-09T21:46:11.4962017Z stdout F -A ISTIO_INBOUND -p tcp --dport 15008 -j RETURN
2022-05-09T21:46:11.496206882Z stdout F -A ISTIO_REDIRECT -p tcp -j REDIRECT --to-ports 15001
2022-05-09T21:46:11.496211902Z stdout F -A ISTIO_IN_REDIRECT -p tcp -j REDIRECT --to-ports 15006
2022-05-09T21:46:11.4962166Z stdout F -A PREROUTING -p tcp -j ISTIO_INBOUND
2022-05-09T21:46:11.496221208Z stdout F -A ISTIO_INBOUND -p tcp --dport 15090 -j RETURN
2022-05-09T21:46:11.496225977Z stdout F -A ISTIO_INBOUND -p tcp --dport 15021 -j RETURN
2022-05-09T21:46:11.496230745Z stdout F -A ISTIO_INBOUND -p tcp --dport 15020 -j RETURN
2022-05-09T21:46:11.496235581Z stdout F -A ISTIO_INBOUND -p tcp -j ISTIO_IN_REDIRECT
2022-05-09T21:46:11.496240516Z stdout F -A OUTPUT -p tcp -j ISTIO_OUTPUT
2022-05-09T21:46:11.496245277Z stdout F -A ISTIO_OUTPUT -o lo -s 127.0.0.6/32 -j RETURN
2022-05-09T21:46:11.496250211Z stdout F -A ISTIO_OUTPUT -o lo ! -d 127.0.0.1/32 -m owner --uid-owner 1337 -j ISTIO_IN_REDIRECT
2022-05-09T21:46:11.496256154Z stdout F -A ISTIO_OUTPUT -o lo -m owner ! --uid-owner 1337 -j RETURN
2022-05-09T21:46:11.496261121Z stdout F -A ISTIO_OUTPUT -m owner --uid-owner 1337 -j RETURN
2022-05-09T21:46:11.496304548Z stdout F -A ISTIO_OUTPUT -o lo ! -d 127.0.0.1/32 -m owner --gid-owner 1337 -j ISTIO_IN_REDIRECT
2022-05-09T21:46:11.496319196Z stdout F -A ISTIO_OUTPUT -o lo -m owner ! --gid-owner 1337 -j RETURN
2022-05-09T21:46:11.496328959Z stdout F -A ISTIO_OUTPUT -m owner --gid-owner 1337 -j RETURN
2022-05-09T21:46:11.496341466Z stdout F -A ISTIO_OUTPUT -d 127.0.0.1/32 -j RETURN
2022-05-09T21:46:11.496349167Z stdout F -A ISTIO_OUTPUT -j ISTIO_REDIRECT
2022-05-09T21:46:11.496354256Z stdout F COMMIT
2022-05-09T21:46:11.496359695Z stdout F 2022-05-09T21:46:11.492661Z	info	Running command: iptables-restore --noflush /tmp/iptables-rules-1652132771492246412.txt4275252951
2022-05-09T21:46:11.521579367Z stdout F 2022-05-09T21:46:11.519057Z	info	Writing following contents to rules file: /tmp/ip6tables-rules-1652132771518899955.txt3841867587
2022-05-09T21:46:11.561767618Z stdout F 
2022-05-09T21:46:11.561785013Z stdout F 2022-05-09T21:46:11.519304Z	info	Running command: ip6tables-restore --noflush /tmp/ip6tables-rules-1652132771518899955.txt3841867587
2022-05-09T21:46:11.589000006Z stdout F 2022-05-09T21:46:11.588062Z	info	Running command: iptables-save 
2022-05-09T21:46:11.601430342Z stdout F 2022-05-09T21:46:11.601181Z	info	Command output: 
2022-05-09T21:46:11.601459458Z stdout F # Generated by iptables-save v1.8.4 on Mon May  9 21:46:11 2022
2022-05-09T21:46:11.601522343Z stdout F *nat
2022-05-09T21:46:11.601546359Z stdout F :PREROUTING ACCEPT [0:0]
2022-05-09T21:46:11.601557461Z stdout F :INPUT ACCEPT [0:0]
2022-05-09T21:46:11.601563413Z stdout F :OUTPUT ACCEPT [0:0]
2022-05-09T21:46:11.601568509Z stdout F :POSTROUTING ACCEPT [0:0]
2022-05-09T21:46:11.601573026Z stdout F :ISTIO_INBOUND - [0:0]
2022-05-09T21:46:11.601577671Z stdout F :ISTIO_IN_REDIRECT - [0:0]
2022-05-09T21:46:11.601591098Z stdout F :ISTIO_OUTPUT - [0:0]
2022-05-09T21:46:11.601604318Z stdout F :ISTIO_REDIRECT - [0:0]
2022-05-09T21:46:11.601616067Z stdout F -A PREROUTING -p tcp -j ISTIO_INBOUND
2022-05-09T21:46:11.601621074Z stdout F -A OUTPUT -p tcp -j ISTIO_OUTPUT
2022-05-09T21:46:11.601625238Z stdout F -A ISTIO_INBOUND -p tcp -m tcp --dport 15008 -j RETURN
2022-05-09T21:46:11.601629115Z stdout F -A ISTIO_INBOUND -p tcp -m tcp --dport 15090 -j RETURN
2022-05-09T21:46:11.601633583Z stdout F -A ISTIO_INBOUND -p tcp -m tcp --dport 15021 -j RETURN
2022-05-09T21:46:11.601637964Z stdout F -A ISTIO_INBOUND -p tcp -m tcp --dport 15020 -j RETURN
2022-05-09T21:46:11.601642553Z stdout F -A ISTIO_INBOUND -p tcp -j ISTIO_IN_REDIRECT
2022-05-09T21:46:11.601647444Z stdout F -A ISTIO_IN_REDIRECT -p tcp -j REDIRECT --to-ports 15006
2022-05-09T21:46:11.601652282Z stdout F -A ISTIO_OUTPUT -s 127.0.0.6/32 -o lo -j RETURN
2022-05-09T21:46:11.601656928Z stdout F -A ISTIO_OUTPUT ! -d 127.0.0.1/32 -o lo -m owner --uid-owner 1337 -j ISTIO_IN_REDIRECT
2022-05-09T21:46:11.601661184Z stdout F -A ISTIO_OUTPUT -o lo -m owner ! --uid-owner 1337 -j RETURN
2022-05-09T21:46:11.601666046Z stdout F -A ISTIO_OUTPUT -m owner --uid-owner 1337 -j RETURN
2022-05-09T21:46:11.601670636Z stdout F -A ISTIO_OUTPUT ! -d 127.0.0.1/32 -o lo -m owner --gid-owner 1337 -j ISTIO_IN_REDIRECT
2022-05-09T21:46:11.601675073Z stdout F -A ISTIO_OUTPUT -o lo -m owner ! --gid-owner 1337 -j RETURN
2022-05-09T21:46:11.601679257Z stdout F -A ISTIO_OUTPUT -m owner --gid-owner 1337 -j RETURN
2022-05-09T21:46:11.601684191Z stdout F -A ISTIO_OUTPUT -d 127.0.0.1/32 -j RETURN
2022-05-09T21:46:11.601688739Z stdout F -A ISTIO_OUTPUT -j ISTIO_REDIRECT
2022-05-09T21:46:11.601693017Z stdout F -A ISTIO_REDIRECT -p tcp -j REDIRECT --to-ports 15001
2022-05-09T21:46:11.601697755Z stdout F COMMIT
2022-05-09T21:46:11.601702589Z stdout F # Completed on Mon May  9 21:46:11 2022
2022-05-09T21:46:11.60170736Z stdout F 
