2022-05-09T06:52:51.103824243Z stdout F 2022-05-09T06:52:51.102242Z	info	Istio iptables environment:
2022-05-09T06:52:51.103885697Z stdout F ENVOY_PORT=
2022-05-09T06:52:51.103896349Z stdout F INBOUND_CAPTURE_PORT=
2022-05-09T06:52:51.103902469Z stdout F ISTIO_INBOUND_INTERCEPTION_MODE=
2022-05-09T06:52:51.103907469Z stdout F ISTIO_INBOUND_TPROXY_ROUTE_TABLE=
2022-05-09T06:52:51.103912105Z stdout F ISTIO_INBOUND_PORTS=
2022-05-09T06:52:51.103919998Z stdout F ISTIO_OUTBOUND_PORTS=
2022-05-09T06:52:51.103929017Z stdout F ISTIO_LOCAL_EXCLUDE_PORTS=
2022-05-09T06:52:51.103933771Z stdout F ISTIO_EXCLUDE_INTERFACES=
2022-05-09T06:52:51.103938024Z stdout F ISTIO_SERVICE_CIDR=
2022-05-09T06:52:51.103942447Z stdout F ISTIO_SERVICE_EXCLUDE_CIDR=
2022-05-09T06:52:51.103946498Z stdout F ISTIO_META_DNS_CAPTURE=
2022-05-09T06:52:51.103977415Z stdout F INVALID_DROP=
2022-05-09T06:52:51.10399124Z stdout F 
2022-05-09T06:52:51.104004412Z stdout F 2022-05-09T06:52:51.102328Z	info	Istio iptables variables:
2022-05-09T06:52:51.104012746Z stdout F PROXY_PORT=15001
2022-05-09T06:52:51.104023444Z stdout F PROXY_INBOUND_CAPTURE_PORT=15006
2022-05-09T06:52:51.104028339Z stdout F PROXY_TUNNEL_PORT=15008
2022-05-09T06:52:51.104032797Z stdout F PROXY_UID=1337
2022-05-09T06:52:51.104037007Z stdout F PROXY_GID=1337
2022-05-09T06:52:51.10404145Z stdout F INBOUND_INTERCEPTION_MODE=REDIRECT
2022-05-09T06:52:51.10404578Z stdout F INBOUND_TPROXY_MARK=1337
2022-05-09T06:52:51.104049965Z stdout F INBOUND_TPROXY_ROUTE_TABLE=133
2022-05-09T06:52:51.10405424Z stdout F INBOUND_PORTS_INCLUDE=*
2022-05-09T06:52:51.104058716Z stdout F INBOUND_PORTS_EXCLUDE=15090,15021,15020
2022-05-09T06:52:51.104063118Z stdout F OUTBOUND_IP_RANGES_INCLUDE=*
2022-05-09T06:52:51.104067459Z stdout F OUTBOUND_IP_RANGES_EXCLUDE=
2022-05-09T06:52:51.104179844Z stdout F OUTBOUND_PORTS_INCLUDE=
2022-05-09T06:52:51.104196674Z stdout F OUTBOUND_PORTS_EXCLUDE=
2022-05-09T06:52:51.104220401Z stdout F KUBE_VIRT_INTERFACES=
2022-05-09T06:52:51.104227185Z stdout F ENABLE_INBOUND_IPV6=false
2022-05-09T06:52:51.104231997Z stdout F DNS_CAPTURE=false
2022-05-09T06:52:51.10423647Z stdout F DROP_INVALID=false
2022-05-09T06:52:51.104243654Z stdout F CAPTURE_ALL_DNS=false
2022-05-09T06:52:51.104249969Z stdout F DNS_SERVERS=[],[]
2022-05-09T06:52:51.104257623Z stdout F OUTPUT_PATH=
2022-05-09T06:52:51.10426372Z stdout F NETWORK_NAMESPACE=
2022-05-09T06:52:51.104270955Z stdout F CNI_MODE=false
2022-05-09T06:52:51.10427548Z stdout F EXCLUDE_INTERFACES=
2022-05-09T06:52:51.104279593Z stdout F 
2022-05-09T06:52:51.104287174Z stdout F 2022-05-09T06:52:51.102730Z	info	Writing following contents to rules file: /tmp/iptables-rules-1652079171102393630.txt480710481
2022-05-09T06:52:51.104292622Z stdout F * nat
2022-05-09T06:52:51.104296698Z stdout F -N ISTIO_INBOUND
2022-05-09T06:52:51.104301206Z stdout F -N ISTIO_REDIRECT
2022-05-09T06:52:51.104305568Z stdout F -N ISTIO_IN_REDIRECT
2022-05-09T06:52:51.104388199Z stdout F -N ISTIO_OUTPUT
2022-05-09T06:52:51.104400186Z stdout F -A ISTIO_INBOUND -p tcp --dport 15008 -j RETURN
2022-05-09T06:52:51.104537586Z stdout F -A ISTIO_REDIRECT -p tcp -j REDIRECT --to-ports 15001
2022-05-09T06:52:51.104555028Z stdout F -A ISTIO_IN_REDIRECT -p tcp -j REDIRECT --to-ports 15006
2022-05-09T06:52:51.104560856Z stdout F -A PREROUTING -p tcp -j ISTIO_INBOUND
2022-05-09T06:52:51.104565252Z stdout F -A ISTIO_INBOUND -p tcp --dport 15090 -j RETURN
2022-05-09T06:52:51.104569523Z stdout F -A ISTIO_INBOUND -p tcp --dport 15021 -j RETURN
2022-05-09T06:52:51.104573586Z stdout F -A ISTIO_INBOUND -p tcp --dport 15020 -j RETURN
2022-05-09T06:52:51.104577951Z stdout F -A ISTIO_INBOUND -p tcp -j ISTIO_IN_REDIRECT
2022-05-09T06:52:51.104582303Z stdout F -A OUTPUT -p tcp -j ISTIO_OUTPUT
2022-05-09T06:52:51.104586491Z stdout F -A ISTIO_OUTPUT -o lo -s 127.0.0.6/32 -j RETURN
2022-05-09T06:52:51.104591522Z stdout F -A ISTIO_OUTPUT -o lo ! -d 127.0.0.1/32 -m owner --uid-owner 1337 -j ISTIO_IN_REDIRECT
2022-05-09T06:52:51.10459578Z stdout F -A ISTIO_OUTPUT -o lo -m owner ! --uid-owner 1337 -j RETURN
2022-05-09T06:52:51.104600083Z stdout F -A ISTIO_OUTPUT -m owner --uid-owner 1337 -j RETURN
2022-05-09T06:52:51.104645201Z stdout F -A ISTIO_OUTPUT -o lo ! -d 127.0.0.1/32 -m owner --gid-owner 1337 -j ISTIO_IN_REDIRECT
2022-05-09T06:52:51.104652648Z stdout F -A ISTIO_OUTPUT -o lo -m owner ! --gid-owner 1337 -j RETURN
2022-05-09T06:52:51.104657292Z stdout F -A ISTIO_OUTPUT -m owner --gid-owner 1337 -j RETURN
2022-05-09T06:52:51.104661871Z stdout F -A ISTIO_OUTPUT -d 127.0.0.1/32 -j RETURN
2022-05-09T06:52:51.104666164Z stdout F -A ISTIO_OUTPUT -j ISTIO_REDIRECT
2022-05-09T06:52:51.104670591Z stdout F COMMIT
2022-05-09T06:52:51.104675557Z stdout F 2022-05-09T06:52:51.102799Z	info	Running command: iptables-restore --noflush /tmp/iptables-rules-1652079171102393630.txt480710481
2022-05-09T06:52:51.121585777Z stdout F 2022-05-09T06:52:51.121212Z	info	Writing following contents to rules file: /tmp/ip6tables-rules-1652079171121136055.txt2977032020
2022-05-09T06:52:51.121616282Z stdout F 
2022-05-09T06:52:51.121633003Z stdout F 2022-05-09T06:52:51.121296Z	info	Running command: ip6tables-restore --noflush /tmp/ip6tables-rules-1652079171121136055.txt2977032020
2022-05-09T06:52:51.127311759Z stdout F 2022-05-09T06:52:51.126331Z	info	Running command: iptables-save 
2022-05-09T06:52:51.13949105Z stdout F 2022-05-09T06:52:51.139089Z	info	Command output: 
2022-05-09T06:52:51.139543081Z stdout F # Generated by iptables-save v1.8.4 on Mon May  9 06:52:51 2022
2022-05-09T06:52:51.13955254Z stdout F *nat
2022-05-09T06:52:51.139558971Z stdout F :PREROUTING ACCEPT [0:0]
2022-05-09T06:52:51.139563789Z stdout F :INPUT ACCEPT [0:0]
2022-05-09T06:52:51.139568257Z stdout F :OUTPUT ACCEPT [0:0]
2022-05-09T06:52:51.139572874Z stdout F :POSTROUTING ACCEPT [0:0]
2022-05-09T06:52:51.139577319Z stdout F :ISTIO_INBOUND - [0:0]
2022-05-09T06:52:51.139582001Z stdout F :ISTIO_IN_REDIRECT - [0:0]
2022-05-09T06:52:51.139586851Z stdout F :ISTIO_OUTPUT - [0:0]
2022-05-09T06:52:51.139591862Z stdout F :ISTIO_REDIRECT - [0:0]
2022-05-09T06:52:51.139596984Z stdout F -A PREROUTING -p tcp -j ISTIO_INBOUND
2022-05-09T06:52:51.139601913Z stdout F -A OUTPUT -p tcp -j ISTIO_OUTPUT
2022-05-09T06:52:51.13968365Z stdout F -A ISTIO_INBOUND -p tcp -m tcp --dport 15008 -j RETURN
2022-05-09T06:52:51.139693541Z stdout F -A ISTIO_INBOUND -p tcp -m tcp --dport 15090 -j RETURN
2022-05-09T06:52:51.13969889Z stdout F -A ISTIO_INBOUND -p tcp -m tcp --dport 15021 -j RETURN
2022-05-09T06:52:51.139703614Z stdout F -A ISTIO_INBOUND -p tcp -m tcp --dport 15020 -j RETURN
2022-05-09T06:52:51.139708075Z stdout F -A ISTIO_INBOUND -p tcp -j ISTIO_IN_REDIRECT
2022-05-09T06:52:51.139712362Z stdout F -A ISTIO_IN_REDIRECT -p tcp -j REDIRECT --to-ports 15006
2022-05-09T06:52:51.139717135Z stdout F -A ISTIO_OUTPUT -s 127.0.0.6/32 -o lo -j RETURN
2022-05-09T06:52:51.139722204Z stdout F -A ISTIO_OUTPUT ! -d 127.0.0.1/32 -o lo -m owner --uid-owner 1337 -j ISTIO_IN_REDIRECT
2022-05-09T06:52:51.139726336Z stdout F -A ISTIO_OUTPUT -o lo -m owner ! --uid-owner 1337 -j RETURN
2022-05-09T06:52:51.139729976Z stdout F -A ISTIO_OUTPUT -m owner --uid-owner 1337 -j RETURN
2022-05-09T06:52:51.139734423Z stdout F -A ISTIO_OUTPUT ! -d 127.0.0.1/32 -o lo -m owner --gid-owner 1337 -j ISTIO_IN_REDIRECT
2022-05-09T06:52:51.139738518Z stdout F -A ISTIO_OUTPUT -o lo -m owner ! --gid-owner 1337 -j RETURN
2022-05-09T06:52:51.139742321Z stdout F -A ISTIO_OUTPUT -m owner --gid-owner 1337 -j RETURN
2022-05-09T06:52:51.139746303Z stdout F -A ISTIO_OUTPUT -d 127.0.0.1/32 -j RETURN
2022-05-09T06:52:51.139749904Z stdout F -A ISTIO_OUTPUT -j ISTIO_REDIRECT
2022-05-09T06:52:51.1397535Z stdout F -A ISTIO_REDIRECT -p tcp -j REDIRECT --to-ports 15001
2022-05-09T06:52:51.139757452Z stdout F COMMIT
2022-05-09T06:52:51.139761547Z stdout F # Completed on Mon May  9 06:52:51 2022
2022-05-09T06:52:51.139765145Z stdout F 
