2022-05-25T10:52:38.487275955Z stdout F 2022-05-25T10:52:38.486114Z	info	Istio iptables environment:
2022-05-25T10:52:38.487459404Z stdout F ENVOY_PORT=
2022-05-25T10:52:38.487479743Z stdout F INBOUND_CAPTURE_PORT=
2022-05-25T10:52:38.487522436Z stdout F ISTIO_INBOUND_INTERCEPTION_MODE=
2022-05-25T10:52:38.487534605Z stdout F ISTIO_INBOUND_TPROXY_ROUTE_TABLE=
2022-05-25T10:52:38.487540937Z stdout F ISTIO_INBOUND_PORTS=
2022-05-25T10:52:38.487546149Z stdout F ISTIO_OUTBOUND_PORTS=
2022-05-25T10:52:38.487551039Z stdout F ISTIO_LOCAL_EXCLUDE_PORTS=
2022-05-25T10:52:38.487556183Z stdout F ISTIO_EXCLUDE_INTERFACES=
2022-05-25T10:52:38.48756066Z stdout F ISTIO_SERVICE_CIDR=
2022-05-25T10:52:38.487565517Z stdout F ISTIO_SERVICE_EXCLUDE_CIDR=
2022-05-25T10:52:38.48757052Z stdout F ISTIO_META_DNS_CAPTURE=
2022-05-25T10:52:38.487575791Z stdout F INVALID_DROP=
2022-05-25T10:52:38.487580637Z stdout F 
2022-05-25T10:52:38.48758633Z stdout F 2022-05-25T10:52:38.486234Z	info	Istio iptables variables:
2022-05-25T10:52:38.487591981Z stdout F PROXY_PORT=15001
2022-05-25T10:52:38.487597594Z stdout F PROXY_INBOUND_CAPTURE_PORT=15006
2022-05-25T10:52:38.487602211Z stdout F PROXY_TUNNEL_PORT=15008
2022-05-25T10:52:38.487606739Z stdout F PROXY_UID=1337
2022-05-25T10:52:38.487614603Z stdout F PROXY_GID=1337
2022-05-25T10:52:38.487626451Z stdout F INBOUND_INTERCEPTION_MODE=REDIRECT
2022-05-25T10:52:38.48764523Z stdout F INBOUND_TPROXY_MARK=1337
2022-05-25T10:52:38.487659272Z stdout F INBOUND_TPROXY_ROUTE_TABLE=133
2022-05-25T10:52:38.487667421Z stdout F INBOUND_PORTS_INCLUDE=*
2022-05-25T10:52:38.487675069Z stdout F INBOUND_PORTS_EXCLUDE=15090,15021,15020
2022-05-25T10:52:38.487680723Z stdout F OUTBOUND_IP_RANGES_INCLUDE=*
2022-05-25T10:52:38.487686136Z stdout F OUTBOUND_IP_RANGES_EXCLUDE=
2022-05-25T10:52:38.487691506Z stdout F OUTBOUND_PORTS_INCLUDE=
2022-05-25T10:52:38.487697248Z stdout F OUTBOUND_PORTS_EXCLUDE=
2022-05-25T10:52:38.487703002Z stdout F KUBE_VIRT_INTERFACES=
2022-05-25T10:52:38.487708304Z stdout F ENABLE_INBOUND_IPV6=false
2022-05-25T10:52:38.487713251Z stdout F DNS_CAPTURE=false
2022-05-25T10:52:38.487719134Z stdout F DROP_INVALID=false
2022-05-25T10:52:38.487725165Z stdout F CAPTURE_ALL_DNS=false
2022-05-25T10:52:38.487731369Z stdout F DNS_SERVERS=[],[]
2022-05-25T10:52:38.487742237Z stdout F OUTPUT_PATH=
2022-05-25T10:52:38.487753186Z stdout F NETWORK_NAMESPACE=
2022-05-25T10:52:38.487759761Z stdout F CNI_MODE=false
2022-05-25T10:52:38.487766011Z stdout F EXCLUDE_INTERFACES=
2022-05-25T10:52:38.487771514Z stdout F 
2022-05-25T10:52:38.489061099Z stdout F 2022-05-25T10:52:38.487325Z	info	Writing following contents to rules file: /tmp/iptables-rules-1653475958486339031.txt2572572611
2022-05-25T10:52:38.489148965Z stdout F * nat
2022-05-25T10:52:38.489278107Z stdout F -N ISTIO_INBOUND
2022-05-25T10:52:38.489287166Z stdout F -N ISTIO_REDIRECT
2022-05-25T10:52:38.489329534Z stdout F -N ISTIO_IN_REDIRECT
2022-05-25T10:52:38.489342312Z stdout F -N ISTIO_OUTPUT
2022-05-25T10:52:38.489348965Z stdout F -A ISTIO_INBOUND -p tcp --dport 15008 -j RETURN
2022-05-25T10:52:38.489374436Z stdout F -A ISTIO_REDIRECT -p tcp -j REDIRECT --to-ports 15001
2022-05-25T10:52:38.489440935Z stdout F -A ISTIO_IN_REDIRECT -p tcp -j REDIRECT --to-ports 15006
2022-05-25T10:52:38.489449844Z stdout F -A PREROUTING -p tcp -j ISTIO_INBOUND
2022-05-25T10:52:38.489455706Z stdout F -A ISTIO_INBOUND -p tcp --dport 15090 -j RETURN
2022-05-25T10:52:38.489542004Z stdout F -A ISTIO_INBOUND -p tcp --dport 15021 -j RETURN
2022-05-25T10:52:38.489549467Z stdout F -A ISTIO_INBOUND -p tcp --dport 15020 -j RETURN
2022-05-25T10:52:38.489555044Z stdout F -A ISTIO_INBOUND -p tcp -j ISTIO_IN_REDIRECT
2022-05-25T10:52:38.48956109Z stdout F -A OUTPUT -p tcp -j ISTIO_OUTPUT
2022-05-25T10:52:38.48956668Z stdout F -A ISTIO_OUTPUT -o lo -s 127.0.0.6/32 -j RETURN
2022-05-25T10:52:38.489572932Z stdout F -A ISTIO_OUTPUT -o lo ! -d 127.0.0.1/32 -m owner --uid-owner 1337 -j ISTIO_IN_REDIRECT
2022-05-25T10:52:38.489578499Z stdout F -A ISTIO_OUTPUT -o lo -m owner ! --uid-owner 1337 -j RETURN
2022-05-25T10:52:38.489584404Z stdout F -A ISTIO_OUTPUT -m owner --uid-owner 1337 -j RETURN
2022-05-25T10:52:38.48960423Z stdout F -A ISTIO_OUTPUT -o lo ! -d 127.0.0.1/32 -m owner --gid-owner 1337 -j ISTIO_IN_REDIRECT
2022-05-25T10:52:38.489610454Z stdout F -A ISTIO_OUTPUT -o lo -m owner ! --gid-owner 1337 -j RETURN
2022-05-25T10:52:38.489615832Z stdout F -A ISTIO_OUTPUT -m owner --gid-owner 1337 -j RETURN
2022-05-25T10:52:38.489621221Z stdout F -A ISTIO_OUTPUT -d 127.0.0.1/32 -j RETURN
2022-05-25T10:52:38.489626704Z stdout F -A ISTIO_OUTPUT -j ISTIO_REDIRECT
2022-05-25T10:52:38.489632241Z stdout F COMMIT
2022-05-25T10:52:38.489638843Z stdout F 2022-05-25T10:52:38.487556Z	info	Running command: iptables-restore --noflush /tmp/iptables-rules-1653475958486339031.txt2572572611
2022-05-25T10:52:38.711739978Z stdout F 2022-05-25T10:52:38.710560Z	info	Writing following contents to rules file: /tmp/ip6tables-rules-1653475958710438404.txt1342133842
2022-05-25T10:52:38.711862115Z stdout F 
2022-05-25T10:52:38.711876893Z stdout F 2022-05-25T10:52:38.710791Z	info	Running command: ip6tables-restore --noflush /tmp/ip6tables-rules-1653475958710438404.txt1342133842
2022-05-25T10:52:38.742643016Z stdout F 2022-05-25T10:52:38.740984Z	info	Running command: iptables-save 
2022-05-25T10:52:38.929345286Z stdout F 2022-05-25T10:52:38.921867Z	info	Command output: 
2022-05-25T10:52:38.929384393Z stdout F # Generated by iptables-save v1.8.4 on Wed May 25 10:52:38 2022
2022-05-25T10:52:38.929394931Z stdout F *nat
2022-05-25T10:52:38.92940275Z stdout F :PREROUTING ACCEPT [0:0]
2022-05-25T10:52:38.929409452Z stdout F :INPUT ACCEPT [0:0]
2022-05-25T10:52:38.929415729Z stdout F :OUTPUT ACCEPT [0:0]
2022-05-25T10:52:38.929422282Z stdout F :POSTROUTING ACCEPT [0:0]
2022-05-25T10:52:38.929428503Z stdout F :ISTIO_INBOUND - [0:0]
2022-05-25T10:52:38.92943434Z stdout F :ISTIO_IN_REDIRECT - [0:0]
2022-05-25T10:52:38.929439877Z stdout F :ISTIO_OUTPUT - [0:0]
2022-05-25T10:52:38.929444924Z stdout F :ISTIO_REDIRECT - [0:0]
2022-05-25T10:52:38.929450882Z stdout F -A PREROUTING -p tcp -j ISTIO_INBOUND
2022-05-25T10:52:38.929456664Z stdout F -A OUTPUT -p tcp -j ISTIO_OUTPUT
2022-05-25T10:52:38.929462316Z stdout F -A ISTIO_INBOUND -p tcp -m tcp --dport 15008 -j RETURN
2022-05-25T10:52:38.929467352Z stdout F -A ISTIO_INBOUND -p tcp -m tcp --dport 15090 -j RETURN
2022-05-25T10:52:38.929473174Z stdout F -A ISTIO_INBOUND -p tcp -m tcp --dport 15021 -j RETURN
2022-05-25T10:52:38.929478943Z stdout F -A ISTIO_INBOUND -p tcp -m tcp --dport 15020 -j RETURN
2022-05-25T10:52:38.92948492Z stdout F -A ISTIO_INBOUND -p tcp -j ISTIO_IN_REDIRECT
2022-05-25T10:52:38.929490243Z stdout F -A ISTIO_IN_REDIRECT -p tcp -j REDIRECT --to-ports 15006
2022-05-25T10:52:38.92949552Z stdout F -A ISTIO_OUTPUT -s 127.0.0.6/32 -o lo -j RETURN
2022-05-25T10:52:38.92950173Z stdout F -A ISTIO_OUTPUT ! -d 127.0.0.1/32 -o lo -m owner --uid-owner 1337 -j ISTIO_IN_REDIRECT
2022-05-25T10:52:38.929507776Z stdout F -A ISTIO_OUTPUT -o lo -m owner ! --uid-owner 1337 -j RETURN
2022-05-25T10:52:38.929513574Z stdout F -A ISTIO_OUTPUT -m owner --uid-owner 1337 -j RETURN
2022-05-25T10:52:38.929519249Z stdout F -A ISTIO_OUTPUT ! -d 127.0.0.1/32 -o lo -m owner --gid-owner 1337 -j ISTIO_IN_REDIRECT
2022-05-25T10:52:38.929524858Z stdout F -A ISTIO_OUTPUT -o lo -m owner ! --gid-owner 1337 -j RETURN
2022-05-25T10:52:38.929530963Z stdout F -A ISTIO_OUTPUT -m owner --gid-owner 1337 -j RETURN
2022-05-25T10:52:38.929536527Z stdout F -A ISTIO_OUTPUT -d 127.0.0.1/32 -j RETURN
2022-05-25T10:52:38.929541667Z stdout F -A ISTIO_OUTPUT -j ISTIO_REDIRECT
2022-05-25T10:52:38.929546826Z stdout F -A ISTIO_REDIRECT -p tcp -j REDIRECT --to-ports 15001
2022-05-25T10:52:38.929552382Z stdout F COMMIT
2022-05-25T10:52:38.929558069Z stdout F # Completed on Wed May 25 10:52:38 2022
2022-05-25T10:52:38.929563195Z stdout F 
