2022-05-09T11:48:12.582076267Z stdout F 2022-05-09T11:48:12.580231Z	info	Istio iptables environment:
2022-05-09T11:48:12.582247041Z stdout F ENVOY_PORT=
2022-05-09T11:48:12.582307474Z stdout F INBOUND_CAPTURE_PORT=
2022-05-09T11:48:12.582319148Z stdout F ISTIO_INBOUND_INTERCEPTION_MODE=
2022-05-09T11:48:12.582328175Z stdout F ISTIO_INBOUND_TPROXY_ROUTE_TABLE=
2022-05-09T11:48:12.582335936Z stdout F ISTIO_INBOUND_PORTS=
2022-05-09T11:48:12.582352121Z stdout F ISTIO_OUTBOUND_PORTS=
2022-05-09T11:48:12.582360623Z stdout F ISTIO_LOCAL_EXCLUDE_PORTS=
2022-05-09T11:48:12.582368333Z stdout F ISTIO_EXCLUDE_INTERFACES=
2022-05-09T11:48:12.582376501Z stdout F ISTIO_SERVICE_CIDR=
2022-05-09T11:48:12.58238429Z stdout F ISTIO_SERVICE_EXCLUDE_CIDR=
2022-05-09T11:48:12.58239165Z stdout F ISTIO_META_DNS_CAPTURE=
2022-05-09T11:48:12.582399588Z stdout F INVALID_DROP=
2022-05-09T11:48:12.582406993Z stdout F 
2022-05-09T11:48:12.582419661Z stdout F 2022-05-09T11:48:12.580384Z	info	Istio iptables variables:
2022-05-09T11:48:12.58242776Z stdout F PROXY_PORT=15001
2022-05-09T11:48:12.58243532Z stdout F PROXY_INBOUND_CAPTURE_PORT=15006
2022-05-09T11:48:12.582442632Z stdout F PROXY_TUNNEL_PORT=15008
2022-05-09T11:48:12.582450531Z stdout F PROXY_UID=1337
2022-05-09T11:48:12.582460493Z stdout F PROXY_GID=1337
2022-05-09T11:48:12.582468219Z stdout F INBOUND_INTERCEPTION_MODE=REDIRECT
2022-05-09T11:48:12.582475208Z stdout F INBOUND_TPROXY_MARK=1337
2022-05-09T11:48:12.58248248Z stdout F INBOUND_TPROXY_ROUTE_TABLE=133
2022-05-09T11:48:12.582490131Z stdout F INBOUND_PORTS_INCLUDE=*
2022-05-09T11:48:12.582497575Z stdout F INBOUND_PORTS_EXCLUDE=15090,15021,15020
2022-05-09T11:48:12.582504655Z stdout F OUTBOUND_IP_RANGES_INCLUDE=*
2022-05-09T11:48:12.582512327Z stdout F OUTBOUND_IP_RANGES_EXCLUDE=
2022-05-09T11:48:12.582519103Z stdout F OUTBOUND_PORTS_INCLUDE=
2022-05-09T11:48:12.582525953Z stdout F OUTBOUND_PORTS_EXCLUDE=
2022-05-09T11:48:12.582533156Z stdout F KUBE_VIRT_INTERFACES=
2022-05-09T11:48:12.58254012Z stdout F ENABLE_INBOUND_IPV6=false
2022-05-09T11:48:12.582546919Z stdout F DNS_CAPTURE=false
2022-05-09T11:48:12.582553707Z stdout F DROP_INVALID=false
2022-05-09T11:48:12.582560916Z stdout F CAPTURE_ALL_DNS=false
2022-05-09T11:48:12.582567653Z stdout F DNS_SERVERS=[],[]
2022-05-09T11:48:12.582574555Z stdout F OUTPUT_PATH=
2022-05-09T11:48:12.582581127Z stdout F NETWORK_NAMESPACE=
2022-05-09T11:48:12.582587932Z stdout F CNI_MODE=false
2022-05-09T11:48:12.582594678Z stdout F EXCLUDE_INTERFACES=
2022-05-09T11:48:12.582601341Z stdout F 
2022-05-09T11:48:12.58260908Z stdout F 2022-05-09T11:48:12.581366Z	info	Writing following contents to rules file: /tmp/iptables-rules-1652096892580474805.txt2444483308
2022-05-09T11:48:12.582685115Z stdout F * nat
2022-05-09T11:48:12.58270145Z stdout F -N ISTIO_INBOUND
2022-05-09T11:48:12.582710163Z stdout F -N ISTIO_REDIRECT
2022-05-09T11:48:12.582717816Z stdout F -N ISTIO_IN_REDIRECT
2022-05-09T11:48:12.582725676Z stdout F -N ISTIO_OUTPUT
2022-05-09T11:48:12.582733807Z stdout F -A ISTIO_INBOUND -p tcp --dport 15008 -j RETURN
2022-05-09T11:48:12.582741621Z stdout F -A ISTIO_REDIRECT -p tcp -j REDIRECT --to-ports 15001
2022-05-09T11:48:12.582748776Z stdout F -A ISTIO_IN_REDIRECT -p tcp -j REDIRECT --to-ports 15006
2022-05-09T11:48:12.582755895Z stdout F -A PREROUTING -p tcp -j ISTIO_INBOUND
2022-05-09T11:48:12.582763267Z stdout F -A ISTIO_INBOUND -p tcp --dport 15090 -j RETURN
2022-05-09T11:48:12.582770927Z stdout F -A ISTIO_INBOUND -p tcp --dport 15021 -j RETURN
2022-05-09T11:48:12.582778206Z stdout F -A ISTIO_INBOUND -p tcp --dport 15020 -j RETURN
2022-05-09T11:48:12.582785088Z stdout F -A ISTIO_INBOUND -p tcp -j ISTIO_IN_REDIRECT
2022-05-09T11:48:12.582792628Z stdout F -A OUTPUT -p tcp -j ISTIO_OUTPUT
2022-05-09T11:48:12.582800297Z stdout F -A ISTIO_OUTPUT -o lo -s 127.0.0.6/32 -j RETURN
2022-05-09T11:48:12.582808382Z stdout F -A ISTIO_OUTPUT -o lo ! -d 127.0.0.1/32 -m owner --uid-owner 1337 -j ISTIO_IN_REDIRECT
2022-05-09T11:48:12.583099326Z stdout F -A ISTIO_OUTPUT -o lo -m owner ! --uid-owner 1337 -j RETURN
2022-05-09T11:48:12.583111996Z stdout F -A ISTIO_OUTPUT -m owner --uid-owner 1337 -j RETURN
2022-05-09T11:48:12.583209394Z stdout F -A ISTIO_OUTPUT -o lo ! -d 127.0.0.1/32 -m owner --gid-owner 1337 -j ISTIO_IN_REDIRECT
2022-05-09T11:48:12.583222198Z stdout F -A ISTIO_OUTPUT -o lo -m owner ! --gid-owner 1337 -j RETURN
2022-05-09T11:48:12.583229403Z stdout F -A ISTIO_OUTPUT -m owner --gid-owner 1337 -j RETURN
2022-05-09T11:48:12.583236624Z stdout F -A ISTIO_OUTPUT -d 127.0.0.1/32 -j RETURN
2022-05-09T11:48:12.583255915Z stdout F -A ISTIO_OUTPUT -j ISTIO_REDIRECT
2022-05-09T11:48:12.58326916Z stdout F COMMIT
2022-05-09T11:48:12.583289524Z stdout F 2022-05-09T11:48:12.581512Z	info	Running command: iptables-restore --noflush /tmp/iptables-rules-1652096892580474805.txt2444483308
2022-05-09T11:48:12.662977212Z stdout F 2022-05-09T11:48:12.656506Z	info	Writing following contents to rules file: /tmp/ip6tables-rules-1652096892656339777.txt1508980122
2022-05-09T11:48:12.663012418Z stdout F 
2022-05-09T11:48:12.663023063Z stdout F 2022-05-09T11:48:12.656611Z	info	Running command: ip6tables-restore --noflush /tmp/ip6tables-rules-1652096892656339777.txt1508980122
2022-05-09T11:48:12.663031838Z stdout F 2022-05-09T11:48:12.661164Z	info	Running command: iptables-save 
2022-05-09T11:48:12.686131795Z stdout F 2022-05-09T11:48:12.683510Z	info	Command output: 
2022-05-09T11:48:12.6861694Z stdout F # Generated by iptables-save v1.8.4 on Mon May  9 11:48:12 2022
2022-05-09T11:48:12.686179835Z stdout F *nat
2022-05-09T11:48:12.68618856Z stdout F :PREROUTING ACCEPT [0:0]
2022-05-09T11:48:12.686195993Z stdout F :INPUT ACCEPT [0:0]
2022-05-09T11:48:12.686203284Z stdout F :OUTPUT ACCEPT [0:0]
2022-05-09T11:48:12.686210304Z stdout F :POSTROUTING ACCEPT [0:0]
2022-05-09T11:48:12.686220998Z stdout F :ISTIO_INBOUND - [0:0]
2022-05-09T11:48:12.686238952Z stdout F :ISTIO_IN_REDIRECT - [0:0]
2022-05-09T11:48:12.686260386Z stdout F :ISTIO_OUTPUT - [0:0]
2022-05-09T11:48:12.686284221Z stdout F :ISTIO_REDIRECT - [0:0]
2022-05-09T11:48:12.68630348Z stdout F -A PREROUTING -p tcp -j ISTIO_INBOUND
2022-05-09T11:48:12.68632121Z stdout F -A OUTPUT -p tcp -j ISTIO_OUTPUT
2022-05-09T11:48:12.686330012Z stdout F -A ISTIO_INBOUND -p tcp -m tcp --dport 15008 -j RETURN
2022-05-09T11:48:12.686347664Z stdout F -A ISTIO_INBOUND -p tcp -m tcp --dport 15090 -j RETURN
2022-05-09T11:48:12.686358253Z stdout F -A ISTIO_INBOUND -p tcp -m tcp --dport 15021 -j RETURN
2022-05-09T11:48:12.686365483Z stdout F -A ISTIO_INBOUND -p tcp -m tcp --dport 15020 -j RETURN
2022-05-09T11:48:12.686372078Z stdout F -A ISTIO_INBOUND -p tcp -j ISTIO_IN_REDIRECT
2022-05-09T11:48:12.686379421Z stdout F -A ISTIO_IN_REDIRECT -p tcp -j REDIRECT --to-ports 15006
2022-05-09T11:48:12.68638592Z stdout F -A ISTIO_OUTPUT -s 127.0.0.6/32 -o lo -j RETURN
2022-05-09T11:48:12.686393599Z stdout F -A ISTIO_OUTPUT ! -d 127.0.0.1/32 -o lo -m owner --uid-owner 1337 -j ISTIO_IN_REDIRECT
2022-05-09T11:48:12.686400478Z stdout F -A ISTIO_OUTPUT -o lo -m owner ! --uid-owner 1337 -j RETURN
2022-05-09T11:48:12.686422863Z stdout F -A ISTIO_OUTPUT -m owner --uid-owner 1337 -j RETURN
2022-05-09T11:48:12.686444511Z stdout F -A ISTIO_OUTPUT ! -d 127.0.0.1/32 -o lo -m owner --gid-owner 1337 -j ISTIO_IN_REDIRECT
2022-05-09T11:48:12.686517949Z stdout F -A ISTIO_OUTPUT -o lo -m owner ! --gid-owner 1337 -j RETURN
2022-05-09T11:48:12.686535187Z stdout F -A ISTIO_OUTPUT -m owner --gid-owner 1337 -j RETURN
2022-05-09T11:48:12.686543697Z stdout F -A ISTIO_OUTPUT -d 127.0.0.1/32 -j RETURN
2022-05-09T11:48:12.686552172Z stdout F -A ISTIO_OUTPUT -j ISTIO_REDIRECT
2022-05-09T11:48:12.686558779Z stdout F -A ISTIO_REDIRECT -p tcp -j REDIRECT --to-ports 15001
2022-05-09T11:48:12.686573515Z stdout F COMMIT
2022-05-09T11:48:12.686597741Z stdout F # Completed on Mon May  9 11:48:12 2022
2022-05-09T11:48:12.686614013Z stdout F 
