2022-05-26T05:25:15.504697223Z stdout F 2022-05-26T05:25:15.504054Z	info	Istio iptables environment:
2022-05-26T05:25:15.504775667Z stdout F ENVOY_PORT=
2022-05-26T05:25:15.50478324Z stdout F INBOUND_CAPTURE_PORT=
2022-05-26T05:25:15.50478706Z stdout F ISTIO_INBOUND_INTERCEPTION_MODE=
2022-05-26T05:25:15.504790361Z stdout F ISTIO_INBOUND_TPROXY_ROUTE_TABLE=
2022-05-26T05:25:15.504792911Z stdout F ISTIO_INBOUND_PORTS=
2022-05-26T05:25:15.504795366Z stdout F ISTIO_OUTBOUND_PORTS=
2022-05-26T05:25:15.504797754Z stdout F ISTIO_LOCAL_EXCLUDE_PORTS=
2022-05-26T05:25:15.504800445Z stdout F ISTIO_EXCLUDE_INTERFACES=
2022-05-26T05:25:15.504802875Z stdout F ISTIO_SERVICE_CIDR=
2022-05-26T05:25:15.504805239Z stdout F ISTIO_SERVICE_EXCLUDE_CIDR=
2022-05-26T05:25:15.50480758Z stdout F ISTIO_META_DNS_CAPTURE=
2022-05-26T05:25:15.504810004Z stdout F INVALID_DROP=
2022-05-26T05:25:15.504812329Z stdout F 
2022-05-26T05:25:15.504814921Z stdout F 2022-05-26T05:25:15.504207Z	info	Istio iptables variables:
2022-05-26T05:25:15.504817297Z stdout F PROXY_PORT=15001
2022-05-26T05:25:15.504819798Z stdout F PROXY_INBOUND_CAPTURE_PORT=15006
2022-05-26T05:25:15.504822201Z stdout F PROXY_TUNNEL_PORT=15008
2022-05-26T05:25:15.504824662Z stdout F PROXY_UID=1337
2022-05-26T05:25:15.504827174Z stdout F PROXY_GID=1337
2022-05-26T05:25:15.504829564Z stdout F INBOUND_INTERCEPTION_MODE=REDIRECT
2022-05-26T05:25:15.504832725Z stdout F INBOUND_TPROXY_MARK=1337
2022-05-26T05:25:15.504836675Z stdout F INBOUND_TPROXY_ROUTE_TABLE=133
2022-05-26T05:25:15.504840518Z stdout F INBOUND_PORTS_INCLUDE=*
2022-05-26T05:25:15.504844821Z stdout F INBOUND_PORTS_EXCLUDE=15090,15021,15020
2022-05-26T05:25:15.504848865Z stdout F OUTBOUND_IP_RANGES_INCLUDE=*
2022-05-26T05:25:15.50485281Z stdout F OUTBOUND_IP_RANGES_EXCLUDE=
2022-05-26T05:25:15.504856873Z stdout F OUTBOUND_PORTS_INCLUDE=
2022-05-26T05:25:15.504859296Z stdout F OUTBOUND_PORTS_EXCLUDE=
2022-05-26T05:25:15.504861656Z stdout F KUBE_VIRT_INTERFACES=
2022-05-26T05:25:15.504864048Z stdout F ENABLE_INBOUND_IPV6=false
2022-05-26T05:25:15.504866379Z stdout F DNS_CAPTURE=false
2022-05-26T05:25:15.50486891Z stdout F DROP_INVALID=false
2022-05-26T05:25:15.50487128Z stdout F CAPTURE_ALL_DNS=false
2022-05-26T05:25:15.504873838Z stdout F DNS_SERVERS=[],[]
2022-05-26T05:25:15.504876288Z stdout F OUTPUT_PATH=
2022-05-26T05:25:15.504878901Z stdout F NETWORK_NAMESPACE=
2022-05-26T05:25:15.504881315Z stdout F CNI_MODE=false
2022-05-26T05:25:15.504883709Z stdout F EXCLUDE_INTERFACES=
2022-05-26T05:25:15.504885978Z stdout F 
2022-05-26T05:25:15.504888889Z stdout F 2022-05-26T05:25:15.504424Z	info	Writing following contents to rules file: /tmp/iptables-rules-1653542715504263930.txt1171320311
2022-05-26T05:25:15.504891254Z stdout F * nat
2022-05-26T05:25:15.504893625Z stdout F -N ISTIO_INBOUND
2022-05-26T05:25:15.504895978Z stdout F -N ISTIO_REDIRECT
2022-05-26T05:25:15.504898342Z stdout F -N ISTIO_IN_REDIRECT
2022-05-26T05:25:15.504900744Z stdout F -N ISTIO_OUTPUT
2022-05-26T05:25:15.504903091Z stdout F -A ISTIO_INBOUND -p tcp --dport 15008 -j RETURN
2022-05-26T05:25:15.504905528Z stdout F -A ISTIO_REDIRECT -p tcp -j REDIRECT --to-ports 15001
2022-05-26T05:25:15.504907991Z stdout F -A ISTIO_IN_REDIRECT -p tcp -j REDIRECT --to-ports 15006
2022-05-26T05:25:15.50491028Z stdout F -A PREROUTING -p tcp -j ISTIO_INBOUND
2022-05-26T05:25:15.504912622Z stdout F -A ISTIO_INBOUND -p tcp --dport 15090 -j RETURN
2022-05-26T05:25:15.504914938Z stdout F -A ISTIO_INBOUND -p tcp --dport 15021 -j RETURN
2022-05-26T05:25:15.504917238Z stdout F -A ISTIO_INBOUND -p tcp --dport 15020 -j RETURN
2022-05-26T05:25:15.50491957Z stdout F -A ISTIO_INBOUND -p tcp -j ISTIO_IN_REDIRECT
2022-05-26T05:25:15.504921878Z stdout F -A OUTPUT -p tcp -j ISTIO_OUTPUT
2022-05-26T05:25:15.504924202Z stdout F -A ISTIO_OUTPUT -o lo -s 127.0.0.6/32 -j RETURN
2022-05-26T05:25:15.504928042Z stdout F -A ISTIO_OUTPUT -o lo ! -d 127.0.0.1/32 -m owner --uid-owner 1337 -j ISTIO_IN_REDIRECT
2022-05-26T05:25:15.504931629Z stdout F -A ISTIO_OUTPUT -o lo -m owner ! --uid-owner 1337 -j RETURN
2022-05-26T05:25:15.504935053Z stdout F -A ISTIO_OUTPUT -m owner --uid-owner 1337 -j RETURN
2022-05-26T05:25:15.50494732Z stdout F -A ISTIO_OUTPUT -o lo ! -d 127.0.0.1/32 -m owner --gid-owner 1337 -j ISTIO_IN_REDIRECT
2022-05-26T05:25:15.504954786Z stdout F -A ISTIO_OUTPUT -o lo -m owner ! --gid-owner 1337 -j RETURN
2022-05-26T05:25:15.504957531Z stdout F -A ISTIO_OUTPUT -m owner --gid-owner 1337 -j RETURN
2022-05-26T05:25:15.504959986Z stdout F -A ISTIO_OUTPUT -d 127.0.0.1/32 -j RETURN
2022-05-26T05:25:15.504962316Z stdout F -A ISTIO_OUTPUT -j ISTIO_REDIRECT
2022-05-26T05:25:15.504964856Z stdout F COMMIT
2022-05-26T05:25:15.504967752Z stdout F 2022-05-26T05:25:15.504475Z	info	Running command: iptables-restore --noflush /tmp/iptables-rules-1653542715504263930.txt1171320311
2022-05-26T05:25:15.515847121Z stdout F 2022-05-26T05:25:15.515216Z	info	Writing following contents to rules file: /tmp/ip6tables-rules-1653542715515136793.txt3247094780
2022-05-26T05:25:15.515863558Z stdout F 
2022-05-26T05:25:15.515869155Z stdout F 2022-05-26T05:25:15.515284Z	info	Running command: ip6tables-restore --noflush /tmp/ip6tables-rules-1653542715515136793.txt3247094780
2022-05-26T05:25:15.521312102Z stdout F 2022-05-26T05:25:15.521083Z	info	Running command: iptables-save 
2022-05-26T05:25:15.528851006Z stdout F 2022-05-26T05:25:15.527399Z	info	Command output: 
2022-05-26T05:25:15.528865139Z stdout F # Generated by iptables-save v1.8.4 on Thu May 26 05:25:15 2022
2022-05-26T05:25:15.528869286Z stdout F *nat
2022-05-26T05:25:15.528873559Z stdout F :PREROUTING ACCEPT [0:0]
2022-05-26T05:25:15.528877666Z stdout F :INPUT ACCEPT [0:0]
2022-05-26T05:25:15.528881765Z stdout F :OUTPUT ACCEPT [0:0]
2022-05-26T05:25:15.528886096Z stdout F :POSTROUTING ACCEPT [0:0]
2022-05-26T05:25:15.528890535Z stdout F :ISTIO_INBOUND - [0:0]
2022-05-26T05:25:15.528894226Z stdout F :ISTIO_IN_REDIRECT - [0:0]
2022-05-26T05:25:15.528896669Z stdout F :ISTIO_OUTPUT - [0:0]
2022-05-26T05:25:15.528899095Z stdout F :ISTIO_REDIRECT - [0:0]
2022-05-26T05:25:15.528901845Z stdout F -A PREROUTING -p tcp -j ISTIO_INBOUND
2022-05-26T05:25:15.528904244Z stdout F -A OUTPUT -p tcp -j ISTIO_OUTPUT
2022-05-26T05:25:15.528906597Z stdout F -A ISTIO_INBOUND -p tcp -m tcp --dport 15008 -j RETURN
2022-05-26T05:25:15.528909134Z stdout F -A ISTIO_INBOUND -p tcp -m tcp --dport 15090 -j RETURN
2022-05-26T05:25:15.528913156Z stdout F -A ISTIO_INBOUND -p tcp -m tcp --dport 15021 -j RETURN
2022-05-26T05:25:15.528917084Z stdout F -A ISTIO_INBOUND -p tcp -m tcp --dport 15020 -j RETURN
2022-05-26T05:25:15.528921204Z stdout F -A ISTIO_INBOUND -p tcp -j ISTIO_IN_REDIRECT
2022-05-26T05:25:15.528925445Z stdout F -A ISTIO_IN_REDIRECT -p tcp -j REDIRECT --to-ports 15006
2022-05-26T05:25:15.528928753Z stdout F -A ISTIO_OUTPUT -s 127.0.0.6/32 -o lo -j RETURN
2022-05-26T05:25:15.528931624Z stdout F -A ISTIO_OUTPUT ! -d 127.0.0.1/32 -o lo -m owner --uid-owner 1337 -j ISTIO_IN_REDIRECT
2022-05-26T05:25:15.528934061Z stdout F -A ISTIO_OUTPUT -o lo -m owner ! --uid-owner 1337 -j RETURN
2022-05-26T05:25:15.528936428Z stdout F -A ISTIO_OUTPUT -m owner --uid-owner 1337 -j RETURN
2022-05-26T05:25:15.528938987Z stdout F -A ISTIO_OUTPUT ! -d 127.0.0.1/32 -o lo -m owner --gid-owner 1337 -j ISTIO_IN_REDIRECT
2022-05-26T05:25:15.528941337Z stdout F -A ISTIO_OUTPUT -o lo -m owner ! --gid-owner 1337 -j RETURN
2022-05-26T05:25:15.528943665Z stdout F -A ISTIO_OUTPUT -m owner --gid-owner 1337 -j RETURN
2022-05-26T05:25:15.528946012Z stdout F -A ISTIO_OUTPUT -d 127.0.0.1/32 -j RETURN
2022-05-26T05:25:15.528948399Z stdout F -A ISTIO_OUTPUT -j ISTIO_REDIRECT
2022-05-26T05:25:15.529011017Z stdout F -A ISTIO_REDIRECT -p tcp -j REDIRECT --to-ports 15001
2022-05-26T05:25:15.529020382Z stdout F COMMIT
2022-05-26T05:25:15.529023528Z stdout F # Completed on Thu May 26 05:25:15 2022
2022-05-26T05:25:15.529026023Z stdout F 
