2022-05-25T10:52:16.038019536Z stdout F 2022-05-25T10:52:16.037576Z	info	Istio iptables environment:
2022-05-25T10:52:16.038050234Z stdout F ENVOY_PORT=
2022-05-25T10:52:16.03805528Z stdout F INBOUND_CAPTURE_PORT=
2022-05-25T10:52:16.038058445Z stdout F ISTIO_INBOUND_INTERCEPTION_MODE=
2022-05-25T10:52:16.038061276Z stdout F ISTIO_INBOUND_TPROXY_ROUTE_TABLE=
2022-05-25T10:52:16.038063827Z stdout F ISTIO_INBOUND_PORTS=
2022-05-25T10:52:16.03806626Z stdout F ISTIO_OUTBOUND_PORTS=
2022-05-25T10:52:16.038068684Z stdout F ISTIO_LOCAL_EXCLUDE_PORTS=
2022-05-25T10:52:16.038071054Z stdout F ISTIO_EXCLUDE_INTERFACES=
2022-05-25T10:52:16.038073427Z stdout F ISTIO_SERVICE_CIDR=
2022-05-25T10:52:16.038075863Z stdout F ISTIO_SERVICE_EXCLUDE_CIDR=
2022-05-25T10:52:16.038078274Z stdout F ISTIO_META_DNS_CAPTURE=
2022-05-25T10:52:16.038080682Z stdout F INVALID_DROP=
2022-05-25T10:52:16.038083125Z stdout F 
2022-05-25T10:52:16.038085645Z stdout F 2022-05-25T10:52:16.037652Z	info	Istio iptables variables:
2022-05-25T10:52:16.038087993Z stdout F PROXY_PORT=15001
2022-05-25T10:52:16.03809041Z stdout F PROXY_INBOUND_CAPTURE_PORT=15006
2022-05-25T10:52:16.03809275Z stdout F PROXY_TUNNEL_PORT=15008
2022-05-25T10:52:16.038095182Z stdout F PROXY_UID=1337
2022-05-25T10:52:16.038097546Z stdout F PROXY_GID=1337
2022-05-25T10:52:16.038099945Z stdout F INBOUND_INTERCEPTION_MODE=REDIRECT
2022-05-25T10:52:16.0381026Z stdout F INBOUND_TPROXY_MARK=1337
2022-05-25T10:52:16.038105067Z stdout F INBOUND_TPROXY_ROUTE_TABLE=133
2022-05-25T10:52:16.038107418Z stdout F INBOUND_PORTS_INCLUDE=*
2022-05-25T10:52:16.03810978Z stdout F INBOUND_PORTS_EXCLUDE=15090,15021,15020
2022-05-25T10:52:16.038112152Z stdout F OUTBOUND_IP_RANGES_INCLUDE=*
2022-05-25T10:52:16.038114498Z stdout F OUTBOUND_IP_RANGES_EXCLUDE=
2022-05-25T10:52:16.038117081Z stdout F OUTBOUND_PORTS_INCLUDE=
2022-05-25T10:52:16.038119499Z stdout F OUTBOUND_PORTS_EXCLUDE=
2022-05-25T10:52:16.03812192Z stdout F KUBE_VIRT_INTERFACES=
2022-05-25T10:52:16.038124309Z stdout F ENABLE_INBOUND_IPV6=false
2022-05-25T10:52:16.038126642Z stdout F DNS_CAPTURE=false
2022-05-25T10:52:16.038129005Z stdout F DROP_INVALID=false
2022-05-25T10:52:16.038131379Z stdout F CAPTURE_ALL_DNS=false
2022-05-25T10:52:16.038133752Z stdout F DNS_SERVERS=[],[]
2022-05-25T10:52:16.038136172Z stdout F OUTPUT_PATH=
2022-05-25T10:52:16.038138605Z stdout F NETWORK_NAMESPACE=
2022-05-25T10:52:16.038141084Z stdout F CNI_MODE=false
2022-05-25T10:52:16.038143488Z stdout F EXCLUDE_INTERFACES=
2022-05-25T10:52:16.038145778Z stdout F 
2022-05-25T10:52:16.038148549Z stdout F 2022-05-25T10:52:16.037857Z	info	Writing following contents to rules file: /tmp/iptables-rules-1653475936037695841.txt1841095962
2022-05-25T10:52:16.038150935Z stdout F * nat
2022-05-25T10:52:16.038153363Z stdout F -N ISTIO_INBOUND
2022-05-25T10:52:16.038155724Z stdout F -N ISTIO_REDIRECT
2022-05-25T10:52:16.038158104Z stdout F -N ISTIO_IN_REDIRECT
2022-05-25T10:52:16.038181102Z stdout F -N ISTIO_OUTPUT
2022-05-25T10:52:16.038188726Z stdout F -A ISTIO_INBOUND -p tcp --dport 15008 -j RETURN
2022-05-25T10:52:16.038191596Z stdout F -A ISTIO_REDIRECT -p tcp -j REDIRECT --to-ports 15001
2022-05-25T10:52:16.038194093Z stdout F -A ISTIO_IN_REDIRECT -p tcp -j REDIRECT --to-ports 15006
2022-05-25T10:52:16.038196468Z stdout F -A PREROUTING -p tcp -j ISTIO_INBOUND
2022-05-25T10:52:16.038198859Z stdout F -A ISTIO_INBOUND -p tcp --dport 15090 -j RETURN
2022-05-25T10:52:16.038201248Z stdout F -A ISTIO_INBOUND -p tcp --dport 15021 -j RETURN
2022-05-25T10:52:16.038203661Z stdout F -A ISTIO_INBOUND -p tcp --dport 15020 -j RETURN
2022-05-25T10:52:16.038206176Z stdout F -A ISTIO_INBOUND -p tcp -j ISTIO_IN_REDIRECT
2022-05-25T10:52:16.038208575Z stdout F -A OUTPUT -p tcp -j ISTIO_OUTPUT
2022-05-25T10:52:16.038210998Z stdout F -A ISTIO_OUTPUT -o lo -s 127.0.0.6/32 -j RETURN
2022-05-25T10:52:16.038213985Z stdout F -A ISTIO_OUTPUT -o lo ! -d 127.0.0.1/32 -m owner --uid-owner 1337 -j ISTIO_IN_REDIRECT
2022-05-25T10:52:16.038216341Z stdout F -A ISTIO_OUTPUT -o lo -m owner ! --uid-owner 1337 -j RETURN
2022-05-25T10:52:16.038218685Z stdout F -A ISTIO_OUTPUT -m owner --uid-owner 1337 -j RETURN
2022-05-25T10:52:16.038228378Z stdout F -A ISTIO_OUTPUT -o lo ! -d 127.0.0.1/32 -m owner --gid-owner 1337 -j ISTIO_IN_REDIRECT
2022-05-25T10:52:16.038231273Z stdout F -A ISTIO_OUTPUT -o lo -m owner ! --gid-owner 1337 -j RETURN
2022-05-25T10:52:16.038233762Z stdout F -A ISTIO_OUTPUT -m owner --gid-owner 1337 -j RETURN
2022-05-25T10:52:16.038236183Z stdout F -A ISTIO_OUTPUT -d 127.0.0.1/32 -j RETURN
2022-05-25T10:52:16.038238618Z stdout F -A ISTIO_OUTPUT -j ISTIO_REDIRECT
2022-05-25T10:52:16.038241064Z stdout F COMMIT
2022-05-25T10:52:16.038244365Z stdout F 2022-05-25T10:52:16.037889Z	info	Running command: iptables-restore --noflush /tmp/iptables-rules-1653475936037695841.txt1841095962
2022-05-25T10:52:16.051917542Z stdout F 2022-05-25T10:52:16.051475Z	info	Writing following contents to rules file: /tmp/ip6tables-rules-1653475936051403921.txt832981585
2022-05-25T10:52:16.051941316Z stdout F 
2022-05-25T10:52:16.051947899Z stdout F 2022-05-25T10:52:16.051548Z	info	Running command: ip6tables-restore --noflush /tmp/ip6tables-rules-1653475936051403921.txt832981585
2022-05-25T10:52:16.063447121Z stdout F 2022-05-25T10:52:16.058041Z	info	Running command: iptables-save 
2022-05-25T10:52:16.069023086Z stdout F 2022-05-25T10:52:16.068521Z	info	Command output: 
2022-05-25T10:52:16.069051121Z stdout F # Generated by iptables-save v1.8.4 on Wed May 25 10:52:16 2022
2022-05-25T10:52:16.069056488Z stdout F *nat
2022-05-25T10:52:16.069060982Z stdout F :PREROUTING ACCEPT [0:0]
2022-05-25T10:52:16.069065107Z stdout F :INPUT ACCEPT [0:0]
2022-05-25T10:52:16.069069695Z stdout F :OUTPUT ACCEPT [0:0]
2022-05-25T10:52:16.069074036Z stdout F :POSTROUTING ACCEPT [0:0]
2022-05-25T10:52:16.06907831Z stdout F :ISTIO_INBOUND - [0:0]
2022-05-25T10:52:16.069082293Z stdout F :ISTIO_IN_REDIRECT - [0:0]
2022-05-25T10:52:16.069086113Z stdout F :ISTIO_OUTPUT - [0:0]
2022-05-25T10:52:16.069090103Z stdout F :ISTIO_REDIRECT - [0:0]
2022-05-25T10:52:16.069094309Z stdout F -A PREROUTING -p tcp -j ISTIO_INBOUND
2022-05-25T10:52:16.06909883Z stdout F -A OUTPUT -p tcp -j ISTIO_OUTPUT
2022-05-25T10:52:16.069103132Z stdout F -A ISTIO_INBOUND -p tcp -m tcp --dport 15008 -j RETURN
2022-05-25T10:52:16.069106856Z stdout F -A ISTIO_INBOUND -p tcp -m tcp --dport 15090 -j RETURN
2022-05-25T10:52:16.069110916Z stdout F -A ISTIO_INBOUND -p tcp -m tcp --dport 15021 -j RETURN
2022-05-25T10:52:16.069116057Z stdout F -A ISTIO_INBOUND -p tcp -m tcp --dport 15020 -j RETURN
2022-05-25T10:52:16.069120355Z stdout F -A ISTIO_INBOUND -p tcp -j ISTIO_IN_REDIRECT
2022-05-25T10:52:16.069124345Z stdout F -A ISTIO_IN_REDIRECT -p tcp -j REDIRECT --to-ports 15006
2022-05-25T10:52:16.069128486Z stdout F -A ISTIO_OUTPUT -s 127.0.0.6/32 -o lo -j RETURN
2022-05-25T10:52:16.069133164Z stdout F -A ISTIO_OUTPUT ! -d 127.0.0.1/32 -o lo -m owner --uid-owner 1337 -j ISTIO_IN_REDIRECT
2022-05-25T10:52:16.069137667Z stdout F -A ISTIO_OUTPUT -o lo -m owner ! --uid-owner 1337 -j RETURN
2022-05-25T10:52:16.069141667Z stdout F -A ISTIO_OUTPUT -m owner --uid-owner 1337 -j RETURN
2022-05-25T10:52:16.069145575Z stdout F -A ISTIO_OUTPUT ! -d 127.0.0.1/32 -o lo -m owner --gid-owner 1337 -j ISTIO_IN_REDIRECT
2022-05-25T10:52:16.069149265Z stdout F -A ISTIO_OUTPUT -o lo -m owner ! --gid-owner 1337 -j RETURN
2022-05-25T10:52:16.069153127Z stdout F -A ISTIO_OUTPUT -m owner --gid-owner 1337 -j RETURN
2022-05-25T10:52:16.069157147Z stdout F -A ISTIO_OUTPUT -d 127.0.0.1/32 -j RETURN
2022-05-25T10:52:16.069161351Z stdout F -A ISTIO_OUTPUT -j ISTIO_REDIRECT
2022-05-25T10:52:16.069165307Z stdout F -A ISTIO_REDIRECT -p tcp -j REDIRECT --to-ports 15001
2022-05-25T10:52:16.069169854Z stdout F COMMIT
2022-05-25T10:52:16.069174162Z stdout F # Completed on Wed May 25 10:52:16 2022
2022-05-25T10:52:16.069177981Z stdout F 
