2022-05-25T10:52:14.433194934Z stdout F 2022-05-25T10:52:14.431917Z	info	Istio iptables environment:
2022-05-25T10:52:14.433228764Z stdout F ENVOY_PORT=
2022-05-25T10:52:14.433234001Z stdout F INBOUND_CAPTURE_PORT=
2022-05-25T10:52:14.433237152Z stdout F ISTIO_INBOUND_INTERCEPTION_MODE=
2022-05-25T10:52:14.433240008Z stdout F ISTIO_INBOUND_TPROXY_ROUTE_TABLE=
2022-05-25T10:52:14.433242466Z stdout F ISTIO_INBOUND_PORTS=
2022-05-25T10:52:14.433245093Z stdout F ISTIO_OUTBOUND_PORTS=
2022-05-25T10:52:14.433247515Z stdout F ISTIO_LOCAL_EXCLUDE_PORTS=
2022-05-25T10:52:14.433249917Z stdout F ISTIO_EXCLUDE_INTERFACES=
2022-05-25T10:52:14.433277807Z stdout F ISTIO_SERVICE_CIDR=
2022-05-25T10:52:14.433281142Z stdout F ISTIO_SERVICE_EXCLUDE_CIDR=
2022-05-25T10:52:14.43328361Z stdout F ISTIO_META_DNS_CAPTURE=
2022-05-25T10:52:14.433286226Z stdout F INVALID_DROP=
2022-05-25T10:52:14.433288631Z stdout F 
2022-05-25T10:52:14.433291274Z stdout F 2022-05-25T10:52:14.432377Z	info	Istio iptables variables:
2022-05-25T10:52:14.433842282Z stdout F PROXY_PORT=15001
2022-05-25T10:52:14.433982251Z stdout F PROXY_INBOUND_CAPTURE_PORT=15006
2022-05-25T10:52:14.433991674Z stdout F PROXY_TUNNEL_PORT=15008
2022-05-25T10:52:14.434012424Z stdout F PROXY_UID=1337
2022-05-25T10:52:14.43403224Z stdout F PROXY_GID=1337
2022-05-25T10:52:14.434063895Z stdout F INBOUND_INTERCEPTION_MODE=REDIRECT
2022-05-25T10:52:14.43407624Z stdout F INBOUND_TPROXY_MARK=1337
2022-05-25T10:52:14.434091169Z stdout F INBOUND_TPROXY_ROUTE_TABLE=133
2022-05-25T10:52:14.434130965Z stdout F INBOUND_PORTS_INCLUDE=*
2022-05-25T10:52:14.434155521Z stdout F INBOUND_PORTS_EXCLUDE=15090,15021,15020
2022-05-25T10:52:14.434241868Z stdout F OUTBOUND_IP_RANGES_INCLUDE=*
2022-05-25T10:52:14.434297584Z stdout F OUTBOUND_IP_RANGES_EXCLUDE=
2022-05-25T10:52:14.434337995Z stdout F OUTBOUND_PORTS_INCLUDE=
2022-05-25T10:52:14.434380317Z stdout F OUTBOUND_PORTS_EXCLUDE=
2022-05-25T10:52:14.434432426Z stdout F KUBE_VIRT_INTERFACES=
2022-05-25T10:52:14.434453014Z stdout F ENABLE_INBOUND_IPV6=false
2022-05-25T10:52:14.434484199Z stdout F DNS_CAPTURE=false
2022-05-25T10:52:14.434492694Z stdout F DROP_INVALID=false
2022-05-25T10:52:14.434496552Z stdout F CAPTURE_ALL_DNS=false
2022-05-25T10:52:14.434499146Z stdout F DNS_SERVERS=[],[]
2022-05-25T10:52:14.434501674Z stdout F OUTPUT_PATH=
2022-05-25T10:52:14.434504505Z stdout F NETWORK_NAMESPACE=
2022-05-25T10:52:14.434507012Z stdout F CNI_MODE=false
2022-05-25T10:52:14.434509656Z stdout F EXCLUDE_INTERFACES=
2022-05-25T10:52:14.434512115Z stdout F 
2022-05-25T10:52:14.434528051Z stdout F 2022-05-25T10:52:14.432709Z	info	Writing following contents to rules file: /tmp/iptables-rules-1653475934432502876.txt1422382782
2022-05-25T10:52:14.434531623Z stdout F * nat
2022-05-25T10:52:14.434534196Z stdout F -N ISTIO_INBOUND
2022-05-25T10:52:14.434536624Z stdout F -N ISTIO_REDIRECT
2022-05-25T10:52:14.434539081Z stdout F -N ISTIO_IN_REDIRECT
2022-05-25T10:52:14.434541648Z stdout F -N ISTIO_OUTPUT
2022-05-25T10:52:14.434544103Z stdout F -A ISTIO_INBOUND -p tcp --dport 15008 -j RETURN
2022-05-25T10:52:14.434546787Z stdout F -A ISTIO_REDIRECT -p tcp -j REDIRECT --to-ports 15001
2022-05-25T10:52:14.434560037Z stdout F -A ISTIO_IN_REDIRECT -p tcp -j REDIRECT --to-ports 15006
2022-05-25T10:52:14.434567218Z stdout F -A PREROUTING -p tcp -j ISTIO_INBOUND
2022-05-25T10:52:14.434569913Z stdout F -A ISTIO_INBOUND -p tcp --dport 15090 -j RETURN
2022-05-25T10:52:14.43457233Z stdout F -A ISTIO_INBOUND -p tcp --dport 15021 -j RETURN
2022-05-25T10:52:14.434593548Z stdout F -A ISTIO_INBOUND -p tcp --dport 15020 -j RETURN
2022-05-25T10:52:14.434609712Z stdout F -A ISTIO_INBOUND -p tcp -j ISTIO_IN_REDIRECT
2022-05-25T10:52:14.4346256Z stdout F -A OUTPUT -p tcp -j ISTIO_OUTPUT
2022-05-25T10:52:14.434640363Z stdout F -A ISTIO_OUTPUT -o lo -s 127.0.0.6/32 -j RETURN
2022-05-25T10:52:14.434662977Z stdout F -A ISTIO_OUTPUT -o lo ! -d 127.0.0.1/32 -m owner --uid-owner 1337 -j ISTIO_IN_REDIRECT
2022-05-25T10:52:14.434697137Z stdout F -A ISTIO_OUTPUT -o lo -m owner ! --uid-owner 1337 -j RETURN
2022-05-25T10:52:14.434718682Z stdout F -A ISTIO_OUTPUT -m owner --uid-owner 1337 -j RETURN
2022-05-25T10:52:14.434774215Z stdout F -A ISTIO_OUTPUT -o lo ! -d 127.0.0.1/32 -m owner --gid-owner 1337 -j ISTIO_IN_REDIRECT
2022-05-25T10:52:14.434883396Z stdout F -A ISTIO_OUTPUT -o lo -m owner ! --gid-owner 1337 -j RETURN
2022-05-25T10:52:14.43489483Z stdout F -A ISTIO_OUTPUT -m owner --gid-owner 1337 -j RETURN
2022-05-25T10:52:14.43490004Z stdout F -A ISTIO_OUTPUT -d 127.0.0.1/32 -j RETURN
2022-05-25T10:52:14.434906618Z stdout F -A ISTIO_OUTPUT -j ISTIO_REDIRECT
2022-05-25T10:52:14.434915523Z stdout F COMMIT
2022-05-25T10:52:14.43492051Z stdout F 2022-05-25T10:52:14.432797Z	info	Running command: iptables-restore --noflush /tmp/iptables-rules-1653475934432502876.txt1422382782
2022-05-25T10:52:14.508654781Z stdout F 2022-05-25T10:52:14.505525Z	info	Writing following contents to rules file: /tmp/ip6tables-rules-1653475934505439087.txt1726343147
2022-05-25T10:52:14.508668414Z stdout F 
2022-05-25T10:52:14.508673857Z stdout F 2022-05-25T10:52:14.505599Z	info	Running command: ip6tables-restore --noflush /tmp/ip6tables-rules-1653475934505439087.txt1726343147
2022-05-25T10:52:14.523684847Z stdout F 2022-05-25T10:52:14.520689Z	info	Running command: iptables-save 
2022-05-25T10:52:14.52758961Z stdout F 2022-05-25T10:52:14.525867Z	info	Command output: 
2022-05-25T10:52:14.527635524Z stdout F # Generated by iptables-save v1.8.4 on Wed May 25 10:52:14 2022
2022-05-25T10:52:14.527643885Z stdout F *nat
2022-05-25T10:52:14.527649162Z stdout F :PREROUTING ACCEPT [0:0]
2022-05-25T10:52:14.527653686Z stdout F :INPUT ACCEPT [0:0]
2022-05-25T10:52:14.527657381Z stdout F :OUTPUT ACCEPT [0:0]
2022-05-25T10:52:14.527700518Z stdout F :POSTROUTING ACCEPT [0:0]
2022-05-25T10:52:14.527727023Z stdout F :ISTIO_INBOUND - [0:0]
2022-05-25T10:52:14.527732958Z stdout F :ISTIO_IN_REDIRECT - [0:0]
2022-05-25T10:52:14.527737217Z stdout F :ISTIO_OUTPUT - [0:0]
2022-05-25T10:52:14.52774089Z stdout F :ISTIO_REDIRECT - [0:0]
2022-05-25T10:52:14.527745739Z stdout F -A PREROUTING -p tcp -j ISTIO_INBOUND
2022-05-25T10:52:14.52775002Z stdout F -A OUTPUT -p tcp -j ISTIO_OUTPUT
2022-05-25T10:52:14.527754027Z stdout F -A ISTIO_INBOUND -p tcp -m tcp --dport 15008 -j RETURN
2022-05-25T10:52:14.527758746Z stdout F -A ISTIO_INBOUND -p tcp -m tcp --dport 15090 -j RETURN
2022-05-25T10:52:14.52776282Z stdout F -A ISTIO_INBOUND -p tcp -m tcp --dport 15021 -j RETURN
2022-05-25T10:52:14.527766753Z stdout F -A ISTIO_INBOUND -p tcp -m tcp --dport 15020 -j RETURN
2022-05-25T10:52:14.52777057Z stdout F -A ISTIO_INBOUND -p tcp -j ISTIO_IN_REDIRECT
2022-05-25T10:52:14.527774513Z stdout F -A ISTIO_IN_REDIRECT -p tcp -j REDIRECT --to-ports 15006
2022-05-25T10:52:14.527778603Z stdout F -A ISTIO_OUTPUT -s 127.0.0.6/32 -o lo -j RETURN
2022-05-25T10:52:14.527783526Z stdout F -A ISTIO_OUTPUT ! -d 127.0.0.1/32 -o lo -m owner --uid-owner 1337 -j ISTIO_IN_REDIRECT
2022-05-25T10:52:14.527801229Z stdout F -A ISTIO_OUTPUT -o lo -m owner ! --uid-owner 1337 -j RETURN
2022-05-25T10:52:14.527810175Z stdout F -A ISTIO_OUTPUT -m owner --uid-owner 1337 -j RETURN
2022-05-25T10:52:14.52781478Z stdout F -A ISTIO_OUTPUT ! -d 127.0.0.1/32 -o lo -m owner --gid-owner 1337 -j ISTIO_IN_REDIRECT
2022-05-25T10:52:14.527819067Z stdout F -A ISTIO_OUTPUT -o lo -m owner ! --gid-owner 1337 -j RETURN
2022-05-25T10:52:14.527823045Z stdout F -A ISTIO_OUTPUT -m owner --gid-owner 1337 -j RETURN
2022-05-25T10:52:14.527826938Z stdout F -A ISTIO_OUTPUT -d 127.0.0.1/32 -j RETURN
2022-05-25T10:52:14.527834382Z stdout F -A ISTIO_OUTPUT -j ISTIO_REDIRECT
2022-05-25T10:52:14.527838893Z stdout F -A ISTIO_REDIRECT -p tcp -j REDIRECT --to-ports 15001
2022-05-25T10:52:14.527843258Z stdout F COMMIT
2022-05-25T10:52:14.527847185Z stdout F # Completed on Wed May 25 10:52:14 2022
2022-05-25T10:52:14.527850564Z stdout F 
