2022-06-13T02:22:34.479355535Z stdout F 2022-06-13T02:22:34.478975Z	info	Istio iptables environment:
2022-06-13T02:22:34.479380025Z stdout F ENVOY_PORT=
2022-06-13T02:22:34.479388213Z stdout F INBOUND_CAPTURE_PORT=
2022-06-13T02:22:34.479397955Z stdout F ISTIO_INBOUND_INTERCEPTION_MODE=
2022-06-13T02:22:34.479402851Z stdout F ISTIO_INBOUND_TPROXY_ROUTE_TABLE=
2022-06-13T02:22:34.479407206Z stdout F ISTIO_INBOUND_PORTS=
2022-06-13T02:22:34.479411415Z stdout F ISTIO_OUTBOUND_PORTS=
2022-06-13T02:22:34.479415405Z stdout F ISTIO_LOCAL_EXCLUDE_PORTS=
2022-06-13T02:22:34.479419278Z stdout F ISTIO_EXCLUDE_INTERFACES=
2022-06-13T02:22:34.479421827Z stdout F ISTIO_SERVICE_CIDR=
2022-06-13T02:22:34.479424183Z stdout F ISTIO_SERVICE_EXCLUDE_CIDR=
2022-06-13T02:22:34.479426507Z stdout F ISTIO_META_DNS_CAPTURE=
2022-06-13T02:22:34.479444812Z stdout F INVALID_DROP=
2022-06-13T02:22:34.47945051Z stdout F 
2022-06-13T02:22:34.479453384Z stdout F 2022-06-13T02:22:34.479048Z	info	Istio iptables variables:
2022-06-13T02:22:34.479455831Z stdout F PROXY_PORT=15001
2022-06-13T02:22:34.479458317Z stdout F PROXY_INBOUND_CAPTURE_PORT=15006
2022-06-13T02:22:34.479460762Z stdout F PROXY_TUNNEL_PORT=15008
2022-06-13T02:22:34.479463141Z stdout F PROXY_UID=1337
2022-06-13T02:22:34.479465524Z stdout F PROXY_GID=1337
2022-06-13T02:22:34.479468206Z stdout F INBOUND_INTERCEPTION_MODE=REDIRECT
2022-06-13T02:22:34.479470697Z stdout F INBOUND_TPROXY_MARK=1337
2022-06-13T02:22:34.479473019Z stdout F INBOUND_TPROXY_ROUTE_TABLE=133
2022-06-13T02:22:34.47947534Z stdout F INBOUND_PORTS_INCLUDE=*
2022-06-13T02:22:34.479477788Z stdout F INBOUND_PORTS_EXCLUDE=15090,15021,15020
2022-06-13T02:22:34.479480173Z stdout F OUTBOUND_IP_RANGES_INCLUDE=*
2022-06-13T02:22:34.479482499Z stdout F OUTBOUND_IP_RANGES_EXCLUDE=
2022-06-13T02:22:34.479484856Z stdout F OUTBOUND_PORTS_INCLUDE=
2022-06-13T02:22:34.479487171Z stdout F OUTBOUND_PORTS_EXCLUDE=
2022-06-13T02:22:34.479489581Z stdout F KUBE_VIRT_INTERFACES=
2022-06-13T02:22:34.479491961Z stdout F ENABLE_INBOUND_IPV6=false
2022-06-13T02:22:34.479494287Z stdout F DNS_CAPTURE=false
2022-06-13T02:22:34.479496641Z stdout F DROP_INVALID=false
2022-06-13T02:22:34.479498986Z stdout F CAPTURE_ALL_DNS=false
2022-06-13T02:22:34.479501363Z stdout F DNS_SERVERS=[],[]
2022-06-13T02:22:34.479503728Z stdout F OUTPUT_PATH=
2022-06-13T02:22:34.479506079Z stdout F NETWORK_NAMESPACE=
2022-06-13T02:22:34.479508526Z stdout F CNI_MODE=false
2022-06-13T02:22:34.479510956Z stdout F EXCLUDE_INTERFACES=
2022-06-13T02:22:34.479513164Z stdout F 
2022-06-13T02:22:34.479523064Z stdout F 2022-06-13T02:22:34.479352Z	info	Writing following contents to rules file: /tmp/iptables-rules-1655086954479103891.txt78849429
2022-06-13T02:22:34.479526072Z stdout F * nat
2022-06-13T02:22:34.479528493Z stdout F -N ISTIO_INBOUND
2022-06-13T02:22:34.479533279Z stdout F -N ISTIO_REDIRECT
2022-06-13T02:22:34.479535964Z stdout F -N ISTIO_IN_REDIRECT
2022-06-13T02:22:34.479538374Z stdout F -N ISTIO_OUTPUT
2022-06-13T02:22:34.479540827Z stdout F -A ISTIO_INBOUND -p tcp --dport 15008 -j RETURN
2022-06-13T02:22:34.479543202Z stdout F -A ISTIO_REDIRECT -p tcp -j REDIRECT --to-ports 15001
2022-06-13T02:22:34.479545586Z stdout F -A ISTIO_IN_REDIRECT -p tcp -j REDIRECT --to-ports 15006
2022-06-13T02:22:34.479547916Z stdout F -A PREROUTING -p tcp -j ISTIO_INBOUND
2022-06-13T02:22:34.479550364Z stdout F -A ISTIO_INBOUND -p tcp --dport 15090 -j RETURN
2022-06-13T02:22:34.479552748Z stdout F -A ISTIO_INBOUND -p tcp --dport 15021 -j RETURN
2022-06-13T02:22:34.47955523Z stdout F -A ISTIO_INBOUND -p tcp --dport 15020 -j RETURN
2022-06-13T02:22:34.479557577Z stdout F -A ISTIO_INBOUND -p tcp -j ISTIO_IN_REDIRECT
2022-06-13T02:22:34.479559917Z stdout F -A OUTPUT -p tcp -j ISTIO_OUTPUT
2022-06-13T02:22:34.479562267Z stdout F -A ISTIO_OUTPUT -o lo -s 127.0.0.6/32 -j RETURN
2022-06-13T02:22:34.47956492Z stdout F -A ISTIO_OUTPUT -o lo ! -d 127.0.0.1/32 -m owner --uid-owner 1337 -j ISTIO_IN_REDIRECT
2022-06-13T02:22:34.479567243Z stdout F -A ISTIO_OUTPUT -o lo -m owner ! --uid-owner 1337 -j RETURN
2022-06-13T02:22:34.479569659Z stdout F -A ISTIO_OUTPUT -m owner --uid-owner 1337 -j RETURN
2022-06-13T02:22:34.479580574Z stdout F -A ISTIO_OUTPUT -o lo ! -d 127.0.0.1/32 -m owner --gid-owner 1337 -j ISTIO_IN_REDIRECT
2022-06-13T02:22:34.479585257Z stdout F -A ISTIO_OUTPUT -o lo -m owner ! --gid-owner 1337 -j RETURN
2022-06-13T02:22:34.479587711Z stdout F -A ISTIO_OUTPUT -m owner --gid-owner 1337 -j RETURN
2022-06-13T02:22:34.479590037Z stdout F -A ISTIO_OUTPUT -d 127.0.0.1/32 -j RETURN
2022-06-13T02:22:34.479592379Z stdout F -A ISTIO_OUTPUT -j ISTIO_REDIRECT
2022-06-13T02:22:34.479594779Z stdout F COMMIT
2022-06-13T02:22:34.479597311Z stdout F 2022-06-13T02:22:34.479420Z	info	Running command: iptables-restore --noflush /tmp/iptables-rules-1655086954479103891.txt78849429
2022-06-13T02:22:34.484418974Z stdout F 2022-06-13T02:22:34.484178Z	info	Writing following contents to rules file: /tmp/ip6tables-rules-1655086954484109940.txt4150066629
2022-06-13T02:22:34.484437862Z stdout F 
2022-06-13T02:22:34.48449092Z stdout F 2022-06-13T02:22:34.484233Z	info	Running command: ip6tables-restore --noflush /tmp/ip6tables-rules-1655086954484109940.txt4150066629
2022-06-13T02:22:34.487010009Z stdout F 2022-06-13T02:22:34.486760Z	info	Running command: iptables-save 
2022-06-13T02:22:34.49170744Z stdout F 2022-06-13T02:22:34.491233Z	info	Command output: 
2022-06-13T02:22:34.491731482Z stdout F # Generated by iptables-save v1.8.4 on Mon Jun 13 02:22:34 2022
2022-06-13T02:22:34.491743245Z stdout F *nat
2022-06-13T02:22:34.491754946Z stdout F :PREROUTING ACCEPT [0:0]
2022-06-13T02:22:34.491773357Z stdout F :INPUT ACCEPT [0:0]
2022-06-13T02:22:34.491778472Z stdout F :OUTPUT ACCEPT [0:0]
2022-06-13T02:22:34.491783151Z stdout F :POSTROUTING ACCEPT [0:0]
2022-06-13T02:22:34.491787163Z stdout F :ISTIO_INBOUND - [0:0]
2022-06-13T02:22:34.491791104Z stdout F :ISTIO_IN_REDIRECT - [0:0]
2022-06-13T02:22:34.491794997Z stdout F :ISTIO_OUTPUT - [0:0]
2022-06-13T02:22:34.491798894Z stdout F :ISTIO_REDIRECT - [0:0]
2022-06-13T02:22:34.491803552Z stdout F -A PREROUTING -p tcp -j ISTIO_INBOUND
2022-06-13T02:22:34.491807546Z stdout F -A OUTPUT -p tcp -j ISTIO_OUTPUT
2022-06-13T02:22:34.491811455Z stdout F -A ISTIO_INBOUND -p tcp -m tcp --dport 15008 -j RETURN
2022-06-13T02:22:34.491815325Z stdout F -A ISTIO_INBOUND -p tcp -m tcp --dport 15090 -j RETURN
2022-06-13T02:22:34.49181911Z stdout F -A ISTIO_INBOUND -p tcp -m tcp --dport 15021 -j RETURN
2022-06-13T02:22:34.491846048Z stdout F -A ISTIO_INBOUND -p tcp -m tcp --dport 15020 -j RETURN
2022-06-13T02:22:34.491852771Z stdout F -A ISTIO_INBOUND -p tcp -j ISTIO_IN_REDIRECT
2022-06-13T02:22:34.491857307Z stdout F -A ISTIO_IN_REDIRECT -p tcp -j REDIRECT --to-ports 15006
2022-06-13T02:22:34.491861488Z stdout F -A ISTIO_OUTPUT -s 127.0.0.6/32 -o lo -j RETURN
2022-06-13T02:22:34.491865616Z stdout F -A ISTIO_OUTPUT ! -d 127.0.0.1/32 -o lo -m owner --uid-owner 1337 -j ISTIO_IN_REDIRECT
2022-06-13T02:22:34.491869473Z stdout F -A ISTIO_OUTPUT -o lo -m owner ! --uid-owner 1337 -j RETURN
2022-06-13T02:22:34.491873728Z stdout F -A ISTIO_OUTPUT -m owner --uid-owner 1337 -j RETURN
2022-06-13T02:22:34.491877932Z stdout F -A ISTIO_OUTPUT ! -d 127.0.0.1/32 -o lo -m owner --gid-owner 1337 -j ISTIO_IN_REDIRECT
2022-06-13T02:22:34.491881793Z stdout F -A ISTIO_OUTPUT -o lo -m owner ! --gid-owner 1337 -j RETURN
2022-06-13T02:22:34.49188572Z stdout F -A ISTIO_OUTPUT -m owner --gid-owner 1337 -j RETURN
2022-06-13T02:22:34.491889724Z stdout F -A ISTIO_OUTPUT -d 127.0.0.1/32 -j RETURN
2022-06-13T02:22:34.491893863Z stdout F -A ISTIO_OUTPUT -j ISTIO_REDIRECT
2022-06-13T02:22:34.491897975Z stdout F -A ISTIO_REDIRECT -p tcp -j REDIRECT --to-ports 15001
2022-06-13T02:22:34.491901847Z stdout F COMMIT
2022-06-13T02:22:34.491905747Z stdout F # Completed on Mon Jun 13 02:22:34 2022
2022-06-13T02:22:34.491909247Z stdout F 
