2022-05-09T06:51:00.379582612Z stdout F 2022-05-09T06:51:00.378069Z	info	Istio iptables environment:
2022-05-09T06:51:00.3796591Z stdout F ENVOY_PORT=
2022-05-09T06:51:00.379673497Z stdout F INBOUND_CAPTURE_PORT=
2022-05-09T06:51:00.379679789Z stdout F ISTIO_INBOUND_INTERCEPTION_MODE=
2022-05-09T06:51:00.379685073Z stdout F ISTIO_INBOUND_TPROXY_ROUTE_TABLE=
2022-05-09T06:51:00.379689458Z stdout F ISTIO_INBOUND_PORTS=
2022-05-09T06:51:00.379693433Z stdout F ISTIO_OUTBOUND_PORTS=
2022-05-09T06:51:00.379697524Z stdout F ISTIO_LOCAL_EXCLUDE_PORTS=
2022-05-09T06:51:00.379700987Z stdout F ISTIO_EXCLUDE_INTERFACES=
2022-05-09T06:51:00.379704596Z stdout F ISTIO_SERVICE_CIDR=
2022-05-09T06:51:00.379708044Z stdout F ISTIO_SERVICE_EXCLUDE_CIDR=
2022-05-09T06:51:00.379711371Z stdout F ISTIO_META_DNS_CAPTURE=
2022-05-09T06:51:00.379714662Z stdout F INVALID_DROP=
2022-05-09T06:51:00.379718174Z stdout F 
2022-05-09T06:51:00.379721561Z stdout F 2022-05-09T06:51:00.378254Z	info	Istio iptables variables:
2022-05-09T06:51:00.379725171Z stdout F PROXY_PORT=15001
2022-05-09T06:51:00.379728692Z stdout F PROXY_INBOUND_CAPTURE_PORT=15006
2022-05-09T06:51:00.379732478Z stdout F PROXY_TUNNEL_PORT=15008
2022-05-09T06:51:00.379736353Z stdout F PROXY_UID=1337
2022-05-09T06:51:00.379740462Z stdout F PROXY_GID=1337
2022-05-09T06:51:00.379744257Z stdout F INBOUND_INTERCEPTION_MODE=REDIRECT
2022-05-09T06:51:00.379747884Z stdout F INBOUND_TPROXY_MARK=1337
2022-05-09T06:51:00.379751873Z stdout F INBOUND_TPROXY_ROUTE_TABLE=133
2022-05-09T06:51:00.379755621Z stdout F INBOUND_PORTS_INCLUDE=*
2022-05-09T06:51:00.379759679Z stdout F INBOUND_PORTS_EXCLUDE=15090,15021,15020
2022-05-09T06:51:00.379763366Z stdout F OUTBOUND_IP_RANGES_INCLUDE=*
2022-05-09T06:51:00.379767047Z stdout F OUTBOUND_IP_RANGES_EXCLUDE=
2022-05-09T06:51:00.379770826Z stdout F OUTBOUND_PORTS_INCLUDE=
2022-05-09T06:51:00.379774334Z stdout F OUTBOUND_PORTS_EXCLUDE=
2022-05-09T06:51:00.379777789Z stdout F KUBE_VIRT_INTERFACES=
2022-05-09T06:51:00.379781919Z stdout F ENABLE_INBOUND_IPV6=false
2022-05-09T06:51:00.379785415Z stdout F DNS_CAPTURE=false
2022-05-09T06:51:00.379789122Z stdout F DROP_INVALID=false
2022-05-09T06:51:00.379792754Z stdout F CAPTURE_ALL_DNS=false
2022-05-09T06:51:00.379796404Z stdout F DNS_SERVERS=[],[]
2022-05-09T06:51:00.379799843Z stdout F OUTPUT_PATH=
2022-05-09T06:51:00.379803643Z stdout F NETWORK_NAMESPACE=
2022-05-09T06:51:00.379807256Z stdout F CNI_MODE=false
2022-05-09T06:51:00.37981107Z stdout F EXCLUDE_INTERFACES=
2022-05-09T06:51:00.379814903Z stdout F 
2022-05-09T06:51:00.380866241Z stdout F 2022-05-09T06:51:00.380472Z	info	Writing following contents to rules file: /tmp/iptables-rules-1652079060378479410.txt4236819746
2022-05-09T06:51:00.381822402Z stdout F * nat
2022-05-09T06:51:00.381849919Z stdout F -N ISTIO_INBOUND
2022-05-09T06:51:00.381856925Z stdout F -N ISTIO_REDIRECT
2022-05-09T06:51:00.381861314Z stdout F -N ISTIO_IN_REDIRECT
2022-05-09T06:51:00.381868607Z stdout F -N ISTIO_OUTPUT
2022-05-09T06:51:00.382051166Z stdout F -A ISTIO_INBOUND -p tcp --dport 15008 -j RETURN
2022-05-09T06:51:00.382062777Z stdout F -A ISTIO_REDIRECT -p tcp -j REDIRECT --to-ports 15001
2022-05-09T06:51:00.382067962Z stdout F -A ISTIO_IN_REDIRECT -p tcp -j REDIRECT --to-ports 15006
2022-05-09T06:51:00.382072214Z stdout F -A PREROUTING -p tcp -j ISTIO_INBOUND
2022-05-09T06:51:00.382076113Z stdout F -A ISTIO_INBOUND -p tcp --dport 15090 -j RETURN
2022-05-09T06:51:00.382084944Z stdout F -A ISTIO_INBOUND -p tcp --dport 15021 -j RETURN
2022-05-09T06:51:00.382099716Z stdout F -A ISTIO_INBOUND -p tcp --dport 15020 -j RETURN
2022-05-09T06:51:00.382110852Z stdout F -A ISTIO_INBOUND -p tcp -j ISTIO_IN_REDIRECT
2022-05-09T06:51:00.382116804Z stdout F -A OUTPUT -p tcp -j ISTIO_OUTPUT
2022-05-09T06:51:00.38212145Z stdout F -A ISTIO_OUTPUT -o lo -s 127.0.0.6/32 -j RETURN
2022-05-09T06:51:00.382126288Z stdout F -A ISTIO_OUTPUT -o lo ! -d 127.0.0.1/32 -m owner --uid-owner 1337 -j ISTIO_IN_REDIRECT
2022-05-09T06:51:00.382130993Z stdout F -A ISTIO_OUTPUT -o lo -m owner ! --uid-owner 1337 -j RETURN
2022-05-09T06:51:00.382150526Z stdout F -A ISTIO_OUTPUT -m owner --uid-owner 1337 -j RETURN
2022-05-09T06:51:00.382155631Z stdout F -A ISTIO_OUTPUT -o lo ! -d 127.0.0.1/32 -m owner --gid-owner 1337 -j ISTIO_IN_REDIRECT
2022-05-09T06:51:00.382159823Z stdout F -A ISTIO_OUTPUT -o lo -m owner ! --gid-owner 1337 -j RETURN
2022-05-09T06:51:00.382163657Z stdout F -A ISTIO_OUTPUT -m owner --gid-owner 1337 -j RETURN
2022-05-09T06:51:00.382167271Z stdout F -A ISTIO_OUTPUT -d 127.0.0.1/32 -j RETURN
2022-05-09T06:51:00.382171172Z stdout F -A ISTIO_OUTPUT -j ISTIO_REDIRECT
2022-05-09T06:51:00.382175402Z stdout F COMMIT
2022-05-09T06:51:00.382180277Z stdout F 2022-05-09T06:51:00.380647Z	info	Running command: iptables-restore --noflush /tmp/iptables-rules-1652079060378479410.txt4236819746
2022-05-09T06:51:00.388632854Z stdout F 2022-05-09T06:51:00.388294Z	info	Writing following contents to rules file: /tmp/ip6tables-rules-1652079060388227953.txt1810504794
2022-05-09T06:51:00.388701182Z stdout F 
2022-05-09T06:51:00.388709243Z stdout F 2022-05-09T06:51:00.388386Z	info	Running command: ip6tables-restore --noflush /tmp/ip6tables-rules-1652079060388227953.txt1810504794
2022-05-09T06:51:00.392360492Z stdout F 2022-05-09T06:51:00.391691Z	info	Running command: iptables-save 
2022-05-09T06:51:00.397939438Z stdout F 2022-05-09T06:51:00.397404Z	info	Command output: 
2022-05-09T06:51:00.398024875Z stdout F # Generated by iptables-save v1.8.4 on Mon May  9 06:51:00 2022
2022-05-09T06:51:00.398039149Z stdout F *nat
2022-05-09T06:51:00.398045841Z stdout F :PREROUTING ACCEPT [0:0]
2022-05-09T06:51:00.39805138Z stdout F :INPUT ACCEPT [0:0]
2022-05-09T06:51:00.398056421Z stdout F :OUTPUT ACCEPT [0:0]
2022-05-09T06:51:00.398061494Z stdout F :POSTROUTING ACCEPT [0:0]
2022-05-09T06:51:00.398066073Z stdout F :ISTIO_INBOUND - [0:0]
2022-05-09T06:51:00.398070911Z stdout F :ISTIO_IN_REDIRECT - [0:0]
2022-05-09T06:51:00.398076018Z stdout F :ISTIO_OUTPUT - [0:0]
2022-05-09T06:51:00.398080716Z stdout F :ISTIO_REDIRECT - [0:0]
2022-05-09T06:51:00.398085847Z stdout F -A PREROUTING -p tcp -j ISTIO_INBOUND
2022-05-09T06:51:00.398090449Z stdout F -A OUTPUT -p tcp -j ISTIO_OUTPUT
2022-05-09T06:51:00.398094912Z stdout F -A ISTIO_INBOUND -p tcp -m tcp --dport 15008 -j RETURN
2022-05-09T06:51:00.398099321Z stdout F -A ISTIO_INBOUND -p tcp -m tcp --dport 15090 -j RETURN
2022-05-09T06:51:00.398137664Z stdout F -A ISTIO_INBOUND -p tcp -m tcp --dport 15021 -j RETURN
2022-05-09T06:51:00.398143689Z stdout F -A ISTIO_INBOUND -p tcp -m tcp --dport 15020 -j RETURN
2022-05-09T06:51:00.398148696Z stdout F -A ISTIO_INBOUND -p tcp -j ISTIO_IN_REDIRECT
2022-05-09T06:51:00.398153129Z stdout F -A ISTIO_IN_REDIRECT -p tcp -j REDIRECT --to-ports 15006
2022-05-09T06:51:00.398157406Z stdout F -A ISTIO_OUTPUT -s 127.0.0.6/32 -o lo -j RETURN
2022-05-09T06:51:00.398162355Z stdout F -A ISTIO_OUTPUT ! -d 127.0.0.1/32 -o lo -m owner --uid-owner 1337 -j ISTIO_IN_REDIRECT
2022-05-09T06:51:00.398166721Z stdout F -A ISTIO_OUTPUT -o lo -m owner ! --uid-owner 1337 -j RETURN
2022-05-09T06:51:00.398171098Z stdout F -A ISTIO_OUTPUT -m owner --uid-owner 1337 -j RETURN
2022-05-09T06:51:00.398175506Z stdout F -A ISTIO_OUTPUT ! -d 127.0.0.1/32 -o lo -m owner --gid-owner 1337 -j ISTIO_IN_REDIRECT
2022-05-09T06:51:00.39817979Z stdout F -A ISTIO_OUTPUT -o lo -m owner ! --gid-owner 1337 -j RETURN
2022-05-09T06:51:00.398184252Z stdout F -A ISTIO_OUTPUT -m owner --gid-owner 1337 -j RETURN
2022-05-09T06:51:00.398188628Z stdout F -A ISTIO_OUTPUT -d 127.0.0.1/32 -j RETURN
2022-05-09T06:51:00.398193066Z stdout F -A ISTIO_OUTPUT -j ISTIO_REDIRECT
2022-05-09T06:51:00.398197097Z stdout F -A ISTIO_REDIRECT -p tcp -j REDIRECT --to-ports 15001
2022-05-09T06:51:00.398201905Z stdout F COMMIT
2022-05-09T06:51:00.398206425Z stdout F # Completed on Mon May  9 06:51:00 2022
2022-05-09T06:51:00.398210744Z stdout F 
