2022-04-27T06:19:40.941963895Z stdout F 2022-04-27T06:19:40.940619Z	info	Istio iptables environment:
2022-04-27T06:19:40.942031083Z stdout F ENVOY_PORT=
2022-04-27T06:19:40.942078241Z stdout F INBOUND_CAPTURE_PORT=
2022-04-27T06:19:40.942089352Z stdout F ISTIO_INBOUND_INTERCEPTION_MODE=
2022-04-27T06:19:40.942101873Z stdout F ISTIO_INBOUND_TPROXY_ROUTE_TABLE=
2022-04-27T06:19:40.942125175Z stdout F ISTIO_INBOUND_PORTS=
2022-04-27T06:19:40.942296954Z stdout F ISTIO_OUTBOUND_PORTS=
2022-04-27T06:19:40.942313611Z stdout F ISTIO_LOCAL_EXCLUDE_PORTS=
2022-04-27T06:19:40.942322625Z stdout F ISTIO_EXCLUDE_INTERFACES=
2022-04-27T06:19:40.942330513Z stdout F ISTIO_SERVICE_CIDR=
2022-04-27T06:19:40.942338778Z stdout F ISTIO_SERVICE_EXCLUDE_CIDR=
2022-04-27T06:19:40.942346388Z stdout F ISTIO_META_DNS_CAPTURE=
2022-04-27T06:19:40.942354316Z stdout F INVALID_DROP=
2022-04-27T06:19:40.942362377Z stdout F 
2022-04-27T06:19:40.942371607Z stdout F 2022-04-27T06:19:40.940859Z	info	Istio iptables variables:
2022-04-27T06:19:40.942380989Z stdout F PROXY_PORT=15001
2022-04-27T06:19:40.942389393Z stdout F PROXY_INBOUND_CAPTURE_PORT=15006
2022-04-27T06:19:40.94239764Z stdout F PROXY_TUNNEL_PORT=15008
2022-04-27T06:19:40.94240606Z stdout F PROXY_UID=1337
2022-04-27T06:19:40.942414884Z stdout F PROXY_GID=1337
2022-04-27T06:19:40.942423803Z stdout F INBOUND_INTERCEPTION_MODE=REDIRECT
2022-04-27T06:19:40.942431675Z stdout F INBOUND_TPROXY_MARK=1337
2022-04-27T06:19:40.942440159Z stdout F INBOUND_TPROXY_ROUTE_TABLE=133
2022-04-27T06:19:40.942448238Z stdout F INBOUND_PORTS_INCLUDE=*
2022-04-27T06:19:40.942455965Z stdout F INBOUND_PORTS_EXCLUDE=15090,15021,15020
2022-04-27T06:19:40.942464159Z stdout F OUTBOUND_IP_RANGES_INCLUDE=*
2022-04-27T06:19:40.94247213Z stdout F OUTBOUND_IP_RANGES_EXCLUDE=
2022-04-27T06:19:40.9424805Z stdout F OUTBOUND_PORTS_INCLUDE=
2022-04-27T06:19:40.942513903Z stdout F OUTBOUND_PORTS_EXCLUDE=
2022-04-27T06:19:40.942529942Z stdout F KUBE_VIRT_INTERFACES=
2022-04-27T06:19:40.94253955Z stdout F ENABLE_INBOUND_IPV6=false
2022-04-27T06:19:40.942547947Z stdout F DNS_CAPTURE=false
2022-04-27T06:19:40.942555779Z stdout F DROP_INVALID=false
2022-04-27T06:19:40.942563763Z stdout F CAPTURE_ALL_DNS=false
2022-04-27T06:19:40.942572305Z stdout F DNS_SERVERS=[],[]
2022-04-27T06:19:40.942581266Z stdout F OUTPUT_PATH=
2022-04-27T06:19:40.942590861Z stdout F NETWORK_NAMESPACE=
2022-04-27T06:19:40.942600376Z stdout F CNI_MODE=false
2022-04-27T06:19:40.942609602Z stdout F EXCLUDE_INTERFACES=
2022-04-27T06:19:40.942617972Z stdout F 
2022-04-27T06:19:40.942668924Z stdout F 2022-04-27T06:19:40.941700Z	info	Writing following contents to rules file: /tmp/iptables-rules-1651040380940998382.txt2963101251
2022-04-27T06:19:40.94268817Z stdout F * nat
2022-04-27T06:19:40.942698974Z stdout F -N ISTIO_INBOUND
2022-04-27T06:19:40.942708471Z stdout F -N ISTIO_REDIRECT
2022-04-27T06:19:40.942717176Z stdout F -N ISTIO_IN_REDIRECT
2022-04-27T06:19:40.942725718Z stdout F -N ISTIO_OUTPUT
2022-04-27T06:19:40.942734492Z stdout F -A ISTIO_INBOUND -p tcp --dport 15008 -j RETURN
2022-04-27T06:19:40.942743791Z stdout F -A ISTIO_REDIRECT -p tcp -j REDIRECT --to-ports 15001
2022-04-27T06:19:40.942752938Z stdout F -A ISTIO_IN_REDIRECT -p tcp -j REDIRECT --to-ports 15006
2022-04-27T06:19:40.942761788Z stdout F -A PREROUTING -p tcp -j ISTIO_INBOUND
2022-04-27T06:19:40.942770561Z stdout F -A ISTIO_INBOUND -p tcp --dport 15090 -j RETURN
2022-04-27T06:19:40.942778675Z stdout F -A ISTIO_INBOUND -p tcp --dport 15021 -j RETURN
2022-04-27T06:19:40.942786563Z stdout F -A ISTIO_INBOUND -p tcp --dport 15020 -j RETURN
2022-04-27T06:19:40.942793525Z stdout F -A ISTIO_INBOUND -p tcp -j ISTIO_IN_REDIRECT
2022-04-27T06:19:40.942800197Z stdout F -A OUTPUT -p tcp -j ISTIO_OUTPUT
2022-04-27T06:19:40.942806817Z stdout F -A ISTIO_OUTPUT -o lo -s 127.0.0.6/32 -j RETURN
2022-04-27T06:19:40.942814162Z stdout F -A ISTIO_OUTPUT -o lo ! -d 127.0.0.1/32 -m owner --uid-owner 1337 -j ISTIO_IN_REDIRECT
2022-04-27T06:19:40.942820737Z stdout F -A ISTIO_OUTPUT -o lo -m owner ! --uid-owner 1337 -j RETURN
2022-04-27T06:19:40.942827587Z stdout F -A ISTIO_OUTPUT -m owner --uid-owner 1337 -j RETURN
2022-04-27T06:19:40.942854459Z stdout F -A ISTIO_OUTPUT -o lo ! -d 127.0.0.1/32 -m owner --gid-owner 1337 -j ISTIO_IN_REDIRECT
2022-04-27T06:19:40.942873929Z stdout F -A ISTIO_OUTPUT -o lo -m owner ! --gid-owner 1337 -j RETURN
2022-04-27T06:19:40.942889797Z stdout F -A ISTIO_OUTPUT -m owner --gid-owner 1337 -j RETURN
2022-04-27T06:19:40.942902258Z stdout F -A ISTIO_OUTPUT -d 127.0.0.1/32 -j RETURN
2022-04-27T06:19:40.942913729Z stdout F -A ISTIO_OUTPUT -j ISTIO_REDIRECT
2022-04-27T06:19:40.942922584Z stdout F COMMIT
2022-04-27T06:19:40.94293857Z stdout F 2022-04-27T06:19:40.941865Z	info	Running command: iptables-restore --noflush /tmp/iptables-rules-1651040380940998382.txt2963101251
2022-04-27T06:19:40.994360397Z stdout F 2022-04-27T06:19:40.992975Z	info	Writing following contents to rules file: /tmp/ip6tables-rules-1651040380992654463.txt411724912
2022-04-27T06:19:40.994410522Z stdout F 
2022-04-27T06:19:40.994424468Z stdout F 2022-04-27T06:19:40.993359Z	info	Running command: ip6tables-restore --noflush /tmp/ip6tables-rules-1651040380992654463.txt411724912
2022-04-27T06:19:41.009995462Z stdout F 2022-04-27T06:19:41.009488Z	info	Running command: iptables-save 
2022-04-27T06:19:41.065087377Z stdout F 2022-04-27T06:19:41.062222Z	info	Command output: 
2022-04-27T06:19:41.065131079Z stdout F # Generated by iptables-save v1.8.4 on Wed Apr 27 06:19:41 2022
2022-04-27T06:19:41.065141585Z stdout F *nat
2022-04-27T06:19:41.065150843Z stdout F :PREROUTING ACCEPT [0:0]
2022-04-27T06:19:41.065158875Z stdout F :INPUT ACCEPT [0:0]
2022-04-27T06:19:41.065166643Z stdout F :OUTPUT ACCEPT [0:0]
2022-04-27T06:19:41.065175423Z stdout F :POSTROUTING ACCEPT [0:0]
2022-04-27T06:19:41.065183257Z stdout F :ISTIO_INBOUND - [0:0]
2022-04-27T06:19:41.065191147Z stdout F :ISTIO_IN_REDIRECT - [0:0]
2022-04-27T06:19:41.065199701Z stdout F :ISTIO_OUTPUT - [0:0]
2022-04-27T06:19:41.065394525Z stdout F :ISTIO_REDIRECT - [0:0]
2022-04-27T06:19:41.06563529Z stdout F -A PREROUTING -p tcp -j ISTIO_INBOUND
2022-04-27T06:19:41.065665535Z stdout F -A OUTPUT -p tcp -j ISTIO_OUTPUT
2022-04-27T06:19:41.065678761Z stdout F -A ISTIO_INBOUND -p tcp -m tcp --dport 15008 -j RETURN
2022-04-27T06:19:41.065689663Z stdout F -A ISTIO_INBOUND -p tcp -m tcp --dport 15090 -j RETURN
2022-04-27T06:19:41.065697848Z stdout F -A ISTIO_INBOUND -p tcp -m tcp --dport 15021 -j RETURN
2022-04-27T06:19:41.065710452Z stdout F -A ISTIO_INBOUND -p tcp -m tcp --dport 15020 -j RETURN
2022-04-27T06:19:41.065793897Z stdout F -A ISTIO_INBOUND -p tcp -j ISTIO_IN_REDIRECT
2022-04-27T06:19:41.065818677Z stdout F -A ISTIO_IN_REDIRECT -p tcp -j REDIRECT --to-ports 15006
2022-04-27T06:19:41.065829325Z stdout F -A ISTIO_OUTPUT -s 127.0.0.6/32 -o lo -j RETURN
2022-04-27T06:19:41.065839978Z stdout F -A ISTIO_OUTPUT ! -d 127.0.0.1/32 -o lo -m owner --uid-owner 1337 -j ISTIO_IN_REDIRECT
2022-04-27T06:19:41.065849603Z stdout F -A ISTIO_OUTPUT -o lo -m owner ! --uid-owner 1337 -j RETURN
2022-04-27T06:19:41.066000994Z stdout F -A ISTIO_OUTPUT -m owner --uid-owner 1337 -j RETURN
2022-04-27T06:19:41.066179243Z stdout F -A ISTIO_OUTPUT ! -d 127.0.0.1/32 -o lo -m owner --gid-owner 1337 -j ISTIO_IN_REDIRECT
2022-04-27T06:19:41.066187584Z stdout F -A ISTIO_OUTPUT -o lo -m owner ! --gid-owner 1337 -j RETURN
2022-04-27T06:19:41.066192882Z stdout F -A ISTIO_OUTPUT -m owner --gid-owner 1337 -j RETURN
2022-04-27T06:19:41.066198433Z stdout F -A ISTIO_OUTPUT -d 127.0.0.1/32 -j RETURN
2022-04-27T06:19:41.066278506Z stdout F -A ISTIO_OUTPUT -j ISTIO_REDIRECT
2022-04-27T06:19:41.066309352Z stdout F -A ISTIO_REDIRECT -p tcp -j REDIRECT --to-ports 15001
2022-04-27T06:19:41.066321388Z stdout F COMMIT
2022-04-27T06:19:41.066330435Z stdout F # Completed on Wed Apr 27 06:19:41 2022
2022-04-27T06:19:41.066338128Z stdout F 
