2022-05-26T05:25:09.111099542Z stdout F 2022-05-26T05:25:09.110800Z	info	Istio iptables environment:
2022-05-26T05:25:09.111158687Z stdout F ENVOY_PORT=
2022-05-26T05:25:09.111164988Z stdout F INBOUND_CAPTURE_PORT=
2022-05-26T05:25:09.111169066Z stdout F ISTIO_INBOUND_INTERCEPTION_MODE=
2022-05-26T05:25:09.11117341Z stdout F ISTIO_INBOUND_TPROXY_ROUTE_TABLE=
2022-05-26T05:25:09.111177891Z stdout F ISTIO_INBOUND_PORTS=
2022-05-26T05:25:09.111185956Z stdout F ISTIO_OUTBOUND_PORTS=
2022-05-26T05:25:09.111192882Z stdout F ISTIO_LOCAL_EXCLUDE_PORTS=
2022-05-26T05:25:09.111197168Z stdout F ISTIO_EXCLUDE_INTERFACES=
2022-05-26T05:25:09.111206843Z stdout F ISTIO_SERVICE_CIDR=
2022-05-26T05:25:09.111212407Z stdout F ISTIO_SERVICE_EXCLUDE_CIDR=
2022-05-26T05:25:09.111216905Z stdout F ISTIO_META_DNS_CAPTURE=
2022-05-26T05:25:09.111221329Z stdout F INVALID_DROP=
2022-05-26T05:25:09.11122564Z stdout F 
2022-05-26T05:25:09.111230452Z stdout F 2022-05-26T05:25:09.110863Z	info	Istio iptables variables:
2022-05-26T05:25:09.111234685Z stdout F PROXY_PORT=15001
2022-05-26T05:25:09.111238731Z stdout F PROXY_INBOUND_CAPTURE_PORT=15006
2022-05-26T05:25:09.111241226Z stdout F PROXY_TUNNEL_PORT=15008
2022-05-26T05:25:09.111243579Z stdout F PROXY_UID=1337
2022-05-26T05:25:09.111245976Z stdout F PROXY_GID=1337
2022-05-26T05:25:09.111248269Z stdout F INBOUND_INTERCEPTION_MODE=REDIRECT
2022-05-26T05:25:09.111250544Z stdout F INBOUND_TPROXY_MARK=1337
2022-05-26T05:25:09.111252796Z stdout F INBOUND_TPROXY_ROUTE_TABLE=133
2022-05-26T05:25:09.111255022Z stdout F INBOUND_PORTS_INCLUDE=*
2022-05-26T05:25:09.11125739Z stdout F INBOUND_PORTS_EXCLUDE=15090,15021,15020
2022-05-26T05:25:09.111259673Z stdout F OUTBOUND_IP_RANGES_INCLUDE=*
2022-05-26T05:25:09.111262725Z stdout F OUTBOUND_IP_RANGES_EXCLUDE=
2022-05-26T05:25:09.111266581Z stdout F OUTBOUND_PORTS_INCLUDE=
2022-05-26T05:25:09.111270621Z stdout F OUTBOUND_PORTS_EXCLUDE=
2022-05-26T05:25:09.111274601Z stdout F KUBE_VIRT_INTERFACES=
2022-05-26T05:25:09.111277624Z stdout F ENABLE_INBOUND_IPV6=false
2022-05-26T05:25:09.111279905Z stdout F DNS_CAPTURE=false
2022-05-26T05:25:09.111282315Z stdout F DROP_INVALID=false
2022-05-26T05:25:09.111284597Z stdout F CAPTURE_ALL_DNS=false
2022-05-26T05:25:09.111286843Z stdout F DNS_SERVERS=[],[]
2022-05-26T05:25:09.111289158Z stdout F OUTPUT_PATH=
2022-05-26T05:25:09.111293208Z stdout F NETWORK_NAMESPACE=
2022-05-26T05:25:09.11129573Z stdout F CNI_MODE=false
2022-05-26T05:25:09.111298445Z stdout F EXCLUDE_INTERFACES=
2022-05-26T05:25:09.111300631Z stdout F 
2022-05-26T05:25:09.112067117Z stdout F 2022-05-26T05:25:09.111915Z	info	Writing following contents to rules file: /tmp/iptables-rules-1653542709110914772.txt2267222779
2022-05-26T05:25:09.112083513Z stdout F * nat
2022-05-26T05:25:09.112087405Z stdout F -N ISTIO_INBOUND
2022-05-26T05:25:09.112090313Z stdout F -N ISTIO_REDIRECT
2022-05-26T05:25:09.112092616Z stdout F -N ISTIO_IN_REDIRECT
2022-05-26T05:25:09.112094957Z stdout F -N ISTIO_OUTPUT
2022-05-26T05:25:09.112097518Z stdout F -A ISTIO_INBOUND -p tcp --dport 15008 -j RETURN
2022-05-26T05:25:09.112100234Z stdout F -A ISTIO_REDIRECT -p tcp -j REDIRECT --to-ports 15001
2022-05-26T05:25:09.112102555Z stdout F -A ISTIO_IN_REDIRECT -p tcp -j REDIRECT --to-ports 15006
2022-05-26T05:25:09.112104812Z stdout F -A PREROUTING -p tcp -j ISTIO_INBOUND
2022-05-26T05:25:09.112107137Z stdout F -A ISTIO_INBOUND -p tcp --dport 15090 -j RETURN
2022-05-26T05:25:09.112109422Z stdout F -A ISTIO_INBOUND -p tcp --dport 15021 -j RETURN
2022-05-26T05:25:09.112217598Z stdout F -A ISTIO_INBOUND -p tcp --dport 15020 -j RETURN
2022-05-26T05:25:09.112223754Z stdout F -A ISTIO_INBOUND -p tcp -j ISTIO_IN_REDIRECT
2022-05-26T05:25:09.112226568Z stdout F -A OUTPUT -p tcp -j ISTIO_OUTPUT
2022-05-26T05:25:09.112229086Z stdout F -A ISTIO_OUTPUT -o lo -s 127.0.0.6/32 -j RETURN
2022-05-26T05:25:09.112231697Z stdout F -A ISTIO_OUTPUT -o lo ! -d 127.0.0.1/32 -m owner --uid-owner 1337 -j ISTIO_IN_REDIRECT
2022-05-26T05:25:09.112234362Z stdout F -A ISTIO_OUTPUT -o lo -m owner ! --uid-owner 1337 -j RETURN
2022-05-26T05:25:09.112275691Z stdout F -A ISTIO_OUTPUT -m owner --uid-owner 1337 -j RETURN
2022-05-26T05:25:09.112374416Z stdout F -A ISTIO_OUTPUT -o lo ! -d 127.0.0.1/32 -m owner --gid-owner 1337 -j ISTIO_IN_REDIRECT
2022-05-26T05:25:09.112382918Z stdout F -A ISTIO_OUTPUT -o lo -m owner ! --gid-owner 1337 -j RETURN
2022-05-26T05:25:09.112385741Z stdout F -A ISTIO_OUTPUT -m owner --gid-owner 1337 -j RETURN
2022-05-26T05:25:09.112388264Z stdout F -A ISTIO_OUTPUT -d 127.0.0.1/32 -j RETURN
2022-05-26T05:25:09.112390775Z stdout F -A ISTIO_OUTPUT -j ISTIO_REDIRECT
2022-05-26T05:25:09.11239338Z stdout F COMMIT
2022-05-26T05:25:09.112466173Z stdout F 2022-05-26T05:25:09.112010Z	info	Running command: iptables-restore --noflush /tmp/iptables-rules-1653542709110914772.txt2267222779
2022-05-26T05:25:09.117318261Z stdout F 2022-05-26T05:25:09.117189Z	info	Writing following contents to rules file: /tmp/ip6tables-rules-1653542709117101119.txt2571077968
2022-05-26T05:25:09.117333728Z stdout F 
2022-05-26T05:25:09.117337523Z stdout F 2022-05-26T05:25:09.117247Z	info	Running command: ip6tables-restore --noflush /tmp/ip6tables-rules-1653542709117101119.txt2571077968
2022-05-26T05:25:09.119383178Z stdout F 2022-05-26T05:25:09.119265Z	info	Running command: iptables-save 
2022-05-26T05:25:09.122281364Z stdout F 2022-05-26T05:25:09.121887Z	info	Command output: 
2022-05-26T05:25:09.122331983Z stdout F # Generated by iptables-save v1.8.4 on Thu May 26 05:25:09 2022
2022-05-26T05:25:09.122336365Z stdout F *nat
2022-05-26T05:25:09.122339406Z stdout F :PREROUTING ACCEPT [0:0]
2022-05-26T05:25:09.122341857Z stdout F :INPUT ACCEPT [0:0]
2022-05-26T05:25:09.122344432Z stdout F :OUTPUT ACCEPT [0:0]
2022-05-26T05:25:09.122347331Z stdout F :POSTROUTING ACCEPT [0:0]
2022-05-26T05:25:09.122349661Z stdout F :ISTIO_INBOUND - [0:0]
2022-05-26T05:25:09.122351971Z stdout F :ISTIO_IN_REDIRECT - [0:0]
2022-05-26T05:25:09.122354284Z stdout F :ISTIO_OUTPUT - [0:0]
2022-05-26T05:25:09.122356609Z stdout F :ISTIO_REDIRECT - [0:0]
2022-05-26T05:25:09.122359379Z stdout F -A PREROUTING -p tcp -j ISTIO_INBOUND
2022-05-26T05:25:09.12236437Z stdout F -A OUTPUT -p tcp -j ISTIO_OUTPUT
2022-05-26T05:25:09.122366985Z stdout F -A ISTIO_INBOUND -p tcp -m tcp --dport 15008 -j RETURN
2022-05-26T05:25:09.122369295Z stdout F -A ISTIO_INBOUND -p tcp -m tcp --dport 15090 -j RETURN
2022-05-26T05:25:09.122371638Z stdout F -A ISTIO_INBOUND -p tcp -m tcp --dport 15021 -j RETURN
2022-05-26T05:25:09.123257808Z stdout F -A ISTIO_INBOUND -p tcp -m tcp --dport 15020 -j RETURN
2022-05-26T05:25:09.123267928Z stdout F -A ISTIO_INBOUND -p tcp -j ISTIO_IN_REDIRECT
2022-05-26T05:25:09.123271259Z stdout F -A ISTIO_IN_REDIRECT -p tcp -j REDIRECT --to-ports 15006
2022-05-26T05:25:09.123273657Z stdout F -A ISTIO_OUTPUT -s 127.0.0.6/32 -o lo -j RETURN
2022-05-26T05:25:09.123276154Z stdout F -A ISTIO_OUTPUT ! -d 127.0.0.1/32 -o lo -m owner --uid-owner 1337 -j ISTIO_IN_REDIRECT
2022-05-26T05:25:09.123278754Z stdout F -A ISTIO_OUTPUT -o lo -m owner ! --uid-owner 1337 -j RETURN
2022-05-26T05:25:09.123281036Z stdout F -A ISTIO_OUTPUT -m owner --uid-owner 1337 -j RETURN
2022-05-26T05:25:09.123283313Z stdout F -A ISTIO_OUTPUT ! -d 127.0.0.1/32 -o lo -m owner --gid-owner 1337 -j ISTIO_IN_REDIRECT
2022-05-26T05:25:09.123285644Z stdout F -A ISTIO_OUTPUT -o lo -m owner ! --gid-owner 1337 -j RETURN
2022-05-26T05:25:09.123289146Z stdout F -A ISTIO_OUTPUT -m owner --gid-owner 1337 -j RETURN
2022-05-26T05:25:09.123291585Z stdout F -A ISTIO_OUTPUT -d 127.0.0.1/32 -j RETURN
2022-05-26T05:25:09.12329389Z stdout F -A ISTIO_OUTPUT -j ISTIO_REDIRECT
2022-05-26T05:25:09.123296403Z stdout F -A ISTIO_REDIRECT -p tcp -j REDIRECT --to-ports 15001
2022-05-26T05:25:09.123299234Z stdout F COMMIT
2022-05-26T05:25:09.123301798Z stdout F # Completed on Thu May 26 05:25:09 2022
2022-05-26T05:25:09.123304018Z stdout F 
