2022-05-09T21:46:32.592698608Z stdout F 2022-05-09T21:46:32.591193Z	info	Istio iptables environment:
2022-05-09T21:46:32.593173826Z stdout F ENVOY_PORT=
2022-05-09T21:46:32.5932281Z stdout F INBOUND_CAPTURE_PORT=
2022-05-09T21:46:32.593247094Z stdout F ISTIO_INBOUND_INTERCEPTION_MODE=
2022-05-09T21:46:32.593262863Z stdout F ISTIO_INBOUND_TPROXY_ROUTE_TABLE=
2022-05-09T21:46:32.593276963Z stdout F ISTIO_INBOUND_PORTS=
2022-05-09T21:46:32.593312384Z stdout F ISTIO_OUTBOUND_PORTS=
2022-05-09T21:46:32.593329563Z stdout F ISTIO_LOCAL_EXCLUDE_PORTS=
2022-05-09T21:46:32.593341301Z stdout F ISTIO_EXCLUDE_INTERFACES=
2022-05-09T21:46:32.593352485Z stdout F ISTIO_SERVICE_CIDR=
2022-05-09T21:46:32.593363757Z stdout F ISTIO_SERVICE_EXCLUDE_CIDR=
2022-05-09T21:46:32.593374372Z stdout F ISTIO_META_DNS_CAPTURE=
2022-05-09T21:46:32.59338654Z stdout F INVALID_DROP=
2022-05-09T21:46:32.593397835Z stdout F 
2022-05-09T21:46:32.593409956Z stdout F 2022-05-09T21:46:32.591465Z	info	Istio iptables variables:
2022-05-09T21:46:32.593421823Z stdout F PROXY_PORT=15001
2022-05-09T21:46:32.593433906Z stdout F PROXY_INBOUND_CAPTURE_PORT=15006
2022-05-09T21:46:32.593445461Z stdout F PROXY_TUNNEL_PORT=15008
2022-05-09T21:46:32.593457673Z stdout F PROXY_UID=1337
2022-05-09T21:46:32.593469741Z stdout F PROXY_GID=1337
2022-05-09T21:46:32.593482638Z stdout F INBOUND_INTERCEPTION_MODE=REDIRECT
2022-05-09T21:46:32.593514102Z stdout F INBOUND_TPROXY_MARK=1337
2022-05-09T21:46:32.593661942Z stdout F INBOUND_TPROXY_ROUTE_TABLE=133
2022-05-09T21:46:32.593915071Z stdout F INBOUND_PORTS_INCLUDE=*
2022-05-09T21:46:32.593971869Z stdout F INBOUND_PORTS_EXCLUDE=15090,15021,15020
2022-05-09T21:46:32.59399114Z stdout F OUTBOUND_IP_RANGES_INCLUDE=*
2022-05-09T21:46:32.59400597Z stdout F OUTBOUND_IP_RANGES_EXCLUDE=
2022-05-09T21:46:32.594026854Z stdout F OUTBOUND_PORTS_INCLUDE=
2022-05-09T21:46:32.594040928Z stdout F OUTBOUND_PORTS_EXCLUDE=
2022-05-09T21:46:32.594053421Z stdout F KUBE_VIRT_INTERFACES=
2022-05-09T21:46:32.594066495Z stdout F ENABLE_INBOUND_IPV6=false
2022-05-09T21:46:32.594079881Z stdout F DNS_CAPTURE=false
2022-05-09T21:46:32.594091822Z stdout F DROP_INVALID=false
2022-05-09T21:46:32.594103438Z stdout F CAPTURE_ALL_DNS=false
2022-05-09T21:46:32.594115329Z stdout F DNS_SERVERS=[],[]
2022-05-09T21:46:32.594127945Z stdout F OUTPUT_PATH=
2022-05-09T21:46:32.594148107Z stdout F NETWORK_NAMESPACE=
2022-05-09T21:46:32.594177647Z stdout F CNI_MODE=false
2022-05-09T21:46:32.594197774Z stdout F EXCLUDE_INTERFACES=
2022-05-09T21:46:32.594212255Z stdout F 
2022-05-09T21:46:32.67148879Z stdout F 2022-05-09T21:46:32.670186Z	info	Writing following contents to rules file: /tmp/iptables-rules-1652132792592344404.txt1118572368
2022-05-09T21:46:32.671759094Z stdout F * nat
2022-05-09T21:46:32.671796857Z stdout F -N ISTIO_INBOUND
2022-05-09T21:46:32.671816062Z stdout F -N ISTIO_REDIRECT
2022-05-09T21:46:32.671833652Z stdout F -N ISTIO_IN_REDIRECT
2022-05-09T21:46:32.671846121Z stdout F -N ISTIO_OUTPUT
2022-05-09T21:46:32.671860278Z stdout F -A ISTIO_INBOUND -p tcp --dport 15008 -j RETURN
2022-05-09T21:46:32.671873478Z stdout F -A ISTIO_REDIRECT -p tcp -j REDIRECT --to-ports 15001
2022-05-09T21:46:32.671886436Z stdout F -A ISTIO_IN_REDIRECT -p tcp -j REDIRECT --to-ports 15006
2022-05-09T21:46:32.671899817Z stdout F -A PREROUTING -p tcp -j ISTIO_INBOUND
2022-05-09T21:46:32.671912786Z stdout F -A ISTIO_INBOUND -p tcp --dport 15090 -j RETURN
2022-05-09T21:46:32.671931516Z stdout F -A ISTIO_INBOUND -p tcp --dport 15021 -j RETURN
2022-05-09T21:46:32.67195917Z stdout F -A ISTIO_INBOUND -p tcp --dport 15020 -j RETURN
2022-05-09T21:46:32.671973469Z stdout F -A ISTIO_INBOUND -p tcp -j ISTIO_IN_REDIRECT
2022-05-09T21:46:32.671987914Z stdout F -A OUTPUT -p tcp -j ISTIO_OUTPUT
2022-05-09T21:46:32.672020383Z stdout F -A ISTIO_OUTPUT -o lo -s 127.0.0.6/32 -j RETURN
2022-05-09T21:46:32.67206253Z stdout F -A ISTIO_OUTPUT -o lo ! -d 127.0.0.1/32 -m owner --uid-owner 1337 -j ISTIO_IN_REDIRECT
2022-05-09T21:46:32.672080719Z stdout F -A ISTIO_OUTPUT -o lo -m owner ! --uid-owner 1337 -j RETURN
2022-05-09T21:46:32.67209561Z stdout F -A ISTIO_OUTPUT -m owner --uid-owner 1337 -j RETURN
2022-05-09T21:46:32.672151798Z stdout F -A ISTIO_OUTPUT -o lo ! -d 127.0.0.1/32 -m owner --gid-owner 1337 -j ISTIO_IN_REDIRECT
2022-05-09T21:46:32.672168149Z stdout F -A ISTIO_OUTPUT -o lo -m owner ! --gid-owner 1337 -j RETURN
2022-05-09T21:46:32.67218205Z stdout F -A ISTIO_OUTPUT -m owner --gid-owner 1337 -j RETURN
2022-05-09T21:46:32.672195993Z stdout F -A ISTIO_OUTPUT -d 127.0.0.1/32 -j RETURN
2022-05-09T21:46:32.672209559Z stdout F -A ISTIO_OUTPUT -j ISTIO_REDIRECT
2022-05-09T21:46:32.672223184Z stdout F COMMIT
2022-05-09T21:46:32.673350326Z stdout F 2022-05-09T21:46:32.672257Z	info	Running command: iptables-restore --noflush /tmp/iptables-rules-1652132792592344404.txt1118572368
2022-05-09T21:46:33.865931855Z stdout F 2022-05-09T21:46:33.860594Z	info	Writing following contents to rules file: /tmp/ip6tables-rules-1652132793860380211.txt2780378511
2022-05-09T21:46:33.866037136Z stdout F 
2022-05-09T21:46:33.866062186Z stdout F 2022-05-09T21:46:33.860943Z	info	Running command: ip6tables-restore --noflush /tmp/ip6tables-rules-1652132793860380211.txt2780378511
2022-05-09T21:46:36.363700005Z stdout F 2022-05-09T21:46:36.333113Z	info	Running command: iptables-save 
2022-05-09T21:46:36.583368493Z stdout F 2022-05-09T21:46:36.574966Z	info	Command output: 
2022-05-09T21:46:36.583458803Z stdout F # Generated by iptables-save v1.8.4 on Mon May  9 21:46:36 2022
2022-05-09T21:46:36.583503817Z stdout F *nat
2022-05-09T21:46:36.583548754Z stdout F :PREROUTING ACCEPT [0:0]
2022-05-09T21:46:36.58369762Z stdout F :INPUT ACCEPT [0:0]
2022-05-09T21:46:36.583891957Z stdout F :OUTPUT ACCEPT [0:0]
2022-05-09T21:46:36.583923507Z stdout F :POSTROUTING ACCEPT [0:0]
2022-05-09T21:46:36.583940675Z stdout F :ISTIO_INBOUND - [0:0]
2022-05-09T21:46:36.583954276Z stdout F :ISTIO_IN_REDIRECT - [0:0]
2022-05-09T21:46:36.583965859Z stdout F :ISTIO_OUTPUT - [0:0]
2022-05-09T21:46:36.583978797Z stdout F :ISTIO_REDIRECT - [0:0]
2022-05-09T21:46:36.583994951Z stdout F -A PREROUTING -p tcp -j ISTIO_INBOUND
2022-05-09T21:46:36.584008441Z stdout F -A OUTPUT -p tcp -j ISTIO_OUTPUT
2022-05-09T21:46:36.584020454Z stdout F -A ISTIO_INBOUND -p tcp -m tcp --dport 15008 -j RETURN
2022-05-09T21:46:36.584032699Z stdout F -A ISTIO_INBOUND -p tcp -m tcp --dport 15090 -j RETURN
2022-05-09T21:46:36.584062072Z stdout F -A ISTIO_INBOUND -p tcp -m tcp --dport 15021 -j RETURN
2022-05-09T21:46:36.584103857Z stdout F -A ISTIO_INBOUND -p tcp -m tcp --dport 15020 -j RETURN
2022-05-09T21:46:36.58413386Z stdout F -A ISTIO_INBOUND -p tcp -j ISTIO_IN_REDIRECT
2022-05-09T21:46:36.584148505Z stdout F -A ISTIO_IN_REDIRECT -p tcp -j REDIRECT --to-ports 15006
2022-05-09T21:46:36.584161477Z stdout F -A ISTIO_OUTPUT -s 127.0.0.6/32 -o lo -j RETURN
2022-05-09T21:46:36.58417504Z stdout F -A ISTIO_OUTPUT ! -d 127.0.0.1/32 -o lo -m owner --uid-owner 1337 -j ISTIO_IN_REDIRECT
2022-05-09T21:46:36.584187623Z stdout F -A ISTIO_OUTPUT -o lo -m owner ! --uid-owner 1337 -j RETURN
2022-05-09T21:46:36.584199911Z stdout F -A ISTIO_OUTPUT -m owner --uid-owner 1337 -j RETURN
2022-05-09T21:46:36.584211479Z stdout F -A ISTIO_OUTPUT ! -d 127.0.0.1/32 -o lo -m owner --gid-owner 1337 -j ISTIO_IN_REDIRECT
2022-05-09T21:46:36.584222819Z stdout F -A ISTIO_OUTPUT -o lo -m owner ! --gid-owner 1337 -j RETURN
2022-05-09T21:46:36.584235296Z stdout F -A ISTIO_OUTPUT -m owner --gid-owner 1337 -j RETURN
2022-05-09T21:46:36.584247896Z stdout F -A ISTIO_OUTPUT -d 127.0.0.1/32 -j RETURN
2022-05-09T21:46:36.584259251Z stdout F -A ISTIO_OUTPUT -j ISTIO_REDIRECT
2022-05-09T21:46:36.584271093Z stdout F -A ISTIO_REDIRECT -p tcp -j REDIRECT --to-ports 15001
2022-05-09T21:46:36.584284429Z stdout F COMMIT
2022-05-09T21:46:36.584296165Z stdout F # Completed on Mon May  9 21:46:36 2022
2022-05-09T21:46:36.584306518Z stdout F 
