2022-04-30T04:26:21.654902872Z stdout F 2022-04-30T04:26:21.648844Z	info	Istio iptables environment:
2022-04-30T04:26:21.656524621Z stdout F ENVOY_PORT=
2022-04-30T04:26:21.656555372Z stdout F INBOUND_CAPTURE_PORT=
2022-04-30T04:26:21.656569646Z stdout F ISTIO_INBOUND_INTERCEPTION_MODE=
2022-04-30T04:26:21.65658136Z stdout F ISTIO_INBOUND_TPROXY_ROUTE_TABLE=
2022-04-30T04:26:21.656713824Z stdout F ISTIO_INBOUND_PORTS=
2022-04-30T04:26:21.656735965Z stdout F ISTIO_OUTBOUND_PORTS=
2022-04-30T04:26:21.656749929Z stdout F ISTIO_LOCAL_EXCLUDE_PORTS=
2022-04-30T04:26:21.656760316Z stdout F ISTIO_EXCLUDE_INTERFACES=
2022-04-30T04:26:21.656770106Z stdout F ISTIO_SERVICE_CIDR=
2022-04-30T04:26:21.656780183Z stdout F ISTIO_SERVICE_EXCLUDE_CIDR=
2022-04-30T04:26:21.656790035Z stdout F ISTIO_META_DNS_CAPTURE=
2022-04-30T04:26:21.656800104Z stdout F INVALID_DROP=
2022-04-30T04:26:21.656809797Z stdout F 
2022-04-30T04:26:21.65682063Z stdout F 2022-04-30T04:26:21.649210Z	info	Istio iptables variables:
2022-04-30T04:26:21.656830774Z stdout F PROXY_PORT=15001
2022-04-30T04:26:21.6568407Z stdout F PROXY_INBOUND_CAPTURE_PORT=15006
2022-04-30T04:26:21.656851392Z stdout F PROXY_TUNNEL_PORT=15008
2022-04-30T04:26:21.656861573Z stdout F PROXY_UID=1337
2022-04-30T04:26:21.656871808Z stdout F PROXY_GID=1337
2022-04-30T04:26:21.656881994Z stdout F INBOUND_INTERCEPTION_MODE=REDIRECT
2022-04-30T04:26:21.656892001Z stdout F INBOUND_TPROXY_MARK=1337
2022-04-30T04:26:21.657038413Z stdout F INBOUND_TPROXY_ROUTE_TABLE=133
2022-04-30T04:26:21.657053934Z stdout F INBOUND_PORTS_INCLUDE=*
2022-04-30T04:26:21.657191246Z stdout F INBOUND_PORTS_EXCLUDE=15090,15021,15020
2022-04-30T04:26:21.657223064Z stdout F OUTBOUND_IP_RANGES_INCLUDE=*
2022-04-30T04:26:21.657258989Z stdout F OUTBOUND_IP_RANGES_EXCLUDE=
2022-04-30T04:26:21.657551751Z stdout F OUTBOUND_PORTS_INCLUDE=
2022-04-30T04:26:21.657671576Z stdout F OUTBOUND_PORTS_EXCLUDE=
2022-04-30T04:26:21.657710641Z stdout F KUBE_VIRT_INTERFACES=
2022-04-30T04:26:21.657730377Z stdout F ENABLE_INBOUND_IPV6=false
2022-04-30T04:26:21.657742314Z stdout F DNS_CAPTURE=false
2022-04-30T04:26:21.657753044Z stdout F DROP_INVALID=false
2022-04-30T04:26:21.657806857Z stdout F CAPTURE_ALL_DNS=false
2022-04-30T04:26:21.657820542Z stdout F DNS_SERVERS=[],[]
2022-04-30T04:26:21.657832513Z stdout F OUTPUT_PATH=
2022-04-30T04:26:21.657843945Z stdout F NETWORK_NAMESPACE=
2022-04-30T04:26:21.65785443Z stdout F CNI_MODE=false
2022-04-30T04:26:21.657865044Z stdout F EXCLUDE_INTERFACES=
2022-04-30T04:26:21.65787472Z stdout F 
2022-04-30T04:26:21.65788644Z stdout F 2022-04-30T04:26:21.650816Z	info	Writing following contents to rules file: /tmp/iptables-rules-1651292781649462919.txt2905066454
2022-04-30T04:26:21.657897177Z stdout F * nat
2022-04-30T04:26:21.657907355Z stdout F -N ISTIO_INBOUND
2022-04-30T04:26:21.657917665Z stdout F -N ISTIO_REDIRECT
2022-04-30T04:26:21.657927403Z stdout F -N ISTIO_IN_REDIRECT
2022-04-30T04:26:21.657937952Z stdout F -N ISTIO_OUTPUT
2022-04-30T04:26:21.657949352Z stdout F -A ISTIO_INBOUND -p tcp --dport 15008 -j RETURN
2022-04-30T04:26:21.657960757Z stdout F -A ISTIO_REDIRECT -p tcp -j REDIRECT --to-ports 15001
2022-04-30T04:26:21.657970997Z stdout F -A ISTIO_IN_REDIRECT -p tcp -j REDIRECT --to-ports 15006
2022-04-30T04:26:21.657981446Z stdout F -A PREROUTING -p tcp -j ISTIO_INBOUND
2022-04-30T04:26:21.657991865Z stdout F -A ISTIO_INBOUND -p tcp --dport 15090 -j RETURN
2022-04-30T04:26:21.658165946Z stdout F -A ISTIO_INBOUND -p tcp --dport 15021 -j RETURN
2022-04-30T04:26:21.658187453Z stdout F -A ISTIO_INBOUND -p tcp --dport 15020 -j RETURN
2022-04-30T04:26:21.658198464Z stdout F -A ISTIO_INBOUND -p tcp -j ISTIO_IN_REDIRECT
2022-04-30T04:26:21.658209765Z stdout F -A OUTPUT -p tcp -j ISTIO_OUTPUT
2022-04-30T04:26:21.658220531Z stdout F -A ISTIO_OUTPUT -o lo -s 127.0.0.6/32 -j RETURN
2022-04-30T04:26:21.658544831Z stdout F -A ISTIO_OUTPUT -o lo ! -d 127.0.0.1/32 -m owner --uid-owner 1337 -j ISTIO_IN_REDIRECT
2022-04-30T04:26:21.658562844Z stdout F -A ISTIO_OUTPUT -o lo -m owner ! --uid-owner 1337 -j RETURN
2022-04-30T04:26:21.658574144Z stdout F -A ISTIO_OUTPUT -m owner --uid-owner 1337 -j RETURN
2022-04-30T04:26:21.658609186Z stdout F -A ISTIO_OUTPUT -o lo ! -d 127.0.0.1/32 -m owner --gid-owner 1337 -j ISTIO_IN_REDIRECT
2022-04-30T04:26:21.658721362Z stdout F -A ISTIO_OUTPUT -o lo -m owner ! --gid-owner 1337 -j RETURN
2022-04-30T04:26:21.658745917Z stdout F -A ISTIO_OUTPUT -m owner --gid-owner 1337 -j RETURN
2022-04-30T04:26:21.658759797Z stdout F -A ISTIO_OUTPUT -d 127.0.0.1/32 -j RETURN
2022-04-30T04:26:21.658772103Z stdout F -A ISTIO_OUTPUT -j ISTIO_REDIRECT
2022-04-30T04:26:21.65878394Z stdout F COMMIT
2022-04-30T04:26:21.658796308Z stdout F 2022-04-30T04:26:21.651095Z	info	Running command: iptables-restore --noflush /tmp/iptables-rules-1651292781649462919.txt2905066454
2022-04-30T04:26:21.720738568Z stdout F 2022-04-30T04:26:21.714562Z	info	Writing following contents to rules file: /tmp/ip6tables-rules-1651292781713504640.txt205363051
2022-04-30T04:26:21.720818152Z stdout F 
2022-04-30T04:26:21.720839594Z stdout F 2022-04-30T04:26:21.715199Z	info	Running command: ip6tables-restore --noflush /tmp/ip6tables-rules-1651292781713504640.txt205363051
2022-04-30T04:26:21.736305715Z stdout F 2022-04-30T04:26:21.735499Z	info	Running command: iptables-save 
2022-04-30T04:26:21.799926583Z stdout F 2022-04-30T04:26:21.799126Z	info	Command output: 
2022-04-30T04:26:21.799977272Z stdout F # Generated by iptables-save v1.8.4 on Sat Apr 30 04:26:21 2022
2022-04-30T04:26:21.799991027Z stdout F *nat
2022-04-30T04:26:21.800002592Z stdout F :PREROUTING ACCEPT [0:0]
2022-04-30T04:26:21.800012168Z stdout F :INPUT ACCEPT [0:0]
2022-04-30T04:26:21.800021858Z stdout F :OUTPUT ACCEPT [0:0]
2022-04-30T04:26:21.800032365Z stdout F :POSTROUTING ACCEPT [0:0]
2022-04-30T04:26:21.800042155Z stdout F :ISTIO_INBOUND - [0:0]
2022-04-30T04:26:21.800051787Z stdout F :ISTIO_IN_REDIRECT - [0:0]
2022-04-30T04:26:21.800061242Z stdout F :ISTIO_OUTPUT - [0:0]
2022-04-30T04:26:21.800071726Z stdout F :ISTIO_REDIRECT - [0:0]
2022-04-30T04:26:21.800083185Z stdout F -A PREROUTING -p tcp -j ISTIO_INBOUND
2022-04-30T04:26:21.800126628Z stdout F -A OUTPUT -p tcp -j ISTIO_OUTPUT
2022-04-30T04:26:21.800160427Z stdout F -A ISTIO_INBOUND -p tcp -m tcp --dport 15008 -j RETURN
2022-04-30T04:26:21.800176534Z stdout F -A ISTIO_INBOUND -p tcp -m tcp --dport 15090 -j RETURN
2022-04-30T04:26:21.800186995Z stdout F -A ISTIO_INBOUND -p tcp -m tcp --dport 15021 -j RETURN
2022-04-30T04:26:21.800197212Z stdout F -A ISTIO_INBOUND -p tcp -m tcp --dport 15020 -j RETURN
2022-04-30T04:26:21.800207339Z stdout F -A ISTIO_INBOUND -p tcp -j ISTIO_IN_REDIRECT
2022-04-30T04:26:21.800217486Z stdout F -A ISTIO_IN_REDIRECT -p tcp -j REDIRECT --to-ports 15006
2022-04-30T04:26:21.800227642Z stdout F -A ISTIO_OUTPUT -s 127.0.0.6/32 -o lo -j RETURN
2022-04-30T04:26:21.800238714Z stdout F -A ISTIO_OUTPUT ! -d 127.0.0.1/32 -o lo -m owner --uid-owner 1337 -j ISTIO_IN_REDIRECT
2022-04-30T04:26:21.800249013Z stdout F -A ISTIO_OUTPUT -o lo -m owner ! --uid-owner 1337 -j RETURN
2022-04-30T04:26:21.80025911Z stdout F -A ISTIO_OUTPUT -m owner --uid-owner 1337 -j RETURN
2022-04-30T04:26:21.800269953Z stdout F -A ISTIO_OUTPUT ! -d 127.0.0.1/32 -o lo -m owner --gid-owner 1337 -j ISTIO_IN_REDIRECT
2022-04-30T04:26:21.800280116Z stdout F -A ISTIO_OUTPUT -o lo -m owner ! --gid-owner 1337 -j RETURN
2022-04-30T04:26:21.800290171Z stdout F -A ISTIO_OUTPUT -m owner --gid-owner 1337 -j RETURN
2022-04-30T04:26:21.800300198Z stdout F -A ISTIO_OUTPUT -d 127.0.0.1/32 -j RETURN
2022-04-30T04:26:21.800310448Z stdout F -A ISTIO_OUTPUT -j ISTIO_REDIRECT
2022-04-30T04:26:21.800320606Z stdout F -A ISTIO_REDIRECT -p tcp -j REDIRECT --to-ports 15001
2022-04-30T04:26:21.800331267Z stdout F COMMIT
2022-04-30T04:26:21.800341733Z stdout F # Completed on Sat Apr 30 04:26:21 2022
2022-04-30T04:26:21.800351649Z stdout F 
