2022-05-26T05:36:10.251189005Z stdout F 2022-05-26 13:36:08.651  INFO [bootstrap,,,] 1 --- [           main] s.c.a.AnnotationConfigApplicationContext : Refreshing org.springframework.context.annotation.AnnotationConfigApplicationContext@48533e64: startup date [Thu May 26 13:36:08 CST 2022]; root of context hierarchy
2022-05-26T05:37:07.349935347Z stdout F 2022-05-26 13:37:07.314  INFO [bootstrap,,,] 1 --- [           main] trationDelegate$BeanPostProcessorChecker : Bean 'configurationPropertiesRebinderAutoConfiguration' of type [org.springframework.cloud.autoconfigure.ConfigurationPropertiesRebinderAutoConfiguration$$EnhancerBySpringCGLIB$$3c5b44cd] is not eligible for getting processed by all BeanPostProcessors (for example: not eligible for auto-proxying)
2022-05-26T05:37:51.148296478Z stdout F 
2022-05-26T05:37:51.148348016Z stdout F   .   ____          _            __ _ _
2022-05-26T05:37:51.148355429Z stdout F  /\\ / ___'_ __ _ _(_)_ __  __ _ \ \ \ \
2022-05-26T05:37:51.148360385Z stdout F ( ( )\___ | '_ | '_| | '_ \/ _` | \ \ \ \
2022-05-26T05:37:51.148365306Z stdout F  \\/  ___)| |_)| | | | | || (_| |  ) ) ) )
2022-05-26T05:37:51.148441869Z stdout F   '  |____| .__|_| |_|_| |_\__, | / / / /
2022-05-26T05:37:51.148454871Z stdout F  =========|_|==============|___/=/_/_/_/
2022-05-26T05:37:51.148982282Z stdout F  :: Spring Boot ::       (v1.5.22.RELEASE)
2022-05-26T05:37:51.149006774Z stdout F 
2022-05-26T05:37:53.123463365Z stdout F 2022-05-26 13:37:53.122  INFO [ts-travel-plan-service,,,] 1 --- [           main] travelplan.TravelPlanApplication         : No active profile set, falling back to default profiles: default
2022-05-26T05:37:54.692833194Z stdout F 2022-05-26 13:37:54.692  INFO [ts-travel-plan-service,,,] 1 --- [           main] ationConfigEmbeddedWebApplicationContext : Refreshing org.springframework.boot.context.embedded.AnnotationConfigEmbeddedWebApplicationContext@29ee9faa: startup date [Thu May 26 13:37:54 CST 2022]; parent: org.springframework.context.annotation.AnnotationConfigApplicationContext@48533e64
2022-05-26T05:39:03.378182094Z stdout F 2022-05-26 13:39:03.376  INFO [ts-travel-plan-service,,,] 1 --- [           main] o.s.i.config.IntegrationRegistrar        : No bean named 'integrationHeaderChannelRegistry' has been explicitly defined. Therefore, a default DefaultHeaderChannelRegistry will be created.
2022-05-26T05:39:26.786676963Z stdout F 2022-05-26 13:39:26.783  INFO [ts-travel-plan-service,,,] 1 --- [           main] o.s.cloud.context.scope.GenericScope     : BeanFactory id=2aac6e10-3279-3034-97ca-c1d89ef1fd2d
2022-05-26T05:39:27.73488287Z stdout F 2022-05-26 13:39:27.728  INFO [ts-travel-plan-service,,,] 1 --- [           main] faultConfiguringBeanFactoryPostProcessor : No bean named 'errorChannel' has been explicitly defined. Therefore, a default PublishSubscribeChannel will be created.
2022-05-26T05:39:28.153478103Z stdout F 2022-05-26 13:39:28.152  INFO [ts-travel-plan-service,,,] 1 --- [           main] faultConfiguringBeanFactoryPostProcessor : No bean named 'taskScheduler' has been explicitly defined. Therefore, a default ThreadPoolTaskScheduler will be created.
2022-05-26T05:39:31.158457277Z stdout F 2022-05-26 13:39:31.157  INFO [ts-travel-plan-service,,,] 1 --- [           main] trationDelegate$BeanPostProcessorChecker : Bean 'org.springframework.cloud.sleuth.instrument.async.AsyncDefaultAutoConfiguration$DefaultAsyncConfigurerSupport' of type [org.springframework.cloud.sleuth.instrument.async.AsyncDefaultAutoConfiguration$DefaultAsyncConfigurerSupport$$EnhancerBySpringCGLIB$$5d82df93] is not eligible for getting processed by all BeanPostProcessors (for example: not eligible for auto-proxying)
2022-05-26T05:39:34.686277728Z stdout F 2022-05-26 13:39:34.685  INFO [ts-travel-plan-service,,,] 1 --- [           main] trationDelegate$BeanPostProcessorChecker : Bean 'org.springframework.cloud.sleuth.annotation.SleuthAnnotationAutoConfiguration' of type [org.springframework.cloud.sleuth.annotation.SleuthAnnotationAutoConfiguration$$EnhancerBySpringCGLIB$$22a68802] is not eligible for getting processed by all BeanPostProcessors (for example: not eligible for auto-proxying)
2022-05-26T05:39:43.243404077Z stdout F 2022-05-26 13:39:43.235  INFO [ts-travel-plan-service,,,] 1 --- [           main] trationDelegate$BeanPostProcessorChecker : Bean 'sleuthAdvisorConfig' of type [org.springframework.cloud.sleuth.annotation.SleuthAdvisorConfig] is not eligible for getting processed by all BeanPostProcessors (for example: not eligible for auto-proxying)
2022-05-26T05:39:43.846037855Z stdout F 2022-05-26 13:39:43.803  INFO [ts-travel-plan-service,,,] 1 --- [           main] trationDelegate$BeanPostProcessorChecker : Bean 'org.springframework.security.config.annotation.configuration.ObjectPostProcessorConfiguration' of type [org.springframework.security.config.annotation.configuration.ObjectPostProcessorConfiguration$$EnhancerBySpringCGLIB$$b8ef0a0a] is not eligible for getting processed by all BeanPostProcessors (for example: not eligible for auto-proxying)
2022-05-26T05:39:44.181973244Z stdout F 2022-05-26 13:39:44.181  INFO [ts-travel-plan-service,,,] 1 --- [           main] trationDelegate$BeanPostProcessorChecker : Bean 'objectPostProcessor' of type [org.springframework.security.config.annotation.configuration.AutowireBeanFactoryObjectPostProcessor] is not eligible for getting processed by all BeanPostProcessors (for example: not eligible for auto-proxying)
2022-05-26T05:39:44.591319486Z stdout F 2022-05-26 13:39:44.530  INFO [ts-travel-plan-service,,,] 1 --- [           main] trationDelegate$BeanPostProcessorChecker : Bean 'org.springframework.security.access.expression.method.DefaultMethodSecurityExpressionHandler@7486b455' of type [org.springframework.security.access.expression.method.DefaultMethodSecurityExpressionHandler] is not eligible for getting processed by all BeanPostProcessors (for example: not eligible for auto-proxying)
2022-05-26T05:39:45.02022231Z stdout F 2022-05-26 13:39:45.019  INFO [ts-travel-plan-service,,,] 1 --- [           main] trationDelegate$BeanPostProcessorChecker : Bean 'org.springframework.security.config.annotation.method.configuration.GlobalMethodSecurityConfiguration' of type [org.springframework.security.config.annotation.method.configuration.GlobalMethodSecurityConfiguration$$EnhancerBySpringCGLIB$$ddc3acbc] is not eligible for getting processed by all BeanPostProcessors (for example: not eligible for auto-proxying)
2022-05-26T05:39:46.404655508Z stdout F 2022-05-26 13:39:46.404  INFO [ts-travel-plan-service,,,] 1 --- [           main] trationDelegate$BeanPostProcessorChecker : Bean 'methodSecurityMetadataSource' of type [org.springframework.security.access.method.DelegatingMethodSecurityMetadataSource] is not eligible for getting processed by all BeanPostProcessors (for example: not eligible for auto-proxying)
2022-05-26T05:39:48.851744579Z stdout F 2022-05-26 13:39:48.851  INFO [ts-travel-plan-service,,,] 1 --- [           main] trationDelegate$BeanPostProcessorChecker : Bean 'integrationGlobalProperties' of type [org.springframework.beans.factory.config.PropertiesFactoryBean] is not eligible for getting processed by all BeanPostProcessors (for example: not eligible for auto-proxying)
2022-05-26T05:39:49.068967636Z stdout F 2022-05-26 13:39:49.068  INFO [ts-travel-plan-service,,,] 1 --- [           main] trationDelegate$BeanPostProcessorChecker : Bean 'integrationGlobalProperties' of type [java.util.Properties] is not eligible for getting processed by all BeanPostProcessors (for example: not eligible for auto-proxying)
2022-05-26T05:39:52.156686351Z stdout F 2022-05-26 13:39:52.155  INFO [ts-travel-plan-service,,,] 1 --- [           main] trationDelegate$BeanPostProcessorChecker : Bean 'org.springframework.cloud.autoconfigure.ConfigurationPropertiesRebinderAutoConfiguration' of type [org.springframework.cloud.autoconfigure.ConfigurationPropertiesRebinderAutoConfiguration$$EnhancerBySpringCGLIB$$3c5b44cd] is not eligible for getting processed by all BeanPostProcessors (for example: not eligible for auto-proxying)
2022-05-26T05:39:53.326225956Z stdout F 2022-05-26 13:39:53.325  INFO [ts-travel-plan-service,,,] 1 --- [           main] trationDelegate$BeanPostProcessorChecker : Bean 'org.springframework.cloud.sleuth.instrument.async.AsyncDefaultAutoConfiguration' of type [org.springframework.cloud.sleuth.instrument.async.AsyncDefaultAutoConfiguration$$EnhancerBySpringCGLIB$$824edef] is not eligible for getting processed by all BeanPostProcessors (for example: not eligible for auto-proxying)
2022-05-26T05:39:54.637650861Z stdout F 2022-05-26 13:39:54.637  INFO [ts-travel-plan-service,,,] 1 --- [           main] trationDelegate$BeanPostProcessorChecker : Bean 'org.springframework.cloud.sleuth.instrument.web.client.TraceWebClientAutoConfiguration' of type [org.springframework.cloud.sleuth.instrument.web.client.TraceWebClientAutoConfiguration$$EnhancerBySpringCGLIB$$ccd40d4f] is not eligible for getting processed by all BeanPostProcessors (for example: not eligible for auto-proxying)
2022-05-26T05:40:18.147673256Z stdout F 2022-05-26 13:40:18.146  INFO [ts-travel-plan-service,,,] 1 --- [           main] s.b.c.e.t.TomcatEmbeddedServletContainer : Tomcat initialized with port(s): 14322 (http)
2022-05-26T05:40:19.160835147Z stdout F 2022-05-26 13:40:19.089  INFO [ts-travel-plan-service,,,] 1 --- [           main] o.apache.catalina.core.StandardService   : Starting service [Tomcat]
2022-05-26T05:40:19.161772252Z stdout F 2022-05-26 13:40:19.161  INFO [ts-travel-plan-service,,,] 1 --- [           main] org.apache.catalina.core.StandardEngine  : Starting Servlet Engine: Apache Tomcat/8.5.43
2022-05-26T05:40:27.245559413Z stdout F 2022-05-26 13:40:27.097  INFO [ts-travel-plan-service,,,] 1 --- [ost-startStop-1] o.a.c.c.C.[Tomcat].[localhost].[/]       : Initializing Spring embedded WebApplicationContext
2022-05-26T05:40:27.245620743Z stdout F 2022-05-26 13:40:27.244  INFO [ts-travel-plan-service,,,] 1 --- [ost-startStop-1] o.s.web.context.ContextLoader            : Root WebApplicationContext: initialization completed in 152552 ms
2022-05-26T05:41:17.618357522Z stdout F 2022-05-26 13:41:17.617  INFO [ts-travel-plan-service,,,] 1 --- [ost-startStop-1] o.s.b.w.servlet.FilterRegistrationBean   : Mapping filter: 'metricsFilter' to: [/*]
2022-05-26T05:41:17.647179093Z stdout F 2022-05-26 13:41:17.646  INFO [ts-travel-plan-service,,,] 1 --- [ost-startStop-1] o.s.b.w.servlet.FilterRegistrationBean   : Mapping filter: 'characterEncodingFilter' to: [/*]
2022-05-26T05:41:17.729120005Z stdout F 2022-05-26 13:41:17.656  INFO [ts-travel-plan-service,,,] 1 --- [ost-startStop-1] o.s.b.w.servlet.FilterRegistrationBean   : Mapping filter: 'traceFilter' to: [/*]
2022-05-26T05:41:17.737932355Z stdout F 2022-05-26 13:41:17.737  INFO [ts-travel-plan-service,,,] 1 --- [ost-startStop-1] o.s.b.w.servlet.FilterRegistrationBean   : Mapping filter: 'hiddenHttpMethodFilter' to: [/*]
2022-05-26T05:41:17.741561504Z stdout F 2022-05-26 13:41:17.740  INFO [ts-travel-plan-service,,,] 1 --- [ost-startStop-1] o.s.b.w.servlet.FilterRegistrationBean   : Mapping filter: 'httpPutFormContentFilter' to: [/*]
2022-05-26T05:41:17.744355474Z stdout F 2022-05-26 13:41:17.743  INFO [ts-travel-plan-service,,,] 1 --- [ost-startStop-1] o.s.b.w.servlet.FilterRegistrationBean   : Mapping filter: 'requestContextFilter' to: [/*]
2022-05-26T05:41:17.757903882Z stdout F 2022-05-26 13:41:17.757  INFO [ts-travel-plan-service,,,] 1 --- [ost-startStop-1] .s.DelegatingFilterProxyRegistrationBean : Mapping filter: 'springSecurityFilterChain' to: [/*]
2022-05-26T05:41:17.861100158Z stdout F 2022-05-26 13:41:17.860  INFO [ts-travel-plan-service,,,] 1 --- [ost-startStop-1] o.s.b.w.servlet.FilterRegistrationBean   : Mapping filter: 'webRequestLoggingFilter' to: [/*]
2022-05-26T05:41:17.862107213Z stdout F 2022-05-26 13:41:17.861  INFO [ts-travel-plan-service,,,] 1 --- [ost-startStop-1] o.s.b.w.servlet.FilterRegistrationBean   : Mapping filter: 'applicationContextIdFilter' to: [/*]
2022-05-26T05:41:17.875427345Z stdout F 2022-05-26 13:41:17.874  INFO [ts-travel-plan-service,,,] 1 --- [ost-startStop-1] o.s.b.w.servlet.ServletRegistrationBean  : Mapping servlet: 'dispatcherServlet' to [/]
2022-05-26T05:45:07.448270175Z stdout F 2022-05-26 13:45:07.447  INFO [ts-travel-plan-service,,,] 1 --- [           main] s.w.s.m.m.a.RequestMappingHandlerMapping : Mapped "{[/api/v1/travelplanservice/welcome],methods=[GET]}" onto public java.lang.String travelplan.controller.TravelPlanController.home()
2022-05-26T05:45:07.548390307Z stdout F 2022-05-26 13:45:07.547  INFO [ts-travel-plan-service,,,] 1 --- [           main] s.w.s.m.m.a.RequestMappingHandlerMapping : Mapped "{[/api/v1/travelplanservice/travelPlan/transferResult],methods=[POST]}" onto public org.springframework.http.HttpEntity travelplan.controller.TravelPlanController.getTransferResult(travelplan.entity.TransferTravelInfo,org.springframework.http.HttpHeaders)
2022-05-26T05:45:07.549031916Z stdout F 2022-05-26 13:45:07.548  INFO [ts-travel-plan-service,,,] 1 --- [           main] s.w.s.m.m.a.RequestMappingHandlerMapping : Mapped "{[/api/v1/travelplanservice/travelPlan/cheapest],methods=[POST]}" onto public org.springframework.http.HttpEntity travelplan.controller.TravelPlanController.getByCheapest(travelplan.entity.TripInfo,org.springframework.http.HttpHeaders)
2022-05-26T05:45:07.549312904Z stdout F 2022-05-26 13:45:07.548  INFO [ts-travel-plan-service,,,] 1 --- [           main] s.w.s.m.m.a.RequestMappingHandlerMapping : Mapped "{[/api/v1/travelplanservice/travelPlan/quickest],methods=[POST]}" onto public org.springframework.http.HttpEntity travelplan.controller.TravelPlanController.getByQuickest(travelplan.entity.TripInfo,org.springframework.http.HttpHeaders)
2022-05-26T05:45:07.549945015Z stdout F 2022-05-26 13:45:07.549  INFO [ts-travel-plan-service,,,] 1 --- [           main] s.w.s.m.m.a.RequestMappingHandlerMapping : Mapped "{[/api/v1/travelplanservice/travelPlan/minStation],methods=[POST]}" onto public org.springframework.http.HttpEntity travelplan.controller.TravelPlanController.getByMinStation(travelplan.entity.TripInfo,org.springframework.http.HttpHeaders)
2022-05-26T05:45:07.652364317Z stdout F 2022-05-26 13:45:07.651  INFO [ts-travel-plan-service,,,] 1 --- [           main] s.w.s.m.m.a.RequestMappingHandlerMapping : Mapped "{[/v2/api-docs],methods=[GET],produces=[application/json || application/hal+json]}" onto public org.springframework.http.ResponseEntity<springfox.documentation.spring.web.json.Json> springfox.documentation.swagger2.web.Swagger2Controller.getDocumentation(java.lang.String,javax.servlet.http.HttpServletRequest)
2022-05-26T05:45:07.829213025Z stdout F 2022-05-26 13:45:07.820  INFO [ts-travel-plan-service,,,] 1 --- [           main] s.w.s.m.m.a.RequestMappingHandlerMapping : Mapped "{[/configuration/ui]}" onto org.springframework.http.ResponseEntity<springfox.documentation.swagger.web.UiConfiguration> springfox.documentation.swagger.web.ApiResourceController.uiConfiguration()
2022-05-26T05:45:07.830997281Z stdout F 2022-05-26 13:45:07.830  INFO [ts-travel-plan-service,,,] 1 --- [           main] s.w.s.m.m.a.RequestMappingHandlerMapping : Mapped "{[/configuration/security]}" onto org.springframework.http.ResponseEntity<springfox.documentation.swagger.web.SecurityConfiguration> springfox.documentation.swagger.web.ApiResourceController.securityConfiguration()
2022-05-26T05:45:07.891941199Z stdout F 2022-05-26 13:45:07.891  INFO [ts-travel-plan-service,,,] 1 --- [           main] s.w.s.m.m.a.RequestMappingHandlerMapping : Mapped "{[/swagger-resources]}" onto org.springframework.http.ResponseEntity<java.util.List<springfox.documentation.swagger.web.SwaggerResource>> springfox.documentation.swagger.web.ApiResourceController.swaggerResources()
2022-05-26T05:45:08.112525662Z stdout F 2022-05-26 13:45:08.111  INFO [ts-travel-plan-service,,,] 1 --- [           main] s.w.s.m.m.a.RequestMappingHandlerMapping : Mapped "{[/error],produces=[text/html]}" onto public org.springframework.web.servlet.ModelAndView org.springframework.boot.autoconfigure.web.BasicErrorController.errorHtml(javax.servlet.http.HttpServletRequest,javax.servlet.http.HttpServletResponse)
2022-05-26T05:45:08.113696682Z stdout F 2022-05-26 13:45:08.112  INFO [ts-travel-plan-service,,,] 1 --- [           main] s.w.s.m.m.a.RequestMappingHandlerMapping : Mapped "{[/error]}" onto public org.springframework.http.ResponseEntity<java.util.Map<java.lang.String, java.lang.Object>> org.springframework.boot.autoconfigure.web.BasicErrorController.error(javax.servlet.http.HttpServletRequest)
2022-05-26T05:46:18.903855189Z stdout F 2022-05-26 13:46:18.902  INFO [ts-travel-plan-service,,,] 1 --- [           main] o.s.b.a.e.mvc.EndpointHandlerMapping     : Mapped "{[/env],methods=[POST]}" onto public java.lang.Object org.springframework.cloud.context.environment.EnvironmentManagerMvcEndpoint.value(java.util.Map<java.lang.String, java.lang.String>)
2022-05-26T05:46:18.918459915Z stdout F 2022-05-26 13:46:18.915  INFO [ts-travel-plan-service,,,] 1 --- [           main] o.s.b.a.e.mvc.EndpointHandlerMapping     : Mapped "{[/env/reset],methods=[POST]}" onto public java.util.Map<java.lang.String, java.lang.Object> org.springframework.cloud.context.environment.EnvironmentManagerMvcEndpoint.reset()
2022-05-26T05:46:18.918520073Z stdout F 2022-05-26 13:46:18.917  INFO [ts-travel-plan-service,,,] 1 --- [           main] o.s.b.a.e.mvc.EndpointHandlerMapping     : Mapped "{[/autoconfig || /autoconfig.json],methods=[GET],produces=[application/vnd.spring-boot.actuator.v1+json || application/json]}" onto public java.lang.Object org.springframework.boot.actuate.endpoint.mvc.EndpointMvcAdapter.invoke()
2022-05-26T05:46:18.936839222Z stdout F 2022-05-26 13:46:18.927  INFO [ts-travel-plan-service,,,] 1 --- [           main] o.s.b.a.e.mvc.EndpointHandlerMapping     : Mapped "{[/beans || /beans.json],methods=[GET],produces=[application/vnd.spring-boot.actuator.v1+json || application/json]}" onto public java.lang.Object org.springframework.boot.actuate.endpoint.mvc.EndpointMvcAdapter.invoke()
2022-05-26T05:46:18.954845499Z stdout F 2022-05-26 13:46:18.939  INFO [ts-travel-plan-service,,,] 1 --- [           main] o.s.b.a.e.mvc.EndpointHandlerMapping     : Mapped "{[/info || /info.json],methods=[GET],produces=[application/vnd.spring-boot.actuator.v1+json || application/json]}" onto public java.lang.Object org.springframework.boot.actuate.endpoint.mvc.EndpointMvcAdapter.invoke()
2022-05-26T05:46:18.964950073Z stdout F 2022-05-26 13:46:18.955  INFO [ts-travel-plan-service,,,] 1 --- [           main] o.s.b.a.e.mvc.EndpointHandlerMapping     : Mapped "{[/dump || /dump.json],methods=[GET],produces=[application/vnd.spring-boot.actuator.v1+json || application/json]}" onto public java.lang.Object org.springframework.boot.actuate.endpoint.mvc.EndpointMvcAdapter.invoke()
2022-05-26T05:46:18.977561933Z stdout F 2022-05-26 13:46:18.976  INFO [ts-travel-plan-service,,,] 1 --- [           main] o.s.b.a.e.mvc.EndpointHandlerMapping     : Mapped "{[/auditevents || /auditevents.json],methods=[GET],produces=[application/vnd.spring-boot.actuator.v1+json || application/json]}" onto public org.springframework.http.ResponseEntity<?> org.springframework.boot.actuate.endpoint.mvc.AuditEventsMvcEndpoint.findByPrincipalAndAfterAndType(java.lang.String,java.util.Date,java.lang.String)
2022-05-26T05:46:18.989815668Z stdout F 2022-05-26 13:46:18.988  INFO [ts-travel-plan-service,,,] 1 --- [           main] o.s.b.a.e.mvc.EndpointHandlerMapping     : Mapped "{[/heapdump || /heapdump.json],methods=[GET],produces=[application/octet-stream]}" onto public void org.springframework.boot.actuate.endpoint.mvc.HeapdumpMvcEndpoint.invoke(boolean,javax.servlet.http.HttpServletRequest,javax.servlet.http.HttpServletResponse) throws java.io.IOException,javax.servlet.ServletException
2022-05-26T05:46:19.03800917Z stdout F 2022-05-26 13:46:19.036  INFO [ts-travel-plan-service,,,] 1 --- [           main] o.s.b.a.e.mvc.EndpointHandlerMapping     : Mapped "{[/trace || /trace.json],methods=[GET],produces=[application/vnd.spring-boot.actuator.v1+json || application/json]}" onto public java.lang.Object org.springframework.boot.actuate.endpoint.mvc.EndpointMvcAdapter.invoke()
2022-05-26T05:46:19.053207538Z stdout F 2022-05-26 13:46:19.049  INFO [ts-travel-plan-service,,,] 1 --- [           main] o.s.b.a.e.mvc.EndpointHandlerMapping     : Mapped "{[/metrics/{name:.*}],methods=[GET],produces=[application/vnd.spring-boot.actuator.v1+json || application/json]}" onto public java.lang.Object org.springframework.boot.actuate.endpoint.mvc.MetricsMvcEndpoint.value(java.lang.String)
2022-05-26T05:46:19.053392914Z stdout F 2022-05-26 13:46:19.050  INFO [ts-travel-plan-service,,,] 1 --- [           main] o.s.b.a.e.mvc.EndpointHandlerMapping     : Mapped "{[/metrics || /metrics.json],methods=[GET],produces=[application/vnd.spring-boot.actuator.v1+json || application/json]}" onto public java.lang.Object org.springframework.boot.actuate.endpoint.mvc.EndpointMvcAdapter.invoke()
2022-05-26T05:46:19.05341502Z stdout F 2022-05-26 13:46:19.051  INFO [ts-travel-plan-service,,,] 1 --- [           main] o.s.b.a.e.mvc.EndpointHandlerMapping     : Mapped "{[/features || /features.json],methods=[GET],produces=[application/vnd.spring-boot.actuator.v1+json || application/json]}" onto public java.lang.Object org.springframework.boot.actuate.endpoint.mvc.EndpointMvcAdapter.invoke()
2022-05-26T05:46:19.076920572Z stdout F 2022-05-26 13:46:19.052  INFO [ts-travel-plan-service,,,] 1 --- [           main] o.s.b.a.e.mvc.EndpointHandlerMapping     : Mapped "{[/configprops || /configprops.json],methods=[GET],produces=[application/vnd.spring-boot.actuator.v1+json || application/json]}" onto public java.lang.Object org.springframework.boot.actuate.endpoint.mvc.EndpointMvcAdapter.invoke()
2022-05-26T05:46:19.109661127Z stdout F 2022-05-26 13:46:19.108  INFO [ts-travel-plan-service,,,] 1 --- [           main] o.s.b.a.e.mvc.EndpointHandlerMapping     : Mapped "{[/loggers/{name:.*}],methods=[GET],produces=[application/vnd.spring-boot.actuator.v1+json || application/json]}" onto public java.lang.Object org.springframework.boot.actuate.endpoint.mvc.LoggersMvcEndpoint.get(java.lang.String)
2022-05-26T05:46:19.136720952Z stdout F 2022-05-26 13:46:19.109  INFO [ts-travel-plan-service,,,] 1 --- [           main] o.s.b.a.e.mvc.EndpointHandlerMapping     : Mapped "{[/loggers/{name:.*}],methods=[POST],consumes=[application/vnd.spring-boot.actuator.v1+json || application/json],produces=[application/vnd.spring-boot.actuator.v1+json || application/json]}" onto public java.lang.Object org.springframework.boot.actuate.endpoint.mvc.LoggersMvcEndpoint.set(java.lang.String,java.util.Map<java.lang.String, java.lang.String>)
2022-05-26T05:46:19.137150414Z stdout F 2022-05-26 13:46:19.136  INFO [ts-travel-plan-service,,,] 1 --- [           main] o.s.b.a.e.mvc.EndpointHandlerMapping     : Mapped "{[/loggers || /loggers.json],methods=[GET],produces=[application/vnd.spring-boot.actuator.v1+json || application/json]}" onto public java.lang.Object org.springframework.boot.actuate.endpoint.mvc.EndpointMvcAdapter.invoke()
2022-05-26T05:46:19.175239113Z stdout F 2022-05-26 13:46:19.174  INFO [ts-travel-plan-service,,,] 1 --- [           main] o.s.b.a.e.mvc.EndpointHandlerMapping     : Mapped "{[/env/{name:.*}],methods=[GET],produces=[application/vnd.spring-boot.actuator.v1+json || application/json]}" onto public java.lang.Object org.springframework.boot.actuate.endpoint.mvc.EnvironmentMvcEndpoint.value(java.lang.String)
2022-05-26T05:46:19.209940573Z stdout F 2022-05-26 13:46:19.209  INFO [ts-travel-plan-service,,,] 1 --- [           main] o.s.b.a.e.mvc.EndpointHandlerMapping     : Mapped "{[/env || /env.json],methods=[GET],produces=[application/vnd.spring-boot.actuator.v1+json || application/json]}" onto public java.lang.Object org.springframework.boot.actuate.endpoint.mvc.EndpointMvcAdapter.invoke()
2022-05-26T05:46:19.211110369Z stdout F 2022-05-26 13:46:19.210  INFO [ts-travel-plan-service,,,] 1 --- [           main] o.s.b.a.e.mvc.EndpointHandlerMapping     : Mapped "{[/refresh || /refresh.json],methods=[POST]}" onto public java.lang.Object org.springframework.cloud.endpoint.GenericPostableMvcEndpoint.invoke()
2022-05-26T05:46:19.212141168Z stdout F 2022-05-26 13:46:19.211  INFO [ts-travel-plan-service,,,] 1 --- [           main] o.s.b.a.e.mvc.EndpointHandlerMapping     : Mapped "{[/health || /health.json],methods=[GET],produces=[application/vnd.spring-boot.actuator.v1+json || application/json]}" onto public java.lang.Object org.springframework.boot.actuate.endpoint.mvc.HealthMvcEndpoint.invoke(javax.servlet.http.HttpServletRequest,java.security.Principal)
2022-05-26T05:46:19.279342983Z stdout F 2022-05-26 13:46:19.278  INFO [ts-travel-plan-service,,,] 1 --- [           main] o.s.b.a.e.mvc.EndpointHandlerMapping     : Mapped "{[/mappings || /mappings.json],methods=[GET],produces=[application/vnd.spring-boot.actuator.v1+json || application/json]}" onto public java.lang.Object org.springframework.boot.actuate.endpoint.mvc.EndpointMvcAdapter.invoke()
2022-05-26T05:47:51.772547365Z stdout F 2022-05-26 13:47:51.762  INFO [ts-travel-plan-service,,,] 1 --- [           main] b.a.s.AuthenticationManagerConfiguration : 
2022-05-26T05:47:51.772651297Z stdout F 
2022-05-26T05:47:51.772695033Z stdout F Using default security password: b6e73b03-6e9c-415c-8a23-b0b090c98b68
2022-05-26T05:47:51.772724869Z stdout F 
2022-05-26T05:48:26.321185031Z stdout F 2022-05-26 13:48:26.318  INFO [ts-travel-plan-service,,,] 1 --- [           main] o.s.s.web.DefaultSecurityFilterChain     : Creating filter chain: org.springframework.security.web.util.matcher.AnyRequestMatcher@1, [org.springframework.security.web.context.request.async.WebAsyncManagerIntegrationFilter@79e18e38, org.springframework.security.web.context.SecurityContextPersistenceFilter@4b85880b, org.springframework.security.web.header.HeaderWriterFilter@52500920, org.springframework.security.web.authentication.logout.LogoutFilter@6c67e137, edu.fudan.common.security.jwt.JWTFilter@29a60c27, org.springframework.security.web.savedrequest.RequestCacheAwareFilter@26fb628, org.springframework.security.web.servletapi.SecurityContextHolderAwareRequestFilter@4a9f80d3, org.springframework.security.web.authentication.AnonymousAuthenticationFilter@1849db1a, org.springframework.security.web.session.SessionManagementFilter@18a3962d, org.springframework.security.web.access.ExceptionTranslationFilter@6273c5a4, org.springframework.security.web.access.intercept.FilterSecurityInterceptor@6a62689d]
2022-05-26T05:48:36.915493312Z stdout F 2022-05-26 13:48:36.914  INFO [ts-travel-plan-service,,,] 1 --- [           main] o.s.w.s.handler.SimpleUrlHandlerMapping  : Mapped URL path [/webjars/**] onto handler of type [class org.springframework.web.servlet.resource.ResourceHttpRequestHandler]
2022-05-26T05:48:36.915550042Z stdout F 2022-05-26 13:48:36.915  INFO [ts-travel-plan-service,,,] 1 --- [           main] o.s.w.s.handler.SimpleUrlHandlerMapping  : Mapped URL path [/**] onto handler of type [class org.springframework.web.servlet.resource.ResourceHttpRequestHandler]
2022-05-26T05:48:44.282358811Z stdout F 2022-05-26 13:48:44.281  INFO [ts-travel-plan-service,,,] 1 --- [           main] o.s.w.s.handler.SimpleUrlHandlerMapping  : Mapped URL path [/**/favicon.ico] onto handler of type [class org.springframework.web.servlet.resource.ResourceHttpRequestHandler]
2022-05-26T05:48:49.270145562Z stdout F 2022-05-26 13:48:49.245  INFO [ts-travel-plan-service,,,] 1 --- [           main] o.s.s.web.DefaultSecurityFilterChain     : Creating filter chain: org.springframework.boot.actuate.autoconfigure.ManagementWebSecurityAutoConfiguration$LazyEndpointPathRequestMatcher@224b4d61, [org.springframework.security.web.context.request.async.WebAsyncManagerIntegrationFilter@5d5d9e5, org.springframework.security.web.context.SecurityContextPersistenceFilter@2b58f754, org.springframework.security.web.header.HeaderWriterFilter@5b6813df, org.springframework.web.filter.CorsFilter@303e3593, org.springframework.security.web.authentication.logout.LogoutFilter@33352f32, org.springframework.security.web.authentication.www.BasicAuthenticationFilter@60b71e8f, org.springframework.security.web.savedrequest.RequestCacheAwareFilter@3ebff828, org.springframework.security.web.servletapi.SecurityContextHolderAwareRequestFilter@2552f2cb, org.springframework.security.web.authentication.AnonymousAuthenticationFilter@4ef27d66, org.springframework.security.web.session.SessionManagementFilter@5f2606b, org.springframework.security.web.access.ExceptionTranslationFilter@1d71006f, org.springframework.security.web.access.intercept.FilterSecurityInterceptor@34645867]
2022-05-26T05:49:01.829455959Z stdout F 2022-05-26 13:49:01.828  INFO [ts-travel-plan-service,,,] 1 --- [           main] s.w.s.m.m.a.RequestMappingHandlerAdapter : Looking for @ControllerAdvice: org.springframework.boot.context.embedded.AnnotationConfigEmbeddedWebApplicationContext@29ee9faa: startup date [Thu May 26 13:37:54 CST 2022]; parent: org.springframework.context.annotation.AnnotationConfigApplicationContext@48533e64
2022-05-26T05:49:34.795440943Z stdout F 2022-05-26 13:49:34.794  INFO [ts-travel-plan-service,,,] 1 --- [           main] o.s.s.c.ThreadPoolTaskScheduler          : Initializing ExecutorService  'taskScheduler'
2022-05-26T05:49:50.149016093Z stdout F 2022-05-26 13:49:50.148  INFO [ts-travel-plan-service,,,] 1 --- [           main] o.s.s.c.ThreadPoolTaskScheduler          : Initializing ExecutorService 
2022-05-26T05:50:02.059638612Z stdout F 2022-05-26 13:50:02.058  INFO [ts-travel-plan-service,,,] 1 --- [           main] o.s.j.e.a.AnnotationMBeanExporter        : Registering beans for JMX exposure on startup
2022-05-26T05:50:02.234574303Z stdout F 2022-05-26 13:50:02.233  INFO [ts-travel-plan-service,,,] 1 --- [           main] o.s.j.e.a.AnnotationMBeanExporter        : Bean with name 'configurationPropertiesRebinder' has been autodetected for JMX exposure
2022-05-26T05:50:02.251514936Z stdout F 2022-05-26 13:50:02.250  INFO [ts-travel-plan-service,,,] 1 --- [           main] o.s.j.e.a.AnnotationMBeanExporter        : Bean with name 'refreshEndpoint' has been autodetected for JMX exposure
2022-05-26T05:50:02.27656523Z stdout F 2022-05-26 13:50:02.276  INFO [ts-travel-plan-service,,,] 1 --- [           main] o.s.j.e.a.AnnotationMBeanExporter        : Bean with name 'environmentManager' has been autodetected for JMX exposure
2022-05-26T05:50:02.283148287Z stdout F 2022-05-26 13:50:02.282  INFO [ts-travel-plan-service,,,] 1 --- [           main] o.s.j.e.a.AnnotationMBeanExporter        : Bean with name 'refreshScope' has been autodetected for JMX exposure
2022-05-26T05:50:02.333556579Z stdout F 2022-05-26 13:50:02.332  INFO [ts-travel-plan-service,,,] 1 --- [           main] o.s.j.e.a.AnnotationMBeanExporter        : Located managed bean 'environmentManager': registering with JMX server as MBean [org.springframework.cloud.context.environment:name=environmentManager,type=EnvironmentManager]
2022-05-26T05:50:02.57133163Z stdout F 2022-05-26 13:50:02.570  INFO [ts-travel-plan-service,,,] 1 --- [           main] o.s.j.e.a.AnnotationMBeanExporter        : Located managed bean 'refreshScope': registering with JMX server as MBean [org.springframework.cloud.context.scope.refresh:name=refreshScope,type=RefreshScope]
2022-05-26T05:50:02.788751581Z stdout F 2022-05-26 13:50:02.788  INFO [ts-travel-plan-service,,,] 1 --- [           main] o.s.j.e.a.AnnotationMBeanExporter        : Located managed bean 'configurationPropertiesRebinder': registering with JMX server as MBean [org.springframework.cloud.context.properties:name=configurationPropertiesRebinder,context=29ee9faa,type=ConfigurationPropertiesRebinder]
2022-05-26T05:50:02.878378464Z stdout F 2022-05-26 13:50:02.877  INFO [ts-travel-plan-service,,,] 1 --- [           main] o.s.j.e.a.AnnotationMBeanExporter        : Located managed bean 'refreshEndpoint': registering with JMX server as MBean [org.springframework.cloud.endpoint:name=refreshEndpoint,type=RefreshEndpoint]
2022-05-26T05:50:11.182840748Z stdout F 2022-05-26 13:50:11.179  INFO [ts-travel-plan-service,,,] 1 --- [           main] o.s.c.support.DefaultLifecycleProcessor  : Starting beans in phase 0
2022-05-26T05:50:12.301639343Z stdout F 2022-05-26 13:50:12.300  INFO [ts-travel-plan-service,,,] 1 --- [           main] o.s.i.endpoint.EventDrivenConsumer       : Adding {logging-channel-adapter:_org.springframework.integration.errorLogger} as a subscriber to the 'errorChannel' channel
2022-05-26T05:50:12.302082528Z stdout F 2022-05-26 13:50:12.301  INFO [ts-travel-plan-service,,,] 1 --- [           main] o.s.i.channel.PublishSubscribeChannel    : Channel 'ts-travel-plan-service:14322.errorChannel' has 1 subscriber(s).
2022-05-26T05:50:12.302111849Z stdout F 2022-05-26 13:50:12.301  INFO [ts-travel-plan-service,,,] 1 --- [           main] o.s.i.endpoint.EventDrivenConsumer       : started _org.springframework.integration.errorLogger
2022-05-26T05:50:12.582067063Z stdout F 2022-05-26 13:50:12.581  INFO [ts-travel-plan-service,,,] 1 --- [           main] d.s.w.p.DocumentationPluginsBootstrapper : Context refreshed
2022-05-26T05:50:13.091301188Z stdout F 2022-05-26 13:50:13.072  INFO [ts-travel-plan-service,,,] 1 --- [           main] d.s.w.p.DocumentationPluginsBootstrapper : Found 1 custom documentation plugin(s)
2022-05-26T05:50:13.214585156Z stdout F 2022-05-26 13:50:13.213  INFO [ts-travel-plan-service,,,] 1 --- [           main] s.d.s.w.s.ApiListingReferenceScanner     : Scanning for api listing references
2022-05-26T05:50:15.489806064Z stdout F 2022-05-26 13:50:15.489  INFO [ts-travel-plan-service,,,] 1 --- [           main] .d.s.w.r.o.CachingOperationNameGenerator : Generating unique operation named: findByPrincipalAndAfterAndTypeUsingGET_1
2022-05-26T05:50:17.588713919Z stdout F 2022-05-26 13:50:17.588  INFO [ts-travel-plan-service,,,] 1 --- [           main] .d.s.w.r.o.CachingOperationNameGenerator : Generating unique operation named: invokeUsingGET_1
2022-05-26T05:50:17.591879563Z stdout F 2022-05-26 13:50:17.591  INFO [ts-travel-plan-service,,,] 1 --- [           main] .d.s.w.r.o.CachingOperationNameGenerator : Generating unique operation named: invokeUsingGET_2
2022-05-26T05:50:17.599845079Z stdout F 2022-05-26 13:50:17.599  INFO [ts-travel-plan-service,,,] 1 --- [           main] .d.s.w.r.o.CachingOperationNameGenerator : Generating unique operation named: invokeUsingGET_3
2022-05-26T05:50:17.66903103Z stdout F 2022-05-26 13:50:17.668  INFO [ts-travel-plan-service,,,] 1 --- [           main] .d.s.w.r.o.CachingOperationNameGenerator : Generating unique operation named: invokeUsingGET_4
2022-05-26T05:50:17.671768661Z stdout F 2022-05-26 13:50:17.671  INFO [ts-travel-plan-service,,,] 1 --- [           main] .d.s.w.r.o.CachingOperationNameGenerator : Generating unique operation named: invokeUsingGET_5
2022-05-26T05:50:17.678699526Z stdout F 2022-05-26 13:50:17.678  INFO [ts-travel-plan-service,,,] 1 --- [           main] .d.s.w.r.o.CachingOperationNameGenerator : Generating unique operation named: invokeUsingGET_6
2022-05-26T05:50:17.681106581Z stdout F 2022-05-26 13:50:17.680  INFO [ts-travel-plan-service,,,] 1 --- [           main] .d.s.w.r.o.CachingOperationNameGenerator : Generating unique operation named: invokeUsingGET_7
2022-05-26T05:50:17.68342305Z stdout F 2022-05-26 13:50:17.683  INFO [ts-travel-plan-service,,,] 1 --- [           main] .d.s.w.r.o.CachingOperationNameGenerator : Generating unique operation named: invokeUsingGET_8
2022-05-26T05:50:17.781213394Z stdout F 2022-05-26 13:50:17.780  INFO [ts-travel-plan-service,,,] 1 --- [           main] .d.s.w.r.o.CachingOperationNameGenerator : Generating unique operation named: invokeUsingGET_9
2022-05-26T05:50:17.796834834Z stdout F 2022-05-26 13:50:17.796  INFO [ts-travel-plan-service,,,] 1 --- [           main] .d.s.w.r.o.CachingOperationNameGenerator : Generating unique operation named: invokeUsingGET_10
2022-05-26T05:50:17.80395201Z stdout F 2022-05-26 13:50:17.803  INFO [ts-travel-plan-service,,,] 1 --- [           main] .d.s.w.r.o.CachingOperationNameGenerator : Generating unique operation named: invokeUsingGET_11
2022-05-26T05:50:17.811618705Z stdout F 2022-05-26 13:50:17.811  INFO [ts-travel-plan-service,,,] 1 --- [           main] .d.s.w.r.o.CachingOperationNameGenerator : Generating unique operation named: invokeUsingGET_12
2022-05-26T05:50:17.881688401Z stdout F 2022-05-26 13:50:17.880  INFO [ts-travel-plan-service,,,] 1 --- [           main] .d.s.w.r.o.CachingOperationNameGenerator : Generating unique operation named: invokeUsingGET_13
2022-05-26T05:50:17.975476324Z stdout F 2022-05-26 13:50:17.974  INFO [ts-travel-plan-service,,,] 1 --- [           main] .d.s.w.r.o.CachingOperationNameGenerator : Generating unique operation named: invokeUsingGET_14
2022-05-26T05:50:17.978297218Z stdout F 2022-05-26 13:50:17.977  INFO [ts-travel-plan-service,,,] 1 --- [           main] .d.s.w.r.o.CachingOperationNameGenerator : Generating unique operation named: invokeUsingGET_15
2022-05-26T05:50:18.078460126Z stdout F 2022-05-26 13:50:18.077  INFO [ts-travel-plan-service,,,] 1 --- [           main] .d.s.w.r.o.CachingOperationNameGenerator : Generating unique operation named: invokeUsingGET_16
2022-05-26T05:50:18.081464342Z stdout F 2022-05-26 13:50:18.080  INFO [ts-travel-plan-service,,,] 1 --- [           main] .d.s.w.r.o.CachingOperationNameGenerator : Generating unique operation named: invokeUsingGET_17
2022-05-26T05:50:18.191187958Z stdout F 2022-05-26 13:50:18.190  INFO [ts-travel-plan-service,,,] 1 --- [           main] .d.s.w.r.o.CachingOperationNameGenerator : Generating unique operation named: invokeUsingPOST_1
2022-05-26T05:50:18.281499151Z stdout F 2022-05-26 13:50:18.281  INFO [ts-travel-plan-service,,,] 1 --- [           main] .d.s.w.r.o.CachingOperationNameGenerator : Generating unique operation named: invokeUsingGET_18
2022-05-26T05:50:18.285526075Z stdout F 2022-05-26 13:50:18.284  INFO [ts-travel-plan-service,,,] 1 --- [           main] .d.s.w.r.o.CachingOperationNameGenerator : Generating unique operation named: invokeUsingGET_19
2022-05-26T05:50:18.387643889Z stdout F 2022-05-26 13:50:18.384  INFO [ts-travel-plan-service,,,] 1 --- [           main] .d.s.w.r.o.CachingOperationNameGenerator : Generating unique operation named: invokeUsingGET_20
2022-05-26T05:50:18.404674666Z stdout F 2022-05-26 13:50:18.404  INFO [ts-travel-plan-service,,,] 1 --- [           main] .d.s.w.r.o.CachingOperationNameGenerator : Generating unique operation named: invokeUsingGET_21
2022-05-26T05:50:18.495527998Z stdout F 2022-05-26 13:50:18.494  INFO [ts-travel-plan-service,,,] 1 --- [           main] .d.s.w.r.o.CachingOperationNameGenerator : Generating unique operation named: invokeUsingGET_22
2022-05-26T05:50:18.575220546Z stdout F 2022-05-26 13:50:18.569  INFO [ts-travel-plan-service,,,] 1 --- [           main] .d.s.w.r.o.CachingOperationNameGenerator : Generating unique operation named: invokeUsingGET_23
2022-05-26T05:50:18.679544124Z stdout F 2022-05-26 13:50:18.679  INFO [ts-travel-plan-service,,,] 1 --- [           main] .d.s.w.r.o.CachingOperationNameGenerator : Generating unique operation named: invokeUsingGET_24
2022-05-26T05:50:18.696316255Z stdout F 2022-05-26 13:50:18.695  INFO [ts-travel-plan-service,,,] 1 --- [           main] .d.s.w.r.o.CachingOperationNameGenerator : Generating unique operation named: invokeUsingGET_25
2022-05-26T05:50:18.771571638Z stdout F 2022-05-26 13:50:18.771  INFO [ts-travel-plan-service,,,] 1 --- [           main] .d.s.w.r.o.CachingOperationNameGenerator : Generating unique operation named: valueUsingGET_1
2022-05-26T05:50:20.208407458Z stdout F 2022-05-26 13:50:20.208  INFO [ts-travel-plan-service,,,] 1 --- [           main] s.b.c.e.t.TomcatEmbeddedServletContainer : Tomcat started on port(s): 14322 (http)
2022-05-26T05:50:20.303998144Z stdout F 2022-05-26 13:50:20.303  INFO [ts-travel-plan-service,,,] 1 --- [           main] travelplan.TravelPlanApplication         : Started TravelPlanApplication in 885.737 seconds (JVM running for 947.067)
