2022-04-30T04:28:31.589602096Z stdout F 2022-04-30T04:28:31.589228Z	info	Istio iptables environment:
2022-04-30T04:28:31.589895835Z stdout F ENVOY_PORT=
2022-04-30T04:28:31.589917789Z stdout F INBOUND_CAPTURE_PORT=
2022-04-30T04:28:31.589929165Z stdout F ISTIO_INBOUND_INTERCEPTION_MODE=
2022-04-30T04:28:31.589937789Z stdout F ISTIO_INBOUND_TPROXY_ROUTE_TABLE=
2022-04-30T04:28:31.58994889Z stdout F ISTIO_INBOUND_PORTS=
2022-04-30T04:28:31.589956423Z stdout F ISTIO_OUTBOUND_PORTS=
2022-04-30T04:28:31.589961932Z stdout F ISTIO_LOCAL_EXCLUDE_PORTS=
2022-04-30T04:28:31.589966834Z stdout F ISTIO_EXCLUDE_INTERFACES=
2022-04-30T04:28:31.589977691Z stdout F ISTIO_SERVICE_CIDR=
2022-04-30T04:28:31.589991078Z stdout F ISTIO_SERVICE_EXCLUDE_CIDR=
2022-04-30T04:28:31.590030009Z stdout F ISTIO_META_DNS_CAPTURE=
2022-04-30T04:28:31.590036297Z stdout F INVALID_DROP=
2022-04-30T04:28:31.590039284Z stdout F 
2022-04-30T04:28:31.590044004Z stdout F 2022-04-30T04:28:31.589316Z	info	Istio iptables variables:
2022-04-30T04:28:31.590048761Z stdout F PROXY_PORT=15001
2022-04-30T04:28:31.590053418Z stdout F PROXY_INBOUND_CAPTURE_PORT=15006
2022-04-30T04:28:31.590062302Z stdout F PROXY_TUNNEL_PORT=15008
2022-04-30T04:28:31.590072804Z stdout F PROXY_UID=1337
2022-04-30T04:28:31.590085411Z stdout F PROXY_GID=1337
2022-04-30T04:28:31.590099886Z stdout F INBOUND_INTERCEPTION_MODE=REDIRECT
2022-04-30T04:28:31.590108774Z stdout F INBOUND_TPROXY_MARK=1337
2022-04-30T04:28:31.590121106Z stdout F INBOUND_TPROXY_ROUTE_TABLE=133
2022-04-30T04:28:31.590127175Z stdout F INBOUND_PORTS_INCLUDE=*
2022-04-30T04:28:31.590132137Z stdout F INBOUND_PORTS_EXCLUDE=15090,15021,15020
2022-04-30T04:28:31.590145044Z stdout F OUTBOUND_IP_RANGES_INCLUDE=*
2022-04-30T04:28:31.59015088Z stdout F OUTBOUND_IP_RANGES_EXCLUDE=
2022-04-30T04:28:31.590156203Z stdout F OUTBOUND_PORTS_INCLUDE=
2022-04-30T04:28:31.590161065Z stdout F OUTBOUND_PORTS_EXCLUDE=
2022-04-30T04:28:31.590166025Z stdout F KUBE_VIRT_INTERFACES=
2022-04-30T04:28:31.590178145Z stdout F ENABLE_INBOUND_IPV6=false
2022-04-30T04:28:31.590186551Z stdout F DNS_CAPTURE=false
2022-04-30T04:28:31.590195044Z stdout F DROP_INVALID=false
2022-04-30T04:28:31.590206595Z stdout F CAPTURE_ALL_DNS=false
2022-04-30T04:28:31.59021225Z stdout F DNS_SERVERS=[],[]
2022-04-30T04:28:31.590217692Z stdout F OUTPUT_PATH=
2022-04-30T04:28:31.59022646Z stdout F NETWORK_NAMESPACE=
2022-04-30T04:28:31.590236353Z stdout F CNI_MODE=false
2022-04-30T04:28:31.590240327Z stdout F EXCLUDE_INTERFACES=
2022-04-30T04:28:31.59024307Z stdout F 
2022-04-30T04:28:31.590267856Z stdout F 2022-04-30T04:28:31.589919Z	info	Writing following contents to rules file: /tmp/iptables-rules-1651292911589415690.txt2078864761
2022-04-30T04:28:31.59027498Z stdout F * nat
2022-04-30T04:28:31.590280141Z stdout F -N ISTIO_INBOUND
2022-04-30T04:28:31.590284382Z stdout F -N ISTIO_REDIRECT
2022-04-30T04:28:31.590287534Z stdout F -N ISTIO_IN_REDIRECT
2022-04-30T04:28:31.590290502Z stdout F -N ISTIO_OUTPUT
2022-04-30T04:28:31.59029342Z stdout F -A ISTIO_INBOUND -p tcp --dport 15008 -j RETURN
2022-04-30T04:28:31.590296358Z stdout F -A ISTIO_REDIRECT -p tcp -j REDIRECT --to-ports 15001
2022-04-30T04:28:31.590299246Z stdout F -A ISTIO_IN_REDIRECT -p tcp -j REDIRECT --to-ports 15006
2022-04-30T04:28:31.590302008Z stdout F -A PREROUTING -p tcp -j ISTIO_INBOUND
2022-04-30T04:28:31.590305094Z stdout F -A ISTIO_INBOUND -p tcp --dport 15090 -j RETURN
2022-04-30T04:28:31.590307839Z stdout F -A ISTIO_INBOUND -p tcp --dport 15021 -j RETURN
2022-04-30T04:28:31.590311273Z stdout F -A ISTIO_INBOUND -p tcp --dport 15020 -j RETURN
2022-04-30T04:28:31.590314094Z stdout F -A ISTIO_INBOUND -p tcp -j ISTIO_IN_REDIRECT
2022-04-30T04:28:31.59031686Z stdout F -A OUTPUT -p tcp -j ISTIO_OUTPUT
2022-04-30T04:28:31.590319814Z stdout F -A ISTIO_OUTPUT -o lo -s 127.0.0.6/32 -j RETURN
2022-04-30T04:28:31.590323048Z stdout F -A ISTIO_OUTPUT -o lo ! -d 127.0.0.1/32 -m owner --uid-owner 1337 -j ISTIO_IN_REDIRECT
2022-04-30T04:28:31.590326009Z stdout F -A ISTIO_OUTPUT -o lo -m owner ! --uid-owner 1337 -j RETURN
2022-04-30T04:28:31.59032954Z stdout F -A ISTIO_OUTPUT -m owner --uid-owner 1337 -j RETURN
2022-04-30T04:28:31.590346465Z stdout F -A ISTIO_OUTPUT -o lo ! -d 127.0.0.1/32 -m owner --gid-owner 1337 -j ISTIO_IN_REDIRECT
2022-04-30T04:28:31.590350504Z stdout F -A ISTIO_OUTPUT -o lo -m owner ! --gid-owner 1337 -j RETURN
2022-04-30T04:28:31.590353429Z stdout F -A ISTIO_OUTPUT -m owner --gid-owner 1337 -j RETURN
2022-04-30T04:28:31.590356229Z stdout F -A ISTIO_OUTPUT -d 127.0.0.1/32 -j RETURN
2022-04-30T04:28:31.590359014Z stdout F -A ISTIO_OUTPUT -j ISTIO_REDIRECT
2022-04-30T04:28:31.590362151Z stdout F COMMIT
2022-04-30T04:28:31.590365401Z stdout F 2022-04-30T04:28:31.590021Z	info	Running command: iptables-restore --noflush /tmp/iptables-rules-1651292911589415690.txt2078864761
2022-04-30T04:28:31.618099407Z stdout F 2022-04-30T04:28:31.612263Z	info	Writing following contents to rules file: /tmp/ip6tables-rules-1651292911605697639.txt3693917897
2022-04-30T04:28:31.618129441Z stdout F 
2022-04-30T04:28:31.618137712Z stdout F 2022-04-30T04:28:31.612402Z	info	Running command: ip6tables-restore --noflush /tmp/ip6tables-rules-1651292911605697639.txt3693917897
2022-04-30T04:28:31.622032256Z stdout F 2022-04-30T04:28:31.619717Z	info	Running command: iptables-save 
2022-04-30T04:28:31.644348806Z stdout F 2022-04-30T04:28:31.643146Z	info	Command output: 
2022-04-30T04:28:31.64438892Z stdout F # Generated by iptables-save v1.8.4 on Sat Apr 30 04:28:31 2022
2022-04-30T04:28:31.644401952Z stdout F *nat
2022-04-30T04:28:31.644416907Z stdout F :PREROUTING ACCEPT [0:0]
2022-04-30T04:28:31.64444284Z stdout F :INPUT ACCEPT [0:0]
2022-04-30T04:28:31.644455746Z stdout F :OUTPUT ACCEPT [0:0]
2022-04-30T04:28:31.644506498Z stdout F :POSTROUTING ACCEPT [0:0]
2022-04-30T04:28:31.644521542Z stdout F :ISTIO_INBOUND - [0:0]
2022-04-30T04:28:31.644546544Z stdout F :ISTIO_IN_REDIRECT - [0:0]
2022-04-30T04:28:31.644558022Z stdout F :ISTIO_OUTPUT - [0:0]
2022-04-30T04:28:31.644620514Z stdout F :ISTIO_REDIRECT - [0:0]
2022-04-30T04:28:31.644639229Z stdout F -A PREROUTING -p tcp -j ISTIO_INBOUND
2022-04-30T04:28:31.644645815Z stdout F -A OUTPUT -p tcp -j ISTIO_OUTPUT
2022-04-30T04:28:31.644650836Z stdout F -A ISTIO_INBOUND -p tcp -m tcp --dport 15008 -j RETURN
2022-04-30T04:28:31.644655461Z stdout F -A ISTIO_INBOUND -p tcp -m tcp --dport 15090 -j RETURN
2022-04-30T04:28:31.64466332Z stdout F -A ISTIO_INBOUND -p tcp -m tcp --dport 15021 -j RETURN
2022-04-30T04:28:31.644668271Z stdout F -A ISTIO_INBOUND -p tcp -m tcp --dport 15020 -j RETURN
2022-04-30T04:28:31.644672824Z stdout F -A ISTIO_INBOUND -p tcp -j ISTIO_IN_REDIRECT
2022-04-30T04:28:31.644677336Z stdout F -A ISTIO_IN_REDIRECT -p tcp -j REDIRECT --to-ports 15006
2022-04-30T04:28:31.644681871Z stdout F -A ISTIO_OUTPUT -s 127.0.0.6/32 -o lo -j RETURN
2022-04-30T04:28:31.644687382Z stdout F -A ISTIO_OUTPUT ! -d 127.0.0.1/32 -o lo -m owner --uid-owner 1337 -j ISTIO_IN_REDIRECT
2022-04-30T04:28:31.644691976Z stdout F -A ISTIO_OUTPUT -o lo -m owner ! --uid-owner 1337 -j RETURN
2022-04-30T04:28:31.644696491Z stdout F -A ISTIO_OUTPUT -m owner --uid-owner 1337 -j RETURN
2022-04-30T04:28:31.644701082Z stdout F -A ISTIO_OUTPUT ! -d 127.0.0.1/32 -o lo -m owner --gid-owner 1337 -j ISTIO_IN_REDIRECT
2022-04-30T04:28:31.644705623Z stdout F -A ISTIO_OUTPUT -o lo -m owner ! --gid-owner 1337 -j RETURN
2022-04-30T04:28:31.644710135Z stdout F -A ISTIO_OUTPUT -m owner --gid-owner 1337 -j RETURN
2022-04-30T04:28:31.644716973Z stdout F -A ISTIO_OUTPUT -d 127.0.0.1/32 -j RETURN
2022-04-30T04:28:31.644793588Z stdout F -A ISTIO_OUTPUT -j ISTIO_REDIRECT
2022-04-30T04:28:31.644809332Z stdout F -A ISTIO_REDIRECT -p tcp -j REDIRECT --to-ports 15001
2022-04-30T04:28:31.644827034Z stdout F COMMIT
2022-04-30T04:28:31.644839281Z stdout F # Completed on Sat Apr 30 04:28:31 2022
2022-04-30T04:28:31.644845135Z stdout F 
