2022-05-25T10:52:09.391828472Z stdout F 2022-05-25T10:52:09.391512Z	info	Istio iptables environment:
2022-05-25T10:52:09.391885698Z stdout F ENVOY_PORT=
2022-05-25T10:52:09.391901265Z stdout F INBOUND_CAPTURE_PORT=
2022-05-25T10:52:09.391912389Z stdout F ISTIO_INBOUND_INTERCEPTION_MODE=
2022-05-25T10:52:09.391924503Z stdout F ISTIO_INBOUND_TPROXY_ROUTE_TABLE=
2022-05-25T10:52:09.391931737Z stdout F ISTIO_INBOUND_PORTS=
2022-05-25T10:52:09.391941837Z stdout F ISTIO_OUTBOUND_PORTS=
2022-05-25T10:52:09.391946656Z stdout F ISTIO_LOCAL_EXCLUDE_PORTS=
2022-05-25T10:52:09.391950414Z stdout F ISTIO_EXCLUDE_INTERFACES=
2022-05-25T10:52:09.391954474Z stdout F ISTIO_SERVICE_CIDR=
2022-05-25T10:52:09.391958104Z stdout F ISTIO_SERVICE_EXCLUDE_CIDR=
2022-05-25T10:52:09.391966564Z stdout F ISTIO_META_DNS_CAPTURE=
2022-05-25T10:52:09.391981089Z stdout F INVALID_DROP=
2022-05-25T10:52:09.391990461Z stdout F 
2022-05-25T10:52:09.395685118Z stdout F 2022-05-25T10:52:09.394080Z	info	Istio iptables variables:
2022-05-25T10:52:09.395724575Z stdout F PROXY_PORT=15001
2022-05-25T10:52:09.395731292Z stdout F PROXY_INBOUND_CAPTURE_PORT=15006
2022-05-25T10:52:09.39573768Z stdout F PROXY_TUNNEL_PORT=15008
2022-05-25T10:52:09.395742137Z stdout F PROXY_UID=1337
2022-05-25T10:52:09.395745817Z stdout F PROXY_GID=1337
2022-05-25T10:52:09.395750504Z stdout F INBOUND_INTERCEPTION_MODE=REDIRECT
2022-05-25T10:52:09.3957539Z stdout F INBOUND_TPROXY_MARK=1337
2022-05-25T10:52:09.39575725Z stdout F INBOUND_TPROXY_ROUTE_TABLE=133
2022-05-25T10:52:09.395760712Z stdout F INBOUND_PORTS_INCLUDE=*
2022-05-25T10:52:09.395764038Z stdout F INBOUND_PORTS_EXCLUDE=15090,15021,15020
2022-05-25T10:52:09.395767302Z stdout F OUTBOUND_IP_RANGES_INCLUDE=*
2022-05-25T10:52:09.395770793Z stdout F OUTBOUND_IP_RANGES_EXCLUDE=
2022-05-25T10:52:09.395774199Z stdout F OUTBOUND_PORTS_INCLUDE=
2022-05-25T10:52:09.395777441Z stdout F OUTBOUND_PORTS_EXCLUDE=
2022-05-25T10:52:09.395781394Z stdout F KUBE_VIRT_INTERFACES=
2022-05-25T10:52:09.395784942Z stdout F ENABLE_INBOUND_IPV6=false
2022-05-25T10:52:09.395788513Z stdout F DNS_CAPTURE=false
2022-05-25T10:52:09.395792054Z stdout F DROP_INVALID=false
2022-05-25T10:52:09.395795802Z stdout F CAPTURE_ALL_DNS=false
2022-05-25T10:52:09.395799315Z stdout F DNS_SERVERS=[],[]
2022-05-25T10:52:09.39580268Z stdout F OUTPUT_PATH=
2022-05-25T10:52:09.395806329Z stdout F NETWORK_NAMESPACE=
2022-05-25T10:52:09.395809953Z stdout F CNI_MODE=false
2022-05-25T10:52:09.39581396Z stdout F EXCLUDE_INTERFACES=
2022-05-25T10:52:09.395817784Z stdout F 
2022-05-25T10:52:09.396468707Z stdout F 2022-05-25T10:52:09.395878Z	info	Writing following contents to rules file: /tmp/iptables-rules-1653475929394519199.txt538853019
2022-05-25T10:52:09.39649225Z stdout F * nat
2022-05-25T10:52:09.396499189Z stdout F -N ISTIO_INBOUND
2022-05-25T10:52:09.39650454Z stdout F -N ISTIO_REDIRECT
2022-05-25T10:52:09.396508784Z stdout F -N ISTIO_IN_REDIRECT
2022-05-25T10:52:09.396553762Z stdout F -N ISTIO_OUTPUT
2022-05-25T10:52:09.396565706Z stdout F -A ISTIO_INBOUND -p tcp --dport 15008 -j RETURN
2022-05-25T10:52:09.396572386Z stdout F -A ISTIO_REDIRECT -p tcp -j REDIRECT --to-ports 15001
2022-05-25T10:52:09.396576768Z stdout F -A ISTIO_IN_REDIRECT -p tcp -j REDIRECT --to-ports 15006
2022-05-25T10:52:09.396581165Z stdout F -A PREROUTING -p tcp -j ISTIO_INBOUND
2022-05-25T10:52:09.396585025Z stdout F -A ISTIO_INBOUND -p tcp --dport 15090 -j RETURN
2022-05-25T10:52:09.39658884Z stdout F -A ISTIO_INBOUND -p tcp --dport 15021 -j RETURN
2022-05-25T10:52:09.396592545Z stdout F -A ISTIO_INBOUND -p tcp --dport 15020 -j RETURN
2022-05-25T10:52:09.396596259Z stdout F -A ISTIO_INBOUND -p tcp -j ISTIO_IN_REDIRECT
2022-05-25T10:52:09.396601297Z stdout F -A OUTPUT -p tcp -j ISTIO_OUTPUT
2022-05-25T10:52:09.396605Z stdout F -A ISTIO_OUTPUT -o lo -s 127.0.0.6/32 -j RETURN
2022-05-25T10:52:09.396610947Z stdout F -A ISTIO_OUTPUT -o lo ! -d 127.0.0.1/32 -m owner --uid-owner 1337 -j ISTIO_IN_REDIRECT
2022-05-25T10:52:09.396615041Z stdout F -A ISTIO_OUTPUT -o lo -m owner ! --uid-owner 1337 -j RETURN
2022-05-25T10:52:09.396619022Z stdout F -A ISTIO_OUTPUT -m owner --uid-owner 1337 -j RETURN
2022-05-25T10:52:09.396636172Z stdout F -A ISTIO_OUTPUT -o lo ! -d 127.0.0.1/32 -m owner --gid-owner 1337 -j ISTIO_IN_REDIRECT
2022-05-25T10:52:09.39669174Z stdout F -A ISTIO_OUTPUT -o lo -m owner ! --gid-owner 1337 -j RETURN
2022-05-25T10:52:09.396709277Z stdout F -A ISTIO_OUTPUT -m owner --gid-owner 1337 -j RETURN
2022-05-25T10:52:09.396723171Z stdout F -A ISTIO_OUTPUT -d 127.0.0.1/32 -j RETURN
2022-05-25T10:52:09.39673694Z stdout F -A ISTIO_OUTPUT -j ISTIO_REDIRECT
2022-05-25T10:52:09.396749466Z stdout F COMMIT
2022-05-25T10:52:09.396841074Z stdout F 2022-05-25T10:52:09.396448Z	info	Running command: iptables-restore --noflush /tmp/iptables-rules-1653475929394519199.txt538853019
2022-05-25T10:52:09.433500322Z stdout F 2022-05-25T10:52:09.431032Z	info	Writing following contents to rules file: /tmp/ip6tables-rules-1653475929430828353.txt3745665134
2022-05-25T10:52:09.433529545Z stdout F 
2022-05-25T10:52:09.433543842Z stdout F 2022-05-25T10:52:09.431108Z	info	Running command: ip6tables-restore --noflush /tmp/ip6tables-rules-1653475929430828353.txt3745665134
2022-05-25T10:52:09.438965396Z stdout F 2022-05-25T10:52:09.438221Z	info	Running command: iptables-save 
2022-05-25T10:52:09.452140665Z stdout F 2022-05-25T10:52:09.451732Z	info	Command output: 
2022-05-25T10:52:09.452170096Z stdout F # Generated by iptables-save v1.8.4 on Wed May 25 10:52:09 2022
2022-05-25T10:52:09.452224419Z stdout F *nat
2022-05-25T10:52:09.45223677Z stdout F :PREROUTING ACCEPT [0:0]
2022-05-25T10:52:09.452242215Z stdout F :INPUT ACCEPT [0:0]
2022-05-25T10:52:09.452246986Z stdout F :OUTPUT ACCEPT [0:0]
2022-05-25T10:52:09.452251795Z stdout F :POSTROUTING ACCEPT [0:0]
2022-05-25T10:52:09.452256841Z stdout F :ISTIO_INBOUND - [0:0]
2022-05-25T10:52:09.452261589Z stdout F :ISTIO_IN_REDIRECT - [0:0]
2022-05-25T10:52:09.452266264Z stdout F :ISTIO_OUTPUT - [0:0]
2022-05-25T10:52:09.452270849Z stdout F :ISTIO_REDIRECT - [0:0]
2022-05-25T10:52:09.452275712Z stdout F -A PREROUTING -p tcp -j ISTIO_INBOUND
2022-05-25T10:52:09.452280373Z stdout F -A OUTPUT -p tcp -j ISTIO_OUTPUT
2022-05-25T10:52:09.452285057Z stdout F -A ISTIO_INBOUND -p tcp -m tcp --dport 15008 -j RETURN
2022-05-25T10:52:09.452289594Z stdout F -A ISTIO_INBOUND -p tcp -m tcp --dport 15090 -j RETURN
2022-05-25T10:52:09.452294355Z stdout F -A ISTIO_INBOUND -p tcp -m tcp --dport 15021 -j RETURN
2022-05-25T10:52:09.452299Z stdout F -A ISTIO_INBOUND -p tcp -m tcp --dport 15020 -j RETURN
2022-05-25T10:52:09.452303877Z stdout F -A ISTIO_INBOUND -p tcp -j ISTIO_IN_REDIRECT
2022-05-25T10:52:09.452308489Z stdout F -A ISTIO_IN_REDIRECT -p tcp -j REDIRECT --to-ports 15006
2022-05-25T10:52:09.452312997Z stdout F -A ISTIO_OUTPUT -s 127.0.0.6/32 -o lo -j RETURN
2022-05-25T10:52:09.452317673Z stdout F -A ISTIO_OUTPUT ! -d 127.0.0.1/32 -o lo -m owner --uid-owner 1337 -j ISTIO_IN_REDIRECT
2022-05-25T10:52:09.452322424Z stdout F -A ISTIO_OUTPUT -o lo -m owner ! --uid-owner 1337 -j RETURN
2022-05-25T10:52:09.452327008Z stdout F -A ISTIO_OUTPUT -m owner --uid-owner 1337 -j RETURN
2022-05-25T10:52:09.452331673Z stdout F -A ISTIO_OUTPUT ! -d 127.0.0.1/32 -o lo -m owner --gid-owner 1337 -j ISTIO_IN_REDIRECT
2022-05-25T10:52:09.452336219Z stdout F -A ISTIO_OUTPUT -o lo -m owner ! --gid-owner 1337 -j RETURN
2022-05-25T10:52:09.452340896Z stdout F -A ISTIO_OUTPUT -m owner --gid-owner 1337 -j RETURN
2022-05-25T10:52:09.45234565Z stdout F -A ISTIO_OUTPUT -d 127.0.0.1/32 -j RETURN
2022-05-25T10:52:09.452350247Z stdout F -A ISTIO_OUTPUT -j ISTIO_REDIRECT
2022-05-25T10:52:09.452354834Z stdout F -A ISTIO_REDIRECT -p tcp -j REDIRECT --to-ports 15001
2022-05-25T10:52:09.452359592Z stdout F COMMIT
2022-05-25T10:52:09.452364366Z stdout F # Completed on Wed May 25 10:52:09 2022
2022-05-25T10:52:09.45236902Z stdout F 
