2022-04-30T04:28:29.073925986Z stdout F 2022-04-30T04:28:29.073268Z	info	Istio iptables environment:
2022-04-30T04:28:29.073976165Z stdout F ENVOY_PORT=
2022-04-30T04:28:29.073986676Z stdout F INBOUND_CAPTURE_PORT=
2022-04-30T04:28:29.073993467Z stdout F ISTIO_INBOUND_INTERCEPTION_MODE=
2022-04-30T04:28:29.073998757Z stdout F ISTIO_INBOUND_TPROXY_ROUTE_TABLE=
2022-04-30T04:28:29.074003761Z stdout F ISTIO_INBOUND_PORTS=
2022-04-30T04:28:29.074008817Z stdout F ISTIO_OUTBOUND_PORTS=
2022-04-30T04:28:29.074013944Z stdout F ISTIO_LOCAL_EXCLUDE_PORTS=
2022-04-30T04:28:29.074018768Z stdout F ISTIO_EXCLUDE_INTERFACES=
2022-04-30T04:28:29.074023613Z stdout F ISTIO_SERVICE_CIDR=
2022-04-30T04:28:29.074028185Z stdout F ISTIO_SERVICE_EXCLUDE_CIDR=
2022-04-30T04:28:29.074033018Z stdout F ISTIO_META_DNS_CAPTURE=
2022-04-30T04:28:29.074038275Z stdout F INVALID_DROP=
2022-04-30T04:28:29.074042447Z stdout F 
2022-04-30T04:28:29.074047142Z stdout F 2022-04-30T04:28:29.073593Z	info	Istio iptables variables:
2022-04-30T04:28:29.074051677Z stdout F PROXY_PORT=15001
2022-04-30T04:28:29.074055804Z stdout F PROXY_INBOUND_CAPTURE_PORT=15006
2022-04-30T04:28:29.074060301Z stdout F PROXY_TUNNEL_PORT=15008
2022-04-30T04:28:29.07406423Z stdout F PROXY_UID=1337
2022-04-30T04:28:29.074069Z stdout F PROXY_GID=1337
2022-04-30T04:28:29.074073643Z stdout F INBOUND_INTERCEPTION_MODE=REDIRECT
2022-04-30T04:28:29.074077857Z stdout F INBOUND_TPROXY_MARK=1337
2022-04-30T04:28:29.074082039Z stdout F INBOUND_TPROXY_ROUTE_TABLE=133
2022-04-30T04:28:29.074086217Z stdout F INBOUND_PORTS_INCLUDE=*
2022-04-30T04:28:29.074090295Z stdout F INBOUND_PORTS_EXCLUDE=15090,15021,15020
2022-04-30T04:28:29.074094654Z stdout F OUTBOUND_IP_RANGES_INCLUDE=*
2022-04-30T04:28:29.074099072Z stdout F OUTBOUND_IP_RANGES_EXCLUDE=
2022-04-30T04:28:29.074103064Z stdout F OUTBOUND_PORTS_INCLUDE=
2022-04-30T04:28:29.074107189Z stdout F OUTBOUND_PORTS_EXCLUDE=
2022-04-30T04:28:29.074111296Z stdout F KUBE_VIRT_INTERFACES=
2022-04-30T04:28:29.074115598Z stdout F ENABLE_INBOUND_IPV6=false
2022-04-30T04:28:29.074119698Z stdout F DNS_CAPTURE=false
2022-04-30T04:28:29.074123816Z stdout F DROP_INVALID=false
2022-04-30T04:28:29.074128219Z stdout F CAPTURE_ALL_DNS=false
2022-04-30T04:28:29.074132657Z stdout F DNS_SERVERS=[],[]
2022-04-30T04:28:29.074137457Z stdout F OUTPUT_PATH=
2022-04-30T04:28:29.074141563Z stdout F NETWORK_NAMESPACE=
2022-04-30T04:28:29.07414578Z stdout F CNI_MODE=false
2022-04-30T04:28:29.074150094Z stdout F EXCLUDE_INTERFACES=
2022-04-30T04:28:29.074154389Z stdout F 
2022-04-30T04:28:29.079675376Z stdout F 2022-04-30T04:28:29.074007Z	info	Writing following contents to rules file: /tmp/iptables-rules-1651292909073686296.txt1941434972
2022-04-30T04:28:29.079694602Z stdout F * nat
2022-04-30T04:28:29.079699317Z stdout F -N ISTIO_INBOUND
2022-04-30T04:28:29.079703125Z stdout F -N ISTIO_REDIRECT
2022-04-30T04:28:29.079707174Z stdout F -N ISTIO_IN_REDIRECT
2022-04-30T04:28:29.079709981Z stdout F -N ISTIO_OUTPUT
2022-04-30T04:28:29.079712895Z stdout F -A ISTIO_INBOUND -p tcp --dport 15008 -j RETURN
2022-04-30T04:28:29.079715633Z stdout F -A ISTIO_REDIRECT -p tcp -j REDIRECT --to-ports 15001
2022-04-30T04:28:29.079718176Z stdout F -A ISTIO_IN_REDIRECT -p tcp -j REDIRECT --to-ports 15006
2022-04-30T04:28:29.079720724Z stdout F -A PREROUTING -p tcp -j ISTIO_INBOUND
2022-04-30T04:28:29.0797233Z stdout F -A ISTIO_INBOUND -p tcp --dport 15090 -j RETURN
2022-04-30T04:28:29.079726124Z stdout F -A ISTIO_INBOUND -p tcp --dport 15021 -j RETURN
2022-04-30T04:28:29.079728677Z stdout F -A ISTIO_INBOUND -p tcp --dport 15020 -j RETURN
2022-04-30T04:28:29.079731256Z stdout F -A ISTIO_INBOUND -p tcp -j ISTIO_IN_REDIRECT
2022-04-30T04:28:29.079733844Z stdout F -A OUTPUT -p tcp -j ISTIO_OUTPUT
2022-04-30T04:28:29.079736449Z stdout F -A ISTIO_OUTPUT -o lo -s 127.0.0.6/32 -j RETURN
2022-04-30T04:28:29.07973945Z stdout F -A ISTIO_OUTPUT -o lo ! -d 127.0.0.1/32 -m owner --uid-owner 1337 -j ISTIO_IN_REDIRECT
2022-04-30T04:28:29.07974216Z stdout F -A ISTIO_OUTPUT -o lo -m owner ! --uid-owner 1337 -j RETURN
2022-04-30T04:28:29.079746543Z stdout F -A ISTIO_OUTPUT -m owner --uid-owner 1337 -j RETURN
2022-04-30T04:28:29.079766792Z stdout F -A ISTIO_OUTPUT -o lo ! -d 127.0.0.1/32 -m owner --gid-owner 1337 -j ISTIO_IN_REDIRECT
2022-04-30T04:28:29.079773629Z stdout F -A ISTIO_OUTPUT -o lo -m owner ! --gid-owner 1337 -j RETURN
2022-04-30T04:28:29.079778631Z stdout F -A ISTIO_OUTPUT -m owner --gid-owner 1337 -j RETURN
2022-04-30T04:28:29.079783284Z stdout F -A ISTIO_OUTPUT -d 127.0.0.1/32 -j RETURN
2022-04-30T04:28:29.079787598Z stdout F -A ISTIO_OUTPUT -j ISTIO_REDIRECT
2022-04-30T04:28:29.079792356Z stdout F COMMIT
2022-04-30T04:28:29.079797601Z stdout F 2022-04-30T04:28:29.074102Z	info	Running command: iptables-restore --noflush /tmp/iptables-rules-1651292909073686296.txt1941434972
2022-04-30T04:28:29.092371572Z stdout F 2022-04-30T04:28:29.091637Z	info	Writing following contents to rules file: /tmp/ip6tables-rules-1651292909091270185.txt325365626
2022-04-30T04:28:29.092401571Z stdout F 
2022-04-30T04:28:29.092408913Z stdout F 2022-04-30T04:28:29.091696Z	info	Running command: ip6tables-restore --noflush /tmp/ip6tables-rules-1651292909091270185.txt325365626
2022-04-30T04:28:29.106791369Z stdout F 2022-04-30T04:28:29.101932Z	info	Running command: iptables-save 
2022-04-30T04:28:29.119950109Z stdout F 2022-04-30T04:28:29.119158Z	info	Command output: 
2022-04-30T04:28:29.119993717Z stdout F # Generated by iptables-save v1.8.4 on Sat Apr 30 04:28:29 2022
2022-04-30T04:28:29.120003197Z stdout F *nat
2022-04-30T04:28:29.120013976Z stdout F :PREROUTING ACCEPT [0:0]
2022-04-30T04:28:29.120028501Z stdout F :INPUT ACCEPT [0:0]
2022-04-30T04:28:29.120036313Z stdout F :OUTPUT ACCEPT [0:0]
2022-04-30T04:28:29.120049189Z stdout F :POSTROUTING ACCEPT [0:0]
2022-04-30T04:28:29.120057308Z stdout F :ISTIO_INBOUND - [0:0]
2022-04-30T04:28:29.120062952Z stdout F :ISTIO_IN_REDIRECT - [0:0]
2022-04-30T04:28:29.120072574Z stdout F :ISTIO_OUTPUT - [0:0]
2022-04-30T04:28:29.120082153Z stdout F :ISTIO_REDIRECT - [0:0]
2022-04-30T04:28:29.120088127Z stdout F -A PREROUTING -p tcp -j ISTIO_INBOUND
2022-04-30T04:28:29.120092744Z stdout F -A OUTPUT -p tcp -j ISTIO_OUTPUT
2022-04-30T04:28:29.120097431Z stdout F -A ISTIO_INBOUND -p tcp -m tcp --dport 15008 -j RETURN
2022-04-30T04:28:29.120102228Z stdout F -A ISTIO_INBOUND -p tcp -m tcp --dport 15090 -j RETURN
2022-04-30T04:28:29.120106373Z stdout F -A ISTIO_INBOUND -p tcp -m tcp --dport 15021 -j RETURN
2022-04-30T04:28:29.120111109Z stdout F -A ISTIO_INBOUND -p tcp -m tcp --dport 15020 -j RETURN
2022-04-30T04:28:29.120115778Z stdout F -A ISTIO_INBOUND -p tcp -j ISTIO_IN_REDIRECT
2022-04-30T04:28:29.120120392Z stdout F -A ISTIO_IN_REDIRECT -p tcp -j REDIRECT --to-ports 15006
2022-04-30T04:28:29.120124981Z stdout F -A ISTIO_OUTPUT -s 127.0.0.6/32 -o lo -j RETURN
2022-04-30T04:28:29.120130111Z stdout F -A ISTIO_OUTPUT ! -d 127.0.0.1/32 -o lo -m owner --uid-owner 1337 -j ISTIO_IN_REDIRECT
2022-04-30T04:28:29.120134847Z stdout F -A ISTIO_OUTPUT -o lo -m owner ! --uid-owner 1337 -j RETURN
2022-04-30T04:28:29.120139712Z stdout F -A ISTIO_OUTPUT -m owner --uid-owner 1337 -j RETURN
2022-04-30T04:28:29.120144581Z stdout F -A ISTIO_OUTPUT ! -d 127.0.0.1/32 -o lo -m owner --gid-owner 1337 -j ISTIO_IN_REDIRECT
2022-04-30T04:28:29.120153128Z stdout F -A ISTIO_OUTPUT -o lo -m owner ! --gid-owner 1337 -j RETURN
2022-04-30T04:28:29.120206597Z stdout F -A ISTIO_OUTPUT -m owner --gid-owner 1337 -j RETURN
2022-04-30T04:28:29.120212659Z stdout F -A ISTIO_OUTPUT -d 127.0.0.1/32 -j RETURN
2022-04-30T04:28:29.12021682Z stdout F -A ISTIO_OUTPUT -j ISTIO_REDIRECT
2022-04-30T04:28:29.120220978Z stdout F -A ISTIO_REDIRECT -p tcp -j REDIRECT --to-ports 15001
2022-04-30T04:28:29.120225744Z stdout F COMMIT
2022-04-30T04:28:29.120230329Z stdout F # Completed on Sat Apr 30 04:28:29 2022
2022-04-30T04:28:29.120234708Z stdout F 
