2022-05-09T21:48:29.826797845Z stdout F 2022-05-10 05:48:29.636  INFO [bootstrap,,,] 1 --- [           main] s.c.a.AnnotationConfigApplicationContext : Refreshing org.springframework.context.annotation.AnnotationConfigApplicationContext@48533e64: startup date [Tue May 10 05:48:29 CST 2022]; root of context hierarchy
2022-05-09T21:49:14.375509688Z stdout F 2022-05-10 05:49:14.374  INFO [bootstrap,,,] 1 --- [           main] trationDelegate$BeanPostProcessorChecker : Bean 'configurationPropertiesRebinderAutoConfiguration' of type [org.springframework.cloud.autoconfigure.ConfigurationPropertiesRebinderAutoConfiguration$$EnhancerBySpringCGLIB$$3c5b44cd] is not eligible for getting processed by all BeanPostProcessors (for example: not eligible for auto-proxying)
2022-05-09T21:50:00.219130002Z stdout F 
2022-05-09T21:50:00.219205713Z stdout F   .   ____          _            __ _ _
2022-05-09T21:50:00.219246656Z stdout F  /\\ / ___'_ __ _ _(_)_ __  __ _ \ \ \ \
2022-05-09T21:50:00.219299095Z stdout F ( ( )\___ | '_ | '_| | '_ \/ _` | \ \ \ \
2022-05-09T21:50:00.249027659Z stdout F  \\/  ___)| |_)| | | | | || (_| |  ) ) ) )
2022-05-09T21:50:00.249259539Z stdout F   '  |____| .__|_| |_|_| |_\__, | / / / /
2022-05-09T21:50:00.249343069Z stdout F  =========|_|==============|___/=/_/_/_/
2022-05-09T21:50:00.252006216Z stdout F  :: Spring Boot ::       (v1.5.22.RELEASE)
2022-05-09T21:50:00.252046258Z stdout F 
2022-05-09T21:50:02.460266139Z stdout F 2022-05-10 05:50:02.458  INFO [ts-execute-service,,,] 1 --- [           main] execute.ExecuteApplication               : No active profile set, falling back to default profiles: default
2022-05-09T21:50:04.789484225Z stdout F 2022-05-10 05:50:04.733  INFO [ts-execute-service,,,] 1 --- [           main] ationConfigEmbeddedWebApplicationContext : Refreshing org.springframework.boot.context.embedded.AnnotationConfigEmbeddedWebApplicationContext@d2cc05a: startup date [Tue May 10 05:50:04 CST 2022]; parent: org.springframework.context.annotation.AnnotationConfigApplicationContext@48533e64
2022-05-09T21:51:14.494290626Z stdout F 2022-05-10 05:51:14.479  INFO [ts-execute-service,,,] 1 --- [           main] o.s.i.config.IntegrationRegistrar        : No bean named 'integrationHeaderChannelRegistry' has been explicitly defined. Therefore, a default DefaultHeaderChannelRegistry will be created.
2022-05-09T21:51:37.28108792Z stdout F 2022-05-10 05:51:37.274  INFO [ts-execute-service,,,] 1 --- [           main] o.s.cloud.context.scope.GenericScope     : BeanFactory id=45e72ac5-b37b-3a1e-8e93-ee72cd7c5c86
2022-05-09T21:51:38.562159211Z stdout F 2022-05-10 05:51:38.557  INFO [ts-execute-service,,,] 1 --- [           main] faultConfiguringBeanFactoryPostProcessor : No bean named 'errorChannel' has been explicitly defined. Therefore, a default PublishSubscribeChannel will be created.
2022-05-09T21:51:39.520539328Z stdout F 2022-05-10 05:51:39.408  INFO [ts-execute-service,,,] 1 --- [           main] faultConfiguringBeanFactoryPostProcessor : No bean named 'taskScheduler' has been explicitly defined. Therefore, a default ThreadPoolTaskScheduler will be created.
2022-05-09T21:51:44.630843204Z stdout F 2022-05-10 05:51:44.630  INFO [ts-execute-service,,,] 1 --- [           main] trationDelegate$BeanPostProcessorChecker : Bean 'org.springframework.cloud.sleuth.instrument.async.AsyncDefaultAutoConfiguration$DefaultAsyncConfigurerSupport' of type [org.springframework.cloud.sleuth.instrument.async.AsyncDefaultAutoConfiguration$DefaultAsyncConfigurerSupport$$EnhancerBySpringCGLIB$$5d82df93] is not eligible for getting processed by all BeanPostProcessors (for example: not eligible for auto-proxying)
2022-05-09T21:51:49.507470517Z stdout F 2022-05-10 05:51:49.498  INFO [ts-execute-service,,,] 1 --- [           main] trationDelegate$BeanPostProcessorChecker : Bean 'org.springframework.cloud.sleuth.annotation.SleuthAnnotationAutoConfiguration' of type [org.springframework.cloud.sleuth.annotation.SleuthAnnotationAutoConfiguration$$EnhancerBySpringCGLIB$$22a68802] is not eligible for getting processed by all BeanPostProcessors (for example: not eligible for auto-proxying)
2022-05-09T21:51:58.451225517Z stdout F 2022-05-10 05:51:58.450  INFO [ts-execute-service,,,] 1 --- [           main] trationDelegate$BeanPostProcessorChecker : Bean 'sleuthAdvisorConfig' of type [org.springframework.cloud.sleuth.annotation.SleuthAdvisorConfig] is not eligible for getting processed by all BeanPostProcessors (for example: not eligible for auto-proxying)
2022-05-09T21:52:01.999912734Z stdout F 2022-05-10 05:52:01.999  INFO [ts-execute-service,,,] 1 --- [           main] trationDelegate$BeanPostProcessorChecker : Bean 'org.springframework.security.config.annotation.configuration.ObjectPostProcessorConfiguration' of type [org.springframework.security.config.annotation.configuration.ObjectPostProcessorConfiguration$$EnhancerBySpringCGLIB$$b8ef0a0a] is not eligible for getting processed by all BeanPostProcessors (for example: not eligible for auto-proxying)
2022-05-09T21:52:04.026010503Z stdout F 2022-05-10 05:52:03.927  INFO [ts-execute-service,,,] 1 --- [           main] trationDelegate$BeanPostProcessorChecker : Bean 'objectPostProcessor' of type [org.springframework.security.config.annotation.configuration.AutowireBeanFactoryObjectPostProcessor] is not eligible for getting processed by all BeanPostProcessors (for example: not eligible for auto-proxying)
2022-05-09T21:52:04.951580592Z stdout F 2022-05-10 05:52:04.926  INFO [ts-execute-service,,,] 1 --- [           main] trationDelegate$BeanPostProcessorChecker : Bean 'org.springframework.security.access.expression.method.DefaultMethodSecurityExpressionHandler@626abbd0' of type [org.springframework.security.access.expression.method.DefaultMethodSecurityExpressionHandler] is not eligible for getting processed by all BeanPostProcessors (for example: not eligible for auto-proxying)
2022-05-09T21:52:06.689580637Z stdout F 2022-05-10 05:52:06.687  INFO [ts-execute-service,,,] 1 --- [           main] trationDelegate$BeanPostProcessorChecker : Bean 'org.springframework.security.config.annotation.method.configuration.GlobalMethodSecurityConfiguration' of type [org.springframework.security.config.annotation.method.configuration.GlobalMethodSecurityConfiguration$$EnhancerBySpringCGLIB$$ddc3acbc] is not eligible for getting processed by all BeanPostProcessors (for example: not eligible for auto-proxying)
2022-05-09T21:52:08.791080036Z stdout F 2022-05-10 05:52:08.767  INFO [ts-execute-service,,,] 1 --- [           main] trationDelegate$BeanPostProcessorChecker : Bean 'methodSecurityMetadataSource' of type [org.springframework.security.access.method.DelegatingMethodSecurityMetadataSource] is not eligible for getting processed by all BeanPostProcessors (for example: not eligible for auto-proxying)
2022-05-09T21:52:14.354589261Z stdout F 2022-05-10 05:52:14.353  INFO [ts-execute-service,,,] 1 --- [           main] trationDelegate$BeanPostProcessorChecker : Bean 'integrationGlobalProperties' of type [org.springframework.beans.factory.config.PropertiesFactoryBean] is not eligible for getting processed by all BeanPostProcessors (for example: not eligible for auto-proxying)
2022-05-09T21:52:14.715624795Z stdout F 2022-05-10 05:52:14.661  INFO [ts-execute-service,,,] 1 --- [           main] trationDelegate$BeanPostProcessorChecker : Bean 'integrationGlobalProperties' of type [java.util.Properties] is not eligible for getting processed by all BeanPostProcessors (for example: not eligible for auto-proxying)
2022-05-09T21:52:20.30170277Z stdout F 2022-05-10 05:52:20.296  INFO [ts-execute-service,,,] 1 --- [           main] trationDelegate$BeanPostProcessorChecker : Bean 'org.springframework.cloud.autoconfigure.ConfigurationPropertiesRebinderAutoConfiguration' of type [org.springframework.cloud.autoconfigure.ConfigurationPropertiesRebinderAutoConfiguration$$EnhancerBySpringCGLIB$$3c5b44cd] is not eligible for getting processed by all BeanPostProcessors (for example: not eligible for auto-proxying)
2022-05-09T21:52:21.676733048Z stdout F 2022-05-10 05:52:21.675  INFO [ts-execute-service,,,] 1 --- [           main] trationDelegate$BeanPostProcessorChecker : Bean 'org.springframework.cloud.sleuth.instrument.async.AsyncDefaultAutoConfiguration' of type [org.springframework.cloud.sleuth.instrument.async.AsyncDefaultAutoConfiguration$$EnhancerBySpringCGLIB$$824edef] is not eligible for getting processed by all BeanPostProcessors (for example: not eligible for auto-proxying)
2022-05-09T21:52:22.836994283Z stdout F 2022-05-10 05:52:22.836  INFO [ts-execute-service,,,] 1 --- [           main] trationDelegate$BeanPostProcessorChecker : Bean 'org.springframework.cloud.sleuth.instrument.web.client.TraceWebClientAutoConfiguration' of type [org.springframework.cloud.sleuth.instrument.web.client.TraceWebClientAutoConfiguration$$EnhancerBySpringCGLIB$$ccd40d4f] is not eligible for getting processed by all BeanPostProcessors (for example: not eligible for auto-proxying)
2022-05-09T21:52:55.353366836Z stdout F 2022-05-10 05:52:55.352  INFO [ts-execute-service,,,] 1 --- [           main] s.b.c.e.t.TomcatEmbeddedServletContainer : Tomcat initialized with port(s): 12386 (http)
2022-05-09T21:52:57.024098531Z stdout F 2022-05-10 05:52:57.023  INFO [ts-execute-service,,,] 1 --- [           main] o.apache.catalina.core.StandardService   : Starting service [Tomcat]
2022-05-09T21:52:57.032986805Z stdout F 2022-05-10 05:52:57.032  INFO [ts-execute-service,,,] 1 --- [           main] org.apache.catalina.core.StandardEngine  : Starting Servlet Engine: Apache Tomcat/8.5.43
2022-05-09T21:53:02.102191785Z stdout F 2022-05-10 05:53:01.991  INFO [ts-execute-service,,,] 1 --- [ost-startStop-1] o.a.c.c.C.[Tomcat].[localhost].[/]       : Initializing Spring embedded WebApplicationContext
2022-05-09T21:53:02.126298349Z stdout F 2022-05-10 05:53:02.114  INFO [ts-execute-service,,,] 1 --- [ost-startStop-1] o.s.web.context.ContextLoader            : Root WebApplicationContext: initialization completed in 177381 ms
2022-05-09T21:54:16.102730991Z stdout F 2022-05-10 05:54:16.025  INFO [ts-execute-service,,,] 1 --- [ost-startStop-1] o.s.b.w.servlet.FilterRegistrationBean   : Mapping filter: 'metricsFilter' to: [/*]
2022-05-09T21:54:16.103921639Z stdout F 2022-05-10 05:54:16.103  INFO [ts-execute-service,,,] 1 --- [ost-startStop-1] o.s.b.w.servlet.FilterRegistrationBean   : Mapping filter: 'characterEncodingFilter' to: [/*]
2022-05-09T21:54:16.10949003Z stdout F 2022-05-10 05:54:16.108  INFO [ts-execute-service,,,] 1 --- [ost-startStop-1] o.s.b.w.servlet.FilterRegistrationBean   : Mapping filter: 'traceFilter' to: [/*]
2022-05-09T21:54:16.112304418Z stdout F 2022-05-10 05:54:16.111  INFO [ts-execute-service,,,] 1 --- [ost-startStop-1] o.s.b.w.servlet.FilterRegistrationBean   : Mapping filter: 'hiddenHttpMethodFilter' to: [/*]
2022-05-09T21:54:16.116032548Z stdout F 2022-05-10 05:54:16.115  INFO [ts-execute-service,,,] 1 --- [ost-startStop-1] o.s.b.w.servlet.FilterRegistrationBean   : Mapping filter: 'httpPutFormContentFilter' to: [/*]
2022-05-09T21:54:16.117716102Z stdout F 2022-05-10 05:54:16.117  INFO [ts-execute-service,,,] 1 --- [ost-startStop-1] o.s.b.w.servlet.FilterRegistrationBean   : Mapping filter: 'requestContextFilter' to: [/*]
2022-05-09T21:54:16.302507399Z stdout F 2022-05-10 05:54:16.302  INFO [ts-execute-service,,,] 1 --- [ost-startStop-1] .s.DelegatingFilterProxyRegistrationBean : Mapping filter: 'springSecurityFilterChain' to: [/*]
2022-05-09T21:54:16.315328431Z stdout F 2022-05-10 05:54:16.314  INFO [ts-execute-service,,,] 1 --- [ost-startStop-1] o.s.b.w.servlet.FilterRegistrationBean   : Mapping filter: 'webRequestLoggingFilter' to: [/*]
2022-05-09T21:54:16.3207897Z stdout F 2022-05-10 05:54:16.320  INFO [ts-execute-service,,,] 1 --- [ost-startStop-1] o.s.b.w.servlet.FilterRegistrationBean   : Mapping filter: 'applicationContextIdFilter' to: [/*]
2022-05-09T21:54:16.333914249Z stdout F 2022-05-10 05:54:16.333  INFO [ts-execute-service,,,] 1 --- [ost-startStop-1] o.s.b.w.servlet.ServletRegistrationBean  : Mapping servlet: 'dispatcherServlet' to [/]
2022-05-09T21:56:24.22851965Z stdout F 2022-05-10 05:56:24.182  INFO [ts-execute-service,,,] 1 --- [           main] s.w.s.m.m.a.RequestMappingHandlerMapping : Mapped "{[/api/v1/executeservice/welcome],methods=[GET]}" onto public java.lang.String execute.controller.ExecuteControlller.home(org.springframework.http.HttpHeaders)
2022-05-09T21:56:24.260251292Z stdout F 2022-05-10 05:56:24.259  INFO [ts-execute-service,,,] 1 --- [           main] s.w.s.m.m.a.RequestMappingHandlerMapping : Mapped "{[/api/v1/executeservice/execute/execute/{orderId}],methods=[GET]}" onto public org.springframework.http.HttpEntity execute.controller.ExecuteControlller.executeTicket(java.lang.String,org.springframework.http.HttpHeaders)
2022-05-09T21:56:24.331766923Z stdout F 2022-05-10 05:56:24.331  INFO [ts-execute-service,,,] 1 --- [           main] s.w.s.m.m.a.RequestMappingHandlerMapping : Mapped "{[/api/v1/executeservice/execute/collected/{orderId}],methods=[GET]}" onto public org.springframework.http.HttpEntity execute.controller.ExecuteControlller.collectTicket(java.lang.String,org.springframework.http.HttpHeaders)
2022-05-09T21:56:24.333077179Z stdout F 2022-05-10 05:56:24.332  INFO [ts-execute-service,,,] 1 --- [           main] s.w.s.m.m.a.RequestMappingHandlerMapping : Mapped "{[/v2/api-docs],methods=[GET],produces=[application/json || application/hal+json]}" onto public org.springframework.http.ResponseEntity<springfox.documentation.spring.web.json.Json> springfox.documentation.swagger2.web.Swagger2Controller.getDocumentation(java.lang.String,javax.servlet.http.HttpServletRequest)
2022-05-09T21:56:24.581640929Z stdout F 2022-05-10 05:56:24.572  INFO [ts-execute-service,,,] 1 --- [           main] s.w.s.m.m.a.RequestMappingHandlerMapping : Mapped "{[/configuration/ui]}" onto org.springframework.http.ResponseEntity<springfox.documentation.swagger.web.UiConfiguration> springfox.documentation.swagger.web.ApiResourceController.uiConfiguration()
2022-05-09T21:56:24.624181797Z stdout F 2022-05-10 05:56:24.623  INFO [ts-execute-service,,,] 1 --- [           main] s.w.s.m.m.a.RequestMappingHandlerMapping : Mapped "{[/configuration/security]}" onto org.springframework.http.ResponseEntity<springfox.documentation.swagger.web.SecurityConfiguration> springfox.documentation.swagger.web.ApiResourceController.securityConfiguration()
2022-05-09T21:56:24.625722362Z stdout F 2022-05-10 05:56:24.625  INFO [ts-execute-service,,,] 1 --- [           main] s.w.s.m.m.a.RequestMappingHandlerMapping : Mapped "{[/swagger-resources]}" onto org.springframework.http.ResponseEntity<java.util.List<springfox.documentation.swagger.web.SwaggerResource>> springfox.documentation.swagger.web.ApiResourceController.swaggerResources()
2022-05-09T21:56:25.278821496Z stdout F 2022-05-10 05:56:25.278  INFO [ts-execute-service,,,] 1 --- [           main] s.w.s.m.m.a.RequestMappingHandlerMapping : Mapped "{[/error]}" onto public org.springframework.http.ResponseEntity<java.util.Map<java.lang.String, java.lang.Object>> org.springframework.boot.autoconfigure.web.BasicErrorController.error(javax.servlet.http.HttpServletRequest)
2022-05-09T21:56:25.285045124Z stdout F 2022-05-10 05:56:25.284  INFO [ts-execute-service,,,] 1 --- [           main] s.w.s.m.m.a.RequestMappingHandlerMapping : Mapped "{[/error],produces=[text/html]}" onto public org.springframework.web.servlet.ModelAndView org.springframework.boot.autoconfigure.web.BasicErrorController.errorHtml(javax.servlet.http.HttpServletRequest,javax.servlet.http.HttpServletResponse)
2022-05-09T21:57:49.332264755Z stdout F 2022-05-10 05:57:49.323  INFO [ts-execute-service,,,] 1 --- [           main] o.s.b.a.e.mvc.EndpointHandlerMapping     : Mapped "{[/heapdump || /heapdump.json],methods=[GET],produces=[application/octet-stream]}" onto public void org.springframework.boot.actuate.endpoint.mvc.HeapdumpMvcEndpoint.invoke(boolean,javax.servlet.http.HttpServletRequest,javax.servlet.http.HttpServletResponse) throws java.io.IOException,javax.servlet.ServletException
2022-05-09T21:57:49.399430379Z stdout F 2022-05-10 05:57:49.398  INFO [ts-execute-service,,,] 1 --- [           main] o.s.b.a.e.mvc.EndpointHandlerMapping     : Mapped "{[/mappings || /mappings.json],methods=[GET],produces=[application/vnd.spring-boot.actuator.v1+json || application/json]}" onto public java.lang.Object org.springframework.boot.actuate.endpoint.mvc.EndpointMvcAdapter.invoke()
2022-05-09T21:57:49.472353959Z stdout F 2022-05-10 05:57:49.471  INFO [ts-execute-service,,,] 1 --- [           main] o.s.b.a.e.mvc.EndpointHandlerMapping     : Mapped "{[/autoconfig || /autoconfig.json],methods=[GET],produces=[application/vnd.spring-boot.actuator.v1+json || application/json]}" onto public java.lang.Object org.springframework.boot.actuate.endpoint.mvc.EndpointMvcAdapter.invoke()
2022-05-09T21:57:49.482838267Z stdout F 2022-05-10 05:57:49.482  INFO [ts-execute-service,,,] 1 --- [           main] o.s.b.a.e.mvc.EndpointHandlerMapping     : Mapped "{[/health || /health.json],methods=[GET],produces=[application/vnd.spring-boot.actuator.v1+json || application/json]}" onto public java.lang.Object org.springframework.boot.actuate.endpoint.mvc.HealthMvcEndpoint.invoke(javax.servlet.http.HttpServletRequest,java.security.Principal)
2022-05-09T21:57:49.499290967Z stdout F 2022-05-10 05:57:49.498  INFO [ts-execute-service,,,] 1 --- [           main] o.s.b.a.e.mvc.EndpointHandlerMapping     : Mapped "{[/metrics/{name:.*}],methods=[GET],produces=[application/vnd.spring-boot.actuator.v1+json || application/json]}" onto public java.lang.Object org.springframework.boot.actuate.endpoint.mvc.MetricsMvcEndpoint.value(java.lang.String)
2022-05-09T21:57:49.506526132Z stdout F 2022-05-10 05:57:49.499  INFO [ts-execute-service,,,] 1 --- [           main] o.s.b.a.e.mvc.EndpointHandlerMapping     : Mapped "{[/metrics || /metrics.json],methods=[GET],produces=[application/vnd.spring-boot.actuator.v1+json || application/json]}" onto public java.lang.Object org.springframework.boot.actuate.endpoint.mvc.EndpointMvcAdapter.invoke()
2022-05-09T21:57:49.589528986Z stdout F 2022-05-10 05:57:49.589  INFO [ts-execute-service,,,] 1 --- [           main] o.s.b.a.e.mvc.EndpointHandlerMapping     : Mapped "{[/info || /info.json],methods=[GET],produces=[application/vnd.spring-boot.actuator.v1+json || application/json]}" onto public java.lang.Object org.springframework.boot.actuate.endpoint.mvc.EndpointMvcAdapter.invoke()
2022-05-09T21:57:49.5950775Z stdout F 2022-05-10 05:57:49.590  INFO [ts-execute-service,,,] 1 --- [           main] o.s.b.a.e.mvc.EndpointHandlerMapping     : Mapped "{[/configprops || /configprops.json],methods=[GET],produces=[application/vnd.spring-boot.actuator.v1+json || application/json]}" onto public java.lang.Object org.springframework.boot.actuate.endpoint.mvc.EndpointMvcAdapter.invoke()
2022-05-09T21:57:50.160872895Z stdout F 2022-05-10 05:57:50.129  INFO [ts-execute-service,,,] 1 --- [           main] o.s.b.a.e.mvc.EndpointHandlerMapping     : Mapped "{[/features || /features.json],methods=[GET],produces=[application/vnd.spring-boot.actuator.v1+json || application/json]}" onto public java.lang.Object org.springframework.boot.actuate.endpoint.mvc.EndpointMvcAdapter.invoke()
2022-05-09T21:57:50.25949425Z stdout F 2022-05-10 05:57:50.254  INFO [ts-execute-service,,,] 1 --- [           main] o.s.b.a.e.mvc.EndpointHandlerMapping     : Mapped "{[/loggers/{name:.*}],methods=[GET],produces=[application/vnd.spring-boot.actuator.v1+json || application/json]}" onto public java.lang.Object org.springframework.boot.actuate.endpoint.mvc.LoggersMvcEndpoint.get(java.lang.String)
2022-05-09T21:57:50.259542949Z stdout F 2022-05-10 05:57:50.254  INFO [ts-execute-service,,,] 1 --- [           main] o.s.b.a.e.mvc.EndpointHandlerMapping     : Mapped "{[/loggers/{name:.*}],methods=[POST],consumes=[application/vnd.spring-boot.actuator.v1+json || application/json],produces=[application/vnd.spring-boot.actuator.v1+json || application/json]}" onto public java.lang.Object org.springframework.boot.actuate.endpoint.mvc.LoggersMvcEndpoint.set(java.lang.String,java.util.Map<java.lang.String, java.lang.String>)
2022-05-09T21:57:50.259554285Z stdout F 2022-05-10 05:57:50.255  INFO [ts-execute-service,,,] 1 --- [           main] o.s.b.a.e.mvc.EndpointHandlerMapping     : Mapped "{[/loggers || /loggers.json],methods=[GET],produces=[application/vnd.spring-boot.actuator.v1+json || application/json]}" onto public java.lang.Object org.springframework.boot.actuate.endpoint.mvc.EndpointMvcAdapter.invoke()
2022-05-09T21:57:50.299054325Z stdout F 2022-05-10 05:57:50.294  INFO [ts-execute-service,,,] 1 --- [           main] o.s.b.a.e.mvc.EndpointHandlerMapping     : Mapped "{[/refresh || /refresh.json],methods=[POST]}" onto public java.lang.Object org.springframework.cloud.endpoint.GenericPostableMvcEndpoint.invoke()
2022-05-09T21:57:50.424160458Z stdout F 2022-05-10 05:57:50.421  INFO [ts-execute-service,,,] 1 --- [           main] o.s.b.a.e.mvc.EndpointHandlerMapping     : Mapped "{[/env/{name:.*}],methods=[GET],produces=[application/vnd.spring-boot.actuator.v1+json || application/json]}" onto public java.lang.Object org.springframework.boot.actuate.endpoint.mvc.EnvironmentMvcEndpoint.value(java.lang.String)
2022-05-09T21:57:50.424214539Z stdout F 2022-05-10 05:57:50.421  INFO [ts-execute-service,,,] 1 --- [           main] o.s.b.a.e.mvc.EndpointHandlerMapping     : Mapped "{[/env || /env.json],methods=[GET],produces=[application/vnd.spring-boot.actuator.v1+json || application/json]}" onto public java.lang.Object org.springframework.boot.actuate.endpoint.mvc.EndpointMvcAdapter.invoke()
2022-05-09T21:57:50.814416325Z stdout F 2022-05-10 05:57:50.811  INFO [ts-execute-service,,,] 1 --- [           main] o.s.b.a.e.mvc.EndpointHandlerMapping     : Mapped "{[/auditevents || /auditevents.json],methods=[GET],produces=[application/vnd.spring-boot.actuator.v1+json || application/json]}" onto public org.springframework.http.ResponseEntity<?> org.springframework.boot.actuate.endpoint.mvc.AuditEventsMvcEndpoint.findByPrincipalAndAfterAndType(java.lang.String,java.util.Date,java.lang.String)
2022-05-09T21:57:50.81445582Z stdout F 2022-05-10 05:57:50.813  INFO [ts-execute-service,,,] 1 --- [           main] o.s.b.a.e.mvc.EndpointHandlerMapping     : Mapped "{[/env],methods=[POST]}" onto public java.lang.Object org.springframework.cloud.context.environment.EnvironmentManagerMvcEndpoint.value(java.util.Map<java.lang.String, java.lang.String>)
2022-05-09T21:57:51.145249875Z stdout F 2022-05-10 05:57:50.814  INFO [ts-execute-service,,,] 1 --- [           main] o.s.b.a.e.mvc.EndpointHandlerMapping     : Mapped "{[/env/reset],methods=[POST]}" onto public java.util.Map<java.lang.String, java.lang.Object> org.springframework.cloud.context.environment.EnvironmentManagerMvcEndpoint.reset()
2022-05-09T21:57:51.366356885Z stdout F 2022-05-10 05:57:51.223  INFO [ts-execute-service,,,] 1 --- [           main] o.s.b.a.e.mvc.EndpointHandlerMapping     : Mapped "{[/trace || /trace.json],methods=[GET],produces=[application/vnd.spring-boot.actuator.v1+json || application/json]}" onto public java.lang.Object org.springframework.boot.actuate.endpoint.mvc.EndpointMvcAdapter.invoke()
2022-05-09T21:57:51.488396091Z stdout F 2022-05-10 05:57:51.487  INFO [ts-execute-service,,,] 1 --- [           main] o.s.b.a.e.mvc.EndpointHandlerMapping     : Mapped "{[/dump || /dump.json],methods=[GET],produces=[application/vnd.spring-boot.actuator.v1+json || application/json]}" onto public java.lang.Object org.springframework.boot.actuate.endpoint.mvc.EndpointMvcAdapter.invoke()
2022-05-09T21:57:51.570198259Z stdout F 2022-05-10 05:57:51.569  INFO [ts-execute-service,,,] 1 --- [           main] o.s.b.a.e.mvc.EndpointHandlerMapping     : Mapped "{[/beans || /beans.json],methods=[GET],produces=[application/vnd.spring-boot.actuator.v1+json || application/json]}" onto public java.lang.Object org.springframework.boot.actuate.endpoint.mvc.EndpointMvcAdapter.invoke()
2022-05-09T21:58:22.899170421Z stdout F 2022-05-10 05:58:22.866  INFO [ts-execute-service,,,] 1 --- [           main] b.a.s.AuthenticationManagerConfiguration : 
2022-05-09T21:58:22.899249694Z stdout F 
2022-05-09T21:58:22.899259232Z stdout F Using default security password: eb769b62-9a19-4ac0-9299-a0dbbde11cb5
2022-05-09T21:58:22.899264481Z stdout F 
2022-05-09T21:58:37.189118136Z stdout F 2022-05-10 05:58:37.187  INFO [ts-execute-service,,,] 1 --- [           main] o.s.s.web.DefaultSecurityFilterChain     : Creating filter chain: org.springframework.security.web.util.matcher.AnyRequestMatcher@1, [org.springframework.security.web.context.request.async.WebAsyncManagerIntegrationFilter@6326d182, org.springframework.security.web.context.SecurityContextPersistenceFilter@7c351808, org.springframework.security.web.header.HeaderWriterFilter@569bf9eb, org.springframework.security.web.authentication.logout.LogoutFilter@25ddbbbb, edu.fudan.common.security.jwt.JWTFilter@5241cf67, org.springframework.security.web.savedrequest.RequestCacheAwareFilter@7e242b4d, org.springframework.security.web.servletapi.SecurityContextHolderAwareRequestFilter@1d1f7216, org.springframework.security.web.authentication.AnonymousAuthenticationFilter@716a7124, org.springframework.security.web.session.SessionManagementFilter@274872f8, org.springframework.security.web.access.ExceptionTranslationFilter@545de5a4, org.springframework.security.web.access.intercept.FilterSecurityInterceptor@4eed46ee]
2022-05-09T21:58:42.445749418Z stdout F 2022-05-10 05:58:42.444  INFO [ts-execute-service,,,] 1 --- [           main] o.s.w.s.handler.SimpleUrlHandlerMapping  : Mapped URL path [/webjars/**] onto handler of type [class org.springframework.web.servlet.resource.ResourceHttpRequestHandler]
2022-05-09T21:58:42.445996759Z stdout F 2022-05-10 05:58:42.445  INFO [ts-execute-service,,,] 1 --- [           main] o.s.w.s.handler.SimpleUrlHandlerMapping  : Mapped URL path [/**] onto handler of type [class org.springframework.web.servlet.resource.ResourceHttpRequestHandler]
2022-05-09T21:58:47.845924604Z stdout F 2022-05-10 05:58:47.337  INFO [ts-execute-service,,,] 1 --- [           main] o.s.w.s.handler.SimpleUrlHandlerMapping  : Mapped URL path [/**/favicon.ico] onto handler of type [class org.springframework.web.servlet.resource.ResourceHttpRequestHandler]
2022-05-09T21:58:51.891404363Z stdout F 2022-05-10 05:58:51.889  INFO [ts-execute-service,,,] 1 --- [           main] o.s.s.web.DefaultSecurityFilterChain     : Creating filter chain: org.springframework.boot.actuate.autoconfigure.ManagementWebSecurityAutoConfiguration$LazyEndpointPathRequestMatcher@35beb15e, [org.springframework.security.web.context.request.async.WebAsyncManagerIntegrationFilter@41fe9859, org.springframework.security.web.context.SecurityContextPersistenceFilter@1a1da881, org.springframework.security.web.header.HeaderWriterFilter@3d08f3f5, org.springframework.web.filter.CorsFilter@5ac86ba5, org.springframework.security.web.authentication.logout.LogoutFilter@165b8a71, org.springframework.security.web.authentication.www.BasicAuthenticationFilter@30ea8c23, org.springframework.security.web.savedrequest.RequestCacheAwareFilter@5b970f7, org.springframework.security.web.servletapi.SecurityContextHolderAwareRequestFilter@7fd4acee, org.springframework.security.web.authentication.AnonymousAuthenticationFilter@6c67e137, org.springframework.security.web.session.SessionManagementFilter@119f1f2a, org.springframework.security.web.access.ExceptionTranslationFilter@55795845, org.springframework.security.web.access.intercept.FilterSecurityInterceptor@64337702]
2022-05-09T21:59:04.674461094Z stdout F 2022-05-10 05:59:04.660  INFO [ts-execute-service,,,] 1 --- [           main] s.w.s.m.m.a.RequestMappingHandlerAdapter : Looking for @ControllerAdvice: org.springframework.boot.context.embedded.AnnotationConfigEmbeddedWebApplicationContext@d2cc05a: startup date [Tue May 10 05:50:04 CST 2022]; parent: org.springframework.context.annotation.AnnotationConfigApplicationContext@48533e64
2022-05-09T22:00:12.000503091Z stdout F 2022-05-10 06:00:11.996  INFO [ts-execute-service,,,] 1 --- [           main] o.s.s.c.ThreadPoolTaskScheduler          : Initializing ExecutorService  'taskScheduler'
2022-05-09T22:00:59.151813435Z stdout F 2022-05-10 06:00:58.968  INFO [ts-execute-service,,,] 1 --- [           main] o.s.s.c.ThreadPoolTaskScheduler          : Initializing ExecutorService 
2022-05-09T22:01:42.482492558Z stdout F 2022-05-10 06:01:42.481  INFO [ts-execute-service,,,] 1 --- [           main] o.s.j.e.a.AnnotationMBeanExporter        : Registering beans for JMX exposure on startup
2022-05-09T22:01:42.928565296Z stdout F 2022-05-10 06:01:42.917  INFO [ts-execute-service,,,] 1 --- [           main] o.s.j.e.a.AnnotationMBeanExporter        : Bean with name 'configurationPropertiesRebinder' has been autodetected for JMX exposure
2022-05-09T22:01:42.931560816Z stdout F 2022-05-10 06:01:42.930  INFO [ts-execute-service,,,] 1 --- [           main] o.s.j.e.a.AnnotationMBeanExporter        : Bean with name 'refreshEndpoint' has been autodetected for JMX exposure
2022-05-09T22:01:42.951797263Z stdout F 2022-05-10 06:01:42.951  INFO [ts-execute-service,,,] 1 --- [           main] o.s.j.e.a.AnnotationMBeanExporter        : Bean with name 'environmentManager' has been autodetected for JMX exposure
2022-05-09T22:01:42.986021674Z stdout F 2022-05-10 06:01:42.984  INFO [ts-execute-service,,,] 1 --- [           main] o.s.j.e.a.AnnotationMBeanExporter        : Bean with name 'refreshScope' has been autodetected for JMX exposure
2022-05-09T22:01:43.267326901Z stdout F 2022-05-10 06:01:43.182  INFO [ts-execute-service,,,] 1 --- [           main] o.s.j.e.a.AnnotationMBeanExporter        : Located managed bean 'environmentManager': registering with JMX server as MBean [org.springframework.cloud.context.environment:name=environmentManager,type=EnvironmentManager]
2022-05-09T22:01:44.197886532Z stdout F 2022-05-10 06:01:44.193  INFO [ts-execute-service,,,] 1 --- [           main] o.s.j.e.a.AnnotationMBeanExporter        : Located managed bean 'refreshScope': registering with JMX server as MBean [org.springframework.cloud.context.scope.refresh:name=refreshScope,type=RefreshScope]
2022-05-09T22:01:44.97498665Z stdout F 2022-05-10 06:01:44.974  INFO [ts-execute-service,,,] 1 --- [           main] o.s.j.e.a.AnnotationMBeanExporter        : Located managed bean 'configurationPropertiesRebinder': registering with JMX server as MBean [org.springframework.cloud.context.properties:name=configurationPropertiesRebinder,context=d2cc05a,type=ConfigurationPropertiesRebinder]
2022-05-09T22:01:45.80334718Z stdout F 2022-05-10 06:01:45.802  INFO [ts-execute-service,,,] 1 --- [           main] o.s.j.e.a.AnnotationMBeanExporter        : Located managed bean 'refreshEndpoint': registering with JMX server as MBean [org.springframework.cloud.endpoint:name=refreshEndpoint,type=RefreshEndpoint]
2022-05-09T22:02:47.960183212Z stdout F 2022-05-10 06:02:47.837  INFO [ts-execute-service,,,] 1 --- [           main] o.s.c.support.DefaultLifecycleProcessor  : Starting beans in phase 0
2022-05-09T22:03:00.995873287Z stdout F 2022-05-10 06:03:00.878  INFO [ts-execute-service,,,] 1 --- [           main] o.s.i.endpoint.EventDrivenConsumer       : Adding {logging-channel-adapter:_org.springframework.integration.errorLogger} as a subscriber to the 'errorChannel' channel
2022-05-09T22:03:01.023652891Z stdout F 2022-05-10 06:03:01.022  INFO [ts-execute-service,,,] 1 --- [           main] o.s.i.channel.PublishSubscribeChannel    : Channel 'ts-execute-service:12386.errorChannel' has 1 subscriber(s).
2022-05-09T22:03:01.023698493Z stdout F 2022-05-10 06:03:01.023  INFO [ts-execute-service,,,] 1 --- [           main] o.s.i.endpoint.EventDrivenConsumer       : started _org.springframework.integration.errorLogger
2022-05-09T22:03:05.149653331Z stdout F 2022-05-10 06:03:05.147  INFO [ts-execute-service,,,] 1 --- [           main] d.s.w.p.DocumentationPluginsBootstrapper : Context refreshed
2022-05-09T22:03:09.557235649Z stdout F 2022-05-10 06:03:09.258  INFO [ts-execute-service,,,] 1 --- [           main] d.s.w.p.DocumentationPluginsBootstrapper : Found 1 custom documentation plugin(s)
2022-05-09T22:03:10.445797455Z stdout F 2022-05-10 06:03:10.445  INFO [ts-execute-service,,,] 1 --- [           main] s.d.s.w.s.ApiListingReferenceScanner     : Scanning for api listing references
2022-05-09T22:03:21.975243866Z stdout F 2022-05-10 06:03:21.974  INFO [ts-execute-service,,,] 1 --- [           main] .d.s.w.r.o.CachingOperationNameGenerator : Generating unique operation named: findByPrincipalAndAfterAndTypeUsingGET_1
2022-05-09T22:03:35.749438421Z stdout F 2022-05-10 06:03:35.546  INFO [ts-execute-service,,,] 1 --- [           main] .d.s.w.r.o.CachingOperationNameGenerator : Generating unique operation named: invokeUsingGET_1
2022-05-09T22:03:35.820818716Z stdout F 2022-05-10 06:03:35.819  INFO [ts-execute-service,,,] 1 --- [           main] .d.s.w.r.o.CachingOperationNameGenerator : Generating unique operation named: invokeUsingGET_2
2022-05-09T22:03:35.976771165Z stdout F 2022-05-10 06:03:35.975  INFO [ts-execute-service,,,] 1 --- [           main] .d.s.w.r.o.CachingOperationNameGenerator : Generating unique operation named: invokeUsingGET_3
2022-05-09T22:03:36.11631751Z stdout F 2022-05-10 06:03:36.095  INFO [ts-execute-service,,,] 1 --- [           main] .d.s.w.r.o.CachingOperationNameGenerator : Generating unique operation named: invokeUsingGET_4
2022-05-09T22:03:36.295791902Z stdout F 2022-05-10 06:03:36.206  INFO [ts-execute-service,,,] 1 --- [           main] .d.s.w.r.o.CachingOperationNameGenerator : Generating unique operation named: invokeUsingGET_5
2022-05-09T22:03:36.549622873Z stdout F 2022-05-10 06:03:36.548  INFO [ts-execute-service,,,] 1 --- [           main] .d.s.w.r.o.CachingOperationNameGenerator : Generating unique operation named: invokeUsingGET_6
2022-05-09T22:03:36.731893608Z stdout F 2022-05-10 06:03:36.731  INFO [ts-execute-service,,,] 1 --- [           main] .d.s.w.r.o.CachingOperationNameGenerator : Generating unique operation named: invokeUsingGET_7
2022-05-09T22:03:37.080457765Z stdout F 2022-05-10 06:03:37.029  INFO [ts-execute-service,,,] 1 --- [           main] .d.s.w.r.o.CachingOperationNameGenerator : Generating unique operation named: invokeUsingGET_8
2022-05-09T22:03:37.301197198Z stdout F 2022-05-10 06:03:37.208  INFO [ts-execute-service,,,] 1 --- [           main] .d.s.w.r.o.CachingOperationNameGenerator : Generating unique operation named: invokeUsingGET_9
2022-05-09T22:03:37.78802995Z stdout F 2022-05-10 06:03:37.787  INFO [ts-execute-service,,,] 1 --- [           main] .d.s.w.r.o.CachingOperationNameGenerator : Generating unique operation named: invokeUsingGET_10
2022-05-09T22:03:38.348545568Z stdout F 2022-05-10 06:03:38.345  INFO [ts-execute-service,,,] 1 --- [           main] .d.s.w.r.o.CachingOperationNameGenerator : Generating unique operation named: invokeUsingGET_11
2022-05-09T22:03:38.520794858Z stdout F 2022-05-10 06:03:38.517  INFO [ts-execute-service,,,] 1 --- [           main] .d.s.w.r.o.CachingOperationNameGenerator : Generating unique operation named: invokeUsingGET_12
2022-05-09T22:03:38.688136392Z stdout F 2022-05-10 06:03:38.683  INFO [ts-execute-service,,,] 1 --- [           main] .d.s.w.r.o.CachingOperationNameGenerator : Generating unique operation named: invokeUsingGET_13
2022-05-09T22:03:38.83298885Z stdout F 2022-05-10 06:03:38.828  INFO [ts-execute-service,,,] 1 --- [           main] .d.s.w.r.o.CachingOperationNameGenerator : Generating unique operation named: invokeUsingGET_14
2022-05-09T22:03:39.098123329Z stdout F 2022-05-10 06:03:38.937  INFO [ts-execute-service,,,] 1 --- [           main] .d.s.w.r.o.CachingOperationNameGenerator : Generating unique operation named: invokeUsingGET_15
2022-05-09T22:03:40.504486324Z stdout F 2022-05-10 06:03:40.503  INFO [ts-execute-service,,,] 1 --- [           main] .d.s.w.r.o.CachingOperationNameGenerator : Generating unique operation named: invokeUsingGET_16
2022-05-09T22:03:40.767417961Z stdout F 2022-05-10 06:03:40.766  INFO [ts-execute-service,,,] 1 --- [           main] .d.s.w.r.o.CachingOperationNameGenerator : Generating unique operation named: invokeUsingGET_17
2022-05-09T22:03:43.701067356Z stdout F 2022-05-10 06:03:43.643  INFO [ts-execute-service,,,] 1 --- [           main] .d.s.w.r.o.CachingOperationNameGenerator : Generating unique operation named: invokeUsingPOST_1
2022-05-09T22:03:44.413263661Z stdout F 2022-05-10 06:03:44.412  INFO [ts-execute-service,,,] 1 --- [           main] .d.s.w.r.o.CachingOperationNameGenerator : Generating unique operation named: invokeUsingGET_18
2022-05-09T22:03:44.572801789Z stdout F 2022-05-10 06:03:44.570  INFO [ts-execute-service,,,] 1 --- [           main] .d.s.w.r.o.CachingOperationNameGenerator : Generating unique operation named: invokeUsingGET_19
2022-05-09T22:03:44.981343787Z stdout F 2022-05-10 06:03:44.980  INFO [ts-execute-service,,,] 1 --- [           main] .d.s.w.r.o.CachingOperationNameGenerator : Generating unique operation named: invokeUsingGET_20
2022-05-09T22:03:45.172313638Z stdout F 2022-05-10 06:03:45.171  INFO [ts-execute-service,,,] 1 --- [           main] .d.s.w.r.o.CachingOperationNameGenerator : Generating unique operation named: invokeUsingGET_21
2022-05-09T22:03:46.141266549Z stdout F 2022-05-10 06:03:46.140  INFO [ts-execute-service,,,] 1 --- [           main] .d.s.w.r.o.CachingOperationNameGenerator : Generating unique operation named: invokeUsingGET_22
2022-05-09T22:03:46.319958931Z stdout F 2022-05-10 06:03:46.319  INFO [ts-execute-service,,,] 1 --- [           main] .d.s.w.r.o.CachingOperationNameGenerator : Generating unique operation named: invokeUsingGET_23
2022-05-09T22:03:47.383363459Z stdout F 2022-05-10 06:03:47.380  INFO [ts-execute-service,,,] 1 --- [           main] .d.s.w.r.o.CachingOperationNameGenerator : Generating unique operation named: invokeUsingGET_24
2022-05-09T22:03:47.830982035Z stdout F 2022-05-10 06:03:47.769  INFO [ts-execute-service,,,] 1 --- [           main] .d.s.w.r.o.CachingOperationNameGenerator : Generating unique operation named: invokeUsingGET_25
2022-05-09T22:03:48.144439615Z stdout F 2022-05-10 06:03:48.143  INFO [ts-execute-service,,,] 1 --- [           main] .d.s.w.r.o.CachingOperationNameGenerator : Generating unique operation named: valueUsingGET_1
2022-05-09T22:03:51.495417534Z stdout F 2022-05-10 06:03:51.494  INFO [ts-execute-service,,,] 1 --- [           main] s.b.c.e.t.TomcatEmbeddedServletContainer : Tomcat started on port(s): 12386 (http)
2022-05-09T22:03:52.181230348Z stdout F 2022-05-10 06:03:52.167  INFO [ts-execute-service,,,] 1 --- [           main] execute.ExecuteApplication               : Started ExecuteApplication in 960.093 seconds (JVM running for 1047.147)
