2022-05-09T06:51:02.53023487Z stdout F 2022-05-09T06:51:02.527625Z	info	Istio iptables environment:
2022-05-09T06:51:02.530357374Z stdout F ENVOY_PORT=
2022-05-09T06:51:02.530368922Z stdout F INBOUND_CAPTURE_PORT=
2022-05-09T06:51:02.530414454Z stdout F ISTIO_INBOUND_INTERCEPTION_MODE=
2022-05-09T06:51:02.530443755Z stdout F ISTIO_INBOUND_TPROXY_ROUTE_TABLE=
2022-05-09T06:51:02.530458863Z stdout F ISTIO_INBOUND_PORTS=
2022-05-09T06:51:02.530471757Z stdout F ISTIO_OUTBOUND_PORTS=
2022-05-09T06:51:02.530478513Z stdout F ISTIO_LOCAL_EXCLUDE_PORTS=
2022-05-09T06:51:02.53048314Z stdout F ISTIO_EXCLUDE_INTERFACES=
2022-05-09T06:51:02.530502929Z stdout F ISTIO_SERVICE_CIDR=
2022-05-09T06:51:02.530507156Z stdout F ISTIO_SERVICE_EXCLUDE_CIDR=
2022-05-09T06:51:02.530511619Z stdout F ISTIO_META_DNS_CAPTURE=
2022-05-09T06:51:02.530516497Z stdout F INVALID_DROP=
2022-05-09T06:51:02.530520946Z stdout F 
2022-05-09T06:51:02.530527819Z stdout F 2022-05-09T06:51:02.527715Z	info	Istio iptables variables:
2022-05-09T06:51:02.530540531Z stdout F PROXY_PORT=15001
2022-05-09T06:51:02.530612324Z stdout F PROXY_INBOUND_CAPTURE_PORT=15006
2022-05-09T06:51:02.530649112Z stdout F PROXY_TUNNEL_PORT=15008
2022-05-09T06:51:02.530656157Z stdout F PROXY_UID=1337
2022-05-09T06:51:02.530661328Z stdout F PROXY_GID=1337
2022-05-09T06:51:02.530674958Z stdout F INBOUND_INTERCEPTION_MODE=REDIRECT
2022-05-09T06:51:02.530687573Z stdout F INBOUND_TPROXY_MARK=1337
2022-05-09T06:51:02.53070054Z stdout F INBOUND_TPROXY_ROUTE_TABLE=133
2022-05-09T06:51:02.530714493Z stdout F INBOUND_PORTS_INCLUDE=*
2022-05-09T06:51:02.530728709Z stdout F INBOUND_PORTS_EXCLUDE=15090,15021,15020
2022-05-09T06:51:02.530739127Z stdout F OUTBOUND_IP_RANGES_INCLUDE=*
2022-05-09T06:51:02.53079334Z stdout F OUTBOUND_IP_RANGES_EXCLUDE=
2022-05-09T06:51:02.530809386Z stdout F OUTBOUND_PORTS_INCLUDE=
2022-05-09T06:51:02.531202011Z stdout F OUTBOUND_PORTS_EXCLUDE=
2022-05-09T06:51:02.531208703Z stdout F KUBE_VIRT_INTERFACES=
2022-05-09T06:51:02.531213254Z stdout F ENABLE_INBOUND_IPV6=false
2022-05-09T06:51:02.531217425Z stdout F DNS_CAPTURE=false
2022-05-09T06:51:02.531285576Z stdout F DROP_INVALID=false
2022-05-09T06:51:02.531290799Z stdout F CAPTURE_ALL_DNS=false
2022-05-09T06:51:02.531294995Z stdout F DNS_SERVERS=[],[]
2022-05-09T06:51:02.531299465Z stdout F OUTPUT_PATH=
2022-05-09T06:51:02.531303687Z stdout F NETWORK_NAMESPACE=
2022-05-09T06:51:02.531307882Z stdout F CNI_MODE=false
2022-05-09T06:51:02.53131205Z stdout F EXCLUDE_INTERFACES=
2022-05-09T06:51:02.531315998Z stdout F 
2022-05-09T06:51:02.531320745Z stdout F 2022-05-09T06:51:02.528471Z	info	Writing following contents to rules file: /tmp/iptables-rules-1652079062527813486.txt3111694422
2022-05-09T06:51:02.531324915Z stdout F * nat
2022-05-09T06:51:02.531329125Z stdout F -N ISTIO_INBOUND
2022-05-09T06:51:02.531333148Z stdout F -N ISTIO_REDIRECT
2022-05-09T06:51:02.531337196Z stdout F -N ISTIO_IN_REDIRECT
2022-05-09T06:51:02.53134131Z stdout F -N ISTIO_OUTPUT
2022-05-09T06:51:02.531345834Z stdout F -A ISTIO_INBOUND -p tcp --dport 15008 -j RETURN
2022-05-09T06:51:02.531350158Z stdout F -A ISTIO_REDIRECT -p tcp -j REDIRECT --to-ports 15001
2022-05-09T06:51:02.531354256Z stdout F -A ISTIO_IN_REDIRECT -p tcp -j REDIRECT --to-ports 15006
2022-05-09T06:51:02.531358239Z stdout F -A PREROUTING -p tcp -j ISTIO_INBOUND
2022-05-09T06:51:02.531364847Z stdout F -A ISTIO_INBOUND -p tcp --dport 15090 -j RETURN
2022-05-09T06:51:02.531368953Z stdout F -A ISTIO_INBOUND -p tcp --dport 15021 -j RETURN
2022-05-09T06:51:02.531372946Z stdout F -A ISTIO_INBOUND -p tcp --dport 15020 -j RETURN
2022-05-09T06:51:02.531376917Z stdout F -A ISTIO_INBOUND -p tcp -j ISTIO_IN_REDIRECT
2022-05-09T06:51:02.531380973Z stdout F -A OUTPUT -p tcp -j ISTIO_OUTPUT
2022-05-09T06:51:02.531385013Z stdout F -A ISTIO_OUTPUT -o lo -s 127.0.0.6/32 -j RETURN
2022-05-09T06:51:02.531390129Z stdout F -A ISTIO_OUTPUT -o lo ! -d 127.0.0.1/32 -m owner --uid-owner 1337 -j ISTIO_IN_REDIRECT
2022-05-09T06:51:02.531399119Z stdout F -A ISTIO_OUTPUT -o lo -m owner ! --uid-owner 1337 -j RETURN
2022-05-09T06:51:02.531413872Z stdout F -A ISTIO_OUTPUT -m owner --uid-owner 1337 -j RETURN
2022-05-09T06:51:02.531438505Z stdout F -A ISTIO_OUTPUT -o lo ! -d 127.0.0.1/32 -m owner --gid-owner 1337 -j ISTIO_IN_REDIRECT
2022-05-09T06:51:02.531451855Z stdout F -A ISTIO_OUTPUT -o lo -m owner ! --gid-owner 1337 -j RETURN
2022-05-09T06:51:02.53146032Z stdout F -A ISTIO_OUTPUT -m owner --gid-owner 1337 -j RETURN
2022-05-09T06:51:02.531464917Z stdout F -A ISTIO_OUTPUT -d 127.0.0.1/32 -j RETURN
2022-05-09T06:51:02.531468972Z stdout F -A ISTIO_OUTPUT -j ISTIO_REDIRECT
2022-05-09T06:51:02.531473219Z stdout F COMMIT
2022-05-09T06:51:02.531478145Z stdout F 2022-05-09T06:51:02.528524Z	info	Running command: iptables-restore --noflush /tmp/iptables-rules-1652079062527813486.txt3111694422
2022-05-09T06:51:02.53679492Z stdout F 2022-05-09T06:51:02.535751Z	info	Writing following contents to rules file: /tmp/ip6tables-rules-1652079062535647221.txt3690994258
2022-05-09T06:51:02.53682099Z stdout F 
2022-05-09T06:51:02.536828341Z stdout F 2022-05-09T06:51:02.535809Z	info	Running command: ip6tables-restore --noflush /tmp/ip6tables-rules-1652079062535647221.txt3690994258
2022-05-09T06:51:02.540116101Z stdout F 2022-05-09T06:51:02.539122Z	info	Running command: iptables-save 
2022-05-09T06:51:02.546400462Z stdout F 2022-05-09T06:51:02.545564Z	info	Command output: 
2022-05-09T06:51:02.546442845Z stdout F # Generated by iptables-save v1.8.4 on Mon May  9 06:51:02 2022
2022-05-09T06:51:02.546473911Z stdout F *nat
2022-05-09T06:51:02.546482734Z stdout F :PREROUTING ACCEPT [0:0]
2022-05-09T06:51:02.546502312Z stdout F :INPUT ACCEPT [0:0]
2022-05-09T06:51:02.546522902Z stdout F :OUTPUT ACCEPT [0:0]
2022-05-09T06:51:02.546529856Z stdout F :POSTROUTING ACCEPT [0:0]
2022-05-09T06:51:02.546534374Z stdout F :ISTIO_INBOUND - [0:0]
2022-05-09T06:51:02.546538939Z stdout F :ISTIO_IN_REDIRECT - [0:0]
2022-05-09T06:51:02.546542963Z stdout F :ISTIO_OUTPUT - [0:0]
2022-05-09T06:51:02.546560616Z stdout F :ISTIO_REDIRECT - [0:0]
2022-05-09T06:51:02.546568264Z stdout F -A PREROUTING -p tcp -j ISTIO_INBOUND
2022-05-09T06:51:02.546573374Z stdout F -A OUTPUT -p tcp -j ISTIO_OUTPUT
2022-05-09T06:51:02.546578058Z stdout F -A ISTIO_INBOUND -p tcp -m tcp --dport 15008 -j RETURN
2022-05-09T06:51:02.546595487Z stdout F -A ISTIO_INBOUND -p tcp -m tcp --dport 15090 -j RETURN
2022-05-09T06:51:02.546603457Z stdout F -A ISTIO_INBOUND -p tcp -m tcp --dport 15021 -j RETURN
2022-05-09T06:51:02.546607706Z stdout F -A ISTIO_INBOUND -p tcp -m tcp --dport 15020 -j RETURN
2022-05-09T06:51:02.546611827Z stdout F -A ISTIO_INBOUND -p tcp -j ISTIO_IN_REDIRECT
2022-05-09T06:51:02.54662909Z stdout F -A ISTIO_IN_REDIRECT -p tcp -j REDIRECT --to-ports 15006
2022-05-09T06:51:02.546687265Z stdout F -A ISTIO_OUTPUT -s 127.0.0.6/32 -o lo -j RETURN
2022-05-09T06:51:02.546705147Z stdout F -A ISTIO_OUTPUT ! -d 127.0.0.1/32 -o lo -m owner --uid-owner 1337 -j ISTIO_IN_REDIRECT
2022-05-09T06:51:02.546714601Z stdout F -A ISTIO_OUTPUT -o lo -m owner ! --uid-owner 1337 -j RETURN
2022-05-09T06:51:02.546730837Z stdout F -A ISTIO_OUTPUT -m owner --uid-owner 1337 -j RETURN
2022-05-09T06:51:02.546740092Z stdout F -A ISTIO_OUTPUT ! -d 127.0.0.1/32 -o lo -m owner --gid-owner 1337 -j ISTIO_IN_REDIRECT
2022-05-09T06:51:02.546745016Z stdout F -A ISTIO_OUTPUT -o lo -m owner ! --gid-owner 1337 -j RETURN
2022-05-09T06:51:02.546749329Z stdout F -A ISTIO_OUTPUT -m owner --gid-owner 1337 -j RETURN
2022-05-09T06:51:02.546753251Z stdout F -A ISTIO_OUTPUT -d 127.0.0.1/32 -j RETURN
2022-05-09T06:51:02.546757313Z stdout F -A ISTIO_OUTPUT -j ISTIO_REDIRECT
2022-05-09T06:51:02.546774857Z stdout F -A ISTIO_REDIRECT -p tcp -j REDIRECT --to-ports 15001
2022-05-09T06:51:02.546794895Z stdout F COMMIT
2022-05-09T06:51:02.546814979Z stdout F # Completed on Mon May  9 06:51:02 2022
2022-05-09T06:51:02.546820745Z stdout F 
