2022-05-26T05:25:26.284544655Z stdout F 2022-05-26T05:25:26.284189Z	info	Istio iptables environment:
2022-05-26T05:25:26.284575374Z stdout F ENVOY_PORT=
2022-05-26T05:25:26.284580611Z stdout F INBOUND_CAPTURE_PORT=
2022-05-26T05:25:26.284583471Z stdout F ISTIO_INBOUND_INTERCEPTION_MODE=
2022-05-26T05:25:26.284585809Z stdout F ISTIO_INBOUND_TPROXY_ROUTE_TABLE=
2022-05-26T05:25:26.284587896Z stdout F ISTIO_INBOUND_PORTS=
2022-05-26T05:25:26.284589912Z stdout F ISTIO_OUTBOUND_PORTS=
2022-05-26T05:25:26.284591936Z stdout F ISTIO_LOCAL_EXCLUDE_PORTS=
2022-05-26T05:25:26.284593784Z stdout F ISTIO_EXCLUDE_INTERFACES=
2022-05-26T05:25:26.284595744Z stdout F ISTIO_SERVICE_CIDR=
2022-05-26T05:25:26.284597703Z stdout F ISTIO_SERVICE_EXCLUDE_CIDR=
2022-05-26T05:25:26.284599809Z stdout F ISTIO_META_DNS_CAPTURE=
2022-05-26T05:25:26.284601901Z stdout F INVALID_DROP=
2022-05-26T05:25:26.284603933Z stdout F 
2022-05-26T05:25:26.28460591Z stdout F 2022-05-26T05:25:26.284236Z	info	Istio iptables variables:
2022-05-26T05:25:26.284607881Z stdout F PROXY_PORT=15001
2022-05-26T05:25:26.284609824Z stdout F PROXY_INBOUND_CAPTURE_PORT=15006
2022-05-26T05:25:26.28461177Z stdout F PROXY_TUNNEL_PORT=15008
2022-05-26T05:25:26.284613731Z stdout F PROXY_UID=1337
2022-05-26T05:25:26.284615714Z stdout F PROXY_GID=1337
2022-05-26T05:25:26.28461763Z stdout F INBOUND_INTERCEPTION_MODE=REDIRECT
2022-05-26T05:25:26.284619547Z stdout F INBOUND_TPROXY_MARK=1337
2022-05-26T05:25:26.284621402Z stdout F INBOUND_TPROXY_ROUTE_TABLE=133
2022-05-26T05:25:26.284623248Z stdout F INBOUND_PORTS_INCLUDE=*
2022-05-26T05:25:26.284625111Z stdout F INBOUND_PORTS_EXCLUDE=15090,15021,15020
2022-05-26T05:25:26.284627269Z stdout F OUTBOUND_IP_RANGES_INCLUDE=*
2022-05-26T05:25:26.284629149Z stdout F OUTBOUND_IP_RANGES_EXCLUDE=
2022-05-26T05:25:26.284631076Z stdout F OUTBOUND_PORTS_INCLUDE=
2022-05-26T05:25:26.284632923Z stdout F OUTBOUND_PORTS_EXCLUDE=
2022-05-26T05:25:26.284634748Z stdout F KUBE_VIRT_INTERFACES=
2022-05-26T05:25:26.284636633Z stdout F ENABLE_INBOUND_IPV6=false
2022-05-26T05:25:26.284638476Z stdout F DNS_CAPTURE=false
2022-05-26T05:25:26.284640331Z stdout F DROP_INVALID=false
2022-05-26T05:25:26.284642206Z stdout F CAPTURE_ALL_DNS=false
2022-05-26T05:25:26.284644094Z stdout F DNS_SERVERS=[],[]
2022-05-26T05:25:26.284646087Z stdout F OUTPUT_PATH=
2022-05-26T05:25:26.284647979Z stdout F NETWORK_NAMESPACE=
2022-05-26T05:25:26.284649881Z stdout F CNI_MODE=false
2022-05-26T05:25:26.284651788Z stdout F EXCLUDE_INTERFACES=
2022-05-26T05:25:26.284653952Z stdout F 
2022-05-26T05:25:26.284657191Z stdout F 2022-05-26T05:25:26.284386Z	info	Writing following contents to rules file: /tmp/iptables-rules-1653542726284267321.txt3761517729
2022-05-26T05:25:26.284660409Z stdout F * nat
2022-05-26T05:25:26.284663934Z stdout F -N ISTIO_INBOUND
2022-05-26T05:25:26.284670504Z stdout F -N ISTIO_REDIRECT
2022-05-26T05:25:26.284708796Z stdout F -N ISTIO_IN_REDIRECT
2022-05-26T05:25:26.284720039Z stdout F -N ISTIO_OUTPUT
2022-05-26T05:25:26.284727819Z stdout F -A ISTIO_INBOUND -p tcp --dport 15008 -j RETURN
2022-05-26T05:25:26.284731452Z stdout F -A ISTIO_REDIRECT -p tcp -j REDIRECT --to-ports 15001
2022-05-26T05:25:26.284733592Z stdout F -A ISTIO_IN_REDIRECT -p tcp -j REDIRECT --to-ports 15006
2022-05-26T05:25:26.284735476Z stdout F -A PREROUTING -p tcp -j ISTIO_INBOUND
2022-05-26T05:25:26.284737487Z stdout F -A ISTIO_INBOUND -p tcp --dport 15090 -j RETURN
2022-05-26T05:25:26.284739662Z stdout F -A ISTIO_INBOUND -p tcp --dport 15021 -j RETURN
2022-05-26T05:25:26.284741685Z stdout F -A ISTIO_INBOUND -p tcp --dport 15020 -j RETURN
2022-05-26T05:25:26.284743604Z stdout F -A ISTIO_INBOUND -p tcp -j ISTIO_IN_REDIRECT
2022-05-26T05:25:26.284745853Z stdout F -A OUTPUT -p tcp -j ISTIO_OUTPUT
2022-05-26T05:25:26.284747778Z stdout F -A ISTIO_OUTPUT -o lo -s 127.0.0.6/32 -j RETURN
2022-05-26T05:25:26.284750005Z stdout F -A ISTIO_OUTPUT -o lo ! -d 127.0.0.1/32 -m owner --uid-owner 1337 -j ISTIO_IN_REDIRECT
2022-05-26T05:25:26.284751873Z stdout F -A ISTIO_OUTPUT -o lo -m owner ! --uid-owner 1337 -j RETURN
2022-05-26T05:25:26.284759714Z stdout F -A ISTIO_OUTPUT -m owner --uid-owner 1337 -j RETURN
2022-05-26T05:25:26.284762111Z stdout F -A ISTIO_OUTPUT -o lo ! -d 127.0.0.1/32 -m owner --gid-owner 1337 -j ISTIO_IN_REDIRECT
2022-05-26T05:25:26.284764027Z stdout F -A ISTIO_OUTPUT -o lo -m owner ! --gid-owner 1337 -j RETURN
2022-05-26T05:25:26.284766162Z stdout F -A ISTIO_OUTPUT -m owner --gid-owner 1337 -j RETURN
2022-05-26T05:25:26.284768125Z stdout F -A ISTIO_OUTPUT -d 127.0.0.1/32 -j RETURN
2022-05-26T05:25:26.284770041Z stdout F -A ISTIO_OUTPUT -j ISTIO_REDIRECT
2022-05-26T05:25:26.28477195Z stdout F COMMIT
2022-05-26T05:25:26.284883547Z stdout F 2022-05-26T05:25:26.284432Z	info	Running command: iptables-restore --noflush /tmp/iptables-rules-1653542726284267321.txt3761517729
2022-05-26T05:25:26.290187871Z stdout F 2022-05-26T05:25:26.289951Z	info	Writing following contents to rules file: /tmp/ip6tables-rules-1653542726289908020.txt1841658943
2022-05-26T05:25:26.290202713Z stdout F 
2022-05-26T05:25:26.290205642Z stdout F 2022-05-26T05:25:26.289977Z	info	Running command: ip6tables-restore --noflush /tmp/ip6tables-rules-1653542726289908020.txt1841658943
2022-05-26T05:25:26.292264739Z stdout F 2022-05-26T05:25:26.291773Z	info	Running command: iptables-save 
2022-05-26T05:25:26.294614712Z stdout F 2022-05-26T05:25:26.294356Z	info	Command output: 
2022-05-26T05:25:26.294630483Z stdout F # Generated by iptables-save v1.8.4 on Thu May 26 05:25:26 2022
2022-05-26T05:25:26.294635626Z stdout F *nat
2022-05-26T05:25:26.294640067Z stdout F :PREROUTING ACCEPT [0:0]
2022-05-26T05:25:26.294643726Z stdout F :INPUT ACCEPT [0:0]
2022-05-26T05:25:26.294647253Z stdout F :OUTPUT ACCEPT [0:0]
2022-05-26T05:25:26.294650965Z stdout F :POSTROUTING ACCEPT [0:0]
2022-05-26T05:25:26.294654512Z stdout F :ISTIO_INBOUND - [0:0]
2022-05-26T05:25:26.294658244Z stdout F :ISTIO_IN_REDIRECT - [0:0]
2022-05-26T05:25:26.294661848Z stdout F :ISTIO_OUTPUT - [0:0]
2022-05-26T05:25:26.294665584Z stdout F :ISTIO_REDIRECT - [0:0]
2022-05-26T05:25:26.294669539Z stdout F -A PREROUTING -p tcp -j ISTIO_INBOUND
2022-05-26T05:25:26.294673258Z stdout F -A OUTPUT -p tcp -j ISTIO_OUTPUT
2022-05-26T05:25:26.294676713Z stdout F -A ISTIO_INBOUND -p tcp -m tcp --dport 15008 -j RETURN
2022-05-26T05:25:26.294680155Z stdout F -A ISTIO_INBOUND -p tcp -m tcp --dport 15090 -j RETURN
2022-05-26T05:25:26.294723241Z stdout F -A ISTIO_INBOUND -p tcp -m tcp --dport 15021 -j RETURN
2022-05-26T05:25:26.294732177Z stdout F -A ISTIO_INBOUND -p tcp -m tcp --dport 15020 -j RETURN
2022-05-26T05:25:26.294736415Z stdout F -A ISTIO_INBOUND -p tcp -j ISTIO_IN_REDIRECT
2022-05-26T05:25:26.29474003Z stdout F -A ISTIO_IN_REDIRECT -p tcp -j REDIRECT --to-ports 15006
2022-05-26T05:25:26.294769642Z stdout F -A ISTIO_OUTPUT -s 127.0.0.6/32 -o lo -j RETURN
2022-05-26T05:25:26.294777562Z stdout F -A ISTIO_OUTPUT ! -d 127.0.0.1/32 -o lo -m owner --uid-owner 1337 -j ISTIO_IN_REDIRECT
2022-05-26T05:25:26.294780468Z stdout F -A ISTIO_OUTPUT -o lo -m owner ! --uid-owner 1337 -j RETURN
2022-05-26T05:25:26.294782527Z stdout F -A ISTIO_OUTPUT -m owner --uid-owner 1337 -j RETURN
2022-05-26T05:25:26.294784669Z stdout F -A ISTIO_OUTPUT ! -d 127.0.0.1/32 -o lo -m owner --gid-owner 1337 -j ISTIO_IN_REDIRECT
2022-05-26T05:25:26.294786687Z stdout F -A ISTIO_OUTPUT -o lo -m owner ! --gid-owner 1337 -j RETURN
2022-05-26T05:25:26.294788791Z stdout F -A ISTIO_OUTPUT -m owner --gid-owner 1337 -j RETURN
2022-05-26T05:25:26.294790858Z stdout F -A ISTIO_OUTPUT -d 127.0.0.1/32 -j RETURN
2022-05-26T05:25:26.294792834Z stdout F -A ISTIO_OUTPUT -j ISTIO_REDIRECT
2022-05-26T05:25:26.294795183Z stdout F -A ISTIO_REDIRECT -p tcp -j REDIRECT --to-ports 15001
2022-05-26T05:25:26.294798511Z stdout F COMMIT
2022-05-26T05:25:26.294800851Z stdout F # Completed on Thu May 26 05:25:26 2022
2022-05-26T05:25:26.294803086Z stdout F 
