2022-05-26T05:25:35.62300396Z stdout F 2022-05-26T05:25:35.622668Z	info	Istio iptables environment:
2022-05-26T05:25:35.623052189Z stdout F ENVOY_PORT=
2022-05-26T05:25:35.623058524Z stdout F INBOUND_CAPTURE_PORT=
2022-05-26T05:25:35.623061948Z stdout F ISTIO_INBOUND_INTERCEPTION_MODE=
2022-05-26T05:25:35.623064927Z stdout F ISTIO_INBOUND_TPROXY_ROUTE_TABLE=
2022-05-26T05:25:35.623067368Z stdout F ISTIO_INBOUND_PORTS=
2022-05-26T05:25:35.623069659Z stdout F ISTIO_OUTBOUND_PORTS=
2022-05-26T05:25:35.623072087Z stdout F ISTIO_LOCAL_EXCLUDE_PORTS=
2022-05-26T05:25:35.623074432Z stdout F ISTIO_EXCLUDE_INTERFACES=
2022-05-26T05:25:35.623076789Z stdout F ISTIO_SERVICE_CIDR=
2022-05-26T05:25:35.623079331Z stdout F ISTIO_SERVICE_EXCLUDE_CIDR=
2022-05-26T05:25:35.623081698Z stdout F ISTIO_META_DNS_CAPTURE=
2022-05-26T05:25:35.623083983Z stdout F INVALID_DROP=
2022-05-26T05:25:35.623086216Z stdout F 
2022-05-26T05:25:35.623088644Z stdout F 2022-05-26T05:25:35.622730Z	info	Istio iptables variables:
2022-05-26T05:25:35.623090961Z stdout F PROXY_PORT=15001
2022-05-26T05:25:35.623093241Z stdout F PROXY_INBOUND_CAPTURE_PORT=15006
2022-05-26T05:25:35.623095433Z stdout F PROXY_TUNNEL_PORT=15008
2022-05-26T05:25:35.623097623Z stdout F PROXY_UID=1337
2022-05-26T05:25:35.623099982Z stdout F PROXY_GID=1337
2022-05-26T05:25:35.623102283Z stdout F INBOUND_INTERCEPTION_MODE=REDIRECT
2022-05-26T05:25:35.623104519Z stdout F INBOUND_TPROXY_MARK=1337
2022-05-26T05:25:35.623106697Z stdout F INBOUND_TPROXY_ROUTE_TABLE=133
2022-05-26T05:25:35.62310886Z stdout F INBOUND_PORTS_INCLUDE=*
2022-05-26T05:25:35.623111172Z stdout F INBOUND_PORTS_EXCLUDE=15090,15021,15020
2022-05-26T05:25:35.623113363Z stdout F OUTBOUND_IP_RANGES_INCLUDE=*
2022-05-26T05:25:35.623115574Z stdout F OUTBOUND_IP_RANGES_EXCLUDE=
2022-05-26T05:25:35.623117849Z stdout F OUTBOUND_PORTS_INCLUDE=
2022-05-26T05:25:35.623120034Z stdout F OUTBOUND_PORTS_EXCLUDE=
2022-05-26T05:25:35.623122238Z stdout F KUBE_VIRT_INTERFACES=
2022-05-26T05:25:35.623124485Z stdout F ENABLE_INBOUND_IPV6=false
2022-05-26T05:25:35.623126658Z stdout F DNS_CAPTURE=false
2022-05-26T05:25:35.623128897Z stdout F DROP_INVALID=false
2022-05-26T05:25:35.623131704Z stdout F CAPTURE_ALL_DNS=false
2022-05-26T05:25:35.623134022Z stdout F DNS_SERVERS=[],[]
2022-05-26T05:25:35.623136397Z stdout F OUTPUT_PATH=
2022-05-26T05:25:35.62313862Z stdout F NETWORK_NAMESPACE=
2022-05-26T05:25:35.623140931Z stdout F CNI_MODE=false
2022-05-26T05:25:35.623143213Z stdout F EXCLUDE_INTERFACES=
2022-05-26T05:25:35.623145292Z stdout F 
2022-05-26T05:25:35.623376272Z stdout F 2022-05-26T05:25:35.623237Z	info	Writing following contents to rules file: /tmp/iptables-rules-1653542735622859540.txt1710472904
2022-05-26T05:25:35.623385545Z stdout F * nat
2022-05-26T05:25:35.623388315Z stdout F -N ISTIO_INBOUND
2022-05-26T05:25:35.623391041Z stdout F -N ISTIO_REDIRECT
2022-05-26T05:25:35.623393217Z stdout F -N ISTIO_IN_REDIRECT
2022-05-26T05:25:35.623395408Z stdout F -N ISTIO_OUTPUT
2022-05-26T05:25:35.623397908Z stdout F -A ISTIO_INBOUND -p tcp --dport 15008 -j RETURN
2022-05-26T05:25:35.623400531Z stdout F -A ISTIO_REDIRECT -p tcp -j REDIRECT --to-ports 15001
2022-05-26T05:25:35.623402711Z stdout F -A ISTIO_IN_REDIRECT -p tcp -j REDIRECT --to-ports 15006
2022-05-26T05:25:35.623404832Z stdout F -A PREROUTING -p tcp -j ISTIO_INBOUND
2022-05-26T05:25:35.623407069Z stdout F -A ISTIO_INBOUND -p tcp --dport 15090 -j RETURN
2022-05-26T05:25:35.6234092Z stdout F -A ISTIO_INBOUND -p tcp --dport 15021 -j RETURN
2022-05-26T05:25:35.623411405Z stdout F -A ISTIO_INBOUND -p tcp --dport 15020 -j RETURN
2022-05-26T05:25:35.623413527Z stdout F -A ISTIO_INBOUND -p tcp -j ISTIO_IN_REDIRECT
2022-05-26T05:25:35.623416211Z stdout F -A OUTPUT -p tcp -j ISTIO_OUTPUT
2022-05-26T05:25:35.623418351Z stdout F -A ISTIO_OUTPUT -o lo -s 127.0.0.6/32 -j RETURN
2022-05-26T05:25:35.623420837Z stdout F -A ISTIO_OUTPUT -o lo ! -d 127.0.0.1/32 -m owner --uid-owner 1337 -j ISTIO_IN_REDIRECT
2022-05-26T05:25:35.623422983Z stdout F -A ISTIO_OUTPUT -o lo -m owner ! --uid-owner 1337 -j RETURN
2022-05-26T05:25:35.623445178Z stdout F -A ISTIO_OUTPUT -m owner --uid-owner 1337 -j RETURN
2022-05-26T05:25:35.623449764Z stdout F -A ISTIO_OUTPUT -o lo ! -d 127.0.0.1/32 -m owner --gid-owner 1337 -j ISTIO_IN_REDIRECT
2022-05-26T05:25:35.623452014Z stdout F -A ISTIO_OUTPUT -o lo -m owner ! --gid-owner 1337 -j RETURN
2022-05-26T05:25:35.623454132Z stdout F -A ISTIO_OUTPUT -m owner --gid-owner 1337 -j RETURN
2022-05-26T05:25:35.623456303Z stdout F -A ISTIO_OUTPUT -d 127.0.0.1/32 -j RETURN
2022-05-26T05:25:35.62345851Z stdout F -A ISTIO_OUTPUT -j ISTIO_REDIRECT
2022-05-26T05:25:35.623460759Z stdout F COMMIT
2022-05-26T05:25:35.623469276Z stdout F 2022-05-26T05:25:35.623349Z	info	Running command: iptables-restore --noflush /tmp/iptables-rules-1653542735622859540.txt1710472904
2022-05-26T05:25:35.629560093Z stdout F 2022-05-26T05:25:35.629140Z	info	Writing following contents to rules file: /tmp/ip6tables-rules-1653542735629070293.txt3912529139
2022-05-26T05:25:35.629584419Z stdout F 
2022-05-26T05:25:35.629590684Z stdout F 2022-05-26T05:25:35.629250Z	info	Running command: ip6tables-restore --noflush /tmp/ip6tables-rules-1653542735629070293.txt3912529139
2022-05-26T05:25:35.64122075Z stdout F 2022-05-26T05:25:35.640993Z	info	Running command: iptables-save 
2022-05-26T05:25:35.64804488Z stdout F 2022-05-26T05:25:35.647824Z	info	Command output: 
2022-05-26T05:25:35.648109434Z stdout F # Generated by iptables-save v1.8.4 on Thu May 26 05:25:35 2022
2022-05-26T05:25:35.648117273Z stdout F *nat
2022-05-26T05:25:35.648122266Z stdout F :PREROUTING ACCEPT [0:0]
2022-05-26T05:25:35.648125892Z stdout F :INPUT ACCEPT [0:0]
2022-05-26T05:25:35.648129619Z stdout F :OUTPUT ACCEPT [0:0]
2022-05-26T05:25:35.648133788Z stdout F :POSTROUTING ACCEPT [0:0]
2022-05-26T05:25:35.648137583Z stdout F :ISTIO_INBOUND - [0:0]
2022-05-26T05:25:35.648141437Z stdout F :ISTIO_IN_REDIRECT - [0:0]
2022-05-26T05:25:35.648145052Z stdout F :ISTIO_OUTPUT - [0:0]
2022-05-26T05:25:35.648148702Z stdout F :ISTIO_REDIRECT - [0:0]
2022-05-26T05:25:35.648152604Z stdout F -A PREROUTING -p tcp -j ISTIO_INBOUND
2022-05-26T05:25:35.64815614Z stdout F -A OUTPUT -p tcp -j ISTIO_OUTPUT
2022-05-26T05:25:35.648159767Z stdout F -A ISTIO_INBOUND -p tcp -m tcp --dport 15008 -j RETURN
2022-05-26T05:25:35.64816356Z stdout F -A ISTIO_INBOUND -p tcp -m tcp --dport 15090 -j RETURN
2022-05-26T05:25:35.648167309Z stdout F -A ISTIO_INBOUND -p tcp -m tcp --dport 15021 -j RETURN
2022-05-26T05:25:35.648171125Z stdout F -A ISTIO_INBOUND -p tcp -m tcp --dport 15020 -j RETURN
2022-05-26T05:25:35.648174903Z stdout F -A ISTIO_INBOUND -p tcp -j ISTIO_IN_REDIRECT
2022-05-26T05:25:35.64817884Z stdout F -A ISTIO_IN_REDIRECT -p tcp -j REDIRECT --to-ports 15006
2022-05-26T05:25:35.648182582Z stdout F -A ISTIO_OUTPUT -s 127.0.0.6/32 -o lo -j RETURN
2022-05-26T05:25:35.648186942Z stdout F -A ISTIO_OUTPUT ! -d 127.0.0.1/32 -o lo -m owner --uid-owner 1337 -j ISTIO_IN_REDIRECT
2022-05-26T05:25:35.648190718Z stdout F -A ISTIO_OUTPUT -o lo -m owner ! --uid-owner 1337 -j RETURN
2022-05-26T05:25:35.648194614Z stdout F -A ISTIO_OUTPUT -m owner --uid-owner 1337 -j RETURN
2022-05-26T05:25:35.648198525Z stdout F -A ISTIO_OUTPUT ! -d 127.0.0.1/32 -o lo -m owner --gid-owner 1337 -j ISTIO_IN_REDIRECT
2022-05-26T05:25:35.648202365Z stdout F -A ISTIO_OUTPUT -o lo -m owner ! --gid-owner 1337 -j RETURN
2022-05-26T05:25:35.648206153Z stdout F -A ISTIO_OUTPUT -m owner --gid-owner 1337 -j RETURN
2022-05-26T05:25:35.648209915Z stdout F -A ISTIO_OUTPUT -d 127.0.0.1/32 -j RETURN
2022-05-26T05:25:35.648213614Z stdout F -A ISTIO_OUTPUT -j ISTIO_REDIRECT
2022-05-26T05:25:35.648220136Z stdout F -A ISTIO_REDIRECT -p tcp -j REDIRECT --to-ports 15001
2022-05-26T05:25:35.64822453Z stdout F COMMIT
2022-05-26T05:25:35.648228391Z stdout F # Completed on Thu May 26 05:25:35 2022
2022-05-26T05:25:35.648232071Z stdout F 
