2022-04-27T06:19:26.665252907Z stdout F 2022-04-27T06:19:26.662757Z	info	Istio iptables environment:
2022-04-27T06:19:26.704538572Z stdout F ENVOY_PORT=
2022-04-27T06:19:26.70455836Z stdout F INBOUND_CAPTURE_PORT=
2022-04-27T06:19:26.704567902Z stdout F ISTIO_INBOUND_INTERCEPTION_MODE=
2022-04-27T06:19:26.704575427Z stdout F ISTIO_INBOUND_TPROXY_ROUTE_TABLE=
2022-04-27T06:19:26.704581685Z stdout F ISTIO_INBOUND_PORTS=
2022-04-27T06:19:26.70459984Z stdout F ISTIO_OUTBOUND_PORTS=
2022-04-27T06:19:26.713641948Z stdout F ISTIO_LOCAL_EXCLUDE_PORTS=
2022-04-27T06:19:26.713669282Z stdout F ISTIO_EXCLUDE_INTERFACES=
2022-04-27T06:19:26.713677647Z stdout F ISTIO_SERVICE_CIDR=
2022-04-27T06:19:26.713683295Z stdout F ISTIO_SERVICE_EXCLUDE_CIDR=
2022-04-27T06:19:26.713688845Z stdout F ISTIO_META_DNS_CAPTURE=
2022-04-27T06:19:26.713694869Z stdout F INVALID_DROP=
2022-04-27T06:19:26.71370035Z stdout F 
2022-04-27T06:19:26.713707712Z stdout F 2022-04-27T06:19:26.662835Z	info	Istio iptables variables:
2022-04-27T06:19:26.713713663Z stdout F PROXY_PORT=15001
2022-04-27T06:19:26.713724596Z stdout F PROXY_INBOUND_CAPTURE_PORT=15006
2022-04-27T06:19:26.713736066Z stdout F PROXY_TUNNEL_PORT=15008
2022-04-27T06:19:26.713766745Z stdout F PROXY_UID=1337
2022-04-27T06:19:26.713777049Z stdout F PROXY_GID=1337
2022-04-27T06:19:26.71378469Z stdout F INBOUND_INTERCEPTION_MODE=REDIRECT
2022-04-27T06:19:26.713791572Z stdout F INBOUND_TPROXY_MARK=1337
2022-04-27T06:19:26.713797684Z stdout F INBOUND_TPROXY_ROUTE_TABLE=133
2022-04-27T06:19:26.713803531Z stdout F INBOUND_PORTS_INCLUDE=*
2022-04-27T06:19:26.713809576Z stdout F INBOUND_PORTS_EXCLUDE=15090,15021,15020
2022-04-27T06:19:26.713815629Z stdout F OUTBOUND_IP_RANGES_INCLUDE=*
2022-04-27T06:19:26.713822692Z stdout F OUTBOUND_IP_RANGES_EXCLUDE=
2022-04-27T06:19:26.713828234Z stdout F OUTBOUND_PORTS_INCLUDE=
2022-04-27T06:19:26.713833554Z stdout F OUTBOUND_PORTS_EXCLUDE=
2022-04-27T06:19:26.71383865Z stdout F KUBE_VIRT_INTERFACES=
2022-04-27T06:19:26.713844221Z stdout F ENABLE_INBOUND_IPV6=false
2022-04-27T06:19:26.713850636Z stdout F DNS_CAPTURE=false
2022-04-27T06:19:26.713856766Z stdout F DROP_INVALID=false
2022-04-27T06:19:26.713862992Z stdout F CAPTURE_ALL_DNS=false
2022-04-27T06:19:26.713869342Z stdout F DNS_SERVERS=[],[]
2022-04-27T06:19:26.713878813Z stdout F OUTPUT_PATH=
2022-04-27T06:19:26.713891118Z stdout F NETWORK_NAMESPACE=
2022-04-27T06:19:26.713904372Z stdout F CNI_MODE=false
2022-04-27T06:19:26.713911826Z stdout F EXCLUDE_INTERFACES=
2022-04-27T06:19:26.713918313Z stdout F 
2022-04-27T06:19:26.724493867Z stdout F 2022-04-27T06:19:26.721724Z	info	Writing following contents to rules file: /tmp/iptables-rules-1651040366662892729.txt2655455582
2022-04-27T06:19:26.724525942Z stdout F * nat
2022-04-27T06:19:26.72453484Z stdout F -N ISTIO_INBOUND
2022-04-27T06:19:26.724552239Z stdout F -N ISTIO_REDIRECT
2022-04-27T06:19:26.724561689Z stdout F -N ISTIO_IN_REDIRECT
2022-04-27T06:19:26.72457633Z stdout F -N ISTIO_OUTPUT
2022-04-27T06:19:26.724585916Z stdout F -A ISTIO_INBOUND -p tcp --dport 15008 -j RETURN
2022-04-27T06:19:26.724593497Z stdout F -A ISTIO_REDIRECT -p tcp -j REDIRECT --to-ports 15001
2022-04-27T06:19:26.724599903Z stdout F -A ISTIO_IN_REDIRECT -p tcp -j REDIRECT --to-ports 15006
2022-04-27T06:19:26.724605963Z stdout F -A PREROUTING -p tcp -j ISTIO_INBOUND
2022-04-27T06:19:26.725594673Z stdout F -A ISTIO_INBOUND -p tcp --dport 15090 -j RETURN
2022-04-27T06:19:26.725611672Z stdout F -A ISTIO_INBOUND -p tcp --dport 15021 -j RETURN
2022-04-27T06:19:26.725619431Z stdout F -A ISTIO_INBOUND -p tcp --dport 15020 -j RETURN
2022-04-27T06:19:26.725626224Z stdout F -A ISTIO_INBOUND -p tcp -j ISTIO_IN_REDIRECT
2022-04-27T06:19:26.72563277Z stdout F -A OUTPUT -p tcp -j ISTIO_OUTPUT
2022-04-27T06:19:26.725639841Z stdout F -A ISTIO_OUTPUT -o lo -s 127.0.0.6/32 -j RETURN
2022-04-27T06:19:26.725646677Z stdout F -A ISTIO_OUTPUT -o lo ! -d 127.0.0.1/32 -m owner --uid-owner 1337 -j ISTIO_IN_REDIRECT
2022-04-27T06:19:26.725652791Z stdout F -A ISTIO_OUTPUT -o lo -m owner ! --uid-owner 1337 -j RETURN
2022-04-27T06:19:26.725659057Z stdout F -A ISTIO_OUTPUT -m owner --uid-owner 1337 -j RETURN
2022-04-27T06:19:26.725684724Z stdout F -A ISTIO_OUTPUT -o lo ! -d 127.0.0.1/32 -m owner --gid-owner 1337 -j ISTIO_IN_REDIRECT
2022-04-27T06:19:26.725693077Z stdout F -A ISTIO_OUTPUT -o lo -m owner ! --gid-owner 1337 -j RETURN
2022-04-27T06:19:26.725699723Z stdout F -A ISTIO_OUTPUT -m owner --gid-owner 1337 -j RETURN
2022-04-27T06:19:26.725705844Z stdout F -A ISTIO_OUTPUT -d 127.0.0.1/32 -j RETURN
2022-04-27T06:19:26.725711626Z stdout F -A ISTIO_OUTPUT -j ISTIO_REDIRECT
2022-04-27T06:19:26.725717692Z stdout F COMMIT
2022-04-27T06:19:26.725724742Z stdout F 2022-04-27T06:19:26.721875Z	info	Running command: iptables-restore --noflush /tmp/iptables-rules-1651040366662892729.txt2655455582
2022-04-27T06:19:26.758020282Z stdout F 2022-04-27T06:19:26.755935Z	info	Writing following contents to rules file: /tmp/ip6tables-rules-1651040366755860245.txt2929553558
2022-04-27T06:19:26.785037176Z stdout F 
2022-04-27T06:19:26.785061036Z stdout F 2022-04-27T06:19:26.756013Z	info	Running command: ip6tables-restore --noflush /tmp/ip6tables-rules-1651040366755860245.txt2929553558
2022-04-27T06:19:26.821192361Z stdout F 2022-04-27T06:19:26.811816Z	info	Running command: iptables-save 
2022-04-27T06:19:26.838447737Z stdout F 2022-04-27T06:19:26.837611Z	info	Command output: 
2022-04-27T06:19:26.838628885Z stdout F # Generated by iptables-save v1.8.4 on Wed Apr 27 06:19:26 2022
2022-04-27T06:19:26.838653092Z stdout F *nat
2022-04-27T06:19:26.838662477Z stdout F :PREROUTING ACCEPT [0:0]
2022-04-27T06:19:26.838669194Z stdout F :INPUT ACCEPT [0:0]
2022-04-27T06:19:26.838675341Z stdout F :OUTPUT ACCEPT [0:0]
2022-04-27T06:19:26.838682194Z stdout F :POSTROUTING ACCEPT [0:0]
2022-04-27T06:19:26.838688442Z stdout F :ISTIO_INBOUND - [0:0]
2022-04-27T06:19:26.838694849Z stdout F :ISTIO_IN_REDIRECT - [0:0]
2022-04-27T06:19:26.838701641Z stdout F :ISTIO_OUTPUT - [0:0]
2022-04-27T06:19:26.83870823Z stdout F :ISTIO_REDIRECT - [0:0]
2022-04-27T06:19:26.838715128Z stdout F -A PREROUTING -p tcp -j ISTIO_INBOUND
2022-04-27T06:19:26.838721751Z stdout F -A OUTPUT -p tcp -j ISTIO_OUTPUT
2022-04-27T06:19:26.838727919Z stdout F -A ISTIO_INBOUND -p tcp -m tcp --dport 15008 -j RETURN
2022-04-27T06:19:26.838734151Z stdout F -A ISTIO_INBOUND -p tcp -m tcp --dport 15090 -j RETURN
2022-04-27T06:19:26.838739785Z stdout F -A ISTIO_INBOUND -p tcp -m tcp --dport 15021 -j RETURN
2022-04-27T06:19:26.83874627Z stdout F -A ISTIO_INBOUND -p tcp -m tcp --dport 15020 -j RETURN
2022-04-27T06:19:26.838752624Z stdout F -A ISTIO_INBOUND -p tcp -j ISTIO_IN_REDIRECT
2022-04-27T06:19:26.838759268Z stdout F -A ISTIO_IN_REDIRECT -p tcp -j REDIRECT --to-ports 15006
2022-04-27T06:19:26.838765844Z stdout F -A ISTIO_OUTPUT -s 127.0.0.6/32 -o lo -j RETURN
2022-04-27T06:19:26.838772982Z stdout F -A ISTIO_OUTPUT ! -d 127.0.0.1/32 -o lo -m owner --uid-owner 1337 -j ISTIO_IN_REDIRECT
2022-04-27T06:19:26.838779717Z stdout F -A ISTIO_OUTPUT -o lo -m owner ! --uid-owner 1337 -j RETURN
2022-04-27T06:19:26.838786278Z stdout F -A ISTIO_OUTPUT -m owner --uid-owner 1337 -j RETURN
2022-04-27T06:19:26.838793305Z stdout F -A ISTIO_OUTPUT ! -d 127.0.0.1/32 -o lo -m owner --gid-owner 1337 -j ISTIO_IN_REDIRECT
2022-04-27T06:19:26.838799604Z stdout F -A ISTIO_OUTPUT -o lo -m owner ! --gid-owner 1337 -j RETURN
2022-04-27T06:19:26.83882745Z stdout F -A ISTIO_OUTPUT -m owner --gid-owner 1337 -j RETURN
2022-04-27T06:19:26.83883557Z stdout F -A ISTIO_OUTPUT -d 127.0.0.1/32 -j RETURN
2022-04-27T06:19:26.838843052Z stdout F -A ISTIO_OUTPUT -j ISTIO_REDIRECT
2022-04-27T06:19:26.838849906Z stdout F -A ISTIO_REDIRECT -p tcp -j REDIRECT --to-ports 15001
2022-04-27T06:19:26.838856653Z stdout F COMMIT
2022-04-27T06:19:26.838863664Z stdout F # Completed on Wed Apr 27 06:19:26 2022
2022-04-27T06:19:26.838870103Z stdout F 
