2022-05-09T11:48:23.334065901Z stdout F 2022-05-09T11:48:23.333494Z	info	Istio iptables environment:
2022-05-09T11:48:23.334136398Z stdout F ENVOY_PORT=
2022-05-09T11:48:23.334147533Z stdout F INBOUND_CAPTURE_PORT=
2022-05-09T11:48:23.334154214Z stdout F ISTIO_INBOUND_INTERCEPTION_MODE=
2022-05-09T11:48:23.334159925Z stdout F ISTIO_INBOUND_TPROXY_ROUTE_TABLE=
2022-05-09T11:48:23.334164877Z stdout F ISTIO_INBOUND_PORTS=
2022-05-09T11:48:23.334169763Z stdout F ISTIO_OUTBOUND_PORTS=
2022-05-09T11:48:23.334174557Z stdout F ISTIO_LOCAL_EXCLUDE_PORTS=
2022-05-09T11:48:23.334179317Z stdout F ISTIO_EXCLUDE_INTERFACES=
2022-05-09T11:48:23.334184144Z stdout F ISTIO_SERVICE_CIDR=
2022-05-09T11:48:23.334188921Z stdout F ISTIO_SERVICE_EXCLUDE_CIDR=
2022-05-09T11:48:23.334193718Z stdout F ISTIO_META_DNS_CAPTURE=
2022-05-09T11:48:23.334198744Z stdout F INVALID_DROP=
2022-05-09T11:48:23.334203298Z stdout F 
2022-05-09T11:48:23.33631068Z stdout F 2022-05-09T11:48:23.335922Z	info	Istio iptables variables:
2022-05-09T11:48:23.33634224Z stdout F PROXY_PORT=15001
2022-05-09T11:48:23.336349114Z stdout F PROXY_INBOUND_CAPTURE_PORT=15006
2022-05-09T11:48:23.336354716Z stdout F PROXY_TUNNEL_PORT=15008
2022-05-09T11:48:23.336359564Z stdout F PROXY_UID=1337
2022-05-09T11:48:23.336364339Z stdout F PROXY_GID=1337
2022-05-09T11:48:23.336369617Z stdout F INBOUND_INTERCEPTION_MODE=REDIRECT
2022-05-09T11:48:23.336374466Z stdout F INBOUND_TPROXY_MARK=1337
2022-05-09T11:48:23.336379192Z stdout F INBOUND_TPROXY_ROUTE_TABLE=133
2022-05-09T11:48:23.336383793Z stdout F INBOUND_PORTS_INCLUDE=*
2022-05-09T11:48:23.3363884Z stdout F INBOUND_PORTS_EXCLUDE=15090,15021,15020
2022-05-09T11:48:23.336393271Z stdout F OUTBOUND_IP_RANGES_INCLUDE=*
2022-05-09T11:48:23.336405899Z stdout F OUTBOUND_IP_RANGES_EXCLUDE=
2022-05-09T11:48:23.336411372Z stdout F OUTBOUND_PORTS_INCLUDE=
2022-05-09T11:48:23.336416068Z stdout F OUTBOUND_PORTS_EXCLUDE=
2022-05-09T11:48:23.336420706Z stdout F KUBE_VIRT_INTERFACES=
2022-05-09T11:48:23.336425382Z stdout F ENABLE_INBOUND_IPV6=false
2022-05-09T11:48:23.336430111Z stdout F DNS_CAPTURE=false
2022-05-09T11:48:23.336434745Z stdout F DROP_INVALID=false
2022-05-09T11:48:23.336439391Z stdout F CAPTURE_ALL_DNS=false
2022-05-09T11:48:23.336444106Z stdout F DNS_SERVERS=[],[]
2022-05-09T11:48:23.336448874Z stdout F OUTPUT_PATH=
2022-05-09T11:48:23.336453523Z stdout F NETWORK_NAMESPACE=
2022-05-09T11:48:23.336458379Z stdout F CNI_MODE=false
2022-05-09T11:48:23.33646327Z stdout F EXCLUDE_INTERFACES=
2022-05-09T11:48:23.33646786Z stdout F 
2022-05-09T11:48:23.338955152Z stdout F 2022-05-09T11:48:23.338421Z	info	Writing following contents to rules file: /tmp/iptables-rules-1652096903337238447.txt1337167815
2022-05-09T11:48:23.339000904Z stdout F * nat
2022-05-09T11:48:23.339028421Z stdout F -N ISTIO_INBOUND
2022-05-09T11:48:23.339041293Z stdout F -N ISTIO_REDIRECT
2022-05-09T11:48:23.339054132Z stdout F -N ISTIO_IN_REDIRECT
2022-05-09T11:48:23.339078402Z stdout F -N ISTIO_OUTPUT
2022-05-09T11:48:23.339102622Z stdout F -A ISTIO_INBOUND -p tcp --dport 15008 -j RETURN
2022-05-09T11:48:23.339130554Z stdout F -A ISTIO_REDIRECT -p tcp -j REDIRECT --to-ports 15001
2022-05-09T11:48:23.339158832Z stdout F -A ISTIO_IN_REDIRECT -p tcp -j REDIRECT --to-ports 15006
2022-05-09T11:48:23.339263679Z stdout F -A PREROUTING -p tcp -j ISTIO_INBOUND
2022-05-09T11:48:23.339279323Z stdout F -A ISTIO_INBOUND -p tcp --dport 15090 -j RETURN
2022-05-09T11:48:23.339288438Z stdout F -A ISTIO_INBOUND -p tcp --dport 15021 -j RETURN
2022-05-09T11:48:23.339295726Z stdout F -A ISTIO_INBOUND -p tcp --dport 15020 -j RETURN
2022-05-09T11:48:23.339303128Z stdout F -A ISTIO_INBOUND -p tcp -j ISTIO_IN_REDIRECT
2022-05-09T11:48:23.339310924Z stdout F -A OUTPUT -p tcp -j ISTIO_OUTPUT
2022-05-09T11:48:23.339318135Z stdout F -A ISTIO_OUTPUT -o lo -s 127.0.0.6/32 -j RETURN
2022-05-09T11:48:23.339325992Z stdout F -A ISTIO_OUTPUT -o lo ! -d 127.0.0.1/32 -m owner --uid-owner 1337 -j ISTIO_IN_REDIRECT
2022-05-09T11:48:23.339333285Z stdout F -A ISTIO_OUTPUT -o lo -m owner ! --uid-owner 1337 -j RETURN
2022-05-09T11:48:23.339340516Z stdout F -A ISTIO_OUTPUT -m owner --uid-owner 1337 -j RETURN
2022-05-09T11:48:23.339409861Z stdout F -A ISTIO_OUTPUT -o lo ! -d 127.0.0.1/32 -m owner --gid-owner 1337 -j ISTIO_IN_REDIRECT
2022-05-09T11:48:23.339436324Z stdout F -A ISTIO_OUTPUT -o lo -m owner ! --gid-owner 1337 -j RETURN
2022-05-09T11:48:23.339453448Z stdout F -A ISTIO_OUTPUT -m owner --gid-owner 1337 -j RETURN
2022-05-09T11:48:23.339470387Z stdout F -A ISTIO_OUTPUT -d 127.0.0.1/32 -j RETURN
2022-05-09T11:48:23.339487237Z stdout F -A ISTIO_OUTPUT -j ISTIO_REDIRECT
2022-05-09T11:48:23.339496961Z stdout F COMMIT
2022-05-09T11:48:23.366307892Z stdout F 2022-05-09T11:48:23.365348Z	info	Running command: iptables-restore --noflush /tmp/iptables-rules-1652096903337238447.txt1337167815
2022-05-09T11:48:23.694861911Z stdout F 2022-05-09T11:48:23.691997Z	info	Writing following contents to rules file: /tmp/ip6tables-rules-1652096903691887185.txt1825188517
2022-05-09T11:48:23.694917809Z stdout F 
2022-05-09T11:48:23.694932041Z stdout F 2022-05-09T11:48:23.692137Z	info	Running command: ip6tables-restore --noflush /tmp/ip6tables-rules-1652096903691887185.txt1825188517
2022-05-09T11:48:23.786357696Z stdout F 2022-05-09T11:48:23.785721Z	info	Running command: iptables-save 
2022-05-09T11:48:23.840839004Z stdout F 2022-05-09T11:48:23.838990Z	info	Command output: 
2022-05-09T11:48:23.840879389Z stdout F # Generated by iptables-save v1.8.4 on Mon May  9 11:48:23 2022
2022-05-09T11:48:23.840886464Z stdout F *nat
2022-05-09T11:48:23.840892618Z stdout F :PREROUTING ACCEPT [0:0]
2022-05-09T11:48:23.84089756Z stdout F :INPUT ACCEPT [0:0]
2022-05-09T11:48:23.840902443Z stdout F :OUTPUT ACCEPT [0:0]
2022-05-09T11:48:23.840907697Z stdout F :POSTROUTING ACCEPT [0:0]
2022-05-09T11:48:23.840912389Z stdout F :ISTIO_INBOUND - [0:0]
2022-05-09T11:48:23.840917102Z stdout F :ISTIO_IN_REDIRECT - [0:0]
2022-05-09T11:48:23.840921768Z stdout F :ISTIO_OUTPUT - [0:0]
2022-05-09T11:48:23.840926429Z stdout F :ISTIO_REDIRECT - [0:0]
2022-05-09T11:48:23.84093196Z stdout F -A PREROUTING -p tcp -j ISTIO_INBOUND
2022-05-09T11:48:23.840936628Z stdout F -A OUTPUT -p tcp -j ISTIO_OUTPUT
2022-05-09T11:48:23.840941214Z stdout F -A ISTIO_INBOUND -p tcp -m tcp --dport 15008 -j RETURN
2022-05-09T11:48:23.840945828Z stdout F -A ISTIO_INBOUND -p tcp -m tcp --dport 15090 -j RETURN
2022-05-09T11:48:23.840950479Z stdout F -A ISTIO_INBOUND -p tcp -m tcp --dport 15021 -j RETURN
2022-05-09T11:48:23.84095511Z stdout F -A ISTIO_INBOUND -p tcp -m tcp --dport 15020 -j RETURN
2022-05-09T11:48:23.840959747Z stdout F -A ISTIO_INBOUND -p tcp -j ISTIO_IN_REDIRECT
2022-05-09T11:48:23.840964328Z stdout F -A ISTIO_IN_REDIRECT -p tcp -j REDIRECT --to-ports 15006
2022-05-09T11:48:23.840969016Z stdout F -A ISTIO_OUTPUT -s 127.0.0.6/32 -o lo -j RETURN
2022-05-09T11:48:23.840974436Z stdout F -A ISTIO_OUTPUT ! -d 127.0.0.1/32 -o lo -m owner --uid-owner 1337 -j ISTIO_IN_REDIRECT
2022-05-09T11:48:23.840979173Z stdout F -A ISTIO_OUTPUT -o lo -m owner ! --uid-owner 1337 -j RETURN
2022-05-09T11:48:23.840983772Z stdout F -A ISTIO_OUTPUT -m owner --uid-owner 1337 -j RETURN
2022-05-09T11:48:23.840988473Z stdout F -A ISTIO_OUTPUT ! -d 127.0.0.1/32 -o lo -m owner --gid-owner 1337 -j ISTIO_IN_REDIRECT
2022-05-09T11:48:23.840993129Z stdout F -A ISTIO_OUTPUT -o lo -m owner ! --gid-owner 1337 -j RETURN
2022-05-09T11:48:23.840997781Z stdout F -A ISTIO_OUTPUT -m owner --gid-owner 1337 -j RETURN
2022-05-09T11:48:23.841002783Z stdout F -A ISTIO_OUTPUT -d 127.0.0.1/32 -j RETURN
2022-05-09T11:48:23.841007426Z stdout F -A ISTIO_OUTPUT -j ISTIO_REDIRECT
2022-05-09T11:48:23.841012026Z stdout F -A ISTIO_REDIRECT -p tcp -j REDIRECT --to-ports 15001
2022-05-09T11:48:23.841017127Z stdout F COMMIT
2022-05-09T11:48:23.841021893Z stdout F # Completed on Mon May  9 11:48:23 2022
2022-05-09T11:48:23.841026343Z stdout F 
