2022-06-13T02:22:14.948631635Z stdout F 2022-06-13T02:22:14.946996Z	info	Istio iptables environment:
2022-06-13T02:22:14.948685602Z stdout F ENVOY_PORT=
2022-06-13T02:22:14.948700188Z stdout F INBOUND_CAPTURE_PORT=
2022-06-13T02:22:14.948713865Z stdout F ISTIO_INBOUND_INTERCEPTION_MODE=
2022-06-13T02:22:14.94872032Z stdout F ISTIO_INBOUND_TPROXY_ROUTE_TABLE=
2022-06-13T02:22:14.948739656Z stdout F ISTIO_INBOUND_PORTS=
2022-06-13T02:22:14.948746802Z stdout F ISTIO_OUTBOUND_PORTS=
2022-06-13T02:22:14.948751646Z stdout F ISTIO_LOCAL_EXCLUDE_PORTS=
2022-06-13T02:22:14.948755862Z stdout F ISTIO_EXCLUDE_INTERFACES=
2022-06-13T02:22:14.948762741Z stdout F ISTIO_SERVICE_CIDR=
2022-06-13T02:22:14.948813042Z stdout F ISTIO_SERVICE_EXCLUDE_CIDR=
2022-06-13T02:22:14.948831962Z stdout F ISTIO_META_DNS_CAPTURE=
2022-06-13T02:22:14.948855587Z stdout F INVALID_DROP=
2022-06-13T02:22:14.94886364Z stdout F 
2022-06-13T02:22:14.94887356Z stdout F 2022-06-13T02:22:14.947208Z	info	Istio iptables variables:
2022-06-13T02:22:14.94888047Z stdout F PROXY_PORT=15001
2022-06-13T02:22:14.948884637Z stdout F PROXY_INBOUND_CAPTURE_PORT=15006
2022-06-13T02:22:14.948888698Z stdout F PROXY_TUNNEL_PORT=15008
2022-06-13T02:22:14.948892822Z stdout F PROXY_UID=1337
2022-06-13T02:22:14.948897091Z stdout F PROXY_GID=1337
2022-06-13T02:22:14.948901125Z stdout F INBOUND_INTERCEPTION_MODE=REDIRECT
2022-06-13T02:22:14.948905185Z stdout F INBOUND_TPROXY_MARK=1337
2022-06-13T02:22:14.948909498Z stdout F INBOUND_TPROXY_ROUTE_TABLE=133
2022-06-13T02:22:14.948913242Z stdout F INBOUND_PORTS_INCLUDE=*
2022-06-13T02:22:14.948921432Z stdout F INBOUND_PORTS_EXCLUDE=15090,15021,15020
2022-06-13T02:22:14.94892877Z stdout F OUTBOUND_IP_RANGES_INCLUDE=*
2022-06-13T02:22:14.948932984Z stdout F OUTBOUND_IP_RANGES_EXCLUDE=
2022-06-13T02:22:14.948936944Z stdout F OUTBOUND_PORTS_INCLUDE=
2022-06-13T02:22:14.948941547Z stdout F OUTBOUND_PORTS_EXCLUDE=
2022-06-13T02:22:14.948945587Z stdout F KUBE_VIRT_INTERFACES=
2022-06-13T02:22:14.948950053Z stdout F ENABLE_INBOUND_IPV6=false
2022-06-13T02:22:14.948954073Z stdout F DNS_CAPTURE=false
2022-06-13T02:22:14.948958168Z stdout F DROP_INVALID=false
2022-06-13T02:22:14.948961724Z stdout F CAPTURE_ALL_DNS=false
2022-06-13T02:22:14.948965125Z stdout F DNS_SERVERS=[],[]
2022-06-13T02:22:14.948968708Z stdout F OUTPUT_PATH=
2022-06-13T02:22:14.9490021Z stdout F NETWORK_NAMESPACE=
2022-06-13T02:22:14.949027007Z stdout F CNI_MODE=false
2022-06-13T02:22:14.949036043Z stdout F EXCLUDE_INTERFACES=
2022-06-13T02:22:14.949040775Z stdout F 
2022-06-13T02:22:14.949045631Z stdout F 2022-06-13T02:22:14.947805Z	info	Writing following contents to rules file: /tmp/iptables-rules-1655086934947490842.txt3482379919
2022-06-13T02:22:14.949050165Z stdout F * nat
2022-06-13T02:22:14.949152344Z stdout F -N ISTIO_INBOUND
2022-06-13T02:22:14.949188624Z stdout F -N ISTIO_REDIRECT
2022-06-13T02:22:14.949195428Z stdout F -N ISTIO_IN_REDIRECT
2022-06-13T02:22:14.949199765Z stdout F -N ISTIO_OUTPUT
2022-06-13T02:22:14.949204375Z stdout F -A ISTIO_INBOUND -p tcp --dport 15008 -j RETURN
2022-06-13T02:22:14.949209176Z stdout F -A ISTIO_REDIRECT -p tcp -j REDIRECT --to-ports 15001
2022-06-13T02:22:14.949213291Z stdout F -A ISTIO_IN_REDIRECT -p tcp -j REDIRECT --to-ports 15006
2022-06-13T02:22:14.949217325Z stdout F -A PREROUTING -p tcp -j ISTIO_INBOUND
2022-06-13T02:22:14.949221393Z stdout F -A ISTIO_INBOUND -p tcp --dport 15090 -j RETURN
2022-06-13T02:22:14.949225307Z stdout F -A ISTIO_INBOUND -p tcp --dport 15021 -j RETURN
2022-06-13T02:22:14.949229121Z stdout F -A ISTIO_INBOUND -p tcp --dport 15020 -j RETURN
2022-06-13T02:22:14.949232815Z stdout F -A ISTIO_INBOUND -p tcp -j ISTIO_IN_REDIRECT
2022-06-13T02:22:14.949236819Z stdout F -A OUTPUT -p tcp -j ISTIO_OUTPUT
2022-06-13T02:22:14.949240746Z stdout F -A ISTIO_OUTPUT -o lo -s 127.0.0.6/32 -j RETURN
2022-06-13T02:22:14.949245191Z stdout F -A ISTIO_OUTPUT -o lo ! -d 127.0.0.1/32 -m owner --uid-owner 1337 -j ISTIO_IN_REDIRECT
2022-06-13T02:22:14.949248846Z stdout F -A ISTIO_OUTPUT -o lo -m owner ! --uid-owner 1337 -j RETURN
2022-06-13T02:22:14.949253211Z stdout F -A ISTIO_OUTPUT -m owner --uid-owner 1337 -j RETURN
2022-06-13T02:22:14.959711963Z stdout F -A ISTIO_OUTPUT -o lo ! -d 127.0.0.1/32 -m owner --gid-owner 1337 -j ISTIO_IN_REDIRECT
2022-06-13T02:22:14.959946521Z stdout F -A ISTIO_OUTPUT -o lo -m owner ! --gid-owner 1337 -j RETURN
2022-06-13T02:22:14.960627881Z stdout F -A ISTIO_OUTPUT -m owner --gid-owner 1337 -j RETURN
2022-06-13T02:22:14.960659885Z stdout F -A ISTIO_OUTPUT -d 127.0.0.1/32 -j RETURN
2022-06-13T02:22:14.960667508Z stdout F -A ISTIO_OUTPUT -j ISTIO_REDIRECT
2022-06-13T02:22:14.960672868Z stdout F COMMIT
2022-06-13T02:22:14.960679399Z stdout F 2022-06-13T02:22:14.948212Z	info	Running command: iptables-restore --noflush /tmp/iptables-rules-1655086934947490842.txt3482379919
2022-06-13T02:22:14.976821813Z stdout F 2022-06-13T02:22:14.976539Z	info	Writing following contents to rules file: /tmp/ip6tables-rules-1655086934976446787.txt4943152
2022-06-13T02:22:14.976850667Z stdout F 
2022-06-13T02:22:14.976858882Z stdout F 2022-06-13T02:22:14.976609Z	info	Running command: ip6tables-restore --noflush /tmp/ip6tables-rules-1655086934976446787.txt4943152
2022-06-13T02:22:15.044950705Z stdout F 2022-06-13T02:22:15.043081Z	info	Running command: iptables-save 
2022-06-13T02:22:15.055880841Z stdout F 2022-06-13T02:22:15.052292Z	info	Command output: 
2022-06-13T02:22:15.055900064Z stdout F # Generated by iptables-save v1.8.4 on Mon Jun 13 02:22:15 2022
2022-06-13T02:22:15.055905705Z stdout F *nat
2022-06-13T02:22:15.055910598Z stdout F :PREROUTING ACCEPT [0:0]
2022-06-13T02:22:15.055914862Z stdout F :INPUT ACCEPT [0:0]
2022-06-13T02:22:15.055918702Z stdout F :OUTPUT ACCEPT [0:0]
2022-06-13T02:22:15.055988189Z stdout F :POSTROUTING ACCEPT [0:0]
2022-06-13T02:22:15.055997831Z stdout F :ISTIO_INBOUND - [0:0]
2022-06-13T02:22:15.056002799Z stdout F :ISTIO_IN_REDIRECT - [0:0]
2022-06-13T02:22:15.056007397Z stdout F :ISTIO_OUTPUT - [0:0]
2022-06-13T02:22:15.056011723Z stdout F :ISTIO_REDIRECT - [0:0]
2022-06-13T02:22:15.056015998Z stdout F -A PREROUTING -p tcp -j ISTIO_INBOUND
2022-06-13T02:22:15.05602024Z stdout F -A OUTPUT -p tcp -j ISTIO_OUTPUT
2022-06-13T02:22:15.05602447Z stdout F -A ISTIO_INBOUND -p tcp -m tcp --dport 15008 -j RETURN
2022-06-13T02:22:15.056028426Z stdout F -A ISTIO_INBOUND -p tcp -m tcp --dport 15090 -j RETURN
2022-06-13T02:22:15.056032175Z stdout F -A ISTIO_INBOUND -p tcp -m tcp --dport 15021 -j RETURN
2022-06-13T02:22:15.056036061Z stdout F -A ISTIO_INBOUND -p tcp -m tcp --dport 15020 -j RETURN
2022-06-13T02:22:15.056040141Z stdout F -A ISTIO_INBOUND -p tcp -j ISTIO_IN_REDIRECT
2022-06-13T02:22:15.056044036Z stdout F -A ISTIO_IN_REDIRECT -p tcp -j REDIRECT --to-ports 15006
2022-06-13T02:22:15.056047996Z stdout F -A ISTIO_OUTPUT -s 127.0.0.6/32 -o lo -j RETURN
2022-06-13T02:22:15.056052514Z stdout F -A ISTIO_OUTPUT ! -d 127.0.0.1/32 -o lo -m owner --uid-owner 1337 -j ISTIO_IN_REDIRECT
2022-06-13T02:22:15.056056557Z stdout F -A ISTIO_OUTPUT -o lo -m owner ! --uid-owner 1337 -j RETURN
2022-06-13T02:22:15.05606049Z stdout F -A ISTIO_OUTPUT -m owner --uid-owner 1337 -j RETURN
2022-06-13T02:22:15.056064404Z stdout F -A ISTIO_OUTPUT ! -d 127.0.0.1/32 -o lo -m owner --gid-owner 1337 -j ISTIO_IN_REDIRECT
2022-06-13T02:22:15.056068317Z stdout F -A ISTIO_OUTPUT -o lo -m owner ! --gid-owner 1337 -j RETURN
2022-06-13T02:22:15.056072065Z stdout F -A ISTIO_OUTPUT -m owner --gid-owner 1337 -j RETURN
2022-06-13T02:22:15.056076146Z stdout F -A ISTIO_OUTPUT -d 127.0.0.1/32 -j RETURN
2022-06-13T02:22:15.056080468Z stdout F -A ISTIO_OUTPUT -j ISTIO_REDIRECT
2022-06-13T02:22:15.056084468Z stdout F -A ISTIO_REDIRECT -p tcp -j REDIRECT --to-ports 15001
2022-06-13T02:22:15.056088607Z stdout F COMMIT
2022-06-13T02:22:15.056092789Z stdout F # Completed on Mon Jun 13 02:22:15 2022
2022-06-13T02:22:15.056097078Z stdout F 
