2022-04-27T06:22:12.65739572Z stdout F 14:22:12.494 [main] INFO consignprice.ConsignPriceApplication - Wed Apr 27 14:22:12 CST 2022
2022-04-27T06:22:24.202726749Z stdout F 
2022-04-27T06:22:24.202823019Z stdout F   .   ____          _            __ _ _
2022-04-27T06:22:24.202836949Z stdout F  /\\ / ___'_ __ _ _(_)_ __  __ _ \ \ \ \
2022-04-27T06:22:24.202845126Z stdout F ( ( )\___ | '_ | '_| | '_ \/ _` | \ \ \ \
2022-04-27T06:22:24.202852038Z stdout F  \\/  ___)| |_)| | | | | || (_| |  ) ) ) )
2022-04-27T06:22:24.202862925Z stdout F   '  |____| .__|_| |_|_| |_\__, | / / / /
2022-04-27T06:22:24.202880488Z stdout F  =========|_|==============|___/=/_/_/_/
2022-04-27T06:22:24.21673153Z stdout F  :: Spring Boot ::       (v1.5.22.RELEASE)
2022-04-27T06:22:24.216762482Z stdout F 
2022-04-27T06:22:27.358477011Z stdout F 2022-04-27 14:22:27.306  INFO 1 --- [           main] consignprice.ConsignPriceApplication     : Starting ConsignPriceApplication v1.0 on ts-consign-price-service-859c6f45bd-5k54r with PID 1 (/app/ts-consign-price-service-1.0.jar started by root in /)
2022-04-27T06:22:27.358537057Z stdout F 2022-04-27 14:22:27.356  INFO 1 --- [           main] consignprice.ConsignPriceApplication     : No active profile set, falling back to default profiles: default
2022-04-27T06:22:29.757819862Z stdout F 2022-04-27 14:22:29.756  INFO 1 --- [           main] ationConfigEmbeddedWebApplicationContext : Refreshing org.springframework.boot.context.embedded.AnnotationConfigEmbeddedWebApplicationContext@4e515669: startup date [Wed Apr 27 14:22:29 CST 2022]; root of context hierarchy
2022-04-27T06:23:23.087230648Z stdout F 2022-04-27 14:23:23.042  INFO 1 --- [           main] o.s.i.config.IntegrationRegistrar        : No bean named 'integrationHeaderChannelRegistry' has been explicitly defined. Therefore, a default DefaultHeaderChannelRegistry will be created.
2022-04-27T06:23:33.117861638Z stdout F 2022-04-27 14:23:33.087  INFO 1 --- [           main] faultConfiguringBeanFactoryPostProcessor : No bean named 'errorChannel' has been explicitly defined. Therefore, a default PublishSubscribeChannel will be created.
2022-04-27T06:23:33.176330557Z stdout F 2022-04-27 14:23:33.175  INFO 1 --- [           main] faultConfiguringBeanFactoryPostProcessor : No bean named 'taskScheduler' has been explicitly defined. Therefore, a default ThreadPoolTaskScheduler will be created.
2022-04-27T06:23:37.176190509Z stdout F 2022-04-27 14:23:37.175  INFO 1 --- [           main] trationDelegate$BeanPostProcessorChecker : Bean 'org.springframework.security.config.annotation.configuration.ObjectPostProcessorConfiguration' of type [org.springframework.security.config.annotation.configuration.ObjectPostProcessorConfiguration$$EnhancerBySpringCGLIB$$db3407d1] is not eligible for getting processed by all BeanPostProcessors (for example: not eligible for auto-proxying)
2022-04-27T06:23:37.491985225Z stdout F 2022-04-27 14:23:37.491  INFO 1 --- [           main] trationDelegate$BeanPostProcessorChecker : Bean 'objectPostProcessor' of type [org.springframework.security.config.annotation.configuration.AutowireBeanFactoryObjectPostProcessor] is not eligible for getting processed by all BeanPostProcessors (for example: not eligible for auto-proxying)
2022-04-27T06:23:37.520824795Z stdout F 2022-04-27 14:23:37.519  INFO 1 --- [           main] trationDelegate$BeanPostProcessorChecker : Bean 'org.springframework.security.access.expression.method.DefaultMethodSecurityExpressionHandler@1bb5a082' of type [org.springframework.security.access.expression.method.DefaultMethodSecurityExpressionHandler] is not eligible for getting processed by all BeanPostProcessors (for example: not eligible for auto-proxying)
2022-04-27T06:23:37.89923509Z stdout F 2022-04-27 14:23:37.896  INFO 1 --- [           main] trationDelegate$BeanPostProcessorChecker : Bean 'org.springframework.security.config.annotation.method.configuration.GlobalMethodSecurityConfiguration' of type [org.springframework.security.config.annotation.method.configuration.GlobalMethodSecurityConfiguration$$EnhancerBySpringCGLIB$$8aa83] is not eligible for getting processed by all BeanPostProcessors (for example: not eligible for auto-proxying)
2022-04-27T06:23:38.231126823Z stdout F 2022-04-27 14:23:38.212  INFO 1 --- [           main] trationDelegate$BeanPostProcessorChecker : Bean 'methodSecurityMetadataSource' of type [org.springframework.security.access.method.DelegatingMethodSecurityMetadataSource] is not eligible for getting processed by all BeanPostProcessors (for example: not eligible for auto-proxying)
2022-04-27T06:23:40.912467494Z stdout F 2022-04-27 14:23:40.911  INFO 1 --- [           main] trationDelegate$BeanPostProcessorChecker : Bean 'integrationGlobalProperties' of type [org.springframework.beans.factory.config.PropertiesFactoryBean] is not eligible for getting processed by all BeanPostProcessors (for example: not eligible for auto-proxying)
2022-04-27T06:23:41.012691296Z stdout F 2022-04-27 14:23:41.011  INFO 1 --- [           main] trationDelegate$BeanPostProcessorChecker : Bean 'integrationGlobalProperties' of type [java.util.Properties] is not eligible for getting processed by all BeanPostProcessors (for example: not eligible for auto-proxying)
2022-04-27T06:24:05.815992181Z stdout F 2022-04-27 14:24:05.811  INFO 1 --- [           main] s.b.c.e.t.TomcatEmbeddedServletContainer : Tomcat initialized with port(s): 16110 (http)
2022-04-27T06:24:07.85227309Z stdout F 2022-04-27 14:24:07.851  INFO 1 --- [           main] o.apache.catalina.core.StandardService   : Starting service [Tomcat]
2022-04-27T06:24:07.852769685Z stdout F 2022-04-27 14:24:07.852  INFO 1 --- [           main] org.apache.catalina.core.StandardEngine  : Starting Servlet Engine: Apache Tomcat/8.5.43
2022-04-27T06:24:14.43267269Z stdout F 2022-04-27 14:24:14.410  INFO 1 --- [ost-startStop-1] o.a.c.c.C.[Tomcat].[localhost].[/]       : Initializing Spring embedded WebApplicationContext
2022-04-27T06:24:14.437757917Z stdout F 2022-04-27 14:24:14.432  INFO 1 --- [ost-startStop-1] o.s.web.context.ContextLoader            : Root WebApplicationContext: initialization completed in 104676 ms
2022-04-27T06:25:02.827977103Z stdout F 2022-04-27 14:25:02.817  INFO 1 --- [ost-startStop-1] o.s.b.w.servlet.FilterRegistrationBean   : Mapping filter: 'metricsFilter' to: [/*]
2022-04-27T06:25:02.829126176Z stdout F 2022-04-27 14:25:02.828  INFO 1 --- [ost-startStop-1] o.s.b.w.servlet.FilterRegistrationBean   : Mapping filter: 'characterEncodingFilter' to: [/*]
2022-04-27T06:25:02.829452661Z stdout F 2022-04-27 14:25:02.829  INFO 1 --- [ost-startStop-1] o.s.b.w.servlet.FilterRegistrationBean   : Mapping filter: 'hiddenHttpMethodFilter' to: [/*]
2022-04-27T06:25:02.829906633Z stdout F 2022-04-27 14:25:02.829  INFO 1 --- [ost-startStop-1] o.s.b.w.servlet.FilterRegistrationBean   : Mapping filter: 'httpPutFormContentFilter' to: [/*]
2022-04-27T06:25:02.959841363Z stdout F 2022-04-27 14:25:02.829  INFO 1 --- [ost-startStop-1] o.s.b.w.servlet.FilterRegistrationBean   : Mapping filter: 'requestContextFilter' to: [/*]
2022-04-27T06:25:02.962254105Z stdout F 2022-04-27 14:25:02.961  INFO 1 --- [ost-startStop-1] .s.DelegatingFilterProxyRegistrationBean : Mapping filter: 'springSecurityFilterChain' to: [/*]
2022-04-27T06:25:02.962282339Z stdout F 2022-04-27 14:25:02.961  INFO 1 --- [ost-startStop-1] o.s.b.w.servlet.FilterRegistrationBean   : Mapping filter: 'webRequestLoggingFilter' to: [/*]
2022-04-27T06:25:03.057697192Z stdout F 2022-04-27 14:25:03.057  INFO 1 --- [ost-startStop-1] o.s.b.w.servlet.FilterRegistrationBean   : Mapping filter: 'applicationContextIdFilter' to: [/*]
2022-04-27T06:25:03.058069119Z stdout F 2022-04-27 14:25:03.057  INFO 1 --- [ost-startStop-1] o.s.b.w.servlet.ServletRegistrationBean  : Mapping servlet: 'dispatcherServlet' to [/]
2022-04-27T06:25:59.09003553Z stdout F 2022-04-27 14:25:59.089  INFO 1 --- [           main] org.mongodb.driver.cluster               : Cluster created with settings {hosts=[ts-consign-price-mongo:27017], mode=MULTIPLE, requiredClusterType=UNKNOWN, serverSelectionTimeout='30000 ms', maxWaitQueueSize=500}
2022-04-27T06:25:59.100831092Z stdout F 2022-04-27 14:25:59.099  INFO 1 --- [           main] org.mongodb.driver.cluster               : Adding discovered server ts-consign-price-mongo:27017 to client view of cluster
2022-04-27T06:26:14.318634723Z stdout F 2022-04-27 14:26:14.317  INFO 1 --- [ice-mongo:27017] org.mongodb.driver.connection            : Opened connection [connectionId{localValue:1, serverValue:1}] to ts-consign-price-mongo:27017
2022-04-27T06:26:14.443498164Z stdout F 2022-04-27 14:26:14.427  INFO 1 --- [ice-mongo:27017] org.mongodb.driver.cluster               : Monitor thread successfully connected to server with description ServerDescription{address=ts-consign-price-mongo:27017, type=STANDALONE, state=CONNECTED, ok=true, version=ServerVersion{versionList=[5, 0, 8]}, minWireVersion=0, maxWireVersion=13, maxDocumentSize=16777216, roundTripTimeNanos=83852865}
2022-04-27T06:26:14.529471891Z stdout F 2022-04-27 14:26:14.528  INFO 1 --- [ice-mongo:27017] org.mongodb.driver.cluster               : Discovered cluster type of STANDALONE
2022-04-27T06:27:44.709275888Z stdout F 2022-04-27 14:27:44.705  INFO 1 --- [           main] s.w.s.m.m.a.RequestMappingHandlerMapping : Mapped "{[/api/v1/consignpriceservice/consignprice/{weight}/{isWithinRegion}],methods=[GET]}" onto public org.springframework.http.HttpEntity consignprice.controller.ConsignPriceController.getPriceByWeightAndRegion(java.lang.String,java.lang.String,org.springframework.http.HttpHeaders)
2022-04-27T06:27:44.733276543Z stdout F 2022-04-27 14:27:44.716  INFO 1 --- [           main] s.w.s.m.m.a.RequestMappingHandlerMapping : Mapped "{[/api/v1/consignpriceservice/consignprice/config],methods=[GET]}" onto public org.springframework.http.HttpEntity consignprice.controller.ConsignPriceController.getPriceConfig(org.springframework.http.HttpHeaders)
2022-04-27T06:27:44.733310021Z stdout F 2022-04-27 14:27:44.725  INFO 1 --- [           main] s.w.s.m.m.a.RequestMappingHandlerMapping : Mapped "{[/api/v1/consignpriceservice/welcome],methods=[GET]}" onto public java.lang.String consignprice.controller.ConsignPriceController.home(org.springframework.http.HttpHeaders)
2022-04-27T06:27:44.733318947Z stdout F 2022-04-27 14:27:44.726  INFO 1 --- [           main] s.w.s.m.m.a.RequestMappingHandlerMapping : Mapped "{[/api/v1/consignpriceservice/consignprice/price],methods=[GET]}" onto public org.springframework.http.HttpEntity consignprice.controller.ConsignPriceController.getPriceInfo(org.springframework.http.HttpHeaders)
2022-04-27T06:27:44.733331319Z stdout F 2022-04-27 14:27:44.726  INFO 1 --- [           main] s.w.s.m.m.a.RequestMappingHandlerMapping : Mapped "{[/api/v1/consignpriceservice/consignprice],methods=[POST]}" onto public org.springframework.http.HttpEntity consignprice.controller.ConsignPriceController.modifyPriceConfig(consignprice.entity.ConsignPrice,org.springframework.http.HttpHeaders)
2022-04-27T06:27:44.733338618Z stdout F 2022-04-27 14:27:44.728  INFO 1 --- [           main] s.w.s.m.m.a.RequestMappingHandlerMapping : Mapped "{[/v2/api-docs],methods=[GET],produces=[application/json || application/hal+json]}" onto public org.springframework.http.ResponseEntity<springfox.documentation.spring.web.json.Json> springfox.documentation.swagger2.web.Swagger2Controller.getDocumentation(java.lang.String,javax.servlet.http.HttpServletRequest)
2022-04-27T06:27:44.752221274Z stdout F 2022-04-27 14:27:44.746  INFO 1 --- [           main] s.w.s.m.m.a.RequestMappingHandlerMapping : Mapped "{[/configuration/ui]}" onto org.springframework.http.ResponseEntity<springfox.documentation.swagger.web.UiConfiguration> springfox.documentation.swagger.web.ApiResourceController.uiConfiguration()
2022-04-27T06:27:44.756583683Z stdout F 2022-04-27 14:27:44.748  INFO 1 --- [           main] s.w.s.m.m.a.RequestMappingHandlerMapping : Mapped "{[/swagger-resources]}" onto org.springframework.http.ResponseEntity<java.util.List<springfox.documentation.swagger.web.SwaggerResource>> springfox.documentation.swagger.web.ApiResourceController.swaggerResources()
2022-04-27T06:27:44.757048761Z stdout F 2022-04-27 14:27:44.756  INFO 1 --- [           main] s.w.s.m.m.a.RequestMappingHandlerMapping : Mapped "{[/configuration/security]}" onto org.springframework.http.ResponseEntity<springfox.documentation.swagger.web.SecurityConfiguration> springfox.documentation.swagger.web.ApiResourceController.securityConfiguration()
2022-04-27T06:27:44.81175965Z stdout F 2022-04-27 14:27:44.810  INFO 1 --- [           main] s.w.s.m.m.a.RequestMappingHandlerMapping : Mapped "{[/error],produces=[text/html]}" onto public org.springframework.web.servlet.ModelAndView org.springframework.boot.autoconfigure.web.BasicErrorController.errorHtml(javax.servlet.http.HttpServletRequest,javax.servlet.http.HttpServletResponse)
2022-04-27T06:27:44.822176312Z stdout F 2022-04-27 14:27:44.810  INFO 1 --- [           main] s.w.s.m.m.a.RequestMappingHandlerMapping : Mapped "{[/error]}" onto public org.springframework.http.ResponseEntity<java.util.Map<java.lang.String, java.lang.Object>> org.springframework.boot.autoconfigure.web.BasicErrorController.error(javax.servlet.http.HttpServletRequest)
2022-04-27T06:28:15.2439323Z stdout F 2022-04-27 14:28:15.236  INFO 1 --- [           main] o.s.b.a.e.mvc.EndpointHandlerMapping     : Mapped "{[/trace || /trace.json],methods=[GET],produces=[application/vnd.spring-boot.actuator.v1+json || application/json]}" onto public java.lang.Object org.springframework.boot.actuate.endpoint.mvc.EndpointMvcAdapter.invoke()
2022-04-27T06:28:15.406964791Z stdout F 2022-04-27 14:28:15.406  INFO 1 --- [           main] o.s.b.a.e.mvc.EndpointHandlerMapping     : Mapped "{[/auditevents || /auditevents.json],methods=[GET],produces=[application/vnd.spring-boot.actuator.v1+json || application/json]}" onto public org.springframework.http.ResponseEntity<?> org.springframework.boot.actuate.endpoint.mvc.AuditEventsMvcEndpoint.findByPrincipalAndAfterAndType(java.lang.String,java.util.Date,java.lang.String)
2022-04-27T06:28:15.713443707Z stdout F 2022-04-27 14:28:15.576  INFO 1 --- [           main] o.s.b.a.e.mvc.EndpointHandlerMapping     : Mapped "{[/loggers/{name:.*}],methods=[GET],produces=[application/vnd.spring-boot.actuator.v1+json || application/json]}" onto public java.lang.Object org.springframework.boot.actuate.endpoint.mvc.LoggersMvcEndpoint.get(java.lang.String)
2022-04-27T06:28:15.733305005Z stdout F 2022-04-27 14:28:15.714  INFO 1 --- [           main] o.s.b.a.e.mvc.EndpointHandlerMapping     : Mapped "{[/loggers/{name:.*}],methods=[POST],consumes=[application/vnd.spring-boot.actuator.v1+json || application/json],produces=[application/vnd.spring-boot.actuator.v1+json || application/json]}" onto public java.lang.Object org.springframework.boot.actuate.endpoint.mvc.LoggersMvcEndpoint.set(java.lang.String,java.util.Map<java.lang.String, java.lang.String>)
2022-04-27T06:28:15.733345036Z stdout F 2022-04-27 14:28:15.715  INFO 1 --- [           main] o.s.b.a.e.mvc.EndpointHandlerMapping     : Mapped "{[/loggers || /loggers.json],methods=[GET],produces=[application/vnd.spring-boot.actuator.v1+json || application/json]}" onto public java.lang.Object org.springframework.boot.actuate.endpoint.mvc.EndpointMvcAdapter.invoke()
2022-04-27T06:28:15.788048262Z stdout F 2022-04-27 14:28:15.787  INFO 1 --- [           main] o.s.b.a.e.mvc.EndpointHandlerMapping     : Mapped "{[/mappings || /mappings.json],methods=[GET],produces=[application/vnd.spring-boot.actuator.v1+json || application/json]}" onto public java.lang.Object org.springframework.boot.actuate.endpoint.mvc.EndpointMvcAdapter.invoke()
2022-04-27T06:28:15.92279786Z stdout F 2022-04-27 14:28:15.906  INFO 1 --- [           main] o.s.b.a.e.mvc.EndpointHandlerMapping     : Mapped "{[/health || /health.json],methods=[GET],produces=[application/vnd.spring-boot.actuator.v1+json || application/json]}" onto public java.lang.Object org.springframework.boot.actuate.endpoint.mvc.HealthMvcEndpoint.invoke(javax.servlet.http.HttpServletRequest,java.security.Principal)
2022-04-27T06:28:16.105887586Z stdout F 2022-04-27 14:28:16.101  INFO 1 --- [           main] o.s.b.a.e.mvc.EndpointHandlerMapping     : Mapped "{[/env/{name:.*}],methods=[GET],produces=[application/vnd.spring-boot.actuator.v1+json || application/json]}" onto public java.lang.Object org.springframework.boot.actuate.endpoint.mvc.EnvironmentMvcEndpoint.value(java.lang.String)
2022-04-27T06:28:16.105952463Z stdout F 2022-04-27 14:28:16.102  INFO 1 --- [           main] o.s.b.a.e.mvc.EndpointHandlerMapping     : Mapped "{[/env || /env.json],methods=[GET],produces=[application/vnd.spring-boot.actuator.v1+json || application/json]}" onto public java.lang.Object org.springframework.boot.actuate.endpoint.mvc.EndpointMvcAdapter.invoke()
2022-04-27T06:28:16.207284821Z stdout F 2022-04-27 14:28:16.203  INFO 1 --- [           main] o.s.b.a.e.mvc.EndpointHandlerMapping     : Mapped "{[/heapdump || /heapdump.json],methods=[GET],produces=[application/octet-stream]}" onto public void org.springframework.boot.actuate.endpoint.mvc.HeapdumpMvcEndpoint.invoke(boolean,javax.servlet.http.HttpServletRequest,javax.servlet.http.HttpServletResponse) throws java.io.IOException,javax.servlet.ServletException
2022-04-27T06:28:16.207336336Z stdout F 2022-04-27 14:28:16.205  INFO 1 --- [           main] o.s.b.a.e.mvc.EndpointHandlerMapping     : Mapped "{[/configprops || /configprops.json],methods=[GET],produces=[application/vnd.spring-boot.actuator.v1+json || application/json]}" onto public java.lang.Object org.springframework.boot.actuate.endpoint.mvc.EndpointMvcAdapter.invoke()
2022-04-27T06:28:16.8678894Z stdout F 2022-04-27 14:28:16.660  INFO 1 --- [           main] o.s.b.a.e.mvc.EndpointHandlerMapping     : Mapped "{[/metrics/{name:.*}],methods=[GET],produces=[application/vnd.spring-boot.actuator.v1+json || application/json]}" onto public java.lang.Object org.springframework.boot.actuate.endpoint.mvc.MetricsMvcEndpoint.value(java.lang.String)
2022-04-27T06:28:16.867982327Z stdout F 2022-04-27 14:28:16.660  INFO 1 --- [           main] o.s.b.a.e.mvc.EndpointHandlerMapping     : Mapped "{[/metrics || /metrics.json],methods=[GET],produces=[application/vnd.spring-boot.actuator.v1+json || application/json]}" onto public java.lang.Object org.springframework.boot.actuate.endpoint.mvc.EndpointMvcAdapter.invoke()
2022-04-27T06:28:16.868059248Z stdout F 2022-04-27 14:28:16.661  INFO 1 --- [           main] o.s.b.a.e.mvc.EndpointHandlerMapping     : Mapped "{[/info || /info.json],methods=[GET],produces=[application/vnd.spring-boot.actuator.v1+json || application/json]}" onto public java.lang.Object org.springframework.boot.actuate.endpoint.mvc.EndpointMvcAdapter.invoke()
2022-04-27T06:28:16.8681105Z stdout F 2022-04-27 14:28:16.865  INFO 1 --- [           main] o.s.b.a.e.mvc.EndpointHandlerMapping     : Mapped "{[/dump || /dump.json],methods=[GET],produces=[application/vnd.spring-boot.actuator.v1+json || application/json]}" onto public java.lang.Object org.springframework.boot.actuate.endpoint.mvc.EndpointMvcAdapter.invoke()
2022-04-27T06:28:16.998344071Z stdout F 2022-04-27 14:28:16.986  INFO 1 --- [           main] o.s.b.a.e.mvc.EndpointHandlerMapping     : Mapped "{[/beans || /beans.json],methods=[GET],produces=[application/vnd.spring-boot.actuator.v1+json || application/json]}" onto public java.lang.Object org.springframework.boot.actuate.endpoint.mvc.EndpointMvcAdapter.invoke()
2022-04-27T06:28:17.15733424Z stdout F 2022-04-27 14:28:17.155  INFO 1 --- [           main] o.s.b.a.e.mvc.EndpointHandlerMapping     : Mapped "{[/autoconfig || /autoconfig.json],methods=[GET],produces=[application/vnd.spring-boot.actuator.v1+json || application/json]}" onto public java.lang.Object org.springframework.boot.actuate.endpoint.mvc.EndpointMvcAdapter.invoke()
2022-04-27T06:29:14.288001837Z stdout F 2022-04-27 14:29:14.120  INFO 1 --- [           main] b.a.s.AuthenticationManagerConfiguration : 
2022-04-27T06:29:14.288370504Z stdout F 
2022-04-27T06:29:14.288409067Z stdout F Using default security password: ead0ed9b-0e54-4726-aaaa-30a60c8f1dc5
2022-04-27T06:29:14.288426895Z stdout F 
2022-04-27T06:30:12.144988288Z stdout F 2022-04-27 14:30:12.143  INFO 1 --- [           main] o.s.s.web.DefaultSecurityFilterChain     : Creating filter chain: org.springframework.security.web.util.matcher.AnyRequestMatcher@1, [org.springframework.security.web.context.request.async.WebAsyncManagerIntegrationFilter@4b2c5e02, org.springframework.security.web.context.SecurityContextPersistenceFilter@7de62196, org.springframework.security.web.header.HeaderWriterFilter@2ca923bb, org.springframework.security.web.authentication.logout.LogoutFilter@c667f46, edu.fudan.common.security.jwt.JWTFilter@57a3e26a, org.springframework.security.web.savedrequest.RequestCacheAwareFilter@51bf5add, org.springframework.security.web.servletapi.SecurityContextHolderAwareRequestFilter@389b0789, org.springframework.security.web.authentication.AnonymousAuthenticationFilter@75c56eb9, org.springframework.security.web.session.SessionManagementFilter@1ebea008, org.springframework.security.web.access.ExceptionTranslationFilter@747f281, org.springframework.security.web.access.intercept.FilterSecurityInterceptor@15f47664]
2022-04-27T06:30:21.468273547Z stdout F 2022-04-27 14:30:21.449  INFO 1 --- [           main] o.s.w.s.handler.SimpleUrlHandlerMapping  : Mapped URL path [/webjars/**] onto handler of type [class org.springframework.web.servlet.resource.ResourceHttpRequestHandler]
2022-04-27T06:30:21.468310743Z stdout F 2022-04-27 14:30:21.451  INFO 1 --- [           main] o.s.w.s.handler.SimpleUrlHandlerMapping  : Mapped URL path [/**] onto handler of type [class org.springframework.web.servlet.resource.ResourceHttpRequestHandler]
2022-04-27T06:30:26.5771061Z stdout F 2022-04-27 14:30:26.557  INFO 1 --- [           main] o.s.w.s.handler.SimpleUrlHandlerMapping  : Mapped URL path [/**/favicon.ico] onto handler of type [class org.springframework.web.servlet.resource.ResourceHttpRequestHandler]
2022-04-27T06:30:30.465027006Z stdout F 2022-04-27 14:30:30.102  INFO 1 --- [           main] o.s.s.web.DefaultSecurityFilterChain     : Creating filter chain: org.springframework.boot.actuate.autoconfigure.ManagementWebSecurityAutoConfiguration$LazyEndpointPathRequestMatcher@5f20155b, [org.springframework.security.web.context.request.async.WebAsyncManagerIntegrationFilter@72ade7e3, org.springframework.security.web.context.SecurityContextPersistenceFilter@19b89d4, org.springframework.security.web.header.HeaderWriterFilter@34b9f960, org.springframework.web.filter.CorsFilter@239105a8, org.springframework.security.web.authentication.logout.LogoutFilter@791d1f8b, org.springframework.security.web.authentication.www.BasicAuthenticationFilter@15a04efb, org.springframework.security.web.savedrequest.RequestCacheAwareFilter@4bbf6d0e, org.springframework.security.web.servletapi.SecurityContextHolderAwareRequestFilter@30b6ffe0, org.springframework.security.web.authentication.AnonymousAuthenticationFilter@3fce8fd9, org.springframework.security.web.session.SessionManagementFilter@43015c69, org.springframework.security.web.access.ExceptionTranslationFilter@27912e3, org.springframework.security.web.access.intercept.FilterSecurityInterceptor@7ba8c737]
2022-04-27T06:31:39.091681287Z stdout F 2022-04-27 14:31:39.031  INFO 1 --- [           main] s.w.s.m.m.a.RequestMappingHandlerAdapter : Looking for @ControllerAdvice: org.springframework.boot.context.embedded.AnnotationConfigEmbeddedWebApplicationContext@4e515669: startup date [Wed Apr 27 14:22:29 CST 2022]; root of context hierarchy
2022-04-27T06:32:33.936865386Z stdout F 2022-04-27 14:32:33.935  INFO 1 --- [           main] o.s.s.c.ThreadPoolTaskScheduler          : Initializing ExecutorService 'taskScheduler'
2022-04-27T06:33:13.750896466Z stdout F 2022-04-27 14:33:13.501  INFO 1 --- [           main] o.s.j.e.a.AnnotationMBeanExporter        : Registering beans for JMX exposure on startup
2022-04-27T06:33:15.116987288Z stdout F 2022-04-27 14:33:15.102  INFO 1 --- [           main] o.s.c.support.DefaultLifecycleProcessor  : Starting beans in phase 0
2022-04-27T06:33:24.264096273Z stdout F 2022-04-27 14:33:24.194  INFO 1 --- [           main] o.s.i.endpoint.EventDrivenConsumer       : Adding {logging-channel-adapter:_org.springframework.integration.errorLogger} as a subscriber to the 'errorChannel' channel
2022-04-27T06:33:24.351169768Z stdout F 2022-04-27 14:33:24.346  INFO 1 --- [           main] o.s.i.channel.PublishSubscribeChannel    : Channel 'ts-consign-price-service:16110.errorChannel' has 1 subscriber(s).
2022-04-27T06:33:24.351207585Z stdout F 2022-04-27 14:33:24.347  INFO 1 --- [           main] o.s.i.endpoint.EventDrivenConsumer       : started _org.springframework.integration.errorLogger
2022-04-27T06:33:28.283887518Z stdout F 2022-04-27 14:33:28.280  INFO 1 --- [           main] d.s.w.p.DocumentationPluginsBootstrapper : Context refreshed
2022-04-27T06:33:29.164416538Z stdout F 2022-04-27 14:33:29.158  INFO 1 --- [           main] d.s.w.p.DocumentationPluginsBootstrapper : Found 1 custom documentation plugin(s)
2022-04-27T06:33:29.501007699Z stdout F 2022-04-27 14:33:29.499  INFO 1 --- [           main] s.d.s.w.s.ApiListingReferenceScanner     : Scanning for api listing references
2022-04-27T06:33:36.320636259Z stdout F 2022-04-27 14:33:36.319  INFO 1 --- [           main] .d.s.w.r.o.CachingOperationNameGenerator : Generating unique operation named: findByPrincipalAndAfterAndTypeUsingGET_1
2022-04-27T06:33:43.452871929Z stdout F 2022-04-27 14:33:43.430  INFO 1 --- [           main] .d.s.w.r.o.CachingOperationNameGenerator : Generating unique operation named: invokeUsingGET_1
2022-04-27T06:33:43.519822987Z stdout F 2022-04-27 14:33:43.517  INFO 1 --- [           main] .d.s.w.r.o.CachingOperationNameGenerator : Generating unique operation named: invokeUsingGET_2
2022-04-27T06:33:43.567968758Z stdout F 2022-04-27 14:33:43.566  INFO 1 --- [           main] .d.s.w.r.o.CachingOperationNameGenerator : Generating unique operation named: invokeUsingGET_3
2022-04-27T06:33:43.61985815Z stdout F 2022-04-27 14:33:43.615  INFO 1 --- [           main] .d.s.w.r.o.CachingOperationNameGenerator : Generating unique operation named: invokeUsingGET_4
2022-04-27T06:33:43.629566285Z stdout F 2022-04-27 14:33:43.625  INFO 1 --- [           main] .d.s.w.r.o.CachingOperationNameGenerator : Generating unique operation named: invokeUsingGET_5
2022-04-27T06:33:43.668105743Z stdout F 2022-04-27 14:33:43.666  INFO 1 --- [           main] .d.s.w.r.o.CachingOperationNameGenerator : Generating unique operation named: invokeUsingGET_6
2022-04-27T06:33:43.748312512Z stdout F 2022-04-27 14:33:43.744  INFO 1 --- [           main] .d.s.w.r.o.CachingOperationNameGenerator : Generating unique operation named: invokeUsingGET_7
2022-04-27T06:33:43.867121559Z stdout F 2022-04-27 14:33:43.823  INFO 1 --- [           main] .d.s.w.r.o.CachingOperationNameGenerator : Generating unique operation named: invokeUsingGET_8
2022-04-27T06:33:44.001831775Z stdout F 2022-04-27 14:33:43.999  INFO 1 --- [           main] .d.s.w.r.o.CachingOperationNameGenerator : Generating unique operation named: invokeUsingGET_9
2022-04-27T06:33:44.149875122Z stdout F 2022-04-27 14:33:44.146  INFO 1 --- [           main] .d.s.w.r.o.CachingOperationNameGenerator : Generating unique operation named: invokeUsingGET_10
2022-04-27T06:33:44.245746401Z stdout F 2022-04-27 14:33:44.243  INFO 1 --- [           main] .d.s.w.r.o.CachingOperationNameGenerator : Generating unique operation named: invokeUsingGET_11
2022-04-27T06:33:44.320535918Z stdout F 2022-04-27 14:33:44.317  INFO 1 --- [           main] .d.s.w.r.o.CachingOperationNameGenerator : Generating unique operation named: invokeUsingGET_12
2022-04-27T06:33:44.424132099Z stdout F 2022-04-27 14:33:44.421  INFO 1 --- [           main] .d.s.w.r.o.CachingOperationNameGenerator : Generating unique operation named: invokeUsingGET_13
2022-04-27T06:33:44.566987788Z stdout F 2022-04-27 14:33:44.563  INFO 1 --- [           main] .d.s.w.r.o.CachingOperationNameGenerator : Generating unique operation named: invokeUsingGET_14
2022-04-27T06:33:45.204246196Z stdout F 2022-04-27 14:33:45.102  INFO 1 --- [           main] .d.s.w.r.o.CachingOperationNameGenerator : Generating unique operation named: invokeUsingGET_15
2022-04-27T06:33:46.242451926Z stdout F 2022-04-27 14:33:46.235  INFO 1 --- [           main] .d.s.w.r.o.CachingOperationNameGenerator : Generating unique operation named: invokeUsingGET_16
2022-04-27T06:33:46.584821893Z stdout F 2022-04-27 14:33:46.581  INFO 1 --- [           main] .d.s.w.r.o.CachingOperationNameGenerator : Generating unique operation named: invokeUsingGET_17
2022-04-27T06:33:47.443209797Z stdout F 2022-04-27 14:33:47.442  INFO 1 --- [           main] .d.s.w.r.o.CachingOperationNameGenerator : Generating unique operation named: invokeUsingGET_18
2022-04-27T06:33:47.703084672Z stdout F 2022-04-27 14:33:47.697  INFO 1 --- [           main] .d.s.w.r.o.CachingOperationNameGenerator : Generating unique operation named: invokeUsingGET_19
2022-04-27T06:33:48.576810909Z stdout F 2022-04-27 14:33:48.575  INFO 1 --- [           main] .d.s.w.r.o.CachingOperationNameGenerator : Generating unique operation named: invokeUsingGET_20
2022-04-27T06:33:48.665673916Z stdout F 2022-04-27 14:33:48.660  INFO 1 --- [           main] .d.s.w.r.o.CachingOperationNameGenerator : Generating unique operation named: invokeUsingGET_21
2022-04-27T06:33:50.152103548Z stdout F 2022-04-27 14:33:50.151  INFO 1 --- [           main] .d.s.w.r.o.CachingOperationNameGenerator : Generating unique operation named: invokeUsingGET_22
2022-04-27T06:33:50.157076968Z stdout F 2022-04-27 14:33:50.155  INFO 1 --- [           main] .d.s.w.r.o.CachingOperationNameGenerator : Generating unique operation named: invokeUsingGET_23
2022-04-27T06:33:50.169471251Z stdout F 2022-04-27 14:33:50.161  INFO 1 --- [           main] .d.s.w.r.o.CachingOperationNameGenerator : Generating unique operation named: valueUsingGET_1
2022-04-27T06:33:53.40649615Z stdout F 2022-04-27 14:33:53.400  INFO 1 --- [           main] s.b.c.e.t.TomcatEmbeddedServletContainer : Tomcat started on port(s): 16110 (http)
2022-04-27T06:33:54.102666569Z stdout F 2022-04-27 14:33:54.098  INFO 1 --- [           main] consignprice.init.InitData               : [Consign price service] [Init data operation]
2022-04-27T06:33:54.244882164Z stdout F 2022-04-27 14:33:54.241  INFO 1 --- [           main] c.service.ConsignPriceServiceImpl        : [Create New Price Config]
2022-04-27T06:34:08.020445109Z stdout F 2022-04-27 14:34:08.019  INFO 1 --- [           main] org.mongodb.driver.connection            : Opened connection [connectionId{localValue:2, serverValue:2}] to ts-consign-price-mongo:27017
2022-04-27T06:34:19.170128718Z stdout F 2022-04-27 14:34:19.146  INFO 1 --- [           main] consignprice.ConsignPriceApplication     : Started ConsignPriceApplication in 721.774 seconds (JVM running for 731.992)
