2022-06-13T02:22:36.257175408Z stdout F 2022-06-13T02:22:36.256277Z	info	Istio iptables environment:
2022-06-13T02:22:36.25720855Z stdout F ENVOY_PORT=
2022-06-13T02:22:36.257216499Z stdout F INBOUND_CAPTURE_PORT=
2022-06-13T02:22:36.257221875Z stdout F ISTIO_INBOUND_INTERCEPTION_MODE=
2022-06-13T02:22:36.257226504Z stdout F ISTIO_INBOUND_TPROXY_ROUTE_TABLE=
2022-06-13T02:22:36.257231193Z stdout F ISTIO_INBOUND_PORTS=
2022-06-13T02:22:36.257235447Z stdout F ISTIO_OUTBOUND_PORTS=
2022-06-13T02:22:36.257239537Z stdout F ISTIO_LOCAL_EXCLUDE_PORTS=
2022-06-13T02:22:36.257244036Z stdout F ISTIO_EXCLUDE_INTERFACES=
2022-06-13T02:22:36.257252315Z stdout F ISTIO_SERVICE_CIDR=
2022-06-13T02:22:36.257260438Z stdout F ISTIO_SERVICE_EXCLUDE_CIDR=
2022-06-13T02:22:36.257271482Z stdout F ISTIO_META_DNS_CAPTURE=
2022-06-13T02:22:36.257283083Z stdout F INVALID_DROP=
2022-06-13T02:22:36.257288988Z stdout F 
2022-06-13T02:22:36.257300525Z stdout F 2022-06-13T02:22:36.256449Z	info	Istio iptables variables:
2022-06-13T02:22:36.257308251Z stdout F PROXY_PORT=15001
2022-06-13T02:22:36.257318063Z stdout F PROXY_INBOUND_CAPTURE_PORT=15006
2022-06-13T02:22:36.25732329Z stdout F PROXY_TUNNEL_PORT=15008
2022-06-13T02:22:36.257325998Z stdout F PROXY_UID=1337
2022-06-13T02:22:36.257328487Z stdout F PROXY_GID=1337
2022-06-13T02:22:36.25733097Z stdout F INBOUND_INTERCEPTION_MODE=REDIRECT
2022-06-13T02:22:36.257333364Z stdout F INBOUND_TPROXY_MARK=1337
2022-06-13T02:22:36.257335743Z stdout F INBOUND_TPROXY_ROUTE_TABLE=133
2022-06-13T02:22:36.25733849Z stdout F INBOUND_PORTS_INCLUDE=*
2022-06-13T02:22:36.257342429Z stdout F INBOUND_PORTS_EXCLUDE=15090,15021,15020
2022-06-13T02:22:36.257346559Z stdout F OUTBOUND_IP_RANGES_INCLUDE=*
2022-06-13T02:22:36.257350787Z stdout F OUTBOUND_IP_RANGES_EXCLUDE=
2022-06-13T02:22:36.25735585Z stdout F OUTBOUND_PORTS_INCLUDE=
2022-06-13T02:22:36.257360252Z stdout F OUTBOUND_PORTS_EXCLUDE=
2022-06-13T02:22:36.257367813Z stdout F KUBE_VIRT_INTERFACES=
2022-06-13T02:22:36.257376836Z stdout F ENABLE_INBOUND_IPV6=false
2022-06-13T02:22:36.257381769Z stdout F DNS_CAPTURE=false
2022-06-13T02:22:36.257392838Z stdout F DROP_INVALID=false
2022-06-13T02:22:36.257398588Z stdout F CAPTURE_ALL_DNS=false
2022-06-13T02:22:36.257409736Z stdout F DNS_SERVERS=[],[]
2022-06-13T02:22:36.25741862Z stdout F OUTPUT_PATH=
2022-06-13T02:22:36.257426612Z stdout F NETWORK_NAMESPACE=
2022-06-13T02:22:36.257431834Z stdout F CNI_MODE=false
2022-06-13T02:22:36.257436469Z stdout F EXCLUDE_INTERFACES=
2022-06-13T02:22:36.25744265Z stdout F 
2022-06-13T02:22:36.257452974Z stdout F 2022-06-13T02:22:36.256993Z	info	Writing following contents to rules file: /tmp/iptables-rules-1655086956256591963.txt1880397401
2022-06-13T02:22:36.257462602Z stdout F * nat
2022-06-13T02:22:36.257474109Z stdout F -N ISTIO_INBOUND
2022-06-13T02:22:36.257481626Z stdout F -N ISTIO_REDIRECT
2022-06-13T02:22:36.257492304Z stdout F -N ISTIO_IN_REDIRECT
2022-06-13T02:22:36.257498421Z stdout F -N ISTIO_OUTPUT
2022-06-13T02:22:36.257506059Z stdout F -A ISTIO_INBOUND -p tcp --dport 15008 -j RETURN
2022-06-13T02:22:36.257514678Z stdout F -A ISTIO_REDIRECT -p tcp -j REDIRECT --to-ports 15001
2022-06-13T02:22:36.257520242Z stdout F -A ISTIO_IN_REDIRECT -p tcp -j REDIRECT --to-ports 15006
2022-06-13T02:22:36.257527537Z stdout F -A PREROUTING -p tcp -j ISTIO_INBOUND
2022-06-13T02:22:36.257535937Z stdout F -A ISTIO_INBOUND -p tcp --dport 15090 -j RETURN
2022-06-13T02:22:36.257544044Z stdout F -A ISTIO_INBOUND -p tcp --dport 15021 -j RETURN
2022-06-13T02:22:36.257548846Z stdout F -A ISTIO_INBOUND -p tcp --dport 15020 -j RETURN
2022-06-13T02:22:36.257553029Z stdout F -A ISTIO_INBOUND -p tcp -j ISTIO_IN_REDIRECT
2022-06-13T02:22:36.257557355Z stdout F -A OUTPUT -p tcp -j ISTIO_OUTPUT
2022-06-13T02:22:36.257561586Z stdout F -A ISTIO_OUTPUT -o lo -s 127.0.0.6/32 -j RETURN
2022-06-13T02:22:36.257566401Z stdout F -A ISTIO_OUTPUT -o lo ! -d 127.0.0.1/32 -m owner --uid-owner 1337 -j ISTIO_IN_REDIRECT
2022-06-13T02:22:36.257571196Z stdout F -A ISTIO_OUTPUT -o lo -m owner ! --uid-owner 1337 -j RETURN
2022-06-13T02:22:36.257575921Z stdout F -A ISTIO_OUTPUT -m owner --uid-owner 1337 -j RETURN
2022-06-13T02:22:36.257589342Z stdout F -A ISTIO_OUTPUT -o lo ! -d 127.0.0.1/32 -m owner --gid-owner 1337 -j ISTIO_IN_REDIRECT
2022-06-13T02:22:36.257594496Z stdout F -A ISTIO_OUTPUT -o lo -m owner ! --gid-owner 1337 -j RETURN
2022-06-13T02:22:36.257599186Z stdout F -A ISTIO_OUTPUT -m owner --gid-owner 1337 -j RETURN
2022-06-13T02:22:36.257603453Z stdout F -A ISTIO_OUTPUT -d 127.0.0.1/32 -j RETURN
2022-06-13T02:22:36.257607817Z stdout F -A ISTIO_OUTPUT -j ISTIO_REDIRECT
2022-06-13T02:22:36.257612518Z stdout F COMMIT
2022-06-13T02:22:36.257617619Z stdout F 2022-06-13T02:22:36.257079Z	info	Running command: iptables-restore --noflush /tmp/iptables-rules-1655086956256591963.txt1880397401
2022-06-13T02:22:36.266870466Z stdout F 2022-06-13T02:22:36.266563Z	info	Writing following contents to rules file: /tmp/ip6tables-rules-1655086956266481601.txt3238147311
2022-06-13T02:22:36.266913115Z stdout F 
2022-06-13T02:22:36.266919721Z stdout F 2022-06-13T02:22:36.266627Z	info	Running command: ip6tables-restore --noflush /tmp/ip6tables-rules-1655086956266481601.txt3238147311
2022-06-13T02:22:36.270668375Z stdout F 2022-06-13T02:22:36.270305Z	info	Running command: iptables-save 
2022-06-13T02:22:36.274646799Z stdout F 2022-06-13T02:22:36.274169Z	info	Command output: 
2022-06-13T02:22:36.274664571Z stdout F # Generated by iptables-save v1.8.4 on Mon Jun 13 02:22:36 2022
2022-06-13T02:22:36.27467033Z stdout F *nat
2022-06-13T02:22:36.274675585Z stdout F :PREROUTING ACCEPT [0:0]
2022-06-13T02:22:36.274679983Z stdout F :INPUT ACCEPT [0:0]
2022-06-13T02:22:36.274684372Z stdout F :OUTPUT ACCEPT [0:0]
2022-06-13T02:22:36.274689501Z stdout F :POSTROUTING ACCEPT [0:0]
2022-06-13T02:22:36.274693794Z stdout F :ISTIO_INBOUND - [0:0]
2022-06-13T02:22:36.274698249Z stdout F :ISTIO_IN_REDIRECT - [0:0]
2022-06-13T02:22:36.274702628Z stdout F :ISTIO_OUTPUT - [0:0]
2022-06-13T02:22:36.274706674Z stdout F :ISTIO_REDIRECT - [0:0]
2022-06-13T02:22:36.274736912Z stdout F -A PREROUTING -p tcp -j ISTIO_INBOUND
2022-06-13T02:22:36.274744232Z stdout F -A OUTPUT -p tcp -j ISTIO_OUTPUT
2022-06-13T02:22:36.274748708Z stdout F -A ISTIO_INBOUND -p tcp -m tcp --dport 15008 -j RETURN
2022-06-13T02:22:36.274752746Z stdout F -A ISTIO_INBOUND -p tcp -m tcp --dport 15090 -j RETURN
2022-06-13T02:22:36.274756999Z stdout F -A ISTIO_INBOUND -p tcp -m tcp --dport 15021 -j RETURN
2022-06-13T02:22:36.274761555Z stdout F -A ISTIO_INBOUND -p tcp -m tcp --dport 15020 -j RETURN
2022-06-13T02:22:36.274765611Z stdout F -A ISTIO_INBOUND -p tcp -j ISTIO_IN_REDIRECT
2022-06-13T02:22:36.274769605Z stdout F -A ISTIO_IN_REDIRECT -p tcp -j REDIRECT --to-ports 15006
2022-06-13T02:22:36.274773595Z stdout F -A ISTIO_OUTPUT -s 127.0.0.6/32 -o lo -j RETURN
2022-06-13T02:22:36.274778037Z stdout F -A ISTIO_OUTPUT ! -d 127.0.0.1/32 -o lo -m owner --uid-owner 1337 -j ISTIO_IN_REDIRECT
2022-06-13T02:22:36.274782124Z stdout F -A ISTIO_OUTPUT -o lo -m owner ! --uid-owner 1337 -j RETURN
2022-06-13T02:22:36.274786107Z stdout F -A ISTIO_OUTPUT -m owner --uid-owner 1337 -j RETURN
2022-06-13T02:22:36.274789856Z stdout F -A ISTIO_OUTPUT ! -d 127.0.0.1/32 -o lo -m owner --gid-owner 1337 -j ISTIO_IN_REDIRECT
2022-06-13T02:22:36.274794166Z stdout F -A ISTIO_OUTPUT -o lo -m owner ! --gid-owner 1337 -j RETURN
2022-06-13T02:22:36.274798315Z stdout F -A ISTIO_OUTPUT -m owner --gid-owner 1337 -j RETURN
2022-06-13T02:22:36.274802471Z stdout F -A ISTIO_OUTPUT -d 127.0.0.1/32 -j RETURN
2022-06-13T02:22:36.274806297Z stdout F -A ISTIO_OUTPUT -j ISTIO_REDIRECT
2022-06-13T02:22:36.27480977Z stdout F -A ISTIO_REDIRECT -p tcp -j REDIRECT --to-ports 15001
2022-06-13T02:22:36.274813877Z stdout F COMMIT
2022-06-13T02:22:36.27481796Z stdout F # Completed on Mon Jun 13 02:22:36 2022
2022-06-13T02:22:36.274821827Z stdout F 
