2022-06-13T02:22:14.662926978Z stdout F 2022-06-13T02:22:14.655303Z	info	Istio iptables environment:
2022-06-13T02:22:14.663114263Z stdout F ENVOY_PORT=
2022-06-13T02:22:14.663128797Z stdout F INBOUND_CAPTURE_PORT=
2022-06-13T02:22:14.663135363Z stdout F ISTIO_INBOUND_INTERCEPTION_MODE=
2022-06-13T02:22:14.663140722Z stdout F ISTIO_INBOUND_TPROXY_ROUTE_TABLE=
2022-06-13T02:22:14.663145994Z stdout F ISTIO_INBOUND_PORTS=
2022-06-13T02:22:14.663150604Z stdout F ISTIO_OUTBOUND_PORTS=
2022-06-13T02:22:14.663154773Z stdout F ISTIO_LOCAL_EXCLUDE_PORTS=
2022-06-13T02:22:14.663159318Z stdout F ISTIO_EXCLUDE_INTERFACES=
2022-06-13T02:22:14.663163907Z stdout F ISTIO_SERVICE_CIDR=
2022-06-13T02:22:14.6631684Z stdout F ISTIO_SERVICE_EXCLUDE_CIDR=
2022-06-13T02:22:14.663172965Z stdout F ISTIO_META_DNS_CAPTURE=
2022-06-13T02:22:14.663177364Z stdout F INVALID_DROP=
2022-06-13T02:22:14.663181655Z stdout F 
2022-06-13T02:22:14.663185874Z stdout F 2022-06-13T02:22:14.655385Z	info	Istio iptables variables:
2022-06-13T02:22:14.663190192Z stdout F PROXY_PORT=15001
2022-06-13T02:22:14.663194285Z stdout F PROXY_INBOUND_CAPTURE_PORT=15006
2022-06-13T02:22:14.663198137Z stdout F PROXY_TUNNEL_PORT=15008
2022-06-13T02:22:14.663207286Z stdout F PROXY_UID=1337
2022-06-13T02:22:14.663215259Z stdout F PROXY_GID=1337
2022-06-13T02:22:14.663233614Z stdout F INBOUND_INTERCEPTION_MODE=REDIRECT
2022-06-13T02:22:14.663242609Z stdout F INBOUND_TPROXY_MARK=1337
2022-06-13T02:22:14.663247207Z stdout F INBOUND_TPROXY_ROUTE_TABLE=133
2022-06-13T02:22:14.663251585Z stdout F INBOUND_PORTS_INCLUDE=*
2022-06-13T02:22:14.663370035Z stdout F INBOUND_PORTS_EXCLUDE=15090,15021,15020
2022-06-13T02:22:14.66338093Z stdout F OUTBOUND_IP_RANGES_INCLUDE=*
2022-06-13T02:22:14.663385503Z stdout F OUTBOUND_IP_RANGES_EXCLUDE=
2022-06-13T02:22:14.663389694Z stdout F OUTBOUND_PORTS_INCLUDE=
2022-06-13T02:22:14.663393694Z stdout F OUTBOUND_PORTS_EXCLUDE=
2022-06-13T02:22:14.663397886Z stdout F KUBE_VIRT_INTERFACES=
2022-06-13T02:22:14.663402072Z stdout F ENABLE_INBOUND_IPV6=false
2022-06-13T02:22:14.663406102Z stdout F DNS_CAPTURE=false
2022-06-13T02:22:14.663416967Z stdout F DROP_INVALID=false
2022-06-13T02:22:14.663428581Z stdout F CAPTURE_ALL_DNS=false
2022-06-13T02:22:14.663435819Z stdout F DNS_SERVERS=[],[]
2022-06-13T02:22:14.663445931Z stdout F OUTPUT_PATH=
2022-06-13T02:22:14.663451062Z stdout F NETWORK_NAMESPACE=
2022-06-13T02:22:14.663455481Z stdout F CNI_MODE=false
2022-06-13T02:22:14.663459223Z stdout F EXCLUDE_INTERFACES=
2022-06-13T02:22:14.663466311Z stdout F 
2022-06-13T02:22:14.663475178Z stdout F 2022-06-13T02:22:14.655677Z	info	Writing following contents to rules file: /tmp/iptables-rules-1655086934655464818.txt3818807989
2022-06-13T02:22:14.663481225Z stdout F * nat
2022-06-13T02:22:14.663485135Z stdout F -N ISTIO_INBOUND
2022-06-13T02:22:14.663488915Z stdout F -N ISTIO_REDIRECT
2022-06-13T02:22:14.663492717Z stdout F -N ISTIO_IN_REDIRECT
2022-06-13T02:22:14.663496841Z stdout F -N ISTIO_OUTPUT
2022-06-13T02:22:14.663500842Z stdout F -A ISTIO_INBOUND -p tcp --dport 15008 -j RETURN
2022-06-13T02:22:14.66350492Z stdout F -A ISTIO_REDIRECT -p tcp -j REDIRECT --to-ports 15001
2022-06-13T02:22:14.663509199Z stdout F -A ISTIO_IN_REDIRECT -p tcp -j REDIRECT --to-ports 15006
2022-06-13T02:22:14.663513466Z stdout F -A PREROUTING -p tcp -j ISTIO_INBOUND
2022-06-13T02:22:14.663517082Z stdout F -A ISTIO_INBOUND -p tcp --dport 15090 -j RETURN
2022-06-13T02:22:14.663520615Z stdout F -A ISTIO_INBOUND -p tcp --dport 15021 -j RETURN
2022-06-13T02:22:14.663524089Z stdout F -A ISTIO_INBOUND -p tcp --dport 15020 -j RETURN
2022-06-13T02:22:14.663527727Z stdout F -A ISTIO_INBOUND -p tcp -j ISTIO_IN_REDIRECT
2022-06-13T02:22:14.663531105Z stdout F -A OUTPUT -p tcp -j ISTIO_OUTPUT
2022-06-13T02:22:14.663534796Z stdout F -A ISTIO_OUTPUT -o lo -s 127.0.0.6/32 -j RETURN
2022-06-13T02:22:14.663551918Z stdout F -A ISTIO_OUTPUT -o lo ! -d 127.0.0.1/32 -m owner --uid-owner 1337 -j ISTIO_IN_REDIRECT
2022-06-13T02:22:14.66356182Z stdout F -A ISTIO_OUTPUT -o lo -m owner ! --uid-owner 1337 -j RETURN
2022-06-13T02:22:14.663579222Z stdout F -A ISTIO_OUTPUT -m owner --uid-owner 1337 -j RETURN
2022-06-13T02:22:14.663584942Z stdout F -A ISTIO_OUTPUT -o lo ! -d 127.0.0.1/32 -m owner --gid-owner 1337 -j ISTIO_IN_REDIRECT
2022-06-13T02:22:14.663589144Z stdout F -A ISTIO_OUTPUT -o lo -m owner ! --gid-owner 1337 -j RETURN
2022-06-13T02:22:14.663592951Z stdout F -A ISTIO_OUTPUT -m owner --gid-owner 1337 -j RETURN
2022-06-13T02:22:14.663596704Z stdout F -A ISTIO_OUTPUT -d 127.0.0.1/32 -j RETURN
2022-06-13T02:22:14.66360011Z stdout F -A ISTIO_OUTPUT -j ISTIO_REDIRECT
2022-06-13T02:22:14.663603657Z stdout F COMMIT
2022-06-13T02:22:14.663607622Z stdout F 2022-06-13T02:22:14.655788Z	info	Running command: iptables-restore --noflush /tmp/iptables-rules-1655086934655464818.txt3818807989
2022-06-13T02:22:14.663611178Z stdout F 2022-06-13T02:22:14.662418Z	info	Writing following contents to rules file: /tmp/ip6tables-rules-1655086934662311460.txt1576349955
2022-06-13T02:22:14.663614633Z stdout F 
2022-06-13T02:22:14.663618104Z stdout F 2022-06-13T02:22:14.662531Z	info	Running command: ip6tables-restore --noflush /tmp/ip6tables-rules-1655086934662311460.txt1576349955
2022-06-13T02:22:14.669775927Z stdout F 2022-06-13T02:22:14.669142Z	info	Running command: iptables-save 
2022-06-13T02:22:14.684484086Z stdout F 2022-06-13T02:22:14.682094Z	info	Command output: 
2022-06-13T02:22:14.684502294Z stdout F # Generated by iptables-save v1.8.4 on Mon Jun 13 02:22:14 2022
2022-06-13T02:22:14.684505551Z stdout F *nat
2022-06-13T02:22:14.684508632Z stdout F :PREROUTING ACCEPT [0:0]
2022-06-13T02:22:14.684511035Z stdout F :INPUT ACCEPT [0:0]
2022-06-13T02:22:14.684513683Z stdout F :OUTPUT ACCEPT [0:0]
2022-06-13T02:22:14.684516472Z stdout F :POSTROUTING ACCEPT [0:0]
2022-06-13T02:22:14.684518872Z stdout F :ISTIO_INBOUND - [0:0]
2022-06-13T02:22:14.684521343Z stdout F :ISTIO_IN_REDIRECT - [0:0]
2022-06-13T02:22:14.684523736Z stdout F :ISTIO_OUTPUT - [0:0]
2022-06-13T02:22:14.684526175Z stdout F :ISTIO_REDIRECT - [0:0]
2022-06-13T02:22:14.684529011Z stdout F -A PREROUTING -p tcp -j ISTIO_INBOUND
2022-06-13T02:22:14.684531422Z stdout F -A OUTPUT -p tcp -j ISTIO_OUTPUT
2022-06-13T02:22:14.684533946Z stdout F -A ISTIO_INBOUND -p tcp -m tcp --dport 15008 -j RETURN
2022-06-13T02:22:14.684536338Z stdout F -A ISTIO_INBOUND -p tcp -m tcp --dport 15090 -j RETURN
2022-06-13T02:22:14.684538728Z stdout F -A ISTIO_INBOUND -p tcp -m tcp --dport 15021 -j RETURN
2022-06-13T02:22:14.684541136Z stdout F -A ISTIO_INBOUND -p tcp -m tcp --dport 15020 -j RETURN
2022-06-13T02:22:14.684543551Z stdout F -A ISTIO_INBOUND -p tcp -j ISTIO_IN_REDIRECT
2022-06-13T02:22:14.684545925Z stdout F -A ISTIO_IN_REDIRECT -p tcp -j REDIRECT --to-ports 15006
2022-06-13T02:22:14.684548271Z stdout F -A ISTIO_OUTPUT -s 127.0.0.6/32 -o lo -j RETURN
2022-06-13T02:22:14.684550756Z stdout F -A ISTIO_OUTPUT ! -d 127.0.0.1/32 -o lo -m owner --uid-owner 1337 -j ISTIO_IN_REDIRECT
2022-06-13T02:22:14.684553285Z stdout F -A ISTIO_OUTPUT -o lo -m owner ! --uid-owner 1337 -j RETURN
2022-06-13T02:22:14.684555633Z stdout F -A ISTIO_OUTPUT -m owner --uid-owner 1337 -j RETURN
2022-06-13T02:22:14.684558312Z stdout F -A ISTIO_OUTPUT ! -d 127.0.0.1/32 -o lo -m owner --gid-owner 1337 -j ISTIO_IN_REDIRECT
2022-06-13T02:22:14.684560726Z stdout F -A ISTIO_OUTPUT -o lo -m owner ! --gid-owner 1337 -j RETURN
2022-06-13T02:22:14.684563065Z stdout F -A ISTIO_OUTPUT -m owner --gid-owner 1337 -j RETURN
2022-06-13T02:22:14.684565534Z stdout F -A ISTIO_OUTPUT -d 127.0.0.1/32 -j RETURN
2022-06-13T02:22:14.684567921Z stdout F -A ISTIO_OUTPUT -j ISTIO_REDIRECT
2022-06-13T02:22:14.684570311Z stdout F -A ISTIO_REDIRECT -p tcp -j REDIRECT --to-ports 15001
2022-06-13T02:22:14.684572995Z stdout F COMMIT
2022-06-13T02:22:14.684575497Z stdout F # Completed on Mon Jun 13 02:22:14 2022
2022-06-13T02:22:14.684577864Z stdout F 
