2022-05-09T21:46:02.791608086Z stdout F 2022-05-09T21:46:02.789827Z	info	Istio iptables environment:
2022-05-09T21:46:02.791645946Z stdout F ENVOY_PORT=
2022-05-09T21:46:02.791651298Z stdout F INBOUND_CAPTURE_PORT=
2022-05-09T21:46:02.791656575Z stdout F ISTIO_INBOUND_INTERCEPTION_MODE=
2022-05-09T21:46:02.791659717Z stdout F ISTIO_INBOUND_TPROXY_ROUTE_TABLE=
2022-05-09T21:46:02.791662179Z stdout F ISTIO_INBOUND_PORTS=
2022-05-09T21:46:02.791664687Z stdout F ISTIO_OUTBOUND_PORTS=
2022-05-09T21:46:02.791667103Z stdout F ISTIO_LOCAL_EXCLUDE_PORTS=
2022-05-09T21:46:02.791669523Z stdout F ISTIO_EXCLUDE_INTERFACES=
2022-05-09T21:46:02.791671961Z stdout F ISTIO_SERVICE_CIDR=
2022-05-09T21:46:02.791674405Z stdout F ISTIO_SERVICE_EXCLUDE_CIDR=
2022-05-09T21:46:02.791676832Z stdout F ISTIO_META_DNS_CAPTURE=
2022-05-09T21:46:02.79167928Z stdout F INVALID_DROP=
2022-05-09T21:46:02.791681738Z stdout F 
2022-05-09T21:46:02.791684201Z stdout F 2022-05-09T21:46:02.789907Z	info	Istio iptables variables:
2022-05-09T21:46:02.791696014Z stdout F PROXY_PORT=15001
2022-05-09T21:46:02.791702786Z stdout F PROXY_INBOUND_CAPTURE_PORT=15006
2022-05-09T21:46:02.79170547Z stdout F PROXY_TUNNEL_PORT=15008
2022-05-09T21:46:02.791708026Z stdout F PROXY_UID=1337
2022-05-09T21:46:02.791710486Z stdout F PROXY_GID=1337
2022-05-09T21:46:02.791713719Z stdout F INBOUND_INTERCEPTION_MODE=REDIRECT
2022-05-09T21:46:02.791717776Z stdout F INBOUND_TPROXY_MARK=1337
2022-05-09T21:46:02.791721857Z stdout F INBOUND_TPROXY_ROUTE_TABLE=133
2022-05-09T21:46:02.79172597Z stdout F INBOUND_PORTS_INCLUDE=*
2022-05-09T21:46:02.791730014Z stdout F INBOUND_PORTS_EXCLUDE=15090,15021,15020
2022-05-09T21:46:02.791734001Z stdout F OUTBOUND_IP_RANGES_INCLUDE=*
2022-05-09T21:46:02.791737916Z stdout F OUTBOUND_IP_RANGES_EXCLUDE=
2022-05-09T21:46:02.79174169Z stdout F OUTBOUND_PORTS_INCLUDE=
2022-05-09T21:46:02.791745662Z stdout F OUTBOUND_PORTS_EXCLUDE=
2022-05-09T21:46:02.791750328Z stdout F KUBE_VIRT_INTERFACES=
2022-05-09T21:46:02.791754629Z stdout F ENABLE_INBOUND_IPV6=false
2022-05-09T21:46:02.791758822Z stdout F DNS_CAPTURE=false
2022-05-09T21:46:02.791762984Z stdout F DROP_INVALID=false
2022-05-09T21:46:02.791766979Z stdout F CAPTURE_ALL_DNS=false
2022-05-09T21:46:02.791771026Z stdout F DNS_SERVERS=[],[]
2022-05-09T21:46:02.791775557Z stdout F OUTPUT_PATH=
2022-05-09T21:46:02.791779852Z stdout F NETWORK_NAMESPACE=
2022-05-09T21:46:02.79178432Z stdout F CNI_MODE=false
2022-05-09T21:46:02.791788468Z stdout F EXCLUDE_INTERFACES=
2022-05-09T21:46:02.791792502Z stdout F 
2022-05-09T21:46:02.791797202Z stdout F 2022-05-09T21:46:02.790207Z	info	Writing following contents to rules file: /tmp/iptables-rules-1652132762789993607.txt816247763
2022-05-09T21:46:02.791801447Z stdout F * nat
2022-05-09T21:46:02.791805664Z stdout F -N ISTIO_INBOUND
2022-05-09T21:46:02.791809782Z stdout F -N ISTIO_REDIRECT
2022-05-09T21:46:02.791813819Z stdout F -N ISTIO_IN_REDIRECT
2022-05-09T21:46:02.791818038Z stdout F -N ISTIO_OUTPUT
2022-05-09T21:46:02.791822227Z stdout F -A ISTIO_INBOUND -p tcp --dport 15008 -j RETURN
2022-05-09T21:46:02.791826509Z stdout F -A ISTIO_REDIRECT -p tcp -j REDIRECT --to-ports 15001
2022-05-09T21:46:02.791830528Z stdout F -A ISTIO_IN_REDIRECT -p tcp -j REDIRECT --to-ports 15006
2022-05-09T21:46:02.791834647Z stdout F -A PREROUTING -p tcp -j ISTIO_INBOUND
2022-05-09T21:46:02.79183875Z stdout F -A ISTIO_INBOUND -p tcp --dport 15090 -j RETURN
2022-05-09T21:46:02.791843006Z stdout F -A ISTIO_INBOUND -p tcp --dport 15021 -j RETURN
2022-05-09T21:46:02.791846977Z stdout F -A ISTIO_INBOUND -p tcp --dport 15020 -j RETURN
2022-05-09T21:46:02.791851225Z stdout F -A ISTIO_INBOUND -p tcp -j ISTIO_IN_REDIRECT
2022-05-09T21:46:02.7918553Z stdout F -A OUTPUT -p tcp -j ISTIO_OUTPUT
2022-05-09T21:46:02.791883452Z stdout F -A ISTIO_OUTPUT -o lo -s 127.0.0.6/32 -j RETURN
2022-05-09T21:46:02.791894688Z stdout F -A ISTIO_OUTPUT -o lo ! -d 127.0.0.1/32 -m owner --uid-owner 1337 -j ISTIO_IN_REDIRECT
2022-05-09T21:46:02.791900097Z stdout F -A ISTIO_OUTPUT -o lo -m owner ! --uid-owner 1337 -j RETURN
2022-05-09T21:46:02.791904114Z stdout F -A ISTIO_OUTPUT -m owner --uid-owner 1337 -j RETURN
2022-05-09T21:46:02.791933033Z stdout F -A ISTIO_OUTPUT -o lo ! -d 127.0.0.1/32 -m owner --gid-owner 1337 -j ISTIO_IN_REDIRECT
2022-05-09T21:46:02.79194006Z stdout F -A ISTIO_OUTPUT -o lo -m owner ! --gid-owner 1337 -j RETURN
2022-05-09T21:46:02.791944284Z stdout F -A ISTIO_OUTPUT -m owner --gid-owner 1337 -j RETURN
2022-05-09T21:46:02.791948513Z stdout F -A ISTIO_OUTPUT -d 127.0.0.1/32 -j RETURN
2022-05-09T21:46:02.791953111Z stdout F -A ISTIO_OUTPUT -j ISTIO_REDIRECT
2022-05-09T21:46:02.791957972Z stdout F COMMIT
2022-05-09T21:46:02.791962998Z stdout F 2022-05-09T21:46:02.790293Z	info	Running command: iptables-restore --noflush /tmp/iptables-rules-1652132762789993607.txt816247763
2022-05-09T21:46:02.811253518Z stdout F 2022-05-09T21:46:02.809637Z	info	Writing following contents to rules file: /tmp/ip6tables-rules-1652132762809439745.txt129306622
2022-05-09T21:46:02.814644202Z stdout F 
2022-05-09T21:46:02.818927986Z stdout F 2022-05-09T21:46:02.814709Z	info	Running command: ip6tables-restore --noflush /tmp/ip6tables-rules-1652132762809439745.txt129306622
2022-05-09T21:46:02.826850901Z stdout F 2022-05-09T21:46:02.822340Z	info	Running command: iptables-save 
2022-05-09T21:46:02.832415822Z stdout F 2022-05-09T21:46:02.831218Z	info	Command output: 
2022-05-09T21:46:02.83244466Z stdout F # Generated by iptables-save v1.8.4 on Mon May  9 21:46:02 2022
2022-05-09T21:46:02.832452217Z stdout F *nat
2022-05-09T21:46:02.832461982Z stdout F :PREROUTING ACCEPT [0:0]
2022-05-09T21:46:02.832467517Z stdout F :INPUT ACCEPT [0:0]
2022-05-09T21:46:02.832472529Z stdout F :OUTPUT ACCEPT [0:0]
2022-05-09T21:46:02.832477366Z stdout F :POSTROUTING ACCEPT [0:0]
2022-05-09T21:46:02.832481568Z stdout F :ISTIO_INBOUND - [0:0]
2022-05-09T21:46:02.832486182Z stdout F :ISTIO_IN_REDIRECT - [0:0]
2022-05-09T21:46:02.832490854Z stdout F :ISTIO_OUTPUT - [0:0]
2022-05-09T21:46:02.832495349Z stdout F :ISTIO_REDIRECT - [0:0]
2022-05-09T21:46:02.832500374Z stdout F -A PREROUTING -p tcp -j ISTIO_INBOUND
2022-05-09T21:46:02.832504832Z stdout F -A OUTPUT -p tcp -j ISTIO_OUTPUT
2022-05-09T21:46:02.832509521Z stdout F -A ISTIO_INBOUND -p tcp -m tcp --dport 15008 -j RETURN
2022-05-09T21:46:02.832514064Z stdout F -A ISTIO_INBOUND -p tcp -m tcp --dport 15090 -j RETURN
2022-05-09T21:46:02.832518154Z stdout F -A ISTIO_INBOUND -p tcp -m tcp --dport 15021 -j RETURN
2022-05-09T21:46:02.832522404Z stdout F -A ISTIO_INBOUND -p tcp -m tcp --dport 15020 -j RETURN
2022-05-09T21:46:02.83252663Z stdout F -A ISTIO_INBOUND -p tcp -j ISTIO_IN_REDIRECT
2022-05-09T21:46:02.832531308Z stdout F -A ISTIO_IN_REDIRECT -p tcp -j REDIRECT --to-ports 15006
2022-05-09T21:46:02.832586289Z stdout F -A ISTIO_OUTPUT -s 127.0.0.6/32 -o lo -j RETURN
2022-05-09T21:46:02.832595999Z stdout F -A ISTIO_OUTPUT ! -d 127.0.0.1/32 -o lo -m owner --uid-owner 1337 -j ISTIO_IN_REDIRECT
2022-05-09T21:46:02.832601403Z stdout F -A ISTIO_OUTPUT -o lo -m owner ! --uid-owner 1337 -j RETURN
2022-05-09T21:46:02.832605868Z stdout F -A ISTIO_OUTPUT -m owner --uid-owner 1337 -j RETURN
2022-05-09T21:46:02.832610078Z stdout F -A ISTIO_OUTPUT ! -d 127.0.0.1/32 -o lo -m owner --gid-owner 1337 -j ISTIO_IN_REDIRECT
2022-05-09T21:46:02.832614649Z stdout F -A ISTIO_OUTPUT -o lo -m owner ! --gid-owner 1337 -j RETURN
2022-05-09T21:46:02.832618769Z stdout F -A ISTIO_OUTPUT -m owner --gid-owner 1337 -j RETURN
2022-05-09T21:46:02.83262325Z stdout F -A ISTIO_OUTPUT -d 127.0.0.1/32 -j RETURN
2022-05-09T21:46:02.832627893Z stdout F -A ISTIO_OUTPUT -j ISTIO_REDIRECT
2022-05-09T21:46:02.832632505Z stdout F -A ISTIO_REDIRECT -p tcp -j REDIRECT --to-ports 15001
2022-05-09T21:46:02.832636969Z stdout F COMMIT
2022-05-09T21:46:02.832641636Z stdout F # Completed on Mon May  9 21:46:02 2022
2022-05-09T21:46:02.832645851Z stdout F 
