2022-05-09T21:46:00.981753212Z stdout F 2022-05-09T21:46:00.978468Z	info	Istio iptables environment:
2022-05-09T21:46:00.981800611Z stdout F ENVOY_PORT=
2022-05-09T21:46:00.981809499Z stdout F INBOUND_CAPTURE_PORT=
2022-05-09T21:46:00.981814726Z stdout F ISTIO_INBOUND_INTERCEPTION_MODE=
2022-05-09T21:46:00.981819282Z stdout F ISTIO_INBOUND_TPROXY_ROUTE_TABLE=
2022-05-09T21:46:00.98182339Z stdout F ISTIO_INBOUND_PORTS=
2022-05-09T21:46:00.981828098Z stdout F ISTIO_OUTBOUND_PORTS=
2022-05-09T21:46:00.98183229Z stdout F ISTIO_LOCAL_EXCLUDE_PORTS=
2022-05-09T21:46:00.981836619Z stdout F ISTIO_EXCLUDE_INTERFACES=
2022-05-09T21:46:00.981840838Z stdout F ISTIO_SERVICE_CIDR=
2022-05-09T21:46:00.981845819Z stdout F ISTIO_SERVICE_EXCLUDE_CIDR=
2022-05-09T21:46:00.981850478Z stdout F ISTIO_META_DNS_CAPTURE=
2022-05-09T21:46:00.981854786Z stdout F INVALID_DROP=
2022-05-09T21:46:00.981858883Z stdout F 
2022-05-09T21:46:00.981863286Z stdout F 2022-05-09T21:46:00.978565Z	info	Istio iptables variables:
2022-05-09T21:46:00.981867472Z stdout F PROXY_PORT=15001
2022-05-09T21:46:00.98187185Z stdout F PROXY_INBOUND_CAPTURE_PORT=15006
2022-05-09T21:46:00.981876395Z stdout F PROXY_TUNNEL_PORT=15008
2022-05-09T21:46:00.981880794Z stdout F PROXY_UID=1337
2022-05-09T21:46:00.981885446Z stdout F PROXY_GID=1337
2022-05-09T21:46:00.98188955Z stdout F INBOUND_INTERCEPTION_MODE=REDIRECT
2022-05-09T21:46:00.981893589Z stdout F INBOUND_TPROXY_MARK=1337
2022-05-09T21:46:00.981897573Z stdout F INBOUND_TPROXY_ROUTE_TABLE=133
2022-05-09T21:46:00.981901797Z stdout F INBOUND_PORTS_INCLUDE=*
2022-05-09T21:46:00.98190623Z stdout F INBOUND_PORTS_EXCLUDE=15090,15021,15020
2022-05-09T21:46:00.981910556Z stdout F OUTBOUND_IP_RANGES_INCLUDE=*
2022-05-09T21:46:00.981914918Z stdout F OUTBOUND_IP_RANGES_EXCLUDE=
2022-05-09T21:46:00.981919302Z stdout F OUTBOUND_PORTS_INCLUDE=
2022-05-09T21:46:00.981923659Z stdout F OUTBOUND_PORTS_EXCLUDE=
2022-05-09T21:46:00.981927852Z stdout F KUBE_VIRT_INTERFACES=
2022-05-09T21:46:00.981932007Z stdout F ENABLE_INBOUND_IPV6=false
2022-05-09T21:46:00.981935992Z stdout F DNS_CAPTURE=false
2022-05-09T21:46:00.981940146Z stdout F DROP_INVALID=false
2022-05-09T21:46:00.981944569Z stdout F CAPTURE_ALL_DNS=false
2022-05-09T21:46:00.981948902Z stdout F DNS_SERVERS=[],[]
2022-05-09T21:46:00.981953354Z stdout F OUTPUT_PATH=
2022-05-09T21:46:00.981957467Z stdout F NETWORK_NAMESPACE=
2022-05-09T21:46:00.98196155Z stdout F CNI_MODE=false
2022-05-09T21:46:00.981965607Z stdout F EXCLUDE_INTERFACES=
2022-05-09T21:46:00.981969871Z stdout F 
2022-05-09T21:46:00.981977738Z stdout F 2022-05-09T21:46:00.979006Z	info	Writing following contents to rules file: /tmp/iptables-rules-1652132760978779285.txt2056470774
2022-05-09T21:46:00.981981956Z stdout F * nat
2022-05-09T21:46:00.981985894Z stdout F -N ISTIO_INBOUND
2022-05-09T21:46:00.981989777Z stdout F -N ISTIO_REDIRECT
2022-05-09T21:46:00.981993871Z stdout F -N ISTIO_IN_REDIRECT
2022-05-09T21:46:00.981998052Z stdout F -N ISTIO_OUTPUT
2022-05-09T21:46:00.982002552Z stdout F -A ISTIO_INBOUND -p tcp --dport 15008 -j RETURN
2022-05-09T21:46:00.982006922Z stdout F -A ISTIO_REDIRECT -p tcp -j REDIRECT --to-ports 15001
2022-05-09T21:46:00.982011177Z stdout F -A ISTIO_IN_REDIRECT -p tcp -j REDIRECT --to-ports 15006
2022-05-09T21:46:00.982049526Z stdout F -A PREROUTING -p tcp -j ISTIO_INBOUND
2022-05-09T21:46:00.98205597Z stdout F -A ISTIO_INBOUND -p tcp --dport 15090 -j RETURN
2022-05-09T21:46:00.982060761Z stdout F -A ISTIO_INBOUND -p tcp --dport 15021 -j RETURN
2022-05-09T21:46:00.982065234Z stdout F -A ISTIO_INBOUND -p tcp --dport 15020 -j RETURN
2022-05-09T21:46:00.982069662Z stdout F -A ISTIO_INBOUND -p tcp -j ISTIO_IN_REDIRECT
2022-05-09T21:46:00.982074181Z stdout F -A OUTPUT -p tcp -j ISTIO_OUTPUT
2022-05-09T21:46:00.982078412Z stdout F -A ISTIO_OUTPUT -o lo -s 127.0.0.6/32 -j RETURN
2022-05-09T21:46:00.982083334Z stdout F -A ISTIO_OUTPUT -o lo ! -d 127.0.0.1/32 -m owner --uid-owner 1337 -j ISTIO_IN_REDIRECT
2022-05-09T21:46:00.982088091Z stdout F -A ISTIO_OUTPUT -o lo -m owner ! --uid-owner 1337 -j RETURN
2022-05-09T21:46:00.982092859Z stdout F -A ISTIO_OUTPUT -m owner --uid-owner 1337 -j RETURN
2022-05-09T21:46:00.982107696Z stdout F -A ISTIO_OUTPUT -o lo ! -d 127.0.0.1/32 -m owner --gid-owner 1337 -j ISTIO_IN_REDIRECT
2022-05-09T21:46:00.982113594Z stdout F -A ISTIO_OUTPUT -o lo -m owner ! --gid-owner 1337 -j RETURN
2022-05-09T21:46:00.982118081Z stdout F -A ISTIO_OUTPUT -m owner --gid-owner 1337 -j RETURN
2022-05-09T21:46:00.98212233Z stdout F -A ISTIO_OUTPUT -d 127.0.0.1/32 -j RETURN
2022-05-09T21:46:00.982126704Z stdout F -A ISTIO_OUTPUT -j ISTIO_REDIRECT
2022-05-09T21:46:00.982130912Z stdout F COMMIT
2022-05-09T21:46:00.982137303Z stdout F 2022-05-09T21:46:00.979096Z	info	Running command: iptables-restore --noflush /tmp/iptables-rules-1652132760978779285.txt2056470774
2022-05-09T21:46:00.995865223Z stdout F 2022-05-09T21:46:00.994507Z	info	Writing following contents to rules file: /tmp/ip6tables-rules-1652132760994408941.txt3806797034
2022-05-09T21:46:00.995902678Z stdout F 
2022-05-09T21:46:00.995909464Z stdout F 2022-05-09T21:46:00.994642Z	info	Running command: ip6tables-restore --noflush /tmp/ip6tables-rules-1652132760994408941.txt3806797034
2022-05-09T21:46:01.015754783Z stdout F 2022-05-09T21:46:01.015019Z	info	Running command: iptables-save 
2022-05-09T21:46:01.0293258Z stdout F 2022-05-09T21:46:01.028960Z	info	Command output: 
2022-05-09T21:46:01.029364327Z stdout F # Generated by iptables-save v1.8.4 on Mon May  9 21:46:01 2022
2022-05-09T21:46:01.029372733Z stdout F *nat
2022-05-09T21:46:01.029378577Z stdout F :PREROUTING ACCEPT [0:0]
2022-05-09T21:46:01.02938286Z stdout F :INPUT ACCEPT [0:0]
2022-05-09T21:46:01.029387095Z stdout F :OUTPUT ACCEPT [0:0]
2022-05-09T21:46:01.029394773Z stdout F :POSTROUTING ACCEPT [0:0]
2022-05-09T21:46:01.029399209Z stdout F :ISTIO_INBOUND - [0:0]
2022-05-09T21:46:01.029403214Z stdout F :ISTIO_IN_REDIRECT - [0:0]
2022-05-09T21:46:01.029407091Z stdout F :ISTIO_OUTPUT - [0:0]
2022-05-09T21:46:01.029411042Z stdout F :ISTIO_REDIRECT - [0:0]
2022-05-09T21:46:01.029415672Z stdout F -A PREROUTING -p tcp -j ISTIO_INBOUND
2022-05-09T21:46:01.029419776Z stdout F -A OUTPUT -p tcp -j ISTIO_OUTPUT
2022-05-09T21:46:01.029424197Z stdout F -A ISTIO_INBOUND -p tcp -m tcp --dport 15008 -j RETURN
2022-05-09T21:46:01.029428514Z stdout F -A ISTIO_INBOUND -p tcp -m tcp --dport 15090 -j RETURN
2022-05-09T21:46:01.029432734Z stdout F -A ISTIO_INBOUND -p tcp -m tcp --dport 15021 -j RETURN
2022-05-09T21:46:01.029437235Z stdout F -A ISTIO_INBOUND -p tcp -m tcp --dport 15020 -j RETURN
2022-05-09T21:46:01.029441494Z stdout F -A ISTIO_INBOUND -p tcp -j ISTIO_IN_REDIRECT
2022-05-09T21:46:01.029445368Z stdout F -A ISTIO_IN_REDIRECT -p tcp -j REDIRECT --to-ports 15006
2022-05-09T21:46:01.029449359Z stdout F -A ISTIO_OUTPUT -s 127.0.0.6/32 -o lo -j RETURN
2022-05-09T21:46:01.029504975Z stdout F -A ISTIO_OUTPUT ! -d 127.0.0.1/32 -o lo -m owner --uid-owner 1337 -j ISTIO_IN_REDIRECT
2022-05-09T21:46:01.029510684Z stdout F -A ISTIO_OUTPUT -o lo -m owner ! --uid-owner 1337 -j RETURN
2022-05-09T21:46:01.029515092Z stdout F -A ISTIO_OUTPUT -m owner --uid-owner 1337 -j RETURN
2022-05-09T21:46:01.02951935Z stdout F -A ISTIO_OUTPUT ! -d 127.0.0.1/32 -o lo -m owner --gid-owner 1337 -j ISTIO_IN_REDIRECT
2022-05-09T21:46:01.029523532Z stdout F -A ISTIO_OUTPUT -o lo -m owner ! --gid-owner 1337 -j RETURN
2022-05-09T21:46:01.029527973Z stdout F -A ISTIO_OUTPUT -m owner --gid-owner 1337 -j RETURN
2022-05-09T21:46:01.029531729Z stdout F -A ISTIO_OUTPUT -d 127.0.0.1/32 -j RETURN
2022-05-09T21:46:01.029534255Z stdout F -A ISTIO_OUTPUT -j ISTIO_REDIRECT
2022-05-09T21:46:01.029536775Z stdout F -A ISTIO_REDIRECT -p tcp -j REDIRECT --to-ports 15001
2022-05-09T21:46:01.029539375Z stdout F COMMIT
2022-05-09T21:46:01.029542754Z stdout F # Completed on Mon May  9 21:46:01 2022
2022-05-09T21:46:01.029545131Z stdout F 
