2022-05-09T21:46:08.904761547Z stdout F 2022-05-09T21:46:08.900310Z	info	Istio iptables environment:
2022-05-09T21:46:08.904795458Z stdout F ENVOY_PORT=
2022-05-09T21:46:08.904803606Z stdout F INBOUND_CAPTURE_PORT=
2022-05-09T21:46:08.904808952Z stdout F ISTIO_INBOUND_INTERCEPTION_MODE=
2022-05-09T21:46:08.904813718Z stdout F ISTIO_INBOUND_TPROXY_ROUTE_TABLE=
2022-05-09T21:46:08.904817712Z stdout F ISTIO_INBOUND_PORTS=
2022-05-09T21:46:08.904825967Z stdout F ISTIO_OUTBOUND_PORTS=
2022-05-09T21:46:08.904830685Z stdout F ISTIO_LOCAL_EXCLUDE_PORTS=
2022-05-09T21:46:08.904834867Z stdout F ISTIO_EXCLUDE_INTERFACES=
2022-05-09T21:46:08.90483894Z stdout F ISTIO_SERVICE_CIDR=
2022-05-09T21:46:08.904843306Z stdout F ISTIO_SERVICE_EXCLUDE_CIDR=
2022-05-09T21:46:08.904847583Z stdout F ISTIO_META_DNS_CAPTURE=
2022-05-09T21:46:08.904852419Z stdout F INVALID_DROP=
2022-05-09T21:46:08.904857189Z stdout F 
2022-05-09T21:46:08.904861867Z stdout F 2022-05-09T21:46:08.901055Z	info	Istio iptables variables:
2022-05-09T21:46:08.904865817Z stdout F PROXY_PORT=15001
2022-05-09T21:46:08.90487035Z stdout F PROXY_INBOUND_CAPTURE_PORT=15006
2022-05-09T21:46:08.904874597Z stdout F PROXY_TUNNEL_PORT=15008
2022-05-09T21:46:08.904878857Z stdout F PROXY_UID=1337
2022-05-09T21:46:08.904883183Z stdout F PROXY_GID=1337
2022-05-09T21:46:08.90488746Z stdout F INBOUND_INTERCEPTION_MODE=REDIRECT
2022-05-09T21:46:08.904891561Z stdout F INBOUND_TPROXY_MARK=1337
2022-05-09T21:46:08.904895673Z stdout F INBOUND_TPROXY_ROUTE_TABLE=133
2022-05-09T21:46:08.904899629Z stdout F INBOUND_PORTS_INCLUDE=*
2022-05-09T21:46:08.904903754Z stdout F INBOUND_PORTS_EXCLUDE=15090,15021,15020
2022-05-09T21:46:08.904907775Z stdout F OUTBOUND_IP_RANGES_INCLUDE=*
2022-05-09T21:46:08.904911855Z stdout F OUTBOUND_IP_RANGES_EXCLUDE=
2022-05-09T21:46:08.904915934Z stdout F OUTBOUND_PORTS_INCLUDE=
2022-05-09T21:46:08.904951917Z stdout F OUTBOUND_PORTS_EXCLUDE=
2022-05-09T21:46:08.904958997Z stdout F KUBE_VIRT_INTERFACES=
2022-05-09T21:46:08.904963705Z stdout F ENABLE_INBOUND_IPV6=false
2022-05-09T21:46:08.904967839Z stdout F DNS_CAPTURE=false
2022-05-09T21:46:08.904971993Z stdout F DROP_INVALID=false
2022-05-09T21:46:08.904976184Z stdout F CAPTURE_ALL_DNS=false
2022-05-09T21:46:08.904980333Z stdout F DNS_SERVERS=[],[]
2022-05-09T21:46:08.904984404Z stdout F OUTPUT_PATH=
2022-05-09T21:46:08.904988483Z stdout F NETWORK_NAMESPACE=
2022-05-09T21:46:08.904993355Z stdout F CNI_MODE=false
2022-05-09T21:46:08.904997642Z stdout F EXCLUDE_INTERFACES=
2022-05-09T21:46:08.905001632Z stdout F 
2022-05-09T21:46:08.905006615Z stdout F 2022-05-09T21:46:08.901467Z	info	Writing following contents to rules file: /tmp/iptables-rules-1652132768901213477.txt1406512450
2022-05-09T21:46:08.905011051Z stdout F * nat
2022-05-09T21:46:08.905015215Z stdout F -N ISTIO_INBOUND
2022-05-09T21:46:08.905019368Z stdout F -N ISTIO_REDIRECT
2022-05-09T21:46:08.905023546Z stdout F -N ISTIO_IN_REDIRECT
2022-05-09T21:46:08.905027676Z stdout F -N ISTIO_OUTPUT
2022-05-09T21:46:08.905032445Z stdout F -A ISTIO_INBOUND -p tcp --dport 15008 -j RETURN
2022-05-09T21:46:08.905037348Z stdout F -A ISTIO_REDIRECT -p tcp -j REDIRECT --to-ports 15001
2022-05-09T21:46:08.905041642Z stdout F -A ISTIO_IN_REDIRECT -p tcp -j REDIRECT --to-ports 15006
2022-05-09T21:46:08.905045919Z stdout F -A PREROUTING -p tcp -j ISTIO_INBOUND
2022-05-09T21:46:08.905050066Z stdout F -A ISTIO_INBOUND -p tcp --dport 15090 -j RETURN
2022-05-09T21:46:08.905054277Z stdout F -A ISTIO_INBOUND -p tcp --dport 15021 -j RETURN
2022-05-09T21:46:08.90505847Z stdout F -A ISTIO_INBOUND -p tcp --dport 15020 -j RETURN
2022-05-09T21:46:08.90506275Z stdout F -A ISTIO_INBOUND -p tcp -j ISTIO_IN_REDIRECT
2022-05-09T21:46:08.905066782Z stdout F -A OUTPUT -p tcp -j ISTIO_OUTPUT
2022-05-09T21:46:08.905071674Z stdout F -A ISTIO_OUTPUT -o lo -s 127.0.0.6/32 -j RETURN
2022-05-09T21:46:08.90507647Z stdout F -A ISTIO_OUTPUT -o lo ! -d 127.0.0.1/32 -m owner --uid-owner 1337 -j ISTIO_IN_REDIRECT
2022-05-09T21:46:08.90508079Z stdout F -A ISTIO_OUTPUT -o lo -m owner ! --uid-owner 1337 -j RETURN
2022-05-09T21:46:08.905085095Z stdout F -A ISTIO_OUTPUT -m owner --uid-owner 1337 -j RETURN
2022-05-09T21:46:08.905142949Z stdout F -A ISTIO_OUTPUT -o lo ! -d 127.0.0.1/32 -m owner --gid-owner 1337 -j ISTIO_IN_REDIRECT
2022-05-09T21:46:08.905150579Z stdout F -A ISTIO_OUTPUT -o lo -m owner ! --gid-owner 1337 -j RETURN
2022-05-09T21:46:08.905155053Z stdout F -A ISTIO_OUTPUT -m owner --gid-owner 1337 -j RETURN
2022-05-09T21:46:08.905159158Z stdout F -A ISTIO_OUTPUT -d 127.0.0.1/32 -j RETURN
2022-05-09T21:46:08.905163361Z stdout F -A ISTIO_OUTPUT -j ISTIO_REDIRECT
2022-05-09T21:46:08.905167627Z stdout F COMMIT
2022-05-09T21:46:08.905172702Z stdout F 2022-05-09T21:46:08.901678Z	info	Running command: iptables-restore --noflush /tmp/iptables-rules-1652132768901213477.txt1406512450
2022-05-09T21:46:08.934105474Z stdout F 2022-05-09T21:46:08.928191Z	info	Writing following contents to rules file: /tmp/ip6tables-rules-1652132768928109189.txt3115876285
2022-05-09T21:46:08.934164693Z stdout F 
2022-05-09T21:46:08.934187647Z stdout F 2022-05-09T21:46:08.928233Z	info	Running command: ip6tables-restore --noflush /tmp/ip6tables-rules-1652132768928109189.txt3115876285
2022-05-09T21:46:08.955020836Z stdout F 2022-05-09T21:46:08.954612Z	info	Running command: iptables-save 
2022-05-09T21:46:08.970900068Z stdout F 2022-05-09T21:46:08.965917Z	info	Command output: 
2022-05-09T21:46:08.970970586Z stdout F # Generated by iptables-save v1.8.4 on Mon May  9 21:46:08 2022
2022-05-09T21:46:08.971016873Z stdout F *nat
2022-05-09T21:46:08.971043843Z stdout F :PREROUTING ACCEPT [0:0]
2022-05-09T21:46:08.971075347Z stdout F :INPUT ACCEPT [0:0]
2022-05-09T21:46:08.97108416Z stdout F :OUTPUT ACCEPT [0:0]
2022-05-09T21:46:08.97109031Z stdout F :POSTROUTING ACCEPT [0:0]
2022-05-09T21:46:08.971111725Z stdout F :ISTIO_INBOUND - [0:0]
2022-05-09T21:46:08.971143859Z stdout F :ISTIO_IN_REDIRECT - [0:0]
2022-05-09T21:46:08.971165148Z stdout F :ISTIO_OUTPUT - [0:0]
2022-05-09T21:46:08.971171692Z stdout F :ISTIO_REDIRECT - [0:0]
2022-05-09T21:46:08.971176756Z stdout F -A PREROUTING -p tcp -j ISTIO_INBOUND
2022-05-09T21:46:08.971180472Z stdout F -A OUTPUT -p tcp -j ISTIO_OUTPUT
2022-05-09T21:46:08.971184707Z stdout F -A ISTIO_INBOUND -p tcp -m tcp --dport 15008 -j RETURN
2022-05-09T21:46:08.971188218Z stdout F -A ISTIO_INBOUND -p tcp -m tcp --dport 15090 -j RETURN
2022-05-09T21:46:08.971207889Z stdout F -A ISTIO_INBOUND -p tcp -m tcp --dport 15021 -j RETURN
2022-05-09T21:46:08.97121399Z stdout F -A ISTIO_INBOUND -p tcp -m tcp --dport 15020 -j RETURN
2022-05-09T21:46:08.971217919Z stdout F -A ISTIO_INBOUND -p tcp -j ISTIO_IN_REDIRECT
2022-05-09T21:46:08.971221453Z stdout F -A ISTIO_IN_REDIRECT -p tcp -j REDIRECT --to-ports 15006
2022-05-09T21:46:08.971225031Z stdout F -A ISTIO_OUTPUT -s 127.0.0.6/32 -o lo -j RETURN
2022-05-09T21:46:08.97123049Z stdout F -A ISTIO_OUTPUT ! -d 127.0.0.1/32 -o lo -m owner --uid-owner 1337 -j ISTIO_IN_REDIRECT
2022-05-09T21:46:08.971234632Z stdout F -A ISTIO_OUTPUT -o lo -m owner ! --uid-owner 1337 -j RETURN
2022-05-09T21:46:08.97123904Z stdout F -A ISTIO_OUTPUT -m owner --uid-owner 1337 -j RETURN
2022-05-09T21:46:08.971261117Z stdout F -A ISTIO_OUTPUT ! -d 127.0.0.1/32 -o lo -m owner --gid-owner 1337 -j ISTIO_IN_REDIRECT
2022-05-09T21:46:08.971266178Z stdout F -A ISTIO_OUTPUT -o lo -m owner ! --gid-owner 1337 -j RETURN
2022-05-09T21:46:08.971270243Z stdout F -A ISTIO_OUTPUT -m owner --gid-owner 1337 -j RETURN
2022-05-09T21:46:08.971274842Z stdout F -A ISTIO_OUTPUT -d 127.0.0.1/32 -j RETURN
2022-05-09T21:46:08.971279079Z stdout F -A ISTIO_OUTPUT -j ISTIO_REDIRECT
2022-05-09T21:46:08.971297354Z stdout F -A ISTIO_REDIRECT -p tcp -j REDIRECT --to-ports 15001
2022-05-09T21:46:08.971306413Z stdout F COMMIT
2022-05-09T21:46:08.971311442Z stdout F # Completed on Mon May  9 21:46:08 2022
2022-05-09T21:46:08.971344163Z stdout F 
