2022-04-27T06:19:51.411970721Z stdout F 2022-04-27T06:19:51.384662Z	info	Istio iptables environment:
2022-04-27T06:19:51.412128049Z stdout F ENVOY_PORT=
2022-04-27T06:19:51.412150464Z stdout F INBOUND_CAPTURE_PORT=
2022-04-27T06:19:51.412163688Z stdout F ISTIO_INBOUND_INTERCEPTION_MODE=
2022-04-27T06:19:51.412175488Z stdout F ISTIO_INBOUND_TPROXY_ROUTE_TABLE=
2022-04-27T06:19:51.412186913Z stdout F ISTIO_INBOUND_PORTS=
2022-04-27T06:19:51.412197593Z stdout F ISTIO_OUTBOUND_PORTS=
2022-04-27T06:19:51.412208142Z stdout F ISTIO_LOCAL_EXCLUDE_PORTS=
2022-04-27T06:19:51.412218703Z stdout F ISTIO_EXCLUDE_INTERFACES=
2022-04-27T06:19:51.412229459Z stdout F ISTIO_SERVICE_CIDR=
2022-04-27T06:19:51.412240769Z stdout F ISTIO_SERVICE_EXCLUDE_CIDR=
2022-04-27T06:19:51.41225052Z stdout F ISTIO_META_DNS_CAPTURE=
2022-04-27T06:19:51.412261976Z stdout F INVALID_DROP=
2022-04-27T06:19:51.412272173Z stdout F 
2022-04-27T06:19:51.412283434Z stdout F 2022-04-27T06:19:51.384745Z	info	Istio iptables variables:
2022-04-27T06:19:51.412294643Z stdout F PROXY_PORT=15001
2022-04-27T06:19:51.412305292Z stdout F PROXY_INBOUND_CAPTURE_PORT=15006
2022-04-27T06:19:51.41231522Z stdout F PROXY_TUNNEL_PORT=15008
2022-04-27T06:19:51.412324964Z stdout F PROXY_UID=1337
2022-04-27T06:19:51.412334706Z stdout F PROXY_GID=1337
2022-04-27T06:19:51.412349947Z stdout F INBOUND_INTERCEPTION_MODE=REDIRECT
2022-04-27T06:19:51.412361113Z stdout F INBOUND_TPROXY_MARK=1337
2022-04-27T06:19:51.412370901Z stdout F INBOUND_TPROXY_ROUTE_TABLE=133
2022-04-27T06:19:51.412380106Z stdout F INBOUND_PORTS_INCLUDE=*
2022-04-27T06:19:51.412389408Z stdout F INBOUND_PORTS_EXCLUDE=15090,15021,15020
2022-04-27T06:19:51.41251205Z stdout F OUTBOUND_IP_RANGES_INCLUDE=*
2022-04-27T06:19:51.412527989Z stdout F OUTBOUND_IP_RANGES_EXCLUDE=
2022-04-27T06:19:51.412539068Z stdout F OUTBOUND_PORTS_INCLUDE=
2022-04-27T06:19:51.412548891Z stdout F OUTBOUND_PORTS_EXCLUDE=
2022-04-27T06:19:51.412559042Z stdout F KUBE_VIRT_INTERFACES=
2022-04-27T06:19:51.412569781Z stdout F ENABLE_INBOUND_IPV6=false
2022-04-27T06:19:51.413260212Z stdout F DNS_CAPTURE=false
2022-04-27T06:19:51.413281493Z stdout F DROP_INVALID=false
2022-04-27T06:19:51.413293344Z stdout F CAPTURE_ALL_DNS=false
2022-04-27T06:19:51.413304485Z stdout F DNS_SERVERS=[],[]
2022-04-27T06:19:51.413315443Z stdout F OUTPUT_PATH=
2022-04-27T06:19:51.413325338Z stdout F NETWORK_NAMESPACE=
2022-04-27T06:19:51.413335618Z stdout F CNI_MODE=false
2022-04-27T06:19:51.413346389Z stdout F EXCLUDE_INTERFACES=
2022-04-27T06:19:51.413356803Z stdout F 
2022-04-27T06:19:51.413368815Z stdout F 2022-04-27T06:19:51.386161Z	info	Writing following contents to rules file: /tmp/iptables-rules-1651040391385525159.txt1724864572
2022-04-27T06:19:51.413379174Z stdout F * nat
2022-04-27T06:19:51.413389633Z stdout F -N ISTIO_INBOUND
2022-04-27T06:19:51.413400059Z stdout F -N ISTIO_REDIRECT
2022-04-27T06:19:51.413583441Z stdout F -N ISTIO_IN_REDIRECT
2022-04-27T06:19:51.413616565Z stdout F -N ISTIO_OUTPUT
2022-04-27T06:19:51.413630496Z stdout F -A ISTIO_INBOUND -p tcp --dport 15008 -j RETURN
2022-04-27T06:19:51.413642312Z stdout F -A ISTIO_REDIRECT -p tcp -j REDIRECT --to-ports 15001
2022-04-27T06:19:51.413652936Z stdout F -A ISTIO_IN_REDIRECT -p tcp -j REDIRECT --to-ports 15006
2022-04-27T06:19:51.413663669Z stdout F -A PREROUTING -p tcp -j ISTIO_INBOUND
2022-04-27T06:19:51.41367468Z stdout F -A ISTIO_INBOUND -p tcp --dport 15090 -j RETURN
2022-04-27T06:19:51.413685117Z stdout F -A ISTIO_INBOUND -p tcp --dport 15021 -j RETURN
2022-04-27T06:19:51.413695211Z stdout F -A ISTIO_INBOUND -p tcp --dport 15020 -j RETURN
2022-04-27T06:19:51.413705319Z stdout F -A ISTIO_INBOUND -p tcp -j ISTIO_IN_REDIRECT
2022-04-27T06:19:51.413715443Z stdout F -A OUTPUT -p tcp -j ISTIO_OUTPUT
2022-04-27T06:19:51.413725705Z stdout F -A ISTIO_OUTPUT -o lo -s 127.0.0.6/32 -j RETURN
2022-04-27T06:19:51.413737133Z stdout F -A ISTIO_OUTPUT -o lo ! -d 127.0.0.1/32 -m owner --uid-owner 1337 -j ISTIO_IN_REDIRECT
2022-04-27T06:19:51.413748085Z stdout F -A ISTIO_OUTPUT -o lo -m owner ! --uid-owner 1337 -j RETURN
2022-04-27T06:19:51.413815906Z stdout F -A ISTIO_OUTPUT -m owner --uid-owner 1337 -j RETURN
2022-04-27T06:19:51.413839506Z stdout F -A ISTIO_OUTPUT -o lo ! -d 127.0.0.1/32 -m owner --gid-owner 1337 -j ISTIO_IN_REDIRECT
2022-04-27T06:19:51.413851973Z stdout F -A ISTIO_OUTPUT -o lo -m owner ! --gid-owner 1337 -j RETURN
2022-04-27T06:19:51.413862966Z stdout F -A ISTIO_OUTPUT -m owner --gid-owner 1337 -j RETURN
2022-04-27T06:19:51.413874073Z stdout F -A ISTIO_OUTPUT -d 127.0.0.1/32 -j RETURN
2022-04-27T06:19:51.41388488Z stdout F -A ISTIO_OUTPUT -j ISTIO_REDIRECT
2022-04-27T06:19:51.413895489Z stdout F COMMIT
2022-04-27T06:19:51.413908966Z stdout F 2022-04-27T06:19:51.386285Z	info	Running command: iptables-restore --noflush /tmp/iptables-rules-1651040391385525159.txt1724864572
2022-04-27T06:19:52.125657266Z stdout F 2022-04-27T06:19:51.903727Z	info	Writing following contents to rules file: /tmp/ip6tables-rules-1651040391903511103.txt1578045222
2022-04-27T06:19:52.126791468Z stdout F 
2022-04-27T06:19:52.126916874Z stdout F 2022-04-27T06:19:51.904030Z	info	Running command: ip6tables-restore --noflush /tmp/ip6tables-rules-1651040391903511103.txt1578045222
2022-04-27T06:19:52.126948943Z stdout F 2022-04-27T06:19:51.976768Z	info	Running command: iptables-save 
2022-04-27T06:19:52.126963653Z stdout F 2022-04-27T06:19:52.003549Z	info	Command output: 
2022-04-27T06:19:52.126976Z stdout F # Generated by iptables-save v1.8.4 on Wed Apr 27 06:19:51 2022
2022-04-27T06:19:52.126989369Z stdout F *nat
2022-04-27T06:19:52.127001906Z stdout F :PREROUTING ACCEPT [0:0]
2022-04-27T06:19:52.12701344Z stdout F :INPUT ACCEPT [0:0]
2022-04-27T06:19:52.127227211Z stdout F :OUTPUT ACCEPT [0:0]
2022-04-27T06:19:52.127263937Z stdout F :POSTROUTING ACCEPT [0:0]
2022-04-27T06:19:52.127291606Z stdout F :ISTIO_INBOUND - [0:0]
2022-04-27T06:19:52.127305066Z stdout F :ISTIO_IN_REDIRECT - [0:0]
2022-04-27T06:19:52.127315741Z stdout F :ISTIO_OUTPUT - [0:0]
2022-04-27T06:19:52.127326257Z stdout F :ISTIO_REDIRECT - [0:0]
2022-04-27T06:19:52.127338696Z stdout F -A PREROUTING -p tcp -j ISTIO_INBOUND
2022-04-27T06:19:52.12735044Z stdout F -A OUTPUT -p tcp -j ISTIO_OUTPUT
2022-04-27T06:19:52.127367454Z stdout F -A ISTIO_INBOUND -p tcp -m tcp --dport 15008 -j RETURN
2022-04-27T06:19:52.1273796Z stdout F -A ISTIO_INBOUND -p tcp -m tcp --dport 15090 -j RETURN
2022-04-27T06:19:52.127390373Z stdout F -A ISTIO_INBOUND -p tcp -m tcp --dport 15021 -j RETURN
2022-04-27T06:19:52.127401269Z stdout F -A ISTIO_INBOUND -p tcp -m tcp --dport 15020 -j RETURN
2022-04-27T06:19:52.127411897Z stdout F -A ISTIO_INBOUND -p tcp -j ISTIO_IN_REDIRECT
2022-04-27T06:19:52.12742187Z stdout F -A ISTIO_IN_REDIRECT -p tcp -j REDIRECT --to-ports 15006
2022-04-27T06:19:52.127447741Z stdout F -A ISTIO_OUTPUT -s 127.0.0.6/32 -o lo -j RETURN
2022-04-27T06:19:52.127472577Z stdout F -A ISTIO_OUTPUT ! -d 127.0.0.1/32 -o lo -m owner --uid-owner 1337 -j ISTIO_IN_REDIRECT
2022-04-27T06:19:52.127503662Z stdout F -A ISTIO_OUTPUT -o lo -m owner ! --uid-owner 1337 -j RETURN
2022-04-27T06:19:52.127527368Z stdout F -A ISTIO_OUTPUT -m owner --uid-owner 1337 -j RETURN
2022-04-27T06:19:52.127542571Z stdout F -A ISTIO_OUTPUT ! -d 127.0.0.1/32 -o lo -m owner --gid-owner 1337 -j ISTIO_IN_REDIRECT
2022-04-27T06:19:52.127556047Z stdout F -A ISTIO_OUTPUT -o lo -m owner ! --gid-owner 1337 -j RETURN
2022-04-27T06:19:52.127568051Z stdout F -A ISTIO_OUTPUT -m owner --gid-owner 1337 -j RETURN
2022-04-27T06:19:52.127580343Z stdout F -A ISTIO_OUTPUT -d 127.0.0.1/32 -j RETURN
2022-04-27T06:19:52.127591626Z stdout F -A ISTIO_OUTPUT -j ISTIO_REDIRECT
2022-04-27T06:19:52.127603311Z stdout F -A ISTIO_REDIRECT -p tcp -j REDIRECT --to-ports 15001
2022-04-27T06:19:52.127616067Z stdout F COMMIT
2022-04-27T06:19:52.12762945Z stdout F # Completed on Wed Apr 27 06:19:51 2022
2022-04-27T06:19:52.127640625Z stdout F 
