2022-06-13T02:22:37.484242847Z stdout F 2022-06-13T02:22:37.483845Z	info	Istio iptables environment:
2022-06-13T02:22:37.48430605Z stdout F ENVOY_PORT=
2022-06-13T02:22:37.484319081Z stdout F INBOUND_CAPTURE_PORT=
2022-06-13T02:22:37.484332461Z stdout F ISTIO_INBOUND_INTERCEPTION_MODE=
2022-06-13T02:22:37.484340046Z stdout F ISTIO_INBOUND_TPROXY_ROUTE_TABLE=
2022-06-13T02:22:37.484344796Z stdout F ISTIO_INBOUND_PORTS=
2022-06-13T02:22:37.484349098Z stdout F ISTIO_OUTBOUND_PORTS=
2022-06-13T02:22:37.484353355Z stdout F ISTIO_LOCAL_EXCLUDE_PORTS=
2022-06-13T02:22:37.484357572Z stdout F ISTIO_EXCLUDE_INTERFACES=
2022-06-13T02:22:37.484361633Z stdout F ISTIO_SERVICE_CIDR=
2022-06-13T02:22:37.484365903Z stdout F ISTIO_SERVICE_EXCLUDE_CIDR=
2022-06-13T02:22:37.484388383Z stdout F ISTIO_META_DNS_CAPTURE=
2022-06-13T02:22:37.484394131Z stdout F INVALID_DROP=
2022-06-13T02:22:37.484398396Z stdout F 
2022-06-13T02:22:37.48440276Z stdout F 2022-06-13T02:22:37.484123Z	info	Istio iptables variables:
2022-06-13T02:22:37.484438923Z stdout F PROXY_PORT=15001
2022-06-13T02:22:37.484450085Z stdout F PROXY_INBOUND_CAPTURE_PORT=15006
2022-06-13T02:22:37.484453476Z stdout F PROXY_TUNNEL_PORT=15008
2022-06-13T02:22:37.48445632Z stdout F PROXY_UID=1337
2022-06-13T02:22:37.484458876Z stdout F PROXY_GID=1337
2022-06-13T02:22:37.484461634Z stdout F INBOUND_INTERCEPTION_MODE=REDIRECT
2022-06-13T02:22:37.484464098Z stdout F INBOUND_TPROXY_MARK=1337
2022-06-13T02:22:37.484466531Z stdout F INBOUND_TPROXY_ROUTE_TABLE=133
2022-06-13T02:22:37.484468932Z stdout F INBOUND_PORTS_INCLUDE=*
2022-06-13T02:22:37.484471334Z stdout F INBOUND_PORTS_EXCLUDE=15090,15021,15020
2022-06-13T02:22:37.48447395Z stdout F OUTBOUND_IP_RANGES_INCLUDE=*
2022-06-13T02:22:37.484476497Z stdout F OUTBOUND_IP_RANGES_EXCLUDE=
2022-06-13T02:22:37.484478898Z stdout F OUTBOUND_PORTS_INCLUDE=
2022-06-13T02:22:37.4844813Z stdout F OUTBOUND_PORTS_EXCLUDE=
2022-06-13T02:22:37.484483758Z stdout F KUBE_VIRT_INTERFACES=
2022-06-13T02:22:37.484486219Z stdout F ENABLE_INBOUND_IPV6=false
2022-06-13T02:22:37.484488635Z stdout F DNS_CAPTURE=false
2022-06-13T02:22:37.484491081Z stdout F DROP_INVALID=false
2022-06-13T02:22:37.484493492Z stdout F CAPTURE_ALL_DNS=false
2022-06-13T02:22:37.484496037Z stdout F DNS_SERVERS=[],[]
2022-06-13T02:22:37.484498614Z stdout F OUTPUT_PATH=
2022-06-13T02:22:37.48450106Z stdout F NETWORK_NAMESPACE=
2022-06-13T02:22:37.484503541Z stdout F CNI_MODE=false
2022-06-13T02:22:37.484515253Z stdout F EXCLUDE_INTERFACES=
2022-06-13T02:22:37.484522067Z stdout F 
2022-06-13T02:22:37.485096415Z stdout F 2022-06-13T02:22:37.484767Z	info	Writing following contents to rules file: /tmp/iptables-rules-1655086957484405182.txt252823637
2022-06-13T02:22:37.485105642Z stdout F * nat
2022-06-13T02:22:37.485108743Z stdout F -N ISTIO_INBOUND
2022-06-13T02:22:37.485112675Z stdout F -N ISTIO_REDIRECT
2022-06-13T02:22:37.485130056Z stdout F -N ISTIO_IN_REDIRECT
2022-06-13T02:22:37.485133216Z stdout F -N ISTIO_OUTPUT
2022-06-13T02:22:37.485136125Z stdout F -A ISTIO_INBOUND -p tcp --dport 15008 -j RETURN
2022-06-13T02:22:37.485139123Z stdout F -A ISTIO_REDIRECT -p tcp -j REDIRECT --to-ports 15001
2022-06-13T02:22:37.485141562Z stdout F -A ISTIO_IN_REDIRECT -p tcp -j REDIRECT --to-ports 15006
2022-06-13T02:22:37.485144048Z stdout F -A PREROUTING -p tcp -j ISTIO_INBOUND
2022-06-13T02:22:37.485146486Z stdout F -A ISTIO_INBOUND -p tcp --dport 15090 -j RETURN
2022-06-13T02:22:37.485148848Z stdout F -A ISTIO_INBOUND -p tcp --dport 15021 -j RETURN
2022-06-13T02:22:37.485151247Z stdout F -A ISTIO_INBOUND -p tcp --dport 15020 -j RETURN
2022-06-13T02:22:37.485153609Z stdout F -A ISTIO_INBOUND -p tcp -j ISTIO_IN_REDIRECT
2022-06-13T02:22:37.485156432Z stdout F -A OUTPUT -p tcp -j ISTIO_OUTPUT
2022-06-13T02:22:37.485158832Z stdout F -A ISTIO_OUTPUT -o lo -s 127.0.0.6/32 -j RETURN
2022-06-13T02:22:37.48516166Z stdout F -A ISTIO_OUTPUT -o lo ! -d 127.0.0.1/32 -m owner --uid-owner 1337 -j ISTIO_IN_REDIRECT
2022-06-13T02:22:37.485164187Z stdout F -A ISTIO_OUTPUT -o lo -m owner ! --uid-owner 1337 -j RETURN
2022-06-13T02:22:37.485166665Z stdout F -A ISTIO_OUTPUT -m owner --uid-owner 1337 -j RETURN
2022-06-13T02:22:37.485178773Z stdout F -A ISTIO_OUTPUT -o lo ! -d 127.0.0.1/32 -m owner --gid-owner 1337 -j ISTIO_IN_REDIRECT
2022-06-13T02:22:37.485182108Z stdout F -A ISTIO_OUTPUT -o lo -m owner ! --gid-owner 1337 -j RETURN
2022-06-13T02:22:37.485184574Z stdout F -A ISTIO_OUTPUT -m owner --gid-owner 1337 -j RETURN
2022-06-13T02:22:37.485186959Z stdout F -A ISTIO_OUTPUT -d 127.0.0.1/32 -j RETURN
2022-06-13T02:22:37.485189327Z stdout F -A ISTIO_OUTPUT -j ISTIO_REDIRECT
2022-06-13T02:22:37.485191784Z stdout F COMMIT
2022-06-13T02:22:37.485194877Z stdout F 2022-06-13T02:22:37.484872Z	info	Running command: iptables-restore --noflush /tmp/iptables-rules-1655086957484405182.txt252823637
2022-06-13T02:22:37.489150566Z stdout F 2022-06-13T02:22:37.488820Z	info	Writing following contents to rules file: /tmp/ip6tables-rules-1655086957488770946.txt1827532677
2022-06-13T02:22:37.489202296Z stdout F 
2022-06-13T02:22:37.489209959Z stdout F 2022-06-13T02:22:37.488857Z	info	Running command: ip6tables-restore --noflush /tmp/ip6tables-rules-1655086957488770946.txt1827532677
2022-06-13T02:22:37.490950846Z stdout F 2022-06-13T02:22:37.490821Z	info	Running command: iptables-save 
2022-06-13T02:22:37.494526299Z stdout F 2022-06-13T02:22:37.493725Z	info	Command output: 
2022-06-13T02:22:37.494547344Z stdout F # Generated by iptables-save v1.8.4 on Mon Jun 13 02:22:37 2022
2022-06-13T02:22:37.494551226Z stdout F *nat
2022-06-13T02:22:37.494554399Z stdout F :PREROUTING ACCEPT [0:0]
2022-06-13T02:22:37.494556909Z stdout F :INPUT ACCEPT [0:0]
2022-06-13T02:22:37.494559395Z stdout F :OUTPUT ACCEPT [0:0]
2022-06-13T02:22:37.494562195Z stdout F :POSTROUTING ACCEPT [0:0]
2022-06-13T02:22:37.494564657Z stdout F :ISTIO_INBOUND - [0:0]
2022-06-13T02:22:37.494567295Z stdout F :ISTIO_IN_REDIRECT - [0:0]
2022-06-13T02:22:37.494569734Z stdout F :ISTIO_OUTPUT - [0:0]
2022-06-13T02:22:37.494572164Z stdout F :ISTIO_REDIRECT - [0:0]
2022-06-13T02:22:37.494574933Z stdout F -A PREROUTING -p tcp -j ISTIO_INBOUND
2022-06-13T02:22:37.494577405Z stdout F -A OUTPUT -p tcp -j ISTIO_OUTPUT
2022-06-13T02:22:37.494579849Z stdout F -A ISTIO_INBOUND -p tcp -m tcp --dport 15008 -j RETURN
2022-06-13T02:22:37.494582261Z stdout F -A ISTIO_INBOUND -p tcp -m tcp --dport 15090 -j RETURN
2022-06-13T02:22:37.494584646Z stdout F -A ISTIO_INBOUND -p tcp -m tcp --dport 15021 -j RETURN
2022-06-13T02:22:37.494587158Z stdout F -A ISTIO_INBOUND -p tcp -m tcp --dport 15020 -j RETURN
2022-06-13T02:22:37.494589618Z stdout F -A ISTIO_INBOUND -p tcp -j ISTIO_IN_REDIRECT
2022-06-13T02:22:37.494592018Z stdout F -A ISTIO_IN_REDIRECT -p tcp -j REDIRECT --to-ports 15006
2022-06-13T02:22:37.494594396Z stdout F -A ISTIO_OUTPUT -s 127.0.0.6/32 -o lo -j RETURN
2022-06-13T02:22:37.494597293Z stdout F -A ISTIO_OUTPUT ! -d 127.0.0.1/32 -o lo -m owner --uid-owner 1337 -j ISTIO_IN_REDIRECT
2022-06-13T02:22:37.494600055Z stdout F -A ISTIO_OUTPUT -o lo -m owner ! --uid-owner 1337 -j RETURN
2022-06-13T02:22:37.494602441Z stdout F -A ISTIO_OUTPUT -m owner --uid-owner 1337 -j RETURN
2022-06-13T02:22:37.494604894Z stdout F -A ISTIO_OUTPUT ! -d 127.0.0.1/32 -o lo -m owner --gid-owner 1337 -j ISTIO_IN_REDIRECT
2022-06-13T02:22:37.494607358Z stdout F -A ISTIO_OUTPUT -o lo -m owner ! --gid-owner 1337 -j RETURN
2022-06-13T02:22:37.494609771Z stdout F -A ISTIO_OUTPUT -m owner --gid-owner 1337 -j RETURN
2022-06-13T02:22:37.494612183Z stdout F -A ISTIO_OUTPUT -d 127.0.0.1/32 -j RETURN
2022-06-13T02:22:37.494614586Z stdout F -A ISTIO_OUTPUT -j ISTIO_REDIRECT
2022-06-13T02:22:37.494617014Z stdout F -A ISTIO_REDIRECT -p tcp -j REDIRECT --to-ports 15001
2022-06-13T02:22:37.494619938Z stdout F COMMIT
2022-06-13T02:22:37.494622614Z stdout F # Completed on Mon Jun 13 02:22:37 2022
2022-06-13T02:22:37.494626129Z stdout F 
