2022-05-09T11:47:36.771648869Z stdout F 2022-05-09T11:47:36.771297Z	info	Istio iptables environment:
2022-05-09T11:47:36.771700406Z stdout F ENVOY_PORT=
2022-05-09T11:47:36.771709863Z stdout F INBOUND_CAPTURE_PORT=
2022-05-09T11:47:36.77171576Z stdout F ISTIO_INBOUND_INTERCEPTION_MODE=
2022-05-09T11:47:36.771720675Z stdout F ISTIO_INBOUND_TPROXY_ROUTE_TABLE=
2022-05-09T11:47:36.77172508Z stdout F ISTIO_INBOUND_PORTS=
2022-05-09T11:47:36.771729309Z stdout F ISTIO_OUTBOUND_PORTS=
2022-05-09T11:47:36.771733657Z stdout F ISTIO_LOCAL_EXCLUDE_PORTS=
2022-05-09T11:47:36.771737974Z stdout F ISTIO_EXCLUDE_INTERFACES=
2022-05-09T11:47:36.771742188Z stdout F ISTIO_SERVICE_CIDR=
2022-05-09T11:47:36.771746366Z stdout F ISTIO_SERVICE_EXCLUDE_CIDR=
2022-05-09T11:47:36.7717506Z stdout F ISTIO_META_DNS_CAPTURE=
2022-05-09T11:47:36.771755119Z stdout F INVALID_DROP=
2022-05-09T11:47:36.771759226Z stdout F 
2022-05-09T11:47:36.771763549Z stdout F 2022-05-09T11:47:36.771365Z	info	Istio iptables variables:
2022-05-09T11:47:36.771767734Z stdout F PROXY_PORT=15001
2022-05-09T11:47:36.771772189Z stdout F PROXY_INBOUND_CAPTURE_PORT=15006
2022-05-09T11:47:36.771776511Z stdout F PROXY_TUNNEL_PORT=15008
2022-05-09T11:47:36.771780908Z stdout F PROXY_UID=1337
2022-05-09T11:47:36.771785209Z stdout F PROXY_GID=1337
2022-05-09T11:47:36.771789576Z stdout F INBOUND_INTERCEPTION_MODE=REDIRECT
2022-05-09T11:47:36.771793935Z stdout F INBOUND_TPROXY_MARK=1337
2022-05-09T11:47:36.771798263Z stdout F INBOUND_TPROXY_ROUTE_TABLE=133
2022-05-09T11:47:36.771802573Z stdout F INBOUND_PORTS_INCLUDE=*
2022-05-09T11:47:36.771806706Z stdout F INBOUND_PORTS_EXCLUDE=15090,15021,15020
2022-05-09T11:47:36.771811009Z stdout F OUTBOUND_IP_RANGES_INCLUDE=*
2022-05-09T11:47:36.771815068Z stdout F OUTBOUND_IP_RANGES_EXCLUDE=
2022-05-09T11:47:36.771819443Z stdout F OUTBOUND_PORTS_INCLUDE=
2022-05-09T11:47:36.77182332Z stdout F OUTBOUND_PORTS_EXCLUDE=
2022-05-09T11:47:36.77182747Z stdout F KUBE_VIRT_INTERFACES=
2022-05-09T11:47:36.771831884Z stdout F ENABLE_INBOUND_IPV6=false
2022-05-09T11:47:36.771836149Z stdout F DNS_CAPTURE=false
2022-05-09T11:47:36.771840352Z stdout F DROP_INVALID=false
2022-05-09T11:47:36.771844355Z stdout F CAPTURE_ALL_DNS=false
2022-05-09T11:47:36.771848516Z stdout F DNS_SERVERS=[],[]
2022-05-09T11:47:36.771852697Z stdout F OUTPUT_PATH=
2022-05-09T11:47:36.771856901Z stdout F NETWORK_NAMESPACE=
2022-05-09T11:47:36.771861156Z stdout F CNI_MODE=false
2022-05-09T11:47:36.771865255Z stdout F EXCLUDE_INTERFACES=
2022-05-09T11:47:36.771869079Z stdout F 
2022-05-09T11:47:36.771938582Z stdout F 2022-05-09T11:47:36.771691Z	info	Writing following contents to rules file: /tmp/iptables-rules-1652096856771422373.txt3789764208
2022-05-09T11:47:36.771955061Z stdout F * nat
2022-05-09T11:47:36.771961241Z stdout F -N ISTIO_INBOUND
2022-05-09T11:47:36.771965176Z stdout F -N ISTIO_REDIRECT
2022-05-09T11:47:36.771969088Z stdout F -N ISTIO_IN_REDIRECT
2022-05-09T11:47:36.771972609Z stdout F -N ISTIO_OUTPUT
2022-05-09T11:47:36.771976746Z stdout F -A ISTIO_INBOUND -p tcp --dport 15008 -j RETURN
2022-05-09T11:47:36.77198061Z stdout F -A ISTIO_REDIRECT -p tcp -j REDIRECT --to-ports 15001
2022-05-09T11:47:36.771984267Z stdout F -A ISTIO_IN_REDIRECT -p tcp -j REDIRECT --to-ports 15006
2022-05-09T11:47:36.771987795Z stdout F -A PREROUTING -p tcp -j ISTIO_INBOUND
2022-05-09T11:47:36.771991696Z stdout F -A ISTIO_INBOUND -p tcp --dport 15090 -j RETURN
2022-05-09T11:47:36.771995072Z stdout F -A ISTIO_INBOUND -p tcp --dport 15021 -j RETURN
2022-05-09T11:47:36.771998986Z stdout F -A ISTIO_INBOUND -p tcp --dport 15020 -j RETURN
2022-05-09T11:47:36.77200229Z stdout F -A ISTIO_INBOUND -p tcp -j ISTIO_IN_REDIRECT
2022-05-09T11:47:36.77200619Z stdout F -A OUTPUT -p tcp -j ISTIO_OUTPUT
2022-05-09T11:47:36.772009606Z stdout F -A ISTIO_OUTPUT -o lo -s 127.0.0.6/32 -j RETURN
2022-05-09T11:47:36.772013254Z stdout F -A ISTIO_OUTPUT -o lo ! -d 127.0.0.1/32 -m owner --uid-owner 1337 -j ISTIO_IN_REDIRECT
2022-05-09T11:47:36.772016701Z stdout F -A ISTIO_OUTPUT -o lo -m owner ! --uid-owner 1337 -j RETURN
2022-05-09T11:47:36.772020233Z stdout F -A ISTIO_OUTPUT -m owner --uid-owner 1337 -j RETURN
2022-05-09T11:47:36.772037112Z stdout F -A ISTIO_OUTPUT -o lo ! -d 127.0.0.1/32 -m owner --gid-owner 1337 -j ISTIO_IN_REDIRECT
2022-05-09T11:47:36.772041443Z stdout F -A ISTIO_OUTPUT -o lo -m owner ! --gid-owner 1337 -j RETURN
2022-05-09T11:47:36.772059182Z stdout F -A ISTIO_OUTPUT -m owner --gid-owner 1337 -j RETURN
2022-05-09T11:47:36.77206409Z stdout F -A ISTIO_OUTPUT -d 127.0.0.1/32 -j RETURN
2022-05-09T11:47:36.772067967Z stdout F -A ISTIO_OUTPUT -j ISTIO_REDIRECT
2022-05-09T11:47:36.772071903Z stdout F COMMIT
2022-05-09T11:47:36.772076172Z stdout F 2022-05-09T11:47:36.771765Z	info	Running command: iptables-restore --noflush /tmp/iptables-rules-1652096856771422373.txt3789764208
2022-05-09T11:47:36.776047218Z stdout F 2022-05-09T11:47:36.775803Z	info	Writing following contents to rules file: /tmp/ip6tables-rules-1652096856775741997.txt3491622027
2022-05-09T11:47:36.776072573Z stdout F 
2022-05-09T11:47:36.776076515Z stdout F 2022-05-09T11:47:36.775871Z	info	Running command: ip6tables-restore --noflush /tmp/ip6tables-rules-1652096856775741997.txt3491622027
2022-05-09T11:47:36.777905372Z stdout F 2022-05-09T11:47:36.777686Z	info	Running command: iptables-save 
2022-05-09T11:47:36.780272154Z stdout F 2022-05-09T11:47:36.780062Z	info	Command output: 
2022-05-09T11:47:36.780290306Z stdout F # Generated by iptables-save v1.8.4 on Mon May  9 11:47:36 2022
2022-05-09T11:47:36.780294276Z stdout F *nat
2022-05-09T11:47:36.780297371Z stdout F :PREROUTING ACCEPT [0:0]
2022-05-09T11:47:36.780299852Z stdout F :INPUT ACCEPT [0:0]
2022-05-09T11:47:36.780302352Z stdout F :OUTPUT ACCEPT [0:0]
2022-05-09T11:47:36.780305406Z stdout F :POSTROUTING ACCEPT [0:0]
2022-05-09T11:47:36.78030791Z stdout F :ISTIO_INBOUND - [0:0]
2022-05-09T11:47:36.78031062Z stdout F :ISTIO_IN_REDIRECT - [0:0]
2022-05-09T11:47:36.780313485Z stdout F :ISTIO_OUTPUT - [0:0]
2022-05-09T11:47:36.780316045Z stdout F :ISTIO_REDIRECT - [0:0]
2022-05-09T11:47:36.780319107Z stdout F -A PREROUTING -p tcp -j ISTIO_INBOUND
2022-05-09T11:47:36.78032165Z stdout F -A OUTPUT -p tcp -j ISTIO_OUTPUT
2022-05-09T11:47:36.780324135Z stdout F -A ISTIO_INBOUND -p tcp -m tcp --dport 15008 -j RETURN
2022-05-09T11:47:36.780326593Z stdout F -A ISTIO_INBOUND -p tcp -m tcp --dport 15090 -j RETURN
2022-05-09T11:47:36.780329299Z stdout F -A ISTIO_INBOUND -p tcp -m tcp --dport 15021 -j RETURN
2022-05-09T11:47:36.780331805Z stdout F -A ISTIO_INBOUND -p tcp -m tcp --dport 15020 -j RETURN
2022-05-09T11:47:36.780334705Z stdout F -A ISTIO_INBOUND -p tcp -j ISTIO_IN_REDIRECT
2022-05-09T11:47:36.780358681Z stdout F -A ISTIO_IN_REDIRECT -p tcp -j REDIRECT --to-ports 15006
2022-05-09T11:47:36.780366739Z stdout F -A ISTIO_OUTPUT -s 127.0.0.6/32 -o lo -j RETURN
2022-05-09T11:47:36.780370389Z stdout F -A ISTIO_OUTPUT ! -d 127.0.0.1/32 -o lo -m owner --uid-owner 1337 -j ISTIO_IN_REDIRECT
2022-05-09T11:47:36.780372866Z stdout F -A ISTIO_OUTPUT -o lo -m owner ! --uid-owner 1337 -j RETURN
2022-05-09T11:47:36.780375254Z stdout F -A ISTIO_OUTPUT -m owner --uid-owner 1337 -j RETURN
2022-05-09T11:47:36.780377724Z stdout F -A ISTIO_OUTPUT ! -d 127.0.0.1/32 -o lo -m owner --gid-owner 1337 -j ISTIO_IN_REDIRECT
2022-05-09T11:47:36.780380163Z stdout F -A ISTIO_OUTPUT -o lo -m owner ! --gid-owner 1337 -j RETURN
2022-05-09T11:47:36.780382565Z stdout F -A ISTIO_OUTPUT -m owner --gid-owner 1337 -j RETURN
2022-05-09T11:47:36.780384961Z stdout F -A ISTIO_OUTPUT -d 127.0.0.1/32 -j RETURN
2022-05-09T11:47:36.78038735Z stdout F -A ISTIO_OUTPUT -j ISTIO_REDIRECT
2022-05-09T11:47:36.780389799Z stdout F -A ISTIO_REDIRECT -p tcp -j REDIRECT --to-ports 15001
2022-05-09T11:47:36.780392576Z stdout F COMMIT
2022-05-09T11:47:36.780395096Z stdout F # Completed on Mon May  9 11:47:36 2022
2022-05-09T11:47:36.780397435Z stdout F 
