2022-04-30T04:28:33.666440837Z stdout F 2022-04-30T04:28:33.665967Z	info	Istio iptables environment:
2022-04-30T04:28:33.666479455Z stdout F ENVOY_PORT=
2022-04-30T04:28:33.666485697Z stdout F INBOUND_CAPTURE_PORT=
2022-04-30T04:28:33.666489568Z stdout F ISTIO_INBOUND_INTERCEPTION_MODE=
2022-04-30T04:28:33.666493075Z stdout F ISTIO_INBOUND_TPROXY_ROUTE_TABLE=
2022-04-30T04:28:33.666495969Z stdout F ISTIO_INBOUND_PORTS=
2022-04-30T04:28:33.666498851Z stdout F ISTIO_OUTBOUND_PORTS=
2022-04-30T04:28:33.666501729Z stdout F ISTIO_LOCAL_EXCLUDE_PORTS=
2022-04-30T04:28:33.666504559Z stdout F ISTIO_EXCLUDE_INTERFACES=
2022-04-30T04:28:33.666508137Z stdout F ISTIO_SERVICE_CIDR=
2022-04-30T04:28:33.666543992Z stdout F ISTIO_SERVICE_EXCLUDE_CIDR=
2022-04-30T04:28:33.666560123Z stdout F ISTIO_META_DNS_CAPTURE=
2022-04-30T04:28:33.666568633Z stdout F INVALID_DROP=
2022-04-30T04:28:33.666573378Z stdout F 
2022-04-30T04:28:33.666578363Z stdout F 2022-04-30T04:28:33.666035Z	info	Istio iptables variables:
2022-04-30T04:28:33.666583283Z stdout F PROXY_PORT=15001
2022-04-30T04:28:33.666591909Z stdout F PROXY_INBOUND_CAPTURE_PORT=15006
2022-04-30T04:28:33.666603571Z stdout F PROXY_TUNNEL_PORT=15008
2022-04-30T04:28:33.666617007Z stdout F PROXY_UID=1337
2022-04-30T04:28:33.666630986Z stdout F PROXY_GID=1337
2022-04-30T04:28:33.666636252Z stdout F INBOUND_INTERCEPTION_MODE=REDIRECT
2022-04-30T04:28:33.666639351Z stdout F INBOUND_TPROXY_MARK=1337
2022-04-30T04:28:33.666642341Z stdout F INBOUND_TPROXY_ROUTE_TABLE=133
2022-04-30T04:28:33.666645266Z stdout F INBOUND_PORTS_INCLUDE=*
2022-04-30T04:28:33.666648207Z stdout F INBOUND_PORTS_EXCLUDE=15090,15021,15020
2022-04-30T04:28:33.666651128Z stdout F OUTBOUND_IP_RANGES_INCLUDE=*
2022-04-30T04:28:33.666654049Z stdout F OUTBOUND_IP_RANGES_EXCLUDE=
2022-04-30T04:28:33.666656968Z stdout F OUTBOUND_PORTS_INCLUDE=
2022-04-30T04:28:33.6666599Z stdout F OUTBOUND_PORTS_EXCLUDE=
2022-04-30T04:28:33.666662975Z stdout F KUBE_VIRT_INTERFACES=
2022-04-30T04:28:33.666666131Z stdout F ENABLE_INBOUND_IPV6=false
2022-04-30T04:28:33.666670456Z stdout F DNS_CAPTURE=false
2022-04-30T04:28:33.666675548Z stdout F DROP_INVALID=false
2022-04-30T04:28:33.666680491Z stdout F CAPTURE_ALL_DNS=false
2022-04-30T04:28:33.666683774Z stdout F DNS_SERVERS=[],[]
2022-04-30T04:28:33.666686818Z stdout F OUTPUT_PATH=
2022-04-30T04:28:33.666689727Z stdout F NETWORK_NAMESPACE=
2022-04-30T04:28:33.666692673Z stdout F CNI_MODE=false
2022-04-30T04:28:33.666695606Z stdout F EXCLUDE_INTERFACES=
2022-04-30T04:28:33.666698452Z stdout F 
2022-04-30T04:28:33.666701996Z stdout F 2022-04-30T04:28:33.666244Z	info	Writing following contents to rules file: /tmp/iptables-rules-1651292913666093430.txt1145964268
2022-04-30T04:28:33.666704963Z stdout F * nat
2022-04-30T04:28:33.666707942Z stdout F -N ISTIO_INBOUND
2022-04-30T04:28:33.666710906Z stdout F -N ISTIO_REDIRECT
2022-04-30T04:28:33.666713838Z stdout F -N ISTIO_IN_REDIRECT
2022-04-30T04:28:33.666716815Z stdout F -N ISTIO_OUTPUT
2022-04-30T04:28:33.666720197Z stdout F -A ISTIO_INBOUND -p tcp --dport 15008 -j RETURN
2022-04-30T04:28:33.666724882Z stdout F -A ISTIO_REDIRECT -p tcp -j REDIRECT --to-ports 15001
2022-04-30T04:28:33.666792978Z stdout F -A ISTIO_IN_REDIRECT -p tcp -j REDIRECT --to-ports 15006
2022-04-30T04:28:33.666804907Z stdout F -A PREROUTING -p tcp -j ISTIO_INBOUND
2022-04-30T04:28:33.666814195Z stdout F -A ISTIO_INBOUND -p tcp --dport 15090 -j RETURN
2022-04-30T04:28:33.666826057Z stdout F -A ISTIO_INBOUND -p tcp --dport 15021 -j RETURN
2022-04-30T04:28:33.666831614Z stdout F -A ISTIO_INBOUND -p tcp --dport 15020 -j RETURN
2022-04-30T04:28:33.666843355Z stdout F -A ISTIO_INBOUND -p tcp -j ISTIO_IN_REDIRECT
2022-04-30T04:28:33.666850136Z stdout F -A OUTPUT -p tcp -j ISTIO_OUTPUT
2022-04-30T04:28:33.666853323Z stdout F -A ISTIO_OUTPUT -o lo -s 127.0.0.6/32 -j RETURN
2022-04-30T04:28:33.666859538Z stdout F -A ISTIO_OUTPUT -o lo ! -d 127.0.0.1/32 -m owner --uid-owner 1337 -j ISTIO_IN_REDIRECT
2022-04-30T04:28:33.666862771Z stdout F -A ISTIO_OUTPUT -o lo -m owner ! --uid-owner 1337 -j RETURN
2022-04-30T04:28:33.66687475Z stdout F -A ISTIO_OUTPUT -m owner --uid-owner 1337 -j RETURN
2022-04-30T04:28:33.666878292Z stdout F -A ISTIO_OUTPUT -o lo ! -d 127.0.0.1/32 -m owner --gid-owner 1337 -j ISTIO_IN_REDIRECT
2022-04-30T04:28:33.666881171Z stdout F -A ISTIO_OUTPUT -o lo -m owner ! --gid-owner 1337 -j RETURN
2022-04-30T04:28:33.666884022Z stdout F -A ISTIO_OUTPUT -m owner --gid-owner 1337 -j RETURN
2022-04-30T04:28:33.666886931Z stdout F -A ISTIO_OUTPUT -d 127.0.0.1/32 -j RETURN
2022-04-30T04:28:33.666889783Z stdout F -A ISTIO_OUTPUT -j ISTIO_REDIRECT
2022-04-30T04:28:33.666892753Z stdout F COMMIT
2022-04-30T04:28:33.666896337Z stdout F 2022-04-30T04:28:33.666285Z	info	Running command: iptables-restore --noflush /tmp/iptables-rules-1651292913666093430.txt1145964268
2022-04-30T04:28:33.676861961Z stdout F 2022-04-30T04:28:33.674029Z	info	Writing following contents to rules file: /tmp/ip6tables-rules-1651292913673911688.txt2353834708
2022-04-30T04:28:33.676896777Z stdout F 
2022-04-30T04:28:33.676912633Z stdout F 2022-04-30T04:28:33.674135Z	info	Running command: ip6tables-restore --noflush /tmp/ip6tables-rules-1651292913673911688.txt2353834708
2022-04-30T04:28:33.678300517Z stdout F 2022-04-30T04:28:33.677502Z	info	Running command: iptables-save 
2022-04-30T04:28:33.683648727Z stdout F 2022-04-30T04:28:33.682688Z	info	Command output: 
2022-04-30T04:28:33.685626124Z stdout F # Generated by iptables-save v1.8.4 on Sat Apr 30 04:28:33 2022
2022-04-30T04:28:33.685637367Z stdout F *nat
2022-04-30T04:28:33.685641483Z stdout F :PREROUTING ACCEPT [0:0]
2022-04-30T04:28:33.68564454Z stdout F :INPUT ACCEPT [0:0]
2022-04-30T04:28:33.685862733Z stdout F :OUTPUT ACCEPT [0:0]
2022-04-30T04:28:33.685997651Z stdout F :POSTROUTING ACCEPT [0:0]
2022-04-30T04:28:33.686320133Z stdout F :ISTIO_INBOUND - [0:0]
2022-04-30T04:28:33.686330819Z stdout F :ISTIO_IN_REDIRECT - [0:0]
2022-04-30T04:28:33.686334198Z stdout F :ISTIO_OUTPUT - [0:0]
2022-04-30T04:28:33.686373938Z stdout F :ISTIO_REDIRECT - [0:0]
2022-04-30T04:28:33.686380372Z stdout F -A PREROUTING -p tcp -j ISTIO_INBOUND
2022-04-30T04:28:33.686383584Z stdout F -A OUTPUT -p tcp -j ISTIO_OUTPUT
2022-04-30T04:28:33.686386861Z stdout F -A ISTIO_INBOUND -p tcp -m tcp --dport 15008 -j RETURN
2022-04-30T04:28:33.686389726Z stdout F -A ISTIO_INBOUND -p tcp -m tcp --dport 15090 -j RETURN
2022-04-30T04:28:33.686392587Z stdout F -A ISTIO_INBOUND -p tcp -m tcp --dport 15021 -j RETURN
2022-04-30T04:28:33.68646415Z stdout F -A ISTIO_INBOUND -p tcp -m tcp --dport 15020 -j RETURN
2022-04-30T04:28:33.68665623Z stdout F -A ISTIO_INBOUND -p tcp -j ISTIO_IN_REDIRECT
2022-04-30T04:28:33.686664729Z stdout F -A ISTIO_IN_REDIRECT -p tcp -j REDIRECT --to-ports 15006
2022-04-30T04:28:33.686669927Z stdout F -A ISTIO_OUTPUT -s 127.0.0.6/32 -o lo -j RETURN
2022-04-30T04:28:33.686675447Z stdout F -A ISTIO_OUTPUT ! -d 127.0.0.1/32 -o lo -m owner --uid-owner 1337 -j ISTIO_IN_REDIRECT
2022-04-30T04:28:33.686680823Z stdout F -A ISTIO_OUTPUT -o lo -m owner ! --uid-owner 1337 -j RETURN
2022-04-30T04:28:33.686686114Z stdout F -A ISTIO_OUTPUT -m owner --uid-owner 1337 -j RETURN
2022-04-30T04:28:33.686691094Z stdout F -A ISTIO_OUTPUT ! -d 127.0.0.1/32 -o lo -m owner --gid-owner 1337 -j ISTIO_IN_REDIRECT
2022-04-30T04:28:33.686695901Z stdout F -A ISTIO_OUTPUT -o lo -m owner ! --gid-owner 1337 -j RETURN
2022-04-30T04:28:33.68670066Z stdout F -A ISTIO_OUTPUT -m owner --gid-owner 1337 -j RETURN
2022-04-30T04:28:33.686840077Z stdout F -A ISTIO_OUTPUT -d 127.0.0.1/32 -j RETURN
2022-04-30T04:28:33.686856597Z stdout F -A ISTIO_OUTPUT -j ISTIO_REDIRECT
2022-04-30T04:28:33.686866397Z stdout F -A ISTIO_REDIRECT -p tcp -j REDIRECT --to-ports 15001
2022-04-30T04:28:33.686881135Z stdout F COMMIT
2022-04-30T04:28:33.687076032Z stdout F # Completed on Sat Apr 30 04:28:33 2022
2022-04-30T04:28:33.687088168Z stdout F 
