2022-06-13T02:22:16.197097006Z stdout F 2022-06-13T02:22:16.195577Z	info	Istio iptables environment:
2022-06-13T02:22:16.197132242Z stdout F ENVOY_PORT=
2022-06-13T02:22:16.197135902Z stdout F INBOUND_CAPTURE_PORT=
2022-06-13T02:22:16.197138102Z stdout F ISTIO_INBOUND_INTERCEPTION_MODE=
2022-06-13T02:22:16.197160603Z stdout F ISTIO_INBOUND_TPROXY_ROUTE_TABLE=
2022-06-13T02:22:16.197162888Z stdout F ISTIO_INBOUND_PORTS=
2022-06-13T02:22:16.197164779Z stdout F ISTIO_OUTBOUND_PORTS=
2022-06-13T02:22:16.197166688Z stdout F ISTIO_LOCAL_EXCLUDE_PORTS=
2022-06-13T02:22:16.197168699Z stdout F ISTIO_EXCLUDE_INTERFACES=
2022-06-13T02:22:16.197170609Z stdout F ISTIO_SERVICE_CIDR=
2022-06-13T02:22:16.197172521Z stdout F ISTIO_SERVICE_EXCLUDE_CIDR=
2022-06-13T02:22:16.197174415Z stdout F ISTIO_META_DNS_CAPTURE=
2022-06-13T02:22:16.197176345Z stdout F INVALID_DROP=
2022-06-13T02:22:16.19717816Z stdout F 
2022-06-13T02:22:16.197180208Z stdout F 2022-06-13T02:22:16.195615Z	info	Istio iptables variables:
2022-06-13T02:22:16.197182097Z stdout F PROXY_PORT=15001
2022-06-13T02:22:16.197184114Z stdout F PROXY_INBOUND_CAPTURE_PORT=15006
2022-06-13T02:22:16.197186005Z stdout F PROXY_TUNNEL_PORT=15008
2022-06-13T02:22:16.197187877Z stdout F PROXY_UID=1337
2022-06-13T02:22:16.197189814Z stdout F PROXY_GID=1337
2022-06-13T02:22:16.197191769Z stdout F INBOUND_INTERCEPTION_MODE=REDIRECT
2022-06-13T02:22:16.197193688Z stdout F INBOUND_TPROXY_MARK=1337
2022-06-13T02:22:16.197195548Z stdout F INBOUND_TPROXY_ROUTE_TABLE=133
2022-06-13T02:22:16.197197406Z stdout F INBOUND_PORTS_INCLUDE=*
2022-06-13T02:22:16.197199342Z stdout F INBOUND_PORTS_EXCLUDE=15090,15021,15020
2022-06-13T02:22:16.197201211Z stdout F OUTBOUND_IP_RANGES_INCLUDE=*
2022-06-13T02:22:16.197203076Z stdout F OUTBOUND_IP_RANGES_EXCLUDE=
2022-06-13T02:22:16.197204933Z stdout F OUTBOUND_PORTS_INCLUDE=
2022-06-13T02:22:16.197206792Z stdout F OUTBOUND_PORTS_EXCLUDE=
2022-06-13T02:22:16.19720865Z stdout F KUBE_VIRT_INTERFACES=
2022-06-13T02:22:16.197210728Z stdout F ENABLE_INBOUND_IPV6=false
2022-06-13T02:22:16.197212681Z stdout F DNS_CAPTURE=false
2022-06-13T02:22:16.197214647Z stdout F DROP_INVALID=false
2022-06-13T02:22:16.197216535Z stdout F CAPTURE_ALL_DNS=false
2022-06-13T02:22:16.197218418Z stdout F DNS_SERVERS=[],[]
2022-06-13T02:22:16.197220335Z stdout F OUTPUT_PATH=
2022-06-13T02:22:16.197222322Z stdout F NETWORK_NAMESPACE=
2022-06-13T02:22:16.197224263Z stdout F CNI_MODE=false
2022-06-13T02:22:16.197226227Z stdout F EXCLUDE_INTERFACES=
2022-06-13T02:22:16.197228051Z stdout F 
2022-06-13T02:22:16.197230296Z stdout F 2022-06-13T02:22:16.196075Z	info	Writing following contents to rules file: /tmp/iptables-rules-1655086936195654895.txt3847322761
2022-06-13T02:22:16.197232204Z stdout F * nat
2022-06-13T02:22:16.197234132Z stdout F -N ISTIO_INBOUND
2022-06-13T02:22:16.197236027Z stdout F -N ISTIO_REDIRECT
2022-06-13T02:22:16.197237918Z stdout F -N ISTIO_IN_REDIRECT
2022-06-13T02:22:16.197239811Z stdout F -N ISTIO_OUTPUT
2022-06-13T02:22:16.197241732Z stdout F -A ISTIO_INBOUND -p tcp --dport 15008 -j RETURN
2022-06-13T02:22:16.197243625Z stdout F -A ISTIO_REDIRECT -p tcp -j REDIRECT --to-ports 15001
2022-06-13T02:22:16.197245651Z stdout F -A ISTIO_IN_REDIRECT -p tcp -j REDIRECT --to-ports 15006
2022-06-13T02:22:16.197247504Z stdout F -A PREROUTING -p tcp -j ISTIO_INBOUND
2022-06-13T02:22:16.197249414Z stdout F -A ISTIO_INBOUND -p tcp --dport 15090 -j RETURN
2022-06-13T02:22:16.197251278Z stdout F -A ISTIO_INBOUND -p tcp --dport 15021 -j RETURN
2022-06-13T02:22:16.197253134Z stdout F -A ISTIO_INBOUND -p tcp --dport 15020 -j RETURN
2022-06-13T02:22:16.197254991Z stdout F -A ISTIO_INBOUND -p tcp -j ISTIO_IN_REDIRECT
2022-06-13T02:22:16.197256855Z stdout F -A OUTPUT -p tcp -j ISTIO_OUTPUT
2022-06-13T02:22:16.197258733Z stdout F -A ISTIO_OUTPUT -o lo -s 127.0.0.6/32 -j RETURN
2022-06-13T02:22:16.197260941Z stdout F -A ISTIO_OUTPUT -o lo ! -d 127.0.0.1/32 -m owner --uid-owner 1337 -j ISTIO_IN_REDIRECT
2022-06-13T02:22:16.197262757Z stdout F -A ISTIO_OUTPUT -o lo -m owner ! --uid-owner 1337 -j RETURN
2022-06-13T02:22:16.197267848Z stdout F -A ISTIO_OUTPUT -m owner --uid-owner 1337 -j RETURN
2022-06-13T02:22:16.197270019Z stdout F -A ISTIO_OUTPUT -o lo ! -d 127.0.0.1/32 -m owner --gid-owner 1337 -j ISTIO_IN_REDIRECT
2022-06-13T02:22:16.197271839Z stdout F -A ISTIO_OUTPUT -o lo -m owner ! --gid-owner 1337 -j RETURN
2022-06-13T02:22:16.197273639Z stdout F -A ISTIO_OUTPUT -m owner --gid-owner 1337 -j RETURN
2022-06-13T02:22:16.19727549Z stdout F -A ISTIO_OUTPUT -d 127.0.0.1/32 -j RETURN
2022-06-13T02:22:16.197277364Z stdout F -A ISTIO_OUTPUT -j ISTIO_REDIRECT
2022-06-13T02:22:16.197279328Z stdout F COMMIT
2022-06-13T02:22:16.197281619Z stdout F 2022-06-13T02:22:16.196106Z	info	Running command: iptables-restore --noflush /tmp/iptables-rules-1655086936195654895.txt3847322761
2022-06-13T02:22:16.20161386Z stdout F 2022-06-13T02:22:16.201397Z	info	Writing following contents to rules file: /tmp/ip6tables-rules-1655086936201318166.txt1816383364
2022-06-13T02:22:16.201624873Z stdout F 
2022-06-13T02:22:16.201627899Z stdout F 2022-06-13T02:22:16.201443Z	info	Running command: ip6tables-restore --noflush /tmp/ip6tables-rules-1655086936201318166.txt1816383364
2022-06-13T02:22:16.206060735Z stdout F 2022-06-13T02:22:16.205455Z	info	Running command: iptables-save 
2022-06-13T02:22:16.208893633Z stdout F 2022-06-13T02:22:16.208666Z	info	Command output: 
2022-06-13T02:22:16.208919022Z stdout F # Generated by iptables-save v1.8.4 on Mon Jun 13 02:22:16 2022
2022-06-13T02:22:16.208921582Z stdout F *nat
2022-06-13T02:22:16.208938689Z stdout F :PREROUTING ACCEPT [0:0]
2022-06-13T02:22:16.208940768Z stdout F :INPUT ACCEPT [0:0]
2022-06-13T02:22:16.208942664Z stdout F :OUTPUT ACCEPT [0:0]
2022-06-13T02:22:16.208944784Z stdout F :POSTROUTING ACCEPT [0:0]
2022-06-13T02:22:16.208947677Z stdout F :ISTIO_INBOUND - [0:0]
2022-06-13T02:22:16.208950804Z stdout F :ISTIO_IN_REDIRECT - [0:0]
2022-06-13T02:22:16.208953981Z stdout F :ISTIO_OUTPUT - [0:0]
2022-06-13T02:22:16.208957179Z stdout F :ISTIO_REDIRECT - [0:0]
2022-06-13T02:22:16.208960783Z stdout F -A PREROUTING -p tcp -j ISTIO_INBOUND
2022-06-13T02:22:16.208962917Z stdout F -A OUTPUT -p tcp -j ISTIO_OUTPUT
2022-06-13T02:22:16.20896483Z stdout F -A ISTIO_INBOUND -p tcp -m tcp --dport 15008 -j RETURN
2022-06-13T02:22:16.208966773Z stdout F -A ISTIO_INBOUND -p tcp -m tcp --dport 15090 -j RETURN
2022-06-13T02:22:16.208968795Z stdout F -A ISTIO_INBOUND -p tcp -m tcp --dport 15021 -j RETURN
2022-06-13T02:22:16.208970672Z stdout F -A ISTIO_INBOUND -p tcp -m tcp --dport 15020 -j RETURN
2022-06-13T02:22:16.208972533Z stdout F -A ISTIO_INBOUND -p tcp -j ISTIO_IN_REDIRECT
2022-06-13T02:22:16.208974387Z stdout F -A ISTIO_IN_REDIRECT -p tcp -j REDIRECT --to-ports 15006
2022-06-13T02:22:16.208976197Z stdout F -A ISTIO_OUTPUT -s 127.0.0.6/32 -o lo -j RETURN
2022-06-13T02:22:16.208978479Z stdout F -A ISTIO_OUTPUT ! -d 127.0.0.1/32 -o lo -m owner --uid-owner 1337 -j ISTIO_IN_REDIRECT
2022-06-13T02:22:16.208980322Z stdout F -A ISTIO_OUTPUT -o lo -m owner ! --uid-owner 1337 -j RETURN
2022-06-13T02:22:16.208982136Z stdout F -A ISTIO_OUTPUT -m owner --uid-owner 1337 -j RETURN
2022-06-13T02:22:16.208984096Z stdout F -A ISTIO_OUTPUT ! -d 127.0.0.1/32 -o lo -m owner --gid-owner 1337 -j ISTIO_IN_REDIRECT
2022-06-13T02:22:16.208985924Z stdout F -A ISTIO_OUTPUT -o lo -m owner ! --gid-owner 1337 -j RETURN
2022-06-13T02:22:16.208987741Z stdout F -A ISTIO_OUTPUT -m owner --gid-owner 1337 -j RETURN
2022-06-13T02:22:16.208989596Z stdout F -A ISTIO_OUTPUT -d 127.0.0.1/32 -j RETURN
2022-06-13T02:22:16.208991459Z stdout F -A ISTIO_OUTPUT -j ISTIO_REDIRECT
2022-06-13T02:22:16.208993307Z stdout F -A ISTIO_REDIRECT -p tcp -j REDIRECT --to-ports 15001
2022-06-13T02:22:16.208995374Z stdout F COMMIT
2022-06-13T02:22:16.20899736Z stdout F # Completed on Mon Jun 13 02:22:16 2022
2022-06-13T02:22:16.208999234Z stdout F 
