2022-06-13T02:22:15.482009208Z stdout F 2022-06-13T02:22:15.481386Z	info	Istio iptables environment:
2022-06-13T02:22:15.482038001Z stdout F ENVOY_PORT=
2022-06-13T02:22:15.482043122Z stdout F INBOUND_CAPTURE_PORT=
2022-06-13T02:22:15.482046199Z stdout F ISTIO_INBOUND_INTERCEPTION_MODE=
2022-06-13T02:22:15.48204891Z stdout F ISTIO_INBOUND_TPROXY_ROUTE_TABLE=
2022-06-13T02:22:15.482051539Z stdout F ISTIO_INBOUND_PORTS=
2022-06-13T02:22:15.482054476Z stdout F ISTIO_OUTBOUND_PORTS=
2022-06-13T02:22:15.482057232Z stdout F ISTIO_LOCAL_EXCLUDE_PORTS=
2022-06-13T02:22:15.482059593Z stdout F ISTIO_EXCLUDE_INTERFACES=
2022-06-13T02:22:15.48206199Z stdout F ISTIO_SERVICE_CIDR=
2022-06-13T02:22:15.482064419Z stdout F ISTIO_SERVICE_EXCLUDE_CIDR=
2022-06-13T02:22:15.482066787Z stdout F ISTIO_META_DNS_CAPTURE=
2022-06-13T02:22:15.482069302Z stdout F INVALID_DROP=
2022-06-13T02:22:15.482071646Z stdout F 
2022-06-13T02:22:15.482074164Z stdout F 2022-06-13T02:22:15.481456Z	info	Istio iptables variables:
2022-06-13T02:22:15.482076536Z stdout F PROXY_PORT=15001
2022-06-13T02:22:15.482078961Z stdout F PROXY_INBOUND_CAPTURE_PORT=15006
2022-06-13T02:22:15.482081407Z stdout F PROXY_TUNNEL_PORT=15008
2022-06-13T02:22:15.482083776Z stdout F PROXY_UID=1337
2022-06-13T02:22:15.482086367Z stdout F PROXY_GID=1337
2022-06-13T02:22:15.482088864Z stdout F INBOUND_INTERCEPTION_MODE=REDIRECT
2022-06-13T02:22:15.482091309Z stdout F INBOUND_TPROXY_MARK=1337
2022-06-13T02:22:15.482093799Z stdout F INBOUND_TPROXY_ROUTE_TABLE=133
2022-06-13T02:22:15.482096236Z stdout F INBOUND_PORTS_INCLUDE=*
2022-06-13T02:22:15.482098625Z stdout F INBOUND_PORTS_EXCLUDE=15090,15021,15020
2022-06-13T02:22:15.48210109Z stdout F OUTBOUND_IP_RANGES_INCLUDE=*
2022-06-13T02:22:15.482103516Z stdout F OUTBOUND_IP_RANGES_EXCLUDE=
2022-06-13T02:22:15.482106617Z stdout F OUTBOUND_PORTS_INCLUDE=
2022-06-13T02:22:15.482110472Z stdout F OUTBOUND_PORTS_EXCLUDE=
2022-06-13T02:22:15.48211434Z stdout F KUBE_VIRT_INTERFACES=
2022-06-13T02:22:15.482119Z stdout F ENABLE_INBOUND_IPV6=false
2022-06-13T02:22:15.482128029Z stdout F DNS_CAPTURE=false
2022-06-13T02:22:15.482135179Z stdout F DROP_INVALID=false
2022-06-13T02:22:15.482144384Z stdout F CAPTURE_ALL_DNS=false
2022-06-13T02:22:15.482155663Z stdout F DNS_SERVERS=[],[]
2022-06-13T02:22:15.482168042Z stdout F OUTPUT_PATH=
2022-06-13T02:22:15.482175778Z stdout F NETWORK_NAMESPACE=
2022-06-13T02:22:15.482185286Z stdout F CNI_MODE=false
2022-06-13T02:22:15.482192991Z stdout F EXCLUDE_INTERFACES=
2022-06-13T02:22:15.482201923Z stdout F 
2022-06-13T02:22:15.48222146Z stdout F 2022-06-13T02:22:15.482035Z	info	Writing following contents to rules file: /tmp/iptables-rules-1655086935481551098.txt1149018494
2022-06-13T02:22:15.48222781Z stdout F * nat
2022-06-13T02:22:15.482232453Z stdout F -N ISTIO_INBOUND
2022-06-13T02:22:15.482236972Z stdout F -N ISTIO_REDIRECT
2022-06-13T02:22:15.482241504Z stdout F -N ISTIO_IN_REDIRECT
2022-06-13T02:22:15.482258496Z stdout F -N ISTIO_OUTPUT
2022-06-13T02:22:15.482262719Z stdout F -A ISTIO_INBOUND -p tcp --dport 15008 -j RETURN
2022-06-13T02:22:15.482265438Z stdout F -A ISTIO_REDIRECT -p tcp -j REDIRECT --to-ports 15001
2022-06-13T02:22:15.482267838Z stdout F -A ISTIO_IN_REDIRECT -p tcp -j REDIRECT --to-ports 15006
2022-06-13T02:22:15.482270268Z stdout F -A PREROUTING -p tcp -j ISTIO_INBOUND
2022-06-13T02:22:15.482305446Z stdout F -A ISTIO_INBOUND -p tcp --dport 15090 -j RETURN
2022-06-13T02:22:15.482321278Z stdout F -A ISTIO_INBOUND -p tcp --dport 15021 -j RETURN
2022-06-13T02:22:15.482328409Z stdout F -A ISTIO_INBOUND -p tcp --dport 15020 -j RETURN
2022-06-13T02:22:15.482337596Z stdout F -A ISTIO_INBOUND -p tcp -j ISTIO_IN_REDIRECT
2022-06-13T02:22:15.482345709Z stdout F -A OUTPUT -p tcp -j ISTIO_OUTPUT
2022-06-13T02:22:15.482389867Z stdout F -A ISTIO_OUTPUT -o lo -s 127.0.0.6/32 -j RETURN
2022-06-13T02:22:15.482399244Z stdout F -A ISTIO_OUTPUT -o lo ! -d 127.0.0.1/32 -m owner --uid-owner 1337 -j ISTIO_IN_REDIRECT
2022-06-13T02:22:15.482403704Z stdout F -A ISTIO_OUTPUT -o lo -m owner ! --uid-owner 1337 -j RETURN
2022-06-13T02:22:15.482407866Z stdout F -A ISTIO_OUTPUT -m owner --uid-owner 1337 -j RETURN
2022-06-13T02:22:15.482419092Z stdout F -A ISTIO_OUTPUT -o lo ! -d 127.0.0.1/32 -m owner --gid-owner 1337 -j ISTIO_IN_REDIRECT
2022-06-13T02:22:15.482422257Z stdout F -A ISTIO_OUTPUT -o lo -m owner ! --gid-owner 1337 -j RETURN
2022-06-13T02:22:15.482424821Z stdout F -A ISTIO_OUTPUT -m owner --gid-owner 1337 -j RETURN
2022-06-13T02:22:15.482427249Z stdout F -A ISTIO_OUTPUT -d 127.0.0.1/32 -j RETURN
2022-06-13T02:22:15.482429681Z stdout F -A ISTIO_OUTPUT -j ISTIO_REDIRECT
2022-06-13T02:22:15.482432235Z stdout F COMMIT
2022-06-13T02:22:15.482479044Z stdout F 2022-06-13T02:22:15.482115Z	info	Running command: iptables-restore --noflush /tmp/iptables-rules-1655086935481551098.txt1149018494
2022-06-13T02:22:15.513423797Z stdout F 2022-06-13T02:22:15.512596Z	info	Writing following contents to rules file: /tmp/ip6tables-rules-1655086935512535850.txt3256516452
2022-06-13T02:22:15.513495546Z stdout F 
2022-06-13T02:22:15.513508359Z stdout F 2022-06-13T02:22:15.512671Z	info	Running command: ip6tables-restore --noflush /tmp/ip6tables-rules-1655086935512535850.txt3256516452
2022-06-13T02:22:15.515107616Z stdout F 2022-06-13T02:22:15.514938Z	info	Running command: iptables-save 
2022-06-13T02:22:15.519839493Z stdout F 2022-06-13T02:22:15.519368Z	info	Command output: 
2022-06-13T02:22:15.519862103Z stdout F # Generated by iptables-save v1.8.4 on Mon Jun 13 02:22:15 2022
2022-06-13T02:22:15.519869174Z stdout F *nat
2022-06-13T02:22:15.519872491Z stdout F :PREROUTING ACCEPT [0:0]
2022-06-13T02:22:15.519875Z stdout F :INPUT ACCEPT [0:0]
2022-06-13T02:22:15.519877761Z stdout F :OUTPUT ACCEPT [0:0]
2022-06-13T02:22:15.519880632Z stdout F :POSTROUTING ACCEPT [0:0]
2022-06-13T02:22:15.519883068Z stdout F :ISTIO_INBOUND - [0:0]
2022-06-13T02:22:15.519885548Z stdout F :ISTIO_IN_REDIRECT - [0:0]
2022-06-13T02:22:15.519888009Z stdout F :ISTIO_OUTPUT - [0:0]
2022-06-13T02:22:15.519890571Z stdout F :ISTIO_REDIRECT - [0:0]
2022-06-13T02:22:15.5198933Z stdout F -A PREROUTING -p tcp -j ISTIO_INBOUND
2022-06-13T02:22:15.519895786Z stdout F -A OUTPUT -p tcp -j ISTIO_OUTPUT
2022-06-13T02:22:15.519898223Z stdout F -A ISTIO_INBOUND -p tcp -m tcp --dport 15008 -j RETURN
2022-06-13T02:22:15.519900649Z stdout F -A ISTIO_INBOUND -p tcp -m tcp --dport 15090 -j RETURN
2022-06-13T02:22:15.519903045Z stdout F -A ISTIO_INBOUND -p tcp -m tcp --dport 15021 -j RETURN
2022-06-13T02:22:15.519905467Z stdout F -A ISTIO_INBOUND -p tcp -m tcp --dport 15020 -j RETURN
2022-06-13T02:22:15.519907868Z stdout F -A ISTIO_INBOUND -p tcp -j ISTIO_IN_REDIRECT
2022-06-13T02:22:15.519910412Z stdout F -A ISTIO_IN_REDIRECT -p tcp -j REDIRECT --to-ports 15006
2022-06-13T02:22:15.519912922Z stdout F -A ISTIO_OUTPUT -s 127.0.0.6/32 -o lo -j RETURN
2022-06-13T02:22:15.519915964Z stdout F -A ISTIO_OUTPUT ! -d 127.0.0.1/32 -o lo -m owner --uid-owner 1337 -j ISTIO_IN_REDIRECT
2022-06-13T02:22:15.519918446Z stdout F -A ISTIO_OUTPUT -o lo -m owner ! --uid-owner 1337 -j RETURN
2022-06-13T02:22:15.519920869Z stdout F -A ISTIO_OUTPUT -m owner --uid-owner 1337 -j RETURN
2022-06-13T02:22:15.519923434Z stdout F -A ISTIO_OUTPUT ! -d 127.0.0.1/32 -o lo -m owner --gid-owner 1337 -j ISTIO_IN_REDIRECT
2022-06-13T02:22:15.519926022Z stdout F -A ISTIO_OUTPUT -o lo -m owner ! --gid-owner 1337 -j RETURN
2022-06-13T02:22:15.519928456Z stdout F -A ISTIO_OUTPUT -m owner --gid-owner 1337 -j RETURN
2022-06-13T02:22:15.519931004Z stdout F -A ISTIO_OUTPUT -d 127.0.0.1/32 -j RETURN
2022-06-13T02:22:15.519933452Z stdout F -A ISTIO_OUTPUT -j ISTIO_REDIRECT
2022-06-13T02:22:15.519935892Z stdout F -A ISTIO_REDIRECT -p tcp -j REDIRECT --to-ports 15001
2022-06-13T02:22:15.519938479Z stdout F COMMIT
2022-06-13T02:22:15.519941104Z stdout F # Completed on Mon Jun 13 02:22:15 2022
2022-06-13T02:22:15.519943482Z stdout F 
