2022-06-13T02:22:18.917013321Z stdout F 2022-06-13T02:22:18.916632Z	info	Istio iptables environment:
2022-06-13T02:22:18.917061913Z stdout F ENVOY_PORT=
2022-06-13T02:22:18.917075379Z stdout F INBOUND_CAPTURE_PORT=
2022-06-13T02:22:18.917085615Z stdout F ISTIO_INBOUND_INTERCEPTION_MODE=
2022-06-13T02:22:18.91709142Z stdout F ISTIO_INBOUND_TPROXY_ROUTE_TABLE=
2022-06-13T02:22:18.91709568Z stdout F ISTIO_INBOUND_PORTS=
2022-06-13T02:22:18.917122832Z stdout F ISTIO_OUTBOUND_PORTS=
2022-06-13T02:22:18.917138088Z stdout F ISTIO_LOCAL_EXCLUDE_PORTS=
2022-06-13T02:22:18.917144146Z stdout F ISTIO_EXCLUDE_INTERFACES=
2022-06-13T02:22:18.917156516Z stdout F ISTIO_SERVICE_CIDR=
2022-06-13T02:22:18.917165417Z stdout F ISTIO_SERVICE_EXCLUDE_CIDR=
2022-06-13T02:22:18.917170113Z stdout F ISTIO_META_DNS_CAPTURE=
2022-06-13T02:22:18.917174176Z stdout F INVALID_DROP=
2022-06-13T02:22:18.917192005Z stdout F 
2022-06-13T02:22:18.917197609Z stdout F 2022-06-13T02:22:18.916715Z	info	Istio iptables variables:
2022-06-13T02:22:18.917201945Z stdout F PROXY_PORT=15001
2022-06-13T02:22:18.917205372Z stdout F PROXY_INBOUND_CAPTURE_PORT=15006
2022-06-13T02:22:18.917207766Z stdout F PROXY_TUNNEL_PORT=15008
2022-06-13T02:22:18.917212275Z stdout F PROXY_UID=1337
2022-06-13T02:22:18.917214901Z stdout F PROXY_GID=1337
2022-06-13T02:22:18.917217348Z stdout F INBOUND_INTERCEPTION_MODE=REDIRECT
2022-06-13T02:22:18.917219704Z stdout F INBOUND_TPROXY_MARK=1337
2022-06-13T02:22:18.917222033Z stdout F INBOUND_TPROXY_ROUTE_TABLE=133
2022-06-13T02:22:18.91722434Z stdout F INBOUND_PORTS_INCLUDE=*
2022-06-13T02:22:18.917226839Z stdout F INBOUND_PORTS_EXCLUDE=15090,15021,15020
2022-06-13T02:22:18.917229183Z stdout F OUTBOUND_IP_RANGES_INCLUDE=*
2022-06-13T02:22:18.917231537Z stdout F OUTBOUND_IP_RANGES_EXCLUDE=
2022-06-13T02:22:18.917233845Z stdout F OUTBOUND_PORTS_INCLUDE=
2022-06-13T02:22:18.917236195Z stdout F OUTBOUND_PORTS_EXCLUDE=
2022-06-13T02:22:18.917238527Z stdout F KUBE_VIRT_INTERFACES=
2022-06-13T02:22:18.9172409Z stdout F ENABLE_INBOUND_IPV6=false
2022-06-13T02:22:18.917243333Z stdout F DNS_CAPTURE=false
2022-06-13T02:22:18.917245789Z stdout F DROP_INVALID=false
2022-06-13T02:22:18.91724816Z stdout F CAPTURE_ALL_DNS=false
2022-06-13T02:22:18.917250519Z stdout F DNS_SERVERS=[],[]
2022-06-13T02:22:18.917252915Z stdout F OUTPUT_PATH=
2022-06-13T02:22:18.917255307Z stdout F NETWORK_NAMESPACE=
2022-06-13T02:22:18.917257685Z stdout F CNI_MODE=false
2022-06-13T02:22:18.917260095Z stdout F EXCLUDE_INTERFACES=
2022-06-13T02:22:18.917262389Z stdout F 
2022-06-13T02:22:18.917584939Z stdout F 2022-06-13T02:22:18.917429Z	info	Writing following contents to rules file: /tmp/iptables-rules-1655086938916786734.txt514837226
2022-06-13T02:22:18.91760076Z stdout F * nat
2022-06-13T02:22:18.917605053Z stdout F -N ISTIO_INBOUND
2022-06-13T02:22:18.917607847Z stdout F -N ISTIO_REDIRECT
2022-06-13T02:22:18.917610316Z stdout F -N ISTIO_IN_REDIRECT
2022-06-13T02:22:18.917612785Z stdout F -N ISTIO_OUTPUT
2022-06-13T02:22:18.917615427Z stdout F -A ISTIO_INBOUND -p tcp --dport 15008 -j RETURN
2022-06-13T02:22:18.917618257Z stdout F -A ISTIO_REDIRECT -p tcp -j REDIRECT --to-ports 15001
2022-06-13T02:22:18.917620649Z stdout F -A ISTIO_IN_REDIRECT -p tcp -j REDIRECT --to-ports 15006
2022-06-13T02:22:18.917622973Z stdout F -A PREROUTING -p tcp -j ISTIO_INBOUND
2022-06-13T02:22:18.917625424Z stdout F -A ISTIO_INBOUND -p tcp --dport 15090 -j RETURN
2022-06-13T02:22:18.917628962Z stdout F -A ISTIO_INBOUND -p tcp --dport 15021 -j RETURN
2022-06-13T02:22:18.917632755Z stdout F -A ISTIO_INBOUND -p tcp --dport 15020 -j RETURN
2022-06-13T02:22:18.917636688Z stdout F -A ISTIO_INBOUND -p tcp -j ISTIO_IN_REDIRECT
2022-06-13T02:22:18.917640648Z stdout F -A OUTPUT -p tcp -j ISTIO_OUTPUT
2022-06-13T02:22:18.917643275Z stdout F -A ISTIO_OUTPUT -o lo -s 127.0.0.6/32 -j RETURN
2022-06-13T02:22:18.917646123Z stdout F -A ISTIO_OUTPUT -o lo ! -d 127.0.0.1/32 -m owner --uid-owner 1337 -j ISTIO_IN_REDIRECT
2022-06-13T02:22:18.917648646Z stdout F -A ISTIO_OUTPUT -o lo -m owner ! --uid-owner 1337 -j RETURN
2022-06-13T02:22:18.917651067Z stdout F -A ISTIO_OUTPUT -m owner --uid-owner 1337 -j RETURN
2022-06-13T02:22:18.91766445Z stdout F -A ISTIO_OUTPUT -o lo ! -d 127.0.0.1/32 -m owner --gid-owner 1337 -j ISTIO_IN_REDIRECT
2022-06-13T02:22:18.917669669Z stdout F -A ISTIO_OUTPUT -o lo -m owner ! --gid-owner 1337 -j RETURN
2022-06-13T02:22:18.917674112Z stdout F -A ISTIO_OUTPUT -m owner --gid-owner 1337 -j RETURN
2022-06-13T02:22:18.917677368Z stdout F -A ISTIO_OUTPUT -d 127.0.0.1/32 -j RETURN
2022-06-13T02:22:18.917679946Z stdout F -A ISTIO_OUTPUT -j ISTIO_REDIRECT
2022-06-13T02:22:18.917682413Z stdout F COMMIT
2022-06-13T02:22:18.917685493Z stdout F 2022-06-13T02:22:18.917493Z	info	Running command: iptables-restore --noflush /tmp/iptables-rules-1655086938916786734.txt514837226
2022-06-13T02:22:18.921273374Z stdout F 2022-06-13T02:22:18.921073Z	info	Writing following contents to rules file: /tmp/ip6tables-rules-1655086938920960065.txt1741678926
2022-06-13T02:22:18.921290282Z stdout F 
2022-06-13T02:22:18.921293801Z stdout F 2022-06-13T02:22:18.921121Z	info	Running command: ip6tables-restore --noflush /tmp/ip6tables-rules-1655086938920960065.txt1741678926
2022-06-13T02:22:18.923495968Z stdout F 2022-06-13T02:22:18.923260Z	info	Running command: iptables-save 
2022-06-13T02:22:18.926778963Z stdout F 2022-06-13T02:22:18.926571Z	info	Command output: 
2022-06-13T02:22:18.926796588Z stdout F # Generated by iptables-save v1.8.4 on Mon Jun 13 02:22:18 2022
2022-06-13T02:22:18.926800621Z stdout F *nat
2022-06-13T02:22:18.92680365Z stdout F :PREROUTING ACCEPT [0:0]
2022-06-13T02:22:18.926806157Z stdout F :INPUT ACCEPT [0:0]
2022-06-13T02:22:18.926808596Z stdout F :OUTPUT ACCEPT [0:0]
2022-06-13T02:22:18.926811542Z stdout F :POSTROUTING ACCEPT [0:0]
2022-06-13T02:22:18.926813905Z stdout F :ISTIO_INBOUND - [0:0]
2022-06-13T02:22:18.926816269Z stdout F :ISTIO_IN_REDIRECT - [0:0]
2022-06-13T02:22:18.926818786Z stdout F :ISTIO_OUTPUT - [0:0]
2022-06-13T02:22:18.926821193Z stdout F :ISTIO_REDIRECT - [0:0]
2022-06-13T02:22:18.926824063Z stdout F -A PREROUTING -p tcp -j ISTIO_INBOUND
2022-06-13T02:22:18.926826381Z stdout F -A OUTPUT -p tcp -j ISTIO_OUTPUT
2022-06-13T02:22:18.92682868Z stdout F -A ISTIO_INBOUND -p tcp -m tcp --dport 15008 -j RETURN
2022-06-13T02:22:18.92683112Z stdout F -A ISTIO_INBOUND -p tcp -m tcp --dport 15090 -j RETURN
2022-06-13T02:22:18.926833462Z stdout F -A ISTIO_INBOUND -p tcp -m tcp --dport 15021 -j RETURN
2022-06-13T02:22:18.926835782Z stdout F -A ISTIO_INBOUND -p tcp -m tcp --dport 15020 -j RETURN
2022-06-13T02:22:18.926838101Z stdout F -A ISTIO_INBOUND -p tcp -j ISTIO_IN_REDIRECT
2022-06-13T02:22:18.926840404Z stdout F -A ISTIO_IN_REDIRECT -p tcp -j REDIRECT --to-ports 15006
2022-06-13T02:22:18.926842653Z stdout F -A ISTIO_OUTPUT -s 127.0.0.6/32 -o lo -j RETURN
2022-06-13T02:22:18.926845189Z stdout F -A ISTIO_OUTPUT ! -d 127.0.0.1/32 -o lo -m owner --uid-owner 1337 -j ISTIO_IN_REDIRECT
2022-06-13T02:22:18.926847495Z stdout F -A ISTIO_OUTPUT -o lo -m owner ! --uid-owner 1337 -j RETURN
2022-06-13T02:22:18.926849823Z stdout F -A ISTIO_OUTPUT -m owner --uid-owner 1337 -j RETURN
2022-06-13T02:22:18.92685216Z stdout F -A ISTIO_OUTPUT ! -d 127.0.0.1/32 -o lo -m owner --gid-owner 1337 -j ISTIO_IN_REDIRECT
2022-06-13T02:22:18.926854444Z stdout F -A ISTIO_OUTPUT -o lo -m owner ! --gid-owner 1337 -j RETURN
2022-06-13T02:22:18.9268567Z stdout F -A ISTIO_OUTPUT -m owner --gid-owner 1337 -j RETURN
2022-06-13T02:22:18.926859074Z stdout F -A ISTIO_OUTPUT -d 127.0.0.1/32 -j RETURN
2022-06-13T02:22:18.926861375Z stdout F -A ISTIO_OUTPUT -j ISTIO_REDIRECT
2022-06-13T02:22:18.926863677Z stdout F -A ISTIO_REDIRECT -p tcp -j REDIRECT --to-ports 15001
2022-06-13T02:22:18.926866034Z stdout F COMMIT
2022-06-13T02:22:18.926868569Z stdout F # Completed on Mon Jun 13 02:22:18 2022
2022-06-13T02:22:18.926870809Z stdout F 
