2022-06-13T02:22:26.354136217Z stdout F 2022-06-13T02:22:26.349965Z	info	Istio iptables environment:
2022-06-13T02:22:26.354185692Z stdout F ENVOY_PORT=
2022-06-13T02:22:26.354189977Z stdout F INBOUND_CAPTURE_PORT=
2022-06-13T02:22:26.354192637Z stdout F ISTIO_INBOUND_INTERCEPTION_MODE=
2022-06-13T02:22:26.354195033Z stdout F ISTIO_INBOUND_TPROXY_ROUTE_TABLE=
2022-06-13T02:22:26.35419696Z stdout F ISTIO_INBOUND_PORTS=
2022-06-13T02:22:26.354199057Z stdout F ISTIO_OUTBOUND_PORTS=
2022-06-13T02:22:26.354201005Z stdout F ISTIO_LOCAL_EXCLUDE_PORTS=
2022-06-13T02:22:26.354202937Z stdout F ISTIO_EXCLUDE_INTERFACES=
2022-06-13T02:22:26.354219752Z stdout F ISTIO_SERVICE_CIDR=
2022-06-13T02:22:26.354221542Z stdout F ISTIO_SERVICE_EXCLUDE_CIDR=
2022-06-13T02:22:26.354223323Z stdout F ISTIO_META_DNS_CAPTURE=
2022-06-13T02:22:26.354225098Z stdout F INVALID_DROP=
2022-06-13T02:22:26.3542268Z stdout F 
2022-06-13T02:22:26.354249551Z stdout F 2022-06-13T02:22:26.350007Z	info	Istio iptables variables:
2022-06-13T02:22:26.35425146Z stdout F PROXY_PORT=15001
2022-06-13T02:22:26.354253417Z stdout F PROXY_INBOUND_CAPTURE_PORT=15006
2022-06-13T02:22:26.354255329Z stdout F PROXY_TUNNEL_PORT=15008
2022-06-13T02:22:26.354257279Z stdout F PROXY_UID=1337
2022-06-13T02:22:26.354259194Z stdout F PROXY_GID=1337
2022-06-13T02:22:26.354261131Z stdout F INBOUND_INTERCEPTION_MODE=REDIRECT
2022-06-13T02:22:26.354263045Z stdout F INBOUND_TPROXY_MARK=1337
2022-06-13T02:22:26.354265011Z stdout F INBOUND_TPROXY_ROUTE_TABLE=133
2022-06-13T02:22:26.354266878Z stdout F INBOUND_PORTS_INCLUDE=*
2022-06-13T02:22:26.354268785Z stdout F INBOUND_PORTS_EXCLUDE=15090,15021,15020
2022-06-13T02:22:26.354270707Z stdout F OUTBOUND_IP_RANGES_INCLUDE=*
2022-06-13T02:22:26.354272599Z stdout F OUTBOUND_IP_RANGES_EXCLUDE=
2022-06-13T02:22:26.354274471Z stdout F OUTBOUND_PORTS_INCLUDE=
2022-06-13T02:22:26.354276353Z stdout F OUTBOUND_PORTS_EXCLUDE=
2022-06-13T02:22:26.354278403Z stdout F KUBE_VIRT_INTERFACES=
2022-06-13T02:22:26.354281713Z stdout F ENABLE_INBOUND_IPV6=false
2022-06-13T02:22:26.354284391Z stdout F DNS_CAPTURE=false
2022-06-13T02:22:26.3542863Z stdout F DROP_INVALID=false
2022-06-13T02:22:26.354288212Z stdout F CAPTURE_ALL_DNS=false
2022-06-13T02:22:26.354290121Z stdout F DNS_SERVERS=[],[]
2022-06-13T02:22:26.354292066Z stdout F OUTPUT_PATH=
2022-06-13T02:22:26.354293971Z stdout F NETWORK_NAMESPACE=
2022-06-13T02:22:26.35429588Z stdout F CNI_MODE=false
2022-06-13T02:22:26.354312538Z stdout F EXCLUDE_INTERFACES=
2022-06-13T02:22:26.354314255Z stdout F 
2022-06-13T02:22:26.354316748Z stdout F 2022-06-13T02:22:26.350257Z	info	Writing following contents to rules file: /tmp/iptables-rules-1655086946350055491.txt1735015123
2022-06-13T02:22:26.354318523Z stdout F * nat
2022-06-13T02:22:26.354320324Z stdout F -N ISTIO_INBOUND
2022-06-13T02:22:26.3543427Z stdout F -N ISTIO_REDIRECT
2022-06-13T02:22:26.354344582Z stdout F -N ISTIO_IN_REDIRECT
2022-06-13T02:22:26.354346588Z stdout F -N ISTIO_OUTPUT
2022-06-13T02:22:26.354348785Z stdout F -A ISTIO_INBOUND -p tcp --dport 15008 -j RETURN
2022-06-13T02:22:26.354351619Z stdout F -A ISTIO_REDIRECT -p tcp -j REDIRECT --to-ports 15001
2022-06-13T02:22:26.354353555Z stdout F -A ISTIO_IN_REDIRECT -p tcp -j REDIRECT --to-ports 15006
2022-06-13T02:22:26.354355404Z stdout F -A PREROUTING -p tcp -j ISTIO_INBOUND
2022-06-13T02:22:26.354357653Z stdout F -A ISTIO_INBOUND -p tcp --dport 15090 -j RETURN
2022-06-13T02:22:26.354359549Z stdout F -A ISTIO_INBOUND -p tcp --dport 15021 -j RETURN
2022-06-13T02:22:26.354361431Z stdout F -A ISTIO_INBOUND -p tcp --dport 15020 -j RETURN
2022-06-13T02:22:26.354363311Z stdout F -A ISTIO_INBOUND -p tcp -j ISTIO_IN_REDIRECT
2022-06-13T02:22:26.354365286Z stdout F -A OUTPUT -p tcp -j ISTIO_OUTPUT
2022-06-13T02:22:26.354367184Z stdout F -A ISTIO_OUTPUT -o lo -s 127.0.0.6/32 -j RETURN
2022-06-13T02:22:26.354369404Z stdout F -A ISTIO_OUTPUT -o lo ! -d 127.0.0.1/32 -m owner --uid-owner 1337 -j ISTIO_IN_REDIRECT
2022-06-13T02:22:26.354371244Z stdout F -A ISTIO_OUTPUT -o lo -m owner ! --uid-owner 1337 -j RETURN
2022-06-13T02:22:26.354373091Z stdout F -A ISTIO_OUTPUT -m owner --uid-owner 1337 -j RETURN
2022-06-13T02:22:26.354379305Z stdout F -A ISTIO_OUTPUT -o lo ! -d 127.0.0.1/32 -m owner --gid-owner 1337 -j ISTIO_IN_REDIRECT
2022-06-13T02:22:26.354382686Z stdout F -A ISTIO_OUTPUT -o lo -m owner ! --gid-owner 1337 -j RETURN
2022-06-13T02:22:26.354384512Z stdout F -A ISTIO_OUTPUT -m owner --gid-owner 1337 -j RETURN
2022-06-13T02:22:26.354386483Z stdout F -A ISTIO_OUTPUT -d 127.0.0.1/32 -j RETURN
2022-06-13T02:22:26.354388792Z stdout F -A ISTIO_OUTPUT -j ISTIO_REDIRECT
2022-06-13T02:22:26.354391288Z stdout F COMMIT
2022-06-13T02:22:26.354393737Z stdout F 2022-06-13T02:22:26.350279Z	info	Running command: iptables-restore --noflush /tmp/iptables-rules-1655086946350055491.txt1735015123
2022-06-13T02:22:26.355694319Z stdout F 2022-06-13T02:22:26.354990Z	info	Writing following contents to rules file: /tmp/ip6tables-rules-1655086946354905480.txt4255447925
2022-06-13T02:22:26.355707746Z stdout F 
2022-06-13T02:22:26.355710718Z stdout F 2022-06-13T02:22:26.355052Z	info	Running command: ip6tables-restore --noflush /tmp/ip6tables-rules-1655086946354905480.txt4255447925
2022-06-13T02:22:26.358784588Z stdout F 2022-06-13T02:22:26.358273Z	info	Running command: iptables-save 
2022-06-13T02:22:26.363193689Z stdout F 2022-06-13T02:22:26.362851Z	info	Command output: 
2022-06-13T02:22:26.363329512Z stdout F # Generated by iptables-save v1.8.4 on Mon Jun 13 02:22:26 2022
2022-06-13T02:22:26.363350045Z stdout F *nat
2022-06-13T02:22:26.363352753Z stdout F :PREROUTING ACCEPT [0:0]
2022-06-13T02:22:26.36335482Z stdout F :INPUT ACCEPT [0:0]
2022-06-13T02:22:26.363356958Z stdout F :OUTPUT ACCEPT [0:0]
2022-06-13T02:22:26.363360034Z stdout F :POSTROUTING ACCEPT [0:0]
2022-06-13T02:22:26.363363032Z stdout F :ISTIO_INBOUND - [0:0]
2022-06-13T02:22:26.363366232Z stdout F :ISTIO_IN_REDIRECT - [0:0]
2022-06-13T02:22:26.363370187Z stdout F :ISTIO_OUTPUT - [0:0]
2022-06-13T02:22:26.363377529Z stdout F :ISTIO_REDIRECT - [0:0]
2022-06-13T02:22:26.363383259Z stdout F -A PREROUTING -p tcp -j ISTIO_INBOUND
2022-06-13T02:22:26.363392237Z stdout F -A OUTPUT -p tcp -j ISTIO_OUTPUT
2022-06-13T02:22:26.363396502Z stdout F -A ISTIO_INBOUND -p tcp -m tcp --dport 15008 -j RETURN
2022-06-13T02:22:26.363411171Z stdout F -A ISTIO_INBOUND -p tcp -m tcp --dport 15090 -j RETURN
2022-06-13T02:22:26.363419679Z stdout F -A ISTIO_INBOUND -p tcp -m tcp --dport 15021 -j RETURN
2022-06-13T02:22:26.363423234Z stdout F -A ISTIO_INBOUND -p tcp -m tcp --dport 15020 -j RETURN
2022-06-13T02:22:26.363425132Z stdout F -A ISTIO_INBOUND -p tcp -j ISTIO_IN_REDIRECT
2022-06-13T02:22:26.363427055Z stdout F -A ISTIO_IN_REDIRECT -p tcp -j REDIRECT --to-ports 15006
2022-06-13T02:22:26.363428887Z stdout F -A ISTIO_OUTPUT -s 127.0.0.6/32 -o lo -j RETURN
2022-06-13T02:22:26.363431109Z stdout F -A ISTIO_OUTPUT ! -d 127.0.0.1/32 -o lo -m owner --uid-owner 1337 -j ISTIO_IN_REDIRECT
2022-06-13T02:22:26.363433194Z stdout F -A ISTIO_OUTPUT -o lo -m owner ! --uid-owner 1337 -j RETURN
2022-06-13T02:22:26.363435037Z stdout F -A ISTIO_OUTPUT -m owner --uid-owner 1337 -j RETURN
2022-06-13T02:22:26.363436966Z stdout F -A ISTIO_OUTPUT ! -d 127.0.0.1/32 -o lo -m owner --gid-owner 1337 -j ISTIO_IN_REDIRECT
2022-06-13T02:22:26.36343885Z stdout F -A ISTIO_OUTPUT -o lo -m owner ! --gid-owner 1337 -j RETURN
2022-06-13T02:22:26.363440713Z stdout F -A ISTIO_OUTPUT -m owner --gid-owner 1337 -j RETURN
2022-06-13T02:22:26.36344258Z stdout F -A ISTIO_OUTPUT -d 127.0.0.1/32 -j RETURN
2022-06-13T02:22:26.363444469Z stdout F -A ISTIO_OUTPUT -j ISTIO_REDIRECT
2022-06-13T02:22:26.363446336Z stdout F -A ISTIO_REDIRECT -p tcp -j REDIRECT --to-ports 15001
2022-06-13T02:22:26.363448645Z stdout F COMMIT
2022-06-13T02:22:26.363450633Z stdout F # Completed on Mon Jun 13 02:22:26 2022
2022-06-13T02:22:26.36345248Z stdout F 
