2022-04-30T04:28:02.254009834Z stdout F 2022-04-30 04:28:02.225197+00:00 [info] <0.228.0> Feature flags: list of feature flags found:
2022-04-30T04:28:02.254090342Z stdout F 2022-04-30 04:28:02.252733+00:00 [info] <0.228.0> Feature flags:   [ ] implicit_default_bindings
2022-04-30T04:28:02.254100693Z stdout F 2022-04-30 04:28:02.252816+00:00 [info] <0.228.0> Feature flags:   [ ] maintenance_mode_status
2022-04-30T04:28:02.254106129Z stdout F 2022-04-30 04:28:02.252872+00:00 [info] <0.228.0> Feature flags:   [ ] quorum_queue
2022-04-30T04:28:02.254110958Z stdout F 2022-04-30 04:28:02.252909+00:00 [info] <0.228.0> Feature flags:   [ ] stream_queue
2022-04-30T04:28:02.254116172Z stdout F 2022-04-30 04:28:02.252963+00:00 [info] <0.228.0> Feature flags:   [ ] user_limits
2022-04-30T04:28:02.254120945Z stdout F 2022-04-30 04:28:02.252997+00:00 [info] <0.228.0> Feature flags:   [ ] virtual_host_metadata
2022-04-30T04:28:02.2541263Z stdout F 2022-04-30 04:28:02.253031+00:00 [info] <0.228.0> Feature flags: feature flag states written to disk: yes
2022-04-30T04:28:03.05052487Z stdout F 2022-04-30 04:28:03.048947+00:00 [noti] <0.44.0> Application syslog exited with reason: stopped
2022-04-30T04:28:03.05074532Z stdout F 2022-04-30 04:28:03.049240+00:00 [noti] <0.228.0> Logging: switching to configured handler(s); following messages may not be visible in this log output
2022-04-30T04:28:03.082649561Z stdout F [38;5;87m2022-04-30 04:28:03.081664+00:00 [notice] <0.228.0> Logging: configured log handlers are now ACTIVE[0m
2022-04-30T04:28:04.085873021Z stdout F 2022-04-30 04:28:04.084738+00:00 [info] <0.228.0> ra: starting system quorum_queues[0m
2022-04-30T04:28:04.085949766Z stdout F 2022-04-30 04:28:04.084876+00:00 [info] <0.228.0> starting Ra system: quorum_queues in directory: /var/lib/rabbitmq/mnesia/rabbit@rabbitmq-7b954994dc-xkg25/quorum/rabbit@rabbitmq-7b954994dc-xkg25[0m
2022-04-30T04:28:04.221231111Z stdout F 2022-04-30 04:28:04.220211+00:00 [info] <0.265.0> ra system 'quorum_queues' running pre init for 0 registered servers[0m
2022-04-30T04:28:04.247507381Z stdout F 2022-04-30 04:28:04.239997+00:00 [info] <0.266.0> ra: meta data store initialised for system quorum_queues. 0 record(s) recovered[0m
2022-04-30T04:28:04.276124369Z stdout F [38;5;87m2022-04-30 04:28:04.274990+00:00 [notice] <0.271.0> WAL: ra_log_wal init, open tbls: ra_log_open_mem_tables, closed tbls: ra_log_closed_mem_tables[0m
2022-04-30T04:28:04.290594233Z stdout F 2022-04-30 04:28:04.289222+00:00 [info] <0.228.0> ra: starting system coordination[0m
2022-04-30T04:28:04.291225618Z stdout F 2022-04-30 04:28:04.289316+00:00 [info] <0.228.0> starting Ra system: coordination in directory: /var/lib/rabbitmq/mnesia/rabbit@rabbitmq-7b954994dc-xkg25/coordination/rabbit@rabbitmq-7b954994dc-xkg25[0m
2022-04-30T04:28:04.29360217Z stdout F 2022-04-30 04:28:04.292225+00:00 [info] <0.278.0> ra system 'coordination' running pre init for 0 registered servers[0m
2022-04-30T04:28:04.295920422Z stdout F 2022-04-30 04:28:04.294848+00:00 [info] <0.279.0> ra: meta data store initialised for system coordination. 0 record(s) recovered[0m
2022-04-30T04:28:04.296794372Z stdout F [38;5;87m2022-04-30 04:28:04.295331+00:00 [notice] <0.284.0> WAL: ra_coordination_log_wal init, open tbls: ra_coordination_log_open_mem_tables, closed tbls: ra_coordination_log_closed_mem_tables[0m
2022-04-30T04:28:04.301693574Z stdout F 2022-04-30 04:28:04.300768+00:00 [info] <0.228.0> [0m
2022-04-30T04:28:04.30172799Z stdout F 2022-04-30 04:28:04.300768+00:00 [info] <0.228.0>  Starting RabbitMQ 3.9.16 on Erlang 24.3.3 [jit][0m
2022-04-30T04:28:04.301735599Z stdout F 2022-04-30 04:28:04.300768+00:00 [info] <0.228.0>  Copyright (c) 2007-2022 VMware, Inc. or its affiliates.[0m
2022-04-30T04:28:04.301740737Z stdout F 2022-04-30 04:28:04.300768+00:00 [info] <0.228.0>  Licensed under the MPL 2.0. Website: https://rabbitmq.com[0m
2022-04-30T04:28:04.303814972Z stdout F 
2022-04-30T04:28:04.303849277Z stdout F   ##  ##      RabbitMQ 3.9.16
2022-04-30T04:28:04.303858022Z stdout F   ##  ##
2022-04-30T04:28:04.303864261Z stdout F   ##########  Copyright (c) 2007-2022 VMware, Inc. or its affiliates.
2022-04-30T04:28:04.303887309Z stdout F   ######  ##
2022-04-30T04:28:04.303892975Z stdout F   ##########  Licensed under the MPL 2.0. Website: https://rabbitmq.com
2022-04-30T04:28:04.30389746Z stdout F 
2022-04-30T04:28:04.30390225Z stdout F   Erlang:      24.3.3 [jit]
2022-04-30T04:28:04.303907618Z stdout F   TLS Library: OpenSSL - OpenSSL 1.1.1n  15 Mar 2022
2022-04-30T04:28:04.303914409Z stdout F 
2022-04-30T04:28:04.303919176Z stdout F   Doc guides:  https://rabbitmq.com/documentation.html
2022-04-30T04:28:04.30392446Z stdout F   Support:     https://rabbitmq.com/contact.html
2022-04-30T04:28:04.303929034Z stdout F   Tutorials:   https://rabbitmq.com/getstarted.html
2022-04-30T04:28:04.303933483Z stdout F   Monitoring:  https://rabbitmq.com/monitoring.html
2022-04-30T04:28:04.303937779Z stdout F 
2022-04-30T04:28:04.303942215Z stdout F   Logs: /var/log/rabbitmq/rabbit@rabbitmq-7b954994dc-xkg25_upgrade.log
2022-04-30T04:28:04.303946677Z stdout F         <stdout>
2022-04-30T04:28:04.303951023Z stdout F 
2022-04-30T04:28:04.303955532Z stdout F   Config file(s): /etc/rabbitmq/conf.d/10-defaults.conf
2022-04-30T04:28:04.303960403Z stdout F                   /etc/rabbitmq/conf.d/management_agent.disable_metrics_collector.conf
2022-04-30T04:28:04.303964716Z stdout F 
2022-04-30T04:28:04.305157782Z stdout F   Starting broker...2022-04-30 04:28:04.303897+00:00 [info] <0.228.0> [0m
2022-04-30T04:28:04.305316741Z stdout F 2022-04-30 04:28:04.303897+00:00 [info] <0.228.0>  node           : rabbit@rabbitmq-7b954994dc-xkg25[0m
2022-04-30T04:28:04.305351871Z stdout F 2022-04-30 04:28:04.303897+00:00 [info] <0.228.0>  home dir       : /var/lib/rabbitmq[0m
2022-04-30T04:28:04.305369804Z stdout F 2022-04-30 04:28:04.303897+00:00 [info] <0.228.0>  config file(s) : /etc/rabbitmq/conf.d/10-defaults.conf[0m
2022-04-30T04:28:04.305396471Z stdout F 2022-04-30 04:28:04.303897+00:00 [info] <0.228.0>                 : /etc/rabbitmq/conf.d/management_agent.disable_metrics_collector.conf[0m
2022-04-30T04:28:04.305414879Z stdout F 2022-04-30 04:28:04.303897+00:00 [info] <0.228.0>  cookie hash    : W0um6JvKvcz/PpHDK7EeCQ==[0m
2022-04-30T04:28:04.305422639Z stdout F 2022-04-30 04:28:04.303897+00:00 [info] <0.228.0>  log(s)         : /var/log/rabbitmq/rabbit@rabbitmq-7b954994dc-xkg25_upgrade.log[0m
2022-04-30T04:28:04.305428071Z stdout F 2022-04-30 04:28:04.303897+00:00 [info] <0.228.0>                 : <stdout>[0m
2022-04-30T04:28:04.305432794Z stdout F 2022-04-30 04:28:04.303897+00:00 [info] <0.228.0>  database dir   : /var/lib/rabbitmq/mnesia/rabbit@rabbitmq-7b954994dc-xkg25[0m
2022-04-30T04:28:04.572745313Z stdout F 2022-04-30 04:28:04.570688+00:00 [info] <0.228.0> Feature flags: list of feature flags found:[0m
2022-04-30T04:28:04.572793397Z stdout F 2022-04-30 04:28:04.570786+00:00 [info] <0.228.0> Feature flags:   [ ] drop_unroutable_metric[0m
2022-04-30T04:28:04.572846749Z stdout F 2022-04-30 04:28:04.570959+00:00 [info] <0.228.0> Feature flags:   [ ] empty_basic_get_metric[0m
2022-04-30T04:28:04.57285727Z stdout F 2022-04-30 04:28:04.571043+00:00 [info] <0.228.0> Feature flags:   [ ] implicit_default_bindings[0m
2022-04-30T04:28:04.572862202Z stdout F 2022-04-30 04:28:04.571082+00:00 [info] <0.228.0> Feature flags:   [ ] maintenance_mode_status[0m
2022-04-30T04:28:04.572868089Z stdout F 2022-04-30 04:28:04.571239+00:00 [info] <0.228.0> Feature flags:   [ ] quorum_queue[0m
2022-04-30T04:28:04.572872627Z stdout F 2022-04-30 04:28:04.571284+00:00 [info] <0.228.0> Feature flags:   [ ] stream_queue[0m
2022-04-30T04:28:04.57287799Z stdout F 2022-04-30 04:28:04.571347+00:00 [info] <0.228.0> Feature flags:   [ ] user_limits[0m
2022-04-30T04:28:04.572904249Z stdout F 2022-04-30 04:28:04.571408+00:00 [info] <0.228.0> Feature flags:   [ ] virtual_host_metadata[0m
2022-04-30T04:28:04.572911123Z stdout F 2022-04-30 04:28:04.571721+00:00 [info] <0.228.0> Feature flags: feature flag states written to disk: yes[0m
2022-04-30T04:28:13.390080141Z stdout F 2022-04-30 04:28:13.389278+00:00 [info] <0.228.0> Running boot step pre_boot defined by app rabbit[0m
2022-04-30T04:28:13.390137297Z stdout F 2022-04-30 04:28:13.389417+00:00 [info] <0.228.0> Running boot step rabbit_global_counters defined by app rabbit[0m
2022-04-30T04:28:13.390646085Z stdout F 2022-04-30 04:28:13.389957+00:00 [info] <0.228.0> Running boot step rabbit_osiris_metrics defined by app rabbit[0m
2022-04-30T04:28:13.391692307Z stdout F 2022-04-30 04:28:13.390301+00:00 [info] <0.228.0> Running boot step rabbit_core_metrics defined by app rabbit[0m
2022-04-30T04:28:13.391724596Z stdout F 2022-04-30 04:28:13.391356+00:00 [info] <0.228.0> Running boot step rabbit_alarm defined by app rabbit[0m
2022-04-30T04:28:13.400330748Z stdout F 2022-04-30 04:28:13.399378+00:00 [info] <0.300.0> Memory high watermark set to 8814 MiB (9242312704 bytes) of 22035 MiB (23105781760 bytes) total[0m
2022-04-30T04:28:13.408593494Z stdout F 2022-04-30 04:28:13.407869+00:00 [info] <0.302.0> Enabling free disk space monitoring[0m
2022-04-30T04:28:13.408875685Z stdout F 2022-04-30 04:28:13.407959+00:00 [info] <0.302.0> Disk free limit set to 50MB[0m
2022-04-30T04:28:13.416432867Z stdout F 2022-04-30 04:28:13.415480+00:00 [info] <0.228.0> Running boot step code_server_cache defined by app rabbit[0m
2022-04-30T04:28:13.416791155Z stdout F 2022-04-30 04:28:13.415798+00:00 [info] <0.228.0> Running boot step file_handle_cache defined by app rabbit[0m
2022-04-30T04:28:13.41694255Z stdout F 2022-04-30 04:28:13.416251+00:00 [info] <0.307.0> Limiting to approx 1048479 file handles (943629 sockets)[0m
2022-04-30T04:28:13.417063393Z stdout F 2022-04-30 04:28:13.416462+00:00 [info] <0.308.0> FHC read buffering: OFF[0m
2022-04-30T04:28:13.417076734Z stdout F 2022-04-30 04:28:13.416619+00:00 [info] <0.308.0> FHC write buffering: ON[0m
2022-04-30T04:28:13.41837782Z stdout F 2022-04-30 04:28:13.417369+00:00 [info] <0.228.0> Running boot step worker_pool defined by app rabbit[0m
2022-04-30T04:28:13.418400001Z stdout F 2022-04-30 04:28:13.417465+00:00 [info] <0.286.0> Will use 8 processes for default worker pool[0m
2022-04-30T04:28:13.418405401Z stdout F 2022-04-30 04:28:13.417575+00:00 [info] <0.286.0> Starting worker pool 'worker_pool' with 8 processes in it[0m
2022-04-30T04:28:13.419396342Z stdout F 2022-04-30 04:28:13.418832+00:00 [info] <0.228.0> Running boot step database defined by app rabbit[0m
2022-04-30T04:28:13.420335872Z stdout F 2022-04-30 04:28:13.419547+00:00 [info] <0.228.0> Node database directory at /var/lib/rabbitmq/mnesia/rabbit@rabbitmq-7b954994dc-xkg25 is empty. Assuming we need to join an existing cluster or initialise from scratch...[0m
2022-04-30T04:28:13.420353589Z stdout F 2022-04-30 04:28:13.419725+00:00 [info] <0.228.0> Configured peer discovery backend: rabbit_peer_discovery_classic_config[0m
2022-04-30T04:28:13.42036577Z stdout F 2022-04-30 04:28:13.419776+00:00 [info] <0.228.0> Will try to lock with peer discovery backend rabbit_peer_discovery_classic_config[0m
2022-04-30T04:28:13.420371237Z stdout F 2022-04-30 04:28:13.419984+00:00 [info] <0.228.0> All discovered existing cluster peers:[0m
2022-04-30T04:28:13.420375043Z stdout F 2022-04-30 04:28:13.420027+00:00 [info] <0.228.0> Discovered no peer nodes to cluster with. Some discovery backends can filter nodes out based on a readiness criteria. Enabling debug logging might help troubleshoot.[0m
2022-04-30T04:28:13.423972704Z stdout F [38;5;87m2022-04-30 04:28:13.423236+00:00 [notice] <0.44.0> Application mnesia exited with reason: stopped[0m
2022-04-30T04:28:13.556000897Z stdout F 2022-04-30 04:28:13.555277+00:00 [info] <0.228.0> Waiting for Mnesia tables for 30000 ms, 9 retries left[0m
2022-04-30T04:28:13.556074116Z stdout F 2022-04-30 04:28:13.555528+00:00 [info] <0.228.0> Successfully synced tables from a peer[0m
2022-04-30T04:28:13.571532645Z stdout F 2022-04-30 04:28:13.570718+00:00 [info] <0.228.0> Waiting for Mnesia tables for 30000 ms, 9 retries left[0m
2022-04-30T04:28:13.571566532Z stdout F 2022-04-30 04:28:13.570960+00:00 [info] <0.228.0> Successfully synced tables from a peer[0m
2022-04-30T04:28:13.572060843Z stdout F 2022-04-30 04:28:13.571039+00:00 [info] <0.228.0> Feature flag `drop_unroutable_metric`: supported, attempt to enable...[0m
2022-04-30T04:28:13.572083323Z stdout F 2022-04-30 04:28:13.571236+00:00 [info] <0.228.0> Feature flag `drop_unroutable_metric`: mark as enabled=state_changing[0m
2022-04-30T04:28:13.573312626Z stdout F 2022-04-30 04:28:13.572719+00:00 [info] <0.228.0> Feature flags: list of feature flags found:[0m
2022-04-30T04:28:13.573342658Z stdout F 2022-04-30 04:28:13.572839+00:00 [info] <0.228.0> Feature flags:   [~] drop_unroutable_metric[0m
2022-04-30T04:28:13.573348196Z stdout F 2022-04-30 04:28:13.572901+00:00 [info] <0.228.0> Feature flags:   [ ] empty_basic_get_metric[0m
2022-04-30T04:28:13.573351978Z stdout F 2022-04-30 04:28:13.572943+00:00 [info] <0.228.0> Feature flags:   [ ] implicit_default_bindings[0m
2022-04-30T04:28:13.573355484Z stdout F 2022-04-30 04:28:13.572977+00:00 [info] <0.228.0> Feature flags:   [ ] maintenance_mode_status[0m
2022-04-30T04:28:13.573359757Z stdout F 2022-04-30 04:28:13.573013+00:00 [info] <0.228.0> Feature flags:   [ ] quorum_queue[0m
2022-04-30T04:28:13.57410479Z stdout F 2022-04-30 04:28:13.573043+00:00 [info] <0.228.0> Feature flags:   [ ] stream_queue[0m
2022-04-30T04:28:13.574948764Z stdout F 2022-04-30 04:28:13.573107+00:00 [info] <0.228.0> Feature flags:   [ ] user_limits[0m
2022-04-30T04:28:13.575460575Z stdout F 2022-04-30 04:28:13.573579+00:00 [info] <0.228.0> Feature flags:   [ ] virtual_host_metadata[0m
2022-04-30T04:28:13.576110578Z stdout F 2022-04-30 04:28:13.573625+00:00 [info] <0.228.0> Feature flags: feature flag states written to disk: yes[0m
2022-04-30T04:28:13.591651523Z stdout F 2022-04-30 04:28:13.590915+00:00 [info] <0.228.0> Feature flag `drop_unroutable_metric`: mark as enabled=true[0m
2022-04-30T04:28:13.593663108Z stdout F 2022-04-30 04:28:13.593121+00:00 [info] <0.228.0> Feature flags: list of feature flags found:[0m
2022-04-30T04:28:13.594027314Z stdout F 2022-04-30 04:28:13.593233+00:00 [info] <0.228.0> Feature flags:   [x] drop_unroutable_metric[0m
2022-04-30T04:28:13.594745059Z stdout F 2022-04-30 04:28:13.593310+00:00 [info] <0.228.0> Feature flags:   [ ] empty_basic_get_metric[0m
2022-04-30T04:28:13.594777244Z stdout F 2022-04-30 04:28:13.593354+00:00 [info] <0.228.0> Feature flags:   [ ] implicit_default_bindings[0m
2022-04-30T04:28:13.594786337Z stdout F 2022-04-30 04:28:13.593384+00:00 [info] <0.228.0> Feature flags:   [ ] maintenance_mode_status[0m
2022-04-30T04:28:13.594794416Z stdout F 2022-04-30 04:28:13.593423+00:00 [info] <0.228.0> Feature flags:   [ ] quorum_queue[0m
2022-04-30T04:28:13.594800789Z stdout F 2022-04-30 04:28:13.593454+00:00 [info] <0.228.0> Feature flags:   [ ] stream_queue[0m
2022-04-30T04:28:13.594806868Z stdout F 2022-04-30 04:28:13.593480+00:00 [info] <0.228.0> Feature flags:   [ ] user_limits[0m
2022-04-30T04:28:13.594812797Z stdout F 2022-04-30 04:28:13.593570+00:00 [info] <0.228.0> Feature flags:   [ ] virtual_host_metadata[0m
2022-04-30T04:28:13.594818612Z stdout F 2022-04-30 04:28:13.593601+00:00 [info] <0.228.0> Feature flags: feature flag states written to disk: yes[0m
2022-04-30T04:28:13.608895819Z stdout F 2022-04-30 04:28:13.608232+00:00 [info] <0.228.0> Feature flag `empty_basic_get_metric`: supported, attempt to enable...[0m
2022-04-30T04:28:13.609356375Z stdout F 2022-04-30 04:28:13.608398+00:00 [info] <0.228.0> Feature flag `empty_basic_get_metric`: mark as enabled=state_changing[0m
2022-04-30T04:28:13.611048629Z stdout F 2022-04-30 04:28:13.610081+00:00 [info] <0.228.0> Feature flags: list of feature flags found:[0m
2022-04-30T04:28:13.611072508Z stdout F 2022-04-30 04:28:13.610185+00:00 [info] <0.228.0> Feature flags:   [x] drop_unroutable_metric[0m
2022-04-30T04:28:13.611077764Z stdout F 2022-04-30 04:28:13.610245+00:00 [info] <0.228.0> Feature flags:   [~] empty_basic_get_metric[0m
2022-04-30T04:28:13.61108147Z stdout F 2022-04-30 04:28:13.610287+00:00 [info] <0.228.0> Feature flags:   [ ] implicit_default_bindings[0m
2022-04-30T04:28:13.611120164Z stdout F 2022-04-30 04:28:13.610377+00:00 [info] <0.228.0> Feature flags:   [ ] maintenance_mode_status[0m
2022-04-30T04:28:13.61113171Z stdout F 2022-04-30 04:28:13.610415+00:00 [info] <0.228.0> Feature flags:   [ ] quorum_queue[0m
2022-04-30T04:28:13.611135655Z stdout F 2022-04-30 04:28:13.610452+00:00 [info] <0.228.0> Feature flags:   [ ] stream_queue[0m
2022-04-30T04:28:13.611139119Z stdout F 2022-04-30 04:28:13.610650+00:00 [info] <0.228.0> Feature flags:   [ ] user_limits[0m
2022-04-30T04:28:13.611435571Z stdout F 2022-04-30 04:28:13.610722+00:00 [info] <0.228.0> Feature flags:   [ ] virtual_host_metadata[0m
2022-04-30T04:28:13.611854004Z stdout F 2022-04-30 04:28:13.610775+00:00 [info] <0.228.0> Feature flags: feature flag states written to disk: yes[0m
2022-04-30T04:28:13.628482228Z stdout F 2022-04-30 04:28:13.627791+00:00 [info] <0.228.0> Feature flag `empty_basic_get_metric`: mark as enabled=true[0m
2022-04-30T04:28:13.637316828Z stdout F 2022-04-30 04:28:13.636611+00:00 [info] <0.228.0> Feature flags: list of feature flags found:[0m
2022-04-30T04:28:13.637477277Z stdout F 2022-04-30 04:28:13.636734+00:00 [info] <0.228.0> Feature flags:   [x] drop_unroutable_metric[0m
2022-04-30T04:28:13.637499223Z stdout F 2022-04-30 04:28:13.636803+00:00 [info] <0.228.0> Feature flags:   [x] empty_basic_get_metric[0m
2022-04-30T04:28:13.637602341Z stdout F 2022-04-30 04:28:13.636847+00:00 [info] <0.228.0> Feature flags:   [ ] implicit_default_bindings[0m
2022-04-30T04:28:13.637608096Z stdout F 2022-04-30 04:28:13.636877+00:00 [info] <0.228.0> Feature flags:   [ ] maintenance_mode_status[0m
2022-04-30T04:28:13.637971513Z stdout F 2022-04-30 04:28:13.636983+00:00 [info] <0.228.0> Feature flags:   [ ] quorum_queue[0m
2022-04-30T04:28:13.637991505Z stdout F 2022-04-30 04:28:13.637205+00:00 [info] <0.228.0> Feature flags:   [ ] stream_queue[0m
2022-04-30T04:28:13.638320125Z stdout F 2022-04-30 04:28:13.637638+00:00 [info] <0.228.0> Feature flags:   [ ] user_limits[0m
2022-04-30T04:28:13.638340941Z stdout F 2022-04-30 04:28:13.637687+00:00 [info] <0.228.0> Feature flags:   [ ] virtual_host_metadata[0m
2022-04-30T04:28:13.638346559Z stdout F 2022-04-30 04:28:13.637741+00:00 [info] <0.228.0> Feature flags: feature flag states written to disk: yes[0m
2022-04-30T04:28:13.655635157Z stdout F 2022-04-30 04:28:13.654925+00:00 [info] <0.228.0> Feature flag `implicit_default_bindings`: supported, attempt to enable...[0m
2022-04-30T04:28:13.656073078Z stdout F 2022-04-30 04:28:13.655156+00:00 [info] <0.228.0> Feature flag `implicit_default_bindings`: mark as enabled=state_changing[0m
2022-04-30T04:28:13.657933182Z stdout F 2022-04-30 04:28:13.657334+00:00 [info] <0.228.0> Feature flags: list of feature flags found:[0m
2022-04-30T04:28:13.658014035Z stdout F 2022-04-30 04:28:13.657497+00:00 [info] <0.228.0> Feature flags:   [x] drop_unroutable_metric[0m
2022-04-30T04:28:13.658032763Z stdout F 2022-04-30 04:28:13.657566+00:00 [info] <0.228.0> Feature flags:   [x] empty_basic_get_metric[0m
2022-04-30T04:28:13.658104938Z stdout F 2022-04-30 04:28:13.657598+00:00 [info] <0.228.0> Feature flags:   [~] implicit_default_bindings[0m
2022-04-30T04:28:13.658126844Z stdout F 2022-04-30 04:28:13.657631+00:00 [info] <0.228.0> Feature flags:   [ ] maintenance_mode_status[0m
2022-04-30T04:28:13.65828138Z stdout F 2022-04-30 04:28:13.657716+00:00 [info] <0.228.0> Feature flags:   [ ] quorum_queue[0m
2022-04-30T04:28:13.658296456Z stdout F 2022-04-30 04:28:13.657820+00:00 [info] <0.228.0> Feature flags:   [ ] stream_queue[0m
2022-04-30T04:28:13.658303934Z stdout F 2022-04-30 04:28:13.657911+00:00 [info] <0.228.0> Feature flags:   [ ] user_limits[0m
2022-04-30T04:28:13.658963331Z stdout F 2022-04-30 04:28:13.657992+00:00 [info] <0.228.0> Feature flags:   [ ] virtual_host_metadata[0m
2022-04-30T04:28:13.658985407Z stdout F 2022-04-30 04:28:13.658094+00:00 [info] <0.228.0> Feature flags: feature flag states written to disk: yes[0m
2022-04-30T04:28:13.672778464Z stdout F 2022-04-30 04:28:13.671877+00:00 [info] <0.228.0> Waiting for Mnesia tables for 30000 ms, 0 retries left[0m
2022-04-30T04:28:13.672911081Z stdout F 2022-04-30 04:28:13.672077+00:00 [info] <0.228.0> Successfully synced tables from a peer[0m
2022-04-30T04:28:13.672931515Z stdout F 2022-04-30 04:28:13.672141+00:00 [info] <0.228.0> Feature flag `implicit_default_bindings`: mark as enabled=true[0m
2022-04-30T04:28:13.677869538Z stdout F 2022-04-30 04:28:13.677059+00:00 [info] <0.228.0> Feature flags: list of feature flags found:[0m
2022-04-30T04:28:13.678334546Z stdout F 2022-04-30 04:28:13.677182+00:00 [info] <0.228.0> Feature flags:   [x] drop_unroutable_metric[0m
2022-04-30T04:28:13.678391692Z stdout F 2022-04-30 04:28:13.677265+00:00 [info] <0.228.0> Feature flags:   [x] empty_basic_get_metric[0m
2022-04-30T04:28:13.678397186Z stdout F 2022-04-30 04:28:13.677311+00:00 [info] <0.228.0> Feature flags:   [x] implicit_default_bindings[0m
2022-04-30T04:28:13.678400838Z stdout F 2022-04-30 04:28:13.677340+00:00 [info] <0.228.0> Feature flags:   [ ] maintenance_mode_status[0m
2022-04-30T04:28:13.678404981Z stdout F 2022-04-30 04:28:13.677382+00:00 [info] <0.228.0> Feature flags:   [ ] quorum_queue[0m
2022-04-30T04:28:13.678410047Z stdout F 2022-04-30 04:28:13.677409+00:00 [info] <0.228.0> Feature flags:   [ ] stream_queue[0m
2022-04-30T04:28:13.678413561Z stdout F 2022-04-30 04:28:13.677434+00:00 [info] <0.228.0> Feature flags:   [ ] user_limits[0m
2022-04-30T04:28:13.678671954Z stdout F 2022-04-30 04:28:13.677467+00:00 [info] <0.228.0> Feature flags:   [ ] virtual_host_metadata[0m
2022-04-30T04:28:13.679400464Z stdout F 2022-04-30 04:28:13.678164+00:00 [info] <0.228.0> Feature flags: feature flag states written to disk: yes[0m
2022-04-30T04:28:13.694814959Z stdout F 2022-04-30 04:28:13.693414+00:00 [info] <0.228.0> Feature flag `maintenance_mode_status`: supported, attempt to enable...[0m
2022-04-30T04:28:13.695194948Z stdout F 2022-04-30 04:28:13.694241+00:00 [info] <0.228.0> Feature flag `maintenance_mode_status`: mark as enabled=state_changing[0m
2022-04-30T04:28:13.696819109Z stdout F 2022-04-30 04:28:13.696302+00:00 [info] <0.228.0> Feature flags: list of feature flags found:[0m
2022-04-30T04:28:13.697453815Z stdout F 2022-04-30 04:28:13.696409+00:00 [info] <0.228.0> Feature flags:   [x] drop_unroutable_metric[0m
2022-04-30T04:28:13.697527839Z stdout F 2022-04-30 04:28:13.696847+00:00 [info] <0.228.0> Feature flags:   [x] empty_basic_get_metric[0m
2022-04-30T04:28:13.697534458Z stdout F 2022-04-30 04:28:13.696908+00:00 [info] <0.228.0> Feature flags:   [x] implicit_default_bindings[0m
2022-04-30T04:28:13.697719885Z stdout F 2022-04-30 04:28:13.697046+00:00 [info] <0.228.0> Feature flags:   [~] maintenance_mode_status[0m
2022-04-30T04:28:13.697740704Z stdout F 2022-04-30 04:28:13.697129+00:00 [info] <0.228.0> Feature flags:   [ ] quorum_queue[0m
2022-04-30T04:28:13.698284321Z stdout F 2022-04-30 04:28:13.697175+00:00 [info] <0.228.0> Feature flags:   [ ] stream_queue[0m
2022-04-30T04:28:13.698306018Z stdout F 2022-04-30 04:28:13.697285+00:00 [info] <0.228.0> Feature flags:   [ ] user_limits[0m
2022-04-30T04:28:13.6983115Z stdout F 2022-04-30 04:28:13.697345+00:00 [info] <0.228.0> Feature flags:   [ ] virtual_host_metadata[0m
2022-04-30T04:28:13.698315937Z stdout F 2022-04-30 04:28:13.697390+00:00 [info] <0.228.0> Feature flags: feature flag states written to disk: yes[0m
2022-04-30T04:28:13.71587604Z stdout F 2022-04-30 04:28:13.714999+00:00 [info] <0.228.0> Creating table rabbit_node_maintenance_states for feature flag `maintenance_mode_status`[0m
2022-04-30T04:28:13.727189226Z stdout F 2022-04-30 04:28:13.726027+00:00 [info] <0.228.0> Feature flag `maintenance_mode_status`: mark as enabled=true[0m
2022-04-30T04:28:13.731691323Z stdout F 2022-04-30 04:28:13.730693+00:00 [info] <0.228.0> Feature flags: list of feature flags found:[0m
2022-04-30T04:28:13.731733734Z stdout F 2022-04-30 04:28:13.730950+00:00 [info] <0.228.0> Feature flags:   [x] drop_unroutable_metric[0m
2022-04-30T04:28:13.731742218Z stdout F 2022-04-30 04:28:13.731042+00:00 [info] <0.228.0> Feature flags:   [x] empty_basic_get_metric[0m
2022-04-30T04:28:13.731768507Z stdout F 2022-04-30 04:28:13.731078+00:00 [info] <0.228.0> Feature flags:   [x] implicit_default_bindings[0m
2022-04-30T04:28:13.731790479Z stdout F 2022-04-30 04:28:13.731108+00:00 [info] <0.228.0> Feature flags:   [x] maintenance_mode_status[0m
2022-04-30T04:28:13.731799529Z stdout F 2022-04-30 04:28:13.731266+00:00 [info] <0.228.0> Feature flags:   [ ] quorum_queue[0m
2022-04-30T04:28:13.731805884Z stdout F 2022-04-30 04:28:13.731404+00:00 [info] <0.228.0> Feature flags:   [ ] stream_queue[0m
2022-04-30T04:28:13.73181193Z stdout F 2022-04-30 04:28:13.731450+00:00 [info] <0.228.0> Feature flags:   [ ] user_limits[0m
2022-04-30T04:28:13.73256463Z stdout F 2022-04-30 04:28:13.731648+00:00 [info] <0.228.0> Feature flags:   [ ] virtual_host_metadata[0m
2022-04-30T04:28:13.732602409Z stdout F 2022-04-30 04:28:13.731729+00:00 [info] <0.228.0> Feature flags: feature flag states written to disk: yes[0m
2022-04-30T04:28:13.750844116Z stdout F 2022-04-30 04:28:13.749941+00:00 [info] <0.228.0> Feature flag `quorum_queue`: supported, attempt to enable...[0m
2022-04-30T04:28:13.750954874Z stdout F 2022-04-30 04:28:13.750176+00:00 [info] <0.228.0> Feature flag `quorum_queue`: mark as enabled=state_changing[0m
2022-04-30T04:28:13.7538495Z stdout F 2022-04-30 04:28:13.752293+00:00 [info] <0.228.0> Feature flags: list of feature flags found:[0m
2022-04-30T04:28:13.753881586Z stdout F 2022-04-30 04:28:13.752398+00:00 [info] <0.228.0> Feature flags:   [x] drop_unroutable_metric[0m
2022-04-30T04:28:13.753887667Z stdout F 2022-04-30 04:28:13.752520+00:00 [info] <0.228.0> Feature flags:   [x] empty_basic_get_metric[0m
2022-04-30T04:28:13.753891318Z stdout F 2022-04-30 04:28:13.752557+00:00 [info] <0.228.0> Feature flags:   [x] implicit_default_bindings[0m
2022-04-30T04:28:13.753894794Z stdout F 2022-04-30 04:28:13.752688+00:00 [info] <0.228.0> Feature flags:   [x] maintenance_mode_status[0m
2022-04-30T04:28:13.753899013Z stdout F 2022-04-30 04:28:13.752755+00:00 [info] <0.228.0> Feature flags:   [~] quorum_queue[0m
2022-04-30T04:28:13.753902446Z stdout F 2022-04-30 04:28:13.752782+00:00 [info] <0.228.0> Feature flags:   [ ] stream_queue[0m
2022-04-30T04:28:13.753905827Z stdout F 2022-04-30 04:28:13.752865+00:00 [info] <0.228.0> Feature flags:   [ ] user_limits[0m
2022-04-30T04:28:13.753912836Z stdout F 2022-04-30 04:28:13.752907+00:00 [info] <0.228.0> Feature flags:   [ ] virtual_host_metadata[0m
2022-04-30T04:28:13.753916645Z stdout F 2022-04-30 04:28:13.752943+00:00 [info] <0.228.0> Feature flags: feature flag states written to disk: yes[0m
2022-04-30T04:28:13.768068292Z stdout F 2022-04-30 04:28:13.767344+00:00 [info] <0.228.0> Waiting for Mnesia tables for 30000 ms, 9 retries left[0m
2022-04-30T04:28:13.768427365Z stdout F 2022-04-30 04:28:13.767676+00:00 [info] <0.228.0> Successfully synced tables from a peer[0m
2022-04-30T04:28:13.768502605Z stdout F 2022-04-30 04:28:13.767739+00:00 [info] <0.228.0> Feature flag `quorum_queue`:   migrating Mnesia table rabbit_queue...[0m
2022-04-30T04:28:13.798467927Z stdout F 2022-04-30 04:28:13.797727+00:00 [info] <0.228.0> Feature flag `quorum_queue`:   migrating Mnesia table rabbit_durable_queue...[0m
2022-04-30T04:28:13.822847631Z stdout F 2022-04-30 04:28:13.821923+00:00 [info] <0.228.0> Feature flag `quorum_queue`:   Mnesia tables migration done[0m
2022-04-30T04:28:13.822990884Z stdout F 2022-04-30 04:28:13.822009+00:00 [info] <0.228.0> Feature flag `quorum_queue`: mark as enabled=true[0m
2022-04-30T04:28:13.826199161Z stdout F 2022-04-30 04:28:13.825531+00:00 [info] <0.228.0> Feature flags: list of feature flags found:[0m
2022-04-30T04:28:13.826225124Z stdout F 2022-04-30 04:28:13.825593+00:00 [info] <0.228.0> Feature flags:   [x] drop_unroutable_metric[0m
2022-04-30T04:28:13.826232965Z stdout F 2022-04-30 04:28:13.825714+00:00 [info] <0.228.0> Feature flags:   [x] empty_basic_get_metric[0m
2022-04-30T04:28:13.826265983Z stdout F 2022-04-30 04:28:13.825747+00:00 [info] <0.228.0> Feature flags:   [x] implicit_default_bindings[0m
2022-04-30T04:28:13.826299582Z stdout F 2022-04-30 04:28:13.825774+00:00 [info] <0.228.0> Feature flags:   [x] maintenance_mode_status[0m
2022-04-30T04:28:13.826305884Z stdout F 2022-04-30 04:28:13.825827+00:00 [info] <0.228.0> Feature flags:   [x] quorum_queue[0m
2022-04-30T04:28:13.826309655Z stdout F 2022-04-30 04:28:13.825854+00:00 [info] <0.228.0> Feature flags:   [ ] stream_queue[0m
2022-04-30T04:28:13.826726037Z stdout F 2022-04-30 04:28:13.825879+00:00 [info] <0.228.0> Feature flags:   [ ] user_limits[0m
2022-04-30T04:28:13.826743254Z stdout F 2022-04-30 04:28:13.825962+00:00 [info] <0.228.0> Feature flags:   [ ] virtual_host_metadata[0m
2022-04-30T04:28:13.826748182Z stdout F 2022-04-30 04:28:13.826029+00:00 [info] <0.228.0> Feature flags: feature flag states written to disk: yes[0m
2022-04-30T04:28:13.844741613Z stdout F 2022-04-30 04:28:13.843201+00:00 [info] <0.228.0> Feature flag `stream_queue`: supported, attempt to enable...[0m
2022-04-30T04:28:13.845304043Z stdout F 2022-04-30 04:28:13.843803+00:00 [info] <0.228.0> Feature flag `stream_queue`: mark as enabled=state_changing[0m
2022-04-30T04:28:13.847045871Z stdout F 2022-04-30 04:28:13.845954+00:00 [info] <0.228.0> Feature flags: list of feature flags found:[0m
2022-04-30T04:28:13.847071564Z stdout F 2022-04-30 04:28:13.846197+00:00 [info] <0.228.0> Feature flags:   [x] drop_unroutable_metric[0m
2022-04-30T04:28:13.847503363Z stdout F 2022-04-30 04:28:13.846396+00:00 [info] <0.228.0> Feature flags:   [x] empty_basic_get_metric[0m
2022-04-30T04:28:13.847885734Z stdout F 2022-04-30 04:28:13.846587+00:00 [info] <0.228.0> Feature flags:   [x] implicit_default_bindings[0m
2022-04-30T04:28:13.847906615Z stdout F 2022-04-30 04:28:13.846913+00:00 [info] <0.228.0> Feature flags:   [x] maintenance_mode_status[0m
2022-04-30T04:28:13.847912773Z stdout F 2022-04-30 04:28:13.846993+00:00 [info] <0.228.0> Feature flags:   [x] quorum_queue[0m
2022-04-30T04:28:13.847924127Z stdout F 2022-04-30 04:28:13.847027+00:00 [info] <0.228.0> Feature flags:   [~] stream_queue[0m
2022-04-30T04:28:13.848449002Z stdout F 2022-04-30 04:28:13.847060+00:00 [info] <0.228.0> Feature flags:   [ ] user_limits[0m
2022-04-30T04:28:13.848557381Z stdout F 2022-04-30 04:28:13.847305+00:00 [info] <0.228.0> Feature flags:   [ ] virtual_host_metadata[0m
2022-04-30T04:28:13.849095014Z stdout F 2022-04-30 04:28:13.847350+00:00 [info] <0.228.0> Feature flags: feature flag states written to disk: yes[0m
2022-04-30T04:28:13.869896675Z stdout F 2022-04-30 04:28:13.868994+00:00 [info] <0.228.0> Feature flag `stream_queue`: mark as enabled=true[0m
2022-04-30T04:28:13.875152981Z stdout F 2022-04-30 04:28:13.873283+00:00 [info] <0.228.0> Feature flags: list of feature flags found:[0m
2022-04-30T04:28:13.875192472Z stdout F 2022-04-30 04:28:13.873582+00:00 [info] <0.228.0> Feature flags:   [x] drop_unroutable_metric[0m
2022-04-30T04:28:13.87520168Z stdout F 2022-04-30 04:28:13.873731+00:00 [info] <0.228.0> Feature flags:   [x] empty_basic_get_metric[0m
2022-04-30T04:28:13.875207808Z stdout F 2022-04-30 04:28:13.873791+00:00 [info] <0.228.0> Feature flags:   [x] implicit_default_bindings[0m
2022-04-30T04:28:13.875211574Z stdout F 2022-04-30 04:28:13.873859+00:00 [info] <0.228.0> Feature flags:   [x] maintenance_mode_status[0m
2022-04-30T04:28:13.875215674Z stdout F 2022-04-30 04:28:13.873935+00:00 [info] <0.228.0> Feature flags:   [x] quorum_queue[0m
2022-04-30T04:28:13.875219122Z stdout F 2022-04-30 04:28:13.874021+00:00 [info] <0.228.0> Feature flags:   [x] stream_queue[0m
2022-04-30T04:28:13.87522289Z stdout F 2022-04-30 04:28:13.874068+00:00 [info] <0.228.0> Feature flags:   [ ] user_limits[0m
2022-04-30T04:28:13.875226424Z stdout F 2022-04-30 04:28:13.874113+00:00 [info] <0.228.0> Feature flags:   [ ] virtual_host_metadata[0m
2022-04-30T04:28:13.875229976Z stdout F 2022-04-30 04:28:13.874291+00:00 [info] <0.228.0> Feature flags: feature flag states written to disk: yes[0m
2022-04-30T04:28:13.911365272Z stdout F 2022-04-30 04:28:13.910324+00:00 [info] <0.228.0> Feature flag `user_limits`: supported, attempt to enable...[0m
2022-04-30T04:28:13.911542498Z stdout F 2022-04-30 04:28:13.910425+00:00 [info] <0.228.0> Feature flag `user_limits`: mark as enabled=state_changing[0m
2022-04-30T04:28:13.91301771Z stdout F 2022-04-30 04:28:13.912209+00:00 [info] <0.228.0> Feature flags: list of feature flags found:[0m
2022-04-30T04:28:13.913087099Z stdout F 2022-04-30 04:28:13.912419+00:00 [info] <0.228.0> Feature flags:   [x] drop_unroutable_metric[0m
2022-04-30T04:28:13.91311325Z stdout F 2022-04-30 04:28:13.912554+00:00 [info] <0.228.0> Feature flags:   [x] empty_basic_get_metric[0m
2022-04-30T04:28:13.913120155Z stdout F 2022-04-30 04:28:13.912611+00:00 [info] <0.228.0> Feature flags:   [x] implicit_default_bindings[0m
2022-04-30T04:28:13.913123939Z stdout F 2022-04-30 04:28:13.912671+00:00 [info] <0.228.0> Feature flags:   [x] maintenance_mode_status[0m
2022-04-30T04:28:13.913667539Z stdout F 2022-04-30 04:28:13.913056+00:00 [info] <0.228.0> Feature flags:   [x] quorum_queue[0m
2022-04-30T04:28:13.913762246Z stdout F 2022-04-30 04:28:13.913160+00:00 [info] <0.228.0> Feature flags:   [x] stream_queue[0m
2022-04-30T04:28:13.91381323Z stdout F 2022-04-30 04:28:13.913222+00:00 [info] <0.228.0> Feature flags:   [~] user_limits[0m
2022-04-30T04:28:13.913834383Z stdout F 2022-04-30 04:28:13.913256+00:00 [info] <0.228.0> Feature flags:   [ ] virtual_host_metadata[0m
2022-04-30T04:28:13.913840446Z stdout F 2022-04-30 04:28:13.913323+00:00 [info] <0.228.0> Feature flags: feature flag states written to disk: yes[0m
2022-04-30T04:28:13.930054567Z stdout F 2022-04-30 04:28:13.929159+00:00 [info] <0.228.0> Waiting for Mnesia tables for 30000 ms, 9 retries left[0m
2022-04-30T04:28:13.930088595Z stdout F 2022-04-30 04:28:13.929319+00:00 [info] <0.228.0> Successfully synced tables from a peer[0m
2022-04-30T04:28:13.976561993Z stdout F 2022-04-30 04:28:13.975886+00:00 [info] <0.228.0> Feature flag `user_limits`: mark as enabled=true[0m
2022-04-30T04:28:13.981791113Z stdout F 2022-04-30 04:28:13.980525+00:00 [info] <0.228.0> Feature flags: list of feature flags found:[0m
2022-04-30T04:28:13.982075063Z stdout F 2022-04-30 04:28:13.980592+00:00 [info] <0.228.0> Feature flags:   [x] drop_unroutable_metric[0m
2022-04-30T04:28:13.982100278Z stdout F 2022-04-30 04:28:13.980756+00:00 [info] <0.228.0> Feature flags:   [x] empty_basic_get_metric[0m
2022-04-30T04:28:13.982118822Z stdout F 2022-04-30 04:28:13.980791+00:00 [info] <0.228.0> Feature flags:   [x] implicit_default_bindings[0m
2022-04-30T04:28:13.982184809Z stdout F 2022-04-30 04:28:13.980818+00:00 [info] <0.228.0> Feature flags:   [x] maintenance_mode_status[0m
2022-04-30T04:28:13.982401265Z stdout F 2022-04-30 04:28:13.980845+00:00 [info] <0.228.0> Feature flags:   [x] quorum_queue[0m
2022-04-30T04:28:13.982422326Z stdout F 2022-04-30 04:28:13.981058+00:00 [info] <0.228.0> Feature flags:   [x] stream_queue[0m
2022-04-30T04:28:13.982432404Z stdout F 2022-04-30 04:28:13.981085+00:00 [info] <0.228.0> Feature flags:   [x] user_limits[0m
2022-04-30T04:28:13.982436427Z stdout F 2022-04-30 04:28:13.981108+00:00 [info] <0.228.0> Feature flags:   [ ] virtual_host_metadata[0m
2022-04-30T04:28:13.982499553Z stdout F 2022-04-30 04:28:13.981214+00:00 [info] <0.228.0> Feature flags: feature flag states written to disk: yes[0m
2022-04-30T04:28:13.997865557Z stdout F 2022-04-30 04:28:13.997116+00:00 [info] <0.228.0> Feature flag `virtual_host_metadata`: supported, attempt to enable...[0m
2022-04-30T04:28:13.998436111Z stdout F 2022-04-30 04:28:13.997285+00:00 [info] <0.228.0> Feature flag `virtual_host_metadata`: mark as enabled=state_changing[0m
2022-04-30T04:28:13.999761866Z stdout F 2022-04-30 04:28:13.999118+00:00 [info] <0.228.0> Feature flags: list of feature flags found:[0m
2022-04-30T04:28:13.999990928Z stdout F 2022-04-30 04:28:13.999239+00:00 [info] <0.228.0> Feature flags:   [x] drop_unroutable_metric[0m
2022-04-30T04:28:14.000011662Z stdout F 2022-04-30 04:28:13.999312+00:00 [info] <0.228.0> Feature flags:   [x] empty_basic_get_metric[0m
2022-04-30T04:28:14.000044199Z stdout F 2022-04-30 04:28:13.999344+00:00 [info] <0.228.0> Feature flags:   [x] implicit_default_bindings[0m
2022-04-30T04:28:14.000052682Z stdout F 2022-04-30 04:28:13.999424+00:00 [info] <0.228.0> Feature flags:   [x] maintenance_mode_status[0m
2022-04-30T04:28:14.000059784Z stdout F 2022-04-30 04:28:13.999514+00:00 [info] <0.228.0> Feature flags:   [x] quorum_queue[0m
2022-04-30T04:28:14.008217768Z stdout F 2022-04-30 04:28:13.999551+00:00 [info] <0.228.0> Feature flags:   [x] stream_queue[0m
2022-04-30T04:28:14.008259296Z stdout F 2022-04-30 04:28:13.999649+00:00 [info] <0.228.0> Feature flags:   [x] user_limits[0m
2022-04-30T04:28:14.008267568Z stdout F 2022-04-30 04:28:13.999711+00:00 [info] <0.228.0> Feature flags:   [~] virtual_host_metadata[0m
2022-04-30T04:28:14.008274619Z stdout F 2022-04-30 04:28:13.999807+00:00 [info] <0.228.0> Feature flags: feature flag states written to disk: yes[0m
2022-04-30T04:28:14.0276749Z stdout F 2022-04-30 04:28:14.027029+00:00 [info] <0.228.0> Waiting for Mnesia tables for 30000 ms, 9 retries left[0m
2022-04-30T04:28:14.027944243Z stdout F 2022-04-30 04:28:14.027257+00:00 [info] <0.228.0> Successfully synced tables from a peer[0m
2022-04-30T04:28:14.064366771Z stdout F 2022-04-30 04:28:14.063638+00:00 [info] <0.228.0> Feature flag `virtual_host_metadata`: mark as enabled=true[0m
2022-04-30T04:28:14.068609381Z stdout F 2022-04-30 04:28:14.067687+00:00 [info] <0.228.0> Feature flags: list of feature flags found:[0m
2022-04-30T04:28:14.068638793Z stdout F 2022-04-30 04:28:14.067803+00:00 [info] <0.228.0> Feature flags:   [x] drop_unroutable_metric[0m
2022-04-30T04:28:14.068643612Z stdout F 2022-04-30 04:28:14.067929+00:00 [info] <0.228.0> Feature flags:   [x] empty_basic_get_metric[0m
2022-04-30T04:28:14.068647043Z stdout F 2022-04-30 04:28:14.067966+00:00 [info] <0.228.0> Feature flags:   [x] implicit_default_bindings[0m
2022-04-30T04:28:14.069085943Z stdout F 2022-04-30 04:28:14.067995+00:00 [info] <0.228.0> Feature flags:   [x] maintenance_mode_status[0m
2022-04-30T04:28:14.06910949Z stdout F 2022-04-30 04:28:14.068022+00:00 [info] <0.228.0> Feature flags:   [x] quorum_queue[0m
2022-04-30T04:28:14.069114878Z stdout F 2022-04-30 04:28:14.068103+00:00 [info] <0.228.0> Feature flags:   [x] stream_queue[0m
2022-04-30T04:28:14.069118677Z stdout F 2022-04-30 04:28:14.068130+00:00 [info] <0.228.0> Feature flags:   [x] user_limits[0m
2022-04-30T04:28:14.069121967Z stdout F 2022-04-30 04:28:14.068154+00:00 [info] <0.228.0> Feature flags:   [x] virtual_host_metadata[0m
2022-04-30T04:28:14.069125259Z stdout F 2022-04-30 04:28:14.068182+00:00 [info] <0.228.0> Feature flags: feature flag states written to disk: yes[0m
2022-04-30T04:28:14.084117244Z stdout F 2022-04-30 04:28:14.083339+00:00 [info] <0.228.0> Waiting for Mnesia tables for 30000 ms, 9 retries left[0m
2022-04-30T04:28:14.084151895Z stdout F 2022-04-30 04:28:14.083660+00:00 [info] <0.228.0> Successfully synced tables from a peer[0m
2022-04-30T04:28:14.106268556Z stdout F 2022-04-30 04:28:14.105424+00:00 [info] <0.228.0> Waiting for Mnesia tables for 30000 ms, 9 retries left[0m
2022-04-30T04:28:14.106464275Z stdout F 2022-04-30 04:28:14.105800+00:00 [info] <0.228.0> Successfully synced tables from a peer[0m
2022-04-30T04:28:14.106489053Z stdout F 2022-04-30 04:28:14.105946+00:00 [info] <0.228.0> Peer discovery backend rabbit_peer_discovery_classic_config does not support registration, skipping registration.[0m
2022-04-30T04:28:14.106938575Z stdout F 2022-04-30 04:28:14.106027+00:00 [info] <0.228.0> Will try to unlock with peer discovery backend rabbit_peer_discovery_classic_config[0m
2022-04-30T04:28:14.107601402Z stdout F 2022-04-30 04:28:14.106711+00:00 [info] <0.228.0> Running boot step database_sync defined by app rabbit[0m
2022-04-30T04:28:14.107626305Z stdout F 2022-04-30 04:28:14.106856+00:00 [info] <0.228.0> Running boot step feature_flags defined by app rabbit[0m
2022-04-30T04:28:14.107859173Z stdout F 2022-04-30 04:28:14.107294+00:00 [info] <0.228.0> Running boot step codec_correctness_check defined by app rabbit[0m
2022-04-30T04:28:14.107871342Z stdout F 2022-04-30 04:28:14.107358+00:00 [info] <0.228.0> Running boot step external_infrastructure defined by app rabbit[0m
2022-04-30T04:28:14.107875938Z stdout F 2022-04-30 04:28:14.107393+00:00 [info] <0.228.0> Running boot step rabbit_registry defined by app rabbit[0m
2022-04-30T04:28:14.108381859Z stdout F 2022-04-30 04:28:14.107565+00:00 [info] <0.228.0> Running boot step rabbit_auth_mechanism_cr_demo defined by app rabbit[0m
2022-04-30T04:28:14.108402346Z stdout F 2022-04-30 04:28:14.107722+00:00 [info] <0.228.0> Running boot step rabbit_queue_location_random defined by app rabbit[0m
2022-04-30T04:28:14.108408644Z stdout F 2022-04-30 04:28:14.107805+00:00 [info] <0.228.0> Running boot step rabbit_event defined by app rabbit[0m
2022-04-30T04:28:14.108414589Z stdout F 2022-04-30 04:28:14.107986+00:00 [info] <0.228.0> Running boot step rabbit_auth_mechanism_amqplain defined by app rabbit[0m
2022-04-30T04:28:14.109047138Z stdout F 2022-04-30 04:28:14.108379+00:00 [info] <0.228.0> Running boot step rabbit_auth_mechanism_plain defined by app rabbit[0m
2022-04-30T04:28:14.109066431Z stdout F 2022-04-30 04:28:14.108551+00:00 [info] <0.228.0> Running boot step rabbit_exchange_type_direct defined by app rabbit[0m
2022-04-30T04:28:14.109522881Z stdout F 2022-04-30 04:28:14.108689+00:00 [info] <0.228.0> Running boot step rabbit_exchange_type_fanout defined by app rabbit[0m
2022-04-30T04:28:14.109828937Z stdout F 2022-04-30 04:28:14.109120+00:00 [info] <0.228.0> Running boot step rabbit_exchange_type_headers defined by app rabbit[0m
2022-04-30T04:28:14.110422043Z stdout F 2022-04-30 04:28:14.109598+00:00 [info] <0.228.0> Running boot step rabbit_exchange_type_topic defined by app rabbit[0m
2022-04-30T04:28:14.110444677Z stdout F 2022-04-30 04:28:14.109685+00:00 [info] <0.228.0> Running boot step rabbit_mirror_queue_mode_all defined by app rabbit[0m
2022-04-30T04:28:14.110717831Z stdout F 2022-04-30 04:28:14.110149+00:00 [info] <0.228.0> Running boot step rabbit_mirror_queue_mode_exactly defined by app rabbit[0m
2022-04-30T04:28:14.110737203Z stdout F 2022-04-30 04:28:14.110252+00:00 [info] <0.228.0> Running boot step rabbit_mirror_queue_mode_nodes defined by app rabbit[0m
2022-04-30T04:28:14.111273699Z stdout F 2022-04-30 04:28:14.110395+00:00 [info] <0.228.0> Running boot step rabbit_priority_queue defined by app rabbit[0m
2022-04-30T04:28:14.111293966Z stdout F 2022-04-30 04:28:14.110777+00:00 [info] <0.228.0> Priority queues enabled, real BQ is rabbit_variable_queue[0m
2022-04-30T04:28:14.111526829Z stdout F 2022-04-30 04:28:14.110988+00:00 [info] <0.228.0> Running boot step rabbit_queue_location_client_local defined by app rabbit[0m
2022-04-30T04:28:14.112117852Z stdout F 2022-04-30 04:28:14.111608+00:00 [info] <0.228.0> Running boot step rabbit_queue_location_min_masters defined by app rabbit[0m
2022-04-30T04:28:14.112910344Z stdout F 2022-04-30 04:28:14.111914+00:00 [info] <0.228.0> Running boot step kernel_ready defined by app rabbit[0m
2022-04-30T04:28:14.112930604Z stdout F 2022-04-30 04:28:14.111974+00:00 [info] <0.228.0> Running boot step rabbit_sysmon_minder defined by app rabbit[0m
2022-04-30T04:28:14.112935674Z stdout F 2022-04-30 04:28:14.112219+00:00 [info] <0.228.0> Running boot step rabbit_epmd_monitor defined by app rabbit[0m
2022-04-30T04:28:14.11536986Z stdout F 2022-04-30 04:28:14.114720+00:00 [info] <0.573.0> epmd monitor knows us, inter-node communication (distribution) port: 25672[0m
2022-04-30T04:28:14.115394223Z stdout F 2022-04-30 04:28:14.114933+00:00 [info] <0.228.0> Running boot step guid_generator defined by app rabbit[0m
2022-04-30T04:28:14.1192583Z stdout F 2022-04-30 04:28:14.118672+00:00 [info] <0.228.0> Running boot step rabbit_node_monitor defined by app rabbit[0m
2022-04-30T04:28:14.119289728Z stdout F 2022-04-30 04:28:14.118963+00:00 [info] <0.577.0> Starting rabbit_node_monitor[0m
2022-04-30T04:28:14.120218136Z stdout F 2022-04-30 04:28:14.119699+00:00 [info] <0.228.0> Running boot step delegate_sup defined by app rabbit[0m
2022-04-30T04:28:14.121684226Z stdout F 2022-04-30 04:28:14.121068+00:00 [info] <0.228.0> Running boot step rabbit_memory_monitor defined by app rabbit[0m
2022-04-30T04:28:14.122052258Z stdout F 2022-04-30 04:28:14.121396+00:00 [info] <0.228.0> Running boot step core_initialized defined by app rabbit[0m
2022-04-30T04:28:14.122637406Z stdout F 2022-04-30 04:28:14.121504+00:00 [info] <0.228.0> Running boot step upgrade_queues defined by app rabbit[0m
2022-04-30T04:28:14.137580386Z stdout F 2022-04-30 04:28:14.136680+00:00 [info] <0.228.0> message_store upgrades: 1 to apply[0m
2022-04-30T04:28:14.137778244Z stdout F 2022-04-30 04:28:14.136954+00:00 [info] <0.228.0> message_store upgrades: Applying rabbit_variable_queue:move_messages_to_vhost_store[0m
2022-04-30T04:28:14.137803619Z stdout F 2022-04-30 04:28:14.137234+00:00 [info] <0.228.0> message_store upgrades: No durable queues found. Skipping message store migration[0m
2022-04-30T04:28:14.137885769Z stdout F 2022-04-30 04:28:14.137318+00:00 [info] <0.228.0> message_store upgrades: Removing the old message store data[0m
2022-04-30T04:28:14.141211898Z stdout F 2022-04-30 04:28:14.140384+00:00 [info] <0.228.0> message_store upgrades: All upgrades applied successfully[0m
2022-04-30T04:28:14.159354076Z stdout F 2022-04-30 04:28:14.157928+00:00 [info] <0.228.0> Running boot step channel_tracking defined by app rabbit[0m
2022-04-30T04:28:14.170288031Z stdout F 2022-04-30 04:28:14.169242+00:00 [info] <0.228.0> Setting up a table for channel tracking on this node: 'tracked_channel_on_node_rabbit@rabbitmq-7b954994dc-xkg25'[0m
2022-04-30T04:28:14.180506745Z stdout F 2022-04-30 04:28:14.179730+00:00 [info] <0.228.0> Setting up a table for channel tracking on this node: 'tracked_channel_table_per_user_on_node_rabbit@rabbitmq-7b954994dc-xkg25'[0m
2022-04-30T04:28:14.180548128Z stdout F 2022-04-30 04:28:14.180071+00:00 [info] <0.228.0> Running boot step rabbit_channel_tracking_handler defined by app rabbit[0m
2022-04-30T04:28:14.181226526Z stdout F 2022-04-30 04:28:14.180194+00:00 [info] <0.228.0> Running boot step connection_tracking defined by app rabbit[0m
2022-04-30T04:28:14.190601644Z stdout F 2022-04-30 04:28:14.189573+00:00 [info] <0.228.0> Setting up a table for connection tracking on this node: 'tracked_connection_on_node_rabbit@rabbitmq-7b954994dc-xkg25'[0m
2022-04-30T04:28:14.199474456Z stdout F 2022-04-30 04:28:14.198792+00:00 [info] <0.228.0> Setting up a table for per-vhost connection counting on this node: 'tracked_connection_per_vhost_on_node_rabbit@rabbitmq-7b954994dc-xkg25'[0m
2022-04-30T04:28:14.208564108Z stdout F 2022-04-30 04:28:14.207844+00:00 [info] <0.228.0> Setting up a table for per-user connection counting on this node: 'tracked_connection_table_per_user_on_node_rabbit@rabbitmq-7b954994dc-xkg25'[0m
2022-04-30T04:28:14.208639495Z stdout F 2022-04-30 04:28:14.208254+00:00 [info] <0.228.0> Running boot step rabbit_connection_tracking_handler defined by app rabbit[0m
2022-04-30T04:28:14.209046332Z stdout F 2022-04-30 04:28:14.208418+00:00 [info] <0.228.0> Running boot step rabbit_exchange_parameters defined by app rabbit[0m
2022-04-30T04:28:14.209409916Z stdout F 2022-04-30 04:28:14.208797+00:00 [info] <0.228.0> Running boot step rabbit_mirror_queue_misc defined by app rabbit[0m
2022-04-30T04:28:14.209957046Z stdout F 2022-04-30 04:28:14.209214+00:00 [info] <0.228.0> Running boot step rabbit_policies defined by app rabbit[0m
2022-04-30T04:28:14.2118698Z stdout F 2022-04-30 04:28:14.211281+00:00 [info] <0.228.0> Running boot step rabbit_policy defined by app rabbit[0m
2022-04-30T04:28:14.211935087Z stdout F 2022-04-30 04:28:14.211447+00:00 [info] <0.228.0> Running boot step rabbit_queue_location_validator defined by app rabbit[0m
2022-04-30T04:28:14.212320306Z stdout F 2022-04-30 04:28:14.211516+00:00 [info] <0.228.0> Running boot step rabbit_quorum_memory_manager defined by app rabbit[0m
2022-04-30T04:28:14.212352753Z stdout F 2022-04-30 04:28:14.211722+00:00 [info] <0.228.0> Running boot step rabbit_stream_coordinator defined by app rabbit[0m
2022-04-30T04:28:14.213085888Z stdout F 2022-04-30 04:28:14.212077+00:00 [info] <0.228.0> Running boot step rabbit_vhost_limit defined by app rabbit[0m
2022-04-30T04:28:14.213112545Z stdout F 2022-04-30 04:28:14.212445+00:00 [info] <0.228.0> Running boot step rabbit_mgmt_db_handler defined by app rabbitmq_management_agent[0m
2022-04-30T04:28:14.213584352Z stdout F 2022-04-30 04:28:14.212596+00:00 [info] <0.228.0> Management plugin: using rates mode 'basic'[0m
2022-04-30T04:28:14.214479212Z stdout F 2022-04-30 04:28:14.213817+00:00 [info] <0.228.0> Running boot step recovery defined by app rabbit[0m
2022-04-30T04:28:14.21700316Z stdout F 2022-04-30 04:28:14.216374+00:00 [info] <0.228.0> Running boot step empty_db_check defined by app rabbit[0m
2022-04-30T04:28:14.217029531Z stdout F 2022-04-30 04:28:14.216502+00:00 [info] <0.228.0> Will seed default virtual host and user...[0m
2022-04-30T04:28:14.21742175Z stdout F 2022-04-30 04:28:14.216715+00:00 [info] <0.228.0> Adding vhost '/' (description: 'Default virtual host', tags: [])[0m
2022-04-30T04:28:14.246764774Z stdout F 2022-04-30 04:28:14.246093+00:00 [info] <0.638.0> Making sure data directory '/var/lib/rabbitmq/mnesia/rabbit@rabbitmq-7b954994dc-xkg25/msg_stores/vhosts/628WB79CIFDYO9LJI6DKMI09L' for vhost '/' exists[0m
2022-04-30T04:28:14.249900623Z stdout F 2022-04-30 04:28:14.249369+00:00 [info] <0.638.0> Setting segment_entry_count for vhost '/' with 0 queues to '2048'[0m
2022-04-30T04:28:14.256357634Z stdout F 2022-04-30 04:28:14.255713+00:00 [info] <0.638.0> Starting message stores for vhost '/'[0m
2022-04-30T04:28:14.256770623Z stdout F 2022-04-30 04:28:14.256225+00:00 [info] <0.642.0> Message store "628WB79CIFDYO9LJI6DKMI09L/msg_store_transient": using rabbit_msg_store_ets_index to provide index[0m
2022-04-30T04:28:14.261014286Z stdout F 2022-04-30 04:28:14.260367+00:00 [info] <0.638.0> Started message store of type transient for vhost '/'[0m
2022-04-30T04:28:14.26165441Z stdout F 2022-04-30 04:28:14.260808+00:00 [info] <0.646.0> Message store "628WB79CIFDYO9LJI6DKMI09L/msg_store_persistent": using rabbit_msg_store_ets_index to provide index[0m
2022-04-30T04:28:14.264024215Z stdout F [38;5;214m2022-04-30 04:28:14.263346+00:00 [warning] <0.646.0> Message store "628WB79CIFDYO9LJI6DKMI09L/msg_store_persistent": rebuilding indices from scratch[0m
2022-04-30T04:28:14.266324595Z stdout F 2022-04-30 04:28:14.265850+00:00 [info] <0.638.0> Started message store of type persistent for vhost '/'[0m
2022-04-30T04:28:14.266852387Z stdout F 2022-04-30 04:28:14.266117+00:00 [info] <0.638.0> Recovering 0 queues of type rabbit_classic_queue took 15ms[0m
2022-04-30T04:28:14.267066858Z stdout F 2022-04-30 04:28:14.266251+00:00 [info] <0.638.0> Recovering 0 queues of type rabbit_quorum_queue took 0ms[0m
2022-04-30T04:28:14.267399255Z stdout F 2022-04-30 04:28:14.266308+00:00 [info] <0.638.0> Recovering 0 queues of type rabbit_stream_queue took 0ms[0m
2022-04-30T04:28:14.272574531Z stdout F 2022-04-30 04:28:14.271831+00:00 [info] <0.228.0> Created user 'guest'[0m
2022-04-30T04:28:14.274899797Z stdout F 2022-04-30 04:28:14.274200+00:00 [info] <0.228.0> Successfully set user tags for user 'guest' to [administrator][0m
2022-04-30T04:28:14.277102629Z stdout F 2022-04-30 04:28:14.276538+00:00 [info] <0.228.0> Successfully set permissions for 'guest' in virtual host '/' to '.*', '.*', '.*'[0m
2022-04-30T04:28:14.277909181Z stdout F 2022-04-30 04:28:14.276905+00:00 [info] <0.228.0> Running boot step rabbit_looking_glass defined by app rabbit[0m
2022-04-30T04:28:14.27793039Z stdout F 2022-04-30 04:28:14.277032+00:00 [info] <0.228.0> Running boot step rabbit_core_metrics_gc defined by app rabbit[0m
2022-04-30T04:28:14.277986612Z stdout F 2022-04-30 04:28:14.277394+00:00 [info] <0.228.0> Running boot step background_gc defined by app rabbit[0m
2022-04-30T04:28:14.278252326Z stdout F 2022-04-30 04:28:14.277777+00:00 [info] <0.228.0> Running boot step routing_ready defined by app rabbit[0m
2022-04-30T04:28:14.278729517Z stdout F 2022-04-30 04:28:14.277829+00:00 [info] <0.228.0> Running boot step pre_flight defined by app rabbit[0m
2022-04-30T04:28:14.279337611Z stdout F 2022-04-30 04:28:14.277857+00:00 [info] <0.228.0> Running boot step notify_cluster defined by app rabbit[0m
2022-04-30T04:28:14.279354509Z stdout F 2022-04-30 04:28:14.277892+00:00 [info] <0.228.0> Running boot step networking defined by app rabbit[0m
2022-04-30T04:28:14.279359759Z stdout F 2022-04-30 04:28:14.277991+00:00 [info] <0.228.0> Running boot step definition_import_worker_pool defined by app rabbit[0m
2022-04-30T04:28:14.279363366Z stdout F 2022-04-30 04:28:14.278110+00:00 [info] <0.286.0> Starting worker pool 'definition_import_pool' with 8 processes in it[0m
2022-04-30T04:28:14.28014898Z stdout F 2022-04-30 04:28:14.279553+00:00 [info] <0.228.0> Running boot step cluster_name defined by app rabbit[0m
2022-04-30T04:28:14.280172005Z stdout F 2022-04-30 04:28:14.279827+00:00 [info] <0.228.0> Initialising internal cluster ID to 'rabbitmq-cluster-id-spAbRnnLn37_lIBjdtFmfA'[0m
2022-04-30T04:28:14.283061536Z stdout F 2022-04-30 04:28:14.282384+00:00 [info] <0.228.0> Running boot step direct_client defined by app rabbit[0m
2022-04-30T04:28:14.283254914Z stdout F 2022-04-30 04:28:14.282861+00:00 [info] <0.683.0> Resetting node maintenance status[0m
2022-04-30T04:28:14.310459984Z stdout F 2022-04-30 04:28:14.309835+00:00 [info] <0.710.0> Prometheus metrics: HTTP (non-TLS) listener started on port 15692[0m
2022-04-30T04:28:14.310613106Z stdout F 2022-04-30 04:28:14.310142+00:00 [info] <0.683.0> Ready to start client connection listeners[0m
2022-04-30T04:28:14.316770504Z stdout F 2022-04-30 04:28:14.315980+00:00 [info] <0.754.0> started TCP listener on [::]:5672[0m
2022-04-30T04:28:14.738930836Z stdout F  completed with 3 plugins.
2022-04-30T04:28:14.738968339Z stdout F 2022-04-30 04:28:14.738047+00:00 [info] <0.683.0> Server startup complete; 3 plugins started.[0m
2022-04-30T04:28:14.73897478Z stdout F 2022-04-30 04:28:14.738047+00:00 [info] <0.683.0>  * rabbitmq_prometheus[0m
2022-04-30T04:28:14.738978682Z stdout F 2022-04-30 04:28:14.738047+00:00 [info] <0.683.0>  * rabbitmq_web_dispatch[0m
2022-04-30T04:28:14.738983019Z stdout F 2022-04-30 04:28:14.738047+00:00 [info] <0.683.0>  * rabbitmq_management_agent[0m
2022-04-30T04:44:16.506165699Z stdout F 2022-04-30 04:44:16.500802+00:00 [info] <0.1259.0> accepting AMQP connection <0.1259.0> (127.0.0.6:41967 -> 10.244.0.34:5672)[0m
2022-04-30T04:44:19.231983032Z stdout F 2022-04-30 04:44:19.221877+00:00 [info] <0.1259.0> Connection <0.1259.0> (127.0.0.6:41967 -> 10.244.0.34:5672) has a client-provided name: rabbitConnectionFactory#4fe1b505:0[0m
2022-04-30T04:44:19.381569439Z stdout F 2022-04-30 04:44:19.380219+00:00 [info] <0.1259.0> connection <0.1259.0> (127.0.0.6:41967 -> 10.244.0.34:5672 - rabbitConnectionFactory#4fe1b505:0): user 'guest' authenticated and granted access to vhost '/'[0m
2022-04-30T04:45:17.14097837Z stdout F 2022-04-30 04:45:17.139621+00:00 [info] <0.1308.0> accepting AMQP connection <0.1308.0> (127.0.0.6:40323 -> 10.244.0.34:5672)[0m
2022-04-30T04:45:18.129804654Z stdout F 2022-04-30 04:45:18.127214+00:00 [info] <0.1308.0> Connection <0.1308.0> (127.0.0.6:40323 -> 10.244.0.34:5672) has a client-provided name: rabbitConnectionFactory#e0e4a08:0[0m
2022-04-30T04:45:18.231086505Z stdout F 2022-04-30 04:45:18.226945+00:00 [info] <0.1308.0> connection <0.1308.0> (127.0.0.6:40323 -> 10.244.0.34:5672 - rabbitConnectionFactory#e0e4a08:0): user 'guest' authenticated and granted access to vhost '/'[0m
2022-04-30T04:55:58.196466531Z stdout F 2022-04-30 04:55:58.194188+00:00 [info] <0.1663.0> accepting AMQP connection <0.1663.0> (127.0.0.6:52437 -> 10.244.0.34:5672)[0m
2022-04-30T04:55:58.926346493Z stdout F 2022-04-30 04:55:58.922560+00:00 [info] <0.1663.0> Connection <0.1663.0> (127.0.0.6:52437 -> 10.244.0.34:5672) has a client-provided name: rabbitConnectionFactory#6239ea9d:0[0m
2022-04-30T04:55:58.973733872Z stdout F 2022-04-30 04:55:58.968751+00:00 [info] <0.1663.0> connection <0.1663.0> (127.0.0.6:52437 -> 10.244.0.34:5672 - rabbitConnectionFactory#6239ea9d:0): user 'guest' authenticated and granted access to vhost '/'[0m
