2022-05-09T11:47:39.952683669Z stdout F 2022-05-09T11:47:39.950797Z	info	Istio iptables environment:
2022-05-09T11:47:39.952745392Z stdout F ENVOY_PORT=
2022-05-09T11:47:39.95275103Z stdout F INBOUND_CAPTURE_PORT=
2022-05-09T11:47:39.95275434Z stdout F ISTIO_INBOUND_INTERCEPTION_MODE=
2022-05-09T11:47:39.952757229Z stdout F ISTIO_INBOUND_TPROXY_ROUTE_TABLE=
2022-05-09T11:47:39.952759636Z stdout F ISTIO_INBOUND_PORTS=
2022-05-09T11:47:39.952762072Z stdout F ISTIO_OUTBOUND_PORTS=
2022-05-09T11:47:39.952764523Z stdout F ISTIO_LOCAL_EXCLUDE_PORTS=
2022-05-09T11:47:39.952766922Z stdout F ISTIO_EXCLUDE_INTERFACES=
2022-05-09T11:47:39.952769357Z stdout F ISTIO_SERVICE_CIDR=
2022-05-09T11:47:39.95277178Z stdout F ISTIO_SERVICE_EXCLUDE_CIDR=
2022-05-09T11:47:39.952774198Z stdout F ISTIO_META_DNS_CAPTURE=
2022-05-09T11:47:39.952777014Z stdout F INVALID_DROP=
2022-05-09T11:47:39.952779374Z stdout F 
2022-05-09T11:47:39.952781784Z stdout F 2022-05-09T11:47:39.950943Z	info	Istio iptables variables:
2022-05-09T11:47:39.952784231Z stdout F PROXY_PORT=15001
2022-05-09T11:47:39.952786725Z stdout F PROXY_INBOUND_CAPTURE_PORT=15006
2022-05-09T11:47:39.952789172Z stdout F PROXY_TUNNEL_PORT=15008
2022-05-09T11:47:39.952791628Z stdout F PROXY_UID=1337
2022-05-09T11:47:39.952794103Z stdout F PROXY_GID=1337
2022-05-09T11:47:39.95279651Z stdout F INBOUND_INTERCEPTION_MODE=REDIRECT
2022-05-09T11:47:39.952799009Z stdout F INBOUND_TPROXY_MARK=1337
2022-05-09T11:47:39.952801426Z stdout F INBOUND_TPROXY_ROUTE_TABLE=133
2022-05-09T11:47:39.95280385Z stdout F INBOUND_PORTS_INCLUDE=*
2022-05-09T11:47:39.95280638Z stdout F INBOUND_PORTS_EXCLUDE=15090,15021,15020
2022-05-09T11:47:39.952808807Z stdout F OUTBOUND_IP_RANGES_INCLUDE=*
2022-05-09T11:47:39.952811193Z stdout F OUTBOUND_IP_RANGES_EXCLUDE=
2022-05-09T11:47:39.952813579Z stdout F OUTBOUND_PORTS_INCLUDE=
2022-05-09T11:47:39.952815982Z stdout F OUTBOUND_PORTS_EXCLUDE=
2022-05-09T11:47:39.952818364Z stdout F KUBE_VIRT_INTERFACES=
2022-05-09T11:47:39.952820775Z stdout F ENABLE_INBOUND_IPV6=false
2022-05-09T11:47:39.952823168Z stdout F DNS_CAPTURE=false
2022-05-09T11:47:39.952825584Z stdout F DROP_INVALID=false
2022-05-09T11:47:39.952828069Z stdout F CAPTURE_ALL_DNS=false
2022-05-09T11:47:39.952830486Z stdout F DNS_SERVERS=[],[]
2022-05-09T11:47:39.952832943Z stdout F OUTPUT_PATH=
2022-05-09T11:47:39.95283541Z stdout F NETWORK_NAMESPACE=
2022-05-09T11:47:39.95283783Z stdout F CNI_MODE=false
2022-05-09T11:47:39.952840267Z stdout F EXCLUDE_INTERFACES=
2022-05-09T11:47:39.952842598Z stdout F 
2022-05-09T11:47:39.952845786Z stdout F 2022-05-09T11:47:39.951440Z	info	Writing following contents to rules file: /tmp/iptables-rules-1652096859951208968.txt3370795295
2022-05-09T11:47:39.952848214Z stdout F * nat
2022-05-09T11:47:39.952850695Z stdout F -N ISTIO_INBOUND
2022-05-09T11:47:39.952855548Z stdout F -N ISTIO_REDIRECT
2022-05-09T11:47:39.95285818Z stdout F -N ISTIO_IN_REDIRECT
2022-05-09T11:47:39.95286066Z stdout F -N ISTIO_OUTPUT
2022-05-09T11:47:39.952863119Z stdout F -A ISTIO_INBOUND -p tcp --dport 15008 -j RETURN
2022-05-09T11:47:39.952865585Z stdout F -A ISTIO_REDIRECT -p tcp -j REDIRECT --to-ports 15001
2022-05-09T11:47:39.952868411Z stdout F -A ISTIO_IN_REDIRECT -p tcp -j REDIRECT --to-ports 15006
2022-05-09T11:47:39.952870807Z stdout F -A PREROUTING -p tcp -j ISTIO_INBOUND
2022-05-09T11:47:39.952873203Z stdout F -A ISTIO_INBOUND -p tcp --dport 15090 -j RETURN
2022-05-09T11:47:39.952875624Z stdout F -A ISTIO_INBOUND -p tcp --dport 15021 -j RETURN
2022-05-09T11:47:39.952878018Z stdout F -A ISTIO_INBOUND -p tcp --dport 15020 -j RETURN
2022-05-09T11:47:39.95288044Z stdout F -A ISTIO_INBOUND -p tcp -j ISTIO_IN_REDIRECT
2022-05-09T11:47:39.952882831Z stdout F -A OUTPUT -p tcp -j ISTIO_OUTPUT
2022-05-09T11:47:39.952885239Z stdout F -A ISTIO_OUTPUT -o lo -s 127.0.0.6/32 -j RETURN
2022-05-09T11:47:39.952887977Z stdout F -A ISTIO_OUTPUT -o lo ! -d 127.0.0.1/32 -m owner --uid-owner 1337 -j ISTIO_IN_REDIRECT
2022-05-09T11:47:39.952890427Z stdout F -A ISTIO_OUTPUT -o lo -m owner ! --uid-owner 1337 -j RETURN
2022-05-09T11:47:39.952892869Z stdout F -A ISTIO_OUTPUT -m owner --uid-owner 1337 -j RETURN
2022-05-09T11:47:39.952901133Z stdout F -A ISTIO_OUTPUT -o lo ! -d 127.0.0.1/32 -m owner --gid-owner 1337 -j ISTIO_IN_REDIRECT
2022-05-09T11:47:39.952904026Z stdout F -A ISTIO_OUTPUT -o lo -m owner ! --gid-owner 1337 -j RETURN
2022-05-09T11:47:39.952906422Z stdout F -A ISTIO_OUTPUT -m owner --gid-owner 1337 -j RETURN
2022-05-09T11:47:39.952908857Z stdout F -A ISTIO_OUTPUT -d 127.0.0.1/32 -j RETURN
2022-05-09T11:47:39.952911322Z stdout F -A ISTIO_OUTPUT -j ISTIO_REDIRECT
2022-05-09T11:47:39.95291377Z stdout F COMMIT
2022-05-09T11:47:39.955061479Z stdout F 2022-05-09T11:47:39.951673Z	info	Running command: iptables-restore --noflush /tmp/iptables-rules-1652096859951208968.txt3370795295
2022-05-09T11:47:39.958649831Z stdout F 2022-05-09T11:47:39.957761Z	info	Writing following contents to rules file: /tmp/ip6tables-rules-1652096859957654669.txt3881390716
2022-05-09T11:47:39.958673268Z stdout F 
2022-05-09T11:47:39.958679766Z stdout F 2022-05-09T11:47:39.957822Z	info	Running command: ip6tables-restore --noflush /tmp/ip6tables-rules-1652096859957654669.txt3881390716
2022-05-09T11:47:39.965635363Z stdout F 2022-05-09T11:47:39.959900Z	info	Running command: iptables-save 
2022-05-09T11:47:39.966573415Z stdout F 2022-05-09T11:47:39.965178Z	info	Command output: 
2022-05-09T11:47:39.966588505Z stdout F # Generated by iptables-save v1.8.4 on Mon May  9 11:47:39 2022
2022-05-09T11:47:39.966594349Z stdout F *nat
2022-05-09T11:47:39.966599538Z stdout F :PREROUTING ACCEPT [0:0]
2022-05-09T11:47:39.966604461Z stdout F :INPUT ACCEPT [0:0]
2022-05-09T11:47:39.966609439Z stdout F :OUTPUT ACCEPT [0:0]
2022-05-09T11:47:39.96661494Z stdout F :POSTROUTING ACCEPT [0:0]
2022-05-09T11:47:39.966619959Z stdout F :ISTIO_INBOUND - [0:0]
2022-05-09T11:47:39.966624918Z stdout F :ISTIO_IN_REDIRECT - [0:0]
2022-05-09T11:47:39.966629809Z stdout F :ISTIO_OUTPUT - [0:0]
2022-05-09T11:47:39.966634649Z stdout F :ISTIO_REDIRECT - [0:0]
2022-05-09T11:47:39.966639964Z stdout F -A PREROUTING -p tcp -j ISTIO_INBOUND
2022-05-09T11:47:39.966644966Z stdout F -A OUTPUT -p tcp -j ISTIO_OUTPUT
2022-05-09T11:47:39.966649837Z stdout F -A ISTIO_INBOUND -p tcp -m tcp --dport 15008 -j RETURN
2022-05-09T11:47:39.966654725Z stdout F -A ISTIO_INBOUND -p tcp -m tcp --dport 15090 -j RETURN
2022-05-09T11:47:39.966659698Z stdout F -A ISTIO_INBOUND -p tcp -m tcp --dport 15021 -j RETURN
2022-05-09T11:47:39.96666478Z stdout F -A ISTIO_INBOUND -p tcp -m tcp --dport 15020 -j RETURN
2022-05-09T11:47:39.966669764Z stdout F -A ISTIO_INBOUND -p tcp -j ISTIO_IN_REDIRECT
2022-05-09T11:47:39.966677296Z stdout F -A ISTIO_IN_REDIRECT -p tcp -j REDIRECT --to-ports 15006
2022-05-09T11:47:39.966682305Z stdout F -A ISTIO_OUTPUT -s 127.0.0.6/32 -o lo -j RETURN
2022-05-09T11:47:39.966687209Z stdout F -A ISTIO_OUTPUT ! -d 127.0.0.1/32 -o lo -m owner --uid-owner 1337 -j ISTIO_IN_REDIRECT
2022-05-09T11:47:39.966692197Z stdout F -A ISTIO_OUTPUT -o lo -m owner ! --uid-owner 1337 -j RETURN
2022-05-09T11:47:39.966697043Z stdout F -A ISTIO_OUTPUT -m owner --uid-owner 1337 -j RETURN
2022-05-09T11:47:39.966701989Z stdout F -A ISTIO_OUTPUT ! -d 127.0.0.1/32 -o lo -m owner --gid-owner 1337 -j ISTIO_IN_REDIRECT
2022-05-09T11:47:39.966706932Z stdout F -A ISTIO_OUTPUT -o lo -m owner ! --gid-owner 1337 -j RETURN
2022-05-09T11:47:39.966711905Z stdout F -A ISTIO_OUTPUT -m owner --gid-owner 1337 -j RETURN
2022-05-09T11:47:39.96671696Z stdout F -A ISTIO_OUTPUT -d 127.0.0.1/32 -j RETURN
2022-05-09T11:47:39.966721788Z stdout F -A ISTIO_OUTPUT -j ISTIO_REDIRECT
2022-05-09T11:47:39.966726783Z stdout F -A ISTIO_REDIRECT -p tcp -j REDIRECT --to-ports 15001
2022-05-09T11:47:39.966732116Z stdout F COMMIT
2022-05-09T11:47:39.966737145Z stdout F # Completed on Mon May  9 11:47:39 2022
2022-05-09T11:47:39.966741966Z stdout F 
