2022-05-09T11:47:45.983274365Z stdout F 2022-05-09T11:47:45.982667Z	info	Istio iptables environment:
2022-05-09T11:47:45.983321109Z stdout F ENVOY_PORT=
2022-05-09T11:47:45.983330343Z stdout F INBOUND_CAPTURE_PORT=
2022-05-09T11:47:45.98333607Z stdout F ISTIO_INBOUND_INTERCEPTION_MODE=
2022-05-09T11:47:45.983341708Z stdout F ISTIO_INBOUND_TPROXY_ROUTE_TABLE=
2022-05-09T11:47:45.983347019Z stdout F ISTIO_INBOUND_PORTS=
2022-05-09T11:47:45.983351658Z stdout F ISTIO_OUTBOUND_PORTS=
2022-05-09T11:47:45.983355958Z stdout F ISTIO_LOCAL_EXCLUDE_PORTS=
2022-05-09T11:47:45.983360151Z stdout F ISTIO_EXCLUDE_INTERFACES=
2022-05-09T11:47:45.983364499Z stdout F ISTIO_SERVICE_CIDR=
2022-05-09T11:47:45.983368744Z stdout F ISTIO_SERVICE_EXCLUDE_CIDR=
2022-05-09T11:47:45.983412053Z stdout F ISTIO_META_DNS_CAPTURE=
2022-05-09T11:47:45.983424785Z stdout F INVALID_DROP=
2022-05-09T11:47:45.983439315Z stdout F 
2022-05-09T11:47:45.98344961Z stdout F 2022-05-09T11:47:45.982910Z	info	Istio iptables variables:
2022-05-09T11:47:45.983455591Z stdout F PROXY_PORT=15001
2022-05-09T11:47:45.983461186Z stdout F PROXY_INBOUND_CAPTURE_PORT=15006
2022-05-09T11:47:45.983466572Z stdout F PROXY_TUNNEL_PORT=15008
2022-05-09T11:47:45.983471837Z stdout F PROXY_UID=1337
2022-05-09T11:47:45.983477197Z stdout F PROXY_GID=1337
2022-05-09T11:47:45.983525641Z stdout F INBOUND_INTERCEPTION_MODE=REDIRECT
2022-05-09T11:47:45.983541776Z stdout F INBOUND_TPROXY_MARK=1337
2022-05-09T11:47:45.983547863Z stdout F INBOUND_TPROXY_ROUTE_TABLE=133
2022-05-09T11:47:45.983552969Z stdout F INBOUND_PORTS_INCLUDE=*
2022-05-09T11:47:45.98355801Z stdout F INBOUND_PORTS_EXCLUDE=15090,15021,15020
2022-05-09T11:47:45.983562865Z stdout F OUTBOUND_IP_RANGES_INCLUDE=*
2022-05-09T11:47:45.98356743Z stdout F OUTBOUND_IP_RANGES_EXCLUDE=
2022-05-09T11:47:45.983572318Z stdout F OUTBOUND_PORTS_INCLUDE=
2022-05-09T11:47:45.983577049Z stdout F OUTBOUND_PORTS_EXCLUDE=
2022-05-09T11:47:45.983582429Z stdout F KUBE_VIRT_INTERFACES=
2022-05-09T11:47:45.983587099Z stdout F ENABLE_INBOUND_IPV6=false
2022-05-09T11:47:45.98359146Z stdout F DNS_CAPTURE=false
2022-05-09T11:47:45.983595909Z stdout F DROP_INVALID=false
2022-05-09T11:47:45.98360055Z stdout F CAPTURE_ALL_DNS=false
2022-05-09T11:47:45.983605027Z stdout F DNS_SERVERS=[],[]
2022-05-09T11:47:45.983609429Z stdout F OUTPUT_PATH=
2022-05-09T11:47:45.983613459Z stdout F NETWORK_NAMESPACE=
2022-05-09T11:47:45.983617405Z stdout F CNI_MODE=false
2022-05-09T11:47:45.983621256Z stdout F EXCLUDE_INTERFACES=
2022-05-09T11:47:45.983624891Z stdout F 
2022-05-09T11:47:45.985875894Z stdout F 2022-05-09T11:47:45.985282Z	info	Writing following contents to rules file: /tmp/iptables-rules-1652096865984237252.txt281335536
2022-05-09T11:47:45.985951328Z stdout F * nat
2022-05-09T11:47:45.989606992Z stdout F -N ISTIO_INBOUND
2022-05-09T11:47:45.989665195Z stdout F -N ISTIO_REDIRECT
2022-05-09T11:47:45.989683866Z stdout F -N ISTIO_IN_REDIRECT
2022-05-09T11:47:45.989696138Z stdout F -N ISTIO_OUTPUT
2022-05-09T11:47:45.989702626Z stdout F -A ISTIO_INBOUND -p tcp --dport 15008 -j RETURN
2022-05-09T11:47:45.989707593Z stdout F -A ISTIO_REDIRECT -p tcp -j REDIRECT --to-ports 15001
2022-05-09T11:47:45.989712092Z stdout F -A ISTIO_IN_REDIRECT -p tcp -j REDIRECT --to-ports 15006
2022-05-09T11:47:45.989716399Z stdout F -A PREROUTING -p tcp -j ISTIO_INBOUND
2022-05-09T11:47:45.989731067Z stdout F -A ISTIO_INBOUND -p tcp --dport 15090 -j RETURN
2022-05-09T11:47:45.989744519Z stdout F -A ISTIO_INBOUND -p tcp --dport 15021 -j RETURN
2022-05-09T11:47:45.989752806Z stdout F -A ISTIO_INBOUND -p tcp --dport 15020 -j RETURN
2022-05-09T11:47:45.989756952Z stdout F -A ISTIO_INBOUND -p tcp -j ISTIO_IN_REDIRECT
2022-05-09T11:47:45.989761652Z stdout F -A OUTPUT -p tcp -j ISTIO_OUTPUT
2022-05-09T11:47:45.989765921Z stdout F -A ISTIO_OUTPUT -o lo -s 127.0.0.6/32 -j RETURN
2022-05-09T11:47:45.989771009Z stdout F -A ISTIO_OUTPUT -o lo ! -d 127.0.0.1/32 -m owner --uid-owner 1337 -j ISTIO_IN_REDIRECT
2022-05-09T11:47:45.989775398Z stdout F -A ISTIO_OUTPUT -o lo -m owner ! --uid-owner 1337 -j RETURN
2022-05-09T11:47:45.989779984Z stdout F -A ISTIO_OUTPUT -m owner --uid-owner 1337 -j RETURN
2022-05-09T11:47:45.98987986Z stdout F -A ISTIO_OUTPUT -o lo ! -d 127.0.0.1/32 -m owner --gid-owner 1337 -j ISTIO_IN_REDIRECT
2022-05-09T11:47:45.989889221Z stdout F -A ISTIO_OUTPUT -o lo -m owner ! --gid-owner 1337 -j RETURN
2022-05-09T11:47:45.989894524Z stdout F -A ISTIO_OUTPUT -m owner --gid-owner 1337 -j RETURN
2022-05-09T11:47:45.989899Z stdout F -A ISTIO_OUTPUT -d 127.0.0.1/32 -j RETURN
2022-05-09T11:47:45.989903893Z stdout F -A ISTIO_OUTPUT -j ISTIO_REDIRECT
2022-05-09T11:47:45.98990855Z stdout F COMMIT
2022-05-09T11:47:45.989913789Z stdout F 2022-05-09T11:47:45.985400Z	info	Running command: iptables-restore --noflush /tmp/iptables-rules-1652096865984237252.txt281335536
2022-05-09T11:47:46.014775604Z stdout F 2022-05-09T11:47:46.013807Z	info	Writing following contents to rules file: /tmp/ip6tables-rules-1652096866013733934.txt4229206923
2022-05-09T11:47:46.014855877Z stdout F 
2022-05-09T11:47:46.014865516Z stdout F 2022-05-09T11:47:46.013848Z	info	Running command: ip6tables-restore --noflush /tmp/ip6tables-rules-1652096866013733934.txt4229206923
2022-05-09T11:47:46.01891522Z stdout F 2022-05-09T11:47:46.017355Z	info	Running command: iptables-save 
2022-05-09T11:47:46.028632482Z stdout F 2022-05-09T11:47:46.027582Z	info	Command output: 
2022-05-09T11:47:46.028662986Z stdout F # Generated by iptables-save v1.8.4 on Mon May  9 11:47:46 2022
2022-05-09T11:47:46.028670273Z stdout F *nat
2022-05-09T11:47:46.028676616Z stdout F :PREROUTING ACCEPT [0:0]
2022-05-09T11:47:46.028682032Z stdout F :INPUT ACCEPT [0:0]
2022-05-09T11:47:46.028686954Z stdout F :OUTPUT ACCEPT [0:0]
2022-05-09T11:47:46.028692796Z stdout F :POSTROUTING ACCEPT [0:0]
2022-05-09T11:47:46.028735419Z stdout F :ISTIO_INBOUND - [0:0]
2022-05-09T11:47:46.028743796Z stdout F :ISTIO_IN_REDIRECT - [0:0]
2022-05-09T11:47:46.028748949Z stdout F :ISTIO_OUTPUT - [0:0]
2022-05-09T11:47:46.028754011Z stdout F :ISTIO_REDIRECT - [0:0]
2022-05-09T11:47:46.028759802Z stdout F -A PREROUTING -p tcp -j ISTIO_INBOUND
2022-05-09T11:47:46.028764896Z stdout F -A OUTPUT -p tcp -j ISTIO_OUTPUT
2022-05-09T11:47:46.028769828Z stdout F -A ISTIO_INBOUND -p tcp -m tcp --dport 15008 -j RETURN
2022-05-09T11:47:46.028774809Z stdout F -A ISTIO_INBOUND -p tcp -m tcp --dport 15090 -j RETURN
2022-05-09T11:47:46.028784827Z stdout F -A ISTIO_INBOUND -p tcp -m tcp --dport 15021 -j RETURN
2022-05-09T11:47:46.0287901Z stdout F -A ISTIO_INBOUND -p tcp -m tcp --dport 15020 -j RETURN
2022-05-09T11:47:46.028795192Z stdout F -A ISTIO_INBOUND -p tcp -j ISTIO_IN_REDIRECT
2022-05-09T11:47:46.028800076Z stdout F -A ISTIO_IN_REDIRECT -p tcp -j REDIRECT --to-ports 15006
2022-05-09T11:47:46.028804924Z stdout F -A ISTIO_OUTPUT -s 127.0.0.6/32 -o lo -j RETURN
2022-05-09T11:47:46.028810407Z stdout F -A ISTIO_OUTPUT ! -d 127.0.0.1/32 -o lo -m owner --uid-owner 1337 -j ISTIO_IN_REDIRECT
2022-05-09T11:47:46.028815615Z stdout F -A ISTIO_OUTPUT -o lo -m owner ! --uid-owner 1337 -j RETURN
2022-05-09T11:47:46.028820591Z stdout F -A ISTIO_OUTPUT -m owner --uid-owner 1337 -j RETURN
2022-05-09T11:47:46.028825748Z stdout F -A ISTIO_OUTPUT ! -d 127.0.0.1/32 -o lo -m owner --gid-owner 1337 -j ISTIO_IN_REDIRECT
2022-05-09T11:47:46.028830758Z stdout F -A ISTIO_OUTPUT -o lo -m owner ! --gid-owner 1337 -j RETURN
2022-05-09T11:47:46.02883578Z stdout F -A ISTIO_OUTPUT -m owner --gid-owner 1337 -j RETURN
2022-05-09T11:47:46.028841244Z stdout F -A ISTIO_OUTPUT -d 127.0.0.1/32 -j RETURN
2022-05-09T11:47:46.028846348Z stdout F -A ISTIO_OUTPUT -j ISTIO_REDIRECT
2022-05-09T11:47:46.028851133Z stdout F -A ISTIO_REDIRECT -p tcp -j REDIRECT --to-ports 15001
2022-05-09T11:47:46.028856619Z stdout F COMMIT
2022-05-09T11:47:46.028862188Z stdout F # Completed on Mon May  9 11:47:46 2022
2022-05-09T11:47:46.028866742Z stdout F 
