2022-05-09T11:48:10.479253332Z stdout F 2022-05-09T11:48:10.476197Z	info	Istio iptables environment:
2022-05-09T11:48:10.47944329Z stdout F ENVOY_PORT=
2022-05-09T11:48:10.479486696Z stdout F INBOUND_CAPTURE_PORT=
2022-05-09T11:48:10.479501271Z stdout F ISTIO_INBOUND_INTERCEPTION_MODE=
2022-05-09T11:48:10.479511121Z stdout F ISTIO_INBOUND_TPROXY_ROUTE_TABLE=
2022-05-09T11:48:10.479519367Z stdout F ISTIO_INBOUND_PORTS=
2022-05-09T11:48:10.479527387Z stdout F ISTIO_OUTBOUND_PORTS=
2022-05-09T11:48:10.479538764Z stdout F ISTIO_LOCAL_EXCLUDE_PORTS=
2022-05-09T11:48:10.479558978Z stdout F ISTIO_EXCLUDE_INTERFACES=
2022-05-09T11:48:10.479573833Z stdout F ISTIO_SERVICE_CIDR=
2022-05-09T11:48:10.47959513Z stdout F ISTIO_SERVICE_EXCLUDE_CIDR=
2022-05-09T11:48:10.479612725Z stdout F ISTIO_META_DNS_CAPTURE=
2022-05-09T11:48:10.479626745Z stdout F INVALID_DROP=
2022-05-09T11:48:10.479634781Z stdout F 
2022-05-09T11:48:10.503550306Z stdout F 2022-05-09T11:48:10.501753Z	info	Istio iptables variables:
2022-05-09T11:48:10.503588054Z stdout F PROXY_PORT=15001
2022-05-09T11:48:10.503598994Z stdout F PROXY_INBOUND_CAPTURE_PORT=15006
2022-05-09T11:48:10.503607172Z stdout F PROXY_TUNNEL_PORT=15008
2022-05-09T11:48:10.503615329Z stdout F PROXY_UID=1337
2022-05-09T11:48:10.503622478Z stdout F PROXY_GID=1337
2022-05-09T11:48:10.503630885Z stdout F INBOUND_INTERCEPTION_MODE=REDIRECT
2022-05-09T11:48:10.503638882Z stdout F INBOUND_TPROXY_MARK=1337
2022-05-09T11:48:10.503651492Z stdout F INBOUND_TPROXY_ROUTE_TABLE=133
2022-05-09T11:48:10.503667243Z stdout F INBOUND_PORTS_INCLUDE=*
2022-05-09T11:48:10.503675842Z stdout F INBOUND_PORTS_EXCLUDE=15090,15021,15020
2022-05-09T11:48:10.503682996Z stdout F OUTBOUND_IP_RANGES_INCLUDE=*
2022-05-09T11:48:10.503689753Z stdout F OUTBOUND_IP_RANGES_EXCLUDE=
2022-05-09T11:48:10.503696971Z stdout F OUTBOUND_PORTS_INCLUDE=
2022-05-09T11:48:10.503704496Z stdout F OUTBOUND_PORTS_EXCLUDE=
2022-05-09T11:48:10.50405715Z stdout F KUBE_VIRT_INTERFACES=
2022-05-09T11:48:10.504079473Z stdout F ENABLE_INBOUND_IPV6=false
2022-05-09T11:48:10.504085129Z stdout F DNS_CAPTURE=false
2022-05-09T11:48:10.504089594Z stdout F DROP_INVALID=false
2022-05-09T11:48:10.504093929Z stdout F CAPTURE_ALL_DNS=false
2022-05-09T11:48:10.504098088Z stdout F DNS_SERVERS=[],[]
2022-05-09T11:48:10.504102648Z stdout F OUTPUT_PATH=
2022-05-09T11:48:10.504106852Z stdout F NETWORK_NAMESPACE=
2022-05-09T11:48:10.504111207Z stdout F CNI_MODE=false
2022-05-09T11:48:10.504115465Z stdout F EXCLUDE_INTERFACES=
2022-05-09T11:48:10.504119445Z stdout F 
2022-05-09T11:48:10.504124246Z stdout F 2022-05-09T11:48:10.502251Z	info	Writing following contents to rules file: /tmp/iptables-rules-1652096890501941952.txt431882578
2022-05-09T11:48:10.504128509Z stdout F * nat
2022-05-09T11:48:10.504132731Z stdout F -N ISTIO_INBOUND
2022-05-09T11:48:10.504137012Z stdout F -N ISTIO_REDIRECT
2022-05-09T11:48:10.504141113Z stdout F -N ISTIO_IN_REDIRECT
2022-05-09T11:48:10.504145266Z stdout F -N ISTIO_OUTPUT
2022-05-09T11:48:10.504149723Z stdout F -A ISTIO_INBOUND -p tcp --dport 15008 -j RETURN
2022-05-09T11:48:10.504154227Z stdout F -A ISTIO_REDIRECT -p tcp -j REDIRECT --to-ports 15001
2022-05-09T11:48:10.504158391Z stdout F -A ISTIO_IN_REDIRECT -p tcp -j REDIRECT --to-ports 15006
2022-05-09T11:48:10.504162473Z stdout F -A PREROUTING -p tcp -j ISTIO_INBOUND
2022-05-09T11:48:10.504166535Z stdout F -A ISTIO_INBOUND -p tcp --dport 15090 -j RETURN
2022-05-09T11:48:10.504170649Z stdout F -A ISTIO_INBOUND -p tcp --dport 15021 -j RETURN
2022-05-09T11:48:10.504174704Z stdout F -A ISTIO_INBOUND -p tcp --dport 15020 -j RETURN
2022-05-09T11:48:10.504178745Z stdout F -A ISTIO_INBOUND -p tcp -j ISTIO_IN_REDIRECT
2022-05-09T11:48:10.504182796Z stdout F -A OUTPUT -p tcp -j ISTIO_OUTPUT
2022-05-09T11:48:10.504186845Z stdout F -A ISTIO_OUTPUT -o lo -s 127.0.0.6/32 -j RETURN
2022-05-09T11:48:10.504191232Z stdout F -A ISTIO_OUTPUT -o lo ! -d 127.0.0.1/32 -m owner --uid-owner 1337 -j ISTIO_IN_REDIRECT
2022-05-09T11:48:10.504195366Z stdout F -A ISTIO_OUTPUT -o lo -m owner ! --uid-owner 1337 -j RETURN
2022-05-09T11:48:10.50424892Z stdout F -A ISTIO_OUTPUT -m owner --uid-owner 1337 -j RETURN
2022-05-09T11:48:10.504258497Z stdout F -A ISTIO_OUTPUT -o lo ! -d 127.0.0.1/32 -m owner --gid-owner 1337 -j ISTIO_IN_REDIRECT
2022-05-09T11:48:10.504262927Z stdout F -A ISTIO_OUTPUT -o lo -m owner ! --gid-owner 1337 -j RETURN
2022-05-09T11:48:10.504266941Z stdout F -A ISTIO_OUTPUT -m owner --gid-owner 1337 -j RETURN
2022-05-09T11:48:10.504270994Z stdout F -A ISTIO_OUTPUT -d 127.0.0.1/32 -j RETURN
2022-05-09T11:48:10.50427503Z stdout F -A ISTIO_OUTPUT -j ISTIO_REDIRECT
2022-05-09T11:48:10.504279786Z stdout F COMMIT
2022-05-09T11:48:10.504284727Z stdout F 2022-05-09T11:48:10.502332Z	info	Running command: iptables-restore --noflush /tmp/iptables-rules-1652096890501941952.txt431882578
2022-05-09T11:48:10.53259563Z stdout F 2022-05-09T11:48:10.531097Z	info	Writing following contents to rules file: /tmp/ip6tables-rules-1652096890530965675.txt3633031837
2022-05-09T11:48:10.532651578Z stdout F 
2022-05-09T11:48:10.532670538Z stdout F 2022-05-09T11:48:10.531196Z	info	Running command: ip6tables-restore --noflush /tmp/ip6tables-rules-1652096890530965675.txt3633031837
2022-05-09T11:48:10.566652193Z stdout F 2022-05-09T11:48:10.565146Z	info	Running command: iptables-save 
2022-05-09T11:48:10.688476113Z stdout F 2022-05-09T11:48:10.686350Z	info	Command output: 
2022-05-09T11:48:10.688518224Z stdout F # Generated by iptables-save v1.8.4 on Mon May  9 11:48:10 2022
2022-05-09T11:48:10.688529182Z stdout F *nat
2022-05-09T11:48:10.68853808Z stdout F :PREROUTING ACCEPT [0:0]
2022-05-09T11:48:10.68854571Z stdout F :INPUT ACCEPT [0:0]
2022-05-09T11:48:10.688552696Z stdout F :OUTPUT ACCEPT [0:0]
2022-05-09T11:48:10.688560945Z stdout F :POSTROUTING ACCEPT [0:0]
2022-05-09T11:48:10.688568388Z stdout F :ISTIO_INBOUND - [0:0]
2022-05-09T11:48:10.68857562Z stdout F :ISTIO_IN_REDIRECT - [0:0]
2022-05-09T11:48:10.68858263Z stdout F :ISTIO_OUTPUT - [0:0]
2022-05-09T11:48:10.688589148Z stdout F :ISTIO_REDIRECT - [0:0]
2022-05-09T11:48:10.688596401Z stdout F -A PREROUTING -p tcp -j ISTIO_INBOUND
2022-05-09T11:48:10.688602987Z stdout F -A OUTPUT -p tcp -j ISTIO_OUTPUT
2022-05-09T11:48:10.688609992Z stdout F -A ISTIO_INBOUND -p tcp -m tcp --dport 15008 -j RETURN
2022-05-09T11:48:10.68861687Z stdout F -A ISTIO_INBOUND -p tcp -m tcp --dport 15090 -j RETURN
2022-05-09T11:48:10.688623292Z stdout F -A ISTIO_INBOUND -p tcp -m tcp --dport 15021 -j RETURN
2022-05-09T11:48:10.688629776Z stdout F -A ISTIO_INBOUND -p tcp -m tcp --dport 15020 -j RETURN
2022-05-09T11:48:10.688636798Z stdout F -A ISTIO_INBOUND -p tcp -j ISTIO_IN_REDIRECT
2022-05-09T11:48:10.688643218Z stdout F -A ISTIO_IN_REDIRECT -p tcp -j REDIRECT --to-ports 15006
2022-05-09T11:48:10.68864958Z stdout F -A ISTIO_OUTPUT -s 127.0.0.6/32 -o lo -j RETURN
2022-05-09T11:48:10.688656352Z stdout F -A ISTIO_OUTPUT ! -d 127.0.0.1/32 -o lo -m owner --uid-owner 1337 -j ISTIO_IN_REDIRECT
2022-05-09T11:48:10.688662473Z stdout F -A ISTIO_OUTPUT -o lo -m owner ! --uid-owner 1337 -j RETURN
2022-05-09T11:48:10.688669438Z stdout F -A ISTIO_OUTPUT -m owner --uid-owner 1337 -j RETURN
2022-05-09T11:48:10.688678969Z stdout F -A ISTIO_OUTPUT ! -d 127.0.0.1/32 -o lo -m owner --gid-owner 1337 -j ISTIO_IN_REDIRECT
2022-05-09T11:48:10.688686477Z stdout F -A ISTIO_OUTPUT -o lo -m owner ! --gid-owner 1337 -j RETURN
2022-05-09T11:48:10.688693542Z stdout F -A ISTIO_OUTPUT -m owner --gid-owner 1337 -j RETURN
2022-05-09T11:48:10.688704081Z stdout F -A ISTIO_OUTPUT -d 127.0.0.1/32 -j RETURN
2022-05-09T11:48:10.688722042Z stdout F -A ISTIO_OUTPUT -j ISTIO_REDIRECT
2022-05-09T11:48:10.688739518Z stdout F -A ISTIO_REDIRECT -p tcp -j REDIRECT --to-ports 15001
2022-05-09T11:48:10.688749624Z stdout F COMMIT
2022-05-09T11:48:10.688757136Z stdout F # Completed on Mon May  9 11:48:10 2022
2022-05-09T11:48:10.688764127Z stdout F 
