2022-05-26T05:25:15.656343551Z stdout F 2022-05-26T05:25:15.655988Z	info	Istio iptables environment:
2022-05-26T05:25:15.657980802Z stdout F ENVOY_PORT=
2022-05-26T05:25:15.657993841Z stdout F INBOUND_CAPTURE_PORT=
2022-05-26T05:25:15.658006628Z stdout F ISTIO_INBOUND_INTERCEPTION_MODE=
2022-05-26T05:25:15.658019722Z stdout F ISTIO_INBOUND_TPROXY_ROUTE_TABLE=
2022-05-26T05:25:15.658032365Z stdout F ISTIO_INBOUND_PORTS=
2022-05-26T05:25:15.65804247Z stdout F ISTIO_OUTBOUND_PORTS=
2022-05-26T05:25:15.658054793Z stdout F ISTIO_LOCAL_EXCLUDE_PORTS=
2022-05-26T05:25:15.658066256Z stdout F ISTIO_EXCLUDE_INTERFACES=
2022-05-26T05:25:15.658071977Z stdout F ISTIO_SERVICE_CIDR=
2022-05-26T05:25:15.658075907Z stdout F ISTIO_SERVICE_EXCLUDE_CIDR=
2022-05-26T05:25:15.658079519Z stdout F ISTIO_META_DNS_CAPTURE=
2022-05-26T05:25:15.658083648Z stdout F INVALID_DROP=
2022-05-26T05:25:15.658087237Z stdout F 
2022-05-26T05:25:15.658091407Z stdout F 2022-05-26T05:25:15.656051Z	info	Istio iptables variables:
2022-05-26T05:25:15.65809509Z stdout F PROXY_PORT=15001
2022-05-26T05:25:15.658099136Z stdout F PROXY_INBOUND_CAPTURE_PORT=15006
2022-05-26T05:25:15.65810335Z stdout F PROXY_TUNNEL_PORT=15008
2022-05-26T05:25:15.658107502Z stdout F PROXY_UID=1337
2022-05-26T05:25:15.658111369Z stdout F PROXY_GID=1337
2022-05-26T05:25:15.658115055Z stdout F INBOUND_INTERCEPTION_MODE=REDIRECT
2022-05-26T05:25:15.658118753Z stdout F INBOUND_TPROXY_MARK=1337
2022-05-26T05:25:15.658122612Z stdout F INBOUND_TPROXY_ROUTE_TABLE=133
2022-05-26T05:25:15.65812628Z stdout F INBOUND_PORTS_INCLUDE=*
2022-05-26T05:25:15.658130139Z stdout F INBOUND_PORTS_EXCLUDE=15090,15021,15020
2022-05-26T05:25:15.658134027Z stdout F OUTBOUND_IP_RANGES_INCLUDE=*
2022-05-26T05:25:15.658137776Z stdout F OUTBOUND_IP_RANGES_EXCLUDE=
2022-05-26T05:25:15.658141586Z stdout F OUTBOUND_PORTS_INCLUDE=
2022-05-26T05:25:15.65814556Z stdout F OUTBOUND_PORTS_EXCLUDE=
2022-05-26T05:25:15.658149301Z stdout F KUBE_VIRT_INTERFACES=
2022-05-26T05:25:15.65815533Z stdout F ENABLE_INBOUND_IPV6=false
2022-05-26T05:25:15.65816703Z stdout F DNS_CAPTURE=false
2022-05-26T05:25:15.658178163Z stdout F DROP_INVALID=false
2022-05-26T05:25:15.658184175Z stdout F CAPTURE_ALL_DNS=false
2022-05-26T05:25:15.658188271Z stdout F DNS_SERVERS=[],[]
2022-05-26T05:25:15.658192202Z stdout F OUTPUT_PATH=
2022-05-26T05:25:15.658196419Z stdout F NETWORK_NAMESPACE=
2022-05-26T05:25:15.658200677Z stdout F CNI_MODE=false
2022-05-26T05:25:15.65820437Z stdout F EXCLUDE_INTERFACES=
2022-05-26T05:25:15.658207844Z stdout F 
2022-05-26T05:25:15.663815824Z stdout F 2022-05-26T05:25:15.663560Z	info	Writing following contents to rules file: /tmp/iptables-rules-1653542715656223234.txt995404223
2022-05-26T05:25:15.663834826Z stdout F * nat
2022-05-26T05:25:15.663838627Z stdout F -N ISTIO_INBOUND
2022-05-26T05:25:15.663841473Z stdout F -N ISTIO_REDIRECT
2022-05-26T05:25:15.663843853Z stdout F -N ISTIO_IN_REDIRECT
2022-05-26T05:25:15.663846252Z stdout F -N ISTIO_OUTPUT
2022-05-26T05:25:15.663849196Z stdout F -A ISTIO_INBOUND -p tcp --dport 15008 -j RETURN
2022-05-26T05:25:15.663852071Z stdout F -A ISTIO_REDIRECT -p tcp -j REDIRECT --to-ports 15001
2022-05-26T05:25:15.663854603Z stdout F -A ISTIO_IN_REDIRECT -p tcp -j REDIRECT --to-ports 15006
2022-05-26T05:25:15.663856969Z stdout F -A PREROUTING -p tcp -j ISTIO_INBOUND
2022-05-26T05:25:15.663859351Z stdout F -A ISTIO_INBOUND -p tcp --dport 15090 -j RETURN
2022-05-26T05:25:15.663861644Z stdout F -A ISTIO_INBOUND -p tcp --dport 15021 -j RETURN
2022-05-26T05:25:15.663863983Z stdout F -A ISTIO_INBOUND -p tcp --dport 15020 -j RETURN
2022-05-26T05:25:15.663866404Z stdout F -A ISTIO_INBOUND -p tcp -j ISTIO_IN_REDIRECT
2022-05-26T05:25:15.663869135Z stdout F -A OUTPUT -p tcp -j ISTIO_OUTPUT
2022-05-26T05:25:15.663871443Z stdout F -A ISTIO_OUTPUT -o lo -s 127.0.0.6/32 -j RETURN
2022-05-26T05:25:15.663874121Z stdout F -A ISTIO_OUTPUT -o lo ! -d 127.0.0.1/32 -m owner --uid-owner 1337 -j ISTIO_IN_REDIRECT
2022-05-26T05:25:15.663876465Z stdout F -A ISTIO_OUTPUT -o lo -m owner ! --uid-owner 1337 -j RETURN
2022-05-26T05:25:15.66387889Z stdout F -A ISTIO_OUTPUT -m owner --uid-owner 1337 -j RETURN
2022-05-26T05:25:15.664103255Z stdout F -A ISTIO_OUTPUT -o lo ! -d 127.0.0.1/32 -m owner --gid-owner 1337 -j ISTIO_IN_REDIRECT
2022-05-26T05:25:15.664116566Z stdout F -A ISTIO_OUTPUT -o lo -m owner ! --gid-owner 1337 -j RETURN
2022-05-26T05:25:15.664121339Z stdout F -A ISTIO_OUTPUT -m owner --gid-owner 1337 -j RETURN
2022-05-26T05:25:15.664125087Z stdout F -A ISTIO_OUTPUT -d 127.0.0.1/32 -j RETURN
2022-05-26T05:25:15.664128816Z stdout F -A ISTIO_OUTPUT -j ISTIO_REDIRECT
2022-05-26T05:25:15.664132893Z stdout F COMMIT
2022-05-26T05:25:15.664137286Z stdout F 2022-05-26T05:25:15.663666Z	info	Running command: iptables-restore --noflush /tmp/iptables-rules-1653542715656223234.txt995404223
2022-05-26T05:25:15.683613129Z stdout F 2022-05-26T05:25:15.683231Z	info	Writing following contents to rules file: /tmp/ip6tables-rules-1653542715683130359.txt3319367613
2022-05-26T05:25:15.683644203Z stdout F 
2022-05-26T05:25:15.683658347Z stdout F 2022-05-26T05:25:15.683328Z	info	Running command: ip6tables-restore --noflush /tmp/ip6tables-rules-1653542715683130359.txt3319367613
2022-05-26T05:25:15.701460642Z stdout F 2022-05-26T05:25:15.689108Z	info	Running command: iptables-save 
2022-05-26T05:25:15.701605471Z stdout F 2022-05-26T05:25:15.700066Z	info	Command output: 
2022-05-26T05:25:15.701647735Z stdout F # Generated by iptables-save v1.8.4 on Thu May 26 05:25:15 2022
2022-05-26T05:25:15.701656562Z stdout F *nat
2022-05-26T05:25:15.701661822Z stdout F :PREROUTING ACCEPT [0:0]
2022-05-26T05:25:15.701666104Z stdout F :INPUT ACCEPT [0:0]
2022-05-26T05:25:15.701670035Z stdout F :OUTPUT ACCEPT [0:0]
2022-05-26T05:25:15.701673961Z stdout F :POSTROUTING ACCEPT [0:0]
2022-05-26T05:25:15.701805988Z stdout F :ISTIO_INBOUND - [0:0]
2022-05-26T05:25:15.701820636Z stdout F :ISTIO_IN_REDIRECT - [0:0]
2022-05-26T05:25:15.701825994Z stdout F :ISTIO_OUTPUT - [0:0]
2022-05-26T05:25:15.701830093Z stdout F :ISTIO_REDIRECT - [0:0]
2022-05-26T05:25:15.701834424Z stdout F -A PREROUTING -p tcp -j ISTIO_INBOUND
2022-05-26T05:25:15.701837941Z stdout F -A OUTPUT -p tcp -j ISTIO_OUTPUT
2022-05-26T05:25:15.701841672Z stdout F -A ISTIO_INBOUND -p tcp -m tcp --dport 15008 -j RETURN
2022-05-26T05:25:15.701845399Z stdout F -A ISTIO_INBOUND -p tcp -m tcp --dport 15090 -j RETURN
2022-05-26T05:25:15.701849189Z stdout F -A ISTIO_INBOUND -p tcp -m tcp --dport 15021 -j RETURN
2022-05-26T05:25:15.701853208Z stdout F -A ISTIO_INBOUND -p tcp -m tcp --dport 15020 -j RETURN
2022-05-26T05:25:15.701856781Z stdout F -A ISTIO_INBOUND -p tcp -j ISTIO_IN_REDIRECT
2022-05-26T05:25:15.701860851Z stdout F -A ISTIO_IN_REDIRECT -p tcp -j REDIRECT --to-ports 15006
2022-05-26T05:25:15.701864873Z stdout F -A ISTIO_OUTPUT -s 127.0.0.6/32 -o lo -j RETURN
2022-05-26T05:25:15.701869056Z stdout F -A ISTIO_OUTPUT ! -d 127.0.0.1/32 -o lo -m owner --uid-owner 1337 -j ISTIO_IN_REDIRECT
2022-05-26T05:25:15.701973557Z stdout F -A ISTIO_OUTPUT -o lo -m owner ! --uid-owner 1337 -j RETURN
2022-05-26T05:25:15.701982505Z stdout F -A ISTIO_OUTPUT -m owner --uid-owner 1337 -j RETURN
2022-05-26T05:25:15.701987816Z stdout F -A ISTIO_OUTPUT ! -d 127.0.0.1/32 -o lo -m owner --gid-owner 1337 -j ISTIO_IN_REDIRECT
2022-05-26T05:25:15.701992511Z stdout F -A ISTIO_OUTPUT -o lo -m owner ! --gid-owner 1337 -j RETURN
2022-05-26T05:25:15.701996471Z stdout F -A ISTIO_OUTPUT -m owner --gid-owner 1337 -j RETURN
2022-05-26T05:25:15.70200054Z stdout F -A ISTIO_OUTPUT -d 127.0.0.1/32 -j RETURN
2022-05-26T05:25:15.702004449Z stdout F -A ISTIO_OUTPUT -j ISTIO_REDIRECT
2022-05-26T05:25:15.702008298Z stdout F -A ISTIO_REDIRECT -p tcp -j REDIRECT --to-ports 15001
2022-05-26T05:25:15.702012536Z stdout F COMMIT
2022-05-26T05:25:15.702016709Z stdout F # Completed on Thu May 26 05:25:15 2022
2022-05-26T05:25:15.702020535Z stdout F 
