2022-06-13T02:22:30.183821091Z stdout F 2022-06-13T02:22:30.181767Z	info	Istio iptables environment:
2022-06-13T02:22:30.18389688Z stdout F ENVOY_PORT=
2022-06-13T02:22:30.183918531Z stdout F INBOUND_CAPTURE_PORT=
2022-06-13T02:22:30.183938359Z stdout F ISTIO_INBOUND_INTERCEPTION_MODE=
2022-06-13T02:22:30.184000964Z stdout F ISTIO_INBOUND_TPROXY_ROUTE_TABLE=
2022-06-13T02:22:30.184006433Z stdout F ISTIO_INBOUND_PORTS=
2022-06-13T02:22:30.184010723Z stdout F ISTIO_OUTBOUND_PORTS=
2022-06-13T02:22:30.184015499Z stdout F ISTIO_LOCAL_EXCLUDE_PORTS=
2022-06-13T02:22:30.184019502Z stdout F ISTIO_EXCLUDE_INTERFACES=
2022-06-13T02:22:30.184023531Z stdout F ISTIO_SERVICE_CIDR=
2022-06-13T02:22:30.184038449Z stdout F ISTIO_SERVICE_EXCLUDE_CIDR=
2022-06-13T02:22:30.184047358Z stdout F ISTIO_META_DNS_CAPTURE=
2022-06-13T02:22:30.184052317Z stdout F INVALID_DROP=
2022-06-13T02:22:30.184056281Z stdout F 
2022-06-13T02:22:30.184071861Z stdout F 2022-06-13T02:22:30.181897Z	info	Istio iptables variables:
2022-06-13T02:22:30.184089914Z stdout F PROXY_PORT=15001
2022-06-13T02:22:30.184096248Z stdout F PROXY_INBOUND_CAPTURE_PORT=15006
2022-06-13T02:22:30.184100869Z stdout F PROXY_TUNNEL_PORT=15008
2022-06-13T02:22:30.184104947Z stdout F PROXY_UID=1337
2022-06-13T02:22:30.184123434Z stdout F PROXY_GID=1337
2022-06-13T02:22:30.184155584Z stdout F INBOUND_INTERCEPTION_MODE=REDIRECT
2022-06-13T02:22:30.184163996Z stdout F INBOUND_TPROXY_MARK=1337
2022-06-13T02:22:30.184177535Z stdout F INBOUND_TPROXY_ROUTE_TABLE=133
2022-06-13T02:22:30.184191025Z stdout F INBOUND_PORTS_INCLUDE=*
2022-06-13T02:22:30.184214681Z stdout F INBOUND_PORTS_EXCLUDE=15090,15021,15020
2022-06-13T02:22:30.184266409Z stdout F OUTBOUND_IP_RANGES_INCLUDE=*
2022-06-13T02:22:30.184290221Z stdout F OUTBOUND_IP_RANGES_EXCLUDE=
2022-06-13T02:22:30.184300099Z stdout F OUTBOUND_PORTS_INCLUDE=
2022-06-13T02:22:30.184320535Z stdout F OUTBOUND_PORTS_EXCLUDE=
2022-06-13T02:22:30.184326739Z stdout F KUBE_VIRT_INTERFACES=
2022-06-13T02:22:30.184330217Z stdout F ENABLE_INBOUND_IPV6=false
2022-06-13T02:22:30.18433257Z stdout F DNS_CAPTURE=false
2022-06-13T02:22:30.184335101Z stdout F DROP_INVALID=false
2022-06-13T02:22:30.184346637Z stdout F CAPTURE_ALL_DNS=false
2022-06-13T02:22:30.184370679Z stdout F DNS_SERVERS=[],[]
2022-06-13T02:22:30.184378812Z stdout F OUTPUT_PATH=
2022-06-13T02:22:30.184383776Z stdout F NETWORK_NAMESPACE=
2022-06-13T02:22:30.184388136Z stdout F CNI_MODE=false
2022-06-13T02:22:30.184392093Z stdout F EXCLUDE_INTERFACES=
2022-06-13T02:22:30.184405125Z stdout F 
2022-06-13T02:22:30.184423961Z stdout F 2022-06-13T02:22:30.182580Z	info	Writing following contents to rules file: /tmp/iptables-rules-1655086950182155602.txt3283390311
2022-06-13T02:22:30.184430242Z stdout F * nat
2022-06-13T02:22:30.184434602Z stdout F -N ISTIO_INBOUND
2022-06-13T02:22:30.184473253Z stdout F -N ISTIO_REDIRECT
2022-06-13T02:22:30.184484286Z stdout F -N ISTIO_IN_REDIRECT
2022-06-13T02:22:30.18450251Z stdout F -N ISTIO_OUTPUT
2022-06-13T02:22:30.184508316Z stdout F -A ISTIO_INBOUND -p tcp --dport 15008 -j RETURN
2022-06-13T02:22:30.184512696Z stdout F -A ISTIO_REDIRECT -p tcp -j REDIRECT --to-ports 15001
2022-06-13T02:22:30.184516644Z stdout F -A ISTIO_IN_REDIRECT -p tcp -j REDIRECT --to-ports 15006
2022-06-13T02:22:30.184520774Z stdout F -A PREROUTING -p tcp -j ISTIO_INBOUND
2022-06-13T02:22:30.184525111Z stdout F -A ISTIO_INBOUND -p tcp --dport 15090 -j RETURN
2022-06-13T02:22:30.184539384Z stdout F -A ISTIO_INBOUND -p tcp --dport 15021 -j RETURN
2022-06-13T02:22:30.184548104Z stdout F -A ISTIO_INBOUND -p tcp --dport 15020 -j RETURN
2022-06-13T02:22:30.184553082Z stdout F -A ISTIO_INBOUND -p tcp -j ISTIO_IN_REDIRECT
2022-06-13T02:22:30.184556981Z stdout F -A OUTPUT -p tcp -j ISTIO_OUTPUT
2022-06-13T02:22:30.184560893Z stdout F -A ISTIO_OUTPUT -o lo -s 127.0.0.6/32 -j RETURN
2022-06-13T02:22:30.184565225Z stdout F -A ISTIO_OUTPUT -o lo ! -d 127.0.0.1/32 -m owner --uid-owner 1337 -j ISTIO_IN_REDIRECT
2022-06-13T02:22:30.184569181Z stdout F -A ISTIO_OUTPUT -o lo -m owner ! --uid-owner 1337 -j RETURN
2022-06-13T02:22:30.184607395Z stdout F -A ISTIO_OUTPUT -m owner --uid-owner 1337 -j RETURN
2022-06-13T02:22:30.184626776Z stdout F -A ISTIO_OUTPUT -o lo ! -d 127.0.0.1/32 -m owner --gid-owner 1337 -j ISTIO_IN_REDIRECT
2022-06-13T02:22:30.184632331Z stdout F -A ISTIO_OUTPUT -o lo -m owner ! --gid-owner 1337 -j RETURN
2022-06-13T02:22:30.184636498Z stdout F -A ISTIO_OUTPUT -m owner --gid-owner 1337 -j RETURN
2022-06-13T02:22:30.184640451Z stdout F -A ISTIO_OUTPUT -d 127.0.0.1/32 -j RETURN
2022-06-13T02:22:30.184644192Z stdout F -A ISTIO_OUTPUT -j ISTIO_REDIRECT
2022-06-13T02:22:30.184648253Z stdout F COMMIT
2022-06-13T02:22:30.184664352Z stdout F 2022-06-13T02:22:30.182658Z	info	Running command: iptables-restore --noflush /tmp/iptables-rules-1655086950182155602.txt3283390311
2022-06-13T02:22:30.192993434Z stdout F 2022-06-13T02:22:30.192492Z	info	Writing following contents to rules file: /tmp/ip6tables-rules-1655086950192284635.txt3464646900
2022-06-13T02:22:30.193029348Z stdout F 
2022-06-13T02:22:30.193060366Z stdout F 2022-06-13T02:22:30.192641Z	info	Running command: ip6tables-restore --noflush /tmp/ip6tables-rules-1655086950192284635.txt3464646900
2022-06-13T02:22:30.203138284Z stdout F 2022-06-13T02:22:30.200569Z	info	Running command: iptables-save 
2022-06-13T02:22:30.211809688Z stdout F 2022-06-13T02:22:30.209486Z	info	Command output: 
2022-06-13T02:22:30.211892685Z stdout F # Generated by iptables-save v1.8.4 on Mon Jun 13 02:22:30 2022
2022-06-13T02:22:30.211901447Z stdout F *nat
2022-06-13T02:22:30.21194256Z stdout F :PREROUTING ACCEPT [0:0]
2022-06-13T02:22:30.212223359Z stdout F :INPUT ACCEPT [0:0]
2022-06-13T02:22:30.212260582Z stdout F :OUTPUT ACCEPT [0:0]
2022-06-13T02:22:30.212267678Z stdout F :POSTROUTING ACCEPT [0:0]
2022-06-13T02:22:30.212286432Z stdout F :ISTIO_INBOUND - [0:0]
2022-06-13T02:22:30.212293741Z stdout F :ISTIO_IN_REDIRECT - [0:0]
2022-06-13T02:22:30.212298023Z stdout F :ISTIO_OUTPUT - [0:0]
2022-06-13T02:22:30.212302369Z stdout F :ISTIO_REDIRECT - [0:0]
2022-06-13T02:22:30.212319158Z stdout F -A PREROUTING -p tcp -j ISTIO_INBOUND
2022-06-13T02:22:30.212328012Z stdout F -A OUTPUT -p tcp -j ISTIO_OUTPUT
2022-06-13T02:22:30.212347056Z stdout F -A ISTIO_INBOUND -p tcp -m tcp --dport 15008 -j RETURN
2022-06-13T02:22:30.212354066Z stdout F -A ISTIO_INBOUND -p tcp -m tcp --dport 15090 -j RETURN
2022-06-13T02:22:30.212357752Z stdout F -A ISTIO_INBOUND -p tcp -m tcp --dport 15021 -j RETURN
2022-06-13T02:22:30.212361417Z stdout F -A ISTIO_INBOUND -p tcp -m tcp --dport 15020 -j RETURN
2022-06-13T02:22:30.212365071Z stdout F -A ISTIO_INBOUND -p tcp -j ISTIO_IN_REDIRECT
2022-06-13T02:22:30.212369182Z stdout F -A ISTIO_IN_REDIRECT -p tcp -j REDIRECT --to-ports 15006
2022-06-13T02:22:30.212372837Z stdout F -A ISTIO_OUTPUT -s 127.0.0.6/32 -o lo -j RETURN
2022-06-13T02:22:30.212377541Z stdout F -A ISTIO_OUTPUT ! -d 127.0.0.1/32 -o lo -m owner --uid-owner 1337 -j ISTIO_IN_REDIRECT
2022-06-13T02:22:30.212381485Z stdout F -A ISTIO_OUTPUT -o lo -m owner ! --uid-owner 1337 -j RETURN
2022-06-13T02:22:30.212385026Z stdout F -A ISTIO_OUTPUT -m owner --uid-owner 1337 -j RETURN
2022-06-13T02:22:30.212388498Z stdout F -A ISTIO_OUTPUT ! -d 127.0.0.1/32 -o lo -m owner --gid-owner 1337 -j ISTIO_IN_REDIRECT
2022-06-13T02:22:30.21239225Z stdout F -A ISTIO_OUTPUT -o lo -m owner ! --gid-owner 1337 -j RETURN
2022-06-13T02:22:30.212413626Z stdout F -A ISTIO_OUTPUT -m owner --gid-owner 1337 -j RETURN
2022-06-13T02:22:30.212418128Z stdout F -A ISTIO_OUTPUT -d 127.0.0.1/32 -j RETURN
2022-06-13T02:22:30.212434696Z stdout F -A ISTIO_OUTPUT -j ISTIO_REDIRECT
2022-06-13T02:22:30.212457745Z stdout F -A ISTIO_REDIRECT -p tcp -j REDIRECT --to-ports 15001
2022-06-13T02:22:30.212468043Z stdout F COMMIT
2022-06-13T02:22:30.212490336Z stdout F # Completed on Mon Jun 13 02:22:30 2022
2022-06-13T02:22:30.212533429Z stdout F 
