2022-05-09T06:52:47.763738218Z stdout F 2022-05-09T06:52:47.761563Z	info	Istio iptables environment:
2022-05-09T06:52:47.763772675Z stdout F ENVOY_PORT=
2022-05-09T06:52:47.7637778Z stdout F INBOUND_CAPTURE_PORT=
2022-05-09T06:52:47.763781097Z stdout F ISTIO_INBOUND_INTERCEPTION_MODE=
2022-05-09T06:52:47.763784022Z stdout F ISTIO_INBOUND_TPROXY_ROUTE_TABLE=
2022-05-09T06:52:47.763786375Z stdout F ISTIO_INBOUND_PORTS=
2022-05-09T06:52:47.763788689Z stdout F ISTIO_OUTBOUND_PORTS=
2022-05-09T06:52:47.763791011Z stdout F ISTIO_LOCAL_EXCLUDE_PORTS=
2022-05-09T06:52:47.763793346Z stdout F ISTIO_EXCLUDE_INTERFACES=
2022-05-09T06:52:47.763795666Z stdout F ISTIO_SERVICE_CIDR=
2022-05-09T06:52:47.763797995Z stdout F ISTIO_SERVICE_EXCLUDE_CIDR=
2022-05-09T06:52:47.763800297Z stdout F ISTIO_META_DNS_CAPTURE=
2022-05-09T06:52:47.763802689Z stdout F INVALID_DROP=
2022-05-09T06:52:47.763804995Z stdout F 
2022-05-09T06:52:47.763807326Z stdout F 2022-05-09T06:52:47.761671Z	info	Istio iptables variables:
2022-05-09T06:52:47.763809657Z stdout F PROXY_PORT=15001
2022-05-09T06:52:47.763812077Z stdout F PROXY_INBOUND_CAPTURE_PORT=15006
2022-05-09T06:52:47.763814412Z stdout F PROXY_TUNNEL_PORT=15008
2022-05-09T06:52:47.76381677Z stdout F PROXY_UID=1337
2022-05-09T06:52:47.763819254Z stdout F PROXY_GID=1337
2022-05-09T06:52:47.763821976Z stdout F INBOUND_INTERCEPTION_MODE=REDIRECT
2022-05-09T06:52:47.763824432Z stdout F INBOUND_TPROXY_MARK=1337
2022-05-09T06:52:47.763826818Z stdout F INBOUND_TPROXY_ROUTE_TABLE=133
2022-05-09T06:52:47.763829128Z stdout F INBOUND_PORTS_INCLUDE=*
2022-05-09T06:52:47.763831473Z stdout F INBOUND_PORTS_EXCLUDE=15090,15021,15020
2022-05-09T06:52:47.763834Z stdout F OUTBOUND_IP_RANGES_INCLUDE=*
2022-05-09T06:52:47.763836374Z stdout F OUTBOUND_IP_RANGES_EXCLUDE=
2022-05-09T06:52:47.763838684Z stdout F OUTBOUND_PORTS_INCLUDE=
2022-05-09T06:52:47.763841039Z stdout F OUTBOUND_PORTS_EXCLUDE=
2022-05-09T06:52:47.763843421Z stdout F KUBE_VIRT_INTERFACES=
2022-05-09T06:52:47.763845782Z stdout F ENABLE_INBOUND_IPV6=false
2022-05-09T06:52:47.763848139Z stdout F DNS_CAPTURE=false
2022-05-09T06:52:47.763850476Z stdout F DROP_INVALID=false
2022-05-09T06:52:47.763852797Z stdout F CAPTURE_ALL_DNS=false
2022-05-09T06:52:47.76385512Z stdout F DNS_SERVERS=[],[]
2022-05-09T06:52:47.763857516Z stdout F OUTPUT_PATH=
2022-05-09T06:52:47.763859911Z stdout F NETWORK_NAMESPACE=
2022-05-09T06:52:47.763862253Z stdout F CNI_MODE=false
2022-05-09T06:52:47.763864623Z stdout F EXCLUDE_INTERFACES=
2022-05-09T06:52:47.763866854Z stdout F 
2022-05-09T06:52:47.763869647Z stdout F 2022-05-09T06:52:47.761845Z	info	Writing following contents to rules file: /tmp/iptables-rules-1652079167761711766.txt3992319544
2022-05-09T06:52:47.76387196Z stdout F * nat
2022-05-09T06:52:47.763874356Z stdout F -N ISTIO_INBOUND
2022-05-09T06:52:47.763876714Z stdout F -N ISTIO_REDIRECT
2022-05-09T06:52:47.763879044Z stdout F -N ISTIO_IN_REDIRECT
2022-05-09T06:52:47.76388142Z stdout F -N ISTIO_OUTPUT
2022-05-09T06:52:47.763883792Z stdout F -A ISTIO_INBOUND -p tcp --dport 15008 -j RETURN
2022-05-09T06:52:47.763886323Z stdout F -A ISTIO_REDIRECT -p tcp -j REDIRECT --to-ports 15001
2022-05-09T06:52:47.763888679Z stdout F -A ISTIO_IN_REDIRECT -p tcp -j REDIRECT --to-ports 15006
2022-05-09T06:52:47.763891006Z stdout F -A PREROUTING -p tcp -j ISTIO_INBOUND
2022-05-09T06:52:47.763893337Z stdout F -A ISTIO_INBOUND -p tcp --dport 15090 -j RETURN
2022-05-09T06:52:47.763895658Z stdout F -A ISTIO_INBOUND -p tcp --dport 15021 -j RETURN
2022-05-09T06:52:47.76389797Z stdout F -A ISTIO_INBOUND -p tcp --dport 15020 -j RETURN
2022-05-09T06:52:47.763900305Z stdout F -A ISTIO_INBOUND -p tcp -j ISTIO_IN_REDIRECT
2022-05-09T06:52:47.763902668Z stdout F -A OUTPUT -p tcp -j ISTIO_OUTPUT
2022-05-09T06:52:47.763904998Z stdout F -A ISTIO_OUTPUT -o lo -s 127.0.0.6/32 -j RETURN
2022-05-09T06:52:47.763907759Z stdout F -A ISTIO_OUTPUT -o lo ! -d 127.0.0.1/32 -m owner --uid-owner 1337 -j ISTIO_IN_REDIRECT
2022-05-09T06:52:47.763910101Z stdout F -A ISTIO_OUTPUT -o lo -m owner ! --uid-owner 1337 -j RETURN
2022-05-09T06:52:47.763912347Z stdout F -A ISTIO_OUTPUT -m owner --uid-owner 1337 -j RETURN
2022-05-09T06:52:47.763919789Z stdout F -A ISTIO_OUTPUT -o lo ! -d 127.0.0.1/32 -m owner --gid-owner 1337 -j ISTIO_IN_REDIRECT
2022-05-09T06:52:47.7639224Z stdout F -A ISTIO_OUTPUT -o lo -m owner ! --gid-owner 1337 -j RETURN
2022-05-09T06:52:47.763924704Z stdout F -A ISTIO_OUTPUT -m owner --gid-owner 1337 -j RETURN
2022-05-09T06:52:47.763927004Z stdout F -A ISTIO_OUTPUT -d 127.0.0.1/32 -j RETURN
2022-05-09T06:52:47.763929336Z stdout F -A ISTIO_OUTPUT -j ISTIO_REDIRECT
2022-05-09T06:52:47.763931737Z stdout F COMMIT
2022-05-09T06:52:47.763934784Z stdout F 2022-05-09T06:52:47.761902Z	info	Running command: iptables-restore --noflush /tmp/iptables-rules-1652079167761711766.txt3992319544
2022-05-09T06:52:47.766225864Z stdout F 2022-05-09T06:52:47.765907Z	info	Writing following contents to rules file: /tmp/ip6tables-rules-1652079167765860581.txt3864968925
2022-05-09T06:52:47.766242341Z stdout F 
2022-05-09T06:52:47.766246204Z stdout F 2022-05-09T06:52:47.765965Z	info	Running command: ip6tables-restore --noflush /tmp/ip6tables-rules-1652079167765860581.txt3864968925
2022-05-09T06:52:47.769367274Z stdout F 2022-05-09T06:52:47.769117Z	info	Running command: iptables-save 
2022-05-09T06:52:47.774106888Z stdout F 2022-05-09T06:52:47.773582Z	info	Command output: 
2022-05-09T06:52:47.774135736Z stdout F # Generated by iptables-save v1.8.4 on Mon May  9 06:52:47 2022
2022-05-09T06:52:47.774140313Z stdout F *nat
2022-05-09T06:52:47.774144202Z stdout F :PREROUTING ACCEPT [0:0]
2022-05-09T06:52:47.774146842Z stdout F :INPUT ACCEPT [0:0]
2022-05-09T06:52:47.774149427Z stdout F :OUTPUT ACCEPT [0:0]
2022-05-09T06:52:47.774152499Z stdout F :POSTROUTING ACCEPT [0:0]
2022-05-09T06:52:47.774154982Z stdout F :ISTIO_INBOUND - [0:0]
2022-05-09T06:52:47.774157441Z stdout F :ISTIO_IN_REDIRECT - [0:0]
2022-05-09T06:52:47.774159889Z stdout F :ISTIO_OUTPUT - [0:0]
2022-05-09T06:52:47.774162363Z stdout F :ISTIO_REDIRECT - [0:0]
2022-05-09T06:52:47.774165845Z stdout F -A PREROUTING -p tcp -j ISTIO_INBOUND
2022-05-09T06:52:47.774168369Z stdout F -A OUTPUT -p tcp -j ISTIO_OUTPUT
2022-05-09T06:52:47.774170828Z stdout F -A ISTIO_INBOUND -p tcp -m tcp --dport 15008 -j RETURN
2022-05-09T06:52:47.774173302Z stdout F -A ISTIO_INBOUND -p tcp -m tcp --dport 15090 -j RETURN
2022-05-09T06:52:47.774175746Z stdout F -A ISTIO_INBOUND -p tcp -m tcp --dport 15021 -j RETURN
2022-05-09T06:52:47.774178205Z stdout F -A ISTIO_INBOUND -p tcp -m tcp --dport 15020 -j RETURN
2022-05-09T06:52:47.774180644Z stdout F -A ISTIO_INBOUND -p tcp -j ISTIO_IN_REDIRECT
2022-05-09T06:52:47.774183125Z stdout F -A ISTIO_IN_REDIRECT -p tcp -j REDIRECT --to-ports 15006
2022-05-09T06:52:47.774185544Z stdout F -A ISTIO_OUTPUT -s 127.0.0.6/32 -o lo -j RETURN
2022-05-09T06:52:47.774188458Z stdout F -A ISTIO_OUTPUT ! -d 127.0.0.1/32 -o lo -m owner --uid-owner 1337 -j ISTIO_IN_REDIRECT
2022-05-09T06:52:47.774191142Z stdout F -A ISTIO_OUTPUT -o lo -m owner ! --uid-owner 1337 -j RETURN
2022-05-09T06:52:47.774197216Z stdout F -A ISTIO_OUTPUT -m owner --uid-owner 1337 -j RETURN
2022-05-09T06:52:47.774199968Z stdout F -A ISTIO_OUTPUT ! -d 127.0.0.1/32 -o lo -m owner --gid-owner 1337 -j ISTIO_IN_REDIRECT
2022-05-09T06:52:47.774202479Z stdout F -A ISTIO_OUTPUT -o lo -m owner ! --gid-owner 1337 -j RETURN
2022-05-09T06:52:47.774204969Z stdout F -A ISTIO_OUTPUT -m owner --gid-owner 1337 -j RETURN
2022-05-09T06:52:47.774207427Z stdout F -A ISTIO_OUTPUT -d 127.0.0.1/32 -j RETURN
2022-05-09T06:52:47.774209888Z stdout F -A ISTIO_OUTPUT -j ISTIO_REDIRECT
2022-05-09T06:52:47.774212364Z stdout F -A ISTIO_REDIRECT -p tcp -j REDIRECT --to-ports 15001
2022-05-09T06:52:47.774215338Z stdout F COMMIT
2022-05-09T06:52:47.774217969Z stdout F # Completed on Mon May  9 06:52:47 2022
2022-05-09T06:52:47.774220379Z stdout F 
