2022-05-25T10:52:17.762171976Z stdout F 2022-05-25T10:52:17.759754Z	info	Istio iptables environment:
2022-05-25T10:52:17.762292705Z stdout F ENVOY_PORT=
2022-05-25T10:52:17.762303462Z stdout F INBOUND_CAPTURE_PORT=
2022-05-25T10:52:17.762309021Z stdout F ISTIO_INBOUND_INTERCEPTION_MODE=
2022-05-25T10:52:17.76231456Z stdout F ISTIO_INBOUND_TPROXY_ROUTE_TABLE=
2022-05-25T10:52:17.762319127Z stdout F ISTIO_INBOUND_PORTS=
2022-05-25T10:52:17.762323149Z stdout F ISTIO_OUTBOUND_PORTS=
2022-05-25T10:52:17.762330894Z stdout F ISTIO_LOCAL_EXCLUDE_PORTS=
2022-05-25T10:52:17.76233946Z stdout F ISTIO_EXCLUDE_INTERFACES=
2022-05-25T10:52:17.762344125Z stdout F ISTIO_SERVICE_CIDR=
2022-05-25T10:52:17.762352353Z stdout F ISTIO_SERVICE_EXCLUDE_CIDR=
2022-05-25T10:52:17.762366418Z stdout F ISTIO_META_DNS_CAPTURE=
2022-05-25T10:52:17.762399912Z stdout F INVALID_DROP=
2022-05-25T10:52:17.762406386Z stdout F 
2022-05-25T10:52:17.762410987Z stdout F 2022-05-25T10:52:17.759834Z	info	Istio iptables variables:
2022-05-25T10:52:17.762420389Z stdout F PROXY_PORT=15001
2022-05-25T10:52:17.762431962Z stdout F PROXY_INBOUND_CAPTURE_PORT=15006
2022-05-25T10:52:17.762440386Z stdout F PROXY_TUNNEL_PORT=15008
2022-05-25T10:52:17.762449785Z stdout F PROXY_UID=1337
2022-05-25T10:52:17.762454612Z stdout F PROXY_GID=1337
2022-05-25T10:52:17.762458478Z stdout F INBOUND_INTERCEPTION_MODE=REDIRECT
2022-05-25T10:52:17.762462225Z stdout F INBOUND_TPROXY_MARK=1337
2022-05-25T10:52:17.7624657Z stdout F INBOUND_TPROXY_ROUTE_TABLE=133
2022-05-25T10:52:17.762469329Z stdout F INBOUND_PORTS_INCLUDE=*
2022-05-25T10:52:17.76247314Z stdout F INBOUND_PORTS_EXCLUDE=15090,15021,15020
2022-05-25T10:52:17.762477251Z stdout F OUTBOUND_IP_RANGES_INCLUDE=*
2022-05-25T10:52:17.762481344Z stdout F OUTBOUND_IP_RANGES_EXCLUDE=
2022-05-25T10:52:17.762484973Z stdout F OUTBOUND_PORTS_INCLUDE=
2022-05-25T10:52:17.762488861Z stdout F OUTBOUND_PORTS_EXCLUDE=
2022-05-25T10:52:17.762492509Z stdout F KUBE_VIRT_INTERFACES=
2022-05-25T10:52:17.762496536Z stdout F ENABLE_INBOUND_IPV6=false
2022-05-25T10:52:17.762500811Z stdout F DNS_CAPTURE=false
2022-05-25T10:52:17.762505022Z stdout F DROP_INVALID=false
2022-05-25T10:52:17.762508836Z stdout F CAPTURE_ALL_DNS=false
2022-05-25T10:52:17.762512868Z stdout F DNS_SERVERS=[],[]
2022-05-25T10:52:17.762516981Z stdout F OUTPUT_PATH=
2022-05-25T10:52:17.762521157Z stdout F NETWORK_NAMESPACE=
2022-05-25T10:52:17.762525387Z stdout F CNI_MODE=false
2022-05-25T10:52:17.762529479Z stdout F EXCLUDE_INTERFACES=
2022-05-25T10:52:17.762533532Z stdout F 
2022-05-25T10:52:17.769807887Z stdout F 2022-05-25T10:52:17.768976Z	info	Writing following contents to rules file: /tmp/iptables-rules-1653475937759910243.txt3947305747
2022-05-25T10:52:17.769836146Z stdout F * nat
2022-05-25T10:52:17.769847332Z stdout F -N ISTIO_INBOUND
2022-05-25T10:52:17.769853642Z stdout F -N ISTIO_REDIRECT
2022-05-25T10:52:17.769858546Z stdout F -N ISTIO_IN_REDIRECT
2022-05-25T10:52:17.769863711Z stdout F -N ISTIO_OUTPUT
2022-05-25T10:52:17.76986917Z stdout F -A ISTIO_INBOUND -p tcp --dport 15008 -j RETURN
2022-05-25T10:52:17.769874792Z stdout F -A ISTIO_REDIRECT -p tcp -j REDIRECT --to-ports 15001
2022-05-25T10:52:17.769879726Z stdout F -A ISTIO_IN_REDIRECT -p tcp -j REDIRECT --to-ports 15006
2022-05-25T10:52:17.76988458Z stdout F -A PREROUTING -p tcp -j ISTIO_INBOUND
2022-05-25T10:52:17.769889321Z stdout F -A ISTIO_INBOUND -p tcp --dport 15090 -j RETURN
2022-05-25T10:52:17.76989423Z stdout F -A ISTIO_INBOUND -p tcp --dport 15021 -j RETURN
2022-05-25T10:52:17.769899022Z stdout F -A ISTIO_INBOUND -p tcp --dport 15020 -j RETURN
2022-05-25T10:52:17.769904102Z stdout F -A ISTIO_INBOUND -p tcp -j ISTIO_IN_REDIRECT
2022-05-25T10:52:17.769909412Z stdout F -A OUTPUT -p tcp -j ISTIO_OUTPUT
2022-05-25T10:52:17.769914248Z stdout F -A ISTIO_OUTPUT -o lo -s 127.0.0.6/32 -j RETURN
2022-05-25T10:52:17.769919694Z stdout F -A ISTIO_OUTPUT -o lo ! -d 127.0.0.1/32 -m owner --uid-owner 1337 -j ISTIO_IN_REDIRECT
2022-05-25T10:52:17.769924349Z stdout F -A ISTIO_OUTPUT -o lo -m owner ! --uid-owner 1337 -j RETURN
2022-05-25T10:52:17.769929241Z stdout F -A ISTIO_OUTPUT -m owner --uid-owner 1337 -j RETURN
2022-05-25T10:52:17.769945893Z stdout F -A ISTIO_OUTPUT -o lo ! -d 127.0.0.1/32 -m owner --gid-owner 1337 -j ISTIO_IN_REDIRECT
2022-05-25T10:52:17.769951377Z stdout F -A ISTIO_OUTPUT -o lo -m owner ! --gid-owner 1337 -j RETURN
2022-05-25T10:52:17.76995639Z stdout F -A ISTIO_OUTPUT -m owner --gid-owner 1337 -j RETURN
2022-05-25T10:52:17.769961266Z stdout F -A ISTIO_OUTPUT -d 127.0.0.1/32 -j RETURN
2022-05-25T10:52:17.769966025Z stdout F -A ISTIO_OUTPUT -j ISTIO_REDIRECT
2022-05-25T10:52:17.769970829Z stdout F COMMIT
2022-05-25T10:52:17.769976402Z stdout F 2022-05-25T10:52:17.769062Z	info	Running command: iptables-restore --noflush /tmp/iptables-rules-1653475937759910243.txt3947305747
2022-05-25T10:52:17.79615704Z stdout F 2022-05-25T10:52:17.795280Z	info	Writing following contents to rules file: /tmp/ip6tables-rules-1653475937795064633.txt3217960971
2022-05-25T10:52:17.796179729Z stdout F 
2022-05-25T10:52:17.796185536Z stdout F 2022-05-25T10:52:17.795339Z	info	Running command: ip6tables-restore --noflush /tmp/ip6tables-rules-1653475937795064633.txt3217960971
2022-05-25T10:52:17.85427556Z stdout F 2022-05-25T10:52:17.843591Z	info	Running command: iptables-save 
2022-05-25T10:52:17.873858422Z stdout F 2022-05-25T10:52:17.872043Z	info	Command output: 
2022-05-25T10:52:17.873894464Z stdout F # Generated by iptables-save v1.8.4 on Wed May 25 10:52:17 2022
2022-05-25T10:52:17.873901606Z stdout F *nat
2022-05-25T10:52:17.873907129Z stdout F :PREROUTING ACCEPT [0:0]
2022-05-25T10:52:17.873912129Z stdout F :INPUT ACCEPT [0:0]
2022-05-25T10:52:17.873916447Z stdout F :OUTPUT ACCEPT [0:0]
2022-05-25T10:52:17.873921135Z stdout F :POSTROUTING ACCEPT [0:0]
2022-05-25T10:52:17.873925581Z stdout F :ISTIO_INBOUND - [0:0]
2022-05-25T10:52:17.873930422Z stdout F :ISTIO_IN_REDIRECT - [0:0]
2022-05-25T10:52:17.873935602Z stdout F :ISTIO_OUTPUT - [0:0]
2022-05-25T10:52:17.873939824Z stdout F :ISTIO_REDIRECT - [0:0]
2022-05-25T10:52:17.873944569Z stdout F -A PREROUTING -p tcp -j ISTIO_INBOUND
2022-05-25T10:52:17.873948924Z stdout F -A OUTPUT -p tcp -j ISTIO_OUTPUT
2022-05-25T10:52:17.874025652Z stdout F -A ISTIO_INBOUND -p tcp -m tcp --dport 15008 -j RETURN
2022-05-25T10:52:17.874033039Z stdout F -A ISTIO_INBOUND -p tcp -m tcp --dport 15090 -j RETURN
2022-05-25T10:52:17.87403819Z stdout F -A ISTIO_INBOUND -p tcp -m tcp --dport 15021 -j RETURN
2022-05-25T10:52:17.874043162Z stdout F -A ISTIO_INBOUND -p tcp -m tcp --dport 15020 -j RETURN
2022-05-25T10:52:17.874048024Z stdout F -A ISTIO_INBOUND -p tcp -j ISTIO_IN_REDIRECT
2022-05-25T10:52:17.874052956Z stdout F -A ISTIO_IN_REDIRECT -p tcp -j REDIRECT --to-ports 15006
2022-05-25T10:52:17.874057479Z stdout F -A ISTIO_OUTPUT -s 127.0.0.6/32 -o lo -j RETURN
2022-05-25T10:52:17.874062923Z stdout F -A ISTIO_OUTPUT ! -d 127.0.0.1/32 -o lo -m owner --uid-owner 1337 -j ISTIO_IN_REDIRECT
2022-05-25T10:52:17.874067681Z stdout F -A ISTIO_OUTPUT -o lo -m owner ! --uid-owner 1337 -j RETURN
2022-05-25T10:52:17.874072153Z stdout F -A ISTIO_OUTPUT -m owner --uid-owner 1337 -j RETURN
2022-05-25T10:52:17.874076781Z stdout F -A ISTIO_OUTPUT ! -d 127.0.0.1/32 -o lo -m owner --gid-owner 1337 -j ISTIO_IN_REDIRECT
2022-05-25T10:52:17.874081566Z stdout F -A ISTIO_OUTPUT -o lo -m owner ! --gid-owner 1337 -j RETURN
2022-05-25T10:52:17.874085839Z stdout F -A ISTIO_OUTPUT -m owner --gid-owner 1337 -j RETURN
2022-05-25T10:52:17.874090547Z stdout F -A ISTIO_OUTPUT -d 127.0.0.1/32 -j RETURN
2022-05-25T10:52:17.874095574Z stdout F -A ISTIO_OUTPUT -j ISTIO_REDIRECT
2022-05-25T10:52:17.87410046Z stdout F -A ISTIO_REDIRECT -p tcp -j REDIRECT --to-ports 15001
2022-05-25T10:52:17.874105777Z stdout F COMMIT
2022-05-25T10:52:17.874110924Z stdout F # Completed on Wed May 25 10:52:17 2022
2022-05-25T10:52:17.874115306Z stdout F 
