2022-04-27T06:19:53.333304876Z stdout F 2022-04-27T06:19:53.322941Z	info	Istio iptables environment:
2022-04-27T06:19:53.333446363Z stdout F ENVOY_PORT=
2022-04-27T06:19:53.333557954Z stdout F INBOUND_CAPTURE_PORT=
2022-04-27T06:19:53.33358783Z stdout F ISTIO_INBOUND_INTERCEPTION_MODE=
2022-04-27T06:19:53.333628443Z stdout F ISTIO_INBOUND_TPROXY_ROUTE_TABLE=
2022-04-27T06:19:53.333653305Z stdout F ISTIO_INBOUND_PORTS=
2022-04-27T06:19:53.333668346Z stdout F ISTIO_OUTBOUND_PORTS=
2022-04-27T06:19:53.333680632Z stdout F ISTIO_LOCAL_EXCLUDE_PORTS=
2022-04-27T06:19:53.33456422Z stdout F ISTIO_EXCLUDE_INTERFACES=
2022-04-27T06:19:53.334623121Z stdout F ISTIO_SERVICE_CIDR=
2022-04-27T06:19:53.334660761Z stdout F ISTIO_SERVICE_EXCLUDE_CIDR=
2022-04-27T06:19:53.334678799Z stdout F ISTIO_META_DNS_CAPTURE=
2022-04-27T06:19:53.347530802Z stdout F INVALID_DROP=
2022-04-27T06:19:53.347715152Z stdout F 
2022-04-27T06:19:53.347757974Z stdout F 2022-04-27T06:19:53.323380Z	info	Istio iptables variables:
2022-04-27T06:19:53.34777761Z stdout F PROXY_PORT=15001
2022-04-27T06:19:53.347792811Z stdout F PROXY_INBOUND_CAPTURE_PORT=15006
2022-04-27T06:19:53.347816052Z stdout F PROXY_TUNNEL_PORT=15008
2022-04-27T06:19:53.34783784Z stdout F PROXY_UID=1337
2022-04-27T06:19:53.347862115Z stdout F PROXY_GID=1337
2022-04-27T06:19:53.347887125Z stdout F INBOUND_INTERCEPTION_MODE=REDIRECT
2022-04-27T06:19:53.3479025Z stdout F INBOUND_TPROXY_MARK=1337
2022-04-27T06:19:53.347916622Z stdout F INBOUND_TPROXY_ROUTE_TABLE=133
2022-04-27T06:19:53.348706071Z stdout F INBOUND_PORTS_INCLUDE=*
2022-04-27T06:19:53.348740737Z stdout F INBOUND_PORTS_EXCLUDE=15090,15021,15020
2022-04-27T06:19:53.348763254Z stdout F OUTBOUND_IP_RANGES_INCLUDE=*
2022-04-27T06:19:53.348796022Z stdout F OUTBOUND_IP_RANGES_EXCLUDE=
2022-04-27T06:19:53.348830475Z stdout F OUTBOUND_PORTS_INCLUDE=
2022-04-27T06:19:53.348848173Z stdout F OUTBOUND_PORTS_EXCLUDE=
2022-04-27T06:19:53.348860607Z stdout F KUBE_VIRT_INTERFACES=
2022-04-27T06:19:53.348872935Z stdout F ENABLE_INBOUND_IPV6=false
2022-04-27T06:19:53.348884731Z stdout F DNS_CAPTURE=false
2022-04-27T06:19:53.348904003Z stdout F DROP_INVALID=false
2022-04-27T06:19:53.348934708Z stdout F CAPTURE_ALL_DNS=false
2022-04-27T06:19:53.349056255Z stdout F DNS_SERVERS=[],[]
2022-04-27T06:19:53.349104873Z stdout F OUTPUT_PATH=
2022-04-27T06:19:53.349138455Z stdout F NETWORK_NAMESPACE=
2022-04-27T06:19:53.349159196Z stdout F CNI_MODE=false
2022-04-27T06:19:53.349173299Z stdout F EXCLUDE_INTERFACES=
2022-04-27T06:19:53.349186081Z stdout F 
2022-04-27T06:19:53.349452333Z stdout F 2022-04-27T06:19:53.324504Z	info	Writing following contents to rules file: /tmp/iptables-rules-1651040393323800203.txt2903915545
2022-04-27T06:19:53.349491953Z stdout F * nat
2022-04-27T06:19:53.349531863Z stdout F -N ISTIO_INBOUND
2022-04-27T06:19:53.349570097Z stdout F -N ISTIO_REDIRECT
2022-04-27T06:19:53.349609736Z stdout F -N ISTIO_IN_REDIRECT
2022-04-27T06:19:53.349629706Z stdout F -N ISTIO_OUTPUT
2022-04-27T06:19:53.34964269Z stdout F -A ISTIO_INBOUND -p tcp --dport 15008 -j RETURN
2022-04-27T06:19:53.34965491Z stdout F -A ISTIO_REDIRECT -p tcp -j REDIRECT --to-ports 15001
2022-04-27T06:19:53.349674925Z stdout F -A ISTIO_IN_REDIRECT -p tcp -j REDIRECT --to-ports 15006
2022-04-27T06:19:53.349697869Z stdout F -A PREROUTING -p tcp -j ISTIO_INBOUND
2022-04-27T06:19:53.349710901Z stdout F -A ISTIO_INBOUND -p tcp --dport 15090 -j RETURN
2022-04-27T06:19:53.349722777Z stdout F -A ISTIO_INBOUND -p tcp --dport 15021 -j RETURN
2022-04-27T06:19:53.349733848Z stdout F -A ISTIO_INBOUND -p tcp --dport 15020 -j RETURN
2022-04-27T06:19:53.349745616Z stdout F -A ISTIO_INBOUND -p tcp -j ISTIO_IN_REDIRECT
2022-04-27T06:19:53.349775911Z stdout F -A OUTPUT -p tcp -j ISTIO_OUTPUT
2022-04-27T06:19:53.349808566Z stdout F -A ISTIO_OUTPUT -o lo -s 127.0.0.6/32 -j RETURN
2022-04-27T06:19:53.349825188Z stdout F -A ISTIO_OUTPUT -o lo ! -d 127.0.0.1/32 -m owner --uid-owner 1337 -j ISTIO_IN_REDIRECT
2022-04-27T06:19:53.349838668Z stdout F -A ISTIO_OUTPUT -o lo -m owner ! --uid-owner 1337 -j RETURN
2022-04-27T06:19:53.349930072Z stdout F -A ISTIO_OUTPUT -m owner --uid-owner 1337 -j RETURN
2022-04-27T06:19:53.35032695Z stdout F -A ISTIO_OUTPUT -o lo ! -d 127.0.0.1/32 -m owner --gid-owner 1337 -j ISTIO_IN_REDIRECT
2022-04-27T06:19:53.35038304Z stdout F -A ISTIO_OUTPUT -o lo -m owner ! --gid-owner 1337 -j RETURN
2022-04-27T06:19:53.350400879Z stdout F -A ISTIO_OUTPUT -m owner --gid-owner 1337 -j RETURN
2022-04-27T06:19:53.350413649Z stdout F -A ISTIO_OUTPUT -d 127.0.0.1/32 -j RETURN
2022-04-27T06:19:53.350425646Z stdout F -A ISTIO_OUTPUT -j ISTIO_REDIRECT
2022-04-27T06:19:53.350438532Z stdout F COMMIT
2022-04-27T06:19:53.350451214Z stdout F 2022-04-27T06:19:53.324742Z	info	Running command: iptables-restore --noflush /tmp/iptables-rules-1651040393323800203.txt2903915545
2022-04-27T06:19:53.440915748Z stdout F 2022-04-27T06:19:53.438868Z	info	Writing following contents to rules file: /tmp/ip6tables-rules-1651040393437916016.txt2151827321
2022-04-27T06:19:53.441026367Z stdout F 
2022-04-27T06:19:53.441252784Z stdout F 2022-04-27T06:19:53.439306Z	info	Running command: ip6tables-restore --noflush /tmp/ip6tables-rules-1651040393437916016.txt2151827321
2022-04-27T06:19:53.482264314Z stdout F 2022-04-27T06:19:53.480809Z	info	Running command: iptables-save 
2022-04-27T06:19:53.570607395Z stdout F 2022-04-27T06:19:53.565261Z	info	Command output: 
2022-04-27T06:19:53.583358638Z stdout F # Generated by iptables-save v1.8.4 on Wed Apr 27 06:19:53 2022
2022-04-27T06:19:53.583609838Z stdout F *nat
2022-04-27T06:19:53.58364183Z stdout F :PREROUTING ACCEPT [0:0]
2022-04-27T06:19:53.58365694Z stdout F :INPUT ACCEPT [0:0]
2022-04-27T06:19:53.583669509Z stdout F :OUTPUT ACCEPT [0:0]
2022-04-27T06:19:53.583681771Z stdout F :POSTROUTING ACCEPT [0:0]
2022-04-27T06:19:53.583693084Z stdout F :ISTIO_INBOUND - [0:0]
2022-04-27T06:19:53.583703912Z stdout F :ISTIO_IN_REDIRECT - [0:0]
2022-04-27T06:19:53.583714972Z stdout F :ISTIO_OUTPUT - [0:0]
2022-04-27T06:19:53.583725781Z stdout F :ISTIO_REDIRECT - [0:0]
2022-04-27T06:19:53.583738124Z stdout F -A PREROUTING -p tcp -j ISTIO_INBOUND
2022-04-27T06:19:53.583749112Z stdout F -A OUTPUT -p tcp -j ISTIO_OUTPUT
2022-04-27T06:19:53.583760121Z stdout F -A ISTIO_INBOUND -p tcp -m tcp --dport 15008 -j RETURN
2022-04-27T06:19:53.583770617Z stdout F -A ISTIO_INBOUND -p tcp -m tcp --dport 15090 -j RETURN
2022-04-27T06:19:53.583781133Z stdout F -A ISTIO_INBOUND -p tcp -m tcp --dport 15021 -j RETURN
2022-04-27T06:19:53.583792359Z stdout F -A ISTIO_INBOUND -p tcp -m tcp --dport 15020 -j RETURN
2022-04-27T06:19:53.583803386Z stdout F -A ISTIO_INBOUND -p tcp -j ISTIO_IN_REDIRECT
2022-04-27T06:19:53.583816506Z stdout F -A ISTIO_IN_REDIRECT -p tcp -j REDIRECT --to-ports 15006
2022-04-27T06:19:53.583830467Z stdout F -A ISTIO_OUTPUT -s 127.0.0.6/32 -o lo -j RETURN
2022-04-27T06:19:53.583845664Z stdout F -A ISTIO_OUTPUT ! -d 127.0.0.1/32 -o lo -m owner --uid-owner 1337 -j ISTIO_IN_REDIRECT
2022-04-27T06:19:53.583897943Z stdout F -A ISTIO_OUTPUT -o lo -m owner ! --uid-owner 1337 -j RETURN
2022-04-27T06:19:53.583914052Z stdout F -A ISTIO_OUTPUT -m owner --uid-owner 1337 -j RETURN
2022-04-27T06:19:53.583925526Z stdout F -A ISTIO_OUTPUT ! -d 127.0.0.1/32 -o lo -m owner --gid-owner 1337 -j ISTIO_IN_REDIRECT
2022-04-27T06:19:53.583936571Z stdout F -A ISTIO_OUTPUT -o lo -m owner ! --gid-owner 1337 -j RETURN
2022-04-27T06:19:53.583947464Z stdout F -A ISTIO_OUTPUT -m owner --gid-owner 1337 -j RETURN
2022-04-27T06:19:53.583957949Z stdout F -A ISTIO_OUTPUT -d 127.0.0.1/32 -j RETURN
2022-04-27T06:19:53.583968527Z stdout F -A ISTIO_OUTPUT -j ISTIO_REDIRECT
2022-04-27T06:19:53.583978994Z stdout F -A ISTIO_REDIRECT -p tcp -j REDIRECT --to-ports 15001
2022-04-27T06:19:53.583990977Z stdout F COMMIT
2022-04-27T06:19:53.584001753Z stdout F # Completed on Wed Apr 27 06:19:53 2022
2022-04-27T06:19:53.584012127Z stdout F 
